0.20656000007875264	EXP	Created Window = Window( name=Window, fullscr=true, color=#000000, units=height, waitBlanking=true, autoLog=true, size=[1861,949] )
4.033415000070818	EXP	Created text = TextStim( name=text, win=Window( name=Window, fullscr=true, color=#000000, ~), autoDraw=null, autoLog=true, units=height, ori=null, opacity=1, pos=[0,0], size=undefined, text=INSTRUCTIONS [EN]


A counter will appear and star~, font=Arial, color=#FFFFFF, contrast=1, height=0.03, bold=null, italic=null, alignHoriz=left, alignVert=center, wrapWidth=1, flipHoriz=null, flipVert=null )
4.034295000019483	EXP	Created text_3 = TextStim( name=text_3, win=Window( name=Window, fullscr=true, color=#000000, ~), autoDraw=null, autoLog=true, units=height, ori=null, opacity=1, pos=[0,0], size=undefined, text=null, font=Arial, color=#FFFFFF, contrast=1, height=0.1, bold=null, italic=null, alignHoriz=left, alignVert=center, wrapWidth=1, flipHoriz=null, flipVert=null )
4.034854999976233	EXP	Created text_2 = TextStim( name=text_2, win=Window( name=Window, fullscr=true, color=#000000, ~), autoDraw=null, autoLog=true, units=height, ori=null, opacity=1, pos=[0,0], size=undefined, text=default text, font=Arial, color=#ff0000, contrast=1, height=0.15, bold=null, italic=null, alignHoriz=left, alignVert=center, wrapWidth=1, flipHoriz=null, flipVert=null )
4.035385000053793	EXP	Created Feedback = TextStim( name=Feedback, win=Window( name=Window, fullscr=true, color=#000000, ~), autoDraw=null, autoLog=true, units=height, ori=null, opacity=1, pos=[0,0], size=undefined, text=default text, font=Arial, color=#ff0000, contrast=1, height=0.15, bold=null, italic=null, alignHoriz=left, alignVert=center, wrapWidth=1, flipHoriz=null, flipVert=null )
4.035825000028126	EXP	Created End_text = TextStim( name=End_text, win=Window( name=Window, fullscr=true, color=#000000, ~), autoDraw=null, autoLog=true, units=height, ori=null, opacity=1, pos=[0,0], size=undefined, text=This study aimed to look at procedural learning, i~, font=Arial, color=#FFFFFF, contrast=1, height=0.025, bold=null, italic=null, alignHoriz=left, alignVert=center, wrapWidth=1, flipHoriz=null, flipVert=null )
4.063420000020415	EXP	text: units = "height"
4.063420000020415	EXP	text: ori = 0
4.063420000020415	EXP	text: opacity = 1
4.063420000020415	EXP	text: pos = [0,0]
4.063420000020415	EXP	text: size = undefined
4.063420000020415	EXP	text: text = "INSTRUCTIONS [EN]\n\n\nA counter will appear and start counting at random times, press SPACE as fast as possible when it appears.\n\n\nPress SPACE to start\n\n-------\n\nInstruções [PT]\n\n\nUm cronómetro vai aparecer e começar a contar aleatoriamente, pressione a tecla SPACE assim que ele aparecer.\n\n\nPressiona SPACE para começar."
4.063420000020415	EXP	text: font = "Arial"
4.063420000020415	EXP	text: color = {"_hex":"#FFFFFF","_rgb":[1,1,1]}
4.063420000020415	EXP	text: contrast = 1
4.063420000020415	EXP	text: height = 0.03
4.063420000020415	EXP	text: bold = false
4.063420000020415	EXP	text: italic = false
4.063420000020415	EXP	text: alignHoriz = "left"
4.063420000020415	EXP	text: alignVert = "center"
4.063420000020415	EXP	text: wrapWidth = 1
4.063420000020415	EXP	text: flipHoriz = false
4.063420000020415	EXP	text: flipVert = false
4.063420000020415	EXP	text_3: units = "height"
4.063420000020415	EXP	text_3: ori = 0
4.063420000020415	EXP	text_3: opacity = 1
4.063420000020415	EXP	text_3: pos = [0,0]
4.063420000020415	EXP	text_3: size = undefined
4.063420000020415	EXP	text_3: text = ""
4.063420000020415	EXP	text_3: font = "Arial"
4.063420000020415	EXP	text_3: color = {"_hex":"#FFFFFF","_rgb":[1,1,1]}
4.063420000020415	EXP	text_3: contrast = 1
4.063420000020415	EXP	text_3: height = 0.1
4.063420000020415	EXP	text_3: bold = false
4.063420000020415	EXP	text_3: italic = false
4.063420000020415	EXP	text_3: alignHoriz = "left"
4.063420000020415	EXP	text_3: alignVert = "center"
4.063420000020415	EXP	text_3: wrapWidth = 1
4.063420000020415	EXP	text_3: flipHoriz = false
4.063420000020415	EXP	text_3: flipVert = false
4.063420000020415	EXP	text_2: units = "height"
4.063420000020415	EXP	text_2: ori = 0
4.063420000020415	EXP	text_2: opacity = 1
4.063420000020415	EXP	text_2: pos = [0,0]
4.063420000020415	EXP	text_2: size = undefined
4.063420000020415	EXP	text_2: text = "default text"
4.063420000020415	EXP	text_2: font = "Arial"
4.063420000020415	EXP	text_2: color = {"_rgb":[1,0,0]}
4.063420000020415	EXP	text_2: contrast = 1
4.063420000020415	EXP	text_2: height = 0.15
4.063420000020415	EXP	text_2: bold = false
4.063420000020415	EXP	text_2: italic = false
4.063420000020415	EXP	text_2: alignHoriz = "left"
4.063420000020415	EXP	text_2: alignVert = "center"
4.063420000020415	EXP	text_2: wrapWidth = 1
4.063420000020415	EXP	text_2: flipHoriz = false
4.063420000020415	EXP	text_2: flipVert = false
4.063420000020415	EXP	Feedback: units = "height"
4.063420000020415	EXP	Feedback: ori = 0
4.063420000020415	EXP	Feedback: opacity = 1
4.063420000020415	EXP	Feedback: pos = [0,0]
4.063420000020415	EXP	Feedback: size = undefined
4.063420000020415	EXP	Feedback: text = "default text"
4.063420000020415	EXP	Feedback: font = "Arial"
4.063420000020415	EXP	Feedback: color = {"_rgb":[1,0,0]}
4.063420000020415	EXP	Feedback: contrast = 1
4.063420000020415	EXP	Feedback: height = 0.15
4.063420000020415	EXP	Feedback: bold = false
4.063420000020415	EXP	Feedback: italic = false
4.063420000020415	EXP	Feedback: alignHoriz = "left"
4.063420000020415	EXP	Feedback: alignVert = "center"
4.063420000020415	EXP	Feedback: wrapWidth = 1
4.063420000020415	EXP	Feedback: flipHoriz = false
4.063420000020415	EXP	Feedback: flipVert = false
4.063420000020415	EXP	End_text: units = "height"
4.063420000020415	EXP	End_text: ori = 0
4.063420000020415	EXP	End_text: opacity = 1
4.063420000020415	EXP	End_text: pos = [0,0]
4.063420000020415	EXP	End_text: size = undefined
4.063420000020415	EXP	End_text: text = "This study aimed to look at procedural learning, i.e. our ability to extract patterns from the input that we are constantly receiving. This skill is thought to be essential for language and literacy acquisition and has been suggested as a possible underlying difficult in children with Language Impairments and Dyslexia. This study aims to improve the measures of procedural learning (the smiley face task) so that we can measure procedural learning more reliably and, in the future, analyse the performance of individuals with learning impairments.\nThank you for participating!\n\n----\n\nEste estudo tem como objectivo analisar a nossa capacidade de extrair padrões da informação que estamos constantemente a receber. Pensa-se que esta competência é essencial para a aquisição da linguagem e literacia e foi sugerido que dificuldades neste tipo de competências poderá estar relacionado com perturbações da linguagem e Dislexia. Este estudo tem como objectivo melhorar a estabilidade das medidas usadas para medir este tipo de memória (a tarefa da cara sorridente) de forma a poder medir de forma mais precisa e, no futuro, analisar a performance de indivíduos com perturbações da aprendizagem. \nMuito obrigada por ter participado!"
4.063420000020415	EXP	End_text: font = "Arial"
4.063420000020415	EXP	End_text: color = {"_hex":"#FFFFFF","_rgb":[1,1,1]}
4.063420000020415	EXP	End_text: contrast = 1
4.063420000020415	EXP	End_text: height = 0.025
4.063420000020415	EXP	End_text: bold = false
4.063420000020415	EXP	End_text: italic = false
4.063420000020415	EXP	End_text: alignHoriz = "left"
4.063420000020415	EXP	End_text: alignVert = "center"
4.063420000020415	EXP	End_text: wrapWidth = 1
4.063420000020415	EXP	End_text: flipHoriz = false
4.063420000020415	EXP	End_text: flipVert = false
4.063420000020415	EXP	text: autoDraw = true
5.256799999973737	DATA	Keydown:  
5.292075000004843	EXP	text: autoDraw = false
5.292075000004843	EXP	text_3: autoDraw = true
9.57613499998115	DATA	Keydown: z
9.816910000052303	DATA	Keydown: x
11.026115000015125	DATA	Keydown: F12
13.269450000021607	EXP	text_3: autoDraw = false
13.269450000021607	EXP	text_3: autoDraw = false
13.269450000021607	EXP	text_2: autoDraw = true
13.269450000021607	EXP	text_2: text = 0
13.291290000081062	EXP	text_2: text = 49
13.306990000070073	EXP	text_2: text = 66
13.324245000025257	EXP	text_2: text = 83
13.340444999979809	EXP	text_2: text = 99
13.357435000012629	EXP	text_2: text = 116
13.374200000078417	EXP	text_2: text = 133
13.391055000014603	EXP	text_2: text = 149
13.407535000005737	EXP	text_2: text = 166
13.424155000015162	EXP	text_2: text = 183
13.440635000006296	EXP	text_2: text = 199
13.457325000083074	EXP	text_2: text = 216
13.474080000072718	EXP	text_2: text = 233
13.490835000062361	EXP	text_2: text = 249
13.507285000057891	EXP	text_2: text = 266
13.523535000043921	EXP	text_2: text = 283
13.540750000043772	EXP	text_2: text = 299
13.557400000048801	EXP	text_2: text = 316
13.573940000031143	EXP	text_2: text = 333
13.590844999998808	EXP	text_2: text = 349
13.607475000084378	EXP	text_2: text = 366
13.62410000001546	EXP	text_2: text = 383
13.646580000058748	EXP	text_2: text = 405
13.656895000021905	EXP	text_2: text = 416
13.67406500002835	EXP	text_2: text = 433
13.690760000026785	EXP	text_2: text = 449
13.707225000020117	EXP	text_2: text = 466
13.72418999997899	EXP	text_2: text = 483
13.740925000049174	EXP	text_2: text = 499
13.757365000084974	EXP	text_2: text = 516
13.77413500007242	EXP	text_2: text = 533
13.79073500004597	EXP	text_2: text = 549
13.807415000046603	EXP	text_2: text = 566
13.824024999979883	EXP	text_2: text = 583
13.84023500001058	EXP	text_2: text = 599
13.857414999976754	EXP	text_2: text = 616
13.873980000033043	EXP	text_2: text = 633
13.890714999986812	EXP	text_2: text = 649
13.907430000021122	EXP	text_2: text = 666
13.927600000053644	EXP	text_2: text = 686
13.940915000042878	EXP	text_2: text = 699
13.957509999978356	EXP	text_2: text = 716
13.974174999981187	EXP	text_2: text = 733
13.99068500008434	EXP	text_2: text = 749
14.007425000076182	EXP	text_2: text = 766
14.023805000004359	EXP	text_2: text = 783
14.04072500008624	EXP	text_2: text = 799
14.057374999974854	EXP	text_2: text = 816
14.074039999977686	EXP	text_2: text = 833
14.090715000056662	EXP	text_2: text = 849
14.107410000055097	EXP	text_2: text = 866
14.12409000005573	EXP	text_2: text = 883
14.140695000067353	EXP	text_2: text = 899
14.157435000059195	EXP	text_2: text = 916
14.174085000064224	EXP	text_2: text = 933
14.190765000064857	EXP	text_2: text = 949
14.207520000054501	EXP	text_2: text = 966
14.224110000068322	EXP	text_2: text = 983
14.240865000057966	EXP	text_2: text = 999
14.256999999983236	EXP	text_2: text = 1016
14.274154999991879	EXP	text_2: text = 1033
14.290980000048876	EXP	text_2: text = 1049
14.307465000078082	EXP	text_2: text = 1066
14.324090000009164	EXP	text_2: text = 1083
14.341789999976754	EXP	text_2: text = 1100
14.357685000053607	EXP	text_2: text = 1116
14.37402500002645	EXP	text_2: text = 1133
14.390680000069551	EXP	text_2: text = 1149
14.407469999976456	EXP	text_2: text = 1166
14.424100000062026	EXP	text_2: text = 1183
14.440760000026785	EXP	text_2: text = 1199
14.45745500002522	EXP	text_2: text = 1216
14.474185000057332	EXP	text_2: text = 1233
14.491050000069663	EXP	text_2: text = 1249
14.50803500006441	EXP	text_2: text = 1266
14.52401000005193	EXP	text_2: text = 1283
14.540765000041574	EXP	text_2: text = 1299
14.557559999986552	EXP	text_2: text = 1316
14.559205000055954	DATA	Keydown:  
14.576460000011139	EXP	text_2: text = 1333
14.576460000011139	EXP	text_2: autoDraw = false
14.576460000011139	EXP	Feedback: text = 1290
14.576460000011139	EXP	Feedback: autoDraw = true
15.578300000051968	EXP	Feedback: autoDraw = false
15.578300000051968	EXP	Feedback: autoDraw = false
15.578300000051968	EXP	text_3: autoDraw = true
19.11068000004161	EXP	text_3: autoDraw = false
19.11068000004161	EXP	text_3: autoDraw = false
19.11068000004161	EXP	text_2: autoDraw = true
19.11068000004161	EXP	text_2: text = 0
19.124004999990575	EXP	text_2: text = 16
19.140720000024885	EXP	text_2: text = 33
19.15760500007309	EXP	text_2: text = 50
19.17414000001736	EXP	text_2: text = 66
19.190859999973327	EXP	text_2: text = 83
19.207625000039116	EXP	text_2: text = 100
19.224280000082217	EXP	text_2: text = 116
19.241275000036694	EXP	text_2: text = 133
19.25783500005491	EXP	text_2: text = 150
19.274465000024065	EXP	text_2: text = 166
19.29121000005398	EXP	text_2: text = 183
19.30783499998506	EXP	text_2: text = 200
19.32445000007283	EXP	text_2: text = 216
19.341095000039786	EXP	text_2: text = 233
19.357745000044815	EXP	text_2: text = 250
19.37443000008352	EXP	text_2: text = 266
19.3910400000168	EXP	text_2: text = 283
19.407695000059903	EXP	text_2: text = 300
19.424225000082515	EXP	text_2: text = 316
19.440969999996014	EXP	text_2: text = 333
19.457775000017136	EXP	text_2: text = 350
19.467115000006743	DATA	Keydown:  
19.47623500006739	EXP	text_2: text = 366
19.47623500006739	EXP	text_2: autoDraw = false
19.47623500006739	EXP	Feedback: text = 358
19.47623500006739	EXP	Feedback: autoDraw = true
20.47576499998104	EXP	Feedback: autoDraw = false
20.47576499998104	EXP	Feedback: autoDraw = false
20.47576499998104	EXP	text_3: autoDraw = true
25.94258999999147	EXP	text_3: autoDraw = false
25.94258999999147	EXP	text_3: autoDraw = false
25.94258999999147	EXP	text_2: autoDraw = true
25.94258999999147	EXP	text_2: text = 0
25.957850000006147	EXP	text_2: text = 17
25.974769999971613	EXP	text_2: text = 33
25.990240000071935	EXP	text_2: text = 50
26.008125000051223	EXP	text_2: text = 67
26.024659999995492	EXP	text_2: text = 83
26.041120000067167	EXP	text_2: text = 100
26.058320000069216	EXP	text_2: text = 117
26.074729999992996	EXP	text_2: text = 133
26.09137500007637	EXP	text_2: text = 150
26.108110000030138	EXP	text_2: text = 167
26.124115000013262	EXP	text_2: text = 183
26.141234999988228	EXP	text_2: text = 200
26.15804000000935	EXP	text_2: text = 217
26.1746249999851	EXP	text_2: text = 233
26.177615000051446	DATA	Keydown:  
26.193094999995083	EXP	text_2: text = 250
26.193094999995083	EXP	text_2: autoDraw = false
26.193094999995083	EXP	Feedback: text = 235
26.193094999995083	EXP	Feedback: autoDraw = true
27.19203000003472	EXP	Feedback: autoDraw = false
27.19203000003472	EXP	Feedback: autoDraw = false
27.19203000003472	EXP	text_3: autoDraw = true
32.05999500001781	EXP	text_3: autoDraw = false
32.05999500001781	EXP	text_3: autoDraw = false
32.05999500001781	EXP	text_2: autoDraw = true
32.05999500001781	EXP	text_2: text = 0
32.07486000005156	EXP	text_2: text = 17
32.09085500007495	EXP	text_2: text = 33
32.108095000032336	EXP	text_2: text = 50
32.124745000037365	EXP	text_2: text = 67
32.141419999999925	EXP	text_2: text = 83
32.15808500000276	EXP	text_2: text = 100
32.17498999997042	EXP	text_2: text = 117
32.19137000001501	EXP	text_2: text = 133
32.20804000005592	EXP	text_2: text = 150
32.224775000009686	EXP	text_2: text = 167
32.24138999998104	EXP	text_2: text = 183
32.258065000060014	EXP	text_2: text = 200
32.274940000032075	EXP	text_2: text = 217
32.29142000002321	EXP	text_2: text = 233
32.308055000030436	EXP	text_2: text = 250
32.32495000003837	EXP	text_2: text = 267
32.34143500006758	EXP	text_2: text = 283
32.357904999982566	EXP	text_2: text = 300
32.359460000065155	DATA	Keydown:  
32.37655500008259	EXP	text_2: text = 317
32.37655500008259	EXP	text_2: autoDraw = false
32.37655500008259	EXP	Feedback: text = 300
32.37655500008259	EXP	Feedback: autoDraw = true
33.37485000002198	EXP	Feedback: autoDraw = false
33.37485000002198	EXP	Feedback: autoDraw = false
33.37485000002198	EXP	text_3: autoDraw = true
38.860175000038	EXP	text_3: autoDraw = false
38.860175000038	EXP	text_3: autoDraw = false
38.860175000038	EXP	text_2: autoDraw = true
38.860175000038	EXP	text_2: text = 0
38.875	EXP	text_2: text = 17
38.89176500006579	EXP	text_2: text = 33
38.908475000062026	EXP	text_2: text = 50
38.92518999997992	EXP	text_2: text = 67
38.941185000003316	EXP	text_2: text = 83
38.95847499999218	EXP	text_2: text = 100
38.97491500002798	EXP	text_2: text = 117
38.99178000004031	EXP	text_2: text = 133
39.00823999999557	EXP	text_2: text = 150
39.0249049999984	EXP	text_2: text = 167
39.04159999999683	EXP	text_2: text = 183
39.05824000004213	EXP	text_2: text = 200
39.07484000001568	EXP	text_2: text = 217
39.091630000039004	EXP	text_2: text = 233
39.10866999998689	EXP	text_2: text = 250
39.11003500001971	DATA	Keydown:  
39.126204999978654	EXP	text_2: text = 267
39.126204999978654	EXP	text_2: autoDraw = false
39.126204999978654	EXP	Feedback: text = 250
39.126204999978654	EXP	Feedback: autoDraw = true
40.125570000032894	EXP	Feedback: autoDraw = false
40.125570000032894	EXP	Feedback: autoDraw = false
40.125570000032894	EXP	text_3: autoDraw = true
48.91047000000253	EXP	text_3: autoDraw = false
48.91047000000253	EXP	text_3: autoDraw = false
48.91047000000253	EXP	text_2: autoDraw = true
48.91047000000253	EXP	text_2: text = 0
48.924669999978505	EXP	text_2: text = 17
48.942135000019334	EXP	text_2: text = 33
48.95839500008151	EXP	text_2: text = 50
48.975450000027195	EXP	text_2: text = 66
48.99200500000734	EXP	text_2: text = 83
49.00851000007242	EXP	text_2: text = 100
49.02537000004668	EXP	text_2: text = 117
49.04197000002023	EXP	text_2: text = 133
49.05872500000987	EXP	text_2: text = 150
49.07532499998342	EXP	text_2: text = 167
49.09182500001043	EXP	text_2: text = 183
49.108710000058636	EXP	text_2: text = 200
49.12528999999631	EXP	text_2: text = 217
49.14187499997206	EXP	text_2: text = 233
49.15870000002906	EXP	text_2: text = 250
49.17532000003848	EXP	text_2: text = 267
49.191925000050105	EXP	text_2: text = 283
49.20863000000827	EXP	text_2: text = 300
49.22472499997821	EXP	text_2: text = 317
49.241924999980256	EXP	text_2: text = 333
49.25868500000797	EXP	text_2: text = 350
49.27546500007156	EXP	text_2: text = 367
49.287349999998696	DATA	Keydown:  
49.29382000002079	EXP	text_2: text = 383
49.29382000002079	EXP	text_2: autoDraw = false
49.29382000002079	EXP	Feedback: text = 377
49.29382000002079	EXP	Feedback: autoDraw = true
50.29169500002172	EXP	Feedback: autoDraw = false
50.29169500002172	EXP	Feedback: autoDraw = false
50.29169500002172	EXP	text_3: autoDraw = true
54.84338500001468	EXP	text_3: autoDraw = false
54.84338500001468	EXP	text_3: autoDraw = false
54.84338500001468	EXP	text_2: autoDraw = true
54.84338500001468	EXP	text_2: text = 0
54.8589899999788	EXP	text_2: text = 17
54.87569999997504	EXP	text_2: text = 33
54.89233499998227	EXP	text_2: text = 50
54.908950000070035	EXP	text_2: text = 67
54.925560000003316	EXP	text_2: text = 83
54.94326500000898	EXP	text_2: text = 100
54.95891000004485	EXP	text_2: text = 117
54.97548500006087	EXP	text_2: text = 133
54.992315000039525	EXP	text_2: text = 150
55.008715000003576	EXP	text_2: text = 167
55.025439999997616	EXP	text_2: text = 183
55.04208500008099	EXP	text_2: text = 200
55.05882999999449	EXP	text_2: text = 217
55.0755450000288	EXP	text_2: text = 233
55.07805999997072	DATA	Keydown:  
55.094045000034384	EXP	text_2: text = 250
55.094045000034384	EXP	text_2: autoDraw = false
55.094045000034384	EXP	Feedback: text = 235
55.094045000034384	EXP	Feedback: autoDraw = true
56.092320000054315	EXP	Feedback: autoDraw = false
56.092320000054315	EXP	Feedback: autoDraw = false
56.092320000054315	EXP	text_3: autoDraw = true
58.610145000042394	EXP	text_3: autoDraw = false
58.610145000042394	EXP	text_3: autoDraw = false
58.610145000042394	EXP	text_2: autoDraw = true
58.610145000042394	EXP	text_2: text = 0
58.62546000001021	EXP	text_2: text = 17
58.642310000024736	EXP	text_2: text = 33
58.658875000081025	EXP	text_2: text = 50
58.67553000000771	EXP	text_2: text = 67
58.69225500000175	EXP	text_2: text = 83
58.708990000071935	EXP	text_2: text = 100
58.7254950000206	EXP	text_2: text = 117
58.742165000061505	EXP	text_2: text = 133
58.75839500001166	EXP	text_2: text = 150
58.7755350000225	EXP	text_2: text = 167
58.79214999999385	EXP	text_2: text = 183
58.80877500004135	EXP	text_2: text = 200
58.8255450000288	EXP	text_2: text = 217
58.84216500003822	EXP	text_2: text = 233
58.85890500003006	EXP	text_2: text = 250
58.8756000000285	EXP	text_2: text = 267
58.89217500004452	EXP	text_2: text = 283
58.908835000009276	EXP	text_2: text = 300
58.92558500007726	EXP	text_2: text = 317
58.93700500007253	DATA	Keydown:  
58.94564499997068	EXP	text_2: text = 333
58.94564499997068	EXP	text_2: autoDraw = false
58.94564499997068	EXP	Feedback: text = 327
58.94564499997068	EXP	Feedback: autoDraw = true
59.942000000039116	EXP	Feedback: autoDraw = false
59.942000000039116	EXP	Feedback: autoDraw = false
59.942000000039116	EXP	text_3: autoDraw = true
65.87707000004593	EXP	text_3: autoDraw = false
65.87707000004593	EXP	text_3: autoDraw = false
65.87707000004593	EXP	text_2: autoDraw = true
65.87707000004593	EXP	text_2: text = 0
65.89282000006642	EXP	text_2: text = 17
65.90942000003997	EXP	text_2: text = 33
65.92606500000693	EXP	text_2: text = 50
65.94277500000317	EXP	text_2: text = 67
65.95941500004847	EXP	text_2: text = 83
65.97602000006009	EXP	text_2: text = 100
65.99268500006292	EXP	text_2: text = 117
66.00921000004746	EXP	text_2: text = 133
66.0259500000393	EXP	text_2: text = 150
66.04271000006702	EXP	text_2: text = 167
66.05920999997761	EXP	text_2: text = 183
66.07589500001632	EXP	text_2: text = 200
66.09253500006162	EXP	text_2: text = 217
66.10925500001758	EXP	text_2: text = 233
66.1257850000402	EXP	text_2: text = 250
66.12746500002686	DATA	Keydown:  
66.14433000003919	EXP	text_2: text = 267
66.14433000003919	EXP	text_2: autoDraw = false
66.14433000003919	EXP	Feedback: text = 251
66.14433000003919	EXP	Feedback: autoDraw = true
67.14281500002835	EXP	Feedback: autoDraw = false
67.14281500002835	EXP	Feedback: autoDraw = false
67.14281500002835	EXP	text_3: autoDraw = true
72.36190000001807	EXP	text_3: autoDraw = false
72.36190000001807	EXP	text_3: autoDraw = false
72.36190000001807	EXP	text_2: autoDraw = true
72.36190000001807	EXP	text_2: text = 0
72.37664000003133	EXP	text_2: text = 17
72.39221499999985	EXP	text_2: text = 33
72.40945500007365	EXP	text_2: text = 50
72.42629500001203	EXP	text_2: text = 67
72.44288500002585	EXP	text_2: text = 83
72.45969500008505	EXP	text_2: text = 100
72.47625000006519	EXP	text_2: text = 117
72.49310500000138	EXP	text_2: text = 133
72.5094500000123	EXP	text_2: text = 150
72.52608500001952	EXP	text_2: text = 167
72.54280499997549	EXP	text_2: text = 183
72.55940000002738	EXP	text_2: text = 200
72.57675000000745	EXP	text_2: text = 217
72.59291000000667	EXP	text_2: text = 233
72.60943499999121	EXP	text_2: text = 250
72.62613500002772	EXP	text_2: text = 267
72.62771500006784	DATA	Keydown:  
72.6426850000862	EXP	text_2: text = 283
72.6426850000862	EXP	text_2: autoDraw = false
72.6426850000862	EXP	Feedback: text = 266
72.6426850000862	EXP	Feedback: autoDraw = true
73.64292500005104	EXP	Feedback: autoDraw = false
73.64292500005104	EXP	Feedback: autoDraw = false
73.64292500005104	EXP	text_3: autoDraw = true
80.84405499999411	EXP	text_3: autoDraw = false
80.84405499999411	EXP	text_3: autoDraw = false
80.84405499999411	EXP	text_2: autoDraw = true
80.84405499999411	EXP	text_2: text = 0
80.85967000003438	EXP	text_2: text = 17
80.87620499997865	EXP	text_2: text = 33
80.89285000006203	EXP	text_2: text = 50
80.9096600000048	EXP	text_2: text = 67
80.92636000004131	EXP	text_2: text = 83
80.94289499998558	EXP	text_2: text = 100
80.95920500007924	EXP	text_2: text = 117
80.97624500002712	EXP	text_2: text = 133
80.99287499999627	EXP	text_2: text = 150
81.00955499999691	EXP	text_2: text = 167
81.02620500000194	EXP	text_2: text = 183
81.04292999999598	EXP	text_2: text = 200
81.05954500008374	EXP	text_2: text = 217
81.07620999997016	EXP	text_2: text = 233
81.08819500007667	DATA	Keydown:  
81.09403500007465	EXP	text_2: text = 250
81.09403500007465	EXP	text_2: autoDraw = false
81.09403500007465	EXP	Feedback: text = 244
81.09403500007465	EXP	Feedback: autoDraw = true
82.09440000005998	EXP	Feedback: autoDraw = false
82.09440000005998	EXP	Feedback: autoDraw = false
82.09440000005998	EXP	text_3: autoDraw = true
87.96141500002705	EXP	text_3: autoDraw = false
87.96141500002705	EXP	text_3: autoDraw = false
87.96141500002705	EXP	text_2: autoDraw = true
87.96141500002705	EXP	text_2: text = 0
87.97730999998748	EXP	text_2: text = 17
87.99398999998812	EXP	text_2: text = 33
88.01071499998216	EXP	text_2: text = 50
88.02746000001207	EXP	text_2: text = 67
88.04406500002369	EXP	text_2: text = 83
88.06070999999065	EXP	text_2: text = 100
88.07729000004474	EXP	text_2: text = 117
88.09403500007465	EXP	text_2: text = 133
88.11071000003722	EXP	text_2: text = 150
88.12737000000197	EXP	text_2: text = 167
88.14409499999601	EXP	text_2: text = 183
88.16078000003472	EXP	text_2: text = 200
88.17742000008002	EXP	text_2: text = 217
88.19388000003528	EXP	text_2: text = 233
88.21071999997366	EXP	text_2: text = 250
88.2276299999794	EXP	text_2: text = 267
88.22912000003271	DATA	Keydown:  
88.24698499997612	EXP	text_2: text = 283
88.24698499997612	EXP	text_2: autoDraw = false
88.24698499997612	EXP	Feedback: text = 268
88.24698499997612	EXP	Feedback: autoDraw = true
89.24603500007652	EXP	Feedback: autoDraw = false
89.24603500007652	EXP	Feedback: autoDraw = false
89.24603500007652	EXP	text_3: autoDraw = true
93.04460000002291	EXP	text_3: autoDraw = false
93.04460000002291	EXP	text_3: autoDraw = false
93.04460000002291	EXP	text_2: autoDraw = true
93.04460000002291	EXP	text_2: text = 0
93.0603650000412	EXP	text_2: text = 17
93.07703000004403	EXP	text_2: text = 33
93.09355500002857	EXP	text_2: text = 50
93.11028500006068	EXP	text_2: text = 67
93.12697500002105	EXP	text_2: text = 83
93.14366000005975	EXP	text_2: text = 100
93.16028000006918	EXP	text_2: text = 117
93.17677000002004	EXP	text_2: text = 133
93.19352500000969	EXP	text_2: text = 150
93.21015499997884	EXP	text_2: text = 167
93.2263250000542	EXP	text_2: text = 183
93.2434549999889	EXP	text_2: text = 200
93.26016499998514	EXP	text_2: text = 217
93.27696000004653	EXP	text_2: text = 233
93.2934949999908	EXP	text_2: text = 250
93.31024000002071	EXP	text_2: text = 267
93.31827000004705	DATA	Keydown:  
93.32873000006657	EXP	text_2: text = 283
93.32873000006657	EXP	text_2: autoDraw = false
93.32873000006657	EXP	Feedback: text = 274
93.32873000006657	EXP	Feedback: autoDraw = true
94.3261750000529	EXP	Feedback: autoDraw = false
94.3261750000529	EXP	Feedback: autoDraw = false
94.3261750000529	EXP	text_3: autoDraw = true
98.3779799999902	DATA	Keydown:  
98.66774000006262	DATA	Keydown:  
99.04488000005949	EXP	text_3: autoDraw = false
99.04488000005949	EXP	text_3: autoDraw = false
99.04488000005949	EXP	text_2: autoDraw = true
99.04488000005949	EXP	text_2: text = 0
99.06033000000753	EXP	text_2: text = 17
99.07704000000376	EXP	text_2: text = 33
99.09368499997072	EXP	text_2: text = 50
99.1103600000497	EXP	text_2: text = 67
99.12721000006422	EXP	text_2: text = 83
99.14372499997262	EXP	text_2: text = 100
99.15772999997716	DATA	Keydown:  
99.16223500005435	EXP	text_2: text = 117
99.16223500005435	EXP	text_2: autoDraw = false
99.16223500005435	EXP	Feedback: text = 113
99.16223500005435	EXP	Feedback: autoDraw = true
100.16057000006549	EXP	Feedback: autoDraw = false
100.16057000006549	EXP	Feedback: autoDraw = false
100.16057000006549	EXP	text_3: autoDraw = true
101.86774999997579	DATA	Keydown:  
102.36839000007603	DATA	Keydown:  
102.39870500005782	DATA	Keydown:  
102.42859500006307	DATA	Keydown:  
102.45978500007186	DATA	Keydown:  
102.48893500003032	DATA	Keydown:  
102.51898000005167	DATA	Keydown:  
107.76161500008311	EXP	text_3: autoDraw = false
107.76161500008311	EXP	text_3: autoDraw = false
107.76161500008311	EXP	text_2: autoDraw = true
107.76161500008311	EXP	text_2: text = 0
107.77727500000037	EXP	text_2: text = 17
107.79404000006616	EXP	text_2: text = 33
107.81093000003602	EXP	text_2: text = 50
107.82741500006523	EXP	text_2: text = 67
107.84423000004608	EXP	text_2: text = 83
107.8607750000665	EXP	text_2: text = 100
107.87676500005182	EXP	text_2: text = 117
107.89399999997113	EXP	text_2: text = 133
107.91061000002082	EXP	text_2: text = 150
107.92731499997899	EXP	text_2: text = 167
107.9439850000199	EXP	text_2: text = 183
107.96026000007987	EXP	text_2: text = 200
107.97743000008631	EXP	text_2: text = 217
107.99416000000201	EXP	text_2: text = 233
108.01048499997705	EXP	text_2: text = 250
108.01810500002466	DATA	Keydown:  
108.02919999998994	EXP	text_2: text = 267
108.02919999998994	EXP	text_2: autoDraw = false
108.02919999998994	EXP	Feedback: text = 257
108.02919999998994	EXP	Feedback: autoDraw = true
109.02746500005014	EXP	Feedback: autoDraw = false
109.02746500005014	EXP	Feedback: autoDraw = false
109.02746500005014	EXP	text_3: autoDraw = true
115.76763500005472	DATA	Keydown:  
116.5953800000716	EXP	text_3: autoDraw = false
116.5953800000716	EXP	text_3: autoDraw = false
116.5953800000716	EXP	text_2: autoDraw = true
116.5953800000716	EXP	text_2: text = 0
116.61103999998886	EXP	text_2: text = 17
116.62782000005245	EXP	text_2: text = 33
116.644420000026	EXP	text_2: text = 50
116.66104000003543	EXP	text_2: text = 67
116.67716500000097	EXP	text_2: text = 83
116.69434000004549	EXP	text_2: text = 100
116.71097000001464	EXP	text_2: text = 117
116.72764000005554	EXP	text_2: text = 133
116.7442550000269	EXP	text_2: text = 150
116.76088499999605	EXP	text_2: text = 167
116.77750000008382	EXP	text_2: text = 183
116.79430000006687	EXP	text_2: text = 200
116.81077500001993	EXP	text_2: text = 217
116.82760000007693	EXP	text_2: text = 233
116.8376500000013	DATA	Keydown:  
116.8462549999822	EXP	text_2: text = 250
116.8462549999822	EXP	text_2: autoDraw = false
116.8462549999822	EXP	Feedback: text = 242
116.8462549999822	EXP	Feedback: autoDraw = true
117.84593000006862	EXP	Feedback: autoDraw = false
117.84593000006862	EXP	Feedback: autoDraw = false
117.84593000006862	EXP	text_3: autoDraw = true
125.31237000005785	EXP	text_3: autoDraw = false
125.31237000005785	EXP	text_3: autoDraw = false
125.31237000005785	EXP	text_2: autoDraw = true
125.31237000005785	EXP	text_2: text = 0
125.32793500006665	EXP	text_2: text = 17
125.34469499997795	EXP	text_2: text = 33
125.36135000002105	EXP	text_2: text = 50
125.37736000004224	EXP	text_2: text = 67
125.39469500002451	EXP	text_2: text = 83
125.41130000003614	EXP	text_2: text = 100
125.42792500008363	EXP	text_2: text = 117
125.44455000001471	EXP	text_2: text = 133
125.46143500006292	EXP	text_2: text = 150
125.47787000006065	EXP	text_2: text = 167
125.49497500003781	EXP	text_2: text = 183
125.51082000008319	EXP	text_2: text = 200
125.52800000004936	EXP	text_2: text = 217
125.5445700000273	EXP	text_2: text = 233
125.56119000003673	EXP	text_2: text = 250
125.56786499998998	DATA	Keydown:  
125.57984500005841	EXP	text_2: text = 267
125.57984500005841	EXP	text_2: autoDraw = false
125.57984500005841	EXP	Feedback: text = 256
125.57984500005841	EXP	Feedback: autoDraw = true
126.57802500005346	EXP	Feedback: autoDraw = false
126.57802500005346	EXP	Feedback: autoDraw = false
126.57802500005346	EXP	text_3: autoDraw = true
134.13922999997158	EXP	text_3: autoDraw = false
134.13922999997158	EXP	text_3: autoDraw = false
134.13922999997158	EXP	text_2: autoDraw = true
134.13922999997158	EXP	text_2: text = 0
134.16162999998778	EXP	text_2: text = 17
134.17894999997225	EXP	text_2: text = 50
134.19576000003144	EXP	text_2: text = 67
134.21227500005625	EXP	text_2: text = 83
134.2288750000298	EXP	text_2: text = 100
134.24579499999527	EXP	text_2: text = 117
134.26221000007354	EXP	text_2: text = 133
134.2789150000317	EXP	text_2: text = 150
134.2955700000748	EXP	text_2: text = 167
134.31208000006154	EXP	text_2: text = 183
134.32890000008047	EXP	text_2: text = 200
134.3452400000533	EXP	text_2: text = 217
134.36223000008613	EXP	text_2: text = 233
134.37865000008605	EXP	text_2: text = 250
134.39558000001125	EXP	text_2: text = 266
134.41199000005145	EXP	text_2: text = 283
134.42888500005938	EXP	text_2: text = 300
134.44561499997508	EXP	text_2: text = 316
134.46228500001598	EXP	text_2: text = 333
134.47889500006568	EXP	text_2: text = 350
134.49546000000555	EXP	text_2: text = 367
134.51240500004496	EXP	text_2: text = 383
134.52895000006538	EXP	text_2: text = 400
134.54564500006381	EXP	text_2: text = 417
134.5622699999949	EXP	text_2: text = 433
134.57891500007827	EXP	text_2: text = 450
134.59557500004303	EXP	text_2: text = 467
134.61200000008103	EXP	text_2: text = 483
134.62890000001062	EXP	text_2: text = 500
134.64564000000246	EXP	text_2: text = 517
134.66223000001628	EXP	text_2: text = 533
134.6820000000298	EXP	text_2: text = 552
134.6955500000622	EXP	text_2: text = 567
134.71230000001378	EXP	text_2: text = 583
134.7288750000298	EXP	text_2: text = 600
134.74566000001505	EXP	text_2: text = 617
134.76234000001568	EXP	text_2: text = 633
134.77892499999143	EXP	text_2: text = 650
134.79543499997817	EXP	text_2: text = 667
134.81212000001688	EXP	text_2: text = 683
134.8292000000365	EXP	text_2: text = 700
134.84566500002984	EXP	text_2: text = 717
134.86224500008393	EXP	text_2: text = 733
134.8789950000355	EXP	text_2: text = 750
134.8956800000742	EXP	text_2: text = 767
134.91234000003897	EXP	text_2: text = 783
134.9290050000418	EXP	text_2: text = 800
134.94564000004902	EXP	text_2: text = 817
134.96233500004746	EXP	text_2: text = 833
134.9790150000481	EXP	text_2: text = 850
134.99565499997698	EXP	text_2: text = 867
135.01229500002228	EXP	text_2: text = 883
135.02903500001412	EXP	text_2: text = 900
135.04550000000745	EXP	text_2: text = 917
135.06219000008423	EXP	text_2: text = 933
135.07918000000063	EXP	text_2: text = 950
135.09580500004813	EXP	text_2: text = 967
135.1123099999968	EXP	text_2: text = 983
135.1292100000428	EXP	text_2: text = 1000
135.14540000003763	EXP	text_2: text = 1017
135.16217500006314	EXP	text_2: text = 1033
135.17905999999493	EXP	text_2: text = 1050
135.19570000004023	EXP	text_2: text = 1067
135.21249000006355	EXP	text_2: text = 1083
135.22934499999974	EXP	text_2: text = 1100
135.24579499999527	EXP	text_2: text = 1117
135.26236499997322	EXP	text_2: text = 1133
135.27899500005879	EXP	text_2: text = 1150
135.29562500002794	EXP	text_2: text = 1167
135.31210500001907	EXP	text_2: text = 1183
135.3290150000248	EXP	text_2: text = 1200
135.34594500006642	EXP	text_2: text = 1217
135.36229000007734	EXP	text_2: text = 1233
135.37900499999523	EXP	text_2: text = 1250
135.3956050000852	EXP	text_2: text = 1267
135.41217000002507	EXP	text_2: text = 1283
135.42937999998685	EXP	text_2: text = 1300
135.44558499997947	EXP	text_2: text = 1317
135.46253500005696	EXP	text_2: text = 1333
135.4790600000415	EXP	text_2: text = 1350
135.4957750000758	EXP	text_2: text = 1367
135.51260500005446	EXP	text_2: text = 1383
135.52928000001702	EXP	text_2: text = 1400
135.54570999997668	EXP	text_2: text = 1417
135.56240000005346	EXP	text_2: text = 1433
135.57923999999184	EXP	text_2: text = 1450
135.59570000006352	EXP	text_2: text = 1467
135.6123249999946	EXP	text_2: text = 1483
135.62901999999303	EXP	text_2: text = 1500
135.64583000005223	EXP	text_2: text = 1517
135.6622900000075	EXP	text_2: text = 1533
135.67902999999933	EXP	text_2: text = 1550
135.69570999999996	EXP	text_2: text = 1567
135.7123099999735	EXP	text_2: text = 1583
135.72901000001002	EXP	text_2: text = 1600
135.74566500005312	EXP	text_2: text = 1617
135.76216500008013	EXP	text_2: text = 1633
135.78229000000283	EXP	text_2: text = 1652
135.7955400000792	EXP	text_2: text = 1667
135.81235000002198	EXP	text_2: text = 1683
135.8292000000365	EXP	text_2: text = 1700
135.84571500006132	EXP	text_2: text = 1717
135.86236500006635	EXP	text_2: text = 1733
135.87907500006258	EXP	text_2: text = 1750
135.89570500003174	EXP	text_2: text = 1767
135.9123200000031	EXP	text_2: text = 1783
135.92895500001032	EXP	text_2: text = 1800
135.94570999999996	EXP	text_2: text = 1817
135.9624049999984	EXP	text_2: text = 1833
135.97902000008617	EXP	text_2: text = 1850
135.99534000002313	EXP	text_2: text = 1867
136.01234000001568	EXP	text_2: text = 1883
136.0290400000522	EXP	text_2: text = 1900
136.04581000003964	EXP	text_2: text = 1917
136.06261500006076	EXP	text_2: text = 1933
136.0790300000226	EXP	text_2: text = 1950
136.09549500001594	EXP	text_2: text = 1967
136.11236500006635	EXP	text_2: text = 1983
136.12907999998424	EXP	text_2: text = 2000
136.14536500000395	EXP	text_2: text = 2017
136.16234000003897	EXP	text_2: text = 2033
136.18176000006497	EXP	text_2: text = 2051
136.19614000001457	EXP	text_2: text = 2067
136.2126200000057	EXP	text_2: text = 2084
136.23112999997102	EXP	text_2: text = 2100
136.24781500000972	EXP	text_2: text = 2117
136.2628600000171	EXP	text_2: text = 2134
136.27929500001483	EXP	text_2: text = 2150
136.29606500000227	EXP	text_2: text = 2167
136.31227500003297	EXP	text_2: text = 2184
136.32939000008628	EXP	text_2: text = 2200
136.34588999999687	EXP	text_2: text = 2217
136.36256500007585	EXP	text_2: text = 2233
136.379195000045	EXP	text_2: text = 2250
136.39586000004783	EXP	text_2: text = 2267
136.41232500004116	EXP	text_2: text = 2283
136.4291900000535	EXP	text_2: text = 2300
136.44639000005554	EXP	text_2: text = 2317
136.4622949999757	EXP	text_2: text = 2333
136.4790600000415	EXP	text_2: text = 2350
136.49583000002895	EXP	text_2: text = 2367
136.51269500004128	EXP	text_2: text = 2383
136.52896999998484	EXP	text_2: text = 2400
136.54289000004064	DATA	Mouse: 0 button down, pos=(966,423)
136.5456000000704	EXP	text_2: text = 2417
136.56241999997292	EXP	text_2: text = 2433
136.57912000000942	EXP	text_2: text = 2450
136.59568000002764	EXP	text_2: text = 2467
136.61241000005975	EXP	text_2: text = 2483
136.62897499999963	EXP	text_2: text = 2500
136.64566000003833	EXP	text_2: text = 2517
136.64775000000373	DATA	Mouse: 0 button down, pos=(966,423)
136.66237000003457	EXP	text_2: text = 2533
136.67916499997955	EXP	text_2: text = 2550
136.69570999999996	EXP	text_2: text = 2567
136.712360000005	EXP	text_2: text = 2584
136.72902500000782	EXP	text_2: text = 2600
136.74608499999158	EXP	text_2: text = 2617
136.76239500008523	EXP	text_2: text = 2634
136.7794250000734	EXP	text_2: text = 2650
136.79593000002205	EXP	text_2: text = 2667
136.81258500006516	EXP	text_2: text = 2684
136.82913500000723	EXP	text_2: text = 2700
136.8478200000245	EXP	text_2: text = 2717
136.86222000000998	EXP	text_2: text = 2734
136.87943500000983	EXP	text_2: text = 2750
136.8960499999812	EXP	text_2: text = 2767
136.91252999997232	EXP	text_2: text = 2783
136.92924000008497	EXP	text_2: text = 2800
136.94575499999337	EXP	text_2: text = 2817
136.96251500002109	EXP	text_2: text = 2833
136.9791050000349	EXP	text_2: text = 2850
136.99580000003334	EXP	text_2: text = 2867
137.01234000001568	EXP	text_2: text = 2883
137.02915000007488	EXP	text_2: text = 2900
137.04558000003453	EXP	text_2: text = 2917
137.0623749999795	EXP	text_2: text = 2933
137.07923500007018	EXP	text_2: text = 2950
137.09590499999467	EXP	text_2: text = 2967
137.11247499997262	EXP	text_2: text = 2983
137.1291350000538	EXP	text_2: text = 3000
137.14576500002295	EXP	text_2: text = 3017
137.1622099999804	EXP	text_2: text = 3033
137.17904000007547	EXP	text_2: text = 3050
137.19553999998607	EXP	text_2: text = 3067
137.2124799999874	EXP	text_2: text = 3083
137.22912500007078	EXP	text_2: text = 3100
137.2457900000736	EXP	text_2: text = 3117
137.2624749999959	EXP	text_2: text = 3133
137.2791000000434	EXP	text_2: text = 3150
137.2955250000814	EXP	text_2: text = 3167
137.31249000004027	EXP	text_2: text = 3183
137.32911499997135	EXP	text_2: text = 3200
137.34578500001226	EXP	text_2: text = 3217
137.36243500001729	EXP	text_2: text = 3233
137.37915499997325	EXP	text_2: text = 3250
137.39558000001125	EXP	text_2: text = 3267
137.4124699999811	EXP	text_2: text = 3283
137.42915500001982	EXP	text_2: text = 3300
137.44579000002705	EXP	text_2: text = 3317
137.4624649999896	EXP	text_2: text = 3333
137.47933000000194	EXP	text_2: text = 3350
137.49609000002965	EXP	text_2: text = 3367
137.51242500008084	EXP	text_2: text = 3383
137.52887500007637	EXP	text_2: text = 3401
137.54558000003453	EXP	text_2: text = 3417
137.5623449999839	EXP	text_2: text = 3433
137.5792300000321	EXP	text_2: text = 3450
137.595825000084	EXP	text_2: text = 3467
137.61244000005536	EXP	text_2: text = 3483
137.62914500001352	EXP	text_2: text = 3500
137.64587500004563	EXP	text_2: text = 3517
137.66246500005946	EXP	text_2: text = 3533
137.67920000001322	EXP	text_2: text = 3550
137.69577500002924	EXP	text_2: text = 3567
137.71242500003427	EXP	text_2: text = 3583
137.72912999999244	EXP	text_2: text = 3600
137.74576499999966	EXP	text_2: text = 3617
137.7624300000025	EXP	text_2: text = 3633
137.77909000008367	EXP	text_2: text = 3650
137.79594500001986	EXP	text_2: text = 3667
137.79918500001077	DATA	Keydown:  
137.81295499997213	EXP	text_2: text = 3683
137.81295499997213	EXP	text_2: autoDraw = false
137.81295499997213	EXP	Feedback: text = 3660
137.81295499997213	EXP	Feedback: autoDraw = true
138.81589000008535	EXP	Feedback: autoDraw = false
138.81589000008535	EXP	Feedback: autoDraw = false
138.81589000008535	EXP	text_3: autoDraw = true
145.78250500001013	DATA	Mouse: 0 button down, pos=(840,506)
145.91772000002675	DATA	Mouse: 0 button down, pos=(840,506)
146.49739999999292	EXP	text_3: autoDraw = false
146.49739999999292	EXP	text_3: autoDraw = false
146.49739999999292	EXP	text_2: autoDraw = true
146.49739999999292	EXP	text_2: text = 0
146.51294500008225	EXP	text_2: text = 16
146.52969500003383	EXP	text_2: text = 33
146.54640500003006	EXP	text_2: text = 50
146.56220000004396	EXP	text_2: text = 66
146.5800150000723	EXP	text_2: text = 83
146.59619000006933	EXP	text_2: text = 99
146.6131250000326	EXP	text_2: text = 116
146.6290250000311	EXP	text_2: text = 133
146.64640500000678	EXP	text_2: text = 150
146.66292999999132	EXP	text_2: text = 166
146.67969999997877	EXP	text_2: text = 183
146.69632500002626	EXP	text_2: text = 199
146.71278000005987	EXP	text_2: text = 216
146.72964999999385	EXP	text_2: text = 233
146.74641000002157	EXP	text_2: text = 250
146.7629850000376	EXP	text_2: text = 266
146.78006999997888	EXP	text_2: text = 283
146.79616500006523	EXP	text_2: text = 299
146.79864499997348	DATA	Keydown:  
146.81332000007387	EXP	text_2: text = 316
146.81332000007387	EXP	text_2: autoDraw = false
146.81332000007387	EXP	Feedback: text = 301
146.81332000007387	EXP	Feedback: autoDraw = true
147.81304999999702	EXP	Feedback: autoDraw = false
147.81304999999702	EXP	Feedback: autoDraw = false
147.81304999999702	EXP	text_3: autoDraw = true
149.55900500004645	DATA	Keydown: F12
152.35814500006381	DATA	Mouse: 0 button down, pos=(840,506)
152.46923000004608	DATA	Mouse: 0 button down, pos=(840,506)
154.0635300000431	EXP	text_3: autoDraw = false
154.0635300000431	EXP	text_3: autoDraw = false
154.0635300000431	EXP	text_2: autoDraw = true
154.0635300000431	EXP	text_2: text = 0
154.07916500000283	EXP	text_2: text = 16
154.09580500004813	EXP	text_2: text = 33
154.1123249999946	EXP	text_2: text = 50
154.12895500008017	EXP	text_2: text = 66
154.14564500004053	EXP	text_2: text = 83
154.1624399999855	EXP	text_2: text = 100
154.17942499998026	EXP	text_2: text = 116
154.1957650000695	EXP	text_2: text = 133
154.21234000008553	EXP	text_2: text = 150
154.2290450000437	EXP	text_2: text = 166
154.24566500005312	EXP	text_2: text = 183
154.26245500007644	EXP	text_2: text = 200
154.27909000008367	EXP	text_2: text = 216
154.29573500005063	EXP	text_2: text = 233
154.3123899999773	EXP	text_2: text = 250
154.33596499997657	EXP	text_2: text = 266
154.33866000000853	DATA	Keydown:  
154.34756999998353	EXP	text_2: text = 283
154.34756999998353	EXP	text_2: autoDraw = false
154.34756999998353	EXP	Feedback: text = 275
154.34756999998353	EXP	Feedback: autoDraw = true
155.34761000005528	EXP	Feedback: autoDraw = false
155.34761000005528	EXP	Feedback: autoDraw = false
155.34761000005528	EXP	text_3: autoDraw = true
156.7985050000716	DATA	Keydown: F11
160.51416999998037	EXP	text_3: autoDraw = false
160.51416999998037	EXP	text_3: autoDraw = false
160.51416999998037	EXP	text_2: autoDraw = true
160.51416999998037	EXP	text_2: text = 0
160.5294100000756	EXP	text_2: text = 16
160.54587500006892	EXP	text_2: text = 33
160.56252500007395	EXP	text_2: text = 50
160.57912000000942	EXP	text_2: text = 66
160.5958100000862	EXP	text_2: text = 83
160.61238000006415	EXP	text_2: text = 100
160.62917500000913	EXP	text_2: text = 116
160.64589000004344	EXP	text_2: text = 133
160.67942499998026	EXP	text_2: text = 167
160.69584499998018	EXP	text_2: text = 183
160.7290750000393	EXP	text_2: text = 216
160.74586000002455	EXP	text_2: text = 233
160.76256000006106	EXP	text_2: text = 250
160.7688049999997	DATA	Keydown:  
160.78119500004686	EXP	text_2: text = 266
160.78119500004686	EXP	text_2: autoDraw = false
160.78119500004686	EXP	Feedback: text = 255
160.78119500004686	EXP	Feedback: autoDraw = true
161.78038500004914	EXP	Feedback: autoDraw = false
161.78038500004914	EXP	Feedback: autoDraw = false
161.78038500004914	EXP	text_3: autoDraw = true
163.68845000001602	DATA	Keydown: F12
169.1971650000196	EXP	text_3: autoDraw = false
169.1971650000196	EXP	text_3: autoDraw = false
169.1971650000196	EXP	text_2: autoDraw = true
169.1971650000196	EXP	text_2: text = 0
169.2128800000064	EXP	text_2: text = 17
169.22954500000924	EXP	text_2: text = 33
169.246129999985	EXP	text_2: text = 50
169.2629200000083	EXP	text_2: text = 67
169.27961000008509	EXP	text_2: text = 83
169.29632500000298	EXP	text_2: text = 100
169.31283000006806	EXP	text_2: text = 117
169.32947500003502	EXP	text_2: text = 133
169.34616499999538	EXP	text_2: text = 150
169.3628950000275	EXP	text_2: text = 167
169.37900499999523	EXP	text_2: text = 183
169.39821999997366	EXP	text_2: text = 201
169.4129500000272	EXP	text_2: text = 216
169.42937000002712	EXP	text_2: text = 233
169.4461349999765	EXP	text_2: text = 250
169.46212500007823	EXP	text_2: text = 267
169.47950000001583	EXP	text_2: text = 283
169.49638500006404	EXP	text_2: text = 300
169.51271000003908	EXP	text_2: text = 316
169.51835000002757	DATA	Keydown:  
169.53159999998752	EXP	text_2: text = 333
169.53159999998752	EXP	text_2: autoDraw = false
169.53159999998752	EXP	Feedback: text = 321
169.53159999998752	EXP	Feedback: autoDraw = true
170.53017000004184	EXP	Feedback: autoDraw = false
170.53017000004184	EXP	Feedback: autoDraw = false
170.53017000004184	EXP	text_3: autoDraw = true
173.1974550000159	EXP	text_3: autoDraw = false
173.1974550000159	EXP	text_3: autoDraw = false
173.1974550000159	EXP	text_2: autoDraw = true
173.1974550000159	EXP	text_2: text = 0
173.2129600000335	EXP	text_2: text = 17
173.2298450000817	EXP	text_2: text = 33
173.2463599999901	EXP	text_2: text = 50
173.26297999999952	EXP	text_2: text = 67
173.27915000007488	EXP	text_2: text = 83
173.29640500003006	EXP	text_2: text = 100
173.3129900000058	EXP	text_2: text = 117
173.3295850000577	EXP	text_2: text = 133
173.34623000002466	EXP	text_2: text = 150
173.3629400000209	EXP	text_2: text = 167
173.37965000001714	EXP	text_2: text = 183
173.39629000006244	EXP	text_2: text = 200
173.4135350000579	EXP	text_2: text = 217
173.42967500002123	EXP	text_2: text = 233
173.44627000007313	EXP	text_2: text = 250
173.46292000007816	EXP	text_2: text = 267
173.4797050000634	EXP	text_2: text = 283
173.4964349999791	EXP	text_2: text = 300
173.51288000005297	EXP	text_2: text = 317
173.5297000000719	EXP	text_2: text = 333
173.54577500000596	EXP	text_2: text = 350
173.56318499997724	EXP	text_2: text = 367
173.57968500000425	EXP	text_2: text = 383
173.59629000001587	EXP	text_2: text = 400
173.6129550000187	EXP	text_2: text = 417
173.62961499998346	EXP	text_2: text = 433
173.64629000006244	EXP	text_2: text = 450
173.66301999997813	EXP	text_2: text = 467
173.67968499998096	EXP	text_2: text = 483
173.69634500006214	EXP	text_2: text = 500
173.7129300000379	EXP	text_2: text = 517
173.72962500003632	EXP	text_2: text = 533
173.74550499999896	EXP	text_2: text = 550
173.76393999997526	EXP	text_2: text = 567
173.77901499997824	EXP	text_2: text = 583
173.79634500003885	EXP	text_2: text = 600
173.81290999997873	EXP	text_2: text = 617
173.82944000000134	EXP	text_2: text = 633
173.84638000000268	EXP	text_2: text = 650
173.8630800000392	EXP	text_2: text = 667
173.8798250000691	EXP	text_2: text = 683
173.89640000008512	EXP	text_2: text = 700
173.91311000008136	EXP	text_2: text = 717
173.92969999997877	EXP	text_2: text = 733
173.9463199999882	EXP	text_2: text = 750
173.9625300000189	EXP	text_2: text = 767
173.97974500001874	EXP	text_2: text = 783
173.98880499997176	DATA	Keydown:  
173.99832000001334	EXP	text_2: text = 800
173.99832000001334	EXP	text_2: autoDraw = false
173.99832000001334	EXP	Feedback: text = 791
173.99832000001334	EXP	Feedback: autoDraw = true
175.00062499998603	EXP	Feedback: autoDraw = false
175.00062499998603	EXP	Feedback: autoDraw = false
175.00062499998603	EXP	text_3: autoDraw = true
177.21427500003483	EXP	text_3: autoDraw = false
177.21427500003483	EXP	text_3: autoDraw = false
177.21427500003483	EXP	text_2: autoDraw = true
177.21427500003483	EXP	text_2: text = 0
177.22962500003632	EXP	text_2: text = 16
177.2464199999813	EXP	text_2: text = 33
177.26315999997314	EXP	text_2: text = 50
177.27975500002503	EXP	text_2: text = 67
177.2964599999832	EXP	text_2: text = 83
177.31338499998674	EXP	text_2: text = 100
177.32989499997348	EXP	text_2: text = 117
177.34652500005905	EXP	text_2: text = 133
177.36322499997914	EXP	text_2: text = 150
177.37986500002444	EXP	text_2: text = 167
177.3965999999782	EXP	text_2: text = 183
177.4132250000257	EXP	text_2: text = 200
177.4298500000732	EXP	text_2: text = 217
177.44654000003356	EXP	text_2: text = 233
177.46318000007886	EXP	text_2: text = 250
177.4799350000685	EXP	text_2: text = 267
177.4966949999798	EXP	text_2: text = 283
177.5132300000405	EXP	text_2: text = 300
177.5298700000858	EXP	text_2: text = 317
177.54665500007104	EXP	text_2: text = 333
177.5484300000826	DATA	Keydown:  
177.56511000008322	EXP	text_2: text = 350
177.56511000008322	EXP	text_2: autoDraw = false
177.56511000008322	EXP	Feedback: text = 334
177.56511000008322	EXP	Feedback: autoDraw = true
178.5640550000826	EXP	Feedback: autoDraw = false
178.5640550000826	EXP	Feedback: autoDraw = false
178.5640550000826	EXP	text_3: autoDraw = true
183.79911000002176	EXP	text_3: autoDraw = false
183.79911000002176	EXP	text_3: autoDraw = false
183.79911000002176	EXP	text_2: autoDraw = true
183.79911000002176	EXP	text_2: text = 0
183.81269499997143	EXP	text_2: text = 16
183.83005500002764	EXP	text_2: text = 33
183.84677000006195	EXP	text_2: text = 50
183.86347500002012	EXP	text_2: text = 67
183.88023500004783	EXP	text_2: text = 83
183.8967849999899	EXP	text_2: text = 100
183.913365000044	EXP	text_2: text = 116
183.9300650000805	EXP	text_2: text = 133
183.94669999997132	EXP	text_2: text = 150
183.9634050000459	EXP	text_2: text = 166
183.9800900000846	EXP	text_2: text = 183
183.99684500007425	EXP	text_2: text = 200
184.01328000007197	EXP	text_2: text = 216
184.03005000005942	EXP	text_2: text = 233
184.0467649999773	EXP	text_2: text = 250
184.0634700000519	EXP	text_2: text = 267
184.08022500004154	EXP	text_2: text = 283
184.08876499999315	DATA	Keydown:  
184.09856499999296	EXP	text_2: text = 300
184.09856499999296	EXP	text_2: autoDraw = false
184.09856499999296	EXP	Feedback: text = 290
184.09856499999296	EXP	Feedback: autoDraw = true
185.0967599999858	EXP	Feedback: autoDraw = false
185.0967599999858	EXP	Feedback: autoDraw = false
185.0967599999858	EXP	text_3: autoDraw = true
187.9481500000693	EXP	text_3: autoDraw = false
187.9481500000693	EXP	text_3: autoDraw = false
187.9481500000693	EXP	text_2: autoDraw = true
187.9481500000693	EXP	text_2: text = 0
187.9635100000305	EXP	text_2: text = 17
187.98018499999307	EXP	text_2: text = 33
187.99686000007205	EXP	text_2: text = 50
188.01358999998774	EXP	text_2: text = 66
188.0301300000865	EXP	text_2: text = 83
188.04687000007834	EXP	text_2: text = 100
188.0634050000226	EXP	text_2: text = 116
188.08019000000786	EXP	text_2: text = 133
188.09670500003267	EXP	text_2: text = 150
188.11342000006698	EXP	text_2: text = 167
188.13011000002734	EXP	text_2: text = 183
188.14676500007045	EXP	text_2: text = 200
188.16344999999274	EXP	text_2: text = 217
188.18016500002705	EXP	text_2: text = 233
188.19683000002988	EXP	text_2: text = 250
188.2136200000532	EXP	text_2: text = 267
188.23025000002235	EXP	text_2: text = 283
188.2469099999871	EXP	text_2: text = 300
188.26359500002582	EXP	text_2: text = 316
188.28032999997959	EXP	text_2: text = 333
188.29685500008054	EXP	text_2: text = 350
188.31361499999184	EXP	text_2: text = 366
188.33026499999687	EXP	text_2: text = 383
188.34681999997701	EXP	text_2: text = 400
188.36369999998715	EXP	text_2: text = 416
188.37975500000175	EXP	text_2: text = 433
188.3969100000104	EXP	text_2: text = 450
188.4135050000623	EXP	text_2: text = 466
188.43033500004094	EXP	text_2: text = 483
188.44681500003207	EXP	text_2: text = 500
188.45834000001196	DATA	Keydown:  
188.46545500005595	EXP	text_2: text = 517
188.46545500005595	EXP	text_2: autoDraw = false
188.46545500005595	EXP	Feedback: text = 510
188.46545500005595	EXP	Feedback: autoDraw = true
189.46393000008538	EXP	Feedback: autoDraw = false
189.46393000008538	EXP	Feedback: autoDraw = false
189.46393000008538	EXP	text_3: autoDraw = true
191.5149949999759	EXP	text_3: autoDraw = false
191.5149949999759	EXP	text_3: autoDraw = false
191.5149949999759	EXP	text_2: autoDraw = true
191.5149949999759	EXP	text_2: text = 0
191.53055500006303	EXP	text_2: text = 17
191.547275000019	EXP	text_2: text = 33
191.5639300000621	EXP	text_2: text = 50
191.58053999999538	EXP	text_2: text = 67
191.59712000004947	EXP	text_2: text = 83
191.6138450000435	EXP	text_2: text = 100
191.63045000005513	EXP	text_2: text = 117
191.64710000006016	EXP	text_2: text = 133
191.6631350000389	EXP	text_2: text = 150
191.68020499998238	EXP	text_2: text = 167
191.69691499997862	EXP	text_2: text = 183
191.71363000001293	EXP	text_2: text = 200
191.7303349999711	EXP	text_2: text = 217
191.74704500008374	EXP	text_2: text = 233
191.7636450000573	EXP	text_2: text = 250
191.78029000002425	EXP	text_2: text = 266
191.79676000005566	EXP	text_2: text = 283
191.81362999998964	EXP	text_2: text = 300
191.83036000002176	EXP	text_2: text = 316
191.8491749999812	EXP	text_2: text = 335
191.86346999998204	EXP	text_2: text = 350
191.88018500001635	EXP	text_2: text = 366
191.89713499997742	EXP	text_2: text = 383
191.9133800000418	EXP	text_2: text = 400
191.93020499998238	EXP	text_2: text = 416
191.94668000005186	EXP	text_2: text = 433
191.96348999999464	EXP	text_2: text = 450
191.9801050000824	EXP	text_2: text = 466
191.9967900000047	EXP	text_2: text = 483
192.0136750000529	EXP	text_2: text = 500
192.03018000000156	EXP	text_2: text = 516
192.04702000005636	EXP	text_2: text = 533
192.06371000001673	EXP	text_2: text = 550
192.07978999998886	EXP	text_2: text = 567
192.09688000008464	EXP	text_2: text = 583
192.1136600000318	EXP	text_2: text = 600
192.13048000005074	EXP	text_2: text = 617
192.1472800000338	EXP	text_2: text = 633
192.1637950000586	EXP	text_2: text = 650
192.18030000000726	EXP	text_2: text = 667
192.19717000005767	EXP	text_2: text = 683
192.20842999999877	DATA	Keydown:  
192.21477000007872	EXP	text_2: text = 700
192.21477000007872	EXP	text_2: autoDraw = false
192.21477000007872	EXP	Feedback: text = 694
192.21477000007872	EXP	Feedback: autoDraw = true
193.21319500007667	EXP	Feedback: autoDraw = false
193.21319500007667	EXP	Feedback: autoDraw = false
193.21319500007667	EXP	text_3: autoDraw = true
197.69837500003632	EXP	text_3: autoDraw = false
197.69837500003632	EXP	text_3: autoDraw = false
197.69837500003632	EXP	text_2: autoDraw = true
197.69837500003632	EXP	text_2: text = 0
197.71468500001356	EXP	text_2: text = 17
197.7311800000025	EXP	text_2: text = 33
197.74806999997236	EXP	text_2: text = 50
197.76464499998838	EXP	text_2: text = 67
197.78132000006735	EXP	text_2: text = 83
197.79795500007458	EXP	text_2: text = 100
197.81492500007153	EXP	text_2: text = 117
197.83109500003047	EXP	text_2: text = 133
197.84875500004273	EXP	text_2: text = 150
197.86452499998268	EXP	text_2: text = 167
197.88138500007335	EXP	text_2: text = 183
197.90216499997769	EXP	text_2: text = 200
197.91787000000477	EXP	text_2: text = 218
197.93113000004087	EXP	text_2: text = 233
197.94853000005241	EXP	text_2: text = 250
197.95012000005227	DATA	Keydown:  
197.96984999999404	EXP	text_2: text = 267
197.96984999999404	EXP	text_2: autoDraw = false
197.96984999999404	EXP	Feedback: text = 252
197.96984999999404	EXP	Feedback: autoDraw = true
198.96423000004143	EXP	Feedback: autoDraw = false
198.96423000004143	EXP	Feedback: autoDraw = false
198.96423000004143	EXP	text_3: autoDraw = true
203.74843000003602	EXP	text_3: autoDraw = false
203.74843000003602	EXP	text_3: autoDraw = false
203.74843000003602	EXP	text_2: autoDraw = true
203.74843000003602	EXP	text_2: text = 0
203.7645650000777	EXP	text_2: text = 17
203.7812050000066	EXP	text_2: text = 33
203.79768000007607	EXP	text_2: text = 50
203.8136550000636	EXP	text_2: text = 67
203.8312150000129	EXP	text_2: text = 83
203.84772000007797	EXP	text_2: text = 100
203.86407000001054	EXP	text_2: text = 117
203.88077500008512	EXP	text_2: text = 133
203.8973850000184	EXP	text_2: text = 150
203.9140100000659	EXP	text_2: text = 167
203.93089000007603	EXP	text_2: text = 183
203.9470699999947	EXP	text_2: text = 200
203.96421500004362	EXP	text_2: text = 217
203.98085000005085	EXP	text_2: text = 233
203.99758500000462	EXP	text_2: text = 250
204.0137200000463	EXP	text_2: text = 267
204.0283000000054	DATA	Keydown:  
204.03266999998596	EXP	text_2: text = 283
204.03266999998596	EXP	text_2: autoDraw = false
204.03266999998596	EXP	Feedback: text = 280
204.03266999998596	EXP	Feedback: autoDraw = true
205.03094000008423	EXP	Feedback: autoDraw = false
205.03094000008423	EXP	Feedback: autoDraw = false
205.03094000008423	EXP	text_3: autoDraw = true
210.18322000000626	EXP	text_3: autoDraw = false
210.18322000000626	EXP	text_3: autoDraw = false
210.18322000000626	EXP	text_2: autoDraw = true
210.18322000000626	EXP	text_2: text = 0
210.2014200000558	EXP	text_2: text = 20
210.21498500008602	EXP	text_2: text = 33
210.23040500003844	EXP	text_2: text = 50
210.24773499998264	EXP	text_2: text = 67
210.2643500000704	EXP	text_2: text = 83
210.2809600000037	EXP	text_2: text = 100
210.29755999997724	EXP	text_2: text = 117
210.31420000002254	EXP	text_2: text = 133
210.33036500005983	EXP	text_2: text = 150
210.34756500006188	EXP	text_2: text = 167
210.3640950000845	EXP	text_2: text = 183
210.38078000000678	EXP	text_2: text = 200
210.3975250000367	EXP	text_2: text = 217
210.41422000003513	EXP	text_2: text = 233
210.43093000003137	EXP	text_2: text = 250
210.44766000006348	EXP	text_2: text = 267
210.45969500008505	DATA	Keydown:  
210.4655700000003	EXP	text_2: text = 283
210.4655700000003	EXP	text_2: autoDraw = false
210.4655700000003	EXP	Feedback: text = 277
210.4655700000003	EXP	Feedback: autoDraw = true
211.46429999999236	EXP	Feedback: autoDraw = false
211.46429999999236	EXP	Feedback: autoDraw = false
211.46429999999236	EXP	text_3: autoDraw = true
215.41646500001661	EXP	text_3: autoDraw = false
215.41646500001661	EXP	text_3: autoDraw = false
215.41646500001661	EXP	text_2: autoDraw = true
215.41646500001661	EXP	text_2: text = 0
215.4312449999852	EXP	text_2: text = 17
215.44789499999024	EXP	text_2: text = 33
215.46444500004873	EXP	text_2: text = 50
215.4810999999754	EXP	text_2: text = 66
215.49790499999654	EXP	text_2: text = 83
215.5145650000777	EXP	text_2: text = 100
215.5311900000088	EXP	text_2: text = 117
215.54787000000942	EXP	text_2: text = 133
215.56438500003424	EXP	text_2: text = 150
215.58110000006855	EXP	text_2: text = 166
215.59798000007868	EXP	text_2: text = 183
215.61447000002954	EXP	text_2: text = 200
215.6310999999987	EXP	text_2: text = 216
215.6472599999979	EXP	text_2: text = 233
215.6648549999809	EXP	text_2: text = 250
215.681184999994	EXP	text_2: text = 266
215.6979000000283	EXP	text_2: text = 283
215.7092100000009	DATA	Keydown:  
215.71643999998923	EXP	text_2: text = 300
215.71643999998923	EXP	text_2: autoDraw = false
215.71643999998923	EXP	Feedback: text = 293
215.71643999998923	EXP	Feedback: autoDraw = true
216.7145250000758	EXP	Feedback: autoDraw = false
216.7145250000758	EXP	Feedback: autoDraw = false
216.7145250000758	EXP	text_3: autoDraw = true
218.83224000001792	EXP	text_3: autoDraw = false
218.83224000001792	EXP	text_3: autoDraw = false
218.83224000001792	EXP	text_2: autoDraw = true
218.83224000001792	EXP	text_2: text = 0
218.8482200000435	EXP	text_2: text = 17
218.86488500004634	EXP	text_2: text = 33
218.8814049999928	EXP	text_2: text = 50
218.8980600000359	EXP	text_2: text = 67
218.91469000000507	EXP	text_2: text = 83
218.93138000008184	EXP	text_2: text = 100
218.94800500001293	EXP	text_2: text = 117
218.96463000006042	EXP	text_2: text = 133
218.9812849999871	EXP	text_2: text = 150
218.99790499999654	EXP	text_2: text = 167
219.01461000007112	EXP	text_2: text = 183
219.03131500002928	EXP	text_2: text = 200
219.04795500007458	EXP	text_2: text = 217
219.06469000002835	EXP	text_2: text = 233
219.0812600000063	EXP	text_2: text = 250
219.097870000056	EXP	text_2: text = 267
219.11450500006322	EXP	text_2: text = 283
219.131315000006	EXP	text_2: text = 300
219.14786500006448	EXP	text_2: text = 317
219.16523000004236	EXP	text_2: text = 334
219.18050500005484	EXP	text_2: text = 350
219.19731499999762	EXP	text_2: text = 367
219.21395000000484	EXP	text_2: text = 383
219.23069500003476	EXP	text_2: text = 400
219.24736500007566	EXP	text_2: text = 417
219.26399500004482	EXP	text_2: text = 433
219.26922999997623	DATA	Keydown:  
219.28182999999262	EXP	text_2: text = 450
219.28182999999262	EXP	text_2: autoDraw = false
219.28182999999262	EXP	Feedback: text = 437
219.28182999999262	EXP	Feedback: autoDraw = true
220.28094000008423	EXP	Feedback: autoDraw = false
220.28094000008423	EXP	Feedback: autoDraw = false
220.28094000008423	EXP	text_3: autoDraw = true
227.11588499997742	EXP	text_3: autoDraw = false
227.11588499997742	EXP	text_3: autoDraw = false
227.11588499997742	EXP	text_2: autoDraw = true
227.11588499997742	EXP	text_2: text = 0
227.13146000006236	EXP	text_2: text = 17
227.1480950000696	EXP	text_2: text = 33
227.16473000007682	EXP	text_2: text = 50
227.18141000007745	EXP	text_2: text = 67
227.19813000003342	EXP	text_2: text = 83
227.2143400000641	EXP	text_2: text = 100
227.23155500006396	EXP	text_2: text = 117
227.24821500002872	EXP	text_2: text = 133
227.26483500003815	EXP	text_2: text = 150
227.28148500004318	EXP	text_2: text = 167
227.2982000000775	EXP	text_2: text = 183
227.31484500004444	EXP	text_2: text = 200
227.33151000004727	EXP	text_2: text = 217
227.3475900000194	EXP	text_2: text = 233
227.3648449999746	EXP	text_2: text = 250
227.36952499998733	DATA	Keydown:  
227.38272500003222	EXP	text_2: text = 267
227.38272500003222	EXP	text_2: autoDraw = false
227.38272500003222	EXP	Feedback: text = 254
227.38272500003222	EXP	Feedback: autoDraw = true
228.3816550000338	EXP	Feedback: autoDraw = false
228.3816550000338	EXP	Feedback: autoDraw = false
228.3816550000338	EXP	text_3: autoDraw = true
231.72917499998584	DATA	Keydown: Escape
