2.7294300000648946	EXP	Created Window = Window( name=Window, fullscr=true, color=#000000, units=height, waitBlanking=true, autoLog=true, size=[1536,722] )
6.386535000056028	DATA	Keydown: Shift
6.59014000010211	DATA	Keydown: M
6.839620000100695	DATA	Keydown: D
8.599065000074916	DATA	Keydown: 1
8.90381500008516	DATA	Keydown: 9
9.214955000090413	DATA	Keydown: 1
9.719965000054799	DATA	Keydown: 4
10.108695000060834	DATA	Keydown: 8
16.82032500009518	EXP	Created text = TextStim( name=text, win=Window( name=Window, fullscr=true, color=#000000, ~), autoDraw=null, autoLog=true, units=height, ori=null, opacity=1, pos=[0,0], size=undefined, text=INSTRUCTIONS [EN]


A counter will appear and star~, font=Arial, color=#FFFFFF, contrast=1, height=0.03, bold=null, italic=null, alignHoriz=left, alignVert=center, wrapWidth=1, flipHoriz=null, flipVert=null )
16.821320000104606	EXP	Created text_3 = TextStim( name=text_3, win=Window( name=Window, fullscr=true, color=#000000, ~), autoDraw=null, autoLog=true, units=height, ori=null, opacity=1, pos=[0,0], size=undefined, text=null, font=Arial, color=#FFFFFF, contrast=1, height=0.1, bold=null, italic=null, alignHoriz=left, alignVert=center, wrapWidth=1, flipHoriz=null, flipVert=null )
16.8219950000057	EXP	Created text_2 = TextStim( name=text_2, win=Window( name=Window, fullscr=true, color=#000000, ~), autoDraw=null, autoLog=true, units=height, ori=null, opacity=1, pos=[0,0], size=undefined, text=default text, font=Arial, color=#ff0000, contrast=1, height=0.15, bold=null, italic=null, alignHoriz=left, alignVert=center, wrapWidth=1, flipHoriz=null, flipVert=null )
16.822565000038594	EXP	Created Feedback = TextStim( name=Feedback, win=Window( name=Window, fullscr=true, color=#000000, ~), autoDraw=null, autoLog=true, units=height, ori=null, opacity=1, pos=[0,0], size=undefined, text=default text, font=Arial, color=#ff0000, contrast=1, height=0.15, bold=null, italic=null, alignHoriz=left, alignVert=center, wrapWidth=1, flipHoriz=null, flipVert=null )
16.82303500000853	EXP	Created End_text = TextStim( name=End_text, win=Window( name=Window, fullscr=true, color=#000000, ~), autoDraw=null, autoLog=true, units=height, ori=null, opacity=1, pos=[0,0], size=undefined, text=This study aimed to look at procedural learning, i~, font=Arial, color=#FFFFFF, contrast=1, height=0.025, bold=null, italic=null, alignHoriz=left, alignVert=center, wrapWidth=1, flipHoriz=null, flipVert=null )
16.87953000003472	EXP	text: units = "height"
16.87953000003472	EXP	text: ori = 0
16.87953000003472	EXP	text: opacity = 1
16.87953000003472	EXP	text: pos = [0,0]
16.87953000003472	EXP	text: size = undefined
16.87953000003472	EXP	text: text = "INSTRUCTIONS [EN]\n\n\nA counter will appear and start counting at random times, press SPACE as fast as possible when it appears.\n\n\nPress SPACE to start\n\n-------\n\nInstruções [PT]\n\n\nUm cronómetro vai aparecer e começar a contar aleatoriamente, pressione a tecla SPACE assim que ele aparecer.\n\n\nPressiona SPACE para começar."
16.87953000003472	EXP	text: font = "Arial"
16.87953000003472	EXP	text: color = {"_hex":"#FFFFFF","_rgb":[1,1,1]}
16.87953000003472	EXP	text: contrast = 1
16.87953000003472	EXP	text: height = 0.03
16.87953000003472	EXP	text: bold = false
16.87953000003472	EXP	text: italic = false
16.87953000003472	EXP	text: alignHoriz = "left"
16.87953000003472	EXP	text: alignVert = "center"
16.87953000003472	EXP	text: wrapWidth = 1
16.87953000003472	EXP	text: flipHoriz = false
16.87953000003472	EXP	text: flipVert = false
16.87953000003472	EXP	text_3: units = "height"
16.87953000003472	EXP	text_3: ori = 0
16.87953000003472	EXP	text_3: opacity = 1
16.87953000003472	EXP	text_3: pos = [0,0]
16.87953000003472	EXP	text_3: size = undefined
16.87953000003472	EXP	text_3: text = ""
16.87953000003472	EXP	text_3: font = "Arial"
16.87953000003472	EXP	text_3: color = {"_hex":"#FFFFFF","_rgb":[1,1,1]}
16.87953000003472	EXP	text_3: contrast = 1
16.87953000003472	EXP	text_3: height = 0.1
16.87953000003472	EXP	text_3: bold = false
16.87953000003472	EXP	text_3: italic = false
16.87953000003472	EXP	text_3: alignHoriz = "left"
16.87953000003472	EXP	text_3: alignVert = "center"
16.87953000003472	EXP	text_3: wrapWidth = 1
16.87953000003472	EXP	text_3: flipHoriz = false
16.87953000003472	EXP	text_3: flipVert = false
16.87953000003472	EXP	text_2: units = "height"
16.87953000003472	EXP	text_2: ori = 0
16.87953000003472	EXP	text_2: opacity = 1
16.87953000003472	EXP	text_2: pos = [0,0]
16.87953000003472	EXP	text_2: size = undefined
16.87953000003472	EXP	text_2: text = "default text"
16.87953000003472	EXP	text_2: font = "Arial"
16.87953000003472	EXP	text_2: color = {"_rgb":[1,0,0]}
16.87953000003472	EXP	text_2: contrast = 1
16.87953000003472	EXP	text_2: height = 0.15
16.87953000003472	EXP	text_2: bold = false
16.87953000003472	EXP	text_2: italic = false
16.87953000003472	EXP	text_2: alignHoriz = "left"
16.87953000003472	EXP	text_2: alignVert = "center"
16.87953000003472	EXP	text_2: wrapWidth = 1
16.87953000003472	EXP	text_2: flipHoriz = false
16.87953000003472	EXP	text_2: flipVert = false
16.87953000003472	EXP	Feedback: units = "height"
16.87953000003472	EXP	Feedback: ori = 0
16.87953000003472	EXP	Feedback: opacity = 1
16.87953000003472	EXP	Feedback: pos = [0,0]
16.87953000003472	EXP	Feedback: size = undefined
16.87953000003472	EXP	Feedback: text = "default text"
16.87953000003472	EXP	Feedback: font = "Arial"
16.87953000003472	EXP	Feedback: color = {"_rgb":[1,0,0]}
16.87953000003472	EXP	Feedback: contrast = 1
16.87953000003472	EXP	Feedback: height = 0.15
16.87953000003472	EXP	Feedback: bold = false
16.87953000003472	EXP	Feedback: italic = false
16.87953000003472	EXP	Feedback: alignHoriz = "left"
16.87953000003472	EXP	Feedback: alignVert = "center"
16.87953000003472	EXP	Feedback: wrapWidth = 1
16.87953000003472	EXP	Feedback: flipHoriz = false
16.87953000003472	EXP	Feedback: flipVert = false
16.87953000003472	EXP	End_text: units = "height"
16.87953000003472	EXP	End_text: ori = 0
16.87953000003472	EXP	End_text: opacity = 1
16.87953000003472	EXP	End_text: pos = [0,0]
16.87953000003472	EXP	End_text: size = undefined
16.87953000003472	EXP	End_text: text = "This study aimed to look at procedural learning, i.e. our ability to extract patterns from the input that we are constantly receiving. This skill is thought to be essential for language and literacy acquisition and has been suggested as a possible underlying difficult in children with Language Impairments and Dyslexia. This study aims to improve the measures of procedural learning (the smiley face task) so that we can measure procedural learning more reliably and, in the future, analyse the performance of individuals with learning impairments.\nThank you for participating!\n\n----\n\nEste estudo tem como objectivo analisar a nossa capacidade de extrair padrões da informação que estamos constantemente a receber. Pensa-se que esta competência é essencial para a aquisição da linguagem e literacia e foi sugerido que dificuldades neste tipo de competências poderá estar relacionado com perturbações da linguagem e Dislexia. Este estudo tem como objectivo melhorar a estabilidade das medidas usadas para medir este tipo de memória (a tarefa da cara sorridente) de forma a poder medir de forma mais precisa e, no futuro, analisar a performance de indivíduos com perturbações da aprendizagem. \nMuito obrigada por ter participado!"
16.87953000003472	EXP	End_text: font = "Arial"
16.87953000003472	EXP	End_text: color = {"_hex":"#FFFFFF","_rgb":[1,1,1]}
16.87953000003472	EXP	End_text: contrast = 1
16.87953000003472	EXP	End_text: height = 0.025
16.87953000003472	EXP	End_text: bold = false
16.87953000003472	EXP	End_text: italic = false
16.87953000003472	EXP	End_text: alignHoriz = "left"
16.87953000003472	EXP	End_text: alignVert = "center"
16.87953000003472	EXP	End_text: wrapWidth = 1
16.87953000003472	EXP	End_text: flipHoriz = false
16.87953000003472	EXP	End_text: flipVert = false
16.87953000003472	EXP	text: autoDraw = true
24.151110000093468	DATA	Keydown:  
24.1754400000209	EXP	text: autoDraw = false
24.1754400000209	EXP	text_3: autoDraw = true
32.494449999998324	EXP	text_3: autoDraw = false
32.494449999998324	EXP	text_3: autoDraw = false
32.494449999998324	EXP	text_2: autoDraw = true
32.494449999998324	EXP	text_2: text = 0
32.51477500004694	EXP	text_2: text = 232
32.53262000007089	EXP	text_2: text = 248
32.54921000008471	EXP	text_2: text = 265
32.56604000006337	EXP	text_2: text = 282
32.58263000007719	EXP	text_2: text = 300
32.597140000085346	EXP	text_2: text = 315
32.62945500004571	EXP	text_2: text = 332
32.64730000006966	EXP	text_2: text = 365
32.663975000032224	EXP	text_2: text = 382
32.680665000109	EXP	text_2: text = 398
32.69835500000045	EXP	text_2: text = 415
32.7138350000605	EXP	text_2: text = 432
32.73059000005014	EXP	text_2: text = 448
32.74729000008665	EXP	text_2: text = 465
32.764185000094585	EXP	text_2: text = 482
32.780585000058636	EXP	text_2: text = 498
32.79746500006877	EXP	text_2: text = 515
32.81369000009727	EXP	text_2: text = 532
32.83059500006493	EXP	text_2: text = 548
32.84698500006925	EXP	text_2: text = 565
32.8637550000567	EXP	text_2: text = 582
32.86836000008043	DATA	Keydown:  
32.88278500002343	EXP	text_2: text = 598
32.88278500002343	EXP	text_2: autoDraw = false
32.88278500002343	EXP	Feedback: text = 374
32.88278500002343	EXP	Feedback: autoDraw = true
33.88044500001706	EXP	Feedback: autoDraw = false
33.88044500001706	EXP	Feedback: autoDraw = false
33.88044500001706	EXP	text_3: autoDraw = true
37.04652500001248	EXP	text_3: autoDraw = false
37.04652500001248	EXP	text_3: autoDraw = false
37.04652500001248	EXP	text_2: autoDraw = true
37.04652500001248	EXP	text_2: text = 0
37.06281000003219	EXP	text_2: text = 17
37.07942000008188	EXP	text_2: text = 33
37.096320000011474	EXP	text_2: text = 50
37.11265500006266	EXP	text_2: text = 66
37.12974000000395	EXP	text_2: text = 83
37.14647999999579	EXP	text_2: text = 100
37.16318500007037	EXP	text_2: text = 117
37.179530000081286	EXP	text_2: text = 133
37.19598499999847	EXP	text_2: text = 150
37.2128500000108	EXP	text_2: text = 167
37.22933000000194	EXP	text_2: text = 183
37.24606500007212	EXP	text_2: text = 200
37.26296000008006	EXP	text_2: text = 217
37.27938500000164	EXP	text_2: text = 233
37.29609000007622	EXP	text_2: text = 250
37.31285500002559	EXP	text_2: text = 267
37.32948000007309	EXP	text_2: text = 283
37.345900000073016	EXP	text_2: text = 300
37.36281500000041	EXP	text_2: text = 317
37.36423500010278	DATA	Keydown:  
37.38000500004273	EXP	text_2: text = 333
37.38000500004273	EXP	text_2: autoDraw = false
37.38000500004273	EXP	Feedback: text = 318
37.38000500004273	EXP	Feedback: autoDraw = true
38.37988000002224	EXP	Feedback: autoDraw = false
38.37988000002224	EXP	Feedback: autoDraw = false
38.37988000002224	EXP	text_3: autoDraw = true
44.31186000001617	EXP	text_3: autoDraw = false
44.31186000001617	EXP	text_3: autoDraw = false
44.31186000001617	EXP	text_2: autoDraw = true
44.31186000001617	EXP	text_2: text = 0
44.32783500000369	EXP	text_2: text = 16
44.34463000006508	EXP	text_2: text = 33
44.36116000008769	EXP	text_2: text = 50
44.37771500006784	EXP	text_2: text = 66
44.394510000012815	EXP	text_2: text = 83
44.41122000000905	EXP	text_2: text = 100
44.42804500006605	EXP	text_2: text = 116
44.44401000009384	EXP	text_2: text = 133
44.46115000010468	EXP	text_2: text = 150
44.47787000006065	EXP	text_2: text = 166
44.49435000005178	EXP	text_2: text = 183
44.51113500003703	EXP	text_2: text = 200
44.527685000095516	EXP	text_2: text = 216
44.54433000006247	EXP	text_2: text = 233
44.56129000009969	EXP	text_2: text = 250
44.57780000008643	EXP	text_2: text = 266
44.59447500004899	EXP	text_2: text = 283
44.61352000001352	EXP	text_2: text = 301
44.61514000000898	DATA	Keydown:  
44.62823500006925	EXP	text_2: text = 316
44.62823500006925	EXP	text_2: autoDraw = false
44.62823500006925	EXP	Feedback: text = 303
44.62823500006925	EXP	Feedback: autoDraw = true
45.62715499999467	EXP	Feedback: autoDraw = false
45.62715499999467	EXP	Feedback: autoDraw = false
45.62715499999467	EXP	text_3: autoDraw = true
54.42634000000544	EXP	text_3: autoDraw = false
54.42634000000544	EXP	text_3: autoDraw = false
54.42634000000544	EXP	text_2: autoDraw = true
54.42634000000544	EXP	text_2: text = 0
54.441925000050105	EXP	text_2: text = 17
54.45855500001926	EXP	text_2: text = 33
54.47542500006966	EXP	text_2: text = 50
54.491890000062995	EXP	text_2: text = 67
54.50848499999847	EXP	text_2: text = 83
54.5253050000174	EXP	text_2: text = 100
54.54231000004802	EXP	text_2: text = 117
54.55850000004284	EXP	text_2: text = 133
54.575395000050776	EXP	text_2: text = 150
54.591905000037514	EXP	text_2: text = 166
54.608560000080615	EXP	text_2: text = 183
54.62512500002049	EXP	text_2: text = 200
54.64198499999475	EXP	text_2: text = 217
54.65869000006933	EXP	text_2: text = 233
54.67510000010952	EXP	text_2: text = 250
54.69200500007719	EXP	text_2: text = 266
54.70842999999877	EXP	text_2: text = 283
54.72541000007186	EXP	text_2: text = 300
54.742030000081286	EXP	text_2: text = 316
54.74352500005625	DATA	Keydown:  
54.76028500008397	EXP	text_2: text = 333
54.76028500008397	EXP	text_2: autoDraw = false
54.76028500008397	EXP	Feedback: text = 317
54.76028500008397	EXP	Feedback: autoDraw = true
55.75802500010468	EXP	Feedback: autoDraw = false
55.75802500010468	EXP	Feedback: autoDraw = false
55.75802500010468	EXP	text_3: autoDraw = true
60.25808000005782	EXP	text_3: autoDraw = false
60.25808000005782	EXP	text_3: autoDraw = false
60.25808000005782	EXP	text_2: autoDraw = true
60.25808000005782	EXP	text_2: text = 0
60.274115000036545	EXP	text_2: text = 17
60.29107000003569	EXP	text_2: text = 33
60.30751500010956	EXP	text_2: text = 50
60.323945000069216	EXP	text_2: text = 67
60.34052500000689	EXP	text_2: text = 83
60.35733500006609	EXP	text_2: text = 100
60.37382000009529	EXP	text_2: text = 117
60.39069000002928	EXP	text_2: text = 133
60.40735500003211	EXP	text_2: text = 150
60.42383000010159	EXP	text_2: text = 166
60.44078000006266	EXP	text_2: text = 183
60.457320000045	EXP	text_2: text = 200
60.47378500003833	EXP	text_2: text = 217
60.49048000003677	EXP	text_2: text = 233
60.50759500009008	EXP	text_2: text = 250
60.52366500010248	EXP	text_2: text = 266
60.540905000059865	EXP	text_2: text = 283
60.559089999995194	EXP	text_2: text = 301
60.573810000089	EXP	text_2: text = 316
60.590545000042766	EXP	text_2: text = 333
60.607255000039004	EXP	text_2: text = 350
60.62402000010479	EXP	text_2: text = 366
60.64048000006005	EXP	text_2: text = 383
60.65727500000503	EXP	text_2: text = 400
60.666795000084676	DATA	Keydown:  
60.67421000008471	EXP	text_2: text = 417
60.67421000008471	EXP	text_2: autoDraw = false
60.67421000008471	EXP	Feedback: text = 409
60.67421000008471	EXP	Feedback: autoDraw = true
61.67315500008408	EXP	Feedback: autoDraw = false
61.67315500008408	EXP	Feedback: autoDraw = false
61.67315500008408	EXP	text_3: autoDraw = true
66.67278500006068	EXP	text_3: autoDraw = false
66.67278500006068	EXP	text_3: autoDraw = false
66.67278500006068	EXP	text_2: autoDraw = true
66.67278500006068	EXP	text_2: text = 0
66.68885000003502	EXP	text_2: text = 17
66.70583000010811	EXP	text_2: text = 33
66.72245000000112	EXP	text_2: text = 50
66.73919000010937	EXP	text_2: text = 67
66.75593000010122	EXP	text_2: text = 83
66.77243500004988	EXP	text_2: text = 100
66.7891950000776	EXP	text_2: text = 117
66.80570500006434	EXP	text_2: text = 133
66.8223650000291	EXP	text_2: text = 150
66.83886000001803	EXP	text_2: text = 167
66.85580000001937	EXP	text_2: text = 183
66.8728500000434	EXP	text_2: text = 200
66.8890900000697	EXP	text_2: text = 217
66.9005800000159	DATA	Keydown:  
66.90603500010911	EXP	text_2: text = 233
66.90603500010911	EXP	text_2: autoDraw = false
66.90603500010911	EXP	Feedback: text = 228
66.90603500010911	EXP	Feedback: autoDraw = true
67.90528000006452	EXP	Feedback: autoDraw = false
67.90528000006452	EXP	Feedback: autoDraw = false
67.90528000006452	EXP	text_3: autoDraw = true
73.45461500005331	EXP	text_3: autoDraw = false
73.45461500005331	EXP	text_3: autoDraw = false
73.45461500005331	EXP	text_2: autoDraw = true
73.45461500005331	EXP	text_2: text = 0
73.47065000003204	EXP	text_2: text = 16
73.48740000010002	EXP	text_2: text = 33
73.50408500002231	EXP	text_2: text = 50
73.52070000011008	EXP	text_2: text = 67
73.53766500006896	EXP	text_2: text = 83
73.55400000000373	EXP	text_2: text = 100
73.57097500003874	EXP	text_2: text = 117
73.58796000003349	EXP	text_2: text = 133
73.6040750000393	EXP	text_2: text = 150
73.62089500005823	EXP	text_2: text = 167
73.63760500005446	EXP	text_2: text = 183
73.65420500002801	EXP	text_2: text = 200
73.67084500007331	EXP	text_2: text = 217
73.68774000008125	EXP	text_2: text = 233
73.70421500003431	EXP	text_2: text = 250
73.70559000002686	DATA	Keydown:  
73.72139500000048	EXP	text_2: text = 267
73.72139500000048	EXP	text_2: autoDraw = false
73.72139500000048	EXP	Feedback: text = 251
73.72139500000048	EXP	Feedback: autoDraw = true
74.72019000002183	EXP	Feedback: autoDraw = false
74.72019000002183	EXP	Feedback: autoDraw = false
74.72019000002183	EXP	text_3: autoDraw = true
78.11999999999534	EXP	text_3: autoDraw = false
78.11999999999534	EXP	text_3: autoDraw = false
78.11999999999534	EXP	text_2: autoDraw = true
78.11999999999534	EXP	text_2: text = 0
78.13663500000257	EXP	text_2: text = 17
78.15294500009622	EXP	text_2: text = 33
78.16961500002071	EXP	text_2: text = 50
78.18632500001695	EXP	text_2: text = 67
78.20288500003517	EXP	text_2: text = 83
78.21974500000942	EXP	text_2: text = 100
78.23645500000566	EXP	text_2: text = 117
78.25303000002168	EXP	text_2: text = 133
78.2693750000326	EXP	text_2: text = 150
78.28646500001196	EXP	text_2: text = 167
78.30326000007335	EXP	text_2: text = 183
78.31982000009157	EXP	text_2: text = 200
78.33641500002705	EXP	text_2: text = 217
78.35338500002399	EXP	text_2: text = 233
78.36986500001512	EXP	text_2: text = 250
78.38670500006992	EXP	text_2: text = 267
78.40320000005886	EXP	text_2: text = 283
78.41955000010785	EXP	text_2: text = 300
78.4363500000909	EXP	text_2: text = 317
78.45300000009593	EXP	text_2: text = 333
78.46168000006583	DATA	Keydown:  
78.4703350000782	EXP	text_2: text = 350
78.4703350000782	EXP	text_2: autoDraw = false
78.4703350000782	EXP	Feedback: text = 342
78.4703350000782	EXP	Feedback: autoDraw = true
79.4689950000029	EXP	Feedback: autoDraw = false
79.4689950000029	EXP	Feedback: autoDraw = false
79.4689950000029	EXP	text_3: autoDraw = true
86.66808500001207	EXP	text_3: autoDraw = false
86.66808500001207	EXP	text_3: autoDraw = false
86.66808500001207	EXP	text_2: autoDraw = true
86.66808500001207	EXP	text_2: text = 0
86.68422000005376	EXP	text_2: text = 17
86.70083000010345	EXP	text_2: text = 33
86.71770000003744	EXP	text_2: text = 50
86.73447000002488	EXP	text_2: text = 66
86.75080999999773	EXP	text_2: text = 83
86.76774999999907	EXP	text_2: text = 100
86.78452500002459	EXP	text_2: text = 117
86.80087999999523	EXP	text_2: text = 133
86.8179100000998	EXP	text_2: text = 150
86.83436500001699	EXP	text_2: text = 167
86.85098000010476	EXP	text_2: text = 183
86.86784500000067	EXP	text_2: text = 200
86.88464500010014	EXP	text_2: text = 216
86.88638000003994	DATA	Keydown:  
86.90129500010516	EXP	text_2: text = 233
86.90129500010516	EXP	text_2: autoDraw = false
86.90129500010516	EXP	Feedback: text = 218
86.90129500010516	EXP	Feedback: autoDraw = true
87.90026500006206	EXP	Feedback: autoDraw = false
87.90026500006206	EXP	Feedback: autoDraw = false
87.90026500006206	EXP	text_3: autoDraw = true
92.81659500009846	EXP	text_3: autoDraw = false
92.81659500009846	EXP	text_3: autoDraw = false
92.81659500009846	EXP	text_2: autoDraw = true
92.81659500009846	EXP	text_2: text = 0
92.83258000004571	EXP	text_2: text = 17
92.84953500004485	EXP	text_2: text = 33
92.86598000000231	EXP	text_2: text = 50
92.88272500003222	EXP	text_2: text = 67
92.89932500000577	EXP	text_2: text = 83
92.91643500002101	EXP	text_2: text = 100
92.93307500006631	EXP	text_2: text = 117
92.94939000008162	EXP	text_2: text = 133
92.96628000005148	EXP	text_2: text = 150
92.98288000002503	EXP	text_2: text = 167
92.99973000003956	EXP	text_2: text = 183
93.01598000002559	EXP	text_2: text = 200
93.03290000010747	EXP	text_2: text = 217
93.04974500008393	EXP	text_2: text = 233
93.06301500007976	DATA	Keydown:  
93.06687500001863	EXP	text_2: text = 250
93.06687500001863	EXP	text_2: autoDraw = false
93.06687500001863	EXP	Feedback: text = 246
93.06687500001863	EXP	Feedback: autoDraw = true
94.06532000005245	EXP	Feedback: autoDraw = false
94.06532000005245	EXP	Feedback: autoDraw = false
94.06532000005245	EXP	text_3: autoDraw = true
102.78068500000518	EXP	text_3: autoDraw = false
102.78068500000518	EXP	text_3: autoDraw = false
102.78068500000518	EXP	text_2: autoDraw = true
102.78068500000518	EXP	text_2: text = 0
102.79708500008564	EXP	text_2: text = 17
102.81354000000283	EXP	text_2: text = 33
102.83031000010669	EXP	text_2: text = 50
102.84706500009634	EXP	text_2: text = 67
102.86380500008818	EXP	text_2: text = 83
102.88039000006393	EXP	text_2: text = 100
102.89728000003379	EXP	text_2: text = 117
102.91379000002053	EXP	text_2: text = 133
102.93001000001095	EXP	text_2: text = 150
102.9471500000218	EXP	text_2: text = 167
102.96433000010438	EXP	text_2: text = 183
102.9803200000897	EXP	text_2: text = 200
102.99714000010863	EXP	text_2: text = 217
103.01365000009537	EXP	text_2: text = 233
103.03045000007842	EXP	text_2: text = 250
103.04721000010613	EXP	text_2: text = 267
103.06385999999475	EXP	text_2: text = 283
103.07541500008665	DATA	Keydown:  
103.08078000007663	EXP	text_2: text = 300
103.08078000007663	EXP	text_2: autoDraw = false
103.08078000007663	EXP	Feedback: text = 295
103.08078000007663	EXP	Feedback: autoDraw = true
104.0797100000782	EXP	Feedback: autoDraw = false
104.0797100000782	EXP	Feedback: autoDraw = false
104.0797100000782	EXP	text_3: autoDraw = true
110.24551000003703	EXP	text_3: autoDraw = false
110.24551000003703	EXP	text_3: autoDraw = false
110.24551000003703	EXP	text_2: autoDraw = true
110.24551000003703	EXP	text_2: text = 0
110.26173000002746	EXP	text_2: text = 17
110.27852500008885	EXP	text_2: text = 33
110.29545500001404	EXP	text_2: text = 50
110.31212000001688	EXP	text_2: text = 67
110.32856500009075	EXP	text_2: text = 83
110.34525500005111	EXP	text_2: text = 100
110.36242000001948	EXP	text_2: text = 117
110.37853000010364	EXP	text_2: text = 133
110.39537000004202	EXP	text_2: text = 150
110.41246500005946	EXP	text_2: text = 167
110.42861000006087	EXP	text_2: text = 183
110.44522500003222	EXP	text_2: text = 200
110.453925000038	DATA	Keydown:  
110.46232000004966	EXP	text_2: text = 217
110.46232000004966	EXP	text_2: autoDraw = false
110.46232000004966	EXP	Feedback: text = 208
110.46232000004966	EXP	Feedback: autoDraw = true
111.46134500007611	EXP	Feedback: autoDraw = false
111.46134500007611	EXP	Feedback: autoDraw = false
111.46134500007611	EXP	text_3: autoDraw = true
118.91013000009116	EXP	text_3: autoDraw = false
118.91013000009116	EXP	text_3: autoDraw = false
118.91013000009116	EXP	text_2: autoDraw = true
118.91013000009116	EXP	text_2: text = 0
118.92661000008229	EXP	text_2: text = 17
118.94319500005804	EXP	text_2: text = 33
118.96001999999862	EXP	text_2: text = 50
118.97671499999706	EXP	text_2: text = 67
118.99330000008922	EXP	text_2: text = 83
119.01022500009276	EXP	text_2: text = 100
119.02699000004213	EXP	text_2: text = 117
119.04361000005156	EXP	text_2: text = 133
119.05996000010055	EXP	text_2: text = 150
119.07672500004992	EXP	text_2: text = 167
119.09335500001907	EXP	text_2: text = 183
119.10997000010684	EXP	text_2: text = 200
119.12666500010528	EXP	text_2: text = 217
119.14316500001587	EXP	text_2: text = 233
119.16005500010215	EXP	text_2: text = 250
119.17675000010058	EXP	text_2: text = 267
119.17810500005726	DATA	Keydown:  
119.19392000010703	EXP	text_2: text = 283
119.19392000010703	EXP	text_2: autoDraw = false
119.19392000010703	EXP	Feedback: text = 268
119.19392000010703	EXP	Feedback: autoDraw = true
120.1923250000691	EXP	Feedback: autoDraw = false
120.1923250000691	EXP	Feedback: autoDraw = false
120.1923250000691	EXP	text_3: autoDraw = true
124.89195499999914	EXP	text_3: autoDraw = false
124.89195499999914	EXP	text_3: autoDraw = false
124.89195499999914	EXP	text_2: autoDraw = true
124.89195499999914	EXP	text_2: text = 0
124.90876500005834	EXP	text_2: text = 17
124.92497500008903	EXP	text_2: text = 33
124.94197500008158	EXP	text_2: text = 50
124.95840000000317	EXP	text_2: text = 67
124.97534000000451	EXP	text_2: text = 83
124.99199500004761	EXP	text_2: text = 100
125.00870500004385	EXP	text_2: text = 117
125.02527000010014	EXP	text_2: text = 133
125.04162000003271	EXP	text_2: text = 150
125.05856500007212	EXP	text_2: text = 167
125.07536500005517	EXP	text_2: text = 183
125.09186000004411	EXP	text_2: text = 200
125.10865000006743	EXP	text_2: text = 217
125.12508000002708	EXP	text_2: text = 233
125.14212000009138	EXP	text_2: text = 250
125.15840000007302	EXP	text_2: text = 267
125.17538500006776	EXP	text_2: text = 283
125.1919100000523	EXP	text_2: text = 300
125.20855500001926	EXP	text_2: text = 317
125.22698500007391	EXP	text_2: text = 335
125.23141500004567	DATA	Keydown:  
125.24269500002265	EXP	text_2: text = 350
125.24269500002265	EXP	text_2: autoDraw = false
125.24269500002265	EXP	Feedback: text = 340
125.24269500002265	EXP	Feedback: autoDraw = true
126.24100999999791	EXP	Feedback: autoDraw = false
126.24100999999791	EXP	Feedback: autoDraw = false
126.24100999999791	EXP	text_3: autoDraw = true
135.18981000001077	EXP	text_3: autoDraw = false
135.18981000001077	EXP	text_3: autoDraw = false
135.18981000001077	EXP	text_2: autoDraw = true
135.18981000001077	EXP	text_2: text = 0
135.20588500006124	EXP	text_2: text = 17
135.2225600000238	EXP	text_2: text = 33
135.2393250000896	EXP	text_2: text = 50
135.25617000006605	EXP	text_2: text = 67
135.27273000008427	EXP	text_2: text = 83
135.28973000007682	EXP	text_2: text = 100
135.306184999994	EXP	text_2: text = 117
135.3227200000547	EXP	text_2: text = 133
135.33939500001725	EXP	text_2: text = 150
135.3561950000003	EXP	text_2: text = 167
135.37262999999803	EXP	text_2: text = 183
135.38925500004552	EXP	text_2: text = 200
135.40610000002198	EXP	text_2: text = 217
135.42257500009146	EXP	text_2: text = 233
135.43352500000037	DATA	Keydown:  
135.4399450001074	EXP	text_2: text = 250
135.4399450001074	EXP	text_2: autoDraw = false
135.4399450001074	EXP	Feedback: text = 244
135.4399450001074	EXP	Feedback: autoDraw = true
136.43873500009067	EXP	Feedback: autoDraw = false
136.43873500009067	EXP	Feedback: autoDraw = false
136.43873500009067	EXP	text_3: autoDraw = true
142.4546000000555	EXP	text_3: autoDraw = false
142.4546000000555	EXP	text_3: autoDraw = false
142.4546000000555	EXP	text_2: autoDraw = true
142.4546000000555	EXP	text_2: text = 0
142.47116499999538	EXP	text_2: text = 17
142.48776000004727	EXP	text_2: text = 33
142.50424999999814	EXP	text_2: text = 50
142.5208050000947	EXP	text_2: text = 67
142.53755500004627	EXP	text_2: text = 83
142.55416500009596	EXP	text_2: text = 100
142.57100500003435	EXP	text_2: text = 117
142.5876649999991	EXP	text_2: text = 133
142.60433500004	EXP	text_2: text = 150
142.62106000003405	EXP	text_2: text = 167
142.63730500009842	EXP	text_2: text = 183
142.65432500001043	EXP	text_2: text = 200
142.67096000001766	EXP	text_2: text = 217
142.68772500008345	EXP	text_2: text = 233
142.70431500009727	EXP	text_2: text = 250
142.72124500002246	EXP	text_2: text = 267
142.73770500009414	EXP	text_2: text = 283
142.74989000009373	DATA	Keydown:  
142.75542000005953	EXP	text_2: text = 300
142.75542000005953	EXP	text_2: autoDraw = false
142.75542000005953	EXP	Feedback: text = 295
142.75542000005953	EXP	Feedback: autoDraw = true
143.75377000006847	EXP	Feedback: autoDraw = false
143.75377000006847	EXP	Feedback: autoDraw = false
143.75377000006847	EXP	text_3: autoDraw = true
148.7196550000226	EXP	text_3: autoDraw = false
148.7196550000226	EXP	text_3: autoDraw = false
148.7196550000226	EXP	text_2: autoDraw = true
148.7196550000226	EXP	text_2: text = 0
148.73594000004232	EXP	text_2: text = 17
148.75299000006635	EXP	text_2: text = 33
148.7697750000516	EXP	text_2: text = 50
148.78636500006542	EXP	text_2: text = 67
148.80261500005145	EXP	text_2: text = 83
148.81973000010476	EXP	text_2: text = 100
148.83643500006292	EXP	text_2: text = 117
148.85268500004895	EXP	text_2: text = 133
148.8695000000298	EXP	text_2: text = 150
148.88608500000555	EXP	text_2: text = 167
148.9028249999974	EXP	text_2: text = 183
148.91936500009615	EXP	text_2: text = 200
148.9361500000814	EXP	text_2: text = 217
148.9526500001084	EXP	text_2: text = 233
148.96948000008706	EXP	text_2: text = 250
148.97109500004444	DATA	Keydown:  
148.9866800000891	EXP	text_2: text = 267
148.9866800000891	EXP	text_2: autoDraw = false
148.9866800000891	EXP	Feedback: text = 252
148.9866800000891	EXP	Feedback: autoDraw = true
149.9852200000314	EXP	Feedback: autoDraw = false
149.9852200000314	EXP	Feedback: autoDraw = false
149.9852200000314	EXP	text_3: autoDraw = true
154.61849000002258	EXP	text_3: autoDraw = false
154.61849000002258	EXP	text_3: autoDraw = false
154.61849000002258	EXP	text_2: autoDraw = true
154.61849000002258	EXP	text_2: text = 0
154.63460000010673	EXP	text_2: text = 17
154.65128000010736	EXP	text_2: text = 33
154.66796500002965	EXP	text_2: text = 50
154.6848600000376	EXP	text_2: text = 67
154.701805000077	EXP	text_2: text = 83
154.71809500001837	EXP	text_2: text = 100
154.7350650000153	EXP	text_2: text = 117
154.7512600000482	EXP	text_2: text = 133
154.76823000004515	EXP	text_2: text = 150
154.78521000000183	EXP	text_2: text = 167
154.80140500003472	EXP	text_2: text = 183
154.81823500001337	EXP	text_2: text = 200
154.83472000004258	EXP	text_2: text = 216
154.85161500005051	EXP	text_2: text = 233
154.86823000002187	EXP	text_2: text = 250
154.88517500006128	EXP	text_2: text = 267
154.8868150000926	DATA	Keydown:  
154.9019500000868	EXP	text_2: text = 283
154.9019500000868	EXP	text_2: autoDraw = false
154.9019500000868	EXP	Feedback: text = 268
154.9019500000868	EXP	Feedback: autoDraw = true
155.9007650000276	EXP	Feedback: autoDraw = false
155.9007650000276	EXP	Feedback: autoDraw = false
155.9007650000276	EXP	text_3: autoDraw = true
164.61608500010334	EXP	text_3: autoDraw = false
164.61608500010334	EXP	text_3: autoDraw = false
164.61608500010334	EXP	text_2: autoDraw = true
164.61608500010334	EXP	text_2: text = 0
164.63213500007987	EXP	text_2: text = 17
164.64894500002265	EXP	text_2: text = 33
164.665559999994	EXP	text_2: text = 50
164.68225000007078	EXP	text_2: text = 67
164.69933500001207	EXP	text_2: text = 83
164.7157100000186	EXP	text_2: text = 100
164.7325650000712	EXP	text_2: text = 117
164.74889000004623	EXP	text_2: text = 133
164.7659800000256	EXP	text_2: text = 150
164.7820050000446	EXP	text_2: text = 167
164.79891500005033	EXP	text_2: text = 183
164.81599500006996	EXP	text_2: text = 200
164.83242500002962	EXP	text_2: text = 217
164.8488700001035	EXP	text_2: text = 233
164.8657349999994	EXP	text_2: text = 250
164.88233500008937	EXP	text_2: text = 267
164.89955500001088	EXP	text_2: text = 283
164.91583000007086	EXP	text_2: text = 300
164.92119000002276	DATA	Keydown:  
164.9325850000605	EXP	text_2: text = 317
164.9325850000605	EXP	text_2: autoDraw = false
164.9325850000605	EXP	Feedback: text = 305
164.9325850000605	EXP	Feedback: autoDraw = true
165.93162000004668	EXP	Feedback: autoDraw = false
165.93162000004668	EXP	Feedback: autoDraw = false
165.93162000004668	EXP	text_3: autoDraw = true
174.23059000005014	EXP	text_3: autoDraw = false
174.23059000005014	EXP	text_3: autoDraw = false
174.23059000005014	EXP	text_2: autoDraw = true
174.23059000005014	EXP	text_2: text = 0
174.24675500008743	EXP	text_2: text = 17
174.2632750000339	EXP	text_2: text = 33
174.27985000004992	EXP	text_2: text = 50
174.29717000003438	EXP	text_2: text = 67
174.31326500000432	EXP	text_2: text = 83
174.32991500000935	EXP	text_2: text = 100
174.34703000006266	EXP	text_2: text = 117
174.36322000005748	EXP	text_2: text = 133
174.3799650000874	EXP	text_2: text = 150
174.39660000009462	EXP	text_2: text = 166
174.4134550000308	EXP	text_2: text = 183
174.4297250000527	EXP	text_2: text = 200
174.44679000007454	EXP	text_2: text = 217
174.46337000001222	EXP	text_2: text = 233
174.47990999999456	EXP	text_2: text = 250
174.49690500006545	EXP	text_2: text = 267
174.51336000009906	EXP	text_2: text = 283
174.53000000002794	EXP	text_2: text = 300
174.53529500006698	DATA	Keydown:  
174.5482900000643	EXP	text_2: text = 317
174.5482900000643	EXP	text_2: autoDraw = false
174.5482900000643	EXP	Feedback: text = 305
174.5482900000643	EXP	Feedback: autoDraw = true
175.54602500004694	EXP	Feedback: autoDraw = false
175.54602500004694	EXP	Feedback: autoDraw = false
175.54602500004694	EXP	text_3: autoDraw = true
179.61267000006046	EXP	text_3: autoDraw = false
179.61267000006046	EXP	text_3: autoDraw = false
179.61267000006046	EXP	text_2: autoDraw = true
179.61267000006046	EXP	text_2: text = 0
179.6290100000333	EXP	text_2: text = 17
179.64535000000615	EXP	text_2: text = 33
179.66194000001997	EXP	text_2: text = 50
179.6786950000096	EXP	text_2: text = 67
179.69534000009298	EXP	text_2: text = 83
179.7121150000021	EXP	text_2: text = 100
179.72904000000563	EXP	text_2: text = 117
179.74534000002313	EXP	text_2: text = 133
179.76208000001498	EXP	text_2: text = 150
179.77877000009175	EXP	text_2: text = 167
179.79541000002064	EXP	text_2: text = 183
179.81180000002496	EXP	text_2: text = 200
179.82875000010245	EXP	text_2: text = 216
179.84548000001814	EXP	text_2: text = 233
179.86208500002977	EXP	text_2: text = 250
179.87872500007506	EXP	text_2: text = 266
179.8953450000845	EXP	text_2: text = 283
179.91205000004265	EXP	text_2: text = 300
179.92870500008576	EXP	text_2: text = 316
179.94547999999486	EXP	text_2: text = 333
179.96218500006944	EXP	text_2: text = 350
179.9677700001048	DATA	Keydown:  
179.97911499999464	EXP	text_2: text = 367
179.97911499999464	EXP	text_2: autoDraw = false
179.97911499999464	EXP	Feedback: text = 355
179.97911499999464	EXP	Feedback: autoDraw = true
180.97819500009064	EXP	Feedback: autoDraw = false
180.97819500009064	EXP	Feedback: autoDraw = false
180.97819500009064	EXP	text_3: autoDraw = true
184.86118000000715	EXP	text_3: autoDraw = false
184.86118000000715	EXP	text_3: autoDraw = false
184.86118000000715	EXP	text_2: autoDraw = true
184.86118000000715	EXP	text_2: text = 0
184.87770000007004	EXP	text_2: text = 17
184.89401500008535	EXP	text_2: text = 33
184.91093000001274	EXP	text_2: text = 50
184.92741000000387	EXP	text_2: text = 67
184.94411000004038	EXP	text_2: text = 83
184.96086000010837	EXP	text_2: text = 100
184.97769500000868	EXP	text_2: text = 117
184.99438500008546	EXP	text_2: text = 133
185.01090500003193	EXP	text_2: text = 150
185.0275799999945	EXP	text_2: text = 167
185.04380000010133	EXP	text_2: text = 183
185.0608400000492	EXP	text_2: text = 200
185.07756000000518	EXP	text_2: text = 217
185.0942550000036	EXP	text_2: text = 233
185.11091000004672	EXP	text_2: text = 250
185.12732500000857	EXP	text_2: text = 267
185.1443300000392	EXP	text_2: text = 283
185.1606600000523	EXP	text_2: text = 300
185.17746999999508	EXP	text_2: text = 316
185.19384000007994	EXP	text_2: text = 333
185.20387000008486	DATA	Keydown:  
185.21134999999776	EXP	text_2: text = 350
185.21134999999776	EXP	text_2: autoDraw = false
185.21134999999776	EXP	Feedback: text = 343
185.21134999999776	EXP	Feedback: autoDraw = true
186.2101600000169	EXP	Feedback: autoDraw = false
186.2101600000169	EXP	Feedback: autoDraw = false
186.2101600000169	EXP	text_3: autoDraw = true
188.62741000007372	EXP	text_3: autoDraw = false
188.62741000007372	EXP	text_3: autoDraw = false
188.62741000007372	EXP	text_2: autoDraw = true
188.62741000007372	EXP	text_2: text = 0
188.64364000002388	EXP	text_2: text = 17
188.6602300000377	EXP	text_2: text = 33
188.67706000001635	EXP	text_2: text = 50
188.69364500010852	EXP	text_2: text = 67
188.71035000006668	EXP	text_2: text = 83
188.7265250000637	EXP	text_2: text = 100
188.74359000008553	EXP	text_2: text = 117
188.7599250000203	EXP	text_2: text = 133
188.77620500000194	EXP	text_2: text = 150
188.79335000005085	EXP	text_2: text = 167
188.80983000004198	EXP	text_2: text = 183
188.82690500002354	EXP	text_2: text = 200
188.84331500006374	EXP	text_2: text = 217
188.85984000004828	EXP	text_2: text = 233
188.87670000002254	EXP	text_2: text = 250
188.89303999999538	EXP	text_2: text = 266
188.9098600000143	EXP	text_2: text = 283
188.92641499999445	EXP	text_2: text = 300
188.93486500007566	DATA	Keydown:  
188.94372500001919	EXP	text_2: text = 317
188.94372500001919	EXP	text_2: autoDraw = false
188.94372500001919	EXP	Feedback: text = 308
188.94372500001919	EXP	Feedback: autoDraw = true
189.9419850000413	EXP	Feedback: autoDraw = false
189.9419850000413	EXP	Feedback: autoDraw = false
189.9419850000413	EXP	text_3: autoDraw = true
198.84113000007346	EXP	text_3: autoDraw = false
198.84113000007346	EXP	text_3: autoDraw = false
198.84113000007346	EXP	text_2: autoDraw = true
198.84113000007346	EXP	text_2: text = 0
198.85737000009976	EXP	text_2: text = 17
198.87399500003085	EXP	text_2: text = 33
198.89077500009444	EXP	text_2: text = 50
198.90751500008628	EXP	text_2: text = 67
198.9240100000752	EXP	text_2: text = 83
198.94084500009194	EXP	text_2: text = 100
198.9575200000545	EXP	text_2: text = 117
198.97409000003245	EXP	text_2: text = 133
198.99064000009093	EXP	text_2: text = 150
199.0076550000813	EXP	text_2: text = 167
199.02412000007462	EXP	text_2: text = 183
199.04082500003278	EXP	text_2: text = 200
199.05756000010297	EXP	text_2: text = 217
199.07403500005603	EXP	text_2: text = 233
199.0908150000032	EXP	text_2: text = 250
199.1074700000463	EXP	text_2: text = 267
199.1241400000872	EXP	text_2: text = 283
199.14071000006516	EXP	text_2: text = 300
199.15747000009287	EXP	text_2: text = 316
199.1738150001038	EXP	text_2: text = 333
199.19076500006486	EXP	text_2: text = 350
199.19638500001747	DATA	Keydown:  
199.20800000010058	EXP	text_2: text = 367
199.20800000010058	EXP	text_2: autoDraw = false
199.20800000010058	EXP	Feedback: text = 355
199.20800000010058	EXP	Feedback: autoDraw = true
200.20674000005238	EXP	Feedback: autoDraw = false
200.20674000005238	EXP	Feedback: autoDraw = false
200.20674000005238	EXP	text_3: autoDraw = true
204.99010000005364	EXP	text_3: autoDraw = false
204.99010000005364	EXP	text_3: autoDraw = false
204.99010000005364	EXP	text_2: autoDraw = true
204.99010000005364	EXP	text_2: text = 0
205.0061299999943	EXP	text_2: text = 16
205.02259500010405	EXP	text_2: text = 33
205.03934000001755	EXP	text_2: text = 50
205.0559400001075	EXP	text_2: text = 66
205.07272500009276	EXP	text_2: text = 83
205.08926999999676	EXP	text_2: text = 100
205.10629500006326	EXP	text_2: text = 117
205.12247000006028	EXP	text_2: text = 133
205.13937500002794	EXP	text_2: text = 150
205.15603000007104	EXP	text_2: text = 166
205.17260500008706	EXP	text_2: text = 183
205.1893600000767	EXP	text_2: text = 200
205.20597500004806	EXP	text_2: text = 216
205.2226850000443	EXP	text_2: text = 233
205.2392300000647	EXP	text_2: text = 250
205.25601500004996	EXP	text_2: text = 266
205.27236500009894	EXP	text_2: text = 283
205.2893350000959	EXP	text_2: text = 300
205.30596500006504	EXP	text_2: text = 316
205.32297000009567	EXP	text_2: text = 333
205.3244700001087	DATA	Keydown:  
205.33997500000987	EXP	text_2: text = 350
205.33997500000987	EXP	text_2: autoDraw = false
205.33997500000987	EXP	Feedback: text = 334
205.33997500000987	EXP	Feedback: autoDraw = true
206.33838000008836	EXP	Feedback: autoDraw = false
206.33838000008836	EXP	Feedback: autoDraw = false
206.33838000008836	EXP	text_3: autoDraw = true
211.02167500008363	EXP	text_3: autoDraw = false
211.02167500008363	EXP	text_3: autoDraw = false
211.02167500008363	EXP	text_2: autoDraw = true
211.02167500008363	EXP	text_2: text = 0
211.03785000008065	EXP	text_2: text = 17
211.05443000001833	EXP	text_2: text = 33
211.07151000003796	EXP	text_2: text = 50
211.0878650000086	EXP	text_2: text = 67
211.1045200000517	EXP	text_2: text = 83
211.1211150001036	EXP	text_2: text = 100
211.13809500006028	EXP	text_2: text = 117
211.15438000007998	EXP	text_2: text = 133
211.17125000001397	EXP	text_2: text = 150
211.18792500009295	EXP	text_2: text = 167
211.2045100000687	EXP	text_2: text = 183
211.22143500007223	EXP	text_2: text = 200
211.23791500006337	EXP	text_2: text = 217
211.24231500003953	DATA	Keydown:  
211.2549800000852	EXP	text_2: text = 233
211.2549800000852	EXP	text_2: autoDraw = false
211.2549800000852	EXP	Feedback: text = 221
211.2549800000852	EXP	Feedback: autoDraw = true
212.2537350000348	EXP	Feedback: autoDraw = false
212.2537350000348	EXP	Feedback: autoDraw = false
212.2537350000348	EXP	text_3: autoDraw = true
222.186105000088	EXP	text_3: autoDraw = false
222.186105000088	EXP	text_3: autoDraw = false
222.186105000088	EXP	text_2: autoDraw = true
222.186105000088	EXP	text_2: text = 0
222.201805000077	EXP	text_2: text = 16
222.21830000006594	EXP	text_2: text = 33
222.23535000008997	EXP	text_2: text = 50
222.2518450000789	EXP	text_2: text = 67
222.26860500010662	EXP	text_2: text = 83
222.28526500007138	EXP	text_2: text = 100
222.3021150000859	EXP	text_2: text = 116
222.31856500008143	EXP	text_2: text = 133
222.33515500009526	EXP	text_2: text = 150
222.35189000004902	EXP	text_2: text = 167
222.36827000009362	EXP	text_2: text = 183
222.38521500001661	EXP	text_2: text = 200
222.4019050000934	EXP	text_2: text = 217
222.41853000002448	EXP	text_2: text = 233
222.4352900000522	EXP	text_2: text = 250
222.4520800000755	EXP	text_2: text = 267
222.46870000008494	EXP	text_2: text = 283
222.48522500006948	EXP	text_2: text = 300
222.50187999999616	EXP	text_2: text = 316
222.51847500004806	EXP	text_2: text = 333
222.5352000000421	EXP	text_2: text = 350
222.55158500000834	EXP	text_2: text = 366
222.5684000001056	EXP	text_2: text = 383
222.5816300000297	DATA	Keydown:  
222.58569000009447	EXP	text_2: text = 400
222.58569000009447	EXP	text_2: autoDraw = false
222.58569000009447	EXP	Feedback: text = 396
222.58569000009447	EXP	Feedback: autoDraw = true
223.58434500009753	EXP	Feedback: autoDraw = false
223.58434500009753	EXP	Feedback: autoDraw = false
223.58434500009753	EXP	text_3: autoDraw = true
227.2680700001074	EXP	text_3: autoDraw = false
227.2680700001074	EXP	text_3: autoDraw = false
227.2680700001074	EXP	text_2: autoDraw = true
227.2680700001074	EXP	text_2: text = 0
227.2841250000056	EXP	text_2: text = 17
227.30097500002012	EXP	text_2: text = 33
227.31753500003833	EXP	text_2: text = 50
227.33394500007853	EXP	text_2: text = 67
227.35041500010993	EXP	text_2: text = 83
227.36735499999486	EXP	text_2: text = 100
227.38417000009213	EXP	text_2: text = 116
227.400410000002	EXP	text_2: text = 133
227.41737000003923	EXP	text_2: text = 150
227.43402000004426	EXP	text_2: text = 166
227.45119500008877	EXP	text_2: text = 183
227.46758000005502	EXP	text_2: text = 200
227.48389000003226	EXP	text_2: text = 216
227.50069500005338	EXP	text_2: text = 233
227.51736000005621	EXP	text_2: text = 250
227.53408500005025	EXP	text_2: text = 266
227.5504550000187	EXP	text_2: text = 283
227.56733500002883	EXP	text_2: text = 300
227.58412500005215	EXP	text_2: text = 316
227.5943500000285	DATA	Keydown:  
227.60101000010036	EXP	text_2: text = 333
227.60101000010036	EXP	text_2: autoDraw = false
227.60101000010036	EXP	Feedback: text = 326
227.60101000010036	EXP	Feedback: autoDraw = true
228.5998799999943	EXP	Feedback: autoDraw = false
228.5998799999943	EXP	Feedback: autoDraw = false
228.5998799999943	EXP	text_3: autoDraw = true
231.9331400000956	EXP	text_3: autoDraw = false
231.9331400000956	EXP	text_3: autoDraw = false
231.9331400000956	EXP	text_2: autoDraw = true
231.9331400000956	EXP	text_2: text = 0
231.94946500007063	EXP	text_2: text = 17
231.96627000009175	EXP	text_2: text = 33
231.9828100000741	EXP	text_2: text = 50
231.99945500004105	EXP	text_2: text = 67
232.01614500000142	EXP	text_2: text = 83
232.03301500005182	EXP	text_2: text = 100
232.04950000008103	EXP	text_2: text = 117
232.06658000010066	EXP	text_2: text = 133
232.08314500004053	EXP	text_2: text = 150
232.09985500003677	EXP	text_2: text = 167
232.11597000004258	EXP	text_2: text = 183
232.1330200000666	EXP	text_2: text = 200
232.14955500001088	EXP	text_2: text = 217
232.16753500001505	EXP	text_2: text = 233
232.18290000001434	EXP	text_2: text = 250
232.19942000007723	EXP	text_2: text = 267
232.21642000006977	EXP	text_2: text = 283
232.2323800000595	EXP	text_2: text = 300
232.24962000001688	EXP	text_2: text = 316
232.26612000004388	EXP	text_2: text = 333
232.28279500000644	EXP	text_2: text = 350
232.29944500001147	EXP	text_2: text = 366
232.31610500009265	EXP	text_2: text = 383
232.3328600000823	EXP	text_2: text = 400
232.34929000004195	EXP	text_2: text = 416
232.3661800000118	EXP	text_2: text = 433
232.38269500003662	EXP	text_2: text = 450
232.39951000001747	EXP	text_2: text = 466
232.4161600000225	EXP	text_2: text = 483
232.43300499999896	EXP	text_2: text = 500
232.4367500001099	DATA	Keydown:  
232.44982000009622	EXP	text_2: text = 516
232.44982000009622	EXP	text_2: autoDraw = false
232.44982000009622	EXP	Feedback: text = 504
232.44982000009622	EXP	Feedback: autoDraw = true
233.44924500002526	EXP	Feedback: autoDraw = false
233.44924500002526	EXP	Feedback: autoDraw = false
233.44924500002526	EXP	text_3: autoDraw = true
240.89804000000004	EXP	text_3: autoDraw = false
240.89804000000004	EXP	text_3: autoDraw = false
240.89804000000004	EXP	text_2: autoDraw = true
240.89804000000004	EXP	text_2: text = 0
240.9140250000637	EXP	text_2: text = 17
240.93078000005335	EXP	text_2: text = 33
240.94746500009205	EXP	text_2: text = 50
240.963960000081	EXP	text_2: text = 67
240.98064500000328	EXP	text_2: text = 83
240.99757000000682	EXP	text_2: text = 100
241.01432499999646	EXP	text_2: text = 117
241.03046000003815	EXP	text_2: text = 133
241.0475050000241	EXP	text_2: text = 150
241.06395000009798	EXP	text_2: text = 167
241.0806600000942	EXP	text_2: text = 183
241.0974400000414	EXP	text_2: text = 200
241.1139400000684	EXP	text_2: text = 217
241.13076000008732	EXP	text_2: text = 233
241.1472450000001	EXP	text_2: text = 250
241.1641500000842	EXP	text_2: text = 267
241.16957500006538	DATA	Keydown:  
241.18095000006724	EXP	text_2: text = 283
241.18095000006724	EXP	text_2: autoDraw = false
241.18095000006724	EXP	Feedback: text = 272
241.18095000006724	EXP	Feedback: autoDraw = true
242.18018000002485	EXP	Feedback: autoDraw = false
242.18018000002485	EXP	Feedback: autoDraw = false
242.18018000002485	EXP	text_3: autoDraw = true
251.2451300000539	EXP	text_3: autoDraw = false
251.2451300000539	EXP	text_3: autoDraw = false
251.2451300000539	EXP	text_2: autoDraw = true
251.2451300000539	EXP	text_2: text = 0
251.26126000005752	EXP	text_2: text = 17
251.27842000010423	EXP	text_2: text = 33
251.2947850000346	EXP	text_2: text = 50
251.31148500007112	EXP	text_2: text = 67
251.32817500003148	EXP	text_2: text = 83
251.34481999999844	EXP	text_2: text = 100
251.36176500003785	EXP	text_2: text = 117
251.3781200000085	EXP	text_2: text = 133
251.3950350000523	EXP	text_2: text = 150
251.41136500006542	EXP	text_2: text = 167
251.428264999995	EXP	text_2: text = 183
251.44502500002272	EXP	text_2: text = 200
251.46149000001606	EXP	text_2: text = 217
251.47835000010673	EXP	text_2: text = 233
251.49481500010006	EXP	text_2: text = 250
251.5116000000853	EXP	text_2: text = 267
251.52812500006985	EXP	text_2: text = 283
251.54514500009827	EXP	text_2: text = 300
251.56131000001915	EXP	text_2: text = 317
251.57824500009883	EXP	text_2: text = 333
251.59483000007458	EXP	text_2: text = 350
251.6072850000346	DATA	Keydown:  
251.61221500008833	EXP	text_2: text = 367
251.61221500008833	EXP	text_2: autoDraw = false
251.61221500008833	EXP	Feedback: text = 362
251.61221500008833	EXP	Feedback: autoDraw = true
252.61083000001963	EXP	Feedback: autoDraw = false
252.61083000001963	EXP	Feedback: autoDraw = false
252.61083000001963	EXP	text_3: autoDraw = true
256.5609200000763	EXP	text_3: autoDraw = false
256.5609200000763	EXP	text_3: autoDraw = false
256.5609200000763	EXP	text_2: autoDraw = true
256.5609200000763	EXP	text_2: text = 0
256.577205000096	EXP	text_2: text = 17
256.59388000005856	EXP	text_2: text = 33
256.6107100000372	EXP	text_2: text = 50
256.6269550001016	EXP	text_2: text = 67
256.64349500008393	EXP	text_2: text = 83
256.6603800000157	EXP	text_2: text = 100
256.67732000001706	EXP	text_2: text = 117
256.6936800000258	EXP	text_2: text = 133
256.71044500009157	EXP	text_2: text = 150
256.72698999999557	EXP	text_2: text = 166
256.743684999994	EXP	text_2: text = 183
256.7607750000898	EXP	text_2: text = 200
256.7769450000487	EXP	text_2: text = 216
256.79358000005595	EXP	text_2: text = 233
256.8103450000053	EXP	text_2: text = 250
256.82700000004843	EXP	text_2: text = 266
256.8436600000132	EXP	text_2: text = 283
256.8601950000739	EXP	text_2: text = 300
256.87711000000127	EXP	text_2: text = 316
256.893544999999	EXP	text_2: text = 333
256.910195000004	EXP	text_2: text = 350
256.9271750000771	EXP	text_2: text = 366
256.9434950000141	EXP	text_2: text = 383
256.9609500000952	EXP	text_2: text = 400
256.97685500001535	EXP	text_2: text = 416
256.99369500007015	EXP	text_2: text = 433
256.9979850000236	DATA	Keydown:  
257.0104900000151	EXP	text_2: text = 450
257.0104900000151	EXP	text_2: autoDraw = false
257.0104900000151	EXP	Feedback: text = 437
257.0104900000151	EXP	Feedback: autoDraw = true
258.0095850001089	EXP	Feedback: autoDraw = false
258.0095850001089	EXP	Feedback: autoDraw = false
258.0095850001089	EXP	text_3: autoDraw = true
264.2421350000659	EXP	text_3: autoDraw = false
264.2421350000659	EXP	text_3: autoDraw = false
264.2421350000659	EXP	text_2: autoDraw = true
264.2421350000659	EXP	text_2: text = 0
264.2583400000585	EXP	text_2: text = 17
264.2751200000057	EXP	text_2: text = 33
264.29177000001073	EXP	text_2: text = 50
264.308335000067	EXP	text_2: text = 67
264.32511000009254	EXP	text_2: text = 83
264.34177500009537	EXP	text_2: text = 100
264.35883000004105	EXP	text_2: text = 117
264.3750450001098	EXP	text_2: text = 133
264.39204500010237	EXP	text_2: text = 150
264.4082450000569	EXP	text_2: text = 167
264.4251650000224	EXP	text_2: text = 183
264.44184000010137	EXP	text_2: text = 200
264.45851000002585	EXP	text_2: text = 217
264.47512000007555	EXP	text_2: text = 233
264.4918400000315	EXP	text_2: text = 250
264.5089750000043	EXP	text_2: text = 267
264.5250100000994	EXP	text_2: text = 283
264.54183500004	EXP	text_2: text = 300
264.5544050000608	DATA	Keydown:  
264.5587800000794	EXP	text_2: text = 317
264.5587800000794	EXP	text_2: autoDraw = false
264.5587800000794	EXP	Feedback: text = 312
264.5587800000794	EXP	Feedback: autoDraw = true
265.5579700000817	EXP	Feedback: autoDraw = false
265.5579700000817	EXP	Feedback: autoDraw = false
265.5579700000817	EXP	text_3: autoDraw = true
273.63991500006523	EXP	text_3: autoDraw = false
273.63991500006523	EXP	text_3: autoDraw = false
273.63991500006523	EXP	text_2: autoDraw = true
273.63991500006523	EXP	text_2: text = 0
273.65606000006665	EXP	text_2: text = 17
273.6728750000475	EXP	text_2: text = 33
273.6897100000642	EXP	text_2: text = 50
273.70621000009123	EXP	text_2: text = 67
273.7228050000267	EXP	text_2: text = 83
273.7395100001013	EXP	text_2: text = 100
273.7566700000316	EXP	text_2: text = 117
273.77294500009157	EXP	text_2: text = 133
273.78961500001606	EXP	text_2: text = 150
273.80606000008993	EXP	text_2: text = 167
273.823010000051	EXP	text_2: text = 183
273.8393100000685	EXP	text_2: text = 200
273.8562600000296	EXP	text_2: text = 217
273.87279500009026	EXP	text_2: text = 233
273.88955500000156	EXP	text_2: text = 250
273.90251000004355	DATA	Keydown:  
273.9068200000329	EXP	text_2: text = 267
273.9068200000329	EXP	text_2: autoDraw = false
273.9068200000329	EXP	Feedback: text = 263
273.9068200000329	EXP	Feedback: autoDraw = true
274.90552000002936	EXP	Feedback: autoDraw = false
274.90552000002936	EXP	Feedback: autoDraw = false
274.90552000002936	EXP	text_3: autoDraw = true
281.07154500007164	EXP	text_3: autoDraw = false
281.07154500007164	EXP	text_3: autoDraw = false
281.07154500007164	EXP	text_2: autoDraw = true
281.07154500007164	EXP	text_2: text = 0
281.0881100000115	EXP	text_2: text = 17
281.1047200000612	EXP	text_2: text = 33
281.121530000004	EXP	text_2: text = 50
281.1380099999951	EXP	text_2: text = 67
281.1544200000353	EXP	text_2: text = 83
281.1708300000755	EXP	text_2: text = 100
281.1881300000241	EXP	text_2: text = 117
281.20448499999475	EXP	text_2: text = 133
281.22108000004664	EXP	text_2: text = 150
281.23782500007655	EXP	text_2: text = 167
281.2543500000611	EXP	text_2: text = 183
281.2711250000866	EXP	text_2: text = 200
281.28782000008505	EXP	text_2: text = 216
281.30538000003435	EXP	text_2: text = 233
281.3210450001061	EXP	text_2: text = 250
281.33139500010293	DATA	Keydown:  
281.3397850000765	EXP	text_2: text = 267
281.3397850000765	EXP	text_2: autoDraw = false
281.3397850000765	EXP	Feedback: text = 260
281.3397850000765	EXP	Feedback: autoDraw = true
282.3368550000014	EXP	Feedback: autoDraw = false
282.3368550000014	EXP	Feedback: autoDraw = false
282.3368550000014	EXP	text_3: autoDraw = true
285.83690500003286	EXP	text_3: autoDraw = false
285.83690500003286	EXP	text_3: autoDraw = false
285.83690500003286	EXP	text_2: autoDraw = true
285.83690500003286	EXP	text_2: text = 0
285.85324000008404	EXP	text_2: text = 17
285.8698900000891	EXP	text_2: text = 33
285.88685500004794	EXP	text_2: text = 50
285.90338500007056	EXP	text_2: text = 67
285.9202600000426	EXP	text_2: text = 83
285.93712500005495	EXP	text_2: text = 100
285.95353500009514	EXP	text_2: text = 117
285.96994000009727	EXP	text_2: text = 133
285.986375000095	EXP	text_2: text = 150
286.0034250000026	EXP	text_2: text = 167
286.0198500000406	EXP	text_2: text = 183
286.03668500005733	EXP	text_2: text = 200
286.0532800001092	EXP	text_2: text = 217
286.06997500010766	EXP	text_2: text = 233
286.0866700001061	EXP	text_2: text = 250
286.10323500004597	EXP	text_2: text = 267
286.1199800000759	EXP	text_2: text = 283
286.136460000067	EXP	text_2: text = 300
286.1446550000692	DATA	Keydown:  
286.153805000009	EXP	text_2: text = 317
286.153805000009	EXP	text_2: autoDraw = false
286.153805000009	EXP	Feedback: text = 308
286.153805000009	EXP	Feedback: autoDraw = true
287.1543950000778	EXP	Feedback: autoDraw = false
287.1543950000778	EXP	Feedback: autoDraw = false
287.1543950000778	EXP	text_3: autoDraw = true
290.80224500002805	EXP	text_3: autoDraw = false
290.80224500002805	EXP	text_3: autoDraw = false
290.80224500002805	EXP	text_2: autoDraw = true
290.80224500002805	EXP	text_2: text = 0
290.8186299999943	EXP	text_2: text = 17
290.8352750000777	EXP	text_2: text = 33
290.85205500002485	EXP	text_2: text = 50
290.8688400000101	EXP	text_2: text = 67
290.8853450000752	EXP	text_2: text = 83
290.90199000004213	EXP	text_2: text = 100
290.9191400000127	EXP	text_2: text = 117
290.9354100000346	EXP	text_2: text = 133
290.95179500000086	EXP	text_2: text = 150
290.9689850000432	EXP	text_2: text = 167
290.9854500000365	EXP	text_2: text = 183
291.00216000003275	EXP	text_2: text = 200
291.01889000006486	EXP	text_2: text = 217
291.0354900000384	EXP	text_2: text = 233
291.0393500000937	DATA	Keydown:  
291.0525750000961	EXP	text_2: text = 250
291.0525750000961	EXP	text_2: autoDraw = false
291.0525750000961	EXP	Feedback: text = 237
291.0525750000961	EXP	Feedback: autoDraw = true
292.0515150000574	EXP	Feedback: autoDraw = false
292.0515150000574	EXP	Feedback: autoDraw = false
292.0515150000574	EXP	text_3: autoDraw = true
297.68394500005525	EXP	text_3: autoDraw = false
297.68394500005525	EXP	text_3: autoDraw = false
297.68394500005525	EXP	text_2: autoDraw = true
297.68394500005525	EXP	text_2: text = 0
297.70037000009324	EXP	text_2: text = 17
297.7171950000338	EXP	text_2: text = 33
297.7338500000769	EXP	text_2: text = 50
297.75034500006586	EXP	text_2: text = 67
297.7671800000826	EXP	text_2: text = 83
297.783725000103	EXP	text_2: text = 100
297.8007800000487	EXP	text_2: text = 117
297.8175250000786	EXP	text_2: text = 133
297.8337199999951	EXP	text_2: text = 150
297.85052000009455	EXP	text_2: text = 167
297.86744000006	EXP	text_2: text = 183
297.8837150000036	EXP	text_2: text = 200
297.9004249999998	EXP	text_2: text = 217
297.91723000002094	EXP	text_2: text = 233
297.93391500005964	EXP	text_2: text = 250
297.9501900000032	EXP	text_2: text = 266
297.9671250000829	EXP	text_2: text = 283
297.98389500007033	EXP	text_2: text = 300
298.00038000009954	EXP	text_2: text = 316
298.01726500003133	EXP	text_2: text = 333
298.0337850000942	EXP	text_2: text = 350
298.05040000006557	EXP	text_2: text = 367
298.06408999999985	DATA	Keydown:  
298.06838000006974	EXP	text_2: text = 384
298.06838000006974	EXP	text_2: autoDraw = false
298.06838000006974	EXP	Feedback: text = 380
298.06838000006974	EXP	Feedback: autoDraw = true
299.0668050000677	EXP	Feedback: autoDraw = false
299.0668050000677	EXP	Feedback: autoDraw = false
299.0668050000677	EXP	text_3: autoDraw = true
303.83254500001203	EXP	text_3: autoDraw = false
303.83254500001203	EXP	text_3: autoDraw = false
303.83254500001203	EXP	text_2: autoDraw = true
303.83254500001203	EXP	text_2: text = 0
303.8488350000698	EXP	text_2: text = 16
303.86524500011	EXP	text_2: text = 33
303.88244499999564	EXP	text_2: text = 50
303.89896000002045	EXP	text_2: text = 67
303.9156550000189	EXP	text_2: text = 83
303.9324750000378	EXP	text_2: text = 100
303.9498700000113	EXP	text_2: text = 117
303.96570000005886	EXP	text_2: text = 133
303.98218000005	EXP	text_2: text = 150
303.99913000001106	EXP	text_2: text = 167
304.01540500007104	EXP	text_2: text = 183
304.03244000009727	EXP	text_2: text = 200
304.0489350000862	EXP	text_2: text = 216
304.06577000010293	EXP	text_2: text = 233
304.0698750000447	DATA	Keydown:  
304.0829050000757	EXP	text_2: text = 250
304.0829050000757	EXP	text_2: autoDraw = false
304.0829050000757	EXP	Feedback: text = 237
304.0829050000757	EXP	Feedback: autoDraw = true
305.0817050000187	EXP	Feedback: autoDraw = false
305.0817050000187	EXP	Feedback: autoDraw = false
305.0817050000187	EXP	text_3: autoDraw = true
310.83085000002757	EXP	text_3: autoDraw = false
310.83085000002757	EXP	text_3: autoDraw = false
310.83085000002757	EXP	text_2: autoDraw = true
310.83085000002757	EXP	text_2: text = 0
310.8474799999967	EXP	text_2: text = 17
310.863820000086	EXP	text_2: text = 33
310.88064500002656	EXP	text_2: text = 50
310.8971600000514	EXP	text_2: text = 67
310.9139600000344	EXP	text_2: text = 83
310.93055000004824	EXP	text_2: text = 100
310.9474550000159	EXP	text_2: text = 117
310.9642000000458	EXP	text_2: text = 133
310.9805800000904	EXP	text_2: text = 150
310.997405000031	EXP	text_2: text = 167
311.0147500000894	EXP	text_2: text = 183
311.03070500004105	EXP	text_2: text = 200
311.04736000008415	EXP	text_2: text = 217
311.0640350000467	EXP	text_2: text = 233
311.0804450000869	EXP	text_2: text = 250
311.0974550000392	EXP	text_2: text = 267
311.1140200000955	EXP	text_2: text = 283
311.13060000003316	EXP	text_2: text = 300
311.1369249999989	DATA	Keydown:  
311.14801000000443	EXP	text_2: text = 317
311.14801000000443	EXP	text_2: autoDraw = false
311.14801000000443	EXP	Feedback: text = 306
311.14801000000443	EXP	Feedback: autoDraw = true
312.14641000004485	EXP	Feedback: autoDraw = false
312.14641000004485	EXP	Feedback: autoDraw = false
312.14641000004485	EXP	text_3: autoDraw = true
317.31363000010606	EXP	text_3: autoDraw = false
317.31363000010606	EXP	text_3: autoDraw = false
317.31363000010606	EXP	text_2: autoDraw = true
317.31363000010606	EXP	text_2: text = 0
317.3290200000629	EXP	text_2: text = 17
317.345825000084	EXP	text_2: text = 33
317.3625250000041	EXP	text_2: text = 50
317.3791050000582	EXP	text_2: text = 66
317.39584500005003	EXP	text_2: text = 83
317.412415000028	EXP	text_2: text = 100
317.4291750000557	EXP	text_2: text = 116
317.44572499999776	EXP	text_2: text = 133
317.46239500003867	EXP	text_2: text = 150
317.4792100000195	EXP	text_2: text = 166
317.49580000003334	EXP	text_2: text = 183
317.5124900001101	EXP	text_2: text = 200
317.5289350000676	EXP	text_2: text = 216
317.54581000003964	EXP	text_2: text = 233
317.56223500007764	EXP	text_2: text = 250
317.5793600000907	EXP	text_2: text = 267
317.59577000001445	EXP	text_2: text = 283
317.61239500006195	EXP	text_2: text = 300
317.62912500009406	EXP	text_2: text = 316
317.6457000001101	EXP	text_2: text = 333
317.6624450000236	EXP	text_2: text = 350
317.67895000008866	EXP	text_2: text = 366
317.6958750000922	EXP	text_2: text = 383
317.7054600000847	DATA	Keydown:  
317.7165100000566	EXP	text_2: text = 400
317.7165100000566	EXP	text_2: autoDraw = false
317.7165100000566	EXP	Feedback: text = 392
317.7165100000566	EXP	Feedback: autoDraw = true
318.7115750000812	EXP	Feedback: autoDraw = false
318.7115750000812	EXP	Feedback: autoDraw = false
318.7115750000812	EXP	text_3: autoDraw = true
321.2620000001043	EXP	text_3: autoDraw = false
321.2620000001043	EXP	text_3: autoDraw = false
321.2620000001043	EXP	text_2: autoDraw = true
321.2620000001043	EXP	text_2: text = 0
321.27837000007275	EXP	text_2: text = 17
321.2948150000302	EXP	text_2: text = 33
321.3112700000638	EXP	text_2: text = 50
321.32829000009224	EXP	text_2: text = 67
321.3447950000409	EXP	text_2: text = 83
321.3616650000913	EXP	text_2: text = 100
321.37835500005167	EXP	text_2: text = 117
321.3947400000179	EXP	text_2: text = 133
321.4115500000771	EXP	text_2: text = 150
321.42804500006605	EXP	text_2: text = 167
321.44491500000004	EXP	text_2: text = 183
321.46157000004314	EXP	text_2: text = 200
321.4784500000533	EXP	text_2: text = 217
321.49477000010666	EXP	text_2: text = 233
321.511385000078	EXP	text_2: text = 250
321.5281450001057	EXP	text_2: text = 267
321.544755000039	EXP	text_2: text = 283
321.56177000002936	EXP	text_2: text = 300
321.57222000008915	DATA	Keydown:  
321.57849000010174	EXP	text_2: text = 317
321.57849000010174	EXP	text_2: autoDraw = false
321.57849000010174	EXP	Feedback: text = 310
321.57849000010174	EXP	Feedback: autoDraw = true
322.57687500002794	EXP	Feedback: autoDraw = false
322.57687500002794	EXP	Feedback: autoDraw = false
322.57687500002794	EXP	text_3: autoDraw = true
327.2270950000966	EXP	text_3: autoDraw = false
327.2270950000966	EXP	text_3: autoDraw = false
327.2270950000966	EXP	text_2: autoDraw = true
327.2270950000966	EXP	text_2: text = 0
327.24324500001967	EXP	text_2: text = 17
327.2600050000474	EXP	text_2: text = 33
327.2766250000568	EXP	text_2: text = 50
327.2935400001006	EXP	text_2: text = 67
327.30998000002	EXP	text_2: text = 83
327.32679500000086	EXP	text_2: text = 100
327.3436150000198	EXP	text_2: text = 117
327.36204500007443	EXP	text_2: text = 135
327.3769350000657	EXP	text_2: text = 150
327.393250000081	EXP	text_2: text = 166
327.410120000015	EXP	text_2: text = 183
327.4264650000259	EXP	text_2: text = 200
327.443445000099	EXP	text_2: text = 217
327.46017000009306	EXP	text_2: text = 233
327.4766750000417	EXP	text_2: text = 250
327.49363000004087	EXP	text_2: text = 267
327.5103400000371	EXP	text_2: text = 283
327.52677500003483	EXP	text_2: text = 300
327.54324500006624	EXP	text_2: text = 316
327.5473050000146	DATA	Keydown:  
327.5607600000221	EXP	text_2: text = 333
327.5607600000221	EXP	text_2: autoDraw = false
327.5607600000221	EXP	Feedback: text = 320
327.5607600000221	EXP	Feedback: autoDraw = true
328.5723500000313	EXP	Feedback: autoDraw = false
328.5723500000313	EXP	Feedback: autoDraw = false
328.5723500000313	EXP	End_text: autoDraw = true
