0.2926900000020396	EXP	Created Window = Window( name=Window, fullscr=true, color=#000000, units=height, waitBlanking=true, autoLog=true, size=[1300,629] )
4.7015900000114925	DATA	Keydown: Shift
4.932824999996228	DATA	Keydown: J
5.59868500000448	DATA	Keydown: H
8.364224999997532	DATA	Keydown: 9
8.535940000001574	DATA	Keydown: 9
8.75012000001152	DATA	Keydown: 8
9.031885000003967	DATA	Keydown: 0
9.36378000001423	DATA	Keydown: 2
15.306670000019949	EXP	Created text = TextStim( name=text, win=Window( name=Window, fullscr=true, color=#000000, ~), autoDraw=null, autoLog=true, units=height, ori=null, opacity=1, pos=[0,0], size=undefined, text=INSTRUCTIONS [EN]


A counter will appear and star~, font=Arial, color=#FFFFFF, contrast=1, height=0.03, bold=null, italic=null, alignHoriz=left, alignVert=center, wrapWidth=1, flipHoriz=null, flipVert=null )
15.310820000013337	EXP	Created text_3 = TextStim( name=text_3, win=Window( name=Window, fullscr=true, color=#000000, ~), autoDraw=null, autoLog=true, units=height, ori=null, opacity=1, pos=[0,0], size=undefined, text=null, font=Arial, color=#FFFFFF, contrast=1, height=0.1, bold=null, italic=null, alignHoriz=left, alignVert=center, wrapWidth=1, flipHoriz=null, flipVert=null )
15.313555000000633	EXP	Created text_2 = TextStim( name=text_2, win=Window( name=Window, fullscr=true, color=#000000, ~), autoDraw=null, autoLog=true, units=height, ori=null, opacity=1, pos=[0,0], size=undefined, text=default text, font=Arial, color=#ff0000, contrast=1, height=0.15, bold=null, italic=null, alignHoriz=left, alignVert=center, wrapWidth=1, flipHoriz=null, flipVert=null )
15.316220000007888	EXP	Created Feedback = TextStim( name=Feedback, win=Window( name=Window, fullscr=true, color=#000000, ~), autoDraw=null, autoLog=true, units=height, ori=null, opacity=1, pos=[0,0], size=undefined, text=default text, font=Arial, color=#ff0000, contrast=1, height=0.15, bold=null, italic=null, alignHoriz=left, alignVert=center, wrapWidth=1, flipHoriz=null, flipVert=null )
15.325095000007423	EXP	Created End_text = TextStim( name=End_text, win=Window( name=Window, fullscr=true, color=#000000, ~), autoDraw=null, autoLog=true, units=height, ori=null, opacity=1, pos=[0,0], size=undefined, text=This study aimed to look at procedural learning, i~, font=Arial, color=#FFFFFF, contrast=1, height=0.025, bold=null, italic=null, alignHoriz=left, alignVert=center, wrapWidth=1, flipHoriz=null, flipVert=null )
15.431275000009919	EXP	text: units = "height"
15.431275000009919	EXP	text: ori = 0
15.431275000009919	EXP	text: opacity = 1
15.431275000009919	EXP	text: pos = [0,0]
15.431275000009919	EXP	text: size = undefined
15.431275000009919	EXP	text: text = "INSTRUCTIONS [EN]\n\n\nA counter will appear and start counting at random times, press SPACE as fast as possible when it appears.\n\n\nPress SPACE to start\n\n-------\n\nInstruções [PT]\n\n\nUm cronómetro vai aparecer e começar a contar aleatoriamente, pressione a tecla SPACE assim que ele aparecer.\n\n\nPressiona SPACE para começar."
15.431275000009919	EXP	text: font = "Arial"
15.431275000009919	EXP	text: color = {"_hex":"#FFFFFF","_rgb":[1,1,1]}
15.431275000009919	EXP	text: contrast = 1
15.431275000009919	EXP	text: height = 0.03
15.431275000009919	EXP	text: bold = false
15.431275000009919	EXP	text: italic = false
15.431275000009919	EXP	text: alignHoriz = "left"
15.431275000009919	EXP	text: alignVert = "center"
15.431275000009919	EXP	text: wrapWidth = 1
15.431275000009919	EXP	text: flipHoriz = false
15.431275000009919	EXP	text: flipVert = false
15.431275000009919	EXP	text_3: units = "height"
15.431275000009919	EXP	text_3: ori = 0
15.431275000009919	EXP	text_3: opacity = 1
15.431275000009919	EXP	text_3: pos = [0,0]
15.431275000009919	EXP	text_3: size = undefined
15.431275000009919	EXP	text_3: text = ""
15.431275000009919	EXP	text_3: font = "Arial"
15.431275000009919	EXP	text_3: color = {"_hex":"#FFFFFF","_rgb":[1,1,1]}
15.431275000009919	EXP	text_3: contrast = 1
15.431275000009919	EXP	text_3: height = 0.1
15.431275000009919	EXP	text_3: bold = false
15.431275000009919	EXP	text_3: italic = false
15.431275000009919	EXP	text_3: alignHoriz = "left"
15.431275000009919	EXP	text_3: alignVert = "center"
15.431275000009919	EXP	text_3: wrapWidth = 1
15.431275000009919	EXP	text_3: flipHoriz = false
15.431275000009919	EXP	text_3: flipVert = false
15.431275000009919	EXP	text_2: units = "height"
15.431275000009919	EXP	text_2: ori = 0
15.431275000009919	EXP	text_2: opacity = 1
15.431275000009919	EXP	text_2: pos = [0,0]
15.431275000009919	EXP	text_2: size = undefined
15.431275000009919	EXP	text_2: text = "default text"
15.431275000009919	EXP	text_2: font = "Arial"
15.431275000009919	EXP	text_2: color = {"_rgb":[1,0,0]}
15.431275000009919	EXP	text_2: contrast = 1
15.431275000009919	EXP	text_2: height = 0.15
15.431275000009919	EXP	text_2: bold = false
15.431275000009919	EXP	text_2: italic = false
15.431275000009919	EXP	text_2: alignHoriz = "left"
15.431275000009919	EXP	text_2: alignVert = "center"
15.431275000009919	EXP	text_2: wrapWidth = 1
15.431275000009919	EXP	text_2: flipHoriz = false
15.431275000009919	EXP	text_2: flipVert = false
15.431275000009919	EXP	Feedback: units = "height"
15.431275000009919	EXP	Feedback: ori = 0
15.431275000009919	EXP	Feedback: opacity = 1
15.431275000009919	EXP	Feedback: pos = [0,0]
15.431275000009919	EXP	Feedback: size = undefined
15.431275000009919	EXP	Feedback: text = "default text"
15.431275000009919	EXP	Feedback: font = "Arial"
15.431275000009919	EXP	Feedback: color = {"_rgb":[1,0,0]}
15.431275000009919	EXP	Feedback: contrast = 1
15.431275000009919	EXP	Feedback: height = 0.15
15.431275000009919	EXP	Feedback: bold = false
15.431275000009919	EXP	Feedback: italic = false
15.431275000009919	EXP	Feedback: alignHoriz = "left"
15.431275000009919	EXP	Feedback: alignVert = "center"
15.431275000009919	EXP	Feedback: wrapWidth = 1
15.431275000009919	EXP	Feedback: flipHoriz = false
15.431275000009919	EXP	Feedback: flipVert = false
15.431275000009919	EXP	End_text: units = "height"
15.431275000009919	EXP	End_text: ori = 0
15.431275000009919	EXP	End_text: opacity = 1
15.431275000009919	EXP	End_text: pos = [0,0]
15.431275000009919	EXP	End_text: size = undefined
15.431275000009919	EXP	End_text: text = "This study aimed to look at procedural learning, i.e. our ability to extract patterns from the input that we are constantly receiving. This skill is thought to be essential for language and literacy acquisition and has been suggested as a possible underlying difficult in children with Language Impairments and Dyslexia. This study aims to improve the measures of procedural learning (the smiley face task) so that we can measure procedural learning more reliably and, in the future, analyse the performance of individuals with learning impairments.\nThank you for participating!\n\n----\n\nEste estudo tem como objectivo analisar a nossa capacidade de extrair padrões da informação que estamos constantemente a receber. Pensa-se que esta competência é essencial para a aquisição da linguagem e literacia e foi sugerido que dificuldades neste tipo de competências poderá estar relacionado com perturbações da linguagem e Dislexia. Este estudo tem como objectivo melhorar a estabilidade das medidas usadas para medir este tipo de memória (a tarefa da cara sorridente) de forma a poder medir de forma mais precisa e, no futuro, analisar a performance de indivíduos com perturbações da aprendizagem. \nMuito obrigada por ter participado!"
15.431275000009919	EXP	End_text: font = "Arial"
15.431275000009919	EXP	End_text: color = {"_hex":"#FFFFFF","_rgb":[1,1,1]}
15.431275000009919	EXP	End_text: contrast = 1
15.431275000009919	EXP	End_text: height = 0.025
15.431275000009919	EXP	End_text: bold = false
15.431275000009919	EXP	End_text: italic = false
15.431275000009919	EXP	End_text: alignHoriz = "left"
15.431275000009919	EXP	End_text: alignVert = "center"
15.431275000009919	EXP	End_text: wrapWidth = 1
15.431275000009919	EXP	End_text: flipHoriz = false
15.431275000009919	EXP	End_text: flipVert = false
15.431275000009919	EXP	text: autoDraw = true
21.99947500001872	DATA	Keydown:  
22.04232000000775	EXP	text: autoDraw = false
22.04232000000775	EXP	text_3: autoDraw = true
31.453724999999395	EXP	text_3: autoDraw = false
31.453724999999395	EXP	text_3: autoDraw = false
31.453724999999395	EXP	text_2: autoDraw = true
31.453724999999395	EXP	text_2: text = 1
31.47620500001358	EXP	text_2: text = 85
31.506835000007413	EXP	text_2: text = 115
31.54025499999989	EXP	text_2: text = 149
31.573755000019446	EXP	text_2: text = 182
31.608399999997346	EXP	text_2: text = 216
31.640690000000177	EXP	text_2: text = 249
31.657330000016373	EXP	text_2: text = 266
31.671564999996917	EXP	text_2: text = 283
31.688950000010664	EXP	text_2: text = 300
31.697220000001835	DATA	Keydown:  
31.7145100000198	EXP	text_2: text = 322
31.7145100000198	EXP	text_2: autoDraw = false
31.7145100000198	EXP	Feedback: text = 244
31.7145100000198	EXP	Feedback: autoDraw = true
32.706830000010086	EXP	Feedback: autoDraw = false
32.706830000010086	EXP	Feedback: autoDraw = false
32.706830000010086	EXP	text_3: autoDraw = true
35.81051500001922	EXP	text_3: autoDraw = false
35.81051500001922	EXP	text_3: autoDraw = false
35.81051500001922	EXP	text_2: autoDraw = true
35.81051500001922	EXP	text_2: text = 0
35.83681000000797	EXP	text_2: text = 33
35.8561950000003	EXP	text_2: text = 51
35.8878450000193	EXP	text_2: text = 83
35.920180000015534	EXP	text_2: text = 117
35.93913000001339	EXP	text_2: text = 134
35.96980500000063	EXP	text_2: text = 166
35.985994999995455	EXP	text_2: text = 185
36.005930000013905	EXP	text_2: text = 201
36.021280000015395	EXP	text_2: text = 218
36.03854500001762	EXP	text_2: text = 235
36.05453500000294	EXP	text_2: text = 251
36.07194000002346	EXP	text_2: text = 268
36.08938499999931	EXP	text_2: text = 285
36.09461500000907	DATA	Keydown:  
36.107835000002524	EXP	text_2: text = 307
36.107835000002524	EXP	text_2: autoDraw = false
36.107835000002524	EXP	Feedback: text = 284
36.107835000002524	EXP	Feedback: autoDraw = true
37.10183500000858	EXP	Feedback: autoDraw = false
37.10183500000858	EXP	Feedback: autoDraw = false
37.10183500000858	EXP	text_3: autoDraw = true
44.236390000005485	EXP	text_3: autoDraw = false
44.236390000005485	EXP	text_3: autoDraw = false
44.236390000005485	EXP	text_2: autoDraw = true
44.236390000005485	EXP	text_2: text = 0
44.267920000012964	EXP	text_2: text = 32
44.309110000001965	EXP	text_2: text = 66
44.33750000002328	EXP	text_2: text = 104
44.366720000019995	EXP	text_2: text = 132
44.40301500001806	EXP	text_2: text = 166
44.432855000020936	EXP	text_2: text = 199
44.45261999999639	EXP	text_2: text = 216
44.467505000007804	EXP	text_2: text = 236
44.48264500001096	EXP	text_2: text = 250
44.500625000015134	EXP	text_2: text = 266
44.517840000014985	EXP	text_2: text = 283
44.536430000007385	EXP	text_2: text = 302
44.54213499999605	DATA	Keydown:  
44.560410000005504	EXP	text_2: text = 324
44.560410000005504	EXP	text_2: autoDraw = false
44.560410000005504	EXP	Feedback: text = 306
44.560410000005504	EXP	Feedback: autoDraw = true
45.549580000020796	EXP	Feedback: autoDraw = false
45.549580000020796	EXP	Feedback: autoDraw = false
45.549580000020796	EXP	text_3: autoDraw = true
49.12046000000555	EXP	text_3: autoDraw = false
49.12046000000555	EXP	text_3: autoDraw = false
49.12046000000555	EXP	text_2: autoDraw = true
49.12046000000555	EXP	text_2: text = 0
49.152484999998705	EXP	text_2: text = 35
49.169430000009015	EXP	text_2: text = 54
49.19723000001977	EXP	text_2: text = 83
49.220970000023954	EXP	text_2: text = 102
49.24686500002281	EXP	text_2: text = 133
49.265425000019604	EXP	text_2: text = 151
49.28520500002196	EXP	text_2: text = 171
49.30170999999973	EXP	text_2: text = 187
49.317230000015115	EXP	text_2: text = 203
49.360215000022436	EXP	text_2: text = 246
49.37526000000071	EXP	text_2: text = 261
49.388555000012275	EXP	text_2: text = 275
49.40134000001126	EXP	text_2: text = 288
49.41628000000492	EXP	text_2: text = 303
49.42252500000177	DATA	Keydown:  
49.43739000000642	EXP	text_2: text = 321
49.43739000000642	EXP	text_2: autoDraw = false
49.43739000000642	EXP	Feedback: text = 302
49.43739000000642	EXP	Feedback: autoDraw = true
50.43137500001467	EXP	Feedback: autoDraw = false
50.43137500001467	EXP	Feedback: autoDraw = false
50.43137500001467	EXP	text_3: autoDraw = true
59.17918999999529	EXP	text_3: autoDraw = false
59.17918999999529	EXP	text_3: autoDraw = false
59.17918999999529	EXP	text_2: autoDraw = true
59.17918999999529	EXP	text_2: text = 0
59.210175000014715	EXP	text_2: text = 33
59.24501000001328	EXP	text_2: text = 66
59.272454999998445	EXP	text_2: text = 100
59.29112000000896	EXP	text_2: text = 116
59.308860000019195	EXP	text_2: text = 133
59.326920000021346	EXP	text_2: text = 151
59.34560000000056	EXP	text_2: text = 169
59.361470000003465	EXP	text_2: text = 185
59.378890000021784	EXP	text_2: text = 203
59.39594000001671	EXP	text_2: text = 221
59.4132099999988	EXP	text_2: text = 238
59.419685000000754	DATA	Keydown:  
59.43316000001505	EXP	text_2: text = 258
59.43316000001505	EXP	text_2: autoDraw = false
59.43316000001505	EXP	Feedback: text = 241
59.43316000001505	EXP	Feedback: autoDraw = true
60.42914000002202	EXP	Feedback: autoDraw = false
60.42914000002202	EXP	Feedback: autoDraw = false
60.42914000002202	EXP	text_3: autoDraw = true
69.45785000000615	EXP	text_3: autoDraw = false
69.45785000000615	EXP	text_3: autoDraw = false
69.45785000000615	EXP	text_2: autoDraw = true
69.45785000000615	EXP	text_2: text = 0
69.48898000002373	EXP	text_2: text = 32
69.52191500001936	EXP	text_2: text = 65
69.55468500001007	EXP	text_2: text = 99
69.57298500000616	EXP	text_2: text = 118
69.60513999999966	EXP	text_2: text = 149
69.63672500001849	EXP	text_2: text = 184
69.67278000002261	EXP	text_2: text = 216
69.69040000002133	EXP	text_2: text = 235
69.71123000001535	EXP	text_2: text = 255
69.72593500002404	EXP	text_2: text = 272
69.74326499999734	EXP	text_2: text = 289
69.74628500000108	DATA	Keydown:  
69.76240999999573	EXP	text_2: text = 306
69.76240999999573	EXP	text_2: autoDraw = false
69.76240999999573	EXP	Feedback: text = 289
69.76240999999573	EXP	Feedback: autoDraw = true
70.75299000000814	EXP	Feedback: autoDraw = false
70.75299000000814	EXP	Feedback: autoDraw = false
70.75299000000814	EXP	text_3: autoDraw = true
76.11775500001386	DATA	Keydown:  
77.09988500000327	EXP	text_3: autoDraw = false
77.09988500000327	EXP	text_3: autoDraw = false
77.09988500000327	EXP	text_2: autoDraw = true
77.09988500000327	EXP	text_2: text = 0
77.11717500002123	EXP	text_2: text = 16
77.13145499999519	EXP	text_2: text = 33
77.15041500001098	EXP	text_2: text = 49
77.16664500001934	EXP	text_2: text = 66
77.18462000001455	EXP	text_2: text = 82
77.20180000000983	EXP	text_2: text = 102
77.23623000000953	EXP	text_2: text = 133
77.25514500000281	EXP	text_2: text = 151
77.28196000002208	EXP	text_2: text = 183
77.30013000001782	EXP	text_2: text = 199
77.31728000001749	EXP	text_2: text = 217
77.33285000000615	EXP	text_2: text = 233
77.34957000002032	EXP	text_2: text = 249
77.36559000000125	EXP	text_2: text = 266
77.38219500001287	EXP	text_2: text = 282
77.39853000000585	EXP	text_2: text = 299
77.41731499999878	EXP	text_2: text = 316
77.43293999999878	EXP	text_2: text = 334
77.45277000000351	EXP	text_2: text = 349
77.4596850000089	DATA	Keydown:  
77.47538499999791	EXP	text_2: text = 373
77.47538499999791	EXP	text_2: autoDraw = false
77.47538499999791	EXP	Feedback: text = 360
77.47538499999791	EXP	Feedback: autoDraw = true
78.4681350000028	EXP	Feedback: autoDraw = false
78.4681350000028	EXP	Feedback: autoDraw = false
78.4681350000028	EXP	text_3: autoDraw = true
81.05140500000562	EXP	text_3: autoDraw = false
81.05140500000562	EXP	text_3: autoDraw = false
81.05140500000562	EXP	text_2: autoDraw = true
81.05140500000562	EXP	text_2: text = 0
81.08182000002125	EXP	text_2: text = 33
81.09822500002338	EXP	text_2: text = 50
81.11694000000716	EXP	text_2: text = 68
81.15073000002303	EXP	text_2: text = 100
81.17921000000206	EXP	text_2: text = 133
81.19863500000793	EXP	text_2: text = 150
81.21551999999792	EXP	text_2: text = 167
81.23370500002056	EXP	text_2: text = 184
81.24950500001432	EXP	text_2: text = 201
81.26663500000723	EXP	text_2: text = 218
81.2830950000207	EXP	text_2: text = 235
81.30434000000241	EXP	text_2: text = 253
81.32267000002321	EXP	text_2: text = 274
81.3399700000009	EXP	text_2: text = 288
81.34432500001276	DATA	Keydown:  
81.36423500001547	EXP	text_2: text = 308
81.36423500001547	EXP	text_2: autoDraw = false
81.36423500001547	EXP	Feedback: text = 293
81.36423500001547	EXP	Feedback: autoDraw = true
82.3481600000232	EXP	Feedback: autoDraw = false
82.3481600000232	EXP	Feedback: autoDraw = false
82.3481600000232	EXP	text_3: autoDraw = true
85.24473500001477	DATA	Keydown:  
86.41456500001368	EXP	text_3: autoDraw = false
86.41456500001368	EXP	text_3: autoDraw = false
86.41456500001368	EXP	text_2: autoDraw = true
86.41456500001368	EXP	text_2: text = 0
86.44671000001836	EXP	text_2: text = 34
86.46436500002164	EXP	text_2: text = 50
86.49769000001834	EXP	text_2: text = 83
86.53141500000493	EXP	text_2: text = 117
86.56374000001233	EXP	text_2: text = 150
86.59416999999667	EXP	text_2: text = 183
86.6127400000114	EXP	text_2: text = 201
86.62953000000562	EXP	text_2: text = 217
86.6450650000188	EXP	text_2: text = 234
86.66223499999614	EXP	text_2: text = 250
86.67920000001322	EXP	text_2: text = 266
86.69471500001964	EXP	text_2: text = 283
86.71178000001237	EXP	text_2: text = 300
86.72836999999708	EXP	text_2: text = 316
86.73227999999654	DATA	Keydown:  
86.74648000000161	EXP	text_2: text = 336
86.74648000000161	EXP	text_2: autoDraw = false
86.74648000000161	EXP	Feedback: text = 318
86.74648000000161	EXP	Feedback: autoDraw = true
87.74645500001498	EXP	Feedback: autoDraw = false
87.74645500001498	EXP	Feedback: autoDraw = false
87.74645500001498	EXP	text_3: autoDraw = true
91.07648499999777	EXP	text_3: autoDraw = false
91.07648499999777	EXP	text_3: autoDraw = false
91.07648499999777	EXP	text_2: autoDraw = true
91.07648499999777	EXP	text_2: text = 0
91.09558500000276	EXP	text_2: text = 17
91.12513500000932	EXP	text_2: text = 50
91.14372000002186	EXP	text_2: text = 67
91.16086500001256	EXP	text_2: text = 85
91.17698499999824	EXP	text_2: text = 99
91.19262000001618	EXP	text_2: text = 116
91.21022500001709	EXP	text_2: text = 133
91.22606000001542	EXP	text_2: text = 150
91.240060000011	EXP	text_2: text = 167
91.2593100000231	EXP	text_2: text = 183
91.27693500000169	EXP	text_2: text = 201
91.29391999999643	EXP	text_2: text = 216
91.31139499999699	EXP	text_2: text = 235
91.32799000001978	EXP	text_2: text = 250
91.3456400000141	EXP	text_2: text = 267
91.3498800000234	DATA	Keydown:  
91.36639999999898	EXP	text_2: text = 285
91.36639999999898	EXP	text_2: autoDraw = false
91.36639999999898	EXP	Feedback: text = 274
91.36639999999898	EXP	Feedback: autoDraw = true
92.36230500001693	EXP	Feedback: autoDraw = false
92.36230500001693	EXP	Feedback: autoDraw = false
92.36230500001693	EXP	text_3: autoDraw = true
98.47614500002237	EXP	text_3: autoDraw = false
98.47614500002237	EXP	text_3: autoDraw = false
98.47614500002237	EXP	text_2: autoDraw = true
98.47614500002237	EXP	text_2: text = 0
98.50972000000183	EXP	text_2: text = 32
98.5384699999995	EXP	text_2: text = 66
98.55659500000183	EXP	text_2: text = 82
98.57378000000608	EXP	text_2: text = 99
98.59343999999692	EXP	text_2: text = 118
98.62625500001013	EXP	text_2: text = 148
98.65822500002105	EXP	text_2: text = 182
98.68980000002193	EXP	text_2: text = 215
98.71267000000807	EXP	text_2: text = 234
98.73035500000697	EXP	text_2: text = 253
98.743054999999	EXP	text_2: text = 271
98.74738499999512	DATA	Keydown:  
98.76172000000952	EXP	text_2: text = 287
98.76172000000952	EXP	text_2: autoDraw = false
98.76172000000952	EXP	Feedback: text = 272
98.76172000000952	EXP	Feedback: autoDraw = true
99.75651999999536	EXP	Feedback: autoDraw = false
99.75651999999536	EXP	Feedback: autoDraw = false
99.75651999999536	EXP	text_3: autoDraw = true
101.94250500001363	EXP	text_3: autoDraw = false
101.94250500001363	EXP	text_3: autoDraw = false
101.94250500001363	EXP	text_2: autoDraw = true
101.94250500001363	EXP	text_2: text = 0
101.97347500000615	EXP	text_2: text = 34
102.00557500001742	EXP	text_2: text = 66
102.04118500000914	EXP	text_2: text = 100
102.07434000002104	EXP	text_2: text = 133
102.10533000002033	EXP	text_2: text = 166
102.12150999999722	EXP	text_2: text = 183
102.13586000000942	EXP	text_2: text = 200
102.15592499999912	EXP	text_2: text = 218
102.17170999999507	EXP	text_2: text = 233
102.18916999999783	EXP	text_2: text = 250
102.20608500001254	EXP	text_2: text = 268
102.21142500001588	DATA	Keydown:  
102.22759000002407	EXP	text_2: text = 286
102.22759000002407	EXP	text_2: autoDraw = false
102.22759000002407	EXP	Feedback: text = 270
102.22759000002407	EXP	Feedback: autoDraw = true
103.22245500001009	EXP	Feedback: autoDraw = false
103.22245500001009	EXP	Feedback: autoDraw = false
103.22245500001009	EXP	text_3: autoDraw = true
109.8201200000185	EXP	text_3: autoDraw = false
109.8201200000185	EXP	text_3: autoDraw = false
109.8201200000185	EXP	text_2: autoDraw = true
109.8201200000185	EXP	text_2: text = 0
109.84934499999508	EXP	text_2: text = 33
109.87049000000115	EXP	text_2: text = 50
109.90397000001394	EXP	text_2: text = 84
109.9360100000049	EXP	text_2: text = 116
109.97146000000066	EXP	text_2: text = 150
110.00343500002054	EXP	text_2: text = 183
110.02086000001873	EXP	text_2: text = 202
110.04458000001614	DATA	Keydown:  
110.05965500001912	EXP	text_2: text = 239
110.05965500001912	EXP	text_2: autoDraw = false
110.05965500001912	EXP	Feedback: text = 225
110.05965500001912	EXP	Feedback: autoDraw = true
111.05071500001941	EXP	Feedback: autoDraw = false
111.05071500001941	EXP	Feedback: autoDraw = false
111.05071500001941	EXP	text_3: autoDraw = true
116.65374000000884	EXP	text_3: autoDraw = false
116.65374000000884	EXP	text_3: autoDraw = false
116.65374000000884	EXP	text_2: autoDraw = true
116.65374000000884	EXP	text_2: text = 0
116.68413999999757	EXP	text_2: text = 33
116.7159550000215	EXP	text_2: text = 67
116.73357000001124	EXP	text_2: text = 85
116.76664499999606	EXP	text_2: text = 116
116.78773999999976	EXP	text_2: text = 138
116.80350000000908	EXP	text_2: text = 155
116.82098000001861	EXP	text_2: text = 173
116.83797000002232	EXP	text_2: text = 188
116.85362999999779	EXP	text_2: text = 204
116.86830500001088	EXP	text_2: text = 220
116.88438000000315	EXP	text_2: text = 234
116.90123000001768	EXP	text_2: text = 252
116.9056050000072	DATA	Keydown:  
116.92192000002251	EXP	text_2: text = 270
116.92192000002251	EXP	text_2: autoDraw = false
116.92192000002251	EXP	Feedback: text = 252
116.92192000002251	EXP	Feedback: autoDraw = true
117.9163899999985	EXP	Feedback: autoDraw = false
117.9163899999985	EXP	Feedback: autoDraw = false
117.9163899999985	EXP	text_3: autoDraw = true
124.23146999999881	EXP	text_3: autoDraw = false
124.23146999999881	EXP	text_3: autoDraw = false
124.23146999999881	EXP	text_2: autoDraw = true
124.23146999999881	EXP	text_2: text = 0
124.26354500002344	EXP	text_2: text = 32
124.29444500000682	EXP	text_2: text = 66
124.31236500001978	EXP	text_2: text = 83
124.34059500001604	EXP	text_2: text = 116
124.36099000001559	EXP	text_2: text = 132
124.37809500002186	EXP	text_2: text = 149
124.39405500001158	EXP	text_2: text = 166
124.40948500001105	EXP	text_2: text = 182
124.42796500000986	EXP	text_2: text = 200
124.44680000000517	EXP	text_2: text = 218
124.4630650000181	EXP	text_2: text = 233
124.46730000001844	DATA	Keydown:  
124.48110500001349	EXP	text_2: text = 251
124.48110500001349	EXP	text_2: autoDraw = false
124.48110500001349	EXP	Feedback: text = 236
124.48110500001349	EXP	Feedback: autoDraw = true
125.4793350000109	EXP	Feedback: autoDraw = false
125.4793350000109	EXP	Feedback: autoDraw = false
125.4793350000109	EXP	text_3: autoDraw = true
128.36021000001347	EXP	text_3: autoDraw = false
128.36021000001347	EXP	text_3: autoDraw = false
128.36021000001347	EXP	text_2: autoDraw = true
128.36021000001347	EXP	text_2: text = 0
128.3937300000107	EXP	text_2: text = 34
128.4278200000117	EXP	text_2: text = 66
128.45802000002004	EXP	text_2: text = 100
128.47608500000206	EXP	text_2: text = 119
128.4922550000192	EXP	text_2: text = 133
128.50884000002407	EXP	text_2: text = 150
128.52629000000888	EXP	text_2: text = 167
128.5426650000154	EXP	text_2: text = 183
128.56199000001652	EXP	text_2: text = 200
128.5765750000137	EXP	text_2: text = 218
128.60643000001437	EXP	text_2: text = 250
128.62630000000354	EXP	text_2: text = 266
128.64605999999912	EXP	text_2: text = 285
128.6629950000206	EXP	text_2: text = 304
128.68173000001116	DATA	Keydown:  
128.70692500000587	EXP	text_2: text = 342
128.70692500000587	EXP	text_2: autoDraw = false
128.70692500000587	EXP	Feedback: text = 322
128.70692500000587	EXP	Feedback: autoDraw = true
129.69083000000683	EXP	Feedback: autoDraw = false
129.69083000000683	EXP	Feedback: autoDraw = false
129.69083000000683	EXP	text_3: autoDraw = true
135.95728000000236	DATA	Keydown:  
138.77394000001368	EXP	text_3: autoDraw = false
138.77394000001368	EXP	text_3: autoDraw = false
138.77394000001368	EXP	text_2: autoDraw = true
138.77394000001368	EXP	text_2: text = 0
138.8054950000078	EXP	text_2: text = 33
138.82308000000194	EXP	text_2: text = 51
138.85435500001768	EXP	text_2: text = 82
138.86920499999542	EXP	text_2: text = 100
138.88667000000714	EXP	text_2: text = 115
138.90508500000578	EXP	text_2: text = 133
138.92280500000925	EXP	text_2: text = 152
138.938129999995	EXP	text_2: text = 167
138.95540500001516	EXP	text_2: text = 183
138.97305500000948	EXP	text_2: text = 202
138.98628500002087	EXP	text_2: text = 218
139.00515000001178	EXP	text_2: text = 233
139.02109000002383	EXP	text_2: text = 251
139.02488500002073	DATA	Keydown:  
139.0403150000202	EXP	text_2: text = 267
139.0403150000202	EXP	text_2: autoDraw = false
139.0403150000202	EXP	Feedback: text = 252
139.0403150000202	EXP	Feedback: autoDraw = true
140.0369650000066	EXP	Feedback: autoDraw = false
140.0369650000066	EXP	Feedback: autoDraw = false
140.0369650000066	EXP	text_3: autoDraw = true
143.55402500001946	EXP	text_3: autoDraw = false
143.55402500001946	EXP	text_3: autoDraw = false
143.55402500001946	EXP	text_2: autoDraw = true
143.55402500001946	EXP	text_2: text = 0
143.5855600000068	EXP	text_2: text = 33
143.6202050000138	EXP	text_2: text = 66
143.65401500000735	EXP	text_2: text = 100
143.69275000001653	EXP	text_2: text = 134
143.7172150000115	EXP	text_2: text = 166
143.73422500002198	EXP	text_2: text = 183
143.75184000001173	EXP	text_2: text = 200
143.76892500001122	EXP	text_2: text = 218
143.78518000000622	EXP	text_2: text = 234
143.8025300000154	EXP	text_2: text = 251
143.8138500000059	EXP	text_2: text = 266
143.81869500002358	DATA	Keydown:  
143.8359150000033	EXP	text_2: text = 283
143.8359150000033	EXP	text_2: autoDraw = false
143.8359150000033	EXP	Feedback: text = 265
143.8359150000033	EXP	Feedback: autoDraw = true
144.8373750000028	EXP	Feedback: autoDraw = false
144.8373750000028	EXP	Feedback: autoDraw = false
144.8373750000028	EXP	text_3: autoDraw = true
154.7615400000068	EXP	text_3: autoDraw = false
154.7615400000068	EXP	text_3: autoDraw = false
154.7615400000068	EXP	text_2: autoDraw = true
154.7615400000068	EXP	text_2: text = 0
154.77949499999522	EXP	text_2: text = 17
154.79708499999833	EXP	text_2: text = 35
154.81316499999957	EXP	text_2: text = 51
154.83115500002168	EXP	text_2: text = 68
154.86582000000635	EXP	text_2: text = 100
154.899780000007	EXP	text_2: text = 133
154.93825000000652	EXP	text_2: text = 166
154.96695000000182	EXP	text_2: text = 203
154.9935150000092	EXP	text_2: text = 233
155.00026500000968	DATA	Keydown:  
155.01709500001743	EXP	text_2: text = 253
155.01709500001743	EXP	text_2: autoDraw = false
155.01709500001743	EXP	Feedback: text = 239
155.01709500001743	EXP	Feedback: autoDraw = true
156.03293000001577	EXP	Feedback: autoDraw = false
156.03293000001577	EXP	Feedback: autoDraw = false
156.03293000001577	EXP	text_3: autoDraw = true
163.67653500000597	EXP	text_3: autoDraw = false
163.67653500000597	EXP	text_3: autoDraw = false
163.67653500000597	EXP	text_2: autoDraw = true
163.67653500000597	EXP	text_2: text = 0
163.69266500000958	EXP	text_2: text = 17
163.70869500000845	EXP	text_2: text = 34
163.72737500001676	EXP	text_2: text = 51
163.76081999999587	EXP	text_2: text = 83
163.7945699999982	EXP	text_2: text = 117
163.82688500001677	EXP	text_2: text = 149
163.86044499999844	EXP	text_2: text = 183
163.8790699999954	EXP	text_2: text = 202
163.9087100000179	EXP	text_2: text = 233
163.9254550000187	EXP	text_2: text = 250
163.93087500002002	DATA	Keydown:  
163.94750500001828	EXP	text_2: text = 271
163.94750500001828	EXP	text_2: autoDraw = false
163.94750500001828	EXP	Feedback: text = 255
163.94750500001828	EXP	Feedback: autoDraw = true
164.94195999999647	EXP	Feedback: autoDraw = false
164.94195999999647	EXP	Feedback: autoDraw = false
164.94195999999647	EXP	text_3: autoDraw = true
169.0587200000009	DATA	Keydown:  
169.11358000000473	EXP	text_3: autoDraw = false
169.11358000000473	EXP	text_3: autoDraw = false
169.11358000000473	EXP	text_2: autoDraw = true
169.11358000000473	EXP	text_2: text = 0
169.13977000000887	EXP	text_2: text = 28
169.1572200000228	EXP	text_2: text = 45
169.17079500001273	EXP	text_2: text = 62
169.18893500001286	EXP	text_2: text = 78
169.20579000000726	EXP	text_2: text = 94
169.22325999999885	EXP	text_2: text = 110
169.2413050000032	EXP	text_2: text = 129
169.27529499999946	EXP	text_2: text = 161
169.2922800000233	EXP	text_2: text = 179
169.31150500001968	EXP	text_2: text = 197
169.32850000000326	EXP	text_2: text = 217
169.34216500000912	EXP	text_2: text = 233
169.3600200000219	EXP	text_2: text = 248
169.37622500001453	EXP	text_2: text = 264
169.39052000001539	EXP	text_2: text = 279
169.40681500002393	EXP	text_2: text = 294
169.42336000001524	EXP	text_2: text = 310
169.43167000001995	DATA	Keydown:  
169.4493150000053	EXP	text_2: text = 335
169.4493150000053	EXP	text_2: autoDraw = false
169.4493150000053	EXP	Feedback: text = 319
169.4493150000053	EXP	Feedback: autoDraw = true
169.65721000000485	DATA	Keydown:  
170.44017000001622	EXP	Feedback: autoDraw = false
170.44017000001622	EXP	Feedback: autoDraw = false
170.44017000001622	EXP	text_3: autoDraw = true
179.69182000000728	EXP	text_3: autoDraw = false
179.69182000000728	EXP	text_3: autoDraw = false
179.69182000000728	EXP	text_2: autoDraw = true
179.69182000000728	EXP	text_2: text = 0
179.7166600000055	EXP	text_2: text = 32
179.73363000000245	EXP	text_2: text = 48
179.75177500001155	EXP	text_2: text = 65
179.76854000001913	EXP	text_2: text = 83
179.80098500000895	EXP	text_2: text = 116
179.81752000001143	EXP	text_2: text = 132
179.8323500000115	EXP	text_2: text = 149
179.85229500001878	EXP	text_2: text = 165
179.86868000001414	EXP	text_2: text = 184
179.8861550000147	EXP	text_2: text = 200
179.92340500000864	EXP	text_2: text = 233
179.92795000001206	DATA	Keydown:  
179.95190000001458	EXP	text_2: text = 261
179.95190000001458	EXP	text_2: autoDraw = false
179.95190000001458	EXP	Feedback: text = 237
179.95190000001458	EXP	Feedback: autoDraw = true
180.95075000001816	EXP	Feedback: autoDraw = false
180.95075000001816	EXP	Feedback: autoDraw = false
180.95075000001816	EXP	text_3: autoDraw = true
184.1512400000065	DATA	Keydown:  
187.4997549999971	EXP	text_3: autoDraw = false
187.4997549999971	EXP	text_3: autoDraw = false
187.4997549999971	EXP	text_2: autoDraw = true
187.4997549999971	EXP	text_2: text = 0
187.5332150000031	EXP	text_2: text = 33
187.56509000001824	EXP	text_2: text = 67
187.57925500001875	EXP	text_2: text = 85
187.59855500000413	EXP	text_2: text = 100
187.63342500000726	EXP	text_2: text = 133
187.66609500002232	EXP	text_2: text = 167
187.6974400000181	EXP	text_2: text = 200
187.7150950000214	EXP	text_2: text = 217
187.73128500001621	EXP	text_2: text = 234
187.7443750000093	EXP	text_2: text = 250
187.74821499999962	DATA	Keydown:  
187.76441500001238	EXP	text_2: text = 266
187.76441500001238	EXP	text_2: autoDraw = false
187.76441500001238	EXP	Feedback: text = 249
187.76441500001238	EXP	Feedback: autoDraw = true
188.76351000001887	EXP	Feedback: autoDraw = false
188.76351000001887	EXP	Feedback: autoDraw = false
188.76351000001887	EXP	text_3: autoDraw = true
192.22974500001874	EXP	text_3: autoDraw = false
192.22974500001874	EXP	text_3: autoDraw = false
192.22974500001874	EXP	text_2: autoDraw = true
192.22974500001874	EXP	text_2: text = 0
192.24569500001962	EXP	text_2: text = 17
192.26205000001937	EXP	text_2: text = 33
192.2774999999965	EXP	text_2: text = 50
192.29468500000075	EXP	text_2: text = 66
192.31165000001783	EXP	text_2: text = 83
192.32826999999816	EXP	text_2: text = 100
192.34551000001375	EXP	text_2: text = 117
192.36187000002246	EXP	text_2: text = 133
192.37856000001193	EXP	text_2: text = 150
192.39480000000913	EXP	text_2: text = 167
192.41099500001292	EXP	text_2: text = 183
192.4276499999978	EXP	text_2: text = 200
192.44373500000802	EXP	text_2: text = 216
192.4728049999976	EXP	text_2: text = 244
192.49319000000833	EXP	text_2: text = 263
192.50677999999607	EXP	text_2: text = 283
192.52709000001778	EXP	text_2: text = 299
192.56429999999818	EXP	text_2: text = 335
192.58162500002072	EXP	text_2: text = 350
192.60159000000567	EXP	text_2: text = 372
192.619085000013	EXP	text_2: text = 390
192.6344800000079	EXP	text_2: text = 405
192.6491200000164	EXP	text_2: text = 420
192.6662500000093	EXP	text_2: text = 438
192.68138000002364	EXP	text_2: text = 455
192.69739000001573	EXP	text_2: text = 469
192.71405999999843	EXP	text_2: text = 484
192.72848499999964	EXP	text_2: text = 500
192.74708500000997	EXP	text_2: text = 518
192.76485999999568	EXP	text_2: text = 536
192.7833550000214	EXP	text_2: text = 553
192.79837500001304	EXP	text_2: text = 570
192.8144200000097	EXP	text_2: text = 585
192.82786000001943	EXP	text_2: text = 602
192.84613499999978	EXP	text_2: text = 616
192.86240500002168	EXP	text_2: text = 633
192.87950000001	EXP	text_2: text = 650
192.88523500002339	DATA	Keydown:  
192.9009350000124	EXP	text_2: text = 670
192.9009350000124	EXP	text_2: autoDraw = false
192.9009350000124	EXP	Feedback: text = 656
192.9009350000124	EXP	Feedback: autoDraw = true
193.89316999999573	EXP	Feedback: autoDraw = false
193.89316999999573	EXP	Feedback: autoDraw = false
193.89316999999573	EXP	text_3: autoDraw = true
197.82887500000652	EXP	text_3: autoDraw = false
197.82887500000652	EXP	text_3: autoDraw = false
197.82887500000652	EXP	text_2: autoDraw = true
197.82887500000652	EXP	text_2: text = 0
197.8612200000207	EXP	text_2: text = 33
197.89436500001466	EXP	text_2: text = 67
197.92969000001904	EXP	text_2: text = 100
197.9619900000107	EXP	text_2: text = 133
197.99630500000785	EXP	text_2: text = 167
198.02636000001803	EXP	text_2: text = 200
198.04336000001058	EXP	text_2: text = 218
198.0579700000235	EXP	text_2: text = 233
198.07508000000962	EXP	text_2: text = 250
198.0942400000058	EXP	text_2: text = 267
198.1091750000196	EXP	text_2: text = 284
198.12489000000642	EXP	text_2: text = 300
198.14312500000233	EXP	text_2: text = 317
198.16018000000622	EXP	text_2: text = 334
198.16596500002197	DATA	Keydown:  
198.17737000001944	EXP	text_2: text = 352
198.17737000001944	EXP	text_2: autoDraw = false
198.17737000001944	EXP	Feedback: text = 337
198.17737000001944	EXP	Feedback: autoDraw = true
199.17459000000963	EXP	Feedback: autoDraw = false
199.17459000000963	EXP	Feedback: autoDraw = false
199.17459000000963	EXP	text_3: autoDraw = true
206.6755950000079	EXP	text_3: autoDraw = false
206.6755950000079	EXP	text_3: autoDraw = false
206.6755950000079	EXP	text_2: autoDraw = true
206.6755950000079	EXP	text_2: text = 0
206.70417500002077	EXP	text_2: text = 33
206.71955500001786	EXP	text_2: text = 51
206.7370499999961	EXP	text_2: text = 67
206.75543499999912	EXP	text_2: text = 83
206.77150500001153	EXP	text_2: text = 101
206.78767000001972	EXP	text_2: text = 117
206.80507000000216	EXP	text_2: text = 133
206.8209950000164	EXP	text_2: text = 150
206.83772999999928	EXP	text_2: text = 167
206.8544450000045	EXP	text_2: text = 183
206.8687800000189	EXP	text_2: text = 200
206.88742000001366	EXP	text_2: text = 216
206.90404500000295	EXP	text_2: text = 233
206.9197250000143	EXP	text_2: text = 250
206.93773500001407	EXP	text_2: text = 266
206.95342500001425	EXP	text_2: text = 283
206.9724050000077	EXP	text_2: text = 300
206.9868200000201	EXP	text_2: text = 318
207.00412500000675	EXP	text_2: text = 333
207.02078500000061	EXP	text_2: text = 351
207.038120000012	EXP	text_2: text = 366
207.05939000000944	EXP	text_2: text = 388
207.0747450000199	EXP	text_2: text = 404
207.08918000000995	EXP	text_2: text = 418
207.10510000001523	EXP	text_2: text = 433
207.1239850000129	EXP	text_2: text = 451
207.13751000000047	EXP	text_2: text = 469
207.15569500002312	EXP	text_2: text = 484
207.1719850000227	EXP	text_2: text = 501
207.18896500000847	EXP	text_2: text = 517
207.20553999999538	EXP	text_2: text = 533
207.22241499999654	EXP	text_2: text = 550
207.24146499999915	EXP	text_2: text = 566
207.25750999999582	EXP	text_2: text = 586
207.271865000017	EXP	text_2: text = 601
207.31695000000764	EXP	text_2: text = 641
207.34248000002117	EXP	text_2: text = 670
207.35884000000078	EXP	text_2: text = 687
207.37627999999677	EXP	text_2: text = 702
207.38049500001944	DATA	Keydown:  
207.41584000000148	EXP	text_2: text = 743
207.41584000000148	EXP	text_2: autoDraw = false
207.41584000000148	EXP	Feedback: text = 705
207.41584000000148	EXP	Feedback: autoDraw = true
208.40738000001875	EXP	Feedback: autoDraw = false
208.40738000001875	EXP	Feedback: autoDraw = false
208.40738000001875	EXP	text_3: autoDraw = true
213.15445500001078	EXP	text_3: autoDraw = false
213.15445500001078	EXP	text_3: autoDraw = false
213.15445500001078	EXP	text_2: autoDraw = true
213.15445500001078	EXP	text_2: text = 0
213.18813500000397	EXP	text_2: text = 34
213.22060500000953	EXP	text_2: text = 66
213.25424999999814	EXP	text_2: text = 100
213.28134499999578	EXP	text_2: text = 133
213.3019900000072	EXP	text_2: text = 149
213.31798000002163	EXP	text_2: text = 166
213.33443000001716	EXP	text_2: text = 183
213.35123500000918	EXP	text_2: text = 199
213.36854500000481	EXP	text_2: text = 216
213.38506000000052	EXP	text_2: text = 233
213.4027449999994	EXP	text_2: text = 249
213.41902000000118	EXP	text_2: text = 267
213.43209000001661	EXP	text_2: text = 283
213.45092500001192	EXP	text_2: text = 299
213.46934000001056	EXP	text_2: text = 316
213.48444500000915	EXP	text_2: text = 333
213.50168499999563	EXP	text_2: text = 349
213.51861500000814	EXP	text_2: text = 366
213.53698500001337	EXP	text_2: text = 384
213.5522050000145	EXP	text_2: text = 402
213.56812999999966	EXP	text_2: text = 416
213.5848550000228	EXP	text_2: text = 433
213.6025550000195	EXP	text_2: text = 450
213.6198850000219	EXP	text_2: text = 467
213.63599500001874	EXP	text_2: text = 484
213.65175499999896	EXP	text_2: text = 499
213.6699700000172	EXP	text_2: text = 516
213.69186000002082	EXP	text_2: text = 534
213.69628500001272	DATA	Keydown:  
213.71115499999723	EXP	text_2: text = 559
213.71115499999723	EXP	text_2: autoDraw = false
213.71115499999723	EXP	Feedback: text = 542
213.71115499999723	EXP	Feedback: autoDraw = true
214.70098500000313	EXP	Feedback: autoDraw = false
214.70098500000313	EXP	Feedback: autoDraw = false
214.70098500000313	EXP	text_3: autoDraw = true
223.40045499999542	EXP	text_3: autoDraw = false
223.40045499999542	EXP	text_3: autoDraw = false
223.40045499999542	EXP	text_2: autoDraw = true
223.40045499999542	EXP	text_2: text = 0
223.4279150000075	EXP	text_2: text = 33
223.4463650000107	EXP	text_2: text = 49
223.46129000000656	EXP	text_2: text = 66
223.47885000001406	EXP	text_2: text = 82
223.49642999999924	EXP	text_2: text = 99
223.5139500000223	EXP	text_2: text = 116
223.5305600000138	EXP	text_2: text = 133
223.54933000000892	EXP	text_2: text = 150
223.5828250000195	EXP	text_2: text = 182
223.61442500000703	EXP	text_2: text = 216
223.63301499999943	EXP	text_2: text = 235
223.65194000001065	EXP	text_2: text = 250
223.65614000000642	DATA	Keydown:  
223.68006000001333	EXP	text_2: text = 270
223.68006000001333	EXP	text_2: autoDraw = false
223.68006000001333	EXP	Feedback: text = 256
223.68006000001333	EXP	Feedback: autoDraw = true
224.66201	EXP	Feedback: autoDraw = false
224.66201	EXP	Feedback: autoDraw = false
224.66201	EXP	text_3: autoDraw = true
230.47855500000878	EXP	text_3: autoDraw = false
230.47855500000878	EXP	text_3: autoDraw = false
230.47855500000878	EXP	text_2: autoDraw = true
230.47855500000878	EXP	text_2: text = 0
230.5117400000163	EXP	text_2: text = 33
230.52906000000075	EXP	text_2: text = 50
230.56026500000735	EXP	text_2: text = 83
230.57862000001478	EXP	text_2: text = 100
230.6104950000008	EXP	text_2: text = 133
230.62807000000612	EXP	text_2: text = 150
230.6451750000124	EXP	text_2: text = 167
230.6582150000031	EXP	text_2: text = 184
230.6769150000182	EXP	text_2: text = 200
230.69443500001216	EXP	text_2: text = 218
230.71039000002202	EXP	text_2: text = 233
230.71389000001363	DATA	Keydown:  
230.7309499999974	EXP	text_2: text = 251
230.7309499999974	EXP	text_2: autoDraw = false
230.7309499999974	EXP	Feedback: text = 236
230.7309499999974	EXP	Feedback: autoDraw = true
231.72573500001454	EXP	Feedback: autoDraw = false
231.72573500001454	EXP	Feedback: autoDraw = false
231.72573500001454	EXP	text_3: autoDraw = true
239.20480500001577	EXP	text_3: autoDraw = false
239.20480500001577	EXP	text_3: autoDraw = false
239.20480500001577	EXP	text_2: autoDraw = true
239.20480500001577	EXP	text_2: text = 0
239.2223000000231	EXP	text_2: text = 17
239.24008499999763	EXP	text_2: text = 33
239.25574000002234	EXP	text_2: text = 50
239.29018500001985	EXP	text_2: text = 83
239.30879000001005	EXP	text_2: text = 102
239.34069000001182	EXP	text_2: text = 133
239.35854000001564	EXP	text_2: text = 152
239.37711500001024	EXP	text_2: text = 172
239.39119000002393	EXP	text_2: text = 186
239.40631500000018	EXP	text_2: text = 200
239.42290000000503	EXP	text_2: text = 217
239.48885000002338	EXP	text_2: text = 275
239.5064850000199	EXP	text_2: text = 300
239.5248450000072	EXP	text_2: text = 318
239.54591499999515	EXP	text_2: text = 339
239.56049500001245	EXP	text_2: text = 358
239.58718500001123	DATA	Keydown:  
239.60454500000924	EXP	text_2: text = 396
239.60454500000924	EXP	text_2: autoDraw = false
239.60454500000924	EXP	Feedback: text = 383
239.60454500000924	EXP	Feedback: autoDraw = true
240.6047350000008	EXP	Feedback: autoDraw = false
240.6047350000008	EXP	Feedback: autoDraw = false
240.6047350000008	EXP	text_3: autoDraw = true
243.03991000002134	EXP	text_3: autoDraw = false
243.03991000002134	EXP	text_3: autoDraw = false
243.03991000002134	EXP	text_2: autoDraw = true
243.03991000002134	EXP	text_2: text = 0
243.07237000000896	EXP	text_2: text = 33
243.1043500000087	EXP	text_2: text = 66
243.1225100000156	EXP	text_2: text = 84
243.15186500002164	EXP	text_2: text = 117
243.1719049999956	EXP	text_2: text = 133
243.18826500000432	EXP	text_2: text = 151
243.2039400000067	EXP	text_2: text = 167
243.21974500000942	EXP	text_2: text = 183
243.2368200000201	EXP	text_2: text = 200
243.253469999996	EXP	text_2: text = 216
243.27079999999842	EXP	text_2: text = 233
243.2886250000156	EXP	text_2: text = 251
243.30289500000072	EXP	text_2: text = 268
243.32080000001588	EXP	text_2: text = 283
243.33712500002002	EXP	text_2: text = 300
243.35273000001325	EXP	text_2: text = 316
243.36951000001864	EXP	text_2: text = 333
243.3860950000235	EXP	text_2: text = 350
243.4062350000022	EXP	text_2: text = 366
243.41366500000004	DATA	Keydown:  
243.43274000001838	EXP	text_2: text = 388
243.43274000001838	EXP	text_2: autoDraw = false
243.43274000001838	EXP	Feedback: text = 374
243.43274000001838	EXP	Feedback: autoDraw = true
244.4210000000021	EXP	Feedback: autoDraw = false
244.4210000000021	EXP	Feedback: autoDraw = false
244.4210000000021	EXP	text_3: autoDraw = true
249.1028450000158	EXP	text_3: autoDraw = false
249.1028450000158	EXP	text_3: autoDraw = false
249.1028450000158	EXP	text_2: autoDraw = true
249.1028450000158	EXP	text_2: text = 0
249.13821000000462	EXP	text_2: text = 33
249.16854500002228	EXP	text_2: text = 67
249.20236500000465	EXP	text_2: text = 100
249.21759500002372	EXP	text_2: text = 118
249.2347900000168	EXP	text_2: text = 134
249.25196000002325	EXP	text_2: text = 150
249.26789499999722	EXP	text_2: text = 167
249.2840450000076	EXP	text_2: text = 183
249.30009000000427	EXP	text_2: text = 200
249.31753000000026	EXP	text_2: text = 216
249.33245499999612	EXP	text_2: text = 233
249.35059499999625	EXP	text_2: text = 250
249.3691749999998	EXP	text_2: text = 267
249.39312000002246	EXP	text_2: text = 292
249.41036500001792	EXP	text_2: text = 309
249.4276200000022	EXP	text_2: text = 327
249.44325000001118	EXP	text_2: text = 342
249.45909000001848	EXP	text_2: text = 358
249.47713000001386	EXP	text_2: text = 375
249.48040000000037	DATA	Keydown:  
249.49561500002164	EXP	text_2: text = 395
249.49561500002164	EXP	text_2: autoDraw = false
249.49561500002164	EXP	Feedback: text = 378
249.49561500002164	EXP	Feedback: autoDraw = true
250.4992000000202	EXP	Feedback: autoDraw = false
250.4992000000202	EXP	Feedback: autoDraw = false
250.4992000000202	EXP	text_3: autoDraw = true
260.4464900000021	EXP	text_3: autoDraw = false
260.4464900000021	EXP	text_3: autoDraw = false
260.4464900000021	EXP	text_2: autoDraw = true
260.4464900000021	EXP	text_2: text = 0
260.46338500001	EXP	text_2: text = 16
260.4789850000234	EXP	text_2: text = 33
260.494715000008	EXP	text_2: text = 49
260.513180000009	EXP	text_2: text = 66
260.5318499999994	EXP	text_2: text = 84
260.56347500000265	EXP	text_2: text = 116
260.5858949999965	EXP	text_2: text = 136
260.61239500000374	EXP	text_2: text = 166
260.6255050000036	EXP	text_2: text = 182
260.6464950000227	EXP	text_2: text = 199
260.66426000001957	EXP	text_2: text = 216
260.67441999999573	DATA	Keydown:  
260.69036500001675	EXP	text_2: text = 240
260.69036500001675	EXP	text_2: autoDraw = false
260.69036500001675	EXP	Feedback: text = 228
260.69036500001675	EXP	Feedback: autoDraw = true
261.6826600000204	EXP	Feedback: autoDraw = false
261.6826600000204	EXP	Feedback: autoDraw = false
261.6826600000204	EXP	text_3: autoDraw = true
263.9627850000106	EXP	text_3: autoDraw = false
263.9627850000106	EXP	text_3: autoDraw = false
263.9627850000106	EXP	text_2: autoDraw = true
263.9627850000106	EXP	text_2: text = 0
263.9963149999967	EXP	text_2: text = 33
264.02954000001773	EXP	text_2: text = 67
264.0627800000075	EXP	text_2: text = 100
264.0967150000215	EXP	text_2: text = 133
264.1305200000061	EXP	text_2: text = 166
264.1616450000147	EXP	text_2: text = 200
264.1766500000085	EXP	text_2: text = 218
264.1947400000063	EXP	text_2: text = 234
264.21152000001166	EXP	text_2: text = 250
264.23158500000136	EXP	text_2: text = 270
264.24748499999987	EXP	text_2: text = 286
264.2621700000018	EXP	text_2: text = 302
264.27829000001657	EXP	text_2: text = 317
264.28250000000116	DATA	Keydown:  
264.2995800000208	EXP	text_2: text = 334
264.2995800000208	EXP	text_2: autoDraw = false
264.2995800000208	EXP	Feedback: text = 320
264.2995800000208	EXP	Feedback: autoDraw = true
265.291670000006	EXP	Feedback: autoDraw = false
265.291670000006	EXP	Feedback: autoDraw = false
265.291670000006	EXP	text_3: autoDraw = true
275.25723000001744	EXP	text_3: autoDraw = false
275.25723000001744	EXP	text_3: autoDraw = false
275.25723000001744	EXP	text_2: autoDraw = true
275.25723000001744	EXP	text_2: text = 0
275.28689499999746	EXP	text_2: text = 33
275.3044349999982	EXP	text_2: text = 50
275.3216900000116	EXP	text_2: text = 66
275.3407400000142	EXP	text_2: text = 83
275.3735100000049	EXP	text_2: text = 116
275.40666000000783	EXP	text_2: text = 150
275.440895000007	EXP	text_2: text = 183
275.47211000000243	EXP	text_2: text = 217
275.4902250000159	EXP	text_2: text = 233
275.5083000000159	EXP	text_2: text = 251
275.52588500001	EXP	text_2: text = 269
275.55100000000675	DATA	Keydown:  
275.5845300000219	EXP	text_2: text = 321
275.5845300000219	EXP	text_2: autoDraw = false
275.5845300000219	EXP	Feedback: text = 294
275.5845300000219	EXP	Feedback: autoDraw = true
276.5712449999992	EXP	Feedback: autoDraw = false
276.5712449999992	EXP	Feedback: autoDraw = false
276.5712449999992	EXP	text_3: autoDraw = true
285.1668400000199	DATA	Keydown:  
285.2346550000075	EXP	text_3: autoDraw = false
285.2346550000075	EXP	text_3: autoDraw = false
285.2346550000075	EXP	text_2: autoDraw = true
285.2346550000075	EXP	text_2: text = 0
285.2498349999951	EXP	text_2: text = 16
285.26612500002375	EXP	text_2: text = 33
285.2836649999954	EXP	text_2: text = 50
285.2987500000163	EXP	text_2: text = 66
285.3163850000128	EXP	text_2: text = 83
285.3364350000047	EXP	text_2: text = 100
285.367430000013	EXP	text_2: text = 133
285.3821000000171	EXP	text_2: text = 151
285.3999650000187	EXP	text_2: text = 166
285.41625999999815	EXP	text_2: text = 183
285.4332600000198	EXP	text_2: text = 200
285.449500000017	EXP	text_2: text = 216
285.4680100000114	EXP	text_2: text = 233
285.485800000024	EXP	text_2: text = 250
285.5168200000189	EXP	text_2: text = 283
285.53393000000506	EXP	text_2: text = 300
285.5491949999996	EXP	text_2: text = 317
285.5833649999986	EXP	text_2: text = 350
285.6004350000003	EXP	text_2: text = 366
285.61634000000777	EXP	text_2: text = 383
285.63336500001606	EXP	text_2: text = 400
285.6531300000206	EXP	text_2: text = 417
285.66995999999926	EXP	text_2: text = 434
285.6748099999968	DATA	Keydown:  
285.6913250000216	EXP	text_2: text = 456
285.6913250000216	EXP	text_2: autoDraw = false
285.6913250000216	EXP	Feedback: text = 440
285.6913250000216	EXP	Feedback: autoDraw = true
286.6821250000212	EXP	Feedback: autoDraw = false
286.6821250000212	EXP	Feedback: autoDraw = false
286.6821250000212	EXP	text_3: autoDraw = true
290.933165000024	EXP	text_3: autoDraw = false
290.933165000024	EXP	text_3: autoDraw = false
290.933165000024	EXP	text_2: autoDraw = true
290.933165000024	EXP	text_2: text = 0
290.9622650000092	EXP	text_2: text = 33
290.981300000014	EXP	text_2: text = 50
290.9974199999997	EXP	text_2: text = 67
291.01414000001387	EXP	text_2: text = 83
291.0301400000171	EXP	text_2: text = 100
291.04714500001865	EXP	text_2: text = 116
291.06380000000354	EXP	text_2: text = 133
291.079939999996	EXP	text_2: text = 150
291.09863000002224	EXP	text_2: text = 166
291.114430000016	EXP	text_2: text = 183
291.13070999999763	EXP	text_2: text = 200
291.147649999999	EXP	text_2: text = 216
291.1704299999983	DATA	Keydown:  
291.19580499999574	EXP	text_2: text = 256
291.19580499999574	EXP	text_2: autoDraw = false
291.19580499999574	EXP	Feedback: text = 238
291.19580499999574	EXP	Feedback: autoDraw = true
292.18145500001265	EXP	Feedback: autoDraw = false
292.18145500001265	EXP	Feedback: autoDraw = false
292.18145500001265	EXP	text_3: autoDraw = true
294.11315000001923	DATA	Keydown:  
296.48016999999527	EXP	text_3: autoDraw = false
296.48016999999527	EXP	text_3: autoDraw = false
296.48016999999527	EXP	text_2: autoDraw = true
296.48016999999527	EXP	text_2: text = 0
296.5137550000218	EXP	text_2: text = 33
296.5436950000003	EXP	text_2: text = 67
296.5619650000008	EXP	text_2: text = 83
296.57845500000985	EXP	text_2: text = 99
296.5957950000011	EXP	text_2: text = 116
296.6116200000106	EXP	text_2: text = 133
296.62837500000023	EXP	text_2: text = 150
296.6443750000035	EXP	text_2: text = 166
296.65795000002254	EXP	text_2: text = 183
296.6784650000045	EXP	text_2: text = 200
296.697130000015	EXP	text_2: text = 218
296.7059250000166	DATA	Keydown:  
296.7230799999961	EXP	text_2: text = 241
296.7230799999961	EXP	text_2: autoDraw = false
296.7230799999961	EXP	Feedback: text = 226
296.7230799999961	EXP	Feedback: autoDraw = true
297.71068000001833	EXP	Feedback: autoDraw = false
297.71068000001833	EXP	Feedback: autoDraw = false
297.71068000001833	EXP	text_3: autoDraw = true
303.6468049999967	EXP	text_3: autoDraw = false
303.6468049999967	EXP	text_3: autoDraw = false
303.6468049999967	EXP	text_2: autoDraw = true
303.6468049999967	EXP	text_2: text = 0
303.6777600000205	EXP	text_2: text = 33
303.70842999999877	EXP	text_2: text = 67
303.7427000000025	EXP	text_2: text = 100
303.7605100000219	EXP	text_2: text = 118
303.77641500000027	EXP	text_2: text = 135
303.8106400000106	EXP	text_2: text = 166
303.8280200000154	EXP	text_2: text = 185
303.84122500001104	EXP	text_2: text = 201
303.860800000024	EXP	text_2: text = 216
303.8793949999963	EXP	text_2: text = 237
303.8954450000019	EXP	text_2: text = 252
303.9119000000064	EXP	text_2: text = 270
303.92910500001744	EXP	text_2: text = 286
303.93326499999966	DATA	Keydown:  
303.94835500000045	EXP	text_2: text = 304
303.94835500000045	EXP	text_2: autoDraw = false
303.94835500000045	EXP	Feedback: text = 287
303.94835500000045	EXP	Feedback: autoDraw = true
304.94101000000956	EXP	Feedback: autoDraw = false
304.94101000000956	EXP	Feedback: autoDraw = false
304.94101000000956	EXP	text_3: autoDraw = true
309.5258550000144	EXP	text_3: autoDraw = false
309.5258550000144	EXP	text_3: autoDraw = false
309.5258550000144	EXP	text_2: autoDraw = true
309.5258550000144	EXP	text_2: text = 0
309.55662499999744	EXP	text_2: text = 33
309.5893250000081	EXP	text_2: text = 68
309.60531500002253	EXP	text_2: text = 83
309.6384400000097	EXP	text_2: text = 112
309.65937500001746	EXP	text_2: text = 135
309.68752000000677	EXP	text_2: text = 166
309.7213050000137	EXP	text_2: text = 198
309.74040500001865	EXP	text_2: text = 217
309.7528100000054	EXP	text_2: text = 235
309.7728350000107	EXP	text_2: text = 250
309.78685000000405	EXP	text_2: text = 266
309.80676500001573	EXP	text_2: text = 284
309.822685000021	EXP	text_2: text = 300
309.83931500001927	EXP	text_2: text = 317
309.8556249999965	EXP	text_2: text = 334
309.874290000007	EXP	text_2: text = 350
309.8938950000156	EXP	text_2: text = 369
309.8990100000228	DATA	Keydown:  
309.9117850000039	EXP	text_2: text = 389
309.9117850000039	EXP	text_2: autoDraw = false
309.9117850000039	EXP	Feedback: text = 373
309.9117850000039	EXP	Feedback: autoDraw = true
310.9089249999961	EXP	Feedback: autoDraw = false
310.9089249999961	EXP	Feedback: autoDraw = false
310.9089249999961	EXP	text_3: autoDraw = true
315.88684000002104	EXP	text_3: autoDraw = false
315.88684000002104	EXP	text_3: autoDraw = false
315.88684000002104	EXP	text_2: autoDraw = true
315.88684000002104	EXP	text_2: text = 0
315.9029500000179	EXP	text_2: text = 18
315.9196800000209	EXP	text_2: text = 33
315.9353500000143	EXP	text_2: text = 50
315.95173500000965	EXP	text_2: text = 66
315.9658750000235	EXP	text_2: text = 83
315.9851849999977	EXP	text_2: text = 99
316.00761000000057	EXP	text_2: text = 116
316.0364550000231	EXP	text_2: text = 150
316.0540000000037	EXP	text_2: text = 166
316.06950000001234	EXP	text_2: text = 183
316.0843500000192	EXP	text_2: text = 199
316.1025850000151	EXP	text_2: text = 216
316.11972499999683	EXP	text_2: text = 233
316.13378000000375	EXP	text_2: text = 250
316.1391200000071	DATA	Keydown:  
316.1550200000056	EXP	text_2: text = 267
316.1550200000056	EXP	text_2: autoDraw = false
316.1550200000056	EXP	Feedback: text = 253
316.1550200000056	EXP	Feedback: autoDraw = true
317.15080500001204	EXP	Feedback: autoDraw = false
317.15080500001204	EXP	Feedback: autoDraw = false
317.15080500001204	EXP	text_3: autoDraw = true
322.0032250000222	EXP	text_3: autoDraw = false
322.0032250000222	EXP	text_3: autoDraw = false
322.0032250000222	EXP	text_2: autoDraw = true
322.0032250000222	EXP	text_2: text = 0
322.03567000001203	EXP	text_2: text = 33
322.06830000001355	EXP	text_2: text = 67
322.0862049999996	EXP	text_2: text = 86
322.1186250000028	EXP	text_2: text = 116
322.1654350000026	EXP	text_2: text = 164
322.1892850000004	EXP	text_2: text = 190
322.2049200000183	EXP	text_2: text = 205
322.2222350000229	EXP	text_2: text = 222
322.240615000017	EXP	text_2: text = 241
322.2469149999961	DATA	Keydown:  
322.26641500002006	EXP	text_2: text = 262
322.26641500002006	EXP	text_2: autoDraw = false
322.26641500002006	EXP	Feedback: text = 244
322.26641500002006	EXP	Feedback: autoDraw = true
323.2916250000126	EXP	Feedback: autoDraw = false
323.2916250000126	EXP	Feedback: autoDraw = false
323.2916250000126	EXP	End_text: autoDraw = true
341.5436300000001	DATA	Mouse: 0 button down, pos=(722.0969246695095,351.92821085322794)
341.64075500000035	DATA	Mouse: 0 button down, pos=(722.0969246695095,351.92821085322794)
