0.06590499999947497	EXP	Created Window = Window( name=Window, fullscr=true, color=#000000, units=height, waitBlanking=true, autoLog=true, size=[1216,698] )
2.8473999999987427	DATA	Keydown: 2
2.9333049999986542	DATA	Keydown: 3
4.356174999998984	DATA	Keydown: undefined
10.452664999998888	EXP	Created text = TextStim( name=text, win=Window( name=Window, fullscr=true, color=#000000, ~), autoDraw=null, autoLog=true, units=height, ori=null, opacity=1, pos=[0,0], size=undefined, text=INSTRUCTIONS [EN]


A counter will appear and star~, font=Arial, color=#FFFFFF, contrast=1, height=0.03, bold=null, italic=null, alignHoriz=left, alignVert=center, wrapWidth=1, flipHoriz=null, flipVert=null )
10.454649999999674	EXP	Created text_3 = TextStim( name=text_3, win=Window( name=Window, fullscr=true, color=#000000, ~), autoDraw=null, autoLog=true, units=height, ori=null, opacity=1, pos=[0,0], size=undefined, text=null, font=Arial, color=#FFFFFF, contrast=1, height=0.1, bold=null, italic=null, alignHoriz=left, alignVert=center, wrapWidth=1, flipHoriz=null, flipVert=null )
10.455999999998312	EXP	Created text_2 = TextStim( name=text_2, win=Window( name=Window, fullscr=true, color=#000000, ~), autoDraw=null, autoLog=true, units=height, ori=null, opacity=1, pos=[0,0], size=undefined, text=default text, font=Arial, color=#ff0000, contrast=1, height=0.15, bold=null, italic=null, alignHoriz=left, alignVert=center, wrapWidth=1, flipHoriz=null, flipVert=null )
10.457009999998263	EXP	Created Feedback = TextStim( name=Feedback, win=Window( name=Window, fullscr=true, color=#000000, ~), autoDraw=null, autoLog=true, units=height, ori=null, opacity=1, pos=[0,0], size=undefined, text=default text, font=Arial, color=#ff0000, contrast=1, height=0.15, bold=null, italic=null, alignHoriz=left, alignVert=center, wrapWidth=1, flipHoriz=null, flipVert=null )
10.458239999999932	EXP	Created End_text = TextStim( name=End_text, win=Window( name=Window, fullscr=true, color=#000000, ~), autoDraw=null, autoLog=true, units=height, ori=null, opacity=1, pos=[0,0], size=undefined, text=This study aimed to look at procedural learning, i~, font=Arial, color=#FFFFFF, contrast=1, height=0.025, bold=null, italic=null, alignHoriz=left, alignVert=center, wrapWidth=1, flipHoriz=null, flipVert=null )
10.508554999998523	EXP	text: units = "height"
10.508554999998523	EXP	text: ori = 0
10.508554999998523	EXP	text: opacity = 1
10.508554999998523	EXP	text: pos = [0,0]
10.508554999998523	EXP	text: size = undefined
10.508554999998523	EXP	text: text = "INSTRUCTIONS [EN]\n\n\nA counter will appear and start counting at random times, press SPACE as fast as possible when it appears.\n\n\nPress SPACE to start\n\n-------\n\nInstruções [PT]\n\n\nUm cronómetro vai aparecer e começar a contar aleatoriamente, pressione a tecla SPACE assim que ele aparecer.\n\n\nPressiona SPACE para começar."
10.508554999998523	EXP	text: font = "Arial"
10.508554999998523	EXP	text: color = {"_hex":"#FFFFFF","_rgb":[1,1,1]}
10.508554999998523	EXP	text: contrast = 1
10.508554999998523	EXP	text: height = 0.03
10.508554999998523	EXP	text: bold = false
10.508554999998523	EXP	text: italic = false
10.508554999998523	EXP	text: alignHoriz = "left"
10.508554999998523	EXP	text: alignVert = "center"
10.508554999998523	EXP	text: wrapWidth = 1
10.508554999998523	EXP	text: flipHoriz = false
10.508554999998523	EXP	text: flipVert = false
10.508554999998523	EXP	text_3: units = "height"
10.508554999998523	EXP	text_3: ori = 0
10.508554999998523	EXP	text_3: opacity = 1
10.508554999998523	EXP	text_3: pos = [0,0]
10.508554999998523	EXP	text_3: size = undefined
10.508554999998523	EXP	text_3: text = ""
10.508554999998523	EXP	text_3: font = "Arial"
10.508554999998523	EXP	text_3: color = {"_hex":"#FFFFFF","_rgb":[1,1,1]}
10.508554999998523	EXP	text_3: contrast = 1
10.508554999998523	EXP	text_3: height = 0.1
10.508554999998523	EXP	text_3: bold = false
10.508554999998523	EXP	text_3: italic = false
10.508554999998523	EXP	text_3: alignHoriz = "left"
10.508554999998523	EXP	text_3: alignVert = "center"
10.508554999998523	EXP	text_3: wrapWidth = 1
10.508554999998523	EXP	text_3: flipHoriz = false
10.508554999998523	EXP	text_3: flipVert = false
10.508554999998523	EXP	text_2: units = "height"
10.508554999998523	EXP	text_2: ori = 0
10.508554999998523	EXP	text_2: opacity = 1
10.508554999998523	EXP	text_2: pos = [0,0]
10.508554999998523	EXP	text_2: size = undefined
10.508554999998523	EXP	text_2: text = "default text"
10.508554999998523	EXP	text_2: font = "Arial"
10.508554999998523	EXP	text_2: color = {"_rgb":[1,0,0]}
10.508554999998523	EXP	text_2: contrast = 1
10.508554999998523	EXP	text_2: height = 0.15
10.508554999998523	EXP	text_2: bold = false
10.508554999998523	EXP	text_2: italic = false
10.508554999998523	EXP	text_2: alignHoriz = "left"
10.508554999998523	EXP	text_2: alignVert = "center"
10.508554999998523	EXP	text_2: wrapWidth = 1
10.508554999998523	EXP	text_2: flipHoriz = false
10.508554999998523	EXP	text_2: flipVert = false
10.508554999998523	EXP	Feedback: units = "height"
10.508554999998523	EXP	Feedback: ori = 0
10.508554999998523	EXP	Feedback: opacity = 1
10.508554999998523	EXP	Feedback: pos = [0,0]
10.508554999998523	EXP	Feedback: size = undefined
10.508554999998523	EXP	Feedback: text = "default text"
10.508554999998523	EXP	Feedback: font = "Arial"
10.508554999998523	EXP	Feedback: color = {"_rgb":[1,0,0]}
10.508554999998523	EXP	Feedback: contrast = 1
10.508554999998523	EXP	Feedback: height = 0.15
10.508554999998523	EXP	Feedback: bold = false
10.508554999998523	EXP	Feedback: italic = false
10.508554999998523	EXP	Feedback: alignHoriz = "left"
10.508554999998523	EXP	Feedback: alignVert = "center"
10.508554999998523	EXP	Feedback: wrapWidth = 1
10.508554999998523	EXP	Feedback: flipHoriz = false
10.508554999998523	EXP	Feedback: flipVert = false
10.508554999998523	EXP	End_text: units = "height"
10.508554999998523	EXP	End_text: ori = 0
10.508554999998523	EXP	End_text: opacity = 1
10.508554999998523	EXP	End_text: pos = [0,0]
10.508554999998523	EXP	End_text: size = undefined
10.508554999998523	EXP	End_text: text = "This study aimed to look at procedural learning, i.e. our ability to extract patterns from the input that we are constantly receiving. This skill is thought to be essential for language and literacy acquisition and has been suggested as a possible underlying difficult in children with Language Impairments and Dyslexia. This study aims to improve the measures of procedural learning (the smiley face task) so that we can measure procedural learning more reliably and, in the future, analyse the performance of individuals with learning impairments.\nThank you for participating!\n\n----\n\nEste estudo tem como objectivo analisar a nossa capacidade de extrair padrões da informação que estamos constantemente a receber. Pensa-se que esta competência é essencial para a aquisição da linguagem e literacia e foi sugerido que dificuldades neste tipo de competências poderá estar relacionado com perturbações da linguagem e Dislexia. Este estudo tem como objectivo melhorar a estabilidade das medidas usadas para medir este tipo de memória (a tarefa da cara sorridente) de forma a poder medir de forma mais precisa e, no futuro, analisar a performance de indivíduos com perturbações da aprendizagem. \nMuito obrigada por ter participado!"
10.508554999998523	EXP	End_text: font = "Arial"
10.508554999998523	EXP	End_text: color = {"_hex":"#FFFFFF","_rgb":[1,1,1]}
10.508554999998523	EXP	End_text: contrast = 1
10.508554999998523	EXP	End_text: height = 0.025
10.508554999998523	EXP	End_text: bold = false
10.508554999998523	EXP	End_text: italic = false
10.508554999998523	EXP	End_text: alignHoriz = "left"
10.508554999998523	EXP	End_text: alignVert = "center"
10.508554999998523	EXP	End_text: wrapWidth = 1
10.508554999998523	EXP	End_text: flipHoriz = false
10.508554999998523	EXP	End_text: flipVert = false
10.508554999998523	EXP	text: autoDraw = true
14.948364999998375	DATA	Keydown:  
14.97207999999955	EXP	text: autoDraw = false
14.97207999999955	EXP	text_3: autoDraw = true
23.16547999999966	EXP	text_3: autoDraw = false
23.16547999999966	EXP	text_3: autoDraw = false
23.16547999999966	EXP	text_2: autoDraw = true
23.16547999999966	EXP	text_2: text = 0
23.189370000000054	EXP	text_2: text = 34
23.204799999999523	EXP	text_2: text = 49
23.221184999998513	EXP	text_2: text = 65
23.237609999998313	EXP	text_2: text = 82
23.254799999998795	EXP	text_2: text = 99
23.270904999999402	EXP	text_2: text = 115
23.287769999999	EXP	text_2: text = 132
23.304269999998724	EXP	text_2: text = 149
23.320959999999104	EXP	text_2: text = 166
23.337899999998626	EXP	text_2: text = 183
23.354569999999512	EXP	text_2: text = 198
23.370459999998275	EXP	text_2: text = 216
23.386869999998453	EXP	text_2: text = 232
23.403689999999187	EXP	text_2: text = 249
23.42080999999962	EXP	text_2: text = 266
23.43662999999833	EXP	text_2: text = 281
23.453404999998384	EXP	text_2: text = 298
23.46496499999921	EXP	text_2: text = 314
23.486809999998513	EXP	text_2: text = 332
23.488319999998566	DATA	Keydown:  
23.503444999998464	EXP	text_2: text = 348
23.503444999998464	EXP	text_2: autoDraw = false
23.503444999998464	EXP	Feedback: text = 324
23.503444999998464	EXP	Feedback: autoDraw = true
24.50108999999975	EXP	Feedback: autoDraw = false
24.50108999999975	EXP	Feedback: autoDraw = false
24.50108999999975	EXP	text_3: autoDraw = true
28.4584849999992	EXP	text_3: autoDraw = false
28.4584849999992	EXP	text_3: autoDraw = false
28.4584849999992	EXP	text_2: autoDraw = true
28.4584849999992	EXP	text_2: text = 0
28.474849999998696	EXP	text_2: text = 17
28.49158499999976	EXP	text_2: text = 33
28.5081799999989	EXP	text_2: text = 50
28.524579999999332	EXP	text_2: text = 66
28.541579999999158	EXP	text_2: text = 83
28.558154999998806	EXP	text_2: text = 100
28.574964999999793	EXP	text_2: text = 117
28.59161999999924	EXP	text_2: text = 133
28.60819999999876	EXP	text_2: text = 150
28.624499999999898	EXP	text_2: text = 166
28.6412049999999	EXP	text_2: text = 185
28.65739499999836	EXP	text_2: text = 199
28.674309999998513	EXP	text_2: text = 216
28.691454999998314	EXP	text_2: text = 233
28.707699999999022	EXP	text_2: text = 249
28.724404999999024	EXP	text_2: text = 266
28.725749999999607	DATA	Keydown:  
28.741389999999228	EXP	text_2: text = 283
28.741389999999228	EXP	text_2: autoDraw = false
28.741389999999228	EXP	Feedback: text = 267
28.741389999999228	EXP	Feedback: autoDraw = true
29.738550000000032	EXP	Feedback: autoDraw = false
29.738550000000032	EXP	Feedback: autoDraw = false
29.738550000000032	EXP	text_3: autoDraw = true
39.08383499999945	EXP	text_3: autoDraw = false
39.08383499999945	EXP	text_3: autoDraw = false
39.08383499999945	EXP	text_2: autoDraw = true
39.08383499999945	EXP	text_2: text = 0
39.099904999999126	EXP	text_2: text = 16
39.11680499999966	EXP	text_2: text = 33
39.13357499999984	EXP	text_2: text = 50
39.15025499999865	EXP	text_2: text = 66
39.16659499999878	EXP	text_2: text = 83
39.18320499999936	EXP	text_2: text = 99
39.19982499999969	EXP	text_2: text = 116
39.21649999999863	EXP	text_2: text = 133
39.23311999999896	EXP	text_2: text = 149
39.248554999998305	EXP	text_2: text = 165
39.26648499999828	EXP	text_2: text = 183
39.2832099999996	EXP	text_2: text = 199
39.29975999999988	EXP	text_2: text = 216
39.316374999998516	EXP	text_2: text = 232
39.33306999999877	EXP	text_2: text = 249
39.349834999999075	EXP	text_2: text = 266
39.366344999998546	EXP	text_2: text = 282
39.38269499999842	EXP	text_2: text = 298
39.39943999999923	EXP	text_2: text = 316
39.41612499999974	EXP	text_2: text = 332
39.422059999998964	DATA	Keydown:  
39.43283999999949	EXP	text_2: text = 349
39.43283999999949	EXP	text_2: autoDraw = false
39.43283999999949	EXP	Feedback: text = 338
39.43283999999949	EXP	Feedback: autoDraw = true
40.43022999999994	EXP	Feedback: autoDraw = false
40.43022999999994	EXP	Feedback: autoDraw = false
40.43022999999994	EXP	text_3: autoDraw = true
47.03187499999876	EXP	text_3: autoDraw = false
47.03187499999876	EXP	text_3: autoDraw = false
47.03187499999876	EXP	text_2: autoDraw = true
47.03187499999876	EXP	text_2: text = 0
47.04836999999861	EXP	text_2: text = 16
47.064714999998614	EXP	text_2: text = 33
47.08125999999902	EXP	text_2: text = 50
47.09771499999988	EXP	text_2: text = 66
47.115154999999504	EXP	text_2: text = 83
47.13119000000006	EXP	text_2: text = 100
47.148214999999254	EXP	text_2: text = 116
47.16437499999847	EXP	text_2: text = 132
47.181539999999586	EXP	text_2: text = 150
47.19789999999921	EXP	text_2: text = 166
47.214154999999664	EXP	text_2: text = 182
47.23087999999916	EXP	text_2: text = 199
47.24804999999833	EXP	text_2: text = 217
47.26429499999904	EXP	text_2: text = 232
47.28140499999972	EXP	text_2: text = 250
47.29761999999937	EXP	text_2: text = 266
47.300539999998364	DATA	Keydown:  
47.313844999998764	EXP	text_2: text = 282
47.313844999998764	EXP	text_2: autoDraw = false
47.313844999998764	EXP	Feedback: text = 269
47.313844999998764	EXP	Feedback: autoDraw = true
48.31151499999942	EXP	Feedback: autoDraw = false
48.31151499999942	EXP	Feedback: autoDraw = false
48.31151499999942	EXP	text_3: autoDraw = true
56.159959999999046	EXP	text_3: autoDraw = false
56.159959999999046	EXP	text_3: autoDraw = false
56.159959999999046	EXP	text_2: autoDraw = true
56.159959999999046	EXP	text_2: text = 0
56.1767349999991	EXP	text_2: text = 17
56.19326999999976	EXP	text_2: text = 33
56.209914999999455	EXP	text_2: text = 50
56.22631999999976	EXP	text_2: text = 66
56.24352999999974	EXP	text_2: text = 83
56.25973999999951	EXP	text_2: text = 100
56.27653999999893	EXP	text_2: text = 116
56.292944999999236	EXP	text_2: text = 133
56.30968499999835	EXP	text_2: text = 150
56.32630499999868	EXP	text_2: text = 166
56.34289499999977	EXP	text_2: text = 183
56.359504999998535	EXP	text_2: text = 199
56.376359999998385	EXP	text_2: text = 216
56.39300999999978	EXP	text_2: text = 233
56.40942499999983	EXP	text_2: text = 249
56.426234999999	EXP	text_2: text = 267
56.44310499999847	EXP	text_2: text = 284
56.459820000000036	EXP	text_2: text = 300
56.475939999998445	EXP	text_2: text = 316
56.49272999999994	EXP	text_2: text = 333
56.50908999999956	EXP	text_2: text = 349
56.52581999999893	EXP	text_2: text = 366
56.54268499999853	EXP	text_2: text = 382
56.54502499999944	DATA	Keydown:  
56.55922499999906	EXP	text_2: text = 399
56.55922499999906	EXP	text_2: autoDraw = false
56.55922499999906	EXP	Feedback: text = 385
56.55922499999906	EXP	Feedback: autoDraw = true
57.557629999999335	EXP	Feedback: autoDraw = false
57.557629999999335	EXP	Feedback: autoDraw = false
57.557629999999335	EXP	text_3: autoDraw = true
61.18141999999898	EXP	text_3: autoDraw = false
61.18141999999898	EXP	text_3: autoDraw = false
61.18141999999898	EXP	text_2: autoDraw = true
61.18141999999898	EXP	text_2: text = 0
61.197854999998526	EXP	text_2: text = 17
61.21482499999911	EXP	text_2: text = 34
61.2314899999983	EXP	text_2: text = 51
61.247989999999845	EXP	text_2: text = 67
61.26468999999997	EXP	text_2: text = 84
61.28101499999866	EXP	text_2: text = 100
61.29779999999846	EXP	text_2: text = 117
61.31442999999854	EXP	text_2: text = 134
61.33097499999894	EXP	text_2: text = 150
61.348039999998946	EXP	text_2: text = 167
61.36454499999854	EXP	text_2: text = 184
61.380799999999	EXP	text_2: text = 200
61.39771499999915	EXP	text_2: text = 217
61.41388499999994	EXP	text_2: text = 233
61.430959999999686	EXP	text_2: text = 250
61.4474199999986	EXP	text_2: text = 267
61.4640649999983	EXP	text_2: text = 283
61.48074999999881	EXP	text_2: text = 300
61.49279999999999	EXP	text_2: text = 316
61.514054999999644	EXP	text_2: text = 333
61.53041999999914	EXP	text_2: text = 350
61.54713499999889	EXP	text_2: text = 366
61.56379500000003	EXP	text_2: text = 383
61.580355000000054	EXP	text_2: text = 400
61.597429999999804	EXP	text_2: text = 417
61.614394999998694	EXP	text_2: text = 433
61.6304999999993	EXP	text_2: text = 449
61.64709999999832	EXP	text_2: text = 466
61.66354499999943	EXP	text_2: text = 483
61.68019999999888	EXP	text_2: text = 500
61.696829999998954	EXP	text_2: text = 516
61.71314999999959	EXP	text_2: text = 534
61.7300499999983	EXP	text_2: text = 549
61.74712999999974	EXP	text_2: text = 565
61.75246999999945	DATA	Keydown:  
61.76327499999934	EXP	text_2: text = 583
61.76327499999934	EXP	text_2: autoDraw = false
61.76327499999934	EXP	Feedback: text = 571
61.76327499999934	EXP	Feedback: autoDraw = true
62.76078499999858	EXP	Feedback: autoDraw = false
62.76078499999858	EXP	Feedback: autoDraw = false
62.76078499999858	EXP	text_3: autoDraw = true
69.3122999999996	DATA	Keydown:  
69.69484499999999	EXP	text_3: autoDraw = false
69.69484499999999	EXP	text_3: autoDraw = false
69.69484499999999	EXP	text_2: autoDraw = true
69.69484499999999	EXP	text_2: text = 0
69.7111849999983	EXP	text_2: text = 16
69.72798999999941	EXP	text_2: text = 33
69.74460999999974	EXP	text_2: text = 50
69.7612199999985	EXP	text_2: text = 66
69.7779249999985	EXP	text_2: text = 83
69.79463499999838	EXP	text_2: text = 100
69.81107999999949	EXP	text_2: text = 116
69.82755999999972	EXP	text_2: text = 132
69.84490499999993	EXP	text_2: text = 150
69.8608349999995	EXP	text_2: text = 166
69.87801499999841	EXP	text_2: text = 183
69.89411999999902	EXP	text_2: text = 199
69.91074499999922	EXP	text_2: text = 216
69.9279749999987	EXP	text_2: text = 233
69.94409499999892	EXP	text_2: text = 249
69.96109499999875	EXP	text_2: text = 266
69.9774499999985	EXP	text_2: text = 283
69.99423999999999	EXP	text_2: text = 299
70.01062999999886	EXP	text_2: text = 315
70.02717499999926	EXP	text_2: text = 332
70.04349999999977	EXP	text_2: text = 348
70.06055500000002	EXP	text_2: text = 366
70.07694499999889	EXP	text_2: text = 382
70.09359499999846	EXP	text_2: text = 399
70.09513999999945	DATA	Keydown:  
70.11073499999839	EXP	text_2: text = 416
70.11073499999839	EXP	text_2: autoDraw = false
70.11073499999839	EXP	Feedback: text = 400
70.11073499999839	EXP	Feedback: autoDraw = true
71.10770499999853	EXP	Feedback: autoDraw = false
71.10770499999853	EXP	Feedback: autoDraw = false
71.10770499999853	EXP	text_3: autoDraw = true
77.82544999999845	EXP	text_3: autoDraw = false
77.82544999999845	EXP	text_3: autoDraw = false
77.82544999999845	EXP	text_2: autoDraw = true
77.82544999999845	EXP	text_2: text = 0
77.84171499999866	EXP	text_2: text = 17
77.85834999999861	EXP	text_2: text = 33
77.875	EXP	text_2: text = 51
77.89162999999826	EXP	text_2: text = 68
77.90836499999932	EXP	text_2: text = 83
77.92480999999862	EXP	text_2: text = 101
77.94170499999927	EXP	text_2: text = 118
77.95945499999834	EXP	text_2: text = 135
77.971309999999	EXP	text_2: text = 150
77.99134499999855	EXP	text_2: text = 166
78.00806999999986	EXP	text_2: text = 184
78.02474999999868	EXP	text_2: text = 200
78.04137499999888	EXP	text_2: text = 217
78.0580149999987	EXP	text_2: text = 234
78.07466999999997	EXP	text_2: text = 250
78.09118499999931	EXP	text_2: text = 267
78.10782499999914	EXP	text_2: text = 284
78.12432499999886	EXP	text_2: text = 301
78.14111499999854	EXP	text_2: text = 317
78.15852999999879	EXP	text_2: text = 334
78.16091999999844	DATA	Keydown:  
78.17446999999993	EXP	text_2: text = 351
78.17446999999993	EXP	text_2: autoDraw = false
78.17446999999993	EXP	Feedback: text = 336
78.17446999999993	EXP	Feedback: autoDraw = true
79.17244499999833	EXP	Feedback: autoDraw = false
79.17244499999833	EXP	Feedback: autoDraw = false
79.17244499999833	EXP	text_3: autoDraw = true
86.47176999999829	EXP	text_3: autoDraw = false
86.47176999999829	EXP	text_3: autoDraw = false
86.47176999999829	EXP	text_2: autoDraw = true
86.47176999999829	EXP	text_2: text = 0
86.48811999999998	EXP	text_2: text = 16
86.50463499999933	EXP	text_2: text = 32
86.52150999999867	EXP	text_2: text = 49
86.53803999999946	EXP	text_2: text = 66
86.55474499999946	EXP	text_2: text = 82
86.5713199999991	EXP	text_2: text = 99
86.58777499999997	EXP	text_2: text = 116
86.60438499999873	EXP	text_2: text = 133
86.6210949999986	EXP	text_2: text = 149
86.63786999999866	EXP	text_2: text = 165
86.65440999999919	EXP	text_2: text = 182
86.67084499999874	EXP	text_2: text = 198
86.68753999999899	EXP	text_2: text = 215
86.70419499999844	EXP	text_2: text = 232
86.72109999999884	EXP	text_2: text = 249
86.73741999999947	EXP	text_2: text = 266
86.75407499999892	EXP	text_2: text = 282
86.77083999999923	EXP	text_2: text = 299
86.78776499999913	EXP	text_2: text = 315
86.8039949999984	EXP	text_2: text = 332
86.8209599999991	EXP	text_2: text = 348
86.83735499999966	EXP	text_2: text = 366
86.8389849999985	DATA	Keydown:  
86.85418499999832	EXP	text_2: text = 381
86.85418499999832	EXP	text_2: autoDraw = false
86.85418499999832	EXP	Feedback: text = 367
86.85418499999832	EXP	Feedback: autoDraw = true
87.8514299999988	EXP	Feedback: autoDraw = false
87.8514299999988	EXP	Feedback: autoDraw = false
87.8514299999988	EXP	text_3: autoDraw = true
97.49636999999893	EXP	text_3: autoDraw = false
97.49636999999893	EXP	text_3: autoDraw = false
97.49636999999893	EXP	text_2: autoDraw = true
97.49636999999893	EXP	text_2: text = 0
97.51196499999969	EXP	text_2: text = 17
97.52890999999909	EXP	text_2: text = 33
97.54571499999838	EXP	text_2: text = 49
97.56225499999891	EXP	text_2: text = 66
97.57845499999894	EXP	text_2: text = 82
97.59527499999967	EXP	text_2: text = 99
97.61210499999834	EXP	text_2: text = 117
97.62844999999834	EXP	text_2: text = 133
97.64513499999885	EXP	text_2: text = 150
97.66196499999933	EXP	text_2: text = 166
97.6785349999991	EXP	text_2: text = 182
97.6951199999985	EXP	text_2: text = 199
97.71157999999923	EXP	text_2: text = 216
97.72836499999903	EXP	text_2: text = 232
97.74478999999883	EXP	text_2: text = 249
97.76168999999936	EXP	text_2: text = 266
97.77839999999924	EXP	text_2: text = 282
97.79505499999868	EXP	text_2: text = 299
97.81198999999833	EXP	text_2: text = 315
97.8184199999996	DATA	Keydown:  
97.82819500000005	EXP	text_2: text = 331
97.82819500000005	EXP	text_2: autoDraw = false
97.82819500000005	EXP	Feedback: text = 323
97.82819500000005	EXP	Feedback: autoDraw = true
98.82549999999901	EXP	Feedback: autoDraw = false
98.82549999999901	EXP	Feedback: autoDraw = false
98.82549999999901	EXP	text_3: autoDraw = true
105.52693999999974	EXP	text_3: autoDraw = false
105.52693999999974	EXP	text_3: autoDraw = false
105.52693999999974	EXP	text_2: autoDraw = true
105.52693999999974	EXP	text_2: text = 0
105.54343499999959	EXP	text_2: text = 17
105.56007499999942	EXP	text_2: text = 33
105.57664999999906	EXP	text_2: text = 50
105.59367999999995	EXP	text_2: text = 67
105.61029999999846	EXP	text_2: text = 83
105.6269599999996	EXP	text_2: text = 101
105.64329499999985	EXP	text_2: text = 116
105.66021499999988	EXP	text_2: text = 133
105.67653999999857	EXP	text_2: text = 150
105.6932199999992	EXP	text_2: text = 166
105.7097049999993	EXP	text_2: text = 184
105.72659499999827	EXP	text_2: text = 200
105.74303999999938	EXP	text_2: text = 216
105.76006999999845	EXP	text_2: text = 233
105.77661999999873	EXP	text_2: text = 250
105.7928899999988	EXP	text_2: text = 266
105.80951499999901	EXP	text_2: text = 283
105.82630499999868	EXP	text_2: text = 299
105.84278999999879	EXP	text_2: text = 316
105.85934499999894	EXP	text_2: text = 332
105.86395999999877	DATA	Keydown:  
105.87613999999849	EXP	text_2: text = 349
105.87613999999849	EXP	text_2: autoDraw = false
105.87613999999849	EXP	Feedback: text = 337
105.87613999999849	EXP	Feedback: autoDraw = true
106.87376999999833	EXP	Feedback: autoDraw = false
106.87376999999833	EXP	Feedback: autoDraw = false
106.87376999999833	EXP	text_3: autoDraw = true
110.00001499999962	EXP	text_3: autoDraw = false
110.00001499999962	EXP	text_3: autoDraw = false
110.00001499999962	EXP	text_2: autoDraw = true
110.00001499999962	EXP	text_2: text = 0
110.01624499999889	EXP	text_2: text = 16
110.03293999999914	EXP	text_2: text = 32
110.04936499999894	EXP	text_2: text = 49
110.06659499999842	EXP	text_2: text = 67
110.08293499999854	EXP	text_2: text = 83
110.09937999999966	EXP	text_2: text = 99
110.11614999999983	EXP	text_2: text = 116
110.13317499999903	EXP	text_2: text = 133
110.14964999999938	EXP	text_2: text = 150
110.16631999999845	EXP	text_2: text = 166
110.1830949999985	EXP	text_2: text = 183
110.19943499999863	EXP	text_2: text = 199
110.21560499999941	EXP	text_2: text = 217
110.23244499999964	EXP	text_2: text = 233
110.24919999999838	EXP	text_2: text = 249
110.26587999999902	EXP	text_2: text = 266
110.28287999999884	EXP	text_2: text = 283
110.29893999999877	EXP	text_2: text = 299
110.31554999999935	EXP	text_2: text = 315
110.3319649999994	EXP	text_2: text = 332
110.3489499999996	EXP	text_2: text = 349
110.36526999999842	EXP	text_2: text = 365
110.36842999999863	DATA	Keydown:  
110.38213499999983	EXP	text_2: text = 382
110.38213499999983	EXP	text_2: autoDraw = false
110.38213499999983	EXP	Feedback: text = 368
110.38213499999983	EXP	Feedback: autoDraw = true
111.38002499999857	EXP	Feedback: autoDraw = false
111.38002499999857	EXP	Feedback: autoDraw = false
111.38002499999857	EXP	text_3: autoDraw = true
121.0070799999994	EXP	text_3: autoDraw = false
121.0070799999994	EXP	text_3: autoDraw = false
121.0070799999994	EXP	text_2: autoDraw = true
121.0070799999994	EXP	text_2: text = 0
121.02357999999913	EXP	text_2: text = 16
121.04057999999895	EXP	text_2: text = 34
121.05683499999941	EXP	text_2: text = 50
121.0737799999988	EXP	text_2: text = 67
121.09039499999926	EXP	text_2: text = 83
121.10689499999899	EXP	text_2: text = 100
121.12332999999853	EXP	text_2: text = 116
121.14023999999881	EXP	text_2: text = 133
121.15710499999841	EXP	text_2: text = 150
121.17362499999945	EXP	text_2: text = 167
121.18998999999894	EXP	text_2: text = 183
121.20670499999869	EXP	text_2: text = 200
121.22329999999965	EXP	text_2: text = 216
121.23999000000003	EXP	text_2: text = 233
121.25673499999903	EXP	text_2: text = 250
121.27294999999867	EXP	text_2: text = 266
121.29001999999855	EXP	text_2: text = 283
121.30676499999936	EXP	text_2: text = 300
121.32350999999835	EXP	text_2: text = 316
121.34008999999969	EXP	text_2: text = 333
121.35641999999825	EXP	text_2: text = 349
121.37268499999846	EXP	text_2: text = 366
121.38995999999861	EXP	text_2: text = 383
121.4063299999998	EXP	text_2: text = 399
121.42257499999869	EXP	text_2: text = 416
121.43927499999882	EXP	text_2: text = 433
121.45613499999854	EXP	text_2: text = 449
121.47278499999993	EXP	text_2: text = 466
121.48905500000001	EXP	text_2: text = 482
121.49052999999913	DATA	Keydown:  
121.50587499999892	EXP	text_2: text = 499
121.50587499999892	EXP	text_2: autoDraw = false
121.50587499999892	EXP	Feedback: text = 484
121.50587499999892	EXP	Feedback: autoDraw = true
122.50338499999998	EXP	Feedback: autoDraw = false
122.50338499999998	EXP	Feedback: autoDraw = false
122.50338499999998	EXP	text_3: autoDraw = true
128.39003499999853	EXP	text_3: autoDraw = false
128.39003499999853	EXP	text_3: autoDraw = false
128.39003499999853	EXP	text_2: autoDraw = true
128.39003499999853	EXP	text_2: text = 0
128.40655999999944	EXP	text_2: text = 16
128.42325999999957	EXP	text_2: text = 33
128.43984499999897	EXP	text_2: text = 49
128.4564649999993	EXP	text_2: text = 66
128.4726499999997	EXP	text_2: text = 82
128.48928999999953	EXP	text_2: text = 99
128.50640999999996	EXP	text_2: text = 116
128.52254999999968	EXP	text_2: text = 132
128.53947999999946	EXP	text_2: text = 149
128.55580999999984	EXP	text_2: text = 166
128.57242499999847	EXP	text_2: text = 183
128.58899500000007	EXP	text_2: text = 199
128.605669999999	EXP	text_2: text = 216
128.6226999999999	EXP	text_2: text = 232
128.63919499999975	EXP	text_2: text = 249
128.65535499999896	EXP	text_2: text = 265
128.6721149999994	EXP	text_2: text = 283
128.6893799999998	EXP	text_2: text = 299
128.69540999999845	DATA	Keydown:  
128.7054449999996	EXP	text_2: text = 315
128.7054449999996	EXP	text_2: autoDraw = false
128.7054449999996	EXP	Feedback: text = 305
128.7054449999996	EXP	Feedback: autoDraw = true
129.70335499999968	EXP	Feedback: autoDraw = false
129.70335499999968	EXP	Feedback: autoDraw = false
129.70335499999968	EXP	text_3: autoDraw = true
134.82462999999916	EXP	text_3: autoDraw = false
134.82462999999916	EXP	text_3: autoDraw = false
134.82462999999916	EXP	text_2: autoDraw = true
134.82462999999916	EXP	text_2: text = 0
134.84136499999838	EXP	text_2: text = 17
134.8577949999999	EXP	text_2: text = 33
134.87440499999866	EXP	text_2: text = 50
134.8913349999984	EXP	text_2: text = 67
134.90760499999848	EXP	text_2: text = 83
134.92462499999965	EXP	text_2: text = 100
134.94089499999973	EXP	text_2: text = 117
134.95754999999917	EXP	text_2: text = 133
134.97409999999945	EXP	text_2: text = 150
134.99075999999874	EXP	text_2: text = 166
135.00701499999923	EXP	text_2: text = 184
135.02405499999983	EXP	text_2: text = 200
135.04087999999862	EXP	text_2: text = 216
135.0574649999999	EXP	text_2: text = 233
135.0742149999987	EXP	text_2: text = 250
135.09076499999898	EXP	text_2: text = 266
135.10715999999957	EXP	text_2: text = 283
135.1236749999989	EXP	text_2: text = 300
135.14084499999987	EXP	text_2: text = 316
135.14471499999854	DATA	Keydown:  
135.15714499999925	EXP	text_2: text = 333
135.15714499999925	EXP	text_2: autoDraw = false
135.15714499999925	EXP	Feedback: text = 320
135.15714499999925	EXP	Feedback: autoDraw = true
136.15487499999833	EXP	Feedback: autoDraw = false
136.15487499999833	EXP	Feedback: autoDraw = false
136.15487499999833	EXP	text_3: autoDraw = true
145.03424999999882	EXP	text_3: autoDraw = false
145.03424999999882	EXP	text_3: autoDraw = false
145.03424999999882	EXP	text_2: autoDraw = true
145.03424999999882	EXP	text_2: text = 0
145.05034999999955	EXP	text_2: text = 17
145.0675299999984	EXP	text_2: text = 33
145.08383499999948	EXP	text_2: text = 50
145.10061499999938	EXP	text_2: text = 67
145.11698999999862	EXP	text_2: text = 84
145.13366499999935	EXP	text_2: text = 99
145.1503249999987	EXP	text_2: text = 116
145.1667949999992	EXP	text_2: text = 133
145.18355999999952	EXP	text_2: text = 149
145.2003649999988	EXP	text_2: text = 166
145.2168949999996	EXP	text_2: text = 183
145.23400999999828	EXP	text_2: text = 200
145.25009999999932	EXP	text_2: text = 216
145.26643999999942	EXP	text_2: text = 232
145.28335499999957	EXP	text_2: text = 249
145.29977999999934	EXP	text_2: text = 266
145.31663499999922	EXP	text_2: text = 282
145.33326999999917	EXP	text_2: text = 299
145.34988499999963	EXP	text_2: text = 315
145.36638499999933	EXP	text_2: text = 332
145.3830799999996	EXP	text_2: text = 349
145.3997399999989	EXP	text_2: text = 366
145.4162299999989	EXP	text_2: text = 382
145.4330099999988	EXP	text_2: text = 399
145.44966499999825	EXP	text_2: text = 415
145.46629499999835	EXP	text_2: text = 433
145.48299999999833	EXP	text_2: text = 449
145.48442499999874	DATA	Keydown:  
145.49960999999894	EXP	text_2: text = 465
145.49960999999894	EXP	text_2: autoDraw = false
145.49960999999894	EXP	Feedback: text = 450
145.49960999999894	EXP	Feedback: autoDraw = true
146.4968399999998	EXP	Feedback: autoDraw = false
146.4968399999998	EXP	Feedback: autoDraw = false
146.4968399999998	EXP	text_3: autoDraw = true
153.51379999999878	EXP	text_3: autoDraw = false
153.51379999999878	EXP	text_3: autoDraw = false
153.51379999999878	EXP	text_2: autoDraw = true
153.51379999999878	EXP	text_2: text = 0
153.53034999999906	EXP	text_2: text = 17
153.54668499999931	EXP	text_2: text = 33
153.56398999999874	EXP	text_2: text = 50
153.58048999999843	EXP	text_2: text = 67
153.5969299999997	EXP	text_2: text = 83
153.61230499999874	EXP	text_2: text = 99
153.63016499999867	EXP	text_2: text = 117
153.6470049999989	EXP	text_2: text = 133
153.66370499999903	EXP	text_2: text = 150
153.68012499999895	EXP	text_2: text = 166
153.69675499999906	EXP	text_2: text = 183
153.71299999999974	EXP	text_2: text = 199
153.72994999999898	EXP	text_2: text = 216
153.74654999999984	EXP	text_2: text = 233
153.76329499999886	EXP	text_2: text = 250
153.7796399999988	EXP	text_2: text = 266
153.79664499999853	EXP	text_2: text = 283
153.81367499999945	EXP	text_2: text = 300
153.83015999999955	EXP	text_2: text = 316
153.8317699999989	DATA	Keydown:  
153.84657999999948	EXP	text_2: text = 333
153.84657999999948	EXP	text_2: autoDraw = false
153.84657999999948	EXP	Feedback: text = 318
153.84657999999948	EXP	Feedback: autoDraw = true
154.84398499999952	EXP	Feedback: autoDraw = false
154.84398499999952	EXP	Feedback: autoDraw = false
154.84398499999952	EXP	text_3: autoDraw = true
160.94644499999956	EXP	text_3: autoDraw = false
160.94644499999956	EXP	text_3: autoDraw = false
160.94644499999956	EXP	text_2: autoDraw = true
160.94644499999956	EXP	text_2: text = 0
160.96275999999853	EXP	text_2: text = 16
160.97926999999981	EXP	text_2: text = 33
160.99651999999875	EXP	text_2: text = 50
161.01296499999987	EXP	text_2: text = 66
161.02954499999944	EXP	text_2: text = 83
161.04638499999962	EXP	text_2: text = 100
161.06306499999846	EXP	text_2: text = 116
161.0791199999985	EXP	text_2: text = 132
161.0960699999996	EXP	text_2: text = 149
161.11267499999852	EXP	text_2: text = 166
161.129504999999	EXP	text_2: text = 183
161.14610999999965	EXP	text_2: text = 199
161.16239499999938	EXP	text_2: text = 216
161.17918499999902	EXP	text_2: text = 233
161.1957649999986	EXP	text_2: text = 249
161.21242999999959	EXP	text_2: text = 266
161.22881999999848	EXP	text_2: text = 282
161.23255999999859	DATA	Keydown:  
161.24577999999931	EXP	text_2: text = 300
161.24577999999931	EXP	text_2: autoDraw = false
161.24577999999931	EXP	Feedback: text = 286
161.24577999999931	EXP	Feedback: autoDraw = true
162.24338999999964	EXP	Feedback: autoDraw = false
162.24338999999964	EXP	Feedback: autoDraw = false
162.24338999999964	EXP	text_3: autoDraw = true
171.80422000000002	EXP	text_3: autoDraw = false
171.80422000000002	EXP	text_3: autoDraw = false
171.80422000000002	EXP	text_2: autoDraw = true
171.80422000000002	EXP	text_2: text = 0
171.82082999999878	EXP	text_2: text = 17
171.83719500000007	EXP	text_2: text = 33
171.85392499999944	EXP	text_2: text = 50
171.8705199999986	EXP	text_2: text = 66
171.88706499999898	EXP	text_2: text = 83
171.9041149999994	EXP	text_2: text = 100
171.92088499999954	EXP	text_2: text = 117
171.93685000000008	EXP	text_2: text = 133
171.95346999999853	EXP	text_2: text = 149
171.97020499999965	EXP	text_2: text = 166
171.9868399999996	EXP	text_2: text = 183
172.0034799999994	EXP	text_2: text = 199
172.0200999999997	EXP	text_2: text = 216
172.03699999999847	EXP	text_2: text = 233
172.05350499999986	EXP	text_2: text = 249
172.0702099999999	EXP	text_2: text = 266
172.08706999999956	EXP	text_2: text = 283
172.08852999999905	DATA	Keydown:  
172.1034799999998	EXP	text_2: text = 299
172.1034799999998	EXP	text_2: autoDraw = false
172.1034799999998	EXP	Feedback: text = 284
172.1034799999998	EXP	Feedback: autoDraw = true
173.10071999999855	EXP	Feedback: autoDraw = false
173.10071999999855	EXP	Feedback: autoDraw = false
173.10071999999855	EXP	text_3: autoDraw = true
180.69970499999908	EXP	text_3: autoDraw = false
180.69970499999908	EXP	text_3: autoDraw = false
180.69970499999908	EXP	text_2: autoDraw = true
180.69970499999908	EXP	text_2: text = 0
180.71630000000005	EXP	text_2: text = 17
180.7327499999992	EXP	text_2: text = 33
180.74948999999833	EXP	text_2: text = 50
180.7663599999996	EXP	text_2: text = 66
180.78267999999846	EXP	text_2: text = 83
180.7993749999987	EXP	text_2: text = 100
180.81607499999882	EXP	text_2: text = 116
180.832629999999	EXP	text_2: text = 133
180.8496849999992	EXP	text_2: text = 150
180.8659250000001	EXP	text_2: text = 166
180.88289999999873	EXP	text_2: text = 183
180.899449999999	EXP	text_2: text = 199
180.91615999999883	EXP	text_2: text = 216
180.93248999999923	EXP	text_2: text = 233
180.94898499999908	EXP	text_2: text = 249
180.96559999999954	EXP	text_2: text = 267
180.98224999999908	EXP	text_2: text = 283
180.9988599999997	EXP	text_2: text = 299
181.01586499999937	EXP	text_2: text = 316
181.03177499999947	EXP	text_2: text = 332
181.03320999999957	DATA	Keydown:  
181.0488949999999	EXP	text_2: text = 349
181.0488949999999	EXP	text_2: autoDraw = false
181.0488949999999	EXP	Feedback: text = 334
181.0488949999999	EXP	Feedback: autoDraw = true
182.04624999999942	EXP	Feedback: autoDraw = false
182.04624999999942	EXP	Feedback: autoDraw = false
182.04624999999942	EXP	text_3: autoDraw = true
191.27540499999847	EXP	text_3: autoDraw = false
191.27540499999847	EXP	text_3: autoDraw = false
191.27540499999847	EXP	text_2: autoDraw = true
191.27540499999847	EXP	text_2: text = 0
191.29176000000007	EXP	text_2: text = 17
191.3083149999984	EXP	text_2: text = 33
191.32492999999886	EXP	text_2: text = 50
191.34124999999952	EXP	text_2: text = 66
191.35790499999896	EXP	text_2: text = 83
191.37445499999924	EXP	text_2: text = 100
191.3916649999992	EXP	text_2: text = 117
191.4078449999997	EXP	text_2: text = 133
191.42479999999884	EXP	text_2: text = 150
191.4414449999986	EXP	text_2: text = 166
191.45828499999877	EXP	text_2: text = 183
191.47428499999845	EXP	text_2: text = 199
191.49081499999923	EXP	text_2: text = 216
191.50746499999877	EXP	text_2: text = 233
191.52409999999873	EXP	text_2: text = 249
191.5409099999997	EXP	text_2: text = 266
191.55760999999984	EXP	text_2: text = 282
191.57411999999934	EXP	text_2: text = 299
191.5906799999993	EXP	text_2: text = 316
191.6075299999993	EXP	text_2: text = 333
191.62363499999992	EXP	text_2: text = 348
191.64097999999834	EXP	text_2: text = 366
191.65761999999998	EXP	text_2: text = 383
191.67423999999843	EXP	text_2: text = 399
191.68994999999995	EXP	text_2: text = 415
191.70682499999927	EXP	text_2: text = 435
191.7238600000001	EXP	text_2: text = 449
191.74014499999976	EXP	text_2: text = 466
191.74154999999882	DATA	Keydown:  
191.75716999999898	EXP	text_2: text = 482
191.75716999999898	EXP	text_2: autoDraw = false
191.75716999999898	EXP	Feedback: text = 467
191.75716999999898	EXP	Feedback: autoDraw = true
192.75475000000006	EXP	Feedback: autoDraw = false
192.75475000000006	EXP	Feedback: autoDraw = false
192.75475000000006	EXP	text_3: autoDraw = true
198.52443499999936	EXP	text_3: autoDraw = false
198.52443499999936	EXP	text_3: autoDraw = false
198.52443499999936	EXP	text_2: autoDraw = true
198.52443499999936	EXP	text_2: text = 0
198.5410499999998	EXP	text_2: text = 17
198.55731500000005	EXP	text_2: text = 33
198.57397499999934	EXP	text_2: text = 50
198.59061499999913	EXP	text_2: text = 66
198.6071849999989	EXP	text_2: text = 83
198.6237249999995	EXP	text_2: text = 100
198.64056999999957	EXP	text_2: text = 116
198.6573849999986	EXP	text_2: text = 133
198.6743799999986	EXP	text_2: text = 150
198.69098499999924	EXP	text_2: text = 166
198.707484999999	EXP	text_2: text = 183
198.72358499999973	EXP	text_2: text = 199
198.740065	EXP	text_2: text = 216
198.75695499999895	EXP	text_2: text = 233
198.77361999999994	EXP	text_2: text = 249
198.79000499999893	EXP	text_2: text = 266
198.79134499999967	DATA	Keydown:  
198.80700999999866	EXP	text_2: text = 283
198.80700999999866	EXP	text_2: autoDraw = false
198.80700999999866	EXP	Feedback: text = 267
198.80700999999866	EXP	Feedback: autoDraw = true
198.82379499999846	DATA	Keydown: Meta
199.8051199999991	EXP	Feedback: autoDraw = false
199.8051199999991	EXP	Feedback: autoDraw = false
199.8051199999991	EXP	text_3: autoDraw = true
206.97143499999947	EXP	text_3: autoDraw = false
206.97143499999947	EXP	text_3: autoDraw = false
206.97143499999947	EXP	text_2: autoDraw = true
206.97143499999947	EXP	text_2: text = 0
206.98791999999958	EXP	text_2: text = 16
207.00452999999834	EXP	text_2: text = 33
207.02093999999852	EXP	text_2: text = 50
207.03749999999854	EXP	text_2: text = 66
207.05402499999948	EXP	text_2: text = 83
207.0707549999988	EXP	text_2: text = 99
207.0878549999998	EXP	text_2: text = 116
207.10443499999926	EXP	text_2: text = 133
207.12119999999956	EXP	text_2: text = 150
207.1373299999996	EXP	text_2: text = 166
207.15391999999886	EXP	text_2: text = 183
207.17050999999992	EXP	text_2: text = 199
207.1873599999999	EXP	text_2: text = 216
207.20413499999995	EXP	text_2: text = 233
207.22015499999907	EXP	text_2: text = 250
207.23697999999965	EXP	text_2: text = 267
207.2462349999987	DATA	Keydown:  
207.25367999999978	EXP	text_2: text = 283
207.25367999999978	EXP	text_2: autoDraw = false
207.25367999999978	EXP	Feedback: text = 275
207.25367999999978	EXP	Feedback: autoDraw = true
208.25126499999897	EXP	Feedback: autoDraw = false
208.25126499999897	EXP	Feedback: autoDraw = false
208.25126499999897	EXP	text_3: autoDraw = true
216.68181	EXP	text_3: autoDraw = false
216.68181	EXP	text_3: autoDraw = false
216.68181	EXP	text_2: autoDraw = true
216.68181	EXP	text_2: text = 0
216.69844499999996	EXP	text_2: text = 18
216.71478499999833	EXP	text_2: text = 34
216.73150999999964	EXP	text_2: text = 50
216.7481250000001	EXP	text_2: text = 66
216.76507499999934	EXP	text_2: text = 83
216.78188499999854	EXP	text_2: text = 100
216.79806999999894	EXP	text_2: text = 116
216.81494499999826	EXP	text_2: text = 133
216.83131999999935	EXP	text_2: text = 150
216.84789999999882	EXP	text_2: text = 166
216.86451499999927	EXP	text_2: text = 183
216.88106499999955	EXP	text_2: text = 199
216.89780499999867	EXP	text_2: text = 216
216.91468999999964	EXP	text_2: text = 233
216.93116499999994	EXP	text_2: text = 249
216.94765499999994	EXP	text_2: text = 267
216.964285	EXP	text_2: text = 283
216.98080999999908	EXP	text_2: text = 299
216.98210999999904	DATA	Keydown:  
216.9975749999994	EXP	text_2: text = 316
216.9975749999994	EXP	text_2: autoDraw = false
216.9975749999994	EXP	Feedback: text = 300
216.9975749999994	EXP	Feedback: autoDraw = true
217.99507999999875	EXP	Feedback: autoDraw = false
217.99507999999875	EXP	Feedback: autoDraw = false
217.99507999999875	EXP	text_3: autoDraw = true
225.76067499999957	EXP	text_3: autoDraw = false
225.76067499999957	EXP	text_3: autoDraw = false
225.76067499999957	EXP	text_2: autoDraw = true
225.76067499999957	EXP	text_2: text = 0
225.7767799999983	EXP	text_2: text = 16
225.79344999999924	EXP	text_2: text = 33
225.80999999999952	EXP	text_2: text = 49
225.82694999999876	EXP	text_2: text = 66
225.84346000000005	EXP	text_2: text = 83
225.86028499999884	EXP	text_2: text = 100
225.87684499999887	EXP	text_2: text = 116
225.89325499999904	EXP	text_2: text = 133
225.91012499999852	EXP	text_2: text = 149
225.92651999999904	EXP	text_2: text = 166
225.94307999999913	EXP	text_2: text = 183
225.959644999999	EXP	text_2: text = 199
225.97659499999824	EXP	text_2: text = 216
225.99327499999887	EXP	text_2: text = 232
226.01001	EXP	text_2: text = 250
226.02657999999977	EXP	text_2: text = 266
226.04280499999916	EXP	text_2: text = 282
226.0442699999985	DATA	Keydown:  
226.05954500000007	EXP	text_2: text = 300
226.05954500000007	EXP	text_2: autoDraw = false
226.05954500000007	EXP	Feedback: text = 284
226.05954500000007	EXP	Feedback: autoDraw = true
227.0568699999985	EXP	Feedback: autoDraw = false
227.0568699999985	EXP	Feedback: autoDraw = false
227.0568699999985	EXP	text_3: autoDraw = true
236.9010699999999	EXP	text_3: autoDraw = false
236.9010699999999	EXP	text_3: autoDraw = false
236.9010699999999	EXP	text_2: autoDraw = true
236.9010699999999	EXP	text_2: text = 0
236.91759499999898	EXP	text_2: text = 16
236.93378999999914	EXP	text_2: text = 33
236.95046000000002	EXP	text_2: text = 50
236.96710499999972	EXP	text_2: text = 66
236.98374999999942	EXP	text_2: text = 83
237.00067499999932	EXP	text_2: text = 100
237.01735499999995	EXP	text_2: text = 116
237.0338499999998	EXP	text_2: text = 133
237.05034999999955	EXP	text_2: text = 149
237.06682999999975	EXP	text_2: text = 167
237.08352499999998	EXP	text_2: text = 183
237.10018999999923	EXP	text_2: text = 199
237.1168049999997	EXP	text_2: text = 216
237.13344499999948	EXP	text_2: text = 232
237.15013499999986	EXP	text_2: text = 249
237.16670499999964	EXP	text_2: text = 266
237.18368499999997	EXP	text_2: text = 282
237.19994499999845	EXP	text_2: text = 300
237.21643499999846	EXP	text_2: text = 316
237.23319999999876	EXP	text_2: text = 332
237.2501299999985	EXP	text_2: text = 349
237.26649999999975	EXP	text_2: text = 366
237.28304499999834	EXP	text_2: text = 382
237.29012999999938	DATA	Keydown:  
237.2996599999988	EXP	text_2: text = 399
237.2996599999988	EXP	text_2: autoDraw = false
237.2996599999988	EXP	Feedback: text = 389
237.2996599999988	EXP	Feedback: autoDraw = true
238.2970799999985	EXP	Feedback: autoDraw = false
238.2970799999985	EXP	Feedback: autoDraw = false
238.2970799999985	EXP	text_3: autoDraw = true
240.1517949999998	DATA	Mouse: wheel shift=(0,1), pos=(646.625,220.65234375)
240.16858999999928	DATA	Mouse: wheel shift=(0,1), pos=(646.625,220.65234375)
240.18518499999846	DATA	Mouse: wheel shift=(0,1), pos=(646.625,220.65234375)
240.2020049999992	DATA	Mouse: wheel shift=(0,1), pos=(646.625,220.65234375)
240.21882000000002	DATA	Mouse: wheel shift=(0,1), pos=(646.625,220.65234375)
240.2352749999991	DATA	Mouse: wheel shift=(0,1), pos=(646.625,220.65234375)
240.25246999999945	DATA	Mouse: wheel shift=(0,1), pos=(646.625,220.65234375)
240.26849499999847	DATA	Mouse: wheel shift=(0,2), pos=(646.625,220.65234375)
240.28528499999996	DATA	Mouse: wheel shift=(0,1), pos=(646.625,220.65234375)
240.31793999999897	DATA	Mouse: wheel shift=(0,1), pos=(646.625,220.65234375)
240.33470999999918	DATA	Mouse: wheel shift=(0,-1), pos=(646.625,220.65234375)
240.38447499999893	DATA	Mouse: wheel shift=(-1,0), pos=(646.625,220.65234375)
240.43467999999848	DATA	Mouse: wheel shift=(0,-1), pos=(646.625,220.65234375)
240.45139999999995	DATA	Mouse: wheel shift=(0,-1), pos=(646.625,220.65234375)
245.29757999999856	EXP	text_3: autoDraw = false
245.29757999999856	EXP	text_3: autoDraw = false
245.29757999999856	EXP	text_2: autoDraw = true
245.29757999999856	EXP	text_2: text = 0
245.3146949999991	EXP	text_2: text = 16
245.33082499999912	EXP	text_2: text = 33
245.3476199999986	EXP	text_2: text = 50
245.36374999999865	EXP	text_2: text = 67
245.3805199999988	EXP	text_2: text = 84
245.39735999999903	EXP	text_2: text = 99
245.41398999999907	EXP	text_2: text = 116
245.430409999999	EXP	text_2: text = 133
245.4472299999998	EXP	text_2: text = 149
245.46392500000002	EXP	text_2: text = 166
245.48061499999855	EXP	text_2: text = 182
245.49733999999987	EXP	text_2: text = 200
245.51394499999878	EXP	text_2: text = 217
245.53033499999947	EXP	text_2: text = 232
245.54696499999952	EXP	text_2: text = 249
245.56360499999937	EXP	text_2: text = 266
245.58011999999871	EXP	text_2: text = 282
245.59711999999854	EXP	text_2: text = 299
245.6135699999995	EXP	text_2: text = 316
245.63041499999963	EXP	text_2: text = 333
245.6468799999984	EXP	text_2: text = 349
245.66321999999855	EXP	text_2: text = 366
245.6799949999986	EXP	text_2: text = 382
245.6969449999997	EXP	text_2: text = 399
245.6988949999995	DATA	Keydown:  
245.713244999999	EXP	text_2: text = 415
245.713244999999	EXP	text_2: autoDraw = false
245.713244999999	EXP	Feedback: text = 401
245.713244999999	EXP	Feedback: autoDraw = true
246.71071999999913	EXP	Feedback: autoDraw = false
246.71071999999913	EXP	Feedback: autoDraw = false
246.71071999999913	EXP	text_3: autoDraw = true
253.21214999999938	EXP	text_3: autoDraw = false
253.21214999999938	EXP	text_3: autoDraw = false
253.21214999999938	EXP	text_2: autoDraw = true
253.21214999999938	EXP	text_2: text = 0
253.22860499999845	EXP	text_2: text = 17
253.2452849999991	EXP	text_2: text = 33
253.26189999999954	EXP	text_2: text = 50
253.27854499999918	EXP	text_2: text = 67
253.29518999999894	EXP	text_2: text = 83
253.3120799999997	EXP	text_2: text = 100
253.32861999999838	EXP	text_2: text = 118
253.345045	EXP	text_2: text = 133
253.36169999999944	EXP	text_2: text = 150
253.37828499999887	EXP	text_2: text = 166
253.39500999999834	EXP	text_2: text = 183
253.4117899999983	EXP	text_2: text = 200
253.42819499999857	EXP	text_2: text = 216
253.43985499999874	EXP	text_2: text = 232
253.46135499999946	EXP	text_2: text = 251
253.47795499999847	EXP	text_2: text = 266
253.49476999999936	EXP	text_2: text = 283
253.51134999999883	EXP	text_2: text = 299
253.52789499999926	EXP	text_2: text = 316
253.5449849999986	EXP	text_2: text = 333
253.56126499999849	EXP	text_2: text = 349
253.57773999999878	EXP	text_2: text = 366
253.59456499999942	EXP	text_2: text = 383
253.61100999999869	EXP	text_2: text = 399
253.61265499999902	DATA	Keydown:  
253.62767999999963	EXP	text_2: text = 415
253.62767999999963	EXP	text_2: autoDraw = false
253.62767999999963	EXP	Feedback: text = 401
253.62767999999963	EXP	Feedback: autoDraw = true
254.62522999999965	EXP	Feedback: autoDraw = false
254.62522999999965	EXP	Feedback: autoDraw = false
254.62522999999965	EXP	text_3: autoDraw = true
264.36923999999993	EXP	text_3: autoDraw = false
264.36923999999993	EXP	text_3: autoDraw = false
264.36923999999993	EXP	text_2: autoDraw = true
264.36923999999993	EXP	text_2: text = 0
264.3857399999997	EXP	text_2: text = 16
264.4023600000001	EXP	text_2: text = 33
264.4188699999995	EXP	text_2: text = 49
264.43558999999914	EXP	text_2: text = 66
264.4521849999983	EXP	text_2: text = 83
264.4694049999998	EXP	text_2: text = 100
264.4856599999985	EXP	text_2: text = 117
264.50228499999866	EXP	text_2: text = 134
264.51883499999894	EXP	text_2: text = 150
264.5353849999992	EXP	text_2: text = 166
264.55204499999854	EXP	text_2: text = 183
264.5685649999996	EXP	text_2: text = 199
264.5849149999994	EXP	text_2: text = 216
264.6017549999997	EXP	text_2: text = 234
264.6184649999996	EXP	text_2: text = 249
264.63513999999844	EXP	text_2: text = 266
264.651824999999	EXP	text_2: text = 283
264.66847999999845	EXP	text_2: text = 299
264.68564499999957	EXP	text_2: text = 316
264.7017599999999	EXP	text_2: text = 332
264.71841499999937	EXP	text_2: text = 349
264.71990000000005	DATA	Keydown:  
264.73496499999965	EXP	text_2: text = 367
264.73496499999965	EXP	text_2: autoDraw = false
264.73496499999965	EXP	Feedback: text = 351
264.73496499999965	EXP	Feedback: autoDraw = true
265.7327599999989	EXP	Feedback: autoDraw = false
265.7327599999989	EXP	Feedback: autoDraw = false
265.7327599999989	EXP	text_3: autoDraw = true
269.2079799999993	EXP	text_3: autoDraw = false
269.2079799999993	EXP	text_3: autoDraw = false
269.2079799999993	EXP	text_2: autoDraw = true
269.2079799999993	EXP	text_2: text = 0
269.22480499999983	EXP	text_2: text = 17
269.241145	EXP	text_2: text = 33
269.257884999999	EXP	text_2: text = 50
269.27458499999926	EXP	text_2: text = 66
269.29115999999885	EXP	text_2: text = 83
269.3074899999993	EXP	text_2: text = 99
269.3242199999986	EXP	text_2: text = 116
269.3409699999993	EXP	text_2: text = 133
269.35781999999926	EXP	text_2: text = 150
269.3742949999996	EXP	text_2: text = 166
269.3909049999984	EXP	text_2: text = 183
269.407299999999	EXP	text_2: text = 199
269.42418	EXP	text_2: text = 216
269.44070999999894	EXP	text_2: text = 233
269.4573299999993	EXP	text_2: text = 250
269.4740949999996	EXP	text_2: text = 266
269.4906549999996	EXP	text_2: text = 282
269.50729499999943	EXP	text_2: text = 299
269.52427999999964	EXP	text_2: text = 316
269.5403899999983	EXP	text_2: text = 332
269.541874999999	DATA	Keydown:  
269.5570549999993	EXP	text_2: text = 349
269.5570549999993	EXP	text_2: autoDraw = false
269.5570549999993	EXP	Feedback: text = 334
269.5570549999993	EXP	Feedback: autoDraw = true
270.5545149999998	EXP	Feedback: autoDraw = false
270.5545149999998	EXP	Feedback: autoDraw = false
270.5545149999998	EXP	text_3: autoDraw = true
279.84959999999955	EXP	text_3: autoDraw = false
279.84959999999955	EXP	text_3: autoDraw = false
279.84959999999955	EXP	text_2: autoDraw = true
279.84959999999955	EXP	text_2: text = 0
279.8659799999987	EXP	text_2: text = 16
279.88272999999936	EXP	text_2: text = 33
279.89963999999964	EXP	text_2: text = 50
279.9161299999996	EXP	text_2: text = 66
279.9327199999989	EXP	text_2: text = 83
279.94902999999977	EXP	text_2: text = 99
279.96580499999976	EXP	text_2: text = 116
279.9825349999992	EXP	text_2: text = 133
279.999174999999	EXP	text_2: text = 150
280.0157749999999	EXP	text_2: text = 166
280.0326649999989	EXP	text_2: text = 183
280.0492699999995	EXP	text_2: text = 199
280.0658549999989	EXP	text_2: text = 216
280.08229499999834	EXP	text_2: text = 233
280.09897999999885	EXP	text_2: text = 249
280.1154399999996	EXP	text_2: text = 266
280.1321399999997	EXP	text_2: text = 283
280.14879499999915	EXP	text_2: text = 299
280.16579999999885	EXP	text_2: text = 316
280.1820099999986	EXP	text_2: text = 332
280.1983949999994	EXP	text_2: text = 349
280.2150899999997	EXP	text_2: text = 368
280.2318099999993	EXP	text_2: text = 382
280.2332200000001	DATA	Keydown:  
280.24850499999957	EXP	text_2: text = 399
280.24850499999957	EXP	text_2: autoDraw = false
280.24850499999957	EXP	Feedback: text = 384
280.24850499999957	EXP	Feedback: autoDraw = true
281.24630999999863	EXP	Feedback: autoDraw = false
281.24630999999863	EXP	Feedback: autoDraw = false
281.24630999999863	EXP	text_3: autoDraw = true
287.2155049999983	EXP	text_3: autoDraw = false
287.2155049999983	EXP	text_3: autoDraw = false
287.2155049999983	EXP	text_2: autoDraw = true
287.2155049999983	EXP	text_2: text = 0
287.23229999999967	EXP	text_2: text = 17
287.24850499999957	EXP	text_2: text = 33
287.26501999999897	EXP	text_2: text = 49
287.2822899999992	EXP	text_2: text = 67
287.29852999999997	EXP	text_2: text = 83
287.3155399999996	EXP	text_2: text = 100
287.3317299999999	EXP	text_2: text = 116
287.3483749999996	EXP	text_2: text = 133
287.3649749999986	EXP	text_2: text = 150
287.38186999999925	EXP	text_2: text = 166
287.39846999999827	EXP	text_2: text = 183
287.4151149999998	EXP	text_2: text = 199
287.43146999999954	EXP	text_2: text = 216
287.4481049999995	EXP	text_2: text = 233
287.4648099999995	EXP	text_2: text = 249
287.48158499999954	EXP	text_2: text = 266
287.49791000000005	EXP	text_2: text = 283
287.5145899999989	EXP	text_2: text = 299
287.53159999999843	EXP	text_2: text = 316
287.53349999999955	DATA	Keydown:  
287.54829999999856	EXP	text_2: text = 333
287.54829999999856	EXP	text_2: autoDraw = false
287.54829999999856	EXP	Feedback: text = 318
287.54829999999856	EXP	Feedback: autoDraw = true
288.54537999999957	EXP	Feedback: autoDraw = false
288.54537999999957	EXP	Feedback: autoDraw = false
288.54537999999957	EXP	text_3: autoDraw = true
295.246615	EXP	text_3: autoDraw = false
295.246615	EXP	text_3: autoDraw = false
295.246615	EXP	text_2: autoDraw = true
295.246615	EXP	text_2: text = 0
295.263214999999	EXP	text_2: text = 18
295.27983999999924	EXP	text_2: text = 33
295.2963799999997	EXP	text_2: text = 50
295.31282999999894	EXP	text_2: text = 66
295.3291549999994	EXP	text_2: text = 84
295.346055	EXP	text_2: text = 101
295.3630799999992	EXP	text_2: text = 116
295.3794699999998	EXP	text_2: text = 133
295.39636999999857	EXP	text_2: text = 150
295.4130699999987	EXP	text_2: text = 166
295.4294099999988	EXP	text_2: text = 183
295.4460799999997	EXP	text_2: text = 200
295.46245499999895	EXP	text_2: text = 217
295.4793699999991	EXP	text_2: text = 233
295.4957799999993	EXP	text_2: text = 250
295.51241499999924	EXP	text_2: text = 266
295.5138049999987	DATA	Keydown:  
295.52917499999967	EXP	text_2: text = 283
295.52917499999967	EXP	text_2: autoDraw = false
295.52917499999967	EXP	Feedback: text = 267
295.52917499999967	EXP	Feedback: autoDraw = true
296.5265449999988	EXP	Feedback: autoDraw = false
296.5265449999988	EXP	Feedback: autoDraw = false
296.5265449999988	EXP	text_3: autoDraw = true
298.9708449999998	EXP	text_3: autoDraw = false
298.9708449999998	EXP	text_3: autoDraw = false
298.9708449999998	EXP	text_2: autoDraw = true
298.9708449999998	EXP	text_2: text = 0
298.9873749999988	EXP	text_2: text = 17
299.0041549999987	EXP	text_2: text = 33
299.0208899999997	EXP	text_2: text = 50
299.0373649999983	EXP	text_2: text = 67
299.05384499999855	EXP	text_2: text = 83
299.0704799999985	EXP	text_2: text = 100
299.0872799999998	EXP	text_2: text = 116
299.10391999999956	EXP	text_2: text = 133
299.1206399999992	EXP	text_2: text = 150
299.13741499999924	EXP	text_2: text = 167
299.1543249999995	EXP	text_2: text = 183
299.17084499999874	EXP	text_2: text = 200
299.1876949999987	EXP	text_2: text = 217
299.2036449999996	EXP	text_2: text = 233
299.22027999999955	EXP	text_2: text = 250
299.2372699999996	EXP	text_2: text = 267
299.2537199999988	EXP	text_2: text = 283
299.2704799999993	EXP	text_2: text = 300
299.2865949999996	EXP	text_2: text = 317
299.3034499999995	EXP	text_2: text = 334
299.3203049999993	EXP	text_2: text = 350
299.33678499999957	EXP	text_2: text = 366
299.3383549999998	DATA	Keydown:  
299.35337999999865	EXP	text_2: text = 382
299.35337999999865	EXP	text_2: autoDraw = false
299.35337999999865	EXP	Feedback: text = 368
299.35337999999865	EXP	Feedback: autoDraw = true
299.4205899999997	DATA	Keydown: Meta
300.3511899999994	EXP	Feedback: autoDraw = false
300.3511899999994	EXP	Feedback: autoDraw = false
300.3511899999994	EXP	text_3: autoDraw = true
309.0807199999999	EXP	text_3: autoDraw = false
309.0807199999999	EXP	text_3: autoDraw = false
309.0807199999999	EXP	text_2: autoDraw = true
309.0807199999999	EXP	text_2: text = 0
309.09720500000003	EXP	text_2: text = 16
309.1140899999991	EXP	text_2: text = 34
309.13026999999965	EXP	text_2: text = 49
309.1468649999988	EXP	text_2: text = 66
309.1636749999998	EXP	text_2: text = 83
309.18051499999996	EXP	text_2: text = 100
309.19712999999865	EXP	text_2: text = 116
309.2134699999988	EXP	text_2: text = 133
309.2305949999991	EXP	text_2: text = 150
309.2472349999989	EXP	text_2: text = 166
309.26353500000005	EXP	text_2: text = 183
309.28012999999913	EXP	text_2: text = 200
309.29663499999884	EXP	text_2: text = 216
309.313365	EXP	text_2: text = 233
309.33002999999917	EXP	text_2: text = 249
309.3468249999987	EXP	text_2: text = 266
309.363374999999	EXP	text_2: text = 283
309.38012999999955	EXP	text_2: text = 300
309.38177499999983	DATA	Keydown:  
309.3968299999997	EXP	text_2: text = 316
309.3968299999997	EXP	text_2: autoDraw = false
309.3968299999997	EXP	Feedback: text = 301
309.3968299999997	EXP	Feedback: autoDraw = true
310.3940049999983	EXP	Feedback: autoDraw = false
310.3940049999983	EXP	Feedback: autoDraw = false
310.3940049999983	EXP	text_3: autoDraw = true
315.6150749999997	EXP	text_3: autoDraw = false
315.6150749999997	EXP	text_3: autoDraw = false
315.6150749999997	EXP	text_2: autoDraw = true
315.6150749999997	EXP	text_2: text = 0
315.63140499999827	EXP	text_2: text = 17
315.64818999999994	EXP	text_2: text = 33
315.66487999999845	EXP	text_2: text = 50
315.6817199999987	EXP	text_2: text = 67
315.6980449999992	EXP	text_2: text = 84
315.71471500000007	EXP	text_2: text = 100
315.731135	EXP	text_2: text = 117
315.7487599999986	EXP	text_2: text = 136
315.764545	EXP	text_2: text = 149
315.7814599999983	EXP	text_2: text = 166
315.7981299999992	EXP	text_2: text = 183
315.8144649999995	EXP	text_2: text = 199
315.8311199999989	EXP	text_2: text = 216
315.84775999999874	EXP	text_2: text = 232
315.8645899999992	EXP	text_2: text = 249
315.8809999999994	EXP	text_2: text = 266
315.89752999999837	EXP	text_2: text = 282
315.9142149999989	EXP	text_2: text = 299
315.9309349999985	EXP	text_2: text = 316
315.93318499999987	DATA	Keydown:  
315.94756999999845	EXP	text_2: text = 332
315.94756999999845	EXP	text_2: autoDraw = false
315.94756999999845	EXP	Feedback: text = 318
315.94756999999845	EXP	Feedback: autoDraw = true
316.9536449999996	EXP	Feedback: autoDraw = false
316.9536449999996	EXP	Feedback: autoDraw = false
316.9536449999996	EXP	End_text: autoDraw = true
336.0180099999997	DATA	Keydown:  
