0.2775100000144448	EXP	Created Window = Window( name=Window, fullscr=true, color=#000000, units=height, waitBlanking=true, autoLog=true, size=[1229,578] )
2.2111450000084005	DATA	Keydown: Shift
2.4506099999998696	DATA	Keydown: S
2.611635000008391	DATA	Keydown: M
3.7840049999940675	DATA	Keydown: 8
4.212644999992335	DATA	Keydown: 1
4.445780000009108	DATA	Keydown: 4
4.665689999994356	DATA	Keydown: 7
4.830264999996871	DATA	Keydown: 7
15.051544999994803	EXP	Created text = TextStim( name=text, win=Window( name=Window, fullscr=true, color=#000000, ~), autoDraw=null, autoLog=true, units=height, ori=null, opacity=1, pos=[0,0], size=undefined, text=INSTRUCTIONS [EN]


A counter will appear and star~, font=Arial, color=#FFFFFF, contrast=1, height=0.03, bold=null, italic=null, alignHoriz=left, alignVert=center, wrapWidth=1, flipHoriz=null, flipVert=null )
15.06085500001791	EXP	Created text_3 = TextStim( name=text_3, win=Window( name=Window, fullscr=true, color=#000000, ~), autoDraw=null, autoLog=true, units=height, ori=null, opacity=1, pos=[0,0], size=undefined, text=null, font=Arial, color=#FFFFFF, contrast=1, height=0.1, bold=null, italic=null, alignHoriz=left, alignVert=center, wrapWidth=1, flipHoriz=null, flipVert=null )
15.0625	EXP	Created text_2 = TextStim( name=text_2, win=Window( name=Window, fullscr=true, color=#000000, ~), autoDraw=null, autoLog=true, units=height, ori=null, opacity=1, pos=[0,0], size=undefined, text=default text, font=Arial, color=#ff0000, contrast=1, height=0.15, bold=null, italic=null, alignHoriz=left, alignVert=center, wrapWidth=1, flipHoriz=null, flipVert=null )
15.065620000008494	EXP	Created Feedback = TextStim( name=Feedback, win=Window( name=Window, fullscr=true, color=#000000, ~), autoDraw=null, autoLog=true, units=height, ori=null, opacity=1, pos=[0,0], size=undefined, text=default text, font=Arial, color=#ff0000, contrast=1, height=0.15, bold=null, italic=null, alignHoriz=left, alignVert=center, wrapWidth=1, flipHoriz=null, flipVert=null )
15.072019999992335	EXP	Created End_text = TextStim( name=End_text, win=Window( name=Window, fullscr=true, color=#000000, ~), autoDraw=null, autoLog=true, units=height, ori=null, opacity=1, pos=[0,0], size=undefined, text=This study aimed to look at procedural learning, i~, font=Arial, color=#FFFFFF, contrast=1, height=0.025, bold=null, italic=null, alignHoriz=left, alignVert=center, wrapWidth=1, flipHoriz=null, flipVert=null )
15.176605000015115	EXP	text: units = "height"
15.176605000015115	EXP	text: ori = 0
15.176605000015115	EXP	text: opacity = 1
15.176605000015115	EXP	text: pos = [0,0]
15.176605000015115	EXP	text: size = undefined
15.176605000015115	EXP	text: text = "INSTRUCTIONS [EN]\n\n\nA counter will appear and start counting at random times, press SPACE as fast as possible when it appears.\n\n\nPress SPACE to start\n\n-------\n\nInstruções [PT]\n\n\nUm cronómetro vai aparecer e começar a contar aleatoriamente, pressione a tecla SPACE assim que ele aparecer.\n\n\nPressiona SPACE para começar."
15.176605000015115	EXP	text: font = "Arial"
15.176605000015115	EXP	text: color = {"_hex":"#FFFFFF","_rgb":[1,1,1]}
15.176605000015115	EXP	text: contrast = 1
15.176605000015115	EXP	text: height = 0.03
15.176605000015115	EXP	text: bold = false
15.176605000015115	EXP	text: italic = false
15.176605000015115	EXP	text: alignHoriz = "left"
15.176605000015115	EXP	text: alignVert = "center"
15.176605000015115	EXP	text: wrapWidth = 1
15.176605000015115	EXP	text: flipHoriz = false
15.176605000015115	EXP	text: flipVert = false
15.176605000015115	EXP	text_3: units = "height"
15.176605000015115	EXP	text_3: ori = 0
15.176605000015115	EXP	text_3: opacity = 1
15.176605000015115	EXP	text_3: pos = [0,0]
15.176605000015115	EXP	text_3: size = undefined
15.176605000015115	EXP	text_3: text = ""
15.176605000015115	EXP	text_3: font = "Arial"
15.176605000015115	EXP	text_3: color = {"_hex":"#FFFFFF","_rgb":[1,1,1]}
15.176605000015115	EXP	text_3: contrast = 1
15.176605000015115	EXP	text_3: height = 0.1
15.176605000015115	EXP	text_3: bold = false
15.176605000015115	EXP	text_3: italic = false
15.176605000015115	EXP	text_3: alignHoriz = "left"
15.176605000015115	EXP	text_3: alignVert = "center"
15.176605000015115	EXP	text_3: wrapWidth = 1
15.176605000015115	EXP	text_3: flipHoriz = false
15.176605000015115	EXP	text_3: flipVert = false
15.176605000015115	EXP	text_2: units = "height"
15.176605000015115	EXP	text_2: ori = 0
15.176605000015115	EXP	text_2: opacity = 1
15.176605000015115	EXP	text_2: pos = [0,0]
15.176605000015115	EXP	text_2: size = undefined
15.176605000015115	EXP	text_2: text = "default text"
15.176605000015115	EXP	text_2: font = "Arial"
15.176605000015115	EXP	text_2: color = {"_rgb":[1,0,0]}
15.176605000015115	EXP	text_2: contrast = 1
15.176605000015115	EXP	text_2: height = 0.15
15.176605000015115	EXP	text_2: bold = false
15.176605000015115	EXP	text_2: italic = false
15.176605000015115	EXP	text_2: alignHoriz = "left"
15.176605000015115	EXP	text_2: alignVert = "center"
15.176605000015115	EXP	text_2: wrapWidth = 1
15.176605000015115	EXP	text_2: flipHoriz = false
15.176605000015115	EXP	text_2: flipVert = false
15.176605000015115	EXP	Feedback: units = "height"
15.176605000015115	EXP	Feedback: ori = 0
15.176605000015115	EXP	Feedback: opacity = 1
15.176605000015115	EXP	Feedback: pos = [0,0]
15.176605000015115	EXP	Feedback: size = undefined
15.176605000015115	EXP	Feedback: text = "default text"
15.176605000015115	EXP	Feedback: font = "Arial"
15.176605000015115	EXP	Feedback: color = {"_rgb":[1,0,0]}
15.176605000015115	EXP	Feedback: contrast = 1
15.176605000015115	EXP	Feedback: height = 0.15
15.176605000015115	EXP	Feedback: bold = false
15.176605000015115	EXP	Feedback: italic = false
15.176605000015115	EXP	Feedback: alignHoriz = "left"
15.176605000015115	EXP	Feedback: alignVert = "center"
15.176605000015115	EXP	Feedback: wrapWidth = 1
15.176605000015115	EXP	Feedback: flipHoriz = false
15.176605000015115	EXP	Feedback: flipVert = false
15.176605000015115	EXP	End_text: units = "height"
15.176605000015115	EXP	End_text: ori = 0
15.176605000015115	EXP	End_text: opacity = 1
15.176605000015115	EXP	End_text: pos = [0,0]
15.176605000015115	EXP	End_text: size = undefined
15.176605000015115	EXP	End_text: text = "This study aimed to look at procedural learning, i.e. our ability to extract patterns from the input that we are constantly receiving. This skill is thought to be essential for language and literacy acquisition and has been suggested as a possible underlying difficult in children with Language Impairments and Dyslexia. This study aims to improve the measures of procedural learning (the smiley face task) so that we can measure procedural learning more reliably and, in the future, analyse the performance of individuals with learning impairments.\nThank you for participating!\n\n----\n\nEste estudo tem como objectivo analisar a nossa capacidade de extrair padrões da informação que estamos constantemente a receber. Pensa-se que esta competência é essencial para a aquisição da linguagem e literacia e foi sugerido que dificuldades neste tipo de competências poderá estar relacionado com perturbações da linguagem e Dislexia. Este estudo tem como objectivo melhorar a estabilidade das medidas usadas para medir este tipo de memória (a tarefa da cara sorridente) de forma a poder medir de forma mais precisa e, no futuro, analisar a performance de indivíduos com perturbações da aprendizagem. \nMuito obrigada por ter participado!"
15.176605000015115	EXP	End_text: font = "Arial"
15.176605000015115	EXP	End_text: color = {"_hex":"#FFFFFF","_rgb":[1,1,1]}
15.176605000015115	EXP	End_text: contrast = 1
15.176605000015115	EXP	End_text: height = 0.025
15.176605000015115	EXP	End_text: bold = false
15.176605000015115	EXP	End_text: italic = false
15.176605000015115	EXP	End_text: alignHoriz = "left"
15.176605000015115	EXP	End_text: alignVert = "center"
15.176605000015115	EXP	End_text: wrapWidth = 1
15.176605000015115	EXP	End_text: flipHoriz = false
15.176605000015115	EXP	End_text: flipVert = false
15.176605000015115	EXP	text: autoDraw = true
26.539595000009285	DATA	Keydown:  
26.55925500000012	EXP	text: autoDraw = false
26.55925500000012	EXP	text_3: autoDraw = true
31.99110000001383	EXP	text_3: autoDraw = false
31.99110000001383	EXP	text_3: autoDraw = false
31.99110000001383	EXP	text_2: autoDraw = true
31.99110000001383	EXP	text_2: text = 0
32.00163499999326	EXP	text_2: text = 84
32.02188000001479	EXP	text_2: text = 103
32.03617000000668	EXP	text_2: text = 117
32.05376500001876	EXP	text_2: text = 133
32.069350000005215	EXP	text_2: text = 149
32.08684999999241	EXP	text_2: text = 165
32.10295000000042	EXP	text_2: text = 182
32.12127000000328	EXP	text_2: text = 199
32.13437499999418	EXP	text_2: text = 215
32.15135500000906	EXP	text_2: text = 233
32.16899000000558	EXP	text_2: text = 250
32.18584499999997	EXP	text_2: text = 267
32.201605000009295	EXP	text_2: text = 283
32.217759999999544	EXP	text_2: text = 299
32.23681000000215	EXP	text_2: text = 318
32.25156000000425	EXP	text_2: text = 332
32.26792499999283	EXP	text_2: text = 349
32.285605000011856	EXP	text_2: text = 365
32.30109500000253	EXP	text_2: text = 382
32.318815000006	EXP	text_2: text = 400
32.324305000016466	DATA	Keydown:  
32.336665000009816	EXP	text_2: text = 417
32.336665000009816	EXP	text_2: autoDraw = false
32.336665000009816	EXP	Feedback: text = 333
32.336665000009816	EXP	Feedback: autoDraw = true
33.334425000008196	EXP	Feedback: autoDraw = false
33.334425000008196	EXP	Feedback: autoDraw = false
33.334425000008196	EXP	text_3: autoDraw = true
39.81755000000703	EXP	text_3: autoDraw = false
39.81755000000703	EXP	text_3: autoDraw = false
39.81755000000703	EXP	text_2: autoDraw = true
39.81755000000703	EXP	text_2: text = 0
39.83342000000994	EXP	text_2: text = 18
39.8502800000133	EXP	text_2: text = 34
39.868264999997336	EXP	text_2: text = 50
39.8834649999917	EXP	text_2: text = 68
39.90047500000219	EXP	text_2: text = 84
39.91725500000757	EXP	text_2: text = 102
39.933935000008205	EXP	text_2: text = 118
39.950050000014016	EXP	text_2: text = 133
39.96681000001263	EXP	text_2: text = 151
39.983695000002626	EXP	text_2: text = 167
40.000419999996666	EXP	text_2: text = 185
40.016869999992196	EXP	text_2: text = 201
40.034465000004275	EXP	text_2: text = 216
40.050755000003846	EXP	text_2: text = 235
40.06707499999902	EXP	text_2: text = 250
40.0842699999921	EXP	text_2: text = 269
40.10112000000663	EXP	text_2: text = 283
40.11808499999461	EXP	text_2: text = 301
40.13369000001694	EXP	text_2: text = 318
40.150445000006584	EXP	text_2: text = 334
40.1537149999931	DATA	Keydown:  
40.169309999997495	EXP	text_2: text = 351
40.169309999997495	EXP	text_2: autoDraw = false
40.169309999997495	EXP	Feedback: text = 336
40.169309999997495	EXP	Feedback: autoDraw = true
41.16544499999145	EXP	Feedback: autoDraw = false
41.16544499999145	EXP	Feedback: autoDraw = false
41.16544499999145	EXP	text_3: autoDraw = true
51.08142999999109	EXP	text_3: autoDraw = false
51.08142999999109	EXP	text_3: autoDraw = false
51.08142999999109	EXP	text_2: autoDraw = true
51.08142999999109	EXP	text_2: text = 0
51.09801499999594	EXP	text_2: text = 17
51.11410999999498	EXP	text_2: text = 35
51.130059999995865	EXP	text_2: text = 50
51.147534999996424	EXP	text_2: text = 67
51.164600000018254	EXP	text_2: text = 85
51.18059999999241	EXP	text_2: text = 101
51.197210000013	EXP	text_2: text = 117
51.214280000014696	EXP	text_2: text = 134
51.23002000001725	EXP	text_2: text = 150
51.24696000001859	EXP	text_2: text = 167
51.26376999999047	EXP	text_2: text = 184
51.280480000015814	EXP	text_2: text = 200
51.29703000001609	EXP	text_2: text = 217
51.31450500001665	EXP	text_2: text = 235
51.33015500000329	EXP	text_2: text = 250
51.34738500000094	EXP	text_2: text = 266
51.34949500000221	DATA	Keydown:  
51.36486999999033	EXP	text_2: text = 285
51.36486999999033	EXP	text_2: autoDraw = false
51.36486999999033	EXP	Feedback: text = 268
51.36486999999033	EXP	Feedback: autoDraw = true
52.36288000000059	EXP	Feedback: autoDraw = false
52.36288000000059	EXP	Feedback: autoDraw = false
52.36288000000059	EXP	text_3: autoDraw = true
62.06370500000776	EXP	text_3: autoDraw = false
62.06370500000776	EXP	text_3: autoDraw = false
62.06370500000776	EXP	text_2: autoDraw = true
62.06370500000776	EXP	text_2: text = 0
62.07904499999131	EXP	text_2: text = 15
62.09687500001746	EXP	text_2: text = 33
62.110914999997476	EXP	text_2: text = 49
62.12789500001236	EXP	text_2: text = 65
62.145705000002636	EXP	text_2: text = 82
62.16179499999271	EXP	text_2: text = 99
62.17814000000362	EXP	text_2: text = 117
62.19494000001578	EXP	text_2: text = 132
62.21290000001318	EXP	text_2: text = 151
62.22912999999244	EXP	text_2: text = 167
62.24595000001136	EXP	text_2: text = 183
62.26309500000207	EXP	text_2: text = 199
62.27892000001157	EXP	text_2: text = 216
62.29514500001096	EXP	text_2: text = 232
62.31216000000131	EXP	text_2: text = 249
62.32778500000131	EXP	text_2: text = 266
62.33012500000768	DATA	Keydown:  
62.34669500001473	EXP	text_2: text = 283
62.34669500001473	EXP	text_2: autoDraw = false
62.34669500001473	EXP	Feedback: text = 267
62.34669500001473	EXP	Feedback: autoDraw = true
63.27670499999658	DATA	Mouse: wheel shift=(0,-15), pos=(0,0)
63.287804999999935	DATA	Mouse: wheel shift=(0,-11.25), pos=(0,0)
63.30895000000601	DATA	Mouse: wheel shift=(0,-52.5), pos=(0,0)
63.320825000002515	DATA	Mouse: wheel shift=(0,-63.75), pos=(0,0)
63.337040000013076	DATA	Mouse: wheel shift=(0,-55), pos=(0,0)
63.345094999996945	EXP	Feedback: autoDraw = false
63.345094999996945	EXP	Feedback: autoDraw = false
63.345094999996945	EXP	text_3: autoDraw = true
63.35315999999875	DATA	Mouse: wheel shift=(0,-46.25), pos=(0,0)
63.37081500000204	DATA	Mouse: wheel shift=(0,-17.5), pos=(0,0)
63.386805000016466	DATA	Mouse: wheel shift=(0,-48.75), pos=(0,0)
63.41961499999161	DATA	Mouse: wheel shift=(0,-38.75), pos=(0,0)
63.437650000007125	DATA	Mouse: wheel shift=(0,-30), pos=(0,0)
63.45420999999624	DATA	Mouse: wheel shift=(0,-56.25), pos=(0,0)
63.469565000006696	DATA	Mouse: wheel shift=(0,-28.75), pos=(0,0)
63.50272499999846	DATA	Mouse: wheel shift=(0,-30), pos=(0,0)
63.52116500001284	DATA	Mouse: wheel shift=(0,-22.5), pos=(0,0)
63.537335000000894	DATA	Mouse: wheel shift=(0,-31.25), pos=(0,0)
63.55277000000933	DATA	Mouse: wheel shift=(0,-35), pos=(0,0)
63.58638500000234	DATA	Mouse: wheel shift=(0,-16.25), pos=(0,0)
63.60280500000226	DATA	Mouse: wheel shift=(0,-32.5), pos=(0,0)
63.61949499999173	DATA	Mouse: wheel shift=(0,-5), pos=(0,0)
63.63775500000338	DATA	Mouse: wheel shift=(0,-3.75), pos=(0,0)
63.652880000008736	DATA	Mouse: wheel shift=(0,-6.25), pos=(0,0)
63.686275000014575	DATA	Mouse: wheel shift=(0,-7.5), pos=(0,0)
63.70435499999439	DATA	Mouse: wheel shift=(0,-3.75), pos=(0,0)
63.72072000001208	DATA	Mouse: wheel shift=(0,0), pos=(0,0)
63.73581000001286	DATA	Mouse: wheel shift=(0,-2.5), pos=(0,0)
63.75307999999495	DATA	Mouse: wheel shift=(0,-3.75), pos=(0,0)
63.77097000001231	DATA	Mouse: wheel shift=(0,-2.5), pos=(0,0)
63.786135000002105	DATA	Mouse: wheel shift=(0,-1.25), pos=(0,0)
63.803335000004154	DATA	Mouse: wheel shift=(0,-1.25), pos=(0,0)
64.1861800000188	DATA	Mouse: wheel shift=(0,-1.25), pos=(0,0)
64.22284500001115	DATA	Mouse: wheel shift=(0,-56.25), pos=(0,0)
64.2536100000143	DATA	Mouse: wheel shift=(0,-23.75), pos=(0,0)
64.26979500000016	DATA	Mouse: wheel shift=(0,-18.75), pos=(0,0)
64.28723499999614	DATA	Mouse: wheel shift=(0,-27.5), pos=(0,0)
64.32230500000878	DATA	Mouse: wheel shift=(0,-33.75), pos=(0,0)
64.33895999999368	DATA	Mouse: wheel shift=(0,-25), pos=(0,0)
64.35276999999769	DATA	Mouse: wheel shift=(0,-28.75), pos=(0,0)
64.37075500001083	DATA	Mouse: wheel shift=(0,-43.75), pos=(0,0)
64.38636000000406	DATA	Mouse: wheel shift=(0,-51.25), pos=(0,0)
64.40469500000472	DATA	Mouse: wheel shift=(0,-22.5), pos=(0,0)
64.42001500001061	DATA	Mouse: wheel shift=(0,-23.75), pos=(0,0)
64.43637500001932	DATA	Mouse: wheel shift=(0,-20), pos=(0,0)
64.45321500001592	DATA	Mouse: wheel shift=(0,-20), pos=(0,0)
64.46934499999043	DATA	Mouse: wheel shift=(0,-22.5), pos=(0,0)
64.48592000000644	DATA	Mouse: wheel shift=(0,-16.25), pos=(0,0)
64.50379000001703	DATA	Mouse: wheel shift=(0,-13.75), pos=(0,0)
64.5204650000087	DATA	Mouse: wheel shift=(0,-8.75), pos=(0,0)
64.53717500000494	DATA	Mouse: wheel shift=(0,-5), pos=(0,0)
64.56896999999299	DATA	Mouse: wheel shift=(0,0), pos=(0,0)
64.58603999999468	DATA	Mouse: wheel shift=(0,-1.25), pos=(0,0)
64.60271999999532	DATA	Mouse: wheel shift=(0,-1.25), pos=(0,0)
64.61968000000343	DATA	Mouse: wheel shift=(0,-1.25), pos=(0,0)
69.71054000000004	EXP	text_3: autoDraw = false
69.71054000000004	EXP	text_3: autoDraw = false
69.71054000000004	EXP	text_2: autoDraw = true
69.71054000000004	EXP	text_2: text = 0
69.72657500000787	EXP	text_2: text = 16
69.74212000000989	EXP	text_2: text = 33
69.76024500001222	EXP	text_2: text = 49
69.777224999998	EXP	text_2: text = 68
69.79435999999987	EXP	text_2: text = 83
69.8101800000004	EXP	text_2: text = 99
69.82622499999707	EXP	text_2: text = 116
69.84328500000993	EXP	text_2: text = 133
69.85897000000114	EXP	text_2: text = 149
69.87760500001605	EXP	text_2: text = 168
69.89472999999998	EXP	text_2: text = 183
69.91083500001696	EXP	text_2: text = 199
69.92744500000845	EXP	text_2: text = 218
69.94380500001716	EXP	text_2: text = 233
69.96225499999127	EXP	text_2: text = 251
69.97690500001772	EXP	text_2: text = 267
69.99355499999365	EXP	text_2: text = 283
70.01005499999155	EXP	text_2: text = 300
70.0263799999957	EXP	text_2: text = 316
70.0438950000098	EXP	text_2: text = 333
70.0479650000052	DATA	Keydown:  
70.0639300000039	EXP	text_2: text = 354
70.0639300000039	EXP	text_2: autoDraw = false
70.0639300000039	EXP	Feedback: text = 338
70.0639300000039	EXP	Feedback: autoDraw = true
71.05785499999183	EXP	Feedback: autoDraw = false
71.05785499999183	EXP	Feedback: autoDraw = false
71.05785499999183	EXP	text_3: autoDraw = true
79.95741500001168	EXP	text_3: autoDraw = false
79.95741500001168	EXP	text_3: autoDraw = false
79.95741500001168	EXP	text_2: autoDraw = true
79.95741500001168	EXP	text_2: text = 0
79.97369000001345	EXP	text_2: text = 17
79.99116999999387	EXP	text_2: text = 35
80.00787500001024	EXP	text_2: text = 52
80.02561000001151	EXP	text_2: text = 66
80.04092500000843	EXP	text_2: text = 84
80.0576149999979	EXP	text_2: text = 100
80.07406000001356	EXP	text_2: text = 116
80.09130000000005	EXP	text_2: text = 133
80.10811500001	EXP	text_2: text = 151
80.1245400000189	EXP	text_2: text = 167
80.14115999999922	EXP	text_2: text = 184
80.15708999999333	EXP	text_2: text = 200
80.17427000001771	EXP	text_2: text = 217
80.19174999999814	EXP	text_2: text = 233
80.20759999999427	EXP	text_2: text = 250
80.22427000000607	EXP	text_2: text = 267
80.24289500000305	EXP	text_2: text = 284
80.25849999999627	EXP	text_2: text = 302
80.26228500000434	DATA	Keydown:  
80.27670000001672	EXP	text_2: text = 318
80.27670000001672	EXP	text_2: autoDraw = false
80.27670000001672	EXP	Feedback: text = 305
80.27670000001672	EXP	Feedback: autoDraw = true
81.27257500000997	EXP	Feedback: autoDraw = false
81.27257500000997	EXP	Feedback: autoDraw = false
81.27257500000997	EXP	text_3: autoDraw = true
84.2901150000107	EXP	text_3: autoDraw = false
84.2901150000107	EXP	text_3: autoDraw = false
84.2901150000107	EXP	text_2: autoDraw = true
84.2901150000107	EXP	text_2: text = 0
84.30566499999259	EXP	text_2: text = 16
84.32234499999322	EXP	text_2: text = 33
84.3396950000024	EXP	text_2: text = 49
84.35633000000962	EXP	text_2: text = 66
84.37294000000111	EXP	text_2: text = 83
84.38857000001008	EXP	text_2: text = 99
84.4068949999928	EXP	text_2: text = 116
84.4241800000018	EXP	text_2: text = 134
84.4400500000047	EXP	text_2: text = 149
84.45634999999311	EXP	text_2: text = 167
84.47279500000877	EXP	text_2: text = 183
84.48891000001458	EXP	text_2: text = 201
84.50726499999291	EXP	text_2: text = 217
84.52371500001755	EXP	text_2: text = 234
84.53857999999309	EXP	text_2: text = 249
84.55636000001687	EXP	text_2: text = 266
84.57493999999133	EXP	text_2: text = 284
84.58952000000863	EXP	text_2: text = 299
84.60694500000682	EXP	text_2: text = 318
84.60891999999876	DATA	Keydown:  
84.62340499999118	EXP	text_2: text = 333
84.62340499999118	EXP	text_2: autoDraw = false
84.62340499999118	EXP	Feedback: text = 319
84.62340499999118	EXP	Feedback: autoDraw = true
85.62187000000267	EXP	Feedback: autoDraw = false
85.62187000000267	EXP	Feedback: autoDraw = false
85.62187000000267	EXP	text_3: autoDraw = true
93.57106499999645	EXP	text_3: autoDraw = false
93.57106499999645	EXP	text_3: autoDraw = false
93.57106499999645	EXP	text_2: autoDraw = true
93.57106499999645	EXP	text_2: text = 0
93.58689000000595	EXP	text_2: text = 16
93.60522500000661	EXP	text_2: text = 32
93.62030999999843	EXP	text_2: text = 49
93.63739000001806	EXP	text_2: text = 67
93.65471999999136	EXP	text_2: text = 84
93.67073000001255	EXP	text_2: text = 101
93.68758500000695	EXP	text_2: text = 116
93.7045550000039	EXP	text_2: text = 134
93.72062999999616	EXP	text_2: text = 149
93.73719499999424	EXP	text_2: text = 166
93.75396000000183	EXP	text_2: text = 182
93.77006999999867	EXP	text_2: text = 199
93.78741000001901	EXP	text_2: text = 216
93.80334499999299	EXP	text_2: text = 233
93.82050999999046	EXP	text_2: text = 249
93.83725000001141	EXP	text_2: text = 266
93.85430000000633	EXP	text_2: text = 284
93.87067500001285	EXP	text_2: text = 301
93.87277000001632	DATA	Keydown:  
93.88878500001738	EXP	text_2: text = 317
93.88878500001738	EXP	text_2: autoDraw = false
93.88878500001738	EXP	Feedback: text = 302
93.88878500001738	EXP	Feedback: autoDraw = true
94.89039000001503	EXP	Feedback: autoDraw = false
94.89039000001503	EXP	Feedback: autoDraw = false
94.89039000001503	EXP	text_3: autoDraw = true
102.03612500001327	EXP	text_3: autoDraw = false
102.03612500001327	EXP	text_3: autoDraw = false
102.03612500001327	EXP	text_2: autoDraw = true
102.03612500001327	EXP	text_2: text = 0
102.05186999999569	EXP	text_2: text = 17
102.06893000000855	EXP	text_2: text = 32
102.08583500000532	EXP	text_2: text = 49
102.1008800000127	EXP	text_2: text = 67
102.11829000001308	EXP	text_2: text = 82
102.13524000000325	EXP	text_2: text = 99
102.15111000000616	EXP	text_2: text = 115
102.16812499999651	EXP	text_2: text = 132
102.1861950000166	EXP	text_2: text = 149
102.20106500000111	EXP	text_2: text = 167
102.21864000000642	EXP	text_2: text = 183
102.23545999999624	EXP	text_2: text = 198
102.25135500001488	EXP	text_2: text = 215
102.2673150000046	EXP	text_2: text = 232
102.28552999999374	EXP	text_2: text = 250
102.3015149999992	EXP	text_2: text = 266
102.31766500000958	EXP	text_2: text = 282
102.33544500000426	EXP	text_2: text = 299
102.35140000001411	EXP	text_2: text = 316
102.35393000001204	DATA	Keydown:  
102.36934999999357	EXP	text_2: text = 333
102.36934999999357	EXP	text_2: autoDraw = false
102.36934999999357	EXP	Feedback: text = 318
102.36934999999357	EXP	Feedback: autoDraw = true
103.36647000000812	EXP	Feedback: autoDraw = false
103.36647000000812	EXP	Feedback: autoDraw = false
103.36647000000812	EXP	text_3: autoDraw = true
107.63459500001045	EXP	text_3: autoDraw = false
107.63459500001045	EXP	text_3: autoDraw = false
107.63459500001045	EXP	text_2: autoDraw = true
107.63459500001045	EXP	text_2: text = 0
107.65043999999762	EXP	text_2: text = 16
107.66702500000247	EXP	text_2: text = 32
107.68405999999959	EXP	text_2: text = 50
107.70039499999257	EXP	text_2: text = 66
107.71824000001652	EXP	text_2: text = 83
107.73476500000106	EXP	text_2: text = 99
107.74969500000589	EXP	text_2: text = 116
107.76751000000513	EXP	text_2: text = 132
107.78343000001041	EXP	text_2: text = 149
107.80084499999066	EXP	text_2: text = 165
107.81728000001749	EXP	text_2: text = 184
107.83323000001837	EXP	text_2: text = 200
107.84904000000097	EXP	text_2: text = 215
107.8667800000112	EXP	text_2: text = 233
107.88328500001808	EXP	text_2: text = 249
107.90062000000034	EXP	text_2: text = 265
107.91645499999868	EXP	text_2: text = 282
107.93608499999391	EXP	text_2: text = 299
107.95032999999239	EXP	text_2: text = 316
107.9566899999918	DATA	Keydown:  
107.96766500000376	EXP	text_2: text = 335
107.96766500000376	EXP	text_2: autoDraw = false
107.96766500000376	EXP	Feedback: text = 322
107.96766500000376	EXP	Feedback: autoDraw = true
108.96636500000022	EXP	Feedback: autoDraw = false
108.96636500000022	EXP	Feedback: autoDraw = false
108.96636500000022	EXP	text_3: autoDraw = true
116.86535500001628	DATA	Keydown:  
117.4162050000159	EXP	text_3: autoDraw = false
117.4162050000159	EXP	text_3: autoDraw = false
117.4162050000159	EXP	text_2: autoDraw = true
117.4162050000159	EXP	text_2: text = 0
117.4317699999956	EXP	text_2: text = 17
117.44836999999825	EXP	text_2: text = 33
117.46616499999072	EXP	text_2: text = 51
117.48151499999221	EXP	text_2: text = 67
117.4980800000194	EXP	text_2: text = 82
117.51564500000677	EXP	text_2: text = 100
117.5341999999946	EXP	text_2: text = 117
117.54863999999361	EXP	text_2: text = 132
117.56429000000935	EXP	text_2: text = 149
117.58152999999584	EXP	text_2: text = 166
117.5992050000059	EXP	text_2: text = 183
117.61499000000185	EXP	text_2: text = 199
117.63094000000274	EXP	text_2: text = 217
117.64860499999486	EXP	text_2: text = 233
117.66503000000375	EXP	text_2: text = 250
117.68154499999946	EXP	text_2: text = 267
117.69814500000211	EXP	text_2: text = 282
117.71604500000831	EXP	text_2: text = 300
117.73243500001263	EXP	text_2: text = 318
117.75073500000872	EXP	text_2: text = 339
117.75260999999591	DATA	Keydown:  
117.76662000000942	EXP	text_2: text = 349
117.76662000000942	EXP	text_2: autoDraw = false
117.76662000000942	EXP	Feedback: text = 337
117.76662000000942	EXP	Feedback: autoDraw = true
118.763964999991	EXP	Feedback: autoDraw = false
118.763964999991	EXP	Feedback: autoDraw = false
118.763964999991	EXP	text_3: autoDraw = true
122.51354000001447	EXP	text_3: autoDraw = false
122.51354000001447	EXP	text_3: autoDraw = false
122.51354000001447	EXP	text_2: autoDraw = true
122.51354000001447	EXP	text_2: text = 0
122.53051000001142	EXP	text_2: text = 17
122.54761500001769	EXP	text_2: text = 35
122.56390000000829	EXP	text_2: text = 52
122.58138499999768	EXP	text_2: text = 67
122.59729500001413	EXP	text_2: text = 84
122.61332999999286	EXP	text_2: text = 100
122.63077000001795	EXP	text_2: text = 117
122.64707999999519	EXP	text_2: text = 134
122.66421499999706	EXP	text_2: text = 151
122.68041500000982	EXP	text_2: text = 166
122.69812000001548	EXP	text_2: text = 184
122.71390500001144	EXP	text_2: text = 202
122.73187499999767	EXP	text_2: text = 217
122.74711500000558	EXP	text_2: text = 234
122.76367499999469	EXP	text_2: text = 252
122.7816650000168	EXP	text_2: text = 267
122.79717500001425	EXP	text_2: text = 284
122.8145749999967	EXP	text_2: text = 300
122.83029499999247	EXP	text_2: text = 317
122.84779500000877	EXP	text_2: text = 334
122.86360499999137	EXP	text_2: text = 351
122.8682550000085	DATA	Keydown:  
122.88062000001082	EXP	text_2: text = 367
122.88062000001082	EXP	text_2: autoDraw = false
122.88062000001082	EXP	Feedback: text = 355
122.88062000001082	EXP	Feedback: autoDraw = true
123.87994000001345	EXP	Feedback: autoDraw = false
123.87994000001345	EXP	Feedback: autoDraw = false
123.87994000001345	EXP	text_3: autoDraw = true
125.94930999999633	DATA	Keydown:  
131.89474499999778	EXP	text_3: autoDraw = false
131.89474499999778	EXP	text_3: autoDraw = false
131.89474499999778	EXP	text_2: autoDraw = true
131.89474499999778	EXP	text_2: text = 0
131.9108450000058	EXP	text_2: text = 17
131.93033500001184	EXP	text_2: text = 34
131.9441200000001	EXP	text_2: text = 50
131.96144000001368	EXP	text_2: text = 67
131.97799000001396	EXP	text_2: text = 85
131.99457000000984	EXP	text_2: text = 101
132.0107549999957	EXP	text_2: text = 117
132.0270850000088	EXP	text_2: text = 135
132.04419499999494	EXP	text_2: text = 150
132.06115500000305	EXP	text_2: text = 167
132.0782650000183	EXP	text_2: text = 184
132.09540500000003	EXP	text_2: text = 202
132.11171500000637	EXP	text_2: text = 217
132.12771000000066	EXP	text_2: text = 233
132.1446799999976	EXP	text_2: text = 251
132.16114499999094	EXP	text_2: text = 267
132.17905999999493	EXP	text_2: text = 283
132.19490000000224	EXP	text_2: text = 300
132.21248499999638	EXP	text_2: text = 319
132.22930999999517	EXP	text_2: text = 334
132.2312700000184	DATA	Keydown:  
132.24543000000995	EXP	text_2: text = 350
132.24543000000995	EXP	text_2: autoDraw = false
132.24543000000995	EXP	Feedback: text = 337
132.24543000000995	EXP	Feedback: autoDraw = true
133.2429650000122	EXP	Feedback: autoDraw = false
133.2429650000122	EXP	Feedback: autoDraw = false
133.2429650000122	EXP	text_3: autoDraw = true
138.20967499999097	EXP	text_3: autoDraw = false
138.20967499999097	EXP	text_3: autoDraw = false
138.20967499999097	EXP	text_2: autoDraw = true
138.20967499999097	EXP	text_2: text = 0
138.22536499999114	EXP	text_2: text = 16
138.243684999994	EXP	text_2: text = 34
138.2593400000187	EXP	text_2: text = 49
138.27671000000555	EXP	text_2: text = 68
138.29333499999484	EXP	text_2: text = 83
138.3100400000112	EXP	text_2: text = 100
138.32856500000344	EXP	text_2: text = 116
138.34371499999543	EXP	text_2: text = 134
138.36001000000397	EXP	text_2: text = 151
138.37679999999818	EXP	text_2: text = 166
138.39355500001693	EXP	text_2: text = 183
138.41026999999303	EXP	text_2: text = 200
138.42602000001352	EXP	text_2: text = 216
138.4438599999994	EXP	text_2: text = 234
138.46009500001674	EXP	text_2: text = 250
138.47563000000082	EXP	text_2: text = 266
138.49347499999567	EXP	text_2: text = 285
138.51118000000133	EXP	text_2: text = 300
138.52600000001257	EXP	text_2: text = 316
138.52937000000384	DATA	Keydown:  
138.5450450000062	EXP	text_2: text = 335
138.5450450000062	EXP	text_2: autoDraw = false
138.5450450000062	EXP	Feedback: text = 320
138.5450450000062	EXP	Feedback: autoDraw = true
139.5443099999975	EXP	Feedback: autoDraw = false
139.5443099999975	EXP	Feedback: autoDraw = false
139.5443099999975	EXP	text_3: autoDraw = true
147.20881499999086	EXP	text_3: autoDraw = false
147.20881499999086	EXP	text_3: autoDraw = false
147.20881499999086	EXP	text_2: autoDraw = true
147.20881499999086	EXP	text_2: text = 0
147.2240199999942	EXP	text_2: text = 16
147.240535000019	EXP	text_2: text = 31
147.258679999999	EXP	text_2: text = 49
147.27395000000251	EXP	text_2: text = 65
147.29230000000098	EXP	text_2: text = 82
147.30778999999166	EXP	text_2: text = 99
147.324099999998	EXP	text_2: text = 115
147.3409850000171	EXP	text_2: text = 132
147.35868000000482	EXP	text_2: text = 149
147.37541000000783	EXP	text_2: text = 167
147.39134500001092	EXP	text_2: text = 182
147.40781999999308	EXP	text_2: text = 200
147.42328000001726	EXP	text_2: text = 215
147.4419550000166	EXP	text_2: text = 231
147.45805000001565	EXP	text_2: text = 248
147.47445999999763	EXP	text_2: text = 265
147.49163000000408	EXP	text_2: text = 282
147.51042500001495	EXP	text_2: text = 300
147.5130150000041	DATA	Keydown:  
147.52525000000605	EXP	text_2: text = 315
147.52525000000605	EXP	text_2: autoDraw = false
147.52525000000605	EXP	Feedback: text = 304
147.52525000000605	EXP	Feedback: autoDraw = true
148.5223100000003	EXP	Feedback: autoDraw = false
148.5223100000003	EXP	Feedback: autoDraw = false
148.5223100000003	EXP	text_3: autoDraw = true
151.37270500001614	EXP	text_3: autoDraw = false
151.37270500001614	EXP	text_3: autoDraw = false
151.37270500001614	EXP	text_2: autoDraw = true
151.37270500001614	EXP	text_2: text = 0
151.39019999999437	EXP	text_2: text = 16
151.4075700000103	EXP	text_2: text = 33
151.4227050000045	EXP	text_2: text = 49
151.440969999996	EXP	text_2: text = 67
151.45705500000622	EXP	text_2: text = 83
151.4734650000173	EXP	text_2: text = 100
151.49100500001805	EXP	text_2: text = 116
151.50640000001295	EXP	text_2: text = 133
151.52337500001886	EXP	text_2: text = 150
151.54022500000428	EXP	text_2: text = 167
151.55745500000194	EXP	text_2: text = 184
151.57320499999332	EXP	text_2: text = 200
151.59045499999775	EXP	text_2: text = 217
151.60710500000278	EXP	text_2: text = 233
151.62335999999777	EXP	text_2: text = 251
151.63996000000043	EXP	text_2: text = 266
151.6565549999941	EXP	text_2: text = 283
151.67345999999088	EXP	text_2: text = 301
151.69004499999573	EXP	text_2: text = 317
151.7090400000161	EXP	text_2: text = 335
151.72324500000104	EXP	text_2: text = 350
151.74074000000837	EXP	text_2: text = 368
151.75645499999519	EXP	text_2: text = 383
151.7589900000021	DATA	Keydown:  
151.77417499999865	EXP	text_2: text = 400
151.77417499999865	EXP	text_2: autoDraw = false
151.77417499999865	EXP	Feedback: text = 386
151.77417499999865	EXP	Feedback: autoDraw = true
152.77158000000054	EXP	Feedback: autoDraw = false
152.77158000000054	EXP	Feedback: autoDraw = false
152.77158000000054	EXP	text_3: autoDraw = true
161.0211399999971	EXP	text_3: autoDraw = false
161.0211399999971	EXP	text_3: autoDraw = false
161.0211399999971	EXP	text_2: autoDraw = true
161.0211399999971	EXP	text_2: text = 0
161.03791499999352	EXP	text_2: text = 17
161.05559000000358	EXP	text_2: text = 33
161.07084500000929	EXP	text_2: text = 50
161.08866999999736	EXP	text_2: text = 68
161.10289999999804	EXP	text_2: text = 83
161.12069000001065	EXP	text_2: text = 100
161.13855500001227	EXP	text_2: text = 117
161.15423499999451	EXP	text_2: text = 134
161.17228500000783	EXP	text_2: text = 150
161.1866699999955	EXP	text_2: text = 166
161.20505000001867	EXP	text_2: text = 185
161.22081500000786	EXP	text_2: text = 200
161.23658500000602	EXP	text_2: text = 216
161.25547999999253	EXP	text_2: text = 235
161.27144000001135	EXP	text_2: text = 250
161.28786499999114	EXP	text_2: text = 268
161.30478000000585	EXP	text_2: text = 284
161.32106499999645	EXP	text_2: text = 301
161.3393849999993	EXP	text_2: text = 317
161.3553649999958	EXP	text_2: text = 334
161.35709500001394	DATA	Keydown:  
161.37261500000022	EXP	text_2: text = 352
161.37261500000022	EXP	text_2: autoDraw = false
161.37261500000022	EXP	Feedback: text = 336
161.37261500000022	EXP	Feedback: autoDraw = true
162.36897000001045	EXP	Feedback: autoDraw = false
162.36897000001045	EXP	Feedback: autoDraw = false
162.36897000001045	EXP	text_3: autoDraw = true
170.4354100000055	EXP	text_3: autoDraw = false
170.4354100000055	EXP	text_3: autoDraw = false
170.4354100000055	EXP	text_2: autoDraw = true
170.4354100000055	EXP	text_2: text = 0
170.45112000001245	EXP	text_2: text = 17
170.4687200000044	EXP	text_2: text = 33
170.48477000001003	EXP	text_2: text = 50
170.50135500001488	EXP	text_2: text = 66
170.51715500000864	EXP	text_2: text = 83
170.5352600000042	EXP	text_2: text = 101
170.55191999999806	EXP	text_2: text = 116
170.56834500000696	EXP	text_2: text = 133
170.58457500001532	EXP	text_2: text = 149
170.60081500001252	EXP	text_2: text = 166
170.61937000000034	EXP	text_2: text = 182
170.63416499999585	EXP	text_2: text = 199
170.65142000000924	EXP	text_2: text = 217
170.6679250000161	EXP	text_2: text = 232
170.68515999999363	EXP	text_2: text = 250
170.70158500000252	EXP	text_2: text = 267
170.7189050000161	EXP	text_2: text = 286
170.73557000001892	EXP	text_2: text = 299
170.73774499999126	DATA	Keydown:  
170.7537500000035	EXP	text_2: text = 319
170.7537500000035	EXP	text_2: autoDraw = false
170.7537500000035	EXP	Feedback: text = 303
170.7537500000035	EXP	Feedback: autoDraw = true
171.74993499999982	EXP	Feedback: autoDraw = false
171.74993499999982	EXP	Feedback: autoDraw = false
171.74993499999982	EXP	text_3: autoDraw = true
181.30101500000455	EXP	text_3: autoDraw = false
181.30101500000455	EXP	text_3: autoDraw = false
181.30101500000455	EXP	text_2: autoDraw = true
181.30101500000455	EXP	text_2: text = 0
181.31534500000998	EXP	text_2: text = 17
181.3324100000027	EXP	text_2: text = 33
181.34885999999824	EXP	text_2: text = 49
181.36584000001312	EXP	text_2: text = 66
181.38245500001358	EXP	text_2: text = 83
181.39928499999223	EXP	text_2: text = 101
181.41606499999762	EXP	text_2: text = 116
181.4346249999944	EXP	text_2: text = 133
181.44993500001146	EXP	text_2: text = 150
181.46639499999583	EXP	text_2: text = 167
181.4824700000172	EXP	text_2: text = 183
181.50015999999596	EXP	text_2: text = 201
181.5179300000018	EXP	text_2: text = 216
181.53239000000758	EXP	text_2: text = 234
181.5496250000142	EXP	text_2: text = 250
181.5659100000048	EXP	text_2: text = 267
181.5844550000038	EXP	text_2: text = 284
181.6009699999995	EXP	text_2: text = 301
181.60293500000262	DATA	Keydown:  
181.61729500000365	EXP	text_2: text = 318
181.61729500000365	EXP	text_2: autoDraw = false
181.61729500000365	EXP	Feedback: text = 303
181.61729500000365	EXP	Feedback: autoDraw = true
182.6154450000031	EXP	Feedback: autoDraw = false
182.6154450000031	EXP	Feedback: autoDraw = false
182.6154450000031	EXP	text_3: autoDraw = true
185.0660800000187	EXP	text_3: autoDraw = false
185.0660800000187	EXP	text_3: autoDraw = false
185.0660800000187	EXP	text_2: autoDraw = true
185.0660800000187	EXP	text_2: text = 0
185.08169500000076	EXP	text_2: text = 18
185.10023000001092	EXP	text_2: text = 35
185.1148000000103	EXP	text_2: text = 51
185.13152500000433	EXP	text_2: text = 68
185.1477100000193	EXP	text_2: text = 84
185.16440000000875	EXP	text_2: text = 101
185.18205500001204	EXP	text_2: text = 118
185.19894999999087	EXP	text_2: text = 135
185.2149550000031	EXP	text_2: text = 151
185.23073000001023	EXP	text_2: text = 167
185.24750500000664	EXP	text_2: text = 184
185.26514000000316	EXP	text_2: text = 200
185.28138000000035	EXP	text_2: text = 218
185.29852499999106	EXP	text_2: text = 234
185.31497000000672	EXP	text_2: text = 251
185.33169500000076	EXP	text_2: text = 268
185.34838000001037	EXP	text_2: text = 284
185.3647050000145	EXP	text_2: text = 301
185.38152500000433	EXP	text_2: text = 318
185.39763500000117	EXP	text_2: text = 334
185.41597999999067	EXP	text_2: text = 350
185.431030000007	EXP	text_2: text = 368
185.44714500001282	EXP	text_2: text = 383
185.46465999999782	EXP	text_2: text = 400
185.4808400000038	EXP	text_2: text = 417
185.49839500000235	EXP	text_2: text = 434
185.51507500000298	EXP	text_2: text = 450
185.53159500000766	EXP	text_2: text = 468
185.54754500000854	EXP	text_2: text = 483
185.5640049999929	EXP	text_2: text = 500
185.58108500001254	EXP	text_2: text = 518
185.59739999999874	EXP	text_2: text = 534
185.61431000000448	EXP	text_2: text = 550
185.6314849999908	EXP	text_2: text = 568
185.64811999999802	EXP	text_2: text = 584
185.66430500001297	EXP	text_2: text = 600
185.68098999999347	EXP	text_2: text = 617
185.68729500001064	DATA	Keydown:  
185.69953499999247	EXP	text_2: text = 635
185.69953499999247	EXP	text_2: autoDraw = false
185.69953499999247	EXP	Feedback: text = 621
185.69953499999247	EXP	Feedback: autoDraw = true
186.69771999999648	EXP	Feedback: autoDraw = false
186.69771999999648	EXP	Feedback: autoDraw = false
186.69771999999648	EXP	text_3: autoDraw = true
192.19834000000264	EXP	text_3: autoDraw = false
192.19834000000264	EXP	text_3: autoDraw = false
192.19834000000264	EXP	text_2: autoDraw = true
192.19834000000264	EXP	text_2: text = 0
192.2135100000014	EXP	text_2: text = 16
192.22977500001434	EXP	text_2: text = 32
192.2469600000186	EXP	text_2: text = 49
192.2634450000187	EXP	text_2: text = 67
192.279435000004	EXP	text_2: text = 83
192.29647000000114	EXP	text_2: text = 99
192.31363000001875	EXP	text_2: text = 117
192.3302149999945	EXP	text_2: text = 132
192.34716999999364	EXP	text_2: text = 149
192.36460500000976	EXP	text_2: text = 166
192.380685000011	EXP	text_2: text = 183
192.39780999999493	EXP	text_2: text = 199
192.41331999999238	EXP	text_2: text = 216
192.4310150000092	EXP	text_2: text = 233
192.44678500000737	EXP	text_2: text = 250
192.462910000002	EXP	text_2: text = 266
192.47991500000353	EXP	text_2: text = 284
192.4981400000106	EXP	text_2: text = 299
192.51634000000195	EXP	text_2: text = 322
192.51784499999485	DATA	Keydown:  
192.5307099999918	EXP	text_2: text = 333
192.5307099999918	EXP	text_2: autoDraw = false
192.5307099999918	EXP	Feedback: text = 320
192.5307099999918	EXP	Feedback: autoDraw = true
193.5291000000143	EXP	Feedback: autoDraw = false
193.5291000000143	EXP	Feedback: autoDraw = false
193.5291000000143	EXP	text_3: autoDraw = true
199.06150999999954	EXP	text_3: autoDraw = false
199.06150999999954	EXP	text_3: autoDraw = false
199.06150999999954	EXP	text_2: autoDraw = true
199.06150999999954	EXP	text_2: text = 0
199.07836000001407	EXP	text_2: text = 15
199.09481500001857	EXP	text_2: text = 31
199.11112000001594	EXP	text_2: text = 49
199.12744999999995	EXP	text_2: text = 64
199.145279999997	EXP	text_2: text = 81
199.161460000003	EXP	text_2: text = 99
199.17725999999675	EXP	text_2: text = 114
199.1949650000024	EXP	text_2: text = 131
199.2111900000018	EXP	text_2: text = 149
199.22813999999198	EXP	text_2: text = 165
199.2443450000137	EXP	text_2: text = 181
199.26109499999438	EXP	text_2: text = 199
199.2786550000019	EXP	text_2: text = 214
199.2949099999969	EXP	text_2: text = 231
199.31156000000192	EXP	text_2: text = 247
199.32754500000738	EXP	text_2: text = 266
199.34426499999245	EXP	text_2: text = 281
199.36147500001243	EXP	text_2: text = 299
199.3737700000056	DATA	Keydown:  
199.38021999999182	EXP	text_2: text = 319
199.38021999999182	EXP	text_2: autoDraw = false
199.38021999999182	EXP	Feedback: text = 312
199.38021999999182	EXP	Feedback: autoDraw = true
200.37703999999212	EXP	Feedback: autoDraw = false
200.37703999999212	EXP	Feedback: autoDraw = false
200.37703999999212	EXP	text_3: autoDraw = true
208.67684000000008	EXP	text_3: autoDraw = false
208.67684000000008	EXP	text_3: autoDraw = false
208.67684000000008	EXP	text_2: autoDraw = true
208.67684000000008	EXP	text_2: text = 0
208.6928000000189	EXP	text_2: text = 17
208.70925000001444	EXP	text_2: text = 33
208.7259400000039	EXP	text_2: text = 50
208.74275999999372	EXP	text_2: text = 66
208.75989000001573	EXP	text_2: text = 83
208.77617500000633	EXP	text_2: text = 99
208.79258500001743	EXP	text_2: text = 118
208.8103800000099	EXP	text_2: text = 133
208.82614000001922	EXP	text_2: text = 150
208.8427350000129	EXP	text_2: text = 168
208.85902999999234	EXP	text_2: text = 182
208.87673000001814	EXP	text_2: text = 200
208.8924699999916	EXP	text_2: text = 216
208.90922000000137	EXP	text_2: text = 232
208.9273450000037	EXP	text_2: text = 249
208.9430599999905	EXP	text_2: text = 267
208.9593950000126	EXP	text_2: text = 284
208.97664500001702	EXP	text_2: text = 303
208.99266000001808	EXP	text_2: text = 316
209.01070499999332	EXP	text_2: text = 336
209.01294000001508	DATA	Keydown:  
209.02787499999977	EXP	text_2: text = 350
209.02787499999977	EXP	text_2: autoDraw = false
209.02787499999977	EXP	Feedback: text = 336
209.02787499999977	EXP	Feedback: autoDraw = true
210.02482500000042	EXP	Feedback: autoDraw = false
210.02482500000042	EXP	Feedback: autoDraw = false
210.02482500000042	EXP	text_3: autoDraw = true
213.04224500001874	EXP	text_3: autoDraw = false
213.04224500001874	EXP	text_3: autoDraw = false
213.04224500001874	EXP	text_2: autoDraw = true
213.04224500001874	EXP	text_2: text = 0
213.0589650000038	EXP	text_2: text = 17
213.0758199999982	EXP	text_2: text = 33
213.09242000000086	EXP	text_2: text = 49
213.10897000000114	EXP	text_2: text = 68
213.12654500000644	EXP	text_2: text = 83
213.14199000000372	EXP	text_2: text = 99
213.1588749999937	EXP	text_2: text = 118
213.17516000001342	EXP	text_2: text = 133
213.19195999999647	EXP	text_2: text = 149
213.2078099999926	EXP	text_2: text = 166
213.22537500000908	EXP	text_2: text = 183
213.24186500001815	EXP	text_2: text = 200
213.25888500001747	EXP	text_2: text = 217
213.27471500000684	EXP	text_2: text = 233
213.29219999999623	EXP	text_2: text = 250
213.3086300000141	EXP	text_2: text = 266
213.32536499999696	EXP	text_2: text = 283
213.34195000000182	EXP	text_2: text = 300
213.35832500000834	EXP	text_2: text = 317
213.37503500000457	EXP	text_2: text = 334
213.3768600000185	DATA	Keydown:  
213.39292499999283	EXP	text_2: text = 350
213.39292499999283	EXP	text_2: autoDraw = false
213.39292499999283	EXP	Feedback: text = 335
213.39292499999283	EXP	Feedback: autoDraw = true
214.39070499999798	EXP	Feedback: autoDraw = false
214.39070499999798	EXP	Feedback: autoDraw = false
214.39070499999798	EXP	text_3: autoDraw = true
216.8743250000116	EXP	text_3: autoDraw = false
216.8743250000116	EXP	text_3: autoDraw = false
216.8743250000116	EXP	text_2: autoDraw = true
216.8743250000116	EXP	text_2: text = 0
216.8915149999957	EXP	text_2: text = 18
216.90721500001382	EXP	text_2: text = 34
216.92482000001473	EXP	text_2: text = 51
216.94219000000157	EXP	text_2: text = 68
216.95769500001916	EXP	text_2: text = 84
216.97409999999218	EXP	text_2: text = 100
216.9909350000089	EXP	text_2: text = 117
217.00729500001762	EXP	text_2: text = 133
217.02545000001555	EXP	text_2: text = 150
217.04033499999787	EXP	text_2: text = 166
217.05739500001073	EXP	text_2: text = 184
217.0762500000128	EXP	text_2: text = 200
217.09060500000487	EXP	text_2: text = 217
217.10727999999654	EXP	text_2: text = 233
217.12462000001688	EXP	text_2: text = 250
217.14076999999816	EXP	text_2: text = 267
217.1577249999973	EXP	text_2: text = 284
217.17566500001703	EXP	text_2: text = 300
217.1920650000102	EXP	text_2: text = 316
217.19666000001598	DATA	Keydown:  
217.20844499999657	EXP	text_2: text = 334
217.20844499999657	EXP	text_2: autoDraw = false
217.20844499999657	EXP	Feedback: text = 322
217.20844499999657	EXP	Feedback: autoDraw = true
218.20697500000824	EXP	Feedback: autoDraw = false
218.20697500000824	EXP	Feedback: autoDraw = false
218.20697500000824	EXP	text_3: autoDraw = true
225.0383950000105	EXP	text_3: autoDraw = false
225.0383950000105	EXP	text_3: autoDraw = false
225.0383950000105	EXP	text_2: autoDraw = true
225.0383950000105	EXP	text_2: text = 0
225.05622500000754	EXP	text_2: text = 18
225.07232999999542	EXP	text_2: text = 34
225.08913500001654	EXP	text_2: text = 50
225.10515499999747	EXP	text_2: text = 67
225.12330500001553	EXP	text_2: text = 84
225.13784999999916	EXP	text_2: text = 100
225.15583999999217	EXP	text_2: text = 117
225.17389999999432	EXP	text_2: text = 133
225.1888200000103	EXP	text_2: text = 150
225.20558999999776	EXP	text_2: text = 167
225.22136500000488	EXP	text_2: text = 183
225.23956000001635	EXP	text_2: text = 200
225.25596500001848	EXP	text_2: text = 217
225.27179500000784	EXP	text_2: text = 234
225.28851000001305	EXP	text_2: text = 250
225.30645500001265	EXP	text_2: text = 267
225.32295500001055	EXP	text_2: text = 284
225.3378800000064	EXP	text_2: text = 301
225.35716499999398	EXP	text_2: text = 321
225.3590350000013	DATA	Keydown:  
225.37267499999143	EXP	text_2: text = 335
225.37267499999143	EXP	text_2: autoDraw = false
225.37267499999143	EXP	Feedback: text = 321
225.37267499999143	EXP	Feedback: autoDraw = true
226.37077999999747	EXP	Feedback: autoDraw = false
226.37077999999747	EXP	Feedback: autoDraw = false
226.37077999999747	EXP	text_3: autoDraw = true
227.77298999999766	DATA	Keydown:  
232.93695000000298	EXP	text_3: autoDraw = false
232.93695000000298	EXP	text_3: autoDraw = false
232.93695000000298	EXP	text_2: autoDraw = true
232.93695000000298	EXP	text_2: text = 0
232.95350000000326	EXP	text_2: text = 16
232.9698849999986	EXP	text_2: text = 33
232.98741999999038	EXP	text_2: text = 49
233.00359999999637	EXP	text_2: text = 66
233.01897999999346	EXP	text_2: text = 83
233.0374250000168	EXP	text_2: text = 100
233.054295000009	EXP	text_2: text = 117
233.07134500000393	EXP	text_2: text = 133
233.0871449999977	EXP	text_2: text = 149
233.10494499999913	EXP	text_2: text = 168
233.12024000001838	EXP	text_2: text = 183
233.13649500001338	EXP	text_2: text = 200
233.1541900000011	EXP	text_2: text = 216
233.17040999999153	EXP	text_2: text = 233
233.18697000000975	EXP	text_2: text = 249
233.20471499999985	EXP	text_2: text = 268
233.2214399999939	EXP	text_2: text = 285
233.23725999999442	EXP	text_2: text = 301
233.25349500001175	EXP	text_2: text = 317
233.27183000001241	EXP	text_2: text = 335
233.27350999999908	DATA	Keydown:  
233.28708500001812	EXP	text_2: text = 351
233.28708500001812	EXP	text_2: autoDraw = false
233.28708500001812	EXP	Feedback: text = 337
233.28708500001812	EXP	Feedback: autoDraw = true
234.28532500000438	EXP	Feedback: autoDraw = false
234.28532500000438	EXP	Feedback: autoDraw = false
234.28532500000438	EXP	text_3: autoDraw = true
236.68738499999745	EXP	text_3: autoDraw = false
236.68738499999745	EXP	text_3: autoDraw = false
236.68738499999745	EXP	text_2: autoDraw = true
236.68738499999745	EXP	text_2: text = 0
236.70123999999487	EXP	text_2: text = 14
236.71902000001865	EXP	text_2: text = 31
236.73581000001286	EXP	text_2: text = 48
236.75312999999733	EXP	text_2: text = 65
236.7688349999953	EXP	text_2: text = 83
236.78518999999505	EXP	text_2: text = 98
236.8032050000038	EXP	text_2: text = 115
236.8208100000047	EXP	text_2: text = 133
236.83604500000365	EXP	text_2: text = 148
236.85291000001598	EXP	text_2: text = 165
236.86987500000396	EXP	text_2: text = 182
236.88626500000828	EXP	text_2: text = 198
236.9029300000111	EXP	text_2: text = 215
236.91957500000717	EXP	text_2: text = 232
236.93604500000947	EXP	text_2: text = 249
236.95264500001213	EXP	text_2: text = 264
236.96838500001468	EXP	text_2: text = 281
236.98597999999765	EXP	text_2: text = 298
237.00349000000278	EXP	text_2: text = 315
237.0183299999917	EXP	text_2: text = 332
237.0364450000052	EXP	text_2: text = 349
237.0527449999936	EXP	text_2: text = 365
237.068339999998	EXP	text_2: text = 382
237.08573500000057	EXP	text_2: text = 398
237.1037050000159	EXP	text_2: text = 416
237.10543500000495	DATA	Keydown:  
237.1208500000066	EXP	text_2: text = 431
237.1208500000066	EXP	text_2: autoDraw = false
237.1208500000066	EXP	Feedback: text = 418
237.1208500000066	EXP	Feedback: autoDraw = true
238.1195000000007	EXP	Feedback: autoDraw = false
238.1195000000007	EXP	Feedback: autoDraw = false
238.1195000000007	EXP	text_3: autoDraw = true
244.13427000000956	EXP	text_3: autoDraw = false
244.13427000000956	EXP	text_3: autoDraw = false
244.13427000000956	EXP	text_2: autoDraw = true
244.13427000000956	EXP	text_2: text = 0
244.15117500000633	EXP	text_2: text = 18
244.1670950000116	EXP	text_2: text = 33
244.18395500001498	EXP	text_2: text = 50
244.200760000007	EXP	text_2: text = 66
244.2168450000172	EXP	text_2: text = 83
244.23404500001925	EXP	text_2: text = 101
244.251734999998	EXP	text_2: text = 116
244.26719499999308	EXP	text_2: text = 134
244.28356000001077	EXP	text_2: text = 150
244.30206000001635	EXP	text_2: text = 168
244.3171849999926	EXP	text_2: text = 185
244.33515500000794	EXP	text_2: text = 200
244.35093499999493	EXP	text_2: text = 217
244.36718500001007	EXP	text_2: text = 235
244.38318000000436	EXP	text_2: text = 250
244.40001000001212	EXP	text_2: text = 266
244.41758500001743	EXP	text_2: text = 286
244.43343500001356	EXP	text_2: text = 301
244.45422499999404	EXP	text_2: text = 321
244.46689499999047	EXP	text_2: text = 334
244.46854500001064	DATA	Keydown:  
244.4831300000078	EXP	text_2: text = 350
244.4831300000078	EXP	text_2: autoDraw = false
244.4831300000078	EXP	Feedback: text = 334
244.4831300000078	EXP	Feedback: autoDraw = true
245.4822700000077	EXP	Feedback: autoDraw = false
245.4822700000077	EXP	Feedback: autoDraw = false
245.4822700000077	EXP	text_3: autoDraw = true
247.5667100000137	EXP	text_3: autoDraw = false
247.5667100000137	EXP	text_3: autoDraw = false
247.5667100000137	EXP	text_2: autoDraw = true
247.5667100000137	EXP	text_2: text = 0
247.5833200000052	EXP	text_2: text = 17
247.59931499999948	EXP	text_2: text = 33
247.61562500000582	EXP	text_2: text = 49
247.6316700000025	EXP	text_2: text = 65
247.64877500000875	EXP	text_2: text = 81
247.66596499999287	EXP	text_2: text = 99
247.68257999999332	EXP	text_2: text = 116
247.6992700000119	EXP	text_2: text = 131
247.71580999999424	EXP	text_2: text = 150
247.73203499999363	EXP	text_2: text = 165
247.7487550000078	EXP	text_2: text = 182
247.76586499999394	EXP	text_2: text = 199
247.78246000001673	EXP	text_2: text = 216
247.80040500001633	EXP	text_2: text = 233
247.8167250000115	EXP	text_2: text = 250
247.8328249999904	EXP	text_2: text = 265
247.84895499999402	EXP	text_2: text = 283
247.86635500000557	EXP	text_2: text = 298
247.88238500000443	EXP	text_2: text = 315
247.8992450000078	EXP	text_2: text = 332
247.91605500000878	EXP	text_2: text = 349
247.91842999999062	DATA	Keydown:  
247.93433000001824	EXP	text_2: text = 366
247.93433000001824	EXP	text_2: autoDraw = false
247.93433000001824	EXP	Feedback: text = 352
247.93433000001824	EXP	Feedback: autoDraw = true
248.93171500001336	EXP	Feedback: autoDraw = false
248.93171500001336	EXP	Feedback: autoDraw = false
248.93171500001336	EXP	text_3: autoDraw = true
254.58089499999187	EXP	text_3: autoDraw = false
254.58089499999187	EXP	text_3: autoDraw = false
254.58089499999187	EXP	text_2: autoDraw = true
254.58089499999187	EXP	text_2: text = 0
254.59701500000665	EXP	text_2: text = 18
254.61441999999806	EXP	text_2: text = 33
254.63115500001004	EXP	text_2: text = 51
254.64684500001022	EXP	text_2: text = 67
254.66451999999117	EXP	text_2: text = 84
254.68083500000648	EXP	text_2: text = 101
254.69651500001783	EXP	text_2: text = 116
254.71400999999605	EXP	text_2: text = 134
254.7290300000168	EXP	text_2: text = 150
254.74635000000126	EXP	text_2: text = 166
254.7629650000017	EXP	text_2: text = 183
254.7810499999905	EXP	text_2: text = 200
254.79590500000631	EXP	text_2: text = 216
254.81298499999684	EXP	text_2: text = 233
254.83131500001764	EXP	text_2: text = 250
254.8472049999982	EXP	text_2: text = 267
254.86466500000097	EXP	text_2: text = 284
254.87973499999498	EXP	text_2: text = 300
254.8972950000025	EXP	text_2: text = 318
254.90058499999577	DATA	Keydown:  
254.91498000000138	EXP	text_2: text = 335
254.91498000000138	EXP	text_2: autoDraw = false
254.91498000000138	EXP	Feedback: text = 320
254.91498000000138	EXP	Feedback: autoDraw = true
255.91440500001772	EXP	Feedback: autoDraw = false
255.91440500001772	EXP	Feedback: autoDraw = false
255.91440500001772	EXP	text_3: autoDraw = true
263.84555500000715	EXP	text_3: autoDraw = false
263.84555500000715	EXP	text_3: autoDraw = false
263.84555500000715	EXP	text_2: autoDraw = true
263.84555500000715	EXP	text_2: text = 0
263.86151499999687	EXP	text_2: text = 17
263.8778250000032	EXP	text_2: text = 34
263.89392000000225	EXP	text_2: text = 49
263.91189499999746	EXP	text_2: text = 67
263.92707500001416	EXP	text_2: text = 83
263.9456449999998	EXP	text_2: text = 100
263.9618950000149	EXP	text_2: text = 117
263.97759500000393	EXP	text_2: text = 133
263.9944649999961	EXP	text_2: text = 150
264.0109400000074	EXP	text_2: text = 166
264.02755500000785	EXP	text_2: text = 182
264.04415000000154	EXP	text_2: text = 201
264.061870000005	EXP	text_2: text = 217
264.0780300000042	EXP	text_2: text = 234
264.0956750000187	EXP	text_2: text = 250
264.1118650000135	EXP	text_2: text = 266
264.1282899999933	EXP	text_2: text = 284
264.138815000013	DATA	Keydown:  
264.14780999999493	EXP	text_2: text = 303
264.14780999999493	EXP	text_2: autoDraw = false
264.14780999999493	EXP	Feedback: text = 293
264.14780999999493	EXP	Feedback: autoDraw = true
265.1436950000061	EXP	Feedback: autoDraw = false
265.1436950000061	EXP	Feedback: autoDraw = false
265.1436950000061	EXP	text_3: autoDraw = true
271.54420999999274	EXP	text_3: autoDraw = false
271.54420999999274	EXP	text_3: autoDraw = false
271.54420999999274	EXP	text_2: autoDraw = true
271.54420999999274	EXP	text_2: text = 0
271.5595200000098	EXP	text_2: text = 16
271.5759600000165	EXP	text_2: text = 33
271.5927500000107	EXP	text_2: text = 49
271.60902999999234	EXP	text_2: text = 66
271.6252749999985	EXP	text_2: text = 83
271.6433149999939	EXP	text_2: text = 101
271.6603950000135	EXP	text_2: text = 117
271.6770700000052	EXP	text_2: text = 133
271.69275000001653	EXP	text_2: text = 150
271.710550000018	EXP	text_2: text = 166
271.72612000000663	EXP	text_2: text = 183
271.7423950000084	EXP	text_2: text = 200
271.7590300000156	EXP	text_2: text = 216
271.77648000000045	EXP	text_2: text = 233
271.79200000001583	EXP	text_2: text = 250
271.80826499999966	EXP	text_2: text = 266
271.82537000000593	EXP	text_2: text = 283
271.84328000000096	EXP	text_2: text = 300
271.86040000000503	EXP	text_2: text = 316
271.8622449999966	DATA	Keydown:  
271.8752150000073	EXP	text_2: text = 333
271.8752150000073	EXP	text_2: autoDraw = false
271.8752150000073	EXP	Feedback: text = 318
271.8752150000073	EXP	Feedback: autoDraw = true
272.87467000001925	EXP	Feedback: autoDraw = false
272.87467000001925	EXP	Feedback: autoDraw = false
272.87467000001925	EXP	text_3: autoDraw = true
278.0583650000044	DATA	Keydown:  
280.2768999999971	EXP	text_3: autoDraw = false
280.2768999999971	EXP	text_3: autoDraw = false
280.2768999999971	EXP	text_2: autoDraw = true
280.2768999999971	EXP	text_2: text = 0
280.2895950000093	EXP	text_2: text = 15
280.3073500000173	EXP	text_2: text = 32
280.32386000000406	EXP	text_2: text = 48
280.33981000000495	EXP	text_2: text = 65
280.35667999999714	EXP	text_2: text = 82
280.37368499999866	EXP	text_2: text = 99
280.39000499999383	EXP	text_2: text = 115
280.4076449999993	EXP	text_2: text = 131
280.42485999999917	EXP	text_2: text = 149
280.44169000000693	EXP	text_2: text = 165
280.4575199999963	EXP	text_2: text = 181
280.47407500000554	EXP	text_2: text = 200
280.4911950000096	EXP	text_2: text = 215
280.50723000001744	EXP	text_2: text = 233
280.52405500001623	EXP	text_2: text = 249
280.5400650000083	EXP	text_2: text = 265
280.5570500000031	EXP	text_2: text = 281
280.57388000001083	EXP	text_2: text = 298
280.59061000001384	EXP	text_2: text = 316
280.60774000000674	EXP	text_2: text = 333
280.6231250000128	EXP	text_2: text = 348
280.6253549999965	DATA	Keydown:  
280.64128000001074	EXP	text_2: text = 365
280.64128000001074	EXP	text_2: autoDraw = false
280.64128000001074	EXP	Feedback: text = 349
280.64128000001074	EXP	Feedback: autoDraw = true
281.6391799999983	EXP	Feedback: autoDraw = false
281.6391799999983	EXP	Feedback: autoDraw = false
281.6391799999983	EXP	text_3: autoDraw = true
290.27298999999766	EXP	text_3: autoDraw = false
290.27298999999766	EXP	text_3: autoDraw = false
290.27298999999766	EXP	text_2: autoDraw = true
290.27298999999766	EXP	text_2: text = 0
290.28825000001234	EXP	text_2: text = 17
290.303820000001	EXP	text_2: text = 32
290.3205850000086	EXP	text_2: text = 49
290.33741000000737	EXP	text_2: text = 66
290.3541949999926	EXP	text_2: text = 82
290.37119500001427	EXP	text_2: text = 99
290.38740500001586	EXP	text_2: text = 116
290.40441499999724	EXP	text_2: text = 132
290.4213699999964	EXP	text_2: text = 148
290.4375650000002	EXP	text_2: text = 165
290.45439500000793	EXP	text_2: text = 182
290.4726350000128	EXP	text_2: text = 199
290.48913000000175	EXP	text_2: text = 215
290.50448000000324	EXP	text_2: text = 232
290.5225199999986	EXP	text_2: text = 248
290.5385750000132	EXP	text_2: text = 267
290.5560950000072	EXP	text_2: text = 282
290.57163500000024	EXP	text_2: text = 298
290.5880199999956	EXP	text_2: text = 315
290.59226999999373	DATA	Keydown:  
290.6054750000185	EXP	text_2: text = 333
290.6054750000185	EXP	text_2: autoDraw = false
290.6054750000185	EXP	Feedback: text = 319
290.6054750000185	EXP	Feedback: autoDraw = true
291.60454500000924	EXP	Feedback: autoDraw = false
291.60454500000924	EXP	Feedback: autoDraw = false
291.60454500000924	EXP	text_3: autoDraw = true
299.7540849999932	EXP	text_3: autoDraw = false
299.7540849999932	EXP	text_3: autoDraw = false
299.7540849999932	EXP	text_2: autoDraw = true
299.7540849999932	EXP	text_2: text = 0
299.77007500000764	EXP	text_2: text = 15
299.7858399999968	EXP	text_2: text = 32
299.80269000001135	EXP	text_2: text = 48
299.82013000000734	EXP	text_2: text = 65
299.83527499999036	EXP	text_2: text = 81
299.85240500001237	EXP	text_2: text = 98
299.8687600000121	EXP	text_2: text = 115
299.88516000000527	EXP	text_2: text = 131
299.9029300000111	EXP	text_2: text = 148
299.9194000000134	EXP	text_2: text = 165
299.9354849999945	EXP	text_2: text = 181
299.9527900000103	EXP	text_2: text = 198
299.9692900000082	EXP	text_2: text = 215
299.98545999999624	EXP	text_2: text = 231
300.0067949999939	EXP	text_2: text = 248
300.01830500000506	EXP	text_2: text = 265
300.03556000001845	EXP	text_2: text = 283
300.05154000001494	EXP	text_2: text = 299
300.0585500000161	DATA	Keydown:  
300.0703199999989	EXP	text_2: text = 316
300.0703199999989	EXP	text_2: autoDraw = false
300.0703199999989	EXP	Feedback: text = 305
300.0703199999989	EXP	Feedback: autoDraw = true
301.067784999992	EXP	Feedback: autoDraw = false
301.067784999992	EXP	Feedback: autoDraw = false
301.067784999992	EXP	text_3: autoDraw = true
307.11737500000163	EXP	text_3: autoDraw = false
307.11737500000163	EXP	text_3: autoDraw = false
307.11737500000163	EXP	text_2: autoDraw = true
307.11737500000163	EXP	text_2: text = 0
307.13310500001535	EXP	text_2: text = 17
307.1499650000187	EXP	text_2: text = 35
307.1680050000141	EXP	text_2: text = 50
307.1844449999917	EXP	text_2: text = 67
307.20104499999434	EXP	text_2: text = 85
307.2179400000023	EXP	text_2: text = 100
307.2351450000133	EXP	text_2: text = 117
307.251185000001	EXP	text_2: text = 133
307.2671600000176	EXP	text_2: text = 150
307.28575000001	EXP	text_2: text = 168
307.3010249999934	EXP	text_2: text = 185
307.3171699999948	EXP	text_2: text = 200
307.33435499999905	EXP	text_2: text = 216
307.3507099999988	EXP	text_2: text = 233
307.3682600000175	EXP	text_2: text = 250
307.38357999999425	EXP	text_2: text = 268
307.40097499999683	EXP	text_2: text = 285
307.4174800000037	EXP	text_2: text = 300
307.4343649999937	EXP	text_2: text = 316
307.4388350000081	DATA	Keydown:  
307.451384999993	EXP	text_2: text = 333
307.451384999993	EXP	text_2: autoDraw = false
307.451384999993	EXP	Feedback: text = 322
307.451384999993	EXP	Feedback: autoDraw = true
308.45001500000944	EXP	Feedback: autoDraw = false
308.45001500000944	EXP	Feedback: autoDraw = false
308.45001500000944	EXP	text_3: autoDraw = true
316.6662950000027	EXP	text_3: autoDraw = false
316.6662950000027	EXP	text_3: autoDraw = false
316.6662950000027	EXP	text_2: autoDraw = true
316.6662950000027	EXP	text_2: text = 0
316.6818349999958	EXP	text_2: text = 18
316.6987350000127	EXP	text_2: text = 34
316.71533000000636	EXP	text_2: text = 49
316.73133999999845	EXP	text_2: text = 67
316.74809000000823	EXP	text_2: text = 83
316.76563500001794	EXP	text_2: text = 100
316.78291999999783	EXP	text_2: text = 118
316.79760499999975	EXP	text_2: text = 133
316.814080000011	EXP	text_2: text = 149
316.8316300000006	EXP	text_2: text = 166
316.8476050000172	EXP	text_2: text = 183
316.86519000001135	EXP	text_2: text = 199
316.8804100000125	EXP	text_2: text = 216
316.8975999999966	EXP	text_2: text = 233
316.9163600000029	EXP	text_2: text = 250
316.9304300000076	EXP	text_2: text = 266
316.94953499999247	EXP	text_2: text = 283
316.95146000001114	DATA	Keydown:  
316.9671800000069	EXP	text_2: text = 299
316.9671800000069	EXP	text_2: autoDraw = false
316.9671800000069	EXP	Feedback: text = 285
316.9671800000069	EXP	Feedback: autoDraw = true
317.9643600000127	EXP	Feedback: autoDraw = false
317.9643600000127	EXP	Feedback: autoDraw = false
317.9643600000127	EXP	text_3: autoDraw = true
322.14817500000936	EXP	text_3: autoDraw = false
322.14817500000936	EXP	text_3: autoDraw = false
322.14817500000936	EXP	text_2: autoDraw = true
322.14817500000936	EXP	text_2: text = 0
322.1641750000126	EXP	text_2: text = 18
322.17870499999844	EXP	text_2: text = 33
322.1972250000108	EXP	text_2: text = 51
322.2142150000145	EXP	text_2: text = 67
322.23008000000846	EXP	text_2: text = 83
322.24716500000795	EXP	text_2: text = 99
322.26290999999037	EXP	text_2: text = 116
322.2815899999987	EXP	text_2: text = 134
322.29826499999035	EXP	text_2: text = 150
322.314234999998	EXP	text_2: text = 167
322.33037499999045	EXP	text_2: text = 184
322.3472049999982	EXP	text_2: text = 200
322.3642800000089	EXP	text_2: text = 217
322.380605000013	EXP	text_2: text = 235
322.39814500001376	EXP	text_2: text = 249
322.4137650000048	EXP	text_2: text = 266
322.43068499999936	EXP	text_2: text = 283
322.44723499999964	EXP	text_2: text = 299
322.46510000000126	EXP	text_2: text = 318
322.466940000013	DATA	Keydown:  
322.48328000001493	EXP	text_2: text = 335
322.48328000001493	EXP	text_2: autoDraw = false
322.48328000001493	EXP	Feedback: text = 319
322.48328000001493	EXP	Feedback: autoDraw = true
323.4793200000131	EXP	Feedback: autoDraw = false
323.4793200000131	EXP	Feedback: autoDraw = false
323.4793200000131	EXP	text_3: autoDraw = true
327.54544000001624	EXP	text_3: autoDraw = false
327.54544000001624	EXP	text_3: autoDraw = false
327.54544000001624	EXP	text_2: autoDraw = true
327.54544000001624	EXP	text_2: text = 0
327.56197000000975	EXP	text_2: text = 16
327.5787899999996	EXP	text_2: text = 34
327.59626500000013	EXP	text_2: text = 51
327.61201000001165	EXP	text_2: text = 67
327.6291199999978	EXP	text_2: text = 83
327.64633000001777	EXP	text_2: text = 101
327.66164999999455	EXP	text_2: text = 116
327.67842999999993	EXP	text_2: text = 133
327.6955650000018	EXP	text_2: text = 150
327.71336500000325	EXP	text_2: text = 167
327.73157000000356	EXP	text_2: text = 188
327.7469550000096	EXP	text_2: text = 200
327.762229999993	EXP	text_2: text = 217
327.7783950000012	EXP	text_2: text = 233
327.7967700000154	EXP	text_2: text = 250
327.81337000001804	EXP	text_2: text = 267
327.83019000000786	EXP	text_2: text = 285
327.8463599999959	EXP	text_2: text = 300
327.8628350000072	EXP	text_2: text = 317
327.86467000000994	DATA	Keydown:  
327.87789500001236	EXP	text_2: text = 333
327.87789500001236	EXP	text_2: autoDraw = false
327.87789500001236	EXP	Feedback: text = 319
327.87789500001236	EXP	Feedback: autoDraw = true
328.8883950000163	EXP	Feedback: autoDraw = false
328.8883950000163	EXP	Feedback: autoDraw = false
328.8883950000163	EXP	End_text: autoDraw = true
348.6445600000152	DATA	Keydown:  
