1.5470000000000006	EXP	Created Window = Window( name=Window, fullscr=true, color=#000000, units=height, waitBlanking=true, autoLog=true, size=[1366,654] )
9.381000000000002	DATA	Keydown: r
9.51	DATA	Keydown: f
10.153	DATA	Keydown: Backspace
10.279000000000002	DATA	Keydown: Backspace
10.507	DATA	Keydown: CapsLock
10.733000000000002	DATA	Keydown: R
10.918000000000001	DATA	Keydown: F
11.299999999999999	DATA	Keydown: CapsLock
13.703000000000001	DATA	Keydown: 3
13.932	DATA	Keydown: 8
14.037	DATA	Keydown: 2
14.261000000000001	DATA	Keydown: 1
14.410000000000002	DATA	Keydown: 1
19.102000000000004	EXP	Created text = TextStim( name=text, win=Window( name=Window, fullscr=true, color=#000000, ~), autoDraw=null, autoLog=true, units=height, ori=null, opacity=1, pos=[0,0], size=undefined, text=INSTRUCTIONS [EN]


A counter will appear and star~, font=Arial, color=#FFFFFF, contrast=1, height=0.03, bold=null, italic=null, alignHoriz=left, alignVert=center, wrapWidth=1, flipHoriz=null, flipVert=null )
19.105000000000004	EXP	Created text_3 = TextStim( name=text_3, win=Window( name=Window, fullscr=true, color=#000000, ~), autoDraw=null, autoLog=true, units=height, ori=null, opacity=1, pos=[0,0], size=undefined, text=null, font=Arial, color=#FFFFFF, contrast=1, height=0.1, bold=null, italic=null, alignHoriz=left, alignVert=center, wrapWidth=1, flipHoriz=null, flipVert=null )
19.106	EXP	Created text_2 = TextStim( name=text_2, win=Window( name=Window, fullscr=true, color=#000000, ~), autoDraw=null, autoLog=true, units=height, ori=null, opacity=1, pos=[0,0], size=undefined, text=default text, font=Arial, color=#ff0000, contrast=1, height=0.15, bold=null, italic=null, alignHoriz=left, alignVert=center, wrapWidth=1, flipHoriz=null, flipVert=null )
19.11	EXP	Created Feedback = TextStim( name=Feedback, win=Window( name=Window, fullscr=true, color=#000000, ~), autoDraw=null, autoLog=true, units=height, ori=null, opacity=1, pos=[0,0], size=undefined, text=default text, font=Arial, color=#ff0000, contrast=1, height=0.15, bold=null, italic=null, alignHoriz=left, alignVert=center, wrapWidth=1, flipHoriz=null, flipVert=null )
19.110999999999997	EXP	Created End_text = TextStim( name=End_text, win=Window( name=Window, fullscr=true, color=#000000, ~), autoDraw=null, autoLog=true, units=height, ori=null, opacity=1, pos=[0,0], size=undefined, text=This study aimed to look at procedural learning, i~, font=Arial, color=#FFFFFF, contrast=1, height=0.025, bold=null, italic=null, alignHoriz=left, alignVert=center, wrapWidth=1, flipHoriz=null, flipVert=null )
24.101	EXP	text: units = "height"
24.101	EXP	text: ori = 0
24.101	EXP	text: opacity = 1
24.101	EXP	text: pos = [0,0]
24.101	EXP	text: size = undefined
24.101	EXP	text: text = "INSTRUCTIONS [EN]\n\n\nA counter will appear and start counting at random times, press SPACE as fast as possible when it appears.\n\n\nPress SPACE to start\n\n-------\n\nInstruções [PT]\n\n\nUm cronómetro vai aparecer e começar a contar aleatoriamente, pressione a tecla SPACE assim que ele aparecer.\n\n\nPressiona SPACE para começar."
24.101	EXP	text: font = "Arial"
24.101	EXP	text: color = {"_hex":"#FFFFFF","_rgb":[1,1,1]}
24.101	EXP	text: contrast = 1
24.101	EXP	text: height = 0.03
24.101	EXP	text: bold = false
24.101	EXP	text: italic = false
24.101	EXP	text: alignHoriz = "left"
24.101	EXP	text: alignVert = "center"
24.101	EXP	text: wrapWidth = 1
24.101	EXP	text: flipHoriz = false
24.101	EXP	text: flipVert = false
24.101	EXP	text_3: units = "height"
24.101	EXP	text_3: ori = 0
24.101	EXP	text_3: opacity = 1
24.101	EXP	text_3: pos = [0,0]
24.101	EXP	text_3: size = undefined
24.101	EXP	text_3: text = ""
24.101	EXP	text_3: font = "Arial"
24.101	EXP	text_3: color = {"_hex":"#FFFFFF","_rgb":[1,1,1]}
24.101	EXP	text_3: contrast = 1
24.101	EXP	text_3: height = 0.1
24.101	EXP	text_3: bold = false
24.101	EXP	text_3: italic = false
24.101	EXP	text_3: alignHoriz = "left"
24.101	EXP	text_3: alignVert = "center"
24.101	EXP	text_3: wrapWidth = 1
24.101	EXP	text_3: flipHoriz = false
24.101	EXP	text_3: flipVert = false
24.101	EXP	text_2: units = "height"
24.101	EXP	text_2: ori = 0
24.101	EXP	text_2: opacity = 1
24.101	EXP	text_2: pos = [0,0]
24.101	EXP	text_2: size = undefined
24.101	EXP	text_2: text = "default text"
24.101	EXP	text_2: font = "Arial"
24.101	EXP	text_2: color = {"_rgb":[1,0,0]}
24.101	EXP	text_2: contrast = 1
24.101	EXP	text_2: height = 0.15
24.101	EXP	text_2: bold = false
24.101	EXP	text_2: italic = false
24.101	EXP	text_2: alignHoriz = "left"
24.101	EXP	text_2: alignVert = "center"
24.101	EXP	text_2: wrapWidth = 1
24.101	EXP	text_2: flipHoriz = false
24.101	EXP	text_2: flipVert = false
24.101	EXP	Feedback: units = "height"
24.101	EXP	Feedback: ori = 0
24.101	EXP	Feedback: opacity = 1
24.101	EXP	Feedback: pos = [0,0]
24.101	EXP	Feedback: size = undefined
24.101	EXP	Feedback: text = "default text"
24.101	EXP	Feedback: font = "Arial"
24.101	EXP	Feedback: color = {"_rgb":[1,0,0]}
24.101	EXP	Feedback: contrast = 1
24.101	EXP	Feedback: height = 0.15
24.101	EXP	Feedback: bold = false
24.101	EXP	Feedback: italic = false
24.101	EXP	Feedback: alignHoriz = "left"
24.101	EXP	Feedback: alignVert = "center"
24.101	EXP	Feedback: wrapWidth = 1
24.101	EXP	Feedback: flipHoriz = false
24.101	EXP	Feedback: flipVert = false
24.101	EXP	End_text: units = "height"
24.101	EXP	End_text: ori = 0
24.101	EXP	End_text: opacity = 1
24.101	EXP	End_text: pos = [0,0]
24.101	EXP	End_text: size = undefined
24.101	EXP	End_text: text = "This study aimed to look at procedural learning, i.e. our ability to extract patterns from the input that we are constantly receiving. This skill is thought to be essential for language and literacy acquisition and has been suggested as a possible underlying difficult in children with Language Impairments and Dyslexia. This study aims to improve the measures of procedural learning (the smiley face task) so that we can measure procedural learning more reliably and, in the future, analyse the performance of individuals with learning impairments.\nThank you for participating!\n\n----\n\nEste estudo tem como objectivo analisar a nossa capacidade de extrair padrões da informação que estamos constantemente a receber. Pensa-se que esta competência é essencial para a aquisição da linguagem e literacia e foi sugerido que dificuldades neste tipo de competências poderá estar relacionado com perturbações da linguagem e Dislexia. Este estudo tem como objectivo melhorar a estabilidade das medidas usadas para medir este tipo de memória (a tarefa da cara sorridente) de forma a poder medir de forma mais precisa e, no futuro, analisar a performance de indivíduos com perturbações da aprendizagem. \nMuito obrigada por ter participado!"
24.101	EXP	End_text: font = "Arial"
24.101	EXP	End_text: color = {"_hex":"#FFFFFF","_rgb":[1,1,1]}
24.101	EXP	End_text: contrast = 1
24.101	EXP	End_text: height = 0.025
24.101	EXP	End_text: bold = false
24.101	EXP	End_text: italic = false
24.101	EXP	End_text: alignHoriz = "left"
24.101	EXP	End_text: alignVert = "center"
24.101	EXP	End_text: wrapWidth = 1
24.101	EXP	End_text: flipHoriz = false
24.101	EXP	End_text: flipVert = false
24.101	EXP	text: autoDraw = true
30.403	DATA	Keydown:  
30.435000000000002	EXP	text: autoDraw = false
30.435000000000002	EXP	text_3: autoDraw = true
38.431	EXP	text_3: autoDraw = false
38.431	EXP	text_3: autoDraw = false
38.431	EXP	text_2: autoDraw = true
38.431	EXP	text_2: text = 1
38.439	EXP	text_2: text = 1111
38.461	EXP	text_2: text = 1131
38.479	EXP	text_2: text = 1149
38.495	EXP	text_2: text = 1165
38.510999999999996	EXP	text_2: text = 1181
38.528	EXP	text_2: text = 1199
38.544	EXP	text_2: text = 1215
38.562	EXP	text_2: text = 1232
38.577	EXP	text_2: text = 1248
38.594	EXP	text_2: text = 1265
38.611	EXP	text_2: text = 1282
38.628	EXP	text_2: text = 1299
38.644999999999996	EXP	text_2: text = 1315
38.662	EXP	text_2: text = 1331
38.678	EXP	text_2: text = 1348
38.695	EXP	text_2: text = 1365
38.711999999999996	EXP	text_2: text = 1382
38.714999999999996	DATA	Keydown:  
38.731	EXP	text_2: text = 1398
38.731	EXP	text_2: autoDraw = false
38.731	EXP	Feedback: text = 284
38.731	EXP	Feedback: autoDraw = true
39.728	EXP	Feedback: autoDraw = false
39.728	EXP	Feedback: autoDraw = false
39.728	EXP	text_3: autoDraw = true
42.461999999999996	EXP	text_3: autoDraw = false
42.461999999999996	EXP	text_3: autoDraw = false
42.461999999999996	EXP	text_2: autoDraw = true
42.461999999999996	EXP	text_2: text = 0
42.477	EXP	text_2: text = 16
42.493	EXP	text_2: text = 33
42.510999999999996	EXP	text_2: text = 50
42.527	EXP	text_2: text = 66
42.544	EXP	text_2: text = 83
42.561	EXP	text_2: text = 99
42.577	EXP	text_2: text = 116
42.594	EXP	text_2: text = 133
42.611	EXP	text_2: text = 149
42.626999999999995	EXP	text_2: text = 166
42.644	EXP	text_2: text = 183
42.66	EXP	text_2: text = 199
42.678	EXP	text_2: text = 216
42.693999999999996	EXP	text_2: text = 233
42.71	EXP	text_2: text = 250
42.727	EXP	text_2: text = 266
42.744	EXP	text_2: text = 282
42.760999999999996	EXP	text_2: text = 300
42.777	EXP	text_2: text = 316
42.794	EXP	text_2: text = 333
42.812	EXP	text_2: text = 349
42.827999999999996	EXP	text_2: text = 367
42.845	EXP	text_2: text = 383
42.847	DATA	Keydown:  
42.862	EXP	text_2: text = 399
42.862	EXP	text_2: autoDraw = false
42.862	EXP	Feedback: text = 385
42.862	EXP	Feedback: autoDraw = true
43.862	EXP	Feedback: autoDraw = false
43.862	EXP	Feedback: autoDraw = false
43.862	EXP	text_3: autoDraw = true
49.711999999999996	EXP	text_3: autoDraw = false
49.711999999999996	EXP	text_3: autoDraw = false
49.711999999999996	EXP	text_2: autoDraw = true
49.711999999999996	EXP	text_2: text = 0
49.728	EXP	text_2: text = 17
49.744	EXP	text_2: text = 33
49.76	EXP	text_2: text = 50
49.777	EXP	text_2: text = 67
49.794	EXP	text_2: text = 83
49.811	EXP	text_2: text = 100
49.827999999999996	EXP	text_2: text = 117
49.845	EXP	text_2: text = 133
49.862	EXP	text_2: text = 150
49.878	EXP	text_2: text = 167
49.894	EXP	text_2: text = 184
49.91	EXP	text_2: text = 200
49.927	EXP	text_2: text = 217
49.943999999999996	EXP	text_2: text = 234
49.961	EXP	text_2: text = 250
49.978	EXP	text_2: text = 267
49.994	EXP	text_2: text = 283
50.012	EXP	text_2: text = 301
50.028	EXP	text_2: text = 317
50.032	DATA	Keydown:  
50.047	EXP	text_2: text = 333
50.047	EXP	text_2: autoDraw = false
50.047	EXP	Feedback: text = 320
50.047	EXP	Feedback: autoDraw = true
51.044	EXP	Feedback: autoDraw = false
51.044	EXP	Feedback: autoDraw = false
51.044	EXP	text_3: autoDraw = true
60.57899999999999	EXP	text_3: autoDraw = false
60.57899999999999	EXP	text_3: autoDraw = false
60.57899999999999	EXP	text_2: autoDraw = true
60.57899999999999	EXP	text_2: text = 0
60.593999999999994	EXP	text_2: text = 16
60.61	EXP	text_2: text = 32
60.626999999999995	EXP	text_2: text = 50
60.644000000000005	EXP	text_2: text = 66
60.661	EXP	text_2: text = 83
60.67699999999999	EXP	text_2: text = 99
60.694	EXP	text_2: text = 116
60.709999999999994	EXP	text_2: text = 133
60.727000000000004	EXP	text_2: text = 149
60.745000000000005	EXP	text_2: text = 167
60.760999999999996	EXP	text_2: text = 182
60.778000000000006	EXP	text_2: text = 200
60.795	EXP	text_2: text = 216
60.81	EXP	text_2: text = 233
60.827	EXP	text_2: text = 249
60.843999999999994	EXP	text_2: text = 266
60.846000000000004	DATA	Keydown:  
60.861999999999995	EXP	text_2: text = 283
60.861999999999995	EXP	text_2: autoDraw = false
60.861999999999995	EXP	Feedback: text = 267
60.861999999999995	EXP	Feedback: autoDraw = true
61.86	EXP	Feedback: autoDraw = false
61.86	EXP	Feedback: autoDraw = false
61.86	EXP	text_3: autoDraw = true
71.113	EXP	text_3: autoDraw = false
71.113	EXP	text_3: autoDraw = false
71.113	EXP	text_2: autoDraw = true
71.113	EXP	text_2: text = 0
71.127	EXP	text_2: text = 17
71.144	EXP	text_2: text = 34
71.16	EXP	text_2: text = 50
71.17699999999999	EXP	text_2: text = 67
71.194	EXP	text_2: text = 83
71.21	EXP	text_2: text = 100
71.227	EXP	text_2: text = 117
71.244	EXP	text_2: text = 133
71.26	EXP	text_2: text = 150
71.277	EXP	text_2: text = 168
71.294	EXP	text_2: text = 183
71.31	EXP	text_2: text = 201
71.327	EXP	text_2: text = 216
71.344	EXP	text_2: text = 233
71.36	EXP	text_2: text = 250
71.376	EXP	text_2: text = 267
71.394	EXP	text_2: text = 284
71.41	EXP	text_2: text = 301
71.42699999999999	EXP	text_2: text = 316
71.444	EXP	text_2: text = 334
71.445	DATA	Keydown:  
71.462	EXP	text_2: text = 350
71.462	EXP	text_2: autoDraw = false
71.462	EXP	Feedback: text = 333
71.462	EXP	Feedback: autoDraw = true
72.46	EXP	Feedback: autoDraw = false
72.46	EXP	Feedback: autoDraw = false
72.46	EXP	text_3: autoDraw = true
81.461	EXP	text_3: autoDraw = false
81.461	EXP	text_3: autoDraw = false
81.461	EXP	text_2: autoDraw = true
81.461	EXP	text_2: text = 0
81.476	EXP	text_2: text = 16
81.493	EXP	text_2: text = 33
81.509	EXP	text_2: text = 50
81.526	EXP	text_2: text = 67
81.54299999999999	EXP	text_2: text = 83
81.559	EXP	text_2: text = 100
81.576	EXP	text_2: text = 116
81.594	EXP	text_2: text = 134
81.609	EXP	text_2: text = 150
81.626	EXP	text_2: text = 167
81.643	EXP	text_2: text = 184
81.65899999999999	EXP	text_2: text = 200
81.676	EXP	text_2: text = 217
81.694	EXP	text_2: text = 233
81.711	EXP	text_2: text = 250
81.726	EXP	text_2: text = 266
81.742	EXP	text_2: text = 283
81.761	EXP	text_2: text = 301
81.775	EXP	text_2: text = 317
81.794	EXP	text_2: text = 335
81.809	EXP	text_2: text = 350
81.812	DATA	Keydown:  
81.828	EXP	text_2: text = 367
81.828	EXP	text_2: autoDraw = false
81.828	EXP	Feedback: text = 351
81.828	EXP	Feedback: autoDraw = true
82.827	EXP	Feedback: autoDraw = false
82.827	EXP	Feedback: autoDraw = false
82.827	EXP	text_3: autoDraw = true
86.31099999999999	EXP	text_3: autoDraw = false
86.31099999999999	EXP	text_3: autoDraw = false
86.31099999999999	EXP	text_2: autoDraw = true
86.31099999999999	EXP	text_2: text = 0
86.326	EXP	text_2: text = 16
86.343	EXP	text_2: text = 33
86.36	EXP	text_2: text = 49
86.377	EXP	text_2: text = 66
86.394	EXP	text_2: text = 83
86.41	EXP	text_2: text = 100
86.42699999999999	EXP	text_2: text = 116
86.443	EXP	text_2: text = 133
86.46	EXP	text_2: text = 149
86.475	EXP	text_2: text = 166
86.493	EXP	text_2: text = 183
86.509	EXP	text_2: text = 199
86.526	EXP	text_2: text = 216
86.54299999999999	EXP	text_2: text = 233
86.56	EXP	text_2: text = 249
86.576	EXP	text_2: text = 266
86.593	EXP	text_2: text = 282
86.609	EXP	text_2: text = 300
86.627	EXP	text_2: text = 316
86.643	EXP	text_2: text = 333
86.66	EXP	text_2: text = 350
86.676	EXP	text_2: text = 366
86.679	DATA	Keydown:  
86.695	EXP	text_2: text = 382
86.695	EXP	text_2: autoDraw = false
86.695	EXP	Feedback: text = 368
86.695	EXP	Feedback: autoDraw = true
87.693	EXP	Feedback: autoDraw = false
87.693	EXP	Feedback: autoDraw = false
87.693	EXP	text_3: autoDraw = true
91.211	EXP	text_3: autoDraw = false
91.211	EXP	text_3: autoDraw = false
91.211	EXP	text_2: autoDraw = true
91.211	EXP	text_2: text = 0
91.227	EXP	text_2: text = 17
91.243	EXP	text_2: text = 33
91.26	EXP	text_2: text = 50
91.276	EXP	text_2: text = 68
91.292	EXP	text_2: text = 84
91.309	EXP	text_2: text = 100
91.326	EXP	text_2: text = 117
91.343	EXP	text_2: text = 133
91.36	EXP	text_2: text = 151
91.376	EXP	text_2: text = 167
91.392	EXP	text_2: text = 183
91.40899999999999	EXP	text_2: text = 200
91.426	EXP	text_2: text = 217
91.443	EXP	text_2: text = 234
91.46	EXP	text_2: text = 250
91.476	EXP	text_2: text = 267
91.493	EXP	text_2: text = 284
91.509	EXP	text_2: text = 300
91.526	EXP	text_2: text = 317
91.54299999999999	EXP	text_2: text = 334
91.551	DATA	Keydown:  
91.56099999999999	EXP	text_2: text = 350
91.56099999999999	EXP	text_2: autoDraw = false
91.56099999999999	EXP	Feedback: text = 340
91.56099999999999	EXP	Feedback: autoDraw = true
92.55799999999999	EXP	Feedback: autoDraw = false
92.55799999999999	EXP	Feedback: autoDraw = false
92.55799999999999	EXP	text_3: autoDraw = true
99.644	EXP	text_3: autoDraw = false
99.644	EXP	text_3: autoDraw = false
99.644	EXP	text_2: autoDraw = true
99.644	EXP	text_2: text = 0
99.65899999999999	EXP	text_2: text = 17
99.676	EXP	text_2: text = 33
99.693	EXP	text_2: text = 50
99.709	EXP	text_2: text = 67
99.726	EXP	text_2: text = 84
99.743	EXP	text_2: text = 100
99.759	EXP	text_2: text = 117
99.776	EXP	text_2: text = 133
99.792	EXP	text_2: text = 151
99.80799999999999	EXP	text_2: text = 167
99.825	EXP	text_2: text = 183
99.842	EXP	text_2: text = 201
99.858	EXP	text_2: text = 217
99.876	EXP	text_2: text = 234
99.892	EXP	text_2: text = 251
99.90899999999999	EXP	text_2: text = 267
99.91499999999999	DATA	Keydown:  
99.926	EXP	text_2: text = 284
99.926	EXP	text_2: autoDraw = false
99.926	EXP	Feedback: text = 271
99.926	EXP	Feedback: autoDraw = true
100.925	EXP	Feedback: autoDraw = false
100.925	EXP	Feedback: autoDraw = false
100.925	EXP	text_3: autoDraw = true
110.476	EXP	text_3: autoDraw = false
110.476	EXP	text_3: autoDraw = false
110.476	EXP	text_2: autoDraw = true
110.476	EXP	text_2: text = 0
110.491	EXP	text_2: text = 16
110.508	EXP	text_2: text = 32
110.525	EXP	text_2: text = 49
110.541	EXP	text_2: text = 65
110.55799999999999	EXP	text_2: text = 82
110.576	EXP	text_2: text = 99
110.593	EXP	text_2: text = 116
110.608	EXP	text_2: text = 132
110.625	EXP	text_2: text = 149
110.642	EXP	text_2: text = 166
110.657	EXP	text_2: text = 182
110.675	EXP	text_2: text = 199
110.691	EXP	text_2: text = 215
110.708	EXP	text_2: text = 233
110.724	EXP	text_2: text = 249
110.741	EXP	text_2: text = 266
110.758	EXP	text_2: text = 282
110.778	EXP	text_2: text = 299
110.791	EXP	text_2: text = 315
110.80199999999999	DATA	Keydown:  
110.809	EXP	text_2: text = 332
110.809	EXP	text_2: autoDraw = false
110.809	EXP	Feedback: text = 326
110.809	EXP	Feedback: autoDraw = true
111.80799999999999	EXP	Feedback: autoDraw = false
111.80799999999999	EXP	Feedback: autoDraw = false
111.80799999999999	EXP	text_3: autoDraw = true
115.276	EXP	text_3: autoDraw = false
115.276	EXP	text_3: autoDraw = false
115.276	EXP	text_2: autoDraw = true
115.276	EXP	text_2: text = 0
115.291	EXP	text_2: text = 17
115.307	EXP	text_2: text = 33
115.325	EXP	text_2: text = 50
115.342	EXP	text_2: text = 67
115.357	EXP	text_2: text = 83
115.374	EXP	text_2: text = 100
115.391	EXP	text_2: text = 117
115.408	EXP	text_2: text = 133
115.425	EXP	text_2: text = 150
115.441	EXP	text_2: text = 167
115.458	EXP	text_2: text = 183
115.475	EXP	text_2: text = 200
115.492	EXP	text_2: text = 217
115.508	EXP	text_2: text = 233
115.524	EXP	text_2: text = 250
115.53999999999999	EXP	text_2: text = 266
115.557	EXP	text_2: text = 283
115.574	EXP	text_2: text = 300
115.591	EXP	text_2: text = 316
115.607	EXP	text_2: text = 333
115.624	EXP	text_2: text = 349
115.64	EXP	text_2: text = 366
115.658	EXP	text_2: text = 383
115.67399999999999	EXP	text_2: text = 400
115.691	EXP	text_2: text = 416
115.708	EXP	text_2: text = 433
115.715	DATA	Keydown:  
115.726	EXP	text_2: text = 450
115.726	EXP	text_2: autoDraw = false
115.726	EXP	Feedback: text = 439
115.726	EXP	Feedback: autoDraw = true
116.725	EXP	Feedback: autoDraw = false
116.725	EXP	Feedback: autoDraw = false
116.725	EXP	text_3: autoDraw = true
122.82499999999999	EXP	text_3: autoDraw = false
122.82499999999999	EXP	text_3: autoDraw = false
122.82499999999999	EXP	text_2: autoDraw = true
122.82499999999999	EXP	text_2: text = 0
122.84100000000001	EXP	text_2: text = 16
122.858	EXP	text_2: text = 33
122.874	EXP	text_2: text = 49
122.88999999999999	EXP	text_2: text = 66
122.90700000000001	EXP	text_2: text = 83
122.924	EXP	text_2: text = 100
122.941	EXP	text_2: text = 116
122.957	EXP	text_2: text = 132
122.97399999999999	EXP	text_2: text = 149
122.99099999999999	EXP	text_2: text = 166
123.00800000000001	EXP	text_2: text = 183
123.025	EXP	text_2: text = 200
123.041	EXP	text_2: text = 216
123.05799999999999	EXP	text_2: text = 233
123.07499999999999	EXP	text_2: text = 250
123.09200000000001	EXP	text_2: text = 266
123.107	EXP	text_2: text = 282
123.125	EXP	text_2: text = 299
123.12799999999999	DATA	Keydown:  
123.14099999999999	EXP	text_2: text = 317
123.14099999999999	EXP	text_2: autoDraw = false
123.14099999999999	EXP	Feedback: text = 303
123.14099999999999	EXP	Feedback: autoDraw = true
124.13999999999999	EXP	Feedback: autoDraw = false
124.13999999999999	EXP	Feedback: autoDraw = false
124.13999999999999	EXP	text_3: autoDraw = true
126.941	EXP	text_3: autoDraw = false
126.941	EXP	text_3: autoDraw = false
126.941	EXP	text_2: autoDraw = true
126.941	EXP	text_2: text = 0
126.959	EXP	text_2: text = 17
126.97299999999998	EXP	text_2: text = 33
126.99000000000001	EXP	text_2: text = 50
127.007	EXP	text_2: text = 67
127.024	EXP	text_2: text = 83
127.03999999999999	EXP	text_2: text = 100
127.05699999999999	EXP	text_2: text = 116
127.07499999999999	EXP	text_2: text = 134
127.09100000000001	EXP	text_2: text = 150
127.108	EXP	text_2: text = 167
127.124	EXP	text_2: text = 183
127.13999999999999	EXP	text_2: text = 200
127.15700000000001	EXP	text_2: text = 217
127.174	EXP	text_2: text = 234
127.191	EXP	text_2: text = 250
127.207	EXP	text_2: text = 266
127.22399999999999	EXP	text_2: text = 283
127.22800000000001	DATA	Keydown:  
127.243	EXP	text_2: text = 300
127.243	EXP	text_2: autoDraw = false
127.243	EXP	Feedback: text = 287
127.243	EXP	Feedback: autoDraw = true
128.24	EXP	Feedback: autoDraw = false
128.24	EXP	Feedback: autoDraw = false
128.24	EXP	text_3: autoDraw = true
135.175	EXP	text_3: autoDraw = false
135.175	EXP	text_3: autoDraw = false
135.175	EXP	text_2: autoDraw = true
135.175	EXP	text_2: text = 0
135.191	EXP	text_2: text = 17
135.208	EXP	text_2: text = 33
135.224	EXP	text_2: text = 50
135.24	EXP	text_2: text = 66
135.257	EXP	text_2: text = 83
135.275	EXP	text_2: text = 100
135.29	EXP	text_2: text = 117
135.307	EXP	text_2: text = 133
135.323	EXP	text_2: text = 150
135.341	EXP	text_2: text = 167
135.358	EXP	text_2: text = 183
135.374	EXP	text_2: text = 200
135.39	EXP	text_2: text = 216
135.406	EXP	text_2: text = 233
135.424	EXP	text_2: text = 250
135.44	EXP	text_2: text = 267
135.444	DATA	Keydown:  
135.458	EXP	text_2: text = 283
135.458	EXP	text_2: autoDraw = false
135.458	EXP	Feedback: text = 269
135.458	EXP	Feedback: autoDraw = true
136.457	EXP	Feedback: autoDraw = false
136.457	EXP	Feedback: autoDraw = false
136.457	EXP	text_3: autoDraw = true
143.975	EXP	text_3: autoDraw = false
143.975	EXP	text_3: autoDraw = false
143.975	EXP	text_2: autoDraw = true
143.975	EXP	text_2: text = 0
143.99	EXP	text_2: text = 16
144.007	EXP	text_2: text = 33
144.024	EXP	text_2: text = 50
144.039	EXP	text_2: text = 66
144.057	EXP	text_2: text = 83
144.074	EXP	text_2: text = 100
144.09	EXP	text_2: text = 117
144.106	EXP	text_2: text = 132
144.123	EXP	text_2: text = 150
144.14	EXP	text_2: text = 166
144.156	EXP	text_2: text = 182
144.174	EXP	text_2: text = 200
144.19	EXP	text_2: text = 216
144.207	EXP	text_2: text = 232
144.224	EXP	text_2: text = 249
144.24	EXP	text_2: text = 266
144.249	DATA	Keydown:  
144.258	EXP	text_2: text = 283
144.258	EXP	text_2: autoDraw = false
144.258	EXP	Feedback: text = 274
144.258	EXP	Feedback: autoDraw = true
145.257	EXP	Feedback: autoDraw = false
145.257	EXP	Feedback: autoDraw = false
145.257	EXP	text_3: autoDraw = true
153.474	EXP	text_3: autoDraw = false
153.474	EXP	text_3: autoDraw = false
153.474	EXP	text_2: autoDraw = true
153.474	EXP	text_2: text = 0
153.488	EXP	text_2: text = 17
153.506	EXP	text_2: text = 33
153.522	EXP	text_2: text = 51
153.539	EXP	text_2: text = 66
153.557	EXP	text_2: text = 84
153.574	EXP	text_2: text = 100
153.589	EXP	text_2: text = 116
153.606	EXP	text_2: text = 133
153.623	EXP	text_2: text = 150
153.64	EXP	text_2: text = 167
153.656	EXP	text_2: text = 184
153.673	EXP	text_2: text = 200
153.689	EXP	text_2: text = 216
153.706	EXP	text_2: text = 233
153.722	EXP	text_2: text = 250
153.725	DATA	Keydown:  
153.74099999999999	EXP	text_2: text = 267
153.74099999999999	EXP	text_2: autoDraw = false
153.74099999999999	EXP	Feedback: text = 251
153.74099999999999	EXP	Feedback: autoDraw = true
154.739	EXP	Feedback: autoDraw = false
154.739	EXP	Feedback: autoDraw = false
154.739	EXP	text_3: autoDraw = true
162.907	EXP	text_3: autoDraw = false
162.907	EXP	text_3: autoDraw = false
162.907	EXP	text_2: autoDraw = true
162.907	EXP	text_2: text = 0
162.923	EXP	text_2: text = 16
162.939	EXP	text_2: text = 33
162.955	EXP	text_2: text = 49
162.974	EXP	text_2: text = 65
162.989	EXP	text_2: text = 82
163.006	EXP	text_2: text = 99
163.023	EXP	text_2: text = 115
163.039	EXP	text_2: text = 132
163.055	EXP	text_2: text = 149
163.074	EXP	text_2: text = 166
163.089	EXP	text_2: text = 182
163.106	EXP	text_2: text = 199
163.123	EXP	text_2: text = 216
163.139	EXP	text_2: text = 232
163.156	EXP	text_2: text = 249
163.173	EXP	text_2: text = 266
163.177	DATA	Keydown:  
163.191	EXP	text_2: text = 282
163.191	EXP	text_2: autoDraw = false
163.191	EXP	Feedback: text = 270
163.191	EXP	Feedback: autoDraw = true
164.189	EXP	Feedback: autoDraw = false
164.189	EXP	Feedback: autoDraw = false
164.189	EXP	text_3: autoDraw = true
167.158	EXP	text_3: autoDraw = false
167.158	EXP	text_3: autoDraw = false
167.158	EXP	text_2: autoDraw = true
167.158	EXP	text_2: text = 0
167.172	EXP	text_2: text = 16
167.188	EXP	text_2: text = 33
167.205	EXP	text_2: text = 50
167.222	EXP	text_2: text = 66
167.238	EXP	text_2: text = 83
167.256	EXP	text_2: text = 100
167.272	EXP	text_2: text = 116
167.289	EXP	text_2: text = 133
167.306	EXP	text_2: text = 150
167.323	EXP	text_2: text = 166
167.339	EXP	text_2: text = 184
167.356	EXP	text_2: text = 200
167.37199999999999	EXP	text_2: text = 217
167.389	EXP	text_2: text = 233
167.405	EXP	text_2: text = 249
167.422	EXP	text_2: text = 267
167.439	EXP	text_2: text = 283
167.456	EXP	text_2: text = 300
167.472	EXP	text_2: text = 316
167.489	EXP	text_2: text = 333
167.506	EXP	text_2: text = 350
167.523	EXP	text_2: text = 366
167.531	DATA	Keydown:  
167.54	EXP	text_2: text = 383
167.54	EXP	text_2: autoDraw = false
167.54	EXP	Feedback: text = 373
167.54	EXP	Feedback: autoDraw = true
168.538	EXP	Feedback: autoDraw = false
168.538	EXP	Feedback: autoDraw = false
168.538	EXP	text_3: autoDraw = true
171.822	DATA	Keydown:  
176.023	EXP	text_3: autoDraw = false
176.023	EXP	text_3: autoDraw = false
176.023	EXP	text_2: autoDraw = true
176.023	EXP	text_2: text = 0
176.038	EXP	text_2: text = 17
176.054	EXP	text_2: text = 33
176.071	EXP	text_2: text = 50
176.087	EXP	text_2: text = 67
176.107	EXP	text_2: text = 83
176.121	EXP	text_2: text = 100
176.138	EXP	text_2: text = 117
176.154	EXP	text_2: text = 133
176.171	EXP	text_2: text = 150
176.188	EXP	text_2: text = 167
176.204	EXP	text_2: text = 183
176.222	EXP	text_2: text = 200
176.238	EXP	text_2: text = 217
176.255	EXP	text_2: text = 233
176.271	EXP	text_2: text = 250
176.289	EXP	text_2: text = 267
176.294	DATA	Keydown:  
176.306	EXP	text_2: text = 283
176.306	EXP	text_2: autoDraw = false
176.306	EXP	Feedback: text = 271
176.306	EXP	Feedback: autoDraw = true
177.304	EXP	Feedback: autoDraw = false
177.304	EXP	Feedback: autoDraw = false
177.304	EXP	text_3: autoDraw = true
185.391	EXP	text_3: autoDraw = false
185.391	EXP	text_3: autoDraw = false
185.391	EXP	text_2: autoDraw = true
185.391	EXP	text_2: text = 0
185.405	EXP	text_2: text = 15
185.421	EXP	text_2: text = 33
185.438	EXP	text_2: text = 49
185.455	EXP	text_2: text = 66
185.471	EXP	text_2: text = 82
185.488	EXP	text_2: text = 99
185.505	EXP	text_2: text = 116
185.521	EXP	text_2: text = 133
185.538	EXP	text_2: text = 149
185.555	EXP	text_2: text = 166
185.571	EXP	text_2: text = 182
185.588	EXP	text_2: text = 200
185.60399999999998	EXP	text_2: text = 216
185.621	EXP	text_2: text = 233
185.638	EXP	text_2: text = 249
185.654	EXP	text_2: text = 266
185.66	DATA	Keydown:  
185.673	EXP	text_2: text = 283
185.673	EXP	text_2: autoDraw = false
185.673	EXP	Feedback: text = 269
185.673	EXP	Feedback: autoDraw = true
186.671	EXP	Feedback: autoDraw = false
186.671	EXP	Feedback: autoDraw = false
186.671	EXP	text_3: autoDraw = true
188.79	EXP	text_3: autoDraw = false
188.79	EXP	text_3: autoDraw = false
188.79	EXP	text_2: autoDraw = true
188.79	EXP	text_2: text = 0
188.805	EXP	text_2: text = 17
188.82	EXP	text_2: text = 33
188.837	EXP	text_2: text = 50
188.85399999999998	EXP	text_2: text = 67
188.871	EXP	text_2: text = 83
188.888	EXP	text_2: text = 100
188.904	EXP	text_2: text = 116
188.921	EXP	text_2: text = 133
188.938	EXP	text_2: text = 150
188.954	EXP	text_2: text = 167
188.971	EXP	text_2: text = 183
188.989	EXP	text_2: text = 200
189.005	EXP	text_2: text = 217
189.021	EXP	text_2: text = 234
189.038	EXP	text_2: text = 250
189.054	EXP	text_2: text = 267
189.07	EXP	text_2: text = 284
189.088	EXP	text_2: text = 300
189.105	EXP	text_2: text = 316
189.121	EXP	text_2: text = 334
189.137	EXP	text_2: text = 350
189.154	EXP	text_2: text = 367
189.171	EXP	text_2: text = 384
189.173	DATA	Keydown:  
189.189	EXP	text_2: text = 400
189.189	EXP	text_2: autoDraw = false
189.189	EXP	Feedback: text = 383
189.189	EXP	Feedback: autoDraw = true
190.187	EXP	Feedback: autoDraw = false
190.187	EXP	Feedback: autoDraw = false
190.187	EXP	text_3: autoDraw = true
192.557	EXP	text_3: autoDraw = false
192.557	EXP	text_3: autoDraw = false
192.557	EXP	text_2: autoDraw = true
192.557	EXP	text_2: text = 0
192.571	EXP	text_2: text = 17
192.587	EXP	text_2: text = 33
192.60399999999998	EXP	text_2: text = 51
192.621	EXP	text_2: text = 67
192.637	EXP	text_2: text = 84
192.654	EXP	text_2: text = 101
192.67	EXP	text_2: text = 117
192.687	EXP	text_2: text = 134
192.703	EXP	text_2: text = 151
192.721	EXP	text_2: text = 167
192.737	EXP	text_2: text = 184
192.754	EXP	text_2: text = 201
192.77	EXP	text_2: text = 217
192.788	EXP	text_2: text = 234
192.803	EXP	text_2: text = 251
192.82	EXP	text_2: text = 267
192.837	EXP	text_2: text = 284
192.85399999999998	EXP	text_2: text = 300
192.87	EXP	text_2: text = 317
192.887	EXP	text_2: text = 334
192.889	DATA	Keydown:  
192.906	EXP	text_2: text = 350
192.906	EXP	text_2: autoDraw = false
192.906	EXP	Feedback: text = 332
192.906	EXP	Feedback: autoDraw = true
193.903	EXP	Feedback: autoDraw = false
193.903	EXP	Feedback: autoDraw = false
193.903	EXP	text_3: autoDraw = true
202.806	EXP	text_3: autoDraw = false
202.806	EXP	text_3: autoDraw = false
202.806	EXP	text_2: autoDraw = true
202.806	EXP	text_2: text = 0
202.82	EXP	text_2: text = 15
202.837	EXP	text_2: text = 33
202.853	EXP	text_2: text = 49
202.87	EXP	text_2: text = 66
202.886	EXP	text_2: text = 82
202.904	EXP	text_2: text = 99
202.92	EXP	text_2: text = 116
202.937	EXP	text_2: text = 132
202.954	EXP	text_2: text = 149
202.971	EXP	text_2: text = 166
202.987	EXP	text_2: text = 183
203.003	EXP	text_2: text = 200
203.021	EXP	text_2: text = 215
203.037	EXP	text_2: text = 233
203.054	EXP	text_2: text = 249
203.07	EXP	text_2: text = 266
203.087	EXP	text_2: text = 282
203.10399999999998	EXP	text_2: text = 299
203.112	DATA	Keydown:  
203.12199999999999	EXP	text_2: text = 316
203.12199999999999	EXP	text_2: autoDraw = false
203.12199999999999	EXP	Feedback: text = 306
203.12199999999999	EXP	Feedback: autoDraw = true
204.121	EXP	Feedback: autoDraw = false
204.121	EXP	Feedback: autoDraw = false
204.121	EXP	text_3: autoDraw = true
208.873	EXP	text_3: autoDraw = false
208.873	EXP	text_3: autoDraw = false
208.873	EXP	text_2: autoDraw = true
208.873	EXP	text_2: text = 0
208.887	EXP	text_2: text = 16
208.904	EXP	text_2: text = 33
208.92	EXP	text_2: text = 49
208.937	EXP	text_2: text = 66
208.954	EXP	text_2: text = 83
208.97	EXP	text_2: text = 99
208.987	EXP	text_2: text = 117
209.003	EXP	text_2: text = 133
209.02	EXP	text_2: text = 149
209.036	EXP	text_2: text = 166
209.053	EXP	text_2: text = 183
209.07	EXP	text_2: text = 199
209.086	EXP	text_2: text = 216
209.103	EXP	text_2: text = 233
209.119	EXP	text_2: text = 250
209.137	EXP	text_2: text = 266
209.153	EXP	text_2: text = 282
209.17	EXP	text_2: text = 299
209.176	DATA	Keydown:  
209.189	EXP	text_2: text = 316
209.189	EXP	text_2: autoDraw = false
209.189	EXP	Feedback: text = 303
209.189	EXP	Feedback: autoDraw = true
210.186	EXP	Feedback: autoDraw = false
210.186	EXP	Feedback: autoDraw = false
210.186	EXP	text_3: autoDraw = true
214.355	EXP	text_3: autoDraw = false
214.355	EXP	text_3: autoDraw = false
214.355	EXP	text_2: autoDraw = true
214.355	EXP	text_2: text = 0
214.37	EXP	text_2: text = 16
214.387	EXP	text_2: text = 33
214.404	EXP	text_2: text = 50
214.42	EXP	text_2: text = 66
214.437	EXP	text_2: text = 83
214.453	EXP	text_2: text = 99
214.47	EXP	text_2: text = 117
214.486	EXP	text_2: text = 133
214.504	EXP	text_2: text = 150
214.519	EXP	text_2: text = 167
214.537	EXP	text_2: text = 183
214.553	EXP	text_2: text = 200
214.57	EXP	text_2: text = 217
214.587	EXP	text_2: text = 233
214.603	EXP	text_2: text = 249
214.62	EXP	text_2: text = 266
214.637	EXP	text_2: text = 283
214.639	DATA	Keydown:  
214.655	EXP	text_2: text = 300
214.655	EXP	text_2: autoDraw = false
214.655	EXP	Feedback: text = 284
214.655	EXP	Feedback: autoDraw = true
215.653	EXP	Feedback: autoDraw = false
215.653	EXP	Feedback: autoDraw = false
215.653	EXP	text_3: autoDraw = true
222.52	EXP	text_3: autoDraw = false
222.52	EXP	text_3: autoDraw = false
222.52	EXP	text_2: autoDraw = true
222.52	EXP	text_2: text = 0
222.537	EXP	text_2: text = 16
222.553	EXP	text_2: text = 33
222.569	EXP	text_2: text = 50
222.587	EXP	text_2: text = 67
222.603	EXP	text_2: text = 83
222.62	EXP	text_2: text = 100
222.636	EXP	text_2: text = 116
222.653	EXP	text_2: text = 133
222.67	EXP	text_2: text = 150
222.686	EXP	text_2: text = 167
222.704	EXP	text_2: text = 183
222.72	EXP	text_2: text = 200
222.736	EXP	text_2: text = 217
222.753	EXP	text_2: text = 234
222.77	EXP	text_2: text = 249
222.786	EXP	text_2: text = 267
222.803	EXP	text_2: text = 283
222.82	EXP	text_2: text = 300
222.822	DATA	Keydown:  
222.837	EXP	text_2: text = 317
222.837	EXP	text_2: autoDraw = false
222.837	EXP	Feedback: text = 302
222.837	EXP	Feedback: autoDraw = true
223.835	EXP	Feedback: autoDraw = false
223.835	EXP	Feedback: autoDraw = false
223.835	EXP	text_3: autoDraw = true
229.688	EXP	text_3: autoDraw = false
229.688	EXP	text_3: autoDraw = false
229.688	EXP	text_2: autoDraw = true
229.688	EXP	text_2: text = 0
229.703	EXP	text_2: text = 17
229.719	EXP	text_2: text = 33
229.73499999999999	EXP	text_2: text = 50
229.752	EXP	text_2: text = 67
229.769	EXP	text_2: text = 83
229.785	EXP	text_2: text = 100
229.802	EXP	text_2: text = 116
229.819	EXP	text_2: text = 134
229.836	EXP	text_2: text = 150
229.853	EXP	text_2: text = 167
229.869	EXP	text_2: text = 183
229.886	EXP	text_2: text = 200
229.903	EXP	text_2: text = 217
229.919	EXP	text_2: text = 234
229.935	EXP	text_2: text = 250
229.953	EXP	text_2: text = 266
229.969	EXP	text_2: text = 284
229.98499999999999	EXP	text_2: text = 301
229.994	DATA	Keydown:  
230.004	EXP	text_2: text = 317
230.004	EXP	text_2: autoDraw = false
230.004	EXP	Feedback: text = 306
230.004	EXP	Feedback: autoDraw = true
231.002	EXP	Feedback: autoDraw = false
231.002	EXP	Feedback: autoDraw = false
231.002	EXP	text_3: autoDraw = true
240.47	EXP	text_3: autoDraw = false
240.47	EXP	text_3: autoDraw = false
240.47	EXP	text_2: autoDraw = true
240.47	EXP	text_2: text = 0
240.48499999999999	EXP	text_2: text = 16
240.502	EXP	text_2: text = 32
240.519	EXP	text_2: text = 49
240.535	EXP	text_2: text = 65
240.552	EXP	text_2: text = 83
240.568	EXP	text_2: text = 99
240.585	EXP	text_2: text = 116
240.602	EXP	text_2: text = 132
240.619	EXP	text_2: text = 149
240.635	EXP	text_2: text = 166
240.651	EXP	text_2: text = 182
240.669	EXP	text_2: text = 199
240.685	EXP	text_2: text = 216
240.702	EXP	text_2: text = 233
240.718	EXP	text_2: text = 249
240.73499999999999	EXP	text_2: text = 265
240.743	DATA	Keydown:  
240.753	EXP	text_2: text = 283
240.753	EXP	text_2: autoDraw = false
240.753	EXP	Feedback: text = 273
240.753	EXP	Feedback: autoDraw = true
241.752	EXP	Feedback: autoDraw = false
241.752	EXP	Feedback: autoDraw = false
241.752	EXP	text_3: autoDraw = true
247.61999999999998	EXP	text_3: autoDraw = false
247.61999999999998	EXP	text_3: autoDraw = false
247.61999999999998	EXP	text_2: autoDraw = true
247.61999999999998	EXP	text_2: text = 0
247.63500000000002	EXP	text_2: text = 17
247.65200000000002	EXP	text_2: text = 33
247.66799999999998	EXP	text_2: text = 49
247.68499999999997	EXP	text_2: text = 67
247.70200000000003	EXP	text_2: text = 83
247.718	EXP	text_2: text = 99
247.73499999999999	EXP	text_2: text = 117
247.75300000000001	EXP	text_2: text = 133
247.76899999999998	EXP	text_2: text = 150
247.785	EXP	text_2: text = 166
247.802	EXP	text_2: text = 183
247.818	EXP	text_2: text = 200
247.835	EXP	text_2: text = 216
247.85299999999998	EXP	text_2: text = 233
247.86800000000002	EXP	text_2: text = 249
247.88500000000002	EXP	text_2: text = 266
247.90200000000002	EXP	text_2: text = 283
247.91799999999998	EXP	text_2: text = 300
247.93499999999997	EXP	text_2: text = 316
247.95200000000003	EXP	text_2: text = 333
247.96	DATA	Keydown:  
247.97	EXP	text_2: text = 350
247.97	EXP	text_2: autoDraw = false
247.97	EXP	Feedback: text = 340
247.97	EXP	Feedback: autoDraw = true
248.968	EXP	Feedback: autoDraw = false
248.968	EXP	Feedback: autoDraw = false
248.968	EXP	text_3: autoDraw = true
258.086	EXP	text_3: autoDraw = false
258.086	EXP	text_3: autoDraw = false
258.086	EXP	text_2: autoDraw = true
258.086	EXP	text_2: text = 0
258.10200000000003	EXP	text_2: text = 16
258.11800000000005	EXP	text_2: text = 33
258.13500000000005	EXP	text_2: text = 50
258.151	EXP	text_2: text = 66
258.16700000000003	EXP	text_2: text = 83
258.184	EXP	text_2: text = 100
258.20200000000006	EXP	text_2: text = 116
258.218	EXP	text_2: text = 133
258.235	EXP	text_2: text = 150
258.25100000000003	EXP	text_2: text = 167
258.26800000000003	EXP	text_2: text = 183
258.285	EXP	text_2: text = 200
258.30300000000005	EXP	text_2: text = 216
258.31800000000004	EXP	text_2: text = 233
258.33500000000004	EXP	text_2: text = 250
258.35200000000003	EXP	text_2: text = 266
258.367	EXP	text_2: text = 284
258.384	EXP	text_2: text = 300
258.386	DATA	Keydown:  
258.40200000000004	EXP	text_2: text = 316
258.40200000000004	EXP	text_2: autoDraw = false
258.40200000000004	EXP	Feedback: text = 300
258.40200000000004	EXP	Feedback: autoDraw = true
259.403	EXP	Feedback: autoDraw = false
259.403	EXP	Feedback: autoDraw = false
259.403	EXP	text_3: autoDraw = true
265.33700000000005	EXP	text_3: autoDraw = false
265.33700000000005	EXP	text_3: autoDraw = false
265.33700000000005	EXP	text_2: autoDraw = true
265.33700000000005	EXP	text_2: text = 0
265.351	EXP	text_2: text = 16
265.367	EXP	text_2: text = 33
265.384	EXP	text_2: text = 49
265.40000000000003	EXP	text_2: text = 67
265.41700000000003	EXP	text_2: text = 83
265.434	EXP	text_2: text = 100
265.451	EXP	text_2: text = 116
265.46700000000004	EXP	text_2: text = 133
265.485	EXP	text_2: text = 149
265.50100000000003	EXP	text_2: text = 166
265.51700000000005	EXP	text_2: text = 183
265.53400000000005	EXP	text_2: text = 200
265.55100000000004	EXP	text_2: text = 217
265.56800000000004	EXP	text_2: text = 233
265.584	EXP	text_2: text = 249
265.601	EXP	text_2: text = 266
265.61800000000005	EXP	text_2: text = 283
265.63500000000005	EXP	text_2: text = 299
265.65000000000003	EXP	text_2: text = 316
265.668	EXP	text_2: text = 333
265.67600000000004	DATA	Keydown:  
265.68600000000004	EXP	text_2: text = 350
265.68600000000004	EXP	text_2: autoDraw = false
265.68600000000004	EXP	Feedback: text = 339
265.68600000000004	EXP	Feedback: autoDraw = true
266.68300000000005	EXP	Feedback: autoDraw = false
266.68300000000005	EXP	Feedback: autoDraw = false
266.68300000000005	EXP	text_3: autoDraw = true
273.009	DATA	Keydown:  
274.45200000000006	EXP	text_3: autoDraw = false
274.45200000000006	EXP	text_3: autoDraw = false
274.45200000000006	EXP	text_2: autoDraw = true
274.45200000000006	EXP	text_2: text = 0
274.46700000000004	EXP	text_2: text = 16
274.483	EXP	text_2: text = 33
274.5	EXP	text_2: text = 49
274.516	EXP	text_2: text = 67
274.535	EXP	text_2: text = 83
274.55	EXP	text_2: text = 99
274.567	EXP	text_2: text = 116
274.583	EXP	text_2: text = 134
274.6	EXP	text_2: text = 149
274.617	EXP	text_2: text = 166
274.63500000000005	EXP	text_2: text = 184
274.65000000000003	EXP	text_2: text = 200
274.66600000000005	EXP	text_2: text = 217
274.684	EXP	text_2: text = 233
274.70000000000005	EXP	text_2: text = 250
274.71700000000004	EXP	text_2: text = 267
274.73400000000004	EXP	text_2: text = 283
274.75100000000003	EXP	text_2: text = 299
274.76700000000005	EXP	text_2: text = 317
274.783	EXP	text_2: text = 333
274.785	DATA	Keydown:  
274.802	EXP	text_2: text = 350
274.802	EXP	text_2: autoDraw = false
274.802	EXP	Feedback: text = 333
274.802	EXP	Feedback: autoDraw = true
275.8	EXP	Feedback: autoDraw = false
275.8	EXP	Feedback: autoDraw = false
275.8	EXP	text_3: autoDraw = true
281.10200000000003	EXP	text_3: autoDraw = false
281.10200000000003	EXP	text_3: autoDraw = false
281.10200000000003	EXP	text_2: autoDraw = true
281.10200000000003	EXP	text_2: text = 0
281.117	EXP	text_2: text = 17
281.134	EXP	text_2: text = 34
281.151	EXP	text_2: text = 50
281.16700000000003	EXP	text_2: text = 67
281.18300000000005	EXP	text_2: text = 84
281.20000000000005	EXP	text_2: text = 101
281.21700000000004	EXP	text_2: text = 117
281.23400000000004	EXP	text_2: text = 134
281.25	EXP	text_2: text = 150
281.266	EXP	text_2: text = 167
281.283	EXP	text_2: text = 184
281.3	EXP	text_2: text = 201
281.317	EXP	text_2: text = 217
281.334	EXP	text_2: text = 234
281.34900000000005	EXP	text_2: text = 250
281.36800000000005	EXP	text_2: text = 267
281.384	EXP	text_2: text = 284
281.40000000000003	EXP	text_2: text = 300
281.418	EXP	text_2: text = 317
281.43300000000005	EXP	text_2: text = 333
281.45000000000005	EXP	text_2: text = 350
281.45200000000006	DATA	Keydown:  
281.46900000000005	EXP	text_2: text = 367
281.46900000000005	EXP	text_2: autoDraw = false
281.46900000000005	EXP	Feedback: text = 350
281.46900000000005	EXP	Feedback: autoDraw = true
282.466	EXP	Feedback: autoDraw = false
282.466	EXP	Feedback: autoDraw = false
282.466	EXP	text_3: autoDraw = true
291.15200000000004	EXP	text_3: autoDraw = false
291.15200000000004	EXP	text_3: autoDraw = false
291.15200000000004	EXP	text_2: autoDraw = true
291.15200000000004	EXP	text_2: text = 0
291.16600000000005	EXP	text_2: text = 16
291.18300000000005	EXP	text_2: text = 33
291.20000000000005	EXP	text_2: text = 50
291.216	EXP	text_2: text = 66
291.233	EXP	text_2: text = 83
291.25	EXP	text_2: text = 100
291.26700000000005	EXP	text_2: text = 116
291.283	EXP	text_2: text = 133
291.3	EXP	text_2: text = 150
291.31600000000003	EXP	text_2: text = 167
291.333	EXP	text_2: text = 184
291.35	EXP	text_2: text = 200
291.36600000000004	EXP	text_2: text = 216
291.384	EXP	text_2: text = 233
291.40000000000003	EXP	text_2: text = 250
291.41700000000003	EXP	text_2: text = 267
291.43300000000005	EXP	text_2: text = 283
291.449	EXP	text_2: text = 300
291.454	DATA	Keydown:  
291.468	EXP	text_2: text = 317
291.468	EXP	text_2: autoDraw = false
291.468	EXP	Feedback: text = 302
291.468	EXP	Feedback: autoDraw = true
292.46700000000004	EXP	Feedback: autoDraw = false
292.46700000000004	EXP	Feedback: autoDraw = false
292.46700000000004	EXP	text_3: autoDraw = true
301.16700000000003	EXP	text_3: autoDraw = false
301.16700000000003	EXP	text_3: autoDraw = false
301.16700000000003	EXP	text_2: autoDraw = true
301.16700000000003	EXP	text_2: text = 0
301.18300000000005	EXP	text_2: text = 17
301.199	EXP	text_2: text = 33
301.216	EXP	text_2: text = 50
301.233	EXP	text_2: text = 67
301.249	EXP	text_2: text = 83
301.266	EXP	text_2: text = 101
301.283	EXP	text_2: text = 117
301.29900000000004	EXP	text_2: text = 133
301.31600000000003	EXP	text_2: text = 150
301.33200000000005	EXP	text_2: text = 167
301.348	EXP	text_2: text = 184
301.36600000000004	EXP	text_2: text = 201
301.384	EXP	text_2: text = 217
301.399	EXP	text_2: text = 233
301.41600000000005	EXP	text_2: text = 250
301.43300000000005	EXP	text_2: text = 267
301.449	EXP	text_2: text = 284
301.466	EXP	text_2: text = 301
301.483	EXP	text_2: text = 317
301.49100000000004	DATA	Keydown:  
301.50100000000003	EXP	text_2: text = 334
301.50100000000003	EXP	text_2: autoDraw = false
301.50100000000003	EXP	Feedback: text = 324
301.50100000000003	EXP	Feedback: autoDraw = true
302.499	EXP	Feedback: autoDraw = false
302.499	EXP	Feedback: autoDraw = false
302.499	EXP	text_3: autoDraw = true
311.3	EXP	text_3: autoDraw = false
311.3	EXP	text_3: autoDraw = false
311.3	EXP	text_2: autoDraw = true
311.3	EXP	text_2: text = 0
311.31500000000005	EXP	text_2: text = 17
311.33200000000005	EXP	text_2: text = 34
311.348	EXP	text_2: text = 50
311.365	EXP	text_2: text = 66
311.382	EXP	text_2: text = 84
311.399	EXP	text_2: text = 100
311.41600000000005	EXP	text_2: text = 117
311.432	EXP	text_2: text = 133
311.44800000000004	EXP	text_2: text = 150
311.46500000000003	EXP	text_2: text = 166
311.482	EXP	text_2: text = 183
311.499	EXP	text_2: text = 200
311.51500000000004	EXP	text_2: text = 216
311.53200000000004	EXP	text_2: text = 233
311.54900000000004	EXP	text_2: text = 250
311.56500000000005	EXP	text_2: text = 266
311.58200000000005	EXP	text_2: text = 284
311.591	DATA	Keydown:  
311.6	EXP	text_2: text = 300
311.6	EXP	text_2: autoDraw = false
311.6	EXP	Feedback: text = 291
311.6	EXP	Feedback: autoDraw = true
312.598	EXP	Feedback: autoDraw = false
312.598	EXP	Feedback: autoDraw = false
312.598	EXP	text_3: autoDraw = true
315.482	EXP	text_3: autoDraw = false
315.482	EXP	text_3: autoDraw = false
315.482	EXP	text_2: autoDraw = true
315.482	EXP	text_2: text = 0
315.49800000000005	EXP	text_2: text = 17
315.51500000000004	EXP	text_2: text = 34
315.53200000000004	EXP	text_2: text = 50
315.548	EXP	text_2: text = 67
315.56600000000003	EXP	text_2: text = 84
315.581	EXP	text_2: text = 100
315.598	EXP	text_2: text = 117
315.61400000000003	EXP	text_2: text = 134
315.632	EXP	text_2: text = 150
315.648	EXP	text_2: text = 167
315.66600000000005	EXP	text_2: text = 184
315.682	EXP	text_2: text = 200
315.699	EXP	text_2: text = 217
315.71400000000006	EXP	text_2: text = 233
315.732	EXP	text_2: text = 251
315.74800000000005	EXP	text_2: text = 266
315.76500000000004	EXP	text_2: text = 284
315.78200000000004	EXP	text_2: text = 300
315.798	EXP	text_2: text = 317
315.81600000000003	EXP	text_2: text = 334
315.81800000000004	DATA	Keydown:  
315.834	EXP	text_2: text = 350
315.834	EXP	text_2: autoDraw = false
315.834	EXP	Feedback: text = 336
315.834	EXP	Feedback: autoDraw = true
316.831	EXP	Feedback: autoDraw = false
316.831	EXP	Feedback: autoDraw = false
316.831	EXP	text_3: autoDraw = true
325.615	EXP	text_3: autoDraw = false
325.615	EXP	text_3: autoDraw = false
325.615	EXP	text_2: autoDraw = true
325.615	EXP	text_2: text = 0
325.632	EXP	text_2: text = 17
325.649	EXP	text_2: text = 33
325.665	EXP	text_2: text = 50
325.682	EXP	text_2: text = 66
325.69800000000004	EXP	text_2: text = 84
325.71400000000006	EXP	text_2: text = 100
325.73100000000005	EXP	text_2: text = 117
325.74800000000005	EXP	text_2: text = 134
325.76500000000004	EXP	text_2: text = 150
325.781	EXP	text_2: text = 167
325.8	EXP	text_2: text = 183
325.814	EXP	text_2: text = 200
325.831	EXP	text_2: text = 216
325.848	EXP	text_2: text = 233
325.865	EXP	text_2: text = 250
325.882	EXP	text_2: text = 267
325.898	EXP	text_2: text = 283
325.91400000000004	EXP	text_2: text = 300
325.93100000000004	EXP	text_2: text = 317
325.934	DATA	Keydown:  
325.949	EXP	text_2: text = 334
325.949	EXP	text_2: autoDraw = false
325.949	EXP	Feedback: text = 319
325.949	EXP	Feedback: autoDraw = true
326.94800000000004	EXP	Feedback: autoDraw = false
326.94800000000004	EXP	Feedback: autoDraw = false
326.94800000000004	EXP	text_3: autoDraw = true
333.21500000000003	EXP	text_3: autoDraw = false
333.21500000000003	EXP	text_3: autoDraw = false
333.21500000000003	EXP	text_2: autoDraw = true
333.21500000000003	EXP	text_2: text = 0
333.23100000000005	EXP	text_2: text = 16
333.24800000000005	EXP	text_2: text = 33
333.26500000000004	EXP	text_2: text = 50
333.28200000000004	EXP	text_2: text = 66
333.297	EXP	text_2: text = 83
333.31500000000005	EXP	text_2: text = 100
333.331	EXP	text_2: text = 117
333.34700000000004	EXP	text_2: text = 133
333.365	EXP	text_2: text = 150
333.38000000000005	EXP	text_2: text = 167
333.39700000000005	EXP	text_2: text = 183
333.413	EXP	text_2: text = 200
333.43100000000004	EXP	text_2: text = 216
333.45000000000005	EXP	text_2: text = 233
333.466	EXP	text_2: text = 250
333.48100000000005	EXP	text_2: text = 267
333.49800000000005	EXP	text_2: text = 283
333.50800000000004	DATA	Keydown:  
333.516	EXP	text_2: text = 299
333.516	EXP	text_2: autoDraw = false
333.516	EXP	Feedback: text = 293
333.516	EXP	Feedback: autoDraw = true
334.52500000000003	EXP	Feedback: autoDraw = false
334.52500000000003	EXP	Feedback: autoDraw = false
334.52500000000003	EXP	End_text: autoDraw = true
348.031	DATA	Keydown:  
349.699	DATA	Keydown:  
350.41400000000004	DATA	Keydown: Enter
350.93	DATA	Keydown:  
351.20200000000006	DATA	Keydown: Enter
351.499	DATA	Keydown:  
351.83500000000004	DATA	Keydown: Enter
352.11600000000004	DATA	Keydown:  
