0.06255500001134351	EXP	Created Window = Window( name=Window, fullscr=true, color=#000000, units=height, waitBlanking=true, autoLog=true, size=[960,551] )
4.15707499999553	DATA	Keydown: undefined
11.815070000011474	EXP	Created text = TextStim( name=text, win=Window( name=Window, fullscr=true, color=#000000, ~), autoDraw=null, autoLog=true, units=height, ori=null, opacity=1, pos=[0,0], size=undefined, text=INSTRUCTIONS [EN]


A counter will appear and star~, font=Arial, color=#FFFFFF, contrast=1, height=0.03, bold=null, italic=null, alignHoriz=left, alignVert=center, wrapWidth=1, flipHoriz=null, flipVert=null )
11.816600000020117	EXP	Created text_3 = TextStim( name=text_3, win=Window( name=Window, fullscr=true, color=#000000, ~), autoDraw=null, autoLog=true, units=height, ori=null, opacity=1, pos=[0,0], size=undefined, text=null, font=Arial, color=#FFFFFF, contrast=1, height=0.1, bold=null, italic=null, alignHoriz=left, alignVert=center, wrapWidth=1, flipHoriz=null, flipVert=null )
11.817790000000969	EXP	Created text_2 = TextStim( name=text_2, win=Window( name=Window, fullscr=true, color=#000000, ~), autoDraw=null, autoLog=true, units=height, ori=null, opacity=1, pos=[0,0], size=undefined, text=default text, font=Arial, color=#ff0000, contrast=1, height=0.15, bold=null, italic=null, alignHoriz=left, alignVert=center, wrapWidth=1, flipHoriz=null, flipVert=null )
11.819450000009965	EXP	Created Feedback = TextStim( name=Feedback, win=Window( name=Window, fullscr=true, color=#000000, ~), autoDraw=null, autoLog=true, units=height, ori=null, opacity=1, pos=[0,0], size=undefined, text=default text, font=Arial, color=#ff0000, contrast=1, height=0.15, bold=null, italic=null, alignHoriz=left, alignVert=center, wrapWidth=1, flipHoriz=null, flipVert=null )
11.82062999997288	EXP	Created End_text = TextStim( name=End_text, win=Window( name=Window, fullscr=true, color=#000000, ~), autoDraw=null, autoLog=true, units=height, ori=null, opacity=1, pos=[0,0], size=undefined, text=This study aimed to look at procedural learning, i~, font=Arial, color=#FFFFFF, contrast=1, height=0.025, bold=null, italic=null, alignHoriz=left, alignVert=center, wrapWidth=1, flipHoriz=null, flipVert=null )
11.897990000026766	EXP	text: units = "height"
11.897990000026766	EXP	text: ori = 0
11.897990000026766	EXP	text: opacity = 1
11.897990000026766	EXP	text: pos = [0,0]
11.897990000026766	EXP	text: size = undefined
11.897990000026766	EXP	text: text = "INSTRUCTIONS [EN]\n\n\nA counter will appear and start counting at random times, press SPACE as fast as possible when it appears.\n\n\nPress SPACE to start\n\n-------\n\nInstruções [PT]\n\n\nUm cronómetro vai aparecer e começar a contar aleatoriamente, pressione a tecla SPACE assim que ele aparecer.\n\n\nPressiona SPACE para começar."
11.897990000026766	EXP	text: font = "Arial"
11.897990000026766	EXP	text: color = {"_hex":"#FFFFFF","_rgb":[1,1,1]}
11.897990000026766	EXP	text: contrast = 1
11.897990000026766	EXP	text: height = 0.03
11.897990000026766	EXP	text: bold = false
11.897990000026766	EXP	text: italic = false
11.897990000026766	EXP	text: alignHoriz = "left"
11.897990000026766	EXP	text: alignVert = "center"
11.897990000026766	EXP	text: wrapWidth = 1
11.897990000026766	EXP	text: flipHoriz = false
11.897990000026766	EXP	text: flipVert = false
11.897990000026766	EXP	text_3: units = "height"
11.897990000026766	EXP	text_3: ori = 0
11.897990000026766	EXP	text_3: opacity = 1
11.897990000026766	EXP	text_3: pos = [0,0]
11.897990000026766	EXP	text_3: size = undefined
11.897990000026766	EXP	text_3: text = ""
11.897990000026766	EXP	text_3: font = "Arial"
11.897990000026766	EXP	text_3: color = {"_hex":"#FFFFFF","_rgb":[1,1,1]}
11.897990000026766	EXP	text_3: contrast = 1
11.897990000026766	EXP	text_3: height = 0.1
11.897990000026766	EXP	text_3: bold = false
11.897990000026766	EXP	text_3: italic = false
11.897990000026766	EXP	text_3: alignHoriz = "left"
11.897990000026766	EXP	text_3: alignVert = "center"
11.897990000026766	EXP	text_3: wrapWidth = 1
11.897990000026766	EXP	text_3: flipHoriz = false
11.897990000026766	EXP	text_3: flipVert = false
11.897990000026766	EXP	text_2: units = "height"
11.897990000026766	EXP	text_2: ori = 0
11.897990000026766	EXP	text_2: opacity = 1
11.897990000026766	EXP	text_2: pos = [0,0]
11.897990000026766	EXP	text_2: size = undefined
11.897990000026766	EXP	text_2: text = "default text"
11.897990000026766	EXP	text_2: font = "Arial"
11.897990000026766	EXP	text_2: color = {"_rgb":[1,0,0]}
11.897990000026766	EXP	text_2: contrast = 1
11.897990000026766	EXP	text_2: height = 0.15
11.897990000026766	EXP	text_2: bold = false
11.897990000026766	EXP	text_2: italic = false
11.897990000026766	EXP	text_2: alignHoriz = "left"
11.897990000026766	EXP	text_2: alignVert = "center"
11.897990000026766	EXP	text_2: wrapWidth = 1
11.897990000026766	EXP	text_2: flipHoriz = false
11.897990000026766	EXP	text_2: flipVert = false
11.897990000026766	EXP	Feedback: units = "height"
11.897990000026766	EXP	Feedback: ori = 0
11.897990000026766	EXP	Feedback: opacity = 1
11.897990000026766	EXP	Feedback: pos = [0,0]
11.897990000026766	EXP	Feedback: size = undefined
11.897990000026766	EXP	Feedback: text = "default text"
11.897990000026766	EXP	Feedback: font = "Arial"
11.897990000026766	EXP	Feedback: color = {"_rgb":[1,0,0]}
11.897990000026766	EXP	Feedback: contrast = 1
11.897990000026766	EXP	Feedback: height = 0.15
11.897990000026766	EXP	Feedback: bold = false
11.897990000026766	EXP	Feedback: italic = false
11.897990000026766	EXP	Feedback: alignHoriz = "left"
11.897990000026766	EXP	Feedback: alignVert = "center"
11.897990000026766	EXP	Feedback: wrapWidth = 1
11.897990000026766	EXP	Feedback: flipHoriz = false
11.897990000026766	EXP	Feedback: flipVert = false
11.897990000026766	EXP	End_text: units = "height"
11.897990000026766	EXP	End_text: ori = 0
11.897990000026766	EXP	End_text: opacity = 1
11.897990000026766	EXP	End_text: pos = [0,0]
11.897990000026766	EXP	End_text: size = undefined
11.897990000026766	EXP	End_text: text = "This study aimed to look at procedural learning, i.e. our ability to extract patterns from the input that we are constantly receiving. This skill is thought to be essential for language and literacy acquisition and has been suggested as a possible underlying difficult in children with Language Impairments and Dyslexia. This study aims to improve the measures of procedural learning (the smiley face task) so that we can measure procedural learning more reliably and, in the future, analyse the performance of individuals with learning impairments.\nThank you for participating!\n\n----\n\nEste estudo tem como objectivo analisar a nossa capacidade de extrair padrões da informação que estamos constantemente a receber. Pensa-se que esta competência é essencial para a aquisição da linguagem e literacia e foi sugerido que dificuldades neste tipo de competências poderá estar relacionado com perturbações da linguagem e Dislexia. Este estudo tem como objectivo melhorar a estabilidade das medidas usadas para medir este tipo de memória (a tarefa da cara sorridente) de forma a poder medir de forma mais precisa e, no futuro, analisar a performance de indivíduos com perturbações da aprendizagem. \nMuito obrigada por ter participado!"
11.897990000026766	EXP	End_text: font = "Arial"
11.897990000026766	EXP	End_text: color = {"_hex":"#FFFFFF","_rgb":[1,1,1]}
11.897990000026766	EXP	End_text: contrast = 1
11.897990000026766	EXP	End_text: height = 0.025
11.897990000026766	EXP	End_text: bold = false
11.897990000026766	EXP	End_text: italic = false
11.897990000026766	EXP	End_text: alignHoriz = "left"
11.897990000026766	EXP	End_text: alignVert = "center"
11.897990000026766	EXP	End_text: wrapWidth = 1
11.897990000026766	EXP	End_text: flipHoriz = false
11.897990000026766	EXP	End_text: flipVert = false
11.897990000026766	EXP	text: autoDraw = true
21.694644999981392	DATA	Keydown:  
21.719510000024457	EXP	text: autoDraw = false
21.719510000024457	EXP	text_3: autoDraw = true
26.686779999989085	EXP	text_3: autoDraw = false
26.686779999989085	EXP	text_3: autoDraw = false
26.686779999989085	EXP	text_2: autoDraw = true
26.686779999989085	EXP	text_2: text = 1
26.702845000021625	EXP	text_2: text = 42
26.732305000012275	EXP	text_2: text = 71
26.75114000000758	EXP	text_2: text = 90
26.776300000026822	EXP	text_2: text = 112
26.808795000019018	EXP	text_2: text = 149
26.832809999992605	EXP	text_2: text = 172
26.86575499997707	EXP	text_2: text = 207
26.88405499997316	EXP	text_2: text = 224
26.905480000015814	EXP	text_2: text = 244
26.942860000010114	EXP	text_2: text = 283
26.966079999983776	EXP	text_2: text = 303
26.983530000026803	DATA	Keydown:  
26.998130000021774	EXP	text_2: text = 338
26.998130000021774	EXP	text_2: autoDraw = false
26.998130000021774	EXP	Feedback: text = 297
26.998130000021774	EXP	Feedback: autoDraw = true
27.994479999993928	EXP	Feedback: autoDraw = false
27.994479999993928	EXP	Feedback: autoDraw = false
27.994479999993928	EXP	text_3: autoDraw = true
31.26455999998143	EXP	text_3: autoDraw = false
31.26455999998143	EXP	text_3: autoDraw = false
31.26455999998143	EXP	text_2: autoDraw = true
31.26455999998143	EXP	text_2: text = 0
31.286215000029188	EXP	text_2: text = 28
31.309599999978673	EXP	text_2: text = 52
31.336739999998827	EXP	text_2: text = 78
31.359364999982063	EXP	text_2: text = 102
31.387679999985266	EXP	text_2: text = 128
31.417904999980237	EXP	text_2: text = 161
31.438469999993686	EXP	text_2: text = 179
31.468044999986887	EXP	text_2: text = 211
31.492224999994505	EXP	text_2: text = 235
31.52220499998657	EXP	text_2: text = 265
31.537940000009257	EXP	text_2: text = 281
31.569360000023153	EXP	text_2: text = 313
31.592620000010356	EXP	text_2: text = 335
31.612145000020973	DATA	Keydown:  
31.624435000005178	EXP	text_2: text = 364
31.624435000005178	EXP	text_2: autoDraw = false
31.624435000005178	EXP	Feedback: text = 348
31.624435000005178	EXP	Feedback: autoDraw = true
32.63211000000592	EXP	Feedback: autoDraw = false
32.63211000000592	EXP	Feedback: autoDraw = false
32.63211000000592	EXP	text_3: autoDraw = true
38.03613999998197	EXP	text_3: autoDraw = false
38.03613999998197	EXP	text_3: autoDraw = false
38.03613999998197	EXP	text_2: autoDraw = true
38.03613999998197	EXP	text_2: text = 0
38.05947500001639	EXP	text_2: text = 25
38.115400000009686	EXP	text_2: text = 81
38.14993000001414	EXP	text_2: text = 113
38.18431500002043	EXP	text_2: text = 149
38.21748500003014	EXP	text_2: text = 181
38.24917500000447	EXP	text_2: text = 214
38.277089999988675	EXP	text_2: text = 242
38.293839999998454	EXP	text_2: text = 259
38.3392950000125	EXP	text_2: text = 304
38.368284999975	EXP	text_2: text = 332
38.407204999995884	DATA	Keydown:  
38.412959999986924	EXP	text_2: text = 375
38.412959999986924	EXP	text_2: autoDraw = false
38.412959999986924	EXP	Feedback: text = 371
38.412959999986924	EXP	Feedback: autoDraw = true
39.43464500003029	EXP	Feedback: autoDraw = false
39.43464500003029	EXP	Feedback: autoDraw = false
39.43464500003029	EXP	text_3: autoDraw = true
46.53787499997998	EXP	text_3: autoDraw = false
46.53787499997998	EXP	text_3: autoDraw = false
46.53787499997998	EXP	text_2: autoDraw = true
46.53787499997998	EXP	text_2: text = 0
46.57166000001598	EXP	text_2: text = 36
46.59276500000851	EXP	text_2: text = 58
46.62153499998385	EXP	text_2: text = 86
46.649124999996275	EXP	text_2: text = 114
46.67223000002559	EXP	text_2: text = 136
46.69441499997629	EXP	text_2: text = 159
46.72444000001997	EXP	text_2: text = 188
46.746939999982715	EXP	text_2: text = 212
46.77134500001557	EXP	text_2: text = 235
46.7892700000084	EXP	text_2: text = 253
46.812455000006594	EXP	text_2: text = 277
46.836940000008326	EXP	text_2: text = 298
46.86110999999801	DATA	Keydown:  
46.86593999998877	EXP	text_2: text = 329
46.86593999998877	EXP	text_2: autoDraw = false
46.86593999998877	EXP	Feedback: text = 324
46.86593999998877	EXP	Feedback: autoDraw = true
47.8585300000268	EXP	Feedback: autoDraw = false
47.8585300000268	EXP	Feedback: autoDraw = false
47.8585300000268	EXP	text_3: autoDraw = true
57.62615000002552	EXP	text_3: autoDraw = false
57.62615000002552	EXP	text_3: autoDraw = false
57.62615000002552	EXP	text_2: autoDraw = true
57.62615000002552	EXP	text_2: text = 0
57.64104999997653	EXP	text_2: text = 16
57.67087500001071	EXP	text_2: text = 46
57.69426999997813	EXP	text_2: text = 69
57.71848999999929	EXP	text_2: text = 93
57.744940000004135	EXP	text_2: text = 120
57.76854000001913	EXP	text_2: text = 143
57.795395000022836	EXP	text_2: text = 169
57.82397000002675	EXP	text_2: text = 199
57.850774999998976	EXP	text_2: text = 225
57.8705450000125	EXP	text_2: text = 245
57.896360000013374	EXP	text_2: text = 268
57.92208500002744	EXP	text_2: text = 297
57.945309999980964	EXP	text_2: text = 319
57.98751499998616	DATA	Keydown:  
57.991459999990184	EXP	text_2: text = 366
57.991459999990184	EXP	text_2: autoDraw = false
57.991459999990184	EXP	Feedback: text = 362
57.991459999990184	EXP	Feedback: autoDraw = true
59.00693999999203	EXP	Feedback: autoDraw = false
59.00693999999203	EXP	Feedback: autoDraw = false
59.00693999999203	EXP	text_3: autoDraw = true
66.88432000001194	EXP	text_3: autoDraw = false
66.88432000001194	EXP	text_3: autoDraw = false
66.88432000001194	EXP	text_2: autoDraw = true
66.88432000001194	EXP	text_2: text = 0
66.90610500000184	EXP	text_2: text = 23
66.93215499998769	EXP	text_2: text = 51
66.95966499997303	EXP	text_2: text = 78
66.98114500002703	EXP	text_2: text = 100
67.00978500000201	EXP	text_2: text = 128
67.030390000029	EXP	text_2: text = 149
67.06080500001553	EXP	text_2: text = 179
67.08096500003012	EXP	text_2: text = 199
67.10879000002751	EXP	text_2: text = 225
67.13429999997607	EXP	text_2: text = 252
67.16188999998849	EXP	text_2: text = 281
67.18266500002937	EXP	text_2: text = 301
67.20925999997417	EXP	text_2: text = 325
67.22544499998912	DATA	Keydown:  
67.23907000001054	EXP	text_2: text = 354
67.23907000001054	EXP	text_2: autoDraw = false
67.23907000001054	EXP	Feedback: text = 341
67.23907000001054	EXP	Feedback: autoDraw = true
68.24112500000047	EXP	Feedback: autoDraw = false
68.24112500000047	EXP	Feedback: autoDraw = false
68.24112500000047	EXP	text_3: autoDraw = true
71.49587500002235	EXP	text_3: autoDraw = false
71.49587500002235	EXP	text_3: autoDraw = false
71.49587500002235	EXP	text_2: autoDraw = true
71.49587500002235	EXP	text_2: text = 0
71.51403500000015	EXP	text_2: text = 21
71.54707999998936	EXP	text_2: text = 54
71.56756499997573	EXP	text_2: text = 74
71.58863499999279	EXP	text_2: text = 93
71.62281999998959	EXP	text_2: text = 129
71.64458999998169	EXP	text_2: text = 151
71.67910499998834	EXP	text_2: text = 186
71.70088499999838	EXP	text_2: text = 208
71.73126999998931	EXP	text_2: text = 238
71.75032500002999	EXP	text_2: text = 257
71.78178999997908	EXP	text_2: text = 288
71.80121000000509	EXP	text_2: text = 307
71.82068000000436	EXP	text_2: text = 327
71.84938999998849	DATA	Keydown:  
71.86220500001218	EXP	text_2: text = 368
71.86220500001218	EXP	text_2: autoDraw = false
71.86220500001218	EXP	Feedback: text = 354
71.86220500001218	EXP	Feedback: autoDraw = true
72.85964999999851	EXP	Feedback: autoDraw = false
72.85964999999851	EXP	Feedback: autoDraw = false
72.85964999999851	EXP	text_3: autoDraw = true
76.3515400000033	EXP	text_3: autoDraw = false
76.3515400000033	EXP	text_3: autoDraw = false
76.3515400000033	EXP	text_2: autoDraw = true
76.3515400000033	EXP	text_2: text = 0
76.37170499999775	EXP	text_2: text = 22
76.398675000004	EXP	text_2: text = 47
76.42146500002127	EXP	text_2: text = 71
76.45176500000525	EXP	text_2: text = 101
76.47289999999339	EXP	text_2: text = 122
76.49971499998355	EXP	text_2: text = 148
76.52050500002224	EXP	text_2: text = 169
76.55122999998275	EXP	text_2: text = 201
76.5732549999957	EXP	text_2: text = 222
76.60292500001378	EXP	text_2: text = 252
76.62575499998638	EXP	text_2: text = 273
76.65071499999613	DATA	Keydown:  
76.65488500002539	EXP	text_2: text = 302
76.65488500002539	EXP	text_2: autoDraw = false
76.65488500002539	EXP	Feedback: text = 299
76.65488500002539	EXP	Feedback: autoDraw = true
77.6531149999937	EXP	Feedback: autoDraw = false
77.6531149999937	EXP	Feedback: autoDraw = false
77.6531149999937	EXP	text_3: autoDraw = true
83.23674000002211	EXP	text_3: autoDraw = false
83.23674000002211	EXP	text_3: autoDraw = false
83.23674000002211	EXP	text_2: autoDraw = true
83.23674000002211	EXP	text_2: text = 0
83.25637000001734	EXP	text_2: text = 22
83.28879500000039	EXP	text_2: text = 54
83.31223500001943	EXP	text_2: text = 77
83.34139999997569	EXP	text_2: text = 106
83.36660000000848	EXP	text_2: text = 130
83.38670999999158	EXP	text_2: text = 151
83.41641499998514	EXP	text_2: text = 180
83.44072999997297	EXP	text_2: text = 206
83.47025999997277	EXP	text_2: text = 234
83.49364499998046	EXP	text_2: text = 259
83.52347000001464	EXP	text_2: text = 288
83.54881499998737	EXP	text_2: text = 312
83.56586999999126	DATA	Keydown:  
83.58322999998927	EXP	text_2: text = 345
83.58322999998927	EXP	text_2: autoDraw = false
83.58322999998927	EXP	Feedback: text = 329
83.58322999998927	EXP	Feedback: autoDraw = true
84.5711349999765	EXP	Feedback: autoDraw = false
84.5711349999765	EXP	Feedback: autoDraw = false
84.5711349999765	EXP	text_3: autoDraw = true
89.71314000000712	EXP	text_3: autoDraw = false
89.71314000000712	EXP	text_3: autoDraw = false
89.71314000000712	EXP	text_2: autoDraw = true
89.71314000000712	EXP	text_2: text = 0
89.73573000001488	EXP	text_2: text = 23
89.77455500001088	EXP	text_2: text = 63
89.81426000001375	EXP	text_2: text = 103
89.84027500002412	EXP	text_2: text = 127
89.87486999999965	EXP	text_2: text = 163
89.89754500001436	EXP	text_2: text = 186
89.92653499997687	EXP	text_2: text = 215
89.94635500002187	EXP	text_2: text = 235
89.97733500000322	EXP	text_2: text = 266
90.00270499999169	EXP	text_2: text = 290
90.02565500000492	EXP	text_2: text = 311
90.04128499998478	DATA	Keydown:  
90.0568150000181	EXP	text_2: text = 342
90.0568150000181	EXP	text_2: autoDraw = false
90.0568150000181	EXP	Feedback: text = 328
90.0568150000181	EXP	Feedback: autoDraw = true
91.06431500002509	EXP	Feedback: autoDraw = false
91.06431500002509	EXP	Feedback: autoDraw = false
91.06431500002509	EXP	text_3: autoDraw = true
99.15249000000767	EXP	text_3: autoDraw = false
99.15249000000767	EXP	text_3: autoDraw = false
99.15249000000767	EXP	text_2: autoDraw = true
99.15249000000767	EXP	text_2: text = 0
99.17429499997525	EXP	text_2: text = 23
99.2056749999756	EXP	text_2: text = 55
99.23146999999881	EXP	text_2: text = 80
99.25447500002338	EXP	text_2: text = 104
99.28607999999076	EXP	text_2: text = 135
99.3110549999983	EXP	text_2: text = 160
99.33676999999443	EXP	text_2: text = 186
99.36337500001537	EXP	text_2: text = 211
99.3883050000295	EXP	text_2: text = 238
99.41518499999074	EXP	text_2: text = 263
99.4393600000185	EXP	text_2: text = 288
99.46753000002354	EXP	text_2: text = 316
99.48876500001643	DATA	Keydown:  
99.49825000000419	EXP	text_2: text = 342
99.49825000000419	EXP	text_2: autoDraw = false
99.49825000000419	EXP	Feedback: text = 336
99.49825000000419	EXP	Feedback: autoDraw = true
100.496604999993	EXP	Feedback: autoDraw = false
100.496604999993	EXP	Feedback: autoDraw = false
100.496604999993	EXP	text_3: autoDraw = true
108.55433499999344	EXP	text_3: autoDraw = false
108.55433499999344	EXP	text_3: autoDraw = false
108.55433499999344	EXP	text_2: autoDraw = true
108.55433499999344	EXP	text_2: text = 0
108.57857499999227	EXP	text_2: text = 27
108.60824000003049	EXP	text_2: text = 57
108.63290000002598	EXP	text_2: text = 80
108.65467000001809	EXP	text_2: text = 102
108.68916499998886	EXP	text_2: text = 137
108.71263000002364	EXP	text_2: text = 161
108.7432549999794	EXP	text_2: text = 192
108.76292000000831	EXP	text_2: text = 211
108.78160500002559	EXP	text_2: text = 229
108.80438500002492	EXP	text_2: text = 252
108.82842500001425	EXP	text_2: text = 276
108.8560399999842	EXP	text_2: text = 303
108.87797500001034	EXP	text_2: text = 324
108.89779000001727	DATA	Keydown:  
108.92686499998672	EXP	text_2: text = 373
108.92686499998672	EXP	text_2: autoDraw = false
108.92686499998672	EXP	Feedback: text = 344
108.92686499998672	EXP	Feedback: autoDraw = true
109.91769500001101	EXP	Feedback: autoDraw = false
109.91769500001101	EXP	Feedback: autoDraw = false
109.91769500001101	EXP	text_3: autoDraw = true
111.87187500001164	DATA	Keydown:  
112.2736450000084	EXP	text_3: autoDraw = false
112.2736450000084	EXP	text_3: autoDraw = false
112.2736450000084	EXP	text_2: autoDraw = true
112.2736450000084	EXP	text_2: text = 0
112.29556499997852	EXP	text_2: text = 29
112.3295550000039	EXP	text_2: text = 63
112.34879499999806	EXP	text_2: text = 82
112.3678400000208	EXP	text_2: text = 100
112.40504500002135	EXP	text_2: text = 137
112.42571500001941	EXP	text_2: text = 159
112.45385500002885	EXP	text_2: text = 186
112.47678999998607	EXP	text_2: text = 210
112.50702999997884	EXP	text_2: text = 239
112.53126999997767	EXP	text_2: text = 265
112.56193000002531	EXP	text_2: text = 295
112.58840000000782	EXP	text_2: text = 321
112.60909500002163	EXP	text_2: text = 340
112.63888500002213	EXP	text_2: text = 371
112.66036999999778	EXP	text_2: text = 394
112.69031500001438	EXP	text_2: text = 423
112.71045000001322	EXP	text_2: text = 443
112.74212000000989	EXP	text_2: text = 475
112.75689499999862	DATA	Keydown:  
112.77263999998104	EXP	text_2: text = 502
112.77263999998104	EXP	text_2: autoDraw = false
112.77263999998104	EXP	Feedback: text = 484
112.77263999998104	EXP	Feedback: autoDraw = true
113.76955999998609	EXP	Feedback: autoDraw = false
113.76955999998609	EXP	Feedback: autoDraw = false
113.76955999998609	EXP	text_3: autoDraw = true
118.13299499999266	EXP	text_3: autoDraw = false
118.13299499999266	EXP	text_3: autoDraw = false
118.13299499999266	EXP	text_2: autoDraw = true
118.13299499999266	EXP	text_2: text = 0
118.14916000002995	EXP	text_2: text = 18
118.18176499998663	EXP	text_2: text = 50
118.20218000002205	EXP	text_2: text = 71
118.23151000001235	EXP	text_2: text = 100
118.25346500001615	EXP	text_2: text = 122
118.28407499997411	EXP	text_2: text = 153
118.30320999998366	EXP	text_2: text = 172
118.33218999998644	EXP	text_2: text = 201
118.3572849999764	EXP	text_2: text = 226
118.38156499998877	EXP	text_2: text = 250
118.40992499998538	EXP	text_2: text = 277
118.43400000000838	EXP	text_2: text = 303
118.46387500001583	EXP	text_2: text = 332
118.4873249999946	EXP	text_2: text = 356
118.5057449999731	DATA	Keydown:  
118.52055499999551	EXP	text_2: text = 384
118.52055499999551	EXP	text_2: autoDraw = false
118.52055499999551	EXP	Feedback: text = 373
118.52055499999551	EXP	Feedback: autoDraw = true
119.51367499999469	EXP	Feedback: autoDraw = false
119.51367499999469	EXP	Feedback: autoDraw = false
119.51367499999469	EXP	text_3: autoDraw = true
122.59678999998141	EXP	text_3: autoDraw = false
122.59678999998141	EXP	text_3: autoDraw = false
122.59678999998141	EXP	text_2: autoDraw = true
122.59678999998141	EXP	text_2: text = 0
122.61867499997607	EXP	text_2: text = 24
122.64832500001648	EXP	text_2: text = 53
122.67114500002936	EXP	text_2: text = 77
122.69887500000186	EXP	text_2: text = 104
122.72187499998836	EXP	text_2: text = 127
122.75015999999596	EXP	text_2: text = 155
122.77062999998452	EXP	text_2: text = 176
122.80202499998268	EXP	text_2: text = 207
122.82494999998016	EXP	text_2: text = 230
122.85359499999322	EXP	text_2: text = 259
122.88271999999415	EXP	text_2: text = 287
122.9062799999956	EXP	text_2: text = 312
122.93177999998443	EXP	text_2: text = 335
122.9459200000274	DATA	Keydown:  
122.96686500002397	EXP	text_2: text = 370
122.96686500002397	EXP	text_2: autoDraw = false
122.96686500002397	EXP	Feedback: text = 349
122.96686500002397	EXP	Feedback: autoDraw = true
123.96230499999365	EXP	Feedback: autoDraw = false
123.96230499999365	EXP	Feedback: autoDraw = false
123.96230499999365	EXP	text_3: autoDraw = true
130.6933999999892	EXP	text_3: autoDraw = false
130.6933999999892	EXP	text_3: autoDraw = false
130.6933999999892	EXP	text_2: autoDraw = true
130.6933999999892	EXP	text_2: text = 0
130.72120500000892	EXP	text_2: text = 28
130.74447500001406	EXP	text_2: text = 52
130.7726150000235	EXP	text_2: text = 80
130.7955550000188	EXP	text_2: text = 103
130.8249150000047	EXP	text_2: text = 132
130.84557499998482	EXP	text_2: text = 153
130.87874000001466	EXP	text_2: text = 186
130.89964000001783	EXP	text_2: text = 205
130.92981499998132	EXP	text_2: text = 237
130.95714000001317	EXP	text_2: text = 264
130.97755000001052	EXP	text_2: text = 285
130.99596500000916	DATA	Keydown:  
131.0163150000153	EXP	text_2: text = 321
131.0163150000153	EXP	text_2: autoDraw = false
131.0163150000153	EXP	Feedback: text = 303
131.0163150000153	EXP	Feedback: autoDraw = true
132.02581500000088	EXP	Feedback: autoDraw = false
132.02581500000088	EXP	Feedback: autoDraw = false
132.02581500000088	EXP	text_3: autoDraw = true
134.1869300000253	EXP	text_3: autoDraw = false
134.1869300000253	EXP	text_3: autoDraw = false
134.1869300000253	EXP	text_2: autoDraw = true
134.1869300000253	EXP	text_2: text = 0
134.21932500001276	EXP	text_2: text = 35
134.24141499999678	EXP	text_2: text = 57
134.26299999997718	EXP	text_2: text = 79
134.28457499999786	EXP	text_2: text = 100
134.32127499999478	EXP	text_2: text = 137
134.345810000028	EXP	text_2: text = 162
134.37394999997923	EXP	text_2: text = 190
134.39691499999026	EXP	text_2: text = 213
134.421800000011	EXP	text_2: text = 237
134.43855500000063	EXP	text_2: text = 254
134.4651549999835	EXP	text_2: text = 281
134.48713000002317	EXP	text_2: text = 303
134.52014500001678	EXP	text_2: text = 332
134.5316800000146	DATA	Keydown:  
134.54295500001172	EXP	text_2: text = 355
134.54295500001172	EXP	text_2: autoDraw = false
134.54295500001172	EXP	Feedback: text = 345
134.54295500001172	EXP	Feedback: autoDraw = true
135.5437699999893	EXP	Feedback: autoDraw = false
135.5437699999893	EXP	Feedback: autoDraw = false
135.5437699999893	EXP	text_3: autoDraw = true
140.79113999998663	EXP	text_3: autoDraw = false
140.79113999998663	EXP	text_3: autoDraw = false
140.79113999998663	EXP	text_2: autoDraw = true
140.79113999998663	EXP	text_2: text = 0
140.81802000000607	EXP	text_2: text = 30
140.8412600000156	EXP	text_2: text = 53
140.86285500001395	EXP	text_2: text = 75
140.88923000002978	EXP	text_2: text = 100
140.91776500002015	EXP	text_2: text = 130
140.9401749999961	EXP	text_2: text = 150
140.96883000002708	EXP	text_2: text = 181
140.99164999998175	EXP	text_2: text = 203
141.01835000002757	EXP	text_2: text = 230
141.04038500000024	EXP	text_2: text = 251
141.06951499998104	EXP	text_2: text = 281
141.09781000000658	EXP	text_2: text = 309
141.112844999996	DATA	Keydown:  
141.11852499999804	EXP	text_2: text = 328
141.11852499999804	EXP	text_2: autoDraw = false
141.11852499999804	EXP	Feedback: text = 322
141.11852499999804	EXP	Feedback: autoDraw = true
142.1073150000302	EXP	Feedback: autoDraw = false
142.1073150000302	EXP	Feedback: autoDraw = false
142.1073150000302	EXP	text_3: autoDraw = true
144.9888599999831	EXP	text_3: autoDraw = false
144.9888599999831	EXP	text_3: autoDraw = false
144.9888599999831	EXP	text_2: autoDraw = true
144.9888599999831	EXP	text_2: text = 0
145.01004000002285	EXP	text_2: text = 22
145.02886500000022	EXP	text_2: text = 40
145.0544949999894	EXP	text_2: text = 67
145.07466500002192	EXP	text_2: text = 87
145.09999999997672	EXP	text_2: text = 111
145.12257499998668	EXP	text_2: text = 135
145.15246499999193	EXP	text_2: text = 164
145.1734900000156	EXP	text_2: text = 185
145.19920999999158	EXP	text_2: text = 210
145.2223900000099	EXP	text_2: text = 234
145.25132500001928	EXP	text_2: text = 262
145.27217499999097	EXP	text_2: text = 283
145.30300999997417	EXP	text_2: text = 315
145.32650000002468	EXP	text_2: text = 337
145.35555999999633	EXP	text_2: text = 367
145.36985999997705	DATA	Keydown:  
145.37693999998737	EXP	text_2: text = 386
145.37693999998737	EXP	text_2: autoDraw = false
145.37693999998737	EXP	Feedback: text = 381
145.37693999998737	EXP	Feedback: autoDraw = true
146.37283000000753	EXP	Feedback: autoDraw = false
146.37283000000753	EXP	Feedback: autoDraw = false
146.37283000000753	EXP	text_3: autoDraw = true
149.5266999999876	EXP	text_3: autoDraw = false
149.5266999999876	EXP	text_3: autoDraw = false
149.5266999999876	EXP	text_2: autoDraw = true
149.5266999999876	EXP	text_2: text = 0
149.54780000000028	EXP	text_2: text = 21
149.57442499999888	EXP	text_2: text = 48
149.5985450000153	EXP	text_2: text = 72
149.62144000001717	EXP	text_2: text = 96
149.64917500002775	EXP	text_2: text = 122
149.67519999999786	EXP	text_2: text = 150
149.70431499998085	EXP	text_2: text = 177
149.72503000003053	EXP	text_2: text = 199
149.75285500002792	EXP	text_2: text = 225
149.77566500002285	EXP	text_2: text = 250
149.8063850000035	EXP	text_2: text = 281
149.83040999999503	EXP	text_2: text = 303
149.85989000002155	EXP	text_2: text = 334
149.87894000002416	DATA	Keydown:  
149.8870599999791	EXP	text_2: text = 357
149.8870599999791	EXP	text_2: autoDraw = false
149.8870599999791	EXP	Feedback: text = 352
149.8870599999791	EXP	Feedback: autoDraw = true
150.88654500001576	EXP	Feedback: autoDraw = false
150.88654500001576	EXP	Feedback: autoDraw = false
150.88654500001576	EXP	text_3: autoDraw = true
158.74649500002852	EXP	text_3: autoDraw = false
158.74649500002852	EXP	text_3: autoDraw = false
158.74649500002852	EXP	text_2: autoDraw = true
158.74649500002852	EXP	text_2: text = 0
158.77419000002556	EXP	text_2: text = 33
158.7951100000064	EXP	text_2: text = 51
158.82417999999598	EXP	text_2: text = 83
158.8454700000002	EXP	text_2: text = 105
158.87551500002155	EXP	text_2: text = 133
158.89805499999784	EXP	text_2: text = 157
158.93167000001995	EXP	text_2: text = 191
158.95533500000602	EXP	text_2: text = 214
158.97778000001563	EXP	text_2: text = 236
159.00669000000926	EXP	text_2: text = 265
159.0272250000271	EXP	text_2: text = 286
159.06115999998292	EXP	text_2: text = 320
159.0806899999734	DATA	Keydown:  
159.08367999998154	EXP	text_2: text = 342
159.08367999998154	EXP	text_2: autoDraw = false
159.08367999998154	EXP	Feedback: text = 334
159.08367999998154	EXP	Feedback: autoDraw = true
160.09448999998858	EXP	Feedback: autoDraw = false
160.09448999998858	EXP	Feedback: autoDraw = false
160.09448999998858	EXP	text_3: autoDraw = true
166.33220000000438	EXP	text_3: autoDraw = false
166.33220000000438	EXP	text_3: autoDraw = false
166.33220000000438	EXP	text_2: autoDraw = true
166.33220000000438	EXP	text_2: text = 0
166.3544450000045	EXP	text_2: text = 25
166.37842999998247	EXP	text_2: text = 49
166.4031599999871	EXP	text_2: text = 74
166.43167000001995	EXP	text_2: text = 102
166.45131999999285	EXP	text_2: text = 121
166.48027000000002	EXP	text_2: text = 150
166.50025500002084	EXP	text_2: text = 170
166.52937000000384	EXP	text_2: text = 199
166.55236500001047	EXP	text_2: text = 223
166.5812150000129	EXP	text_2: text = 251
166.60508000000846	EXP	text_2: text = 276
166.63396499998635	EXP	text_2: text = 304
166.6569550000131	EXP	text_2: text = 327
166.6829349999898	EXP	text_2: text = 352
166.70851500000572	DATA	Keydown:  
166.71712500002468	EXP	text_2: text = 386
166.71712500002468	EXP	text_2: autoDraw = false
166.71712500002468	EXP	Feedback: text = 377
166.71712500002468	EXP	Feedback: autoDraw = true
167.71824000001652	EXP	Feedback: autoDraw = false
167.71824000001652	EXP	Feedback: autoDraw = false
167.71824000001652	EXP	text_3: autoDraw = true
170.3667799999821	EXP	text_3: autoDraw = false
170.3667799999821	EXP	text_3: autoDraw = false
170.3667799999821	EXP	text_2: autoDraw = true
170.3667799999821	EXP	text_2: text = 0
170.3956350000226	EXP	text_2: text = 31
170.41713999997592	EXP	text_2: text = 52
170.454859999998	EXP	text_2: text = 91
170.48074500000803	EXP	text_2: text = 116
170.5062700000126	EXP	text_2: text = 142
170.53451500000665	EXP	text_2: text = 170
170.55456499999855	EXP	text_2: text = 191
170.5809850000078	EXP	text_2: text = 217
170.59825999999885	EXP	text_2: text = 233
170.61895500001265	EXP	text_2: text = 253
170.64677500003017	EXP	text_2: text = 280
170.67580000002636	EXP	text_2: text = 311
170.69797500001732	EXP	text_2: text = 332
170.72523999999976	EXP	text_2: text = 361
170.75594000000274	EXP	text_2: text = 388
170.7697899999912	DATA	Keydown:  
170.77905499999179	EXP	text_2: text = 411
170.77905499999179	EXP	text_2: autoDraw = false
170.77905499999179	EXP	Feedback: text = 403
170.77905499999179	EXP	Feedback: autoDraw = true
171.77386499999557	EXP	Feedback: autoDraw = false
171.77386499999557	EXP	Feedback: autoDraw = false
171.77386499999557	EXP	text_3: autoDraw = true
179.1477849999792	EXP	text_3: autoDraw = false
179.1477849999792	EXP	text_3: autoDraw = false
179.1477849999792	EXP	text_2: autoDraw = true
179.1477849999792	EXP	text_2: text = 0
179.16921999998158	EXP	text_2: text = 23
179.19477000000188	EXP	text_2: text = 49
179.225139999995	EXP	text_2: text = 76
179.247955000028	EXP	text_2: text = 102
179.27736000000732	EXP	text_2: text = 131
179.297750000027	EXP	text_2: text = 151
179.32589999999618	EXP	text_2: text = 178
179.3468850000063	EXP	text_2: text = 201
179.3739400000195	EXP	text_2: text = 226
179.3961850000196	EXP	text_2: text = 250
179.4267150000087	EXP	text_2: text = 280
179.44881999999052	EXP	text_2: text = 302
179.47772000002442	EXP	text_2: text = 330
179.4998149999883	DATA	Keydown:  
179.51737000001594	EXP	text_2: text = 369
179.51737000001594	EXP	text_2: autoDraw = false
179.51737000001594	EXP	Feedback: text = 352
179.51737000001594	EXP	Feedback: autoDraw = true
180.52517500001704	EXP	Feedback: autoDraw = false
180.52517500001704	EXP	Feedback: autoDraw = false
180.52517500001704	EXP	text_3: autoDraw = true
189.34773500001756	EXP	text_3: autoDraw = false
189.34773500001756	EXP	text_3: autoDraw = false
189.34773500001756	EXP	text_2: autoDraw = true
189.34773500001756	EXP	text_2: text = 0
189.370019999973	EXP	text_2: text = 26
189.39260000002105	EXP	text_2: text = 47
189.42106500000227	EXP	text_2: text = 77
189.4452099999762	EXP	text_2: text = 100
189.470084999979	EXP	text_2: text = 125
189.49970500002382	EXP	text_2: text = 155
189.52210000000196	EXP	text_2: text = 178
189.55258499999763	EXP	text_2: text = 208
189.5774199999869	EXP	text_2: text = 231
189.6042899999884	EXP	text_2: text = 260
189.6250449999934	EXP	text_2: text = 280
189.6674650000059	EXP	text_2: text = 323
189.6824899999774	DATA	Keydown:  
189.69413999997778	EXP	text_2: text = 348
189.69413999997778	EXP	text_2: autoDraw = false
189.69413999997778	EXP	Feedback: text = 335
189.69413999997778	EXP	Feedback: autoDraw = true
190.68828000000212	EXP	Feedback: autoDraw = false
190.68828000000212	EXP	Feedback: autoDraw = false
190.68828000000212	EXP	text_3: autoDraw = true
191.2109300000011	DATA	Keydown:  
197.85418999998365	EXP	text_3: autoDraw = false
197.85418999998365	EXP	text_3: autoDraw = false
197.85418999998365	EXP	text_2: autoDraw = true
197.85418999998365	EXP	text_2: text = 0
197.88739500002703	EXP	text_2: text = 37
197.91142999997828	EXP	text_2: text = 62
197.94121499999892	EXP	text_2: text = 92
197.96368500002427	EXP	text_2: text = 114
197.99316000001272	EXP	text_2: text = 144
198.0171299999929	EXP	text_2: text = 166
198.04228499997407	EXP	text_2: text = 192
198.0673100000131	EXP	text_2: text = 218
198.08977500000037	EXP	text_2: text = 240
198.11982500000158	EXP	text_2: text = 269
198.1400550000253	EXP	text_2: text = 288
198.15708500001347	DATA	Keydown:  
198.16143500001635	EXP	text_2: text = 310
198.16143500001635	EXP	text_2: autoDraw = false
198.16143500001635	EXP	Feedback: text = 303
198.16143500001635	EXP	Feedback: autoDraw = true
199.1755450000055	EXP	Feedback: autoDraw = false
199.1755450000055	EXP	Feedback: autoDraw = false
199.1755450000055	EXP	text_3: autoDraw = true
203.3418449999881	EXP	text_3: autoDraw = false
203.3418449999881	EXP	text_3: autoDraw = false
203.3418449999881	EXP	text_2: autoDraw = true
203.3418449999881	EXP	text_2: text = 0
203.36054000002332	EXP	text_2: text = 22
203.3894100000034	EXP	text_2: text = 49
203.40974500001175	EXP	text_2: text = 71
203.4440150000155	EXP	text_2: text = 105
203.46581000002334	EXP	text_2: text = 127
203.49514000001363	EXP	text_2: text = 156
203.51759499998298	EXP	text_2: text = 179
203.54768499999773	EXP	text_2: text = 209
203.57263000000967	EXP	text_2: text = 234
203.59815500001423	EXP	text_2: text = 259
203.62659499997972	EXP	text_2: text = 287
203.64601999998558	EXP	text_2: text = 307
203.68352999998024	EXP	text_2: text = 344
203.69871000002604	DATA	Keydown:  
203.7237150000292	EXP	text_2: text = 382
203.7237150000292	EXP	text_2: autoDraw = false
203.7237150000292	EXP	Feedback: text = 357
203.7237150000292	EXP	Feedback: autoDraw = true
204.71486499998719	EXP	Feedback: autoDraw = false
204.71486499998719	EXP	Feedback: autoDraw = false
204.71486499998719	EXP	text_3: autoDraw = true
208.0292849999969	EXP	text_3: autoDraw = false
208.0292849999969	EXP	text_3: autoDraw = false
208.0292849999969	EXP	text_2: autoDraw = true
208.0292849999969	EXP	text_2: text = 0
208.05444500001613	EXP	text_2: text = 28
208.10103999997955	EXP	text_2: text = 75
208.13069000001997	EXP	text_2: text = 104
208.15344500000356	EXP	text_2: text = 127
208.18352500000037	EXP	text_2: text = 157
208.20408499997575	EXP	text_2: text = 178
208.2251249999972	EXP	text_2: text = 198
208.26149000000441	EXP	text_2: text = 235
208.28316500002984	EXP	text_2: text = 257
208.31527500000084	EXP	text_2: text = 289
208.3384499999811	EXP	text_2: text = 312
208.3553950000205	DATA	Keydown:  
208.36724500003038	EXP	text_2: text = 338
208.36724500003038	EXP	text_2: autoDraw = false
208.36724500003038	EXP	Feedback: text = 327
208.36724500003038	EXP	Feedback: autoDraw = true
209.35893500002567	EXP	Feedback: autoDraw = false
209.35893500002567	EXP	Feedback: autoDraw = false
209.35893500002567	EXP	text_3: autoDraw = true
218.87253499997314	EXP	text_3: autoDraw = false
218.87253499997314	EXP	text_3: autoDraw = false
218.87253499997314	EXP	text_2: autoDraw = true
218.87253499997314	EXP	text_2: text = 0
218.8933599999873	EXP	text_2: text = 25
218.9239650000236	EXP	text_2: text = 55
218.94550999999046	EXP	text_2: text = 77
218.97305999998935	EXP	text_2: text = 104
218.99566499999491	EXP	text_2: text = 127
219.02620500000194	EXP	text_2: text = 158
219.05215000000317	EXP	text_2: text = 183
219.07559500000207	EXP	text_2: text = 207
219.1040149999899	EXP	text_2: text = 233
219.12430500000482	EXP	text_2: text = 256
219.15571000002092	EXP	text_2: text = 286
219.17610500002047	EXP	text_2: text = 308
219.19549999997253	DATA	Keydown:  
219.20934000000125	EXP	text_2: text = 339
219.20934000000125	EXP	text_2: autoDraw = false
219.20934000000125	EXP	Feedback: text = 323
219.20934000000125	EXP	Feedback: autoDraw = true
220.222219999996	EXP	Feedback: autoDraw = false
220.222219999996	EXP	Feedback: autoDraw = false
220.222219999996	EXP	text_3: autoDraw = true
223.31239999999525	EXP	text_3: autoDraw = false
223.31239999999525	EXP	text_3: autoDraw = false
223.31239999999525	EXP	text_2: autoDraw = true
223.31239999999525	EXP	text_2: text = 0
223.33071499998914	EXP	text_2: text = 19
223.35065500001656	EXP	text_2: text = 39
223.3891650000005	EXP	text_2: text = 77
223.4127200000221	EXP	text_2: text = 102
223.4417699999758	EXP	text_2: text = 129
223.46650500001851	EXP	text_2: text = 155
223.49657999997726	EXP	text_2: text = 185
223.5223100000294	EXP	text_2: text = 210
223.5529300000053	EXP	text_2: text = 240
223.57546999998158	EXP	text_2: text = 264
223.59899500000756	EXP	text_2: text = 288
223.62978999997722	DATA	Keydown:  
223.63283000001684	EXP	text_2: text = 320
223.63283000001684	EXP	text_2: autoDraw = false
223.63283000001684	EXP	Feedback: text = 318
223.63283000001684	EXP	Feedback: autoDraw = true
224.64123499998823	EXP	Feedback: autoDraw = false
224.64123499998823	EXP	Feedback: autoDraw = false
224.64123499998823	EXP	text_3: autoDraw = true
227.2462500000256	EXP	text_3: autoDraw = false
227.2462500000256	EXP	text_3: autoDraw = false
227.2462500000256	EXP	text_2: autoDraw = true
227.2462500000256	EXP	text_2: text = 0
227.26823500002502	EXP	text_2: text = 25
227.2995499999961	EXP	text_2: text = 56
227.32672000001185	EXP	text_2: text = 82
227.3514950000099	EXP	text_2: text = 108
227.37960500002373	EXP	text_2: text = 134
227.4041900000302	EXP	text_2: text = 160
227.43284999998286	EXP	text_2: text = 189
227.45517500001006	EXP	text_2: text = 210
227.48516999999993	EXP	text_2: text = 242
227.51184500003	EXP	text_2: text = 266
227.5360750000109	EXP	text_2: text = 293
227.5590899999952	EXP	text_2: text = 314
227.5829200000153	EXP	text_2: text = 339
227.61447999998927	EXP	text_2: text = 371
227.62926499999594	DATA	Keydown:  
227.6402099999832	EXP	text_2: text = 393
227.6402099999832	EXP	text_2: autoDraw = false
227.6402099999832	EXP	Feedback: text = 383
227.6402099999832	EXP	Feedback: autoDraw = true
228.6424550000229	EXP	Feedback: autoDraw = false
228.6424550000229	EXP	Feedback: autoDraw = false
228.6424550000229	EXP	text_3: autoDraw = true
230.59126999997534	DATA	Keydown:  
232.27385499997763	EXP	text_3: autoDraw = false
232.27385499997763	EXP	text_3: autoDraw = false
232.27385499997763	EXP	text_2: autoDraw = true
232.27385499997763	EXP	text_2: text = 0
232.314635000017	EXP	text_2: text = 43
232.34099499997683	EXP	text_2: text = 68
232.36803499999223	EXP	text_2: text = 96
232.39830000000075	EXP	text_2: text = 125
232.42188500001794	EXP	text_2: text = 150
232.44805000000633	EXP	text_2: text = 175
232.48008000000846	EXP	text_2: text = 208
232.5044999999809	EXP	text_2: text = 232
232.53374500002246	EXP	text_2: text = 261
232.55690999998478	EXP	text_2: text = 285
232.58722500002477	EXP	text_2: text = 315
232.61008499999298	DATA	Keydown:  
232.61580000002868	EXP	text_2: text = 341
232.61580000002868	EXP	text_2: autoDraw = false
232.61580000002868	EXP	Feedback: text = 337
232.61580000002868	EXP	Feedback: autoDraw = true
233.60493000003044	EXP	Feedback: autoDraw = false
233.60493000003044	EXP	Feedback: autoDraw = false
233.60493000003044	EXP	text_3: autoDraw = true
237.92328500002623	EXP	text_3: autoDraw = false
237.92328500002623	EXP	text_3: autoDraw = false
237.92328500002623	EXP	text_2: autoDraw = true
237.92328500002623	EXP	text_2: text = 0
237.94815000001108	EXP	text_2: text = 25
237.97933000000194	EXP	text_2: text = 56
238.00683000002755	EXP	text_2: text = 84
238.0305599999847	EXP	text_2: text = 107
238.05980500002624	EXP	text_2: text = 137
238.0858400000143	EXP	text_2: text = 163
238.10893500002567	EXP	text_2: text = 186
238.1384599999874	EXP	text_2: text = 215
238.15827499999432	EXP	text_2: text = 235
238.19206000003032	EXP	text_2: text = 269
238.21725500002503	EXP	text_2: text = 293
238.248339999991	EXP	text_2: text = 324
238.26262499997392	EXP	text_2: text = 339
238.28496000001905	DATA	Keydown:  
238.3042499999865	EXP	text_2: text = 380
238.3042499999865	EXP	text_2: autoDraw = false
238.3042499999865	EXP	Feedback: text = 362
238.3042499999865	EXP	Feedback: autoDraw = true
239.30147499998566	EXP	Feedback: autoDraw = false
239.30147499998566	EXP	Feedback: autoDraw = false
239.30147499998566	EXP	text_3: autoDraw = true
246.11064500000793	EXP	text_3: autoDraw = false
246.11064500000793	EXP	text_3: autoDraw = false
246.11064500000793	EXP	text_2: autoDraw = true
246.11064500000793	EXP	text_2: text = 0
246.13108000002103	EXP	text_2: text = 24
246.15174000000115	EXP	text_2: text = 44
246.19140499999048	EXP	text_2: text = 84
246.21715500002028	EXP	text_2: text = 110
246.2422699999879	EXP	text_2: text = 133
246.2783150000032	EXP	text_2: text = 171
246.29979999997886	EXP	text_2: text = 193
246.32484000001568	EXP	text_2: text = 215
246.35000999999465	EXP	text_2: text = 237
246.37294500001008	EXP	text_2: text = 265
246.39494999998715	EXP	text_2: text = 286
246.42125499999383	EXP	text_2: text = 312
246.44906000001356	EXP	text_2: text = 341
246.47853000002215	EXP	text_2: text = 371
246.49908500001766	EXP	text_2: text = 392
246.5470000000205	EXP	text_2: text = 440
246.5797400000156	EXP	text_2: text = 472
246.59528000000864	DATA	Keydown:  
246.6079899999895	EXP	text_2: text = 498
246.6079899999895	EXP	text_2: autoDraw = false
246.6079899999895	EXP	Feedback: text = 485
246.6079899999895	EXP	Feedback: autoDraw = true
247.5992950000218	EXP	Feedback: autoDraw = false
247.5992950000218	EXP	Feedback: autoDraw = false
247.5992950000218	EXP	text_3: autoDraw = true
257.3664599999902	EXP	text_3: autoDraw = false
257.3664599999902	EXP	text_3: autoDraw = false
257.3664599999902	EXP	text_2: autoDraw = true
257.3664599999902	EXP	text_2: text = 0
257.38877499999944	EXP	text_2: text = 27
257.4164800000144	EXP	text_2: text = 54
257.4401749999961	EXP	text_2: text = 78
257.4697199999937	EXP	text_2: text = 108
257.4895699999761	EXP	text_2: text = 128
257.52102500002366	EXP	text_2: text = 159
257.5461699999869	EXP	text_2: text = 183
257.5690099999774	EXP	text_2: text = 204
257.5967299999902	EXP	text_2: text = 234
257.6190649999771	EXP	text_2: text = 257
257.6487049999996	EXP	text_2: text = 286
257.66904000000795	EXP	text_2: text = 307
257.70188499998767	EXP	text_2: text = 340
257.7245550000225	EXP	text_2: text = 363
257.7553000000189	DATA	Keydown:  
257.7678849999793	EXP	text_2: text = 403
257.7678849999793	EXP	text_2: autoDraw = false
257.7678849999793	EXP	Feedback: text = 389
257.7678849999793	EXP	Feedback: autoDraw = true
258.77569500001846	EXP	Feedback: autoDraw = false
258.77569500001846	EXP	Feedback: autoDraw = false
258.77569500001846	EXP	text_3: autoDraw = true
264.1893150000251	EXP	text_3: autoDraw = false
264.1893150000251	EXP	text_3: autoDraw = false
264.1893150000251	EXP	text_2: autoDraw = true
264.1893150000251	EXP	text_2: text = 0
264.216865000024	EXP	text_2: text = 30
264.2300750000286	EXP	text_2: text = 44
264.27263999998104	EXP	text_2: text = 87
264.29640500003006	EXP	text_2: text = 111
264.323320000025	EXP	text_2: text = 137
264.35503500001505	EXP	text_2: text = 169
264.3738349999767	EXP	text_2: text = 188
264.40664000000106	EXP	text_2: text = 221
264.429049999977	EXP	text_2: text = 244
264.4553050000104	EXP	text_2: text = 269
264.46960000001127	EXP	text_2: text = 283
264.49409499997273	EXP	text_2: text = 308
264.50994499999797	DATA	Keydown:  
264.52308499999344	EXP	text_2: text = 334
264.52308499999344	EXP	text_2: autoDraw = false
264.52308499999344	EXP	Feedback: text = 321
264.52308499999344	EXP	Feedback: autoDraw = true
265.52116499998374	EXP	Feedback: autoDraw = false
265.52116499998374	EXP	Feedback: autoDraw = false
265.52116499998374	EXP	text_3: autoDraw = true
273.0429749999894	EXP	text_3: autoDraw = false
273.0429749999894	EXP	text_3: autoDraw = false
273.0429749999894	EXP	text_2: autoDraw = true
273.0429749999894	EXP	text_2: text = 0
273.06163499999093	EXP	text_2: text = 22
273.0918149999925	EXP	text_2: text = 51
273.1202250000206	EXP	text_2: text = 80
273.14442999998573	EXP	text_2: text = 104
273.17039500002284	EXP	text_2: text = 130
273.2015699999756	EXP	text_2: text = 161
273.2217149999924	EXP	text_2: text = 181
273.2402599999914	EXP	text_2: text = 199
273.2807250000187	EXP	text_2: text = 240
273.3027250000159	EXP	text_2: text = 262
273.32031500001904	DATA	Keydown:  
273.3363600000157	EXP	text_2: text = 295
273.3363600000157	EXP	text_2: autoDraw = false
273.3363600000157	EXP	Feedback: text = 278
273.3363600000157	EXP	Feedback: autoDraw = true
274.3365399999893	EXP	Feedback: autoDraw = false
274.3365399999893	EXP	Feedback: autoDraw = false
274.3365399999893	EXP	text_3: autoDraw = true
277.8384949999745	EXP	text_3: autoDraw = false
277.8384949999745	EXP	text_3: autoDraw = false
277.8384949999745	EXP	text_2: autoDraw = true
277.8384949999745	EXP	text_2: text = 0
277.8569150000112	EXP	text_2: text = 20
277.8782249999931	EXP	text_2: text = 38
277.91402999998536	EXP	text_2: text = 76
277.938450000016	EXP	text_2: text = 101
277.9650750000146	EXP	text_2: text = 126
277.979244999995	EXP	text_2: text = 141
278.0070849999902	EXP	text_2: text = 170
278.02960000000894	EXP	text_2: text = 191
278.05193999997573	EXP	text_2: text = 214
278.08110000001034	EXP	text_2: text = 242
278.1254150000168	EXP	text_2: text = 288
278.1569749999908	EXP	text_2: text = 319
278.1858900000225	EXP	text_2: text = 348
278.2207899999921	EXP	text_2: text = 384
278.2450550000067	EXP	text_2: text = 407
278.2694999999949	EXP	text_2: text = 431
278.28438000002643	DATA	Keydown:  
278.30099999997765	EXP	text_2: text = 461
278.30099999997765	EXP	text_2: autoDraw = false
278.30099999997765	EXP	Feedback: text = 446
278.30099999997765	EXP	Feedback: autoDraw = true
279.2891149999923	EXP	Feedback: autoDraw = false
279.2891149999923	EXP	Feedback: autoDraw = false
279.2891149999923	EXP	text_3: autoDraw = true
287.75313000002643	EXP	text_3: autoDraw = false
287.75313000002643	EXP	text_3: autoDraw = false
287.75313000002643	EXP	text_2: autoDraw = true
287.75313000002643	EXP	text_2: text = 0
287.770429999975	EXP	text_2: text = 18
287.80410499998834	EXP	text_2: text = 52
287.8260400000145	EXP	text_2: text = 75
287.8594550000271	EXP	text_2: text = 108
287.88494999997783	EXP	text_2: text = 132
287.9017299999832	EXP	text_2: text = 150
287.9241000000038	EXP	text_2: text = 172
287.94781500002136	EXP	text_2: text = 196
287.9898900000262	EXP	text_2: text = 238
288.01391500001773	EXP	text_2: text = 263
288.0386999999755	EXP	text_2: text = 286
288.0534849999822	EXP	text_2: text = 302
288.07346500002313	DATA	Keydown:  
288.0813499999931	EXP	text_2: text = 329
288.0813499999931	EXP	text_2: autoDraw = false
288.0813499999931	EXP	Feedback: text = 321
288.0813499999931	EXP	Feedback: autoDraw = true
289.07539499999257	EXP	Feedback: autoDraw = false
289.07539499999257	EXP	Feedback: autoDraw = false
289.07539499999257	EXP	text_3: autoDraw = true
292.56367499998305	EXP	text_3: autoDraw = false
292.56367499998305	EXP	text_3: autoDraw = false
292.56367499998305	EXP	text_2: autoDraw = true
292.56367499998305	EXP	text_2: text = 0
292.58227999997325	EXP	text_2: text = 20
292.6097300000256	EXP	text_2: text = 46
292.63261500000954	EXP	text_2: text = 70
292.65973000001395	EXP	text_2: text = 96
292.6814449999947	EXP	text_2: text = 119
292.70841999998083	EXP	text_2: text = 144
292.73078500002157	EXP	text_2: text = 168
292.7568949999986	EXP	text_2: text = 193
292.7845850000158	EXP	text_2: text = 222
292.80965499999	EXP	text_2: text = 245
292.83172499999637	EXP	text_2: text = 269
292.86113500001375	EXP	text_2: text = 297
292.88406000001123	EXP	text_2: text = 321
292.912490000017	EXP	text_2: text = 348
292.93424999999115	EXP	text_2: text = 371
292.9535400000168	DATA	Keydown:  
292.96785000001546	EXP	text_2: text = 404
292.96785000001546	EXP	text_2: autoDraw = false
292.96785000001546	EXP	Feedback: text = 390
292.96785000001546	EXP	Feedback: autoDraw = true
293.9645400000154	EXP	Feedback: autoDraw = false
293.9645400000154	EXP	Feedback: autoDraw = false
293.9645400000154	EXP	text_3: autoDraw = true
298.2490199999884	DATA	Keydown:  
303.7392799999798	EXP	text_3: autoDraw = false
303.7392799999798	EXP	text_3: autoDraw = false
303.7392799999798	EXP	text_2: autoDraw = true
303.7392799999798	EXP	text_2: text = 0
303.75858000002336	EXP	text_2: text = 20
303.777780000004	EXP	text_2: text = 39
303.8183200000203	EXP	text_2: text = 80
303.8435850000242	EXP	text_2: text = 105
303.8708050000132	EXP	text_2: text = 132
303.90191000001505	EXP	text_2: text = 163
303.92418500001077	EXP	text_2: text = 186
303.9526649999898	EXP	text_2: text = 214
303.97651499998756	EXP	text_2: text = 238
304.0068050000118	EXP	text_2: text = 268
304.0323900000076	EXP	text_2: text = 293
304.0572900000261	EXP	text_2: text = 318
304.07183500000974	DATA	Keydown:  
304.08827000000747	EXP	text_2: text = 348
304.08827000000747	EXP	text_2: autoDraw = false
304.08827000000747	EXP	Feedback: text = 333
304.08827000000747	EXP	Feedback: autoDraw = true
305.0766949999961	EXP	Feedback: autoDraw = false
305.0766949999961	EXP	Feedback: autoDraw = false
305.0766949999961	EXP	text_3: autoDraw = true
307.69445499998983	EXP	text_3: autoDraw = false
307.69445499998983	EXP	text_3: autoDraw = false
307.69445499998983	EXP	text_2: autoDraw = true
307.69445499998983	EXP	text_2: text = 0
307.7167650000192	EXP	text_2: text = 23
307.75085499999113	EXP	text_2: text = 57
307.7868599999929	EXP	text_2: text = 94
307.8129649999901	EXP	text_2: text = 120
307.84549500001594	EXP	text_2: text = 153
307.871204999974	EXP	text_2: text = 178
307.89413500000956	EXP	text_2: text = 201
307.9238699999987	EXP	text_2: text = 231
307.94656000001123	EXP	text_2: text = 254
307.97657499997877	EXP	text_2: text = 284
308.000875000027	EXP	text_2: text = 307
308.02279000001727	EXP	text_2: text = 328
308.0509500000044	EXP	text_2: text = 357
308.0731050000177	EXP	text_2: text = 380
308.0986949999933	EXP	text_2: text = 405
308.12299499998335	EXP	text_2: text = 429
308.1413949999842	EXP	text_2: text = 448
308.16203499998664	DATA	Keydown:  
308.16942500002915	EXP	text_2: text = 472
308.16942500002915	EXP	text_2: autoDraw = false
308.16942500002915	EXP	Feedback: text = 468
308.16942500002915	EXP	Feedback: autoDraw = true
309.16214500000933	EXP	Feedback: autoDraw = false
309.16214500000933	EXP	Feedback: autoDraw = false
309.16214500000933	EXP	text_3: autoDraw = true
318.2042900000233	EXP	text_3: autoDraw = false
318.2042900000233	EXP	text_3: autoDraw = false
318.2042900000233	EXP	text_2: autoDraw = true
318.2042900000233	EXP	text_2: text = 0
318.22482499998296	EXP	text_2: text = 21
318.2578349999967	EXP	text_2: text = 53
318.28015000000596	EXP	text_2: text = 77
318.3041000000085	EXP	text_2: text = 101
318.3295200000284	EXP	text_2: text = 125
318.3640599999926	EXP	text_2: text = 160
318.38325499999337	EXP	text_2: text = 180
318.4152849999955	EXP	text_2: text = 212
318.43790499999886	EXP	text_2: text = 235
318.4684250000282	EXP	text_2: text = 265
318.5001349999802	EXP	text_2: text = 297
318.52028499997687	EXP	text_2: text = 316
318.54882000002544	DATA	Keydown:  
318.56882500002393	EXP	text_2: text = 363
318.56882500002393	EXP	text_2: autoDraw = false
318.56882500002393	EXP	Feedback: text = 345
318.56882500002393	EXP	Feedback: autoDraw = true
319.5663250000216	EXP	Feedback: autoDraw = false
319.5663250000216	EXP	Feedback: autoDraw = false
319.5663250000216	EXP	text_3: autoDraw = true
325.88633000000846	EXP	text_3: autoDraw = false
325.88633000000846	EXP	text_3: autoDraw = false
325.88633000000846	EXP	text_2: autoDraw = true
325.88633000000846	EXP	text_2: text = 0
325.9080500000273	EXP	text_2: text = 24
325.93741499999305	EXP	text_2: text = 53
325.9589949999936	EXP	text_2: text = 75
325.9895549999783	EXP	text_2: text = 105
326.0098650000291	EXP	text_2: text = 125
326.0397600000142	EXP	text_2: text = 155
326.0612850000034	EXP	text_2: text = 177
326.08770500001265	EXP	text_2: text = 203
326.1132750000106	EXP	text_2: text = 227
326.14768499997444	EXP	text_2: text = 260
326.1761500000139	EXP	text_2: text = 292
326.2010400000145	EXP	text_2: text = 315
326.2173700000276	DATA	Keydown:  
326.22929500002647	EXP	text_2: text = 343
326.22929500002647	EXP	text_2: autoDraw = false
326.22929500002647	EXP	Feedback: text = 331
326.22929500002647	EXP	Feedback: autoDraw = true
327.2381850000238	EXP	Feedback: autoDraw = false
327.2381850000238	EXP	Feedback: autoDraw = false
327.2381850000238	EXP	End_text: autoDraw = true
