1.389705000037793	EXP	Created Window = Window( name=Window, fullscr=true, color=#000000, units=height, waitBlanking=true, autoLog=true, size=[1366,657] )
6.034719999996014	DATA	Keydown: Shift
6.529600000008941	DATA	Keydown: Shift
6.562540000013541	DATA	Keydown: Shift
6.589850000047591	DATA	Keydown: Shift
6.600659999996424	DATA	Keydown: E
6.910325000004377	DATA	Keydown: P
9.240285000007134	DATA	Keydown: 5
9.54821500001708	DATA	Keydown: 7
9.828800000017509	DATA	Keydown: 7
10.112750000029337	DATA	Keydown: 0
10.31334000005154	DATA	Keydown: 2
14.328220000024885	EXP	Created text = TextStim( name=text, win=Window( name=Window, fullscr=true, color=#000000, ~), autoDraw=null, autoLog=true, units=height, ori=null, opacity=1, pos=[0,0], size=undefined, text=INSTRUCTIONS [EN]


A counter will appear and star~, font=Arial, color=#FFFFFF, contrast=1, height=0.03, bold=null, italic=null, alignHoriz=left, alignVert=center, wrapWidth=1, flipHoriz=null, flipVert=null )
14.331575000018347	EXP	Created text_3 = TextStim( name=text_3, win=Window( name=Window, fullscr=true, color=#000000, ~), autoDraw=null, autoLog=true, units=height, ori=null, opacity=1, pos=[0,0], size=undefined, text=null, font=Arial, color=#FFFFFF, contrast=1, height=0.1, bold=null, italic=null, alignHoriz=left, alignVert=center, wrapWidth=1, flipHoriz=null, flipVert=null )
14.332590000005439	EXP	Created text_2 = TextStim( name=text_2, win=Window( name=Window, fullscr=true, color=#000000, ~), autoDraw=null, autoLog=true, units=height, ori=null, opacity=1, pos=[0,0], size=undefined, text=default text, font=Arial, color=#ff0000, contrast=1, height=0.15, bold=null, italic=null, alignHoriz=left, alignVert=center, wrapWidth=1, flipHoriz=null, flipVert=null )
14.334045000025071	EXP	Created Feedback = TextStim( name=Feedback, win=Window( name=Window, fullscr=true, color=#000000, ~), autoDraw=null, autoLog=true, units=height, ori=null, opacity=1, pos=[0,0], size=undefined, text=default text, font=Arial, color=#ff0000, contrast=1, height=0.15, bold=null, italic=null, alignHoriz=left, alignVert=center, wrapWidth=1, flipHoriz=null, flipVert=null )
14.335060000012163	EXP	Created End_text = TextStim( name=End_text, win=Window( name=Window, fullscr=true, color=#000000, ~), autoDraw=null, autoLog=true, units=height, ori=null, opacity=1, pos=[0,0], size=undefined, text=This study aimed to look at procedural learning, i~, font=Arial, color=#FFFFFF, contrast=1, height=0.025, bold=null, italic=null, alignHoriz=left, alignVert=center, wrapWidth=1, flipHoriz=null, flipVert=null )
14.430045000044629	EXP	text: units = "height"
14.430045000044629	EXP	text: ori = 0
14.430045000044629	EXP	text: opacity = 1
14.430045000044629	EXP	text: pos = [0,0]
14.430045000044629	EXP	text: size = undefined
14.430045000044629	EXP	text: text = "INSTRUCTIONS [EN]\n\n\nA counter will appear and start counting at random times, press SPACE as fast as possible when it appears.\n\n\nPress SPACE to start\n\n-------\n\nInstruções [PT]\n\n\nUm cronómetro vai aparecer e começar a contar aleatoriamente, pressione a tecla SPACE assim que ele aparecer.\n\n\nPressiona SPACE para começar."
14.430045000044629	EXP	text: font = "Arial"
14.430045000044629	EXP	text: color = {"_hex":"#FFFFFF","_rgb":[1,1,1]}
14.430045000044629	EXP	text: contrast = 1
14.430045000044629	EXP	text: height = 0.03
14.430045000044629	EXP	text: bold = false
14.430045000044629	EXP	text: italic = false
14.430045000044629	EXP	text: alignHoriz = "left"
14.430045000044629	EXP	text: alignVert = "center"
14.430045000044629	EXP	text: wrapWidth = 1
14.430045000044629	EXP	text: flipHoriz = false
14.430045000044629	EXP	text: flipVert = false
14.430045000044629	EXP	text_3: units = "height"
14.430045000044629	EXP	text_3: ori = 0
14.430045000044629	EXP	text_3: opacity = 1
14.430045000044629	EXP	text_3: pos = [0,0]
14.430045000044629	EXP	text_3: size = undefined
14.430045000044629	EXP	text_3: text = ""
14.430045000044629	EXP	text_3: font = "Arial"
14.430045000044629	EXP	text_3: color = {"_hex":"#FFFFFF","_rgb":[1,1,1]}
14.430045000044629	EXP	text_3: contrast = 1
14.430045000044629	EXP	text_3: height = 0.1
14.430045000044629	EXP	text_3: bold = false
14.430045000044629	EXP	text_3: italic = false
14.430045000044629	EXP	text_3: alignHoriz = "left"
14.430045000044629	EXP	text_3: alignVert = "center"
14.430045000044629	EXP	text_3: wrapWidth = 1
14.430045000044629	EXP	text_3: flipHoriz = false
14.430045000044629	EXP	text_3: flipVert = false
14.430045000044629	EXP	text_2: units = "height"
14.430045000044629	EXP	text_2: ori = 0
14.430045000044629	EXP	text_2: opacity = 1
14.430045000044629	EXP	text_2: pos = [0,0]
14.430045000044629	EXP	text_2: size = undefined
14.430045000044629	EXP	text_2: text = "default text"
14.430045000044629	EXP	text_2: font = "Arial"
14.430045000044629	EXP	text_2: color = {"_rgb":[1,0,0]}
14.430045000044629	EXP	text_2: contrast = 1
14.430045000044629	EXP	text_2: height = 0.15
14.430045000044629	EXP	text_2: bold = false
14.430045000044629	EXP	text_2: italic = false
14.430045000044629	EXP	text_2: alignHoriz = "left"
14.430045000044629	EXP	text_2: alignVert = "center"
14.430045000044629	EXP	text_2: wrapWidth = 1
14.430045000044629	EXP	text_2: flipHoriz = false
14.430045000044629	EXP	text_2: flipVert = false
14.430045000044629	EXP	Feedback: units = "height"
14.430045000044629	EXP	Feedback: ori = 0
14.430045000044629	EXP	Feedback: opacity = 1
14.430045000044629	EXP	Feedback: pos = [0,0]
14.430045000044629	EXP	Feedback: size = undefined
14.430045000044629	EXP	Feedback: text = "default text"
14.430045000044629	EXP	Feedback: font = "Arial"
14.430045000044629	EXP	Feedback: color = {"_rgb":[1,0,0]}
14.430045000044629	EXP	Feedback: contrast = 1
14.430045000044629	EXP	Feedback: height = 0.15
14.430045000044629	EXP	Feedback: bold = false
14.430045000044629	EXP	Feedback: italic = false
14.430045000044629	EXP	Feedback: alignHoriz = "left"
14.430045000044629	EXP	Feedback: alignVert = "center"
14.430045000044629	EXP	Feedback: wrapWidth = 1
14.430045000044629	EXP	Feedback: flipHoriz = false
14.430045000044629	EXP	Feedback: flipVert = false
14.430045000044629	EXP	End_text: units = "height"
14.430045000044629	EXP	End_text: ori = 0
14.430045000044629	EXP	End_text: opacity = 1
14.430045000044629	EXP	End_text: pos = [0,0]
14.430045000044629	EXP	End_text: size = undefined
14.430045000044629	EXP	End_text: text = "This study aimed to look at procedural learning, i.e. our ability to extract patterns from the input that we are constantly receiving. This skill is thought to be essential for language and literacy acquisition and has been suggested as a possible underlying difficult in children with Language Impairments and Dyslexia. This study aims to improve the measures of procedural learning (the smiley face task) so that we can measure procedural learning more reliably and, in the future, analyse the performance of individuals with learning impairments.\nThank you for participating!\n\n----\n\nEste estudo tem como objectivo analisar a nossa capacidade de extrair padrões da informação que estamos constantemente a receber. Pensa-se que esta competência é essencial para a aquisição da linguagem e literacia e foi sugerido que dificuldades neste tipo de competências poderá estar relacionado com perturbações da linguagem e Dislexia. Este estudo tem como objectivo melhorar a estabilidade das medidas usadas para medir este tipo de memória (a tarefa da cara sorridente) de forma a poder medir de forma mais precisa e, no futuro, analisar a performance de indivíduos com perturbações da aprendizagem. \nMuito obrigada por ter participado!"
14.430045000044629	EXP	End_text: font = "Arial"
14.430045000044629	EXP	End_text: color = {"_hex":"#FFFFFF","_rgb":[1,1,1]}
14.430045000044629	EXP	End_text: contrast = 1
14.430045000044629	EXP	End_text: height = 0.025
14.430045000044629	EXP	End_text: bold = false
14.430045000044629	EXP	End_text: italic = false
14.430045000044629	EXP	End_text: alignHoriz = "left"
14.430045000044629	EXP	End_text: alignVert = "center"
14.430045000044629	EXP	End_text: wrapWidth = 1
14.430045000044629	EXP	End_text: flipHoriz = false
14.430045000044629	EXP	End_text: flipVert = false
14.430045000044629	EXP	text: autoDraw = true
20.342195000033826	DATA	Keydown:  
20.378685000003316	EXP	text: autoDraw = false
20.378685000003316	EXP	text_3: autoDraw = true
22.315225000027567	DATA	Keydown:  
29.504735000024084	EXP	text_3: autoDraw = false
29.504735000024084	EXP	text_3: autoDraw = false
29.504735000024084	EXP	text_2: autoDraw = true
29.504735000024084	EXP	text_2: text = 0
29.523715000017546	EXP	text_2: text = 50
29.54240999999456	EXP	text_2: text = 69
29.555950000009034	EXP	text_2: text = 83
29.572630000009667	EXP	text_2: text = 100
29.58958500000881	EXP	text_2: text = 116
29.606325000000652	EXP	text_2: text = 133
29.623190000012983	EXP	text_2: text = 150
29.63932499999646	EXP	text_2: text = 166
29.656635000021197	EXP	text_2: text = 183
29.673300000024028	EXP	text_2: text = 200
29.689760000037495	EXP	text_2: text = 216
29.706485000031535	EXP	text_2: text = 233
29.723300000012387	EXP	text_2: text = 250
29.740165000024717	EXP	text_2: text = 266
29.751520000048913	DATA	Keydown:  
29.75948500004597	EXP	text_2: text = 283
29.75948500004597	EXP	text_2: autoDraw = false
29.75948500004597	EXP	Feedback: text = 247
29.75948500004597	EXP	Feedback: autoDraw = true
30.761320000048727	EXP	Feedback: autoDraw = false
30.761320000048727	EXP	Feedback: autoDraw = false
30.761320000048727	EXP	text_3: autoDraw = true
40.74068000004627	EXP	text_3: autoDraw = false
40.74068000004627	EXP	text_3: autoDraw = false
40.74068000004627	EXP	text_2: autoDraw = true
40.74068000004627	EXP	text_2: text = 0
40.75624000001699	EXP	text_2: text = 17
40.77248000004329	EXP	text_2: text = 33
40.788715000031516	EXP	text_2: text = 50
40.805575000005774	EXP	text_2: text = 67
40.823290000029374	EXP	text_2: text = 83
40.839340000005905	EXP	text_2: text = 100
40.85577000002377	EXP	text_2: text = 117
40.87277000001632	EXP	text_2: text = 133
40.88923500000965	EXP	text_2: text = 150
40.906004999997094	EXP	text_2: text = 167
40.92345500004012	EXP	text_2: text = 183
40.93951500003459	EXP	text_2: text = 200
40.956245000008494	EXP	text_2: text = 217
40.97267000004649	EXP	text_2: text = 233
40.98989500000607	EXP	text_2: text = 250
40.99232000001939	DATA	Keydown:  
41.01016000000527	EXP	text_2: text = 267
41.01016000000527	EXP	text_2: autoDraw = false
41.01016000000527	EXP	Feedback: text = 252
41.01016000000527	EXP	Feedback: autoDraw = true
42.01086000003852	EXP	Feedback: autoDraw = false
42.01086000003852	EXP	Feedback: autoDraw = false
42.01086000003852	EXP	text_3: autoDraw = true
44.077355000015814	EXP	text_3: autoDraw = false
44.077355000015814	EXP	text_3: autoDraw = false
44.077355000015814	EXP	text_2: autoDraw = true
44.077355000015814	EXP	text_2: text = 0
44.092130000004545	EXP	text_2: text = 17
44.10826500004623	EXP	text_2: text = 33
44.12525000004098	EXP	text_2: text = 50
44.14173500001198	EXP	text_2: text = 66
44.158510000037495	EXP	text_2: text = 83
44.17583000002196	EXP	text_2: text = 100
44.190434999996796	EXP	text_2: text = 116
44.20634500001324	EXP	text_2: text = 133
44.22351500001969	EXP	text_2: text = 150
44.240084999997634	EXP	text_2: text = 166
44.25657000002684	EXP	text_2: text = 183
44.27358500001719	EXP	text_2: text = 200
44.28993500000797	EXP	text_2: text = 216
44.30672000005143	EXP	text_2: text = 233
44.323990000004414	EXP	text_2: text = 250
44.34013500000583	EXP	text_2: text = 266
44.35677500005113	EXP	text_2: text = 283
44.373195000051055	EXP	text_2: text = 300
44.390345000021625	EXP	text_2: text = 316
44.40678000001935	EXP	text_2: text = 333
44.42343500000425	EXP	text_2: text = 350
44.44010500004515	EXP	text_2: text = 366
44.45689500001026	EXP	text_2: text = 383
44.47354000003543	EXP	text_2: text = 400
44.490200000000186	EXP	text_2: text = 416
44.50258000002941	DATA	Keydown:  
44.50947000004817	EXP	text_2: text = 434
44.50947000004817	EXP	text_2: autoDraw = false
44.50947000004817	EXP	Feedback: text = 426
44.50947000004817	EXP	Feedback: autoDraw = true
45.506665000051726	EXP	Feedback: autoDraw = false
45.506665000051726	EXP	Feedback: autoDraw = false
45.506665000051726	EXP	text_3: autoDraw = true
53.810395000036806	EXP	text_3: autoDraw = false
53.810395000036806	EXP	text_3: autoDraw = false
53.810395000036806	EXP	text_2: autoDraw = true
53.810395000036806	EXP	text_2: text = 0
53.824530000041705	EXP	text_2: text = 16
53.84101000003284	EXP	text_2: text = 33
53.857895000022836	EXP	text_2: text = 50
53.87436499999603	EXP	text_2: text = 66
53.89093000005232	EXP	text_2: text = 83
53.90803000004962	EXP	text_2: text = 100
53.9302800000296	EXP	text_2: text = 121
53.94095000001835	EXP	text_2: text = 134
53.956510000047274	EXP	text_2: text = 149
53.97182000003522	EXP	text_2: text = 166
53.98836499999743	EXP	text_2: text = 182
54.005100000009406	EXP	text_2: text = 199
54.021334999997634	EXP	text_2: text = 216
54.032545000023674	DATA	Keydown:  
54.04193500004476	EXP	text_2: text = 233
54.04193500004476	EXP	text_2: autoDraw = false
54.04193500004476	EXP	Feedback: text = 222
54.04193500004476	EXP	Feedback: autoDraw = true
55.042730000044685	EXP	Feedback: autoDraw = false
55.042730000044685	EXP	Feedback: autoDraw = false
55.042730000044685	EXP	text_3: autoDraw = true
62.805465000041295	EXP	text_3: autoDraw = false
62.805465000041295	EXP	text_3: autoDraw = false
62.805465000041295	EXP	text_2: autoDraw = true
62.805465000041295	EXP	text_2: text = 0
62.82079500000691	EXP	text_2: text = 16
62.83767999999691	EXP	text_2: text = 33
62.85413500003051	EXP	text_2: text = 50
62.87056500004837	EXP	text_2: text = 66
62.88725000002887	EXP	text_2: text = 83
62.904205000028014	EXP	text_2: text = 100
62.92115500004729	EXP	text_2: text = 116
62.93766500003403	EXP	text_2: text = 133
62.954595000017434	EXP	text_2: text = 150
62.970810000027996	EXP	text_2: text = 166
62.987560000037774	EXP	text_2: text = 183
63.00386500003515	EXP	text_2: text = 200
63.021050000039395	EXP	text_2: text = 217
63.03746500000125	EXP	text_2: text = 233
63.05429000000004	EXP	text_2: text = 250
63.07098499999847	EXP	text_2: text = 267
63.087664999999106	EXP	text_2: text = 283
63.08915000001434	DATA	Keydown:  
63.105455000011716	EXP	text_2: text = 300
63.105455000011716	EXP	text_2: autoDraw = false
63.105455000011716	EXP	Feedback: text = 284
63.105455000011716	EXP	Feedback: autoDraw = true
64.10837500001071	EXP	Feedback: autoDraw = false
64.10837500001071	EXP	Feedback: autoDraw = false
64.10837500001071	EXP	text_3: autoDraw = true
64.52475500002038	DATA	Keydown:  
71.17515000002459	EXP	text_3: autoDraw = false
71.17515000002459	EXP	text_3: autoDraw = false
71.17515000002459	EXP	text_2: autoDraw = true
71.17515000002459	EXP	text_2: text = 0
71.18993000005139	EXP	text_2: text = 16
71.20711000001756	EXP	text_2: text = 33
71.22369500005152	EXP	text_2: text = 50
71.24009999999544	EXP	text_2: text = 66
71.2569000000367	EXP	text_2: text = 83
71.27374500001315	EXP	text_2: text = 100
71.29042500001378	EXP	text_2: text = 117
71.30661000002874	EXP	text_2: text = 133
71.32342000002973	EXP	text_2: text = 150
71.34001500002341	EXP	text_2: text = 166
71.35820000001695	EXP	text_2: text = 183
71.37231000000611	EXP	text_2: text = 199
71.38799000001745	EXP	text_2: text = 216
71.40370500000427	EXP	text_2: text = 233
71.41977999999654	EXP	text_2: text = 249
71.43678500002716	EXP	text_2: text = 266
71.45424500002991	EXP	text_2: text = 282
71.45711000001756	DATA	Keydown:  
71.47325000003912	EXP	text_2: text = 300
71.47325000003912	EXP	text_2: autoDraw = false
71.47325000003912	EXP	Feedback: text = 282
71.47325000003912	EXP	Feedback: autoDraw = true
72.4744650000357	EXP	Feedback: autoDraw = false
72.4744650000357	EXP	Feedback: autoDraw = false
72.4744650000357	EXP	text_3: autoDraw = true
79.44219000003068	EXP	text_3: autoDraw = false
79.44219000003068	EXP	text_3: autoDraw = false
79.44219000003068	EXP	text_2: autoDraw = true
79.44219000003068	EXP	text_2: text = 0
79.45659499999601	EXP	text_2: text = 16
79.47031000000425	EXP	text_2: text = 33
79.48717000003671	EXP	text_2: text = 49
79.50348000001395	EXP	text_2: text = 66
79.52049000002444	EXP	text_2: text = 82
79.53703500004485	EXP	text_2: text = 99
79.55434500001138	EXP	text_2: text = 116
79.57081500004278	EXP	text_2: text = 132
79.58793500001775	EXP	text_2: text = 150
79.60428500000853	EXP	text_2: text = 166
79.62088000000222	EXP	text_2: text = 182
79.63767000002554	EXP	text_2: text = 199
79.65421500004595	EXP	text_2: text = 216
79.67101000004914	EXP	text_2: text = 233
79.68793499999447	EXP	text_2: text = 250
79.69084500003373	DATA	Keydown:  
79.70581000001403	EXP	text_2: text = 266
79.70581000001403	EXP	text_2: autoDraw = false
79.70581000001403	EXP	Feedback: text = 249
79.70581000001403	EXP	Feedback: autoDraw = true
80.70703500002855	EXP	Feedback: autoDraw = false
80.70703500002855	EXP	Feedback: autoDraw = false
80.70703500002855	EXP	text_3: autoDraw = true
86.63876000000164	EXP	text_3: autoDraw = false
86.63876000000164	EXP	text_3: autoDraw = false
86.63876000000164	EXP	text_2: autoDraw = true
86.63876000000164	EXP	text_2: text = 0
86.65426000003936	EXP	text_2: text = 16
86.67093000002205	EXP	text_2: text = 33
86.68758500000695	EXP	text_2: text = 50
86.70399500004714	EXP	text_2: text = 66
86.7208700000192	EXP	text_2: text = 83
86.74056000000564	EXP	text_2: text = 100
86.75460500002373	EXP	text_2: text = 117
86.77104000002146	EXP	text_2: text = 133
86.78813000000082	EXP	text_2: text = 150
86.80423000000883	EXP	text_2: text = 166
86.82093000004534	EXP	text_2: text = 183
86.83764500002144	EXP	text_2: text = 200
86.85419000004185	EXP	text_2: text = 217
86.87145999999484	EXP	text_2: text = 233
86.88764000002993	EXP	text_2: text = 250
86.9043300000485	EXP	text_2: text = 266
86.92065500002354	EXP	text_2: text = 284
86.93784000002779	EXP	text_2: text = 300
86.95437500003027	EXP	text_2: text = 316
86.9712700000382	EXP	text_2: text = 333
86.99011000001337	EXP	text_2: text = 350
87.00281999999424	EXP	text_2: text = 366
87.01973500003805	EXP	text_2: text = 383
87.03599500004202	EXP	text_2: text = 400
87.05259999999544	EXP	text_2: text = 416
87.06895000004442	EXP	text_2: text = 433
87.08749500004342	EXP	text_2: text = 450
87.10392000002321	EXP	text_2: text = 466
87.12109000002965	EXP	text_2: text = 483
87.13791000004858	EXP	text_2: text = 500
87.14176500000758	DATA	Keydown:  
87.15415000001667	EXP	text_2: text = 516
87.15415000001667	EXP	text_2: autoDraw = false
87.15415000001667	EXP	Feedback: text = 503
87.15415000001667	EXP	Feedback: autoDraw = true
88.15689000004204	EXP	Feedback: autoDraw = false
88.15689000004204	EXP	Feedback: autoDraw = false
88.15689000004204	EXP	text_3: autoDraw = true
93.99168999999529	EXP	text_3: autoDraw = false
93.99168999999529	EXP	text_3: autoDraw = false
93.99168999999529	EXP	text_2: autoDraw = true
93.99168999999529	EXP	text_2: text = 0
94.00522000005003	EXP	text_2: text = 16
94.02118999999948	EXP	text_2: text = 33
94.03820000000997	EXP	text_2: text = 50
94.05522000003839	EXP	text_2: text = 66
94.07219000003533	EXP	text_2: text = 83
94.08886000001803	EXP	text_2: text = 100
94.10522000002675	EXP	text_2: text = 116
94.12344500003383	EXP	text_2: text = 133
94.13794500002405	EXP	text_2: text = 150
94.15503000002354	EXP	text_2: text = 166
94.17148499999894	EXP	text_2: text = 183
94.18843500001822	EXP	text_2: text = 200
94.20536500000162	EXP	text_2: text = 217
94.22186500002863	EXP	text_2: text = 233
94.23868500004755	EXP	text_2: text = 250
94.2552250000299	EXP	text_2: text = 267
94.27245500002755	EXP	text_2: text = 283
94.28916500002379	EXP	text_2: text = 300
94.30643500003498	EXP	text_2: text = 317
94.3114250000217	DATA	Keydown:  
94.32507000002079	EXP	text_2: text = 333
94.32507000002079	EXP	text_2: autoDraw = false
94.32507000002079	EXP	Feedback: text = 320
94.32507000002079	EXP	Feedback: autoDraw = true
95.32099500001641	EXP	Feedback: autoDraw = false
95.32099500001641	EXP	Feedback: autoDraw = false
95.32099500001641	EXP	text_3: autoDraw = true
100.99030000000494	EXP	text_3: autoDraw = false
100.99030000000494	EXP	text_3: autoDraw = false
100.99030000000494	EXP	text_2: autoDraw = true
100.99030000000494	EXP	text_2: text = 0
101.00561000005109	EXP	text_2: text = 16
101.02036500000395	EXP	text_2: text = 33
101.03856000001542	EXP	text_2: text = 50
101.05473500001244	EXP	text_2: text = 66
101.07111499999883	EXP	text_2: text = 83
101.08796000003349	EXP	text_2: text = 100
101.10435500001768	EXP	text_2: text = 117
101.12205500004347	EXP	text_2: text = 133
101.13685000000987	EXP	text_2: text = 150
101.15360499999952	EXP	text_2: text = 166
101.16980000003241	EXP	text_2: text = 183
101.18656500003999	EXP	text_2: text = 200
101.203125	EXP	text_2: text = 216
101.21970499999588	EXP	text_2: text = 233
101.23664499999722	EXP	text_2: text = 249
101.25298000004841	EXP	text_2: text = 266
101.26982500002487	EXP	text_2: text = 283
101.27391000004718	DATA	Keydown:  
101.28861500002677	EXP	text_2: text = 300
101.28861500002677	EXP	text_2: autoDraw = false
101.28861500002677	EXP	Feedback: text = 284
101.28861500002677	EXP	Feedback: autoDraw = true
102.2869350000401	EXP	Feedback: autoDraw = false
102.2869350000401	EXP	Feedback: autoDraw = false
102.2869350000401	EXP	text_3: autoDraw = true
109.28767000004882	EXP	text_3: autoDraw = false
109.28767000004882	EXP	text_3: autoDraw = false
109.28767000004882	EXP	text_2: autoDraw = true
109.28767000004882	EXP	text_2: text = 0
109.30322500003967	EXP	text_2: text = 17
109.31834500003606	EXP	text_2: text = 33
109.33449000003748	EXP	text_2: text = 49
109.35131500003627	EXP	text_2: text = 66
109.36810000002151	EXP	text_2: text = 83
109.38477500004228	EXP	text_2: text = 99
109.40149499999825	EXP	text_2: text = 116
109.42004500003532	EXP	text_2: text = 133
109.4383300000336	EXP	text_2: text = 151
109.45346500002779	EXP	text_2: text = 167
109.46840000001248	EXP	text_2: text = 183
109.48518000001786	EXP	text_2: text = 199
109.50151000003098	EXP	text_2: text = 216
109.51864000002388	EXP	text_2: text = 233
109.53561500000069	EXP	text_2: text = 249
109.5392400000128	DATA	Keydown:  
109.55386000004364	EXP	text_2: text = 267
109.55386000004364	EXP	text_2: autoDraw = false
109.55386000004364	EXP	Feedback: text = 252
109.55386000004364	EXP	Feedback: autoDraw = true
110.5512699999963	EXP	Feedback: autoDraw = false
110.5512699999963	EXP	Feedback: autoDraw = false
110.5512699999963	EXP	text_3: autoDraw = true
115.10503000003519	EXP	text_3: autoDraw = false
115.10503000003519	EXP	text_3: autoDraw = false
115.10503000003519	EXP	text_2: autoDraw = true
115.10503000003519	EXP	text_2: text = 0
115.11980000004405	EXP	text_2: text = 16
115.13637500000186	EXP	text_2: text = 33
115.15305000002263	EXP	text_2: text = 50
115.16902500001015	EXP	text_2: text = 66
115.18680500000482	EXP	text_2: text = 83
115.20306500000879	EXP	text_2: text = 100
115.21967000002041	EXP	text_2: text = 116
115.23635500000091	EXP	text_2: text = 133
115.25327500002459	EXP	text_2: text = 149
115.26986500003841	EXP	text_2: text = 166
115.2867350000306	EXP	text_2: text = 183
115.30283000000054	EXP	text_2: text = 199
115.3192600000184	EXP	text_2: text = 216
115.3361900000018	EXP	text_2: text = 233
115.35305500001414	EXP	text_2: text = 250
115.37006500002462	EXP	text_2: text = 266
115.38683500001207	EXP	text_2: text = 283
115.40357500000391	EXP	text_2: text = 300
115.41973000002326	EXP	text_2: text = 316
115.4366250000312	EXP	text_2: text = 333
115.45344000001205	EXP	text_2: text = 350
115.45857000001706	DATA	Keydown:  
115.47411000001011	EXP	text_2: text = 367
115.47411000001011	EXP	text_2: autoDraw = false
115.47411000001011	EXP	Feedback: text = 354
115.47411000001011	EXP	Feedback: autoDraw = true
116.47036999999546	EXP	Feedback: autoDraw = false
116.47036999999546	EXP	Feedback: autoDraw = false
116.47036999999546	EXP	text_3: autoDraw = true
124.03896500001429	EXP	text_3: autoDraw = false
124.03896500001429	EXP	text_3: autoDraw = false
124.03896500001429	EXP	text_2: autoDraw = true
124.03896500001429	EXP	text_2: text = 0
124.05313000001479	EXP	text_2: text = 17
124.06954500003485	EXP	text_2: text = 33
124.0848850000184	EXP	text_2: text = 49
124.1020000000135	EXP	text_2: text = 66
124.11872500000754	EXP	text_2: text = 83
124.13487000000896	EXP	text_2: text = 99
124.15156000002753	EXP	text_2: text = 116
124.1693250000244	EXP	text_2: text = 133
124.18484000000171	EXP	text_2: text = 149
124.20157000003383	EXP	text_2: text = 166
124.21750000002794	EXP	text_2: text = 183
124.23484000004828	EXP	text_2: text = 200
124.25134000001708	EXP	text_2: text = 216
124.26862000004621	EXP	text_2: text = 233
124.27494000003207	DATA	Keydown:  
124.28550500003621	EXP	text_2: text = 250
124.28550500003621	EXP	text_2: autoDraw = false
124.28550500003621	EXP	Feedback: text = 236
124.28550500003621	EXP	Feedback: autoDraw = true
125.28693000000203	EXP	Feedback: autoDraw = false
125.28693000000203	EXP	Feedback: autoDraw = false
125.28693000000203	EXP	text_3: autoDraw = true
127.98764500004472	EXP	text_3: autoDraw = false
127.98764500004472	EXP	text_3: autoDraw = false
127.98764500004472	EXP	text_2: autoDraw = true
127.98764500004472	EXP	text_2: text = 0
128.00200500001665	EXP	text_2: text = 16
128.0187150000129	EXP	text_2: text = 33
128.04003000003286	EXP	text_2: text = 56
128.05103000003146	EXP	text_2: text = 66
128.06589000002714	EXP	text_2: text = 82
128.08314500004053	EXP	text_2: text = 99
128.09964500000933	EXP	text_2: text = 116
128.11564000003273	EXP	text_2: text = 132
128.13273500005016	EXP	text_2: text = 149
128.14947000000393	EXP	text_2: text = 166
128.16763999999966	EXP	text_2: text = 183
128.18347000004724	EXP	text_2: text = 199
128.20040000003064	EXP	text_2: text = 216
128.21708000003127	EXP	text_2: text = 233
128.23366500000702	EXP	text_2: text = 249
128.25045000005048	EXP	text_2: text = 266
128.26073000003817	DATA	Keydown:  
128.26861000002827	EXP	text_2: text = 283
128.26861000002827	EXP	text_2: autoDraw = false
128.26861000002827	EXP	Feedback: text = 273
128.26861000002827	EXP	Feedback: autoDraw = true
129.27035500004422	EXP	Feedback: autoDraw = false
129.27035500004422	EXP	Feedback: autoDraw = false
129.27035500004422	EXP	text_3: autoDraw = true
135.6012950000004	EXP	text_3: autoDraw = false
135.6012950000004	EXP	text_3: autoDraw = false
135.6012950000004	EXP	text_2: autoDraw = true
135.6012950000004	EXP	text_2: text = 0
135.61686500004726	EXP	text_2: text = 17
135.63340000004973	EXP	text_2: text = 34
135.65011000004597	EXP	text_2: text = 50
135.66685999999754	EXP	text_2: text = 66
135.6832300000242	EXP	text_2: text = 83
135.70025500003248	EXP	text_2: text = 100
135.71657500002766	EXP	text_2: text = 117
135.7332700000261	EXP	text_2: text = 133
135.75070000003325	EXP	text_2: text = 150
135.76670500001637	EXP	text_2: text = 166
135.78385000000708	EXP	text_2: text = 183
135.80032500001835	EXP	text_2: text = 200
135.81725500000175	EXP	text_2: text = 217
135.83443500002613	EXP	text_2: text = 233
135.84949000005145	EXP	text_2: text = 250
135.8670900000143	EXP	text_2: text = 267
135.8725250000134	DATA	Keydown:  
135.88518000004115	EXP	text_2: text = 283
135.88518000004115	EXP	text_2: autoDraw = false
135.88518000004115	EXP	Feedback: text = 271
135.88518000004115	EXP	Feedback: autoDraw = true
136.88447500002803	EXP	Feedback: autoDraw = false
136.88447500002803	EXP	Feedback: autoDraw = false
136.88447500002803	EXP	text_3: autoDraw = true
143.88808000000427	EXP	text_3: autoDraw = false
143.88808000000427	EXP	text_3: autoDraw = false
143.88808000000427	EXP	text_2: autoDraw = true
143.88808000000427	EXP	text_2: text = 0
143.90129500004696	EXP	text_2: text = 16
143.91781000001356	EXP	text_2: text = 33
143.93485499999952	EXP	text_2: text = 49
143.9512200000463	EXP	text_2: text = 66
143.96776000002865	EXP	text_2: text = 83
143.98472500004573	EXP	text_2: text = 99
144.00133500003722	EXP	text_2: text = 116
144.01803999999538	EXP	text_2: text = 133
144.03504000004614	EXP	text_2: text = 149
144.05212500004563	EXP	text_2: text = 166
144.0681250000489	EXP	text_2: text = 183
144.08483000000706	EXP	text_2: text = 199
144.10143000003882	EXP	text_2: text = 216
144.1181800000486	EXP	text_2: text = 233
144.1347550000064	EXP	text_2: text = 249
144.1515500000096	EXP	text_2: text = 266
144.15737500000978	DATA	Keydown:  
144.1719850000227	EXP	text_2: text = 283
144.1719850000227	EXP	text_2: autoDraw = false
144.1719850000227	EXP	Feedback: text = 270
144.1719850000227	EXP	Feedback: autoDraw = true
145.16909000003943	EXP	Feedback: autoDraw = false
145.16909000003943	EXP	Feedback: autoDraw = false
145.16909000003943	EXP	text_3: autoDraw = true
150.26506000000518	EXP	text_3: autoDraw = false
150.26506000000518	EXP	text_3: autoDraw = false
150.26506000000518	EXP	text_2: autoDraw = true
150.26506000000518	EXP	text_2: text = 0
150.2807750000502	EXP	text_2: text = 17
150.29751000000397	EXP	text_2: text = 33
150.31423000001814	EXP	text_2: text = 50
150.33131000003777	EXP	text_2: text = 66
150.3480050000362	EXP	text_2: text = 83
150.3645550000365	EXP	text_2: text = 100
150.38122000003932	EXP	text_2: text = 117
150.3974800000433	EXP	text_2: text = 133
150.41426000004867	EXP	text_2: text = 150
150.4309400000493	EXP	text_2: text = 167
150.4476700000232	EXP	text_2: text = 183
150.4644350000308	EXP	text_2: text = 200
150.48081999999704	EXP	text_2: text = 217
150.49767000001157	EXP	text_2: text = 233
150.51425500004552	EXP	text_2: text = 250
150.51609500002814	DATA	Keydown:  
150.53191499999957	EXP	text_2: text = 267
150.53191499999957	EXP	text_2: autoDraw = false
150.53191499999957	EXP	Feedback: text = 251
150.53191499999957	EXP	Feedback: autoDraw = true
151.53308500000276	EXP	Feedback: autoDraw = false
151.53308500000276	EXP	Feedback: autoDraw = false
151.53308500000276	EXP	text_3: autoDraw = true
159.63360000000102	EXP	text_3: autoDraw = false
159.63360000000102	EXP	text_3: autoDraw = false
159.63360000000102	EXP	text_2: autoDraw = true
159.63360000000102	EXP	text_2: text = 0
159.64887000003364	EXP	text_2: text = 16
159.66540500003612	EXP	text_2: text = 33
159.68181000003824	EXP	text_2: text = 50
159.69846500002313	EXP	text_2: text = 66
159.71517500001937	EXP	text_2: text = 83
159.73178500001086	EXP	text_2: text = 99
159.74850500002503	EXP	text_2: text = 116
159.76519000000553	EXP	text_2: text = 133
159.78192999999737	EXP	text_2: text = 150
159.7986249999958	EXP	text_2: text = 166
159.81530499999644	EXP	text_2: text = 183
159.83170999999857	EXP	text_2: text = 200
159.84851000003982	EXP	text_2: text = 216
159.86522000003606	EXP	text_2: text = 233
159.88183000002755	EXP	text_2: text = 250
159.89858000003733	EXP	text_2: text = 266
159.9151450000354	EXP	text_2: text = 283
159.92402999999467	DATA	Keydown:  
159.93423500005156	EXP	text_2: text = 300
159.93423500005156	EXP	text_2: autoDraw = false
159.93423500005156	EXP	Feedback: text = 291
159.93423500005156	EXP	Feedback: autoDraw = true
160.93336500000441	EXP	Feedback: autoDraw = false
160.93336500000441	EXP	Feedback: autoDraw = false
160.93336500000441	EXP	text_3: autoDraw = true
164.05550000001676	DATA	Keydown:  
170.05230999999912	EXP	text_3: autoDraw = false
170.05230999999912	EXP	text_3: autoDraw = false
170.05230999999912	EXP	text_2: autoDraw = true
170.05230999999912	EXP	text_2: text = 0
170.06533500005025	EXP	text_2: text = 17
170.0829950000043	EXP	text_2: text = 33
170.09915500000352	EXP	text_2: text = 50
170.11665999999968	EXP	text_2: text = 66
170.13272000005236	EXP	text_2: text = 83
170.14914000005228	EXP	text_2: text = 100
170.16602500004228	EXP	text_2: text = 116
170.18277500005206	EXP	text_2: text = 133
170.19923500000732	EXP	text_2: text = 150
170.2161700000288	EXP	text_2: text = 167
170.23272500000894	EXP	text_2: text = 183
170.2492950000451	EXP	text_2: text = 200
170.266025000019	EXP	text_2: text = 217
170.2807449999964	EXP	text_2: text = 233
170.2974600000307	EXP	text_2: text = 249
170.31411999999546	EXP	text_2: text = 266
170.33092999999644	EXP	text_2: text = 283
170.34936500003096	EXP	text_2: text = 300
170.3661800000118	EXP	text_2: text = 317
170.38225000002421	EXP	text_2: text = 333
170.4028099999996	EXP	text_2: text = 352
170.4197100000456	EXP	text_2: text = 370
170.43007500004023	EXP	text_2: text = 382
170.44682500005	EXP	text_2: text = 400
170.46304000000237	EXP	text_2: text = 416
170.4797499999986	EXP	text_2: text = 432
170.49631499999668	EXP	text_2: text = 449
170.51324000000022	EXP	text_2: text = 466
170.52972000004956	EXP	text_2: text = 482
170.54647000000114	EXP	text_2: text = 499
170.5633300000336	EXP	text_2: text = 516
170.57946500001708	EXP	text_2: text = 532
170.59591000003275	EXP	text_2: text = 549
170.6131250000326	EXP	text_2: text = 566
170.61480500001926	DATA	Keydown:  
170.63073500001337	EXP	text_2: text = 582
170.63073500001337	EXP	text_2: autoDraw = false
170.63073500001337	EXP	Feedback: text = 563
170.63073500001337	EXP	Feedback: autoDraw = true
171.633525000012	EXP	Feedback: autoDraw = false
171.633525000012	EXP	Feedback: autoDraw = false
171.633525000012	EXP	text_3: autoDraw = true
177.48473500000546	EXP	text_3: autoDraw = false
177.48473500000546	EXP	text_3: autoDraw = false
177.48473500000546	EXP	text_2: autoDraw = true
177.48473500000546	EXP	text_2: text = 0
177.4995250000502	EXP	text_2: text = 17
177.51385500002652	EXP	text_2: text = 33
177.5304800000158	EXP	text_2: text = 49
177.5471649999963	EXP	text_2: text = 66
177.56364500004565	EXP	text_2: text = 83
177.58050000004005	EXP	text_2: text = 99
177.59731000004103	EXP	text_2: text = 116
177.61385500000324	EXP	text_2: text = 133
177.63054000004195	EXP	text_2: text = 149
177.64712000003783	EXP	text_2: text = 166
177.6638700000476	EXP	text_2: text = 183
177.68061999999918	EXP	text_2: text = 200
177.697135000024	EXP	text_2: text = 216
177.71379000000888	EXP	text_2: text = 233
177.7305650000344	EXP	text_2: text = 249
177.7471900000237	EXP	text_2: text = 266
177.76397000002908	EXP	text_2: text = 283
177.77079999999842	DATA	Keydown:  
177.78266000002623	EXP	text_2: text = 300
177.78266000002623	EXP	text_2: autoDraw = false
177.78266000002623	EXP	Feedback: text = 286
177.78266000002623	EXP	Feedback: autoDraw = true
178.7839249999961	EXP	Feedback: autoDraw = false
178.7839249999961	EXP	Feedback: autoDraw = false
178.7839249999961	EXP	text_3: autoDraw = true
188.36523500003386	EXP	text_3: autoDraw = false
188.36523500003386	EXP	text_3: autoDraw = false
188.36523500003386	EXP	text_2: autoDraw = true
188.36523500003386	EXP	text_2: text = 0
188.38126500003273	EXP	text_2: text = 17
188.39722500002244	EXP	text_2: text = 34
188.41447499999776	EXP	text_2: text = 50
188.43139500002144	EXP	text_2: text = 67
188.44849500001874	EXP	text_2: text = 84
188.46459500002675	EXP	text_2: text = 100
188.48098500003107	EXP	text_2: text = 117
188.49795000004815	EXP	text_2: text = 133
188.51448000001255	EXP	text_2: text = 150
188.53125500003807	EXP	text_2: text = 167
188.54769999999553	EXP	text_2: text = 184
188.56466000003275	EXP	text_2: text = 200
188.5818300000392	EXP	text_2: text = 217
188.59796500002267	EXP	text_2: text = 234
188.61467999999877	EXP	text_2: text = 250
188.63093500002287	EXP	text_2: text = 267
188.64816500002053	EXP	text_2: text = 284
188.66466000000946	EXP	text_2: text = 300
188.6817100000335	EXP	text_2: text = 317
188.68889000004856	DATA	Keydown:  
188.70101499999873	EXP	text_2: text = 334
188.70101499999873	EXP	text_2: autoDraw = false
188.70101499999873	EXP	Feedback: text = 324
188.70101499999873	EXP	Feedback: autoDraw = true
189.69953500002157	EXP	Feedback: autoDraw = false
189.69953500002157	EXP	Feedback: autoDraw = false
189.69953500002157	EXP	text_3: autoDraw = true
198.78316500002984	EXP	text_3: autoDraw = false
198.78316500002984	EXP	text_3: autoDraw = false
198.78316500002984	EXP	text_2: autoDraw = true
198.78316500002984	EXP	text_2: text = 0
198.79714000003878	EXP	text_2: text = 16
198.81441500002984	EXP	text_2: text = 33
198.8304000000353	EXP	text_2: text = 50
198.84729000000516	EXP	text_2: text = 67
198.86382000002777	EXP	text_2: text = 83
198.88034000003245	EXP	text_2: text = 100
198.89686999999685	EXP	text_2: text = 116
198.91373000002932	EXP	text_2: text = 133
198.93092000001343	EXP	text_2: text = 150
198.94813500001328	EXP	text_2: text = 166
198.96301500004483	EXP	text_2: text = 183
198.98232000001008	EXP	text_2: text = 200
198.99670499999775	EXP	text_2: text = 216
199.01257500000065	EXP	text_2: text = 233
199.02781500003766	EXP	text_2: text = 249
199.0295299999998	DATA	Keydown:  
199.04851500003133	EXP	text_2: text = 270
199.04851500003133	EXP	text_2: autoDraw = false
199.04851500003133	EXP	Feedback: text = 247
199.04851500003133	EXP	Feedback: autoDraw = true
200.0483649999951	EXP	Feedback: autoDraw = false
200.0483649999951	EXP	Feedback: autoDraw = false
200.0483649999951	EXP	text_3: autoDraw = true
205.34825999999885	EXP	text_3: autoDraw = false
205.34825999999885	EXP	text_3: autoDraw = false
205.34825999999885	EXP	text_2: autoDraw = true
205.34825999999885	EXP	text_2: text = 0
205.36323499999708	EXP	text_2: text = 16
205.37920500000473	EXP	text_2: text = 33
205.39657500002068	EXP	text_2: text = 50
205.41318500001216	EXP	text_2: text = 66
205.4301700000069	EXP	text_2: text = 83
205.44682000001194	EXP	text_2: text = 100
205.46309000003384	EXP	text_2: text = 116
205.4803950000205	EXP	text_2: text = 133
205.49700000003213	EXP	text_2: text = 150
205.51333000004524	EXP	text_2: text = 166
205.52972000004956	EXP	text_2: text = 183
205.54687000002014	EXP	text_2: text = 200
205.56355000002077	EXP	text_2: text = 216
205.58042000001296	EXP	text_2: text = 233
205.59643500001403	EXP	text_2: text = 250
205.6135850000428	EXP	text_2: text = 267
205.6241550000268	DATA	Keydown:  
205.63548500003526	EXP	text_2: text = 284
205.63548500003526	EXP	text_2: autoDraw = false
205.63548500003526	EXP	Feedback: text = 276
205.63548500003526	EXP	Feedback: autoDraw = true
206.63446000003023	EXP	Feedback: autoDraw = false
206.63446000003023	EXP	Feedback: autoDraw = false
206.63446000003023	EXP	text_3: autoDraw = true
215.7302250000066	EXP	text_3: autoDraw = false
215.7302250000066	EXP	text_3: autoDraw = false
215.7302250000066	EXP	text_2: autoDraw = true
215.7302250000066	EXP	text_2: text = 0
215.7447300000349	EXP	text_2: text = 16
215.76166499999817	EXP	text_2: text = 33
215.77831000002334	EXP	text_2: text = 49
215.79485500004375	EXP	text_2: text = 66
215.81114000000525	EXP	text_2: text = 83
215.82824000000255	EXP	text_2: text = 100
215.8449499999988	EXP	text_2: text = 116
215.8616650000331	EXP	text_2: text = 133
215.87814000004437	EXP	text_2: text = 150
215.8952949999948	EXP	text_2: text = 166
215.9115950000123	EXP	text_2: text = 183
215.9285750000272	EXP	text_2: text = 200
215.94554000004428	EXP	text_2: text = 216
215.9613150000223	EXP	text_2: text = 233
215.97868500003824	EXP	text_2: text = 249
215.99538500001654	EXP	text_2: text = 266
215.99913500004914	DATA	Keydown:  
216.01403500000015	EXP	text_2: text = 283
216.01403500000015	EXP	text_2: autoDraw = false
216.01403500000015	EXP	Feedback: text = 269
216.01403500000015	EXP	Feedback: autoDraw = true
217.01459999999497	EXP	Feedback: autoDraw = false
217.01459999999497	EXP	Feedback: autoDraw = false
217.01459999999497	EXP	text_3: autoDraw = true
224.5806150000426	EXP	text_3: autoDraw = false
224.5806150000426	EXP	text_3: autoDraw = false
224.5806150000426	EXP	text_2: autoDraw = true
224.5806150000426	EXP	text_2: text = 0
224.59507999999914	EXP	text_2: text = 16
224.61016999999993	EXP	text_2: text = 33
224.62688500003424	EXP	text_2: text = 50
224.64334000000963	EXP	text_2: text = 66
224.66057500004536	EXP	text_2: text = 83
224.67661500000395	EXP	text_2: text = 100
224.69368500000564	EXP	text_2: text = 116
224.7096400000155	EXP	text_2: text = 133
224.72700500005158	EXP	text_2: text = 149
224.74361500004306	EXP	text_2: text = 166
224.76013500004774	EXP	text_2: text = 183
224.77694500004873	EXP	text_2: text = 200
224.7934499999974	EXP	text_2: text = 216
224.81076000002213	EXP	text_2: text = 233
224.82701000000816	EXP	text_2: text = 249
224.8439500000095	EXP	text_2: text = 266
224.85422500001732	DATA	Keydown:  
224.86203000001842	EXP	text_2: text = 283
224.86203000001842	EXP	text_2: autoDraw = false
224.86203000001842	EXP	Feedback: text = 274
224.86203000001842	EXP	Feedback: autoDraw = true
225.86677000002237	EXP	Feedback: autoDraw = false
225.86677000002237	EXP	Feedback: autoDraw = false
225.86677000002237	EXP	text_3: autoDraw = true
232.70449000003282	DATA	Keydown:  
233.99687000003178	EXP	text_3: autoDraw = false
233.99687000003178	EXP	text_3: autoDraw = false
233.99687000003178	EXP	text_2: autoDraw = true
233.99687000003178	EXP	text_2: text = 0
234.01104000001214	EXP	text_2: text = 16
234.02825000003213	EXP	text_2: text = 33
234.0443850000156	EXP	text_2: text = 50
234.0622549999971	EXP	text_2: text = 67
234.0782500000205	EXP	text_2: text = 84
234.09192500001518	EXP	text_2: text = 99
234.10828000004403	EXP	text_2: text = 116
234.1252450000029	EXP	text_2: text = 132
234.14220000000205	EXP	text_2: text = 149
234.15988500003004	EXP	text_2: text = 166
234.17657000001054	EXP	text_2: text = 183
234.19310000003316	EXP	text_2: text = 200
234.20965000003343	EXP	text_2: text = 216
234.2266800000216	EXP	text_2: text = 233
234.24294500000542	EXP	text_2: text = 250
234.25947000004817	EXP	text_2: text = 266
234.27630000002682	EXP	text_2: text = 283
234.28340499999467	DATA	Keydown:  
234.29565500002354	EXP	text_2: text = 300
234.29565500002354	EXP	text_2: autoDraw = false
234.29565500002354	EXP	Feedback: text = 287
234.29565500002354	EXP	Feedback: autoDraw = true
235.29594999999972	EXP	Feedback: autoDraw = false
235.29594999999972	EXP	Feedback: autoDraw = false
235.29594999999972	EXP	text_3: autoDraw = true
237.7463450000505	EXP	text_3: autoDraw = false
237.7463450000505	EXP	text_3: autoDraw = false
237.7463450000505	EXP	text_2: autoDraw = true
237.7463450000505	EXP	text_2: text = 0
237.76073500001803	EXP	text_2: text = 16
237.7775799999945	EXP	text_2: text = 33
237.79412999999477	EXP	text_2: text = 50
237.81117000000086	EXP	text_2: text = 66
237.82718500000192	EXP	text_2: text = 83
237.84416999999667	EXP	text_2: text = 99
237.86104000004707	EXP	text_2: text = 116
237.8772900000331	EXP	text_2: text = 133
237.8935150000034	EXP	text_2: text = 150
237.9107350000413	EXP	text_2: text = 166
237.92795000004116	EXP	text_2: text = 183
237.94466500001727	EXP	text_2: text = 200
237.96108999999706	EXP	text_2: text = 216
237.97771500004455	EXP	text_2: text = 233
237.99415000004228	EXP	text_2: text = 250
238.01144000003114	EXP	text_2: text = 266
238.02748000004794	EXP	text_2: text = 283
238.04400500003248	EXP	text_2: text = 299
238.0609350000159	EXP	text_2: text = 316
238.07763000001432	EXP	text_2: text = 333
238.09445000003325	EXP	text_2: text = 350
238.11107500002254	EXP	text_2: text = 366
238.12750000000233	EXP	text_2: text = 383
238.13244000001578	DATA	Keydown:  
238.14851500000805	EXP	text_2: text = 400
238.14851500000805	EXP	text_2: autoDraw = false
238.14851500000805	EXP	Feedback: text = 386
238.14851500000805	EXP	Feedback: autoDraw = true
239.14427000004798	EXP	Feedback: autoDraw = false
239.14427000004798	EXP	Feedback: autoDraw = false
239.14427000004798	EXP	text_3: autoDraw = true
243.03504000004614	DATA	Keydown:  
245.02861500001745	EXP	text_3: autoDraw = false
245.02861500001745	EXP	text_3: autoDraw = false
245.02861500001745	EXP	text_2: autoDraw = true
245.02861500001745	EXP	text_2: text = 0
245.04340000002412	EXP	text_2: text = 17
245.06062000000384	EXP	text_2: text = 33
245.07676500000525	EXP	text_2: text = 50
245.09379000001354	EXP	text_2: text = 67
245.11044000001857	EXP	text_2: text = 83
245.12709500000346	EXP	text_2: text = 100
245.14382500003558	EXP	text_2: text = 117
245.16616500000237	EXP	text_2: text = 137
245.1907900000224	EXP	text_2: text = 166
245.20736000000034	EXP	text_2: text = 183
245.22392000001855	EXP	text_2: text = 199
245.24082500004442	EXP	text_2: text = 216
245.257190000033	EXP	text_2: text = 233
245.27405000000726	EXP	text_2: text = 249
245.29084000003058	EXP	text_2: text = 266
245.30745500000194	EXP	text_2: text = 283
245.32411000004504	EXP	text_2: text = 299
245.3269100000034	DATA	Keydown:  
245.342105000047	EXP	text_2: text = 316
245.342105000047	EXP	text_2: autoDraw = false
245.342105000047	EXP	Feedback: text = 299
245.342105000047	EXP	Feedback: autoDraw = true
246.3453950000112	EXP	Feedback: autoDraw = false
246.3453950000112	EXP	Feedback: autoDraw = false
246.3453950000112	EXP	text_3: autoDraw = true
251.92916500003776	EXP	text_3: autoDraw = false
251.92916500003776	EXP	text_3: autoDraw = false
251.92916500003776	EXP	text_2: autoDraw = true
251.92916500003776	EXP	text_2: text = 0
251.9436450000503	EXP	text_2: text = 17
251.96016499999678	EXP	text_2: text = 33
251.9769250000245	EXP	text_2: text = 50
251.99307500000577	EXP	text_2: text = 66
252.00999000004958	EXP	text_2: text = 83
252.02689500001725	EXP	text_2: text = 100
252.0439100000076	EXP	text_2: text = 116
252.06051500001922	EXP	text_2: text = 133
252.07658500003163	EXP	text_2: text = 150
252.09373000002233	EXP	text_2: text = 166
252.10975500004133	EXP	text_2: text = 183
252.12674500001594	EXP	text_2: text = 200
252.14375000004657	EXP	text_2: text = 216
252.16000500001246	EXP	text_2: text = 233
252.16839500004426	DATA	Keydown:  
252.18131499999436	EXP	text_2: text = 250
252.18131499999436	EXP	text_2: autoDraw = false
252.18131499999436	EXP	Feedback: text = 240
252.18131499999436	EXP	Feedback: autoDraw = true
253.17739500000607	EXP	Feedback: autoDraw = false
253.17739500000607	EXP	Feedback: autoDraw = false
253.17739500000607	EXP	text_3: autoDraw = true
259.9920000000275	EXP	text_3: autoDraw = false
259.9920000000275	EXP	text_3: autoDraw = false
259.9920000000275	EXP	text_2: autoDraw = true
259.9920000000275	EXP	text_2: text = 0
260.0072400000063	EXP	text_2: text = 16
260.0238600000157	EXP	text_2: text = 33
260.04055500001414	EXP	text_2: text = 50
260.05702500004554	EXP	text_2: text = 66
260.0737800000352	EXP	text_2: text = 83
260.09065500000725	EXP	text_2: text = 99
260.1071650000522	EXP	text_2: text = 116
260.1237550000078	EXP	text_2: text = 133
260.1405950000044	EXP	text_2: text = 149
260.15722500003176	EXP	text_2: text = 166
260.1749750000308	EXP	text_2: text = 183
260.1900500000338	EXP	text_2: text = 199
260.2064400000381	EXP	text_2: text = 216
260.22289000003366	EXP	text_2: text = 233
260.23956000001635	EXP	text_2: text = 249
260.2568500000052	EXP	text_2: text = 266
260.26339000003645	DATA	Keydown:  
260.27509500004817	EXP	text_2: text = 283
260.27509500004817	EXP	text_2: autoDraw = false
260.27509500004817	EXP	Feedback: text = 272
260.27509500004817	EXP	Feedback: autoDraw = true
261.27737000002526	EXP	Feedback: autoDraw = false
261.27737000002526	EXP	Feedback: autoDraw = false
261.27737000002526	EXP	text_3: autoDraw = true
263.9770150000113	EXP	text_3: autoDraw = false
263.9770150000113	EXP	text_3: autoDraw = false
263.9770150000113	EXP	text_2: autoDraw = true
263.9770150000113	EXP	text_2: text = 0
263.9921350000077	EXP	text_2: text = 17
264.00736500002677	EXP	text_2: text = 33
264.0234800000326	EXP	text_2: text = 49
264.0402699999977	EXP	text_2: text = 66
264.05693000002066	EXP	text_2: text = 83
264.0737899999949	EXP	text_2: text = 99
264.0904300000402	EXP	text_2: text = 116
264.1074200000148	EXP	text_2: text = 133
264.1238050000393	EXP	text_2: text = 149
264.14037000003736	EXP	text_2: text = 166
264.1570300000021	EXP	text_2: text = 183
264.1736450000317	EXP	text_2: text = 199
264.19047500001034	EXP	text_2: text = 216
264.20762000000104	EXP	text_2: text = 233
264.22375000000466	EXP	text_2: text = 249
264.2400900000357	EXP	text_2: text = 266
264.2570399999968	EXP	text_2: text = 283
264.27364000002854	EXP	text_2: text = 299
264.29072500002803	EXP	text_2: text = 316
264.30697500001406	EXP	text_2: text = 333
264.32358500000555	EXP	text_2: text = 349
264.3407050000387	EXP	text_2: text = 366
264.35723000002326	EXP	text_2: text = 383
264.37378000002354	EXP	text_2: text = 399
264.3899050000473	EXP	text_2: text = 416
264.4070300000021	EXP	text_2: text = 433
264.4249050000217	EXP	text_2: text = 449
264.44026000000304	EXP	text_2: text = 466
264.4570600000443	EXP	text_2: text = 483
264.4602050000103	DATA	Keydown:  
264.47584000002826	EXP	text_2: text = 500
264.47584000002826	EXP	text_2: autoDraw = false
264.47584000002826	EXP	Feedback: text = 483
264.47584000002826	EXP	Feedback: autoDraw = true
265.4727300000377	EXP	Feedback: autoDraw = false
265.4727300000377	EXP	Feedback: autoDraw = false
265.4727300000377	EXP	text_3: autoDraw = true
271.79430000000866	EXP	text_3: autoDraw = false
271.79430000000866	EXP	text_3: autoDraw = false
271.79430000000866	EXP	text_2: autoDraw = true
271.79430000000866	EXP	text_2: text = 0
271.80900500004645	EXP	text_2: text = 17
271.8234900000389	EXP	text_2: text = 33
271.8390350000118	EXP	text_2: text = 49
271.8558850000263	EXP	text_2: text = 66
271.8726350000361	EXP	text_2: text = 83
271.88922000001185	EXP	text_2: text = 99
271.9058500000392	EXP	text_2: text = 116
271.92268000001786	EXP	text_2: text = 132
271.9391750000068	EXP	text_2: text = 149
271.95586500002537	EXP	text_2: text = 166
271.97243000002345	EXP	text_2: text = 183
271.9894500000519	EXP	text_2: text = 199
272.00601500004996	EXP	text_2: text = 216
272.02259000000777	EXP	text_2: text = 233
272.0393299999996	EXP	text_2: text = 249
272.0560300000361	EXP	text_2: text = 266
272.07263000000967	EXP	text_2: text = 282
272.0894800000242	EXP	text_2: text = 299
272.10603500000434	EXP	text_2: text = 316
272.10854000004474	DATA	Keydown:  
272.1243550000363	EXP	text_2: text = 333
272.1243550000363	EXP	text_2: autoDraw = false
272.1243550000363	EXP	Feedback: text = 314
272.1243550000363	EXP	Feedback: autoDraw = true
273.1260150000453	EXP	Feedback: autoDraw = false
273.1260150000453	EXP	Feedback: autoDraw = false
273.1260150000453	EXP	text_3: autoDraw = true
280.3749200000311	EXP	text_3: autoDraw = false
280.3749200000311	EXP	text_3: autoDraw = false
280.3749200000311	EXP	text_2: autoDraw = true
280.3749200000311	EXP	text_2: text = 0
280.3898100000224	EXP	text_2: text = 16
280.40635000000475	EXP	text_2: text = 33
280.4232700000284	EXP	text_2: text = 50
280.4398500000243	EXP	text_2: text = 66
280.456770000048	EXP	text_2: text = 83
280.47320000000764	EXP	text_2: text = 100
280.48965500004124	EXP	text_2: text = 116
280.5066100000404	EXP	text_2: text = 133
280.5237349999952	EXP	text_2: text = 150
280.53994000004604	EXP	text_2: text = 167
280.55627000000095	EXP	text_2: text = 183
280.57308000000194	EXP	text_2: text = 200
280.5896950000315	EXP	text_2: text = 216
280.60654000000795	EXP	text_2: text = 233
280.6231100000441	EXP	text_2: text = 250
280.63976000004914	EXP	text_2: text = 266
280.65633500000695	EXP	text_2: text = 283
280.6737500000163	EXP	text_2: text = 300
280.67726000002585	DATA	Keydown:  
280.6982100000023	EXP	text_2: text = 317
280.6982100000023	EXP	text_2: autoDraw = false
280.6982100000023	EXP	Feedback: text = 303
280.6982100000023	EXP	Feedback: autoDraw = true
281.6912800000282	EXP	Feedback: autoDraw = false
281.6912800000282	EXP	Feedback: autoDraw = false
281.6912800000282	EXP	text_3: autoDraw = true
286.15981000004103	EXP	text_3: autoDraw = false
286.15981000004103	EXP	text_3: autoDraw = false
286.15981000004103	EXP	text_2: autoDraw = true
286.15981000004103	EXP	text_2: text = 0
286.1739050000324	EXP	text_2: text = 16
286.1905400000396	EXP	text_2: text = 33
286.20808000001125	EXP	text_2: text = 50
286.2239750000299	EXP	text_2: text = 66
286.2409050000133	EXP	text_2: text = 83
286.2572999999975	EXP	text_2: text = 99
286.27397500001825	EXP	text_2: text = 116
286.2903650000226	EXP	text_2: text = 133
286.3078300000052	EXP	text_2: text = 150
286.3255000000354	EXP	text_2: text = 166
286.3408050000435	EXP	text_2: text = 183
286.357090000005	EXP	text_2: text = 199
286.37515000003623	EXP	text_2: text = 217
286.3909600000479	EXP	text_2: text = 233
286.4082150000031	EXP	text_2: text = 250
286.4238750000368	EXP	text_2: text = 266
286.44033500005025	EXP	text_2: text = 283
286.4572150000022	EXP	text_2: text = 299
286.47332000004826	EXP	text_2: text = 316
286.49009999999544	EXP	text_2: text = 333
286.504745000042	EXP	text_2: text = 349
286.5211750000017	EXP	text_2: text = 366
286.537255000032	EXP	text_2: text = 382
286.55431999999564	EXP	text_2: text = 399
286.5713150000083	EXP	text_2: text = 416
286.57280000002356	DATA	Keydown:  
286.588635000051	EXP	text_2: text = 432
286.588635000051	EXP	text_2: autoDraw = false
286.588635000051	EXP	Feedback: text = 413
286.588635000051	EXP	Feedback: autoDraw = true
287.5951950000017	EXP	Feedback: autoDraw = false
287.5951950000017	EXP	Feedback: autoDraw = false
287.5951950000017	EXP	text_3: autoDraw = true
294.275260000024	EXP	text_3: autoDraw = false
294.275260000024	EXP	text_3: autoDraw = false
294.275260000024	EXP	text_2: autoDraw = true
294.275260000024	EXP	text_2: text = 0
294.2902849999955	EXP	text_2: text = 16
294.30664000002434	EXP	text_2: text = 33
294.3236250000191	EXP	text_2: text = 50
294.34034500003327	EXP	text_2: text = 66
294.3577450000448	EXP	text_2: text = 83
294.3731300000218	EXP	text_2: text = 100
294.390475000022	EXP	text_2: text = 116
294.40688500000397	EXP	text_2: text = 133
294.4287450000411	EXP	text_2: text = 154
294.4446100000059	EXP	text_2: text = 173
294.45390000002226	EXP	text_2: text = 183
294.4718400000129	EXP	text_2: text = 199
294.48713500000304	EXP	text_2: text = 216
294.50366500002565	EXP	text_2: text = 232
294.5201850000303	EXP	text_2: text = 249
294.5371049999958	EXP	text_2: text = 266
294.5536050000228	EXP	text_2: text = 283
294.56593500002054	DATA	Keydown:  
294.5714750000043	EXP	text_2: text = 299
294.5714750000043	EXP	text_2: autoDraw = false
294.5714750000043	EXP	Feedback: text = 291
294.5714750000043	EXP	Feedback: autoDraw = true
295.57529000000795	EXP	Feedback: autoDraw = false
295.57529000000795	EXP	Feedback: autoDraw = false
295.57529000000795	EXP	text_3: autoDraw = true
301.84234500001185	EXP	text_3: autoDraw = false
301.84234500001185	EXP	text_3: autoDraw = false
301.84234500001185	EXP	text_2: autoDraw = true
301.84234500001185	EXP	text_2: text = 0
301.8569450000068	EXP	text_2: text = 16
301.872715000005	EXP	text_2: text = 33
301.8895950000151	EXP	text_2: text = 49
301.9062050000066	EXP	text_2: text = 66
301.9228000000003	EXP	text_2: text = 83
301.9396700000507	EXP	text_2: text = 99
301.95606500003487	EXP	text_2: text = 116
301.97297000000253	EXP	text_2: text = 133
301.9895700000343	EXP	text_2: text = 149
302.0063650000375	EXP	text_2: text = 166
302.023215000052	EXP	text_2: text = 183
302.0397349999985	EXP	text_2: text = 200
302.05636500002583	EXP	text_2: text = 216
302.0726700000232	EXP	text_2: text = 233
302.0899850000278	EXP	text_2: text = 249
302.10625000001164	EXP	text_2: text = 266
302.1229100000346	EXP	text_2: text = 283
302.1393050000188	EXP	text_2: text = 299
302.14479500002926	DATA	Keydown:  
302.1590600000345	EXP	text_2: text = 316
302.1590600000345	EXP	text_2: autoDraw = false
302.1590600000345	EXP	Feedback: text = 303
302.1590600000345	EXP	Feedback: autoDraw = true
303.15747500001453	EXP	Feedback: autoDraw = false
303.15747500001453	EXP	Feedback: autoDraw = false
303.15747500001453	EXP	text_3: autoDraw = true
308.2082400000072	EXP	text_3: autoDraw = false
308.2082400000072	EXP	text_3: autoDraw = false
308.2082400000072	EXP	text_2: autoDraw = true
308.2082400000072	EXP	text_2: text = 0
308.2227150000399	EXP	text_2: text = 16
308.23915999999736	EXP	text_2: text = 33
308.2557950000046	EXP	text_2: text = 50
308.2723100000294	EXP	text_2: text = 66
308.28903000004357	EXP	text_2: text = 83
308.30550499999663	EXP	text_2: text = 100
308.32251000002725	EXP	text_2: text = 116
308.3422100000316	EXP	text_2: text = 133
308.3590950000216	EXP	text_2: text = 151
308.3702100000228	EXP	text_2: text = 166
308.38658000004943	EXP	text_2: text = 182
308.40266500000143	EXP	text_2: text = 199
308.4198050000123	EXP	text_2: text = 216
308.4360450000386	EXP	text_2: text = 232
308.45252000004984	EXP	text_2: text = 249
308.46937500004424	EXP	text_2: text = 265
308.4878050000407	EXP	text_2: text = 283
308.504580000008	EXP	text_2: text = 299
308.52049000002444	EXP	text_2: text = 316
308.53800000000047	EXP	text_2: text = 333
308.5545750000165	EXP	text_2: text = 349
308.57112500001676	EXP	text_2: text = 366
308.58756499999436	EXP	text_2: text = 383
308.6043550000177	EXP	text_2: text = 399
308.61229000001913	DATA	Keydown:  
308.6234000000404	EXP	text_2: text = 416
308.6234000000404	EXP	text_2: autoDraw = false
308.6234000000404	EXP	Feedback: text = 404
308.6234000000404	EXP	Feedback: autoDraw = true
309.62110500002746	EXP	Feedback: autoDraw = false
309.62110500002746	EXP	Feedback: autoDraw = false
309.62110500002746	EXP	text_3: autoDraw = true
313.0919050000375	EXP	text_3: autoDraw = false
313.0919050000375	EXP	text_3: autoDraw = false
313.0919050000375	EXP	text_2: autoDraw = true
313.0919050000375	EXP	text_2: text = 0
313.10580000001937	EXP	text_2: text = 17
313.12305500003276	EXP	text_2: text = 33
313.1390700000338	EXP	text_2: text = 50
313.15547500003595	EXP	text_2: text = 66
313.17219000001205	EXP	text_2: text = 83
313.1885600000387	EXP	text_2: text = 100
313.2059550000122	EXP	text_2: text = 116
313.22189000004437	EXP	text_2: text = 133
313.23862499999814	EXP	text_2: text = 150
313.2550900000497	EXP	text_2: text = 166
313.27207000000635	EXP	text_2: text = 183
313.28901500004577	EXP	text_2: text = 200
313.3056650000508	EXP	text_2: text = 217
313.32119000004604	EXP	text_2: text = 233
313.33850500005065	EXP	text_2: text = 250
313.35594000003766	EXP	text_2: text = 266
313.3727749999962	EXP	text_2: text = 283
313.38911500002723	EXP	text_2: text = 300
313.3944500000216	DATA	Keydown:  
313.4081100000185	EXP	text_2: text = 317
313.4081100000185	EXP	text_2: autoDraw = false
313.4081100000185	EXP	Feedback: text = 303
313.4081100000185	EXP	Feedback: autoDraw = true
314.40317000000505	EXP	Feedback: autoDraw = false
314.40317000000505	EXP	Feedback: autoDraw = false
314.40317000000505	EXP	text_3: autoDraw = true
318.4568250000011	EXP	text_3: autoDraw = false
318.4568250000011	EXP	text_3: autoDraw = false
318.4568250000011	EXP	text_2: autoDraw = true
318.4568250000011	EXP	text_2: text = 0
318.47208000003593	EXP	text_2: text = 17
318.4876050000312	EXP	text_2: text = 33
318.5050700000138	EXP	text_2: text = 49
318.5214000000269	EXP	text_2: text = 66
318.5383300000103	EXP	text_2: text = 83
318.55507500004023	EXP	text_2: text = 99
318.5713950000354	EXP	text_2: text = 116
318.5884300000034	EXP	text_2: text = 133
318.60506500001065	EXP	text_2: text = 150
318.6220650000032	EXP	text_2: text = 166
318.63745500001824	EXP	text_2: text = 183
318.65509000001475	EXP	text_2: text = 199
318.6716600000509	EXP	text_2: text = 216
318.6885750000365	EXP	text_2: text = 233
318.70606500003487	EXP	text_2: text = 250
318.72126000002027	EXP	text_2: text = 266
318.7384650000022	EXP	text_2: text = 283
318.75505999999586	EXP	text_2: text = 299
318.7720650000265	EXP	text_2: text = 317
318.7866750000394	EXP	text_2: text = 333
318.804215000011	EXP	text_2: text = 349
318.8075650000246	DATA	Keydown:  
318.82282000000123	EXP	text_2: text = 366
318.82282000000123	EXP	text_2: autoDraw = false
318.82282000000123	EXP	Feedback: text = 351
318.82282000000123	EXP	Feedback: autoDraw = true
319.8232399999979	EXP	Feedback: autoDraw = false
319.8232399999979	EXP	Feedback: autoDraw = false
319.8232399999979	EXP	text_3: autoDraw = true
325.6890650000423	EXP	text_3: autoDraw = false
325.6890650000423	EXP	text_3: autoDraw = false
325.6890650000423	EXP	text_2: autoDraw = true
325.6890650000423	EXP	text_2: text = 0
325.703125	EXP	text_2: text = 16
325.72000000003027	EXP	text_2: text = 33
325.73691999999573	EXP	text_2: text = 50
325.7534300000407	EXP	text_2: text = 66
325.7694050000282	EXP	text_2: text = 83
325.78671499999473	EXP	text_2: text = 100
325.8035300000338	EXP	text_2: text = 117
325.820325000037	EXP	text_2: text = 133
325.8361300000106	EXP	text_2: text = 150
325.85366500000237	EXP	text_2: text = 166
325.8702200000407	EXP	text_2: text = 183
325.88677500002086	EXP	text_2: text = 200
325.9034100000281	EXP	text_2: text = 216
325.91998000000603	EXP	text_2: text = 233
325.9369000000297	EXP	text_2: text = 250
325.95345500000985	EXP	text_2: text = 266
325.97058500000276	EXP	text_2: text = 283
325.9865550000104	EXP	text_2: text = 300
325.9914400000125	DATA	Keydown:  
326.005765000009	EXP	text_2: text = 317
326.005765000009	EXP	text_2: autoDraw = false
326.005765000009	EXP	Feedback: text = 303
326.005765000009	EXP	Feedback: autoDraw = true
327.0355850000051	EXP	Feedback: autoDraw = false
327.0355850000051	EXP	Feedback: autoDraw = false
327.0355850000051	EXP	End_text: autoDraw = true
341.4874300000374	DATA	Keydown:  
343.2424000000465	DATA	Mouse: 0 button down, pos=(720,579)
343.36863500002073	DATA	Mouse: 0 button down, pos=(720,579)
343.9597200000426	DATA	Mouse: 0 button down, pos=(720,579)
344.056435000035	DATA	Mouse: 0 button down, pos=(720,579)
344.11877000000095	DATA	Mouse: 0 button down, pos=(720,579)
344.16732000000775	DATA	Mouse: 0 button down, pos=(720,579)
344.2755849999958	DATA	Mouse: 0 button down, pos=(720,579)
344.3912899999996	DATA	Mouse: 0 button down, pos=(720,579)
344.4527750000125	DATA	Mouse: 0 button down, pos=(720,579)
344.51007000001846	DATA	Mouse: 0 button down, pos=(720,579)
344.6526400000439	DATA	Mouse: 0 button down, pos=(720,579)
344.7753400000511	DATA	Mouse: 0 button down, pos=(720,579)
