0.3834599999245256	EXP	Created Window = Window( name=Window, fullscr=true, color=#000000, units=height, waitBlanking=true, autoLog=true, size=[1280,610] )
3.6689250000054017	DATA	Keydown: CapsLock
3.924999999930151	DATA	Keydown: A
5.075624999939464	DATA	Keydown: undefined
6.1370249999454245	DATA	Keydown: CapsLock
7.636134999920614	EXP	Created text = TextStim( name=text, win=Window( name=Window, fullscr=true, color=#000000, ~), autoDraw=null, autoLog=true, units=height, ori=null, opacity=1, pos=[0,0], size=undefined, text=INSTRUCTIONS [EN]


A counter will appear and star~, font=Arial, color=#FFFFFF, contrast=1, height=0.03, bold=null, italic=null, alignHoriz=left, alignVert=center, wrapWidth=1, flipHoriz=null, flipVert=null )
7.64352499996312	EXP	Created text_3 = TextStim( name=text_3, win=Window( name=Window, fullscr=true, color=#000000, ~), autoDraw=null, autoLog=true, units=height, ori=null, opacity=1, pos=[0,0], size=undefined, text=null, font=Arial, color=#FFFFFF, contrast=1, height=0.1, bold=null, italic=null, alignHoriz=left, alignVert=center, wrapWidth=1, flipHoriz=null, flipVert=null )
7.650594999897294	EXP	Created text_2 = TextStim( name=text_2, win=Window( name=Window, fullscr=true, color=#000000, ~), autoDraw=null, autoLog=true, units=height, ori=null, opacity=1, pos=[0,0], size=undefined, text=default text, font=Arial, color=#ff0000, contrast=1, height=0.15, bold=null, italic=null, alignHoriz=left, alignVert=center, wrapWidth=1, flipHoriz=null, flipVert=null )
7.65652499999851	EXP	Created Feedback = TextStim( name=Feedback, win=Window( name=Window, fullscr=true, color=#000000, ~), autoDraw=null, autoLog=true, units=height, ori=null, opacity=1, pos=[0,0], size=undefined, text=default text, font=Arial, color=#ff0000, contrast=1, height=0.15, bold=null, italic=null, alignHoriz=left, alignVert=center, wrapWidth=1, flipHoriz=null, flipVert=null )
7.659974999958649	EXP	Created End_text = TextStim( name=End_text, win=Window( name=Window, fullscr=true, color=#000000, ~), autoDraw=null, autoLog=true, units=height, ori=null, opacity=1, pos=[0,0], size=undefined, text=This study aimed to look at procedural learning, i~, font=Arial, color=#FFFFFF, contrast=1, height=0.025, bold=null, italic=null, alignHoriz=left, alignVert=center, wrapWidth=1, flipHoriz=null, flipVert=null )
7.764219999895431	EXP	text: units = "height"
7.764219999895431	EXP	text: ori = 0
7.764219999895431	EXP	text: opacity = 1
7.764219999895431	EXP	text: pos = [0,0]
7.764219999895431	EXP	text: size = undefined
7.764219999895431	EXP	text: text = "INSTRUCTIONS [EN]\n\n\nA counter will appear and start counting at random times, press SPACE as fast as possible when it appears.\n\n\nPress SPACE to start\n\n-------\n\nInstruções [PT]\n\n\nUm cronómetro vai aparecer e começar a contar aleatoriamente, pressione a tecla SPACE assim que ele aparecer.\n\n\nPressiona SPACE para começar."
7.764219999895431	EXP	text: font = "Arial"
7.764219999895431	EXP	text: color = {"_hex":"#FFFFFF","_rgb":[1,1,1]}
7.764219999895431	EXP	text: contrast = 1
7.764219999895431	EXP	text: height = 0.03
7.764219999895431	EXP	text: bold = false
7.764219999895431	EXP	text: italic = false
7.764219999895431	EXP	text: alignHoriz = "left"
7.764219999895431	EXP	text: alignVert = "center"
7.764219999895431	EXP	text: wrapWidth = 1
7.764219999895431	EXP	text: flipHoriz = false
7.764219999895431	EXP	text: flipVert = false
7.764219999895431	EXP	text_3: units = "height"
7.764219999895431	EXP	text_3: ori = 0
7.764219999895431	EXP	text_3: opacity = 1
7.764219999895431	EXP	text_3: pos = [0,0]
7.764219999895431	EXP	text_3: size = undefined
7.764219999895431	EXP	text_3: text = ""
7.764219999895431	EXP	text_3: font = "Arial"
7.764219999895431	EXP	text_3: color = {"_hex":"#FFFFFF","_rgb":[1,1,1]}
7.764219999895431	EXP	text_3: contrast = 1
7.764219999895431	EXP	text_3: height = 0.1
7.764219999895431	EXP	text_3: bold = false
7.764219999895431	EXP	text_3: italic = false
7.764219999895431	EXP	text_3: alignHoriz = "left"
7.764219999895431	EXP	text_3: alignVert = "center"
7.764219999895431	EXP	text_3: wrapWidth = 1
7.764219999895431	EXP	text_3: flipHoriz = false
7.764219999895431	EXP	text_3: flipVert = false
7.764219999895431	EXP	text_2: units = "height"
7.764219999895431	EXP	text_2: ori = 0
7.764219999895431	EXP	text_2: opacity = 1
7.764219999895431	EXP	text_2: pos = [0,0]
7.764219999895431	EXP	text_2: size = undefined
7.764219999895431	EXP	text_2: text = "default text"
7.764219999895431	EXP	text_2: font = "Arial"
7.764219999895431	EXP	text_2: color = {"_rgb":[1,0,0]}
7.764219999895431	EXP	text_2: contrast = 1
7.764219999895431	EXP	text_2: height = 0.15
7.764219999895431	EXP	text_2: bold = false
7.764219999895431	EXP	text_2: italic = false
7.764219999895431	EXP	text_2: alignHoriz = "left"
7.764219999895431	EXP	text_2: alignVert = "center"
7.764219999895431	EXP	text_2: wrapWidth = 1
7.764219999895431	EXP	text_2: flipHoriz = false
7.764219999895431	EXP	text_2: flipVert = false
7.764219999895431	EXP	Feedback: units = "height"
7.764219999895431	EXP	Feedback: ori = 0
7.764219999895431	EXP	Feedback: opacity = 1
7.764219999895431	EXP	Feedback: pos = [0,0]
7.764219999895431	EXP	Feedback: size = undefined
7.764219999895431	EXP	Feedback: text = "default text"
7.764219999895431	EXP	Feedback: font = "Arial"
7.764219999895431	EXP	Feedback: color = {"_rgb":[1,0,0]}
7.764219999895431	EXP	Feedback: contrast = 1
7.764219999895431	EXP	Feedback: height = 0.15
7.764219999895431	EXP	Feedback: bold = false
7.764219999895431	EXP	Feedback: italic = false
7.764219999895431	EXP	Feedback: alignHoriz = "left"
7.764219999895431	EXP	Feedback: alignVert = "center"
7.764219999895431	EXP	Feedback: wrapWidth = 1
7.764219999895431	EXP	Feedback: flipHoriz = false
7.764219999895431	EXP	Feedback: flipVert = false
7.764219999895431	EXP	End_text: units = "height"
7.764219999895431	EXP	End_text: ori = 0
7.764219999895431	EXP	End_text: opacity = 1
7.764219999895431	EXP	End_text: pos = [0,0]
7.764219999895431	EXP	End_text: size = undefined
7.764219999895431	EXP	End_text: text = "This study aimed to look at procedural learning, i.e. our ability to extract patterns from the input that we are constantly receiving. This skill is thought to be essential for language and literacy acquisition and has been suggested as a possible underlying difficult in children with Language Impairments and Dyslexia. This study aims to improve the measures of procedural learning (the smiley face task) so that we can measure procedural learning more reliably and, in the future, analyse the performance of individuals with learning impairments.\nThank you for participating!\n\n----\n\nEste estudo tem como objectivo analisar a nossa capacidade de extrair padrões da informação que estamos constantemente a receber. Pensa-se que esta competência é essencial para a aquisição da linguagem e literacia e foi sugerido que dificuldades neste tipo de competências poderá estar relacionado com perturbações da linguagem e Dislexia. Este estudo tem como objectivo melhorar a estabilidade das medidas usadas para medir este tipo de memória (a tarefa da cara sorridente) de forma a poder medir de forma mais precisa e, no futuro, analisar a performance de indivíduos com perturbações da aprendizagem. \nMuito obrigada por ter participado!"
7.764219999895431	EXP	End_text: font = "Arial"
7.764219999895431	EXP	End_text: color = {"_hex":"#FFFFFF","_rgb":[1,1,1]}
7.764219999895431	EXP	End_text: contrast = 1
7.764219999895431	EXP	End_text: height = 0.025
7.764219999895431	EXP	End_text: bold = false
7.764219999895431	EXP	End_text: italic = false
7.764219999895431	EXP	End_text: alignHoriz = "left"
7.764219999895431	EXP	End_text: alignVert = "center"
7.764219999895431	EXP	End_text: wrapWidth = 1
7.764219999895431	EXP	End_text: flipHoriz = false
7.764219999895431	EXP	End_text: flipVert = false
7.764219999895431	EXP	text: autoDraw = true
10.818804999929853	DATA	Keydown:  
10.871099999989383	EXP	text: autoDraw = false
10.871099999989383	EXP	text_3: autoDraw = true
16.679269999964163	EXP	text_3: autoDraw = false
16.679269999964163	EXP	text_3: autoDraw = false
16.679269999964163	EXP	text_2: autoDraw = true
16.679269999964163	EXP	text_2: text = 1
16.69420499994885	EXP	text_2: text = 151
16.70914999989327	EXP	text_2: text = 163
16.72578999993857	EXP	text_2: text = 179
16.74272999993991	EXP	text_2: text = 195
16.75600499997381	EXP	text_2: text = 212
16.77742999990005	EXP	text_2: text = 229
16.794964999891818	EXP	text_2: text = 248
16.822874999954365	EXP	text_2: text = 270
16.844909999985248	EXP	text_2: text = 294
16.863320000004023	EXP	text_2: text = 317
16.881494999979623	EXP	text_2: text = 335
16.918374999891967	EXP	text_2: text = 375
16.9375	EXP	text_2: text = 394
16.955519999959506	EXP	text_2: text = 412
16.960334999952465	DATA	Keydown:  
16.984694999991916	EXP	text_2: text = 431
16.984694999991916	EXP	text_2: autoDraw = false
16.984694999991916	EXP	Feedback: text = 281
16.984694999991916	EXP	Feedback: autoDraw = true
17.982124999980442	EXP	Feedback: autoDraw = false
17.982124999980442	EXP	Feedback: autoDraw = false
17.982124999980442	EXP	text_3: autoDraw = true
23.07839999999851	EXP	text_3: autoDraw = false
23.07839999999851	EXP	text_3: autoDraw = false
23.07839999999851	EXP	text_2: autoDraw = true
23.07839999999851	EXP	text_2: text = 0
23.108594999997877	EXP	text_2: text = 33
23.142329999944195	EXP	text_2: text = 66
23.175069999997504	EXP	text_2: text = 99
23.208619999932125	EXP	text_2: text = 133
23.24231499992311	EXP	text_2: text = 166
23.274694999912754	EXP	text_2: text = 199
23.29214499995578	EXP	text_2: text = 216
23.336174999945797	EXP	text_2: text = 232
23.354264999972656	EXP	text_2: text = 279
23.40641999989748	EXP	text_2: text = 298
23.41040999989491	DATA	Keydown:  
23.430194999906234	EXP	text_2: text = 353
23.430194999906234	EXP	text_2: autoDraw = false
23.430194999906234	EXP	Feedback: text = 332
23.430194999906234	EXP	Feedback: autoDraw = true
24.438044999958947	EXP	Feedback: autoDraw = false
24.438044999958947	EXP	Feedback: autoDraw = false
24.438044999958947	EXP	text_3: autoDraw = true
27.97157499997411	EXP	text_3: autoDraw = false
27.97157499997411	EXP	text_3: autoDraw = false
27.97157499997411	EXP	text_2: autoDraw = true
27.97157499997411	EXP	text_2: text = 0
27.990479999920353	EXP	text_2: text = 26
28.009659999981523	EXP	text_2: text = 45
28.028649999992922	EXP	text_2: text = 65
28.04897499992512	EXP	text_2: text = 85
28.06870499998331	EXP	text_2: text = 105
28.08745499991346	EXP	text_2: text = 124
28.1073299999116	EXP	text_2: text = 143
28.126404999988154	EXP	text_2: text = 163
28.14527499990072	EXP	text_2: text = 181
28.165485000004992	EXP	text_2: text = 201
28.18400499993004	EXP	text_2: text = 220
28.21655999997165	EXP	text_2: text = 253
28.240950000006706	EXP	text_2: text = 278
28.26425000000745	EXP	text_2: text = 302
28.292234999942593	EXP	text_2: text = 325
28.30288999993354	DATA	Keydown:  
28.315224999911152	EXP	text_2: text = 356
28.315224999911152	EXP	text_2: autoDraw = false
28.315224999911152	EXP	Feedback: text = 332
28.315224999911152	EXP	Feedback: autoDraw = true
29.321374999941327	EXP	Feedback: autoDraw = false
29.321374999941327	EXP	Feedback: autoDraw = false
29.321374999941327	EXP	text_3: autoDraw = true
34.84990499995183	EXP	text_3: autoDraw = false
34.84990499995183	EXP	text_3: autoDraw = false
34.84990499995183	EXP	text_2: autoDraw = true
34.84990499995183	EXP	text_2: text = 0
34.87595999997575	EXP	text_2: text = 33
34.910419999971054	EXP	text_2: text = 66
34.94393999991007	EXP	text_2: text = 99
34.97815499990247	EXP	text_2: text = 133
35.00608999992255	EXP	text_2: text = 166
35.022219999926165	EXP	text_2: text = 182
35.04074999992736	EXP	text_2: text = 199
35.055999999982305	EXP	text_2: text = 215
35.072959999903105	EXP	text_2: text = 232
35.09142499999143	EXP	text_2: text = 249
35.110169999999925	EXP	text_2: text = 266
35.116944999899715	DATA	Keydown:  
35.14384999999311	EXP	text_2: text = 300
35.14384999999311	EXP	text_2: autoDraw = false
35.14384999999311	EXP	Feedback: text = 268
35.14384999999311	EXP	Feedback: autoDraw = true
36.15486999996938	EXP	Feedback: autoDraw = false
36.15486999996938	EXP	Feedback: autoDraw = false
36.15486999996938	EXP	text_3: autoDraw = true
41.34011999994982	DATA	Keydown:  
44.09497499989811	EXP	text_3: autoDraw = false
44.09497499989811	EXP	text_3: autoDraw = false
44.09497499989811	EXP	text_2: autoDraw = true
44.09497499989811	EXP	text_2: text = 0
44.12448499992024	EXP	text_2: text = 33
44.14317999989726	EXP	text_2: text = 50
44.17517499998212	EXP	text_2: text = 83
44.208494999911636	EXP	text_2: text = 116
44.242184999980964	EXP	text_2: text = 149
44.27580499998294	EXP	text_2: text = 183
44.29531999991741	EXP	text_2: text = 201
44.41672999993898	EXP	text_2: text = 233
44.42100999993272	DATA	Keydown:  
44.43957499996759	EXP	text_2: text = 346
44.43957499996759	EXP	text_2: autoDraw = false
44.43957499996759	EXP	Feedback: text = 326
44.43957499996759	EXP	Feedback: autoDraw = true
45.44365499995183	EXP	Feedback: autoDraw = false
45.44365499995183	EXP	Feedback: autoDraw = false
45.44365499995183	EXP	text_3: autoDraw = true
48.69436500000302	EXP	text_3: autoDraw = false
48.69436500000302	EXP	text_3: autoDraw = false
48.69436500000302	EXP	text_2: autoDraw = true
48.69436500000302	EXP	text_2: text = 0
48.725284999934956	EXP	text_2: text = 33
48.75851499999408	EXP	text_2: text = 66
48.792384999920614	EXP	text_2: text = 99
48.82538999989629	EXP	text_2: text = 133
48.85884000000078	EXP	text_2: text = 166
48.89203499990981	EXP	text_2: text = 199
48.909479999914765	EXP	text_2: text = 216
49.006509999977425	EXP	text_2: text = 234
49.021809999947436	EXP	text_2: text = 329
49.03754499997012	EXP	text_2: text = 344
49.05407999991439	EXP	text_2: text = 360
49.07086499989964	EXP	text_2: text = 377
49.087924999999814	EXP	text_2: text = 394
49.11461999989115	EXP	text_2: text = 411
49.133709999965504	EXP	text_2: text = 438
49.1401949999854	DATA	Keydown:  
49.15580999990925	EXP	text_2: text = 460
49.15580999990925	EXP	text_2: autoDraw = false
49.15580999990925	EXP	Feedback: text = 446
49.15580999990925	EXP	Feedback: autoDraw = true
50.18769499997143	EXP	Feedback: autoDraw = false
50.18769499997143	EXP	Feedback: autoDraw = false
50.18769499997143	EXP	text_3: autoDraw = true
60.04294499999378	EXP	text_3: autoDraw = false
60.04294499999378	EXP	text_3: autoDraw = false
60.04294499999378	EXP	text_2: autoDraw = true
60.04294499999378	EXP	text_2: text = 0
60.07481499994174	EXP	text_2: text = 33
60.10859499999788	EXP	text_2: text = 67
60.125669999979436	EXP	text_2: text = 84
60.15812999999616	EXP	text_2: text = 116
60.17538999998942	EXP	text_2: text = 133
60.193459999980405	EXP	text_2: text = 150
60.30906499992125	EXP	text_2: text = 178
60.32543999992777	EXP	text_2: text = 287
60.342299999902025	EXP	text_2: text = 301
60.34586000000127	DATA	Keydown:  
60.36132999998517	EXP	text_2: text = 319
60.36132999998517	EXP	text_2: autoDraw = false
60.36132999998517	EXP	Feedback: text = 303
60.36132999998517	EXP	Feedback: autoDraw = true
61.37157499999739	EXP	Feedback: autoDraw = false
61.37157499999739	EXP	Feedback: autoDraw = false
61.37157499999739	EXP	text_3: autoDraw = true
68.86122999992222	EXP	text_3: autoDraw = false
68.86122999992222	EXP	text_3: autoDraw = false
68.86122999992222	EXP	text_2: autoDraw = true
68.86122999992222	EXP	text_2: text = 0
68.89126999990549	EXP	text_2: text = 32
68.90913499996532	EXP	text_2: text = 49
68.94135999993887	EXP	text_2: text = 83
68.95916500000749	EXP	text_2: text = 99
68.99192999990191	EXP	text_2: text = 132
69.02551499998663	EXP	text_2: text = 166
69.04368999996223	EXP	text_2: text = 183
69.16521999996621	EXP	text_2: text = 203
69.18661999993492	EXP	text_2: text = 324
69.21752999990713	EXP	text_2: text = 359
69.2481249999255	EXP	text_2: text = 380
69.26555499993265	EXP	text_2: text = 409
69.2829549999442	EXP	text_2: text = 426
69.28661999991164	DATA	Keydown:  
69.30183499993291	EXP	text_2: text = 443
69.30183499993291	EXP	text_2: autoDraw = false
69.30183499993291	EXP	Feedback: text = 426
69.30183499993291	EXP	Feedback: autoDraw = true
70.30487499991432	EXP	Feedback: autoDraw = false
70.30487499991432	EXP	Feedback: autoDraw = false
70.30487499991432	EXP	text_3: autoDraw = true
73.07779499993194	EXP	text_3: autoDraw = false
73.07779499993194	EXP	text_3: autoDraw = false
73.07779499993194	EXP	text_2: autoDraw = true
73.07779499993194	EXP	text_2: text = 0
73.10831999999937	EXP	text_2: text = 33
73.12626999989152	EXP	text_2: text = 50
73.1590449999785	EXP	text_2: text = 83
73.19209999998566	EXP	text_2: text = 116
73.22575999994297	EXP	text_2: text = 150
73.25839999993332	EXP	text_2: text = 183
73.27754499996081	EXP	text_2: text = 200
73.3808849999914	EXP	text_2: text = 219
73.39727999991737	EXP	text_2: text = 321
73.41374999994878	EXP	text_2: text = 337
73.4303699999582	EXP	text_2: text = 354
73.44685999990907	EXP	text_2: text = 370
73.46064499998465	DATA	Keydown:  
73.4839899999788	EXP	text_2: text = 403
73.4839899999788	EXP	text_2: autoDraw = false
73.4839899999788	EXP	Feedback: text = 383
73.4839899999788	EXP	Feedback: autoDraw = true
74.47648499999195	EXP	Feedback: autoDraw = false
74.47648499999195	EXP	Feedback: autoDraw = false
74.47648499999195	EXP	text_3: autoDraw = true
76.60725000000093	EXP	text_3: autoDraw = false
76.60725000000093	EXP	text_3: autoDraw = false
76.60725000000093	EXP	text_2: autoDraw = true
76.60725000000093	EXP	text_2: text = 0
76.6231249999255	EXP	text_2: text = 16
76.63885999994818	EXP	text_2: text = 33
76.65872999990825	EXP	text_2: text = 50
76.69203999999445	EXP	text_2: text = 84
76.72436499991454	EXP	text_2: text = 117
76.74772999994457	EXP	text_2: text = 138
76.77572999999393	EXP	text_2: text = 167
76.80912999995053	EXP	text_2: text = 200
76.84483499999624	EXP	text_2: text = 233
76.87961999990512	EXP	text_2: text = 269
76.90388999995776	EXP	text_2: text = 293
77.01555999997072	EXP	text_2: text = 354
77.01889999990817	DATA	Keydown:  
77.03366999991704	EXP	text_2: text = 427
77.03366999991704	EXP	text_2: autoDraw = false
77.03366999991704	EXP	Feedback: text = 412
77.03366999991704	EXP	Feedback: autoDraw = true
78.03795999998692	EXP	Feedback: autoDraw = false
78.03795999998692	EXP	Feedback: autoDraw = false
78.03795999998692	EXP	text_3: autoDraw = true
79.49133499991149	DATA	Keydown:  
81.13816999993287	EXP	text_3: autoDraw = false
81.13816999993287	EXP	text_3: autoDraw = false
81.13816999993287	EXP	text_2: autoDraw = true
81.13816999993287	EXP	text_2: text = 0
81.1579549999442	EXP	text_2: text = 28
81.17587999999523	EXP	text_2: text = 48
81.19428999989759	EXP	text_2: text = 66
81.211959999986	EXP	text_2: text = 85
81.22959000000264	EXP	text_2: text = 101
81.24794499995187	EXP	text_2: text = 120
81.26620499999262	EXP	text_2: text = 138
81.28507999994326	EXP	text_2: text = 156
81.30350999999791	EXP	text_2: text = 175
81.33307999989484	EXP	text_2: text = 204
81.35763999994379	EXP	text_2: text = 230
81.38584000000264	EXP	text_2: text = 255
81.43140499992296	EXP	text_2: text = 283
81.45635999995284	EXP	text_2: text = 328
81.47283999994397	EXP	text_2: text = 349
81.49321499990765	EXP	text_2: text = 367
81.4981849999167	DATA	Keydown:  
81.51324999995995	EXP	text_2: text = 386
81.51324999995995	EXP	text_2: autoDraw = false
81.51324999995995	EXP	Feedback: text = 360
81.51324999995995	EXP	Feedback: autoDraw = true
82.50973999989219	EXP	Feedback: autoDraw = false
82.50973999989219	EXP	Feedback: autoDraw = false
82.50973999989219	EXP	text_3: autoDraw = true
92.2449749999214	EXP	text_3: autoDraw = false
92.2449749999214	EXP	text_3: autoDraw = false
92.2449749999214	EXP	text_2: autoDraw = true
92.2449749999214	EXP	text_2: text = 0
92.27550999994855	EXP	text_2: text = 33
92.30837499990594	EXP	text_2: text = 66
92.34345499996562	EXP	text_2: text = 99
92.37855999998283	EXP	text_2: text = 133
92.41109999991022	EXP	text_2: text = 166
92.4425999999512	EXP	text_2: text = 199
92.46407499990892	EXP	text_2: text = 219
92.54174499993678	EXP	text_2: text = 241
92.54444999992847	DATA	Keydown:  
92.55514499999117	EXP	text_2: text = 314
92.55514499999117	EXP	text_2: autoDraw = false
92.55514499999117	EXP	Feedback: text = 300
92.55514499999117	EXP	Feedback: autoDraw = true
93.5715649999911	EXP	Feedback: autoDraw = false
93.5715649999911	EXP	Feedback: autoDraw = false
93.5715649999911	EXP	text_3: autoDraw = true
99.16187999991234	EXP	text_3: autoDraw = false
99.16187999991234	EXP	text_3: autoDraw = false
99.16187999991234	EXP	text_2: autoDraw = true
99.16187999991234	EXP	text_2: text = 0
99.19205999991391	EXP	text_2: text = 33
99.22526999993715	EXP	text_2: text = 66
99.25862999993842	EXP	text_2: text = 100
99.29263499996159	EXP	text_2: text = 133
99.32561999990139	EXP	text_2: text = 166
99.3586049999576	EXP	text_2: text = 199
99.38657999993302	EXP	text_2: text = 216
99.50039999990258	EXP	text_2: text = 256
99.50659499992616	DATA	Keydown:  
99.52446499990765	EXP	text_2: text = 365
99.52446499990765	EXP	text_2: autoDraw = false
99.52446499990765	EXP	Feedback: text = 345
99.52446499990765	EXP	Feedback: autoDraw = true
100.53824999998324	EXP	Feedback: autoDraw = false
100.53824999998324	EXP	Feedback: autoDraw = false
100.53824999998324	EXP	text_3: autoDraw = true
102.9780150000006	EXP	text_3: autoDraw = false
102.9780150000006	EXP	text_3: autoDraw = false
102.9780150000006	EXP	text_2: autoDraw = true
102.9780150000006	EXP	text_2: text = 0
103.00840999989305	EXP	text_2: text = 33
103.0268549999455	EXP	text_2: text = 50
103.05871499993373	EXP	text_2: text = 83
103.0921349999262	EXP	text_2: text = 116
103.12557999999262	EXP	text_2: text = 149
103.15894499991555	EXP	text_2: text = 183
103.17807499994524	EXP	text_2: text = 200
103.28069499996491	EXP	text_2: text = 218
103.28534499998204	DATA	Keydown:  
103.3009749999037	EXP	text_2: text = 323
103.3009749999037	EXP	text_2: autoDraw = false
103.3009749999037	EXP	Feedback: text = 308
103.3009749999037	EXP	Feedback: autoDraw = true
104.2891599999275	EXP	Feedback: autoDraw = false
104.2891599999275	EXP	Feedback: autoDraw = false
104.2891599999275	EXP	text_3: autoDraw = true
109.17841999989469	EXP	text_3: autoDraw = false
109.17841999989469	EXP	text_3: autoDraw = false
109.17841999989469	EXP	text_2: autoDraw = true
109.17841999989469	EXP	text_2: text = 0
109.20848999998998	EXP	text_2: text = 33
109.2413949999027	EXP	text_2: text = 66
109.27590999996755	EXP	text_2: text = 100
109.3087349999696	EXP	text_2: text = 133
109.34207999997307	EXP	text_2: text = 166
109.36038500000723	EXP	text_2: text = 183
109.4616199999582	EXP	text_2: text = 201
109.46802499995101	DATA	Keydown:  
109.48622500000056	EXP	text_2: text = 307
109.48622500000056	EXP	text_2: autoDraw = false
109.48622500000056	EXP	Feedback: text = 290
109.48622500000056	EXP	Feedback: autoDraw = true
110.47558500000741	EXP	Feedback: autoDraw = false
110.47558500000741	EXP	Feedback: autoDraw = false
110.47558500000741	EXP	text_3: autoDraw = true
119.91187499999069	EXP	text_3: autoDraw = false
119.91187499999069	EXP	text_3: autoDraw = false
119.91187499999069	EXP	text_2: autoDraw = true
119.91187499999069	EXP	text_2: text = 0
119.94202499999665	EXP	text_2: text = 33
119.97517499991227	EXP	text_2: text = 66
119.99358499993104	EXP	text_2: text = 83
120.02501499990467	EXP	text_2: text = 116
120.04355999990366	EXP	text_2: text = 133
120.07660499995109	EXP	text_2: text = 167
120.09399999992456	EXP	text_2: text = 184
120.19372499990277	EXP	text_2: text = 201
120.20673499989789	EXP	text_2: text = 299
120.22080499993172	EXP	text_2: text = 311
120.23767999990378	EXP	text_2: text = 326
120.25430499995127	EXP	text_2: text = 342
120.27100499998778	EXP	text_2: text = 360
120.28778499993496	EXP	text_2: text = 376
120.30940999998711	EXP	text_2: text = 394
120.3249599999981	EXP	text_2: text = 416
120.34037999995053	EXP	text_2: text = 431
120.36739999998827	EXP	text_2: text = 459
120.37914499989711	DATA	Keydown:  
120.3946649999125	EXP	text_2: text = 484
120.3946649999125	EXP	text_2: autoDraw = false
120.3946649999125	EXP	Feedback: text = 468
120.3946649999125	EXP	Feedback: autoDraw = true
121.39400999993086	EXP	Feedback: autoDraw = false
121.39400999993086	EXP	Feedback: autoDraw = false
121.39400999993086	EXP	text_3: autoDraw = true
123.57915000000503	DATA	Keydown:  
126.63210499996785	EXP	text_3: autoDraw = false
126.63210499996785	EXP	text_3: autoDraw = false
126.63210499996785	EXP	text_2: autoDraw = true
126.63210499996785	EXP	text_2: text = 0
126.65447499998845	EXP	text_2: text = 31
126.67166499991436	EXP	text_2: text = 48
126.68810999998823	EXP	text_2: text = 64
126.70451499999035	EXP	text_2: text = 81
126.72482499992475	EXP	text_2: text = 98
126.74268999998458	EXP	text_2: text = 115
126.77626499999315	EXP	text_2: text = 148
126.80939499998931	EXP	text_2: text = 182
126.84228499990422	EXP	text_2: text = 215
126.87571499997284	EXP	text_2: text = 248
126.89364999998361	EXP	text_2: text = 266
126.99323499994352	EXP	text_2: text = 284
126.99812000000384	DATA	Keydown:  
127.01131999993231	EXP	text_2: text = 384
127.01131999993231	EXP	text_2: autoDraw = false
127.01131999993231	EXP	Feedback: text = 366
127.01131999993231	EXP	Feedback: autoDraw = true
128.01010499999393	EXP	Feedback: autoDraw = false
128.01010499999393	EXP	Feedback: autoDraw = false
128.01010499999393	EXP	text_3: autoDraw = true
136.49568999989424	EXP	text_3: autoDraw = false
136.49568999989424	EXP	text_3: autoDraw = false
136.49568999989424	EXP	text_2: autoDraw = true
136.49568999989424	EXP	text_2: text = 0
136.52554499998223	EXP	text_2: text = 33
136.5587649999652	EXP	text_2: text = 66
136.59063499991316	EXP	text_2: text = 99
136.60985999996774	EXP	text_2: text = 116
136.64159999997355	EXP	text_2: text = 149
136.65969499992207	EXP	text_2: text = 166
136.67896499997005	EXP	text_2: text = 184
136.7662549999077	EXP	text_2: text = 203
136.76983000000473	DATA	Keydown:  
136.7833099999698	EXP	text_2: text = 290
136.7833099999698	EXP	text_2: autoDraw = false
136.7833099999698	EXP	Feedback: text = 275
136.7833099999698	EXP	Feedback: autoDraw = true
137.7884249999188	EXP	Feedback: autoDraw = false
137.7884249999188	EXP	Feedback: autoDraw = false
137.7884249999188	EXP	text_3: autoDraw = true
140.89828500000294	EXP	text_3: autoDraw = false
140.89828500000294	EXP	text_3: autoDraw = false
140.89828500000294	EXP	text_2: autoDraw = true
140.89828500000294	EXP	text_2: text = 0
140.9264649999095	EXP	text_2: text = 33
140.95996499992907	EXP	text_2: text = 66
140.99637999990955	EXP	text_2: text = 100
141.0278849999886	EXP	text_2: text = 133
141.061699999962	EXP	text_2: text = 166
141.08921000000555	EXP	text_2: text = 199
141.10578499990515	EXP	text_2: text = 216
141.1257049998967	EXP	text_2: text = 232
141.1434049999807	EXP	text_2: text = 250
141.160564999911	EXP	text_2: text = 268
141.21347499999683	EXP	text_2: text = 283
141.2278149999911	EXP	text_2: text = 336
141.25117499998305	EXP	text_2: text = 360
141.26928999996744	EXP	text_2: text = 378
141.28787499992177	EXP	text_2: text = 396
141.29384999989998	DATA	Keydown:  
141.3082449999638	EXP	text_2: text = 417
141.3082449999638	EXP	text_2: autoDraw = false
141.3082449999638	EXP	Feedback: text = 396
141.3082449999638	EXP	Feedback: autoDraw = true
142.30940499994904	EXP	Feedback: autoDraw = false
142.30940499994904	EXP	Feedback: autoDraw = false
142.30940499994904	EXP	text_3: autoDraw = true
146.97862499998882	EXP	text_3: autoDraw = false
146.97862499998882	EXP	text_3: autoDraw = false
146.97862499998882	EXP	text_2: autoDraw = true
146.97862499998882	EXP	text_2: text = 0
147.0084949999582	EXP	text_2: text = 33
147.04516499990132	EXP	text_2: text = 66
147.07820499991067	EXP	text_2: text = 100
147.1120799999917	EXP	text_2: text = 133
147.14591500000097	EXP	text_2: text = 166
147.18108999996912	EXP	text_2: text = 202
147.20896999991965	EXP	text_2: text = 233
147.22330499999225	EXP	text_2: text = 250
147.2411799998954	EXP	text_2: text = 266
147.26026499993168	EXP	text_2: text = 287
147.27784999995492	EXP	text_2: text = 304
147.28310000000056	DATA	Keydown:  
147.33185499999672	EXP	text_2: text = 322
147.33185499999672	EXP	text_2: autoDraw = false
147.33185499999672	EXP	Feedback: text = 305
147.33185499999672	EXP	Feedback: autoDraw = true
148.29946499993093	EXP	Feedback: autoDraw = false
148.29946499993093	EXP	Feedback: autoDraw = false
148.29946499993093	EXP	text_3: autoDraw = true
151.45669999998063	EXP	text_3: autoDraw = false
151.45669999998063	EXP	text_3: autoDraw = false
151.45669999998063	EXP	text_2: autoDraw = true
151.45669999998063	EXP	text_2: text = 0
151.47286999993958	EXP	text_2: text = 16
151.49379999993835	EXP	text_2: text = 33
151.5146549999481	EXP	text_2: text = 53
151.5951949999435	EXP	text_2: text = 76
151.614014999941	EXP	text_2: text = 154
151.63023499993142	EXP	text_2: text = 171
151.6458649999695	EXP	text_2: text = 187
151.66195499990135	EXP	text_2: text = 203
151.67827499995474	EXP	text_2: text = 219
151.694809999899	EXP	text_2: text = 235
151.71486999990884	EXP	text_2: text = 251
151.73129499994684	EXP	text_2: text = 272
151.7477249999065	EXP	text_2: text = 288
151.76399000000674	EXP	text_2: text = 305
151.77000499994028	DATA	Keydown:  
151.78455499990378	EXP	text_2: text = 324
151.78455499990378	EXP	text_2: autoDraw = false
151.78455499990378	EXP	Feedback: text = 314
151.78455499990378	EXP	Feedback: autoDraw = true
152.7709849999519	EXP	Feedback: autoDraw = false
152.7709849999519	EXP	Feedback: autoDraw = false
152.7709849999519	EXP	text_3: autoDraw = true
160.34627999993972	EXP	text_3: autoDraw = false
160.34627999993972	EXP	text_3: autoDraw = false
160.34627999993972	EXP	text_2: autoDraw = true
160.34627999993972	EXP	text_2: text = 0
160.37297499994747	EXP	text_2: text = 19
160.3958799999673	EXP	text_2: text = 46
160.42001999996137	EXP	text_2: text = 77
160.4490699999733	EXP	text_2: text = 94
160.4858499999391	EXP	text_2: text = 134
160.53122499992605	EXP	text_2: text = 157
160.55096999998204	EXP	text_2: text = 201
160.57143499993253	EXP	text_2: text = 226
160.59773499995936	EXP	text_2: text = 255
160.61575499991886	EXP	text_2: text = 269
160.6365699999733	EXP	text_2: text = 289
160.67743999999948	DATA	Keydown:  
160.69801499997266	EXP	text_2: text = 349
160.69801499997266	EXP	text_2: autoDraw = false
160.69801499997266	EXP	Feedback: text = 331
160.69801499997266	EXP	Feedback: autoDraw = true
161.705169999972	EXP	Feedback: autoDraw = false
161.705169999972	EXP	Feedback: autoDraw = false
161.705169999972	EXP	text_3: autoDraw = true
165.911364999949	EXP	text_3: autoDraw = false
165.911364999949	EXP	text_3: autoDraw = false
165.911364999949	EXP	text_2: autoDraw = true
165.911364999949	EXP	text_2: text = 0
165.94237499998417	EXP	text_2: text = 33
165.97520999994595	EXP	text_2: text = 66
165.99384499993175	EXP	text_2: text = 83
166.02593499992508	EXP	text_2: text = 116
166.06056999997236	EXP	text_2: text = 149
166.09444499993697	EXP	text_2: text = 182
166.12565499998163	EXP	text_2: text = 216
166.14319999993313	EXP	text_2: text = 233
166.2323899999028	EXP	text_2: text = 250
166.24498499999754	EXP	text_2: text = 336
166.25719999999274	EXP	text_2: text = 349
166.27409500000067	EXP	text_2: text = 365
166.29061499994714	EXP	text_2: text = 382
166.29371999995783	DATA	Keydown:  
166.30843999993522	EXP	text_2: text = 399
166.30843999993522	EXP	text_2: autoDraw = false
166.30843999993522	EXP	Feedback: text = 383
166.30843999993522	EXP	Feedback: autoDraw = true
167.3093949999893	EXP	Feedback: autoDraw = false
167.3093949999893	EXP	Feedback: autoDraw = false
167.3093949999893	EXP	text_3: autoDraw = true
176.9115049999673	EXP	text_3: autoDraw = false
176.9115049999673	EXP	text_3: autoDraw = false
176.9115049999673	EXP	text_2: autoDraw = true
176.9115049999673	EXP	text_2: text = 0
176.94176499999594	EXP	text_2: text = 33
176.96022999996785	EXP	text_2: text = 50
176.9923449999187	EXP	text_2: text = 83
177.0260099999141	EXP	text_2: text = 116
177.0593050000025	EXP	text_2: text = 150
177.07792999991216	EXP	text_2: text = 167
177.17583999992348	EXP	text_2: text = 185
177.18088999995962	DATA	Keydown:  
177.19519999995828	EXP	text_2: text = 285
177.19519999995828	EXP	text_2: autoDraw = false
177.19519999995828	EXP	Feedback: text = 270
177.19519999995828	EXP	Feedback: autoDraw = true
178.19375999993645	EXP	Feedback: autoDraw = false
178.19375999993645	EXP	Feedback: autoDraw = false
178.19375999993645	EXP	text_3: autoDraw = true
182.0457549999701	EXP	text_3: autoDraw = false
182.0457549999701	EXP	text_3: autoDraw = false
182.0457549999701	EXP	text_2: autoDraw = true
182.0457549999701	EXP	text_2: text = 0
182.07535499997903	EXP	text_2: text = 33
182.09384499990847	EXP	text_2: text = 50
182.12742999999318	EXP	text_2: text = 83
182.15952499990817	EXP	text_2: text = 116
182.1927049999358	EXP	text_2: text = 149
182.22598499991	EXP	text_2: text = 183
182.2431599999545	EXP	text_2: text = 200
182.33554000000004	EXP	text_2: text = 217
182.3545049999375	EXP	text_2: text = 309
182.3714799999725	EXP	text_2: text = 327
182.3990749999648	EXP	text_2: text = 355
182.40843499999028	DATA	Keydown:  
182.43346999993082	EXP	text_2: text = 387
182.43346999993082	EXP	text_2: autoDraw = false
182.43346999993082	EXP	Feedback: text = 364
182.43346999993082	EXP	Feedback: autoDraw = true
183.438894999912	EXP	Feedback: autoDraw = false
183.438894999912	EXP	Feedback: autoDraw = false
183.438894999912	EXP	text_3: autoDraw = true
188.9289399998961	EXP	text_3: autoDraw = false
188.9289399998961	EXP	text_3: autoDraw = false
188.9289399998961	EXP	text_2: autoDraw = true
188.9289399998961	EXP	text_2: text = 0
188.9585799999768	EXP	text_2: text = 33
188.97708499990404	EXP	text_2: text = 49
189.00987999991048	EXP	text_2: text = 83
189.0428799999645	EXP	text_2: text = 116
189.07610499998555	EXP	text_2: text = 149
189.10951999993995	EXP	text_2: text = 182
189.12661499995738	EXP	text_2: text = 200
189.22497499990277	EXP	text_2: text = 217
189.2294699999038	DATA	Keydown:  
189.24731499992777	EXP	text_2: text = 316
189.24731499992777	EXP	text_2: autoDraw = false
189.24731499992777	EXP	Feedback: text = 301
189.24731499992777	EXP	Feedback: autoDraw = true
190.25522999989334	EXP	Feedback: autoDraw = false
190.25522999989334	EXP	Feedback: autoDraw = false
190.25522999989334	EXP	text_3: autoDraw = true
196.62915499997325	EXP	text_3: autoDraw = false
196.62915499997325	EXP	text_3: autoDraw = false
196.62915499997325	EXP	text_2: autoDraw = true
196.62915499997325	EXP	text_2: text = 0
196.6592899999814	EXP	text_2: text = 33
196.69288499990944	EXP	text_2: text = 66
196.72597499995027	EXP	text_2: text = 99
196.75945999997202	EXP	text_2: text = 133
196.7927399999462	EXP	text_2: text = 166
196.82533999998122	EXP	text_2: text = 199
196.84355499991216	EXP	text_2: text = 216
196.95750999997836	EXP	text_2: text = 235
196.96586499991827	DATA	Keydown:  
196.98240999993868	EXP	text_2: text = 353
196.98240999993868	EXP	text_2: autoDraw = false
196.98240999993868	EXP	Feedback: text = 337
196.98240999993868	EXP	Feedback: autoDraw = true
197.972664999892	EXP	Feedback: autoDraw = false
197.972664999892	EXP	Feedback: autoDraw = false
197.972664999892	EXP	text_3: autoDraw = true
204.14551499998197	EXP	text_3: autoDraw = false
204.14551499998197	EXP	text_3: autoDraw = false
204.14551499998197	EXP	text_2: autoDraw = true
204.14551499998197	EXP	text_2: text = 0
204.17579499993008	EXP	text_2: text = 33
204.2094999999972	EXP	text_2: text = 66
204.2430399999721	EXP	text_2: text = 100
204.27549999998882	EXP	text_2: text = 132
204.29391499992926	EXP	text_2: text = 150
204.32709999999497	EXP	text_2: text = 183
204.36036499997135	EXP	text_2: text = 216
204.38431499991566	EXP	text_2: text = 236
204.39299999992363	DATA	Keydown:  
204.4996599999722	EXP	text_2: text = 263
204.4996599999722	EXP	text_2: autoDraw = false
204.4996599999722	EXP	Feedback: text = 248
204.4996599999722	EXP	Feedback: autoDraw = true
205.4250849999953	EXP	Feedback: autoDraw = false
205.4250849999953	EXP	Feedback: autoDraw = false
205.4250849999953	EXP	text_3: autoDraw = true
210.1626099999994	EXP	text_3: autoDraw = false
210.1626099999994	EXP	text_3: autoDraw = false
210.1626099999994	EXP	text_2: autoDraw = true
210.1626099999994	EXP	text_2: text = 0
210.19184999994468	EXP	text_2: text = 33
210.21043999993708	EXP	text_2: text = 49
210.24208999995608	EXP	text_2: text = 83
210.2602599998936	EXP	text_2: text = 100
210.29277499997988	EXP	text_2: text = 133
210.32600000000093	EXP	text_2: text = 166
210.3447949999245	EXP	text_2: text = 183
210.44647999992594	EXP	text_2: text = 201
210.45365999999922	DATA	Keydown:  
210.47284499998204	EXP	text_2: text = 308
210.47284499998204	EXP	text_2: autoDraw = false
210.47284499998204	EXP	Feedback: text = 292
210.47284499998204	EXP	Feedback: autoDraw = true
211.47198499995284	EXP	Feedback: autoDraw = false
211.47198499995284	EXP	Feedback: autoDraw = false
211.47198499995284	EXP	text_3: autoDraw = true
214.56181999994442	EXP	text_3: autoDraw = false
214.56181999994442	EXP	text_3: autoDraw = false
214.56181999994442	EXP	text_2: autoDraw = true
214.56181999994442	EXP	text_2: text = 0
214.59387999994215	EXP	text_2: text = 33
214.62699999997858	EXP	text_2: text = 66
214.65917499992065	EXP	text_2: text = 100
214.6925049999263	EXP	text_2: text = 133
214.7278599999845	EXP	text_2: text = 166
214.75983499991708	EXP	text_2: text = 199
214.77774999989197	EXP	text_2: text = 217
214.89888499991503	EXP	text_2: text = 235
214.90363999991678	DATA	Keydown:  
214.92852999991737	EXP	text_2: text = 366
214.92852999991737	EXP	text_2: autoDraw = false
214.92852999991737	EXP	Feedback: text = 342
214.92852999991737	EXP	Feedback: autoDraw = true
215.9387599999318	EXP	Feedback: autoDraw = false
215.9387599999318	EXP	Feedback: autoDraw = false
215.9387599999318	EXP	text_3: autoDraw = true
222.52616999996826	EXP	text_3: autoDraw = false
222.52616999996826	EXP	text_3: autoDraw = false
222.52616999996826	EXP	text_2: autoDraw = true
222.52616999996826	EXP	text_2: text = 0
222.54248999990523	EXP	text_2: text = 16
222.55974499997683	EXP	text_2: text = 34
222.58920499996748	EXP	text_2: text = 66
222.6086349999532	EXP	text_2: text = 85
222.6550349999452	EXP	text_2: text = 119
222.67356999998447	EXP	text_2: text = 150
222.6924899999285	EXP	text_2: text = 167
222.7295499999309	EXP	text_2: text = 188
222.75613499991596	EXP	text_2: text = 233
222.8278500000015	EXP	text_2: text = 253
222.86264499998651	EXP	text_2: text = 339
222.87802999990527	EXP	text_2: text = 353
222.92252999998163	EXP	text_2: text = 368
222.93727499991655	EXP	text_2: text = 412
222.95383999997284	EXP	text_2: text = 426
222.97072499990463	EXP	text_2: text = 442
222.98730499995872	EXP	text_2: text = 460
223.00407499994617	EXP	text_2: text = 476
223.02071999991313	EXP	text_2: text = 493
223.03771999990568	EXP	text_2: text = 509
223.0539699998917	EXP	text_2: text = 527
223.07100499991793	EXP	text_2: text = 542
223.09480500000063	EXP	text_2: text = 571
223.11476999998558	EXP	text_2: text = 591
223.13174999994226	EXP	text_2: text = 609
223.15004499990027	EXP	text_2: text = 626
223.16735000000335	EXP	text_2: text = 643
223.18739499989897	EXP	text_2: text = 663
223.2016349999467	EXP	text_2: text = 677
223.21663499996066	EXP	text_2: text = 692
223.2312999999849	EXP	text_2: text = 706
223.2452499999199	EXP	text_2: text = 721
223.25964999990538	EXP	text_2: text = 734
223.2757499999134	EXP	text_2: text = 750
223.29231499996968	EXP	text_2: text = 766
223.30889999994542	EXP	text_2: text = 783
223.3262349999277	EXP	text_2: text = 800
223.34092499990948	EXP	text_2: text = 816
223.35733499994967	EXP	text_2: text = 833
223.3747100000037	EXP	text_2: text = 849
223.39062999992166	EXP	text_2: text = 866
223.413409999921	EXP	text_2: text = 888
223.4393749999581	EXP	text_2: text = 916
223.4552149999654	EXP	text_2: text = 933
223.47268499992788	EXP	text_2: text = 947
223.4895349999424	EXP	text_2: text = 964
223.5112749999389	EXP	text_2: text = 986
223.52747999993153	EXP	text_2: text = 1002
223.54472000000533	EXP	text_2: text = 1017
223.55967499990948	EXP	text_2: text = 1035
223.57644499989692	EXP	text_2: text = 1050
223.5926099999342	EXP	text_2: text = 1067
223.60876499989536	EXP	text_2: text = 1083
223.62400499999058	EXP	text_2: text = 1099
223.64144499995746	EXP	text_2: text = 1116
223.65723499993328	EXP	text_2: text = 1133
223.67516499990597	EXP	text_2: text = 1149
223.69314499991015	EXP	text_2: text = 1166
223.73939000000246	EXP	text_2: text = 1189
223.75950499996543	EXP	text_2: text = 1236
223.77624999999534	EXP	text_2: text = 1253
223.8050449999282	EXP	text_2: text = 1281
223.8237749999389	EXP	text_2: text = 1300
223.84531999996398	EXP	text_2: text = 1321
223.86913499992806	EXP	text_2: text = 1344
223.89850999996997	EXP	text_2: text = 1371
223.91725499997847	EXP	text_2: text = 1390
223.9368549999781	EXP	text_2: text = 1410
223.95564499998	EXP	text_2: text = 1429
223.9708249999676	EXP	text_2: text = 1445
223.99116999993566	EXP	text_2: text = 1462
224.00819999992382	EXP	text_2: text = 1482
224.02909500000533	EXP	text_2: text = 1503
224.0463199999649	EXP	text_2: text = 1519
224.0651749999961	EXP	text_2: text = 1539
224.08299999998417	EXP	text_2: text = 1555
224.10042499995325	EXP	text_2: text = 1573
224.15314999991097	EXP	text_2: text = 1630
224.1620249999687	DATA	Keydown:  
224.18643499992322	EXP	text_2: text = 1660
224.18643499992322	EXP	text_2: autoDraw = false
224.18643499992322	EXP	Feedback: text = 1643
224.18643499992322	EXP	Feedback: autoDraw = true
224.19744499993976	DATA	Keydown:  
224.2624599999981	DATA	Keydown:  
225.18527499993797	EXP	Feedback: autoDraw = false
225.18527499993797	EXP	Feedback: autoDraw = false
225.18527499993797	EXP	text_3: autoDraw = true
234.6153499999782	EXP	text_3: autoDraw = false
234.6153499999782	EXP	text_3: autoDraw = false
234.6153499999782	EXP	text_2: autoDraw = true
234.6153499999782	EXP	text_2: text = 0
234.64263999997638	EXP	text_2: text = 32
234.67615499999374	EXP	text_2: text = 65
234.70884999993723	EXP	text_2: text = 98
234.7268299999414	EXP	text_2: text = 115
234.76001500000712	EXP	text_2: text = 148
234.79339000000618	EXP	text_2: text = 181
234.81326500000432	EXP	text_2: text = 199
234.9071399999084	EXP	text_2: text = 219
234.91185999999288	DATA	Keydown:  
234.92599499993958	EXP	text_2: text = 314
234.92599499993958	EXP	text_2: autoDraw = false
234.92599499993958	EXP	Feedback: text = 297
234.92599499993958	EXP	Feedback: autoDraw = true
235.93332499999087	EXP	Feedback: autoDraw = false
235.93332499999087	EXP	Feedback: autoDraw = false
235.93332499999087	EXP	text_3: autoDraw = true
241.51193999999668	EXP	text_3: autoDraw = false
241.51193999999668	EXP	text_3: autoDraw = false
241.51193999999668	EXP	text_2: autoDraw = true
241.51193999999668	EXP	text_2: text = 0
241.54280999989714	EXP	text_2: text = 33
241.57591499993578	EXP	text_2: text = 66
241.6091899999883	EXP	text_2: text = 99
241.64217999996617	EXP	text_2: text = 133
241.67624499998055	EXP	text_2: text = 166
241.70963999989908	EXP	text_2: text = 199
241.72904000000563	EXP	text_2: text = 217
241.85275999992155	EXP	text_2: text = 236
241.87198999989778	EXP	text_2: text = 359
241.89095499995165	EXP	text_2: text = 378
241.9074749998981	EXP	text_2: text = 397
241.92457499995362	EXP	text_2: text = 413
241.94183499994688	EXP	text_2: text = 430
241.94641999993473	DATA	Keydown:  
241.9682599999942	EXP	text_2: text = 450
241.9682599999942	EXP	text_2: autoDraw = false
241.9682599999942	EXP	Feedback: text = 435
241.9682599999942	EXP	Feedback: autoDraw = true
242.9726349998964	EXP	Feedback: autoDraw = false
242.9726349998964	EXP	Feedback: autoDraw = false
242.9726349998964	EXP	text_3: autoDraw = true
250.28102999995463	EXP	text_3: autoDraw = false
250.28102999995463	EXP	text_3: autoDraw = false
250.28102999995463	EXP	text_2: autoDraw = true
250.28102999995463	EXP	text_2: text = 0
250.31050999998115	EXP	text_2: text = 33
250.34341999993194	EXP	text_2: text = 66
250.37811999989208	EXP	text_2: text = 99
250.41058999998495	EXP	text_2: text = 132
250.44449999998324	EXP	text_2: text = 166
250.47649999998976	EXP	text_2: text = 199
250.49401999998372	EXP	text_2: text = 217
250.58155499992426	EXP	text_2: text = 234
250.59294000000227	EXP	text_2: text = 318
250.60686499997973	EXP	text_2: text = 332
250.62310500000603	EXP	text_2: text = 349
250.64030999992974	EXP	text_2: text = 365
250.65886999992654	EXP	text_2: text = 384
250.66219999990426	DATA	Keydown:  
250.6791999998968	EXP	text_2: text = 402
250.6791999998968	EXP	text_2: autoDraw = false
250.6791999998968	EXP	Feedback: text = 382
250.6791999998968	EXP	Feedback: autoDraw = true
251.6826899999287	EXP	Feedback: autoDraw = false
251.6826899999287	EXP	Feedback: autoDraw = false
251.6826899999287	EXP	text_3: autoDraw = true
255.42906999995466	EXP	text_3: autoDraw = false
255.42906999995466	EXP	text_3: autoDraw = false
255.42906999995466	EXP	text_2: autoDraw = true
255.42906999995466	EXP	text_2: text = 0
255.45955999998841	EXP	text_2: text = 33
255.49271999998018	EXP	text_2: text = 66
255.52570499991998	EXP	text_2: text = 100
255.54410999990068	EXP	text_2: text = 116
255.5763549999101	EXP	text_2: text = 150
255.61156999995	EXP	text_2: text = 183
255.62960499990731	EXP	text_2: text = 202
255.7301199999638	EXP	text_2: text = 220
255.74785499996506	EXP	text_2: text = 320
255.76458999991883	EXP	text_2: text = 338
255.7785600000061	DATA	Keydown:  
255.79517499997746	EXP	text_2: text = 366
255.79517499997746	EXP	text_2: autoDraw = false
255.79517499997746	EXP	Feedback: text = 350
255.79517499997746	EXP	Feedback: autoDraw = true
256.8056299999589	EXP	Feedback: autoDraw = false
256.8056299999589	EXP	Feedback: autoDraw = false
256.8056299999589	EXP	text_3: autoDraw = true
256.9911499998998	DATA	Keydown:  
260.8290799999377	EXP	text_3: autoDraw = false
260.8290799999377	EXP	text_3: autoDraw = false
260.8290799999377	EXP	text_2: autoDraw = true
260.8290799999377	EXP	text_2: text = 0
260.8596649999963	EXP	text_2: text = 33
260.8932649999624	EXP	text_2: text = 66
260.92671999998856	EXP	text_2: text = 100
260.9590999999782	EXP	text_2: text = 133
260.9938399998937	EXP	text_2: text = 166
261.0271799999755	EXP	text_2: text = 199
261.0466599999927	EXP	text_2: text = 218
261.1752549998928	EXP	text_2: text = 260
261.1779450000031	DATA	Keydown:  
261.1944749999093	EXP	text_2: text = 368
261.1944749999093	EXP	text_2: autoDraw = false
261.1944749999093	EXP	Feedback: text = 349
261.1944749999093	EXP	Feedback: autoDraw = true
262.20531999995	EXP	Feedback: autoDraw = false
262.20531999995	EXP	Feedback: autoDraw = false
262.20531999995	EXP	text_3: autoDraw = true
267.06225999991875	EXP	text_3: autoDraw = false
267.06225999991875	EXP	text_3: autoDraw = false
267.06225999991875	EXP	text_2: autoDraw = true
267.06225999991875	EXP	text_2: text = 0
267.0918149999343	EXP	text_2: text = 33
267.10985999996774	EXP	text_2: text = 49
267.1441549999872	EXP	text_2: text = 83
267.17807499994524	EXP	text_2: text = 116
267.211384999915	EXP	text_2: text = 149
267.23136999993585	EXP	text_2: text = 168
267.34378499991726	EXP	text_2: text = 189
267.3480349999154	DATA	Keydown:  
267.360619999934	EXP	text_2: text = 301
267.360619999934	EXP	text_2: autoDraw = false
267.360619999934	EXP	Feedback: text = 286
267.360619999934	EXP	Feedback: autoDraw = true
268.36121000000276	EXP	Feedback: autoDraw = false
268.36121000000276	EXP	Feedback: autoDraw = false
268.36121000000276	EXP	text_3: autoDraw = true
276.64517999999225	EXP	text_3: autoDraw = false
276.64517999999225	EXP	text_3: autoDraw = false
276.64517999999225	EXP	text_2: autoDraw = true
276.64517999999225	EXP	text_2: text = 0
276.67590499995276	EXP	text_2: text = 33
276.70914999989327	EXP	text_2: text = 66
276.742734999978	EXP	text_2: text = 100
276.77669499989133	EXP	text_2: text = 133
276.8095299999695	EXP	text_2: text = 166
276.8432599999942	EXP	text_2: text = 199
276.8612749999156	EXP	text_2: text = 217
276.97443999990355	EXP	text_2: text = 234
276.9869549999712	DATA	Keydown:  
277.00360499997623	EXP	text_2: text = 357
277.00360499997623	EXP	text_2: autoDraw = false
277.00360499997623	EXP	Feedback: text = 343
277.00360499997623	EXP	Feedback: autoDraw = true
277.9957549999235	EXP	Feedback: autoDraw = false
277.9957549999235	EXP	Feedback: autoDraw = false
277.9957549999235	EXP	text_3: autoDraw = true
285.4981099999277	EXP	text_3: autoDraw = false
285.4981099999277	EXP	text_3: autoDraw = false
285.4981099999277	EXP	text_2: autoDraw = true
285.4981099999277	EXP	text_2: text = 0
285.52721499989275	EXP	text_2: text = 33
285.55746499996167	EXP	text_2: text = 65
285.5725150000071	EXP	text_2: text = 82
285.5913500000024	EXP	text_2: text = 99
285.60681499994826	EXP	text_2: text = 116
285.6240199999884	EXP	text_2: text = 132
285.6456349999644	EXP	text_2: text = 149
285.67883999994956	EXP	text_2: text = 183
285.7152299999725	EXP	text_2: text = 216
285.7537349999184	EXP	text_2: text = 254
285.7818649999099	EXP	text_2: text = 287
285.8053349999245	EXP	text_2: text = 310
285.89387499995064	EXP	text_2: text = 333
285.8961049999343	DATA	Keydown:  
285.9143499999773	EXP	text_2: text = 418
285.9143499999773	EXP	text_2: autoDraw = false
285.9143499999773	EXP	Feedback: text = 399
285.9143499999773	EXP	Feedback: autoDraw = true
286.9255600000033	EXP	Feedback: autoDraw = false
286.9255600000033	EXP	Feedback: autoDraw = false
286.9255600000033	EXP	text_3: autoDraw = true
295.19615499989595	EXP	text_3: autoDraw = false
295.19615499989595	EXP	text_3: autoDraw = false
295.19615499989595	EXP	text_2: autoDraw = true
295.19615499989595	EXP	text_2: text = 0
295.2269249999663	EXP	text_2: text = 33
295.2624399999622	EXP	text_2: text = 66
295.29456499998923	EXP	text_2: text = 99
295.33221999998204	EXP	text_2: text = 133
295.36162499990314	EXP	text_2: text = 166
295.3947599999374	EXP	text_2: text = 199
295.42831999994814	EXP	text_2: text = 232
295.4517599999672	EXP	text_2: text = 255
295.5037799999118	EXP	text_2: text = 276
295.51180499990005	DATA	Keydown:  
295.54226999997627	EXP	text_2: text = 343
295.54226999997627	EXP	text_2: autoDraw = false
295.54226999997627	EXP	Feedback: text = 316
295.54226999997627	EXP	Feedback: autoDraw = true
296.5398099999875	EXP	Feedback: autoDraw = false
296.5398099999875	EXP	Feedback: autoDraw = false
296.5398099999875	EXP	text_3: autoDraw = true
301.60675499995705	DATA	Keydown:  
303.5294049999211	EXP	text_3: autoDraw = false
303.5294049999211	EXP	text_3: autoDraw = false
303.5294049999211	EXP	text_2: autoDraw = true
303.5294049999211	EXP	text_2: text = 0
303.5616549999686	EXP	text_2: text = 33
303.59343499992974	EXP	text_2: text = 66
303.6269149999134	EXP	text_2: text = 100
303.6603799998993	EXP	text_2: text = 133
303.694184999913	EXP	text_2: text = 166
303.7273199999472	EXP	text_2: text = 200
303.7514899999369	EXP	text_2: text = 223
303.8844349998981	EXP	text_2: text = 259
303.898584999959	DATA	Keydown:  
303.91241499991156	EXP	text_2: text = 388
303.91241499991156	EXP	text_2: autoDraw = false
303.91241499991156	EXP	Feedback: text = 370
303.91241499991156	EXP	Feedback: autoDraw = true
304.9224149999209	EXP	Feedback: autoDraw = false
304.9224149999209	EXP	Feedback: autoDraw = false
304.9224149999209	EXP	text_3: autoDraw = true
307.8124099998968	EXP	text_3: autoDraw = false
307.8124099998968	EXP	text_3: autoDraw = false
307.8124099998968	EXP	text_2: autoDraw = true
307.8124099998968	EXP	text_2: text = 0
307.84295999992173	EXP	text_2: text = 33
307.87677499989513	EXP	text_2: text = 66
307.91025499999523	EXP	text_2: text = 100
307.9437799999723	EXP	text_2: text = 133
307.97701999999117	EXP	text_2: text = 166
308.01040499994997	EXP	text_2: text = 199
308.02870499994606	EXP	text_2: text = 217
308.13029000000097	EXP	text_2: text = 235
308.1475999999093	EXP	text_2: text = 337
308.1645499999868	EXP	text_2: text = 353
308.19283999991603	EXP	text_2: text = 383
308.2142899999162	EXP	text_2: text = 404
308.23923499998637	EXP	text_2: text = 428
308.25977999996394	EXP	text_2: text = 450
308.2902400000021	EXP	text_2: text = 470
308.30974499997683	EXP	text_2: text = 501
308.3295849999413	EXP	text_2: text = 518
308.33524499996565	DATA	Keydown:  
308.36560499994084	EXP	text_2: text = 551
308.36560499994084	EXP	text_2: autoDraw = false
308.36560499994084	EXP	Feedback: text = 523
308.36560499994084	EXP	Feedback: autoDraw = true
309.35861499991734	EXP	Feedback: autoDraw = false
309.35861499991734	EXP	Feedback: autoDraw = false
309.35861499991734	EXP	text_3: autoDraw = true
313.7426249999553	EXP	text_3: autoDraw = false
313.7426249999553	EXP	text_3: autoDraw = false
313.7426249999553	EXP	text_2: autoDraw = true
313.7426249999553	EXP	text_2: text = 0
313.7590499999933	EXP	text_2: text = 16
313.77398999989964	EXP	text_2: text = 33
313.7891449999297	EXP	text_2: text = 49
313.812869999907	EXP	text_2: text = 67
313.84332499990705	EXP	text_2: text = 100
313.8766699999105	EXP	text_2: text = 133
313.91009999997914	EXP	text_2: text = 166
313.9435700000031	EXP	text_2: text = 200
313.96210499992594	EXP	text_2: text = 218
314.06743999989703	EXP	text_2: text = 250
314.07176999992225	DATA	Keydown:  
314.089154999936	EXP	text_2: text = 342
314.089154999936	EXP	text_2: autoDraw = false
314.089154999936	EXP	Feedback: text = 329
314.089154999936	EXP	Feedback: autoDraw = true
315.1347399998922	EXP	Feedback: autoDraw = false
315.1347399998922	EXP	Feedback: autoDraw = false
315.1347399998922	EXP	End_text: autoDraw = true
