0.9079999999999018	EXP	Created Window = Window( name=Window, fullscr=true, color=#000000, units=height, waitBlanking=true, autoLog=true, size=[1366,621] )
7.197000000000116	DATA	Keydown: S
7.512000000000171	DATA	Keydown: A
8.210000000000036	DATA	Keydown: 7
8.427000000000135	DATA	Keydown: 6
8.77599999999984	DATA	Keydown: 4
9.014000000000124	DATA	Keydown: 3
16.447000000000116	EXP	Created text = TextStim( name=text, win=Window( name=Window, fullscr=true, color=#000000, ~), autoDraw=null, autoLog=true, units=height, ori=null, opacity=1, pos=[0,0], size=undefined, text=INSTRUCTIONS [EN]


A counter will appear and star~, font=Arial, color=#FFFFFF, contrast=1, height=0.03, bold=null, italic=null, alignHoriz=left, alignVert=center, wrapWidth=1, flipHoriz=null, flipVert=null )
16.450000000000273	EXP	Created text_3 = TextStim( name=text_3, win=Window( name=Window, fullscr=true, color=#000000, ~), autoDraw=null, autoLog=true, units=height, ori=null, opacity=1, pos=[0,0], size=undefined, text=null, font=Arial, color=#FFFFFF, contrast=1, height=0.1, bold=null, italic=null, alignHoriz=left, alignVert=center, wrapWidth=1, flipHoriz=null, flipVert=null )
16.452000000000226	EXP	Created text_2 = TextStim( name=text_2, win=Window( name=Window, fullscr=true, color=#000000, ~), autoDraw=null, autoLog=true, units=height, ori=null, opacity=1, pos=[0,0], size=undefined, text=default text, font=Arial, color=#ff0000, contrast=1, height=0.15, bold=null, italic=null, alignHoriz=left, alignVert=center, wrapWidth=1, flipHoriz=null, flipVert=null )
16.45400000000018	EXP	Created Feedback = TextStim( name=Feedback, win=Window( name=Window, fullscr=true, color=#000000, ~), autoDraw=null, autoLog=true, units=height, ori=null, opacity=1, pos=[0,0], size=undefined, text=default text, font=Arial, color=#ff0000, contrast=1, height=0.15, bold=null, italic=null, alignHoriz=left, alignVert=center, wrapWidth=1, flipHoriz=null, flipVert=null )
16.46100000000024	EXP	Created End_text = TextStim( name=End_text, win=Window( name=Window, fullscr=true, color=#000000, ~), autoDraw=null, autoLog=true, units=height, ori=null, opacity=1, pos=[0,0], size=undefined, text=This study aimed to look at procedural learning, i~, font=Arial, color=#FFFFFF, contrast=1, height=0.025, bold=null, italic=null, alignHoriz=left, alignVert=center, wrapWidth=1, flipHoriz=null, flipVert=null )
16.554000000000087	EXP	text: units = "height"
16.554000000000087	EXP	text: ori = 0
16.554000000000087	EXP	text: opacity = 1
16.554000000000087	EXP	text: pos = [0,0]
16.554000000000087	EXP	text: size = undefined
16.554000000000087	EXP	text: text = "INSTRUCTIONS [EN]\n\n\nA counter will appear and start counting at random times, press SPACE as fast as possible when it appears.\n\n\nPress SPACE to start\n\n-------\n\nInstruções [PT]\n\n\nUm cronómetro vai aparecer e começar a contar aleatoriamente, pressione a tecla SPACE assim que ele aparecer.\n\n\nPressiona SPACE para começar."
16.554000000000087	EXP	text: font = "Arial"
16.554000000000087	EXP	text: color = {"_hex":"#FFFFFF","_rgb":[1,1,1]}
16.554000000000087	EXP	text: contrast = 1
16.554000000000087	EXP	text: height = 0.03
16.554000000000087	EXP	text: bold = false
16.554000000000087	EXP	text: italic = false
16.554000000000087	EXP	text: alignHoriz = "left"
16.554000000000087	EXP	text: alignVert = "center"
16.554000000000087	EXP	text: wrapWidth = 1
16.554000000000087	EXP	text: flipHoriz = false
16.554000000000087	EXP	text: flipVert = false
16.554000000000087	EXP	text_3: units = "height"
16.554000000000087	EXP	text_3: ori = 0
16.554000000000087	EXP	text_3: opacity = 1
16.554000000000087	EXP	text_3: pos = [0,0]
16.554000000000087	EXP	text_3: size = undefined
16.554000000000087	EXP	text_3: text = ""
16.554000000000087	EXP	text_3: font = "Arial"
16.554000000000087	EXP	text_3: color = {"_hex":"#FFFFFF","_rgb":[1,1,1]}
16.554000000000087	EXP	text_3: contrast = 1
16.554000000000087	EXP	text_3: height = 0.1
16.554000000000087	EXP	text_3: bold = false
16.554000000000087	EXP	text_3: italic = false
16.554000000000087	EXP	text_3: alignHoriz = "left"
16.554000000000087	EXP	text_3: alignVert = "center"
16.554000000000087	EXP	text_3: wrapWidth = 1
16.554000000000087	EXP	text_3: flipHoriz = false
16.554000000000087	EXP	text_3: flipVert = false
16.554000000000087	EXP	text_2: units = "height"
16.554000000000087	EXP	text_2: ori = 0
16.554000000000087	EXP	text_2: opacity = 1
16.554000000000087	EXP	text_2: pos = [0,0]
16.554000000000087	EXP	text_2: size = undefined
16.554000000000087	EXP	text_2: text = "default text"
16.554000000000087	EXP	text_2: font = "Arial"
16.554000000000087	EXP	text_2: color = {"_rgb":[1,0,0]}
16.554000000000087	EXP	text_2: contrast = 1
16.554000000000087	EXP	text_2: height = 0.15
16.554000000000087	EXP	text_2: bold = false
16.554000000000087	EXP	text_2: italic = false
16.554000000000087	EXP	text_2: alignHoriz = "left"
16.554000000000087	EXP	text_2: alignVert = "center"
16.554000000000087	EXP	text_2: wrapWidth = 1
16.554000000000087	EXP	text_2: flipHoriz = false
16.554000000000087	EXP	text_2: flipVert = false
16.554000000000087	EXP	Feedback: units = "height"
16.554000000000087	EXP	Feedback: ori = 0
16.554000000000087	EXP	Feedback: opacity = 1
16.554000000000087	EXP	Feedback: pos = [0,0]
16.554000000000087	EXP	Feedback: size = undefined
16.554000000000087	EXP	Feedback: text = "default text"
16.554000000000087	EXP	Feedback: font = "Arial"
16.554000000000087	EXP	Feedback: color = {"_rgb":[1,0,0]}
16.554000000000087	EXP	Feedback: contrast = 1
16.554000000000087	EXP	Feedback: height = 0.15
16.554000000000087	EXP	Feedback: bold = false
16.554000000000087	EXP	Feedback: italic = false
16.554000000000087	EXP	Feedback: alignHoriz = "left"
16.554000000000087	EXP	Feedback: alignVert = "center"
16.554000000000087	EXP	Feedback: wrapWidth = 1
16.554000000000087	EXP	Feedback: flipHoriz = false
16.554000000000087	EXP	Feedback: flipVert = false
16.554000000000087	EXP	End_text: units = "height"
16.554000000000087	EXP	End_text: ori = 0
16.554000000000087	EXP	End_text: opacity = 1
16.554000000000087	EXP	End_text: pos = [0,0]
16.554000000000087	EXP	End_text: size = undefined
16.554000000000087	EXP	End_text: text = "This study aimed to look at procedural learning, i.e. our ability to extract patterns from the input that we are constantly receiving. This skill is thought to be essential for language and literacy acquisition and has been suggested as a possible underlying difficult in children with Language Impairments and Dyslexia. This study aims to improve the measures of procedural learning (the smiley face task) so that we can measure procedural learning more reliably and, in the future, analyse the performance of individuals with learning impairments.\nThank you for participating!\n\n----\n\nEste estudo tem como objectivo analisar a nossa capacidade de extrair padrões da informação que estamos constantemente a receber. Pensa-se que esta competência é essencial para a aquisição da linguagem e literacia e foi sugerido que dificuldades neste tipo de competências poderá estar relacionado com perturbações da linguagem e Dislexia. Este estudo tem como objectivo melhorar a estabilidade das medidas usadas para medir este tipo de memória (a tarefa da cara sorridente) de forma a poder medir de forma mais precisa e, no futuro, analisar a performance de indivíduos com perturbações da aprendizagem. \nMuito obrigada por ter participado!"
16.554000000000087	EXP	End_text: font = "Arial"
16.554000000000087	EXP	End_text: color = {"_hex":"#FFFFFF","_rgb":[1,1,1]}
16.554000000000087	EXP	End_text: contrast = 1
16.554000000000087	EXP	End_text: height = 0.025
16.554000000000087	EXP	End_text: bold = false
16.554000000000087	EXP	End_text: italic = false
16.554000000000087	EXP	End_text: alignHoriz = "left"
16.554000000000087	EXP	End_text: alignVert = "center"
16.554000000000087	EXP	End_text: wrapWidth = 1
16.554000000000087	EXP	End_text: flipHoriz = false
16.554000000000087	EXP	End_text: flipVert = false
16.554000000000087	EXP	text: autoDraw = true
22.84000000000014	DATA	Mouse: 0 button down, pos=(1293,714)
22.985999999999883	DATA	Mouse: 0 button down, pos=(1293,714)
24.43699999999989	DATA	Keydown:  
24.51000000000021	EXP	text: autoDraw = false
24.51000000000021	EXP	text_3: autoDraw = true
27.38500000000021	DATA	Keydown:  
32.51299999999993	EXP	text_3: autoDraw = false
32.51299999999993	EXP	text_3: autoDraw = false
32.51299999999993	EXP	text_2: autoDraw = true
32.51299999999993	EXP	text_2: text = 0
32.539000000000215	EXP	text_2: text = 56
32.56899999999996	EXP	text_2: text = 73
32.58600000000025	EXP	text_2: text = 103
32.60199999999987	EXP	text_2: text = 118
32.6199999999999	EXP	text_2: text = 135
32.63599999999997	EXP	text_2: text = 152
32.655999999999956	EXP	text_2: text = 172
32.68600000000015	EXP	text_2: text = 188
32.70200000000023	EXP	text_2: text = 218
32.71900000000006	EXP	text_2: text = 234
32.73900000000003	EXP	text_2: text = 253
32.76999999999998	EXP	text_2: text = 271
32.78600000000005	EXP	text_2: text = 302
32.802000000000135	EXP	text_2: text = 317
32.81899999999996	EXP	text_2: text = 334
32.83500000000004	EXP	text_2: text = 350
32.85199999999987	EXP	text_2: text = 367
32.86900000000014	EXP	text_2: text = 383
32.88599999999997	EXP	text_2: text = 401
32.90200000000004	EXP	text_2: text = 417
32.91899999999986	EXP	text_2: text = 434
32.934999999999945	EXP	text_2: text = 450
32.95200000000023	EXP	text_2: text = 467
32.98599999999988	EXP	text_2: text = 486
33.00199999999995	EXP	text_2: text = 517
33.019000000000226	EXP	text_2: text = 534
33.023000000000145	DATA	Keydown:  
33.03800000000001	EXP	text_2: text = 552
33.03800000000001	EXP	text_2: autoDraw = false
33.03800000000001	EXP	Feedback: text = 510
33.03800000000001	EXP	Feedback: autoDraw = true
33.271000000000186	DATA	Keydown:  
34.037000000000255	EXP	Feedback: autoDraw = false
34.037000000000255	EXP	Feedback: autoDraw = false
34.037000000000255	EXP	text_3: autoDraw = true
34.34000000000014	DATA	Keydown:  
35.23900000000003	DATA	Keydown:  
35.73800000000029	DATA	Keydown:  
35.771000000000186	DATA	Keydown:  
35.80400000000008	DATA	Keydown:  
35.83800000000019	DATA	Keydown:  
37.653999999999996	EXP	text_3: autoDraw = false
37.653999999999996	EXP	text_3: autoDraw = false
37.653999999999996	EXP	text_2: autoDraw = true
37.653999999999996	EXP	text_2: text = 0
37.67100000000027	EXP	text_2: text = 19
37.690000000000055	EXP	text_2: text = 40
37.72000000000026	EXP	text_2: text = 56
37.73700000000009	EXP	text_2: text = 85
37.75599999999986	EXP	text_2: text = 106
37.78600000000005	EXP	text_2: text = 123
37.80400000000008	EXP	text_2: text = 152
37.82400000000007	EXP	text_2: text = 173
37.85300000000007	EXP	text_2: text = 190
37.8699999999999	EXP	text_2: text = 217
37.88999999999987	EXP	text_2: text = 240
37.920000000000066	EXP	text_2: text = 257
37.93699999999989	EXP	text_2: text = 284
37.95400000000018	EXP	text_2: text = 302
37.97000000000026	EXP	text_2: text = 319
37.98700000000009	EXP	text_2: text = 335
38.003000000000156	EXP	text_2: text = 351
38.01999999999998	EXP	text_2: text = 368
38.037000000000255	EXP	text_2: text = 385
38.05400000000008	EXP	text_2: text = 402
38.070999999999906	EXP	text_2: text = 419
38.08800000000019	EXP	text_2: text = 436
38.10500000000002	EXP	text_2: text = 453
38.1199999999999	EXP	text_2: text = 469
38.13700000000017	EXP	text_2: text = 485
38.153999999999996	EXP	text_2: text = 503
38.170000000000066	EXP	text_2: text = 519
38.18699999999989	EXP	text_2: text = 535
38.20400000000018	EXP	text_2: text = 551
38.221000000000004	EXP	text_2: text = 568
38.23700000000009	EXP	text_2: text = 586
38.253000000000156	EXP	text_2: text = 601
38.26999999999998	EXP	text_2: text = 618
38.287000000000255	EXP	text_2: text = 635
38.30400000000008	EXP	text_2: text = 652
38.30600000000004	DATA	Keydown:  
38.32200000000011	EXP	text_2: text = 670
38.32200000000011	EXP	text_2: autoDraw = false
38.32200000000011	EXP	Feedback: text = 653
38.32200000000011	EXP	Feedback: autoDraw = true
39.32999999999992	EXP	Feedback: autoDraw = false
39.32999999999992	EXP	Feedback: autoDraw = false
39.32999999999992	EXP	text_3: autoDraw = true
48.6579999999999	EXP	text_3: autoDraw = false
48.6579999999999	EXP	text_3: autoDraw = false
48.6579999999999	EXP	text_2: autoDraw = true
48.6579999999999	EXP	text_2: text = 0
48.67599999999993	EXP	text_2: text = 18
48.70699999999988	EXP	text_2: text = 35
48.72400000000015	EXP	text_2: text = 66
48.75599999999986	EXP	text_2: text = 100
48.80600000000004	EXP	text_2: text = 148
48.82500000000027	EXP	text_2: text = 167
48.840999999999894	EXP	text_2: text = 185
48.87400000000025	EXP	text_2: text = 217
48.88999999999987	EXP	text_2: text = 233
48.90700000000016	EXP	text_2: text = 250
48.923999999999985	EXP	text_2: text = 267
48.942000000000014	DATA	Keydown:  
48.95699999999988	EXP	text_2: text = 300
48.95699999999988	EXP	text_2: autoDraw = false
48.95699999999988	EXP	Feedback: text = 284
48.95699999999988	EXP	Feedback: autoDraw = true
49.958000000000084	EXP	Feedback: autoDraw = false
49.958000000000084	EXP	Feedback: autoDraw = false
49.958000000000084	EXP	text_3: autoDraw = true
59.66100000000006	EXP	text_3: autoDraw = false
59.66100000000006	EXP	text_3: autoDraw = false
59.66100000000006	EXP	text_2: autoDraw = true
59.66100000000006	EXP	text_2: text = 0
59.677999999999884	EXP	text_2: text = 18
59.693999999999946	EXP	text_2: text = 35
59.71100000000024	EXP	text_2: text = 51
59.728000000000065	EXP	text_2: text = 68
59.74400000000014	EXP	text_2: text = 84
59.76099999999997	EXP	text_2: text = 102
59.77800000000025	EXP	text_2: text = 118
59.79500000000007	EXP	text_2: text = 134
59.81100000000016	EXP	text_2: text = 151
59.82799999999999	EXP	text_2: text = 168
59.845000000000255	EXP	text_2: text = 185
59.86200000000008	EXP	text_2: text = 202
59.878999999999905	EXP	text_2: text = 220
59.896000000000186	EXP	text_2: text = 236
59.927999999999884	EXP	text_2: text = 254
59.94500000000015	EXP	text_2: text = 285
59.96100000000024	EXP	text_2: text = 301
59.978000000000065	EXP	text_2: text = 317
59.99400000000014	EXP	text_2: text = 334
60.01200000000017	EXP	text_2: text = 351
60.01499999999986	DATA	Keydown:  
60.052999999999884	EXP	text_2: text = 372
60.052999999999884	EXP	text_2: autoDraw = false
60.052999999999884	EXP	Feedback: text = 354
60.052999999999884	EXP	Feedback: autoDraw = true
61.04100000000017	EXP	Feedback: autoDraw = false
61.04100000000017	EXP	Feedback: autoDraw = false
61.04100000000017	EXP	text_3: autoDraw = true
69.38000000000011	EXP	text_3: autoDraw = false
69.38000000000011	EXP	text_3: autoDraw = false
69.38000000000011	EXP	text_2: autoDraw = true
69.38000000000011	EXP	text_2: text = 0
69.39699999999993	EXP	text_2: text = 19
69.42300000000023	EXP	text_2: text = 46
69.44700000000012	EXP	text_2: text = 64
69.46500000000015	EXP	text_2: text = 88
69.49699999999983	EXP	text_2: text = 112
69.51400000000012	EXP	text_2: text = 137
69.53800000000001	EXP	text_2: text = 162
69.5630000000001	EXP	text_2: text = 179
69.57999999999993	EXP	text_2: text = 202
69.59700000000022	EXP	text_2: text = 219
69.62300000000003	EXP	text_2: text = 246
69.64600000000019	EXP	text_2: text = 262
69.66300000000001	EXP	text_2: text = 285
69.68100000000004	EXP	text_2: text = 302
69.69700000000012	EXP	text_2: text = 320
69.72200000000022	EXP	text_2: text = 346
69.7460000000001	EXP	text_2: text = 362
69.76400000000012	EXP	text_2: text = 386
69.78099999999995	EXP	text_2: text = 402
69.78499999999985	DATA	Keydown:  
69.79899999999998	EXP	text_2: text = 421
69.79899999999998	EXP	text_2: autoDraw = false
69.79899999999998	EXP	Feedback: text = 405
69.79899999999998	EXP	Feedback: autoDraw = true
70.79700000000003	EXP	Feedback: autoDraw = false
70.79700000000003	EXP	Feedback: autoDraw = false
70.79700000000003	EXP	text_3: autoDraw = true
79.03600000000006	EXP	text_3: autoDraw = false
79.03600000000006	EXP	text_3: autoDraw = false
79.03600000000006	EXP	text_2: autoDraw = true
79.03600000000006	EXP	text_2: text = 0
79.06700000000001	EXP	text_2: text = 20
79.08300000000008	EXP	text_2: text = 50
79.09999999999991	EXP	text_2: text = 66
79.11700000000019	EXP	text_2: text = 83
79.13300000000028	EXP	text_2: text = 99
79.1500000000001	EXP	text_2: text = 116
79.16699999999993	EXP	text_2: text = 133
79.18299999999999	EXP	text_2: text = 149
79.20000000000027	EXP	text_2: text = 166
79.2170000000001	EXP	text_2: text = 183
79.23800000000028	EXP	text_2: text = 206
79.26600000000006	EXP	text_2: text = 223
79.28400000000009	EXP	text_2: text = 249
79.30099999999992	EXP	text_2: text = 266
79.31700000000001	EXP	text_2: text = 283
79.33300000000008	EXP	text_2: text = 299
79.34999999999991	EXP	text_2: text = 316
79.36700000000019	EXP	text_2: text = 333
79.38099999999987	EXP	text_2: text = 349
79.41600000000017	EXP	text_2: text = 373
79.43499999999996	EXP	text_2: text = 400
79.45200000000023	EXP	text_2: text = 419
79.48399999999992	EXP	text_2: text = 436
79.48700000000008	DATA	Keydown:  
79.5039999999999	EXP	text_2: text = 468
79.5039999999999	EXP	text_2: autoDraw = false
79.5039999999999	EXP	Feedback: text = 452
79.5039999999999	EXP	Feedback: autoDraw = true
80.5	EXP	Feedback: autoDraw = false
80.5	EXP	Feedback: autoDraw = false
80.5	EXP	text_3: autoDraw = true
89.22200000000022	EXP	text_3: autoDraw = false
89.22200000000022	EXP	text_3: autoDraw = false
89.22200000000022	EXP	text_2: autoDraw = true
89.22200000000022	EXP	text_2: text = 0
89.25300000000016	EXP	text_2: text = 17
89.27100000000019	EXP	text_2: text = 50
89.28800000000001	EXP	text_2: text = 67
89.30400000000009	EXP	text_2: text = 83
89.32099999999991	EXP	text_2: text = 100
89.33800000000018	EXP	text_2: text = 117
89.36900000000014	EXP	text_2: text = 133
89.39200000000027	EXP	text_2: text = 171
89.42200000000003	EXP	text_2: text = 200
89.45200000000023	EXP	text_2: text = 217
89.46900000000005	EXP	text_2: text = 246
89.48900000000005	EXP	text_2: text = 267
89.51900000000023	EXP	text_2: text = 283
89.53600000000006	EXP	text_2: text = 313
89.55499999999984	EXP	text_2: text = 333
89.58600000000024	EXP	text_2: text = 350
89.60300000000007	EXP	text_2: text = 379
89.61999999999989	EXP	text_2: text = 397
89.63999999999986	EXP	text_2: text = 416
89.67000000000007	EXP	text_2: text = 434
89.67399999999998	DATA	Keydown:  
89.68899999999985	EXP	text_2: text = 466
89.68899999999985	EXP	text_2: autoDraw = false
89.68899999999985	EXP	Feedback: text = 452
89.68899999999985	EXP	Feedback: autoDraw = true
90.68899999999985	EXP	Feedback: autoDraw = false
90.68899999999985	EXP	Feedback: autoDraw = false
90.68899999999985	EXP	text_3: autoDraw = true
93.4050000000002	EXP	text_3: autoDraw = false
93.4050000000002	EXP	text_3: autoDraw = false
93.4050000000002	EXP	text_2: autoDraw = true
93.4050000000002	EXP	text_2: text = 0
93.42100000000028	EXP	text_2: text = 17
93.4380000000001	EXP	text_2: text = 33
93.45499999999993	EXP	text_2: text = 50
93.47100000000002	EXP	text_2: text = 67
93.48800000000028	EXP	text_2: text = 83
93.50500000000011	EXP	text_2: text = 100
93.52100000000019	EXP	text_2: text = 117
93.53800000000001	EXP	text_2: text = 133
93.55500000000029	EXP	text_2: text = 150
93.57200000000012	EXP	text_2: text = 167
93.58800000000018	EXP	text_2: text = 183
93.605	EXP	text_2: text = 200
93.64100000000006	EXP	text_2: text = 219
93.67200000000003	EXP	text_2: text = 253
93.69100000000026	EXP	text_2: text = 285
93.72200000000022	EXP	text_2: text = 307
93.74000000000025	EXP	text_2: text = 335
93.77199999999993	EXP	text_2: text = 367
93.78800000000001	EXP	text_2: text = 384
93.80500000000029	EXP	text_2: text = 400
93.82200000000012	EXP	text_2: text = 417
93.83800000000018	EXP	text_2: text = 433
93.8409999999999	DATA	Keydown:  
93.85699999999997	EXP	text_2: text = 450
93.85699999999997	EXP	text_2: autoDraw = false
93.85699999999997	EXP	Feedback: text = 436
93.85699999999997	EXP	Feedback: autoDraw = true
94.855	EXP	Feedback: autoDraw = false
94.855	EXP	Feedback: autoDraw = false
94.855	EXP	text_3: autoDraw = true
104.0250000000001	EXP	text_3: autoDraw = false
104.0250000000001	EXP	text_3: autoDraw = false
104.0250000000001	EXP	text_2: autoDraw = true
104.0250000000001	EXP	text_2: text = 0
104.05400000000009	EXP	text_2: text = 33
104.07400000000007	EXP	text_2: text = 49
104.10400000000027	EXP	text_2: text = 83
104.13000000000011	EXP	text_2: text = 109
104.15700000000015	EXP	text_2: text = 124
104.1869999999999	EXP	text_2: text = 166
104.20699999999988	EXP	text_2: text = 183
104.23700000000008	EXP	text_2: text = 216
104.25700000000008	EXP	text_2: text = 233
104.2739999999999	EXP	text_2: text = 253
104.29100000000017	EXP	text_2: text = 268
104.30799999999999	EXP	text_2: text = 285
104.32400000000007	EXP	text_2: text = 302
104.3409999999999	EXP	text_2: text = 318
104.35800000000017	EXP	text_2: text = 335
104.37400000000024	EXP	text_2: text = 352
104.37699999999995	DATA	Keydown:  
104.39200000000027	EXP	text_2: text = 369
104.39200000000027	EXP	text_2: autoDraw = false
104.39200000000027	EXP	Feedback: text = 353
104.39200000000027	EXP	Feedback: autoDraw = true
105.4050000000002	EXP	Feedback: autoDraw = false
105.4050000000002	EXP	Feedback: autoDraw = false
105.4050000000002	EXP	text_3: autoDraw = true
110.59400000000005	EXP	text_3: autoDraw = false
110.59400000000005	EXP	text_3: autoDraw = false
110.59400000000005	EXP	text_2: autoDraw = true
110.59400000000005	EXP	text_2: text = 0
110.61000000000013	EXP	text_2: text = 19
110.62699999999995	EXP	text_2: text = 35
110.64300000000003	EXP	text_2: text = 52
110.65999999999985	EXP	text_2: text = 68
110.67700000000012	EXP	text_2: text = 84
110.69399999999995	EXP	text_2: text = 101
110.71799999999985	EXP	text_2: text = 128
110.74299999999994	EXP	text_2: text = 143
110.76000000000022	EXP	text_2: text = 168
110.77800000000025	EXP	text_2: text = 185
110.81500000000005	EXP	text_2: text = 215
110.84299999999985	EXP	text_2: text = 241
110.86700000000019	EXP	text_2: text = 274
110.89400000000023	EXP	text_2: text = 293
110.91100000000006	EXP	text_2: text = 320
110.91600000000017	DATA	Keydown:  
110.93100000000004	EXP	text_2: text = 339
110.93100000000004	EXP	text_2: autoDraw = false
110.93100000000004	EXP	Feedback: text = 322
110.93100000000004	EXP	Feedback: autoDraw = true
111.92700000000012	EXP	Feedback: autoDraw = false
111.92700000000012	EXP	Feedback: autoDraw = false
111.92700000000012	EXP	text_3: autoDraw = true
114.81100000000015	EXP	text_3: autoDraw = false
114.81100000000015	EXP	text_3: autoDraw = false
114.81100000000015	EXP	text_2: autoDraw = true
114.81100000000015	EXP	text_2: text = 0
114.82799999999997	EXP	text_2: text = 18
114.84400000000005	EXP	text_2: text = 35
114.86099999999988	EXP	text_2: text = 51
114.87800000000016	EXP	text_2: text = 68
114.89400000000023	EXP	text_2: text = 85
114.91100000000006	EXP	text_2: text = 102
114.92799999999988	EXP	text_2: text = 118
114.94399999999996	EXP	text_2: text = 135
114.96100000000024	EXP	text_2: text = 151
114.97800000000007	EXP	text_2: text = 168
114.99499999999989	EXP	text_2: text = 185
115.01200000000017	EXP	text_2: text = 201
115.02800000000025	EXP	text_2: text = 219
115.05299999999988	EXP	text_2: text = 245
115.07700000000023	EXP	text_2: text = 262
115.09500000000025	EXP	text_2: text = 284
115.11200000000008	EXP	text_2: text = 301
115.13099999999986	EXP	text_2: text = 320
115.16200000000026	EXP	text_2: text = 345
115.17799999999988	EXP	text_2: text = 369
115.18100000000004	DATA	Keydown:  
115.20499999999993	EXP	text_2: text = 395
115.20499999999993	EXP	text_2: autoDraw = false
115.20499999999993	EXP	Feedback: text = 370
115.20499999999993	EXP	Feedback: autoDraw = true
115.30099999999993	DATA	Mouse: 0 button down, pos=(1293,714)
115.44799999999987	DATA	Mouse: 0 button down, pos=(1293,714)
116.19700000000012	EXP	Feedback: autoDraw = false
116.19700000000012	EXP	Feedback: autoDraw = false
116.19700000000012	EXP	text_3: autoDraw = true
126.08100000000013	EXP	text_3: autoDraw = false
126.08100000000013	EXP	text_3: autoDraw = false
126.08100000000013	EXP	text_2: autoDraw = true
126.08100000000013	EXP	text_2: text = 0
126.09799999999996	EXP	text_2: text = 16
126.11400000000003	EXP	text_2: text = 34
126.13099999999986	EXP	text_2: text = 49
126.14699999999993	EXP	text_2: text = 66
126.16400000000021	EXP	text_2: text = 82
126.18600000000015	EXP	text_2: text = 107
126.21399999999994	EXP	text_2: text = 124
126.23199999999997	EXP	text_2: text = 150
126.2539999999999	EXP	text_2: text = 174
126.28099999999995	EXP	text_2: text = 191
126.29899999999998	EXP	text_2: text = 217
126.31500000000003	EXP	text_2: text = 235
126.33699999999999	EXP	text_2: text = 258
126.36500000000024	EXP	text_2: text = 275
126.36799999999991	DATA	Keydown:  
126.38200000000006	EXP	text_2: text = 302
126.38200000000006	EXP	text_2: autoDraw = false
126.38200000000006	EXP	Feedback: text = 287
126.38200000000006	EXP	Feedback: autoDraw = true
127.38099999999986	EXP	Feedback: autoDraw = false
127.38099999999986	EXP	Feedback: autoDraw = false
127.38099999999986	EXP	text_3: autoDraw = true
132.60600000000022	EXP	text_3: autoDraw = false
132.60600000000022	EXP	text_3: autoDraw = false
132.60600000000022	EXP	text_2: autoDraw = true
132.60600000000022	EXP	text_2: text = 0
132.63300000000027	EXP	text_2: text = 17
132.6500000000001	EXP	text_2: text = 44
132.66699999999992	EXP	text_2: text = 61
132.683	EXP	text_2: text = 77
132.70000000000027	EXP	text_2: text = 94
132.7159999999999	EXP	text_2: text = 110
132.73399999999992	EXP	text_2: text = 128
132.75	EXP	text_2: text = 145
132.76600000000008	EXP	text_2: text = 160
132.7829999999999	EXP	text_2: text = 177
132.80000000000018	EXP	text_2: text = 194
132.8160000000003	EXP	text_2: text = 210
132.8330000000001	EXP	text_2: text = 228
132.84999999999994	EXP	text_2: text = 244
132.8670000000002	EXP	text_2: text = 260
132.88300000000027	EXP	text_2: text = 278
132.9000000000001	EXP	text_2: text = 294
132.91699999999992	EXP	text_2: text = 310
132.933	EXP	text_2: text = 328
132.95000000000027	EXP	text_2: text = 344
132.9670000000001	EXP	text_2: text = 360
132.98399999999992	EXP	text_2: text = 378
132.98700000000008	DATA	Keydown:  
133.0010000000002	EXP	text_2: text = 395
133.0010000000002	EXP	text_2: autoDraw = false
133.0010000000002	EXP	Feedback: text = 381
133.0010000000002	EXP	Feedback: autoDraw = true
134.00300000000016	EXP	Feedback: autoDraw = false
134.00300000000016	EXP	Feedback: autoDraw = false
134.00300000000016	EXP	text_3: autoDraw = true
137.4230000000002	EXP	text_3: autoDraw = false
137.4230000000002	EXP	text_3: autoDraw = false
137.4230000000002	EXP	text_2: autoDraw = true
137.4230000000002	EXP	text_2: text = 0
137.45200000000023	EXP	text_2: text = 19
137.471	EXP	text_2: text = 50
137.5010000000002	EXP	text_2: text = 67
137.51900000000023	EXP	text_2: text = 100
137.53600000000006	EXP	text_2: text = 117
137.55200000000013	EXP	text_2: text = 133
137.56899999999996	EXP	text_2: text = 150
137.58600000000024	EXP	text_2: text = 167
137.60199999999986	EXP	text_2: text = 183
137.63400000000001	EXP	text_2: text = 200
137.6510000000003	EXP	text_2: text = 229
137.67000000000007	EXP	text_2: text = 250
137.70100000000002	EXP	text_2: text = 267
137.73900000000003	EXP	text_2: text = 309
137.76900000000023	EXP	text_2: text = 336
137.78900000000021	EXP	text_2: text = 370
137.8180000000002	EXP	text_2: text = 385
137.83400000000026	EXP	text_2: text = 414
137.85300000000007	EXP	text_2: text = 430
137.85600000000022	DATA	Keydown:  
137.87199999999984	EXP	text_2: text = 450
137.87199999999984	EXP	text_2: autoDraw = false
137.87199999999984	EXP	Feedback: text = 433
137.87199999999984	EXP	Feedback: autoDraw = true
138.8699999999999	EXP	Feedback: autoDraw = false
138.8699999999999	EXP	Feedback: autoDraw = false
138.8699999999999	EXP	text_3: autoDraw = true
147.87199999999984	EXP	text_3: autoDraw = false
147.87199999999984	EXP	text_3: autoDraw = false
147.87199999999984	EXP	text_2: autoDraw = true
147.87199999999984	EXP	text_2: text = 0
147.88799999999992	EXP	text_2: text = 18
147.91899999999987	EXP	text_2: text = 50
147.9369999999999	EXP	text_2: text = 66
147.95499999999993	EXP	text_2: text = 83
147.98599999999988	EXP	text_2: text = 116
148.0050000000001	EXP	text_2: text = 133
148.02300000000014	EXP	text_2: text = 152
148.03900000000021	EXP	text_2: text = 169
148.06899999999996	EXP	text_2: text = 200
148.087	EXP	text_2: text = 216
148.10500000000002	EXP	text_2: text = 233
148.13500000000022	EXP	text_2: text = 266
148.15500000000023	EXP	text_2: text = 283
148.18499999999995	EXP	text_2: text = 316
148.20499999999993	EXP	text_2: text = 333
148.23599999999988	EXP	text_2: text = 366
148.2550000000001	EXP	text_2: text = 383
148.26600000000008	DATA	Keydown:  
148.28600000000006	EXP	text_2: text = 416
148.28600000000006	EXP	text_2: autoDraw = false
148.28600000000006	EXP	Feedback: text = 394
148.28600000000006	EXP	Feedback: autoDraw = true
149.28700000000026	EXP	Feedback: autoDraw = false
149.28700000000026	EXP	Feedback: autoDraw = false
149.28700000000026	EXP	text_3: autoDraw = true
153.67399999999998	EXP	text_3: autoDraw = false
153.67399999999998	EXP	text_3: autoDraw = false
153.67399999999998	EXP	text_2: autoDraw = true
153.67399999999998	EXP	text_2: text = 0
153.692	EXP	text_2: text = 20
153.72299999999996	EXP	text_2: text = 38
153.73900000000003	EXP	text_2: text = 69
153.75599999999986	EXP	text_2: text = 85
153.77300000000014	EXP	text_2: text = 102
153.78900000000021	EXP	text_2: text = 118
153.82900000000018	EXP	text_2: text = 139
153.85600000000022	EXP	text_2: text = 178
153.87699999999995	EXP	text_2: text = 208
153.90599999999995	EXP	text_2: text = 224
153.9230000000002	EXP	text_2: text = 252
153.95600000000013	EXP	text_2: text = 276
153.97299999999996	EXP	text_2: text = 302
153.99000000000024	EXP	text_2: text = 319
154.00599999999986	EXP	text_2: text = 335
154.02300000000014	EXP	text_2: text = 352
154.03999999999996	EXP	text_2: text = 369
154.05600000000004	EXP	text_2: text = 385
154.07299999999987	EXP	text_2: text = 402
154.09000000000015	EXP	text_2: text = 419
154.10600000000022	EXP	text_2: text = 436
154.10899999999992	DATA	Keydown:  
154.12300000000005	EXP	text_2: text = 453
154.12300000000005	EXP	text_2: autoDraw = false
154.12300000000005	EXP	Feedback: text = 435
154.12300000000005	EXP	Feedback: autoDraw = true
155.12199999999984	EXP	Feedback: autoDraw = false
155.12199999999984	EXP	Feedback: autoDraw = false
155.12199999999984	EXP	text_3: autoDraw = true
157.4410000000003	EXP	text_3: autoDraw = false
157.4410000000003	EXP	text_3: autoDraw = false
157.4410000000003	EXP	text_2: autoDraw = true
157.4410000000003	EXP	text_2: text = 0
157.4580000000001	EXP	text_2: text = 19
157.47600000000008	EXP	text_2: text = 36
157.50700000000006	EXP	text_2: text = 55
157.5239999999999	EXP	text_2: text = 85
157.53999999999996	EXP	text_2: text = 102
157.55700000000024	EXP	text_2: text = 118
157.57400000000007	EXP	text_2: text = 135
157.59000000000015	EXP	text_2: text = 152
157.60699999999997	EXP	text_2: text = 168
157.62400000000025	EXP	text_2: text = 185
157.64100000000008	EXP	text_2: text = 202
157.65700000000015	EXP	text_2: text = 218
157.67399999999998	EXP	text_2: text = 235
157.69000000000003	EXP	text_2: text = 251
157.70699999999985	EXP	text_2: text = 269
157.72400000000016	EXP	text_2: text = 284
157.74000000000024	EXP	text_2: text = 302
157.75700000000006	EXP	text_2: text = 318
157.7739999999999	EXP	text_2: text = 335
157.78999999999996	EXP	text_2: text = 351
157.80700000000024	EXP	text_2: text = 368
157.82400000000007	EXP	text_2: text = 385
157.82600000000002	DATA	Keydown:  
157.8409999999999	EXP	text_2: text = 402
157.8409999999999	EXP	text_2: autoDraw = false
157.8409999999999	EXP	Feedback: text = 386
157.8409999999999	EXP	Feedback: autoDraw = true
158.84000000000015	EXP	Feedback: autoDraw = false
158.84000000000015	EXP	Feedback: autoDraw = false
158.84000000000015	EXP	text_3: autoDraw = true
166.74400000000017	EXP	text_3: autoDraw = false
166.74400000000017	EXP	text_3: autoDraw = false
166.74400000000017	EXP	text_2: autoDraw = true
166.74400000000017	EXP	text_2: text = 0
166.76000000000022	EXP	text_2: text = 19
166.7840000000001	EXP	text_2: text = 44
166.80999999999995	EXP	text_2: text = 61
166.82600000000002	EXP	text_2: text = 85
166.84400000000005	EXP	text_2: text = 101
166.8679999999999	EXP	text_2: text = 128
166.89300000000003	EXP	text_2: text = 144
166.90999999999985	EXP	text_2: text = 168
166.93499999999995	EXP	text_2: text = 194
166.96000000000004	EXP	text_2: text = 211
166.97800000000007	EXP	text_2: text = 235
166.99699999999984	EXP	text_2: text = 253
167.02700000000004	EXP	text_2: text = 278
167.04399999999987	EXP	text_2: text = 303
167.06899999999996	EXP	text_2: text = 328
167.07299999999987	DATA	Keydown:  
167.09400000000005	EXP	text_2: text = 345
167.09400000000005	EXP	text_2: autoDraw = false
167.09400000000005	EXP	Feedback: text = 329
167.09400000000005	EXP	Feedback: autoDraw = true
168.09400000000005	EXP	Feedback: autoDraw = false
168.09400000000005	EXP	Feedback: autoDraw = false
168.09400000000005	EXP	text_3: autoDraw = true
172.47900000000027	EXP	text_3: autoDraw = false
172.47900000000027	EXP	text_3: autoDraw = false
172.47900000000027	EXP	text_2: autoDraw = true
172.47900000000027	EXP	text_2: text = 0
172.4949999999999	EXP	text_2: text = 18
172.51200000000014	EXP	text_2: text = 35
172.52800000000025	EXP	text_2: text = 51
172.54500000000007	EXP	text_2: text = 68
172.5619999999999	EXP	text_2: text = 85
172.57799999999997	EXP	text_2: text = 101
172.59500000000025	EXP	text_2: text = 118
172.61200000000008	EXP	text_2: text = 135
172.6869999999999	EXP	text_2: text = 159
172.7130000000002	EXP	text_2: text = 227
172.73100000000022	EXP	text_2: text = 253
172.74699999999984	EXP	text_2: text = 271
172.76400000000012	EXP	text_2: text = 287
172.79600000000028	EXP	text_2: text = 304
172.8119999999999	EXP	text_2: text = 335
172.82799999999997	EXP	text_2: text = 351
172.83100000000013	DATA	Keydown:  
172.84500000000025	EXP	text_2: text = 369
172.84500000000025	EXP	text_2: autoDraw = false
172.84500000000025	EXP	Feedback: text = 352
172.84500000000025	EXP	Feedback: autoDraw = true
173.84500000000025	EXP	Feedback: autoDraw = false
173.84500000000025	EXP	Feedback: autoDraw = false
173.84500000000025	EXP	text_3: autoDraw = true
178.3470000000002	EXP	text_3: autoDraw = false
178.3470000000002	EXP	text_3: autoDraw = false
178.3470000000002	EXP	text_2: autoDraw = true
178.3470000000002	EXP	text_2: text = 0
178.36300000000028	EXP	text_2: text = 18
178.3800000000001	EXP	text_2: text = 35
178.39600000000019	EXP	text_2: text = 51
178.413	EXP	text_2: text = 68
178.4300000000003	EXP	text_2: text = 85
178.44700000000012	EXP	text_2: text = 102
178.4630000000002	EXP	text_2: text = 118
178.48000000000002	EXP	text_2: text = 135
178.4960000000001	EXP	text_2: text = 152
178.51299999999992	EXP	text_2: text = 168
178.53000000000023	EXP	text_2: text = 185
178.596	EXP	text_2: text = 253
178.61599999999999	EXP	text_2: text = 268
178.64800000000014	EXP	text_2: text = 288
178.66400000000021	EXP	text_2: text = 321
178.6800000000003	EXP	text_2: text = 335
178.6959999999999	EXP	text_2: text = 352
178.7130000000002	EXP	text_2: text = 368
178.73100000000022	EXP	text_2: text = 385
178.73300000000017	DATA	Keydown:  
178.74800000000005	EXP	text_2: text = 404
178.74800000000005	EXP	text_2: autoDraw = false
178.74800000000005	EXP	Feedback: text = 387
178.74800000000005	EXP	Feedback: autoDraw = true
179.73599999999988	EXP	Feedback: autoDraw = false
179.73599999999988	EXP	Feedback: autoDraw = false
179.73599999999988	EXP	text_3: autoDraw = true
183.7510000000002	EXP	text_3: autoDraw = false
183.7510000000002	EXP	text_3: autoDraw = false
183.7510000000002	EXP	text_2: autoDraw = true
183.7510000000002	EXP	text_2: text = 0
183.78200000000015	EXP	text_2: text = 17
183.79899999999998	EXP	text_2: text = 48
183.8180000000002	EXP	text_2: text = 67
183.84999999999994	EXP	text_2: text = 100
183.8670000000002	EXP	text_2: text = 117
183.88700000000014	EXP	text_2: text = 134
183.91699999999992	EXP	text_2: text = 152
183.9340000000002	EXP	text_2: text = 183
183.95000000000027	EXP	text_2: text = 200
183.9670000000001	EXP	text_2: text = 217
183.98399999999992	EXP	text_2: text = 234
184	EXP	text_2: text = 250
184.03999999999996	EXP	text_2: text = 268
184.0660000000003	EXP	text_2: text = 305
184.0830000000001	EXP	text_2: text = 331
184.10800000000017	EXP	text_2: text = 358
184.13200000000006	EXP	text_2: text = 374
184.1510000000003	EXP	text_2: text = 400
184.15500000000023	DATA	Keydown:  
184.18200000000024	EXP	text_2: text = 418
184.18200000000024	EXP	text_2: autoDraw = false
184.18200000000024	EXP	Feedback: text = 404
184.18200000000024	EXP	Feedback: autoDraw = true
185.16800000000012	EXP	Feedback: autoDraw = false
185.16800000000012	EXP	Feedback: autoDraw = false
185.16800000000012	EXP	text_3: autoDraw = true
194.20200000000023	EXP	text_3: autoDraw = false
194.20200000000023	EXP	text_3: autoDraw = false
194.20200000000023	EXP	text_2: autoDraw = true
194.20200000000023	EXP	text_2: text = 0
194.21799999999985	EXP	text_2: text = 17
194.23500000000013	EXP	text_2: text = 33
194.2510000000002	EXP	text_2: text = 50
194.26800000000003	EXP	text_2: text = 67
194.28499999999985	EXP	text_2: text = 83
194.30099999999993	EXP	text_2: text = 100
194.3180000000002	EXP	text_2: text = 117
194.33500000000004	EXP	text_2: text = 133
194.35199999999986	EXP	text_2: text = 150
194.3679999999999	EXP	text_2: text = 167
194.38500000000022	EXP	text_2: text = 183
194.4010000000003	EXP	text_2: text = 200
194.41800000000012	EXP	text_2: text = 217
194.43499999999995	EXP	text_2: text = 233
194.45400000000018	EXP	text_2: text = 250
194.48599999999988	EXP	text_2: text = 270
194.50300000000016	EXP	text_2: text = 302
194.51800000000003	EXP	text_2: text = 318
194.55000000000018	EXP	text_2: text = 350
194.5680000000002	EXP	text_2: text = 367
194.5709999999999	DATA	Keydown:  
194.58500000000004	EXP	text_2: text = 384
194.58500000000004	EXP	text_2: autoDraw = false
194.58500000000004	EXP	Feedback: text = 369
194.58500000000004	EXP	Feedback: autoDraw = true
195.58400000000026	EXP	Feedback: autoDraw = false
195.58400000000026	EXP	Feedback: autoDraw = false
195.58400000000026	EXP	text_3: autoDraw = true
204.9720000000002	EXP	text_3: autoDraw = false
204.9720000000002	EXP	text_3: autoDraw = false
204.9720000000002	EXP	text_2: autoDraw = true
204.9720000000002	EXP	text_2: text = 0
204.98800000000028	EXP	text_2: text = 18
205.0050000000001	EXP	text_2: text = 35
205.02300000000014	EXP	text_2: text = 52
205.03999999999996	EXP	text_2: text = 69
205.05600000000004	EXP	text_2: text = 86
205.07299999999987	EXP	text_2: text = 102
205.08899999999994	EXP	text_2: text = 119
205.10500000000002	EXP	text_2: text = 135
205.1220000000003	EXP	text_2: text = 152
205.13900000000012	EXP	text_2: text = 168
205.15500000000023	EXP	text_2: text = 185
205.17200000000005	EXP	text_2: text = 201
205.18899999999988	EXP	text_2: text = 218
205.20600000000013	EXP	text_2: text = 235
205.2220000000002	EXP	text_2: text = 251
205.23900000000003	EXP	text_2: text = 268
205.2550000000001	EXP	text_2: text = 285
205.27199999999993	EXP	text_2: text = 302
205.28900000000021	EXP	text_2: text = 318
205.30600000000004	EXP	text_2: text = 335
205.35600000000022	EXP	text_2: text = 385
205.3789999999999	EXP	text_2: text = 408
205.38200000000006	DATA	Keydown:  
205.40700000000015	EXP	text_2: text = 426
205.40700000000015	EXP	text_2: autoDraw = false
205.40700000000015	EXP	Feedback: text = 410
205.40700000000015	EXP	Feedback: autoDraw = true
206.38900000000012	EXP	Feedback: autoDraw = false
206.38900000000012	EXP	Feedback: autoDraw = false
206.38900000000012	EXP	text_3: autoDraw = true
214.83500000000004	EXP	text_3: autoDraw = false
214.83500000000004	EXP	text_3: autoDraw = false
214.83500000000004	EXP	text_2: autoDraw = true
214.83500000000004	EXP	text_2: text = 0
214.85899999999992	EXP	text_2: text = 16
214.875	EXP	text_2: text = 39
214.9000000000001	EXP	text_2: text = 66
214.92500000000018	EXP	text_2: text = 83
214.942	EXP	text_2: text = 105
214.95900000000026	EXP	text_2: text = 123
214.9929999999999	EXP	text_2: text = 157
215.0250000000001	EXP	text_2: text = 176
215.04300000000012	EXP	text_2: text = 206
215.0660000000003	EXP	text_2: text = 232
215.0920000000001	EXP	text_2: text = 249
215.10899999999992	EXP	text_2: text = 273
215.1260000000002	EXP	text_2: text = 289
215.1489999999999	EXP	text_2: text = 315
215.17500000000018	EXP	text_2: text = 332
215.192	EXP	text_2: text = 355
215.20900000000026	EXP	text_2: text = 373
215.22499999999994	EXP	text_2: text = 390
215.2420000000002	EXP	text_2: text = 406
215.25900000000001	EXP	text_2: text = 423
215.2750000000001	EXP	text_2: text = 439
215.27800000000025	DATA	Keydown:  
215.29199999999992	EXP	text_2: text = 457
215.29199999999992	EXP	text_2: autoDraw = false
215.29199999999992	EXP	Feedback: text = 443
215.29199999999992	EXP	Feedback: autoDraw = true
216.29100000000017	EXP	Feedback: autoDraw = false
216.29100000000017	EXP	Feedback: autoDraw = false
216.29100000000017	EXP	text_3: autoDraw = true
222.94700000000012	EXP	text_3: autoDraw = false
222.94700000000012	EXP	text_3: autoDraw = false
222.94700000000012	EXP	text_2: autoDraw = true
222.94700000000012	EXP	text_2: text = 0
222.97800000000007	EXP	text_2: text = 21
222.99400000000017	EXP	text_2: text = 53
223.01299999999992	EXP	text_2: text = 69
223.04500000000007	EXP	text_2: text = 88
223.11500000000024	EXP	text_2: text = 120
223.15300000000025	EXP	text_2: text = 192
223.17799999999988	EXP	text_2: text = 230
223.19399999999996	EXP	text_2: text = 253
223.2159999999999	EXP	text_2: text = 275
223.24400000000017	EXP	text_2: text = 290
223.261	EXP	text_2: text = 319
223.27700000000004	EXP	text_2: text = 336
223.29399999999987	EXP	text_2: text = 352
223.31100000000015	EXP	text_2: text = 369
223.32700000000023	EXP	text_2: text = 385
223.34400000000005	EXP	text_2: text = 402
223.36099999999988	EXP	text_2: text = 419
223.37699999999995	EXP	text_2: text = 435
223.3800000000001	DATA	Keydown:  
223.39400000000023	EXP	text_2: text = 453
223.39400000000023	EXP	text_2: autoDraw = false
223.39400000000023	EXP	Feedback: text = 436
223.39400000000023	EXP	Feedback: autoDraw = true
224.39300000000003	EXP	Feedback: autoDraw = false
224.39300000000003	EXP	Feedback: autoDraw = false
224.39300000000003	EXP	text_3: autoDraw = true
228.5010000000002	EXP	text_3: autoDraw = false
228.5010000000002	EXP	text_3: autoDraw = false
228.5010000000002	EXP	text_2: autoDraw = true
228.5010000000002	EXP	text_2: text = 0
228.53099999999995	EXP	text_2: text = 33
228.5619999999999	EXP	text_2: text = 50
228.57900000000018	EXP	text_2: text = 78
228.59999999999994	EXP	text_2: text = 100
228.62800000000016	EXP	text_2: text = 117
228.64600000000019	EXP	text_2: text = 144
228.66499999999996	EXP	text_2: text = 166
228.69500000000016	EXP	text_2: text = 183
228.71500000000015	EXP	text_2: text = 211
228.7470000000003	EXP	text_2: text = 231
228.76200000000014	EXP	text_2: text = 262
228.77899999999997	EXP	text_2: text = 278
228.79500000000007	EXP	text_2: text = 295
228.8119999999999	EXP	text_2: text = 311
228.82900000000018	EXP	text_2: text = 328
228.846	EXP	text_2: text = 344
228.86200000000008	EXP	text_2: text = 361
228.8789999999999	EXP	text_2: text = 378
228.89600000000019	EXP	text_2: text = 394
228.91200000000026	EXP	text_2: text = 411
228.9290000000001	EXP	text_2: text = 429
228.9459999999999	EXP	text_2: text = 445
228.962	EXP	text_2: text = 461
229	EXP	text_2: text = 480
229.02899999999997	EXP	text_2: text = 518
229.03200000000015	DATA	Keydown:  
229.08500000000004	EXP	text_2: text = 547
229.08500000000004	EXP	text_2: autoDraw = false
229.08500000000004	EXP	Feedback: text = 532
229.08500000000004	EXP	Feedback: autoDraw = true
230.05000000000018	EXP	Feedback: autoDraw = false
230.05000000000018	EXP	Feedback: autoDraw = false
230.05000000000018	EXP	text_3: autoDraw = true
232.61599999999999	EXP	text_3: autoDraw = false
232.61599999999999	EXP	text_3: autoDraw = false
232.61599999999999	EXP	text_2: autoDraw = true
232.61599999999999	EXP	text_2: text = 0
232.64699999999993	EXP	text_2: text = 17
232.66400000000021	EXP	text_2: text = 47
232.683	EXP	text_2: text = 67
232.7130000000002	EXP	text_2: text = 84
232.73100000000022	EXP	text_2: text = 113
232.75	EXP	text_2: text = 134
232.78000000000023	EXP	text_2: text = 151
232.79700000000005	EXP	text_2: text = 180
232.8160000000003	EXP	text_2: text = 200
232.8470000000002	EXP	text_2: text = 217
232.86400000000003	EXP	text_2: text = 246
232.88200000000006	EXP	text_2: text = 267
232.91600000000017	EXP	text_2: text = 283
232.933	EXP	text_2: text = 316
232.96500000000015	EXP	text_2: text = 334
232.98100000000022	EXP	text_2: text = 366
232.9970000000003	EXP	text_2: text = 381
233.01400000000012	EXP	text_2: text = 397
233.01700000000028	DATA	Keydown:  
233.08199999999985	EXP	text_2: text = 415
233.08199999999985	EXP	text_2: autoDraw = false
233.08199999999985	EXP	Feedback: text = 401
233.08199999999985	EXP	Feedback: autoDraw = true
234.03200000000015	EXP	Feedback: autoDraw = false
234.03200000000015	EXP	Feedback: autoDraw = false
234.03200000000015	EXP	text_3: autoDraw = true
237.5010000000002	EXP	text_3: autoDraw = false
237.5010000000002	EXP	text_3: autoDraw = false
237.5010000000002	EXP	text_2: autoDraw = true
237.5010000000002	EXP	text_2: text = 0
237.53200000000015	EXP	text_2: text = 34
237.54899999999998	EXP	text_2: text = 50
237.56500000000003	EXP	text_2: text = 67
237.5830000000001	EXP	text_2: text = 85
237.59900000000016	EXP	text_2: text = 100
237.61599999999999	EXP	text_2: text = 117
237.63300000000027	EXP	text_2: text = 135
237.6489999999999	EXP	text_2: text = 150
237.66499999999996	EXP	text_2: text = 167
237.683	EXP	text_2: text = 185
237.69900000000007	EXP	text_2: text = 200
237.71500000000015	EXP	text_2: text = 217
237.73199999999997	EXP	text_2: text = 234
237.74900000000025	EXP	text_2: text = 250
237.76499999999987	EXP	text_2: text = 267
237.78200000000015	EXP	text_2: text = 284
237.79899999999998	EXP	text_2: text = 300
237.81899999999996	EXP	text_2: text = 318
237.84999999999994	EXP	text_2: text = 336
237.8670000000002	EXP	text_2: text = 367
237.8710000000001	DATA	Keydown:  
237.89800000000014	EXP	text_2: text = 386
237.89800000000014	EXP	text_2: autoDraw = false
237.89800000000014	EXP	Feedback: text = 370
237.89800000000014	EXP	Feedback: autoDraw = true
238.88700000000014	EXP	Feedback: autoDraw = false
238.88700000000014	EXP	Feedback: autoDraw = false
238.88700000000014	EXP	text_3: autoDraw = true
244.25	EXP	text_3: autoDraw = false
244.25	EXP	text_3: autoDraw = false
244.25	EXP	text_2: autoDraw = true
244.25	EXP	text_2: text = 0
244.28099999999995	EXP	text_2: text = 33
244.30000000000018	EXP	text_2: text = 50
244.317	EXP	text_2: text = 67
244.34799999999996	EXP	text_2: text = 100
244.3670000000002	EXP	text_2: text = 117
244.39800000000014	EXP	text_2: text = 150
244.41699999999992	EXP	text_2: text = 167
244.44799999999987	EXP	text_2: text = 200
244.4670000000001	EXP	text_2: text = 217
244.49800000000005	EXP	text_2: text = 250
244.51700000000028	EXP	text_2: text = 267
244.54899999999998	EXP	text_2: text = 300
244.5680000000002	EXP	text_2: text = 317
244.59799999999996	EXP	text_2: text = 350
244.6170000000002	EXP	text_2: text = 367
244.63300000000027	EXP	text_2: text = 384
244.66600000000017	EXP	text_2: text = 417
244.683	EXP	text_2: text = 433
244.70000000000027	EXP	text_2: text = 450
244.7170000000001	EXP	text_2: text = 467
244.74800000000005	EXP	text_2: text = 500
244.76700000000028	EXP	text_2: text = 517
244.79800000000023	EXP	text_2: text = 550
244.817	EXP	text_2: text = 567
244.84799999999996	EXP	text_2: text = 600
244.8670000000002	EXP	text_2: text = 617
244.89800000000014	EXP	text_2: text = 650
244.9000000000001	DATA	Keydown:  
244.91800000000012	EXP	text_2: text = 667
244.91800000000012	EXP	text_2: autoDraw = false
244.91800000000012	EXP	Feedback: text = 651
244.91800000000012	EXP	Feedback: autoDraw = true
245.91600000000017	EXP	Feedback: autoDraw = false
245.91600000000017	EXP	Feedback: autoDraw = false
245.91600000000017	EXP	text_3: autoDraw = true
253.5039999999999	EXP	text_3: autoDraw = false
253.5039999999999	EXP	text_3: autoDraw = false
253.5039999999999	EXP	text_2: autoDraw = true
253.5039999999999	EXP	text_2: text = 0
253.51999999999998	EXP	text_2: text = 19
253.53700000000026	EXP	text_2: text = 35
253.57500000000027	EXP	text_2: text = 53
253.60400000000027	EXP	text_2: text = 92
253.62300000000005	EXP	text_2: text = 120
253.6550000000002	EXP	text_2: text = 144
253.67200000000003	EXP	text_2: text = 171
253.6869999999999	EXP	text_2: text = 187
253.70400000000018	EXP	text_2: text = 203
253.72000000000025	EXP	text_2: text = 219
253.73700000000008	EXP	text_2: text = 236
253.7539999999999	EXP	text_2: text = 252
253.77100000000013	EXP	text_2: text = 269
253.78700000000026	EXP	text_2: text = 285
253.8040000000001	EXP	text_2: text = 302
253.8209999999999	EXP	text_2: text = 319
253.837	EXP	text_2: text = 336
253.85400000000027	EXP	text_2: text = 352
253.8699999999999	EXP	text_2: text = 368
253.88700000000017	EXP	text_2: text = 386
253.88999999999987	DATA	Keydown:  
253.9050000000002	EXP	text_2: text = 403
253.9050000000002	EXP	text_2: autoDraw = false
253.9050000000002	EXP	Feedback: text = 387
253.9050000000002	EXP	Feedback: autoDraw = true
254.90300000000025	EXP	Feedback: autoDraw = false
254.90300000000025	EXP	Feedback: autoDraw = false
254.90300000000025	EXP	text_3: autoDraw = true
259.0550000000003	EXP	text_3: autoDraw = false
259.0550000000003	EXP	text_3: autoDraw = false
259.0550000000003	EXP	text_2: autoDraw = true
259.0550000000003	EXP	text_2: text = 0
259.0720000000001	EXP	text_2: text = 18
259.0880000000002	EXP	text_2: text = 35
259.105	EXP	text_2: text = 51
259.12300000000005	EXP	text_2: text = 68
259.1379999999999	EXP	text_2: text = 86
259.1550000000002	EXP	text_2: text = 101
259.172	EXP	text_2: text = 118
259.1880000000001	EXP	text_2: text = 135
259.2049999999999	EXP	text_2: text = 152
259.2220000000002	EXP	text_2: text = 168
259.2380000000003	EXP	text_2: text = 184
259.2550000000001	EXP	text_2: text = 201
259.27199999999993	EXP	text_2: text = 218
259.2890000000002	EXP	text_2: text = 235
259.3050000000003	EXP	text_2: text = 251
259.3220000000001	EXP	text_2: text = 268
259.34000000000015	EXP	text_2: text = 285
259.37300000000005	EXP	text_2: text = 304
259.3769999999999	DATA	Keydown:  
259.3920000000003	EXP	text_2: text = 338
259.3920000000003	EXP	text_2: autoDraw = false
259.3920000000003	EXP	Feedback: text = 322
259.3920000000003	EXP	Feedback: autoDraw = true
260.3879999999999	EXP	Feedback: autoDraw = false
260.3879999999999	EXP	Feedback: autoDraw = false
260.3879999999999	EXP	text_3: autoDraw = true
268.9749999999999	EXP	text_3: autoDraw = false
268.9749999999999	EXP	text_3: autoDraw = false
268.9749999999999	EXP	text_2: autoDraw = true
268.9749999999999	EXP	text_2: text = 0
268.9920000000002	EXP	text_2: text = 18
269.00800000000027	EXP	text_2: text = 34
269.0250000000001	EXP	text_2: text = 52
269.04800000000023	EXP	text_2: text = 75
269.074	EXP	text_2: text = 92
269.0920000000001	EXP	text_2: text = 117
269.1089999999999	EXP	text_2: text = 134
269.125	EXP	text_2: text = 152
269.1420000000003	EXP	text_2: text = 168
269.1579999999999	EXP	text_2: text = 184
269.1750000000002	EXP	text_2: text = 201
269.1970000000001	EXP	text_2: text = 225
269.2249999999999	EXP	text_2: text = 242
269.2420000000002	EXP	text_2: text = 267
269.259	EXP	text_2: text = 285
269.2750000000001	EXP	text_2: text = 302
269.2919999999999	EXP	text_2: text = 318
269.3090000000002	EXP	text_2: text = 335
269.3250000000003	EXP	text_2: text = 351
269.3420000000001	EXP	text_2: text = 368
269.34500000000025	DATA	Keydown:  
269.3600000000002	EXP	text_2: text = 386
269.3600000000002	EXP	text_2: autoDraw = false
269.3600000000002	EXP	Feedback: text = 370
269.3600000000002	EXP	Feedback: autoDraw = true
270.36500000000024	EXP	Feedback: autoDraw = false
270.36500000000024	EXP	Feedback: autoDraw = false
270.36500000000024	EXP	text_3: autoDraw = true
275.2950000000001	EXP	text_3: autoDraw = false
275.2950000000001	EXP	text_3: autoDraw = false
275.2950000000001	EXP	text_2: autoDraw = true
275.2950000000001	EXP	text_2: text = 0
275.328	EXP	text_2: text = 19
275.34300000000025	EXP	text_2: text = 52
275.3600000000002	EXP	text_2: text = 68
275.3769999999999	EXP	text_2: text = 86
275.39300000000003	EXP	text_2: text = 101
275.40999999999985	EXP	text_2: text = 118
275.42700000000013	EXP	text_2: text = 135
275.4430000000002	EXP	text_2: text = 152
275.46000000000004	EXP	text_2: text = 168
275.47699999999986	EXP	text_2: text = 185
275.49400000000014	EXP	text_2: text = 201
275.5100000000002	EXP	text_2: text = 218
275.52700000000004	EXP	text_2: text = 235
275.54399999999987	EXP	text_2: text = 252
275.55999999999995	EXP	text_2: text = 268
275.5770000000002	EXP	text_2: text = 285
275.59300000000025	EXP	text_2: text = 302
275.6100000000002	EXP	text_2: text = 318
275.6269999999999	EXP	text_2: text = 336
275.64300000000003	EXP	text_2: text = 351
275.6790000000001	DATA	Keydown:  
275.69500000000016	EXP	text_2: text = 403
275.69500000000016	EXP	text_2: autoDraw = false
275.69500000000016	EXP	Feedback: text = 386
275.69500000000016	EXP	Feedback: autoDraw = true
276.69799999999987	EXP	Feedback: autoDraw = false
276.69799999999987	EXP	Feedback: autoDraw = false
276.69799999999987	EXP	text_3: autoDraw = true
282.28099999999995	EXP	text_3: autoDraw = false
282.28099999999995	EXP	text_3: autoDraw = false
282.28099999999995	EXP	text_2: autoDraw = true
282.28099999999995	EXP	text_2: text = 0
282.3119999999999	EXP	text_2: text = 17
282.3299999999999	EXP	text_2: text = 50
282.3470000000002	EXP	text_2: text = 67
282.3630000000003	EXP	text_2: text = 83
282.3800000000001	EXP	text_2: text = 100
282.39699999999993	EXP	text_2: text = 117
282.41300000000007	EXP	text_2: text = 133
282.4300000000003	EXP	text_2: text = 150
282.4470000000001	EXP	text_2: text = 167
282.4630000000002	EXP	text_2: text = 183
282.48	EXP	text_2: text = 200
282.4970000000003	EXP	text_2: text = 217
282.5129999999999	EXP	text_2: text = 233
282.5300000000002	EXP	text_2: text = 250
282.54800000000023	EXP	text_2: text = 267
282.5799999999999	EXP	text_2: text = 283
282.59500000000025	EXP	text_2: text = 315
282.61400000000003	EXP	text_2: text = 333
282.645	EXP	text_2: text = 350
282.66200000000026	EXP	text_2: text = 379
282.6800000000003	EXP	text_2: text = 400
282.71100000000024	EXP	text_2: text = 417
282.72800000000007	EXP	text_2: text = 446
282.7310000000002	DATA	Keydown:  
282.74900000000025	EXP	text_2: text = 467
282.74900000000025	EXP	text_2: autoDraw = false
282.74900000000025	EXP	Feedback: text = 450
282.74900000000025	EXP	Feedback: autoDraw = true
283.74800000000005	EXP	Feedback: autoDraw = false
283.74800000000005	EXP	Feedback: autoDraw = false
283.74800000000005	EXP	text_3: autoDraw = true
289.74800000000005	EXP	text_3: autoDraw = false
289.74800000000005	EXP	text_3: autoDraw = false
289.74800000000005	EXP	text_2: autoDraw = true
289.74800000000005	EXP	text_2: text = 0
289.7649999999999	EXP	text_2: text = 19
289.78099999999995	EXP	text_2: text = 34
289.79800000000023	EXP	text_2: text = 50
289.81500000000005	EXP	text_2: text = 67
289.83100000000013	EXP	text_2: text = 84
289.84799999999996	EXP	text_2: text = 100
289.86500000000024	EXP	text_2: text = 117
289.88099999999986	EXP	text_2: text = 134
289.9140000000002	EXP	text_2: text = 167
289.9340000000002	EXP	text_2: text = 184
289.96500000000015	EXP	text_2: text = 203
289.98199999999997	EXP	text_2: text = 234
290.0129999999999	EXP	text_2: text = 267
290.03099999999995	EXP	text_2: text = 284
290.04800000000023	EXP	text_2: text = 300
290.06500000000005	EXP	text_2: text = 317
290.08100000000013	EXP	text_2: text = 334
290.09799999999996	EXP	text_2: text = 350
290.11500000000024	EXP	text_2: text = 367
290.13099999999986	EXP	text_2: text = 384
290.1680000000001	EXP	text_2: text = 416
290.199	EXP	text_2: text = 440
290.201	DATA	Keydown:  
290.2170000000001	EXP	text_2: text = 470
290.2170000000001	EXP	text_2: autoDraw = false
290.2170000000001	EXP	Feedback: text = 454
290.2170000000001	EXP	Feedback: autoDraw = true
291.21399999999994	EXP	Feedback: autoDraw = false
291.21399999999994	EXP	Feedback: autoDraw = false
291.21399999999994	EXP	text_3: autoDraw = true
299.05200000000013	EXP	text_3: autoDraw = false
299.05200000000013	EXP	text_3: autoDraw = false
299.05200000000013	EXP	text_2: autoDraw = true
299.05200000000013	EXP	text_2: text = 0
299.07000000000016	EXP	text_2: text = 19
299.0999999999999	EXP	text_2: text = 36
299.1170000000002	EXP	text_2: text = 67
299.13300000000027	EXP	text_2: text = 83
299.16300000000007	EXP	text_2: text = 114
299.183	EXP	text_2: text = 130
299.2130000000002	EXP	text_2: text = 164
299.2330000000002	EXP	text_2: text = 180
299.2629999999999	EXP	text_2: text = 214
299.2840000000001	EXP	text_2: text = 230
299.3130000000001	EXP	text_2: text = 264
299.3330000000001	EXP	text_2: text = 280
299.3499999999999	EXP	text_2: text = 299
299.36799999999994	EXP	text_2: text = 318
299.384	EXP	text_2: text = 334
299.4000000000001	EXP	text_2: text = 350
299.40300000000025	DATA	Keydown:  
299.4180000000001	EXP	text_2: text = 367
299.4180000000001	EXP	text_2: autoDraw = false
299.4180000000001	EXP	Feedback: text = 351
299.4180000000001	EXP	Feedback: autoDraw = true
300.41600000000017	EXP	Feedback: autoDraw = false
300.41600000000017	EXP	Feedback: autoDraw = false
300.41600000000017	EXP	text_3: autoDraw = true
310.2380000000003	EXP	text_3: autoDraw = false
310.2380000000003	EXP	text_3: autoDraw = false
310.2380000000003	EXP	text_2: autoDraw = true
310.2380000000003	EXP	text_2: text = 0
310.2539999999999	EXP	text_2: text = 19
310.279	EXP	text_2: text = 45
310.3029999999999	EXP	text_2: text = 61
310.3209999999999	EXP	text_2: text = 84
310.3380000000002	EXP	text_2: text = 102
310.35400000000027	EXP	text_2: text = 119
310.3789999999999	EXP	text_2: text = 145
310.40300000000025	EXP	text_2: text = 161
310.4210000000003	EXP	text_2: text = 184
310.4380000000001	EXP	text_2: text = 202
310.471	EXP	text_2: text = 221
310.4880000000003	EXP	text_2: text = 252
310.51200000000017	EXP	text_2: text = 278
310.53700000000026	EXP	text_2: text = 295
310.5540000000001	EXP	text_2: text = 318
310.5720000000001	EXP	text_2: text = 335
310.596	EXP	text_2: text = 353
310.6109999999999	DATA	Keydown:  
310.6379999999999	EXP	text_2: text = 392
310.6379999999999	EXP	text_2: autoDraw = false
310.6379999999999	EXP	Feedback: text = 373
310.6379999999999	EXP	Feedback: autoDraw = true
311.6210000000001	EXP	Feedback: autoDraw = false
311.6210000000001	EXP	Feedback: autoDraw = false
311.6210000000001	EXP	text_3: autoDraw = true
318.12400000000025	EXP	text_3: autoDraw = false
318.12400000000025	EXP	text_3: autoDraw = false
318.12400000000025	EXP	text_2: autoDraw = true
318.12400000000025	EXP	text_2: text = 0
318.1399999999999	EXP	text_2: text = 19
318.15599999999995	EXP	text_2: text = 35
318.17300000000023	EXP	text_2: text = 51
318.1890000000003	EXP	text_2: text = 67
318.20600000000013	EXP	text_2: text = 84
318.22299999999996	EXP	text_2: text = 101
318.23900000000003	EXP	text_2: text = 118
318.25599999999986	EXP	text_2: text = 134
318.27300000000014	EXP	text_2: text = 151
318.2890000000002	EXP	text_2: text = 167
318.30600000000004	EXP	text_2: text = 184
318.32299999999987	EXP	text_2: text = 201
318.33899999999994	EXP	text_2: text = 217
318.3560000000002	EXP	text_2: text = 234
318.37300000000005	EXP	text_2: text = 251
318.3890000000001	EXP	text_2: text = 268
318.40599999999995	EXP	text_2: text = 284
318.442	EXP	text_2: text = 305
318.47400000000016	EXP	text_2: text = 338
318.50599999999986	EXP	text_2: text = 369
318.52300000000014	EXP	text_2: text = 401
318.53999999999996	EXP	text_2: text = 418
318.55600000000004	EXP	text_2: text = 434
318.57299999999987	EXP	text_2: text = 451
318.59000000000015	EXP	text_2: text = 467
318.60699999999997	EXP	text_2: text = 484
318.6100000000002	DATA	Keydown:  
318.625	EXP	text_2: text = 503
318.625	EXP	text_2: autoDraw = false
318.625	EXP	Feedback: text = 486
318.625	EXP	Feedback: autoDraw = true
319.61500000000024	EXP	Feedback: autoDraw = false
319.61500000000024	EXP	Feedback: autoDraw = false
319.61500000000024	EXP	text_3: autoDraw = true
328.9290000000001	EXP	text_3: autoDraw = false
328.9290000000001	EXP	text_3: autoDraw = false
328.9290000000001	EXP	text_2: autoDraw = true
328.9290000000001	EXP	text_2: text = 0
328.96000000000004	EXP	text_2: text = 17
328.98	EXP	text_2: text = 50
329.01099999999997	EXP	text_2: text = 67
329.029	EXP	text_2: text = 100
329.05999999999995	EXP	text_2: text = 117
329.076	EXP	text_2: text = 147
329.096	EXP	text_2: text = 167
329.1260000000002	EXP	text_2: text = 183
329.14300000000003	EXP	text_2: text = 212
329.16200000000026	EXP	text_2: text = 233
329.1930000000002	EXP	text_2: text = 250
329.21000000000004	EXP	text_2: text = 279
329.22900000000027	EXP	text_2: text = 300
329.259	EXP	text_2: text = 317
329.27700000000004	EXP	text_2: text = 346
329.29399999999987	EXP	text_2: text = 363
329.2960000000003	DATA	Keydown:  
329.31100000000015	EXP	text_2: text = 381
329.31100000000015	EXP	text_2: autoDraw = false
329.31100000000015	EXP	Feedback: text = 367
329.31100000000015	EXP	Feedback: autoDraw = true
330.64300000000003	EXP	Feedback: autoDraw = false
330.64300000000003	EXP	Feedback: autoDraw = false
330.64300000000003	EXP	End_text: autoDraw = true
