0.09399999999999997	EXP	Created Window = Window( name=Window, fullscr=true, color=#000000, units=height, waitBlanking=true, autoLog=true, size=[1314,741] )
7.312000000000001	EXP	Created text = TextStim( name=text, win=Window( name=Window, fullscr=true, color=#000000, ~), autoDraw=null, autoLog=true, units=height, ori=null, opacity=1, pos=[0,0], size=undefined, text=INSTRUCTIONS [EN]


A counter will appear and star~, font=Arial, color=#FFFFFF, contrast=1, height=0.03, bold=null, italic=null, alignHoriz=left, alignVert=center, wrapWidth=1, flipHoriz=null, flipVert=null )
7.313000000000001	EXP	Created text_3 = TextStim( name=text_3, win=Window( name=Window, fullscr=true, color=#000000, ~), autoDraw=null, autoLog=true, units=height, ori=null, opacity=1, pos=[0,0], size=undefined, text=null, font=Arial, color=#FFFFFF, contrast=1, height=0.1, bold=null, italic=null, alignHoriz=left, alignVert=center, wrapWidth=1, flipHoriz=null, flipVert=null )
7.313000000000001	EXP	Created text_2 = TextStim( name=text_2, win=Window( name=Window, fullscr=true, color=#000000, ~), autoDraw=null, autoLog=true, units=height, ori=null, opacity=1, pos=[0,0], size=undefined, text=default text, font=Arial, color=#ff0000, contrast=1, height=0.15, bold=null, italic=null, alignHoriz=left, alignVert=center, wrapWidth=1, flipHoriz=null, flipVert=null )
7.314	EXP	Created Feedback = TextStim( name=Feedback, win=Window( name=Window, fullscr=true, color=#000000, ~), autoDraw=null, autoLog=true, units=height, ori=null, opacity=1, pos=[0,0], size=undefined, text=default text, font=Arial, color=#ff0000, contrast=1, height=0.15, bold=null, italic=null, alignHoriz=left, alignVert=center, wrapWidth=1, flipHoriz=null, flipVert=null )
7.314	EXP	Created End_text = TextStim( name=End_text, win=Window( name=Window, fullscr=true, color=#000000, ~), autoDraw=null, autoLog=true, units=height, ori=null, opacity=1, pos=[0,0], size=undefined, text=This study aimed to look at procedural learning, i~, font=Arial, color=#FFFFFF, contrast=1, height=0.025, bold=null, italic=null, alignHoriz=left, alignVert=center, wrapWidth=1, flipHoriz=null, flipVert=null )
7.33	EXP	text: units = "height"
7.33	EXP	text: ori = 0
7.33	EXP	text: opacity = 1
7.33	EXP	text: pos = [0,0]
7.33	EXP	text: size = undefined
7.33	EXP	text: text = "INSTRUCTIONS [EN]\n\n\nA counter will appear and start counting at random times, press SPACE as fast as possible when it appears.\n\n\nPress SPACE to start\n\n-------\n\nInstruções [PT]\n\n\nUm cronómetro vai aparecer e começar a contar aleatoriamente, pressione a tecla SPACE assim que ele aparecer.\n\n\nPressiona SPACE para começar."
7.33	EXP	text: font = "Arial"
7.33	EXP	text: color = {"_hex":"#FFFFFF","_rgb":[1,1,1]}
7.33	EXP	text: contrast = 1
7.33	EXP	text: height = 0.03
7.33	EXP	text: bold = false
7.33	EXP	text: italic = false
7.33	EXP	text: alignHoriz = "left"
7.33	EXP	text: alignVert = "center"
7.33	EXP	text: wrapWidth = 1
7.33	EXP	text: flipHoriz = false
7.33	EXP	text: flipVert = false
7.33	EXP	text_3: units = "height"
7.33	EXP	text_3: ori = 0
7.33	EXP	text_3: opacity = 1
7.33	EXP	text_3: pos = [0,0]
7.33	EXP	text_3: size = undefined
7.33	EXP	text_3: text = ""
7.33	EXP	text_3: font = "Arial"
7.33	EXP	text_3: color = {"_hex":"#FFFFFF","_rgb":[1,1,1]}
7.33	EXP	text_3: contrast = 1
7.33	EXP	text_3: height = 0.1
7.33	EXP	text_3: bold = false
7.33	EXP	text_3: italic = false
7.33	EXP	text_3: alignHoriz = "left"
7.33	EXP	text_3: alignVert = "center"
7.33	EXP	text_3: wrapWidth = 1
7.33	EXP	text_3: flipHoriz = false
7.33	EXP	text_3: flipVert = false
7.33	EXP	text_2: units = "height"
7.33	EXP	text_2: ori = 0
7.33	EXP	text_2: opacity = 1
7.33	EXP	text_2: pos = [0,0]
7.33	EXP	text_2: size = undefined
7.33	EXP	text_2: text = "default text"
7.33	EXP	text_2: font = "Arial"
7.33	EXP	text_2: color = {"_rgb":[1,0,0]}
7.33	EXP	text_2: contrast = 1
7.33	EXP	text_2: height = 0.15
7.33	EXP	text_2: bold = false
7.33	EXP	text_2: italic = false
7.33	EXP	text_2: alignHoriz = "left"
7.33	EXP	text_2: alignVert = "center"
7.33	EXP	text_2: wrapWidth = 1
7.33	EXP	text_2: flipHoriz = false
7.33	EXP	text_2: flipVert = false
7.33	EXP	Feedback: units = "height"
7.33	EXP	Feedback: ori = 0
7.33	EXP	Feedback: opacity = 1
7.33	EXP	Feedback: pos = [0,0]
7.33	EXP	Feedback: size = undefined
7.33	EXP	Feedback: text = "default text"
7.33	EXP	Feedback: font = "Arial"
7.33	EXP	Feedback: color = {"_rgb":[1,0,0]}
7.33	EXP	Feedback: contrast = 1
7.33	EXP	Feedback: height = 0.15
7.33	EXP	Feedback: bold = false
7.33	EXP	Feedback: italic = false
7.33	EXP	Feedback: alignHoriz = "left"
7.33	EXP	Feedback: alignVert = "center"
7.33	EXP	Feedback: wrapWidth = 1
7.33	EXP	Feedback: flipHoriz = false
7.33	EXP	Feedback: flipVert = false
7.33	EXP	End_text: units = "height"
7.33	EXP	End_text: ori = 0
7.33	EXP	End_text: opacity = 1
7.33	EXP	End_text: pos = [0,0]
7.33	EXP	End_text: size = undefined
7.33	EXP	End_text: text = "This study aimed to look at procedural learning, i.e. our ability to extract patterns from the input that we are constantly receiving. This skill is thought to be essential for language and literacy acquisition and has been suggested as a possible underlying difficult in children with Language Impairments and Dyslexia. This study aims to improve the measures of procedural learning (the smiley face task) so that we can measure procedural learning more reliably and, in the future, analyse the performance of individuals with learning impairments.\nThank you for participating!\n\n----\n\nEste estudo tem como objectivo analisar a nossa capacidade de extrair padrões da informação que estamos constantemente a receber. Pensa-se que esta competência é essencial para a aquisição da linguagem e literacia e foi sugerido que dificuldades neste tipo de competências poderá estar relacionado com perturbações da linguagem e Dislexia. Este estudo tem como objectivo melhorar a estabilidade das medidas usadas para medir este tipo de memória (a tarefa da cara sorridente) de forma a poder medir de forma mais precisa e, no futuro, analisar a performance de indivíduos com perturbações da aprendizagem. \nMuito obrigada por ter participado!"
7.33	EXP	End_text: font = "Arial"
7.33	EXP	End_text: color = {"_hex":"#FFFFFF","_rgb":[1,1,1]}
7.33	EXP	End_text: contrast = 1
7.33	EXP	End_text: height = 0.025
7.33	EXP	End_text: bold = false
7.33	EXP	End_text: italic = false
7.33	EXP	End_text: alignHoriz = "left"
7.33	EXP	End_text: alignVert = "center"
7.33	EXP	End_text: wrapWidth = 1
7.33	EXP	End_text: flipHoriz = false
7.33	EXP	End_text: flipVert = false
7.33	EXP	text: autoDraw = true
23.673	DATA	Keydown:  
23.686999999999998	EXP	text: autoDraw = false
23.686999999999998	EXP	text_3: autoDraw = true
31.743	EXP	text_3: autoDraw = false
31.743	EXP	text_3: autoDraw = false
31.743	EXP	text_2: autoDraw = true
31.743	EXP	text_2: text = 0
31.749999999999996	EXP	text_2: text = 21
31.779	EXP	text_2: text = 49
31.792999999999996	EXP	text_2: text = 65
31.812	EXP	text_2: text = 83
31.828	EXP	text_2: text = 99
31.844999999999995	EXP	text_2: text = 116
31.862	EXP	text_2: text = 133
31.879	EXP	text_2: text = 149
31.895	EXP	text_2: text = 166
31.910999999999998	EXP	text_2: text = 183
31.929	EXP	text_2: text = 199
31.944999999999997	EXP	text_2: text = 215
31.962	EXP	text_2: text = 233
31.978999999999996	EXP	text_2: text = 249
31.996	EXP	text_2: text = 266
32.013000000000005	EXP	text_2: text = 283
32.029	EXP	text_2: text = 299
32.045	EXP	text_2: text = 316
32.062000000000005	EXP	text_2: text = 333
32.079	EXP	text_2: text = 349
32.096000000000004	EXP	text_2: text = 366
32.112	EXP	text_2: text = 382
32.129000000000005	EXP	text_2: text = 399
32.146	EXP	text_2: text = 415
32.162	EXP	text_2: text = 432
32.162	DATA	Keydown:  
32.177	EXP	text_2: text = 449
32.177	EXP	text_2: autoDraw = false
32.177	EXP	Feedback: text = 419
32.177	EXP	Feedback: autoDraw = true
33.178000000000004	EXP	Feedback: autoDraw = false
33.178000000000004	EXP	Feedback: autoDraw = false
33.178000000000004	EXP	text_3: autoDraw = true
38.931000000000004	EXP	text_3: autoDraw = false
38.931000000000004	EXP	text_3: autoDraw = false
38.931000000000004	EXP	text_2: autoDraw = true
38.931000000000004	EXP	text_2: text = 0
38.946000000000005	EXP	text_2: text = 16
38.963	EXP	text_2: text = 33
38.980000000000004	EXP	text_2: text = 50
38.996	EXP	text_2: text = 66
39.013000000000005	EXP	text_2: text = 83
39.03	EXP	text_2: text = 99
39.046	EXP	text_2: text = 116
39.063	EXP	text_2: text = 133
39.079	EXP	text_2: text = 150
39.096000000000004	EXP	text_2: text = 167
39.113	EXP	text_2: text = 183
39.13	EXP	text_2: text = 199
39.145	EXP	text_2: text = 216
39.161	EXP	text_2: text = 233
39.179	EXP	text_2: text = 249
39.195	EXP	text_2: text = 265
39.196000000000005	DATA	Keydown:  
39.211000000000006	EXP	text_2: text = 282
39.211000000000006	EXP	text_2: autoDraw = false
39.211000000000006	EXP	Feedback: text = 265
39.211000000000006	EXP	Feedback: autoDraw = true
40.211000000000006	EXP	Feedback: autoDraw = false
40.211000000000006	EXP	Feedback: autoDraw = false
40.211000000000006	EXP	text_3: autoDraw = true
45.381	EXP	text_3: autoDraw = false
45.381	EXP	text_3: autoDraw = false
45.381	EXP	text_2: autoDraw = true
45.381	EXP	text_2: text = 0
45.397000000000006	EXP	text_2: text = 16
45.413000000000004	EXP	text_2: text = 33
45.43	EXP	text_2: text = 50
45.447	EXP	text_2: text = 67
45.463	EXP	text_2: text = 83
45.480000000000004	EXP	text_2: text = 99
45.496	EXP	text_2: text = 117
45.513000000000005	EXP	text_2: text = 133
45.529	EXP	text_2: text = 150
45.546	EXP	text_2: text = 166
45.563	EXP	text_2: text = 183
45.580000000000005	EXP	text_2: text = 200
45.597	EXP	text_2: text = 216
45.613	EXP	text_2: text = 233
45.629000000000005	EXP	text_2: text = 250
45.647000000000006	EXP	text_2: text = 267
45.663000000000004	EXP	text_2: text = 283
45.667	DATA	Keydown:  
45.678000000000004	EXP	text_2: text = 299
45.678000000000004	EXP	text_2: autoDraw = false
45.678000000000004	EXP	Feedback: text = 286
45.678000000000004	EXP	Feedback: autoDraw = true
46.678000000000004	EXP	Feedback: autoDraw = false
46.678000000000004	EXP	Feedback: autoDraw = false
46.678000000000004	EXP	text_3: autoDraw = true
52.896	EXP	text_3: autoDraw = false
52.896	EXP	text_3: autoDraw = false
52.896	EXP	text_2: autoDraw = true
52.896	EXP	text_2: text = 0
52.912	EXP	text_2: text = 17
52.929	EXP	text_2: text = 33
52.945	EXP	text_2: text = 50
52.962	EXP	text_2: text = 67
52.979	EXP	text_2: text = 84
52.995000000000005	EXP	text_2: text = 100
53.012	EXP	text_2: text = 117
53.029	EXP	text_2: text = 134
53.046	EXP	text_2: text = 150
53.062000000000005	EXP	text_2: text = 167
53.079	EXP	text_2: text = 184
53.095	EXP	text_2: text = 199
53.112	EXP	text_2: text = 217
53.129000000000005	EXP	text_2: text = 234
53.145	EXP	text_2: text = 250
53.155	DATA	Keydown:  
53.161	EXP	text_2: text = 266
53.161	EXP	text_2: autoDraw = false
53.161	EXP	Feedback: text = 259
53.161	EXP	Feedback: autoDraw = true
54.161	EXP	Feedback: autoDraw = false
54.161	EXP	Feedback: autoDraw = false
54.161	EXP	text_3: autoDraw = true
57.048	EXP	text_3: autoDraw = false
57.048	EXP	text_3: autoDraw = false
57.048	EXP	text_2: autoDraw = true
57.048	EXP	text_2: text = 0
57.064	EXP	text_2: text = 17
57.080000000000005	EXP	text_2: text = 33
57.097	EXP	text_2: text = 49
57.114000000000004	EXP	text_2: text = 66
57.131	EXP	text_2: text = 83
57.147000000000006	EXP	text_2: text = 100
57.163000000000004	EXP	text_2: text = 116
57.181000000000004	EXP	text_2: text = 133
57.197	EXP	text_2: text = 150
57.214	EXP	text_2: text = 167
57.229	EXP	text_2: text = 183
57.246	EXP	text_2: text = 199
57.262	EXP	text_2: text = 216
57.279	EXP	text_2: text = 232
57.296	EXP	text_2: text = 250
57.313	EXP	text_2: text = 266
57.329	EXP	text_2: text = 282
57.346000000000004	EXP	text_2: text = 299
57.363	EXP	text_2: text = 315
57.379000000000005	EXP	text_2: text = 332
57.396	EXP	text_2: text = 348
57.412	EXP	text_2: text = 365
57.422000000000004	DATA	Keydown:  
57.429	EXP	text_2: text = 382
57.429	EXP	text_2: autoDraw = false
57.429	EXP	Feedback: text = 374
57.429	EXP	Feedback: autoDraw = true
58.427	EXP	Feedback: autoDraw = false
58.427	EXP	Feedback: autoDraw = false
58.427	EXP	text_3: autoDraw = true
66.132	EXP	text_3: autoDraw = false
66.132	EXP	text_3: autoDraw = false
66.132	EXP	text_2: autoDraw = true
66.132	EXP	text_2: text = 0
66.149	EXP	text_2: text = 16
66.164	EXP	text_2: text = 32
66.18	EXP	text_2: text = 49
66.196	EXP	text_2: text = 65
66.21300000000001	EXP	text_2: text = 82
66.23	EXP	text_2: text = 98
66.247	EXP	text_2: text = 116
66.263	EXP	text_2: text = 132
66.28	EXP	text_2: text = 148
66.296	EXP	text_2: text = 166
66.313	EXP	text_2: text = 182
66.33	EXP	text_2: text = 199
66.346	EXP	text_2: text = 216
66.363	EXP	text_2: text = 232
66.38	EXP	text_2: text = 249
66.396	EXP	text_2: text = 266
66.413	EXP	text_2: text = 282
66.415	DATA	Keydown:  
66.431	EXP	text_2: text = 299
66.431	EXP	text_2: autoDraw = false
66.431	EXP	Feedback: text = 283
66.431	EXP	Feedback: autoDraw = true
67.428	EXP	Feedback: autoDraw = false
67.428	EXP	Feedback: autoDraw = false
67.428	EXP	text_3: autoDraw = true
77.431	EXP	text_3: autoDraw = false
77.431	EXP	text_3: autoDraw = false
77.431	EXP	text_2: autoDraw = true
77.431	EXP	text_2: text = 0
77.446	EXP	text_2: text = 16
77.464	EXP	text_2: text = 33
77.479	EXP	text_2: text = 49
77.497	EXP	text_2: text = 66
77.513	EXP	text_2: text = 83
77.53	EXP	text_2: text = 100
77.547	EXP	text_2: text = 117
77.563	EXP	text_2: text = 133
77.58	EXP	text_2: text = 150
77.596	EXP	text_2: text = 166
77.613	EXP	text_2: text = 183
77.63	EXP	text_2: text = 199
77.646	EXP	text_2: text = 215
77.663	EXP	text_2: text = 232
77.679	EXP	text_2: text = 249
77.69500000000001	EXP	text_2: text = 266
77.696	DATA	Keydown:  
77.72	EXP	text_2: text = 284
77.72	EXP	text_2: autoDraw = false
77.72	EXP	Feedback: text = 265
77.72	EXP	Feedback: autoDraw = true
78.711	EXP	Feedback: autoDraw = false
78.711	EXP	Feedback: autoDraw = false
78.711	EXP	text_3: autoDraw = true
82.464	EXP	text_3: autoDraw = false
82.464	EXP	text_3: autoDraw = false
82.464	EXP	text_2: autoDraw = true
82.464	EXP	text_2: text = 0
82.479	EXP	text_2: text = 17
82.497	EXP	text_2: text = 33
82.512	EXP	text_2: text = 50
82.529	EXP	text_2: text = 67
82.546	EXP	text_2: text = 83
82.563	EXP	text_2: text = 100
82.58	EXP	text_2: text = 117
82.596	EXP	text_2: text = 133
82.613	EXP	text_2: text = 150
82.63	EXP	text_2: text = 166
82.646	EXP	text_2: text = 183
82.663	EXP	text_2: text = 200
82.679	EXP	text_2: text = 216
82.696	EXP	text_2: text = 234
82.71300000000001	EXP	text_2: text = 250
82.729	EXP	text_2: text = 267
82.739	DATA	Keydown:  
82.747	EXP	text_2: text = 284
82.747	EXP	text_2: autoDraw = false
82.747	EXP	Feedback: text = 275
82.747	EXP	Feedback: autoDraw = true
83.745	EXP	Feedback: autoDraw = false
83.745	EXP	Feedback: autoDraw = false
83.745	EXP	text_3: autoDraw = true
92.647	EXP	text_3: autoDraw = false
92.647	EXP	text_3: autoDraw = false
92.647	EXP	text_2: autoDraw = true
92.647	EXP	text_2: text = 0
92.662	EXP	text_2: text = 17
92.679	EXP	text_2: text = 33
92.69500000000001	EXP	text_2: text = 50
92.712	EXP	text_2: text = 67
92.729	EXP	text_2: text = 83
92.746	EXP	text_2: text = 101
92.763	EXP	text_2: text = 117
92.78	EXP	text_2: text = 134
92.796	EXP	text_2: text = 150
92.812	EXP	text_2: text = 167
92.83	EXP	text_2: text = 184
92.846	EXP	text_2: text = 200
92.86200000000001	EXP	text_2: text = 216
92.88	EXP	text_2: text = 233
92.897	EXP	text_2: text = 250
92.913	EXP	text_2: text = 266
92.929	EXP	text_2: text = 283
92.934	DATA	Keydown:  
92.94500000000001	EXP	text_2: text = 300
92.94500000000001	EXP	text_2: autoDraw = false
92.94500000000001	EXP	Feedback: text = 287
92.94500000000001	EXP	Feedback: autoDraw = true
93.94500000000001	EXP	Feedback: autoDraw = false
93.94500000000001	EXP	Feedback: autoDraw = false
93.94500000000001	EXP	text_3: autoDraw = true
98.464	EXP	text_3: autoDraw = false
98.464	EXP	text_3: autoDraw = false
98.464	EXP	text_2: autoDraw = true
98.464	EXP	text_2: text = 0
98.479	EXP	text_2: text = 16
98.496	EXP	text_2: text = 32
98.513	EXP	text_2: text = 49
98.53	EXP	text_2: text = 66
98.546	EXP	text_2: text = 83
98.563	EXP	text_2: text = 100
98.58	EXP	text_2: text = 116
98.59700000000001	EXP	text_2: text = 132
98.613	EXP	text_2: text = 149
98.63	EXP	text_2: text = 166
98.646	EXP	text_2: text = 183
98.663	EXP	text_2: text = 199
98.68	EXP	text_2: text = 216
98.696	EXP	text_2: text = 232
98.71300000000001	EXP	text_2: text = 249
98.73	EXP	text_2: text = 265
98.747	EXP	text_2: text = 283
98.763	EXP	text_2: text = 299
98.767	DATA	Keydown:  
98.781	EXP	text_2: text = 316
98.781	EXP	text_2: autoDraw = false
98.781	EXP	Feedback: text = 303
98.781	EXP	Feedback: autoDraw = true
99.778	EXP	Feedback: autoDraw = false
99.778	EXP	Feedback: autoDraw = false
99.778	EXP	text_3: autoDraw = true
109.752	EXP	text_3: autoDraw = false
109.752	EXP	text_3: autoDraw = false
109.752	EXP	text_2: autoDraw = true
109.752	EXP	text_2: text = 0
109.764	EXP	text_2: text = 17
109.779	EXP	text_2: text = 32
109.796	EXP	text_2: text = 49
109.812	EXP	text_2: text = 66
109.82900000000001	EXP	text_2: text = 82
109.845	EXP	text_2: text = 99
109.861	EXP	text_2: text = 115
109.878	EXP	text_2: text = 132
109.894	EXP	text_2: text = 148
109.91	EXP	text_2: text = 164
109.927	EXP	text_2: text = 181
109.943	EXP	text_2: text = 198
109.96000000000001	EXP	text_2: text = 215
109.977	EXP	text_2: text = 232
109.99300000000001	EXP	text_2: text = 248
110.01	EXP	text_2: text = 265
110.027	EXP	text_2: text = 281
110.043	EXP	text_2: text = 299
110.055	DATA	Keydown:  
110.062	EXP	text_2: text = 314
110.062	EXP	text_2: autoDraw = false
110.062	EXP	Feedback: text = 304
110.062	EXP	Feedback: autoDraw = true
111.059	EXP	Feedback: autoDraw = false
111.059	EXP	Feedback: autoDraw = false
111.059	EXP	text_3: autoDraw = true
114.133	EXP	text_3: autoDraw = false
114.133	EXP	text_3: autoDraw = false
114.133	EXP	text_2: autoDraw = true
114.133	EXP	text_2: text = 0
114.145	EXP	text_2: text = 15
114.161	EXP	text_2: text = 31
114.177	EXP	text_2: text = 48
114.194	EXP	text_2: text = 64
114.21000000000001	EXP	text_2: text = 81
114.22800000000001	EXP	text_2: text = 97
114.244	EXP	text_2: text = 114
114.261	EXP	text_2: text = 131
114.278	EXP	text_2: text = 148
114.295	EXP	text_2: text = 164
114.311	EXP	text_2: text = 181
114.327	EXP	text_2: text = 198
114.34400000000001	EXP	text_2: text = 214
114.361	EXP	text_2: text = 231
114.377	EXP	text_2: text = 247
114.393	EXP	text_2: text = 264
114.41	EXP	text_2: text = 281
114.427	EXP	text_2: text = 297
114.444	EXP	text_2: text = 314
114.46000000000001	EXP	text_2: text = 331
114.461	DATA	Keydown:  
114.47800000000001	EXP	text_2: text = 347
114.47800000000001	EXP	text_2: autoDraw = false
114.47800000000001	EXP	Feedback: text = 328
114.47800000000001	EXP	Feedback: autoDraw = true
115.476	EXP	Feedback: autoDraw = false
115.476	EXP	Feedback: autoDraw = false
115.476	EXP	text_3: autoDraw = true
118.98	EXP	text_3: autoDraw = false
118.98	EXP	text_3: autoDraw = false
118.98	EXP	text_2: autoDraw = true
118.98	EXP	text_2: text = 0
118.994	EXP	text_2: text = 17
119.01	EXP	text_2: text = 33
119.026	EXP	text_2: text = 49
119.047	EXP	text_2: text = 68
119.06400000000001	EXP	text_2: text = 84
119.08200000000001	EXP	text_2: text = 102
119.093	EXP	text_2: text = 116
119.10900000000001	EXP	text_2: text = 132
119.126	EXP	text_2: text = 149
119.143	EXP	text_2: text = 166
119.159	EXP	text_2: text = 182
119.176	EXP	text_2: text = 199
119.193	EXP	text_2: text = 216
119.209	EXP	text_2: text = 233
119.227	EXP	text_2: text = 250
119.248	EXP	text_2: text = 268
119.265	EXP	text_2: text = 285
119.273	DATA	Keydown:  
119.282	EXP	text_2: text = 301
119.282	EXP	text_2: autoDraw = false
119.282	EXP	Feedback: text = 293
119.282	EXP	Feedback: autoDraw = true
120.277	EXP	Feedback: autoDraw = false
120.277	EXP	Feedback: autoDraw = false
120.277	EXP	text_3: autoDraw = true
130.01299999999998	EXP	text_3: autoDraw = false
130.01299999999998	EXP	text_3: autoDraw = false
130.01299999999998	EXP	text_2: autoDraw = true
130.01299999999998	EXP	text_2: text = 0
130.029	EXP	text_2: text = 17
130.04399999999998	EXP	text_2: text = 34
130.06099999999998	EXP	text_2: text = 50
130.077	EXP	text_2: text = 67
130.094	EXP	text_2: text = 83
130.10999999999999	EXP	text_2: text = 100
130.12699999999998	EXP	text_2: text = 116
130.14399999999998	EXP	text_2: text = 133
130.161	EXP	text_2: text = 150
130.178	EXP	text_2: text = 167
130.194	EXP	text_2: text = 184
130.21099999999998	EXP	text_2: text = 200
130.22699999999998	EXP	text_2: text = 217
130.244	EXP	text_2: text = 233
130.261	EXP	text_2: text = 250
130.278	EXP	text_2: text = 267
130.29399999999998	EXP	text_2: text = 283
130.30999999999997	EXP	text_2: text = 299
130.321	DATA	Keydown:  
130.327	EXP	text_2: text = 316
130.327	EXP	text_2: autoDraw = false
130.327	EXP	Feedback: text = 308
130.327	EXP	Feedback: autoDraw = true
131.326	EXP	Feedback: autoDraw = false
131.326	EXP	Feedback: autoDraw = false
131.326	EXP	text_3: autoDraw = true
134.065	EXP	text_3: autoDraw = false
134.065	EXP	text_3: autoDraw = false
134.065	EXP	text_2: autoDraw = true
134.065	EXP	text_2: text = 0
134.077	EXP	text_2: text = 16
134.094	EXP	text_2: text = 32
134.10899999999998	EXP	text_2: text = 48
134.12599999999998	EXP	text_2: text = 65
134.142	EXP	text_2: text = 82
134.158	EXP	text_2: text = 98
134.17499999999998	EXP	text_2: text = 115
134.194	EXP	text_2: text = 132
134.20999999999998	EXP	text_2: text = 149
134.22699999999998	EXP	text_2: text = 166
134.244	EXP	text_2: text = 182
134.261	EXP	text_2: text = 199
134.277	EXP	text_2: text = 216
134.29399999999998	EXP	text_2: text = 232
134.30999999999997	EXP	text_2: text = 248
134.327	EXP	text_2: text = 266
134.344	EXP	text_2: text = 282
134.361	EXP	text_2: text = 298
134.37699999999998	EXP	text_2: text = 315
134.39399999999998	EXP	text_2: text = 333
134.409	EXP	text_2: text = 348
134.426	EXP	text_2: text = 365
134.44199999999998	EXP	text_2: text = 381
134.456	DATA	Keydown:  
134.45899999999997	EXP	text_2: text = 398
134.45899999999997	EXP	text_2: autoDraw = false
134.45899999999997	EXP	Feedback: text = 391
134.45899999999997	EXP	Feedback: autoDraw = true
135.458	EXP	Feedback: autoDraw = false
135.458	EXP	Feedback: autoDraw = false
135.458	EXP	text_3: autoDraw = true
138.277	EXP	text_3: autoDraw = false
138.277	EXP	text_3: autoDraw = false
138.277	EXP	text_2: autoDraw = true
138.277	EXP	text_2: text = 0
138.29299999999998	EXP	text_2: text = 16
138.308	EXP	text_2: text = 32
138.326	EXP	text_2: text = 49
138.34199999999998	EXP	text_2: text = 65
138.35899999999998	EXP	text_2: text = 82
138.37599999999998	EXP	text_2: text = 99
138.393	EXP	text_2: text = 116
138.41	EXP	text_2: text = 132
138.427	EXP	text_2: text = 149
138.444	EXP	text_2: text = 166
138.45999999999998	EXP	text_2: text = 183
138.47699999999998	EXP	text_2: text = 200
138.493	EXP	text_2: text = 216
138.511	EXP	text_2: text = 233
138.527	EXP	text_2: text = 249
138.54399999999998	EXP	text_2: text = 266
138.55999999999997	EXP	text_2: text = 283
138.577	EXP	text_2: text = 299
138.594	EXP	text_2: text = 316
138.611	EXP	text_2: text = 333
138.613	DATA	Keydown:  
138.635	EXP	text_2: text = 352
138.635	EXP	text_2: autoDraw = false
138.635	EXP	Feedback: text = 336
138.635	EXP	Feedback: autoDraw = true
139.629	EXP	Feedback: autoDraw = false
139.629	EXP	Feedback: autoDraw = false
139.629	EXP	text_3: autoDraw = true
143.26299999999998	EXP	text_3: autoDraw = false
143.26299999999998	EXP	text_3: autoDraw = false
143.26299999999998	EXP	text_2: autoDraw = true
143.26299999999998	EXP	text_2: text = 0
143.277	EXP	text_2: text = 15
143.29399999999998	EXP	text_2: text = 33
143.31099999999998	EXP	text_2: text = 49
143.32799999999997	EXP	text_2: text = 65
143.345	EXP	text_2: text = 83
143.361	EXP	text_2: text = 99
143.378	EXP	text_2: text = 116
143.39399999999998	EXP	text_2: text = 132
143.411	EXP	text_2: text = 149
143.427	EXP	text_2: text = 166
143.445	EXP	text_2: text = 182
143.46099999999998	EXP	text_2: text = 199
143.47799999999998	EXP	text_2: text = 216
143.494	EXP	text_2: text = 233
143.511	EXP	text_2: text = 249
143.527	EXP	text_2: text = 266
143.54399999999998	EXP	text_2: text = 283
143.56199999999998	EXP	text_2: text = 299
143.57299999999998	DATA	Keydown:  
143.581	EXP	text_2: text = 316
143.581	EXP	text_2: autoDraw = false
143.581	EXP	Feedback: text = 310
143.581	EXP	Feedback: autoDraw = true
144.576	EXP	Feedback: autoDraw = false
144.576	EXP	Feedback: autoDraw = false
144.576	EXP	text_3: autoDraw = true
150.004	EXP	text_3: autoDraw = false
150.004	EXP	text_3: autoDraw = false
150.004	EXP	text_2: autoDraw = true
150.004	EXP	text_2: text = 0
150.011	EXP	text_2: text = 15
150.02599999999998	EXP	text_2: text = 31
150.042	EXP	text_2: text = 48
150.059	EXP	text_2: text = 64
150.076	EXP	text_2: text = 81
150.09799999999998	EXP	text_2: text = 100
150.113	EXP	text_2: text = 116
150.128	EXP	text_2: text = 131
150.14399999999998	EXP	text_2: text = 148
150.159	EXP	text_2: text = 164
150.176	EXP	text_2: text = 181
150.2	EXP	text_2: text = 200
150.21499999999997	EXP	text_2: text = 217
150.23	EXP	text_2: text = 233
150.24699999999999	EXP	text_2: text = 249
150.261	EXP	text_2: text = 265
150.277	EXP	text_2: text = 281
150.28	DATA	Keydown:  
150.295	EXP	text_2: text = 298
150.295	EXP	text_2: autoDraw = false
150.295	EXP	Feedback: text = 276
150.295	EXP	Feedback: autoDraw = true
151.29399999999998	EXP	Feedback: autoDraw = false
151.29399999999998	EXP	Feedback: autoDraw = false
151.29399999999998	EXP	text_3: autoDraw = true
159.082	EXP	text_3: autoDraw = false
159.082	EXP	text_3: autoDraw = false
159.082	EXP	text_2: autoDraw = true
159.082	EXP	text_2: text = 0
159.095	EXP	text_2: text = 15
159.112	EXP	text_2: text = 33
159.13	EXP	text_2: text = 50
159.143	EXP	text_2: text = 65
159.159	EXP	text_2: text = 81
159.17499999999998	EXP	text_2: text = 98
159.19799999999998	EXP	text_2: text = 117
159.21499999999997	EXP	text_2: text = 134
159.22699999999998	EXP	text_2: text = 148
159.244	EXP	text_2: text = 165
159.26	EXP	text_2: text = 181
159.27599999999998	EXP	text_2: text = 198
159.292	EXP	text_2: text = 214
159.30999999999997	EXP	text_2: text = 232
159.326	EXP	text_2: text = 248
159.34699999999998	EXP	text_2: text = 267
159.35199999999998	DATA	Keydown:  
159.363	EXP	text_2: text = 282
159.363	EXP	text_2: autoDraw = false
159.363	EXP	Feedback: text = 270
159.363	EXP	Feedback: autoDraw = true
160.361	EXP	Feedback: autoDraw = false
160.361	EXP	Feedback: autoDraw = false
160.361	EXP	text_3: autoDraw = true
168.082	EXP	text_3: autoDraw = false
168.082	EXP	text_3: autoDraw = false
168.082	EXP	text_2: autoDraw = true
168.082	EXP	text_2: text = 0
168.09599999999998	EXP	text_2: text = 16
168.111	EXP	text_2: text = 32
168.128	EXP	text_2: text = 49
168.14399999999998	EXP	text_2: text = 65
168.161	EXP	text_2: text = 82
168.178	EXP	text_2: text = 99
168.19199999999998	EXP	text_2: text = 114
168.21499999999997	EXP	text_2: text = 133
168.231	EXP	text_2: text = 151
168.244	EXP	text_2: text = 166
168.261	EXP	text_2: text = 183
168.278	EXP	text_2: text = 199
168.295	EXP	text_2: text = 215
168.31099999999998	EXP	text_2: text = 232
168.32799999999997	EXP	text_2: text = 249
168.344	EXP	text_2: text = 265
168.361	EXP	text_2: text = 282
168.378	EXP	text_2: text = 298
168.38	DATA	Keydown:  
168.393	EXP	text_2: text = 314
168.393	EXP	text_2: autoDraw = false
168.393	EXP	Feedback: text = 299
168.393	EXP	Feedback: autoDraw = true
169.396	EXP	Feedback: autoDraw = false
169.396	EXP	Feedback: autoDraw = false
169.396	EXP	text_3: autoDraw = true
175.265	EXP	text_3: autoDraw = false
175.265	EXP	text_3: autoDraw = false
175.265	EXP	text_2: autoDraw = true
175.265	EXP	text_2: text = 0
175.28	EXP	text_2: text = 17
175.296	EXP	text_2: text = 33
175.31099999999998	EXP	text_2: text = 49
175.327	EXP	text_2: text = 65
175.344	EXP	text_2: text = 83
175.361	EXP	text_2: text = 99
175.37699999999998	EXP	text_2: text = 115
175.39399999999998	EXP	text_2: text = 132
175.41	EXP	text_2: text = 149
175.427	EXP	text_2: text = 165
175.444	EXP	text_2: text = 182
175.45999999999998	EXP	text_2: text = 199
175.47799999999998	EXP	text_2: text = 216
175.493	EXP	text_2: text = 232
175.509	EXP	text_2: text = 248
175.52499999999998	EXP	text_2: text = 265
175.542	EXP	text_2: text = 281
175.54299999999998	DATA	Keydown:  
175.559	EXP	text_2: text = 298
175.559	EXP	text_2: autoDraw = false
175.559	EXP	Feedback: text = 278
175.559	EXP	Feedback: autoDraw = true
176.56099999999998	EXP	Feedback: autoDraw = false
176.56099999999998	EXP	Feedback: autoDraw = false
176.56099999999998	EXP	text_3: autoDraw = true
180.397	EXP	text_3: autoDraw = false
180.397	EXP	text_3: autoDraw = false
180.397	EXP	text_2: autoDraw = true
180.397	EXP	text_2: text = 0
180.411	EXP	text_2: text = 16
180.428	EXP	text_2: text = 32
180.445	EXP	text_2: text = 49
180.462	EXP	text_2: text = 65
180.47799999999998	EXP	text_2: text = 82
180.49499999999998	EXP	text_2: text = 99
180.51299999999998	EXP	text_2: text = 115
180.528	EXP	text_2: text = 133
180.545	EXP	text_2: text = 149
180.56099999999998	EXP	text_2: text = 166
180.57899999999998	EXP	text_2: text = 182
180.595	EXP	text_2: text = 199
180.60999999999999	EXP	text_2: text = 215
180.62599999999998	EXP	text_2: text = 231
180.643	EXP	text_2: text = 248
180.66	EXP	text_2: text = 264
180.676	EXP	text_2: text = 281
180.69299999999998	EXP	text_2: text = 298
180.695	DATA	Keydown:  
180.70999999999998	EXP	text_2: text = 315
180.70999999999998	EXP	text_2: autoDraw = false
180.70999999999998	EXP	Feedback: text = 298
180.70999999999998	EXP	Feedback: autoDraw = true
181.712	EXP	Feedback: autoDraw = false
181.712	EXP	Feedback: autoDraw = false
181.712	EXP	text_3: autoDraw = true
186.42999999999998	EXP	text_3: autoDraw = false
186.42999999999998	EXP	text_3: autoDraw = false
186.42999999999998	EXP	text_2: autoDraw = true
186.42999999999998	EXP	text_2: text = 0
186.445	EXP	text_2: text = 17
186.46099999999998	EXP	text_2: text = 33
186.47799999999998	EXP	text_2: text = 50
186.49499999999998	EXP	text_2: text = 66
186.511	EXP	text_2: text = 84
186.527	EXP	text_2: text = 100
186.54399999999998	EXP	text_2: text = 117
186.56099999999998	EXP	text_2: text = 133
186.57799999999997	EXP	text_2: text = 150
186.594	EXP	text_2: text = 167
186.611	EXP	text_2: text = 183
186.62699999999998	EXP	text_2: text = 200
186.64399999999998	EXP	text_2: text = 217
186.66199999999998	EXP	text_2: text = 234
186.678	EXP	text_2: text = 250
186.694	EXP	text_2: text = 266
186.71099999999998	EXP	text_2: text = 284
186.72799999999998	EXP	text_2: text = 300
186.73	DATA	Keydown:  
186.744	EXP	text_2: text = 316
186.744	EXP	text_2: autoDraw = false
186.744	EXP	Feedback: text = 301
186.744	EXP	Feedback: autoDraw = true
187.744	EXP	Feedback: autoDraw = false
187.744	EXP	Feedback: autoDraw = false
187.744	EXP	text_3: autoDraw = true
193.57999999999998	EXP	text_3: autoDraw = false
193.57999999999998	EXP	text_3: autoDraw = false
193.57999999999998	EXP	text_2: autoDraw = true
193.57999999999998	EXP	text_2: text = 0
193.595	EXP	text_2: text = 17
193.613	EXP	text_2: text = 33
193.63	EXP	text_2: text = 50
193.647	EXP	text_2: text = 67
193.664	EXP	text_2: text = 83
193.682	EXP	text_2: text = 102
193.69699999999997	EXP	text_2: text = 117
193.712	EXP	text_2: text = 133
193.73	EXP	text_2: text = 150
193.74599999999998	EXP	text_2: text = 166
193.76299999999998	EXP	text_2: text = 183
193.779	EXP	text_2: text = 200
193.797	EXP	text_2: text = 217
193.814	EXP	text_2: text = 233
193.82999999999998	EXP	text_2: text = 250
193.84699999999998	EXP	text_2: text = 267
193.86399999999998	EXP	text_2: text = 283
193.879	EXP	text_2: text = 300
193.884	DATA	Keydown:  
193.89499999999998	EXP	text_2: text = 315
193.89499999999998	EXP	text_2: autoDraw = false
193.89499999999998	EXP	Feedback: text = 304
193.89499999999998	EXP	Feedback: autoDraw = true
194.89499999999998	EXP	Feedback: autoDraw = false
194.89499999999998	EXP	Feedback: autoDraw = false
194.89499999999998	EXP	text_3: autoDraw = true
200.529	EXP	text_3: autoDraw = false
200.529	EXP	text_3: autoDraw = false
200.529	EXP	text_2: autoDraw = true
200.529	EXP	text_2: text = 0
200.545	EXP	text_2: text = 17
200.56099999999998	EXP	text_2: text = 33
200.577	EXP	text_2: text = 50
200.595	EXP	text_2: text = 66
200.611	EXP	text_2: text = 83
200.628	EXP	text_2: text = 100
200.64499999999998	EXP	text_2: text = 117
200.661	EXP	text_2: text = 133
200.678	EXP	text_2: text = 149
200.694	EXP	text_2: text = 166
200.71099999999998	EXP	text_2: text = 183
200.72799999999998	EXP	text_2: text = 200
200.744	EXP	text_2: text = 217
200.761	EXP	text_2: text = 233
200.778	EXP	text_2: text = 250
200.795	EXP	text_2: text = 266
200.80599999999998	DATA	Keydown:  
200.813	EXP	text_2: text = 283
200.813	EXP	text_2: autoDraw = false
200.813	EXP	Feedback: text = 277
200.813	EXP	Feedback: autoDraw = true
201.81199999999998	EXP	Feedback: autoDraw = false
201.81199999999998	EXP	Feedback: autoDraw = false
201.81199999999998	EXP	text_3: autoDraw = true
207.57999999999998	EXP	text_3: autoDraw = false
207.57999999999998	EXP	text_3: autoDraw = false
207.57999999999998	EXP	text_2: autoDraw = true
207.57999999999998	EXP	text_2: text = 0
207.59599999999998	EXP	text_2: text = 17
207.611	EXP	text_2: text = 33
207.62699999999998	EXP	text_2: text = 50
207.64399999999998	EXP	text_2: text = 66
207.661	EXP	text_2: text = 83
207.678	EXP	text_2: text = 100
207.695	EXP	text_2: text = 117
207.71099999999998	EXP	text_2: text = 133
207.72699999999998	EXP	text_2: text = 150
207.744	EXP	text_2: text = 167
207.761	EXP	text_2: text = 184
207.777	EXP	text_2: text = 200
207.795	EXP	text_2: text = 217
207.81099999999998	EXP	text_2: text = 233
207.827	EXP	text_2: text = 250
207.844	EXP	text_2: text = 267
207.84699999999998	DATA	Keydown:  
207.85999999999999	EXP	text_2: text = 282
207.85999999999999	EXP	text_2: autoDraw = false
207.85999999999999	EXP	Feedback: text = 267
207.85999999999999	EXP	Feedback: autoDraw = true
208.861	EXP	Feedback: autoDraw = false
208.861	EXP	Feedback: autoDraw = false
208.861	EXP	text_3: autoDraw = true
212.748	EXP	text_3: autoDraw = false
212.748	EXP	text_3: autoDraw = false
212.748	EXP	text_2: autoDraw = true
212.748	EXP	text_2: text = 0
212.76299999999998	EXP	text_2: text = 17
212.779	EXP	text_2: text = 34
212.795	EXP	text_2: text = 50
212.81199999999998	EXP	text_2: text = 67
212.82899999999998	EXP	text_2: text = 84
212.84599999999998	EXP	text_2: text = 100
212.863	EXP	text_2: text = 117
212.878	EXP	text_2: text = 133
212.89399999999998	EXP	text_2: text = 149
212.911	EXP	text_2: text = 167
212.927	EXP	text_2: text = 183
212.945	EXP	text_2: text = 199
212.96099999999998	EXP	text_2: text = 216
212.97699999999998	EXP	text_2: text = 233
212.99499999999998	EXP	text_2: text = 250
213.011	EXP	text_2: text = 267
213.028	EXP	text_2: text = 283
213.033	DATA	Keydown:  
213.04299999999998	EXP	text_2: text = 298
213.04299999999998	EXP	text_2: autoDraw = false
213.04299999999998	EXP	Feedback: text = 285
213.04299999999998	EXP	Feedback: autoDraw = true
214.045	EXP	Feedback: autoDraw = false
214.045	EXP	Feedback: autoDraw = false
214.045	EXP	text_3: autoDraw = true
216.363	EXP	text_3: autoDraw = false
216.363	EXP	text_3: autoDraw = false
216.363	EXP	text_2: autoDraw = true
216.363	EXP	text_2: text = 0
216.378	EXP	text_2: text = 17
216.39399999999998	EXP	text_2: text = 33
216.41199999999998	EXP	text_2: text = 50
216.428	EXP	text_2: text = 66
216.444	EXP	text_2: text = 83
216.46099999999998	EXP	text_2: text = 101
216.47799999999998	EXP	text_2: text = 117
216.494	EXP	text_2: text = 133
216.51	EXP	text_2: text = 150
216.527	EXP	text_2: text = 167
216.54399999999998	EXP	text_2: text = 183
216.56099999999998	EXP	text_2: text = 201
216.577	EXP	text_2: text = 217
216.594	EXP	text_2: text = 234
216.611	EXP	text_2: text = 250
216.62699999999998	EXP	text_2: text = 267
216.64399999999998	EXP	text_2: text = 283
216.661	EXP	text_2: text = 300
216.677	EXP	text_2: text = 317
216.694	EXP	text_2: text = 333
216.69799999999998	DATA	Keydown:  
216.712	EXP	text_2: text = 350
216.712	EXP	text_2: autoDraw = false
216.712	EXP	Feedback: text = 335
216.712	EXP	Feedback: autoDraw = true
217.71099999999998	EXP	Feedback: autoDraw = false
217.71099999999998	EXP	Feedback: autoDraw = false
217.71099999999998	EXP	text_3: autoDraw = true
223.964	EXP	text_3: autoDraw = false
223.964	EXP	text_3: autoDraw = false
223.964	EXP	text_2: autoDraw = true
223.964	EXP	text_2: text = 0
223.97899999999998	EXP	text_2: text = 17
223.99499999999998	EXP	text_2: text = 33
224.012	EXP	text_2: text = 51
224.028	EXP	text_2: text = 67
224.045	EXP	text_2: text = 83
224.06099999999998	EXP	text_2: text = 101
224.07899999999998	EXP	text_2: text = 117
224.094	EXP	text_2: text = 134
224.112	EXP	text_2: text = 150
224.128	EXP	text_2: text = 167
224.14499999999998	EXP	text_2: text = 184
224.161	EXP	text_2: text = 201
224.178	EXP	text_2: text = 217
224.194	EXP	text_2: text = 234
224.212	EXP	text_2: text = 250
224.224	DATA	Keydown:  
224.23	EXP	text_2: text = 267
224.23	EXP	text_2: autoDraw = false
224.23	EXP	Feedback: text = 260
224.23	EXP	Feedback: autoDraw = true
225.22799999999998	EXP	Feedback: autoDraw = false
225.22799999999998	EXP	Feedback: autoDraw = false
225.22799999999998	EXP	text_3: autoDraw = true
233.147	EXP	text_3: autoDraw = false
233.147	EXP	text_3: autoDraw = false
233.147	EXP	text_2: autoDraw = true
233.147	EXP	text_2: text = 0
233.161	EXP	text_2: text = 17
233.179	EXP	text_2: text = 33
233.195	EXP	text_2: text = 50
233.21099999999998	EXP	text_2: text = 66
233.22799999999998	EXP	text_2: text = 83
233.24499999999998	EXP	text_2: text = 100
233.261	EXP	text_2: text = 116
233.279	EXP	text_2: text = 133
233.295	EXP	text_2: text = 150
233.31199999999998	EXP	text_2: text = 167
233.32799999999997	EXP	text_2: text = 183
233.345	EXP	text_2: text = 200
233.362	EXP	text_2: text = 217
233.378	EXP	text_2: text = 233
233.39499999999998	EXP	text_2: text = 250
233.405	DATA	Keydown:  
233.409	EXP	text_2: text = 265
233.409	EXP	text_2: autoDraw = false
233.409	EXP	Feedback: text = 258
233.409	EXP	Feedback: autoDraw = true
234.41199999999998	EXP	Feedback: autoDraw = false
234.41199999999998	EXP	Feedback: autoDraw = false
234.41199999999998	EXP	text_3: autoDraw = true
242.78	EXP	text_3: autoDraw = false
242.78	EXP	text_3: autoDraw = false
242.78	EXP	text_2: autoDraw = true
242.78	EXP	text_2: text = 0
242.796	EXP	text_2: text = 17
242.813	EXP	text_2: text = 33
242.82999999999998	EXP	text_2: text = 50
242.84699999999998	EXP	text_2: text = 68
242.863	EXP	text_2: text = 84
242.88	EXP	text_2: text = 101
242.896	EXP	text_2: text = 117
242.914	EXP	text_2: text = 134
242.92999999999998	EXP	text_2: text = 150
242.94699999999997	EXP	text_2: text = 167
242.962	EXP	text_2: text = 184
242.98	EXP	text_2: text = 201
242.99599999999998	EXP	text_2: text = 217
243.01299999999998	EXP	text_2: text = 234
243.029	EXP	text_2: text = 250
243.047	EXP	text_2: text = 267
243.06199999999998	EXP	text_2: text = 284
243.07899999999998	EXP	text_2: text = 301
243.09599999999998	EXP	text_2: text = 317
243.09799999999998	DATA	Keydown:  
243.112	EXP	text_2: text = 334
243.112	EXP	text_2: autoDraw = false
243.112	EXP	Feedback: text = 318
243.112	EXP	Feedback: autoDraw = true
244.11499999999998	EXP	Feedback: autoDraw = false
244.11499999999998	EXP	Feedback: autoDraw = false
244.11499999999998	EXP	text_3: autoDraw = true
251.78099999999998	EXP	text_3: autoDraw = false
251.78099999999998	EXP	text_3: autoDraw = false
251.78099999999998	EXP	text_2: autoDraw = true
251.78099999999998	EXP	text_2: text = 0
251.795	EXP	text_2: text = 17
251.81199999999998	EXP	text_2: text = 33
251.827	EXP	text_2: text = 50
251.844	EXP	text_2: text = 66
251.861	EXP	text_2: text = 83
251.878	EXP	text_2: text = 100
251.89399999999998	EXP	text_2: text = 117
251.911	EXP	text_2: text = 133
251.927	EXP	text_2: text = 150
251.944	EXP	text_2: text = 166
251.96099999999998	EXP	text_2: text = 183
251.97699999999998	EXP	text_2: text = 200
251.994	EXP	text_2: text = 217
252.011	EXP	text_2: text = 234
252.028	EXP	text_2: text = 249
252.04399999999998	EXP	text_2: text = 267
252.052	DATA	Keydown:  
252.063	EXP	text_2: text = 283
252.063	EXP	text_2: autoDraw = false
252.063	EXP	Feedback: text = 271
252.063	EXP	Feedback: autoDraw = true
253.05999999999997	EXP	Feedback: autoDraw = false
253.05999999999997	EXP	Feedback: autoDraw = false
253.05999999999997	EXP	text_3: autoDraw = true
261.313	EXP	text_3: autoDraw = false
261.313	EXP	text_3: autoDraw = false
261.313	EXP	text_2: autoDraw = true
261.313	EXP	text_2: text = 1
261.32800000000003	EXP	text_2: text = 17
261.345	EXP	text_2: text = 33
261.361	EXP	text_2: text = 50
261.37800000000004	EXP	text_2: text = 67
261.394	EXP	text_2: text = 84
261.411	EXP	text_2: text = 100
261.428	EXP	text_2: text = 117
261.445	EXP	text_2: text = 134
261.461	EXP	text_2: text = 151
261.478	EXP	text_2: text = 167
261.495	EXP	text_2: text = 184
261.511	EXP	text_2: text = 201
261.528	EXP	text_2: text = 217
261.545	EXP	text_2: text = 234
261.562	EXP	text_2: text = 250
261.57800000000003	EXP	text_2: text = 267
261.581	DATA	Keydown:  
261.596	EXP	text_2: text = 284
261.596	EXP	text_2: autoDraw = false
261.596	EXP	Feedback: text = 268
261.596	EXP	Feedback: autoDraw = true
262.595	EXP	Feedback: autoDraw = false
262.595	EXP	Feedback: autoDraw = false
262.595	EXP	text_3: autoDraw = true
267.93	EXP	text_3: autoDraw = false
267.93	EXP	text_3: autoDraw = false
267.93	EXP	text_2: autoDraw = true
267.93	EXP	text_2: text = 0
267.944	EXP	text_2: text = 17
267.961	EXP	text_2: text = 34
267.97900000000004	EXP	text_2: text = 50
267.995	EXP	text_2: text = 66
268.012	EXP	text_2: text = 84
268.02700000000004	EXP	text_2: text = 100
268.04400000000004	EXP	text_2: text = 117
268.06100000000004	EXP	text_2: text = 133
268.07800000000003	EXP	text_2: text = 150
268.094	EXP	text_2: text = 166
268.111	EXP	text_2: text = 184
268.12800000000004	EXP	text_2: text = 200
268.144	EXP	text_2: text = 217
268.161	EXP	text_2: text = 233
268.178	EXP	text_2: text = 250
268.194	EXP	text_2: text = 266
268.211	EXP	text_2: text = 283
268.228	EXP	text_2: text = 300
268.245	EXP	text_2: text = 316
268.262	EXP	text_2: text = 333
268.278	EXP	text_2: text = 350
268.295	EXP	text_2: text = 366
268.31100000000004	EXP	text_2: text = 383
268.317	DATA	Keydown:  
268.329	EXP	text_2: text = 400
268.329	EXP	text_2: autoDraw = false
268.329	EXP	Feedback: text = 387
268.329	EXP	Feedback: autoDraw = true
269.327	EXP	Feedback: autoDraw = false
269.327	EXP	Feedback: autoDraw = false
269.327	EXP	text_3: autoDraw = true
274.11	EXP	text_3: autoDraw = false
274.11	EXP	text_3: autoDraw = false
274.11	EXP	text_2: autoDraw = true
274.11	EXP	text_2: text = 0
274.127	EXP	text_2: text = 16
274.14300000000003	EXP	text_2: text = 33
274.161	EXP	text_2: text = 50
274.177	EXP	text_2: text = 66
274.194	EXP	text_2: text = 83
274.21000000000004	EXP	text_2: text = 99
274.22700000000003	EXP	text_2: text = 116
274.244	EXP	text_2: text = 134
274.26	EXP	text_2: text = 150
274.27700000000004	EXP	text_2: text = 166
274.293	EXP	text_2: text = 183
274.31100000000004	EXP	text_2: text = 200
274.327	EXP	text_2: text = 216
274.344	EXP	text_2: text = 234
274.361	EXP	text_2: text = 250
274.37800000000004	EXP	text_2: text = 267
274.394	EXP	text_2: text = 283
274.411	EXP	text_2: text = 300
274.428	EXP	text_2: text = 317
274.444	EXP	text_2: text = 333
274.446	DATA	Keydown:  
274.461	EXP	text_2: text = 350
274.461	EXP	text_2: autoDraw = false
274.461	EXP	Feedback: text = 336
274.461	EXP	Feedback: autoDraw = true
275.459	EXP	Feedback: autoDraw = false
275.459	EXP	Feedback: autoDraw = false
275.459	EXP	text_3: autoDraw = true
281.082	EXP	text_3: autoDraw = false
281.082	EXP	text_3: autoDraw = false
281.082	EXP	text_2: autoDraw = true
281.082	EXP	text_2: text = 0
281.096	EXP	text_2: text = 16
281.113	EXP	text_2: text = 33
281.13	EXP	text_2: text = 50
281.146	EXP	text_2: text = 67
281.161	EXP	text_2: text = 83
281.178	EXP	text_2: text = 99
281.194	EXP	text_2: text = 116
281.211	EXP	text_2: text = 132
281.228	EXP	text_2: text = 150
281.24600000000004	EXP	text_2: text = 166
281.261	EXP	text_2: text = 182
281.278	EXP	text_2: text = 199
281.29400000000004	EXP	text_2: text = 216
281.312	EXP	text_2: text = 232
281.32800000000003	EXP	text_2: text = 249
281.345	EXP	text_2: text = 265
281.351	DATA	Keydown:  
281.363	EXP	text_2: text = 283
281.363	EXP	text_2: autoDraw = false
281.363	EXP	Feedback: text = 270
281.363	EXP	Feedback: autoDraw = true
282.361	EXP	Feedback: autoDraw = false
282.361	EXP	Feedback: autoDraw = false
282.361	EXP	text_3: autoDraw = true
287.547	EXP	text_3: autoDraw = false
287.547	EXP	text_3: autoDraw = false
287.547	EXP	text_2: autoDraw = true
287.547	EXP	text_2: text = 0
287.562	EXP	text_2: text = 16
287.57800000000003	EXP	text_2: text = 33
287.595	EXP	text_2: text = 49
287.612	EXP	text_2: text = 66
287.629	EXP	text_2: text = 83
287.64500000000004	EXP	text_2: text = 99
287.661	EXP	text_2: text = 116
287.678	EXP	text_2: text = 132
287.695	EXP	text_2: text = 149
287.712	EXP	text_2: text = 166
287.728	EXP	text_2: text = 182
287.745	EXP	text_2: text = 199
287.762	EXP	text_2: text = 216
287.779	EXP	text_2: text = 232
287.795	EXP	text_2: text = 249
287.812	EXP	text_2: text = 266
287.82800000000003	EXP	text_2: text = 283
287.845	EXP	text_2: text = 299
287.862	EXP	text_2: text = 316
287.867	DATA	Keydown:  
287.88	EXP	text_2: text = 332
287.88	EXP	text_2: autoDraw = false
287.88	EXP	Feedback: text = 320
287.88	EXP	Feedback: autoDraw = true
288.877	EXP	Feedback: autoDraw = false
288.877	EXP	Feedback: autoDraw = false
288.877	EXP	text_3: autoDraw = true
296.16200000000003	EXP	text_3: autoDraw = false
296.16200000000003	EXP	text_3: autoDraw = false
296.16200000000003	EXP	text_2: autoDraw = true
296.16200000000003	EXP	text_2: text = 0
296.178	EXP	text_2: text = 16
296.195	EXP	text_2: text = 33
296.212	EXP	text_2: text = 49
296.228	EXP	text_2: text = 66
296.245	EXP	text_2: text = 83
296.261	EXP	text_2: text = 100
296.278	EXP	text_2: text = 116
296.29400000000004	EXP	text_2: text = 133
296.31100000000004	EXP	text_2: text = 149
296.32800000000003	EXP	text_2: text = 166
296.345	EXP	text_2: text = 183
296.362	EXP	text_2: text = 199
296.37800000000004	EXP	text_2: text = 216
296.39500000000004	EXP	text_2: text = 233
296.411	EXP	text_2: text = 249
296.428	EXP	text_2: text = 266
296.445	EXP	text_2: text = 283
296.461	EXP	text_2: text = 299
296.478	EXP	text_2: text = 317
296.495	EXP	text_2: text = 333
296.50300000000004	DATA	Keydown:  
296.51	EXP	text_2: text = 348
296.51	EXP	text_2: autoDraw = false
296.51	EXP	Feedback: text = 341
296.51	EXP	Feedback: autoDraw = true
297.512	EXP	Feedback: autoDraw = false
297.512	EXP	Feedback: autoDraw = false
297.512	EXP	text_3: autoDraw = true
305.098	EXP	text_3: autoDraw = false
305.098	EXP	text_3: autoDraw = false
305.098	EXP	text_2: autoDraw = true
305.098	EXP	text_2: text = 0
305.112	EXP	text_2: text = 16
305.129	EXP	text_2: text = 33
305.146	EXP	text_2: text = 49
305.16200000000003	EXP	text_2: text = 66
305.17900000000003	EXP	text_2: text = 83
305.196	EXP	text_2: text = 100
305.213	EXP	text_2: text = 116
305.23	EXP	text_2: text = 133
305.244	EXP	text_2: text = 148
305.259	EXP	text_2: text = 165
305.276	EXP	text_2: text = 181
305.298	EXP	text_2: text = 201
305.315	EXP	text_2: text = 217
305.329	EXP	text_2: text = 233
305.344	EXP	text_2: text = 248
305.361	EXP	text_2: text = 265
305.375	DATA	Keydown:  
305.38	EXP	text_2: text = 282
305.38	EXP	text_2: autoDraw = false
305.38	EXP	Feedback: text = 277
305.38	EXP	Feedback: autoDraw = true
306.37800000000004	EXP	Feedback: autoDraw = false
306.37800000000004	EXP	Feedback: autoDraw = false
306.37800000000004	EXP	text_3: autoDraw = true
312.89500000000004	EXP	text_3: autoDraw = false
312.89500000000004	EXP	text_3: autoDraw = false
312.89500000000004	EXP	text_2: autoDraw = true
312.89500000000004	EXP	text_2: text = 0
312.911	EXP	text_2: text = 17
312.927	EXP	text_2: text = 34
312.944	EXP	text_2: text = 51
312.96000000000004	EXP	text_2: text = 67
312.97700000000003	EXP	text_2: text = 84
312.994	EXP	text_2: text = 101
313.011	EXP	text_2: text = 117
313.02700000000004	EXP	text_2: text = 134
313.04400000000004	EXP	text_2: text = 151
313.06	EXP	text_2: text = 168
313.077	EXP	text_2: text = 184
313.095	EXP	text_2: text = 200
313.112	EXP	text_2: text = 217
313.12800000000004	EXP	text_2: text = 234
313.139	DATA	Keydown:  
313.144	EXP	text_2: text = 251
313.144	EXP	text_2: autoDraw = false
313.144	EXP	Feedback: text = 244
313.144	EXP	Feedback: autoDraw = true
314.14500000000004	EXP	Feedback: autoDraw = false
314.14500000000004	EXP	Feedback: autoDraw = false
314.14500000000004	EXP	text_3: autoDraw = true
319.66400000000004	EXP	text_3: autoDraw = false
319.66400000000004	EXP	text_3: autoDraw = false
319.66400000000004	EXP	text_2: autoDraw = true
319.66400000000004	EXP	text_2: text = 0
319.67900000000003	EXP	text_2: text = 17
319.695	EXP	text_2: text = 33
319.712	EXP	text_2: text = 50
319.728	EXP	text_2: text = 66
319.745	EXP	text_2: text = 83
319.762	EXP	text_2: text = 100
319.781	EXP	text_2: text = 117
319.79400000000004	EXP	text_2: text = 132
319.81	EXP	text_2: text = 149
319.827	EXP	text_2: text = 165
319.843	EXP	text_2: text = 182
319.86	EXP	text_2: text = 199
319.877	EXP	text_2: text = 215
319.89300000000003	EXP	text_2: text = 232
319.911	EXP	text_2: text = 249
319.92600000000004	EXP	text_2: text = 266
319.944	EXP	text_2: text = 282
319.94800000000004	DATA	Keydown:  
319.962	EXP	text_2: text = 299
319.962	EXP	text_2: autoDraw = false
319.962	EXP	Feedback: text = 284
319.962	EXP	Feedback: autoDraw = true
320.962	EXP	Feedback: autoDraw = false
320.962	EXP	Feedback: autoDraw = false
320.962	EXP	text_3: autoDraw = true
330.247	EXP	text_3: autoDraw = false
330.247	EXP	text_3: autoDraw = false
330.247	EXP	text_2: autoDraw = true
330.247	EXP	text_2: text = 0
330.262	EXP	text_2: text = 16
330.278	EXP	text_2: text = 32
330.295	EXP	text_2: text = 50
330.312	EXP	text_2: text = 66
330.329	EXP	text_2: text = 83
330.345	EXP	text_2: text = 99
330.362	EXP	text_2: text = 116
330.379	EXP	text_2: text = 132
330.39500000000004	EXP	text_2: text = 149
330.411	EXP	text_2: text = 165
330.427	EXP	text_2: text = 182
330.442	EXP	text_2: text = 198
330.459	EXP	text_2: text = 214
330.476	EXP	text_2: text = 231
330.492	EXP	text_2: text = 248
330.51	EXP	text_2: text = 265
330.52700000000004	EXP	text_2: text = 281
330.528	DATA	Keydown:  
330.543	EXP	text_2: text = 298
330.543	EXP	text_2: autoDraw = false
330.543	EXP	Feedback: text = 281
330.543	EXP	Feedback: autoDraw = true
331.567	EXP	Feedback: autoDraw = false
331.567	EXP	Feedback: autoDraw = false
331.567	EXP	End_text: autoDraw = true
