0.04300000000000015	EXP	Created Window = Window( name=Window, fullscr=true, color=#000000, units=height, waitBlanking=true, autoLog=true, size=[1440,747] )
1.644	DATA	Keydown: Shift
1.7700000000000002	DATA	Keydown: K
1.953	DATA	Keydown: L
2.2249999999999996	DATA	Keydown: 1
2.3419999999999996	DATA	Keydown: 2
2.5919999999999996	DATA	Keydown: 3
2.926	DATA	Keydown: 4
3.4539999999999997	DATA	Keydown: 5
4.292	DATA	Keydown: Backspace
4.502	DATA	Keydown: Backspace
4.99	DATA	Keydown: 8
5.069	DATA	Keydown: 9
8.384	EXP	Created text = TextStim( name=text, win=Window( name=Window, fullscr=true, color=#000000, ~), autoDraw=null, autoLog=true, units=height, ori=null, opacity=1, pos=[0,0], size=undefined, text=INSTRUCTIONS [EN]


A counter will appear and star~, font=Arial, color=#FFFFFF, contrast=1, height=0.03, bold=null, italic=null, alignHoriz=left, alignVert=center, wrapWidth=1, flipHoriz=null, flipVert=null )
8.386	EXP	Created text_3 = TextStim( name=text_3, win=Window( name=Window, fullscr=true, color=#000000, ~), autoDraw=null, autoLog=true, units=height, ori=null, opacity=1, pos=[0,0], size=undefined, text=null, font=Arial, color=#FFFFFF, contrast=1, height=0.1, bold=null, italic=null, alignHoriz=left, alignVert=center, wrapWidth=1, flipHoriz=null, flipVert=null )
8.389	EXP	Created text_2 = TextStim( name=text_2, win=Window( name=Window, fullscr=true, color=#000000, ~), autoDraw=null, autoLog=true, units=height, ori=null, opacity=1, pos=[0,0], size=undefined, text=default text, font=Arial, color=#ff0000, contrast=1, height=0.15, bold=null, italic=null, alignHoriz=left, alignVert=center, wrapWidth=1, flipHoriz=null, flipVert=null )
8.392	EXP	Created Feedback = TextStim( name=Feedback, win=Window( name=Window, fullscr=true, color=#000000, ~), autoDraw=null, autoLog=true, units=height, ori=null, opacity=1, pos=[0,0], size=undefined, text=default text, font=Arial, color=#ff0000, contrast=1, height=0.15, bold=null, italic=null, alignHoriz=left, alignVert=center, wrapWidth=1, flipHoriz=null, flipVert=null )
8.393	EXP	Created End_text = TextStim( name=End_text, win=Window( name=Window, fullscr=true, color=#000000, ~), autoDraw=null, autoLog=true, units=height, ori=null, opacity=1, pos=[0,0], size=undefined, text=This study aimed to look at procedural learning, i~, font=Arial, color=#FFFFFF, contrast=1, height=0.025, bold=null, italic=null, alignHoriz=left, alignVert=center, wrapWidth=1, flipHoriz=null, flipVert=null )
8.436	EXP	text: units = "height"
8.436	EXP	text: ori = 0
8.436	EXP	text: opacity = 1
8.436	EXP	text: pos = [0,0]
8.436	EXP	text: size = undefined
8.436	EXP	text: text = "INSTRUCTIONS [EN]\n\n\nA counter will appear and start counting at random times, press SPACE as fast as possible when it appears.\n\n\nPress SPACE to start\n\n-------\n\nInstruções [PT]\n\n\nUm cronómetro vai aparecer e começar a contar aleatoriamente, pressione a tecla SPACE assim que ele aparecer.\n\n\nPressiona SPACE para começar."
8.436	EXP	text: font = "Arial"
8.436	EXP	text: color = {"_hex":"#FFFFFF","_rgb":[1,1,1]}
8.436	EXP	text: contrast = 1
8.436	EXP	text: height = 0.03
8.436	EXP	text: bold = false
8.436	EXP	text: italic = false
8.436	EXP	text: alignHoriz = "left"
8.436	EXP	text: alignVert = "center"
8.436	EXP	text: wrapWidth = 1
8.436	EXP	text: flipHoriz = false
8.436	EXP	text: flipVert = false
8.436	EXP	text_3: units = "height"
8.436	EXP	text_3: ori = 0
8.436	EXP	text_3: opacity = 1
8.436	EXP	text_3: pos = [0,0]
8.436	EXP	text_3: size = undefined
8.436	EXP	text_3: text = ""
8.436	EXP	text_3: font = "Arial"
8.436	EXP	text_3: color = {"_hex":"#FFFFFF","_rgb":[1,1,1]}
8.436	EXP	text_3: contrast = 1
8.436	EXP	text_3: height = 0.1
8.436	EXP	text_3: bold = false
8.436	EXP	text_3: italic = false
8.436	EXP	text_3: alignHoriz = "left"
8.436	EXP	text_3: alignVert = "center"
8.436	EXP	text_3: wrapWidth = 1
8.436	EXP	text_3: flipHoriz = false
8.436	EXP	text_3: flipVert = false
8.436	EXP	text_2: units = "height"
8.436	EXP	text_2: ori = 0
8.436	EXP	text_2: opacity = 1
8.436	EXP	text_2: pos = [0,0]
8.436	EXP	text_2: size = undefined
8.436	EXP	text_2: text = "default text"
8.436	EXP	text_2: font = "Arial"
8.436	EXP	text_2: color = {"_rgb":[1,0,0]}
8.436	EXP	text_2: contrast = 1
8.436	EXP	text_2: height = 0.15
8.436	EXP	text_2: bold = false
8.436	EXP	text_2: italic = false
8.436	EXP	text_2: alignHoriz = "left"
8.436	EXP	text_2: alignVert = "center"
8.436	EXP	text_2: wrapWidth = 1
8.436	EXP	text_2: flipHoriz = false
8.436	EXP	text_2: flipVert = false
8.436	EXP	Feedback: units = "height"
8.436	EXP	Feedback: ori = 0
8.436	EXP	Feedback: opacity = 1
8.436	EXP	Feedback: pos = [0,0]
8.436	EXP	Feedback: size = undefined
8.436	EXP	Feedback: text = "default text"
8.436	EXP	Feedback: font = "Arial"
8.436	EXP	Feedback: color = {"_rgb":[1,0,0]}
8.436	EXP	Feedback: contrast = 1
8.436	EXP	Feedback: height = 0.15
8.436	EXP	Feedback: bold = false
8.436	EXP	Feedback: italic = false
8.436	EXP	Feedback: alignHoriz = "left"
8.436	EXP	Feedback: alignVert = "center"
8.436	EXP	Feedback: wrapWidth = 1
8.436	EXP	Feedback: flipHoriz = false
8.436	EXP	Feedback: flipVert = false
8.436	EXP	End_text: units = "height"
8.436	EXP	End_text: ori = 0
8.436	EXP	End_text: opacity = 1
8.436	EXP	End_text: pos = [0,0]
8.436	EXP	End_text: size = undefined
8.436	EXP	End_text: text = "This study aimed to look at procedural learning, i.e. our ability to extract patterns from the input that we are constantly receiving. This skill is thought to be essential for language and literacy acquisition and has been suggested as a possible underlying difficult in children with Language Impairments and Dyslexia. This study aims to improve the measures of procedural learning (the smiley face task) so that we can measure procedural learning more reliably and, in the future, analyse the performance of individuals with learning impairments.\nThank you for participating!\n\n----\n\nEste estudo tem como objectivo analisar a nossa capacidade de extrair padrões da informação que estamos constantemente a receber. Pensa-se que esta competência é essencial para a aquisição da linguagem e literacia e foi sugerido que dificuldades neste tipo de competências poderá estar relacionado com perturbações da linguagem e Dislexia. Este estudo tem como objectivo melhorar a estabilidade das medidas usadas para medir este tipo de memória (a tarefa da cara sorridente) de forma a poder medir de forma mais precisa e, no futuro, analisar a performance de indivíduos com perturbações da aprendizagem. \nMuito obrigada por ter participado!"
8.436	EXP	End_text: font = "Arial"
8.436	EXP	End_text: color = {"_hex":"#FFFFFF","_rgb":[1,1,1]}
8.436	EXP	End_text: contrast = 1
8.436	EXP	End_text: height = 0.025
8.436	EXP	End_text: bold = false
8.436	EXP	End_text: italic = false
8.436	EXP	End_text: alignHoriz = "left"
8.436	EXP	End_text: alignVert = "center"
8.436	EXP	End_text: wrapWidth = 1
8.436	EXP	End_text: flipHoriz = false
8.436	EXP	End_text: flipVert = false
8.436	EXP	text: autoDraw = true
12.809	DATA	Keydown:  
12.828	EXP	text: autoDraw = false
12.828	EXP	text_3: autoDraw = true
19.929	EXP	text_3: autoDraw = false
19.929	EXP	text_3: autoDraw = false
19.929	EXP	text_2: autoDraw = true
19.929	EXP	text_2: text = 0
19.939	EXP	text_2: text = 20
19.968	EXP	text_2: text = 49
19.988	EXP	text_2: text = 67
20.003	EXP	text_2: text = 83
20.02	EXP	text_2: text = 100
20.037	EXP	text_2: text = 116
20.054	EXP	text_2: text = 133
20.071	EXP	text_2: text = 150
20.086	EXP	text_2: text = 165
20.104	EXP	text_2: text = 183
20.12	EXP	text_2: text = 200
20.137	EXP	text_2: text = 216
20.153	EXP	text_2: text = 233
20.169999999999998	EXP	text_2: text = 250
20.187	EXP	text_2: text = 266
20.203	EXP	text_2: text = 282
20.22	EXP	text_2: text = 299
20.236	EXP	text_2: text = 316
20.255	EXP	text_2: text = 333
20.257	DATA	Keydown:  
20.271	EXP	text_2: text = 349
20.271	EXP	text_2: autoDraw = false
20.271	EXP	Feedback: text = 328
20.271	EXP	Feedback: autoDraw = true
21.271	EXP	Feedback: autoDraw = false
21.271	EXP	Feedback: autoDraw = false
21.271	EXP	text_3: autoDraw = true
27.156	EXP	text_3: autoDraw = false
27.156	EXP	text_3: autoDraw = false
27.156	EXP	text_2: autoDraw = true
27.156	EXP	text_2: text = 0
27.172	EXP	text_2: text = 16
27.186	EXP	text_2: text = 32
27.205	EXP	text_2: text = 49
27.221	EXP	text_2: text = 65
27.237	EXP	text_2: text = 82
27.253	EXP	text_2: text = 99
27.27	EXP	text_2: text = 116
27.288	EXP	text_2: text = 133
27.304	EXP	text_2: text = 149
27.32	EXP	text_2: text = 165
27.338	EXP	text_2: text = 183
27.354	EXP	text_2: text = 199
27.37	EXP	text_2: text = 215
27.386	EXP	text_2: text = 231
27.404	EXP	text_2: text = 249
27.41	DATA	Keydown:  
27.419999999999998	EXP	text_2: text = 265
27.419999999999998	EXP	text_2: autoDraw = false
27.419999999999998	EXP	Feedback: text = 254
27.419999999999998	EXP	Feedback: autoDraw = true
28.419999999999998	EXP	Feedback: autoDraw = false
28.419999999999998	EXP	Feedback: autoDraw = false
28.419999999999998	EXP	text_3: autoDraw = true
34.023	EXP	text_3: autoDraw = false
34.023	EXP	text_3: autoDraw = false
34.023	EXP	text_2: autoDraw = true
34.023	EXP	text_2: text = 0
34.036	EXP	text_2: text = 15
34.054	EXP	text_2: text = 33
34.07	EXP	text_2: text = 49
34.087	EXP	text_2: text = 66
34.103	EXP	text_2: text = 82
34.121	EXP	text_2: text = 99
34.137	EXP	text_2: text = 117
34.154	EXP	text_2: text = 133
34.17	EXP	text_2: text = 149
34.187000000000005	EXP	text_2: text = 167
34.205000000000005	EXP	text_2: text = 183
34.220000000000006	EXP	text_2: text = 200
34.236000000000004	EXP	text_2: text = 216
34.253	EXP	text_2: text = 233
34.271	EXP	text_2: text = 250
34.287000000000006	EXP	text_2: text = 266
34.293000000000006	DATA	Keydown:  
34.303000000000004	EXP	text_2: text = 281
34.303000000000004	EXP	text_2: autoDraw = false
34.303000000000004	EXP	Feedback: text = 270
34.303000000000004	EXP	Feedback: autoDraw = true
35.30500000000001	EXP	Feedback: autoDraw = false
35.30500000000001	EXP	Feedback: autoDraw = false
35.30500000000001	EXP	text_3: autoDraw = true
42.388000000000005	EXP	text_3: autoDraw = false
42.388000000000005	EXP	text_3: autoDraw = false
42.388000000000005	EXP	text_2: autoDraw = true
42.388000000000005	EXP	text_2: text = 0
42.404	EXP	text_2: text = 17
42.42	EXP	text_2: text = 33
42.436	EXP	text_2: text = 49
42.454	EXP	text_2: text = 67
42.470000000000006	EXP	text_2: text = 83
42.48800000000001	EXP	text_2: text = 100
42.503	EXP	text_2: text = 116
42.521	EXP	text_2: text = 133
42.538000000000004	EXP	text_2: text = 150
42.553000000000004	EXP	text_2: text = 167
42.57	EXP	text_2: text = 183
42.587	EXP	text_2: text = 200
42.604000000000006	EXP	text_2: text = 217
42.621	EXP	text_2: text = 234
42.636	EXP	text_2: text = 250
42.655	EXP	text_2: text = 267
42.656000000000006	DATA	Keydown:  
42.67100000000001	EXP	text_2: text = 284
42.67100000000001	EXP	text_2: autoDraw = false
42.67100000000001	EXP	Feedback: text = 268
42.67100000000001	EXP	Feedback: autoDraw = true
43.669000000000004	EXP	Feedback: autoDraw = false
43.669000000000004	EXP	Feedback: autoDraw = false
43.669000000000004	EXP	text_3: autoDraw = true
47.522000000000006	EXP	text_3: autoDraw = false
47.522000000000006	EXP	text_3: autoDraw = false
47.522000000000006	EXP	text_2: autoDraw = true
47.522000000000006	EXP	text_2: text = 0
47.536	EXP	text_2: text = 16
47.554	EXP	text_2: text = 33
47.57	EXP	text_2: text = 50
47.586000000000006	EXP	text_2: text = 66
47.603	EXP	text_2: text = 82
47.620000000000005	EXP	text_2: text = 99
47.637	EXP	text_2: text = 116
47.654	EXP	text_2: text = 133
47.669000000000004	EXP	text_2: text = 148
47.687000000000005	EXP	text_2: text = 166
47.704	EXP	text_2: text = 183
47.720000000000006	EXP	text_2: text = 199
47.736000000000004	EXP	text_2: text = 216
47.753	EXP	text_2: text = 231
47.774	EXP	text_2: text = 249
47.787000000000006	EXP	text_2: text = 265
47.80800000000001	EXP	text_2: text = 282
47.82	EXP	text_2: text = 299
47.842000000000006	EXP	text_2: text = 316
47.854000000000006	EXP	text_2: text = 333
47.870000000000005	EXP	text_2: text = 349
47.887	EXP	text_2: text = 365
47.904	EXP	text_2: text = 383
47.905	DATA	Keydown:  
47.92	EXP	text_2: text = 399
47.92	EXP	text_2: autoDraw = false
47.92	EXP	Feedback: text = 383
47.92	EXP	Feedback: autoDraw = true
48.92100000000001	EXP	Feedback: autoDraw = false
48.92100000000001	EXP	Feedback: autoDraw = false
48.92100000000001	EXP	text_3: autoDraw = true
57.288000000000004	EXP	text_3: autoDraw = false
57.288000000000004	EXP	text_3: autoDraw = false
57.288000000000004	EXP	text_2: autoDraw = true
57.288000000000004	EXP	text_2: text = 0
57.303000000000004	EXP	text_2: text = 16
57.319	EXP	text_2: text = 32
57.336000000000006	EXP	text_2: text = 49
57.354000000000006	EXP	text_2: text = 66
57.370000000000005	EXP	text_2: text = 82
57.386	EXP	text_2: text = 100
57.404	EXP	text_2: text = 116
57.42	EXP	text_2: text = 134
57.436	EXP	text_2: text = 150
57.454	EXP	text_2: text = 166
57.470000000000006	EXP	text_2: text = 183
57.486000000000004	EXP	text_2: text = 200
57.503	EXP	text_2: text = 216
57.521	EXP	text_2: text = 234
57.537000000000006	EXP	text_2: text = 250
57.554	EXP	text_2: text = 266
57.55800000000001	DATA	Keydown:  
57.57	EXP	text_2: text = 283
57.57	EXP	text_2: autoDraw = false
57.57	EXP	Feedback: text = 270
57.57	EXP	Feedback: autoDraw = true
58.57	EXP	Feedback: autoDraw = false
58.57	EXP	Feedback: autoDraw = false
58.57	EXP	text_3: autoDraw = true
62.620000000000005	EXP	text_3: autoDraw = false
62.620000000000005	EXP	text_3: autoDraw = false
62.620000000000005	EXP	text_2: autoDraw = true
62.620000000000005	EXP	text_2: text = 0
62.637	EXP	text_2: text = 17
62.653000000000006	EXP	text_2: text = 34
62.67	EXP	text_2: text = 50
62.68600000000001	EXP	text_2: text = 67
62.70400000000001	EXP	text_2: text = 84
62.721000000000004	EXP	text_2: text = 100
62.736000000000004	EXP	text_2: text = 116
62.754000000000005	EXP	text_2: text = 134
62.771	EXP	text_2: text = 150
62.787000000000006	EXP	text_2: text = 167
62.80200000000001	EXP	text_2: text = 183
62.821	EXP	text_2: text = 200
62.83800000000001	EXP	text_2: text = 217
62.852000000000004	EXP	text_2: text = 232
62.870000000000005	EXP	text_2: text = 250
62.887	EXP	text_2: text = 266
62.903000000000006	EXP	text_2: text = 283
62.919	EXP	text_2: text = 299
62.937	EXP	text_2: text = 317
62.952	EXP	text_2: text = 333
62.959	DATA	Keydown:  
62.96900000000001	EXP	text_2: text = 349
62.96900000000001	EXP	text_2: autoDraw = false
62.96900000000001	EXP	Feedback: text = 339
62.96900000000001	EXP	Feedback: autoDraw = true
63.97	EXP	Feedback: autoDraw = false
63.97	EXP	Feedback: autoDraw = false
63.97	EXP	text_3: autoDraw = true
70.771	EXP	text_3: autoDraw = false
70.771	EXP	text_3: autoDraw = false
70.771	EXP	text_2: autoDraw = true
70.771	EXP	text_2: text = 0
70.787	EXP	text_2: text = 16
70.803	EXP	text_2: text = 31
70.82000000000001	EXP	text_2: text = 49
70.837	EXP	text_2: text = 66
70.85300000000001	EXP	text_2: text = 82
70.869	EXP	text_2: text = 98
70.88600000000001	EXP	text_2: text = 116
70.904	EXP	text_2: text = 133
70.92	EXP	text_2: text = 150
70.936	EXP	text_2: text = 164
70.953	EXP	text_2: text = 182
70.971	EXP	text_2: text = 200
70.986	EXP	text_2: text = 215
71.00200000000001	EXP	text_2: text = 232
71.02000000000001	EXP	text_2: text = 250
71.037	EXP	text_2: text = 266
71.038	DATA	Keydown:  
71.052	EXP	text_2: text = 282
71.052	EXP	text_2: autoDraw = false
71.052	EXP	Feedback: text = 268
71.052	EXP	Feedback: autoDraw = true
72.054	EXP	Feedback: autoDraw = false
72.054	EXP	Feedback: autoDraw = false
72.054	EXP	text_3: autoDraw = true
78.73700000000001	EXP	text_3: autoDraw = false
78.73700000000001	EXP	text_3: autoDraw = false
78.73700000000001	EXP	text_2: autoDraw = true
78.73700000000001	EXP	text_2: text = 0
78.753	EXP	text_2: text = 18
78.769	EXP	text_2: text = 34
78.786	EXP	text_2: text = 50
78.803	EXP	text_2: text = 68
78.819	EXP	text_2: text = 83
78.837	EXP	text_2: text = 101
78.854	EXP	text_2: text = 117
78.87	EXP	text_2: text = 134
78.88600000000001	EXP	text_2: text = 149
78.903	EXP	text_2: text = 167
78.921	EXP	text_2: text = 184
78.936	EXP	text_2: text = 201
78.953	EXP	text_2: text = 217
78.97	EXP	text_2: text = 234
78.98700000000001	EXP	text_2: text = 250
78.988	DATA	Keydown:  
79.003	EXP	text_2: text = 268
79.003	EXP	text_2: autoDraw = false
79.003	EXP	Feedback: text = 252
79.003	EXP	Feedback: autoDraw = true
80.003	EXP	Feedback: autoDraw = false
80.003	EXP	Feedback: autoDraw = false
80.003	EXP	text_3: autoDraw = true
83.018	EXP	text_3: autoDraw = false
83.018	EXP	text_3: autoDraw = false
83.018	EXP	text_2: autoDraw = true
83.018	EXP	text_2: text = 0
83.036	EXP	text_2: text = 16
83.053	EXP	text_2: text = 34
83.07000000000001	EXP	text_2: text = 50
83.08500000000001	EXP	text_2: text = 67
83.10300000000001	EXP	text_2: text = 84
83.119	EXP	text_2: text = 100
83.13600000000001	EXP	text_2: text = 118
83.152	EXP	text_2: text = 134
83.169	EXP	text_2: text = 151
83.187	EXP	text_2: text = 168
83.203	EXP	text_2: text = 183
83.221	EXP	text_2: text = 201
83.23700000000001	EXP	text_2: text = 217
83.254	EXP	text_2: text = 234
83.27000000000001	EXP	text_2: text = 251
83.286	EXP	text_2: text = 267
83.303	EXP	text_2: text = 285
83.32000000000001	EXP	text_2: text = 301
83.337	EXP	text_2: text = 316
83.33800000000001	DATA	Keydown:  
83.352	EXP	text_2: text = 333
83.352	EXP	text_2: autoDraw = false
83.352	EXP	Feedback: text = 320
83.352	EXP	Feedback: autoDraw = true
84.35300000000001	EXP	Feedback: autoDraw = false
84.35300000000001	EXP	Feedback: autoDraw = false
84.35300000000001	EXP	text_3: autoDraw = true
86.453	EXP	text_3: autoDraw = false
86.453	EXP	text_3: autoDraw = false
86.453	EXP	text_2: autoDraw = true
86.453	EXP	text_2: text = 0
86.47	EXP	text_2: text = 17
86.486	EXP	text_2: text = 34
86.503	EXP	text_2: text = 50
86.519	EXP	text_2: text = 66
86.537	EXP	text_2: text = 84
86.553	EXP	text_2: text = 100
86.57000000000001	EXP	text_2: text = 117
86.586	EXP	text_2: text = 133
86.60300000000001	EXP	text_2: text = 150
86.62	EXP	text_2: text = 167
86.63600000000001	EXP	text_2: text = 183
86.652	EXP	text_2: text = 199
86.67	EXP	text_2: text = 218
86.687	EXP	text_2: text = 233
86.703	EXP	text_2: text = 250
86.71900000000001	EXP	text_2: text = 266
86.73700000000001	EXP	text_2: text = 283
86.74300000000001	DATA	Keydown:  
86.75200000000001	EXP	text_2: text = 299
86.75200000000001	EXP	text_2: autoDraw = false
86.75200000000001	EXP	Feedback: text = 290
86.75200000000001	EXP	Feedback: autoDraw = true
87.75200000000001	EXP	Feedback: autoDraw = false
87.75200000000001	EXP	Feedback: autoDraw = false
87.75200000000001	EXP	text_3: autoDraw = true
90.203	EXP	text_3: autoDraw = false
90.203	EXP	text_3: autoDraw = false
90.203	EXP	text_2: autoDraw = true
90.203	EXP	text_2: text = 0
90.22	EXP	text_2: text = 17
90.236	EXP	text_2: text = 33
90.253	EXP	text_2: text = 49
90.269	EXP	text_2: text = 66
90.287	EXP	text_2: text = 84
90.303	EXP	text_2: text = 101
90.32000000000001	EXP	text_2: text = 117
90.336	EXP	text_2: text = 133
90.354	EXP	text_2: text = 151
90.37	EXP	text_2: text = 167
90.385	EXP	text_2: text = 182
90.402	EXP	text_2: text = 200
90.42	EXP	text_2: text = 217
90.437	EXP	text_2: text = 234
90.456	EXP	text_2: text = 249
90.47	EXP	text_2: text = 267
90.491	EXP	text_2: text = 283
90.503	EXP	text_2: text = 300
90.52300000000001	EXP	text_2: text = 316
90.525	DATA	Keydown:  
90.536	EXP	text_2: text = 333
90.536	EXP	text_2: autoDraw = false
90.536	EXP	Feedback: text = 322
90.536	EXP	Feedback: autoDraw = true
91.536	EXP	Feedback: autoDraw = false
91.536	EXP	Feedback: autoDraw = false
91.536	EXP	text_3: autoDraw = true
94.653	DATA	Keydown:  
98.287	EXP	text_3: autoDraw = false
98.287	EXP	text_3: autoDraw = false
98.287	EXP	text_2: autoDraw = true
98.287	EXP	text_2: text = 0
98.303	EXP	text_2: text = 17
98.32000000000001	EXP	text_2: text = 34
98.33500000000001	EXP	text_2: text = 49
98.35300000000001	EXP	text_2: text = 67
98.37	EXP	text_2: text = 84
98.38600000000001	EXP	text_2: text = 101
98.402	EXP	text_2: text = 116
98.42	EXP	text_2: text = 133
98.437	EXP	text_2: text = 150
98.453	EXP	text_2: text = 167
98.46900000000001	EXP	text_2: text = 183
98.486	EXP	text_2: text = 200
98.503	EXP	text_2: text = 217
98.52000000000001	EXP	text_2: text = 233
98.536	EXP	text_2: text = 249
98.553	EXP	text_2: text = 267
98.569	EXP	text_2: text = 283
98.571	DATA	Keydown:  
98.58500000000001	EXP	text_2: text = 300
98.58500000000001	EXP	text_2: autoDraw = false
98.58500000000001	EXP	Feedback: text = 284
98.58500000000001	EXP	Feedback: autoDraw = true
99.586	EXP	Feedback: autoDraw = false
99.586	EXP	Feedback: autoDraw = false
99.586	EXP	text_3: autoDraw = true
106.053	EXP	text_3: autoDraw = false
106.053	EXP	text_3: autoDraw = false
106.053	EXP	text_2: autoDraw = true
106.053	EXP	text_2: text = 0
106.07000000000001	EXP	text_2: text = 16
106.087	EXP	text_2: text = 33
106.102	EXP	text_2: text = 50
106.12	EXP	text_2: text = 67
106.135	EXP	text_2: text = 83
106.152	EXP	text_2: text = 98
106.168	EXP	text_2: text = 116
106.186	EXP	text_2: text = 134
106.202	EXP	text_2: text = 149
106.21900000000001	EXP	text_2: text = 165
106.236	EXP	text_2: text = 183
106.25200000000001	EXP	text_2: text = 199
106.269	EXP	text_2: text = 217
106.285	EXP	text_2: text = 232
106.287	DATA	Keydown:  
106.302	EXP	text_2: text = 249
106.302	EXP	text_2: autoDraw = false
106.302	EXP	Feedback: text = 234
106.302	EXP	Feedback: autoDraw = true
107.302	EXP	Feedback: autoDraw = false
107.302	EXP	Feedback: autoDraw = false
107.302	EXP	text_3: autoDraw = true
114.601	EXP	text_3: autoDraw = false
114.601	EXP	text_3: autoDraw = false
114.601	EXP	text_2: autoDraw = true
114.601	EXP	text_2: text = 0
114.619	EXP	text_2: text = 18
114.635	EXP	text_2: text = 34
114.652	EXP	text_2: text = 50
114.67	EXP	text_2: text = 68
114.685	EXP	text_2: text = 83
114.702	EXP	text_2: text = 100
114.72	EXP	text_2: text = 118
114.73700000000001	EXP	text_2: text = 134
114.75200000000001	EXP	text_2: text = 150
114.769	EXP	text_2: text = 166
114.787	EXP	text_2: text = 185
114.802	EXP	text_2: text = 200
114.818	EXP	text_2: text = 217
114.836	EXP	text_2: text = 234
114.83800000000001	DATA	Keydown:  
114.851	EXP	text_2: text = 250
114.851	EXP	text_2: autoDraw = false
114.851	EXP	Feedback: text = 237
114.851	EXP	Feedback: autoDraw = true
115.852	EXP	Feedback: autoDraw = false
115.852	EXP	Feedback: autoDraw = false
115.852	EXP	text_3: autoDraw = true
124.803	EXP	text_3: autoDraw = false
124.803	EXP	text_3: autoDraw = false
124.803	EXP	text_2: autoDraw = true
124.803	EXP	text_2: text = 0
124.82000000000001	EXP	text_2: text = 16
124.83500000000001	EXP	text_2: text = 32
124.852	EXP	text_2: text = 49
124.87	EXP	text_2: text = 66
124.88600000000001	EXP	text_2: text = 82
124.902	EXP	text_2: text = 99
124.918	EXP	text_2: text = 116
124.936	EXP	text_2: text = 133
124.952	EXP	text_2: text = 148
124.968	EXP	text_2: text = 166
124.986	EXP	text_2: text = 183
125.003	EXP	text_2: text = 200
125.019	EXP	text_2: text = 217
125.035	EXP	text_2: text = 232
125.038	DATA	Keydown:  
125.053	EXP	text_2: text = 250
125.053	EXP	text_2: autoDraw = false
125.053	EXP	Feedback: text = 235
125.053	EXP	Feedback: autoDraw = true
126.052	EXP	Feedback: autoDraw = false
126.052	EXP	Feedback: autoDraw = false
126.052	EXP	text_3: autoDraw = true
128.862	EXP	text_3: autoDraw = false
128.862	EXP	text_3: autoDraw = false
128.862	EXP	text_2: autoDraw = true
128.862	EXP	text_2: text = 0
128.886	EXP	text_2: text = 23
128.90200000000002	EXP	text_2: text = 39
128.919	EXP	text_2: text = 56
128.936	EXP	text_2: text = 74
128.952	EXP	text_2: text = 89
128.968	EXP	text_2: text = 106
128.986	EXP	text_2: text = 123
129.002	EXP	text_2: text = 139
129.02	EXP	text_2: text = 157
129.035	EXP	text_2: text = 172
129.052	EXP	text_2: text = 189
129.07	EXP	text_2: text = 207
129.086	EXP	text_2: text = 224
129.102	EXP	text_2: text = 239
129.119	EXP	text_2: text = 257
129.135	EXP	text_2: text = 272
129.157	EXP	text_2: text = 289
129.168	EXP	text_2: text = 306
129.191	EXP	text_2: text = 323
129.202	EXP	text_2: text = 340
129.223	EXP	text_2: text = 356
129.224	DATA	Keydown:  
129.235	EXP	text_2: text = 372
129.235	EXP	text_2: autoDraw = false
129.235	EXP	Feedback: text = 362
129.235	EXP	Feedback: autoDraw = true
130.236	EXP	Feedback: autoDraw = false
130.236	EXP	Feedback: autoDraw = false
130.236	EXP	text_3: autoDraw = true
133.086	EXP	text_3: autoDraw = false
133.086	EXP	text_3: autoDraw = false
133.086	EXP	text_2: autoDraw = true
133.086	EXP	text_2: text = 0
133.103	EXP	text_2: text = 17
133.118	EXP	text_2: text = 33
133.136	EXP	text_2: text = 50
133.153	EXP	text_2: text = 67
133.168	EXP	text_2: text = 83
133.185	EXP	text_2: text = 99
133.203	EXP	text_2: text = 117
133.218	EXP	text_2: text = 132
133.235	EXP	text_2: text = 149
133.252	EXP	text_2: text = 166
133.269	EXP	text_2: text = 183
133.285	EXP	text_2: text = 200
133.302	EXP	text_2: text = 216
133.31900000000002	EXP	text_2: text = 233
133.336	EXP	text_2: text = 250
133.353	EXP	text_2: text = 267
133.368	EXP	text_2: text = 282
133.373	DATA	Keydown:  
133.386	EXP	text_2: text = 300
133.386	EXP	text_2: autoDraw = false
133.386	EXP	Feedback: text = 287
133.386	EXP	Feedback: autoDraw = true
134.386	EXP	Feedback: autoDraw = false
134.386	EXP	Feedback: autoDraw = false
134.386	EXP	text_3: autoDraw = true
139.452	EXP	text_3: autoDraw = false
139.452	EXP	text_3: autoDraw = false
139.452	EXP	text_2: autoDraw = true
139.452	EXP	text_2: text = 0
139.468	EXP	text_2: text = 16
139.485	EXP	text_2: text = 33
139.501	EXP	text_2: text = 49
139.519	EXP	text_2: text = 67
139.536	EXP	text_2: text = 84
139.552	EXP	text_2: text = 100
139.568	EXP	text_2: text = 117
139.586	EXP	text_2: text = 134
139.602	EXP	text_2: text = 150
139.619	EXP	text_2: text = 167
139.63400000000001	EXP	text_2: text = 183
139.65200000000002	EXP	text_2: text = 200
139.669	EXP	text_2: text = 217
139.686	EXP	text_2: text = 234
139.701	EXP	text_2: text = 249
139.718	EXP	text_2: text = 267
139.725	DATA	Keydown:  
139.737	EXP	text_2: text = 285
139.737	EXP	text_2: autoDraw = false
139.737	EXP	Feedback: text = 273
139.737	EXP	Feedback: autoDraw = true
140.735	EXP	Feedback: autoDraw = false
140.735	EXP	Feedback: autoDraw = false
140.735	EXP	text_3: autoDraw = true
143.619	EXP	text_3: autoDraw = false
143.619	EXP	text_3: autoDraw = false
143.619	EXP	text_2: autoDraw = true
143.619	EXP	text_2: text = 0
143.635	EXP	text_2: text = 16
143.65200000000002	EXP	text_2: text = 32
143.67000000000002	EXP	text_2: text = 49
143.686	EXP	text_2: text = 66
143.702	EXP	text_2: text = 82
143.719	EXP	text_2: text = 99
143.736	EXP	text_2: text = 116
143.752	EXP	text_2: text = 132
143.768	EXP	text_2: text = 148
143.786	EXP	text_2: text = 166
143.803	EXP	text_2: text = 183
143.82	EXP	text_2: text = 200
143.835	EXP	text_2: text = 215
143.853	EXP	text_2: text = 232
143.87	EXP	text_2: text = 249
143.886	EXP	text_2: text = 266
143.90200000000002	EXP	text_2: text = 281
143.919	EXP	text_2: text = 299
143.935	EXP	text_2: text = 315
143.952	EXP	text_2: text = 331
143.954	DATA	Keydown:  
143.968	EXP	text_2: text = 348
143.968	EXP	text_2: autoDraw = false
143.968	EXP	Feedback: text = 335
143.968	EXP	Feedback: autoDraw = true
144.968	EXP	Feedback: autoDraw = false
144.968	EXP	Feedback: autoDraw = false
144.968	EXP	text_3: autoDraw = true
148.935	EXP	text_3: autoDraw = false
148.935	EXP	text_3: autoDraw = false
148.935	EXP	text_2: autoDraw = true
148.935	EXP	text_2: text = 0
148.952	EXP	text_2: text = 17
148.969	EXP	text_2: text = 34
148.985	EXP	text_2: text = 51
149.002	EXP	text_2: text = 67
149.018	EXP	text_2: text = 83
149.036	EXP	text_2: text = 101
149.053	EXP	text_2: text = 117
149.068	EXP	text_2: text = 133
149.086	EXP	text_2: text = 150
149.102	EXP	text_2: text = 168
149.118	EXP	text_2: text = 184
149.135	EXP	text_2: text = 199
149.15200000000002	EXP	text_2: text = 217
149.17000000000002	EXP	text_2: text = 234
149.187	EXP	text_2: text = 251
149.18800000000002	DATA	Keydown:  
149.201	EXP	text_2: text = 267
149.201	EXP	text_2: autoDraw = false
149.201	EXP	Feedback: text = 253
149.201	EXP	Feedback: autoDraw = true
150.203	EXP	Feedback: autoDraw = false
150.203	EXP	Feedback: autoDraw = false
150.203	EXP	text_3: autoDraw = true
155.969	EXP	text_3: autoDraw = false
155.969	EXP	text_3: autoDraw = false
155.969	EXP	text_2: autoDraw = true
155.969	EXP	text_2: text = 0
155.985	EXP	text_2: text = 16
156.00300000000001	EXP	text_2: text = 33
156.017	EXP	text_2: text = 49
156.036	EXP	text_2: text = 67
156.05100000000002	EXP	text_2: text = 82
156.07	EXP	text_2: text = 100
156.086	EXP	text_2: text = 116
156.102	EXP	text_2: text = 133
156.118	EXP	text_2: text = 149
156.135	EXP	text_2: text = 166
156.153	EXP	text_2: text = 184
156.168	EXP	text_2: text = 200
156.185	EXP	text_2: text = 216
156.203	EXP	text_2: text = 233
156.219	EXP	text_2: text = 250
156.236	EXP	text_2: text = 267
156.252	EXP	text_2: text = 282
156.255	DATA	Keydown:  
156.269	EXP	text_2: text = 301
156.269	EXP	text_2: autoDraw = false
156.269	EXP	Feedback: text = 286
156.269	EXP	Feedback: autoDraw = true
157.269	EXP	Feedback: autoDraw = false
157.269	EXP	Feedback: autoDraw = false
157.269	EXP	text_3: autoDraw = true
165.035	DATA	Keydown:  
166.068	EXP	text_3: autoDraw = false
166.068	EXP	text_3: autoDraw = false
166.068	EXP	text_2: autoDraw = true
166.068	EXP	text_2: text = 0
166.086	EXP	text_2: text = 17
166.102	EXP	text_2: text = 34
166.119	EXP	text_2: text = 51
166.135	EXP	text_2: text = 67
166.15200000000002	EXP	text_2: text = 84
166.169	EXP	text_2: text = 101
166.185	EXP	text_2: text = 118
166.201	EXP	text_2: text = 133
166.219	EXP	text_2: text = 151
166.236	EXP	text_2: text = 168
166.252	EXP	text_2: text = 184
166.268	EXP	text_2: text = 200
166.285	EXP	text_2: text = 218
166.302	EXP	text_2: text = 235
166.31900000000002	EXP	text_2: text = 251
166.335	EXP	text_2: text = 267
166.351	EXP	text_2: text = 283
166.353	DATA	Keydown:  
166.369	EXP	text_2: text = 301
166.369	EXP	text_2: autoDraw = false
166.369	EXP	Feedback: text = 285
166.369	EXP	Feedback: autoDraw = true
167.368	EXP	Feedback: autoDraw = false
167.368	EXP	Feedback: autoDraw = false
167.368	EXP	text_3: autoDraw = true
173.452	EXP	text_3: autoDraw = false
173.452	EXP	text_3: autoDraw = false
173.452	EXP	text_2: autoDraw = true
173.452	EXP	text_2: text = 0
173.469	EXP	text_2: text = 17
173.485	EXP	text_2: text = 33
173.501	EXP	text_2: text = 49
173.519	EXP	text_2: text = 67
173.535	EXP	text_2: text = 84
173.552	EXP	text_2: text = 100
173.568	EXP	text_2: text = 116
173.585	EXP	text_2: text = 133
173.603	EXP	text_2: text = 150
173.619	EXP	text_2: text = 167
173.635	EXP	text_2: text = 183
173.653	EXP	text_2: text = 200
173.669	EXP	text_2: text = 217
173.685	EXP	text_2: text = 233
173.701	EXP	text_2: text = 250
173.718	EXP	text_2: text = 266
173.736	EXP	text_2: text = 283
173.751	EXP	text_2: text = 299
173.75300000000001	DATA	Keydown:  
173.769	EXP	text_2: text = 317
173.769	EXP	text_2: autoDraw = false
173.769	EXP	Feedback: text = 301
173.769	EXP	Feedback: autoDraw = true
174.768	EXP	Feedback: autoDraw = false
174.768	EXP	Feedback: autoDraw = false
174.768	EXP	text_3: autoDraw = true
178.602	EXP	text_3: autoDraw = false
178.602	EXP	text_3: autoDraw = false
178.602	EXP	text_2: autoDraw = true
178.602	EXP	text_2: text = 0
178.619	EXP	text_2: text = 16
178.636	EXP	text_2: text = 33
178.65200000000002	EXP	text_2: text = 50
178.668	EXP	text_2: text = 66
178.685	EXP	text_2: text = 83
178.702	EXP	text_2: text = 100
178.719	EXP	text_2: text = 117
178.735	EXP	text_2: text = 133
178.751	EXP	text_2: text = 149
178.768	EXP	text_2: text = 166
178.786	EXP	text_2: text = 184
178.80100000000002	EXP	text_2: text = 199
178.81900000000002	EXP	text_2: text = 217
178.836	EXP	text_2: text = 234
178.851	EXP	text_2: text = 249
178.868	EXP	text_2: text = 266
178.885	EXP	text_2: text = 282
178.901	EXP	text_2: text = 299
178.918	EXP	text_2: text = 316
178.934	EXP	text_2: text = 333
178.953	EXP	text_2: text = 351
178.954	DATA	Keydown:  
178.969	EXP	text_2: text = 367
178.969	EXP	text_2: autoDraw = false
178.969	EXP	Feedback: text = 353
178.969	EXP	Feedback: autoDraw = true
179.969	EXP	Feedback: autoDraw = false
179.969	EXP	Feedback: autoDraw = false
179.969	EXP	text_3: autoDraw = true
185.869	EXP	text_3: autoDraw = false
185.869	EXP	text_3: autoDraw = false
185.869	EXP	text_2: autoDraw = true
185.869	EXP	text_2: text = 0
185.885	EXP	text_2: text = 16
185.9	EXP	text_2: text = 32
185.918	EXP	text_2: text = 50
185.935	EXP	text_2: text = 65
185.951	EXP	text_2: text = 82
185.968	EXP	text_2: text = 99
185.985	EXP	text_2: text = 116
186.001	EXP	text_2: text = 132
186.018	EXP	text_2: text = 149
186.034	EXP	text_2: text = 166
186.05100000000002	EXP	text_2: text = 182
186.06900000000002	EXP	text_2: text = 199
186.086	EXP	text_2: text = 215
186.101	EXP	text_2: text = 232
186.118	EXP	text_2: text = 249
186.121	DATA	Keydown:  
186.138	EXP	text_2: text = 270
186.138	EXP	text_2: autoDraw = false
186.138	EXP	Feedback: text = 252
186.138	EXP	Feedback: autoDraw = true
187.13400000000001	EXP	Feedback: autoDraw = false
187.13400000000001	EXP	Feedback: autoDraw = false
187.13400000000001	EXP	text_3: autoDraw = true
193.502	EXP	text_3: autoDraw = false
193.502	EXP	text_3: autoDraw = false
193.502	EXP	text_2: autoDraw = true
193.502	EXP	text_2: text = 0
193.518	EXP	text_2: text = 17
193.534	EXP	text_2: text = 34
193.55100000000002	EXP	text_2: text = 50
193.56900000000002	EXP	text_2: text = 67
193.585	EXP	text_2: text = 84
193.601	EXP	text_2: text = 100
193.619	EXP	text_2: text = 118
193.635	EXP	text_2: text = 134
193.651	EXP	text_2: text = 150
193.668	EXP	text_2: text = 167
193.685	EXP	text_2: text = 185
193.701	EXP	text_2: text = 199
193.719	EXP	text_2: text = 218
193.734	EXP	text_2: text = 233
193.738	DATA	Keydown:  
193.751	EXP	text_2: text = 250
193.751	EXP	text_2: autoDraw = false
193.751	EXP	Feedback: text = 236
193.751	EXP	Feedback: autoDraw = true
194.75	EXP	Feedback: autoDraw = false
194.75	EXP	Feedback: autoDraw = false
194.75	EXP	text_3: autoDraw = true
200.486	EXP	text_3: autoDraw = false
200.486	EXP	text_3: autoDraw = false
200.486	EXP	text_2: autoDraw = true
200.486	EXP	text_2: text = 0
200.501	EXP	text_2: text = 16
200.518	EXP	text_2: text = 32
200.535	EXP	text_2: text = 51
200.55	EXP	text_2: text = 66
200.568	EXP	text_2: text = 84
200.584	EXP	text_2: text = 99
200.602	EXP	text_2: text = 116
200.618	EXP	text_2: text = 133
200.635	EXP	text_2: text = 150
200.651	EXP	text_2: text = 166
200.669	EXP	text_2: text = 183
200.685	EXP	text_2: text = 200
200.701	EXP	text_2: text = 216
200.717	EXP	text_2: text = 233
200.734	EXP	text_2: text = 249
200.751	EXP	text_2: text = 266
200.754	DATA	Keydown:  
200.767	EXP	text_2: text = 282
200.767	EXP	text_2: autoDraw = false
200.767	EXP	Feedback: text = 268
200.767	EXP	Feedback: autoDraw = true
201.768	EXP	Feedback: autoDraw = false
201.768	EXP	Feedback: autoDraw = false
201.768	EXP	text_3: autoDraw = true
207.75	EXP	text_3: autoDraw = false
207.75	EXP	text_3: autoDraw = false
207.75	EXP	text_2: autoDraw = true
207.75	EXP	text_2: text = 0
207.768	EXP	text_2: text = 17
207.785	EXP	text_2: text = 34
207.8	EXP	text_2: text = 49
207.817	EXP	text_2: text = 67
207.835	EXP	text_2: text = 83
207.85	EXP	text_2: text = 100
207.868	EXP	text_2: text = 117
207.88400000000001	EXP	text_2: text = 134
207.901	EXP	text_2: text = 150
207.919	EXP	text_2: text = 168
207.935	EXP	text_2: text = 184
207.951	EXP	text_2: text = 200
207.968	EXP	text_2: text = 218
207.985	EXP	text_2: text = 234
208.002	EXP	text_2: text = 250
208.017	EXP	text_2: text = 267
208.034	EXP	text_2: text = 283
208.035	DATA	Keydown:  
208.05100000000002	EXP	text_2: text = 300
208.05100000000002	EXP	text_2: autoDraw = false
208.05100000000002	EXP	Feedback: text = 285
208.05100000000002	EXP	Feedback: autoDraw = true
209.05100000000002	EXP	Feedback: autoDraw = false
209.05100000000002	EXP	Feedback: autoDraw = false
209.05100000000002	EXP	text_3: autoDraw = true
211.101	EXP	text_3: autoDraw = false
211.101	EXP	text_3: autoDraw = false
211.101	EXP	text_2: autoDraw = true
211.101	EXP	text_2: text = 0
211.117	EXP	text_2: text = 16
211.135	EXP	text_2: text = 34
211.15	EXP	text_2: text = 50
211.169	EXP	text_2: text = 67
211.185	EXP	text_2: text = 83
211.20000000000002	EXP	text_2: text = 100
211.218	EXP	text_2: text = 117
211.235	EXP	text_2: text = 133
211.25	EXP	text_2: text = 150
211.268	EXP	text_2: text = 168
211.285	EXP	text_2: text = 184
211.30100000000002	EXP	text_2: text = 199
211.317	EXP	text_2: text = 217
211.335	EXP	text_2: text = 234
211.35	EXP	text_2: text = 250
211.367	EXP	text_2: text = 266
211.385	EXP	text_2: text = 283
211.4	EXP	text_2: text = 299
211.418	EXP	text_2: text = 317
211.434	EXP	text_2: text = 333
211.451	EXP	text_2: text = 351
211.467	EXP	text_2: text = 367
211.484	EXP	text_2: text = 384
211.501	EXP	text_2: text = 400
211.50300000000001	DATA	Keydown:  
211.518	EXP	text_2: text = 417
211.518	EXP	text_2: autoDraw = false
211.518	EXP	Feedback: text = 402
211.518	EXP	Feedback: autoDraw = true
212.518	EXP	Feedback: autoDraw = false
212.518	EXP	Feedback: autoDraw = false
212.518	EXP	text_3: autoDraw = true
222.239	EXP	text_3: autoDraw = false
222.239	EXP	text_3: autoDraw = false
222.239	EXP	text_2: autoDraw = true
222.239	EXP	text_2: text = 0
222.251	EXP	text_2: text = 18
222.268	EXP	text_2: text = 34
222.285	EXP	text_2: text = 51
222.305	EXP	text_2: text = 67
222.31900000000002	EXP	text_2: text = 84
222.335	EXP	text_2: text = 101
222.356	EXP	text_2: text = 117
222.369	EXP	text_2: text = 136
222.38400000000001	EXP	text_2: text = 151
222.401	EXP	text_2: text = 167
222.417	EXP	text_2: text = 183
222.434	EXP	text_2: text = 200
222.451	EXP	text_2: text = 217
222.468	EXP	text_2: text = 234
222.485	EXP	text_2: text = 250
222.486	DATA	Keydown:  
222.501	EXP	text_2: text = 267
222.501	EXP	text_2: autoDraw = false
222.501	EXP	Feedback: text = 247
222.501	EXP	Feedback: autoDraw = true
223.501	EXP	Feedback: autoDraw = false
223.501	EXP	Feedback: autoDraw = false
223.501	EXP	text_3: autoDraw = true
227.55100000000002	EXP	text_3: autoDraw = false
227.55100000000002	EXP	text_3: autoDraw = false
227.55100000000002	EXP	text_2: autoDraw = true
227.55100000000002	EXP	text_2: text = 0
227.568	EXP	text_2: text = 17
227.585	EXP	text_2: text = 33
227.601	EXP	text_2: text = 50
227.619	EXP	text_2: text = 67
227.63400000000001	EXP	text_2: text = 84
227.65	EXP	text_2: text = 100
227.667	EXP	text_2: text = 116
227.684	EXP	text_2: text = 132
227.701	EXP	text_2: text = 150
227.717	EXP	text_2: text = 166
227.734	EXP	text_2: text = 184
227.751	EXP	text_2: text = 200
227.768	EXP	text_2: text = 217
227.78300000000002	EXP	text_2: text = 233
227.80100000000002	EXP	text_2: text = 250
227.818	EXP	text_2: text = 267
227.835	EXP	text_2: text = 284
227.836	DATA	Keydown:  
227.851	EXP	text_2: text = 300
227.851	EXP	text_2: autoDraw = false
227.851	EXP	Feedback: text = 285
227.851	EXP	Feedback: autoDraw = true
228.851	EXP	Feedback: autoDraw = false
228.851	EXP	Feedback: autoDraw = false
228.851	EXP	text_3: autoDraw = true
238.785	EXP	text_3: autoDraw = false
238.785	EXP	text_3: autoDraw = false
238.785	EXP	text_2: autoDraw = true
238.785	EXP	text_2: text = 0
238.80100000000002	EXP	text_2: text = 17
238.818	EXP	text_2: text = 34
238.834	EXP	text_2: text = 50
238.851	EXP	text_2: text = 67
238.868	EXP	text_2: text = 84
238.88400000000001	EXP	text_2: text = 100
238.901	EXP	text_2: text = 117
238.917	EXP	text_2: text = 134
238.934	EXP	text_2: text = 151
238.951	EXP	text_2: text = 167
238.966	EXP	text_2: text = 183
238.984	EXP	text_2: text = 200
239.001	EXP	text_2: text = 217
239.018	EXP	text_2: text = 233
239.02	DATA	Keydown:  
239.03300000000002	EXP	text_2: text = 250
239.03300000000002	EXP	text_2: autoDraw = false
239.03300000000002	EXP	Feedback: text = 235
239.03300000000002	EXP	Feedback: autoDraw = true
240.035	EXP	Feedback: autoDraw = false
240.035	EXP	Feedback: autoDraw = false
240.035	EXP	text_3: autoDraw = true
247.718	EXP	text_3: autoDraw = false
247.718	EXP	text_3: autoDraw = false
247.718	EXP	text_2: autoDraw = true
247.718	EXP	text_2: text = 0
247.735	EXP	text_2: text = 17
247.751	EXP	text_2: text = 33
247.767	EXP	text_2: text = 49
247.784	EXP	text_2: text = 67
247.80100000000002	EXP	text_2: text = 83
247.816	EXP	text_2: text = 99
247.834	EXP	text_2: text = 115
247.85	EXP	text_2: text = 133
247.868	EXP	text_2: text = 150
247.88400000000001	EXP	text_2: text = 165
247.9	EXP	text_2: text = 182
247.917	EXP	text_2: text = 199
247.934	EXP	text_2: text = 216
247.951	EXP	text_2: text = 233
247.967	EXP	text_2: text = 249
247.974	DATA	Keydown:  
247.984	EXP	text_2: text = 266
247.984	EXP	text_2: autoDraw = false
247.984	EXP	Feedback: text = 256
247.984	EXP	Feedback: autoDraw = true
248.984	EXP	Feedback: autoDraw = false
248.984	EXP	Feedback: autoDraw = false
248.984	EXP	text_3: autoDraw = true
257.56699999999995	EXP	text_3: autoDraw = false
257.56699999999995	EXP	text_3: autoDraw = false
257.56699999999995	EXP	text_2: autoDraw = true
257.56699999999995	EXP	text_2: text = 0
257.584	EXP	text_2: text = 15
257.59999999999997	EXP	text_2: text = 32
257.618	EXP	text_2: text = 50
257.63399999999996	EXP	text_2: text = 66
257.65	EXP	text_2: text = 82
257.667	EXP	text_2: text = 99
257.68399999999997	EXP	text_2: text = 116
257.70099999999996	EXP	text_2: text = 133
257.717	EXP	text_2: text = 149
257.73499999999996	EXP	text_2: text = 167
257.751	EXP	text_2: text = 183
257.76599999999996	EXP	text_2: text = 198
257.784	EXP	text_2: text = 216
257.801	EXP	text_2: text = 233
257.81699999999995	EXP	text_2: text = 250
257.834	EXP	text_2: text = 265
257.84999999999997	EXP	text_2: text = 283
257.868	EXP	text_2: text = 299
257.885	EXP	text_2: text = 316
257.887	DATA	Keydown:  
257.899	EXP	text_2: text = 332
257.899	EXP	text_2: autoDraw = false
257.899	EXP	Feedback: text = 320
257.899	EXP	Feedback: autoDraw = true
258.902	EXP	Feedback: autoDraw = false
258.902	EXP	Feedback: autoDraw = false
258.902	EXP	text_3: autoDraw = true
265.65	EXP	text_3: autoDraw = false
265.65	EXP	text_3: autoDraw = false
265.65	EXP	text_2: autoDraw = true
265.65	EXP	text_2: text = 0
265.673	EXP	text_2: text = 24
265.70099999999996	EXP	text_2: text = 51
265.71599999999995	EXP	text_2: text = 66
265.73299999999995	EXP	text_2: text = 84
265.751	EXP	text_2: text = 102
265.768	EXP	text_2: text = 118
265.78299999999996	EXP	text_2: text = 133
265.801	EXP	text_2: text = 150
265.81699999999995	EXP	text_2: text = 167
265.834	EXP	text_2: text = 184
265.84999999999997	EXP	text_2: text = 200
265.86699999999996	EXP	text_2: text = 217
265.88399999999996	EXP	text_2: text = 234
265.90099999999995	EXP	text_2: text = 251
265.916	EXP	text_2: text = 266
265.92199999999997	DATA	Keydown:  
265.93399999999997	EXP	text_2: text = 284
265.93399999999997	EXP	text_2: autoDraw = false
265.93399999999997	EXP	Feedback: text = 272
265.93399999999997	EXP	Feedback: autoDraw = true
266.93399999999997	EXP	Feedback: autoDraw = false
266.93399999999997	EXP	Feedback: autoDraw = false
266.93399999999997	EXP	text_3: autoDraw = true
276.467	EXP	text_3: autoDraw = false
276.467	EXP	text_3: autoDraw = false
276.467	EXP	text_2: autoDraw = true
276.467	EXP	text_2: text = 0
276.484	EXP	text_2: text = 17
276.501	EXP	text_2: text = 34
276.51599999999996	EXP	text_2: text = 49
276.534	EXP	text_2: text = 67
276.551	EXP	text_2: text = 83
276.568	EXP	text_2: text = 101
276.584	EXP	text_2: text = 116
276.59999999999997	EXP	text_2: text = 134
276.616	EXP	text_2: text = 150
276.63399999999996	EXP	text_2: text = 167
276.65	EXP	text_2: text = 183
276.66799999999995	EXP	text_2: text = 200
276.68399999999997	EXP	text_2: text = 217
276.7	EXP	text_2: text = 234
276.71799999999996	EXP	text_2: text = 250
276.71999999999997	DATA	Keydown:  
276.734	EXP	text_2: text = 267
276.734	EXP	text_2: autoDraw = false
276.734	EXP	Feedback: text = 253
276.734	EXP	Feedback: autoDraw = true
277.73499999999996	EXP	Feedback: autoDraw = false
277.73499999999996	EXP	Feedback: autoDraw = false
277.73499999999996	EXP	text_3: autoDraw = true
286.59999999999997	EXP	text_3: autoDraw = false
286.59999999999997	EXP	text_3: autoDraw = false
286.59999999999997	EXP	text_2: autoDraw = true
286.59999999999997	EXP	text_2: text = 0
286.618	EXP	text_2: text = 18
286.63399999999996	EXP	text_2: text = 34
286.65	EXP	text_2: text = 50
286.667	EXP	text_2: text = 67
286.68399999999997	EXP	text_2: text = 84
286.7	EXP	text_2: text = 101
286.71799999999996	EXP	text_2: text = 117
286.73299999999995	EXP	text_2: text = 133
286.751	EXP	text_2: text = 150
286.767	EXP	text_2: text = 167
286.78299999999996	EXP	text_2: text = 183
286.78999999999996	DATA	Keydown:  
286.801	EXP	text_2: text = 200
286.801	EXP	text_2: autoDraw = false
286.801	EXP	Feedback: text = 190
286.801	EXP	Feedback: autoDraw = true
287.79999999999995	EXP	Feedback: autoDraw = false
287.79999999999995	EXP	Feedback: autoDraw = false
287.79999999999995	EXP	text_3: autoDraw = true
292.81699999999995	EXP	text_3: autoDraw = false
292.81699999999995	EXP	text_3: autoDraw = false
292.81699999999995	EXP	text_2: autoDraw = true
292.81699999999995	EXP	text_2: text = 0
292.834	EXP	text_2: text = 17
292.84999999999997	EXP	text_2: text = 34
292.86699999999996	EXP	text_2: text = 49
292.883	EXP	text_2: text = 66
292.899	EXP	text_2: text = 83
292.916	EXP	text_2: text = 99
292.93199999999996	EXP	text_2: text = 116
292.95	EXP	text_2: text = 134
292.972	EXP	text_2: text = 150
292.984	EXP	text_2: text = 167
293.00399999999996	EXP	text_2: text = 183
293.01599999999996	EXP	text_2: text = 199
293.034	EXP	text_2: text = 216
293.053	EXP	text_2: text = 237
293.066	EXP	text_2: text = 250
293.08299999999997	EXP	text_2: text = 265
293.101	EXP	text_2: text = 283
293.116	EXP	text_2: text = 300
293.133	EXP	text_2: text = 315
293.135	DATA	Keydown:  
293.15099999999995	EXP	text_2: text = 333
293.15099999999995	EXP	text_2: autoDraw = false
293.15099999999995	EXP	Feedback: text = 318
293.15099999999995	EXP	Feedback: autoDraw = true
294.15	EXP	Feedback: autoDraw = false
294.15	EXP	Feedback: autoDraw = false
294.15	EXP	text_3: autoDraw = true
302.01599999999996	EXP	text_3: autoDraw = false
302.01599999999996	EXP	text_3: autoDraw = false
302.01599999999996	EXP	text_2: autoDraw = true
302.01599999999996	EXP	text_2: text = 0
302.034	EXP	text_2: text = 16
302.049	EXP	text_2: text = 33
302.066	EXP	text_2: text = 50
302.084	EXP	text_2: text = 67
302.099	EXP	text_2: text = 82
302.11699999999996	EXP	text_2: text = 99
302.13399999999996	EXP	text_2: text = 117
302.15	EXP	text_2: text = 133
302.166	EXP	text_2: text = 149
302.183	EXP	text_2: text = 165
302.2	EXP	text_2: text = 183
302.217	EXP	text_2: text = 200
302.23299999999995	EXP	text_2: text = 215
302.25	EXP	text_2: text = 233
302.267	EXP	text_2: text = 250
302.28299999999996	EXP	text_2: text = 267
302.29999999999995	EXP	text_2: text = 283
302.30199999999996	DATA	Keydown:  
302.316	EXP	text_2: text = 299
302.316	EXP	text_2: autoDraw = false
302.316	EXP	Feedback: text = 286
302.316	EXP	Feedback: autoDraw = true
303.316	EXP	Feedback: autoDraw = false
303.316	EXP	Feedback: autoDraw = false
303.316	EXP	text_3: autoDraw = true
306.15099999999995	EXP	text_3: autoDraw = false
306.15099999999995	EXP	text_3: autoDraw = false
306.15099999999995	EXP	text_2: autoDraw = true
306.15099999999995	EXP	text_2: text = 0
306.167	EXP	text_2: text = 16
306.18199999999996	EXP	text_2: text = 32
306.20099999999996	EXP	text_2: text = 49
306.217	EXP	text_2: text = 66
306.234	EXP	text_2: text = 82
306.24899999999997	EXP	text_2: text = 98
306.267	EXP	text_2: text = 116
306.28299999999996	EXP	text_2: text = 133
306.29999999999995	EXP	text_2: text = 150
306.318	EXP	text_2: text = 166
306.334	EXP	text_2: text = 183
306.351	EXP	text_2: text = 199
306.366	EXP	text_2: text = 215
306.38399999999996	EXP	text_2: text = 232
306.4	EXP	text_2: text = 248
306.417	EXP	text_2: text = 266
306.433	EXP	text_2: text = 282
306.45	EXP	text_2: text = 299
306.467	EXP	text_2: text = 316
306.484	EXP	text_2: text = 332
306.49899999999997	EXP	text_2: text = 349
306.517	EXP	text_2: text = 366
306.534	EXP	text_2: text = 383
306.551	EXP	text_2: text = 399
306.566	EXP	text_2: text = 415
306.573	DATA	Keydown:  
306.58299999999997	EXP	text_2: text = 433
306.58299999999997	EXP	text_2: autoDraw = false
306.58299999999997	EXP	Feedback: text = 422
306.58299999999997	EXP	Feedback: autoDraw = true
307.584	EXP	Feedback: autoDraw = false
307.584	EXP	Feedback: autoDraw = false
307.584	EXP	text_3: autoDraw = true
312.16799999999995	DATA	Keydown:  
315.15	EXP	text_3: autoDraw = false
315.15	EXP	text_3: autoDraw = false
315.15	EXP	text_2: autoDraw = true
315.15	EXP	text_2: text = 0
315.166	EXP	text_2: text = 17
315.18399999999997	EXP	text_2: text = 33
315.2	EXP	text_2: text = 50
315.217	EXP	text_2: text = 66
315.23299999999995	EXP	text_2: text = 83
315.251	EXP	text_2: text = 100
315.267	EXP	text_2: text = 117
315.28299999999996	EXP	text_2: text = 133
315.299	EXP	text_2: text = 150
315.316	EXP	text_2: text = 166
315.334	EXP	text_2: text = 184
315.349	EXP	text_2: text = 199
315.366	EXP	text_2: text = 216
315.383	EXP	text_2: text = 233
315.4	EXP	text_2: text = 250
315.416	EXP	text_2: text = 266
315.433	EXP	text_2: text = 284
315.43699999999995	DATA	Keydown:  
315.45	EXP	text_2: text = 300
315.45	EXP	text_2: autoDraw = false
315.45	EXP	Feedback: text = 287
315.45	EXP	Feedback: autoDraw = true
316.476	EXP	Feedback: autoDraw = false
316.476	EXP	Feedback: autoDraw = false
316.476	EXP	End_text: autoDraw = true
