1.3890000000000002	EXP	Created Window = Window( name=Window, fullscr=true, color=#000000, units=height, waitBlanking=true, autoLog=true, size=[1366,654] )
3.6239999999999997	DATA	Keydown: CapsLock
3.7310000000000008	DATA	Keydown: A
3.9639999999999995	DATA	Keydown: R
4.132000000000001	DATA	Keydown: T
5.349000000000001	DATA	Keydown: 8
5.643	DATA	Keydown: 6
6.044	DATA	Keydown: 4
6.1659999999999995	DATA	Keydown: 3
8.039000000000001	EXP	Created text = TextStim( name=text, win=Window( name=Window, fullscr=true, color=#000000, ~), autoDraw=null, autoLog=true, units=height, ori=null, opacity=1, pos=[0,0], size=undefined, text=INSTRUCTIONS [EN]


A counter will appear and star~, font=Arial, color=#FFFFFF, contrast=1, height=0.03, bold=null, italic=null, alignHoriz=left, alignVert=center, wrapWidth=1, flipHoriz=null, flipVert=null )
8.041	EXP	Created text_3 = TextStim( name=text_3, win=Window( name=Window, fullscr=true, color=#000000, ~), autoDraw=null, autoLog=true, units=height, ori=null, opacity=1, pos=[0,0], size=undefined, text=null, font=Arial, color=#FFFFFF, contrast=1, height=0.1, bold=null, italic=null, alignHoriz=left, alignVert=center, wrapWidth=1, flipHoriz=null, flipVert=null )
8.042000000000002	EXP	Created text_2 = TextStim( name=text_2, win=Window( name=Window, fullscr=true, color=#000000, ~), autoDraw=null, autoLog=true, units=height, ori=null, opacity=1, pos=[0,0], size=undefined, text=default text, font=Arial, color=#ff0000, contrast=1, height=0.15, bold=null, italic=null, alignHoriz=left, alignVert=center, wrapWidth=1, flipHoriz=null, flipVert=null )
8.044	EXP	Created Feedback = TextStim( name=Feedback, win=Window( name=Window, fullscr=true, color=#000000, ~), autoDraw=null, autoLog=true, units=height, ori=null, opacity=1, pos=[0,0], size=undefined, text=default text, font=Arial, color=#ff0000, contrast=1, height=0.15, bold=null, italic=null, alignHoriz=left, alignVert=center, wrapWidth=1, flipHoriz=null, flipVert=null )
8.045000000000002	EXP	Created End_text = TextStim( name=End_text, win=Window( name=Window, fullscr=true, color=#000000, ~), autoDraw=null, autoLog=true, units=height, ori=null, opacity=1, pos=[0,0], size=undefined, text=This study aimed to look at procedural learning, i~, font=Arial, color=#FFFFFF, contrast=1, height=0.025, bold=null, italic=null, alignHoriz=left, alignVert=center, wrapWidth=1, flipHoriz=null, flipVert=null )
8.193000000000001	EXP	text: units = "height"
8.193000000000001	EXP	text: ori = 0
8.193000000000001	EXP	text: opacity = 1
8.193000000000001	EXP	text: pos = [0,0]
8.193000000000001	EXP	text: size = undefined
8.193000000000001	EXP	text: text = "INSTRUCTIONS [EN]\n\n\nA counter will appear and start counting at random times, press SPACE as fast as possible when it appears.\n\n\nPress SPACE to start\n\n-------\n\nInstruções [PT]\n\n\nUm cronómetro vai aparecer e começar a contar aleatoriamente, pressione a tecla SPACE assim que ele aparecer.\n\n\nPressiona SPACE para começar."
8.193000000000001	EXP	text: font = "Arial"
8.193000000000001	EXP	text: color = {"_hex":"#FFFFFF","_rgb":[1,1,1]}
8.193000000000001	EXP	text: contrast = 1
8.193000000000001	EXP	text: height = 0.03
8.193000000000001	EXP	text: bold = false
8.193000000000001	EXP	text: italic = false
8.193000000000001	EXP	text: alignHoriz = "left"
8.193000000000001	EXP	text: alignVert = "center"
8.193000000000001	EXP	text: wrapWidth = 1
8.193000000000001	EXP	text: flipHoriz = false
8.193000000000001	EXP	text: flipVert = false
8.193000000000001	EXP	text_3: units = "height"
8.193000000000001	EXP	text_3: ori = 0
8.193000000000001	EXP	text_3: opacity = 1
8.193000000000001	EXP	text_3: pos = [0,0]
8.193000000000001	EXP	text_3: size = undefined
8.193000000000001	EXP	text_3: text = ""
8.193000000000001	EXP	text_3: font = "Arial"
8.193000000000001	EXP	text_3: color = {"_hex":"#FFFFFF","_rgb":[1,1,1]}
8.193000000000001	EXP	text_3: contrast = 1
8.193000000000001	EXP	text_3: height = 0.1
8.193000000000001	EXP	text_3: bold = false
8.193000000000001	EXP	text_3: italic = false
8.193000000000001	EXP	text_3: alignHoriz = "left"
8.193000000000001	EXP	text_3: alignVert = "center"
8.193000000000001	EXP	text_3: wrapWidth = 1
8.193000000000001	EXP	text_3: flipHoriz = false
8.193000000000001	EXP	text_3: flipVert = false
8.193000000000001	EXP	text_2: units = "height"
8.193000000000001	EXP	text_2: ori = 0
8.193000000000001	EXP	text_2: opacity = 1
8.193000000000001	EXP	text_2: pos = [0,0]
8.193000000000001	EXP	text_2: size = undefined
8.193000000000001	EXP	text_2: text = "default text"
8.193000000000001	EXP	text_2: font = "Arial"
8.193000000000001	EXP	text_2: color = {"_rgb":[1,0,0]}
8.193000000000001	EXP	text_2: contrast = 1
8.193000000000001	EXP	text_2: height = 0.15
8.193000000000001	EXP	text_2: bold = false
8.193000000000001	EXP	text_2: italic = false
8.193000000000001	EXP	text_2: alignHoriz = "left"
8.193000000000001	EXP	text_2: alignVert = "center"
8.193000000000001	EXP	text_2: wrapWidth = 1
8.193000000000001	EXP	text_2: flipHoriz = false
8.193000000000001	EXP	text_2: flipVert = false
8.193000000000001	EXP	Feedback: units = "height"
8.193000000000001	EXP	Feedback: ori = 0
8.193000000000001	EXP	Feedback: opacity = 1
8.193000000000001	EXP	Feedback: pos = [0,0]
8.193000000000001	EXP	Feedback: size = undefined
8.193000000000001	EXP	Feedback: text = "default text"
8.193000000000001	EXP	Feedback: font = "Arial"
8.193000000000001	EXP	Feedback: color = {"_rgb":[1,0,0]}
8.193000000000001	EXP	Feedback: contrast = 1
8.193000000000001	EXP	Feedback: height = 0.15
8.193000000000001	EXP	Feedback: bold = false
8.193000000000001	EXP	Feedback: italic = false
8.193000000000001	EXP	Feedback: alignHoriz = "left"
8.193000000000001	EXP	Feedback: alignVert = "center"
8.193000000000001	EXP	Feedback: wrapWidth = 1
8.193000000000001	EXP	Feedback: flipHoriz = false
8.193000000000001	EXP	Feedback: flipVert = false
8.193000000000001	EXP	End_text: units = "height"
8.193000000000001	EXP	End_text: ori = 0
8.193000000000001	EXP	End_text: opacity = 1
8.193000000000001	EXP	End_text: pos = [0,0]
8.193000000000001	EXP	End_text: size = undefined
8.193000000000001	EXP	End_text: text = "This study aimed to look at procedural learning, i.e. our ability to extract patterns from the input that we are constantly receiving. This skill is thought to be essential for language and literacy acquisition and has been suggested as a possible underlying difficult in children with Language Impairments and Dyslexia. This study aims to improve the measures of procedural learning (the smiley face task) so that we can measure procedural learning more reliably and, in the future, analyse the performance of individuals with learning impairments.\nThank you for participating!\n\n----\n\nEste estudo tem como objectivo analisar a nossa capacidade de extrair padrões da informação que estamos constantemente a receber. Pensa-se que esta competência é essencial para a aquisição da linguagem e literacia e foi sugerido que dificuldades neste tipo de competências poderá estar relacionado com perturbações da linguagem e Dislexia. Este estudo tem como objectivo melhorar a estabilidade das medidas usadas para medir este tipo de memória (a tarefa da cara sorridente) de forma a poder medir de forma mais precisa e, no futuro, analisar a performance de indivíduos com perturbações da aprendizagem. \nMuito obrigada por ter participado!"
8.193000000000001	EXP	End_text: font = "Arial"
8.193000000000001	EXP	End_text: color = {"_hex":"#FFFFFF","_rgb":[1,1,1]}
8.193000000000001	EXP	End_text: contrast = 1
8.193000000000001	EXP	End_text: height = 0.025
8.193000000000001	EXP	End_text: bold = false
8.193000000000001	EXP	End_text: italic = false
8.193000000000001	EXP	End_text: alignHoriz = "left"
8.193000000000001	EXP	End_text: alignVert = "center"
8.193000000000001	EXP	End_text: wrapWidth = 1
8.193000000000001	EXP	End_text: flipHoriz = false
8.193000000000001	EXP	End_text: flipVert = false
8.193000000000001	EXP	text: autoDraw = true
11.497	DATA	Keydown:  
11.569000000000003	EXP	text: autoDraw = false
11.569000000000003	EXP	text_3: autoDraw = true
21.491	EXP	text_3: autoDraw = false
21.491	EXP	text_3: autoDraw = false
21.491	EXP	text_2: autoDraw = true
21.491	EXP	text_2: text = 0
21.497	EXP	text_2: text = 71
21.528000000000002	EXP	text_2: text = 99
21.544	EXP	text_2: text = 115
21.564	EXP	text_2: text = 132
21.580000000000002	EXP	text_2: text = 148
21.658	EXP	text_2: text = 232
21.677	EXP	text_2: text = 249
21.697000000000003	EXP	text_2: text = 266
21.714000000000002	EXP	text_2: text = 282
21.73	EXP	text_2: text = 298
21.746000000000002	EXP	text_2: text = 316
21.749000000000002	DATA	Keydown:  
21.764000000000003	EXP	text_2: text = 332
21.764000000000003	EXP	text_2: autoDraw = false
21.764000000000003	EXP	Feedback: text = 258
21.764000000000003	EXP	Feedback: autoDraw = true
22.764000000000003	EXP	Feedback: autoDraw = false
22.764000000000003	EXP	Feedback: autoDraw = false
22.764000000000003	EXP	text_3: autoDraw = true
28.82	EXP	text_3: autoDraw = false
28.82	EXP	text_3: autoDraw = false
28.82	EXP	text_2: autoDraw = true
28.82	EXP	text_2: text = 0
28.834000000000003	EXP	text_2: text = 16
28.852000000000004	EXP	text_2: text = 33
28.868000000000002	EXP	text_2: text = 50
28.884999999999998	EXP	text_2: text = 66
28.916000000000004	EXP	text_2: text = 82
28.922000000000004	EXP	text_2: text = 109
28.948	EXP	text_2: text = 133
28.965000000000003	EXP	text_2: text = 149
28.986000000000004	EXP	text_2: text = 166
29.000999999999998	EXP	text_2: text = 183
29.018	EXP	text_2: text = 200
29.035000000000004	EXP	text_2: text = 216
29.051000000000002	EXP	text_2: text = 233
29.067999999999998	EXP	text_2: text = 250
29.070999999999998	DATA	Keydown:  
29.086	EXP	text_2: text = 266
29.086	EXP	text_2: autoDraw = false
29.086	EXP	Feedback: text = 251
29.086	EXP	Feedback: autoDraw = true
30.085	EXP	Feedback: autoDraw = false
30.085	EXP	Feedback: autoDraw = false
30.085	EXP	text_3: autoDraw = true
39.61	EXP	text_3: autoDraw = false
39.61	EXP	text_3: autoDraw = false
39.61	EXP	text_2: autoDraw = true
39.61	EXP	text_2: text = 0
39.625	EXP	text_2: text = 16
39.642	EXP	text_2: text = 33
39.658	EXP	text_2: text = 49
39.675000000000004	EXP	text_2: text = 66
39.691	EXP	text_2: text = 83
39.709	EXP	text_2: text = 100
39.725	EXP	text_2: text = 117
39.741	EXP	text_2: text = 133
39.758	EXP	text_2: text = 149
39.775	EXP	text_2: text = 166
39.791000000000004	EXP	text_2: text = 183
39.808	EXP	text_2: text = 200
39.825	EXP	text_2: text = 216
39.841	EXP	text_2: text = 233
39.858000000000004	EXP	text_2: text = 249
39.86	DATA	Keydown:  
39.876	EXP	text_2: text = 267
39.876	EXP	text_2: autoDraw = false
39.876	EXP	Feedback: text = 250
39.876	EXP	Feedback: autoDraw = true
40.875	EXP	Feedback: autoDraw = false
40.875	EXP	Feedback: autoDraw = false
40.875	EXP	text_3: autoDraw = true
44.346000000000004	EXP	text_3: autoDraw = false
44.346000000000004	EXP	text_3: autoDraw = false
44.346000000000004	EXP	text_2: autoDraw = true
44.346000000000004	EXP	text_2: text = 0
44.361000000000004	EXP	text_2: text = 16
44.378	EXP	text_2: text = 34
44.394	EXP	text_2: text = 50
44.411	EXP	text_2: text = 66
44.427	EXP	text_2: text = 83
44.444	EXP	text_2: text = 100
44.461	EXP	text_2: text = 117
44.478	EXP	text_2: text = 134
44.495000000000005	EXP	text_2: text = 149
44.511	EXP	text_2: text = 166
44.527	EXP	text_2: text = 183
44.544000000000004	EXP	text_2: text = 200
44.561	EXP	text_2: text = 217
44.578	EXP	text_2: text = 233
44.594	EXP	text_2: text = 250
44.611000000000004	EXP	text_2: text = 267
44.628	EXP	text_2: text = 283
44.644	EXP	text_2: text = 300
44.661	EXP	text_2: text = 317
44.678000000000004	EXP	text_2: text = 333
44.685	DATA	Keydown:  
44.696	EXP	text_2: text = 351
44.696	EXP	text_2: autoDraw = false
44.696	EXP	Feedback: text = 339
44.696	EXP	Feedback: autoDraw = true
45.696	EXP	Feedback: autoDraw = false
45.696	EXP	Feedback: autoDraw = false
45.696	EXP	text_3: autoDraw = true
48.398	EXP	text_3: autoDraw = false
48.398	EXP	text_3: autoDraw = false
48.398	EXP	text_2: autoDraw = true
48.398	EXP	text_2: text = 0
48.413000000000004	EXP	text_2: text = 17
48.431000000000004	EXP	text_2: text = 34
48.447	EXP	text_2: text = 51
48.463	EXP	text_2: text = 67
48.480000000000004	EXP	text_2: text = 84
48.497	EXP	text_2: text = 101
48.513	EXP	text_2: text = 117
48.53	EXP	text_2: text = 134
48.546	EXP	text_2: text = 151
48.563	EXP	text_2: text = 167
48.58	EXP	text_2: text = 184
48.597	EXP	text_2: text = 200
48.613	EXP	text_2: text = 217
48.631	EXP	text_2: text = 234
48.646	EXP	text_2: text = 250
48.664	EXP	text_2: text = 267
48.681000000000004	EXP	text_2: text = 284
48.698	EXP	text_2: text = 300
48.713	EXP	text_2: text = 317
48.730000000000004	EXP	text_2: text = 334
48.746	EXP	text_2: text = 351
48.764	EXP	text_2: text = 367
48.768	DATA	Keydown:  
48.782000000000004	EXP	text_2: text = 384
48.782000000000004	EXP	text_2: autoDraw = false
48.782000000000004	EXP	Feedback: text = 370
48.782000000000004	EXP	Feedback: autoDraw = true
49.781	EXP	Feedback: autoDraw = false
49.781	EXP	Feedback: autoDraw = false
49.781	EXP	text_3: autoDraw = true
51.967	EXP	text_3: autoDraw = false
51.967	EXP	text_3: autoDraw = false
51.967	EXP	text_2: autoDraw = true
51.967	EXP	text_2: text = 0
51.982	EXP	text_2: text = 16
51.998000000000005	EXP	text_2: text = 33
52.016	EXP	text_2: text = 49
52.032000000000004	EXP	text_2: text = 66
52.049	EXP	text_2: text = 82
52.066	EXP	text_2: text = 99
52.082	EXP	text_2: text = 116
52.099000000000004	EXP	text_2: text = 132
52.116	EXP	text_2: text = 150
52.133	EXP	text_2: text = 166
52.15	EXP	text_2: text = 182
52.165	EXP	text_2: text = 200
52.183	EXP	text_2: text = 215
52.199	EXP	text_2: text = 233
52.215	EXP	text_2: text = 250
52.232	EXP	text_2: text = 266
52.249	EXP	text_2: text = 283
52.266	EXP	text_2: text = 300
52.269	DATA	Keydown:  
52.283	EXP	text_2: text = 316
52.283	EXP	text_2: autoDraw = false
52.283	EXP	Feedback: text = 302
52.283	EXP	Feedback: autoDraw = true
53.283	EXP	Feedback: autoDraw = false
53.283	EXP	Feedback: autoDraw = false
53.283	EXP	text_3: autoDraw = true
60.456	EXP	text_3: autoDraw = false
60.456	EXP	text_3: autoDraw = false
60.456	EXP	text_2: autoDraw = true
60.456	EXP	text_2: text = 0
60.471000000000004	EXP	text_2: text = 17
60.488	EXP	text_2: text = 33
60.504000000000005	EXP	text_2: text = 50
60.521	EXP	text_2: text = 66
60.538	EXP	text_2: text = 83
60.55500000000001	EXP	text_2: text = 99
60.57000000000001	EXP	text_2: text = 116
60.58800000000001	EXP	text_2: text = 133
60.604	EXP	text_2: text = 150
60.620000000000005	EXP	text_2: text = 167
60.637	EXP	text_2: text = 183
60.653999999999996	EXP	text_2: text = 200
60.67100000000001	EXP	text_2: text = 216
60.673	DATA	Keydown:  
60.68900000000001	EXP	text_2: text = 233
60.68900000000001	EXP	text_2: autoDraw = false
60.68900000000001	EXP	Feedback: text = 217
60.68900000000001	EXP	Feedback: autoDraw = true
61.688	EXP	Feedback: autoDraw = false
61.688	EXP	Feedback: autoDraw = false
61.688	EXP	text_3: autoDraw = true
67.777	EXP	text_3: autoDraw = false
67.777	EXP	text_3: autoDraw = false
67.777	EXP	text_2: autoDraw = true
67.777	EXP	text_2: text = 0
67.792	EXP	text_2: text = 16
67.808	EXP	text_2: text = 33
67.82600000000001	EXP	text_2: text = 50
67.842	EXP	text_2: text = 67
67.859	EXP	text_2: text = 84
67.876	EXP	text_2: text = 100
67.892	EXP	text_2: text = 117
67.908	EXP	text_2: text = 133
67.926	EXP	text_2: text = 150
67.94200000000001	EXP	text_2: text = 167
67.959	EXP	text_2: text = 183
67.975	EXP	text_2: text = 200
67.992	EXP	text_2: text = 217
67.994	DATA	Keydown:  
68.01	EXP	text_2: text = 233
68.01	EXP	text_2: autoDraw = false
68.01	EXP	Feedback: text = 218
68.01	EXP	Feedback: autoDraw = true
69.01	EXP	Feedback: autoDraw = false
69.01	EXP	Feedback: autoDraw = false
69.01	EXP	text_3: autoDraw = true
72.641	DATA	Keydown:  
78.06700000000001	EXP	text_3: autoDraw = false
78.06700000000001	EXP	text_3: autoDraw = false
78.06700000000001	EXP	text_2: autoDraw = true
78.06700000000001	EXP	text_2: text = 0
78.081	EXP	text_2: text = 16
78.099	EXP	text_2: text = 33
78.115	EXP	text_2: text = 49
78.131	EXP	text_2: text = 67
78.148	EXP	text_2: text = 83
78.166	EXP	text_2: text = 100
78.182	EXP	text_2: text = 116
78.19800000000001	EXP	text_2: text = 133
78.21600000000001	EXP	text_2: text = 151
78.233	EXP	text_2: text = 167
78.249	EXP	text_2: text = 184
78.266	EXP	text_2: text = 200
78.282	EXP	text_2: text = 217
78.284	DATA	Keydown:  
78.3	EXP	text_2: text = 233
78.3	EXP	text_2: autoDraw = false
78.3	EXP	Feedback: text = 218
78.3	EXP	Feedback: autoDraw = true
79.3	EXP	Feedback: autoDraw = false
79.3	EXP	Feedback: autoDraw = false
79.3	EXP	text_3: autoDraw = true
84.319	DATA	Keydown:  
88.757	EXP	text_3: autoDraw = false
88.757	EXP	text_3: autoDraw = false
88.757	EXP	text_2: autoDraw = true
88.757	EXP	text_2: text = 0
88.775	EXP	text_2: text = 17
88.787	EXP	text_2: text = 35
88.818	EXP	text_2: text = 67
88.83500000000001	EXP	text_2: text = 84
88.856	EXP	text_2: text = 101
88.872	EXP	text_2: text = 118
88.889	EXP	text_2: text = 134
88.905	EXP	text_2: text = 150
88.922	EXP	text_2: text = 167
88.938	EXP	text_2: text = 184
88.955	EXP	text_2: text = 201
88.972	EXP	text_2: text = 218
88.988	EXP	text_2: text = 234
89.005	EXP	text_2: text = 251
89.022	EXP	text_2: text = 268
89.039	EXP	text_2: text = 284
89.04	DATA	Keydown:  
89.057	EXP	text_2: text = 300
89.057	EXP	text_2: autoDraw = false
89.057	EXP	Feedback: text = 284
89.057	EXP	Feedback: autoDraw = true
90.056	EXP	Feedback: autoDraw = false
90.056	EXP	Feedback: autoDraw = false
90.056	EXP	text_3: autoDraw = true
97.144	EXP	text_3: autoDraw = false
97.144	EXP	text_3: autoDraw = false
97.144	EXP	text_2: autoDraw = true
97.144	EXP	text_2: text = 0
97.16	EXP	text_2: text = 17
97.177	EXP	text_2: text = 34
97.194	EXP	text_2: text = 50
97.21000000000001	EXP	text_2: text = 67
97.229	EXP	text_2: text = 85
97.244	EXP	text_2: text = 100
97.26	EXP	text_2: text = 117
97.278	EXP	text_2: text = 134
97.294	EXP	text_2: text = 150
97.31	EXP	text_2: text = 167
97.327	EXP	text_2: text = 183
97.343	EXP	text_2: text = 200
97.36	EXP	text_2: text = 217
97.377	EXP	text_2: text = 234
97.393	EXP	text_2: text = 251
97.411	EXP	text_2: text = 267
97.413	DATA	Keydown:  
97.428	EXP	text_2: text = 283
97.428	EXP	text_2: autoDraw = false
97.428	EXP	Feedback: text = 269
97.428	EXP	Feedback: autoDraw = true
98.427	EXP	Feedback: autoDraw = false
98.427	EXP	Feedback: autoDraw = false
98.427	EXP	text_3: autoDraw = true
103.882	EXP	text_3: autoDraw = false
103.882	EXP	text_3: autoDraw = false
103.882	EXP	text_2: autoDraw = true
103.882	EXP	text_2: text = 0
103.898	EXP	text_2: text = 18
103.915	EXP	text_2: text = 34
103.931	EXP	text_2: text = 51
103.94800000000001	EXP	text_2: text = 67
103.964	EXP	text_2: text = 84
103.981	EXP	text_2: text = 101
103.998	EXP	text_2: text = 118
104.014	EXP	text_2: text = 134
104.031	EXP	text_2: text = 151
104.048	EXP	text_2: text = 167
104.06400000000001	EXP	text_2: text = 184
104.081	EXP	text_2: text = 201
104.098	EXP	text_2: text = 217
104.115	EXP	text_2: text = 234
104.131	EXP	text_2: text = 251
104.148	EXP	text_2: text = 268
104.164	EXP	text_2: text = 284
104.181	EXP	text_2: text = 300
104.19800000000001	EXP	text_2: text = 317
104.214	EXP	text_2: text = 334
104.231	EXP	text_2: text = 351
104.233	DATA	Keydown:  
104.25	EXP	text_2: text = 368
104.25	EXP	text_2: autoDraw = false
104.25	EXP	Feedback: text = 352
104.25	EXP	Feedback: autoDraw = true
105.248	EXP	Feedback: autoDraw = false
105.248	EXP	Feedback: autoDraw = false
105.248	EXP	text_3: autoDraw = true
111.32000000000001	EXP	text_3: autoDraw = false
111.32000000000001	EXP	text_3: autoDraw = false
111.32000000000001	EXP	text_2: autoDraw = true
111.32000000000001	EXP	text_2: text = 0
111.336	EXP	text_2: text = 16
111.353	EXP	text_2: text = 33
111.369	EXP	text_2: text = 50
111.386	EXP	text_2: text = 66
111.403	EXP	text_2: text = 83
111.419	EXP	text_2: text = 100
111.436	EXP	text_2: text = 117
111.452	EXP	text_2: text = 132
111.469	EXP	text_2: text = 150
111.486	EXP	text_2: text = 166
111.503	EXP	text_2: text = 183
111.519	EXP	text_2: text = 200
111.537	EXP	text_2: text = 217
111.552	EXP	text_2: text = 233
111.569	EXP	text_2: text = 250
111.57600000000001	DATA	Keydown:  
111.587	EXP	text_2: text = 267
111.587	EXP	text_2: autoDraw = false
111.587	EXP	Feedback: text = 256
111.587	EXP	Feedback: autoDraw = true
112.586	EXP	Feedback: autoDraw = false
112.586	EXP	Feedback: autoDraw = false
112.586	EXP	text_3: autoDraw = true
117.49	EXP	text_3: autoDraw = false
117.49	EXP	text_3: autoDraw = false
117.49	EXP	text_2: autoDraw = true
117.49	EXP	text_2: text = 0
117.507	EXP	text_2: text = 18
117.523	EXP	text_2: text = 34
117.54	EXP	text_2: text = 50
117.556	EXP	text_2: text = 67
117.57300000000001	EXP	text_2: text = 84
117.589	EXP	text_2: text = 100
117.606	EXP	text_2: text = 117
117.622	EXP	text_2: text = 133
117.64	EXP	text_2: text = 150
117.656	EXP	text_2: text = 168
117.673	EXP	text_2: text = 183
117.69	EXP	text_2: text = 201
117.70700000000001	EXP	text_2: text = 217
117.723	EXP	text_2: text = 233
117.74	EXP	text_2: text = 250
117.742	DATA	Keydown:  
117.758	EXP	text_2: text = 267
117.758	EXP	text_2: autoDraw = false
117.758	EXP	Feedback: text = 252
117.758	EXP	Feedback: autoDraw = true
117.807	DATA	Keydown: Control
117.807	DATA	Keydown: AltGraph
118.758	EXP	Feedback: autoDraw = false
118.758	EXP	Feedback: autoDraw = false
118.758	EXP	text_3: autoDraw = true
126.46199999999999	EXP	text_3: autoDraw = false
126.46199999999999	EXP	text_3: autoDraw = false
126.46199999999999	EXP	text_2: autoDraw = true
126.46199999999999	EXP	text_2: text = 0
126.47800000000001	EXP	text_2: text = 16
126.495	EXP	text_2: text = 33
126.511	EXP	text_2: text = 49
126.52799999999999	EXP	text_2: text = 66
126.54599999999999	EXP	text_2: text = 82
126.56200000000001	EXP	text_2: text = 100
126.578	EXP	text_2: text = 116
126.595	EXP	text_2: text = 133
126.61099999999999	EXP	text_2: text = 149
126.62899999999999	EXP	text_2: text = 166
126.64500000000001	EXP	text_2: text = 182
126.662	EXP	text_2: text = 199
126.679	EXP	text_2: text = 216
126.695	EXP	text_2: text = 233
126.703	DATA	Keydown:  
126.713	EXP	text_2: text = 250
126.713	EXP	text_2: autoDraw = false
126.713	EXP	Feedback: text = 241
126.713	EXP	Feedback: autoDraw = true
127.71199999999999	EXP	Feedback: autoDraw = false
127.71199999999999	EXP	Feedback: autoDraw = false
127.71199999999999	EXP	text_3: autoDraw = true
130.431	EXP	text_3: autoDraw = false
130.431	EXP	text_3: autoDraw = false
130.431	EXP	text_2: autoDraw = true
130.431	EXP	text_2: text = 0
130.448	EXP	text_2: text = 17
130.463	EXP	text_2: text = 34
130.481	EXP	text_2: text = 51
130.498	EXP	text_2: text = 67
130.514	EXP	text_2: text = 83
130.531	EXP	text_2: text = 100
130.548	EXP	text_2: text = 117
130.564	EXP	text_2: text = 133
130.581	EXP	text_2: text = 151
130.598	EXP	text_2: text = 167
130.615	EXP	text_2: text = 184
130.632	EXP	text_2: text = 201
130.647	EXP	text_2: text = 217
130.665	EXP	text_2: text = 234
130.68	EXP	text_2: text = 251
130.698	EXP	text_2: text = 267
130.715	EXP	text_2: text = 284
130.731	EXP	text_2: text = 301
130.748	EXP	text_2: text = 317
130.76500000000001	EXP	text_2: text = 334
130.781	EXP	text_2: text = 351
130.798	EXP	text_2: text = 367
130.814	EXP	text_2: text = 384
130.831	EXP	text_2: text = 401
130.848	EXP	text_2: text = 418
130.865	EXP	text_2: text = 434
130.868	DATA	Keydown:  
130.882	EXP	text_2: text = 451
130.882	EXP	text_2: autoDraw = false
130.882	EXP	Feedback: text = 437
130.882	EXP	Feedback: autoDraw = true
131.882	EXP	Feedback: autoDraw = false
131.882	EXP	Feedback: autoDraw = false
131.882	EXP	text_3: autoDraw = true
137.57	EXP	text_3: autoDraw = false
137.57	EXP	text_3: autoDraw = false
137.57	EXP	text_2: autoDraw = true
137.57	EXP	text_2: text = 0
137.585	EXP	text_2: text = 16
137.602	EXP	text_2: text = 32
137.618	EXP	text_2: text = 50
137.635	EXP	text_2: text = 66
137.65200000000002	EXP	text_2: text = 83
137.668	EXP	text_2: text = 99
137.686	EXP	text_2: text = 116
137.702	EXP	text_2: text = 132
137.719	EXP	text_2: text = 149
137.736	EXP	text_2: text = 166
137.752	EXP	text_2: text = 183
137.768	EXP	text_2: text = 200
137.785	EXP	text_2: text = 215
137.802	EXP	text_2: text = 233
137.819	EXP	text_2: text = 250
137.836	EXP	text_2: text = 266
137.838	DATA	Keydown:  
137.853	EXP	text_2: text = 282
137.853	EXP	text_2: autoDraw = false
137.853	EXP	Feedback: text = 268
137.853	EXP	Feedback: autoDraw = true
138.852	EXP	Feedback: autoDraw = false
138.852	EXP	Feedback: autoDraw = false
138.852	EXP	text_3: autoDraw = true
147.81	EXP	text_3: autoDraw = false
147.81	EXP	text_3: autoDraw = false
147.81	EXP	text_2: autoDraw = true
147.81	EXP	text_2: text = 0
147.826	EXP	text_2: text = 17
147.842	EXP	text_2: text = 34
147.858	EXP	text_2: text = 50
147.876	EXP	text_2: text = 67
147.891	EXP	text_2: text = 83
147.908	EXP	text_2: text = 100
147.926	EXP	text_2: text = 116
147.942	EXP	text_2: text = 133
147.959	EXP	text_2: text = 151
147.975	EXP	text_2: text = 167
147.992	EXP	text_2: text = 183
148.00900000000001	EXP	text_2: text = 200
148.026	EXP	text_2: text = 217
148.042	EXP	text_2: text = 233
148.059	EXP	text_2: text = 251
148.075	EXP	text_2: text = 266
148.079	DATA	Keydown:  
148.093	EXP	text_2: text = 283
148.093	EXP	text_2: autoDraw = false
148.093	EXP	Feedback: text = 270
148.093	EXP	Feedback: autoDraw = true
149.092	EXP	Feedback: autoDraw = false
149.092	EXP	Feedback: autoDraw = false
149.092	EXP	text_3: autoDraw = true
156.15	DATA	Keydown:  
157.348	EXP	text_3: autoDraw = false
157.348	EXP	text_3: autoDraw = false
157.348	EXP	text_2: autoDraw = true
157.348	EXP	text_2: text = 0
157.364	EXP	text_2: text = 16
157.382	EXP	text_2: text = 32
157.398	EXP	text_2: text = 49
157.414	EXP	text_2: text = 66
157.431	EXP	text_2: text = 83
157.448	EXP	text_2: text = 99
157.464	EXP	text_2: text = 115
157.481	EXP	text_2: text = 132
157.497	EXP	text_2: text = 149
157.514	EXP	text_2: text = 165
157.531	EXP	text_2: text = 183
157.548	EXP	text_2: text = 200
157.564	EXP	text_2: text = 216
157.581	EXP	text_2: text = 233
157.587	DATA	Keydown:  
157.599	EXP	text_2: text = 250
157.599	EXP	text_2: autoDraw = false
157.599	EXP	Feedback: text = 241
157.599	EXP	Feedback: autoDraw = true
158.597	EXP	Feedback: autoDraw = false
158.597	EXP	Feedback: autoDraw = false
158.597	EXP	text_3: autoDraw = true
165.037	EXP	text_3: autoDraw = false
165.037	EXP	text_3: autoDraw = false
165.037	EXP	text_2: autoDraw = true
165.037	EXP	text_2: text = 0
165.052	EXP	text_2: text = 16
165.069	EXP	text_2: text = 34
165.086	EXP	text_2: text = 50
165.102	EXP	text_2: text = 67
165.119	EXP	text_2: text = 83
165.136	EXP	text_2: text = 100
165.15200000000002	EXP	text_2: text = 117
165.17	EXP	text_2: text = 134
165.186	EXP	text_2: text = 150
165.202	EXP	text_2: text = 167
165.219	EXP	text_2: text = 184
165.236	EXP	text_2: text = 200
165.252	EXP	text_2: text = 217
165.269	EXP	text_2: text = 233
165.286	EXP	text_2: text = 250
165.302	EXP	text_2: text = 267
165.319	EXP	text_2: text = 284
165.321	DATA	Keydown:  
165.337	EXP	text_2: text = 301
165.337	EXP	text_2: autoDraw = false
165.337	EXP	Feedback: text = 284
165.337	EXP	Feedback: autoDraw = true
166.336	EXP	Feedback: autoDraw = false
166.336	EXP	Feedback: autoDraw = false
166.336	EXP	text_3: autoDraw = true
169.272	EXP	text_3: autoDraw = false
169.272	EXP	text_3: autoDraw = false
169.272	EXP	text_2: autoDraw = true
169.272	EXP	text_2: text = 0
169.288	EXP	text_2: text = 16
169.305	EXP	text_2: text = 33
169.321	EXP	text_2: text = 50
169.338	EXP	text_2: text = 67
169.355	EXP	text_2: text = 83
169.371	EXP	text_2: text = 100
169.388	EXP	text_2: text = 116
169.406	EXP	text_2: text = 134
169.421	EXP	text_2: text = 150
169.438	EXP	text_2: text = 166
169.455	EXP	text_2: text = 183
169.472	EXP	text_2: text = 200
169.488	EXP	text_2: text = 217
169.505	EXP	text_2: text = 233
169.522	EXP	text_2: text = 250
169.538	EXP	text_2: text = 267
169.555	EXP	text_2: text = 283
169.572	EXP	text_2: text = 300
169.588	EXP	text_2: text = 316
169.605	EXP	text_2: text = 333
169.621	EXP	text_2: text = 350
169.638	EXP	text_2: text = 367
169.655	EXP	text_2: text = 383
169.672	EXP	text_2: text = 400
169.674	DATA	Keydown:  
169.689	EXP	text_2: text = 417
169.689	EXP	text_2: autoDraw = false
169.689	EXP	Feedback: text = 402
169.689	EXP	Feedback: autoDraw = true
170.688	EXP	Feedback: autoDraw = false
170.688	EXP	Feedback: autoDraw = false
170.688	EXP	text_3: autoDraw = true
180.263	EXP	text_3: autoDraw = false
180.263	EXP	text_3: autoDraw = false
180.263	EXP	text_2: autoDraw = true
180.263	EXP	text_2: text = 0
180.279	EXP	text_2: text = 16
180.294	EXP	text_2: text = 34
180.312	EXP	text_2: text = 50
180.328	EXP	text_2: text = 67
180.346	EXP	text_2: text = 83
180.362	EXP	text_2: text = 101
180.37800000000001	EXP	text_2: text = 117
180.395	EXP	text_2: text = 134
180.412	EXP	text_2: text = 150
180.428	EXP	text_2: text = 167
180.445	EXP	text_2: text = 184
180.462	EXP	text_2: text = 200
180.479	EXP	text_2: text = 217
180.495	EXP	text_2: text = 233
180.499	DATA	Keydown:  
180.513	EXP	text_2: text = 250
180.513	EXP	text_2: autoDraw = false
180.513	EXP	Feedback: text = 237
180.513	EXP	Feedback: autoDraw = true
181.514	EXP	Feedback: autoDraw = false
181.514	EXP	Feedback: autoDraw = false
181.514	EXP	text_3: autoDraw = true
184.465	EXP	text_3: autoDraw = false
184.465	EXP	text_3: autoDraw = false
184.465	EXP	text_2: autoDraw = true
184.465	EXP	text_2: text = 0
184.481	EXP	text_2: text = 17
184.497	EXP	text_2: text = 33
184.514	EXP	text_2: text = 50
184.531	EXP	text_2: text = 67
184.547	EXP	text_2: text = 83
184.565	EXP	text_2: text = 100
184.581	EXP	text_2: text = 117
184.599	EXP	text_2: text = 134
184.615	EXP	text_2: text = 151
184.632	EXP	text_2: text = 167
184.647	EXP	text_2: text = 184
184.664	EXP	text_2: text = 200
184.681	EXP	text_2: text = 216
184.697	EXP	text_2: text = 233
184.714	EXP	text_2: text = 250
184.731	EXP	text_2: text = 267
184.748	EXP	text_2: text = 284
184.76500000000001	EXP	text_2: text = 300
184.767	DATA	Keydown:  
184.782	EXP	text_2: text = 316
184.782	EXP	text_2: autoDraw = false
184.782	EXP	Feedback: text = 302
184.782	EXP	Feedback: autoDraw = true
185.783	EXP	Feedback: autoDraw = false
185.783	EXP	Feedback: autoDraw = false
185.783	EXP	text_3: autoDraw = true
192.887	EXP	text_3: autoDraw = false
192.887	EXP	text_3: autoDraw = false
192.887	EXP	text_2: autoDraw = true
192.887	EXP	text_2: text = 0
192.903	EXP	text_2: text = 15
192.919	EXP	text_2: text = 32
192.936	EXP	text_2: text = 49
192.953	EXP	text_2: text = 65
192.969	EXP	text_2: text = 82
192.986	EXP	text_2: text = 99
193.00300000000001	EXP	text_2: text = 116
193.02	EXP	text_2: text = 132
193.037	EXP	text_2: text = 149
193.053	EXP	text_2: text = 166
193.07	EXP	text_2: text = 182
193.087	EXP	text_2: text = 200
193.102	EXP	text_2: text = 216
193.12	EXP	text_2: text = 232
193.137	EXP	text_2: text = 249
193.153	EXP	text_2: text = 265
193.158	DATA	Keydown:  
193.171	EXP	text_2: text = 282
193.171	EXP	text_2: autoDraw = false
193.171	EXP	Feedback: text = 271
193.171	EXP	Feedback: autoDraw = true
194.17	EXP	Feedback: autoDraw = false
194.17	EXP	Feedback: autoDraw = false
194.17	EXP	text_3: autoDraw = true
197.14000000000001	EXP	text_3: autoDraw = false
197.14000000000001	EXP	text_3: autoDraw = false
197.14000000000001	EXP	text_2: autoDraw = true
197.14000000000001	EXP	text_2: text = 0
197.156	EXP	text_2: text = 16
197.172	EXP	text_2: text = 32
197.188	EXP	text_2: text = 49
197.206	EXP	text_2: text = 67
197.223	EXP	text_2: text = 83
197.239	EXP	text_2: text = 100
197.256	EXP	text_2: text = 117
197.272	EXP	text_2: text = 133
197.29	EXP	text_2: text = 150
197.306	EXP	text_2: text = 166
197.322	EXP	text_2: text = 183
197.339	EXP	text_2: text = 199
197.355	EXP	text_2: text = 216
197.37	EXP	text_2: text = 235
197.40200000000002	EXP	text_2: text = 266
197.42	EXP	text_2: text = 283
197.44	EXP	text_2: text = 300
197.442	DATA	Keydown:  
197.457	EXP	text_2: text = 316
197.457	EXP	text_2: autoDraw = false
197.457	EXP	Feedback: text = 303
197.457	EXP	Feedback: autoDraw = true
198.456	EXP	Feedback: autoDraw = false
198.456	EXP	Feedback: autoDraw = false
198.456	EXP	text_3: autoDraw = true
200.458	DATA	Keydown: CapsLock
208.413	EXP	text_3: autoDraw = false
208.413	EXP	text_3: autoDraw = false
208.413	EXP	text_2: autoDraw = true
208.413	EXP	text_2: text = 0
208.429	EXP	text_2: text = 17
208.446	EXP	text_2: text = 33
208.463	EXP	text_2: text = 50
208.479	EXP	text_2: text = 66
208.496	EXP	text_2: text = 84
208.512	EXP	text_2: text = 100
208.529	EXP	text_2: text = 117
208.546	EXP	text_2: text = 134
208.562	EXP	text_2: text = 150
208.579	EXP	text_2: text = 167
208.596	EXP	text_2: text = 184
208.613	EXP	text_2: text = 200
208.629	EXP	text_2: text = 217
208.645	EXP	text_2: text = 233
208.663	EXP	text_2: text = 251
208.68	EXP	text_2: text = 267
208.682	DATA	Keydown:  
208.697	EXP	text_2: text = 284
208.697	EXP	text_2: autoDraw = false
208.697	EXP	Feedback: text = 269
208.697	EXP	Feedback: autoDraw = true
209.696	EXP	Feedback: autoDraw = false
209.696	EXP	Feedback: autoDraw = false
209.696	EXP	text_3: autoDraw = true
216.151	EXP	text_3: autoDraw = false
216.151	EXP	text_3: autoDraw = false
216.151	EXP	text_2: autoDraw = true
216.151	EXP	text_2: text = 0
216.167	EXP	text_2: text = 15
216.184	EXP	text_2: text = 32
216.2	EXP	text_2: text = 49
216.218	EXP	text_2: text = 66
216.234	EXP	text_2: text = 82
216.25	EXP	text_2: text = 99
216.267	EXP	text_2: text = 116
216.284	EXP	text_2: text = 133
216.301	EXP	text_2: text = 150
216.318	EXP	text_2: text = 167
216.334	EXP	text_2: text = 183
216.351	EXP	text_2: text = 199
216.367	EXP	text_2: text = 216
216.38400000000001	EXP	text_2: text = 233
216.401	EXP	text_2: text = 249
216.417	EXP	text_2: text = 266
216.434	EXP	text_2: text = 282
216.438	DATA	Keydown:  
216.451	EXP	text_2: text = 299
216.451	EXP	text_2: autoDraw = false
216.451	EXP	Feedback: text = 287
216.451	EXP	Feedback: autoDraw = true
217.452	EXP	Feedback: autoDraw = false
217.452	EXP	Feedback: autoDraw = false
217.452	EXP	text_3: autoDraw = true
224.039	EXP	text_3: autoDraw = false
224.039	EXP	text_3: autoDraw = false
224.039	EXP	text_2: autoDraw = true
224.039	EXP	text_2: text = 0
224.056	EXP	text_2: text = 17
224.072	EXP	text_2: text = 33
224.089	EXP	text_2: text = 50
224.105	EXP	text_2: text = 67
224.122	EXP	text_2: text = 83
224.139	EXP	text_2: text = 100
224.155	EXP	text_2: text = 117
224.172	EXP	text_2: text = 134
224.189	EXP	text_2: text = 150
224.205	EXP	text_2: text = 167
224.222	EXP	text_2: text = 184
224.239	EXP	text_2: text = 202
224.256	EXP	text_2: text = 217
224.272	EXP	text_2: text = 234
224.288	EXP	text_2: text = 250
224.305	EXP	text_2: text = 267
224.308	DATA	Keydown:  
224.323	EXP	text_2: text = 283
224.323	EXP	text_2: autoDraw = false
224.323	EXP	Feedback: text = 269
224.323	EXP	Feedback: autoDraw = true
225.322	EXP	Feedback: autoDraw = false
225.322	EXP	Feedback: autoDraw = false
225.322	EXP	text_3: autoDraw = true
230.893	EXP	text_3: autoDraw = false
230.893	EXP	text_3: autoDraw = false
230.893	EXP	text_2: autoDraw = true
230.893	EXP	text_2: text = 0
230.91	EXP	text_2: text = 17
230.926	EXP	text_2: text = 33
230.943	EXP	text_2: text = 50
230.96	EXP	text_2: text = 66
230.976	EXP	text_2: text = 83
230.993	EXP	text_2: text = 99
231.01	EXP	text_2: text = 117
231.029	EXP	text_2: text = 135
231.044	EXP	text_2: text = 150
231.061	EXP	text_2: text = 166
231.077	EXP	text_2: text = 183
231.092	EXP	text_2: text = 200
231.11	EXP	text_2: text = 216
231.127	EXP	text_2: text = 234
231.129	DATA	Keydown:  
231.143	EXP	text_2: text = 249
231.143	EXP	text_2: autoDraw = false
231.143	EXP	Feedback: text = 236
231.143	EXP	Feedback: autoDraw = true
232.142	EXP	Feedback: autoDraw = false
232.142	EXP	Feedback: autoDraw = false
232.142	EXP	text_3: autoDraw = true
238.421	EXP	text_3: autoDraw = false
238.421	EXP	text_3: autoDraw = false
238.421	EXP	text_2: autoDraw = true
238.421	EXP	text_2: text = 0
238.434	EXP	text_2: text = 21
238.461	EXP	text_2: text = 46
238.478	EXP	text_2: text = 63
238.498	EXP	text_2: text = 80
238.514	EXP	text_2: text = 96
238.531	EXP	text_2: text = 112
238.548	EXP	text_2: text = 129
238.564	EXP	text_2: text = 146
238.581	EXP	text_2: text = 162
238.598	EXP	text_2: text = 179
238.614	EXP	text_2: text = 196
238.631	EXP	text_2: text = 212
238.648	EXP	text_2: text = 229
238.664	EXP	text_2: text = 245
238.681	EXP	text_2: text = 263
238.698	EXP	text_2: text = 280
238.714	EXP	text_2: text = 296
238.716	DATA	Keydown:  
238.733	EXP	text_2: text = 313
238.733	EXP	text_2: autoDraw = false
238.733	EXP	Feedback: text = 295
238.733	EXP	Feedback: autoDraw = true
239.732	EXP	Feedback: autoDraw = false
239.732	EXP	Feedback: autoDraw = false
239.732	EXP	text_3: autoDraw = true
247.07	EXP	text_3: autoDraw = false
247.07	EXP	text_3: autoDraw = false
247.07	EXP	text_2: autoDraw = true
247.07	EXP	text_2: text = 0
247.086	EXP	text_2: text = 16
247.103	EXP	text_2: text = 33
247.119	EXP	text_2: text = 49
247.137	EXP	text_2: text = 67
247.153	EXP	text_2: text = 83
247.169	EXP	text_2: text = 99
247.186	EXP	text_2: text = 116
247.203	EXP	text_2: text = 132
247.22	EXP	text_2: text = 149
247.237	EXP	text_2: text = 166
247.25300000000001	EXP	text_2: text = 183
247.27	EXP	text_2: text = 199
247.286	EXP	text_2: text = 216
247.303	EXP	text_2: text = 233
247.309	DATA	Keydown:  
247.321	EXP	text_2: text = 249
247.321	EXP	text_2: autoDraw = false
247.321	EXP	Feedback: text = 239
247.321	EXP	Feedback: autoDraw = true
248.32	EXP	Feedback: autoDraw = false
248.32	EXP	Feedback: autoDraw = false
248.32	EXP	text_3: autoDraw = true
257.46	EXP	text_3: autoDraw = false
257.46	EXP	text_3: autoDraw = false
257.46	EXP	text_2: autoDraw = true
257.46	EXP	text_2: text = 0
257.477	EXP	text_2: text = 17
257.49199999999996	EXP	text_2: text = 33
257.50899999999996	EXP	text_2: text = 50
257.527	EXP	text_2: text = 67
257.54299999999995	EXP	text_2: text = 84
257.55999999999995	EXP	text_2: text = 100
257.577	EXP	text_2: text = 119
257.59299999999996	EXP	text_2: text = 134
257.60999999999996	EXP	text_2: text = 150
257.626	EXP	text_2: text = 167
257.643	EXP	text_2: text = 183
257.65999999999997	EXP	text_2: text = 200
257.67699999999996	EXP	text_2: text = 218
257.683	DATA	Keydown:  
257.69399999999996	EXP	text_2: text = 234
257.69399999999996	EXP	text_2: autoDraw = false
257.69399999999996	EXP	Feedback: text = 223
257.69399999999996	EXP	Feedback: autoDraw = true
258.69199999999995	EXP	Feedback: autoDraw = false
258.69199999999995	EXP	Feedback: autoDraw = false
258.69199999999995	EXP	text_3: autoDraw = true
266.49899999999997	EXP	text_3: autoDraw = false
266.49899999999997	EXP	text_3: autoDraw = false
266.49899999999997	EXP	text_2: autoDraw = true
266.49899999999997	EXP	text_2: text = 0
266.515	EXP	text_2: text = 17
266.532	EXP	text_2: text = 33
266.54799999999994	EXP	text_2: text = 50
266.565	EXP	text_2: text = 67
266.582	EXP	text_2: text = 83
266.59799999999996	EXP	text_2: text = 100
266.61499999999995	EXP	text_2: text = 116
266.63199999999995	EXP	text_2: text = 133
266.64799999999997	EXP	text_2: text = 150
266.666	EXP	text_2: text = 166
266.68199999999996	EXP	text_2: text = 183
266.698	EXP	text_2: text = 201
266.715	EXP	text_2: text = 216
266.71999999999997	DATA	Keydown:  
266.73299999999995	EXP	text_2: text = 234
266.73299999999995	EXP	text_2: autoDraw = false
266.73299999999995	EXP	Feedback: text = 221
266.73299999999995	EXP	Feedback: autoDraw = true
267.73299999999995	EXP	Feedback: autoDraw = false
267.73299999999995	EXP	Feedback: autoDraw = false
267.73299999999995	EXP	text_3: autoDraw = true
273.19	EXP	text_3: autoDraw = false
273.19	EXP	text_3: autoDraw = false
273.19	EXP	text_2: autoDraw = true
273.19	EXP	text_2: text = 0
273.21799999999996	EXP	text_2: text = 32
273.236	EXP	text_2: text = 49
273.25199999999995	EXP	text_2: text = 65
273.26899999999995	EXP	text_2: text = 82
273.28599999999994	EXP	text_2: text = 98
273.30199999999996	EXP	text_2: text = 115
273.31899999999996	EXP	text_2: text = 132
273.33599999999996	EXP	text_2: text = 148
273.352	EXP	text_2: text = 165
273.36899999999997	EXP	text_2: text = 182
273.38599999999997	EXP	text_2: text = 199
273.402	EXP	text_2: text = 215
273.419	EXP	text_2: text = 232
273.436	EXP	text_2: text = 249
273.453	EXP	text_2: text = 266
273.469	EXP	text_2: text = 282
273.476	DATA	Keydown:  
273.48699999999997	EXP	text_2: text = 300
273.48699999999997	EXP	text_2: autoDraw = false
273.48699999999997	EXP	Feedback: text = 286
273.48699999999997	EXP	Feedback: autoDraw = true
274.48699999999997	EXP	Feedback: autoDraw = false
274.48699999999997	EXP	Feedback: autoDraw = false
274.48699999999997	EXP	text_3: autoDraw = true
282.392	EXP	text_3: autoDraw = false
282.392	EXP	text_3: autoDraw = false
282.392	EXP	text_2: autoDraw = true
282.392	EXP	text_2: text = 0
282.40799999999996	EXP	text_2: text = 17
282.42499999999995	EXP	text_2: text = 33
282.441	EXP	text_2: text = 50
282.45799999999997	EXP	text_2: text = 67
282.47499999999997	EXP	text_2: text = 84
282.49199999999996	EXP	text_2: text = 100
282.508	EXP	text_2: text = 116
282.525	EXP	text_2: text = 134
282.542	EXP	text_2: text = 150
282.55899999999997	EXP	text_2: text = 167
282.575	EXP	text_2: text = 183
282.59099999999995	EXP	text_2: text = 200
282.609	EXP	text_2: text = 217
282.625	EXP	text_2: text = 233
282.62899999999996	DATA	Keydown:  
282.642	EXP	text_2: text = 250
282.642	EXP	text_2: autoDraw = false
282.642	EXP	Feedback: text = 237
282.642	EXP	Feedback: autoDraw = true
283.642	EXP	Feedback: autoDraw = false
283.642	EXP	Feedback: autoDraw = false
283.642	EXP	text_3: autoDraw = true
293.19899999999996	EXP	text_3: autoDraw = false
293.19899999999996	EXP	text_3: autoDraw = false
293.19899999999996	EXP	text_2: autoDraw = true
293.19899999999996	EXP	text_2: text = 0
293.214	EXP	text_2: text = 17
293.23199999999997	EXP	text_2: text = 33
293.24899999999997	EXP	text_2: text = 51
293.265	EXP	text_2: text = 67
293.28099999999995	EXP	text_2: text = 83
293.29799999999994	EXP	text_2: text = 99
293.315	EXP	text_2: text = 116
293.332	EXP	text_2: text = 133
293.34799999999996	EXP	text_2: text = 150
293.366	EXP	text_2: text = 166
293.38199999999995	EXP	text_2: text = 183
293.399	EXP	text_2: text = 200
293.41499999999996	EXP	text_2: text = 216
293.431	EXP	text_2: text = 233
293.44899999999996	EXP	text_2: text = 250
293.45099999999996	DATA	Keydown:  
293.46599999999995	EXP	text_2: text = 266
293.46599999999995	EXP	text_2: autoDraw = false
293.46599999999995	EXP	Feedback: text = 252
293.46599999999995	EXP	Feedback: autoDraw = true
294.465	EXP	Feedback: autoDraw = false
294.465	EXP	Feedback: autoDraw = false
294.465	EXP	text_3: autoDraw = true
300.66799999999995	EXP	text_3: autoDraw = false
300.66799999999995	EXP	text_3: autoDraw = false
300.66799999999995	EXP	text_2: autoDraw = true
300.66799999999995	EXP	text_2: text = 1
300.674	EXP	text_2: text = 21
300.702	EXP	text_2: text = 43
300.719	EXP	text_2: text = 60
300.73699999999997	EXP	text_2: text = 78
300.753	EXP	text_2: text = 93
300.76899999999995	EXP	text_2: text = 109
300.78599999999994	EXP	text_2: text = 127
300.803	EXP	text_2: text = 143
300.81899999999996	EXP	text_2: text = 160
300.83599999999996	EXP	text_2: text = 178
300.85299999999995	EXP	text_2: text = 194
300.86999999999995	EXP	text_2: text = 210
300.88599999999997	EXP	text_2: text = 227
300.90299999999996	EXP	text_2: text = 243
300.91999999999996	EXP	text_2: text = 261
300.926	DATA	Keydown:  
300.93699999999995	EXP	text_2: text = 278
300.93699999999995	EXP	text_2: autoDraw = false
300.93699999999995	EXP	Feedback: text = 259
300.93699999999995	EXP	Feedback: autoDraw = true
301.93699999999995	EXP	Feedback: autoDraw = false
301.93699999999995	EXP	Feedback: autoDraw = false
301.93699999999995	EXP	text_3: autoDraw = true
311.34299999999996	EXP	text_3: autoDraw = false
311.34299999999996	EXP	text_3: autoDraw = false
311.34299999999996	EXP	text_2: autoDraw = true
311.34299999999996	EXP	text_2: text = 0
311.359	EXP	text_2: text = 16
311.376	EXP	text_2: text = 33
311.393	EXP	text_2: text = 49
311.40999999999997	EXP	text_2: text = 66
311.424	EXP	text_2: text = 85
311.45599999999996	EXP	text_2: text = 116
311.474	EXP	text_2: text = 133
311.493	EXP	text_2: text = 150
311.50899999999996	EXP	text_2: text = 166
311.527	EXP	text_2: text = 183
311.54299999999995	EXP	text_2: text = 199
311.55899999999997	EXP	text_2: text = 216
311.57599999999996	EXP	text_2: text = 233
311.57899999999995	DATA	Keydown:  
311.597	EXP	text_2: text = 258
311.597	EXP	text_2: autoDraw = false
311.597	EXP	Feedback: text = 236
311.597	EXP	Feedback: autoDraw = true
312.60799999999995	EXP	Feedback: autoDraw = false
312.60799999999995	EXP	Feedback: autoDraw = false
312.60799999999995	EXP	End_text: autoDraw = true
