0.01745499999378808	EXP	Created Window = Window( name=Window, fullscr=true, color=#000000, units=height, waitBlanking=true, autoLog=true, size=[1536,754] )
15.76674500000081	DATA	Keydown: Shift
18.793839999998454	DATA	Keydown: A
18.87364499999967	DATA	Keydown: W
20.841520000001765	DATA	Keydown: 7
21.03849999999511	DATA	Keydown: 9
21.195160000002943	DATA	Keydown: 5
21.42771499999799	DATA	Keydown: 2
21.518765000000712	DATA	Keydown: 1
26.65894500000286	EXP	Created text = TextStim( name=text, win=Window( name=Window, fullscr=true, color=#000000, ~), autoDraw=null, autoLog=true, units=height, ori=null, opacity=1, pos=[0,0], size=undefined, text=INSTRUCTIONS [EN]


A counter will appear and star~, font=Arial, color=#FFFFFF, contrast=1, height=0.03, bold=null, italic=null, alignHoriz=left, alignVert=center, wrapWidth=1, flipHoriz=null, flipVert=null )
26.660174999997253	EXP	Created text_3 = TextStim( name=text_3, win=Window( name=Window, fullscr=true, color=#000000, ~), autoDraw=null, autoLog=true, units=height, ori=null, opacity=1, pos=[0,0], size=undefined, text=null, font=Arial, color=#FFFFFF, contrast=1, height=0.1, bold=null, italic=null, alignHoriz=left, alignVert=center, wrapWidth=1, flipHoriz=null, flipVert=null )
26.660820000004605	EXP	Created text_2 = TextStim( name=text_2, win=Window( name=Window, fullscr=true, color=#000000, ~), autoDraw=null, autoLog=true, units=height, ori=null, opacity=1, pos=[0,0], size=undefined, text=default text, font=Arial, color=#ff0000, contrast=1, height=0.15, bold=null, italic=null, alignHoriz=left, alignVert=center, wrapWidth=1, flipHoriz=null, flipVert=null )
26.661309999995865	EXP	Created Feedback = TextStim( name=Feedback, win=Window( name=Window, fullscr=true, color=#000000, ~), autoDraw=null, autoLog=true, units=height, ori=null, opacity=1, pos=[0,0], size=undefined, text=default text, font=Arial, color=#ff0000, contrast=1, height=0.15, bold=null, italic=null, alignHoriz=left, alignVert=center, wrapWidth=1, flipHoriz=null, flipVert=null )
26.661665000006906	EXP	Created End_text = TextStim( name=End_text, win=Window( name=Window, fullscr=true, color=#000000, ~), autoDraw=null, autoLog=true, units=height, ori=null, opacity=1, pos=[0,0], size=undefined, text=This study aimed to look at procedural learning, i~, font=Arial, color=#FFFFFF, contrast=1, height=0.025, bold=null, italic=null, alignHoriz=left, alignVert=center, wrapWidth=1, flipHoriz=null, flipVert=null )
26.68410500000755	EXP	text: units = "height"
26.68410500000755	EXP	text: ori = 0
26.68410500000755	EXP	text: opacity = 1
26.68410500000755	EXP	text: pos = [0,0]
26.68410500000755	EXP	text: size = undefined
26.68410500000755	EXP	text: text = "INSTRUCTIONS [EN]\n\n\nA counter will appear and start counting at random times, press SPACE as fast as possible when it appears.\n\n\nPress SPACE to start\n\n-------\n\nInstruções [PT]\n\n\nUm cronómetro vai aparecer e começar a contar aleatoriamente, pressione a tecla SPACE assim que ele aparecer.\n\n\nPressiona SPACE para começar."
26.68410500000755	EXP	text: font = "Arial"
26.68410500000755	EXP	text: color = {"_hex":"#FFFFFF","_rgb":[1,1,1]}
26.68410500000755	EXP	text: contrast = 1
26.68410500000755	EXP	text: height = 0.03
26.68410500000755	EXP	text: bold = false
26.68410500000755	EXP	text: italic = false
26.68410500000755	EXP	text: alignHoriz = "left"
26.68410500000755	EXP	text: alignVert = "center"
26.68410500000755	EXP	text: wrapWidth = 1
26.68410500000755	EXP	text: flipHoriz = false
26.68410500000755	EXP	text: flipVert = false
26.68410500000755	EXP	text_3: units = "height"
26.68410500000755	EXP	text_3: ori = 0
26.68410500000755	EXP	text_3: opacity = 1
26.68410500000755	EXP	text_3: pos = [0,0]
26.68410500000755	EXP	text_3: size = undefined
26.68410500000755	EXP	text_3: text = ""
26.68410500000755	EXP	text_3: font = "Arial"
26.68410500000755	EXP	text_3: color = {"_hex":"#FFFFFF","_rgb":[1,1,1]}
26.68410500000755	EXP	text_3: contrast = 1
26.68410500000755	EXP	text_3: height = 0.1
26.68410500000755	EXP	text_3: bold = false
26.68410500000755	EXP	text_3: italic = false
26.68410500000755	EXP	text_3: alignHoriz = "left"
26.68410500000755	EXP	text_3: alignVert = "center"
26.68410500000755	EXP	text_3: wrapWidth = 1
26.68410500000755	EXP	text_3: flipHoriz = false
26.68410500000755	EXP	text_3: flipVert = false
26.68410500000755	EXP	text_2: units = "height"
26.68410500000755	EXP	text_2: ori = 0
26.68410500000755	EXP	text_2: opacity = 1
26.68410500000755	EXP	text_2: pos = [0,0]
26.68410500000755	EXP	text_2: size = undefined
26.68410500000755	EXP	text_2: text = "default text"
26.68410500000755	EXP	text_2: font = "Arial"
26.68410500000755	EXP	text_2: color = {"_rgb":[1,0,0]}
26.68410500000755	EXP	text_2: contrast = 1
26.68410500000755	EXP	text_2: height = 0.15
26.68410500000755	EXP	text_2: bold = false
26.68410500000755	EXP	text_2: italic = false
26.68410500000755	EXP	text_2: alignHoriz = "left"
26.68410500000755	EXP	text_2: alignVert = "center"
26.68410500000755	EXP	text_2: wrapWidth = 1
26.68410500000755	EXP	text_2: flipHoriz = false
26.68410500000755	EXP	text_2: flipVert = false
26.68410500000755	EXP	Feedback: units = "height"
26.68410500000755	EXP	Feedback: ori = 0
26.68410500000755	EXP	Feedback: opacity = 1
26.68410500000755	EXP	Feedback: pos = [0,0]
26.68410500000755	EXP	Feedback: size = undefined
26.68410500000755	EXP	Feedback: text = "default text"
26.68410500000755	EXP	Feedback: font = "Arial"
26.68410500000755	EXP	Feedback: color = {"_rgb":[1,0,0]}
26.68410500000755	EXP	Feedback: contrast = 1
26.68410500000755	EXP	Feedback: height = 0.15
26.68410500000755	EXP	Feedback: bold = false
26.68410500000755	EXP	Feedback: italic = false
26.68410500000755	EXP	Feedback: alignHoriz = "left"
26.68410500000755	EXP	Feedback: alignVert = "center"
26.68410500000755	EXP	Feedback: wrapWidth = 1
26.68410500000755	EXP	Feedback: flipHoriz = false
26.68410500000755	EXP	Feedback: flipVert = false
26.68410500000755	EXP	End_text: units = "height"
26.68410500000755	EXP	End_text: ori = 0
26.68410500000755	EXP	End_text: opacity = 1
26.68410500000755	EXP	End_text: pos = [0,0]
26.68410500000755	EXP	End_text: size = undefined
26.68410500000755	EXP	End_text: text = "This study aimed to look at procedural learning, i.e. our ability to extract patterns from the input that we are constantly receiving. This skill is thought to be essential for language and literacy acquisition and has been suggested as a possible underlying difficult in children with Language Impairments and Dyslexia. This study aims to improve the measures of procedural learning (the smiley face task) so that we can measure procedural learning more reliably and, in the future, analyse the performance of individuals with learning impairments.\nThank you for participating!\n\n----\n\nEste estudo tem como objectivo analisar a nossa capacidade de extrair padrões da informação que estamos constantemente a receber. Pensa-se que esta competência é essencial para a aquisição da linguagem e literacia e foi sugerido que dificuldades neste tipo de competências poderá estar relacionado com perturbações da linguagem e Dislexia. Este estudo tem como objectivo melhorar a estabilidade das medidas usadas para medir este tipo de memória (a tarefa da cara sorridente) de forma a poder medir de forma mais precisa e, no futuro, analisar a performance de indivíduos com perturbações da aprendizagem. \nMuito obrigada por ter participado!"
26.68410500000755	EXP	End_text: font = "Arial"
26.68410500000755	EXP	End_text: color = {"_hex":"#FFFFFF","_rgb":[1,1,1]}
26.68410500000755	EXP	End_text: contrast = 1
26.68410500000755	EXP	End_text: height = 0.025
26.68410500000755	EXP	End_text: bold = false
26.68410500000755	EXP	End_text: italic = false
26.68410500000755	EXP	End_text: alignHoriz = "left"
26.68410500000755	EXP	End_text: alignVert = "center"
26.68410500000755	EXP	End_text: wrapWidth = 1
26.68410500000755	EXP	End_text: flipHoriz = false
26.68410500000755	EXP	End_text: flipVert = false
26.68410500000755	EXP	text: autoDraw = true
32.77792500000214	DATA	Keydown:  
32.8003400000016	EXP	text: autoDraw = false
32.8003400000016	EXP	text_3: autoDraw = true
40.369424999997136	EXP	text_3: autoDraw = false
40.369424999997136	EXP	text_3: autoDraw = false
40.369424999997136	EXP	text_2: autoDraw = true
40.369424999997136	EXP	text_2: text = 0
40.37553499999922	EXP	text_2: text = 52
40.389729999995325	EXP	text_2: text = 66
40.406495000002906	EXP	text_2: text = 83
40.42337000000407	EXP	text_2: text = 99
40.43945999999414	EXP	text_2: text = 116
40.455870000005234	EXP	text_2: text = 132
40.47410000000673	EXP	text_2: text = 151
40.488649999999325	EXP	text_2: text = 165
40.50523500000418	EXP	text_2: text = 182
40.52214499999536	EXP	text_2: text = 199
40.538595000005444	EXP	text_2: text = 215
40.55517000000691	EXP	text_2: text = 232
40.57206000000588	EXP	text_2: text = 249
40.589105000006384	EXP	text_2: text = 265
40.604919999997946	EXP	text_2: text = 282
40.621629999994184	EXP	text_2: text = 299
40.63851499999873	EXP	text_2: text = 315
40.65537000000768	EXP	text_2: text = 332
40.67176500000642	EXP	text_2: text = 349
40.688429999994696	EXP	text_2: text = 365
40.70504499999515	EXP	text_2: text = 382
40.72178999999596	EXP	text_2: text = 399
40.73842500000319	EXP	text_2: text = 415
40.755355000001146	EXP	text_2: text = 432
40.77189000000362	EXP	text_2: text = 449
40.788495000000694	EXP	text_2: text = 465
40.805200000002515	EXP	text_2: text = 482
40.82158499999787	EXP	text_2: text = 498
40.83849999999802	EXP	text_2: text = 515
40.8483050000068	DATA	Keydown:  
40.856595000004745	EXP	text_2: text = 532
40.856595000004745	EXP	text_2: autoDraw = false
40.856595000004745	EXP	Feedback: text = 479
40.856595000004745	EXP	Feedback: autoDraw = true
41.8579150000005	EXP	Feedback: autoDraw = false
41.8579150000005	EXP	Feedback: autoDraw = false
41.8579150000005	EXP	text_3: autoDraw = true
49.64828999999736	EXP	text_3: autoDraw = false
49.64828999999736	EXP	text_3: autoDraw = false
49.64828999999736	EXP	text_2: autoDraw = true
49.64828999999736	EXP	text_2: text = 0
49.66363999999885	EXP	text_2: text = 16
49.68091999999888	EXP	text_2: text = 34
49.69656500000565	EXP	text_2: text = 50
49.7135649999982	EXP	text_2: text = 67
49.72951499999908	EXP	text_2: text = 83
49.74655500000517	EXP	text_2: text = 100
49.7633050000004	EXP	text_2: text = 116
49.779649999996764	EXP	text_2: text = 133
49.79653500000131	EXP	text_2: text = 150
49.813240000003134	EXP	text_2: text = 166
49.8296149999951	EXP	text_2: text = 183
49.84655499999644	EXP	text_2: text = 200
49.8631699999969	EXP	text_2: text = 216
49.87995000000228	EXP	text_2: text = 233
49.896749999999884	EXP	text_2: text = 250
49.91324500000337	EXP	text_2: text = 266
49.929980000000796	EXP	text_2: text = 283
49.946509999994305	EXP	text_2: text = 300
49.96047499999986	DATA	Keydown:  
49.9634800000058	EXP	text_2: text = 316
49.9634800000058	EXP	text_2: autoDraw = false
49.9634800000058	EXP	Feedback: text = 312
49.9634800000058	EXP	Feedback: autoDraw = true
50.964200000002165	EXP	Feedback: autoDraw = false
50.964200000002165	EXP	Feedback: autoDraw = false
50.964200000002165	EXP	text_3: autoDraw = true
53.09424000000581	EXP	text_3: autoDraw = false
53.09424000000581	EXP	text_3: autoDraw = false
53.09424000000581	EXP	text_2: autoDraw = true
53.09424000000581	EXP	text_2: text = 0
53.11015999999654	EXP	text_2: text = 17
53.12622999999439	EXP	text_2: text = 33
53.14325500000268	EXP	text_2: text = 49
53.1600299999991	EXP	text_2: text = 66
53.176519999993616	EXP	text_2: text = 83
53.19333999999799	EXP	text_2: text = 100
53.20958999999857	EXP	text_2: text = 116
53.226565000004484	EXP	text_2: text = 133
53.24318499999936	EXP	text_2: text = 149
53.260034999999334	EXP	text_2: text = 166
53.2760949999938	EXP	text_2: text = 182
53.29294499999378	EXP	text_2: text = 199
53.309525000004214	EXP	text_2: text = 216
53.32689500000561	EXP	text_2: text = 233
53.34330000000773	EXP	text_2: text = 250
53.359505000000354	EXP	text_2: text = 266
53.37639999999374	EXP	text_2: text = 283
53.393035000000964	EXP	text_2: text = 299
53.40988500000094	EXP	text_2: text = 316
53.42641499999445	EXP	text_2: text = 333
53.44307999999728	EXP	text_2: text = 349
53.459499999997206	EXP	text_2: text = 366
53.47642000000633	EXP	text_2: text = 383
53.49288499999966	EXP	text_2: text = 399
53.496429999999236	DATA	Keydown:  
53.510605000003125	EXP	text_2: text = 416
53.510605000003125	EXP	text_2: autoDraw = false
53.510605000003125	EXP	Feedback: text = 402
53.510605000003125	EXP	Feedback: autoDraw = true
54.509699999995064	EXP	Feedback: autoDraw = false
54.509699999995064	EXP	Feedback: autoDraw = false
54.509699999995064	EXP	text_3: autoDraw = true
61.65405500000634	EXP	text_3: autoDraw = false
61.65405500000634	EXP	text_3: autoDraw = false
61.65405500000634	EXP	text_2: autoDraw = true
61.65405500000634	EXP	text_2: text = 0
61.66948500000581	EXP	text_2: text = 16
61.68553000000247	EXP	text_2: text = 33
61.70240500000364	EXP	text_2: text = 50
61.71847999999591	EXP	text_2: text = 66
61.73653999999806	EXP	text_2: text = 83
61.753310000000056	EXP	text_2: text = 100
61.76971500000218	EXP	text_2: text = 116
61.7861050000065	EXP	text_2: text = 133
61.80246000000625	EXP	text_2: text = 150
61.81909000000451	EXP	text_2: text = 166
61.83537499999511	EXP	text_2: text = 183
61.85222499999509	EXP	text_2: text = 199
61.86896500000148	EXP	text_2: text = 216
61.885645000002114	EXP	text_2: text = 233
61.9019100000005	EXP	text_2: text = 249
61.91877499999828	EXP	text_2: text = 266
61.93541499999992	EXP	text_2: text = 283
61.95208499999717	EXP	text_2: text = 299
61.96859499999846	EXP	text_2: text = 316
61.9704400000046	DATA	Keydown:  
61.98656999999366	EXP	text_2: text = 333
61.98656999999366	EXP	text_2: autoDraw = false
61.98656999999366	EXP	Feedback: text = 317
61.98656999999366	EXP	Feedback: autoDraw = true
62.98553000000538	EXP	Feedback: autoDraw = false
62.98553000000538	EXP	Feedback: autoDraw = false
62.98553000000538	EXP	text_3: autoDraw = true
69.24541499999759	EXP	text_3: autoDraw = false
69.24541499999759	EXP	text_3: autoDraw = false
69.24541499999759	EXP	text_2: autoDraw = true
69.24541499999759	EXP	text_2: text = 0
69.26160500000697	EXP	text_2: text = 17
69.27795499999775	EXP	text_2: text = 33
69.2948000000033	EXP	text_2: text = 50
69.31148000000394	EXP	text_2: text = 66
69.3278799999971	EXP	text_2: text = 83
69.34521499999391	EXP	text_2: text = 100
69.36148000000685	EXP	text_2: text = 116
69.37802499999816	EXP	text_2: text = 133
69.39471000000776	EXP	text_2: text = 150
69.41138000000501	EXP	text_2: text = 166
69.42802500000107	EXP	text_2: text = 183
69.44466999999713	EXP	text_2: text = 200
69.46146500000032	EXP	text_2: text = 216
69.47804000000178	EXP	text_2: text = 233
69.49481000000378	EXP	text_2: text = 250
69.51145000000542	EXP	text_2: text = 266
69.52824499999406	EXP	text_2: text = 283
69.5367649999971	DATA	Keydown:  
69.54501000000164	EXP	text_2: text = 299
69.54501000000164	EXP	text_2: autoDraw = false
69.54501000000164	EXP	Feedback: text = 291
69.54501000000164	EXP	Feedback: autoDraw = true
70.54536499999813	EXP	Feedback: autoDraw = false
70.54536499999813	EXP	Feedback: autoDraw = false
70.54536499999813	EXP	text_3: autoDraw = true
78.55372999999963	EXP	text_3: autoDraw = false
78.55372999999963	EXP	text_3: autoDraw = false
78.55372999999963	EXP	text_2: autoDraw = true
78.55372999999963	EXP	text_2: text = 0
78.56918500000029	EXP	text_2: text = 16
78.58629500000097	EXP	text_2: text = 33
78.6027299999987	EXP	text_2: text = 50
78.61912000000302	EXP	text_2: text = 66
78.63599500000419	EXP	text_2: text = 83
78.65295499999775	EXP	text_2: text = 100
78.66963000000396	EXP	text_2: text = 116
78.68636000000697	EXP	text_2: text = 133
78.70288500000606	EXP	text_2: text = 150
78.71924500000023	EXP	text_2: text = 166
78.73559999999998	EXP	text_2: text = 182
78.75281499999983	EXP	text_2: text = 200
78.76915999999619	EXP	text_2: text = 216
78.78581000000122	EXP	text_2: text = 233
78.80276999999478	EXP	text_2: text = 250
78.81910500000231	EXP	text_2: text = 266
78.83595000000787	EXP	text_2: text = 283
78.84814000000188	DATA	Keydown:  
78.85314999999537	EXP	text_2: text = 299
78.85314999999537	EXP	text_2: autoDraw = false
78.85314999999537	EXP	Feedback: text = 295
78.85314999999537	EXP	Feedback: autoDraw = true
79.85396999999648	EXP	Feedback: autoDraw = false
79.85396999999648	EXP	Feedback: autoDraw = false
79.85396999999648	EXP	text_3: autoDraw = true
87.42897999999695	EXP	text_3: autoDraw = false
87.42897999999695	EXP	text_3: autoDraw = false
87.42897999999695	EXP	text_2: autoDraw = true
87.42897999999695	EXP	text_2: text = 0
87.44478000000527	EXP	text_2: text = 17
87.46140000000014	EXP	text_2: text = 33
87.47791000000143	EXP	text_2: text = 50
87.49470999999903	EXP	text_2: text = 67
87.51069500000449	EXP	text_2: text = 83
87.52784999999858	EXP	text_2: text = 100
87.54398499999661	EXP	text_2: text = 116
87.560725000003	EXP	text_2: text = 133
87.57769999999437	EXP	text_2: text = 150
87.59430500000599	EXP	text_2: text = 166
87.61070499999914	EXP	text_2: text = 183
87.6276050000015	EXP	text_2: text = 200
87.64430499999435	EXP	text_2: text = 216
87.66081000000122	EXP	text_2: text = 233
87.67786500000511	EXP	text_2: text = 250
87.69456000000355	EXP	text_2: text = 266
87.71110499999486	EXP	text_2: text = 283
87.72710499999812	EXP	text_2: text = 299
87.74383500000113	EXP	text_2: text = 316
87.7609850000008	EXP	text_2: text = 333
87.77744999999413	EXP	text_2: text = 350
87.78422499999579	DATA	Keydown:  
87.79465999999957	EXP	text_2: text = 366
87.79465999999957	EXP	text_2: autoDraw = false
87.79465999999957	EXP	Feedback: text = 355
87.79465999999957	EXP	Feedback: autoDraw = true
88.79330000000482	EXP	Feedback: autoDraw = false
88.79330000000482	EXP	Feedback: autoDraw = false
88.79330000000482	EXP	text_3: autoDraw = true
95.03826499999559	EXP	text_3: autoDraw = false
95.03826499999559	EXP	text_3: autoDraw = false
95.03826499999559	EXP	text_2: autoDraw = true
95.03826499999559	EXP	text_2: text = 0
95.05511000000115	EXP	text_2: text = 17
95.07120000000577	EXP	text_2: text = 33
95.08748499999638	EXP	text_2: text = 50
95.10373000000254	EXP	text_2: text = 66
95.12102000000596	EXP	text_2: text = 84
95.13688999999431	EXP	text_2: text = 100
95.15396500000497	EXP	text_2: text = 117
95.17092499999853	EXP	text_2: text = 133
95.1869000000006	EXP	text_2: text = 150
95.20376000000397	EXP	text_2: text = 166
95.22031000000425	EXP	text_2: text = 183
95.2372250000044	EXP	text_2: text = 200
95.25393999999505	EXP	text_2: text = 216
95.27051499999652	EXP	text_2: text = 233
95.28712999999698	EXP	text_2: text = 250
95.30414000000746	EXP	text_2: text = 267
95.32060000000638	EXP	text_2: text = 283
95.33718499999668	EXP	text_2: text = 300
95.34422499999346	DATA	Keydown:  
95.35420000000158	EXP	text_2: text = 316
95.35420000000158	EXP	text_2: autoDraw = false
95.35420000000158	EXP	Feedback: text = 306
95.35420000000158	EXP	Feedback: autoDraw = true
96.35438000000431	EXP	Feedback: autoDraw = false
96.35438000000431	EXP	Feedback: autoDraw = false
96.35438000000431	EXP	text_3: autoDraw = true
106.2781149999937	EXP	text_3: autoDraw = false
106.2781149999937	EXP	text_3: autoDraw = false
106.2781149999937	EXP	text_2: autoDraw = true
106.2781149999937	EXP	text_2: text = 0
106.29392999999982	EXP	text_2: text = 17
106.3104800000001	EXP	text_2: text = 33
106.32725499999651	EXP	text_2: text = 50
106.34375499999442	EXP	text_2: text = 66
106.36063999999897	EXP	text_2: text = 83
106.377250000005	EXP	text_2: text = 100
106.39385000000766	EXP	text_2: text = 116
106.41058500000509	EXP	text_2: text = 133
106.42710499999521	EXP	text_2: text = 150
106.44396000000415	EXP	text_2: text = 167
106.46033499999612	EXP	text_2: text = 183
106.4771000000037	EXP	text_2: text = 200
106.49357999999484	EXP	text_2: text = 216
106.5104699999938	EXP	text_2: text = 233
106.52654000000621	EXP	text_2: text = 250
106.54310500000429	EXP	text_2: text = 266
106.55977999999595	EXP	text_2: text = 283
106.57663999999932	EXP	text_2: text = 300
106.58434499999566	DATA	Keydown:  
106.59330000000773	EXP	text_2: text = 316
106.59330000000773	EXP	text_2: autoDraw = false
106.59330000000773	EXP	Feedback: text = 306
106.59330000000773	EXP	Feedback: autoDraw = true
107.59259499999462	EXP	Feedback: autoDraw = false
107.59259499999462	EXP	Feedback: autoDraw = false
107.59259499999462	EXP	text_3: autoDraw = true
115.23538500000723	EXP	text_3: autoDraw = false
115.23538500000723	EXP	text_3: autoDraw = false
115.23538500000723	EXP	text_2: autoDraw = true
115.23538500000723	EXP	text_2: text = 0
115.25131000000692	EXP	text_2: text = 16
115.26858499999798	EXP	text_2: text = 34
115.28501999999571	EXP	text_2: text = 50
115.30140500000562	EXP	text_2: text = 67
115.31829500000458	EXP	text_2: text = 83
115.33497999999963	EXP	text_2: text = 100
115.35154499999771	EXP	text_2: text = 117
115.36830000000191	EXP	text_2: text = 133
115.38467499999388	EXP	text_2: text = 150
115.40130500000669	EXP	text_2: text = 166
115.41813999999431	EXP	text_2: text = 183
115.4348650000029	EXP	text_2: text = 200
115.4514049999998	EXP	text_2: text = 216
115.46811499999603	EXP	text_2: text = 233
115.48489999999583	EXP	text_2: text = 250
115.50162999999884	EXP	text_2: text = 267
115.5179300000018	EXP	text_2: text = 283
115.53470499999821	EXP	text_2: text = 300
115.55148999999801	EXP	text_2: text = 317
115.55299999999988	DATA	Keydown:  
115.56846500000393	EXP	text_2: text = 333
115.56846500000393	EXP	text_2: autoDraw = false
115.56846500000393	EXP	Feedback: text = 318
115.56846500000393	EXP	Feedback: autoDraw = true
116.5685850000009	EXP	Feedback: autoDraw = false
116.5685850000009	EXP	Feedback: autoDraw = false
116.5685850000009	EXP	text_3: autoDraw = true
122.97978500000318	EXP	text_3: autoDraw = false
122.97978500000318	EXP	text_3: autoDraw = false
122.97978500000318	EXP	text_2: autoDraw = true
122.97978500000318	EXP	text_2: text = 0
122.99412000000302	EXP	text_2: text = 16
123.01064999999653	EXP	text_2: text = 32
123.02777499999502	EXP	text_2: text = 50
123.04424499999732	EXP	text_2: text = 66
123.06218999999692	EXP	text_2: text = 83
123.07893000000331	EXP	text_2: text = 100
123.09488499999861	EXP	text_2: text = 116
123.11134499999753	EXP	text_2: text = 133
123.12798499999917	EXP	text_2: text = 149
123.1446200000064	EXP	text_2: text = 166
123.16151499999978	EXP	text_2: text = 183
123.17777999999817	EXP	text_2: text = 199
123.19458500000474	EXP	text_2: text = 216
123.21143500000471	EXP	text_2: text = 233
123.22782000000007	EXP	text_2: text = 249
123.24449500000628	EXP	text_2: text = 266
123.26110499999777	EXP	text_2: text = 283
123.27767999999924	EXP	text_2: text = 299
123.29462000000058	EXP	text_2: text = 316
123.31087499999558	EXP	text_2: text = 332
123.31365500000538	DATA	Keydown:  
123.3292999999976	EXP	text_2: text = 350
123.3292999999976	EXP	text_2: autoDraw = false
123.3292999999976	EXP	Feedback: text = 334
123.3292999999976	EXP	Feedback: autoDraw = true
124.32939499999338	EXP	Feedback: autoDraw = false
124.32939499999338	EXP	Feedback: autoDraw = false
124.32939499999338	EXP	text_3: autoDraw = true
133.31961999999476	EXP	text_3: autoDraw = false
133.31961999999476	EXP	text_3: autoDraw = false
133.31961999999476	EXP	text_2: autoDraw = true
133.31961999999476	EXP	text_2: text = 0
133.3347599999979	EXP	text_2: text = 16
133.3515849999967	EXP	text_2: text = 33
133.36759500000335	EXP	text_2: text = 49
133.38426000000618	EXP	text_2: text = 66
133.40123499999754	EXP	text_2: text = 83
133.41794499999378	EXP	text_2: text = 100
133.43445000000065	EXP	text_2: text = 116
133.45093000000634	EXP	text_2: text = 133
133.46783999999752	EXP	text_2: text = 150
133.48405499999353	EXP	text_2: text = 166
133.50131000000692	EXP	text_2: text = 183
133.51798000000417	EXP	text_2: text = 200
133.53415000000678	EXP	text_2: text = 216
133.55245000000286	EXP	text_2: text = 233
133.56890500000736	EXP	text_2: text = 250
133.5856300000014	EXP	text_2: text = 267
133.6023450000066	EXP	text_2: text = 283
133.618054999999	EXP	text_2: text = 300
133.62506500000018	DATA	Keydown:  
133.63550499999837	EXP	text_2: text = 316
133.63550499999837	EXP	text_2: autoDraw = false
133.63550499999837	EXP	Feedback: text = 306
133.63550499999837	EXP	Feedback: autoDraw = true
134.6351100000029	EXP	Feedback: autoDraw = false
134.6351100000029	EXP	Feedback: autoDraw = false
134.6351100000029	EXP	text_3: autoDraw = true
139.07939499999338	EXP	text_3: autoDraw = false
139.07939499999338	EXP	text_3: autoDraw = false
139.07939499999338	EXP	text_2: autoDraw = true
139.07939499999338	EXP	text_2: text = 0
139.09575000000768	EXP	text_2: text = 17
139.1130700000067	EXP	text_2: text = 34
139.1293949999963	EXP	text_2: text = 50
139.14578500000061	EXP	text_2: text = 67
139.1625550000026	EXP	text_2: text = 83
139.17891499999678	EXP	text_2: text = 100
139.19572499999776	EXP	text_2: text = 117
139.21252499999537	EXP	text_2: text = 133
139.22874999999476	EXP	text_2: text = 150
139.24576499999966	EXP	text_2: text = 167
139.262189999994	EXP	text_2: text = 183
139.27930500000366	EXP	text_2: text = 200
139.29565000000002	EXP	text_2: text = 216
139.31240500000422	EXP	text_2: text = 233
139.32921999999962	EXP	text_2: text = 250
139.34601999999722	EXP	text_2: text = 267
139.36260500000208	EXP	text_2: text = 284
139.3784949999972	EXP	text_2: text = 299
139.39562500000466	EXP	text_2: text = 317
139.39976499999466	DATA	Keydown:  
139.41270499999519	EXP	text_2: text = 333
139.41270499999519	EXP	text_2: autoDraw = false
139.41270499999519	EXP	Feedback: text = 320
139.41270499999519	EXP	Feedback: autoDraw = true
140.41297499999928	EXP	Feedback: autoDraw = false
140.41297499999928	EXP	Feedback: autoDraw = false
140.41297499999928	EXP	text_3: autoDraw = true
143.6594299999997	EXP	text_3: autoDraw = false
143.6594299999997	EXP	text_3: autoDraw = false
143.6594299999997	EXP	text_2: autoDraw = true
143.6594299999997	EXP	text_2: text = 0
143.6747000000032	EXP	text_2: text = 16
143.69143999999505	EXP	text_2: text = 33
143.7085700000025	EXP	text_2: text = 50
143.72471999999834	EXP	text_2: text = 66
143.74164000000746	EXP	text_2: text = 83
143.75831999999355	EXP	text_2: text = 100
143.7745750000031	EXP	text_2: text = 116
143.7916200000036	EXP	text_2: text = 133
143.80821000000287	EXP	text_2: text = 150
143.82485000000452	EXP	text_2: text = 166
143.84166499999992	EXP	text_2: text = 183
143.85821000000578	EXP	text_2: text = 200
143.8747399999993	EXP	text_2: text = 216
143.89156000000366	EXP	text_2: text = 233
143.90812999999616	EXP	text_2: text = 250
143.924794999999	EXP	text_2: text = 266
143.9415949999966	EXP	text_2: text = 283
143.95797499999753	EXP	text_2: text = 300
143.97447000000102	EXP	text_2: text = 316
143.98435500000778	DATA	Keydown:  
143.9919349999982	EXP	text_2: text = 333
143.9919349999982	EXP	text_2: autoDraw = false
143.9919349999982	EXP	Feedback: text = 325
143.9919349999982	EXP	Feedback: autoDraw = true
144.99202000000514	EXP	Feedback: autoDraw = false
144.99202000000514	EXP	Feedback: autoDraw = false
144.99202000000514	EXP	text_3: autoDraw = true
147.23943000000145	EXP	text_3: autoDraw = false
147.23943000000145	EXP	text_3: autoDraw = false
147.23943000000145	EXP	text_2: autoDraw = true
147.23943000000145	EXP	text_2: text = 0
147.2554150000069	EXP	text_2: text = 17
147.27194999999483	EXP	text_2: text = 33
147.2887250000058	EXP	text_2: text = 50
147.30542000000423	EXP	text_2: text = 67
147.32214000000386	EXP	text_2: text = 83
147.33860000000277	EXP	text_2: text = 100
147.35542999999598	EXP	text_2: text = 117
147.37201999999525	EXP	text_2: text = 133
147.3885949999967	EXP	text_2: text = 150
147.4054049999977	EXP	text_2: text = 167
147.42195000000356	EXP	text_2: text = 183
147.43825000000652	EXP	text_2: text = 200
147.45478499999444	EXP	text_2: text = 216
147.4713250000059	EXP	text_2: text = 233
147.48808999999892	EXP	text_2: text = 250
147.50473000000056	EXP	text_2: text = 266
147.52155000000494	EXP	text_2: text = 283
147.53806500000064	EXP	text_2: text = 300
147.55358500000148	DATA	Keydown:  
147.55684000000474	EXP	text_2: text = 317
147.55684000000474	EXP	text_2: autoDraw = false
147.55684000000474	EXP	Feedback: text = 314
147.55684000000474	EXP	Feedback: autoDraw = true
148.5537949999998	EXP	Feedback: autoDraw = false
148.5537949999998	EXP	Feedback: autoDraw = false
148.5537949999998	EXP	text_3: autoDraw = true
151.7523749999964	EXP	text_3: autoDraw = false
151.7523749999964	EXP	text_3: autoDraw = false
151.7523749999964	EXP	text_2: autoDraw = true
151.7523749999964	EXP	text_2: text = 0
151.76805500000773	EXP	text_2: text = 17
151.78446500000427	EXP	text_2: text = 33
151.80127999999968	EXP	text_2: text = 50
151.817670000004	EXP	text_2: text = 66
151.8344999999972	EXP	text_2: text = 83
151.85091500000271	EXP	text_2: text = 100
151.86755500000436	EXP	text_2: text = 116
151.884195000006	EXP	text_2: text = 133
151.90078500000527	EXP	text_2: text = 149
151.91741999999795	EXP	text_2: text = 166
151.93424499999674	EXP	text_2: text = 183
151.95026500000677	EXP	text_2: text = 199
151.9667999999947	EXP	text_2: text = 216
151.9838699999964	EXP	text_2: text = 233
152.00015000000712	EXP	text_2: text = 249
152.0170700000017	EXP	text_2: text = 266
152.02417000000423	DATA	Keydown:  
152.03446500000427	EXP	text_2: text = 283
152.03446500000427	EXP	text_2: autoDraw = false
152.03446500000427	EXP	Feedback: text = 272
152.03446500000427	EXP	Feedback: autoDraw = true
153.0344999999943	EXP	Feedback: autoDraw = false
153.0344999999943	EXP	Feedback: autoDraw = false
153.0344999999943	EXP	text_3: autoDraw = true
156.7471749999968	EXP	text_3: autoDraw = false
156.7471749999968	EXP	text_3: autoDraw = false
156.7471749999968	EXP	text_2: autoDraw = true
156.7471749999968	EXP	text_2: text = 0
156.7630499999941	EXP	text_2: text = 17
156.77952500000538	EXP	text_2: text = 33
156.79581999999937	EXP	text_2: text = 50
156.81230499999947	EXP	text_2: text = 66
156.82904500000586	EXP	text_2: text = 83
156.84588500000245	EXP	text_2: text = 100
156.8625100000063	EXP	text_2: text = 116
156.87896499999624	EXP	text_2: text = 133
156.89602499999455	EXP	text_2: text = 150
156.91250000000582	EXP	text_2: text = 166
156.92906999999832	EXP	text_2: text = 183
156.94592500000726	EXP	text_2: text = 200
156.96231499999703	EXP	text_2: text = 216
156.97887999999512	EXP	text_2: text = 233
156.9959450000024	EXP	text_2: text = 250
157.01245500000368	EXP	text_2: text = 266
157.02938000000722	EXP	text_2: text = 283
157.04125500000373	DATA	Keydown:  
157.04853000000003	EXP	text_2: text = 300
157.04853000000003	EXP	text_2: autoDraw = false
157.04853000000003	EXP	Feedback: text = 294
157.04853000000003	EXP	Feedback: autoDraw = true
158.04580500000156	EXP	Feedback: autoDraw = false
158.04580500000156	EXP	Feedback: autoDraw = false
158.04580500000156	EXP	text_3: autoDraw = true
167.5216999999975	EXP	text_3: autoDraw = false
167.5216999999975	EXP	text_3: autoDraw = false
167.5216999999975	EXP	text_2: autoDraw = true
167.5216999999975	EXP	text_2: text = 0
167.53667000000132	EXP	text_2: text = 17
167.5524449999939	EXP	text_2: text = 33
167.56884999999602	EXP	text_2: text = 49
167.58549500000663	EXP	text_2: text = 66
167.60225500000524	EXP	text_2: text = 83
167.61891999999352	EXP	text_2: text = 99
167.6360249999998	EXP	text_2: text = 116
167.6524849999987	EXP	text_2: text = 133
167.66870500000368	EXP	text_2: text = 149
167.6854250000033	EXP	text_2: text = 166
167.70234000000346	EXP	text_2: text = 183
167.7190350000019	EXP	text_2: text = 199
167.73574499999813	EXP	text_2: text = 216
167.75266500000726	EXP	text_2: text = 233
167.76927000000433	EXP	text_2: text = 249
167.7858050000068	EXP	text_2: text = 266
167.80227499999455	EXP	text_2: text = 282
167.81935499999963	EXP	text_2: text = 299
167.83289499999955	DATA	Keydown:  
167.83667499999865	EXP	text_2: text = 316
167.83667499999865	EXP	text_2: autoDraw = false
167.83667499999865	EXP	Feedback: text = 311
167.83667499999865	EXP	Feedback: autoDraw = true
168.83643999999913	EXP	Feedback: autoDraw = false
168.83643999999913	EXP	Feedback: autoDraw = false
168.83643999999913	EXP	text_3: autoDraw = true
176.14612999999372	EXP	text_3: autoDraw = false
176.14612999999372	EXP	text_3: autoDraw = false
176.14612999999372	EXP	text_2: autoDraw = true
176.14612999999372	EXP	text_2: text = 0
176.1611450000055	EXP	text_2: text = 16
176.17768500000238	EXP	text_2: text = 33
176.19458500000474	EXP	text_2: text = 50
176.21073000000615	EXP	text_2: text = 66
176.22785999999905	EXP	text_2: text = 83
176.2442149999988	EXP	text_2: text = 99
176.26078500000585	EXP	text_2: text = 116
176.2774550000031	EXP	text_2: text = 133
176.29455999999482	EXP	text_2: text = 150
176.31070000000182	EXP	text_2: text = 166
176.32757500000298	EXP	text_2: text = 183
176.34409500000766	EXP	text_2: text = 199
176.36061000000336	EXP	text_2: text = 216
176.3773099999962	EXP	text_2: text = 232
176.39426000000094	EXP	text_2: text = 249
176.41102499999397	EXP	text_2: text = 266
176.42754000000423	EXP	text_2: text = 282
176.44425000000047	EXP	text_2: text = 299
176.46066500000597	EXP	text_2: text = 316
176.46399000000383	DATA	Keydown:  
176.47862500000338	EXP	text_2: text = 333
176.47862500000338	EXP	text_2: autoDraw = false
176.47862500000338	EXP	Feedback: text = 318
176.47862500000338	EXP	Feedback: autoDraw = true
177.47801000000618	EXP	Feedback: autoDraw = false
177.47801000000618	EXP	Feedback: autoDraw = false
177.47801000000618	EXP	text_3: autoDraw = true
186.18593000000692	EXP	text_3: autoDraw = false
186.18593000000692	EXP	text_3: autoDraw = false
186.18593000000692	EXP	text_2: autoDraw = true
186.18593000000692	EXP	text_2: text = 0
186.20234000000346	EXP	text_2: text = 17
186.21878500000457	EXP	text_2: text = 33
186.23516999999993	EXP	text_2: text = 50
186.25189499999397	EXP	text_2: text = 67
186.26864999999816	EXP	text_2: text = 83
186.28504000000248	EXP	text_2: text = 100
186.301569999996	EXP	text_2: text = 116
186.31836499999918	EXP	text_2: text = 133
186.3350599999976	EXP	text_2: text = 150
186.35172000000603	EXP	text_2: text = 166
186.36827999999514	EXP	text_2: text = 183
186.38502499999595	EXP	text_2: text = 200
186.4016200000042	EXP	text_2: text = 216
186.41801500000292	EXP	text_2: text = 233
186.43507999999565	EXP	text_2: text = 250
186.45135499999742	EXP	text_2: text = 266
186.46852999999828	EXP	text_2: text = 283
186.48458499999833	EXP	text_2: text = 300
186.5010900000052	EXP	text_2: text = 316
186.51819499999692	EXP	text_2: text = 333
186.52021499999682	DATA	Keydown:  
186.5352050000074	EXP	text_2: text = 350
186.5352050000074	EXP	text_2: autoDraw = false
186.5352050000074	EXP	Feedback: text = 334
186.5352050000074	EXP	Feedback: autoDraw = true
187.53539000000455	EXP	Feedback: autoDraw = false
187.53539000000455	EXP	Feedback: autoDraw = false
187.53539000000455	EXP	text_3: autoDraw = true
193.69595500000287	EXP	text_3: autoDraw = false
193.69595500000287	EXP	text_3: autoDraw = false
193.69595500000287	EXP	text_2: autoDraw = true
193.69595500000287	EXP	text_2: text = 0
193.71188000000257	EXP	text_2: text = 17
193.7283049999969	EXP	text_2: text = 33
193.74504999999772	EXP	text_2: text = 50
193.76186500000767	EXP	text_2: text = 67
193.7783449999988	EXP	text_2: text = 83
193.79485999999451	EXP	text_2: text = 100
193.81149999999616	EXP	text_2: text = 116
193.82770500000333	EXP	text_2: text = 133
193.844379999995	EXP	text_2: text = 149
193.86128500000632	EXP	text_2: text = 166
193.8779050000012	EXP	text_2: text = 183
193.8943500000023	EXP	text_2: text = 199
193.91122500000347	EXP	text_2: text = 216
193.92871999999625	EXP	text_2: text = 233
193.9455600000074	EXP	text_2: text = 250
193.96163999999408	EXP	text_2: text = 266
193.97816500000772	EXP	text_2: text = 283
193.99463000000105	EXP	text_2: text = 300
194.0083949999971	DATA	Keydown:  
194.0112749999971	EXP	text_2: text = 316
194.0112749999971	EXP	text_2: autoDraw = false
194.0112749999971	EXP	Feedback: text = 313
194.0112749999971	EXP	Feedback: autoDraw = true
195.01122000000032	EXP	Feedback: autoDraw = false
195.01122000000032	EXP	Feedback: autoDraw = false
195.01122000000032	EXP	text_3: autoDraw = true
200.8724199999997	EXP	text_3: autoDraw = false
200.8724199999997	EXP	text_3: autoDraw = false
200.8724199999997	EXP	text_2: autoDraw = true
200.8724199999997	EXP	text_2: text = 0
200.88798499999393	EXP	text_2: text = 16
200.90464999999676	EXP	text_2: text = 33
200.9215050000057	EXP	text_2: text = 50
200.93809500000498	EXP	text_2: text = 67
200.9545999999973	EXP	text_2: text = 83
200.9712600000057	EXP	text_2: text = 100
200.98795500000415	EXP	text_2: text = 116
201.0043650000007	EXP	text_2: text = 133
201.02152500000375	EXP	text_2: text = 150
201.03765500000736	EXP	text_2: text = 166
201.05439999999362	EXP	text_2: text = 183
201.07102000000305	EXP	text_2: text = 200
201.08775500000047	EXP	text_2: text = 216
201.1039199999941	EXP	text_2: text = 233
201.12110000000393	EXP	text_2: text = 250
201.13756000000285	EXP	text_2: text = 266
201.15399000000616	EXP	text_2: text = 283
201.1706750000012	EXP	text_2: text = 299
201.18764000000374	EXP	text_2: text = 316
201.20059500000207	DATA	Keydown:  
201.20496499999717	EXP	text_2: text = 333
201.20496499999717	EXP	text_2: autoDraw = false
201.20496499999717	EXP	Feedback: text = 328
201.20496499999717	EXP	Feedback: autoDraw = true
202.20837000000756	EXP	Feedback: autoDraw = false
202.20837000000756	EXP	Feedback: autoDraw = false
202.20837000000756	EXP	text_3: autoDraw = true
210.71451999999408	EXP	text_3: autoDraw = false
210.71451999999408	EXP	text_3: autoDraw = false
210.71451999999408	EXP	text_2: autoDraw = true
210.71451999999408	EXP	text_2: text = 0
210.729130000007	EXP	text_2: text = 16
210.74568000000727	EXP	text_2: text = 33
210.7621749999962	EXP	text_2: text = 49
210.77881499999785	EXP	text_2: text = 66
210.79559500000323	EXP	text_2: text = 83
210.81250499999442	EXP	text_2: text = 100
210.82856500000344	EXP	text_2: text = 116
210.84567999999854	EXP	text_2: text = 133
210.8621700000076	EXP	text_2: text = 149
210.87890500000503	EXP	text_2: text = 166
210.89547499999753	EXP	text_2: text = 183
210.9121049999958	EXP	text_2: text = 199
210.92899499999476	EXP	text_2: text = 216
210.94526999999653	EXP	text_2: text = 232
210.96211000000767	EXP	text_2: text = 249
210.97895499999868	EXP	text_2: text = 266
210.99523000000045	EXP	text_2: text = 283
211.01166499999817	EXP	text_2: text = 299
211.02835000000778	EXP	text_2: text = 316
211.0320650000067	DATA	Keydown:  
211.04713999999512	EXP	text_2: text = 333
211.04713999999512	EXP	text_2: autoDraw = false
211.04713999999512	EXP	Feedback: text = 318
211.04713999999512	EXP	Feedback: autoDraw = true
212.04464500000176	EXP	Feedback: autoDraw = false
212.04464500000176	EXP	Feedback: autoDraw = false
212.04464500000176	EXP	text_3: autoDraw = true
221.15363499999512	EXP	text_3: autoDraw = false
221.15363499999512	EXP	text_3: autoDraw = false
221.15363499999512	EXP	text_2: autoDraw = true
221.15363499999512	EXP	text_2: text = 0
221.1686250000057	EXP	text_2: text = 16
221.18505000000005	EXP	text_2: text = 33
221.20182499999646	EXP	text_2: text = 50
221.2184799999959	EXP	text_2: text = 66
221.23545500000182	EXP	text_2: text = 83
221.25204000000667	EXP	text_2: text = 100
221.2703349999938	EXP	text_2: text = 116
221.28561000000627	EXP	text_2: text = 133
221.30216999999539	EXP	text_2: text = 150
221.31864500000665	EXP	text_2: text = 166
221.33508000000438	EXP	text_2: text = 183
221.35211999999592	EXP	text_2: text = 200
221.36879999999655	EXP	text_2: text = 216
221.3854250000004	EXP	text_2: text = 233
221.40205000000424	EXP	text_2: text = 250
221.41872000000149	EXP	text_2: text = 266
221.43530500000634	EXP	text_2: text = 283
221.4519900000014	EXP	text_2: text = 299
221.4687200000044	EXP	text_2: text = 316
221.48532000000705	EXP	text_2: text = 333
221.48864999999932	DATA	Keydown:  
221.50281499999983	EXP	text_2: text = 350
221.50281499999983	EXP	text_2: autoDraw = false
221.50281499999983	EXP	Feedback: text = 335
221.50281499999983	EXP	Feedback: autoDraw = true
222.50303500000155	EXP	Feedback: autoDraw = false
222.50303500000155	EXP	Feedback: autoDraw = false
222.50303500000155	EXP	text_3: autoDraw = true
231.22730500000762	EXP	text_3: autoDraw = false
231.22730500000762	EXP	text_3: autoDraw = false
231.22730500000762	EXP	text_2: autoDraw = true
231.22730500000762	EXP	text_2: text = 0
231.24333500000648	EXP	text_2: text = 17
231.25910999999905	EXP	text_2: text = 33
231.27598999999464	EXP	text_2: text = 50
231.29232999999658	EXP	text_2: text = 66
231.30893499999365	EXP	text_2: text = 83
231.32589500000176	EXP	text_2: text = 100
231.34236999999848	EXP	text_2: text = 116
231.3590050000057	EXP	text_2: text = 133
231.37629499999457	EXP	text_2: text = 150
231.39270500000566	EXP	text_2: text = 166
231.40902000000642	EXP	text_2: text = 183
231.42553500000213	EXP	text_2: text = 199
231.44263499999943	EXP	text_2: text = 216
231.45901999999478	EXP	text_2: text = 233
231.47564499999862	EXP	text_2: text = 249
231.4928099999961	EXP	text_2: text = 267
231.50909999999567	EXP	text_2: text = 283
231.52560500000254	EXP	text_2: text = 299
231.52813000000606	DATA	Keydown:  
231.54240500000014	EXP	text_2: text = 316
231.54240500000014	EXP	text_2: autoDraw = false
231.54240500000014	EXP	Feedback: text = 301
231.54240500000014	EXP	Feedback: autoDraw = true
232.54323999999906	EXP	Feedback: autoDraw = false
232.54323999999906	EXP	Feedback: autoDraw = false
232.54323999999906	EXP	text_3: autoDraw = true
239.31970999999612	EXP	text_3: autoDraw = false
239.31970999999612	EXP	text_3: autoDraw = false
239.31970999999612	EXP	text_2: autoDraw = true
239.31970999999612	EXP	text_2: text = 0
239.33552500000224	EXP	text_2: text = 16
239.35223499999847	EXP	text_2: text = 33
239.36824500000512	EXP	text_2: text = 50
239.3847550000064	EXP	text_2: text = 66
239.40148000000045	EXP	text_2: text = 83
239.417889999997	EXP	text_2: text = 99
239.43482999999833	EXP	text_2: text = 116
239.45121499999368	EXP	text_2: text = 133
239.46820000000298	EXP	text_2: text = 150
239.4852200000023	EXP	text_2: text = 166
239.5016500000056	EXP	text_2: text = 183
239.51833000000624	EXP	text_2: text = 199
239.53514000000723	EXP	text_2: text = 216
239.55126000000746	EXP	text_2: text = 233
239.56780499999877	EXP	text_2: text = 249
239.58440999999584	EXP	text_2: text = 266
239.60151999999653	EXP	text_2: text = 283
239.61788999999408	EXP	text_2: text = 299
239.63474500000302	EXP	text_2: text = 316
239.6400200000062	DATA	Keydown:  
239.6515700000018	EXP	text_2: text = 332
239.6515700000018	EXP	text_2: autoDraw = false
239.6515700000018	EXP	Feedback: text = 320
239.6515700000018	EXP	Feedback: autoDraw = true
240.65058000000136	EXP	Feedback: autoDraw = false
240.65058000000136	EXP	Feedback: autoDraw = false
240.65058000000136	EXP	text_3: autoDraw = true
247.47870999999577	EXP	text_3: autoDraw = false
247.47870999999577	EXP	text_3: autoDraw = false
247.47870999999577	EXP	text_2: autoDraw = true
247.47870999999577	EXP	text_2: text = 0
247.49465500000224	EXP	text_2: text = 17
247.51102000000537	EXP	text_2: text = 33
247.5277250000072	EXP	text_2: text = 50
247.54409999999916	EXP	text_2: text = 66
247.56036499999755	EXP	text_2: text = 83
247.57749999999942	EXP	text_2: text = 100
247.59394999999495	EXP	text_2: text = 116
247.61037500000384	EXP	text_2: text = 133
247.62701500000549	EXP	text_2: text = 149
247.64362000000256	EXP	text_2: text = 166
247.6606150000007	EXP	text_2: text = 183
247.67715499999758	EXP	text_2: text = 200
247.6941150000057	EXP	text_2: text = 217
247.71018500000355	EXP	text_2: text = 233
247.7268150000018	EXP	text_2: text = 249
247.74352000000363	EXP	text_2: text = 266
247.76043500000378	EXP	text_2: text = 283
247.7769100000005	EXP	text_2: text = 299
247.79369000000588	EXP	text_2: text = 316
247.81024000000616	EXP	text_2: text = 332
247.8165699999954	DATA	Keydown:  
247.82769499999995	EXP	text_2: text = 349
247.82769499999995	EXP	text_2: autoDraw = false
247.82769499999995	EXP	Feedback: text = 338
247.82769499999995	EXP	Feedback: autoDraw = true
248.826979999998	EXP	Feedback: autoDraw = false
248.826979999998	EXP	Feedback: autoDraw = false
248.826979999998	EXP	text_3: autoDraw = true
254.62109499999497	EXP	text_3: autoDraw = false
254.62109499999497	EXP	text_3: autoDraw = false
254.62109499999497	EXP	text_2: autoDraw = true
254.62109499999497	EXP	text_2: text = 0
254.63730000000214	EXP	text_2: text = 17
254.65437000000384	EXP	text_2: text = 33
254.67118499999924	EXP	text_2: text = 50
254.6874749999988	EXP	text_2: text = 66
254.70445499999914	EXP	text_2: text = 83
254.72096000000602	EXP	text_2: text = 100
254.73750499999733	EXP	text_2: text = 117
254.75423500000034	EXP	text_2: text = 133
254.77093500000774	EXP	text_2: text = 150
254.78757499999483	EXP	text_2: text = 167
254.8041899999953	EXP	text_2: text = 183
254.82102000000305	EXP	text_2: text = 200
254.83756499999436	EXP	text_2: text = 217
254.8539049999963	EXP	text_2: text = 233
254.87079000000085	EXP	text_2: text = 250
254.8875149999949	EXP	text_2: text = 267
254.90434500000265	EXP	text_2: text = 284
254.92028999999457	EXP	text_2: text = 300
254.93729000000167	EXP	text_2: text = 317
254.95348500000546	EXP	text_2: text = 333
254.97002500000235	EXP	text_2: text = 349
254.97591999999713	DATA	Keydown:  
254.987255	EXP	text_2: text = 366
254.987255	EXP	text_2: autoDraw = false
254.987255	EXP	Feedback: text = 355
254.987255	EXP	Feedback: autoDraw = true
255.98777999999584	EXP	Feedback: autoDraw = false
255.98777999999584	EXP	Feedback: autoDraw = false
255.98777999999584	EXP	text_3: autoDraw = true
261.53225000000384	EXP	text_3: autoDraw = false
261.53225000000384	EXP	text_3: autoDraw = false
261.53225000000384	EXP	text_2: autoDraw = true
261.53225000000384	EXP	text_2: text = 0
261.5474200000026	EXP	text_2: text = 16
261.56429500000377	EXP	text_2: text = 33
261.58062999999675	EXP	text_2: text = 49
261.59713999999803	EXP	text_2: text = 66
261.61409000000276	EXP	text_2: text = 83
261.6307800000068	EXP	text_2: text = 100
261.6470799999952	EXP	text_2: text = 116
261.6640449999977	EXP	text_2: text = 133
261.68066500000714	EXP	text_2: text = 149
261.6970350000047	EXP	text_2: text = 166
261.714055000004	EXP	text_2: text = 183
261.73046500000055	EXP	text_2: text = 199
261.74730499999714	EXP	text_2: text = 216
261.76380499999505	EXP	text_2: text = 233
261.78062999999383	EXP	text_2: text = 249
261.7973250000068	EXP	text_2: text = 266
261.8139050000027	EXP	text_2: text = 283
261.8306100000045	EXP	text_2: text = 299
261.83346500000334	DATA	Keydown:  
261.8478199999954	EXP	text_2: text = 316
261.8478199999954	EXP	text_2: autoDraw = false
261.8478199999954	EXP	Feedback: text = 301
261.8478199999954	EXP	Feedback: autoDraw = true
262.84802999999374	EXP	Feedback: autoDraw = false
262.84802999999374	EXP	Feedback: autoDraw = false
262.84802999999374	EXP	text_3: autoDraw = true
268.3590649999969	EXP	text_3: autoDraw = false
268.3590649999969	EXP	text_3: autoDraw = false
268.3590649999969	EXP	text_2: autoDraw = true
268.3590649999969	EXP	text_2: text = 0
268.3747200000071	EXP	text_2: text = 16
268.3917349999974	EXP	text_2: text = 33
268.4082900000067	EXP	text_2: text = 50
268.4250000000029	EXP	text_2: text = 67
268.4419900000066	EXP	text_2: text = 83
268.4577600000048	EXP	text_2: text = 100
268.47433500000625	EXP	text_2: text = 116
268.49119499999506	EXP	text_2: text = 133
268.507540000006	EXP	text_2: text = 150
268.5243000000046	EXP	text_2: text = 166
268.54067000000214	EXP	text_2: text = 183
268.5576149999979	EXP	text_2: text = 200
268.57429499999853	EXP	text_2: text = 216
268.5908950000012	EXP	text_2: text = 233
268.6073000000033	EXP	text_2: text = 249
268.6238900000026	EXP	text_2: text = 266
268.64071000000695	EXP	text_2: text = 283
268.65726500000164	EXP	text_2: text = 299
268.67409499999485	EXP	text_2: text = 316
268.69048499999917	EXP	text_2: text = 332
268.7042450000008	DATA	Keydown:  
268.70797499999753	EXP	text_2: text = 349
268.70797499999753	EXP	text_2: autoDraw = false
268.70797499999753	EXP	Feedback: text = 345
268.70797499999753	EXP	Feedback: autoDraw = true
269.70758000000205	EXP	Feedback: autoDraw = false
269.70758000000205	EXP	Feedback: autoDraw = false
269.70758000000205	EXP	text_3: autoDraw = true
272.689354999995	EXP	text_3: autoDraw = false
272.689354999995	EXP	text_3: autoDraw = false
272.689354999995	EXP	text_2: autoDraw = true
272.689354999995	EXP	text_2: text = 0
272.7066150000028	EXP	text_2: text = 16
272.72041999999783	EXP	text_2: text = 33
272.73679500000435	EXP	text_2: text = 49
272.75368999999773	EXP	text_2: text = 66
272.7700000000041	EXP	text_2: text = 83
272.78693499999645	EXP	text_2: text = 99
272.80349999999453	EXP	text_2: text = 116
272.8202799999999	EXP	text_2: text = 133
272.836924999996	EXP	text_2: text = 149
272.8532899999991	EXP	text_2: text = 166
272.86991999999736	EXP	text_2: text = 182
272.88696000000346	EXP	text_2: text = 199
272.90371500000765	EXP	text_2: text = 216
272.92002999999386	EXP	text_2: text = 232
272.936870000005	EXP	text_2: text = 249
272.95351500000106	EXP	text_2: text = 266
272.9701700000005	EXP	text_2: text = 282
272.9867099999974	EXP	text_2: text = 299
273.00341999999364	EXP	text_2: text = 316
273.02013499999885	EXP	text_2: text = 332
273.03693000000203	EXP	text_2: text = 349
273.0535200000013	EXP	text_2: text = 366
273.0700499999948	EXP	text_2: text = 383
273.08671499999764	EXP	text_2: text = 399
273.1031249999942	EXP	text_2: text = 416
273.1199500000075	EXP	text_2: text = 432
273.1362899999949	EXP	text_2: text = 449
273.15322500000184	EXP	text_2: text = 466
273.1695949999994	EXP	text_2: text = 482
273.1863049999956	EXP	text_2: text = 499
273.20299000000523	EXP	text_2: text = 515
273.21976500000164	EXP	text_2: text = 532
273.2366500000062	EXP	text_2: text = 549
273.2533700000058	EXP	text_2: text = 566
273.26952000000165	EXP	text_2: text = 582
273.2864249999984	EXP	text_2: text = 599
273.30302000000665	EXP	text_2: text = 615
273.31272499999614	DATA	Keydown:  
273.3203099999955	EXP	text_2: text = 632
273.3203099999955	EXP	text_2: autoDraw = false
273.3203099999955	EXP	Feedback: text = 624
273.3203099999955	EXP	Feedback: autoDraw = true
274.3205699999962	EXP	Feedback: autoDraw = false
274.3205699999962	EXP	Feedback: autoDraw = false
274.3205699999962	EXP	text_3: autoDraw = true
277.1507500000007	EXP	text_3: autoDraw = false
277.1507500000007	EXP	text_3: autoDraw = false
277.1507500000007	EXP	text_2: autoDraw = true
277.1507500000007	EXP	text_2: text = 0
277.16654999999446	EXP	text_2: text = 17
277.1834399999934	EXP	text_2: text = 33
277.19984000000113	EXP	text_2: text = 50
277.21690499999386	EXP	text_2: text = 67
277.2331750000012	EXP	text_2: text = 83
277.2499850000022	EXP	text_2: text = 100
277.26665999999386	EXP	text_2: text = 117
277.2831750000041	EXP	text_2: text = 133
277.2997100000066	EXP	text_2: text = 150
277.3166599999968	EXP	text_2: text = 167
277.33327499999723	EXP	text_2: text = 183
277.34974499999953	EXP	text_2: text = 200
277.36642500000016	EXP	text_2: text = 216
277.38322000000335	EXP	text_2: text = 233
277.39999499999976	EXP	text_2: text = 250
277.4163750000007	EXP	text_2: text = 266
277.43300000000454	EXP	text_2: text = 283
277.4497149999952	EXP	text_2: text = 300
277.45264000000316	DATA	Keydown:  
277.46720499999356	EXP	text_2: text = 316
277.46720499999356	EXP	text_2: autoDraw = false
277.46720499999356	EXP	Feedback: text = 302
277.46720499999356	EXP	Feedback: autoDraw = true
278.46626000000106	EXP	Feedback: autoDraw = false
278.46626000000106	EXP	Feedback: autoDraw = false
278.46626000000106	EXP	text_3: autoDraw = true
285.16025499999523	EXP	text_3: autoDraw = false
285.16025499999523	EXP	text_3: autoDraw = false
285.16025499999523	EXP	text_2: autoDraw = true
285.16025499999523	EXP	text_2: text = 0
285.1756599999935	EXP	text_2: text = 16
285.19286500000453	EXP	text_2: text = 33
285.2088950000034	EXP	text_2: text = 49
285.22612999999546	EXP	text_2: text = 66
285.24238999999943	EXP	text_2: text = 83
285.2590349999955	EXP	text_2: text = 99
285.2755150000012	EXP	text_2: text = 116
285.29211999999825	EXP	text_2: text = 133
285.3086750000075	EXP	text_2: text = 149
285.3255000000063	EXP	text_2: text = 166
285.3420199999964	EXP	text_2: text = 183
285.3585699999967	EXP	text_2: text = 199
285.37512500000594	EXP	text_2: text = 216
285.3918649999978	EXP	text_2: text = 232
285.4085950000008	EXP	text_2: text = 249
285.425270000007	EXP	text_2: text = 266
285.4418100000039	EXP	text_2: text = 282
285.4586450000061	EXP	text_2: text = 299
285.47515500000736	EXP	text_2: text = 316
285.49177999999665	EXP	text_2: text = 332
285.4969299999939	DATA	Keydown:  
285.5092100000038	EXP	text_2: text = 349
285.5092100000038	EXP	text_2: autoDraw = false
285.5092100000038	EXP	Feedback: text = 337
285.5092100000038	EXP	Feedback: autoDraw = true
286.50850999999966	EXP	Feedback: autoDraw = false
286.50850999999966	EXP	Feedback: autoDraw = false
286.50850999999966	EXP	text_3: autoDraw = true
291.70416500000283	EXP	text_3: autoDraw = false
291.70416500000283	EXP	text_3: autoDraw = false
291.70416500000283	EXP	text_2: autoDraw = true
291.70416500000283	EXP	text_2: text = 0
291.7195999999967	EXP	text_2: text = 16
291.73595000000205	EXP	text_2: text = 33
291.7526749999961	EXP	text_2: text = 50
291.7694599999959	EXP	text_2: text = 66
291.7859599999938	EXP	text_2: text = 83
291.80253499999526	EXP	text_2: text = 99
291.81930499999726	EXP	text_2: text = 116
291.836295000001	EXP	text_2: text = 133
291.8519499999966	EXP	text_2: text = 149
291.8686549999984	EXP	text_2: text = 166
291.8854100000026	EXP	text_2: text = 183
291.90236500000174	EXP	text_2: text = 200
291.91871500000707	EXP	text_2: text = 216
291.9355749999959	EXP	text_2: text = 233
291.95208000000275	EXP	text_2: text = 249
291.9689700000017	EXP	text_2: text = 266
291.98537999999826	EXP	text_2: text = 283
292.0003049999941	DATA	Keydown:  
292.0030149999948	EXP	text_2: text = 299
292.0030149999948	EXP	text_2: autoDraw = false
292.0030149999948	EXP	Feedback: text = 296
292.0030149999948	EXP	Feedback: autoDraw = true
293.00329500000225	EXP	Feedback: autoDraw = false
293.00329500000225	EXP	Feedback: autoDraw = false
293.00329500000225	EXP	text_3: autoDraw = true
297.44804499999736	EXP	text_3: autoDraw = false
297.44804499999736	EXP	text_3: autoDraw = false
297.44804499999736	EXP	text_2: autoDraw = true
297.44804499999736	EXP	text_2: text = 0
297.4643800000049	EXP	text_2: text = 17
297.480825000006	EXP	text_2: text = 33
297.4976549999992	EXP	text_2: text = 50
297.5139749999944	EXP	text_2: text = 66
297.5307849999954	EXP	text_2: text = 83
297.5483850000019	EXP	text_2: text = 101
297.56462000000465	EXP	text_2: text = 117
297.5806799999991	EXP	text_2: text = 133
297.59762000000046	EXP	text_2: text = 150
297.6140650000016	EXP	text_2: text = 166
297.6307450000022	EXP	text_2: text = 183
297.64776999999594	EXP	text_2: text = 200
297.66395499999635	EXP	text_2: text = 216
297.6809349999967	EXP	text_2: text = 233
297.69748000000254	EXP	text_2: text = 250
297.7134700000024	EXP	text_2: text = 266
297.72991500000353	EXP	text_2: text = 283
297.7470500000054	EXP	text_2: text = 300
297.7525949999981	DATA	Keydown:  
297.7641350000049	EXP	text_2: text = 317
297.7641350000049	EXP	text_2: autoDraw = false
297.7641350000049	EXP	Feedback: text = 305
297.7641350000049	EXP	Feedback: autoDraw = true
298.7650200000062	EXP	Feedback: autoDraw = false
298.7650200000062	EXP	Feedback: autoDraw = false
298.7650200000062	EXP	text_3: autoDraw = true
306.4736300000077	EXP	text_3: autoDraw = false
306.4736300000077	EXP	text_3: autoDraw = false
306.4736300000077	EXP	text_2: autoDraw = true
306.4736300000077	EXP	text_2: text = 0
306.4893250000023	EXP	text_2: text = 16
306.5057749999978	EXP	text_2: text = 33
306.52270000000135	EXP	text_2: text = 50
306.53945500000555	EXP	text_2: text = 67
306.5559050000011	EXP	text_2: text = 83
306.57275500000105	EXP	text_2: text = 100
306.5891450000054	EXP	text_2: text = 116
306.6058849999972	EXP	text_2: text = 133
306.6224050000019	EXP	text_2: text = 150
306.63908999999694	EXP	text_2: text = 166
306.65580999999656	EXP	text_2: text = 183
306.6723700000002	EXP	text_2: text = 200
306.68928000000597	EXP	text_2: text = 216
306.70595499999763	EXP	text_2: text = 233
306.72233000000415	EXP	text_2: text = 250
306.73914999999397	EXP	text_2: text = 266
306.7555699999939	EXP	text_2: text = 283
306.7723799999949	EXP	text_2: text = 300
306.77694500000507	DATA	Keydown:  
306.79012999999395	EXP	text_2: text = 316
306.79012999999395	EXP	text_2: autoDraw = false
306.79012999999395	EXP	Feedback: text = 303
306.79012999999395	EXP	Feedback: autoDraw = true
307.78926499999943	EXP	Feedback: autoDraw = false
307.78926499999943	EXP	Feedback: autoDraw = false
307.78926499999943	EXP	text_3: autoDraw = true
315.59711499999685	EXP	text_3: autoDraw = false
315.59711499999685	EXP	text_3: autoDraw = false
315.59711499999685	EXP	text_2: autoDraw = true
315.59711499999685	EXP	text_2: text = 0
315.61354000000574	EXP	text_2: text = 17
315.6301850000018	EXP	text_2: text = 33
315.64684499999566	EXP	text_2: text = 50
315.663790000006	EXP	text_2: text = 67
315.6801700000069	EXP	text_2: text = 83
315.6967500000028	EXP	text_2: text = 100
315.7137700000021	EXP	text_2: text = 117
315.73046000000613	EXP	text_2: text = 134
315.74666499999876	EXP	text_2: text = 150
315.7635200000077	EXP	text_2: text = 167
315.7800549999956	EXP	text_2: text = 183
315.79701999999816	EXP	text_2: text = 200
315.81350499999826	EXP	text_2: text = 217
315.83026499999687	EXP	text_2: text = 233
315.84671500000695	EXP	text_2: text = 250
315.86346000000776	EXP	text_2: text = 267
315.8799200000067	EXP	text_2: text = 283
315.8967899999989	EXP	text_2: text = 300
315.9051150000014	DATA	Keydown:  
315.91426999999385	EXP	text_2: text = 317
315.91426999999385	EXP	text_2: autoDraw = false
315.91426999999385	EXP	Feedback: text = 308
315.91426999999385	EXP	Feedback: autoDraw = true
316.9140900000057	EXP	Feedback: autoDraw = false
316.9140900000057	EXP	Feedback: autoDraw = false
316.9140900000057	EXP	text_3: autoDraw = true
321.67549500000314	EXP	text_3: autoDraw = false
321.67549500000314	EXP	text_3: autoDraw = false
321.67549500000314	EXP	text_2: autoDraw = true
321.67549500000314	EXP	text_2: text = 0
321.69134000000486	EXP	text_2: text = 16
321.7080500000011	EXP	text_2: text = 33
321.72474999999395	EXP	text_2: text = 50
321.7414149999968	EXP	text_2: text = 66
321.75819500000216	EXP	text_2: text = 83
321.7746999999945	EXP	text_2: text = 100
321.7913350000017	EXP	text_2: text = 116
321.80796000000555	EXP	text_2: text = 133
321.824575000006	EXP	text_2: text = 150
321.8407200000074	EXP	text_2: text = 166
321.85745500000485	EXP	text_2: text = 183
321.8741500000033	EXP	text_2: text = 200
321.8906299999944	EXP	text_2: text = 216
321.9071899999981	EXP	text_2: text = 233
321.9240299999947	EXP	text_2: text = 249
321.9409149999992	EXP	text_2: text = 266
321.9571799999976	EXP	text_2: text = 283
321.974000000002	EXP	text_2: text = 299
321.9907550000062	EXP	text_2: text = 316
321.9924849999952	DATA	Keydown:  
322.00766000000294	EXP	text_2: text = 333
322.00766000000294	EXP	text_2: autoDraw = false
322.00766000000294	EXP	Feedback: text = 317
322.00766000000294	EXP	Feedback: autoDraw = true
323.00798999999824	EXP	Feedback: autoDraw = false
323.00798999999824	EXP	Feedback: autoDraw = false
323.00798999999824	EXP	text_3: autoDraw = true
327.3369950000051	EXP	text_3: autoDraw = false
327.3369950000051	EXP	text_3: autoDraw = false
327.3369950000051	EXP	text_2: autoDraw = true
327.3369950000051	EXP	text_2: text = 0
327.35281500000565	EXP	text_2: text = 16
327.3691700000054	EXP	text_2: text = 33
327.3856800000067	EXP	text_2: text = 50
327.4021749999956	EXP	text_2: text = 66
327.4186300000001	EXP	text_2: text = 83
327.4354600000079	EXP	text_2: text = 99
327.45239500000025	EXP	text_2: text = 116
327.46908500000427	EXP	text_2: text = 133
327.48597500000324	EXP	text_2: text = 150
327.5022750000062	EXP	text_2: text = 166
327.5185250000068	EXP	text_2: text = 183
327.5356100000063	EXP	text_2: text = 200
327.55333500000415	EXP	text_2: text = 217
327.5697499999951	EXP	text_2: text = 233
327.5861500000028	EXP	text_2: text = 250
327.6022349999985	EXP	text_2: text = 266
327.6191350000008	EXP	text_2: text = 283
327.6356749999977	EXP	text_2: text = 299
327.65229500000714	EXP	text_2: text = 316
327.6564849999995	DATA	Keydown:  
327.6688049999939	EXP	text_2: text = 332
327.6688049999939	EXP	text_2: autoDraw = false
327.6688049999939	EXP	Feedback: text = 320
327.6688049999939	EXP	Feedback: autoDraw = true
328.6692250000051	EXP	Feedback: autoDraw = false
328.6692250000051	EXP	Feedback: autoDraw = false
328.6692250000051	EXP	text_3: autoDraw = true
334.9623850000062	EXP	text_3: autoDraw = false
334.9623850000062	EXP	text_3: autoDraw = false
334.9623850000062	EXP	text_2: autoDraw = true
334.9623850000062	EXP	text_2: text = 0
334.97871500000474	EXP	text_2: text = 17
334.99528499999724	EXP	text_2: text = 33
335.0119399999967	EXP	text_2: text = 50
335.02859499999613	EXP	text_2: text = 67
335.04472499999974	EXP	text_2: text = 83
335.0619350000052	EXP	text_2: text = 100
335.07854000000225	EXP	text_2: text = 117
335.09502999999677	EXP	text_2: text = 133
335.1117649999942	EXP	text_2: text = 150
335.128469999996	EXP	text_2: text = 167
335.14516000000003	EXP	text_2: text = 183
335.16181000000506	EXP	text_2: text = 200
335.1784699999989	EXP	text_2: text = 217
335.1952699999965	EXP	text_2: text = 233
335.2117949999956	EXP	text_2: text = 250
335.2309499999974	EXP	text_2: text = 269
335.245305000004	EXP	text_2: text = 284
335.24842499999795	DATA	Keydown:  
335.2619799999957	EXP	text_2: text = 300
335.2619799999957	EXP	text_2: autoDraw = false
335.2619799999957	EXP	Feedback: text = 286
335.2619799999957	EXP	Feedback: autoDraw = true
336.2808700000023	EXP	Feedback: autoDraw = false
336.2808700000023	EXP	Feedback: autoDraw = false
336.2808700000023	EXP	End_text: autoDraw = true
341.15580999999656	DATA	Mouse: wheel shift=(0,-1.25), pos=(771.2000114917755,613.200009137392)
341.1721749999997	DATA	Mouse: wheel shift=(1.25,-1.25), pos=(771.2000114917755,613.200009137392)
341.1889850000007	DATA	Mouse: wheel shift=(0,-2.172055721282959), pos=(771.2000114917755,613.200009137392)
341.2058249999973	DATA	Mouse: wheel shift=(0,-2.087038516998291), pos=(771.2000114917755,613.200009137392)
341.2228599999944	DATA	Mouse: wheel shift=(0,-3.0183663368225098), pos=(771.2000114917755,613.200009137392)
341.2565900000045	DATA	Mouse: wheel shift=(0,-2.931455373764038), pos=(771.2000114917755,613.200009137392)
341.2728550000029	DATA	Mouse: wheel shift=(0,-1.024236798286438), pos=(771.2000114917755,613.200009137392)
341.2896449999971	DATA	Mouse: wheel shift=(0,-1.637459635734558), pos=(771.2000114917755,613.200009137392)
341.30598999999347	DATA	Mouse: wheel shift=(0,-0.9233051538467407), pos=(771.2000114917755,613.200009137392)
341.3227900000056	DATA	Mouse: wheel shift=(0,-0.8109809756278992), pos=(771.2000114917755,613.200009137392)
341.3396400000056	DATA	Mouse: wheel shift=(0,-0.9516592621803284), pos=(771.2000114917755,613.200009137392)
341.35576999999466	DATA	Mouse: wheel shift=(0,-0.9062636494636536), pos=(771.2000114917755,613.200009137392)
341.3727300000028	DATA	Mouse: wheel shift=(0,-0.7187895774841309), pos=(771.2000114917755,613.200009137392)
341.3897350000043	DATA	Mouse: wheel shift=(0,-0.7625569701194763), pos=(771.2000114917755,613.200009137392)
341.42207499999495	DATA	Mouse: wheel shift=(0,-1.9803599119186401), pos=(771.2000114917755,613.200009137392)
341.4389050000027	DATA	Mouse: wheel shift=(0,-0.8456852436065674), pos=(771.2000114917755,613.200009137392)
341.45580500000506	DATA	Mouse: wheel shift=(0,-0.712786078453064), pos=(771.2000114917755,613.200009137392)
341.47269999999844	DATA	Mouse: wheel shift=(0,-0.9443968534469604), pos=(771.2000114917755,613.200009137392)
341.48977000000014	DATA	Mouse: wheel shift=(0,-0.6421736478805542), pos=(771.2000114917755,613.200009137392)
341.50622500000463	DATA	Mouse: wheel shift=(0,-0.8126272559165955), pos=(771.2000114917755,613.200009137392)
341.52272500000254	DATA	Mouse: wheel shift=(0,-0.24784833192825317), pos=(771.2000114917755,613.200009137392)
341.5558350000065	DATA	Mouse: wheel shift=(0,-0.6500342488288879), pos=(771.2000114917755,613.200009137392)
341.58908999999403	DATA	Mouse: wheel shift=(0,-0.3700701892375946), pos=(771.2000114917755,613.200009137392)
341.60576000000583	DATA	Mouse: wheel shift=(0,-0.3679414689540863), pos=(771.2000114917755,613.200009137392)
341.6389449999988	DATA	Mouse: wheel shift=(0,-0.26976123452186584), pos=(771.2000114917755,613.200009137392)
341.67230500000005	DATA	Mouse: wheel shift=(0,-0.23869860172271729), pos=(771.2000114917755,613.200009137392)
341.72227500000736	DATA	Mouse: wheel shift=(0,-0.5145458579063416), pos=(771.2000114917755,613.200009137392)
341.7722550000035	DATA	Mouse: wheel shift=(0,-0.2633306086063385), pos=(771.2000114917755,613.200009137392)
341.8052800000005	DATA	Mouse: wheel shift=(0,-0.23309193551540375), pos=(771.2000114917755,613.200009137392)
343.2043949999934	DATA	Mouse: wheel shift=(0,-0.12191294878721237), pos=(771.2000114917755,613.200009137392)
343.42089500000293	DATA	Mouse: wheel shift=(0,0.23278552293777466), pos=(771.2000114917755,613.200009137392)
343.5048450000031	DATA	Mouse: wheel shift=(0,0.2630501091480255), pos=(771.2000114917755,613.200009137392)
343.5373300000065	DATA	Mouse: wheel shift=(0,0.23480179905891418), pos=(771.2000114917755,613.200009137392)
343.60396500000206	DATA	Mouse: wheel shift=(0,0.2357759326696396), pos=(771.2000114917755,613.200009137392)
343.68705999999656	DATA	Mouse: wheel shift=(0,0.2664340138435364), pos=(771.2000114917755,613.200009137392)
343.72041999999783	DATA	Mouse: wheel shift=(0,0.2378319650888443), pos=(771.2000114917755,613.200009137392)
343.77066999999806	DATA	Mouse: wheel shift=(0,0.47802573442459106), pos=(771.2000114917755,613.200009137392)
343.8203899999935	DATA	Mouse: wheel shift=(0,0.27098748087882996), pos=(771.2000114917755,613.200009137392)
343.87026999999944	DATA	Mouse: wheel shift=(0,0.2419051080942154), pos=(771.2000114917755,613.200009137392)
343.8871199999994	DATA	Mouse: wheel shift=(0,0.2429046779870987), pos=(771.2000114917755,613.200009137392)
343.9369250000018	DATA	Mouse: wheel shift=(0,0.27375316619873047), pos=(771.2000114917755,613.200009137392)
343.98682000000554	DATA	Mouse: wheel shift=(0,0.24442841112613678), pos=(771.2000114917755,613.200009137392)
344.02008000000205	DATA	Mouse: wheel shift=(0,0.3982656002044678), pos=(771.2000114917755,613.200009137392)
344.0367750000005	DATA	Mouse: wheel shift=(0,0.2785600423812866), pos=(771.2000114917755,613.200009137392)
344.0535999999993	DATA	Mouse: wheel shift=(0,0.2487238198518753), pos=(771.2000114917755,613.200009137392)
344.1032600000035	DATA	Mouse: wheel shift=(0,0.250377357006073), pos=(771.2000114917755,613.200009137392)
344.1867199999979	DATA	Mouse: wheel shift=(0,0.5349486470222473), pos=(771.2000114917755,613.200009137392)
344.2534799999994	DATA	Mouse: wheel shift=(0,0.5395200848579407), pos=(771.2000114917755,613.200009137392)
344.28660000000673	DATA	Mouse: wheel shift=(0,0.6559233665466309), pos=(771.2000114917755,613.200009137392)
344.3532949999935	DATA	Mouse: wheel shift=(0,0.291645348072052), pos=(771.2000114917755,613.200009137392)
344.38645499999984	DATA	Mouse: wheel shift=(0,0.6696411967277527), pos=(771.2000114917755,613.200009137392)
344.4195199999958	DATA	Mouse: wheel shift=(0,0.26366090774536133), pos=(771.2000114917755,613.200009137392)
344.46970000000147	DATA	Mouse: wheel shift=(0,0.4675397276878357), pos=(771.2000114917755,613.200009137392)
344.50329500000225	DATA	Mouse: wheel shift=(0,0.686789333820343), pos=(771.2000114917755,613.200009137392)
344.51971000000776	DATA	Mouse: wheel shift=(0,0.27008000016212463), pos=(771.2000114917755,613.200009137392)
344.5361450000055	DATA	Mouse: wheel shift=(0,0.3051842749118805), pos=(771.2000114917755,613.200009137392)
344.5859550000023	DATA	Mouse: wheel shift=(0,0.9821453094482422), pos=(771.2000114917755,613.200009137392)
344.60293999999703	DATA	Mouse: wheel shift=(0,0.49033111333847046), pos=(771.2000114917755,613.200009137392)
344.6363149999961	DATA	Mouse: wheel shift=(0,0.9187500476837158), pos=(771.2000114917755,613.200009137392)
344.65287499999977	DATA	Mouse: wheel shift=(0,0.7535455822944641), pos=(771.2000114917755,613.200009137392)
344.70290000000386	DATA	Mouse: wheel shift=(0,1.250071406364441), pos=(771.2000114917755,613.200009137392)
344.71945499999856	DATA	Mouse: wheel shift=(0,0.9865078330039978), pos=(771.2000114917755,613.200009137392)
344.7694449999981	DATA	Mouse: wheel shift=(0,0.9881625771522522), pos=(771.2000114917755,613.200009137392)
344.80284499999834	DATA	Mouse: wheel shift=(0,0.9844832420349121), pos=(771.2000114917755,613.200009137392)
344.8526600000041	DATA	Mouse: wheel shift=(0,0.8074090480804443), pos=(771.2000114917755,613.200009137392)
344.8694499999983	DATA	Mouse: wheel shift=(0,0.5560592412948608), pos=(771.2000114917755,613.200009137392)
344.91908500000136	DATA	Mouse: wheel shift=(0,0.539816677570343), pos=(771.2000114917755,613.200009137392)
344.9373099999939	DATA	Mouse: wheel shift=(0,0.503256618976593), pos=(771.2000114917755,613.200009137392)
344.9698849999986	DATA	Mouse: wheel shift=(0,1.044250249862671), pos=(771.2000114917755,613.200009137392)
345.00217999999586	DATA	Mouse: wheel shift=(0,1.09929358959198), pos=(771.2000114917755,613.200009137392)
345.05277500000375	DATA	Mouse: wheel shift=(0,0.3411370813846588), pos=(771.2000114917755,613.200009137392)
345.06926499999827	DATA	Mouse: wheel shift=(0,0.18613694608211517), pos=(771.2000114917755,613.200009137392)
345.0859300000011	DATA	Mouse: wheel shift=(0,0.3444070816040039), pos=(771.2000114917755,613.200009137392)
345.11905999999726	DATA	Mouse: wheel shift=(0,1.1669464111328125), pos=(771.2000114917755,613.200009137392)
345.1690249999956	DATA	Mouse: wheel shift=(0,0.5670869946479797), pos=(771.2000114917755,613.200009137392)
345.1853700000065	DATA	Mouse: wheel shift=(0,0.3559103012084961), pos=(771.2000114917755,613.200009137392)
345.20230000000447	DATA	Mouse: wheel shift=(0,1.3684557676315308), pos=(771.2000114917755,613.200009137392)
345.2189700000017	DATA	Mouse: wheel shift=(0,0.5631449818611145), pos=(771.2000114917755,613.200009137392)
345.252330000003	DATA	Mouse: wheel shift=(0,1.8006306886672974), pos=(771.2000114917755,613.200009137392)
345.2684200000076	DATA	Mouse: wheel shift=(0,0.8058840036392212), pos=(771.2000114917755,613.200009137392)
345.30246500000067	DATA	Mouse: wheel shift=(0,1.219133734703064), pos=(771.2000114917755,613.200009137392)
345.31880999999703	DATA	Mouse: wheel shift=(0,2.270353078842163), pos=(771.2000114917755,613.200009137392)
345.3350250000076	DATA	Mouse: wheel shift=(0,0.5994334816932678), pos=(771.2000114917755,613.200009137392)
345.35198999999557	DATA	Mouse: wheel shift=(0,0.6020312905311584), pos=(771.2000114917755,613.200009137392)
345.36874499999976	DATA	Mouse: wheel shift=(0,0.6803726553916931), pos=(771.2000114917755,613.200009137392)
345.385534999994	DATA	Mouse: wheel shift=(0,2.1114439964294434), pos=(771.2000114917755,613.200009137392)
345.41863499999454	DATA	Mouse: wheel shift=(0,1.107999324798584), pos=(771.2000114917755,613.200009137392)
345.43538999999873	DATA	Mouse: wheel shift=(0,0.2046710103750229), pos=(771.2000114917755,613.200009137392)
345.5022699999972	DATA	Mouse: wheel shift=(0,0.20361128449440002), pos=(771.2000114917755,613.200009137392)
345.53491499999654	DATA	Mouse: wheel shift=(0,0.2277928739786148), pos=(771.2000114917755,613.200009137392)
345.58529499999713	DATA	Mouse: wheel shift=(0,0.00005960465932730585), pos=(771.2000114917755,613.200009137392)
346.14016500000434	DATA	Keydown: Shift
346.56532999999763	DATA	Keydown: Enter
347.7033300000039	DATA	Mouse: 0 button down, pos=(788.800011754036,446.8000066578388)
347.91741999999795	DATA	Mouse: 0 button down, pos=(788.800011754036,446.8000066578388)
