0.14774499999475665	EXP	Created Window = Window( name=Window, fullscr=true, color=#000000, units=height, waitBlanking=true, autoLog=true, size=[1920,969] )
108.1165350000083	DATA	Keydown: Shift
108.58138000001782	DATA	Keydown: M
110.48451000000932	DATA	Keydown: C
116.94841500002076	DATA	Keydown: 8
117.33175000001211	DATA	Keydown: 6
117.77231000000029	DATA	Keydown: 2
118.08387000000221	DATA	Keydown: 4
118.3650750000088	DATA	Keydown: 7
128.5092200000072	EXP	Created text = TextStim( name=text, win=Window( name=Window, fullscr=true, color=#000000, ~), autoDraw=null, autoLog=true, units=height, ori=null, opacity=1, pos=[0,0], size=undefined, text=INSTRUCTIONS [EN]


A counter will appear and star~, font=Arial, color=#FFFFFF, contrast=1, height=0.03, bold=null, italic=null, alignHoriz=left, alignVert=center, wrapWidth=1, flipHoriz=null, flipVert=null )
128.51265499999863	EXP	Created text_3 = TextStim( name=text_3, win=Window( name=Window, fullscr=true, color=#000000, ~), autoDraw=null, autoLog=true, units=height, ori=null, opacity=1, pos=[0,0], size=undefined, text=null, font=Arial, color=#FFFFFF, contrast=1, height=0.1, bold=null, italic=null, alignHoriz=left, alignVert=center, wrapWidth=1, flipHoriz=null, flipVert=null )
128.5141650000005	EXP	Created text_2 = TextStim( name=text_2, win=Window( name=Window, fullscr=true, color=#000000, ~), autoDraw=null, autoLog=true, units=height, ori=null, opacity=1, pos=[0,0], size=undefined, text=default text, font=Arial, color=#ff0000, contrast=1, height=0.15, bold=null, italic=null, alignHoriz=left, alignVert=center, wrapWidth=1, flipHoriz=null, flipVert=null )
128.51526000001468	EXP	Created Feedback = TextStim( name=Feedback, win=Window( name=Window, fullscr=true, color=#000000, ~), autoDraw=null, autoLog=true, units=height, ori=null, opacity=1, pos=[0,0], size=undefined, text=default text, font=Arial, color=#ff0000, contrast=1, height=0.15, bold=null, italic=null, alignHoriz=left, alignVert=center, wrapWidth=1, flipHoriz=null, flipVert=null )
128.51669499999844	EXP	Created End_text = TextStim( name=End_text, win=Window( name=Window, fullscr=true, color=#000000, ~), autoDraw=null, autoLog=true, units=height, ori=null, opacity=1, pos=[0,0], size=undefined, text=This study aimed to look at procedural learning, i~, font=Arial, color=#FFFFFF, contrast=1, height=0.025, bold=null, italic=null, alignHoriz=left, alignVert=center, wrapWidth=1, flipHoriz=null, flipVert=null )
128.5830249999999	EXP	text: units = "height"
128.5830249999999	EXP	text: ori = 0
128.5830249999999	EXP	text: opacity = 1
128.5830249999999	EXP	text: pos = [0,0]
128.5830249999999	EXP	text: size = undefined
128.5830249999999	EXP	text: text = "INSTRUCTIONS [EN]\n\n\nA counter will appear and start counting at random times, press SPACE as fast as possible when it appears.\n\n\nPress SPACE to start\n\n-------\n\nInstruções [PT]\n\n\nUm cronómetro vai aparecer e começar a contar aleatoriamente, pressione a tecla SPACE assim que ele aparecer.\n\n\nPressiona SPACE para começar."
128.5830249999999	EXP	text: font = "Arial"
128.5830249999999	EXP	text: color = {"_hex":"#FFFFFF","_rgb":[1,1,1]}
128.5830249999999	EXP	text: contrast = 1
128.5830249999999	EXP	text: height = 0.03
128.5830249999999	EXP	text: bold = false
128.5830249999999	EXP	text: italic = false
128.5830249999999	EXP	text: alignHoriz = "left"
128.5830249999999	EXP	text: alignVert = "center"
128.5830249999999	EXP	text: wrapWidth = 1
128.5830249999999	EXP	text: flipHoriz = false
128.5830249999999	EXP	text: flipVert = false
128.5830249999999	EXP	text_3: units = "height"
128.5830249999999	EXP	text_3: ori = 0
128.5830249999999	EXP	text_3: opacity = 1
128.5830249999999	EXP	text_3: pos = [0,0]
128.5830249999999	EXP	text_3: size = undefined
128.5830249999999	EXP	text_3: text = ""
128.5830249999999	EXP	text_3: font = "Arial"
128.5830249999999	EXP	text_3: color = {"_hex":"#FFFFFF","_rgb":[1,1,1]}
128.5830249999999	EXP	text_3: contrast = 1
128.5830249999999	EXP	text_3: height = 0.1
128.5830249999999	EXP	text_3: bold = false
128.5830249999999	EXP	text_3: italic = false
128.5830249999999	EXP	text_3: alignHoriz = "left"
128.5830249999999	EXP	text_3: alignVert = "center"
128.5830249999999	EXP	text_3: wrapWidth = 1
128.5830249999999	EXP	text_3: flipHoriz = false
128.5830249999999	EXP	text_3: flipVert = false
128.5830249999999	EXP	text_2: units = "height"
128.5830249999999	EXP	text_2: ori = 0
128.5830249999999	EXP	text_2: opacity = 1
128.5830249999999	EXP	text_2: pos = [0,0]
128.5830249999999	EXP	text_2: size = undefined
128.5830249999999	EXP	text_2: text = "default text"
128.5830249999999	EXP	text_2: font = "Arial"
128.5830249999999	EXP	text_2: color = {"_rgb":[1,0,0]}
128.5830249999999	EXP	text_2: contrast = 1
128.5830249999999	EXP	text_2: height = 0.15
128.5830249999999	EXP	text_2: bold = false
128.5830249999999	EXP	text_2: italic = false
128.5830249999999	EXP	text_2: alignHoriz = "left"
128.5830249999999	EXP	text_2: alignVert = "center"
128.5830249999999	EXP	text_2: wrapWidth = 1
128.5830249999999	EXP	text_2: flipHoriz = false
128.5830249999999	EXP	text_2: flipVert = false
128.5830249999999	EXP	Feedback: units = "height"
128.5830249999999	EXP	Feedback: ori = 0
128.5830249999999	EXP	Feedback: opacity = 1
128.5830249999999	EXP	Feedback: pos = [0,0]
128.5830249999999	EXP	Feedback: size = undefined
128.5830249999999	EXP	Feedback: text = "default text"
128.5830249999999	EXP	Feedback: font = "Arial"
128.5830249999999	EXP	Feedback: color = {"_rgb":[1,0,0]}
128.5830249999999	EXP	Feedback: contrast = 1
128.5830249999999	EXP	Feedback: height = 0.15
128.5830249999999	EXP	Feedback: bold = false
128.5830249999999	EXP	Feedback: italic = false
128.5830249999999	EXP	Feedback: alignHoriz = "left"
128.5830249999999	EXP	Feedback: alignVert = "center"
128.5830249999999	EXP	Feedback: wrapWidth = 1
128.5830249999999	EXP	Feedback: flipHoriz = false
128.5830249999999	EXP	Feedback: flipVert = false
128.5830249999999	EXP	End_text: units = "height"
128.5830249999999	EXP	End_text: ori = 0
128.5830249999999	EXP	End_text: opacity = 1
128.5830249999999	EXP	End_text: pos = [0,0]
128.5830249999999	EXP	End_text: size = undefined
128.5830249999999	EXP	End_text: text = "This study aimed to look at procedural learning, i.e. our ability to extract patterns from the input that we are constantly receiving. This skill is thought to be essential for language and literacy acquisition and has been suggested as a possible underlying difficult in children with Language Impairments and Dyslexia. This study aims to improve the measures of procedural learning (the smiley face task) so that we can measure procedural learning more reliably and, in the future, analyse the performance of individuals with learning impairments.\nThank you for participating!\n\n----\n\nEste estudo tem como objectivo analisar a nossa capacidade de extrair padrões da informação que estamos constantemente a receber. Pensa-se que esta competência é essencial para a aquisição da linguagem e literacia e foi sugerido que dificuldades neste tipo de competências poderá estar relacionado com perturbações da linguagem e Dislexia. Este estudo tem como objectivo melhorar a estabilidade das medidas usadas para medir este tipo de memória (a tarefa da cara sorridente) de forma a poder medir de forma mais precisa e, no futuro, analisar a performance de indivíduos com perturbações da aprendizagem. \nMuito obrigada por ter participado!"
128.5830249999999	EXP	End_text: font = "Arial"
128.5830249999999	EXP	End_text: color = {"_hex":"#FFFFFF","_rgb":[1,1,1]}
128.5830249999999	EXP	End_text: contrast = 1
128.5830249999999	EXP	End_text: height = 0.025
128.5830249999999	EXP	End_text: bold = false
128.5830249999999	EXP	End_text: italic = false
128.5830249999999	EXP	End_text: alignHoriz = "left"
128.5830249999999	EXP	End_text: alignVert = "center"
128.5830249999999	EXP	End_text: wrapWidth = 1
128.5830249999999	EXP	End_text: flipHoriz = false
128.5830249999999	EXP	End_text: flipVert = false
128.5830249999999	EXP	text: autoDraw = true
130.9401599999983	DATA	Keydown:  
130.95686500001466	EXP	text: autoDraw = false
130.95686500001466	EXP	text_3: autoDraw = true
139.83472499999334	EXP	text_3: autoDraw = false
139.83472499999334	EXP	text_3: autoDraw = false
139.83472499999334	EXP	text_2: autoDraw = true
139.83472499999334	EXP	text_2: text = 0
139.84724000000278	EXP	text_2: text = 50
139.8639400000102	EXP	text_2: text = 67
139.88079500000458	EXP	text_2: text = 83
139.8978749999951	EXP	text_2: text = 100
139.91448999999557	EXP	text_2: text = 116
139.93069000000833	EXP	text_2: text = 133
139.9486850000103	EXP	text_2: text = 150
139.96416000000318	EXP	text_2: text = 166
139.98064500000328	EXP	text_2: text = 183
139.99757999999565	EXP	text_2: text = 200
140.01430999999866	EXP	text_2: text = 216
140.03087000001688	EXP	text_2: text = 233
140.0473350000102	EXP	text_2: text = 250
140.0645599999989	EXP	text_2: text = 267
140.080890000012	EXP	text_2: text = 283
140.09776999999303	EXP	text_2: text = 300
140.1139400000102	EXP	text_2: text = 316
140.1309900000051	EXP	text_2: text = 333
140.1477250000171	EXP	text_2: text = 350
140.1645450000069	EXP	text_2: text = 366
140.18072999999276	EXP	text_2: text = 383
140.19746500000474	EXP	text_2: text = 400
140.2151850000082	EXP	text_2: text = 417
140.23130000001402	EXP	text_2: text = 433
140.24752999999328	EXP	text_2: text = 450
140.26424499999848	EXP	text_2: text = 467
140.28061000001617	EXP	text_2: text = 483
140.29728500000783	EXP	text_2: text = 500
140.31396500000847	EXP	text_2: text = 516
140.33079000000726	EXP	text_2: text = 533
140.34746499999892	EXP	text_2: text = 550
140.36423999999533	EXP	text_2: text = 567
140.3808250000002	EXP	text_2: text = 583
140.39748499999405	EXP	text_2: text = 600
140.41425000000163	EXP	text_2: text = 616
140.4311400000006	EXP	text_2: text = 633
140.44793500000378	EXP	text_2: text = 650
140.46414500000537	EXP	text_2: text = 667
140.4808400000038	EXP	text_2: text = 683
140.49759499999345	EXP	text_2: text = 700
140.51433000000543	EXP	text_2: text = 716
140.53071500000078	EXP	text_2: text = 733
140.547350000008	EXP	text_2: text = 750
140.56422500000917	EXP	text_2: text = 767
140.58103500001016	EXP	text_2: text = 783
140.59760999999708	EXP	text_2: text = 800
140.61409499999718	EXP	text_2: text = 816
140.6310999999987	EXP	text_2: text = 833
140.64772000000812	EXP	text_2: text = 850
140.6640250000055	EXP	text_2: text = 866
140.68016000001808	EXP	text_2: text = 883
140.6975800000073	EXP	text_2: text = 900
140.71439000000828	EXP	text_2: text = 916
140.73089500001515	EXP	text_2: text = 933
140.74730000001728	EXP	text_2: text = 950
140.7640100000135	EXP	text_2: text = 966
140.78078500000993	EXP	text_2: text = 983
140.79774500001804	EXP	text_2: text = 1000
140.8144200000097	EXP	text_2: text = 1017
140.83084999999846	EXP	text_2: text = 1033
140.84737999999197	EXP	text_2: text = 1050
140.8648749999993	EXP	text_2: text = 1067
140.88092500000494	EXP	text_2: text = 1083
140.89784000001964	EXP	text_2: text = 1100
140.91502499999478	EXP	text_2: text = 1117
140.9308149999997	EXP	text_2: text = 1133
140.94805999999517	EXP	text_2: text = 1150
140.96453500000644	EXP	text_2: text = 1167
140.98057000001427	EXP	text_2: text = 1183
140.99753500000224	EXP	text_2: text = 1200
141.01417500001844	EXP	text_2: text = 1216
141.03093999999692	EXP	text_2: text = 1233
141.04779500002041	EXP	text_2: text = 1250
141.06468500001938	EXP	text_2: text = 1267
141.08119500000612	EXP	text_2: text = 1283
141.08527500001946	DATA	Keydown:  
141.0992649999971	EXP	text_2: text = 1300
141.0992649999971	EXP	text_2: autoDraw = false
141.0992649999971	EXP	Feedback: text = 1252
141.0992649999971	EXP	Feedback: autoDraw = true
142.09896999999182	EXP	Feedback: autoDraw = false
142.09896999999182	EXP	Feedback: autoDraw = false
142.09896999999182	EXP	text_3: autoDraw = true
146.39879000000656	EXP	text_3: autoDraw = false
146.39879000000656	EXP	text_3: autoDraw = false
146.39879000000656	EXP	text_2: autoDraw = true
146.39879000000656	EXP	text_2: text = 0
146.41466000000946	EXP	text_2: text = 16
146.43155999999726	EXP	text_2: text = 33
146.44779000000563	EXP	text_2: text = 50
146.46428499999456	EXP	text_2: text = 66
146.48102999999537	EXP	text_2: text = 83
146.49748000002	EXP	text_2: text = 100
146.5145049999992	EXP	text_2: text = 116
146.53072000000975	EXP	text_2: text = 133
146.54753000001074	EXP	text_2: text = 150
146.56475499999942	EXP	text_2: text = 166
146.5812900000019	EXP	text_2: text = 183
146.59767499999725	EXP	text_2: text = 200
146.61464000001433	EXP	text_2: text = 216
146.6311299999943	EXP	text_2: text = 233
146.64756000001216	EXP	text_2: text = 250
146.66460499999812	EXP	text_2: text = 266
146.68074999999953	EXP	text_2: text = 283
146.69776000001002	EXP	text_2: text = 300
146.71491500001866	EXP	text_2: text = 316
146.73108500000671	EXP	text_2: text = 333
146.74750500000664	EXP	text_2: text = 350
146.7643950000056	EXP	text_2: text = 366
146.78142499999376	EXP	text_2: text = 383
146.7977799999935	EXP	text_2: text = 400
146.8142050000024	EXP	text_2: text = 416
146.8309050000098	EXP	text_2: text = 433
146.84759499999927	EXP	text_2: text = 450
146.864659999992	EXP	text_2: text = 466
146.8779499999946	DATA	Keydown: b
146.87820000000647	DATA	Keydown:  
146.8826800000097	EXP	text_2: text = 483
146.8826800000097	EXP	text_2: autoDraw = false
146.8826800000097	EXP	Feedback: text = 480
146.8826800000097	EXP	Feedback: autoDraw = true
147.8809750000073	EXP	Feedback: autoDraw = false
147.8809750000073	EXP	Feedback: autoDraw = false
147.8809750000073	EXP	text_3: autoDraw = true
153.98172500001965	EXP	text_3: autoDraw = false
153.98172500001965	EXP	text_3: autoDraw = false
153.98172500001965	EXP	text_2: autoDraw = true
153.98172500001965	EXP	text_2: text = 0
153.99768500000937	EXP	text_2: text = 17
154.0147949999955	EXP	text_2: text = 33
154.03141500000493	EXP	text_2: text = 50
154.04762500000652	EXP	text_2: text = 67
154.0645450000011	EXP	text_2: text = 83
154.08117499999935	EXP	text_2: text = 100
154.09786500001792	EXP	text_2: text = 117
154.11466500000097	EXP	text_2: text = 133
154.13130999999703	EXP	text_2: text = 150
154.1478300000017	EXP	text_2: text = 167
154.1647300000186	EXP	text_2: text = 183
154.18114500000956	EXP	text_2: text = 200
154.19797000000835	EXP	text_2: text = 217
154.21483000001172	EXP	text_2: text = 233
154.23155500000576	EXP	text_2: text = 250
154.24824499999522	EXP	text_2: text = 267
154.26453000001493	EXP	text_2: text = 283
154.2811600000132	EXP	text_2: text = 300
154.29784000001382	EXP	text_2: text = 317
154.3147450000106	EXP	text_2: text = 333
154.3314600000158	EXP	text_2: text = 350
154.34806000001845	EXP	text_2: text = 367
154.36467000000994	EXP	text_2: text = 383
154.3813599999994	EXP	text_2: text = 400
154.38860500001465	DATA	Keydown:  
154.39926999999443	EXP	text_2: text = 417
154.39926999999443	EXP	text_2: autoDraw = false
154.39926999999443	EXP	Feedback: text = 407
154.39926999999443	EXP	Feedback: autoDraw = true
155.39751500001876	EXP	Feedback: autoDraw = false
155.39751500001876	EXP	Feedback: autoDraw = false
155.39751500001876	EXP	text_3: autoDraw = true
158.53205999999773	EXP	text_3: autoDraw = false
158.53205999999773	EXP	text_3: autoDraw = false
158.53205999999773	EXP	text_2: autoDraw = true
158.53205999999773	EXP	text_2: text = 0
158.54824500001268	EXP	text_2: text = 17
158.56471999999485	EXP	text_2: text = 33
158.58166500000516	EXP	text_2: text = 50
158.59802500001388	EXP	text_2: text = 66
158.61449999999604	EXP	text_2: text = 83
158.63133999999263	EXP	text_2: text = 100
158.64814999999362	EXP	text_2: text = 117
158.66466000000946	EXP	text_2: text = 133
158.68173000001116	EXP	text_2: text = 150
158.6982549999957	EXP	text_2: text = 167
158.71504500001902	EXP	text_2: text = 183
158.73141999999643	EXP	text_2: text = 200
158.74822999999742	EXP	text_2: text = 217
158.76488500001142	EXP	text_2: text = 233
158.7814800000051	EXP	text_2: text = 250
158.79812500000116	EXP	text_2: text = 267
158.81461000000127	EXP	text_2: text = 283
158.83138000001782	EXP	text_2: text = 300
158.84820999999647	EXP	text_2: text = 317
158.86490000001504	EXP	text_2: text = 333
158.88137000001734	EXP	text_2: text = 350
158.8983050000097	EXP	text_2: text = 366
158.9148850000056	EXP	text_2: text = 383
158.93168000000878	EXP	text_2: text = 400
158.9482250000001	EXP	text_2: text = 417
158.96486999999615	EXP	text_2: text = 433
158.98197500000242	EXP	text_2: text = 450
158.99796000000788	EXP	text_2: text = 466
159.01472500001546	EXP	text_2: text = 483
159.0315549999941	EXP	text_2: text = 500
159.04388499999186	DATA	Keydown:  
159.04932499999995	EXP	text_2: text = 517
159.04932499999995	EXP	text_2: autoDraw = false
159.04932499999995	EXP	Feedback: text = 512
159.04932499999995	EXP	Feedback: autoDraw = true
160.04808000000776	EXP	Feedback: autoDraw = false
160.04808000000776	EXP	Feedback: autoDraw = false
160.04808000000776	EXP	text_3: autoDraw = true
165.49917500000447	EXP	text_3: autoDraw = false
165.49917500000447	EXP	text_3: autoDraw = false
165.49917500000447	EXP	text_2: autoDraw = true
165.49917500000447	EXP	text_2: text = 0
165.51498500001617	EXP	text_2: text = 16
165.53121499999543	EXP	text_2: text = 33
165.5483649999951	EXP	text_2: text = 50
165.5654950000171	EXP	text_2: text = 67
165.58159000001615	EXP	text_2: text = 83
165.5981150000007	EXP	text_2: text = 100
165.61516000001575	EXP	text_2: text = 117
165.63201000000117	EXP	text_2: text = 133
165.64868499999284	EXP	text_2: text = 150
165.6653900000092	EXP	text_2: text = 167
165.68163500001538	EXP	text_2: text = 183
165.69859499999438	EXP	text_2: text = 200
165.7150299999921	EXP	text_2: text = 217
165.7317000000039	EXP	text_2: text = 233
165.7483249999932	EXP	text_2: text = 250
165.76524999999674	EXP	text_2: text = 267
165.78173000001698	EXP	text_2: text = 283
165.79842000000644	EXP	text_2: text = 300
165.81251000001794	DATA	Keydown:  
165.81638500001281	EXP	text_2: text = 317
165.81638500001281	EXP	text_2: autoDraw = false
165.81638500001281	EXP	Feedback: text = 313
165.81638500001281	EXP	Feedback: autoDraw = true
166.81452499999432	EXP	Feedback: autoDraw = false
166.81452499999432	EXP	Feedback: autoDraw = false
166.81452499999432	EXP	text_3: autoDraw = true
175.2832950000011	EXP	text_3: autoDraw = false
175.2832950000011	EXP	text_3: autoDraw = false
175.2832950000011	EXP	text_2: autoDraw = true
175.2832950000011	EXP	text_2: text = 0
175.29823000001488	EXP	text_2: text = 16
175.3157099999953	EXP	text_2: text = 33
175.3315500000026	EXP	text_2: text = 50
175.34892000001855	EXP	text_2: text = 67
175.36520500000915	EXP	text_2: text = 83
175.3819749999966	EXP	text_2: text = 100
175.39865000001737	EXP	text_2: text = 117
175.4152549999999	EXP	text_2: text = 133
175.43197500001406	EXP	text_2: text = 150
175.4487300000037	EXP	text_2: text = 167
175.46545000001788	EXP	text_2: text = 183
175.48167999999714	EXP	text_2: text = 200
175.49905000001309	EXP	text_2: text = 217
175.51542000001064	EXP	text_2: text = 233
175.5316800000146	EXP	text_2: text = 250
175.5489950000192	EXP	text_2: text = 267
175.5653900000034	EXP	text_2: text = 283
175.5822099999932	EXP	text_2: text = 300
175.5880049999978	DATA	Keydown:  
175.59973499999614	EXP	text_2: text = 317
175.59973499999614	EXP	text_2: autoDraw = false
175.59973499999614	EXP	Feedback: text = 305
175.59973499999614	EXP	Feedback: autoDraw = true
176.5988950000028	EXP	Feedback: autoDraw = false
176.5988950000028	EXP	Feedback: autoDraw = false
176.5988950000028	EXP	text_3: autoDraw = true
180.6997450000199	EXP	text_3: autoDraw = false
180.6997450000199	EXP	text_3: autoDraw = false
180.6997450000199	EXP	text_2: autoDraw = true
180.6997450000199	EXP	text_2: text = 0
180.71520500001498	EXP	text_2: text = 17
180.732560000004	EXP	text_2: text = 33
180.74913000001106	EXP	text_2: text = 50
180.76575500000035	EXP	text_2: text = 67
180.7820050000155	EXP	text_2: text = 83
180.79875499999616	EXP	text_2: text = 100
180.81565500001307	EXP	text_2: text = 117
180.83244500000728	EXP	text_2: text = 133
180.84887499999604	EXP	text_2: text = 150
180.86576000001514	EXP	text_2: text = 167
180.88249000001815	EXP	text_2: text = 183
180.89917000001878	EXP	text_2: text = 200
180.91539999999804	EXP	text_2: text = 217
180.93245500000194	EXP	text_2: text = 233
180.94886000000406	EXP	text_2: text = 250
180.96556000001146	EXP	text_2: text = 267
180.98227999999654	EXP	text_2: text = 283
180.99882999999681	EXP	text_2: text = 300
181.01554500000202	EXP	text_2: text = 317
181.03257999999914	EXP	text_2: text = 333
181.04887500000768	EXP	text_2: text = 350
181.0654349999968	EXP	text_2: text = 367
181.08220000000438	EXP	text_2: text = 383
181.08454999999958	DATA	Keydown:  
181.09995999999228	EXP	text_2: text = 400
181.09995999999228	EXP	text_2: autoDraw = false
181.09995999999228	EXP	Feedback: text = 385
181.09995999999228	EXP	Feedback: autoDraw = true
182.09869000001345	EXP	Feedback: autoDraw = false
182.09869000001345	EXP	Feedback: autoDraw = false
182.09869000001345	EXP	text_3: autoDraw = true
188.7166300000099	EXP	text_3: autoDraw = false
188.7166300000099	EXP	text_3: autoDraw = false
188.7166300000099	EXP	text_2: autoDraw = true
188.7166300000099	EXP	text_2: text = 0
188.7327300000179	EXP	text_2: text = 17
188.74921999999788	EXP	text_2: text = 33
188.76615000001038	EXP	text_2: text = 50
188.78248500000336	EXP	text_2: text = 67
188.79944500001147	EXP	text_2: text = 83
188.8159250000026	EXP	text_2: text = 100
188.832779999997	EXP	text_2: text = 117
188.8494500000088	EXP	text_2: text = 133
188.86602499999572	EXP	text_2: text = 150
188.88248500000918	EXP	text_2: text = 167
188.89942000000156	EXP	text_2: text = 183
188.9158999999927	EXP	text_2: text = 200
188.93274000001838	EXP	text_2: text = 217
188.94917000000714	EXP	text_2: text = 233
188.965830000001	EXP	text_2: text = 250
188.98283500000252	EXP	text_2: text = 267
188.99616500001866	DATA	Keydown:  
189.00039000000106	EXP	text_2: text = 283
189.00039000000106	EXP	text_2: autoDraw = false
189.00039000000106	EXP	Feedback: text = 280
189.00039000000106	EXP	Feedback: autoDraw = true
189.99897499999497	EXP	Feedback: autoDraw = false
189.99897499999497	EXP	Feedback: autoDraw = false
189.99897499999497	EXP	text_3: autoDraw = true
197.06693000000087	EXP	text_3: autoDraw = false
197.06693000000087	EXP	text_3: autoDraw = false
197.06693000000087	EXP	text_2: autoDraw = true
197.06693000000087	EXP	text_2: text = 0
197.08256999999867	EXP	text_2: text = 17
197.09974999999395	EXP	text_2: text = 33
197.1165350000083	EXP	text_2: text = 50
197.13302999999723	EXP	text_2: text = 67
197.14947000000393	EXP	text_2: text = 83
197.16623000000254	EXP	text_2: text = 100
197.18304999999236	EXP	text_2: text = 117
197.1990550000046	EXP	text_2: text = 133
197.2164300000004	EXP	text_2: text = 150
197.23305000000983	EXP	text_2: text = 167
197.24939000001177	EXP	text_2: text = 183
197.26652500001364	EXP	text_2: text = 200
197.2830950000207	EXP	text_2: text = 217
197.29951000001165	EXP	text_2: text = 233
197.31614999999874	EXP	text_2: text = 250
197.3327649999992	EXP	text_2: text = 267
197.3492649999971	EXP	text_2: text = 283
197.35654000000795	DATA	Keydown:  
197.36736999999266	EXP	text_2: text = 300
197.36736999999266	EXP	text_2: autoDraw = false
197.36736999999266	EXP	Feedback: text = 290
197.36736999999266	EXP	Feedback: autoDraw = true
198.36605500002042	EXP	Feedback: autoDraw = false
198.36605500002042	EXP	Feedback: autoDraw = false
198.36605500002042	EXP	text_3: autoDraw = true
204.9175249999971	EXP	text_3: autoDraw = false
204.9175249999971	EXP	text_3: autoDraw = false
204.9175249999971	EXP	text_2: autoDraw = true
204.9175249999971	EXP	text_2: text = 0
204.93298000001232	EXP	text_2: text = 17
204.94969500001753	EXP	text_2: text = 33
204.96616500001983	EXP	text_2: text = 50
204.98312499999884	EXP	text_2: text = 67
204.99981999999727	EXP	text_2: text = 83
205.01644500001566	EXP	text_2: text = 100
205.03271500000847	EXP	text_2: text = 117
205.0499650000129	EXP	text_2: text = 133
205.06664000000455	EXP	text_2: text = 150
205.08276000001933	EXP	text_2: text = 167
205.09964000000036	EXP	text_2: text = 183
205.1166099999973	EXP	text_2: text = 200
205.1325599999982	EXP	text_2: text = 217
205.14948500000173	EXP	text_2: text = 233
205.16631000000052	EXP	text_2: text = 250
205.1832600000198	EXP	text_2: text = 267
205.1999150000047	EXP	text_2: text = 283
205.2120799999975	DATA	Keydown:  
205.2178750000021	EXP	text_2: text = 300
205.2178750000021	EXP	text_2: autoDraw = false
205.2178750000021	EXP	Feedback: text = 295
205.2178750000021	EXP	Feedback: autoDraw = true
206.2170449999976	EXP	Feedback: autoDraw = false
206.2170449999976	EXP	Feedback: autoDraw = false
206.2170449999976	EXP	text_3: autoDraw = true
211.40108500001952	EXP	text_3: autoDraw = false
211.40108500001952	EXP	text_3: autoDraw = false
211.40108500001952	EXP	text_2: autoDraw = true
211.40108500001952	EXP	text_2: text = 0
211.41623000000254	EXP	text_2: text = 16
211.43286500000977	EXP	text_2: text = 33
211.4496700000018	EXP	text_2: text = 50
211.4660600000061	EXP	text_2: text = 67
211.48325000001932	EXP	text_2: text = 83
211.49988000001758	EXP	text_2: text = 100
211.51665000000503	EXP	text_2: text = 117
211.53297500000917	EXP	text_2: text = 133
211.55003000001307	EXP	text_2: text = 150
211.56668499999796	EXP	text_2: text = 167
211.58339000001433	EXP	text_2: text = 183
211.5995399999956	EXP	text_2: text = 200
211.6160600000003	EXP	text_2: text = 216
211.6334499999939	EXP	text_2: text = 233
211.65030000000843	EXP	text_2: text = 250
211.66680999999517	EXP	text_2: text = 267
211.6832600000198	EXP	text_2: text = 283
211.70027500001015	EXP	text_2: text = 300
211.70202500000596	DATA	Keydown:  
211.71843000000808	EXP	text_2: text = 317
211.71843000000808	EXP	text_2: autoDraw = false
211.71843000000808	EXP	Feedback: text = 301
211.71843000000808	EXP	Feedback: autoDraw = true
212.71616000001086	EXP	Feedback: autoDraw = false
212.71616000001086	EXP	Feedback: autoDraw = false
212.71616000001086	EXP	text_3: autoDraw = true
221.63446000000113	EXP	text_3: autoDraw = false
221.63446000000113	EXP	text_3: autoDraw = false
221.63446000000113	EXP	text_2: autoDraw = true
221.63446000000113	EXP	text_2: text = 0
221.64996000000974	EXP	text_2: text = 17
221.66698500001803	EXP	text_2: text = 33
221.68319000001065	EXP	text_2: text = 50
221.7001900000032	EXP	text_2: text = 67
221.71706500000437	EXP	text_2: text = 83
221.73360000000685	EXP	text_2: text = 100
221.74989000000642	EXP	text_2: text = 117
221.76725999999326	EXP	text_2: text = 133
221.78366499999538	EXP	text_2: text = 150
221.8005300000077	EXP	text_2: text = 167
221.81703999999445	EXP	text_2: text = 183
221.83320500000264	EXP	text_2: text = 200
221.8504799999937	EXP	text_2: text = 217
221.86728000000585	EXP	text_2: text = 233
221.88372000001254	EXP	text_2: text = 250
221.9003050000174	EXP	text_2: text = 267
221.91732500001672	EXP	text_2: text = 283
221.9250999999931	DATA	Keydown:  
221.9348900000041	EXP	text_2: text = 300
221.9348900000041	EXP	text_2: autoDraw = false
221.9348900000041	EXP	Feedback: text = 291
221.9348900000041	EXP	Feedback: autoDraw = true
222.9332449999929	EXP	Feedback: autoDraw = false
222.9332449999929	EXP	Feedback: autoDraw = false
222.9332449999929	EXP	text_3: autoDraw = true
230.23442500000237	EXP	text_3: autoDraw = false
230.23442500000237	EXP	text_3: autoDraw = false
230.23442500000237	EXP	text_2: autoDraw = true
230.23442500000237	EXP	text_2: text = 0
230.25034500000766	EXP	text_2: text = 17
230.26711000001524	EXP	text_2: text = 33
230.2836300000199	EXP	text_2: text = 50
230.3005000000121	EXP	text_2: text = 66
230.31745500001125	EXP	text_2: text = 83
230.33391000001575	EXP	text_2: text = 100
230.35003000000142	EXP	text_2: text = 117
230.367425000004	EXP	text_2: text = 133
230.38398499999312	EXP	text_2: text = 150
230.4006250000093	EXP	text_2: text = 167
230.41695000001346	EXP	text_2: text = 183
230.43418999999994	EXP	text_2: text = 200
230.45075499999803	EXP	text_2: text = 217
230.46737500000745	EXP	text_2: text = 233
230.48406499999692	EXP	text_2: text = 250
230.50042500000563	EXP	text_2: text = 267
230.5081899999932	DATA	Keydown:  
230.51912000001175	EXP	text_2: text = 283
230.51912000001175	EXP	text_2: autoDraw = false
230.51912000001175	EXP	Feedback: text = 274
230.51912000001175	EXP	Feedback: autoDraw = true
231.5168399999966	EXP	Feedback: autoDraw = false
231.5168399999966	EXP	Feedback: autoDraw = false
231.5168399999966	EXP	text_3: autoDraw = true
236.7345900000073	EXP	text_3: autoDraw = false
236.7345900000073	EXP	text_3: autoDraw = false
236.7345900000073	EXP	text_2: autoDraw = true
236.7345900000073	EXP	text_2: text = 0
236.75039000000106	EXP	text_2: text = 17
236.7673150000046	EXP	text_2: text = 33
236.7839700000186	EXP	text_2: text = 50
236.80087500001537	EXP	text_2: text = 67
236.81740500000888	EXP	text_2: text = 83
236.83415999999852	EXP	text_2: text = 100
236.85080000001471	EXP	text_2: text = 117
236.86732499999925	EXP	text_2: text = 133
236.8842500000028	EXP	text_2: text = 150
236.90074000001187	EXP	text_2: text = 167
236.9174650000059	EXP	text_2: text = 183
236.93465999999898	EXP	text_2: text = 200
236.95040000000154	EXP	text_2: text = 217
236.96740500000305	EXP	text_2: text = 233
236.98398000001907	EXP	text_2: text = 250
237.00075999999535	EXP	text_2: text = 267
237.01742000001832	EXP	text_2: text = 283
237.03403500001878	EXP	text_2: text = 300
237.03625000000466	DATA	Keydown:  
237.05149000001256	EXP	text_2: text = 317
237.05149000001256	EXP	text_2: autoDraw = false
237.05149000001256	EXP	Feedback: text = 302
237.05149000001256	EXP	Feedback: autoDraw = true
238.050344999996	EXP	Feedback: autoDraw = false
238.050344999996	EXP	Feedback: autoDraw = false
238.050344999996	EXP	text_3: autoDraw = true
246.21882000000915	EXP	text_3: autoDraw = false
246.21882000000915	EXP	text_3: autoDraw = false
246.21882000000915	EXP	text_2: autoDraw = true
246.21882000000915	EXP	text_2: text = 0
246.23421500000404	EXP	text_2: text = 17
246.25036500001443	EXP	text_2: text = 33
246.2675300000119	EXP	text_2: text = 50
246.28401999999187	EXP	text_2: text = 67
246.30076000001281	EXP	text_2: text = 83
246.3175700000138	EXP	text_2: text = 100
246.33421500000986	EXP	text_2: text = 117
246.35068500001216	EXP	text_2: text = 133
246.3677350000071	EXP	text_2: text = 150
246.38464500001282	EXP	text_2: text = 167
246.40126499999315	EXP	text_2: text = 183
246.41810500001884	EXP	text_2: text = 200
246.43458500000997	EXP	text_2: text = 217
246.45154999999795	EXP	text_2: text = 233
246.46799000000465	EXP	text_2: text = 250
246.4847900000168	EXP	text_2: text = 267
246.50079499999993	EXP	text_2: text = 283
246.50954500000807	DATA	Keydown:  
246.5191899999918	EXP	text_2: text = 300
246.5191899999918	EXP	text_2: autoDraw = false
246.5191899999918	EXP	Feedback: text = 291
246.5191899999918	EXP	Feedback: autoDraw = true
247.517285000009	EXP	Feedback: autoDraw = false
247.517285000009	EXP	Feedback: autoDraw = false
247.517285000009	EXP	text_3: autoDraw = true
250.98548999999184	EXP	text_3: autoDraw = false
250.98548999999184	EXP	text_3: autoDraw = false
250.98548999999184	EXP	text_2: autoDraw = true
250.98548999999184	EXP	text_2: text = 0
251.0009049999935	EXP	text_2: text = 17
251.01784499999485	EXP	text_2: text = 33
251.03456500000902	EXP	text_2: text = 50
251.05061999999452	EXP	text_2: text = 67
251.0678150000167	EXP	text_2: text = 83
251.08478999999352	EXP	text_2: text = 100
251.10100500000408	EXP	text_2: text = 117
251.1184850000136	EXP	text_2: text = 133
251.13463000001502	EXP	text_2: text = 150
251.15106500001275	EXP	text_2: text = 167
251.16804000001866	EXP	text_2: text = 183
251.18457000001217	EXP	text_2: text = 200
251.200760000007	EXP	text_2: text = 217
251.21768000000156	EXP	text_2: text = 233
251.234930000006	EXP	text_2: text = 250
251.2514150000061	EXP	text_2: text = 266
251.26803500001552	EXP	text_2: text = 283
251.28468000001158	EXP	text_2: text = 300
251.2861799999955	DATA	Keydown:  
251.30277999999817	EXP	text_2: text = 317
251.30277999999817	EXP	text_2: autoDraw = false
251.30277999999817	EXP	Feedback: text = 301
251.30277999999817	EXP	Feedback: autoDraw = true
252.30093500000658	EXP	Feedback: autoDraw = false
252.30093500000658	EXP	Feedback: autoDraw = false
252.30093500000658	EXP	text_3: autoDraw = true
262.268945000018	EXP	text_3: autoDraw = false
262.268945000018	EXP	text_3: autoDraw = false
262.268945000018	EXP	text_2: autoDraw = true
262.268945000018	EXP	text_2: text = 0
262.284169999999	EXP	text_2: text = 17
262.30138499999885	EXP	text_2: text = 33
262.3179400000081	EXP	text_2: text = 50
262.3357300000207	EXP	text_2: text = 67
262.3510149999929	EXP	text_2: text = 83
262.36853999999585	EXP	text_2: text = 100
262.38469000000623	EXP	text_2: text = 117
262.40181999999913	EXP	text_2: text = 133
262.4186300000001	EXP	text_2: text = 150
262.4351800000004	EXP	text_2: text = 167
262.4519900000014	EXP	text_2: text = 183
262.4683050000167	EXP	text_2: text = 200
262.4852550000069	EXP	text_2: text = 217
262.5010000000184	EXP	text_2: text = 233
262.51827500000945	EXP	text_2: text = 250
262.5349500000011	EXP	text_2: text = 267
262.548609999998	DATA	Keydown:  
262.5532799999928	EXP	text_2: text = 283
262.5532799999928	EXP	text_2: autoDraw = false
262.5532799999928	EXP	Feedback: text = 280
262.5532799999928	EXP	Feedback: autoDraw = true
263.5512849999941	EXP	Feedback: autoDraw = false
263.5512849999941	EXP	Feedback: autoDraw = false
263.5512849999941	EXP	text_3: autoDraw = true
266.0356749999919	EXP	text_3: autoDraw = false
266.0356749999919	EXP	text_3: autoDraw = false
266.0356749999919	EXP	text_2: autoDraw = true
266.0356749999919	EXP	text_2: text = 0
266.05151000001933	EXP	text_2: text = 17
266.06860500000766	EXP	text_2: text = 33
266.08511000001454	EXP	text_2: text = 50
266.1011100000178	EXP	text_2: text = 67
266.11843000000226	EXP	text_2: text = 83
266.1352900000056	EXP	text_2: text = 100
266.15178499999456	EXP	text_2: text = 117
266.1687700000184	EXP	text_2: text = 133
266.1854100000055	EXP	text_2: text = 150
266.2018500000122	EXP	text_2: text = 167
266.2187050000066	EXP	text_2: text = 183
266.23511999999755	EXP	text_2: text = 200
266.25188500000513	EXP	text_2: text = 217
266.26850500001456	EXP	text_2: text = 233
266.28505500001484	EXP	text_2: text = 250
266.3018400000001	EXP	text_2: text = 267
266.3186750000168	EXP	text_2: text = 283
266.3354350000154	EXP	text_2: text = 300
266.35176499999943	EXP	text_2: text = 317
266.3686400000006	EXP	text_2: text = 333
266.38532000000123	EXP	text_2: text = 350
266.4013299999933	EXP	text_2: text = 367
266.4114699999918	DATA	Keydown:  
266.4204350000073	EXP	text_2: text = 384
266.4204350000073	EXP	text_2: autoDraw = false
266.4204350000073	EXP	Feedback: text = 376
266.4204350000073	EXP	Feedback: autoDraw = true
267.4179250000161	EXP	Feedback: autoDraw = false
267.4179250000161	EXP	Feedback: autoDraw = false
267.4179250000161	EXP	text_3: autoDraw = true
270.85277500000666	EXP	text_3: autoDraw = false
270.85277500000666	EXP	text_3: autoDraw = false
270.85277500000666	EXP	text_2: autoDraw = true
270.85277500000666	EXP	text_2: text = 0
270.86832500001765	EXP	text_2: text = 17
270.8853550000058	EXP	text_2: text = 33
270.9019200000039	EXP	text_2: text = 50
270.9186500000069	EXP	text_2: text = 67
270.93552500000806	EXP	text_2: text = 83
270.95179500000086	EXP	text_2: text = 100
270.96830999999656	EXP	text_2: text = 117
270.9855300000054	EXP	text_2: text = 133
271.00177500001155	EXP	text_2: text = 150
271.01854000001913	EXP	text_2: text = 167
271.03570000000764	EXP	text_2: text = 183
271.05216500000097	EXP	text_2: text = 200
271.0686799999967	EXP	text_2: text = 217
271.0858100000187	EXP	text_2: text = 233
271.1020300000091	EXP	text_2: text = 250
271.11871000000974	EXP	text_2: text = 267
271.1358199999959	EXP	text_2: text = 284
271.15234000000055	EXP	text_2: text = 300
271.1681600000011	EXP	text_2: text = 317
271.1720750000095	DATA	Keydown:  
271.1871450000035	EXP	text_2: text = 333
271.1871450000035	EXP	text_2: autoDraw = false
271.1871450000035	EXP	Feedback: text = 319
271.1871450000035	EXP	Feedback: autoDraw = true
272.1848699999973	EXP	Feedback: autoDraw = false
272.1848699999973	EXP	Feedback: autoDraw = false
272.1848699999973	EXP	text_3: autoDraw = true
276.05276500000036	EXP	text_3: autoDraw = false
276.05276500000036	EXP	text_3: autoDraw = false
276.05276500000036	EXP	text_2: autoDraw = true
276.05276500000036	EXP	text_2: text = 0
276.0688450000016	EXP	text_2: text = 17
276.08546000000206	EXP	text_2: text = 33
276.1020200000203	EXP	text_2: text = 50
276.1190550000174	EXP	text_2: text = 67
276.1353700000036	EXP	text_2: text = 83
276.1519050000061	EXP	text_2: text = 100
276.1687399999937	EXP	text_2: text = 117
276.1855150000192	EXP	text_2: text = 133
276.2021999999997	EXP	text_2: text = 150
276.2184699999925	EXP	text_2: text = 167
276.2355399999942	EXP	text_2: text = 183
276.25202000001445	EXP	text_2: text = 200
276.26953499999945	EXP	text_2: text = 217
276.28599000000395	EXP	text_2: text = 233
276.3021900000167	EXP	text_2: text = 250
276.3190600000089	EXP	text_2: text = 267
276.33592499999213	EXP	text_2: text = 283
276.35203999999794	EXP	text_2: text = 300
276.36846500000684	EXP	text_2: text = 317
276.38565500002005	EXP	text_2: text = 333
276.3964799999958	DATA	Keydown:  
276.4032100000186	EXP	text_2: text = 350
276.4032100000186	EXP	text_2: autoDraw = false
276.4032100000186	EXP	Feedback: text = 344
276.4032100000186	EXP	Feedback: autoDraw = true
277.40171000000555	EXP	Feedback: autoDraw = false
277.40171000000555	EXP	Feedback: autoDraw = false
277.40171000000555	EXP	text_3: autoDraw = true
286.503475000005	EXP	text_3: autoDraw = false
286.503475000005	EXP	text_3: autoDraw = false
286.503475000005	EXP	text_2: autoDraw = true
286.503475000005	EXP	text_2: text = 0
286.519100000005	EXP	text_2: text = 17
286.5359650000173	EXP	text_2: text = 33
286.5525150000176	EXP	text_2: text = 50
286.5687800000014	EXP	text_2: text = 67
286.58547499999986	EXP	text_2: text = 83
286.60220500000287	EXP	text_2: text = 100
286.6187950000167	EXP	text_2: text = 117
286.63614499999676	EXP	text_2: text = 133
286.6523800000141	EXP	text_2: text = 150
286.6692599999951	EXP	text_2: text = 167
286.6859950000071	EXP	text_2: text = 183
286.70258000001195	EXP	text_2: text = 200
286.719225000008	EXP	text_2: text = 217
286.73613500001375	EXP	text_2: text = 233
286.7484150000091	DATA	Keydown:  
286.75448000000324	EXP	text_2: text = 250
286.75448000000324	EXP	text_2: autoDraw = false
286.75448000000324	EXP	Feedback: text = 245
286.75448000000324	EXP	Feedback: autoDraw = true
287.75206500000786	EXP	Feedback: autoDraw = false
287.75206500000786	EXP	Feedback: autoDraw = false
287.75206500000786	EXP	text_3: autoDraw = true
290.4200899999996	EXP	text_3: autoDraw = false
290.4200899999996	EXP	text_3: autoDraw = false
290.4200899999996	EXP	text_2: autoDraw = true
290.4200899999996	EXP	text_2: text = 0
290.4357149999996	EXP	text_2: text = 17
290.4526950000145	EXP	text_2: text = 33
290.46885000000475	EXP	text_2: text = 50
290.48541500000283	EXP	text_2: text = 67
290.5022750000062	EXP	text_2: text = 83
290.51881500001764	EXP	text_2: text = 100
290.53571500000544	EXP	text_2: text = 117
290.5528650000051	EXP	text_2: text = 133
290.569365000003	EXP	text_2: text = 150
290.58654000001843	EXP	text_2: text = 167
290.60285500000464	EXP	text_2: text = 183
290.6189900000172	EXP	text_2: text = 200
290.63645499999984	EXP	text_2: text = 217
290.652625000017	EXP	text_2: text = 233
290.66933000000427	EXP	text_2: text = 250
290.6865050000197	EXP	text_2: text = 267
290.6881649999996	DATA	Keydown:  
290.7047400000156	EXP	text_2: text = 283
290.7047400000156	EXP	text_2: autoDraw = false
290.7047400000156	EXP	Feedback: text = 268
290.7047400000156	EXP	Feedback: autoDraw = true
291.7020150000171	EXP	Feedback: autoDraw = false
291.7020150000171	EXP	Feedback: autoDraw = false
291.7020150000171	EXP	text_3: autoDraw = true
298.35399000000325	EXP	text_3: autoDraw = false
298.35399000000325	EXP	text_3: autoDraw = false
298.35399000000325	EXP	text_2: autoDraw = true
298.35399000000325	EXP	text_2: text = 0
298.3690700000152	EXP	text_2: text = 16
298.3863850000198	EXP	text_2: text = 33
298.4023900000029	EXP	text_2: text = 50
298.41927000001306	EXP	text_2: text = 66
298.43581500000437	EXP	text_2: text = 83
298.45296500000404	EXP	text_2: text = 100
298.4692700000014	EXP	text_2: text = 116
298.4865550000104	EXP	text_2: text = 133
298.50247999999556	EXP	text_2: text = 150
298.5197700000135	EXP	text_2: text = 166
298.53629499999806	EXP	text_2: text = 183
298.5532400000084	EXP	text_2: text = 200
298.56963499999256	EXP	text_2: text = 216
298.5862049999996	EXP	text_2: text = 233
298.6031650000077	EXP	text_2: text = 250
298.6197000000102	EXP	text_2: text = 266
298.62150500001735	DATA	Keydown:  
298.6375350000162	EXP	text_2: text = 283
298.6375350000162	EXP	text_2: autoDraw = false
298.6375350000162	EXP	Feedback: text = 268
298.6375350000162	EXP	Feedback: autoDraw = true
299.635815000016	EXP	Feedback: autoDraw = false
299.635815000016	EXP	Feedback: autoDraw = false
299.635815000016	EXP	text_3: autoDraw = true
306.637000000017	EXP	text_3: autoDraw = false
306.637000000017	EXP	text_3: autoDraw = false
306.637000000017	EXP	text_2: autoDraw = true
306.637000000017	EXP	text_2: text = 0
306.65353999999934	EXP	text_2: text = 17
306.67002499999944	EXP	text_2: text = 33
306.6862900000124	EXP	text_2: text = 50
306.70319500000915	EXP	text_2: text = 67
306.72022000001743	EXP	text_2: text = 83
306.73644000000786	EXP	text_2: text = 100
306.7526400000206	EXP	text_2: text = 117
306.7698850000161	EXP	text_2: text = 133
306.78680500001065	EXP	text_2: text = 150
306.8033299999952	EXP	text_2: text = 167
306.8195049999922	EXP	text_2: text = 183
306.83699999999953	EXP	text_2: text = 200
306.8533349999925	EXP	text_2: text = 217
306.87018500000704	EXP	text_2: text = 233
306.88703499999247	EXP	text_2: text = 250
306.90327500001877	EXP	text_2: text = 267
306.92018000001553	EXP	text_2: text = 283
306.9241150000016	DATA	Keydown:  
306.9378399999987	EXP	text_2: text = 300
306.9378399999987	EXP	text_2: autoDraw = false
306.9378399999987	EXP	Feedback: text = 287
306.9378399999987	EXP	Feedback: autoDraw = true
307.9370400000189	EXP	Feedback: autoDraw = false
307.9370400000189	EXP	Feedback: autoDraw = false
307.9370400000189	EXP	text_3: autoDraw = true
313.8210100000142	EXP	text_3: autoDraw = false
313.8210100000142	EXP	text_3: autoDraw = false
313.8210100000142	EXP	text_2: autoDraw = true
313.8210100000142	EXP	text_2: text = 0
313.83658000000287	EXP	text_2: text = 17
313.85328500001924	EXP	text_2: text = 33
313.86983000001055	EXP	text_2: text = 50
313.88704000000143	EXP	text_2: text = 67
313.90329499999643	EXP	text_2: text = 83
313.92040500001167	EXP	text_2: text = 100
313.9365600000019	EXP	text_2: text = 117
313.953680000006	EXP	text_2: text = 133
313.96975499999826	EXP	text_2: text = 150
313.98688500002027	EXP	text_2: text = 167
314.0037350000057	EXP	text_2: text = 183
314.0202649999992	EXP	text_2: text = 200
314.03686500000185	EXP	text_2: text = 217
314.05311999999685	EXP	text_2: text = 233
314.0699850000092	EXP	text_2: text = 250
314.07644500001334	DATA	Keydown:  
314.0884350000124	EXP	text_2: text = 267
314.0884350000124	EXP	text_2: autoDraw = false
314.0884350000124	EXP	Feedback: text = 256
314.0884350000124	EXP	Feedback: autoDraw = true
315.0864050000091	EXP	Feedback: autoDraw = false
315.0864050000091	EXP	Feedback: autoDraw = false
315.0864050000091	EXP	text_3: autoDraw = true
318.9379950000148	EXP	text_3: autoDraw = false
318.9379950000148	EXP	text_3: autoDraw = false
318.9379950000148	EXP	text_2: autoDraw = true
318.9379950000148	EXP	text_2: text = 0
318.9532349999936	EXP	text_2: text = 16
318.97010999999475	EXP	text_2: text = 33
318.9862950000097	EXP	text_2: text = 50
319.00320500001544	EXP	text_2: text = 66
319.0201700000034	EXP	text_2: text = 83
319.0368100000196	EXP	text_2: text = 100
319.05326000001514	EXP	text_2: text = 116
319.07032500000787	EXP	text_2: text = 133
319.0869250000105	EXP	text_2: text = 150
319.10352999999304	EXP	text_2: text = 166
319.1202850000118	EXP	text_2: text = 183
319.1373800000001	EXP	text_2: text = 200
319.1536699999997	EXP	text_2: text = 216
319.17050000000745	EXP	text_2: text = 233
319.1873499999929	EXP	text_2: text = 250
319.20398000002024	EXP	text_2: text = 266
319.22031000000425	EXP	text_2: text = 283
319.2372500000056	EXP	text_2: text = 300
319.25355500000296	EXP	text_2: text = 316
319.2706199999957	EXP	text_2: text = 333
319.28742000000784	EXP	text_2: text = 350
319.3034700000135	EXP	text_2: text = 366
319.3161450000189	DATA	Keydown:  
319.3218249999918	EXP	text_2: text = 383
319.3218249999918	EXP	text_2: autoDraw = false
319.3218249999918	EXP	Feedback: text = 378
319.3218249999918	EXP	Feedback: autoDraw = true
320.3198750000156	EXP	Feedback: autoDraw = false
320.3198750000156	EXP	Feedback: autoDraw = false
320.3198750000156	EXP	text_3: autoDraw = true
322.9045749999932	EXP	text_3: autoDraw = false
322.9045749999932	EXP	text_3: autoDraw = false
322.9045749999932	EXP	text_2: autoDraw = true
322.9045749999932	EXP	text_2: text = 0
322.9204800000007	EXP	text_2: text = 17
322.93725000001723	EXP	text_2: text = 34
322.95363999999245	EXP	text_2: text = 50
322.9703600000066	EXP	text_2: text = 67
322.9872599999944	EXP	text_2: text = 84
323.0030900000129	EXP	text_2: text = 100
323.0207450000162	EXP	text_2: text = 117
323.0374700000102	EXP	text_2: text = 134
323.0538349999988	EXP	text_2: text = 150
323.0705700000108	EXP	text_2: text = 167
323.0873399999982	EXP	text_2: text = 184
323.10363500000676	EXP	text_2: text = 200
323.12072000000626	EXP	text_2: text = 217
323.13726499999757	EXP	text_2: text = 234
323.1536400000041	EXP	text_2: text = 250
323.17058999999426	EXP	text_2: text = 267
323.18739999999525	EXP	text_2: text = 284
323.2038950000133	EXP	text_2: text = 300
323.2206900000165	EXP	text_2: text = 317
323.22807000001194	DATA	Keydown:  
323.2382649999927	EXP	text_2: text = 334
323.2382649999927	EXP	text_2: autoDraw = false
323.2382649999927	EXP	Feedback: text = 324
323.2382649999927	EXP	Feedback: autoDraw = true
324.23669000001973	EXP	Feedback: autoDraw = false
324.23669000001973	EXP	Feedback: autoDraw = false
324.23669000001973	EXP	text_3: autoDraw = true
329.23854500000016	EXP	text_3: autoDraw = false
329.23854500000016	EXP	text_3: autoDraw = false
329.23854500000016	EXP	text_2: autoDraw = true
329.23854500000016	EXP	text_2: text = 0
329.25352500000736	EXP	text_2: text = 16
329.2703700000129	EXP	text_2: text = 33
329.2870450000046	EXP	text_2: text = 50
329.30376500001876	EXP	text_2: text = 67
329.3201699999918	EXP	text_2: text = 83
329.3369149999926	EXP	text_2: text = 100
329.35357500001555	EXP	text_2: text = 117
329.3706950000196	EXP	text_2: text = 133
329.38754500000505	EXP	text_2: text = 150
329.4041800000123	EXP	text_2: text = 167
329.42061500001	EXP	text_2: text = 183
329.4374499999976	EXP	text_2: text = 200
329.4538600000087	EXP	text_2: text = 216
329.4706850000075	EXP	text_2: text = 233
329.4873399999924	EXP	text_2: text = 250
329.5039300000062	EXP	text_2: text = 267
329.5208649999986	EXP	text_2: text = 283
329.5242399999988	DATA	Keydown:  
329.5387900000205	EXP	text_2: text = 300
329.5387900000205	EXP	text_2: autoDraw = false
329.5387900000205	EXP	Feedback: text = 286
329.5387900000205	EXP	Feedback: autoDraw = true
330.53716999999597	EXP	Feedback: autoDraw = false
330.53716999999597	EXP	Feedback: autoDraw = false
330.53716999999597	EXP	text_3: autoDraw = true
333.13802000001306	EXP	text_3: autoDraw = false
333.13802000001306	EXP	text_3: autoDraw = false
333.13802000001306	EXP	text_2: autoDraw = true
333.13802000001306	EXP	text_2: text = 0
333.1539449999982	EXP	text_2: text = 17
333.17062000001897	EXP	text_2: text = 33
333.1880400000082	EXP	text_2: text = 50
333.2037100000016	EXP	text_2: text = 67
333.2206900000165	EXP	text_2: text = 83
333.23793500001193	EXP	text_2: text = 100
333.2547499999928	EXP	text_2: text = 117
333.27093500000774	EXP	text_2: text = 133
333.287490000017	EXP	text_2: text = 150
333.30442500000936	EXP	text_2: text = 167
333.3206449999998	EXP	text_2: text = 183
333.3374999999942	EXP	text_2: text = 200
333.3543400000199	EXP	text_2: text = 217
333.37080999999307	EXP	text_2: text = 233
333.3875700000208	EXP	text_2: text = 250
333.40416999999434	EXP	text_2: text = 267
333.42039000001387	EXP	text_2: text = 283
333.4376200000115	EXP	text_2: text = 300
333.45418000000063	EXP	text_2: text = 317
333.4706700000097	EXP	text_2: text = 333
333.4877550000092	EXP	text_2: text = 350
333.50421499999356	EXP	text_2: text = 367
333.50804499999504	DATA	Keydown:  
333.52208500000415	EXP	text_2: text = 383
333.52208500000415	EXP	text_2: autoDraw = false
333.52208500000415	EXP	Feedback: text = 370
333.52208500000415	EXP	Feedback: autoDraw = true
334.52003000001423	EXP	Feedback: autoDraw = false
334.52003000001423	EXP	Feedback: autoDraw = false
334.52003000001423	EXP	text_3: autoDraw = true
338.8552900000068	EXP	text_3: autoDraw = false
338.8552900000068	EXP	text_3: autoDraw = false
338.8552900000068	EXP	text_2: autoDraw = true
338.8552900000068	EXP	text_2: text = 0
338.87007500001346	EXP	text_2: text = 17
338.8872949999932	EXP	text_2: text = 33
338.90384499999345	EXP	text_2: text = 50
338.9210149999999	EXP	text_2: text = 67
338.9380999999994	EXP	text_2: text = 83
338.95433000000776	EXP	text_2: text = 100
338.97051000001375	EXP	text_2: text = 117
338.98781000002054	EXP	text_2: text = 133
339.0043650000007	EXP	text_2: text = 150
339.02098000000115	EXP	text_2: text = 167
339.03763500001514	EXP	text_2: text = 183
339.05425499999546	EXP	text_2: text = 200
339.07102000000305	EXP	text_2: text = 217
339.08738500002073	EXP	text_2: text = 233
339.1046900000074	EXP	text_2: text = 250
339.1207600000198	EXP	text_2: text = 267
339.13899000000674	EXP	text_2: text = 284
339.15378500000224	EXP	text_2: text = 300
339.17101000002003	EXP	text_2: text = 317
339.1876550000161	EXP	text_2: text = 333
339.2045400000061	EXP	text_2: text = 350
339.22054000000935	EXP	text_2: text = 367
339.2375400000019	EXP	text_2: text = 383
339.24404499999946	DATA	Keydown:  
339.255839999998	EXP	text_2: text = 400
339.255839999998	EXP	text_2: autoDraw = false
339.255839999998	EXP	Feedback: text = 389
339.255839999998	EXP	Feedback: autoDraw = true
340.25401999999303	EXP	Feedback: autoDraw = false
340.25401999999303	EXP	Feedback: autoDraw = false
340.25401999999303	EXP	text_3: autoDraw = true
343.27208500000415	EXP	text_3: autoDraw = false
343.27208500000415	EXP	text_3: autoDraw = false
343.27208500000415	EXP	text_2: autoDraw = true
343.27208500000415	EXP	text_2: text = 0
343.28749499999685	EXP	text_2: text = 17
343.30465500001446	EXP	text_2: text = 33
343.32119000001694	EXP	text_2: text = 50
343.33801500001573	EXP	text_2: text = 67
343.3547050000052	EXP	text_2: text = 83
343.3712700000033	EXP	text_2: text = 100
343.38805500001763	EXP	text_2: text = 117
343.40468999999575	EXP	text_2: text = 133
343.4216100000194	EXP	text_2: text = 150
343.43809000001056	EXP	text_2: text = 167
343.45472999999765	EXP	text_2: text = 183
343.47119999999995	EXP	text_2: text = 200
343.4881849999947	EXP	text_2: text = 217
343.5044899999921	EXP	text_2: text = 233
343.5214500000002	EXP	text_2: text = 250
343.53775499999756	EXP	text_2: text = 267
343.55438000001595	EXP	text_2: text = 283
343.5712099999946	EXP	text_2: text = 300
343.5881450000161	EXP	text_2: text = 317
343.6043500000087	EXP	text_2: text = 333
343.62862000000314	EXP	text_2: text = 350
343.6377950000169	EXP	text_2: text = 367
343.65467499999795	EXP	text_2: text = 383
343.67088499999954	EXP	text_2: text = 400
343.6882850000111	EXP	text_2: text = 417
343.69255999999586	DATA	Keydown:  
343.70564000000013	EXP	text_2: text = 433
343.70564000000013	EXP	text_2: autoDraw = false
343.70564000000013	EXP	Feedback: text = 421
343.70564000000013	EXP	Feedback: autoDraw = true
344.704235000012	EXP	Feedback: autoDraw = false
344.704235000012	EXP	Feedback: autoDraw = false
344.704235000012	EXP	text_3: autoDraw = true
353.85621500000707	EXP	text_3: autoDraw = false
353.85621500000707	EXP	text_3: autoDraw = false
353.85621500000707	EXP	text_2: autoDraw = true
353.85621500000707	EXP	text_2: text = 0
353.8711900000053	EXP	text_2: text = 17
353.88791499999934	EXP	text_2: text = 33
353.9042950000148	EXP	text_2: text = 50
353.9217350000108	EXP	text_2: text = 67
353.9382350000087	EXP	text_2: text = 83
353.9546949999931	EXP	text_2: text = 100
353.9712200000067	EXP	text_2: text = 117
353.9886150000093	EXP	text_2: text = 133
354.0046399999992	EXP	text_2: text = 150
354.0215700000117	EXP	text_2: text = 166
354.0383300000103	EXP	text_2: text = 183
354.0552299999981	EXP	text_2: text = 200
354.07162000000244	EXP	text_2: text = 217
354.08790499999304	EXP	text_2: text = 233
354.10506500001065	EXP	text_2: text = 250
354.121530000004	EXP	text_2: text = 267
354.13850000000093	EXP	text_2: text = 283
354.148675000004	DATA	Keydown:  
354.15645500001847	EXP	text_2: text = 300
354.15645500001847	EXP	text_2: autoDraw = false
354.15645500001847	EXP	Feedback: text = 293
354.15645500001847	EXP	Feedback: autoDraw = true
355.15423000001465	EXP	Feedback: autoDraw = false
355.15423000001465	EXP	Feedback: autoDraw = false
355.15423000001465	EXP	text_3: autoDraw = true
360.72209500000463	EXP	text_3: autoDraw = false
360.72209500000463	EXP	text_3: autoDraw = false
360.72209500000463	EXP	text_2: autoDraw = true
360.72209500000463	EXP	text_2: text = 0
360.7380650000123	EXP	text_2: text = 17
360.7549149999977	EXP	text_2: text = 33
360.7714900000137	EXP	text_2: text = 50
360.78844999999274	EXP	text_2: text = 67
360.80551500001457	EXP	text_2: text = 83
360.82164999999804	EXP	text_2: text = 100
360.83818000002066	EXP	text_2: text = 117
360.85534500001813	EXP	text_2: text = 133
360.8712649999943	EXP	text_2: text = 150
360.888414999994	EXP	text_2: text = 167
360.90533500001766	EXP	text_2: text = 183
360.92128500001854	EXP	text_2: text = 200
360.9377500000119	EXP	text_2: text = 217
360.9544500000193	EXP	text_2: text = 233
360.971120000002	EXP	text_2: text = 250
360.98781000002054	EXP	text_2: text = 267
361.0052549999964	EXP	text_2: text = 283
361.00644500000635	DATA	Keydown:  
361.0230650000158	EXP	text_2: text = 300
361.0230650000158	EXP	text_2: autoDraw = false
361.0230650000158	EXP	Feedback: text = 284
361.0230650000158	EXP	Feedback: autoDraw = true
362.0210650000081	EXP	Feedback: autoDraw = false
362.0210650000081	EXP	Feedback: autoDraw = false
362.0210650000081	EXP	text_3: autoDraw = true
368.85646500001894	EXP	text_3: autoDraw = false
368.85646500001894	EXP	text_3: autoDraw = false
368.85646500001894	EXP	text_2: autoDraw = true
368.85646500001894	EXP	text_2: text = 0
368.87171999999555	EXP	text_2: text = 16
368.8885799999989	EXP	text_2: text = 33
368.9050500000012	EXP	text_2: text = 50
368.9218600000022	EXP	text_2: text = 67
368.9384350000182	EXP	text_2: text = 83
368.9555850000179	EXP	text_2: text = 100
368.972379999992	EXP	text_2: text = 117
368.9886899999983	EXP	text_2: text = 133
369.005839999998	EXP	text_2: text = 150
369.02222499999334	EXP	text_2: text = 167
369.03864499999327	EXP	text_2: text = 183
369.05538000000524	EXP	text_2: text = 200
369.0719800000079	EXP	text_2: text = 216
369.088619999995	EXP	text_2: text = 233
369.1052999999956	EXP	text_2: text = 250
369.1222950000083	EXP	text_2: text = 267
369.138655000017	EXP	text_2: text = 283
369.15520000000834	EXP	text_2: text = 300
369.1565899999987	DATA	Keydown:  
369.17379000000074	EXP	text_2: text = 317
369.17379000000074	EXP	text_2: autoDraw = false
369.17379000000074	EXP	Feedback: text = 300
369.17379000000074	EXP	Feedback: autoDraw = true
370.1735150000022	EXP	Feedback: autoDraw = false
370.1735150000022	EXP	Feedback: autoDraw = false
370.1735150000022	EXP	text_3: autoDraw = true
377.4897650000057	EXP	text_3: autoDraw = false
377.4897650000057	EXP	text_3: autoDraw = false
377.4897650000057	EXP	text_2: autoDraw = true
377.4897650000057	EXP	text_2: text = 0
377.5053499999922	EXP	text_2: text = 17
377.5224800000142	EXP	text_2: text = 33
377.53904500001227	EXP	text_2: text = 50
377.5558500000043	EXP	text_2: text = 67
377.5724900000205	EXP	text_2: text = 83
377.5890300000028	EXP	text_2: text = 100
377.6058699999994	EXP	text_2: text = 117
377.6221150000056	EXP	text_2: text = 133
377.639439999999	EXP	text_2: text = 150
377.6557150000008	EXP	text_2: text = 167
377.67243500001496	EXP	text_2: text = 183
377.6891450000112	EXP	text_2: text = 200
377.70565499999793	EXP	text_2: text = 217
377.72192500001984	EXP	text_2: text = 233
377.7392899999977	EXP	text_2: text = 250
377.75611000001663	EXP	text_2: text = 267
377.77265500000794	EXP	text_2: text = 283
377.7891950000194	EXP	text_2: text = 300
377.8056750000105	EXP	text_2: text = 317
377.8225650000095	EXP	text_2: text = 333
377.8241649999982	DATA	Keydown:  
377.84106999999494	EXP	text_2: text = 350
377.84106999999494	EXP	text_2: autoDraw = false
377.84106999999494	EXP	Feedback: text = 334
377.84106999999494	EXP	Feedback: autoDraw = true
378.8388149999955	EXP	Feedback: autoDraw = false
378.8388149999955	EXP	Feedback: autoDraw = false
378.8388149999955	EXP	text_3: autoDraw = true
383.65670500000124	EXP	text_3: autoDraw = false
383.65670500000124	EXP	text_3: autoDraw = false
383.65670500000124	EXP	text_2: autoDraw = true
383.65670500000124	EXP	text_2: text = 0
383.67227999999886	EXP	text_2: text = 17
383.68921500002034	EXP	text_2: text = 33
383.70587000000523	EXP	text_2: text = 50
383.72235500000534	EXP	text_2: text = 67
383.7387500000186	EXP	text_2: text = 83
383.75629000001936	EXP	text_2: text = 100
383.77239500000724	EXP	text_2: text = 117
383.78941500000656	EXP	text_2: text = 133
383.80582500001765	EXP	text_2: text = 150
383.82264500000747	EXP	text_2: text = 167
383.8394600000174	EXP	text_2: text = 183
383.8559300000197	EXP	text_2: text = 200
383.8724349999975	EXP	text_2: text = 217
383.88937499999884	EXP	text_2: text = 233
383.90607500000624	EXP	text_2: text = 250
383.92294000001857	EXP	text_2: text = 267
383.9326299999957	DATA	Keydown:  
383.9408300000068	EXP	text_2: text = 283
383.9408300000068	EXP	text_2: autoDraw = false
383.9408300000068	EXP	Feedback: text = 276
383.9408300000068	EXP	Feedback: autoDraw = true
384.9389399999927	EXP	Feedback: autoDraw = false
384.9389399999927	EXP	Feedback: autoDraw = false
384.9389399999927	EXP	text_3: autoDraw = true
392.42374500000733	EXP	text_3: autoDraw = false
392.42374500000733	EXP	text_3: autoDraw = false
392.42374500000733	EXP	text_2: autoDraw = true
392.42374500000733	EXP	text_2: text = 0
392.43940000000293	EXP	text_2: text = 17
392.4559500000032	EXP	text_2: text = 33
392.4726249999949	EXP	text_2: text = 50
392.48923999999533	EXP	text_2: text = 67
392.50588000001153	EXP	text_2: text = 83
392.5227250000171	EXP	text_2: text = 100
392.5392400000128	EXP	text_2: text = 117
392.5561549999984	EXP	text_2: text = 133
392.5730700000131	EXP	text_2: text = 150
392.58949000001303	EXP	text_2: text = 167
392.6063150000118	EXP	text_2: text = 183
392.6228450000053	EXP	text_2: text = 200
392.63946500001475	EXP	text_2: text = 217
392.6562850000046	EXP	text_2: text = 233
392.67290000000503	EXP	text_2: text = 250
392.6894650000031	EXP	text_2: text = 267
392.7087600000086	EXP	text_2: text = 286
392.71063000001595	DATA	Keydown:  
392.72479500001646	EXP	text_2: text = 300
392.72479500001646	EXP	text_2: autoDraw = false
392.72479500001646	EXP	Feedback: text = 287
392.72479500001646	EXP	Feedback: autoDraw = true
393.72247500001686	EXP	Feedback: autoDraw = false
393.72247500001686	EXP	Feedback: autoDraw = false
393.72247500001686	EXP	text_3: autoDraw = true
398.17368000000715	EXP	text_3: autoDraw = false
398.17368000000715	EXP	text_3: autoDraw = false
398.17368000000715	EXP	text_2: autoDraw = true
398.17368000000715	EXP	text_2: text = 0
398.1895099999965	EXP	text_2: text = 17
398.2065850000072	EXP	text_2: text = 33
398.22297000000253	EXP	text_2: text = 50
398.2398950000061	EXP	text_2: text = 67
398.2562250000192	EXP	text_2: text = 83
398.2730950000114	EXP	text_2: text = 100
398.28990999999223	EXP	text_2: text = 117
398.3066749999998	EXP	text_2: text = 133
398.32300000000396	EXP	text_2: text = 150
398.3400299999921	EXP	text_2: text = 167
398.3566900000151	EXP	text_2: text = 183
398.37319499999285	EXP	text_2: text = 200
398.3898150000023	EXP	text_2: text = 217
398.40643000000273	EXP	text_2: text = 233
398.42376000000513	EXP	text_2: text = 250
398.4396950000082	EXP	text_2: text = 267
398.4566099999938	EXP	text_2: text = 283
398.472700000013	EXP	text_2: text = 300
398.49077500001295	EXP	text_2: text = 318
398.5065900000045	EXP	text_2: text = 333
398.52311500001815	EXP	text_2: text = 350
398.53274500000407	DATA	Keydown:  
398.54162999999244	EXP	text_2: text = 368
398.54162999999244	EXP	text_2: autoDraw = false
398.54162999999244	EXP	Feedback: text = 359
398.54162999999244	EXP	Feedback: autoDraw = true
399.53917000000365	EXP	Feedback: autoDraw = false
399.53917000000365	EXP	Feedback: autoDraw = false
399.53917000000365	EXP	text_3: autoDraw = true
403.9741999999969	EXP	text_3: autoDraw = false
403.9741999999969	EXP	text_3: autoDraw = false
403.9741999999969	EXP	text_2: autoDraw = true
403.9741999999969	EXP	text_2: text = 0
403.98983500001486	EXP	text_2: text = 17
404.0063000000082	EXP	text_2: text = 33
404.0228500000085	EXP	text_2: text = 50
404.03971000001184	EXP	text_2: text = 67
404.0565550000174	EXP	text_2: text = 83
404.07341500002076	EXP	text_2: text = 100
404.0898000000161	EXP	text_2: text = 117
404.10665000000154	EXP	text_2: text = 133
404.1234200000181	EXP	text_2: text = 150
404.14019000000553	EXP	text_2: text = 167
404.1566049999965	EXP	text_2: text = 183
404.1731849999924	EXP	text_2: text = 200
404.18992000000435	EXP	text_2: text = 217
404.20704999999725	EXP	text_2: text = 234
404.2235550000041	EXP	text_2: text = 250
404.24008000001777	EXP	text_2: text = 267
404.25655499999993	EXP	text_2: text = 283
404.27339000001666	EXP	text_2: text = 300
404.2902100000065	EXP	text_2: text = 317
404.3066800000088	EXP	text_2: text = 333
404.32321500001126	EXP	text_2: text = 350
404.3401900000172	EXP	text_2: text = 367
404.35660500000813	EXP	text_2: text = 383
404.37361000000965	EXP	text_2: text = 400
404.3750650000002	DATA	Keydown:  
404.3915799999959	EXP	text_2: text = 417
404.3915799999959	EXP	text_2: autoDraw = false
404.3915799999959	EXP	Feedback: text = 401
404.3915799999959	EXP	Feedback: autoDraw = true
405.3894250000012	EXP	Feedback: autoDraw = false
405.3894250000012	EXP	Feedback: autoDraw = false
405.3894250000012	EXP	text_3: autoDraw = true
409.0744800000102	EXP	text_3: autoDraw = false
409.0744800000102	EXP	text_3: autoDraw = false
409.0744800000102	EXP	text_2: autoDraw = true
409.0744800000102	EXP	text_2: text = 0
409.09001000001444	EXP	text_2: text = 17
409.1065499999968	EXP	text_2: text = 33
409.12301000001025	EXP	text_2: text = 50
409.1396900000109	EXP	text_2: text = 67
409.15664000000106	EXP	text_2: text = 83
409.17332500001066	EXP	text_2: text = 100
409.1892700000026	EXP	text_2: text = 117
409.20728000000236	EXP	text_2: text = 133
409.22373500000685	EXP	text_2: text = 150
409.2401649999956	EXP	text_2: text = 167
409.25667500001146	EXP	text_2: text = 183
409.2738149999932	EXP	text_2: text = 200
409.29004500000156	EXP	text_2: text = 217
409.3069499999983	EXP	text_2: text = 233
409.3232549999957	EXP	text_2: text = 250
409.339570000011	EXP	text_2: text = 267
409.35703000001376	EXP	text_2: text = 283
409.3735100000049	EXP	text_2: text = 300
409.39015500000096	EXP	text_2: text = 317
409.406879999995	EXP	text_2: text = 333
409.4209700000065	DATA	Keydown:  
409.4253800000006	EXP	text_2: text = 350
409.4253800000006	EXP	text_2: autoDraw = false
409.4253800000006	EXP	Feedback: text = 347
409.4253800000006	EXP	Feedback: autoDraw = true
410.4226900000067	EXP	Feedback: autoDraw = false
410.4226900000067	EXP	Feedback: autoDraw = false
410.4226900000067	EXP	text_3: autoDraw = true
416.80771500000264	EXP	text_3: autoDraw = false
416.80771500000264	EXP	text_3: autoDraw = false
416.80771500000264	EXP	text_2: autoDraw = true
416.80771500000264	EXP	text_2: text = 0
416.8231000000087	EXP	text_2: text = 17
416.84045499999775	EXP	text_2: text = 33
416.8573350000079	EXP	text_2: text = 50
416.87361000000965	EXP	text_2: text = 67
416.89063500001794	EXP	text_2: text = 83
416.9071100000001	EXP	text_2: text = 100
416.9237049999938	EXP	text_2: text = 116
416.940340000001	EXP	text_2: text = 133
416.95740499999374	EXP	text_2: text = 150
416.9737900000182	EXP	text_2: text = 167
416.98994500000845	EXP	text_2: text = 183
417.0072999999975	EXP	text_2: text = 200
417.02374500001315	EXP	text_2: text = 217
417.0408650000172	EXP	text_2: text = 233
417.05216500000097	DATA	Keydown:  
417.05785499999183	EXP	text_2: text = 250
417.05785499999183	EXP	text_2: autoDraw = false
417.05785499999183	EXP	Feedback: text = 245
417.05785499999183	EXP	Feedback: autoDraw = true
418.05662499999744	EXP	Feedback: autoDraw = false
418.05662499999744	EXP	Feedback: autoDraw = false
418.05662499999744	EXP	text_3: autoDraw = true
427.12496000001556	EXP	text_3: autoDraw = false
427.12496000001556	EXP	text_3: autoDraw = false
427.12496000001556	EXP	text_2: autoDraw = true
427.12496000001556	EXP	text_2: text = 0
427.14042000001064	EXP	text_2: text = 17
427.1585999999952	EXP	text_2: text = 33
427.17366500000935	EXP	text_2: text = 50
427.1906650000019	EXP	text_2: text = 67
427.2072400000179	EXP	text_2: text = 83
427.2242649999971	EXP	text_2: text = 100
427.2403550000163	EXP	text_2: text = 117
427.2573250000132	EXP	text_2: text = 133
427.2742750000034	EXP	text_2: text = 150
427.2906099999964	EXP	text_2: text = 167
427.3071099999943	EXP	text_2: text = 183
427.32432499999413	EXP	text_2: text = 200
427.34094500000356	EXP	text_2: text = 217
427.35755499999505	EXP	text_2: text = 233
427.3743100000138	EXP	text_2: text = 250
427.391025000019	EXP	text_2: text = 267
427.3926050000009	DATA	Keydown:  
427.40862500001094	EXP	text_2: text = 283
427.40862500001094	EXP	text_2: autoDraw = false
427.40862500001094	EXP	Feedback: text = 268
427.40862500001094	EXP	Feedback: autoDraw = true
428.40707499999553	EXP	Feedback: autoDraw = false
428.40707499999553	EXP	Feedback: autoDraw = false
428.40707499999553	EXP	text_3: autoDraw = true
434.4422499999928	EXP	text_3: autoDraw = false
434.4422499999928	EXP	text_3: autoDraw = false
434.4422499999928	EXP	text_2: autoDraw = true
434.4422499999928	EXP	text_2: text = 0
434.456754999992	EXP	text_2: text = 17
434.47433500000625	EXP	text_2: text = 33
434.4904300000053	EXP	text_2: text = 50
434.5077699999965	EXP	text_2: text = 67
434.5243400000036	EXP	text_2: text = 83
434.54091999999946	EXP	text_2: text = 100
434.5571249999921	EXP	text_2: text = 116
434.5746349999972	EXP	text_2: text = 133
434.5913949999958	EXP	text_2: text = 150
434.6075750000018	EXP	text_2: text = 167
434.62460999999894	EXP	text_2: text = 183
434.6410400000168	EXP	text_2: text = 200
434.6576800000039	EXP	text_2: text = 217
434.6740700000082	EXP	text_2: text = 233
434.69099500001175	EXP	text_2: text = 250
434.7077200000058	EXP	text_2: text = 267
434.72418000001926	EXP	text_2: text = 283
434.74154000001727	EXP	text_2: text = 300
434.74810500000603	DATA	Keydown:  
434.75849000000744	EXP	text_2: text = 317
434.75849000000744	EXP	text_2: autoDraw = false
434.75849000000744	EXP	Feedback: text = 306
434.75849000000744	EXP	Feedback: autoDraw = true
435.77848000000813	EXP	Feedback: autoDraw = false
435.77848000000813	EXP	Feedback: autoDraw = false
435.77848000000813	EXP	End_text: autoDraw = true
