0.082010000012815	EXP	Created Window = Window( name=Window, fullscr=true, color=#000000, units=height, waitBlanking=true, autoLog=true, size=[1435,766] )
2.187779999920167	DATA	Keydown: m
3.229449999984354	DATA	Keydown: undefined
6.367354999994859	EXP	Created text = TextStim( name=text, win=Window( name=Window, fullscr=true, color=#000000, ~), autoDraw=null, autoLog=true, units=height, ori=null, opacity=1, pos=[0,0], size=undefined, text=INSTRUCTIONS [EN]


A counter will appear and star~, font=Arial, color=#FFFFFF, contrast=1, height=0.03, bold=null, italic=null, alignHoriz=left, alignVert=center, wrapWidth=1, flipHoriz=null, flipVert=null )
6.369254999910481	EXP	Created text_3 = TextStim( name=text_3, win=Window( name=Window, fullscr=true, color=#000000, ~), autoDraw=null, autoLog=true, units=height, ori=null, opacity=1, pos=[0,0], size=undefined, text=null, font=Arial, color=#FFFFFF, contrast=1, height=0.1, bold=null, italic=null, alignHoriz=left, alignVert=center, wrapWidth=1, flipHoriz=null, flipVert=null )
6.370929999975488	EXP	Created text_2 = TextStim( name=text_2, win=Window( name=Window, fullscr=true, color=#000000, ~), autoDraw=null, autoLog=true, units=height, ori=null, opacity=1, pos=[0,0], size=undefined, text=default text, font=Arial, color=#ff0000, contrast=1, height=0.15, bold=null, italic=null, alignHoriz=left, alignVert=center, wrapWidth=1, flipHoriz=null, flipVert=null )
6.371775000006892	EXP	Created Feedback = TextStim( name=Feedback, win=Window( name=Window, fullscr=true, color=#000000, ~), autoDraw=null, autoLog=true, units=height, ori=null, opacity=1, pos=[0,0], size=undefined, text=default text, font=Arial, color=#ff0000, contrast=1, height=0.15, bold=null, italic=null, alignHoriz=left, alignVert=center, wrapWidth=1, flipHoriz=null, flipVert=null )
6.372555000009015	EXP	Created End_text = TextStim( name=End_text, win=Window( name=Window, fullscr=true, color=#000000, ~), autoDraw=null, autoLog=true, units=height, ori=null, opacity=1, pos=[0,0], size=undefined, text=This study aimed to look at procedural learning, i~, font=Arial, color=#FFFFFF, contrast=1, height=0.025, bold=null, italic=null, alignHoriz=left, alignVert=center, wrapWidth=1, flipHoriz=null, flipVert=null )
6.408139999955893	EXP	text: units = "height"
6.408139999955893	EXP	text: ori = 0
6.408139999955893	EXP	text: opacity = 1
6.408139999955893	EXP	text: pos = [0,0]
6.408139999955893	EXP	text: size = undefined
6.408139999955893	EXP	text: text = "INSTRUCTIONS [EN]\n\n\nA counter will appear and start counting at random times, press SPACE as fast as possible when it appears.\n\n\nPress SPACE to start\n\n-------\n\nInstruções [PT]\n\n\nUm cronómetro vai aparecer e começar a contar aleatoriamente, pressione a tecla SPACE assim que ele aparecer.\n\n\nPressiona SPACE para começar."
6.408139999955893	EXP	text: font = "Arial"
6.408139999955893	EXP	text: color = {"_hex":"#FFFFFF","_rgb":[1,1,1]}
6.408139999955893	EXP	text: contrast = 1
6.408139999955893	EXP	text: height = 0.03
6.408139999955893	EXP	text: bold = false
6.408139999955893	EXP	text: italic = false
6.408139999955893	EXP	text: alignHoriz = "left"
6.408139999955893	EXP	text: alignVert = "center"
6.408139999955893	EXP	text: wrapWidth = 1
6.408139999955893	EXP	text: flipHoriz = false
6.408139999955893	EXP	text: flipVert = false
6.408139999955893	EXP	text_3: units = "height"
6.408139999955893	EXP	text_3: ori = 0
6.408139999955893	EXP	text_3: opacity = 1
6.408139999955893	EXP	text_3: pos = [0,0]
6.408139999955893	EXP	text_3: size = undefined
6.408139999955893	EXP	text_3: text = ""
6.408139999955893	EXP	text_3: font = "Arial"
6.408139999955893	EXP	text_3: color = {"_hex":"#FFFFFF","_rgb":[1,1,1]}
6.408139999955893	EXP	text_3: contrast = 1
6.408139999955893	EXP	text_3: height = 0.1
6.408139999955893	EXP	text_3: bold = false
6.408139999955893	EXP	text_3: italic = false
6.408139999955893	EXP	text_3: alignHoriz = "left"
6.408139999955893	EXP	text_3: alignVert = "center"
6.408139999955893	EXP	text_3: wrapWidth = 1
6.408139999955893	EXP	text_3: flipHoriz = false
6.408139999955893	EXP	text_3: flipVert = false
6.408139999955893	EXP	text_2: units = "height"
6.408139999955893	EXP	text_2: ori = 0
6.408139999955893	EXP	text_2: opacity = 1
6.408139999955893	EXP	text_2: pos = [0,0]
6.408139999955893	EXP	text_2: size = undefined
6.408139999955893	EXP	text_2: text = "default text"
6.408139999955893	EXP	text_2: font = "Arial"
6.408139999955893	EXP	text_2: color = {"_rgb":[1,0,0]}
6.408139999955893	EXP	text_2: contrast = 1
6.408139999955893	EXP	text_2: height = 0.15
6.408139999955893	EXP	text_2: bold = false
6.408139999955893	EXP	text_2: italic = false
6.408139999955893	EXP	text_2: alignHoriz = "left"
6.408139999955893	EXP	text_2: alignVert = "center"
6.408139999955893	EXP	text_2: wrapWidth = 1
6.408139999955893	EXP	text_2: flipHoriz = false
6.408139999955893	EXP	text_2: flipVert = false
6.408139999955893	EXP	Feedback: units = "height"
6.408139999955893	EXP	Feedback: ori = 0
6.408139999955893	EXP	Feedback: opacity = 1
6.408139999955893	EXP	Feedback: pos = [0,0]
6.408139999955893	EXP	Feedback: size = undefined
6.408139999955893	EXP	Feedback: text = "default text"
6.408139999955893	EXP	Feedback: font = "Arial"
6.408139999955893	EXP	Feedback: color = {"_rgb":[1,0,0]}
6.408139999955893	EXP	Feedback: contrast = 1
6.408139999955893	EXP	Feedback: height = 0.15
6.408139999955893	EXP	Feedback: bold = false
6.408139999955893	EXP	Feedback: italic = false
6.408139999955893	EXP	Feedback: alignHoriz = "left"
6.408139999955893	EXP	Feedback: alignVert = "center"
6.408139999955893	EXP	Feedback: wrapWidth = 1
6.408139999955893	EXP	Feedback: flipHoriz = false
6.408139999955893	EXP	Feedback: flipVert = false
6.408139999955893	EXP	End_text: units = "height"
6.408139999955893	EXP	End_text: ori = 0
6.408139999955893	EXP	End_text: opacity = 1
6.408139999955893	EXP	End_text: pos = [0,0]
6.408139999955893	EXP	End_text: size = undefined
6.408139999955893	EXP	End_text: text = "This study aimed to look at procedural learning, i.e. our ability to extract patterns from the input that we are constantly receiving. This skill is thought to be essential for language and literacy acquisition and has been suggested as a possible underlying difficult in children with Language Impairments and Dyslexia. This study aims to improve the measures of procedural learning (the smiley face task) so that we can measure procedural learning more reliably and, in the future, analyse the performance of individuals with learning impairments.\nThank you for participating!\n\n----\n\nEste estudo tem como objectivo analisar a nossa capacidade de extrair padrões da informação que estamos constantemente a receber. Pensa-se que esta competência é essencial para a aquisição da linguagem e literacia e foi sugerido que dificuldades neste tipo de competências poderá estar relacionado com perturbações da linguagem e Dislexia. Este estudo tem como objectivo melhorar a estabilidade das medidas usadas para medir este tipo de memória (a tarefa da cara sorridente) de forma a poder medir de forma mais precisa e, no futuro, analisar a performance de indivíduos com perturbações da aprendizagem. \nMuito obrigada por ter participado!"
6.408139999955893	EXP	End_text: font = "Arial"
6.408139999955893	EXP	End_text: color = {"_hex":"#FFFFFF","_rgb":[1,1,1]}
6.408139999955893	EXP	End_text: contrast = 1
6.408139999955893	EXP	End_text: height = 0.025
6.408139999955893	EXP	End_text: bold = false
6.408139999955893	EXP	End_text: italic = false
6.408139999955893	EXP	End_text: alignHoriz = "left"
6.408139999955893	EXP	End_text: alignVert = "center"
6.408139999955893	EXP	End_text: wrapWidth = 1
6.408139999955893	EXP	End_text: flipHoriz = false
6.408139999955893	EXP	End_text: flipVert = false
6.408139999955893	EXP	text: autoDraw = true
12.144239999935962	DATA	Keydown:  
12.170554999960586	EXP	text: autoDraw = false
12.170554999960586	EXP	text_3: autoDraw = true
16.742134999949485	EXP	text_3: autoDraw = false
16.742134999949485	EXP	text_3: autoDraw = false
16.742134999949485	EXP	text_2: autoDraw = true
16.742134999949485	EXP	text_2: text = 1
16.760674999910407	EXP	text_2: text = 33
16.777924999943934	EXP	text_2: text = 50
16.792859999928623	EXP	text_2: text = 65
16.81030000001192	EXP	text_2: text = 82
16.826795000000857	EXP	text_2: text = 99
16.843289999989793	EXP	text_2: text = 116
16.8605099999113	EXP	text_2: text = 133
16.87694499990903	EXP	text_2: text = 149
16.893410000018775	EXP	text_2: text = 166
16.911529999924824	EXP	text_2: text = 184
16.928109999978915	EXP	text_2: text = 201
16.944374999962747	EXP	text_2: text = 217
16.960889999987558	EXP	text_2: text = 234
16.977284999913536	EXP	text_2: text = 250
16.994014999945648	EXP	text_2: text = 266
17.01060999999754	EXP	text_2: text = 282
17.027709999936633	EXP	text_2: text = 300
17.043749999953434	EXP	text_2: text = 316
17.05369999993127	DATA	Keydown:  
17.0622999999905	EXP	text_2: text = 333
17.0622999999905	EXP	text_2: autoDraw = false
17.0622999999905	EXP	Feedback: text = 312
17.0622999999905	EXP	Feedback: autoDraw = true
18.062694999971427	EXP	Feedback: autoDraw = false
18.062694999971427	EXP	Feedback: autoDraw = false
18.062694999971427	EXP	text_3: autoDraw = true
23.995309999911115	EXP	text_3: autoDraw = false
23.995309999911115	EXP	text_3: autoDraw = false
23.995309999911115	EXP	text_2: autoDraw = true
23.995309999911115	EXP	text_2: text = 0
24.010780000011437	EXP	text_2: text = 18
24.02774499997031	EXP	text_2: text = 33
24.044980000006035	EXP	text_2: text = 51
24.060769999981858	EXP	text_2: text = 66
24.07695999997668	EXP	text_2: text = 83
24.093814999912865	EXP	text_2: text = 100
24.11104499991052	EXP	text_2: text = 117
24.12747499998659	EXP	text_2: text = 133
24.14428499992937	EXP	text_2: text = 150
24.16115499997977	EXP	text_2: text = 167
24.178220000001602	EXP	text_2: text = 184
24.19438999996055	EXP	text_2: text = 201
24.210414999979548	EXP	text_2: text = 217
24.227390000014566	EXP	text_2: text = 234
24.244394999928772	EXP	text_2: text = 251
24.260084999958053	EXP	text_2: text = 267
24.277795000001788	EXP	text_2: text = 283
24.29542500001844	EXP	text_2: text = 301
24.310820000013337	EXP	text_2: text = 316
24.319434999953955	DATA	Keydown:  
24.327464999980293	EXP	text_2: text = 333
24.327464999980293	EXP	text_2: autoDraw = false
24.327464999980293	EXP	Feedback: text = 324
24.327464999980293	EXP	Feedback: autoDraw = true
25.328919999999925	EXP	Feedback: autoDraw = false
25.328919999999925	EXP	Feedback: autoDraw = false
25.328919999999925	EXP	text_3: autoDraw = true
30.430394999915734	EXP	text_3: autoDraw = false
30.430394999915734	EXP	text_3: autoDraw = false
30.430394999915734	EXP	text_2: autoDraw = true
30.430394999915734	EXP	text_2: text = 0
30.44385499996133	EXP	text_2: text = 17
30.46048000000883	EXP	text_2: text = 33
30.47914499999024	EXP	text_2: text = 51
30.493825000012293	EXP	text_2: text = 66
30.511309999972582	EXP	text_2: text = 84
30.529364999965765	EXP	text_2: text = 101
30.545004999963567	EXP	text_2: text = 117
30.5629150000168	EXP	text_2: text = 134
30.57708499999717	EXP	text_2: text = 149
30.595919999992475	EXP	text_2: text = 168
30.61194999993313	EXP	text_2: text = 183
30.629229999962263	EXP	text_2: text = 201
30.644744999939576	EXP	text_2: text = 216
30.66123999992851	EXP	text_2: text = 234
30.677819999982603	EXP	text_2: text = 250
30.69505500001833	EXP	text_2: text = 266
30.710450000013225	EXP	text_2: text = 284
30.727650000015274	EXP	text_2: text = 301
30.73527499998454	DATA	Keydown:  
30.745729999965988	EXP	text_2: text = 317
30.745729999965988	EXP	text_2: autoDraw = false
30.745729999965988	EXP	Feedback: text = 305
30.745729999965988	EXP	Feedback: autoDraw = true
31.74636999994982	EXP	Feedback: autoDraw = false
31.74636999994982	EXP	Feedback: autoDraw = false
31.74636999994982	EXP	text_3: autoDraw = true
41.09720999991987	EXP	text_3: autoDraw = false
41.09720999991987	EXP	text_3: autoDraw = false
41.09720999991987	EXP	text_2: autoDraw = true
41.09720999991987	EXP	text_2: text = 0
41.1127250000136	EXP	text_2: text = 17
41.12948000000324	EXP	text_2: text = 34
41.145959999994375	EXP	text_2: text = 51
41.16287499992177	EXP	text_2: text = 68
41.17900499992538	EXP	text_2: text = 83
41.195819999906234	EXP	text_2: text = 100
41.212034999975	EXP	text_2: text = 118
41.22873500001151	EXP	text_2: text = 135
41.24657499999739	EXP	text_2: text = 152
41.2628450000193	EXP	text_2: text = 167
41.27932500001043	EXP	text_2: text = 184
41.29686999996193	EXP	text_2: text = 201
41.313504999969155	EXP	text_2: text = 217
41.32776999997441	EXP	text_2: text = 233
41.34661499992944	EXP	text_2: text = 251
41.362309999996796	EXP	text_2: text = 267
41.37921499996446	EXP	text_2: text = 283
41.395494999946095	EXP	text_2: text = 300
41.41340499999933	EXP	text_2: text = 318
41.42904999991879	EXP	text_2: text = 333
41.44633999990765	EXP	text_2: text = 351
41.4546599999303	DATA	Keydown:  
41.465499999932945	EXP	text_2: text = 368
41.465499999932945	EXP	text_2: autoDraw = false
41.465499999932945	EXP	Feedback: text = 358
41.465499999932945	EXP	Feedback: autoDraw = true
42.46284499997273	EXP	Feedback: autoDraw = false
42.46284499997273	EXP	Feedback: autoDraw = false
42.46284499997273	EXP	text_3: autoDraw = true
49.06649499991909	EXP	text_3: autoDraw = false
49.06649499991909	EXP	text_3: autoDraw = false
49.06649499991909	EXP	text_2: autoDraw = true
49.06649499991909	EXP	text_2: text = 0
49.0800749999471	EXP	text_2: text = 17
49.09762000001501	EXP	text_2: text = 34
49.1134599999059	EXP	text_2: text = 50
49.12995500001125	EXP	text_2: text = 67
49.146819999907166	EXP	text_2: text = 84
49.163449999992736	EXP	text_2: text = 100
49.1801699999487	EXP	text_2: text = 117
49.19726499996614	EXP	text_2: text = 134
49.2137399999192	EXP	text_2: text = 150
49.228699999977835	EXP	text_2: text = 167
49.246864999993704	EXP	text_2: text = 185
49.26286999997683	EXP	text_2: text = 199
49.279724999913014	EXP	text_2: text = 217
49.29721999994945	EXP	text_2: text = 234
49.31327499996405	EXP	text_2: text = 250
49.33034499990754	EXP	text_2: text = 267
49.34685999993235	EXP	text_2: text = 284
49.363894999958575	EXP	text_2: text = 300
49.37937500001863	EXP	text_2: text = 316
49.396169999963604	EXP	text_2: text = 333
49.41313499992248	EXP	text_2: text = 349
49.429844999918714	EXP	text_2: text = 367
49.44655499991495	EXP	text_2: text = 383
49.46383499994408	EXP	text_2: text = 400
49.48003999993671	EXP	text_2: text = 416
49.497429999988526	EXP	text_2: text = 434
49.51326999999583	EXP	text_2: text = 450
49.53146999992896	EXP	text_2: text = 467
49.53394999995362	DATA	Keydown:  
49.547744999988936	EXP	text_2: text = 483
49.547744999988936	EXP	text_2: autoDraw = false
49.547744999988936	EXP	Feedback: text = 469
49.547744999988936	EXP	Feedback: autoDraw = true
50.548019999987446	EXP	Feedback: autoDraw = false
50.548019999987446	EXP	Feedback: autoDraw = false
50.548019999987446	EXP	text_3: autoDraw = true
59.11472499999218	EXP	text_3: autoDraw = false
59.11472499999218	EXP	text_3: autoDraw = false
59.11472499999218	EXP	text_2: autoDraw = true
59.11472499999218	EXP	text_2: text = 0
59.13002499996219	EXP	text_2: text = 17
59.14656499994453	EXP	text_2: text = 33
59.16437499993481	EXP	text_2: text = 52
59.180109999957494	EXP	text_2: text = 67
59.19607999990694	EXP	text_2: text = 84
59.212109999964014	EXP	text_2: text = 100
59.23004499997478	EXP	text_2: text = 117
59.24729500000831	EXP	text_2: text = 133
59.263824999914505	EXP	text_2: text = 151
59.2808199999854	EXP	text_2: text = 168
59.29744499991648	EXP	text_2: text = 184
59.31358499999624	EXP	text_2: text = 200
59.33109999995213	EXP	text_2: text = 217
59.34749999991618	EXP	text_2: text = 234
59.36447999998927	EXP	text_2: text = 251
59.380134999984875	EXP	text_2: text = 267
59.396544999908656	EXP	text_2: text = 283
59.41409500001464	EXP	text_2: text = 301
59.43021499994211	EXP	text_2: text = 317
59.446765000000596	EXP	text_2: text = 333
59.452279999968596	DATA	Keydown:  
59.464915000018664	EXP	text_2: text = 351
59.464915000018664	EXP	text_2: autoDraw = false
59.464915000018664	EXP	Feedback: text = 338
59.464915000018664	EXP	Feedback: autoDraw = true
60.4649699999718	EXP	Feedback: autoDraw = false
60.4649699999718	EXP	Feedback: autoDraw = false
60.4649699999718	EXP	text_3: autoDraw = true
62.91611999995075	EXP	text_3: autoDraw = false
62.91611999995075	EXP	text_3: autoDraw = false
62.91611999995075	EXP	text_2: autoDraw = true
62.91611999995075	EXP	text_2: text = 0
62.93070499994792	EXP	text_2: text = 16
62.948084999923594	EXP	text_2: text = 33
62.963764999993145	EXP	text_2: text = 49
62.980164999957196	EXP	text_2: text = 65
62.997914999956265	EXP	text_2: text = 83
63.01349499996286	EXP	text_2: text = 99
63.033779999939725	EXP	text_2: text = 117
63.044714999967255	EXP	text_2: text = 132
63.06241000001319	EXP	text_2: text = 148
63.08018499996979	EXP	text_2: text = 166
63.097529999911785	EXP	text_2: text = 182
63.114519999944605	EXP	text_2: text = 200
63.13050500000827	EXP	text_2: text = 215
63.14677499991376	EXP	text_2: text = 232
63.16383500001393	EXP	text_2: text = 249
63.18061499996111	EXP	text_2: text = 265
63.196984999929555	EXP	text_2: text = 282
63.21367500000633	EXP	text_2: text = 299
63.230624999967404	EXP	text_2: text = 315
63.24761999992188	EXP	text_2: text = 333
63.26345999992918	EXP	text_2: text = 349
63.28046999999788	EXP	text_2: text = 365
63.29738999996334	EXP	text_2: text = 383
63.314354999922216	EXP	text_2: text = 400
63.33089500002097	EXP	text_2: text = 417
63.33830499998294	DATA	Keydown:  
63.347854999941774	EXP	text_2: text = 432
63.347854999941774	EXP	text_2: autoDraw = false
63.347854999941774	EXP	Feedback: text = 422
63.347854999941774	EXP	Feedback: autoDraw = true
64.34799999999814	EXP	Feedback: autoDraw = false
64.34799999999814	EXP	Feedback: autoDraw = false
64.34799999999814	EXP	text_3: autoDraw = true
70.26718500000425	EXP	text_3: autoDraw = false
70.26718500000425	EXP	text_3: autoDraw = false
70.26718500000425	EXP	text_2: autoDraw = true
70.26718500000425	EXP	text_2: text = 0
70.28070999996271	EXP	text_2: text = 15
70.29769499995746	EXP	text_2: text = 33
70.31453500001226	EXP	text_2: text = 49
70.3311349999858	EXP	text_2: text = 66
70.34728499990888	EXP	text_2: text = 82
70.36436499992851	EXP	text_2: text = 99
70.38107999996282	EXP	text_2: text = 115
70.39749000000302	EXP	text_2: text = 132
70.41430499998387	EXP	text_2: text = 149
70.43074999994133	EXP	text_2: text = 165
70.44665499997791	EXP	text_2: text = 183
70.4637849999126	EXP	text_2: text = 201
70.4805949999718	EXP	text_2: text = 215
70.49802499997895	EXP	text_2: text = 232
70.51514999999199	EXP	text_2: text = 250
70.53116999997292	EXP	text_2: text = 265
70.54771499999333	EXP	text_2: text = 283
70.56424500001594	EXP	text_2: text = 299
70.58119499997701	EXP	text_2: text = 315
70.59788000001572	EXP	text_2: text = 332
70.6180249999743	EXP	text_2: text = 350
70.63188499992248	EXP	text_2: text = 367
70.64760999998543	EXP	text_2: text = 383
70.66500999999698	EXP	text_2: text = 400
70.68167499999981	EXP	text_2: text = 417
70.69895499991253	EXP	text_2: text = 434
70.70473499991931	DATA	Keydown:  
70.71681999997236	EXP	text_2: text = 449
70.71681999997236	EXP	text_2: autoDraw = false
70.71681999997236	EXP	Feedback: text = 438
70.71681999997236	EXP	Feedback: autoDraw = true
71.714954999974	EXP	Feedback: autoDraw = false
71.714954999974	EXP	Feedback: autoDraw = false
71.714954999974	EXP	text_3: autoDraw = true
78.48436499992386	EXP	text_3: autoDraw = false
78.48436499992386	EXP	text_3: autoDraw = false
78.48436499992386	EXP	text_2: autoDraw = true
78.48436499992386	EXP	text_2: text = 0
78.49882999993861	EXP	text_2: text = 17
78.51568999991287	EXP	text_2: text = 33
78.53266499994788	EXP	text_2: text = 50
78.54828499990981	EXP	text_2: text = 65
78.56464499991853	EXP	text_2: text = 83
78.58261499996297	EXP	text_2: text = 99
78.59811499994248	EXP	text_2: text = 115
78.61489500000607	EXP	text_2: text = 132
78.63173499994446	EXP	text_2: text = 149
78.6485349999275	EXP	text_2: text = 165
78.66398999991361	EXP	text_2: text = 182
78.68064999999478	EXP	text_2: text = 200
78.69838499999605	EXP	text_2: text = 217
78.71529500000179	EXP	text_2: text = 233
78.73222000000533	EXP	text_2: text = 250
78.74911999993492	EXP	text_2: text = 267
78.76474000001326	EXP	text_2: text = 282
78.78284499992151	EXP	text_2: text = 300
78.78556999994908	DATA	Keydown:  
78.8013299999293	EXP	text_2: text = 317
78.8013299999293	EXP	text_2: autoDraw = false
78.8013299999293	EXP	Feedback: text = 301
78.8013299999293	EXP	Feedback: autoDraw = true
79.80035999999382	EXP	Feedback: autoDraw = false
79.80035999999382	EXP	Feedback: autoDraw = false
79.80035999999382	EXP	text_3: autoDraw = true
82.5835949999746	EXP	text_3: autoDraw = false
82.5835949999746	EXP	text_3: autoDraw = false
82.5835949999746	EXP	text_2: autoDraw = true
82.5835949999746	EXP	text_2: text = 0
82.59996499994304	EXP	text_2: text = 17
82.61476999998558	EXP	text_2: text = 33
82.63236499996856	EXP	text_2: text = 50
82.64880500000436	EXP	text_2: text = 67
82.66518499993253	EXP	text_2: text = 83
82.68201499991119	EXP	text_2: text = 100
82.70019499992486	EXP	text_2: text = 118
82.71609000000171	EXP	text_2: text = 134
82.73164499993436	EXP	text_2: text = 149
82.74853500002064	EXP	text_2: text = 166
82.7650549999671	EXP	text_2: text = 183
82.78197000001092	EXP	text_2: text = 200
82.79888499993831	EXP	text_2: text = 216
82.8158500000136	EXP	text_2: text = 234
82.83235499996226	EXP	text_2: text = 251
82.84864500002004	EXP	text_2: text = 267
82.86549999995623	EXP	text_2: text = 284
82.88233499997295	EXP	text_2: text = 301
82.89896000002045	EXP	text_2: text = 317
82.91599999996834	EXP	text_2: text = 334
82.92301499994937	DATA	Keydown:  
82.93273999996018	EXP	text_2: text = 350
82.93273999996018	EXP	text_2: autoDraw = false
82.93273999996018	EXP	Feedback: text = 340
82.93273999996018	EXP	Feedback: autoDraw = true
83.93326499999966	EXP	Feedback: autoDraw = false
83.93326499999966	EXP	Feedback: autoDraw = false
83.93326499999966	EXP	text_3: autoDraw = true
87.05051500000991	EXP	text_3: autoDraw = false
87.05051500000991	EXP	text_3: autoDraw = false
87.05051500000991	EXP	text_2: autoDraw = true
87.05051500000991	EXP	text_2: text = 0
87.06528500001878	EXP	text_2: text = 17
87.08185499999672	EXP	text_2: text = 33
87.09912499994971	EXP	text_2: text = 51
87.11607999994885	EXP	text_2: text = 68
87.1325099999085	EXP	text_2: text = 84
87.14890999998897	EXP	text_2: text = 101
87.16553999995813	EXP	text_2: text = 117
87.1822599999141	EXP	text_2: text = 134
87.19968499999959	EXP	text_2: text = 151
87.21625499997754	EXP	text_2: text = 168
87.23277999996208	EXP	text_2: text = 184
87.24955999990925	EXP	text_2: text = 201
87.26620499999262	EXP	text_2: text = 218
87.28304999996908	EXP	text_2: text = 235
87.29955999995582	EXP	text_2: text = 251
87.31646000000183	EXP	text_2: text = 268
87.33213999995496	EXP	text_2: text = 283
87.34897499997169	EXP	text_2: text = 300
87.36641499993857	EXP	text_2: text = 318
87.36884999996983	DATA	Keydown:  
87.3826199999312	EXP	text_2: text = 335
87.3826199999312	EXP	text_2: autoDraw = false
87.3826199999312	EXP	Feedback: text = 318
87.3826199999312	EXP	Feedback: autoDraw = true
88.38400499999989	EXP	Feedback: autoDraw = false
88.38400499999989	EXP	Feedback: autoDraw = false
88.38400499999989	EXP	text_3: autoDraw = true
91.81863999995403	EXP	text_3: autoDraw = false
91.81863999995403	EXP	text_3: autoDraw = false
91.81863999995403	EXP	text_2: autoDraw = true
91.81863999995403	EXP	text_2: text = 0
91.83213499991689	EXP	text_2: text = 15
91.8500950000016	EXP	text_2: text = 33
91.86593999993056	EXP	text_2: text = 49
91.88315000000875	EXP	text_2: text = 67
91.89956499997061	EXP	text_2: text = 83
91.91606999991927	EXP	text_2: text = 99
91.93301999999676	EXP	text_2: text = 116
91.9499450000003	EXP	text_2: text = 133
91.96534499991685	EXP	text_2: text = 149
91.98310499999207	EXP	text_2: text = 167
91.99835999996867	EXP	text_2: text = 182
92.01474999997299	EXP	text_2: text = 199
92.03188499994576	EXP	text_2: text = 217
92.0494249999756	EXP	text_2: text = 234
92.06553999998141	EXP	text_2: text = 250
92.08230000000913	EXP	text_2: text = 266
92.09936499991454	EXP	text_2: text = 283
92.11667000001762	EXP	text_2: text = 300
92.13268999999855	EXP	text_2: text = 316
92.15002499998081	EXP	text_2: text = 333
92.15240499994252	DATA	Keydown:  
92.16777499997988	EXP	text_2: text = 349
92.16777499997988	EXP	text_2: autoDraw = false
92.16777499997988	EXP	Feedback: text = 334
92.16777499997988	EXP	Feedback: autoDraw = true
93.1668649999192	EXP	Feedback: autoDraw = false
93.1668649999192	EXP	Feedback: autoDraw = false
93.1668649999192	EXP	text_3: autoDraw = true
99.93442999990657	EXP	text_3: autoDraw = false
99.93442999990657	EXP	text_3: autoDraw = false
99.93442999990657	EXP	text_2: autoDraw = true
99.93442999990657	EXP	text_2: text = 0
99.94958499993663	EXP	text_2: text = 18
99.96623000002	EXP	text_2: text = 33
99.98393999994732	EXP	text_2: text = 52
99.9995699999854	EXP	text_2: text = 67
100.0157950000139	EXP	text_2: text = 83
100.0340149999829	EXP	text_2: text = 101
100.05078499997035	EXP	text_2: text = 118
100.06640999997035	EXP	text_2: text = 133
100.08315500000026	EXP	text_2: text = 151
100.0998799999943	EXP	text_2: text = 167
100.11694500001613	EXP	text_2: text = 184
100.13373499992304	EXP	text_2: text = 201
100.15059999993537	EXP	text_2: text = 218
100.16628499992657	EXP	text_2: text = 233
100.18293000000995	EXP	text_2: text = 250
100.19945999991614	EXP	text_2: text = 267
100.21727999998257	EXP	text_2: text = 285
100.23280999995768	EXP	text_2: text = 300
100.2362799999537	DATA	Keydown:  
100.25180999992881	EXP	text_2: text = 317
100.25180999992881	EXP	text_2: autoDraw = false
100.25180999992881	EXP	Feedback: text = 302
100.25180999992881	EXP	Feedback: autoDraw = true
101.25020499993116	EXP	Feedback: autoDraw = false
101.25020499993116	EXP	Feedback: autoDraw = false
101.25020499993116	EXP	text_3: autoDraw = true
111.20218999998178	EXP	text_3: autoDraw = false
111.20218999998178	EXP	text_3: autoDraw = false
111.20218999998178	EXP	text_2: autoDraw = true
111.20218999998178	EXP	text_2: text = 0
111.21782999997959	EXP	text_2: text = 16
111.23350500001106	EXP	text_2: text = 32
111.2517049999442	EXP	text_2: text = 51
111.2679899999639	EXP	text_2: text = 66
111.28354999993462	EXP	text_2: text = 82
111.30110499996226	EXP	text_2: text = 100
111.31792499998119	EXP	text_2: text = 116
111.33427499991376	EXP	text_2: text = 133
111.35060999996495	EXP	text_2: text = 149
111.3668699999107	EXP	text_2: text = 165
111.38482499995735	EXP	text_2: text = 183
111.40018999995664	EXP	text_2: text = 198
111.4170349999331	EXP	text_2: text = 215
111.43366500001866	EXP	text_2: text = 232
111.4503300000215	EXP	text_2: text = 248
111.46718499995768	EXP	text_2: text = 265
111.48390499991365	EXP	text_2: text = 282
111.50107999995816	EXP	text_2: text = 299
111.51790500001516	EXP	text_2: text = 316
111.53632499999367	EXP	text_2: text = 333
111.5387149999151	DATA	Keydown:  
111.55162499996368	EXP	text_2: text = 349
111.55162499996368	EXP	text_2: autoDraw = false
111.55162499996368	EXP	Feedback: text = 337
111.55162499996368	EXP	Feedback: autoDraw = true
112.55118499998935	EXP	Feedback: autoDraw = false
112.55118499998935	EXP	Feedback: autoDraw = false
112.55118499998935	EXP	text_3: autoDraw = true
117.72080999996979	EXP	text_3: autoDraw = false
117.72080999996979	EXP	text_3: autoDraw = false
117.72080999996979	EXP	text_2: autoDraw = true
117.72080999996979	EXP	text_2: text = 0
117.73451999993995	EXP	text_2: text = 16
117.75172499998007	EXP	text_2: text = 33
117.76855499995872	EXP	text_2: text = 50
117.78517499996815	EXP	text_2: text = 66
117.80090999999084	EXP	text_2: text = 81
117.81791500002146	EXP	text_2: text = 99
117.83513499994297	EXP	text_2: text = 116
117.85196999995969	EXP	text_2: text = 133
117.86881000001449	EXP	text_2: text = 150
117.88461999990977	EXP	text_2: text = 166
117.9012699999148	EXP	text_2: text = 183
117.91770499991253	EXP	text_2: text = 199
117.9344900000142	EXP	text_2: text = 215
117.95099499996286	EXP	text_2: text = 232
117.967949999962	EXP	text_2: text = 248
117.98486999992747	EXP	text_2: text = 266
118.00172499998007	EXP	text_2: text = 283
118.01891499990597	EXP	text_2: text = 300
118.03486499993596	EXP	text_2: text = 316
118.05151499994099	EXP	text_2: text = 333
118.06831499992404	EXP	text_2: text = 349
118.08517500001471	EXP	text_2: text = 366
118.10163499996997	EXP	text_2: text = 383
118.1186699999962	EXP	text_2: text = 400
118.12896000000183	DATA	Keydown:  
118.13747999991756	EXP	text_2: text = 416
118.13747999991756	EXP	text_2: autoDraw = false
118.13747999991756	EXP	Feedback: text = 408
118.13747999991756	EXP	Feedback: autoDraw = true
119.13682000001427	EXP	Feedback: autoDraw = false
119.13682000001427	EXP	Feedback: autoDraw = false
119.13682000001427	EXP	text_3: autoDraw = true
126.66978999995627	EXP	text_3: autoDraw = false
126.66978999995627	EXP	text_3: autoDraw = false
126.66978999995627	EXP	text_2: autoDraw = true
126.66978999995627	EXP	text_2: text = 0
126.6843499999959	EXP	text_2: text = 17
126.70224999997299	EXP	text_2: text = 35
126.71817000000738	EXP	text_2: text = 50
126.7345300000161	EXP	text_2: text = 67
126.75122500001453	EXP	text_2: text = 83
126.76808999991044	EXP	text_2: text = 100
126.78481999994256	EXP	text_2: text = 117
126.80170499999076	EXP	text_2: text = 133
126.81883499992546	EXP	text_2: text = 151
126.83470999996644	EXP	text_2: text = 167
126.85134499997366	EXP	text_2: text = 183
126.86822999990545	EXP	text_2: text = 200
126.88491499994416	EXP	text_2: text = 217
126.9018849999411	EXP	text_2: text = 233
126.91950999991968	EXP	text_2: text = 251
126.93528999993578	EXP	text_2: text = 268
126.95245999994222	EXP	text_2: text = 284
126.9677799999481	EXP	text_2: text = 300
126.98450999998022	EXP	text_2: text = 317
127.001319999923	EXP	text_2: text = 333
127.01780999999028	EXP	text_2: text = 350
127.02539500000421	DATA	Keydown:  
127.03833499993198	EXP	text_2: text = 368
127.03833499993198	EXP	text_2: autoDraw = false
127.03833499993198	EXP	Feedback: text = 356
127.03833499993198	EXP	Feedback: autoDraw = true
128.03631499991752	EXP	Feedback: autoDraw = false
128.03631499991752	EXP	Feedback: autoDraw = false
128.03631499991752	EXP	text_3: autoDraw = true
132.4049299999606	EXP	text_3: autoDraw = false
132.4049299999606	EXP	text_3: autoDraw = false
132.4049299999606	EXP	text_2: autoDraw = true
132.4049299999606	EXP	text_2: text = 0
132.4182799999835	EXP	text_2: text = 15
132.43637000001036	EXP	text_2: text = 33
132.45186999998987	EXP	text_2: text = 49
132.46924999996554	EXP	text_2: text = 66
132.48384499992244	EXP	text_2: text = 82
132.50377999991179	EXP	text_2: text = 100
132.51831999991555	EXP	text_2: text = 115
132.5363049999578	EXP	text_2: text = 133
132.55210999993142	EXP	text_2: text = 149
132.56910999992397	EXP	text_2: text = 166
132.58608499995898	EXP	text_2: text = 183
132.6022749999538	EXP	text_2: text = 199
132.61947499995586	EXP	text_2: text = 217
132.6353399999207	EXP	text_2: text = 232
132.65234999998938	EXP	text_2: text = 249
132.66851499991026	EXP	text_2: text = 265
132.68525500001851	EXP	text_2: text = 282
132.7018649999518	EXP	text_2: text = 299
132.71881999995094	EXP	text_2: text = 315
132.73569000000134	EXP	text_2: text = 333
132.75241999991704	EXP	text_2: text = 350
132.7703849999234	EXP	text_2: text = 367
132.77350000001024	DATA	Keydown:  
132.78539500001352	EXP	text_2: text = 382
132.78539500001352	EXP	text_2: autoDraw = false
132.78539500001352	EXP	Feedback: text = 369
132.78539500001352	EXP	Feedback: autoDraw = true
133.78564000001643	EXP	Feedback: autoDraw = false
133.78564000001643	EXP	Feedback: autoDraw = false
133.78564000001643	EXP	text_3: autoDraw = true
139.5724250000203	EXP	text_3: autoDraw = false
139.5724250000203	EXP	text_3: autoDraw = false
139.5724250000203	EXP	text_2: autoDraw = true
139.5724250000203	EXP	text_2: text = 0
139.58574000000954	EXP	text_2: text = 15
139.60239000001457	EXP	text_2: text = 32
139.61904499994125	EXP	text_2: text = 48
139.63559499999974	EXP	text_2: text = 65
139.65145999996457	EXP	text_2: text = 82
139.67007999995258	EXP	text_2: text = 100
139.68598999991082	EXP	text_2: text = 116
139.70305999997072	EXP	text_2: text = 132
139.71860499994364	EXP	text_2: text = 148
139.73618000000715	EXP	text_2: text = 166
139.7528249999741	EXP	text_2: text = 183
139.76994499994908	EXP	text_2: text = 200
139.7863199999556	EXP	text_2: text = 217
139.80319999996573	EXP	text_2: text = 233
139.82000499998685	EXP	text_2: text = 250
139.8368499999633	EXP	text_2: text = 267
139.85387999995146	EXP	text_2: text = 283
139.8569150000112	DATA	Keydown:  
139.8705749999499	EXP	text_2: text = 299
139.8705749999499	EXP	text_2: autoDraw = false
139.8705749999499	EXP	Feedback: text = 285
139.8705749999499	EXP	Feedback: autoDraw = true
140.87145999993663	EXP	Feedback: autoDraw = false
140.87145999993663	EXP	Feedback: autoDraw = false
140.87145999993663	EXP	text_3: autoDraw = true
147.72229999990668	EXP	text_3: autoDraw = false
147.72229999990668	EXP	text_3: autoDraw = false
147.72229999990668	EXP	text_2: autoDraw = true
147.72229999990668	EXP	text_2: text = 0
147.73686999990605	EXP	text_2: text = 16
147.75375999999233	EXP	text_2: text = 33
147.76969999994617	EXP	text_2: text = 48
147.78596499993	EXP	text_2: text = 65
147.80383999994956	EXP	text_2: text = 83
147.8203049999429	EXP	text_2: text = 100
147.8358799999114	EXP	text_2: text = 115
147.85203499998897	EXP	text_2: text = 133
147.8709899999667	EXP	text_2: text = 152
147.8865549999755	EXP	text_2: text = 166
147.9031299999915	EXP	text_2: text = 183
147.9202449999284	EXP	text_2: text = 199
147.9367449999554	EXP	text_2: text = 216
147.95364500000142	EXP	text_2: text = 233
147.97040499991272	EXP	text_2: text = 250
147.98690499993972	EXP	text_2: text = 266
148.00361999997403	EXP	text_2: text = 283
148.02048499998637	EXP	text_2: text = 300
148.0372900000075	EXP	text_2: text = 316
148.0463849999942	DATA	Keydown:  
148.0548449999187	EXP	text_2: text = 332
148.0548449999187	EXP	text_2: autoDraw = false
148.0548449999187	EXP	Feedback: text = 324
148.0548449999187	EXP	Feedback: autoDraw = true
149.0534350000089	EXP	Feedback: autoDraw = false
149.0534350000089	EXP	Feedback: autoDraw = false
149.0534350000089	EXP	text_3: autoDraw = true
158.99004999990575	EXP	text_3: autoDraw = false
158.99004999990575	EXP	text_3: autoDraw = false
158.99004999990575	EXP	text_2: autoDraw = true
158.99004999990575	EXP	text_2: text = 0
159.00415499997325	EXP	text_2: text = 16
159.02120499999728	EXP	text_2: text = 33
159.0378400000045	EXP	text_2: text = 50
159.05452999996487	EXP	text_2: text = 67
159.07060500001535	EXP	text_2: text = 83
159.08742999995593	EXP	text_2: text = 99
159.10394499998074	EXP	text_2: text = 116
159.1206499999389	EXP	text_2: text = 132
159.13749999995343	EXP	text_2: text = 149
159.1545449999394	EXP	text_2: text = 166
159.17030999995768	EXP	text_2: text = 182
159.187024999992	EXP	text_2: text = 199
159.204844999942	EXP	text_2: text = 217
159.22084999992512	EXP	text_2: text = 233
159.23919499991462	EXP	text_2: text = 251
159.253320000018	EXP	text_2: text = 265
159.27136000001337	EXP	text_2: text = 283
159.28784499992616	EXP	text_2: text = 299
159.29188999999315	DATA	Keydown:  
159.30463999998756	EXP	text_2: text = 316
159.30463999998756	EXP	text_2: autoDraw = false
159.30463999998756	EXP	Feedback: text = 302
159.30463999998756	EXP	Feedback: autoDraw = true
160.30381999991369	EXP	Feedback: autoDraw = false
160.30381999991369	EXP	Feedback: autoDraw = false
160.30381999991369	EXP	text_3: autoDraw = true
165.00552000000607	EXP	text_3: autoDraw = false
165.00552000000607	EXP	text_3: autoDraw = false
165.00552000000607	EXP	text_2: autoDraw = true
165.00552000000607	EXP	text_2: text = 0
165.02104499994311	EXP	text_2: text = 17
165.03805999993347	EXP	text_2: text = 34
165.05433499999344	EXP	text_2: text = 51
165.07083500002045	EXP	text_2: text = 68
165.0870799999684	EXP	text_2: text = 83
165.10431500000414	EXP	text_2: text = 100
165.12112499994691	EXP	text_2: text = 118
165.13797499996144	EXP	text_2: text = 134
165.1550649999408	EXP	text_2: text = 151
165.1706449999474	EXP	text_2: text = 167
165.1872699999949	EXP	text_2: text = 183
165.20276499993633	EXP	text_2: text = 200
165.21994500001892	EXP	text_2: text = 217
165.2362949999515	EXP	text_2: text = 233
165.25320499995723	EXP	text_2: text = 250
165.26957000000402	EXP	text_2: text = 266
165.2865499999607	EXP	text_2: text = 284
165.30372999992687	EXP	text_2: text = 300
165.30611499992665	DATA	Keydown:  
165.3224550000159	EXP	text_2: text = 318
165.3224550000159	EXP	text_2: autoDraw = false
165.3224550000159	EXP	Feedback: text = 301
165.3224550000159	EXP	Feedback: autoDraw = true
166.32104999991134	EXP	Feedback: autoDraw = false
166.32104999991134	EXP	Feedback: autoDraw = false
166.32104999991134	EXP	text_3: autoDraw = true
171.8063100000145	EXP	text_3: autoDraw = false
171.8063100000145	EXP	text_3: autoDraw = false
171.8063100000145	EXP	text_2: autoDraw = true
171.8063100000145	EXP	text_2: text = 0
171.82135999994352	EXP	text_2: text = 17
171.83805999998003	EXP	text_2: text = 33
171.85507499997038	EXP	text_2: text = 51
171.87182999996003	EXP	text_2: text = 68
171.88858499994967	EXP	text_2: text = 84
171.9042349999072	EXP	text_2: text = 100
171.92224999994505	EXP	text_2: text = 118
171.93856999999844	EXP	text_2: text = 134
171.95355999993626	EXP	text_2: text = 150
171.97086000000127	EXP	text_2: text = 168
171.98734999995213	EXP	text_2: text = 184
172.00569499994162	EXP	text_2: text = 201
172.02150499995332	EXP	text_2: text = 217
172.03830999997444	EXP	text_2: text = 235
172.0551699999487	EXP	text_2: text = 251
172.07163000002038	EXP	text_2: text = 268
172.08857999998145	EXP	text_2: text = 284
172.1047199999448	EXP	text_2: text = 300
172.1104499999201	DATA	Keydown:  
172.1247699999949	EXP	text_2: text = 318
172.1247699999949	EXP	text_2: autoDraw = false
172.1247699999949	EXP	Feedback: text = 304
172.1247699999949	EXP	Feedback: autoDraw = true
173.12275500001851	EXP	Feedback: autoDraw = false
173.12275500001851	EXP	Feedback: autoDraw = false
173.12275500001851	EXP	text_3: autoDraw = true
176.78996999992523	EXP	text_3: autoDraw = false
176.78996999992523	EXP	text_3: autoDraw = false
176.78996999992523	EXP	text_2: autoDraw = true
176.78996999992523	EXP	text_2: text = 0
176.80469000001904	EXP	text_2: text = 16
176.82121500000358	EXP	text_2: text = 33
176.83870500000194	EXP	text_2: text = 51
176.85566499992274	EXP	text_2: text = 68
176.87162499991246	EXP	text_2: text = 83
176.88876000000164	EXP	text_2: text = 101
176.90480000001844	EXP	text_2: text = 116
176.9218450000044	EXP	text_2: text = 133
176.93854999996256	EXP	text_2: text = 150
176.95539000001736	EXP	text_2: text = 167
176.97251999995206	EXP	text_2: text = 184
176.98806000000332	EXP	text_2: text = 200
177.0047599999234	EXP	text_2: text = 216
177.0216449999716	EXP	text_2: text = 233
177.03856000001542	EXP	text_2: text = 250
177.05576499993913	EXP	text_2: text = 268
177.07172999996692	EXP	text_2: text = 283
177.08857999998145	EXP	text_2: text = 301
177.10402500000782	EXP	text_2: text = 318
177.12048499996308	EXP	text_2: text = 333
177.1222200000193	DATA	Keydown:  
177.13960499991663	EXP	text_2: text = 351
177.13960499991663	EXP	text_2: autoDraw = false
177.13960499991663	EXP	Feedback: text = 332
177.13960499991663	EXP	Feedback: autoDraw = true
178.14044499990996	EXP	Feedback: autoDraw = false
178.14044499990996	EXP	Feedback: autoDraw = false
178.14044499990996	EXP	text_3: autoDraw = true
184.30707999994047	EXP	text_3: autoDraw = false
184.30707999994047	EXP	text_3: autoDraw = false
184.30707999994047	EXP	text_2: autoDraw = true
184.30707999994047	EXP	text_2: text = 0
184.3221800000174	EXP	text_2: text = 17
184.33845499996096	EXP	text_2: text = 33
184.35492999991402	EXP	text_2: text = 50
184.37264999991748	EXP	text_2: text = 68
184.38937499991152	EXP	text_2: text = 84
184.40535499993712	EXP	text_2: text = 100
184.42195999994874	EXP	text_2: text = 117
184.4388499999186	EXP	text_2: text = 133
184.4553499999456	EXP	text_2: text = 150
184.472070000018	EXP	text_2: text = 167
184.48863499995787	EXP	text_2: text = 183
184.5058699999936	EXP	text_2: text = 201
184.52295000001322	EXP	text_2: text = 218
184.54056499991566	EXP	text_2: text = 234
184.5555099999765	EXP	text_2: text = 250
184.57208999991417	EXP	text_2: text = 267
184.58848999999464	EXP	text_2: text = 283
184.6050549999345	EXP	text_2: text = 300
184.62266999995336	EXP	text_2: text = 316
184.62589999998454	DATA	Keydown:  
184.63913999998476	EXP	text_2: text = 333
184.63913999998476	EXP	text_2: autoDraw = false
184.63913999998476	EXP	Feedback: text = 319
184.63913999998476	EXP	Feedback: autoDraw = true
185.63926500000525	EXP	Feedback: autoDraw = false
185.63926500000525	EXP	Feedback: autoDraw = false
185.63926500000525	EXP	text_3: autoDraw = true
195.22222499991767	EXP	text_3: autoDraw = false
195.22222499991767	EXP	text_3: autoDraw = false
195.22222499991767	EXP	text_2: autoDraw = true
195.22222499991767	EXP	text_2: text = 0
195.236969999969	EXP	text_2: text = 17
195.25501500000246	EXP	text_2: text = 33
195.27189999993425	EXP	text_2: text = 51
195.28892500000075	EXP	text_2: text = 68
195.30486999999266	EXP	text_2: text = 84
195.32394999999087	EXP	text_2: text = 102
195.3397699999623	EXP	text_2: text = 117
195.35693499993067	EXP	text_2: text = 135
195.37304500001483	EXP	text_2: text = 150
195.38975999993272	EXP	text_2: text = 167
195.40666999993846	EXP	text_2: text = 185
195.42263499996625	EXP	text_2: text = 200
195.43995499995071	EXP	text_2: text = 217
195.45606999995653	EXP	text_2: text = 234
195.47283999994397	EXP	text_2: text = 250
195.48946999991313	EXP	text_2: text = 267
195.50646999990568	EXP	text_2: text = 285
195.52317499998026	EXP	text_2: text = 300
195.5403749999823	EXP	text_2: text = 318
195.556259999983	EXP	text_2: text = 334
195.5736349999206	EXP	text_2: text = 351
195.5893099999521	EXP	text_2: text = 367
195.6063200000208	EXP	text_2: text = 384
195.6235549999401	EXP	text_2: text = 401
195.6410400000168	EXP	text_2: text = 417
195.64434499992058	DATA	Keydown:  
195.6562350000022	EXP	text_2: text = 434
195.6562350000022	EXP	text_2: autoDraw = false
195.6562350000022	EXP	Feedback: text = 422
195.6562350000022	EXP	Feedback: autoDraw = true
196.65670499997213	EXP	Feedback: autoDraw = false
196.65670499997213	EXP	Feedback: autoDraw = false
196.65670499997213	EXP	text_3: autoDraw = true
200.12443500000518	DATA	Keydown:  
203.75885499990545	EXP	text_3: autoDraw = false
203.75885499990545	EXP	text_3: autoDraw = false
203.75885499990545	EXP	text_2: autoDraw = true
203.75885499990545	EXP	text_2: text = 0
203.77334499999415	EXP	text_2: text = 15
203.7899749999633	EXP	text_2: text = 32
203.8068750000093	EXP	text_2: text = 49
203.82369499991182	EXP	text_2: text = 66
203.84022000001278	EXP	text_2: text = 82
203.8564999999944	EXP	text_2: text = 99
203.87345499999356	EXP	text_2: text = 115
203.8901649999898	EXP	text_2: text = 132
203.90749000001233	EXP	text_2: text = 150
203.9233799999347	EXP	text_2: text = 165
203.9398349999683	EXP	text_2: text = 182
203.95768999995198	EXP	text_2: text = 200
203.9730499999132	EXP	text_2: text = 215
203.9894299999578	EXP	text_2: text = 233
204.00537999998778	EXP	text_2: text = 249
204.02249000000302	EXP	text_2: text = 265
204.03934999997728	EXP	text_2: text = 283
204.05622499994934	EXP	text_2: text = 299
204.05822499992792	DATA	Keydown:  
204.07426499994472	EXP	text_2: text = 315
204.07426499994472	EXP	text_2: autoDraw = false
204.07426499994472	EXP	Feedback: text = 299
204.07426499994472	EXP	Feedback: autoDraw = true
205.07271999993827	EXP	Feedback: autoDraw = false
205.07271999993827	EXP	Feedback: autoDraw = false
205.07271999993827	EXP	text_3: autoDraw = true
214.4909050000133	EXP	text_3: autoDraw = false
214.4909050000133	EXP	text_3: autoDraw = false
214.4909050000133	EXP	text_2: autoDraw = true
214.4909050000133	EXP	text_2: text = 0
214.50674999994226	EXP	text_2: text = 17
214.52316999994218	EXP	text_2: text = 33
214.5407300000079	EXP	text_2: text = 52
214.55681999993976	EXP	text_2: text = 67
214.5736699999543	EXP	text_2: text = 85
214.5908899999922	EXP	text_2: text = 101
214.60680999991018	EXP	text_2: text = 117
214.62400499999058	EXP	text_2: text = 134
214.63958999991883	EXP	text_2: text = 150
214.6569400000153	EXP	text_2: text = 167
214.67310499993619	EXP	text_2: text = 183
214.69025999994483	EXP	text_2: text = 201
214.70672499993816	EXP	text_2: text = 217
214.72321500000544	EXP	text_2: text = 233
214.74014499993064	EXP	text_2: text = 250
214.75710499996785	EXP	text_2: text = 267
214.7738899999531	EXP	text_2: text = 284
214.77775499993004	DATA	Keydown:  
214.7910050000064	EXP	text_2: text = 300
214.7910050000064	EXP	text_2: autoDraw = false
214.7910050000064	EXP	Feedback: text = 287
214.7910050000064	EXP	Feedback: autoDraw = true
215.7901749999728	EXP	Feedback: autoDraw = false
215.7901749999728	EXP	Feedback: autoDraw = false
215.7901749999728	EXP	text_3: autoDraw = true
218.04302999994252	EXP	text_3: autoDraw = false
218.04302999994252	EXP	text_3: autoDraw = false
218.04302999994252	EXP	text_2: autoDraw = true
218.04302999994252	EXP	text_2: text = 0
218.05760499997996	EXP	text_2: text = 16
218.07355500000995	EXP	text_2: text = 32
218.09115999995265	EXP	text_2: text = 49
218.10787499998696	EXP	text_2: text = 67
218.12408999993932	EXP	text_2: text = 82
218.1402699999744	EXP	text_2: text = 99
218.15803499997128	EXP	text_2: text = 116
218.1743499999866	EXP	text_2: text = 133
218.19130499998573	EXP	text_2: text = 150
218.20714499999303	EXP	text_2: text = 166
218.2232499999227	EXP	text_2: text = 182
218.24043999996502	EXP	text_2: text = 199
218.25699999998324	EXP	text_2: text = 216
218.27304999995977	EXP	text_2: text = 232
218.29033999994863	EXP	text_2: text = 249
218.30709499993827	EXP	text_2: text = 265
218.32354999997187	EXP	text_2: text = 282
218.34045000001788	EXP	text_2: text = 299
218.35693000000902	EXP	text_2: text = 316
218.3734949999489	EXP	text_2: text = 332
218.39081999997143	EXP	text_2: text = 350
218.4070799999172	EXP	text_2: text = 365
218.4086149999639	DATA	Keydown:  
218.42671999998856	EXP	text_2: text = 383
218.42671999998856	EXP	text_2: autoDraw = false
218.42671999998856	EXP	Feedback: text = 366
218.42671999998856	EXP	Feedback: autoDraw = true
219.4239499999676	EXP	Feedback: autoDraw = false
219.4239499999676	EXP	Feedback: autoDraw = false
219.4239499999676	EXP	text_3: autoDraw = true
229.3920699999435	EXP	text_3: autoDraw = false
229.3920699999435	EXP	text_3: autoDraw = false
229.3920699999435	EXP	text_2: autoDraw = true
229.3920699999435	EXP	text_2: text = 0
229.40790499991272	EXP	text_2: text = 17
229.4245149999624	EXP	text_2: text = 34
229.44111999997403	EXP	text_2: text = 51
229.45675499993376	EXP	text_2: text = 67
229.4751249999972	EXP	text_2: text = 85
229.49128999991808	EXP	text_2: text = 100
229.50788499996997	EXP	text_2: text = 118
229.5248450000072	EXP	text_2: text = 134
229.54115499998443	EXP	text_2: text = 151
229.5589199999813	EXP	text_2: text = 167
229.57425999990664	EXP	text_2: text = 184
229.59113999991678	EXP	text_2: text = 201
229.6078049999196	EXP	text_2: text = 217
229.6249700000044	EXP	text_2: text = 233
229.64159499993548	EXP	text_2: text = 251
229.6590299999807	EXP	text_2: text = 268
229.6744399999734	EXP	text_2: text = 284
229.69144999992568	EXP	text_2: text = 301
229.70305999997072	DATA	Keydown:  
229.71036999998614	EXP	text_2: text = 318
229.71036999998614	EXP	text_2: autoDraw = false
229.71036999998614	EXP	Feedback: text = 311
229.71036999998614	EXP	Feedback: autoDraw = true
230.71026999992318	EXP	Feedback: autoDraw = false
230.71026999992318	EXP	Feedback: autoDraw = false
230.71026999992318	EXP	text_3: autoDraw = true
237.82637499994598	EXP	text_3: autoDraw = false
237.82637499994598	EXP	text_3: autoDraw = false
237.82637499994598	EXP	text_2: autoDraw = true
237.82637499994598	EXP	text_2: text = 0
237.8419499999145	EXP	text_2: text = 18
237.8585449999664	EXP	text_2: text = 34
237.87523999996483	EXP	text_2: text = 50
237.89247500000056	EXP	text_2: text = 68
237.90723000001162	EXP	text_2: text = 83
237.92542499990668	EXP	text_2: text = 101
237.94144999992568	EXP	text_2: text = 117
237.95876999991015	EXP	text_2: text = 134
237.97548499994446	EXP	text_2: text = 151
237.9912100000074	EXP	text_2: text = 167
238.0083399999421	EXP	text_2: text = 184
238.02569499996025	EXP	text_2: text = 201
238.04266999999527	EXP	text_2: text = 218
238.0582599999616	EXP	text_2: text = 233
238.07461000001058	EXP	text_2: text = 251
238.09163499996066	EXP	text_2: text = 267
238.10853999992833	EXP	text_2: text = 283
238.12601000000723	EXP	text_2: text = 301
238.12772999994922	DATA	Keydown:  
238.1429149999749	EXP	text_2: text = 318
238.1429149999749	EXP	text_2: autoDraw = false
238.1429149999749	EXP	Feedback: text = 301
238.1429149999749	EXP	Feedback: autoDraw = true
239.14286000002176	EXP	Feedback: autoDraw = false
239.14286000002176	EXP	Feedback: autoDraw = false
239.14286000002176	EXP	text_3: autoDraw = true
243.31465999991633	DATA	Keydown:  
247.51361999998335	EXP	text_3: autoDraw = false
247.51361999998335	EXP	text_3: autoDraw = false
247.51361999998335	EXP	text_2: autoDraw = true
247.51361999998335	EXP	text_2: text = 0
247.52633999998216	EXP	text_2: text = 15
247.54281499993522	EXP	text_2: text = 32
247.56070999999065	EXP	text_2: text = 50
247.57683999999426	EXP	text_2: text = 65
247.59393999993335	EXP	text_2: text = 83
247.61100999999326	EXP	text_2: text = 100
247.62734000000637	EXP	text_2: text = 115
247.6437750000041	EXP	text_2: text = 133
247.66076999995857	EXP	text_2: text = 150
247.67770999995992	EXP	text_2: text = 167
247.69456500001252	EXP	text_2: text = 184
247.70921499992255	EXP	text_2: text = 199
247.72684999997728	EXP	text_2: text = 217
247.74386499996763	EXP	text_2: text = 233
247.76003499992657	EXP	text_2: text = 250
247.77720499993302	EXP	text_2: text = 266
247.79370499996003	EXP	text_2: text = 283
247.8105949999299	EXP	text_2: text = 299
247.81311499990989	DATA	Keydown:  
247.8304149999749	EXP	text_2: text = 317
247.8304149999749	EXP	text_2: autoDraw = false
247.8304149999749	EXP	Feedback: text = 300
247.8304149999749	EXP	Feedback: autoDraw = true
248.82794999994803	EXP	Feedback: autoDraw = false
248.82794999994803	EXP	Feedback: autoDraw = false
248.82794999994803	EXP	text_3: autoDraw = true
253.96328499994706	EXP	text_3: autoDraw = false
253.96328499994706	EXP	text_3: autoDraw = false
253.96328499994706	EXP	text_2: autoDraw = true
253.96328499994706	EXP	text_2: text = 0
253.97691500000656	EXP	text_2: text = 15
253.99371999991126	EXP	text_2: text = 32
254.01017999998294	EXP	text_2: text = 50
254.0270999999484	EXP	text_2: text = 65
254.04400499991607	EXP	text_2: text = 83
254.06077500001993	EXP	text_2: text = 100
254.0775099999737	EXP	text_2: text = 116
254.09489499998745	EXP	text_2: text = 133
254.11086000001524	EXP	text_2: text = 149
254.1277949999785	EXP	text_2: text = 166
254.14368500001729	EXP	text_2: text = 182
254.16062999994028	EXP	text_2: text = 200
254.17739999992773	EXP	text_2: text = 216
254.1945050000213	EXP	text_2: text = 233
254.21033999999054	EXP	text_2: text = 249
254.22717999992892	EXP	text_2: text = 266
254.2438100000145	EXP	text_2: text = 282
254.26174499990884	EXP	text_2: text = 300
254.26432999991812	DATA	Keydown:  
254.28022499999497	EXP	text_2: text = 317
254.28022499999497	EXP	text_2: autoDraw = false
254.28022499999497	EXP	Feedback: text = 301
254.28022499999497	EXP	Feedback: autoDraw = true
255.27457499993034	EXP	Feedback: autoDraw = false
255.27457499993034	EXP	Feedback: autoDraw = false
255.27457499993034	EXP	text_3: autoDraw = true
261.6960749999853	EXP	text_3: autoDraw = false
261.6960749999853	EXP	text_3: autoDraw = false
261.6960749999853	EXP	text_2: autoDraw = true
261.6960749999853	EXP	text_2: text = 0
261.71039999998175	EXP	text_2: text = 17
261.7265549999429	EXP	text_2: text = 33
261.7418999999063	EXP	text_2: text = 50
261.7608649999602	EXP	text_2: text = 69
261.7784850000171	EXP	text_2: text = 85
261.79439499997534	EXP	text_2: text = 100
261.8114399999613	EXP	text_2: text = 118
261.8273599999957	EXP	text_2: text = 133
261.84404499991797	EXP	text_2: text = 150
261.86209999991115	EXP	text_2: text = 168
261.8779799999902	EXP	text_2: text = 184
261.89527500001714	EXP	text_2: text = 201
261.9114849999314	EXP	text_2: text = 218
261.927640000009	EXP	text_2: text = 233
261.9446299999254	EXP	text_2: text = 251
261.9612249999773	EXP	text_2: text = 268
261.9782899999991	EXP	text_2: text = 285
261.99414999992587	EXP	text_2: text = 301
262.011029999936	EXP	text_2: text = 317
262.02864499995485	EXP	text_2: text = 334
262.03088999993633	DATA	Keydown:  
262.04718499991577	EXP	text_2: text = 351
262.04718499991577	EXP	text_2: autoDraw = false
262.04718499991577	EXP	Feedback: text = 335
262.04718499991577	EXP	Feedback: autoDraw = true
263.04435500002	EXP	Feedback: autoDraw = false
263.04435500002	EXP	Feedback: autoDraw = false
263.04435500002	EXP	text_3: autoDraw = true
267.06300999992527	EXP	text_3: autoDraw = false
267.06300999992527	EXP	text_3: autoDraw = false
267.06300999992527	EXP	text_2: autoDraw = true
267.06300999992527	EXP	text_2: text = 0
267.0776299999561	EXP	text_2: text = 17
267.0947349999333	EXP	text_2: text = 33
267.1116199999815	EXP	text_2: text = 50
267.12784500001	EXP	text_2: text = 67
267.1447400000179	EXP	text_2: text = 83
267.1617499999702	EXP	text_2: text = 101
267.1776049999753	EXP	text_2: text = 116
267.1946449999232	EXP	text_2: text = 133
267.211084999959	EXP	text_2: text = 150
267.22791499993764	EXP	text_2: text = 167
267.2442399999127	EXP	text_2: text = 183
267.26079500000924	EXP	text_2: text = 200
267.27873999997973	EXP	text_2: text = 218
267.2945549999131	EXP	text_2: text = 233
267.3112399999518	EXP	text_2: text = 250
267.3278599999612	EXP	text_2: text = 267
267.34529500000644	EXP	text_2: text = 285
267.3610049999552	EXP	text_2: text = 300
267.3779499999946	EXP	text_2: text = 317
267.39405999996234	EXP	text_2: text = 333
267.4113799999468	EXP	text_2: text = 351
267.4141449999297	DATA	Keydown:  
267.4300149999326	EXP	text_2: text = 367
267.4300149999326	EXP	text_2: autoDraw = false
267.4300149999326	EXP	Feedback: text = 351
267.4300149999326	EXP	Feedback: autoDraw = true
268.4299699999392	EXP	Feedback: autoDraw = false
268.4299699999392	EXP	Feedback: autoDraw = false
268.4299699999392	EXP	text_3: autoDraw = true
277.89886499999557	EXP	text_3: autoDraw = false
277.89886499999557	EXP	text_3: autoDraw = false
277.89886499999557	EXP	text_2: autoDraw = true
277.89886499999557	EXP	text_2: text = 0
277.91278999997303	EXP	text_2: text = 16
277.92851499991957	EXP	text_2: text = 32
277.9453799999319	EXP	text_2: text = 48
277.9623000000138	EXP	text_2: text = 66
277.9791799999075	EXP	text_2: text = 83
277.9956999999704	EXP	text_2: text = 100
278.01253999990877	EXP	text_2: text = 116
278.02931000001263	EXP	text_2: text = 133
278.0459849999752	EXP	text_2: text = 149
278.0623950000154	EXP	text_2: text = 166
278.07877999998163	EXP	text_2: text = 183
278.09645999991335	EXP	text_2: text = 199
278.111969999969	EXP	text_2: text = 216
278.129314999911	EXP	text_2: text = 233
278.1459449999966	EXP	text_2: text = 250
278.1629449999891	EXP	text_2: text = 266
278.17866999993566	EXP	text_2: text = 282
278.1957199999597	EXP	text_2: text = 298
278.2131899999222	EXP	text_2: text = 317
278.22907000000123	EXP	text_2: text = 332
278.2474649999058	EXP	text_2: text = 350
278.2499400000088	DATA	Keydown:  
278.26497499994	EXP	text_2: text = 366
278.26497499994	EXP	text_2: autoDraw = false
278.26497499994	EXP	Feedback: text = 351
278.26497499994	EXP	Feedback: autoDraw = true
279.2630549999885	EXP	Feedback: autoDraw = false
279.2630549999885	EXP	Feedback: autoDraw = false
279.2630549999885	EXP	text_3: autoDraw = true
285.6658499999903	EXP	text_3: autoDraw = false
285.6658499999903	EXP	text_3: autoDraw = false
285.6658499999903	EXP	text_2: autoDraw = true
285.6658499999903	EXP	text_2: text = 0
285.68012999999337	EXP	text_2: text = 17
285.6964900000021	EXP	text_2: text = 34
285.71172000002116	EXP	text_2: text = 50
285.72929499996826	EXP	text_2: text = 66
285.7464349999791	EXP	text_2: text = 84
285.7637199999299	EXP	text_2: text = 100
285.778330000001	EXP	text_2: text = 117
285.7947200000053	EXP	text_2: text = 133
285.8115949999774	EXP	text_2: text = 149
285.8290499999421	EXP	text_2: text = 166
285.84601500001736	EXP	text_2: text = 183
285.86342499998864	EXP	text_2: text = 201
285.8793499999447	EXP	text_2: text = 216
285.89645499992184	EXP	text_2: text = 234
285.9118449999951	EXP	text_2: text = 250
285.9285399999935	EXP	text_2: text = 266
285.94770499994047	EXP	text_2: text = 284
285.9635099999141	EXP	text_2: text = 300
285.9777799999574	EXP	text_2: text = 316
285.9965099999681	EXP	text_2: text = 333
285.9997100000037	DATA	Keydown:  
286.01627499994356	EXP	text_2: text = 350
286.01627499994356	EXP	text_2: autoDraw = false
286.01627499994356	EXP	Feedback: text = 334
286.01627499994356	EXP	Feedback: autoDraw = true
287.0137649999233	EXP	Feedback: autoDraw = false
287.0137649999233	EXP	Feedback: autoDraw = false
287.0137649999233	EXP	text_3: autoDraw = true
295.21502499992494	EXP	text_3: autoDraw = false
295.21502499992494	EXP	text_3: autoDraw = false
295.21502499992494	EXP	text_2: autoDraw = true
295.21502499992494	EXP	text_2: text = 0
295.22930999996606	EXP	text_2: text = 17
295.24725499993656	EXP	text_2: text = 34
295.26292499992996	EXP	text_2: text = 50
295.2796999999555	EXP	text_2: text = 66
295.29746499995235	EXP	text_2: text = 84
295.3134399999399	EXP	text_2: text = 100
295.3305199999595	EXP	text_2: text = 117
295.34630999993533	EXP	text_2: text = 133
295.36358999996446	EXP	text_2: text = 151
295.3807149999775	EXP	text_2: text = 168
295.3961249999702	EXP	text_2: text = 183
295.4128250000067	EXP	text_2: text = 200
295.42936499998905	EXP	text_2: text = 216
295.44735499995295	EXP	text_2: text = 234
295.46299499995075	EXP	text_2: text = 250
295.4800099999411	EXP	text_2: text = 267
295.49752999993507	EXP	text_2: text = 284
295.5134250000119	EXP	text_2: text = 300
295.5222749999957	DATA	Keydown:  
295.5320799999172	EXP	text_2: text = 317
295.5320799999172	EXP	text_2: autoDraw = false
295.5320799999172	EXP	Feedback: text = 307
295.5320799999172	EXP	Feedback: autoDraw = true
296.5301549999276	EXP	Feedback: autoDraw = false
296.5301549999276	EXP	Feedback: autoDraw = false
296.5301549999276	EXP	text_3: autoDraw = true
306.4836099999957	EXP	text_3: autoDraw = false
306.4836099999957	EXP	text_3: autoDraw = false
306.4836099999957	EXP	text_2: autoDraw = true
306.4836099999957	EXP	text_2: text = 0
306.49745499994606	EXP	text_2: text = 15
306.51438499998767	EXP	text_2: text = 33
306.53047499991953	EXP	text_2: text = 49
306.54796999995597	EXP	text_2: text = 66
306.56443999998737	EXP	text_2: text = 83
306.5805949999485	EXP	text_2: text = 99
306.59716999996454	EXP	text_2: text = 115
306.6133399999235	EXP	text_2: text = 132
306.63116499991156	EXP	text_2: text = 150
306.64786499994807	EXP	text_2: text = 166
306.6637749999063	EXP	text_2: text = 182
306.6808149999706	EXP	text_2: text = 199
306.6973799999105	EXP	text_2: text = 215
306.71434499998577	EXP	text_2: text = 232
306.73037000000477	EXP	text_2: text = 249
306.74751499993727	EXP	text_2: text = 265
306.76289499993436	EXP	text_2: text = 283
306.77980999997817	EXP	text_2: text = 299
306.79772499995306	EXP	text_2: text = 317
306.8141899999464	EXP	text_2: text = 332
306.8310849999543	EXP	text_2: text = 350
306.8480949999066	EXP	text_2: text = 366
306.8647099999944	EXP	text_2: text = 383
306.8807350000134	EXP	text_2: text = 399
306.89719499996863	EXP	text_2: text = 416
306.9144099999685	EXP	text_2: text = 433
306.9308500000043	EXP	text_2: text = 450
306.94205499999225	DATA	Keydown:  
306.95011999993585	EXP	text_2: text = 467
306.95011999993585	EXP	text_2: autoDraw = false
306.95011999993585	EXP	Feedback: text = 459
306.95011999993585	EXP	Feedback: autoDraw = true
307.949404999963	EXP	Feedback: autoDraw = false
307.949404999963	EXP	Feedback: autoDraw = false
307.949404999963	EXP	text_3: autoDraw = true
316.23291000002064	EXP	text_3: autoDraw = false
316.23291000002064	EXP	text_3: autoDraw = false
316.23291000002064	EXP	text_2: autoDraw = true
316.23291000002064	EXP	text_2: text = 0
316.24899499991443	EXP	text_2: text = 18
316.2651349999942	EXP	text_2: text = 34
316.2815699999919	EXP	text_2: text = 50
316.2982749999501	EXP	text_2: text = 67
316.31537999992725	EXP	text_2: text = 84
316.33124999993015	EXP	text_2: text = 100
316.3485299999593	EXP	text_2: text = 117
316.3656099999789	EXP	text_2: text = 134
316.3813599999994	EXP	text_2: text = 150
316.3977500000037	EXP	text_2: text = 167
316.4148199999472	EXP	text_2: text = 183
316.43155999993905	EXP	text_2: text = 201
316.44849500001874	EXP	text_2: text = 217
316.46661999996286	EXP	text_2: text = 238
316.4810099999886	EXP	text_2: text = 253
316.49934500001837	EXP	text_2: text = 270
316.5151799999876	EXP	text_2: text = 284
316.5311450000154	EXP	text_2: text = 300
316.5480399999069	EXP	text_2: text = 317
316.5555849999655	DATA	Keydown:  
316.5661100000143	EXP	text_2: text = 334
316.5661100000143	EXP	text_2: autoDraw = false
316.5661100000143	EXP	Feedback: text = 323
316.5661100000143	EXP	Feedback: autoDraw = true
317.57823999994434	EXP	Feedback: autoDraw = false
317.57823999994434	EXP	Feedback: autoDraw = false
317.57823999994434	EXP	End_text: autoDraw = true
