1.8976950000505894	EXP	Created Window = Window( name=Window, fullscr=true, color=#000000, units=height, waitBlanking=true, autoLog=true, size=[1366,695] )
6.504675000091083	DATA	Keydown: undefined
9.849939999985509	EXP	Created text = TextStim( name=text, win=Window( name=Window, fullscr=true, color=#000000, ~), autoDraw=null, autoLog=true, units=height, ori=null, opacity=1, pos=[0,0], size=undefined, text=INSTRUCTIONS [EN]


A counter will appear and star~, font=Arial, color=#FFFFFF, contrast=1, height=0.03, bold=null, italic=null, alignHoriz=left, alignVert=center, wrapWidth=1, flipHoriz=null, flipVert=null )
9.856100000091828	EXP	Created text_3 = TextStim( name=text_3, win=Window( name=Window, fullscr=true, color=#000000, ~), autoDraw=null, autoLog=true, units=height, ori=null, opacity=1, pos=[0,0], size=undefined, text=null, font=Arial, color=#FFFFFF, contrast=1, height=0.1, bold=null, italic=null, alignHoriz=left, alignVert=center, wrapWidth=1, flipHoriz=null, flipVert=null )
9.85834999999497	EXP	Created text_2 = TextStim( name=text_2, win=Window( name=Window, fullscr=true, color=#000000, ~), autoDraw=null, autoLog=true, units=height, ori=null, opacity=1, pos=[0,0], size=undefined, text=default text, font=Arial, color=#ff0000, contrast=1, height=0.15, bold=null, italic=null, alignHoriz=left, alignVert=center, wrapWidth=1, flipHoriz=null, flipVert=null )
9.859780000057071	EXP	Created Feedback = TextStim( name=Feedback, win=Window( name=Window, fullscr=true, color=#000000, ~), autoDraw=null, autoLog=true, units=height, ori=null, opacity=1, pos=[0,0], size=undefined, text=default text, font=Arial, color=#ff0000, contrast=1, height=0.15, bold=null, italic=null, alignHoriz=left, alignVert=center, wrapWidth=1, flipHoriz=null, flipVert=null )
9.86116500000935	EXP	Created End_text = TextStim( name=End_text, win=Window( name=Window, fullscr=true, color=#000000, ~), autoDraw=null, autoLog=true, units=height, ori=null, opacity=1, pos=[0,0], size=undefined, text=This study aimed to look at procedural learning, i~, font=Arial, color=#FFFFFF, contrast=1, height=0.025, bold=null, italic=null, alignHoriz=left, alignVert=center, wrapWidth=1, flipHoriz=null, flipVert=null )
10.889460000093095	EXP	text: units = "height"
10.889460000093095	EXP	text: ori = 0
10.889460000093095	EXP	text: opacity = 1
10.889460000093095	EXP	text: pos = [0,0]
10.889460000093095	EXP	text: size = undefined
10.889460000093095	EXP	text: text = "INSTRUCTIONS [EN]\n\n\nA counter will appear and start counting at random times, press SPACE as fast as possible when it appears.\n\n\nPress SPACE to start\n\n-------\n\nInstruções [PT]\n\n\nUm cronómetro vai aparecer e começar a contar aleatoriamente, pressione a tecla SPACE assim que ele aparecer.\n\n\nPressiona SPACE para começar."
10.889460000093095	EXP	text: font = "Arial"
10.889460000093095	EXP	text: color = {"_hex":"#FFFFFF","_rgb":[1,1,1]}
10.889460000093095	EXP	text: contrast = 1
10.889460000093095	EXP	text: height = 0.03
10.889460000093095	EXP	text: bold = false
10.889460000093095	EXP	text: italic = false
10.889460000093095	EXP	text: alignHoriz = "left"
10.889460000093095	EXP	text: alignVert = "center"
10.889460000093095	EXP	text: wrapWidth = 1
10.889460000093095	EXP	text: flipHoriz = false
10.889460000093095	EXP	text: flipVert = false
10.889460000093095	EXP	text_3: units = "height"
10.889460000093095	EXP	text_3: ori = 0
10.889460000093095	EXP	text_3: opacity = 1
10.889460000093095	EXP	text_3: pos = [0,0]
10.889460000093095	EXP	text_3: size = undefined
10.889460000093095	EXP	text_3: text = ""
10.889460000093095	EXP	text_3: font = "Arial"
10.889460000093095	EXP	text_3: color = {"_hex":"#FFFFFF","_rgb":[1,1,1]}
10.889460000093095	EXP	text_3: contrast = 1
10.889460000093095	EXP	text_3: height = 0.1
10.889460000093095	EXP	text_3: bold = false
10.889460000093095	EXP	text_3: italic = false
10.889460000093095	EXP	text_3: alignHoriz = "left"
10.889460000093095	EXP	text_3: alignVert = "center"
10.889460000093095	EXP	text_3: wrapWidth = 1
10.889460000093095	EXP	text_3: flipHoriz = false
10.889460000093095	EXP	text_3: flipVert = false
10.889460000093095	EXP	text_2: units = "height"
10.889460000093095	EXP	text_2: ori = 0
10.889460000093095	EXP	text_2: opacity = 1
10.889460000093095	EXP	text_2: pos = [0,0]
10.889460000093095	EXP	text_2: size = undefined
10.889460000093095	EXP	text_2: text = "default text"
10.889460000093095	EXP	text_2: font = "Arial"
10.889460000093095	EXP	text_2: color = {"_rgb":[1,0,0]}
10.889460000093095	EXP	text_2: contrast = 1
10.889460000093095	EXP	text_2: height = 0.15
10.889460000093095	EXP	text_2: bold = false
10.889460000093095	EXP	text_2: italic = false
10.889460000093095	EXP	text_2: alignHoriz = "left"
10.889460000093095	EXP	text_2: alignVert = "center"
10.889460000093095	EXP	text_2: wrapWidth = 1
10.889460000093095	EXP	text_2: flipHoriz = false
10.889460000093095	EXP	text_2: flipVert = false
10.889460000093095	EXP	Feedback: units = "height"
10.889460000093095	EXP	Feedback: ori = 0
10.889460000093095	EXP	Feedback: opacity = 1
10.889460000093095	EXP	Feedback: pos = [0,0]
10.889460000093095	EXP	Feedback: size = undefined
10.889460000093095	EXP	Feedback: text = "default text"
10.889460000093095	EXP	Feedback: font = "Arial"
10.889460000093095	EXP	Feedback: color = {"_rgb":[1,0,0]}
10.889460000093095	EXP	Feedback: contrast = 1
10.889460000093095	EXP	Feedback: height = 0.15
10.889460000093095	EXP	Feedback: bold = false
10.889460000093095	EXP	Feedback: italic = false
10.889460000093095	EXP	Feedback: alignHoriz = "left"
10.889460000093095	EXP	Feedback: alignVert = "center"
10.889460000093095	EXP	Feedback: wrapWidth = 1
10.889460000093095	EXP	Feedback: flipHoriz = false
10.889460000093095	EXP	Feedback: flipVert = false
10.889460000093095	EXP	End_text: units = "height"
10.889460000093095	EXP	End_text: ori = 0
10.889460000093095	EXP	End_text: opacity = 1
10.889460000093095	EXP	End_text: pos = [0,0]
10.889460000093095	EXP	End_text: size = undefined
10.889460000093095	EXP	End_text: text = "This study aimed to look at procedural learning, i.e. our ability to extract patterns from the input that we are constantly receiving. This skill is thought to be essential for language and literacy acquisition and has been suggested as a possible underlying difficult in children with Language Impairments and Dyslexia. This study aims to improve the measures of procedural learning (the smiley face task) so that we can measure procedural learning more reliably and, in the future, analyse the performance of individuals with learning impairments.\nThank you for participating!\n\n----\n\nEste estudo tem como objectivo analisar a nossa capacidade de extrair padrões da informação que estamos constantemente a receber. Pensa-se que esta competência é essencial para a aquisição da linguagem e literacia e foi sugerido que dificuldades neste tipo de competências poderá estar relacionado com perturbações da linguagem e Dislexia. Este estudo tem como objectivo melhorar a estabilidade das medidas usadas para medir este tipo de memória (a tarefa da cara sorridente) de forma a poder medir de forma mais precisa e, no futuro, analisar a performance de indivíduos com perturbações da aprendizagem. \nMuito obrigada por ter participado!"
10.889460000093095	EXP	End_text: font = "Arial"
10.889460000093095	EXP	End_text: color = {"_hex":"#FFFFFF","_rgb":[1,1,1]}
10.889460000093095	EXP	End_text: contrast = 1
10.889460000093095	EXP	End_text: height = 0.025
10.889460000093095	EXP	End_text: bold = false
10.889460000093095	EXP	End_text: italic = false
10.889460000093095	EXP	End_text: alignHoriz = "left"
10.889460000093095	EXP	End_text: alignVert = "center"
10.889460000093095	EXP	End_text: wrapWidth = 1
10.889460000093095	EXP	End_text: flipHoriz = false
10.889460000093095	EXP	End_text: flipVert = false
10.889460000093095	EXP	text: autoDraw = true
14.842660000082105	DATA	Keydown:  
14.875089999986812	EXP	text: autoDraw = false
14.875089999986812	EXP	text_3: autoDraw = true
22.203235000022687	EXP	text_3: autoDraw = false
22.203235000022687	EXP	text_3: autoDraw = false
22.203235000022687	EXP	text_2: autoDraw = true
22.203235000022687	EXP	text_2: text = 1
22.21854000003077	EXP	text_2: text = 133
22.233364999992773	EXP	text_2: text = 149
22.24910000001546	EXP	text_2: text = 165
22.265725000062957	EXP	text_2: text = 182
22.282654999988154	EXP	text_2: text = 199
22.29913000005763	EXP	text_2: text = 215
22.315754999988712	EXP	text_2: text = 232
22.333235000027344	EXP	text_2: text = 249
22.349010000005364	EXP	text_2: text = 265
22.36654499999713	EXP	text_2: text = 282
22.38263500004541	EXP	text_2: text = 298
22.401480000000447	EXP	text_2: text = 315
22.418940000003204	EXP	text_2: text = 333
22.434555000043474	EXP	text_2: text = 349
22.45125000004191	EXP	text_2: text = 365
22.46816500008572	EXP	text_2: text = 382
22.476675000041723	DATA	Keydown:  
22.490235000033863	EXP	text_2: text = 399
22.490235000033863	EXP	text_2: autoDraw = false
22.490235000033863	EXP	Feedback: text = 274
22.490235000033863	EXP	Feedback: autoDraw = true
23.488225000095554	EXP	Feedback: autoDraw = false
23.488225000095554	EXP	Feedback: autoDraw = false
23.488225000095554	EXP	text_3: autoDraw = true
30.10862499999348	EXP	text_3: autoDraw = false
30.10862499999348	EXP	text_3: autoDraw = false
30.10862499999348	EXP	text_2: autoDraw = true
30.10862499999348	EXP	text_2: text = 0
30.122485000058077	EXP	text_2: text = 17
30.139735000091605	EXP	text_2: text = 33
30.156635000021197	EXP	text_2: text = 50
30.17318000004161	EXP	text_2: text = 66
30.18719000008423	EXP	text_2: text = 83
30.203560000052676	EXP	text_2: text = 99
30.22067499998957	EXP	text_2: text = 116
30.237195000052452	EXP	text_2: text = 132
30.25406499998644	EXP	text_2: text = 149
30.270790000096895	EXP	text_2: text = 166
30.29012000001967	EXP	text_2: text = 183
30.30314500001259	EXP	text_2: text = 199
30.320300000021234	EXP	text_2: text = 216
30.33638500003144	EXP	text_2: text = 232
30.35366999998223	EXP	text_2: text = 249
30.369780000066385	EXP	text_2: text = 265
30.38648500002455	EXP	text_2: text = 282
30.403290000045672	EXP	text_2: text = 299
30.414500000071712	DATA	Keydown:  
30.421410000068136	EXP	text_2: text = 315
30.421410000068136	EXP	text_2: autoDraw = false
30.421410000068136	EXP	Feedback: text = 306
30.421410000068136	EXP	Feedback: autoDraw = true
31.421610000077635	EXP	Feedback: autoDraw = false
31.421610000077635	EXP	Feedback: autoDraw = false
31.421610000077635	EXP	text_3: autoDraw = true
34.64990000007674	EXP	text_3: autoDraw = false
34.64990000007674	EXP	text_3: autoDraw = false
34.64990000007674	EXP	text_2: autoDraw = true
34.64990000007674	EXP	text_2: text = 0
34.66485499998089	EXP	text_2: text = 17
34.68124499998521	EXP	text_2: text = 33
34.69801500008907	EXP	text_2: text = 50
34.71435999998357	EXP	text_2: text = 66
34.731030000024475	EXP	text_2: text = 83
34.74749000009615	EXP	text_2: text = 100
34.76476500008721	EXP	text_2: text = 116
34.78127500007395	EXP	text_2: text = 133
34.79768499999773	EXP	text_2: text = 150
34.814510000054725	EXP	text_2: text = 166
34.831334999995306	EXP	text_2: text = 183
34.84729000006337	EXP	text_2: text = 199
34.86424000002444	EXP	text_2: text = 216
34.88132500008214	EXP	text_2: text = 233
34.89712000009604	EXP	text_2: text = 250
34.914325000019744	EXP	text_2: text = 266
34.93078500009142	EXP	text_2: text = 283
34.94743500009645	EXP	text_2: text = 299
34.964495000080206	EXP	text_2: text = 316
34.980945000075735	EXP	text_2: text = 333
34.98505000001751	DATA	Keydown:  
34.99985000002198	EXP	text_2: text = 349
34.99985000002198	EXP	text_2: autoDraw = false
34.99985000002198	EXP	Feedback: text = 335
34.99985000002198	EXP	Feedback: autoDraw = true
36.00104000000283	EXP	Feedback: autoDraw = false
36.00104000000283	EXP	Feedback: autoDraw = false
36.00104000000283	EXP	text_3: autoDraw = true
45.767560000065714	EXP	text_3: autoDraw = false
45.767560000065714	EXP	text_3: autoDraw = false
45.767560000065714	EXP	text_2: autoDraw = true
45.767560000065714	EXP	text_2: text = 0
45.78132000006735	EXP	text_2: text = 16
45.79969500005245	EXP	text_2: text = 33
45.814175000065006	EXP	text_2: text = 50
45.83217000006698	EXP	text_2: text = 67
45.84607500000857	EXP	text_2: text = 82
45.86290499998722	EXP	text_2: text = 99
45.87878999998793	EXP	text_2: text = 115
45.89620000007562	EXP	text_2: text = 132
45.91256000008434	EXP	text_2: text = 149
45.92892000009306	EXP	text_2: text = 165
45.94608999998309	EXP	text_2: text = 182
45.96289000008255	EXP	text_2: text = 199
45.97980000008829	EXP	text_2: text = 216
45.997620000038296	EXP	text_2: text = 232
46.01461499999277	EXP	text_2: text = 249
46.017845000023954	DATA	Keydown:  
46.03360500000417	EXP	text_2: text = 266
46.03360500000417	EXP	text_2: autoDraw = false
46.03360500000417	EXP	Feedback: text = 251
46.03360500000417	EXP	Feedback: autoDraw = true
47.031270000035875	EXP	Feedback: autoDraw = false
47.031270000035875	EXP	Feedback: autoDraw = false
47.031270000035875	EXP	text_3: autoDraw = true
51.85747500008438	EXP	text_3: autoDraw = false
51.85747500008438	EXP	text_3: autoDraw = false
51.85747500008438	EXP	text_2: autoDraw = true
51.85747500008438	EXP	text_2: text = 0
51.87192499998491	EXP	text_2: text = 16
51.888645000057295	EXP	text_2: text = 33
51.90527500002645	EXP	text_2: text = 50
51.92177500005346	EXP	text_2: text = 66
51.93843500001822	EXP	text_2: text = 83
51.955885000061244	EXP	text_2: text = 100
51.97204999998212	EXP	text_2: text = 117
51.98840500006918	EXP	text_2: text = 133
52.00510499998927	EXP	text_2: text = 150
52.02222500008065	EXP	text_2: text = 166
52.03751000005286	EXP	text_2: text = 182
52.053450000006706	EXP	text_2: text = 199
52.06978000001982	EXP	text_2: text = 215
52.08736000000499	EXP	text_2: text = 232
52.10522500006482	EXP	text_2: text = 250
52.12082499999087	EXP	text_2: text = 266
52.137470000074245	EXP	text_2: text = 282
52.154335000086576	EXP	text_2: text = 300
52.17449500004295	EXP	text_2: text = 316
52.18676499999128	EXP	text_2: text = 332
52.20315000007395	EXP	text_2: text = 349
52.21963499998674	EXP	text_2: text = 365
52.22192000003997	DATA	Keydown:  
52.240675000008196	EXP	text_2: text = 385
52.240675000008196	EXP	text_2: autoDraw = false
52.240675000008196	EXP	Feedback: text = 365
52.240675000008196	EXP	Feedback: autoDraw = true
53.240050000022165	EXP	Feedback: autoDraw = false
53.240050000022165	EXP	Feedback: autoDraw = false
53.240050000022165	EXP	text_3: autoDraw = true
58.19616500008851	EXP	text_3: autoDraw = false
58.19616500008851	EXP	text_3: autoDraw = false
58.19616500008851	EXP	text_2: autoDraw = true
58.19616500008851	EXP	text_2: text = 0
58.2112700000871	EXP	text_2: text = 17
58.22808000002988	EXP	text_2: text = 33
58.24470999999903	EXP	text_2: text = 50
58.261515000020154	EXP	text_2: text = 67
58.27741000009701	EXP	text_2: text = 83
58.293754999991506	EXP	text_2: text = 100
58.31028500001412	EXP	text_2: text = 116
58.32735999999568	EXP	text_2: text = 133
58.34383000002708	EXP	text_2: text = 150
58.36053499998525	EXP	text_2: text = 167
58.37665500002913	EXP	text_2: text = 183
58.393610000028275	EXP	text_2: text = 199
58.410900000017136	EXP	text_2: text = 217
58.42885500006378	EXP	text_2: text = 233
58.43384499999229	DATA	Keydown:  
58.44746500009205	EXP	text_2: text = 250
58.44746500009205	EXP	text_2: autoDraw = false
58.44746500009205	EXP	Feedback: text = 238
58.44746500009205	EXP	Feedback: autoDraw = true
59.44595000008121	EXP	Feedback: autoDraw = false
59.44595000008121	EXP	Feedback: autoDraw = false
59.44595000008121	EXP	text_3: autoDraw = true
63.323214999982156	EXP	text_3: autoDraw = false
63.323214999982156	EXP	text_3: autoDraw = false
63.323214999982156	EXP	text_2: autoDraw = true
63.323214999982156	EXP	text_2: text = 0
63.33779500005767	EXP	text_2: text = 17
63.35474000009708	EXP	text_2: text = 33
63.370690000010654	EXP	text_2: text = 50
63.38791000004858	EXP	text_2: text = 67
63.40500999998767	EXP	text_2: text = 84
63.420985000091605	EXP	text_2: text = 100
63.43756500002928	EXP	text_2: text = 116
63.454520000028424	EXP	text_2: text = 133
63.47116000007372	EXP	text_2: text = 150
63.48788999998942	EXP	text_2: text = 167
63.505185000016354	EXP	text_2: text = 183
63.51907000003848	EXP	text_2: text = 199
63.53592500009108	EXP	text_2: text = 216
63.55183500004932	EXP	text_2: text = 232
63.56853500008583	EXP	text_2: text = 249
63.570915000047535	DATA	Keydown:  
63.58643500006292	EXP	text_2: text = 266
63.58643500006292	EXP	text_2: autoDraw = false
63.58643500006292	EXP	Feedback: text = 248
63.58643500006292	EXP	Feedback: autoDraw = true
64.58517000009306	EXP	Feedback: autoDraw = false
64.58517000009306	EXP	Feedback: autoDraw = false
64.58517000009306	EXP	text_3: autoDraw = true
70.1691550000105	DATA	Keydown:  
73.82826500001829	EXP	text_3: autoDraw = false
73.82826500001829	EXP	text_3: autoDraw = false
73.82826500001829	EXP	text_2: autoDraw = true
73.82826500001829	EXP	text_2: text = 0
73.85796500009019	EXP	text_2: text = 33
73.87415000004694	EXP	text_2: text = 50
73.89106500009075	EXP	text_2: text = 67
73.9045150000602	EXP	text_2: text = 82
73.92162000003736	EXP	text_2: text = 99
73.93841499998234	EXP	text_2: text = 116
73.95400000002701	EXP	text_2: text = 132
73.97153000009712	EXP	text_2: text = 149
73.98806500004139	EXP	text_2: text = 166
74.0050100000808	EXP	text_2: text = 182
74.01955000008456	EXP	text_2: text = 199
74.0364750000881	EXP	text_2: text = 215
74.05308500002138	EXP	text_2: text = 232
74.06950500002131	EXP	text_2: text = 248
74.086115000071	EXP	text_2: text = 265
74.10319000005256	EXP	text_2: text = 282
74.11956500005908	EXP	text_2: text = 299
74.13650500006042	EXP	text_2: text = 315
74.13951000000816	DATA	Keydown:  
74.15464500000235	EXP	text_2: text = 332
74.15464500000235	EXP	text_2: autoDraw = false
74.15464500000235	EXP	Feedback: text = 312
74.15464500000235	EXP	Feedback: autoDraw = true
75.15530500002205	EXP	Feedback: autoDraw = false
75.15530500002205	EXP	Feedback: autoDraw = false
75.15530500002205	EXP	text_3: autoDraw = true
79.46503500000108	EXP	text_3: autoDraw = false
79.46503500000108	EXP	text_3: autoDraw = false
79.46503500000108	EXP	text_2: autoDraw = true
79.46503500000108	EXP	text_2: text = 0
79.47911499999464	EXP	text_2: text = 16
79.49589500005823	EXP	text_2: text = 33
79.51246500003617	EXP	text_2: text = 50
79.52893500006758	EXP	text_2: text = 66
79.54615000006743	EXP	text_2: text = 83
79.56237000005785	EXP	text_2: text = 100
79.57902499998454	EXP	text_2: text = 116
79.59555500000715	EXP	text_2: text = 133
79.61276000004727	EXP	text_2: text = 150
79.62888000009116	EXP	text_2: text = 166
79.64572500006761	EXP	text_2: text = 183
79.6627950000111	EXP	text_2: text = 200
79.67945500009228	EXP	text_2: text = 216
79.69579000002705	EXP	text_2: text = 233
79.71656500000972	EXP	text_2: text = 253
79.73106500005815	EXP	text_2: text = 268
79.74560000002384	EXP	text_2: text = 284
79.7606800000649	EXP	text_2: text = 299
79.77745500009041	EXP	text_2: text = 316
79.79331000009552	EXP	text_2: text = 332
79.81007000000682	EXP	text_2: text = 349
79.82686000003014	EXP	text_2: text = 365
79.84358500002418	EXP	text_2: text = 382
79.86038000008557	EXP	text_2: text = 399
79.8657200000016	DATA	Keydown:  
79.8781200000085	EXP	text_2: text = 415
79.8781200000085	EXP	text_2: autoDraw = false
79.8781200000085	EXP	Feedback: text = 401
79.8781200000085	EXP	Feedback: autoDraw = true
80.87969500001054	EXP	Feedback: autoDraw = false
80.87969500001054	EXP	Feedback: autoDraw = false
80.87969500001054	EXP	text_3: autoDraw = true
90.48564500000793	EXP	text_3: autoDraw = false
90.48564500000793	EXP	text_3: autoDraw = false
90.48564500000793	EXP	text_2: autoDraw = true
90.48564500000793	EXP	text_2: text = 0
90.49598000000697	EXP	text_2: text = 16
90.51207500009332	EXP	text_2: text = 32
90.52921000006609	EXP	text_2: text = 49
90.54544000001624	EXP	text_2: text = 66
90.56202499999199	EXP	text_2: text = 82
90.57903999998234	EXP	text_2: text = 99
90.59563500003424	EXP	text_2: text = 116
90.6121099999873	EXP	text_2: text = 132
90.62909499998204	EXP	text_2: text = 149
90.64530500001274	EXP	text_2: text = 165
90.6626249999972	EXP	text_2: text = 182
90.67852000007406	EXP	text_2: text = 199
90.69544999999925	EXP	text_2: text = 215
90.71209500008263	EXP	text_2: text = 232
90.72707000002265	EXP	text_2: text = 248
90.74398000002839	EXP	text_2: text = 265
90.7601550000254	EXP	text_2: text = 281
90.7767800000729	EXP	text_2: text = 298
90.7936650000047	EXP	text_2: text = 315
90.80450000008568	DATA	Keydown:  
90.81133000005502	EXP	text_2: text = 332
90.81133000005502	EXP	text_2: autoDraw = false
90.81133000005502	EXP	Feedback: text = 319
90.81133000005502	EXP	Feedback: autoDraw = true
91.80891000002157	EXP	Feedback: autoDraw = false
91.80891000002157	EXP	Feedback: autoDraw = false
91.80891000002157	EXP	text_3: autoDraw = true
94.2783150000032	EXP	text_3: autoDraw = false
94.2783150000032	EXP	text_3: autoDraw = false
94.2783150000032	EXP	text_2: autoDraw = true
94.2783150000032	EXP	text_2: text = 0
94.29169500002172	EXP	text_2: text = 16
94.3091199999908	EXP	text_2: text = 33
94.32366500003263	EXP	text_2: text = 49
94.33931000006851	EXP	text_2: text = 66
94.35605000006035	EXP	text_2: text = 83
94.3730200000573	EXP	text_2: text = 99
94.38928500004113	EXP	text_2: text = 116
94.40694500005338	EXP	text_2: text = 133
94.42166500003077	EXP	text_2: text = 149
94.43819500005338	EXP	text_2: text = 166
94.4549100000877	EXP	text_2: text = 182
94.47164000000339	EXP	text_2: text = 199
94.4953150000656	EXP	text_2: text = 222
94.50448000000324	EXP	text_2: text = 232
94.52100000006612	EXP	text_2: text = 249
94.53761500003748	EXP	text_2: text = 265
94.55417000001762	EXP	text_2: text = 282
94.57107499998529	EXP	text_2: text = 298
94.58821499999613	EXP	text_2: text = 315
94.60481500008609	EXP	text_2: text = 332
94.62111000006553	EXP	text_2: text = 349
94.63725500006694	EXP	text_2: text = 365
94.65420500002801	EXP	text_2: text = 382
94.67054500000086	EXP	text_2: text = 398
94.68724500003736	EXP	text_2: text = 415
94.70394500007387	EXP	text_2: text = 431
94.72108000004664	EXP	text_2: text = 448
94.7373849999858	EXP	text_2: text = 465
94.75397000007797	EXP	text_2: text = 482
94.77135000005364	EXP	text_2: text = 498
94.78810000000522	EXP	text_2: text = 515
94.80370000004768	EXP	text_2: text = 531
94.82058500009589	EXP	text_2: text = 548
94.83780000009574	EXP	text_2: text = 565
94.85471500002313	EXP	text_2: text = 582
94.8699150000466	EXP	text_2: text = 598
94.88707500009332	EXP	text_2: text = 615
94.90376500005368	EXP	text_2: text = 632
94.92056500003673	EXP	text_2: text = 648
94.93681500002276	EXP	text_2: text = 664
94.95326500001829	EXP	text_2: text = 681
94.96991500002332	EXP	text_2: text = 698
94.98684999998659	EXP	text_2: text = 715
95.00355500006117	EXP	text_2: text = 731
95.0202050000662	EXP	text_2: text = 748
95.03691000002436	EXP	text_2: text = 764
95.05338000005577	EXP	text_2: text = 781
95.07014500000514	EXP	text_2: text = 798
95.08825500006787	EXP	text_2: text = 816
95.1037050000159	EXP	text_2: text = 831
95.10558000009041	DATA	Keydown:  
95.1216499999864	EXP	text_2: text = 848
95.1216499999864	EXP	text_2: autoDraw = false
95.1216499999864	EXP	Feedback: text = 828
95.1216499999864	EXP	Feedback: autoDraw = true
96.12048000004143	EXP	Feedback: autoDraw = false
96.12048000004143	EXP	Feedback: autoDraw = false
96.12048000004143	EXP	text_3: autoDraw = true
100.21289500000421	EXP	text_3: autoDraw = false
100.21289500000421	EXP	text_3: autoDraw = false
100.21289500000421	EXP	text_2: autoDraw = true
100.21289500000421	EXP	text_2: text = 0
100.22830000007525	EXP	text_2: text = 16
100.24546500004362	EXP	text_2: text = 33
100.26189000008162	EXP	text_2: text = 50
100.27808000007644	EXP	text_2: text = 66
100.29517500009388	EXP	text_2: text = 83
100.31166000000667	EXP	text_2: text = 100
100.32816500007175	EXP	text_2: text = 116
100.34497000009287	EXP	text_2: text = 133
100.36154499999247	EXP	text_2: text = 149
100.37927000003401	EXP	text_2: text = 166
100.39538000000175	EXP	text_2: text = 183
100.41133500006981	EXP	text_2: text = 199
100.4282499999972	EXP	text_2: text = 216
100.44437000004109	EXP	text_2: text = 233
100.46140500006732	EXP	text_2: text = 249
100.47845500009134	EXP	text_2: text = 266
100.49531000002753	EXP	text_2: text = 283
100.51183500001207	EXP	text_2: text = 299
100.51439000002574	DATA	Keydown:  
100.52965500007849	EXP	text_2: text = 316
100.52965500007849	EXP	text_2: autoDraw = false
100.52965500007849	EXP	Feedback: text = 302
100.52965500007849	EXP	Feedback: autoDraw = true
101.53019499999937	EXP	Feedback: autoDraw = false
101.53019499999937	EXP	Feedback: autoDraw = false
101.53019499999937	EXP	text_3: autoDraw = true
110.53089500009082	EXP	text_3: autoDraw = false
110.53089500009082	EXP	text_3: autoDraw = false
110.53089500009082	EXP	text_2: autoDraw = true
110.53089500009082	EXP	text_2: text = 0
110.5456950000953	EXP	text_2: text = 16
110.56301000004169	EXP	text_2: text = 33
110.57975999999326	EXP	text_2: text = 50
110.59628000005614	EXP	text_2: text = 66
110.61279000004288	EXP	text_2: text = 83
110.62979000003543	EXP	text_2: text = 100
110.64670500007924	EXP	text_2: text = 117
110.66498500003945	EXP	text_2: text = 135
110.68006000004243	EXP	text_2: text = 150
110.69600500003435	EXP	text_2: text = 166
110.7126500000013	EXP	text_2: text = 183
110.72978000005241	EXP	text_2: text = 200
110.74603000003844	EXP	text_2: text = 216
110.76262500009034	EXP	text_2: text = 233
110.77905500005	EXP	text_2: text = 249
110.79638000007253	EXP	text_2: text = 266
110.79905000003055	DATA	Keydown:  
110.81359999999404	EXP	text_2: text = 283
110.81359999999404	EXP	text_2: autoDraw = false
110.81359999999404	EXP	Feedback: text = 268
110.81359999999404	EXP	Feedback: autoDraw = true
111.81295000005048	EXP	Feedback: autoDraw = false
111.81295000005048	EXP	Feedback: autoDraw = false
111.81295000005048	EXP	text_3: autoDraw = true
119.63282500009518	EXP	text_3: autoDraw = false
119.63282500009518	EXP	text_3: autoDraw = false
119.63282500009518	EXP	text_2: autoDraw = true
119.63282500009518	EXP	text_2: text = 0
119.64825000008568	EXP	text_2: text = 16
119.66489000001457	EXP	text_2: text = 33
119.68205000006128	EXP	text_2: text = 50
119.69804500008468	EXP	text_2: text = 66
119.71545000001788	EXP	text_2: text = 83
119.73171000008006	EXP	text_2: text = 100
119.74840000004042	EXP	text_2: text = 116
119.76524000009522	EXP	text_2: text = 133
119.78169000009075	EXP	text_2: text = 150
119.7982750000665	EXP	text_2: text = 166
119.8154349999968	EXP	text_2: text = 183
119.83151500008535	EXP	text_2: text = 200
119.84821500000544	EXP	text_2: text = 216
119.86490000004414	EXP	text_2: text = 233
119.8817750000162	EXP	text_2: text = 250
119.89841000002343	EXP	text_2: text = 266
119.91509000002407	EXP	text_2: text = 283
119.93203999998514	EXP	text_2: text = 299
119.94851000001654	EXP	text_2: text = 316
119.96498000004794	EXP	text_2: text = 333
119.98191000008956	EXP	text_2: text = 349
119.9988200000953	EXP	text_2: text = 366
120.01653999998234	EXP	text_2: text = 384
120.01850000000559	DATA	Keydown:  
120.03290500002913	EXP	text_2: text = 399
120.03290500002913	EXP	text_2: autoDraw = false
120.03290500002913	EXP	Feedback: text = 386
120.03290500002913	EXP	Feedback: autoDraw = true
121.03297000005841	EXP	Feedback: autoDraw = false
121.03297000005841	EXP	Feedback: autoDraw = false
121.03297000005841	EXP	text_3: autoDraw = true
130.68820000009146	EXP	text_3: autoDraw = false
130.68820000009146	EXP	text_3: autoDraw = false
130.68820000009146	EXP	text_2: autoDraw = true
130.68820000009146	EXP	text_2: text = 0
130.70220000005793	EXP	text_2: text = 17
130.71514500002377	EXP	text_2: text = 33
130.7322700000368	EXP	text_2: text = 49
130.74869000003673	EXP	text_2: text = 66
130.76557500008494	EXP	text_2: text = 83
130.78231500007678	EXP	text_2: text = 100
130.7983800000511	EXP	text_2: text = 116
130.81571500003338	EXP	text_2: text = 133
130.8315799999982	EXP	text_2: text = 149
130.84863000002224	EXP	text_2: text = 166
130.86553000006825	EXP	text_2: text = 183
130.8819750000257	EXP	text_2: text = 199
130.89939999999478	EXP	text_2: text = 216
130.91594000009354	EXP	text_2: text = 233
130.9324300000444	EXP	text_2: text = 250
130.94901500002015	EXP	text_2: text = 266
130.96599000005517	EXP	text_2: text = 283
130.97550000005867	DATA	Keydown:  
130.98362000007182	EXP	text_2: text = 299
130.98362000007182	EXP	text_2: autoDraw = false
130.98362000007182	EXP	Feedback: text = 288
130.98362000007182	EXP	Feedback: autoDraw = true
131.9854200000409	EXP	Feedback: autoDraw = false
131.9854200000409	EXP	Feedback: autoDraw = false
131.9854200000409	EXP	text_3: autoDraw = true
137.10881500004325	EXP	text_3: autoDraw = false
137.10881500004325	EXP	text_3: autoDraw = false
137.10881500004325	EXP	text_2: autoDraw = true
137.10881500004325	EXP	text_2: text = 0
137.12317999999505	EXP	text_2: text = 16
137.14027500001248	EXP	text_2: text = 33
137.1567900000373	EXP	text_2: text = 50
137.17344000004232	EXP	text_2: text = 67
137.18999500002246	EXP	text_2: text = 83
137.20663999998942	EXP	text_2: text = 100
137.22302999999374	EXP	text_2: text = 116
137.24063500005286	EXP	text_2: text = 133
137.2572350000264	EXP	text_2: text = 150
137.27315000002272	EXP	text_2: text = 166
137.28956499998458	EXP	text_2: text = 183
137.30651500006206	EXP	text_2: text = 199
137.32369500002824	EXP	text_2: text = 216
137.34003500000108	EXP	text_2: text = 233
137.36007500009146	EXP	text_2: text = 253
137.3738500000909	EXP	text_2: text = 268
137.38762500009034	EXP	text_2: text = 282
137.39721000008285	DATA	Keydown:  
137.40622500004247	EXP	text_2: text = 299
137.40622500004247	EXP	text_2: autoDraw = false
137.40622500004247	EXP	Feedback: text = 289
137.40622500004247	EXP	Feedback: autoDraw = true
138.40643000009004	EXP	Feedback: autoDraw = false
138.40643000009004	EXP	Feedback: autoDraw = false
138.40643000009004	EXP	text_3: autoDraw = true
144.901460000081	EXP	text_3: autoDraw = false
144.901460000081	EXP	text_3: autoDraw = false
144.901460000081	EXP	text_2: autoDraw = true
144.901460000081	EXP	text_2: text = 0
144.93098000006285	EXP	text_2: text = 32
144.94438000000082	EXP	text_2: text = 48
144.96140500006732	EXP	text_2: text = 65
144.97636000008788	EXP	text_2: text = 81
144.9927200000966	EXP	text_2: text = 98
145.00959999999031	EXP	text_2: text = 115
145.02951999998186	EXP	text_2: text = 132
145.046474999981	EXP	text_2: text = 149
145.06238500005566	EXP	text_2: text = 165
145.0801700000884	EXP	text_2: text = 182
145.0939500000095	EXP	text_2: text = 198
145.11027499998454	EXP	text_2: text = 215
145.12670000002254	EXP	text_2: text = 231
145.13117000006605	DATA	Keydown:  
145.14513499999885	EXP	text_2: text = 248
145.14513499999885	EXP	text_2: autoDraw = false
145.14513499999885	EXP	Feedback: text = 230
145.14513499999885	EXP	Feedback: autoDraw = true
146.14515500003472	EXP	Feedback: autoDraw = false
146.14515500003472	EXP	Feedback: autoDraw = false
146.14515500003472	EXP	text_3: autoDraw = true
155.5142150000902	EXP	text_3: autoDraw = false
155.5142150000902	EXP	text_3: autoDraw = false
155.5142150000902	EXP	text_2: autoDraw = true
155.5142150000902	EXP	text_2: text = 0
155.52909000008367	EXP	text_2: text = 17
155.54576000000816	EXP	text_2: text = 34
155.56291000009514	EXP	text_2: text = 50
155.5787850000197	EXP	text_2: text = 66
155.59542999998666	EXP	text_2: text = 83
155.61276500008535	EXP	text_2: text = 100
155.629920000094	EXP	text_2: text = 117
155.64574000006542	EXP	text_2: text = 133
155.66184499999508	EXP	text_2: text = 150
155.67934999999125	EXP	text_2: text = 167
155.69528500002343	EXP	text_2: text = 183
155.71220000006724	EXP	text_2: text = 200
155.72954000008758	EXP	text_2: text = 217
155.74627500004135	EXP	text_2: text = 233
155.76125500001945	EXP	text_2: text = 249
155.76576000009663	DATA	Keydown:  
155.78103000007104	EXP	text_2: text = 266
155.78103000007104	EXP	text_2: autoDraw = false
155.78103000007104	EXP	Feedback: text = 252
155.78103000007104	EXP	Feedback: autoDraw = true
156.77487000008114	EXP	Feedback: autoDraw = false
156.77487000008114	EXP	Feedback: autoDraw = false
156.77487000008114	EXP	text_3: autoDraw = true
166.5813199999975	EXP	text_3: autoDraw = false
166.5813199999975	EXP	text_3: autoDraw = false
166.5813199999975	EXP	text_2: autoDraw = true
166.5813199999975	EXP	text_2: text = 0
166.59614999999758	EXP	text_2: text = 17
166.61219000001438	EXP	text_2: text = 33
166.62874000007287	EXP	text_2: text = 50
166.64548499998637	EXP	text_2: text = 66
166.66225500009023	EXP	text_2: text = 83
166.6785450000316	EXP	text_2: text = 100
166.69627499999478	EXP	text_2: text = 117
166.7124649999896	EXP	text_2: text = 133
166.7291200000327	EXP	text_2: text = 150
166.74557999998797	EXP	text_2: text = 167
166.76371000008658	EXP	text_2: text = 183
166.7785900000017	EXP	text_2: text = 199
166.7952950000763	EXP	text_2: text = 216
166.81237500009593	EXP	text_2: text = 233
166.82845500006806	EXP	text_2: text = 249
166.84614000003785	EXP	text_2: text = 266
166.86245500005316	EXP	text_2: text = 283
166.87859000009485	EXP	text_2: text = 300
166.895695000072	EXP	text_2: text = 317
166.912164999987	EXP	text_2: text = 333
166.9301250000717	EXP	text_2: text = 350
166.94579000002705	EXP	text_2: text = 366
166.95984999998473	EXP	text_2: text = 382
166.97604500001762	EXP	text_2: text = 399
166.99280500004534	EXP	text_2: text = 415
167.00919000001159	EXP	text_2: text = 432
167.02615500008687	EXP	text_2: text = 449
167.04307500005234	EXP	text_2: text = 466
167.06003000005148	EXP	text_2: text = 482
167.07698500005063	EXP	text_2: text = 499
167.09356000006665	EXP	text_2: text = 516
167.09629500005394	DATA	Keydown:  
167.1171500000637	EXP	text_2: text = 534
167.1171500000637	EXP	text_2: autoDraw = false
167.1171500000637	EXP	Feedback: text = 516
167.1171500000637	EXP	Feedback: autoDraw = true
168.11138000001665	EXP	Feedback: autoDraw = false
168.11138000001665	EXP	Feedback: autoDraw = false
168.11138000001665	EXP	text_3: autoDraw = true
172.04006000002846	EXP	text_3: autoDraw = false
172.04006000002846	EXP	text_3: autoDraw = false
172.04006000002846	EXP	text_2: autoDraw = true
172.04006000002846	EXP	text_2: text = 0
172.05414999998175	EXP	text_2: text = 16
172.07073000003584	EXP	text_2: text = 33
172.0862850000849	EXP	text_2: text = 49
172.10409999999683	EXP	text_2: text = 66
172.12021500000264	EXP	text_2: text = 82
172.13704000005964	EXP	text_2: text = 99
172.15386500000022	EXP	text_2: text = 116
172.17067500005942	EXP	text_2: text = 133
172.18765000009444	EXP	text_2: text = 149
172.2036800000351	EXP	text_2: text = 166
172.2191200000234	EXP	text_2: text = 182
172.23384500003885	EXP	text_2: text = 199
172.25151500001084	EXP	text_2: text = 215
172.26786999998149	EXP	text_2: text = 232
172.28388000000268	EXP	text_2: text = 248
172.30295500007924	EXP	text_2: text = 265
172.31922499998473	EXP	text_2: text = 282
172.33642000006512	EXP	text_2: text = 299
172.35291000001598	EXP	text_2: text = 316
172.3689449999947	EXP	text_2: text = 332
172.3852200000547	EXP	text_2: text = 349
172.40298500005156	EXP	text_2: text = 366
172.40605500002857	DATA	Keydown:  
172.42132000008132	EXP	text_2: text = 382
172.42132000008132	EXP	text_2: autoDraw = false
172.42132000008132	EXP	Feedback: text = 366
172.42132000008132	EXP	Feedback: autoDraw = true
173.4199850000441	EXP	Feedback: autoDraw = false
173.4199850000441	EXP	Feedback: autoDraw = false
173.4199850000441	EXP	text_3: autoDraw = true
183.20596500008833	EXP	text_3: autoDraw = false
183.20596500008833	EXP	text_3: autoDraw = false
183.20596500008833	EXP	text_2: autoDraw = true
183.20596500008833	EXP	text_2: text = 0
183.21979000000283	EXP	text_2: text = 16
183.23688500002027	EXP	text_2: text = 33
183.25328499998432	EXP	text_2: text = 50
183.26964000007138	EXP	text_2: text = 66
183.28593000001274	EXP	text_2: text = 83
183.30341000005137	EXP	text_2: text = 100
183.3198750000447	EXP	text_2: text = 116
183.33697000006214	EXP	text_2: text = 133
183.35311000002548	EXP	text_2: text = 150
183.36973999999464	EXP	text_2: text = 166
183.386385000078	EXP	text_2: text = 183
183.40385000000242	EXP	text_2: text = 200
183.4198350000661	EXP	text_2: text = 216
183.4361650000792	EXP	text_2: text = 232
183.4533550000051	EXP	text_2: text = 250
183.46943500009365	EXP	text_2: text = 266
183.48604500002693	EXP	text_2: text = 282
183.50413000001572	EXP	text_2: text = 299
183.50849999999627	DATA	Keydown:  
183.5192350000143	EXP	text_2: text = 315
183.5192350000143	EXP	text_2: autoDraw = false
183.5192350000143	EXP	Feedback: text = 303
183.5192350000143	EXP	Feedback: autoDraw = true
184.51863000006415	EXP	Feedback: autoDraw = false
184.51863000006415	EXP	Feedback: autoDraw = false
184.51863000006415	EXP	text_3: autoDraw = true
190.091155000031	EXP	text_3: autoDraw = false
190.091155000031	EXP	text_3: autoDraw = false
190.091155000031	EXP	text_2: autoDraw = true
190.091155000031	EXP	text_2: text = 0
190.10639000008814	EXP	text_2: text = 17
190.12340000004042	EXP	text_2: text = 33
190.13981500000227	EXP	text_2: text = 50
190.15675000008196	EXP	text_2: text = 67
190.1739650000818	EXP	text_2: text = 84
190.19035500008613	EXP	text_2: text = 101
190.20652500004508	EXP	text_2: text = 116
190.22346500004642	EXP	text_2: text = 133
190.24025500006974	EXP	text_2: text = 150
190.2564199999906	EXP	text_2: text = 166
190.2731550000608	EXP	text_2: text = 183
190.290559999994	EXP	text_2: text = 200
190.3066450000042	EXP	text_2: text = 216
190.3232850000495	EXP	text_2: text = 233
190.33996500005014	EXP	text_2: text = 250
190.35630500002299	EXP	text_2: text = 266
190.37363000004552	EXP	text_2: text = 283
190.38977500004694	EXP	text_2: text = 300
190.40619500004686	EXP	text_2: text = 316
190.42294499999844	EXP	text_2: text = 333
190.44018500007223	EXP	text_2: text = 350
190.4565500000026	EXP	text_2: text = 366
190.4735900000669	EXP	text_2: text = 383
190.48982500005513	EXP	text_2: text = 400
190.50623000005726	EXP	text_2: text = 416
190.52277999999933	EXP	text_2: text = 433
190.5395150000695	EXP	text_2: text = 449
190.5561250000028	EXP	text_2: text = 466
190.5729200000642	EXP	text_2: text = 483
190.58963000006042	EXP	text_2: text = 500
190.60637000005227	EXP	text_2: text = 516
190.62366000004113	EXP	text_2: text = 533
190.6413650000468	EXP	text_2: text = 550
190.6589699999895	EXP	text_2: text = 566
190.6754250000231	EXP	text_2: text = 583
190.6924500000896	EXP	text_2: text = 600
190.7087649999885	EXP	text_2: text = 616
190.72510000003967	EXP	text_2: text = 633
190.73806000000332	DATA	Keydown:  
190.7588499999838	EXP	text_2: text = 666
190.7588499999838	EXP	text_2: autoDraw = false
190.7588499999838	EXP	Feedback: text = 647
190.7588499999838	EXP	Feedback: autoDraw = true
191.7541650000494	EXP	Feedback: autoDraw = false
191.7541650000494	EXP	Feedback: autoDraw = false
191.7541650000494	EXP	text_3: autoDraw = true
195.38693000003695	EXP	text_3: autoDraw = false
195.38693000003695	EXP	text_3: autoDraw = false
195.38693000003695	EXP	text_2: autoDraw = true
195.38693000003695	EXP	text_2: text = 0
195.40010000008624	EXP	text_2: text = 16
195.4178050000919	EXP	text_2: text = 33
195.43404000008013	EXP	text_2: text = 50
195.45154999999795	EXP	text_2: text = 67
195.4673050000565	EXP	text_2: text = 83
195.48580999998376	EXP	text_2: text = 100
195.50140499998815	EXP	text_2: text = 116
195.51725000003353	EXP	text_2: text = 133
195.53445500007365	EXP	text_2: text = 149
195.55163500003982	EXP	text_2: text = 166
195.5673400000669	EXP	text_2: text = 183
195.58412000001408	EXP	text_2: text = 200
195.60091999999713	EXP	text_2: text = 216
195.61681500007398	EXP	text_2: text = 233
195.63556500000414	EXP	text_2: text = 250
195.65075999998953	EXP	text_2: text = 266
195.6578800000716	DATA	Keydown:  
195.67080500000156	EXP	text_2: text = 283
195.67080500000156	EXP	text_2: autoDraw = false
195.67080500000156	EXP	Feedback: text = 271
195.67080500000156	EXP	Feedback: autoDraw = true
196.66644500009716	EXP	Feedback: autoDraw = false
196.66644500009716	EXP	Feedback: autoDraw = false
196.66644500009716	EXP	text_3: autoDraw = true
200.0793850000482	EXP	text_3: autoDraw = false
200.0793850000482	EXP	text_3: autoDraw = false
200.0793850000482	EXP	text_2: autoDraw = true
200.0793850000482	EXP	text_2: text = 0
200.09340500005055	EXP	text_2: text = 16
200.1102650000248	EXP	text_2: text = 33
200.1270300000906	EXP	text_2: text = 50
200.14303999999538	EXP	text_2: text = 66
200.1602150000399	EXP	text_2: text = 83
200.17655500001274	EXP	text_2: text = 99
200.19400500005577	EXP	text_2: text = 116
200.20995500008576	EXP	text_2: text = 132
200.22701999999117	EXP	text_2: text = 150
200.2434999999823	EXP	text_2: text = 166
200.2603100000415	EXP	text_2: text = 183
200.27702000003774	EXP	text_2: text = 199
200.29321000003256	EXP	text_2: text = 216
200.31015500007197	EXP	text_2: text = 233
200.32681500003673	EXP	text_2: text = 249
200.34331500006374	EXP	text_2: text = 266
200.3603750000475	EXP	text_2: text = 283
200.36430500005372	DATA	Keydown:  
200.37950000003912	EXP	text_2: text = 299
200.37950000003912	EXP	text_2: autoDraw = false
200.37950000003912	EXP	Feedback: text = 286
200.37950000003912	EXP	Feedback: autoDraw = true
201.37485500006005	EXP	Feedback: autoDraw = false
201.37485500006005	EXP	Feedback: autoDraw = false
201.37485500006005	EXP	text_3: autoDraw = true
204.80188000004273	EXP	text_3: autoDraw = false
204.80188000004273	EXP	text_3: autoDraw = false
204.80188000004273	EXP	text_2: autoDraw = true
204.80188000004273	EXP	text_2: text = 0
204.81691500009038	EXP	text_2: text = 16
204.83399000007194	EXP	text_2: text = 33
204.85079000005499	EXP	text_2: text = 50
204.86755500000436	EXP	text_2: text = 67
204.88427000003867	EXP	text_2: text = 83
204.90060500008985	EXP	text_2: text = 100
204.9174500000663	EXP	text_2: text = 117
204.93563500000164	EXP	text_2: text = 133
204.95295000006445	EXP	text_2: text = 150
204.9692750000395	EXP	text_2: text = 167
204.9861300000921	EXP	text_2: text = 183
205.0031200000085	EXP	text_2: text = 200
205.0193600000348	EXP	text_2: text = 217
205.03621000004932	EXP	text_2: text = 233
205.05209000001196	EXP	text_2: text = 250
205.05682000005618	DATA	Keydown:  
205.068339999998	EXP	text_2: text = 266
205.068339999998	EXP	text_2: autoDraw = false
205.068339999998	EXP	Feedback: text = 255
205.068339999998	EXP	Feedback: autoDraw = true
206.06951000005938	EXP	Feedback: autoDraw = false
206.06951000005938	EXP	Feedback: autoDraw = false
206.06951000005938	EXP	text_3: autoDraw = true
212.57539500005078	EXP	text_3: autoDraw = false
212.57539500005078	EXP	text_3: autoDraw = false
212.57539500005078	EXP	text_2: autoDraw = true
212.57539500005078	EXP	text_2: text = 0
212.59022500005085	EXP	text_2: text = 17
212.60684999998193	EXP	text_2: text = 33
212.62275000009686	EXP	text_2: text = 49
212.63975500001106	EXP	text_2: text = 66
212.65867999999318	EXP	text_2: text = 85
212.6729200000409	EXP	text_2: text = 100
212.69033500005025	EXP	text_2: text = 116
212.7066000000341	EXP	text_2: text = 133
212.7235450000735	EXP	text_2: text = 149
212.73939000000246	EXP	text_2: text = 166
212.7562049999833	EXP	text_2: text = 183
212.77316500002053	EXP	text_2: text = 199
212.78977999999188	EXP	text_2: text = 216
212.80713500001002	EXP	text_2: text = 233
212.81491499999538	DATA	Keydown:  
212.82482000009622	EXP	text_2: text = 249
212.82482000009622	EXP	text_2: autoDraw = false
212.82482000009622	EXP	Feedback: text = 240
212.82482000009622	EXP	Feedback: autoDraw = true
213.82457500009332	EXP	Feedback: autoDraw = false
213.82457500009332	EXP	Feedback: autoDraw = false
213.82457500009332	EXP	text_3: autoDraw = true
223.2122349999845	EXP	text_3: autoDraw = false
223.2122349999845	EXP	text_3: autoDraw = false
223.2122349999845	EXP	text_2: autoDraw = true
223.2122349999845	EXP	text_2: text = 0
223.22516000003088	EXP	text_2: text = 16
223.2417800000403	EXP	text_2: text = 33
223.25894000008702	EXP	text_2: text = 50
223.27586500009056	EXP	text_2: text = 67
223.29229500005022	EXP	text_2: text = 83
223.30919500009622	EXP	text_2: text = 100
223.32582500006538	EXP	text_2: text = 117
223.3417400000617	EXP	text_2: text = 133
223.35630500002299	EXP	text_2: text = 149
223.37357000005431	EXP	text_2: text = 166
223.39000500005204	EXP	text_2: text = 183
223.40705999999773	EXP	text_2: text = 199
223.4232750000665	EXP	text_2: text = 216
223.4401899999939	EXP	text_2: text = 233
223.45656000007875	EXP	text_2: text = 249
223.4724850000348	EXP	text_2: text = 266
223.48820999998134	EXP	text_2: text = 282
223.50741500000004	EXP	text_2: text = 299
223.5107400000561	DATA	Keydown:  
223.52620500000194	EXP	text_2: text = 316
223.52620500000194	EXP	text_2: autoDraw = false
223.52620500000194	EXP	Feedback: text = 299
223.52620500000194	EXP	Feedback: autoDraw = true
224.52043000003323	EXP	Feedback: autoDraw = false
224.52043000003323	EXP	Feedback: autoDraw = false
224.52043000003323	EXP	text_3: autoDraw = true
234.23022500006482	EXP	text_3: autoDraw = false
234.23022500006482	EXP	text_3: autoDraw = false
234.23022500006482	EXP	text_2: autoDraw = true
234.23022500006482	EXP	text_2: text = 0
234.25771999999415	EXP	text_2: text = 32
234.27315999998245	EXP	text_2: text = 49
234.2886250000447	EXP	text_2: text = 66
234.30535000003874	EXP	text_2: text = 82
234.3220549999969	EXP	text_2: text = 99
234.33887500001583	EXP	text_2: text = 115
234.35562500008382	EXP	text_2: text = 132
234.3735750000924	EXP	text_2: text = 149
234.39014000003226	EXP	text_2: text = 166
234.40695000009146	EXP	text_2: text = 182
234.42365500004962	EXP	text_2: text = 199
234.43932500004303	EXP	text_2: text = 215
234.45706500008237	EXP	text_2: text = 232
234.47367500001565	EXP	text_2: text = 249
234.4859450000804	DATA	Keydown:  
234.4977750000544	EXP	text_2: text = 268
234.4977750000544	EXP	text_2: autoDraw = false
234.4977750000544	EXP	Feedback: text = 256
234.4977750000544	EXP	Feedback: autoDraw = true
235.48868499998935	EXP	Feedback: autoDraw = false
235.48868499998935	EXP	Feedback: autoDraw = false
235.48868499998935	EXP	text_3: autoDraw = true
240.78417500003707	EXP	text_3: autoDraw = false
240.78417500003707	EXP	text_3: autoDraw = false
240.78417500003707	EXP	text_2: autoDraw = true
240.78417500003707	EXP	text_2: text = 0
240.7982300000731	EXP	text_2: text = 16
240.81513500004075	EXP	text_2: text = 33
240.83155500004068	EXP	text_2: text = 50
240.8479900000384	EXP	text_2: text = 67
240.86476500006393	EXP	text_2: text = 83
240.8815600000089	EXP	text_2: text = 100
240.9116749999812	EXP	text_2: text = 132
240.92874000000302	EXP	text_2: text = 149
240.94436500000302	EXP	text_2: text = 165
240.9611750000622	EXP	text_2: text = 182
240.977584999986	EXP	text_2: text = 198
240.9944250000408	EXP	text_2: text = 215
241.0107100000605	EXP	text_2: text = 232
241.02801500004716	EXP	text_2: text = 249
241.04477500007488	EXP	text_2: text = 265
241.06303000007756	EXP	text_2: text = 283
241.0795250000665	EXP	text_2: text = 299
241.09614999999758	EXP	text_2: text = 315
241.10252000007313	DATA	Keydown:  
241.11373500002082	EXP	text_2: text = 332
241.11373500002082	EXP	text_2: autoDraw = false
241.11373500002082	EXP	Feedback: text = 319
241.11373500002082	EXP	Feedback: autoDraw = true
242.11249000008684	EXP	Feedback: autoDraw = false
242.11249000008684	EXP	Feedback: autoDraw = false
242.11249000008684	EXP	text_3: autoDraw = true
251.2495849999832	EXP	text_3: autoDraw = false
251.2495849999832	EXP	text_3: autoDraw = false
251.2495849999832	EXP	text_2: autoDraw = true
251.2495849999832	EXP	text_2: text = 0
251.26375500007998	EXP	text_2: text = 17
251.28092000004835	EXP	text_2: text = 33
251.29711000004318	EXP	text_2: text = 49
251.31417999998666	EXP	text_2: text = 66
251.3333950000815	EXP	text_2: text = 85
251.34704999998212	EXP	text_2: text = 99
251.36427500005811	EXP	text_2: text = 116
251.38081500004046	EXP	text_2: text = 133
251.39700500003528	EXP	text_2: text = 149
251.4138100000564	EXP	text_2: text = 166
251.43035000003874	EXP	text_2: text = 183
251.44698500004597	EXP	text_2: text = 199
251.4639400000451	EXP	text_2: text = 216
251.47990000003483	EXP	text_2: text = 233
251.497005000012	EXP	text_2: text = 249
251.5136600000551	EXP	text_2: text = 266
251.530330000096	EXP	text_2: text = 283
251.54682500008494	EXP	text_2: text = 299
251.56579999998212	EXP	text_2: text = 316
251.57391999999527	DATA	Keydown:  
251.58840000000782	EXP	text_2: text = 340
251.58840000000782	EXP	text_2: autoDraw = false
251.58840000000782	EXP	Feedback: text = 325
251.58840000000782	EXP	Feedback: autoDraw = true
252.58125000004657	EXP	Feedback: autoDraw = false
252.58125000004657	EXP	Feedback: autoDraw = false
252.58125000004657	EXP	text_3: autoDraw = true
259.6872699999949	EXP	text_3: autoDraw = false
259.6872699999949	EXP	text_3: autoDraw = false
259.6872699999949	EXP	text_2: autoDraw = true
259.6872699999949	EXP	text_2: text = 0
259.70200000004843	EXP	text_2: text = 17
259.7197600000072	EXP	text_2: text = 34
259.7359700000379	EXP	text_2: text = 51
259.7525350000942	EXP	text_2: text = 67
259.7694700000575	EXP	text_2: text = 84
259.7855650000274	EXP	text_2: text = 100
259.8023950000061	EXP	text_2: text = 117
259.8191799999913	EXP	text_2: text = 134
259.8358800000278	EXP	text_2: text = 150
259.85236500005703	EXP	text_2: text = 167
259.86935500008985	EXP	text_2: text = 184
259.8857900000876	EXP	text_2: text = 200
259.9027350000106	EXP	text_2: text = 217
259.91850000002887	EXP	text_2: text = 233
259.9358250000514	EXP	text_2: text = 250
259.9519850000506	EXP	text_2: text = 266
259.9690900000278	EXP	text_2: text = 284
259.98524499998894	EXP	text_2: text = 300
260.00210000004154	EXP	text_2: text = 317
260.01895500009414	EXP	text_2: text = 333
260.02339500002563	DATA	Keydown:  
260.0413300000364	EXP	text_2: text = 350
260.0413300000364	EXP	text_2: autoDraw = false
260.0413300000364	EXP	Feedback: text = 337
260.0413300000364	EXP	Feedback: autoDraw = true
261.03716000006534	EXP	Feedback: autoDraw = false
261.03716000006534	EXP	Feedback: autoDraw = false
261.03716000006534	EXP	text_3: autoDraw = true
271.01823000004515	EXP	text_3: autoDraw = false
271.01823000004515	EXP	text_3: autoDraw = false
271.01823000004515	EXP	text_2: autoDraw = true
271.01823000004515	EXP	text_2: text = 0
271.0330150000518	EXP	text_2: text = 16
271.0493049999932	EXP	text_2: text = 33
271.0650350000942	EXP	text_2: text = 49
271.08199000009336	EXP	text_2: text = 66
271.09840000001714	EXP	text_2: text = 83
271.11506500001997	EXP	text_2: text = 99
271.13124500005506	EXP	text_2: text = 116
271.1476950000506	EXP	text_2: text = 132
271.1640550000593	EXP	text_2: text = 149
271.1816350000445	EXP	text_2: text = 166
271.19754000008106	EXP	text_2: text = 182
271.2141300000949	EXP	text_2: text = 199
271.2308750000084	EXP	text_2: text = 215
271.2474449999863	EXP	text_2: text = 232
271.26435499999207	EXP	text_2: text = 249
271.2811450000154	EXP	text_2: text = 266
271.2983650000533	EXP	text_2: text = 282
271.31444500002544	EXP	text_2: text = 299
271.3181549999863	DATA	Keydown:  
271.3329050000757	EXP	text_2: text = 315
271.3329050000757	EXP	text_2: autoDraw = false
271.3329050000757	EXP	Feedback: text = 300
271.3329050000757	EXP	Feedback: autoDraw = true
272.33323500002734	EXP	Feedback: autoDraw = false
272.33323500002734	EXP	Feedback: autoDraw = false
272.33323500002734	EXP	text_3: autoDraw = true
275.4619749999838	EXP	text_3: autoDraw = false
275.4619749999838	EXP	text_3: autoDraw = false
275.4619749999838	EXP	text_2: autoDraw = true
275.4619749999838	EXP	text_2: text = 0
275.47662500001024	EXP	text_2: text = 17
275.4939650000306	EXP	text_2: text = 33
275.5099150000606	EXP	text_2: text = 50
275.52511500008404	EXP	text_2: text = 66
275.541760000051	EXP	text_2: text = 83
275.5595500000054	EXP	text_2: text = 100
275.57636499998625	EXP	text_2: text = 116
275.59331000002567	EXP	text_2: text = 133
275.60947500006296	EXP	text_2: text = 150
275.6258900000248	EXP	text_2: text = 166
275.6428399999859	EXP	text_2: text = 183
275.65964000008535	EXP	text_2: text = 200
275.67650499998126	EXP	text_2: text = 217
275.69339000002947	EXP	text_2: text = 233
275.7094900000375	EXP	text_2: text = 250
275.7269700000761	EXP	text_2: text = 266
275.7305950000882	DATA	Keydown:  
275.74578500003554	EXP	text_2: text = 283
275.74578500003554	EXP	text_2: autoDraw = false
275.74578500003554	EXP	Feedback: text = 269
275.74578500003554	EXP	Feedback: autoDraw = true
276.7453800000949	EXP	Feedback: autoDraw = false
276.7453800000949	EXP	Feedback: autoDraw = false
276.7453800000949	EXP	text_3: autoDraw = true
283.0510350000113	EXP	text_3: autoDraw = false
283.0510350000113	EXP	text_3: autoDraw = false
283.0510350000113	EXP	text_2: autoDraw = true
283.0510350000113	EXP	text_2: text = 0
283.06492000003345	EXP	text_2: text = 16
283.0828600000823	EXP	text_2: text = 33
283.0984500000486	EXP	text_2: text = 50
283.1138500000816	EXP	text_2: text = 66
283.1297350000823	EXP	text_2: text = 83
283.14662500005215	EXP	text_2: text = 100
283.1632600000594	EXP	text_2: text = 116
283.18145500007086	EXP	text_2: text = 133
283.1957050000783	EXP	text_2: text = 149
283.21259500004817	EXP	text_2: text = 166
283.2298300000839	EXP	text_2: text = 183
283.2461100000655	EXP	text_2: text = 199
283.2632699999958	EXP	text_2: text = 216
283.2797000000719	EXP	text_2: text = 233
283.29638000007253	EXP	text_2: text = 249
283.3128700000234	EXP	text_2: text = 266
283.329650000087	EXP	text_2: text = 283
283.3461600000737	EXP	text_2: text = 299
283.3629349999828	EXP	text_2: text = 316
283.3796600000933	EXP	text_2: text = 333
283.3966950000031	EXP	text_2: text = 349
283.39988000004087	DATA	Keydown:  
283.4155150000006	EXP	text_2: text = 368
283.4155150000006	EXP	text_2: autoDraw = false
283.4155150000006	EXP	Feedback: text = 349
283.4155150000006	EXP	Feedback: autoDraw = true
284.41450499999337	EXP	Feedback: autoDraw = false
284.41450499999337	EXP	Feedback: autoDraw = false
284.41450499999337	EXP	text_3: autoDraw = true
287.6082350000506	EXP	text_3: autoDraw = false
287.6082350000506	EXP	text_3: autoDraw = false
287.6082350000506	EXP	text_2: autoDraw = true
287.6082350000506	EXP	text_2: text = 0
287.6235750000924	EXP	text_2: text = 17
287.64032500004396	EXP	text_2: text = 33
287.65747000009287	EXP	text_2: text = 51
287.6735650000628	EXP	text_2: text = 67
287.69086000008974	EXP	text_2: text = 84
287.70683500007726	EXP	text_2: text = 100
287.7237400000449	EXP	text_2: text = 117
287.74010000005364	EXP	text_2: text = 133
287.75673500006087	EXP	text_2: text = 150
287.77384999999776	EXP	text_2: text = 167
287.79020000004675	EXP	text_2: text = 183
287.8092600000091	EXP	text_2: text = 200
287.8258650000207	EXP	text_2: text = 217
287.84227000002284	EXP	text_2: text = 233
287.85891000006814	EXP	text_2: text = 250
287.8752950000344	EXP	text_2: text = 267
287.89038500003517	EXP	text_2: text = 283
287.90830000001006	EXP	text_2: text = 300
287.92230000009295	EXP	text_2: text = 316
287.93894000002183	EXP	text_2: text = 333
287.95017000008374	DATA	Keydown:  
287.95648000005167	EXP	text_2: text = 349
287.95648000005167	EXP	text_2: autoDraw = false
287.95648000005167	EXP	Feedback: text = 342
287.95648000005167	EXP	Feedback: autoDraw = true
288.95757500000764	EXP	Feedback: autoDraw = false
288.95757500000764	EXP	Feedback: autoDraw = false
288.95757500000764	EXP	text_3: autoDraw = true
298.90919000003487	EXP	text_3: autoDraw = false
298.90919000003487	EXP	text_3: autoDraw = false
298.90919000003487	EXP	text_2: autoDraw = true
298.90919000003487	EXP	text_2: text = 0
298.9236550000496	EXP	text_2: text = 16
298.93958500004373	EXP	text_2: text = 33
298.9578400000464	EXP	text_2: text = 50
298.9735150000779	EXP	text_2: text = 66
298.99034500005655	EXP	text_2: text = 83
299.00709000008646	EXP	text_2: text = 100
299.02358999999706	EXP	text_2: text = 116
299.04033500002697	EXP	text_2: text = 133
299.05687000008766	EXP	text_2: text = 149
299.07369500002824	EXP	text_2: text = 166
299.09073500009254	EXP	text_2: text = 183
299.106455000001	EXP	text_2: text = 199
299.12339500000235	EXP	text_2: text = 216
299.1400400000857	EXP	text_2: text = 233
299.1565999999875	EXP	text_2: text = 249
299.1638150000945	DATA	Keydown:  
299.18062500003725	EXP	text_2: text = 266
299.18062500003725	EXP	text_2: autoDraw = false
299.18062500003725	EXP	Feedback: text = 255
299.18062500003725	EXP	Feedback: autoDraw = true
300.1735050000716	EXP	Feedback: autoDraw = false
300.1735050000716	EXP	Feedback: autoDraw = false
300.1735050000716	EXP	text_3: autoDraw = true
304.44967500003986	EXP	text_3: autoDraw = false
304.44967500003986	EXP	text_3: autoDraw = false
304.44967500003986	EXP	text_2: autoDraw = true
304.44967500003986	EXP	text_2: text = 0
304.46446000004653	EXP	text_2: text = 16
304.4812450000318	EXP	text_2: text = 33
304.49752000009175	EXP	text_2: text = 50
304.5144900000887	EXP	text_2: text = 67
304.53089000005275	EXP	text_2: text = 83
304.54752500006	EXP	text_2: text = 100
304.56454000005033	EXP	text_2: text = 117
304.58114500006195	EXP	text_2: text = 133
304.59744500007946	EXP	text_2: text = 149
304.6145700000925	EXP	text_2: text = 167
304.63124500005506	EXP	text_2: text = 183
304.6474650000455	EXP	text_2: text = 200
304.66477000003215	EXP	text_2: text = 216
304.6808799999999	EXP	text_2: text = 233
304.6973050000379	EXP	text_2: text = 249
304.71325999998953	EXP	text_2: text = 266
304.7294900000561	EXP	text_2: text = 282
304.7461149999872	EXP	text_2: text = 299
304.76251500006765	EXP	text_2: text = 316
304.7794100000756	EXP	text_2: text = 333
304.79594500001986	EXP	text_2: text = 349
304.7978300000541	DATA	Keydown:  
304.8139900000533	EXP	text_2: text = 366
304.8139900000533	EXP	text_2: autoDraw = false
304.8139900000533	EXP	Feedback: text = 348
304.8139900000533	EXP	Feedback: autoDraw = true
305.81454000005033	EXP	Feedback: autoDraw = false
305.81454000005033	EXP	Feedback: autoDraw = false
305.81454000005033	EXP	text_3: autoDraw = true
308.8575950000668	EXP	text_3: autoDraw = false
308.8575950000668	EXP	text_3: autoDraw = false
308.8575950000668	EXP	text_2: autoDraw = true
308.8575950000668	EXP	text_2: text = 0
308.8724850000581	EXP	text_2: text = 16
308.8889100000961	EXP	text_2: text = 33
308.9054999999935	EXP	text_2: text = 50
308.9222950000549	EXP	text_2: text = 66
308.93903000000864	EXP	text_2: text = 83
308.95602000004146	EXP	text_2: text = 100
308.97318500000983	EXP	text_2: text = 117
308.9891650000354	EXP	text_2: text = 133
309.00588000006974	EXP	text_2: text = 150
309.02228500007186	EXP	text_2: text = 166
309.039090000093	EXP	text_2: text = 183
309.0553100000834	EXP	text_2: text = 199
309.0725300000049	EXP	text_2: text = 216
309.08871000004	EXP	text_2: text = 233
309.10594000003766	EXP	text_2: text = 249
309.12224500009324	EXP	text_2: text = 266
309.1389850000851	EXP	text_2: text = 283
309.15619500004686	EXP	text_2: text = 300
309.17529500008095	EXP	text_2: text = 319
309.1888350000372	EXP	text_2: text = 333
309.20524999999907	EXP	text_2: text = 349
309.2218400000129	EXP	text_2: text = 366
309.23876500001643	EXP	text_2: text = 383
309.25536499999	EXP	text_2: text = 399
309.27222500008065	EXP	text_2: text = 416
309.2884600000689	EXP	text_2: text = 432
309.3051850000629	EXP	text_2: text = 449
309.31779500003904	DATA	Keydown:  
309.32454000005964	EXP	text_2: text = 466
309.32454000005964	EXP	text_2: autoDraw = false
309.32454000005964	EXP	Feedback: text = 460
309.32454000005964	EXP	Feedback: autoDraw = true
310.3228900000686	EXP	Feedback: autoDraw = false
310.3228900000686	EXP	Feedback: autoDraw = false
310.3228900000686	EXP	text_3: autoDraw = true
315.4668450000463	EXP	text_3: autoDraw = false
315.4668450000463	EXP	text_3: autoDraw = false
315.4668450000463	EXP	text_2: autoDraw = true
315.4668450000463	EXP	text_2: text = 0
315.4813350000186	EXP	text_2: text = 16
315.49826999998186	EXP	text_2: text = 33
315.51492500002496	EXP	text_2: text = 50
315.546725000022	EXP	text_2: text = 82
315.5629450000124	EXP	text_2: text = 99
315.5800600000657	EXP	text_2: text = 116
315.5964549999917	EXP	text_2: text = 132
315.6132650000509	EXP	text_2: text = 149
315.62971000000834	EXP	text_2: text = 166
315.6460199999856	EXP	text_2: text = 183
315.6634100000374	EXP	text_2: text = 199
315.68181000009645	EXP	text_2: text = 216
315.69582000002265	EXP	text_2: text = 232
315.7125150000211	EXP	text_2: text = 249
315.72946499998216	EXP	text_2: text = 266
315.74577999999747	EXP	text_2: text = 282
315.7627250000369	EXP	text_2: text = 299
315.77901500009466	EXP	text_2: text = 315
315.7816650000168	DATA	Keydown:  
315.79588500002865	EXP	text_2: text = 332
315.79588500002865	EXP	text_2: autoDraw = false
315.79588500002865	EXP	Feedback: text = 315
315.79588500002865	EXP	Feedback: autoDraw = true
316.81550500006415	EXP	Feedback: autoDraw = false
316.81550500006415	EXP	Feedback: autoDraw = false
316.81550500006415	EXP	End_text: autoDraw = true
330.54364500008523	DATA	Keydown:  
332.62286000000313	DATA	Mouse: 2 button down, pos=(593,355)
332.7426850000629	DATA	Mouse: 2 button down, pos=(593,355)
333.71547000005376	DATA	Mouse: 0 button down, pos=(512,372)
333.8435799999861	DATA	Mouse: 0 button down, pos=(512,372)
