0.14884000003803521	EXP	Created Window = Window( name=Window, fullscr=true, color=#000000, units=height, waitBlanking=true, autoLog=true, size=[1280,578] )
2.6852899999939837	DATA	Keydown: Shift
2.771550000004936	DATA	Keydown: N
2.921715000004042	DATA	Keydown: R
19.02064500004053	DATA	Keydown: 0
19.26998000004096	DATA	Keydown: 7
19.520010000036564	DATA	Keydown: 8
20.787300000025425	DATA	Keydown: 4
21.21901500003878	DATA	Keydown: 9
22.052260000025854	DATA	Keydown: 6
22.454060000018217	DATA	Keydown: 9
22.872005000011995	DATA	Keydown: 7
23.10892500000773	DATA	Keydown: 2
23.268500000005588	DATA	Keydown: 7
23.41793500003405	DATA	Keydown: 1
26.901180000044405	DATA	Keydown: Backspace
35.45450500003062	EXP	Created text = TextStim( name=text, win=Window( name=Window, fullscr=true, color=#000000, ~), autoDraw=null, autoLog=true, units=height, ori=null, opacity=1, pos=[0,0], size=undefined, text=INSTRUCTIONS [EN]


A counter will appear and star~, font=Arial, color=#FFFFFF, contrast=1, height=0.03, bold=null, italic=null, alignHoriz=left, alignVert=center, wrapWidth=1, flipHoriz=null, flipVert=null )
35.45637500000885	EXP	Created text_3 = TextStim( name=text_3, win=Window( name=Window, fullscr=true, color=#000000, ~), autoDraw=null, autoLog=true, units=height, ori=null, opacity=1, pos=[0,0], size=undefined, text=null, font=Arial, color=#FFFFFF, contrast=1, height=0.1, bold=null, italic=null, alignHoriz=left, alignVert=center, wrapWidth=1, flipHoriz=null, flipVert=null )
35.457585000025574	EXP	Created text_2 = TextStim( name=text_2, win=Window( name=Window, fullscr=true, color=#000000, ~), autoDraw=null, autoLog=true, units=height, ori=null, opacity=1, pos=[0,0], size=undefined, text=default text, font=Arial, color=#ff0000, contrast=1, height=0.15, bold=null, italic=null, alignHoriz=left, alignVert=center, wrapWidth=1, flipHoriz=null, flipVert=null )
35.45863500004634	EXP	Created Feedback = TextStim( name=Feedback, win=Window( name=Window, fullscr=true, color=#000000, ~), autoDraw=null, autoLog=true, units=height, ori=null, opacity=1, pos=[0,0], size=undefined, text=default text, font=Arial, color=#ff0000, contrast=1, height=0.15, bold=null, italic=null, alignHoriz=left, alignVert=center, wrapWidth=1, flipHoriz=null, flipVert=null )
35.459659999993164	EXP	Created End_text = TextStim( name=End_text, win=Window( name=Window, fullscr=true, color=#000000, ~), autoDraw=null, autoLog=true, units=height, ori=null, opacity=1, pos=[0,0], size=undefined, text=This study aimed to look at procedural learning, i~, font=Arial, color=#FFFFFF, contrast=1, height=0.025, bold=null, italic=null, alignHoriz=left, alignVert=center, wrapWidth=1, flipHoriz=null, flipVert=null )
35.53265500004636	EXP	text: units = "height"
35.53265500004636	EXP	text: ori = 0
35.53265500004636	EXP	text: opacity = 1
35.53265500004636	EXP	text: pos = [0,0]
35.53265500004636	EXP	text: size = undefined
35.53265500004636	EXP	text: text = "INSTRUCTIONS [EN]\n\n\nA counter will appear and start counting at random times, press SPACE as fast as possible when it appears.\n\n\nPress SPACE to start\n\n-------\n\nInstruções [PT]\n\n\nUm cronómetro vai aparecer e começar a contar aleatoriamente, pressione a tecla SPACE assim que ele aparecer.\n\n\nPressiona SPACE para começar."
35.53265500004636	EXP	text: font = "Arial"
35.53265500004636	EXP	text: color = {"_hex":"#FFFFFF","_rgb":[1,1,1]}
35.53265500004636	EXP	text: contrast = 1
35.53265500004636	EXP	text: height = 0.03
35.53265500004636	EXP	text: bold = false
35.53265500004636	EXP	text: italic = false
35.53265500004636	EXP	text: alignHoriz = "left"
35.53265500004636	EXP	text: alignVert = "center"
35.53265500004636	EXP	text: wrapWidth = 1
35.53265500004636	EXP	text: flipHoriz = false
35.53265500004636	EXP	text: flipVert = false
35.53265500004636	EXP	text_3: units = "height"
35.53265500004636	EXP	text_3: ori = 0
35.53265500004636	EXP	text_3: opacity = 1
35.53265500004636	EXP	text_3: pos = [0,0]
35.53265500004636	EXP	text_3: size = undefined
35.53265500004636	EXP	text_3: text = ""
35.53265500004636	EXP	text_3: font = "Arial"
35.53265500004636	EXP	text_3: color = {"_hex":"#FFFFFF","_rgb":[1,1,1]}
35.53265500004636	EXP	text_3: contrast = 1
35.53265500004636	EXP	text_3: height = 0.1
35.53265500004636	EXP	text_3: bold = false
35.53265500004636	EXP	text_3: italic = false
35.53265500004636	EXP	text_3: alignHoriz = "left"
35.53265500004636	EXP	text_3: alignVert = "center"
35.53265500004636	EXP	text_3: wrapWidth = 1
35.53265500004636	EXP	text_3: flipHoriz = false
35.53265500004636	EXP	text_3: flipVert = false
35.53265500004636	EXP	text_2: units = "height"
35.53265500004636	EXP	text_2: ori = 0
35.53265500004636	EXP	text_2: opacity = 1
35.53265500004636	EXP	text_2: pos = [0,0]
35.53265500004636	EXP	text_2: size = undefined
35.53265500004636	EXP	text_2: text = "default text"
35.53265500004636	EXP	text_2: font = "Arial"
35.53265500004636	EXP	text_2: color = {"_rgb":[1,0,0]}
35.53265500004636	EXP	text_2: contrast = 1
35.53265500004636	EXP	text_2: height = 0.15
35.53265500004636	EXP	text_2: bold = false
35.53265500004636	EXP	text_2: italic = false
35.53265500004636	EXP	text_2: alignHoriz = "left"
35.53265500004636	EXP	text_2: alignVert = "center"
35.53265500004636	EXP	text_2: wrapWidth = 1
35.53265500004636	EXP	text_2: flipHoriz = false
35.53265500004636	EXP	text_2: flipVert = false
35.53265500004636	EXP	Feedback: units = "height"
35.53265500004636	EXP	Feedback: ori = 0
35.53265500004636	EXP	Feedback: opacity = 1
35.53265500004636	EXP	Feedback: pos = [0,0]
35.53265500004636	EXP	Feedback: size = undefined
35.53265500004636	EXP	Feedback: text = "default text"
35.53265500004636	EXP	Feedback: font = "Arial"
35.53265500004636	EXP	Feedback: color = {"_rgb":[1,0,0]}
35.53265500004636	EXP	Feedback: contrast = 1
35.53265500004636	EXP	Feedback: height = 0.15
35.53265500004636	EXP	Feedback: bold = false
35.53265500004636	EXP	Feedback: italic = false
35.53265500004636	EXP	Feedback: alignHoriz = "left"
35.53265500004636	EXP	Feedback: alignVert = "center"
35.53265500004636	EXP	Feedback: wrapWidth = 1
35.53265500004636	EXP	Feedback: flipHoriz = false
35.53265500004636	EXP	Feedback: flipVert = false
35.53265500004636	EXP	End_text: units = "height"
35.53265500004636	EXP	End_text: ori = 0
35.53265500004636	EXP	End_text: opacity = 1
35.53265500004636	EXP	End_text: pos = [0,0]
35.53265500004636	EXP	End_text: size = undefined
35.53265500004636	EXP	End_text: text = "This study aimed to look at procedural learning, i.e. our ability to extract patterns from the input that we are constantly receiving. This skill is thought to be essential for language and literacy acquisition and has been suggested as a possible underlying difficult in children with Language Impairments and Dyslexia. This study aims to improve the measures of procedural learning (the smiley face task) so that we can measure procedural learning more reliably and, in the future, analyse the performance of individuals with learning impairments.\nThank you for participating!\n\n----\n\nEste estudo tem como objectivo analisar a nossa capacidade de extrair padrões da informação que estamos constantemente a receber. Pensa-se que esta competência é essencial para a aquisição da linguagem e literacia e foi sugerido que dificuldades neste tipo de competências poderá estar relacionado com perturbações da linguagem e Dislexia. Este estudo tem como objectivo melhorar a estabilidade das medidas usadas para medir este tipo de memória (a tarefa da cara sorridente) de forma a poder medir de forma mais precisa e, no futuro, analisar a performance de indivíduos com perturbações da aprendizagem. \nMuito obrigada por ter participado!"
35.53265500004636	EXP	End_text: font = "Arial"
35.53265500004636	EXP	End_text: color = {"_hex":"#FFFFFF","_rgb":[1,1,1]}
35.53265500004636	EXP	End_text: contrast = 1
35.53265500004636	EXP	End_text: height = 0.025
35.53265500004636	EXP	End_text: bold = false
35.53265500004636	EXP	End_text: italic = false
35.53265500004636	EXP	End_text: alignHoriz = "left"
35.53265500004636	EXP	End_text: alignVert = "center"
35.53265500004636	EXP	End_text: wrapWidth = 1
35.53265500004636	EXP	End_text: flipHoriz = false
35.53265500004636	EXP	End_text: flipVert = false
35.53265500004636	EXP	text: autoDraw = true
46.32484000001568	DATA	Keydown:  
46.34824500000104	EXP	text: autoDraw = false
46.34824500000104	EXP	text_3: autoDraw = true
52.95971000002464	EXP	text_3: autoDraw = false
52.95971000002464	EXP	text_3: autoDraw = false
52.95971000002464	EXP	text_2: autoDraw = true
52.95971000002464	EXP	text_2: text = 1
52.980905000003986	EXP	text_2: text = 118
53.01352500001667	EXP	text_2: text = 148
53.04497500002617	EXP	text_2: text = 181
53.059089999995194	EXP	text_2: text = 198
53.08044000004884	EXP	text_2: text = 215
53.114850000012666	EXP	text_2: text = 248
53.1423000000068	EXP	text_2: text = 281
53.158210000023246	EXP	text_2: text = 298
53.17621500004316	EXP	text_2: text = 315
53.19673500000499	EXP	text_2: text = 332
53.225100000039674	EXP	text_2: text = 365
53.24605000001611	EXP	text_2: text = 382
53.27561000001151	EXP	text_2: text = 415
53.29172999999719	EXP	text_2: text = 431
53.30931000004057	EXP	text_2: text = 448
53.325905000034254	EXP	text_2: text = 465
53.34200000000419	EXP	text_2: text = 481
53.35876000003191	EXP	text_2: text = 498
53.37545500003034	EXP	text_2: text = 515
53.39195000001928	EXP	text_2: text = 531
53.409095000009984	EXP	text_2: text = 548
53.42597000004025	EXP	text_2: text = 565
53.44186500000069	EXP	text_2: text = 581
53.458734999992885	EXP	text_2: text = 598
53.48047000000952	EXP	text_2: text = 619
53.51344000000972	EXP	text_2: text = 634
53.52663500001654	EXP	text_2: text = 666
53.54808500001673	EXP	text_2: text = 687
53.56511500000488	EXP	text_2: text = 701
53.582860000024084	EXP	text_2: text = 718
53.59538000001339	EXP	text_2: text = 734
53.6098050000146	EXP	text_2: text = 748
53.6285800000187	EXP	text_2: text = 764
53.64269000000786	EXP	text_2: text = 781
53.659444999997504	EXP	text_2: text = 798
53.67675500002224	EXP	text_2: text = 815
53.69354000000749	EXP	text_2: text = 831
53.710040000034496	EXP	text_2: text = 848
53.72690500004683	EXP	text_2: text = 865
53.743315000028815	EXP	text_2: text = 881
53.759065000049304	EXP	text_2: text = 898
53.77687000000151	EXP	text_2: text = 915
53.79314500000328	EXP	text_2: text = 931
53.81003500003135	EXP	text_2: text = 948
53.8266650000005	EXP	text_2: text = 964
53.84386500000255	EXP	text_2: text = 981
53.85930500004906	EXP	text_2: text = 998
53.87713999999687	EXP	text_2: text = 1015
53.89394000003813	EXP	text_2: text = 1031
53.90808500000276	EXP	text_2: text = 1047
53.92686500004493	EXP	text_2: text = 1065
53.9431700000423	EXP	text_2: text = 1081
53.960375000024214	EXP	text_2: text = 1098
53.97839500004193	EXP	text_2: text = 1117
53.995990000024904	EXP	text_2: text = 1135
54.01394000003347	EXP	text_2: text = 1153
54.02697000000626	EXP	text_2: text = 1166
54.04246000002604	EXP	text_2: text = 1181
54.059120000049006	EXP	text_2: text = 1198
54.07707500003744	EXP	text_2: text = 1214
54.09305000002496	EXP	text_2: text = 1231
54.10954999999376	EXP	text_2: text = 1247
54.12682500004303	EXP	text_2: text = 1264
54.14263000001665	EXP	text_2: text = 1281
54.15915000002133	EXP	text_2: text = 1298
54.176725000026636	EXP	text_2: text = 1314
54.193599999998696	EXP	text_2: text = 1331
54.20994500000961	EXP	text_2: text = 1348
54.22989499999676	EXP	text_2: text = 1369
54.245265000034124	EXP	text_2: text = 1385
54.25867500004824	EXP	text_2: text = 1397
54.27854500000831	EXP	text_2: text = 1416
54.29205000004731	EXP	text_2: text = 1430
54.310105000040494	EXP	text_2: text = 1448
54.326720000011846	EXP	text_2: text = 1464
54.342620000010356	EXP	text_2: text = 1481
54.359345000004396	EXP	text_2: text = 1498
54.376720000000205	EXP	text_2: text = 1514
54.393635000044014	EXP	text_2: text = 1531
54.40990000002785	EXP	text_2: text = 1548
54.42646500002593	EXP	text_2: text = 1564
54.44330500002252	EXP	text_2: text = 1581
54.45928500004811	EXP	text_2: text = 1598
54.475940000033006	EXP	text_2: text = 1614
54.49307000002591	EXP	text_2: text = 1631
54.51004500000272	EXP	text_2: text = 1647
54.5263799999957	EXP	text_2: text = 1664
54.5424500000081	EXP	text_2: text = 1681
54.55937000003178	EXP	text_2: text = 1698
54.57664000004297	EXP	text_2: text = 1714
54.59288500004914	EXP	text_2: text = 1731
54.609419999993406	EXP	text_2: text = 1747
54.62565000000177	EXP	text_2: text = 1764
54.64290999999503	EXP	text_2: text = 1781
54.65919500001473	EXP	text_2: text = 1797
54.67828500003088	EXP	text_2: text = 1814
54.69629500003066	EXP	text_2: text = 1835
54.71192000003066	EXP	text_2: text = 1850
54.73124500003178	EXP	text_2: text = 1870
54.7447000000393	EXP	text_2: text = 1883
54.75886000000173	EXP	text_2: text = 1897
54.77672000002349	EXP	text_2: text = 1914
54.792865000024904	EXP	text_2: text = 1931
54.81010000000242	EXP	text_2: text = 1947
54.827005000028294	EXP	text_2: text = 1964
54.842920000024606	EXP	text_2: text = 1981
54.8602050000336	EXP	text_2: text = 1997
54.876195000018924	EXP	text_2: text = 2014
54.893410000018775	EXP	text_2: text = 2031
54.9100150000304	EXP	text_2: text = 2047
54.929325000033714	EXP	text_2: text = 2067
54.9431700000423	EXP	text_2: text = 2082
54.95894000004046	EXP	text_2: text = 2098
54.97801000002073	EXP	text_2: text = 2116
54.99236000003293	EXP	text_2: text = 2130
55.009974999993574	EXP	text_2: text = 2147
55.026015000010375	EXP	text_2: text = 2164
55.04346000001533	EXP	text_2: text = 2181
55.059845000039786	EXP	text_2: text = 2197
55.07587000000058	EXP	text_2: text = 2214
55.09295000002021	EXP	text_2: text = 2231
55.108955000003334	EXP	text_2: text = 2247
55.126370000012685	EXP	text_2: text = 2264
55.143095000006724	EXP	text_2: text = 2281
55.15919000003487	EXP	text_2: text = 2297
55.17552500002785	EXP	text_2: text = 2314
55.193815000006	EXP	text_2: text = 2331
55.209325000003446	EXP	text_2: text = 2347
55.22946000000229	EXP	text_2: text = 2367
55.24303000001237	EXP	text_2: text = 2382
55.258805000048596	EXP	text_2: text = 2397
55.27766000002157	EXP	text_2: text = 2416
55.29253500001505	EXP	text_2: text = 2430
55.30871000001207	EXP	text_2: text = 2447
55.326645000022836	EXP	text_2: text = 2464
55.34291000000667	EXP	text_2: text = 2481
55.35881500004325	EXP	text_2: text = 2497
55.37552500003949	EXP	text_2: text = 2514
55.39193000004161	EXP	text_2: text = 2531
55.41023999999743	EXP	text_2: text = 2547
55.42677000002004	EXP	text_2: text = 2564
55.44219500001054	EXP	text_2: text = 2580
55.4600850000279	EXP	text_2: text = 2597
55.4760950000491	EXP	text_2: text = 2614
55.49298500001896	EXP	text_2: text = 2631
55.50912500004051	EXP	text_2: text = 2647
55.526215000019874	EXP	text_2: text = 2664
55.54203000001144	EXP	text_2: text = 2681
55.55874500004575	EXP	text_2: text = 2697
55.57524999999441	EXP	text_2: text = 2713
55.591805000032764	EXP	text_2: text = 2730
55.60880000004545	EXP	text_2: text = 2747
55.625495000043884	EXP	text_2: text = 2764
55.64316500001587	EXP	text_2: text = 2781
55.65911500004586	EXP	text_2: text = 2798
55.675410000025295	EXP	text_2: text = 2814
55.693325000000186	EXP	text_2: text = 2831
55.70936500001699	EXP	text_2: text = 2847
55.72607000003336	EXP	text_2: text = 2864
55.741875000006985	EXP	text_2: text = 2880
55.77461000002222	EXP	text_2: text = 2914
55.79402000003029	EXP	text_2: text = 2932
55.81140500004403	EXP	text_2: text = 2951
55.824980000033975	EXP	text_2: text = 2964
55.85976500000106	EXP	text_2: text = 2983
55.87337500002468	EXP	text_2: text = 3012
55.88739500002703	EXP	text_2: text = 3025
55.904154999996535	EXP	text_2: text = 3039
55.92045000003418	EXP	text_2: text = 3055
55.93663500004914	EXP	text_2: text = 3072
55.95338500000071	EXP	text_2: text = 3088
55.970610000018496	EXP	text_2: text = 3105
55.98720000003232	EXP	text_2: text = 3122
56.004285000031814	EXP	text_2: text = 3139
56.02079500001855	EXP	text_2: text = 3156
56.037500000034925	EXP	text_2: text = 3172
56.053925000014715	EXP	text_2: text = 3189
56.070850000018254	EXP	text_2: text = 3206
56.0892950000125	EXP	text_2: text = 3226
56.105305000033695	EXP	text_2: text = 3243
56.11968000000343	EXP	text_2: text = 3258
56.1365850000293	EXP	text_2: text = 3272
56.155445000040345	EXP	text_2: text = 3294
56.16956000000937	EXP	text_2: text = 3307
56.18761500000255	EXP	text_2: text = 3321
56.20399000000907	EXP	text_2: text = 3340
56.2197650000453	EXP	text_2: text = 3356
56.23744500003522	EXP	text_2: text = 3371
56.25410000002012	EXP	text_2: text = 3389
56.27079999999842	EXP	text_2: text = 3405
56.287349999998696	EXP	text_2: text = 3423
56.303190000006	EXP	text_2: text = 3439
56.320300000021234	EXP	text_2: text = 3454
56.33650500001386	EXP	text_2: text = 3472
56.35429500002647	EXP	text_2: text = 3488
56.37803000002168	EXP	text_2: text = 3516
56.394310000003316	EXP	text_2: text = 3533
56.408035000029486	EXP	text_2: text = 3546
56.42145000002347	EXP	text_2: text = 3560
56.44519500003662	EXP	text_2: text = 3583
56.45797000004677	EXP	text_2: text = 3597
56.469595000031404	EXP	text_2: text = 3609
56.483645000029355	EXP	text_2: text = 3622
56.49597000004724	EXP	text_2: text = 3636
56.5086500000325	EXP	text_2: text = 3647
56.541889999993145	EXP	text_2: text = 3663
56.55483000003733	EXP	text_2: text = 3693
56.570765000011306	EXP	text_2: text = 3706
56.58755500003463	EXP	text_2: text = 3722
56.60398499999428	EXP	text_2: text = 3739
56.62080999999307	EXP	text_2: text = 3756
56.6364000000176	EXP	text_2: text = 3772
56.65669000003254	EXP	text_2: text = 3791
56.672844999993686	EXP	text_2: text = 3810
56.686280000023544	EXP	text_2: text = 3826
56.70391500002006	EXP	text_2: text = 3838
56.72055500000715	EXP	text_2: text = 3856
56.75404500000877	EXP	text_2: text = 3878
56.77038000000175	EXP	text_2: text = 3906
56.787260000011884	EXP	text_2: text = 3922
56.803890000039246	EXP	text_2: text = 3939
56.8209350000252	EXP	text_2: text = 3955
56.83391000004485	EXP	text_2: text = 3972
56.85240500001237	EXP	text_2: text = 3986
56.86576000001514	EXP	text_2: text = 4004
56.8779649999924	EXP	text_2: text = 4018
56.91680000000633	EXP	text_2: text = 4031
57.05414000002202	EXP	text_2: text = 4183
57.08914500003448	EXP	text_2: text = 4222
57.109345000004396	EXP	text_2: text = 4243
57.13107000000309	EXP	text_2: text = 4261
57.14680500002578	EXP	text_2: text = 4284
57.1600300000282	EXP	text_2: text = 4299
57.17853500001365	EXP	text_2: text = 4313
57.19210500002373	EXP	text_2: text = 4330
57.209310000005644	EXP	text_2: text = 4347
57.226175000017975	EXP	text_2: text = 4363
57.243264999997336	EXP	text_2: text = 4380
57.25831000000471	EXP	text_2: text = 4396
57.27645000000484	EXP	text_2: text = 4414
57.292180000047665	EXP	text_2: text = 4430
57.30917000002228	EXP	text_2: text = 4447
57.3314900000114	EXP	text_2: text = 4471
57.34894500003429	EXP	text_2: text = 4488
57.36389000003692	EXP	text_2: text = 4502
57.38033000001451	EXP	text_2: text = 4518
57.40301000000909	EXP	text_2: text = 4539
57.41638000000967	EXP	text_2: text = 4555
57.436195000016596	EXP	text_2: text = 4572
57.44962000002852	EXP	text_2: text = 4589
57.46382500004256	EXP	text_2: text = 4603
57.47942500002682	EXP	text_2: text = 4617
57.494140000024345	EXP	text_2: text = 4632
57.51027500000782	EXP	text_2: text = 4647
57.525665000022855	EXP	text_2: text = 4664
57.544030000048224	EXP	text_2: text = 4680
57.561045000038575	EXP	text_2: text = 4697
57.57531000004383	EXP	text_2: text = 4714
57.59488000004785	EXP	text_2: text = 4730
57.61044000001857	EXP	text_2: text = 4747
57.627169999992475	EXP	text_2: text = 4764
57.643920000002254	EXP	text_2: text = 4781
57.66038000001572	EXP	text_2: text = 4797
57.67473000002792	EXP	text_2: text = 4814
57.6927550000255	EXP	text_2: text = 4831
57.709100000036415	EXP	text_2: text = 4847
57.73245000001043	EXP	text_2: text = 4870
57.74649500002852	EXP	text_2: text = 4886
57.76378500001738	EXP	text_2: text = 4902
57.77899000002071	EXP	text_2: text = 4918
57.793020000041	EXP	text_2: text = 4932
57.81471500004409	EXP	text_2: text = 4954
57.82833500002744	EXP	text_2: text = 4968
57.84202500001993	EXP	text_2: text = 4981
57.85873500001617	EXP	text_2: text = 4997
57.87535500002559	EXP	text_2: text = 5014
57.89218500000425	EXP	text_2: text = 5030
57.9072800000431	EXP	text_2: text = 5046
57.92519500001799	EXP	text_2: text = 5063
57.94133000000147	EXP	text_2: text = 5080
57.958225000009406	EXP	text_2: text = 5096
57.975525000016205	EXP	text_2: text = 5113
57.99233500001719	EXP	text_2: text = 5130
58.00847000000067	EXP	text_2: text = 5146
58.026280000049155	EXP	text_2: text = 5163
58.0413450000342	EXP	text_2: text = 5180
58.05765500001144	EXP	text_2: text = 5196
58.07488500000909	EXP	text_2: text = 5214
58.09181000001263	EXP	text_2: text = 5230
58.108330000017304	EXP	text_2: text = 5246
58.12515999999596	EXP	text_2: text = 5263
58.14193000004161	EXP	text_2: text = 5280
58.158144999993965	EXP	text_2: text = 5296
58.17479000001913	EXP	text_2: text = 5313
58.19249000004493	EXP	text_2: text = 5331
58.20923000003677	EXP	text_2: text = 5347
58.22570500004804	EXP	text_2: text = 5363
58.24653500004206	EXP	text_2: text = 5385
58.26887500000885	EXP	text_2: text = 5405
58.2827249999973	EXP	text_2: text = 5422
58.29781000001822	EXP	text_2: text = 5437
58.318975000001956	EXP	text_2: text = 5458
58.33135500003118	EXP	text_2: text = 5471
58.355830000014976	EXP	text_2: text = 5492
58.37007000000449	EXP	text_2: text = 5508
58.386430000013206	EXP	text_2: text = 5522
58.39855000004172	EXP	text_2: text = 5538
58.41204000002472	EXP	text_2: text = 5551
58.42489000002388	EXP	text_2: text = 5565
58.44202499999665	EXP	text_2: text = 5580
58.45830500003649	EXP	text_2: text = 5597
58.474975000019185	EXP	text_2: text = 5614
58.49201000004541	EXP	text_2: text = 5630
58.508390000031795	EXP	text_2: text = 5647
58.52549500000896	EXP	text_2: text = 5663
58.54164500004845	EXP	text_2: text = 5679
58.55828500003554	EXP	text_2: text = 5696
58.57394000003114	EXP	text_2: text = 5713
58.591455000045244	EXP	text_2: text = 5729
58.60827500000596	EXP	text_2: text = 5746
58.62411500001326	EXP	text_2: text = 5763
58.63867499999469	EXP	text_2: text = 5779
58.65102500002831	DATA	Mouse: wheel shift=(0,9), pos=(567.3333909312896,224.00000667572021)
58.657445000018924	EXP	text_2: text = 5799
58.66525000002002	DATA	Mouse: wheel shift=(0,24), pos=(567.3333909312896,224.00000667572021)
58.6722900000168	EXP	text_2: text = 5813
58.6836600000388	DATA	Mouse: wheel shift=(0,22.5), pos=(567.3333909312896,224.00000667572021)
58.69324500003131	EXP	text_2: text = 5832
58.700355000037234	DATA	Mouse: wheel shift=(0,25.5), pos=(567.3333909312896,224.00000667572021)
58.70896000001812	EXP	text_2: text = 5848
58.71673500002362	DATA	Mouse: wheel shift=(0,12), pos=(567.3333909312896,224.00000667572021)
58.72461999999359	EXP	text_2: text = 5864
58.734095000021625	DATA	Mouse: wheel shift=(0,10.5), pos=(567.3333909312896,224.00000667572021)
58.742599999997765	EXP	text_2: text = 5882
58.74991000001319	DATA	Mouse: wheel shift=(0,6), pos=(567.3333909312896,224.00000667572021)
58.758350000018254	EXP	text_2: text = 5897
58.767110000015236	DATA	Mouse: wheel shift=(0,3), pos=(567.3333909312896,224.00000667572021)
58.775740000011865	EXP	text_2: text = 5915
58.783660000015516	DATA	Mouse: wheel shift=(0,1.5), pos=(567.3333909312896,224.00000667572021)
58.79228500003228	EXP	text_2: text = 5931
58.80850000004284	EXP	text_2: text = 5947
58.82531000004383	EXP	text_2: text = 5964
58.84144000004744	EXP	text_2: text = 5981
58.85855000000447	EXP	text_2: text = 5997
58.866009999997914	DATA	Mouse: wheel shift=(0,0), pos=(567.3333909312896,224.00000667572021)
58.87587500002701	EXP	text_2: text = 6014
58.89238000003388	EXP	text_2: text = 6031
58.90860500000417	EXP	text_2: text = 6048
58.92448000004515	EXP	text_2: text = 6064
58.94161999999778	EXP	text_2: text = 6080
58.958559999999125	EXP	text_2: text = 6098
58.97465500002727	EXP	text_2: text = 6114
58.99293000000762	EXP	text_2: text = 6130
59.01026000001002	EXP	text_2: text = 6149
59.02413999999408	EXP	text_2: text = 6163
59.04341500002192	EXP	text_2: text = 6183
59.058130000019446	EXP	text_2: text = 6197
59.07589500001632	EXP	text_2: text = 6215
59.09111000003759	EXP	text_2: text = 6230
59.10811500001	EXP	text_2: text = 6247
59.12488499999745	EXP	text_2: text = 6264
59.14143000001786	EXP	text_2: text = 6279
59.158270000014454	EXP	text_2: text = 6296
59.17421500000637	EXP	text_2: text = 6313
59.191110000014305	EXP	text_2: text = 6329
59.207760000019334	EXP	text_2: text = 6346
59.224600000015926	EXP	text_2: text = 6363
59.24134500004584	EXP	text_2: text = 6379
59.25775500002783	EXP	text_2: text = 6396
59.274525000015274	EXP	text_2: text = 6412
59.291905000049155	EXP	text_2: text = 6429
59.307740000018384	EXP	text_2: text = 6446
59.32566500001121	EXP	text_2: text = 6463
59.35676500003319	EXP	text_2: text = 6496
59.37314999999944	EXP	text_2: text = 6512
59.377810000034515	DATA	Keydown:  
59.40007500001229	EXP	text_2: text = 6533
59.40007500001229	EXP	text_2: autoDraw = false
59.40007500001229	EXP	Feedback: text = 6419
59.40007500001229	EXP	Feedback: autoDraw = true
60.398440000019036	EXP	Feedback: autoDraw = false
60.398440000019036	EXP	Feedback: autoDraw = false
60.398440000019036	EXP	text_3: autoDraw = true
61.21407000004547	DATA	Mouse: wheel shift=(0,3), pos=(689.3333538770676,258.0000076889992)
61.23135000001639	DATA	Mouse: wheel shift=(0,9), pos=(689.3333538770676,258.0000076889992)
61.24804500001483	DATA	Mouse: wheel shift=(0,7.5), pos=(689.3333538770676,258.0000076889992)
61.26501000003191	DATA	Mouse: wheel shift=(0,6), pos=(689.3333538770676,258.0000076889992)
61.281660000036936	DATA	Mouse: wheel shift=(0,4.5), pos=(689.3333538770676,258.0000076889992)
61.29778000002261	DATA	Mouse: wheel shift=(0,4.5), pos=(689.3333538770676,258.0000076889992)
61.31443000002764	DATA	Mouse: wheel shift=(0,6), pos=(689.3333538770676,258.0000076889992)
61.33129500003997	DATA	Mouse: wheel shift=(0,1.5), pos=(689.3333538770676,258.0000076889992)
61.34768000000622	DATA	Mouse: wheel shift=(0,3), pos=(689.3333538770676,258.0000076889992)
61.39786000002641	DATA	Mouse: wheel shift=(0,1.5), pos=(689.3333538770676,258.0000076889992)
61.497755000018515	DATA	Mouse: wheel shift=(0,0), pos=(689.3333538770676,258.0000076889992)
63.54698500002269	DATA	Mouse: wheel shift=(0,12), pos=(619.3333924810104,152.000004529953)
63.56337500002701	DATA	Mouse: wheel shift=(0,10.5), pos=(619.3333924810104,152.000004529953)
63.58040999999503	DATA	Mouse: wheel shift=(0,12), pos=(619.3333924810104,152.000004529953)
63.596844999992754	DATA	Mouse: wheel shift=(0,15), pos=(619.3333924810104,152.000004529953)
63.61375000001863	DATA	Mouse: wheel shift=(0,6), pos=(619.3333924810104,152.000004529953)
63.63049500004854	DATA	Mouse: wheel shift=(0,9), pos=(619.3333924810104,152.000004529953)
63.646825000003446	DATA	Mouse: wheel shift=(0,7.5), pos=(619.3333924810104,152.000004529953)
63.66386500000954	DATA	Mouse: wheel shift=(0,6), pos=(619.3333924810104,152.000004529953)
63.68038500001421	DATA	Mouse: wheel shift=(0,6), pos=(619.3333924810104,152.000004529953)
63.697140000003856	DATA	Mouse: wheel shift=(0,3), pos=(619.3333924810104,152.000004529953)
63.714015000034124	DATA	Mouse: wheel shift=(0,3), pos=(619.3333924810104,152.000004529953)
63.73079500003951	DATA	Mouse: wheel shift=(0,1.5), pos=(619.3333924810104,152.000004529953)
63.84759000001941	DATA	Mouse: wheel shift=(0,-6), pos=(619.3333924810104,152.000004529953)
63.864085000008345	DATA	Mouse: wheel shift=(0,-12), pos=(619.3333924810104,152.000004529953)
63.88052000000607	DATA	Mouse: wheel shift=(0,-25.5), pos=(619.3333924810104,152.000004529953)
63.896990000037476	DATA	Mouse: wheel shift=(0,-18), pos=(619.3333924810104,152.000004529953)
63.91437000001315	DATA	Mouse: wheel shift=(0,-10.5), pos=(619.3333924810104,152.000004529953)
63.93083000002662	DATA	Mouse: wheel shift=(0,-6), pos=(619.3333924810104,152.000004529953)
63.947415000002366	DATA	Mouse: wheel shift=(0,-4.5), pos=(619.3333924810104,152.000004529953)
63.96394000004511	DATA	Mouse: wheel shift=(0,-7.5), pos=(619.3333924810104,152.000004529953)
63.98044499999378	DATA	Mouse: wheel shift=(0,-16.5), pos=(619.3333924810104,152.000004529953)
63.997130000032485	DATA	Mouse: wheel shift=(0,-6), pos=(619.3333924810104,152.000004529953)
64.01433999999426	DATA	Mouse: wheel shift=(0,-9), pos=(619.3333924810104,152.000004529953)
64.03068500000518	DATA	Mouse: wheel shift=(0,-4.5), pos=(619.3333924810104,152.000004529953)
64.04697500000475	DATA	Mouse: wheel shift=(0,-1.5), pos=(619.3333924810104,152.000004529953)
64.06382999999914	DATA	Mouse: wheel shift=(0,-1.5), pos=(619.3333924810104,152.000004529953)
64.08032500004629	DATA	Mouse: wheel shift=(0,-3), pos=(619.3333924810104,152.000004529953)
64.09752500004834	DATA	Mouse: wheel shift=(0,0), pos=(619.3333924810104,152.000004529953)
64.11385500000324	DATA	Mouse: wheel shift=(0,-1.5), pos=(619.3333924810104,152.000004529953)
64.13080000004265	DATA	Mouse: wheel shift=(0,-1.5), pos=(619.3333924810104,152.000004529953)
65.7738300000201	EXP	text_3: autoDraw = false
65.7738300000201	EXP	text_3: autoDraw = false
65.7738300000201	EXP	text_2: autoDraw = true
65.7738300000201	EXP	text_2: text = 0
65.78943500004243	EXP	text_2: text = 16
65.80560000002151	EXP	text_2: text = 33
65.82214000000386	EXP	text_2: text = 49
65.83871999999974	EXP	text_2: text = 66
65.85509500000626	EXP	text_2: text = 83
65.87959500000579	EXP	text_2: text = 107
65.90424500004156	EXP	text_2: text = 133
65.92092000000412	EXP	text_2: text = 149
65.93804500001715	EXP	text_2: text = 166
65.95455000002403	EXP	text_2: text = 182
65.97156999999424	EXP	text_2: text = 199
65.98796500003664	EXP	text_2: text = 216
66.00552500004414	EXP	text_2: text = 232
66.02131500001997	EXP	text_2: text = 249
66.03742500004591	EXP	text_2: text = 266
66.0553400000208	EXP	text_2: text = 283
66.07125000003725	EXP	text_2: text = 299
66.08804000000237	EXP	text_2: text = 316
66.1040300000459	EXP	text_2: text = 332
66.12145000003511	EXP	text_2: text = 350
66.12715000001481	DATA	Keydown:  
66.13901500002248	EXP	text_2: text = 366
66.13901500002248	EXP	text_2: autoDraw = false
66.13901500002248	EXP	Feedback: text = 354
66.13901500002248	EXP	Feedback: autoDraw = true
67.1365550000337	EXP	Feedback: autoDraw = false
67.1365550000337	EXP	Feedback: autoDraw = false
67.1365550000337	EXP	text_3: autoDraw = true
70.50505000003614	EXP	text_3: autoDraw = false
70.50505000003614	EXP	text_3: autoDraw = false
70.50505000003614	EXP	text_2: autoDraw = true
70.50505000003614	EXP	text_2: text = 0
70.52317000000039	EXP	text_2: text = 17
70.53654000000097	EXP	text_2: text = 33
70.55460500001209	EXP	text_2: text = 49
70.57107500004349	EXP	text_2: text = 66
70.60100000002421	EXP	text_2: text = 87
70.62148500001058	EXP	text_2: text = 116
70.64934000000358	EXP	text_2: text = 143
70.66917500004638	EXP	text_2: text = 166
70.6851500000339	EXP	text_2: text = 182
70.7024800000363	EXP	text_2: text = 199
70.71997500001453	EXP	text_2: text = 216
70.73560000001453	EXP	text_2: text = 233
70.75344000000041	EXP	text_2: text = 249
70.76933500001905	EXP	text_2: text = 266
70.77347000001464	DATA	Keydown:  
70.7879950000206	EXP	text_2: text = 283
70.7879950000206	EXP	text_2: autoDraw = false
70.7879950000206	EXP	Feedback: text = 269
70.7879950000206	EXP	Feedback: autoDraw = true
71.7865050000255	EXP	Feedback: autoDraw = false
71.7865050000255	EXP	Feedback: autoDraw = false
71.7865050000255	EXP	text_3: autoDraw = true
75.27146499999799	DATA	Keydown:  
77.95130499999505	EXP	text_3: autoDraw = false
77.95130499999505	EXP	text_3: autoDraw = false
77.95130499999505	EXP	text_2: autoDraw = true
77.95130499999505	EXP	text_2: text = 0
77.9664000000339	EXP	text_2: text = 17
77.98350500001106	EXP	text_2: text = 33
78.00007500004722	EXP	text_2: text = 50
78.01696000003722	EXP	text_2: text = 66
78.033785000036	EXP	text_2: text = 83
78.05000000004657	EXP	text_2: text = 100
78.06877499999246	EXP	text_2: text = 116
78.08366500004195	EXP	text_2: text = 134
78.09981500002323	EXP	text_2: text = 150
78.11793000000762	EXP	text_2: text = 167
78.13329000002705	EXP	text_2: text = 183
78.15174500003923	EXP	text_2: text = 200
78.16770500002895	EXP	text_2: text = 217
78.18421999999555	EXP	text_2: text = 233
78.18799000000581	DATA	Keydown:  
78.20227500004694	EXP	text_2: text = 250
78.20227500004694	EXP	text_2: autoDraw = false
78.20227500004694	EXP	Feedback: text = 237
78.20227500004694	EXP	Feedback: autoDraw = true
79.20094000000972	EXP	Feedback: autoDraw = false
79.20094000000972	EXP	Feedback: autoDraw = false
79.20094000000972	EXP	text_3: autoDraw = true
88.25060500000836	EXP	text_3: autoDraw = false
88.25060500000836	EXP	text_3: autoDraw = false
88.25060500000836	EXP	text_2: autoDraw = true
88.25060500000836	EXP	text_2: text = 0
88.26537000003736	EXP	text_2: text = 16
88.28188500000397	EXP	text_2: text = 33
88.29859000002034	EXP	text_2: text = 49
88.31403500004672	EXP	text_2: text = 66
88.33277000003727	EXP	text_2: text = 83
88.34782500000438	EXP	text_2: text = 99
88.36457000003429	EXP	text_2: text = 116
88.38143500004662	EXP	text_2: text = 132
88.39792499999749	EXP	text_2: text = 149
88.41438000003109	EXP	text_2: text = 166
88.43171999999322	EXP	text_2: text = 183
88.44813000003342	EXP	text_2: text = 199
88.4647550000227	EXP	text_2: text = 216
88.48149999999441	EXP	text_2: text = 232
88.49756000004709	EXP	text_2: text = 249
88.51483500003815	EXP	text_2: text = 266
88.53174500004388	EXP	text_2: text = 282
88.54865000001155	EXP	text_2: text = 299
88.56515500001842	EXP	text_2: text = 316
88.56953000003705	DATA	Keydown:  
88.58262000000104	EXP	text_2: text = 332
88.58262000000104	EXP	text_2: autoDraw = false
88.58262000000104	EXP	Feedback: text = 319
88.58262000000104	EXP	Feedback: autoDraw = true
89.57883499999298	EXP	Feedback: autoDraw = false
89.57883499999298	EXP	Feedback: autoDraw = false
89.57883499999298	EXP	text_3: autoDraw = true
92.98125500004971	EXP	text_3: autoDraw = false
92.98125500004971	EXP	text_3: autoDraw = false
92.98125500004971	EXP	text_2: autoDraw = true
92.98125500004971	EXP	text_2: text = 0
93.01222000003327	EXP	text_2: text = 33
93.02955500001553	EXP	text_2: text = 50
93.04568000003928	EXP	text_2: text = 67
93.0631450000219	EXP	text_2: text = 83
93.07922000001417	EXP	text_2: text = 99
93.09634500002721	EXP	text_2: text = 117
93.11285000003409	EXP	text_2: text = 133
93.13039500004379	EXP	text_2: text = 150
93.14649499999359	EXP	text_2: text = 167
93.16380500001833	EXP	text_2: text = 183
93.18061999999918	EXP	text_2: text = 200
93.19573000003584	EXP	text_2: text = 216
93.211975000042	EXP	text_2: text = 233
93.22909500001697	EXP	text_2: text = 250
93.24605499999598	EXP	text_2: text = 267
93.26187500002561	EXP	text_2: text = 283
93.27939000003971	EXP	text_2: text = 300
93.3032499999972	EXP	text_2: text = 324
93.32846500002779	EXP	text_2: text = 350
93.3490050000255	EXP	text_2: text = 371
93.3612950000097	EXP	text_2: text = 383
93.37941500003217	EXP	text_2: text = 400
93.39629000000423	EXP	text_2: text = 416
93.41265499999281	EXP	text_2: text = 433
93.41884500003653	DATA	Keydown:  
93.42960000003222	EXP	text_2: text = 449
93.42960000003222	EXP	text_2: autoDraw = false
93.42960000003222	EXP	Feedback: text = 438
93.42960000003222	EXP	Feedback: autoDraw = true
94.42788000003202	EXP	Feedback: autoDraw = false
94.42788000003202	EXP	Feedback: autoDraw = false
94.42788000003202	EXP	text_3: autoDraw = true
95.33606500003953	DATA	Mouse: wheel shift=(0,9), pos=(572.0000170469284,338.66669710477254)
95.35278499999549	DATA	Mouse: wheel shift=(0,12), pos=(572.0000170469284,338.66669710477254)
95.36981500004185	DATA	Mouse: wheel shift=(0,9), pos=(572.0000170469284,338.66669710477254)
95.38665500003844	DATA	Mouse: wheel shift=(0,7.5), pos=(572.0000170469284,338.66669710477254)
95.40311000001384	DATA	Mouse: wheel shift=(0,7.5), pos=(572.0000170469284,338.66669710477254)
95.41963499999838	DATA	Mouse: wheel shift=(0,6), pos=(572.0000170469284,338.66669710477254)
95.43670000002021	DATA	Mouse: wheel shift=(0,3), pos=(572.0000170469284,338.66669710477254)
95.4532800000161	DATA	Mouse: wheel shift=(0,3), pos=(572.0000170469284,338.66669710477254)
95.4699799999944	DATA	Mouse: wheel shift=(0,3), pos=(572.0000170469284,338.66669710477254)
95.48656500002835	DATA	Mouse: wheel shift=(0,1.5), pos=(572.0000170469284,338.66669710477254)
95.5035800000187	DATA	Mouse: wheel shift=(0,1.5), pos=(572.0000170469284,338.66669710477254)
95.51957000000402	DATA	Mouse: wheel shift=(0,1.5), pos=(572.0000170469284,338.66669710477254)
95.53684000001522	DATA	Mouse: wheel shift=(0,3), pos=(572.0000170469284,338.66669710477254)
95.55301000003237	DATA	Mouse: wheel shift=(0,1.5), pos=(572.0000170469284,338.66669710477254)
95.57000000000698	DATA	Mouse: wheel shift=(0,3), pos=(572.0000170469284,338.66669710477254)
95.58619500003988	DATA	Mouse: wheel shift=(0,6), pos=(572.0000170469284,338.66669710477254)
95.60317499999655	DATA	Mouse: wheel shift=(0,12), pos=(572.0000170469284,338.66669710477254)
95.61952000000747	DATA	Mouse: wheel shift=(0,6), pos=(572.0000170469284,338.66669710477254)
95.63629500003299	DATA	Mouse: wheel shift=(0,3), pos=(572.0000170469284,338.66669710477254)
95.65337000001455	DATA	Mouse: wheel shift=(0,4.5), pos=(572.0000170469284,338.66669710477254)
95.65351999999257	DATA	Mouse: wheel shift=(0,0), pos=(572.0000170469284,338.66669710477254)
95.68629000004148	DATA	Mouse: wheel shift=(0,3), pos=(572.0000170469284,338.66669710477254)
95.70279000001028	DATA	Mouse: wheel shift=(0,3), pos=(572.0000170469284,338.66669710477254)
95.73668500001077	DATA	Mouse: wheel shift=(0,1.5), pos=(572.0000170469284,338.66669710477254)
101.29407500004163	EXP	text_3: autoDraw = false
101.29407500004163	EXP	text_3: autoDraw = false
101.29407500004163	EXP	text_2: autoDraw = true
101.29407500004163	EXP	text_2: text = 0
101.30976999999257	EXP	text_2: text = 17
101.32598500000313	EXP	text_2: text = 33
101.34225500002503	EXP	text_2: text = 50
101.35915000003297	EXP	text_2: text = 66
101.37542500003474	EXP	text_2: text = 83
101.39238999999361	EXP	text_2: text = 100
101.4095850000158	EXP	text_2: text = 116
101.42600999999559	EXP	text_2: text = 133
101.44243500003358	EXP	text_2: text = 150
101.45929000002798	EXP	text_2: text = 166
101.47620500001358	EXP	text_2: text = 183
101.4925500000245	EXP	text_2: text = 200
101.50922000000719	EXP	text_2: text = 216
101.525735000032	EXP	text_2: text = 233
101.54383000003872	EXP	text_2: text = 250
101.55900500004645	EXP	text_2: text = 266
101.57584000000497	EXP	text_2: text = 283
101.59347000002163	EXP	text_2: text = 300
101.60898499999894	EXP	text_2: text = 316
101.61285000003409	DATA	Keydown:  
101.63589999999385	EXP	text_2: text = 333
101.63589999999385	EXP	text_2: autoDraw = false
101.63589999999385	EXP	Feedback: text = 319
101.63589999999385	EXP	Feedback: autoDraw = true
102.62522000004537	EXP	Feedback: autoDraw = false
102.62522000004537	EXP	Feedback: autoDraw = false
102.62522000004537	EXP	text_3: autoDraw = true
107.50778000004357	EXP	text_3: autoDraw = false
107.50778000004357	EXP	text_3: autoDraw = false
107.50778000004357	EXP	text_2: autoDraw = true
107.50778000004357	EXP	text_2: text = 0
107.52349500003038	EXP	text_2: text = 16
107.53987500001676	EXP	text_2: text = 33
107.5570150000276	EXP	text_2: text = 50
107.57383000000846	EXP	text_2: text = 67
107.59043500002008	EXP	text_2: text = 83
107.60594999999739	EXP	text_2: text = 100
107.62443500000518	EXP	text_2: text = 117
107.64002000004984	EXP	text_2: text = 133
107.65803000004962	EXP	text_2: text = 150
107.67350000003353	EXP	text_2: text = 166
107.6957200000179	EXP	text_2: text = 184
107.72364000004018	EXP	text_2: text = 216
107.7398150000372	EXP	text_2: text = 233
107.75695500004804	EXP	text_2: text = 250
107.76506500004325	DATA	Keydown:  
107.77432000002591	EXP	text_2: text = 267
107.77432000002591	EXP	text_2: autoDraw = false
107.77432000002591	EXP	Feedback: text = 258
107.77432000002591	EXP	Feedback: autoDraw = true
108.77192000002833	EXP	Feedback: autoDraw = false
108.77192000002833	EXP	Feedback: autoDraw = false
108.77192000002833	EXP	text_3: autoDraw = true
111.88920000003418	EXP	text_3: autoDraw = false
111.88920000003418	EXP	text_3: autoDraw = false
111.88920000003418	EXP	text_2: autoDraw = true
111.88920000003418	EXP	text_2: text = 0
111.90482500003418	EXP	text_2: text = 16
111.92208500002744	EXP	text_2: text = 33
111.9377000000095	EXP	text_2: text = 50
111.95472000003792	EXP	text_2: text = 67
111.97186500002863	EXP	text_2: text = 83
111.98852499999339	EXP	text_2: text = 100
112.00577000004705	EXP	text_2: text = 116
112.02146000001812	EXP	text_2: text = 133
112.03889000002528	EXP	text_2: text = 150
112.05525500001386	EXP	text_2: text = 166
112.07157000002917	EXP	text_2: text = 183
112.08847499999683	EXP	text_2: text = 200
112.10548000002746	EXP	text_2: text = 216
112.1210050000227	EXP	text_2: text = 233
112.13883000001078	EXP	text_2: text = 250
112.15504500002135	EXP	text_2: text = 266
112.17172500002198	EXP	text_2: text = 283
112.18802000000142	EXP	text_2: text = 300
112.20498000003863	EXP	text_2: text = 316
112.22229500004323	EXP	text_2: text = 333
112.22748500003945	DATA	Keydown:  
112.2432400000398	EXP	text_2: text = 352
112.2432400000398	EXP	text_2: autoDraw = false
112.2432400000398	EXP	Feedback: text = 339
112.2432400000398	EXP	Feedback: autoDraw = true
113.23741000000155	EXP	Feedback: autoDraw = false
113.23741000000155	EXP	Feedback: autoDraw = false
113.23741000000155	EXP	text_3: autoDraw = true
121.8426300000283	EXP	text_3: autoDraw = false
121.8426300000283	EXP	text_3: autoDraw = false
121.8426300000283	EXP	text_2: autoDraw = true
121.8426300000283	EXP	text_2: text = 0
121.86841500003356	EXP	text_2: text = 33
121.8855400000466	EXP	text_2: text = 50
121.90099500003271	EXP	text_2: text = 66
121.91882500000065	EXP	text_2: text = 83
121.93467500002589	EXP	text_2: text = 100
121.95241500000702	EXP	text_2: text = 117
121.96834000002127	EXP	text_2: text = 133
121.98619000002509	EXP	text_2: text = 150
122.0019200000097	EXP	text_2: text = 166
122.01928000000771	EXP	text_2: text = 183
122.03599000000395	EXP	text_2: text = 200
122.05284499999834	EXP	text_2: text = 217
122.06890000001295	EXP	text_2: text = 233
122.08549000002677	EXP	text_2: text = 250
122.1028300000471	EXP	text_2: text = 266
122.11847500002477	EXP	text_2: text = 283
122.13529000000563	EXP	text_2: text = 300
122.15238500002306	EXP	text_2: text = 316
122.16907000000356	EXP	text_2: text = 333
122.18582000001334	EXP	text_2: text = 350
122.20304500003112	EXP	text_2: text = 366
122.20666500000516	DATA	Keydown:  
122.22307500004536	EXP	text_2: text = 384
122.22307500004536	EXP	text_2: autoDraw = false
122.22307500004536	EXP	Feedback: text = 364
122.22307500004536	EXP	Feedback: autoDraw = true
123.21736000000965	EXP	Feedback: autoDraw = false
123.21736000000965	EXP	Feedback: autoDraw = false
123.21736000000965	EXP	text_3: autoDraw = true
125.80129000003217	EXP	text_3: autoDraw = false
125.80129000003217	EXP	text_3: autoDraw = false
125.80129000003217	EXP	text_2: autoDraw = true
125.80129000003217	EXP	text_2: text = 0
125.81681000004755	EXP	text_2: text = 16
125.83384999999544	EXP	text_2: text = 34
125.8536300000269	EXP	text_2: text = 53
125.88307999999961	EXP	text_2: text = 83
125.90335500001675	EXP	text_2: text = 103
125.91717500000959	EXP	text_2: text = 116
125.93441000004532	EXP	text_2: text = 133
125.95134500000859	EXP	text_2: text = 150
125.9682750000502	EXP	text_2: text = 167
125.98365000000922	EXP	text_2: text = 183
126.00071500003105	EXP	text_2: text = 200
126.01743500004523	EXP	text_2: text = 217
126.03450000000885	EXP	text_2: text = 233
126.05192500003614	EXP	text_2: text = 250
126.06658000004245	EXP	text_2: text = 266
126.08426500001224	EXP	text_2: text = 283
126.10070500004804	EXP	text_2: text = 300
126.11730000004172	EXP	text_2: text = 316
126.13503000000492	EXP	text_2: text = 333
126.15131000004476	EXP	text_2: text = 350
126.16817499999888	EXP	text_2: text = 366
126.18446499999845	EXP	text_2: text = 383
126.18807999999262	DATA	Keydown:  
126.20286499999929	EXP	text_2: text = 400
126.20286499999929	EXP	text_2: autoDraw = false
126.20286499999929	EXP	Feedback: text = 387
126.20286499999929	EXP	Feedback: autoDraw = true
127.19893499999307	EXP	Feedback: autoDraw = false
127.19893499999307	EXP	Feedback: autoDraw = false
127.19893499999307	EXP	text_3: autoDraw = true
135.6812950000167	EXP	text_3: autoDraw = false
135.6812950000167	EXP	text_3: autoDraw = false
135.6812950000167	EXP	text_2: autoDraw = true
135.6812950000167	EXP	text_2: text = 0
135.69668500003172	EXP	text_2: text = 16
135.71355000004405	EXP	text_2: text = 33
135.73099000001093	EXP	text_2: text = 50
135.74642500001937	EXP	text_2: text = 66
135.76302000001306	EXP	text_2: text = 83
135.78039500000887	EXP	text_2: text = 100
135.7971649999963	EXP	text_2: text = 117
135.81352000002516	EXP	text_2: text = 133
135.83013499999652	EXP	text_2: text = 150
135.84752000001026	EXP	text_2: text = 166
135.86334999999963	EXP	text_2: text = 183
135.87967500003288	EXP	text_2: text = 200
135.89665500004776	EXP	text_2: text = 216
135.91375000000698	EXP	text_2: text = 233
135.9303700000164	EXP	text_2: text = 250
135.95201500004623	EXP	text_2: text = 271
135.9799800000037	EXP	text_2: text = 300
136.0006750000175	EXP	text_2: text = 320
136.0135650000302	EXP	text_2: text = 333
136.0189750000136	DATA	Keydown:  
136.03201500000432	EXP	text_2: text = 349
136.03201500000432	EXP	text_2: autoDraw = false
136.03201500000432	EXP	Feedback: text = 338
136.03201500000432	EXP	Feedback: autoDraw = true
137.0302050000173	EXP	Feedback: autoDraw = false
137.0302050000173	EXP	Feedback: autoDraw = false
137.0302050000173	EXP	text_3: autoDraw = true
139.3650150000467	EXP	text_3: autoDraw = false
139.3650150000467	EXP	text_3: autoDraw = false
139.3650150000467	EXP	text_2: autoDraw = true
139.3650150000467	EXP	text_2: text = 0
139.3798250000109	EXP	text_2: text = 16
139.3967700000503	EXP	text_2: text = 33
139.41396000003442	EXP	text_2: text = 50
139.4300350000267	EXP	text_2: text = 66
139.44614000001457	EXP	text_2: text = 83
139.46395500004292	EXP	text_2: text = 100
139.48003000003519	EXP	text_2: text = 116
139.49649500002852	EXP	text_2: text = 133
139.51269500004128	EXP	text_2: text = 149
139.53025500004878	EXP	text_2: text = 166
139.5473650000058	EXP	text_2: text = 183
139.56372000003466	EXP	text_2: text = 199
139.58092999999644	EXP	text_2: text = 216
139.59686000004876	EXP	text_2: text = 233
139.61428500001784	EXP	text_2: text = 250
139.63128000003053	EXP	text_2: text = 266
139.64660999999614	EXP	text_2: text = 283
139.6629050000338	EXP	text_2: text = 299
139.6798650000128	EXP	text_2: text = 316
139.69603500002995	EXP	text_2: text = 333
139.71324500004994	EXP	text_2: text = 350
139.7315800000215	EXP	text_2: text = 366
139.7478200000478	EXP	text_2: text = 383
139.763890000002	EXP	text_2: text = 399
139.76840000000084	DATA	Keydown:  
139.78179999999702	EXP	text_2: text = 416
139.78179999999702	EXP	text_2: autoDraw = false
139.78179999999702	EXP	Feedback: text = 404
139.78179999999702	EXP	Feedback: autoDraw = true
140.7771350000403	EXP	Feedback: autoDraw = false
140.7771350000403	EXP	Feedback: autoDraw = false
140.7771350000403	EXP	text_3: autoDraw = true
150.0289750000229	EXP	text_3: autoDraw = false
150.0289750000229	EXP	text_3: autoDraw = false
150.0289750000229	EXP	text_2: autoDraw = true
150.0289750000229	EXP	text_2: text = 0
150.04318500001682	EXP	text_2: text = 16
150.0606100000441	EXP	text_2: text = 33
150.07571000000462	EXP	text_2: text = 49
150.09409500000766	EXP	text_2: text = 66
150.11021499999333	EXP	text_2: text = 83
150.12699000001885	EXP	text_2: text = 100
150.14421500003664	EXP	text_2: text = 117
150.159719999996	EXP	text_2: text = 133
150.17659500002628	EXP	text_2: text = 150
150.19238000002224	EXP	text_2: text = 166
150.21112500003073	EXP	text_2: text = 183
150.2261100000469	EXP	text_2: text = 199
150.2446400000481	EXP	text_2: text = 216
150.2606150000356	EXP	text_2: text = 233
150.2767950000125	EXP	text_2: text = 249
150.29394500004128	EXP	text_2: text = 266
150.31020000000717	EXP	text_2: text = 283
150.32631000003312	EXP	text_2: text = 300
150.34231000003638	EXP	text_2: text = 316
150.36029000004055	EXP	text_2: text = 333
150.37601000000723	EXP	text_2: text = 349
150.39315499999793	EXP	text_2: text = 366
150.40011500002583	DATA	Keydown:  
150.4100000000326	EXP	text_2: text = 383
150.4100000000326	EXP	text_2: autoDraw = false
150.4100000000326	EXP	Feedback: text = 371
150.4100000000326	EXP	Feedback: autoDraw = true
151.40801000001375	EXP	Feedback: autoDraw = false
151.40801000001375	EXP	Feedback: autoDraw = false
151.40801000001375	EXP	text_3: autoDraw = true
157.925195000018	EXP	text_3: autoDraw = false
157.925195000018	EXP	text_3: autoDraw = false
157.925195000018	EXP	text_2: autoDraw = true
157.925195000018	EXP	text_2: text = 0
157.94014500000048	EXP	text_2: text = 16
157.95720000000438	EXP	text_2: text = 33
157.97437000001082	EXP	text_2: text = 50
157.99093000002904	EXP	text_2: text = 66
158.00843000004534	EXP	text_2: text = 83
158.0245050000376	EXP	text_2: text = 100
158.0416200000327	EXP	text_2: text = 116
158.05843999999342	EXP	text_2: text = 133
158.0739600000088	EXP	text_2: text = 149
158.0910450000083	EXP	text_2: text = 166
158.10723000002326	EXP	text_2: text = 183
158.12299000000348	EXP	text_2: text = 199
158.1408850000007	EXP	text_2: text = 216
158.1739950000192	EXP	text_2: text = 251
158.18929500004742	EXP	text_2: text = 266
158.21101500000805	EXP	text_2: text = 288
158.2244350000401	DATA	Keydown:  
158.2405049999943	EXP	text_2: text = 316
158.2405049999943	EXP	text_2: autoDraw = false
158.2405049999943	EXP	Feedback: text = 299
158.2405049999943	EXP	Feedback: autoDraw = true
159.23868000000948	EXP	Feedback: autoDraw = false
159.23868000000948	EXP	Feedback: autoDraw = false
159.23868000000948	EXP	text_3: autoDraw = true
167.62058000004617	EXP	text_3: autoDraw = false
167.62058000004617	EXP	text_3: autoDraw = false
167.62058000004617	EXP	text_2: autoDraw = true
167.62058000004617	EXP	text_2: text = 0
167.63553000002867	EXP	text_2: text = 16
167.6532400000142	EXP	text_2: text = 33
167.66950000001816	EXP	text_2: text = 50
167.6866250000312	EXP	text_2: text = 66
167.70224499999313	EXP	text_2: text = 83
167.719225000008	EXP	text_2: text = 99
167.73582500003977	EXP	text_2: text = 116
167.75309499999275	EXP	text_2: text = 133
167.77021500002593	EXP	text_2: text = 150
167.78586500004167	EXP	text_2: text = 166
167.8043250000337	EXP	text_2: text = 183
167.81927000003634	EXP	text_2: text = 200
167.8376050000079	EXP	text_2: text = 217
167.853935000021	EXP	text_2: text = 233
167.87015000003157	EXP	text_2: text = 250
167.88592000002973	EXP	text_2: text = 266
167.904130000039	EXP	text_2: text = 283
167.9194350000471	EXP	text_2: text = 299
167.93742000003112	EXP	text_2: text = 317
167.95348500000546	EXP	text_2: text = 333
167.95707000000402	DATA	Keydown:  
167.97117000003345	EXP	text_2: text = 349
167.97117000003345	EXP	text_2: autoDraw = false
167.97117000003345	EXP	Feedback: text = 337
167.97117000003345	EXP	Feedback: autoDraw = true
168.97010000003502	EXP	Feedback: autoDraw = false
168.97010000003502	EXP	Feedback: autoDraw = false
168.97010000003502	EXP	text_3: autoDraw = true
174.41999000002397	EXP	text_3: autoDraw = false
174.41999000002397	EXP	text_3: autoDraw = false
174.41999000002397	EXP	text_2: autoDraw = true
174.41999000002397	EXP	text_2: text = 0
174.43454500002554	EXP	text_2: text = 16
174.45222999999532	EXP	text_2: text = 33
174.4687799999956	EXP	text_2: text = 49
174.48584000003757	EXP	text_2: text = 66
174.50239999999758	EXP	text_2: text = 83
174.5181300000404	EXP	text_2: text = 99
174.53471000003628	EXP	text_2: text = 116
174.5528350000386	EXP	text_2: text = 133
174.57600000000093	EXP	text_2: text = 156
174.60054499999387	EXP	text_2: text = 183
174.62262500001816	EXP	text_2: text = 205
174.65137000003597	EXP	text_2: text = 233
174.66779999999562	EXP	text_2: text = 250
174.68567999999505	EXP	text_2: text = 267
174.7013750000042	EXP	text_2: text = 283
174.71757999999681	EXP	text_2: text = 299
174.7348350000102	EXP	text_2: text = 316
174.75157000002218	EXP	text_2: text = 333
174.7683450000477	EXP	text_2: text = 350
174.7853999999934	EXP	text_2: text = 366
174.80241000000387	EXP	text_2: text = 383
174.80679500004044	DATA	Keydown:  
174.82094500004314	EXP	text_2: text = 400
174.82094500004314	EXP	text_2: autoDraw = false
174.82094500004314	EXP	Feedback: text = 387
174.82094500004314	EXP	Feedback: autoDraw = true
175.81737500004238	EXP	Feedback: autoDraw = false
175.81737500004238	EXP	Feedback: autoDraw = false
175.81737500004238	EXP	text_3: autoDraw = true
183.41649500001222	EXP	text_3: autoDraw = false
183.41649500001222	EXP	text_3: autoDraw = false
183.41649500001222	EXP	text_2: autoDraw = true
183.41649500001222	EXP	text_2: text = 0
183.4322600000305	EXP	text_2: text = 16
183.4493900000234	EXP	text_2: text = 33
183.46488500002306	EXP	text_2: text = 49
183.48260000004666	EXP	text_2: text = 66
183.4984350000159	EXP	text_2: text = 83
183.5147500000312	EXP	text_2: text = 99
183.53234500001417	EXP	text_2: text = 116
183.54795500001637	EXP	text_2: text = 133
183.56539500004146	EXP	text_2: text = 150
183.5821350000333	EXP	text_2: text = 166
183.5999100000481	EXP	text_2: text = 184
183.6318200000096	EXP	text_2: text = 216
183.6487199999974	EXP	text_2: text = 233
183.6650850000442	EXP	text_2: text = 250
183.68213000003016	EXP	text_2: text = 266
183.6994699999923	EXP	text_2: text = 283
183.71496000001207	EXP	text_2: text = 299
183.73286000004737	EXP	text_2: text = 316
183.7370800000499	DATA	Keydown:  
183.75202499999432	EXP	text_2: text = 333
183.75202499999432	EXP	text_2: autoDraw = false
183.75202499999432	EXP	Feedback: text = 321
183.75202499999432	EXP	Feedback: autoDraw = true
184.74678500002483	EXP	Feedback: autoDraw = false
184.74678500002483	EXP	Feedback: autoDraw = false
184.74678500002483	EXP	text_3: autoDraw = true
194.48020000004908	EXP	text_3: autoDraw = false
194.48020000004908	EXP	text_3: autoDraw = false
194.48020000004908	EXP	text_2: autoDraw = true
194.48020000004908	EXP	text_2: text = 0
194.49629500001902	EXP	text_2: text = 17
194.51234499999555	EXP	text_2: text = 33
194.52829500002554	EXP	text_2: text = 50
194.5459850000334	EXP	text_2: text = 67
194.56080000003567	EXP	text_2: text = 83
194.57911500002956	EXP	text_2: text = 100
194.59542000002693	EXP	text_2: text = 116
194.61133000004338	EXP	text_2: text = 133
194.62837500002934	EXP	text_2: text = 150
194.64381000003777	EXP	text_2: text = 166
194.66234000003897	EXP	text_2: text = 183
194.677330000035	EXP	text_2: text = 199
194.6947050000308	EXP	text_2: text = 216
194.712434999994	EXP	text_2: text = 233
194.72769500000868	EXP	text_2: text = 249
194.7454049999942	EXP	text_2: text = 266
194.76157500001136	EXP	text_2: text = 283
194.77858500002185	EXP	text_2: text = 300
194.7951100000064	EXP	text_2: text = 316
194.8020200000028	DATA	Keydown:  
194.81376500002807	EXP	text_2: text = 333
194.81376500002807	EXP	text_2: autoDraw = false
194.81376500002807	EXP	Feedback: text = 322
194.81376500002807	EXP	Feedback: autoDraw = true
195.8100750000449	EXP	Feedback: autoDraw = false
195.8100750000449	EXP	Feedback: autoDraw = false
195.8100750000449	EXP	text_3: autoDraw = true
202.7771350000403	EXP	text_3: autoDraw = false
202.7771350000403	EXP	text_3: autoDraw = false
202.7771350000403	EXP	text_2: autoDraw = true
202.7771350000403	EXP	text_2: text = 0
202.79422500001965	EXP	text_2: text = 17
202.80843999999342	EXP	text_2: text = 33
202.82612500002142	EXP	text_2: text = 50
202.84211500000674	EXP	text_2: text = 66
202.85886500001652	EXP	text_2: text = 83
202.87579499999993	EXP	text_2: text = 100
202.89271000004373	EXP	text_2: text = 116
202.90872000000672	EXP	text_2: text = 133
202.92631000000983	EXP	text_2: text = 150
202.94342000002507	EXP	text_2: text = 166
202.95909000001848	EXP	text_2: text = 183
202.97599500004435	EXP	text_2: text = 200
202.99203000002308	EXP	text_2: text = 216
203.0096200000262	EXP	text_2: text = 233
203.025735000032	EXP	text_2: text = 249
203.04682000004686	EXP	text_2: text = 271
203.0743900000234	EXP	text_2: text = 300
203.09682999999495	EXP	text_2: text = 322
203.12508500000695	EXP	text_2: text = 350
203.14036000001943	EXP	text_2: text = 366
203.157525000046	EXP	text_2: text = 383
203.17376000003424	EXP	text_2: text = 400
203.17735000001267	DATA	Keydown:  
203.19245500001125	EXP	text_2: text = 416
203.19245500001125	EXP	text_2: autoDraw = false
203.19245500001125	EXP	Feedback: text = 400
203.19245500001125	EXP	Feedback: autoDraw = true
204.18999500002246	EXP	Feedback: autoDraw = false
204.18999500002246	EXP	Feedback: autoDraw = false
204.18999500002246	EXP	text_3: autoDraw = true
211.35594000003766	EXP	text_3: autoDraw = false
211.35594000003766	EXP	text_3: autoDraw = false
211.35594000003766	EXP	text_2: autoDraw = true
211.35594000003766	EXP	text_2: text = 0
211.37150000000838	EXP	text_2: text = 16
211.38817000004929	EXP	text_2: text = 33
211.4047300000093	EXP	text_2: text = 50
211.42179500003112	EXP	text_2: text = 66
211.43743000004906	EXP	text_2: text = 83
211.45491000002949	EXP	text_2: text = 100
211.47146000002977	EXP	text_2: text = 116
211.4880650000414	EXP	text_2: text = 133
211.5043949999963	EXP	text_2: text = 150
211.52196500002174	EXP	text_2: text = 167
211.53753000003053	EXP	text_2: text = 183
211.55478500004392	EXP	text_2: text = 199
211.57131000002846	EXP	text_2: text = 216
211.5884800000349	EXP	text_2: text = 233
211.60489499999676	EXP	text_2: text = 249
211.6215899999952	EXP	text_2: text = 266
211.6386599999969	EXP	text_2: text = 283
211.65420000004815	EXP	text_2: text = 299
211.67193500004942	EXP	text_2: text = 317
211.6755500000436	DATA	Keydown:  
211.6889749999973	EXP	text_2: text = 333
211.6889749999973	EXP	text_2: autoDraw = false
211.6889749999973	EXP	Feedback: text = 320
211.6889749999973	EXP	Feedback: autoDraw = true
212.68670500000007	EXP	Feedback: autoDraw = false
212.68670500000007	EXP	Feedback: autoDraw = false
212.68670500000007	EXP	text_3: autoDraw = true
218.9031300000497	EXP	text_3: autoDraw = false
218.9031300000497	EXP	text_3: autoDraw = false
218.9031300000497	EXP	text_2: autoDraw = true
218.9031300000497	EXP	text_2: text = 0
218.918880000012	EXP	text_2: text = 16
218.93656000000192	EXP	text_2: text = 33
218.9520500000217	EXP	text_2: text = 49
218.96922000002814	EXP	text_2: text = 66
218.9856049999944	EXP	text_2: text = 83
219.0033650000114	EXP	text_2: text = 100
219.01888000004692	EXP	text_2: text = 116
219.03555500000948	EXP	text_2: text = 133
219.05275500001153	EXP	text_2: text = 150
219.06804000004195	EXP	text_2: text = 166
219.08655000000726	EXP	text_2: text = 183
219.1018150000018	EXP	text_2: text = 199
219.11895500001265	EXP	text_2: text = 216
219.13552000001073	EXP	text_2: text = 233
219.15212500002235	EXP	text_2: text = 250
219.16882500000065	EXP	text_2: text = 266
219.18547000002582	EXP	text_2: text = 283
219.20277500001248	EXP	text_2: text = 300
219.21861000003992	EXP	text_2: text = 316
219.23662500001956	EXP	text_2: text = 333
219.25284500000998	EXP	text_2: text = 350
219.27011500002118	EXP	text_2: text = 366
219.28587000002153	EXP	text_2: text = 383
219.30267000000458	EXP	text_2: text = 399
219.30673000001116	DATA	Keydown:  
219.32140499999514	EXP	text_2: text = 416
219.32140499999514	EXP	text_2: autoDraw = false
219.32140499999514	EXP	Feedback: text = 404
219.32140499999514	EXP	Feedback: autoDraw = true
220.317555000016	EXP	Feedback: autoDraw = false
220.317555000016	EXP	Feedback: autoDraw = false
220.317555000016	EXP	text_3: autoDraw = true
223.3859999999986	EXP	text_3: autoDraw = false
223.3859999999986	EXP	text_3: autoDraw = false
223.3859999999986	EXP	text_2: autoDraw = true
223.3859999999986	EXP	text_2: text = 0
223.4013500000001	EXP	text_2: text = 17
223.41886000003433	EXP	text_2: text = 33
223.4349500000244	EXP	text_2: text = 50
223.4516949999961	EXP	text_2: text = 66
223.46749500004807	EXP	text_2: text = 83
223.48490500001935	EXP	text_2: text = 100
223.50093500001822	EXP	text_2: text = 116
223.51699500001268	EXP	text_2: text = 133
223.53442500001984	EXP	text_2: text = 150
223.55097000004025	EXP	text_2: text = 166
223.56820500001777	EXP	text_2: text = 183
223.58430500002578	EXP	text_2: text = 200
223.60178000002634	EXP	text_2: text = 217
223.61772500001825	EXP	text_2: text = 233
223.63501000002725	EXP	text_2: text = 250
223.6514100000495	EXP	text_2: text = 266
223.66801500000292	EXP	text_2: text = 283
223.68520000000717	EXP	text_2: text = 300
223.70089999999618	EXP	text_2: text = 316
223.71765000000596	EXP	text_2: text = 333
223.7352350000292	EXP	text_2: text = 350
223.75173000001814	EXP	text_2: text = 366
223.78390500001842	EXP	text_2: text = 399
223.8005800000392	EXP	text_2: text = 416
223.805725000042	DATA	Keydown:  
223.8189049999928	EXP	text_2: text = 433
223.8189049999928	EXP	text_2: autoDraw = false
223.8189049999928	EXP	Feedback: text = 420
223.8189049999928	EXP	Feedback: autoDraw = true
224.81638000003295	EXP	Feedback: autoDraw = false
224.81638000003295	EXP	Feedback: autoDraw = false
224.81638000003295	EXP	text_3: autoDraw = true
227.55101500003366	EXP	text_3: autoDraw = false
227.55101500003366	EXP	text_3: autoDraw = false
227.55101500003366	EXP	text_2: autoDraw = true
227.55101500003366	EXP	text_2: text = 0
227.5659549999982	EXP	text_2: text = 17
227.5821050000377	EXP	text_2: text = 33
227.60014500003308	EXP	text_2: text = 50
227.61642999999458	EXP	text_2: text = 66
227.6336650000303	EXP	text_2: text = 83
227.65074500004994	EXP	text_2: text = 100
227.6670049999957	EXP	text_2: text = 116
227.68291000003228	EXP	text_2: text = 133
227.70114000001922	EXP	text_2: text = 150
227.71624000003794	EXP	text_2: text = 166
227.73353500000667	EXP	text_2: text = 183
227.75006000004942	EXP	text_2: text = 199
227.76633499999298	EXP	text_2: text = 216
227.78398000000743	EXP	text_2: text = 233
227.80113500001607	EXP	text_2: text = 249
227.81796000001486	EXP	text_2: text = 266
227.83410999999614	EXP	text_2: text = 283
227.85035000002244	EXP	text_2: text = 299
227.86628499999642	EXP	text_2: text = 316
227.88096999999834	EXP	text_2: text = 332
227.8830200000084	DATA	Keydown:  
227.89747500000522	EXP	text_2: text = 349
227.89747500000522	EXP	text_2: autoDraw = false
227.89747500000522	EXP	Feedback: text = 332
227.89747500000522	EXP	Feedback: autoDraw = true
228.89845000003697	EXP	Feedback: autoDraw = false
228.89845000003697	EXP	Feedback: autoDraw = false
228.89845000003697	EXP	text_3: autoDraw = true
234.5806450000382	EXP	text_3: autoDraw = false
234.5806450000382	EXP	text_3: autoDraw = false
234.5806450000382	EXP	text_2: autoDraw = true
234.5806450000382	EXP	text_2: text = 0
234.59699500002898	EXP	text_2: text = 16
234.61360500002047	EXP	text_2: text = 33
234.63028000004124	EXP	text_2: text = 50
234.6466650000075	EXP	text_2: text = 67
234.66385000001173	EXP	text_2: text = 83
234.6839200000395	EXP	text_2: text = 103
234.69803500000853	EXP	text_2: text = 117
234.71405500004767	EXP	text_2: text = 133
234.73125000001164	EXP	text_2: text = 150
234.75291500001913	EXP	text_2: text = 173
234.7797300000093	EXP	text_2: text = 199
234.79733000003034	EXP	text_2: text = 216
234.81302000000142	EXP	text_2: text = 233
234.83059500000672	EXP	text_2: text = 250
234.8465000000433	EXP	text_2: text = 266
234.85313000000315	DATA	Keydown:  
234.86520500003826	EXP	text_2: text = 283
234.86520500003826	EXP	text_2: autoDraw = false
234.86520500003826	EXP	Feedback: text = 273
234.86520500003826	EXP	Feedback: autoDraw = true
235.86005499999737	EXP	Feedback: autoDraw = false
235.86005499999737	EXP	Feedback: autoDraw = false
235.86005499999737	EXP	text_3: autoDraw = true
241.9453050000011	EXP	text_3: autoDraw = false
241.9453050000011	EXP	text_3: autoDraw = false
241.9453050000011	EXP	text_2: autoDraw = true
241.9453050000011	EXP	text_2: text = 0
241.96098000003258	EXP	text_2: text = 16
241.97818999999436	EXP	text_2: text = 33
241.99459000001661	EXP	text_2: text = 50
242.01199500000803	EXP	text_2: text = 67
242.02925500000129	EXP	text_2: text = 83
242.04413500003284	EXP	text_2: text = 100
242.06204500002787	EXP	text_2: text = 117
242.07893499999773	EXP	text_2: text = 133
242.09452500002226	EXP	text_2: text = 150
242.1126650000224	EXP	text_2: text = 167
242.12974500004202	EXP	text_2: text = 184
242.14572000002954	EXP	text_2: text = 200
242.162180000043	EXP	text_2: text = 217
242.17874000000302	EXP	text_2: text = 234
242.196350000042	EXP	text_2: text = 250
242.21209500002442	EXP	text_2: text = 266
242.22976000001654	EXP	text_2: text = 284
242.23404500004835	DATA	Keydown:  
242.24731500004418	EXP	text_2: text = 300
242.24731500004418	EXP	text_2: autoDraw = false
242.24731500004418	EXP	Feedback: text = 289
242.24731500004418	EXP	Feedback: autoDraw = true
243.24628000002122	EXP	Feedback: autoDraw = false
243.24628000002122	EXP	Feedback: autoDraw = false
243.24628000002122	EXP	text_3: autoDraw = true
247.34538499999326	EXP	text_3: autoDraw = false
247.34538499999326	EXP	text_3: autoDraw = false
247.34538499999326	EXP	text_2: autoDraw = true
247.34538499999326	EXP	text_2: text = 0
247.36081000004197	EXP	text_2: text = 16
247.37777000002097	EXP	text_2: text = 33
247.39367499999935	EXP	text_2: text = 49
247.41160000005038	EXP	text_2: text = 67
247.42735499999253	EXP	text_2: text = 83
247.44449500000337	EXP	text_2: text = 100
247.46103500004392	EXP	text_2: text = 116
247.47744000004604	EXP	text_2: text = 133
247.494410000043	EXP	text_2: text = 150
247.5109999999986	EXP	text_2: text = 166
247.5269350000308	EXP	text_2: text = 183
247.5444650000427	EXP	text_2: text = 200
247.56031500000972	EXP	text_2: text = 216
247.57657000003383	EXP	text_2: text = 233
247.59441499999957	EXP	text_2: text = 250
247.6111399999936	EXP	text_2: text = 266
247.62708000000566	EXP	text_2: text = 283
247.64442500000587	EXP	text_2: text = 300
247.66023999999743	EXP	text_2: text = 316
247.66482000000542	DATA	Keydown:  
247.67917499999749	EXP	text_2: text = 333
247.67917499999749	EXP	text_2: autoDraw = false
247.67917499999749	EXP	Feedback: text = 320
247.67917499999749	EXP	Feedback: autoDraw = true
248.67600000003586	EXP	Feedback: autoDraw = false
248.67600000003586	EXP	Feedback: autoDraw = false
248.67600000003586	EXP	text_3: autoDraw = true
258.6410550000146	EXP	text_3: autoDraw = false
258.6410550000146	EXP	text_3: autoDraw = false
258.6410550000146	EXP	text_2: autoDraw = true
258.6410550000146	EXP	text_2: text = 0
258.65775000001304	EXP	text_2: text = 16
258.6729550000164	EXP	text_2: text = 33
258.6905750000151	EXP	text_2: text = 50
258.7061850000173	EXP	text_2: text = 66
258.7248200000031	EXP	text_2: text = 83
258.7401500000269	EXP	text_2: text = 99
258.75721500004875	EXP	text_2: text = 117
258.7736900000018	EXP	text_2: text = 133
258.79075500002364	EXP	text_2: text = 150
258.8080000000191	EXP	text_2: text = 166
258.82345000002533	EXP	text_2: text = 183
258.8400300000212	EXP	text_2: text = 200
258.85765000001993	EXP	text_2: text = 217
258.87488499999745	EXP	text_2: text = 233
258.8901349999942	EXP	text_2: text = 249
258.9208150000195	EXP	text_2: text = 273
258.92485000001034	DATA	Keydown:  
258.94004000001587	EXP	text_2: text = 300
258.94004000001587	EXP	text_2: autoDraw = false
258.94004000001587	EXP	Feedback: text = 284
258.94004000001587	EXP	Feedback: autoDraw = true
259.93800000002375	EXP	Feedback: autoDraw = false
259.93800000002375	EXP	Feedback: autoDraw = false
259.93800000002375	EXP	text_3: autoDraw = true
264.5857300000498	EXP	text_3: autoDraw = false
264.5857300000498	EXP	text_3: autoDraw = false
264.5857300000498	EXP	text_2: autoDraw = true
264.5857300000498	EXP	text_2: text = 0
264.6012450000271	EXP	text_2: text = 16
264.61824999999953	EXP	text_2: text = 33
264.63467500003753	EXP	text_2: text = 50
264.65200000000186	EXP	text_2: text = 67
264.66936500003794	EXP	text_2: text = 83
264.6871500000125	EXP	text_2: text = 100
264.703525000019	EXP	text_2: text = 117
264.7202549999929	EXP	text_2: text = 134
264.7367400000221	EXP	text_2: text = 150
264.75288000004366	EXP	text_2: text = 167
264.7702200000058	EXP	text_2: text = 183
264.7865200000233	EXP	text_2: text = 200
264.80373500002315	EXP	text_2: text = 217
264.8205799999996	EXP	text_2: text = 234
264.83712500002	EXP	text_2: text = 250
264.85323500004597	EXP	text_2: text = 266
264.8706799999927	EXP	text_2: text = 284
264.8742000000202	DATA	Keydown:  
264.88854499999434	EXP	text_2: text = 300
264.88854499999434	EXP	text_2: autoDraw = false
264.88854499999434	EXP	Feedback: text = 289
264.88854499999434	EXP	Feedback: autoDraw = true
265.8856350000133	EXP	Feedback: autoDraw = false
265.8856350000133	EXP	Feedback: autoDraw = false
265.8856350000133	EXP	text_3: autoDraw = true
269.5035650000209	EXP	text_3: autoDraw = false
269.5035650000209	EXP	text_3: autoDraw = false
269.5035650000209	EXP	text_2: autoDraw = true
269.5035650000209	EXP	text_2: text = 0
269.51910500001395	EXP	text_2: text = 17
269.5361100000446	EXP	text_2: text = 33
269.5532200000016	EXP	text_2: text = 50
269.5696250000037	EXP	text_2: text = 66
269.5855900000315	EXP	text_2: text = 83
269.6031250000233	EXP	text_2: text = 99
269.61991000000853	EXP	text_2: text = 117
269.63633500004653	EXP	text_2: text = 133
269.6536400000332	EXP	text_2: text = 149
269.67334500001743	EXP	text_2: text = 170
269.7023300000001	EXP	text_2: text = 199
269.7230800000252	EXP	text_2: text = 221
269.75158500002	EXP	text_2: text = 250
269.76886000001105	EXP	text_2: text = 266
269.7843500000308	EXP	text_2: text = 282
269.79372000001604	DATA	Keydown:  
269.8043150000158	EXP	text_2: text = 300
269.8043150000158	EXP	text_2: autoDraw = false
269.8043150000158	EXP	Feedback: text = 290
269.8043150000158	EXP	Feedback: autoDraw = true
270.8008499999996	EXP	Feedback: autoDraw = false
270.8008499999996	EXP	Feedback: autoDraw = false
270.8008499999996	EXP	text_3: autoDraw = true
280.66746000002604	EXP	text_3: autoDraw = false
280.66746000002604	EXP	text_3: autoDraw = false
280.66746000002604	EXP	text_2: autoDraw = true
280.66746000002604	EXP	text_2: text = 0
280.6834450000315	EXP	text_2: text = 17
280.6993900000234	EXP	text_2: text = 33
280.7162150000222	EXP	text_2: text = 50
280.73305000003893	EXP	text_2: text = 67
280.7486350000254	EXP	text_2: text = 83
280.76703000004636	EXP	text_2: text = 100
280.78314499999397	EXP	text_2: text = 116
280.80017000000225	EXP	text_2: text = 133
280.81650499999523	EXP	text_2: text = 150
280.83325000002515	EXP	text_2: text = 166
280.8485250000376	EXP	text_2: text = 183
280.86631000001216	EXP	text_2: text = 200
280.8827600000077	EXP	text_2: text = 216
280.89926500001457	EXP	text_2: text = 233
280.91679500002647	EXP	text_2: text = 250
280.9324000000488	EXP	text_2: text = 266
280.95010499999626	EXP	text_2: text = 283
280.96557500003837	EXP	text_2: text = 299
280.969625000027	DATA	Keydown:  
280.98480000003474	EXP	text_2: text = 317
280.98480000003474	EXP	text_2: autoDraw = false
280.98480000003474	EXP	Feedback: text = 302
280.98480000003474	EXP	Feedback: autoDraw = true
281.98060500004794	EXP	Feedback: autoDraw = false
281.98060500004794	EXP	Feedback: autoDraw = false
281.98060500004794	EXP	text_3: autoDraw = true
291.3289349999977	EXP	text_3: autoDraw = false
291.3289349999977	EXP	text_3: autoDraw = false
291.3289349999977	EXP	text_2: autoDraw = true
291.3289349999977	EXP	text_2: text = 0
291.3451050000149	EXP	text_2: text = 16
291.36127500003204	EXP	text_2: text = 33
291.3782550000469	EXP	text_2: text = 50
291.3942200000165	EXP	text_2: text = 66
291.4115699999966	EXP	text_2: text = 83
291.4279749999987	EXP	text_2: text = 100
291.444925000018	EXP	text_2: text = 116
291.46146000002045	EXP	text_2: text = 133
291.47782000002917	EXP	text_2: text = 149
291.49561500002164	EXP	text_2: text = 167
291.5112749999971	EXP	text_2: text = 183
291.5283800000325	EXP	text_2: text = 199
291.54464000003645	EXP	text_2: text = 216
291.56180000002496	EXP	text_2: text = 233
291.5778949999949	EXP	text_2: text = 250
291.59563500003424	EXP	text_2: text = 266
291.61162500001956	EXP	text_2: text = 283
291.6278550000279	EXP	text_2: text = 299
291.6316850000294	DATA	Keydown:  
291.646464999998	EXP	text_2: text = 316
291.646464999998	EXP	text_2: autoDraw = false
291.646464999998	EXP	Feedback: text = 303
291.646464999998	EXP	Feedback: autoDraw = true
292.64367499999935	EXP	Feedback: autoDraw = false
292.64367499999935	EXP	Feedback: autoDraw = false
292.64367499999935	EXP	text_3: autoDraw = true
297.6237700000056	EXP	text_3: autoDraw = false
297.6237700000056	EXP	text_3: autoDraw = false
297.6237700000056	EXP	text_2: autoDraw = true
297.6237700000056	EXP	text_2: text = 0
297.6401600000099	EXP	text_2: text = 16
297.65687000000617	EXP	text_2: text = 33
297.673609999998	EXP	text_2: text = 50
297.69019500003196	EXP	text_2: text = 67
297.70686500001466	EXP	text_2: text = 83
297.7236200000043	EXP	text_2: text = 100
297.740305000043	EXP	text_2: text = 116
297.75661500002025	EXP	text_2: text = 133
297.7738150000223	EXP	text_2: text = 150
297.79018500004895	EXP	text_2: text = 166
297.80719500000123	EXP	text_2: text = 184
297.82347500004107	EXP	text_2: text = 200
297.8402650000062	EXP	text_2: text = 216
297.8569049999933	EXP	text_2: text = 233
297.8737100000144	EXP	text_2: text = 250
297.8902300000191	EXP	text_2: text = 266
297.9066200000234	EXP	text_2: text = 283
297.92362000001594	EXP	text_2: text = 300
297.94023000000743	EXP	text_2: text = 316
297.9424350000336	DATA	Keydown:  
297.95746500004316	EXP	text_2: text = 333
297.95746500004316	EXP	text_2: autoDraw = false
297.95746500004316	EXP	Feedback: text = 319
297.95746500004316	EXP	Feedback: autoDraw = true
298.95700500003295	EXP	Feedback: autoDraw = false
298.95700500003295	EXP	Feedback: autoDraw = false
298.95700500003295	EXP	text_3: autoDraw = true
307.5746100000106	EXP	text_3: autoDraw = false
307.5746100000106	EXP	text_3: autoDraw = false
307.5746100000106	EXP	text_2: autoDraw = true
307.5746100000106	EXP	text_2: text = 0
307.59022499999264	EXP	text_2: text = 16
307.6071200000006	EXP	text_2: text = 33
307.62349000002723	EXP	text_2: text = 49
307.63946500001475	EXP	text_2: text = 66
307.65712000004714	EXP	text_2: text = 83
307.67320499999914	EXP	text_2: text = 99
307.6899450000492	EXP	text_2: text = 116
307.7075349999941	EXP	text_2: text = 133
307.7239450000343	EXP	text_2: text = 149
307.74108000000706	EXP	text_2: text = 166
307.7563500000397	EXP	text_2: text = 183
307.7736450000084	EXP	text_2: text = 200
307.7908800000441	EXP	text_2: text = 216
307.8063050000346	EXP	text_2: text = 232
307.82385000004433	EXP	text_2: text = 250
307.8402150000329	EXP	text_2: text = 266
307.8576200000243	EXP	text_2: text = 283
307.8733700000448	EXP	text_2: text = 299
307.89026499999454	EXP	text_2: text = 316
307.8966900000232	DATA	Keydown:  
307.9082950000302	EXP	text_2: text = 333
307.9082950000302	EXP	text_2: autoDraw = false
307.9082950000302	EXP	Feedback: text = 323
307.9082950000302	EXP	Feedback: autoDraw = true
308.90475000004517	EXP	Feedback: autoDraw = false
308.90475000004517	EXP	Feedback: autoDraw = false
308.90475000004517	EXP	text_3: autoDraw = true
311.2744400000083	DATA	Keydown:  
317.85289999999804	EXP	text_3: autoDraw = false
317.85289999999804	EXP	text_3: autoDraw = false
317.85289999999804	EXP	text_2: autoDraw = true
317.85289999999804	EXP	text_2: text = 0
317.8688050000346	EXP	text_2: text = 16
317.8852150000166	EXP	text_2: text = 33
317.9018250000081	EXP	text_2: text = 50
317.9187249999959	EXP	text_2: text = 67
317.9357000000309	EXP	text_2: text = 83
317.95238000003155	EXP	text_2: text = 100
317.9685950000421	EXP	text_2: text = 116
317.9854350000387	EXP	text_2: text = 133
318.0026150000049	EXP	text_2: text = 150
318.0195850000018	EXP	text_2: text = 166
318.03554500004975	EXP	text_2: text = 183
318.0530500000459	EXP	text_2: text = 200
318.0699850000092	EXP	text_2: text = 216
318.0868950000149	EXP	text_2: text = 233
318.1026350000175	EXP	text_2: text = 250
318.1198399999994	EXP	text_2: text = 266
318.13578000001144	EXP	text_2: text = 283
318.1524250000366	EXP	text_2: text = 299
318.16929000004893	EXP	text_2: text = 316
318.1729200000409	DATA	Keydown:  
318.1877050000476	EXP	text_2: text = 333
318.1877050000476	EXP	text_2: autoDraw = false
318.1877050000476	EXP	Feedback: text = 320
318.1877050000476	EXP	Feedback: autoDraw = true
319.1847800000105	EXP	Feedback: autoDraw = false
319.1847800000105	EXP	Feedback: autoDraw = false
319.1847800000105	EXP	text_3: autoDraw = true
324.302714999998	EXP	text_3: autoDraw = false
324.302714999998	EXP	text_3: autoDraw = false
324.302714999998	EXP	text_2: autoDraw = true
324.302714999998	EXP	text_2: text = 0
324.31856000004336	EXP	text_2: text = 17
324.33443000004627	EXP	text_2: text = 33
324.35113000002457	EXP	text_2: text = 49
324.3671200000099	EXP	text_2: text = 66
324.38573500001803	EXP	text_2: text = 83
324.4006100000115	EXP	text_2: text = 99
324.4228299999959	EXP	text_2: text = 122
324.45035500003723	EXP	text_2: text = 149
324.4727750000311	EXP	text_2: text = 172
324.5009399999981	EXP	text_2: text = 200
324.517450000043	EXP	text_2: text = 216
324.5338650000049	EXP	text_2: text = 233
324.5499950000085	EXP	text_2: text = 249
324.5670600000303	EXP	text_2: text = 266
324.5837950000423	EXP	text_2: text = 283
324.6003250000067	EXP	text_2: text = 299
324.60468000004767	DATA	Keydown:  
324.61827999999514	EXP	text_2: text = 316
324.61827999999514	EXP	text_2: autoDraw = false
324.61827999999514	EXP	Feedback: text = 302
324.61827999999514	EXP	Feedback: autoDraw = true
325.6155100000324	EXP	Feedback: autoDraw = false
325.6155100000324	EXP	Feedback: autoDraw = false
325.6155100000324	EXP	text_3: autoDraw = true
328.3491400000057	EXP	text_3: autoDraw = false
328.3491400000057	EXP	text_3: autoDraw = false
328.3491400000057	EXP	text_2: autoDraw = true
328.3491400000057	EXP	text_2: text = 0
328.3651200000313	EXP	text_2: text = 16
328.38238500000443	EXP	text_2: text = 33
328.3984300000011	EXP	text_2: text = 49
328.4159750000108	EXP	text_2: text = 67
328.43175000004703	EXP	text_2: text = 83
328.4480050000129	EXP	text_2: text = 100
328.4655400000047	EXP	text_2: text = 116
328.48123500001384	EXP	text_2: text = 133
328.49887000001036	EXP	text_2: text = 150
328.51515500003006	EXP	text_2: text = 166
328.53178000001935	EXP	text_2: text = 183
328.54962000000523	EXP	text_2: text = 200
328.5646950000082	EXP	text_2: text = 216
328.58219000004465	EXP	text_2: text = 233
328.59879499999806	EXP	text_2: text = 250
328.6193450000137	EXP	text_2: text = 269
328.6482600000454	EXP	text_2: text = 300
328.6700750000309	EXP	text_2: text = 321
328.6737350000185	DATA	Keydown:  
328.70058500004234	EXP	text_2: text = 350
328.70058500004234	EXP	text_2: autoDraw = false
328.70058500004234	EXP	Feedback: text = 325
328.70058500004234	EXP	Feedback: autoDraw = true
329.6972750000423	EXP	Feedback: autoDraw = false
329.6972750000423	EXP	Feedback: autoDraw = false
329.6972750000423	EXP	text_3: autoDraw = true
332.63094000000274	EXP	text_3: autoDraw = false
332.63094000000274	EXP	text_3: autoDraw = false
332.63094000000274	EXP	text_2: autoDraw = true
332.63094000000274	EXP	text_2: text = 0
332.64685499999905	EXP	text_2: text = 17
332.6643050000421	EXP	text_2: text = 33
332.679999999993	EXP	text_2: text = 50
332.6970000000438	EXP	text_2: text = 66
332.71370500000194	EXP	text_2: text = 83
332.7306550000212	EXP	text_2: text = 100
332.74764000001596	EXP	text_2: text = 116
332.76349500002107	EXP	text_2: text = 133
332.78061499999603	EXP	text_2: text = 150
332.7965100000147	EXP	text_2: text = 166
332.8137900000438	EXP	text_2: text = 183
332.83050000004005	EXP	text_2: text = 200
332.8472100000363	EXP	text_2: text = 216
332.8636300000362	EXP	text_2: text = 233
332.880204999994	EXP	text_2: text = 250
332.8970900000422	EXP	text_2: text = 266
332.9006550000049	DATA	Keydown:  
332.91509000002407	EXP	text_2: text = 283
332.91509000002407	EXP	text_2: autoDraw = false
332.91509000002407	EXP	Feedback: text = 270
332.91509000002407	EXP	Feedback: autoDraw = true
333.9122750000097	EXP	Feedback: autoDraw = false
333.9122750000097	EXP	Feedback: autoDraw = false
333.9122750000097	EXP	text_3: autoDraw = true
343.5847950000316	EXP	text_3: autoDraw = false
343.5847950000316	EXP	text_3: autoDraw = false
343.5847950000316	EXP	text_2: autoDraw = true
343.5847950000316	EXP	text_2: text = 7
343.6099750000285	EXP	text_2: text = 33
343.6269650000031	EXP	text_2: text = 50
343.6423450000002	EXP	text_2: text = 66
343.65993000002345	EXP	text_2: text = 83
343.67642999999225	EXP	text_2: text = 100
343.69364000001224	EXP	text_2: text = 116
343.7098100000294	EXP	text_2: text = 133
343.72627000004286	EXP	text_2: text = 150
343.74366500001634	EXP	text_2: text = 166
343.7600300000049	EXP	text_2: text = 183
343.77737000002526	EXP	text_2: text = 200
343.79305999999633	EXP	text_2: text = 216
343.81023500004085	EXP	text_2: text = 233
343.8261599999969	EXP	text_2: text = 250
343.84317500004545	EXP	text_2: text = 266
343.8657200000016	EXP	text_2: text = 286
343.874690000026	DATA	Keydown:  
343.8951400000369	EXP	text_2: text = 316
343.8951400000369	EXP	text_2: autoDraw = false
343.8951400000369	EXP	Feedback: text = 290
343.8951400000369	EXP	Feedback: autoDraw = true
344.8921149999951	EXP	Feedback: autoDraw = false
344.8921149999951	EXP	Feedback: autoDraw = false
344.8921149999951	EXP	text_3: autoDraw = true
347.7261250000447	EXP	text_3: autoDraw = false
347.7261250000447	EXP	text_3: autoDraw = false
347.7261250000447	EXP	text_2: autoDraw = true
347.7261250000447	EXP	text_2: text = 0
347.7416000000085	EXP	text_2: text = 16
347.75865999999223	EXP	text_2: text = 33
347.7752099999925	EXP	text_2: text = 50
347.7918250000221	EXP	text_2: text = 66
347.8082750000176	EXP	text_2: text = 83
347.8254250000464	EXP	text_2: text = 100
347.8419250000152	EXP	text_2: text = 116
347.85897000000114	EXP	text_2: text = 133
347.87519000004977	EXP	text_2: text = 150
347.89263000001665	EXP	text_2: text = 167
347.9087550000404	EXP	text_2: text = 183
347.92511000001105	EXP	text_2: text = 200
347.9427250000299	EXP	text_2: text = 216
347.9588550000335	EXP	text_2: text = 233
347.9757899999968	EXP	text_2: text = 250
347.99191000004066	EXP	text_2: text = 266
348.00881000002846	EXP	text_2: text = 283
348.02508000005037	EXP	text_2: text = 300
348.02866500004893	DATA	Keydown:  
348.04293500003405	EXP	text_2: text = 316
348.04293500003405	EXP	text_2: autoDraw = false
348.04293500003405	EXP	Feedback: text = 303
348.04293500003405	EXP	Feedback: autoDraw = true
349.1095000000205	EXP	Feedback: autoDraw = false
349.1095000000205	EXP	Feedback: autoDraw = false
349.1095000000205	EXP	End_text: autoDraw = true
