0.09418499999446794	EXP	Created Window = Window( name=Window, fullscr=true, color=#000000, units=height, waitBlanking=true, autoLog=true, size=[1440,821] )
2.282984999998007	DATA	Keydown: CapsLock
3.6629700000048615	DATA	Keydown: C
3.784334999974817	DATA	Keydown: B
4.957649999996647	DATA	Keydown: 4
5.14008499996271	DATA	Keydown: 5
5.7054149999748915	DATA	Keydown: 7
5.876339999958873	DATA	Keydown: 8
6.005804999964312	DATA	Keydown: 4
8.94430500001181	EXP	Created text = TextStim( name=text, win=Window( name=Window, fullscr=true, color=#000000, ~), autoDraw=null, autoLog=true, units=height, ori=null, opacity=1, pos=[0,0], size=undefined, text=INSTRUCTIONS [EN]


A counter will appear and star~, font=Arial, color=#FFFFFF, contrast=1, height=0.03, bold=null, italic=null, alignHoriz=left, alignVert=center, wrapWidth=1, flipHoriz=null, flipVert=null )
8.94965999998385	EXP	Created text_3 = TextStim( name=text_3, win=Window( name=Window, fullscr=true, color=#000000, ~), autoDraw=null, autoLog=true, units=height, ori=null, opacity=1, pos=[0,0], size=undefined, text=null, font=Arial, color=#FFFFFF, contrast=1, height=0.1, bold=null, italic=null, alignHoriz=left, alignVert=center, wrapWidth=1, flipHoriz=null, flipVert=null )
8.95075999997789	EXP	Created text_2 = TextStim( name=text_2, win=Window( name=Window, fullscr=true, color=#000000, ~), autoDraw=null, autoLog=true, units=height, ori=null, opacity=1, pos=[0,0], size=undefined, text=default text, font=Arial, color=#ff0000, contrast=1, height=0.15, bold=null, italic=null, alignHoriz=left, alignVert=center, wrapWidth=1, flipHoriz=null, flipVert=null )
8.951639999984764	EXP	Created Feedback = TextStim( name=Feedback, win=Window( name=Window, fullscr=true, color=#000000, ~), autoDraw=null, autoLog=true, units=height, ori=null, opacity=1, pos=[0,0], size=undefined, text=default text, font=Arial, color=#ff0000, contrast=1, height=0.15, bold=null, italic=null, alignHoriz=left, alignVert=center, wrapWidth=1, flipHoriz=null, flipVert=null )
8.952669999969658	EXP	Created End_text = TextStim( name=End_text, win=Window( name=Window, fullscr=true, color=#000000, ~), autoDraw=null, autoLog=true, units=height, ori=null, opacity=1, pos=[0,0], size=undefined, text=This study aimed to look at procedural learning, i~, font=Arial, color=#FFFFFF, contrast=1, height=0.025, bold=null, italic=null, alignHoriz=left, alignVert=center, wrapWidth=1, flipHoriz=null, flipVert=null )
9.027759999968112	EXP	text: units = "height"
9.027759999968112	EXP	text: ori = 0
9.027759999968112	EXP	text: opacity = 1
9.027759999968112	EXP	text: pos = [0,0]
9.027759999968112	EXP	text: size = undefined
9.027759999968112	EXP	text: text = "INSTRUCTIONS [EN]\n\n\nA counter will appear and start counting at random times, press SPACE as fast as possible when it appears.\n\n\nPress SPACE to start\n\n-------\n\nInstruções [PT]\n\n\nUm cronómetro vai aparecer e começar a contar aleatoriamente, pressione a tecla SPACE assim que ele aparecer.\n\n\nPressiona SPACE para começar."
9.027759999968112	EXP	text: font = "Arial"
9.027759999968112	EXP	text: color = {"_hex":"#FFFFFF","_rgb":[1,1,1]}
9.027759999968112	EXP	text: contrast = 1
9.027759999968112	EXP	text: height = 0.03
9.027759999968112	EXP	text: bold = false
9.027759999968112	EXP	text: italic = false
9.027759999968112	EXP	text: alignHoriz = "left"
9.027759999968112	EXP	text: alignVert = "center"
9.027759999968112	EXP	text: wrapWidth = 1
9.027759999968112	EXP	text: flipHoriz = false
9.027759999968112	EXP	text: flipVert = false
9.027759999968112	EXP	text_3: units = "height"
9.027759999968112	EXP	text_3: ori = 0
9.027759999968112	EXP	text_3: opacity = 1
9.027759999968112	EXP	text_3: pos = [0,0]
9.027759999968112	EXP	text_3: size = undefined
9.027759999968112	EXP	text_3: text = ""
9.027759999968112	EXP	text_3: font = "Arial"
9.027759999968112	EXP	text_3: color = {"_hex":"#FFFFFF","_rgb":[1,1,1]}
9.027759999968112	EXP	text_3: contrast = 1
9.027759999968112	EXP	text_3: height = 0.1
9.027759999968112	EXP	text_3: bold = false
9.027759999968112	EXP	text_3: italic = false
9.027759999968112	EXP	text_3: alignHoriz = "left"
9.027759999968112	EXP	text_3: alignVert = "center"
9.027759999968112	EXP	text_3: wrapWidth = 1
9.027759999968112	EXP	text_3: flipHoriz = false
9.027759999968112	EXP	text_3: flipVert = false
9.027759999968112	EXP	text_2: units = "height"
9.027759999968112	EXP	text_2: ori = 0
9.027759999968112	EXP	text_2: opacity = 1
9.027759999968112	EXP	text_2: pos = [0,0]
9.027759999968112	EXP	text_2: size = undefined
9.027759999968112	EXP	text_2: text = "default text"
9.027759999968112	EXP	text_2: font = "Arial"
9.027759999968112	EXP	text_2: color = {"_rgb":[1,0,0]}
9.027759999968112	EXP	text_2: contrast = 1
9.027759999968112	EXP	text_2: height = 0.15
9.027759999968112	EXP	text_2: bold = false
9.027759999968112	EXP	text_2: italic = false
9.027759999968112	EXP	text_2: alignHoriz = "left"
9.027759999968112	EXP	text_2: alignVert = "center"
9.027759999968112	EXP	text_2: wrapWidth = 1
9.027759999968112	EXP	text_2: flipHoriz = false
9.027759999968112	EXP	text_2: flipVert = false
9.027759999968112	EXP	Feedback: units = "height"
9.027759999968112	EXP	Feedback: ori = 0
9.027759999968112	EXP	Feedback: opacity = 1
9.027759999968112	EXP	Feedback: pos = [0,0]
9.027759999968112	EXP	Feedback: size = undefined
9.027759999968112	EXP	Feedback: text = "default text"
9.027759999968112	EXP	Feedback: font = "Arial"
9.027759999968112	EXP	Feedback: color = {"_rgb":[1,0,0]}
9.027759999968112	EXP	Feedback: contrast = 1
9.027759999968112	EXP	Feedback: height = 0.15
9.027759999968112	EXP	Feedback: bold = false
9.027759999968112	EXP	Feedback: italic = false
9.027759999968112	EXP	Feedback: alignHoriz = "left"
9.027759999968112	EXP	Feedback: alignVert = "center"
9.027759999968112	EXP	Feedback: wrapWidth = 1
9.027759999968112	EXP	Feedback: flipHoriz = false
9.027759999968112	EXP	Feedback: flipVert = false
9.027759999968112	EXP	End_text: units = "height"
9.027759999968112	EXP	End_text: ori = 0
9.027759999968112	EXP	End_text: opacity = 1
9.027759999968112	EXP	End_text: pos = [0,0]
9.027759999968112	EXP	End_text: size = undefined
9.027759999968112	EXP	End_text: text = "This study aimed to look at procedural learning, i.e. our ability to extract patterns from the input that we are constantly receiving. This skill is thought to be essential for language and literacy acquisition and has been suggested as a possible underlying difficult in children with Language Impairments and Dyslexia. This study aims to improve the measures of procedural learning (the smiley face task) so that we can measure procedural learning more reliably and, in the future, analyse the performance of individuals with learning impairments.\nThank you for participating!\n\n----\n\nEste estudo tem como objectivo analisar a nossa capacidade de extrair padrões da informação que estamos constantemente a receber. Pensa-se que esta competência é essencial para a aquisição da linguagem e literacia e foi sugerido que dificuldades neste tipo de competências poderá estar relacionado com perturbações da linguagem e Dislexia. Este estudo tem como objectivo melhorar a estabilidade das medidas usadas para medir este tipo de memória (a tarefa da cara sorridente) de forma a poder medir de forma mais precisa e, no futuro, analisar a performance de indivíduos com perturbações da aprendizagem. \nMuito obrigada por ter participado!"
9.027759999968112	EXP	End_text: font = "Arial"
9.027759999968112	EXP	End_text: color = {"_hex":"#FFFFFF","_rgb":[1,1,1]}
9.027759999968112	EXP	End_text: contrast = 1
9.027759999968112	EXP	End_text: height = 0.025
9.027759999968112	EXP	End_text: bold = false
9.027759999968112	EXP	End_text: italic = false
9.027759999968112	EXP	End_text: alignHoriz = "left"
9.027759999968112	EXP	End_text: alignVert = "center"
9.027759999968112	EXP	End_text: wrapWidth = 1
9.027759999968112	EXP	End_text: flipHoriz = false
9.027759999968112	EXP	End_text: flipVert = false
9.027759999968112	EXP	text: autoDraw = true
11.99666999996407	DATA	Keydown:  
12.027219999989029	EXP	text: autoDraw = false
12.027219999989029	EXP	text_3: autoDraw = true
20.896499999973457	EXP	text_3: autoDraw = false
20.896499999973457	EXP	text_3: autoDraw = false
20.896499999973457	EXP	text_2: autoDraw = true
20.896499999973457	EXP	text_2: text = 0
20.922294999996666	EXP	text_2: text = 62
20.938885000010487	EXP	text_2: text = 85
20.958370000007562	EXP	text_2: text = 102
20.973824999993667	EXP	text_2: text = 122
20.988109999976587	EXP	text_2: text = 137
21.005434999999125	EXP	text_2: text = 152
21.020329999970272	EXP	text_2: text = 168
21.037015000008978	EXP	text_2: text = 184
21.053749999962747	EXP	text_2: text = 200
21.068889999995008	EXP	text_2: text = 217
21.085209999990184	EXP	text_2: text = 232
21.101885000010952	EXP	text_2: text = 248
21.11880499997642	EXP	text_2: text = 266
21.135479999997187	EXP	text_2: text = 283
21.152849999954924	EXP	text_2: text = 299
21.15645999996923	DATA	Keydown:  
21.1716749999905	EXP	text_2: text = 318
21.1716749999905	EXP	text_2: autoDraw = false
21.1716749999905	EXP	Feedback: text = 260
21.1716749999905	EXP	Feedback: autoDraw = true
22.168039999960456	EXP	Feedback: autoDraw = false
22.168039999960456	EXP	Feedback: autoDraw = false
22.168039999960456	EXP	text_3: autoDraw = true
29.93727499997476	EXP	text_3: autoDraw = false
29.93727499997476	EXP	text_3: autoDraw = false
29.93727499997476	EXP	text_2: autoDraw = true
29.93727499997476	EXP	text_2: text = 0
29.953429999994114	EXP	text_2: text = 20
29.97023499995703	EXP	text_2: text = 35
29.987105000007432	EXP	text_2: text = 51
30.003945000004023	EXP	text_2: text = 68
30.020320000010543	EXP	text_2: text = 85
30.036444999976084	EXP	text_2: text = 102
30.05268999998225	EXP	text_2: text = 117
30.069444999971893	EXP	text_2: text = 134
30.08556999999564	EXP	text_2: text = 152
30.102305000007618	EXP	text_2: text = 167
30.115869999979623	EXP	text_2: text = 183
30.13464499998372	EXP	text_2: text = 202
30.15508499997668	EXP	text_2: text = 223
30.16795999999158	EXP	text_2: text = 236
30.185055000009015	EXP	text_2: text = 250
30.20243499998469	EXP	text_2: text = 266
30.230400000000373	EXP	text_2: text = 284
30.23383499996271	DATA	Keydown:  
30.257159999979194	EXP	text_2: text = 313
30.257159999979194	EXP	text_2: autoDraw = false
30.257159999979194	EXP	Feedback: text = 297
30.257159999979194	EXP	Feedback: autoDraw = true
31.233089999994263	EXP	Feedback: autoDraw = false
31.233089999994263	EXP	Feedback: autoDraw = false
31.233089999994263	EXP	text_3: autoDraw = true
37.23464499996044	EXP	text_3: autoDraw = false
37.23464499996044	EXP	text_3: autoDraw = false
37.23464499996044	EXP	text_2: autoDraw = true
37.23464499996044	EXP	text_2: text = 0
37.25556999997934	EXP	text_2: text = 16
37.27137999999104	EXP	text_2: text = 36
37.288375000003725	EXP	text_2: text = 52
37.3051249999553	EXP	text_2: text = 71
37.31958999997005	EXP	text_2: text = 86
37.332044999988284	EXP	text_2: text = 100
37.35268999997061	EXP	text_2: text = 116
37.37007000000449	EXP	text_2: text = 134
37.38652000000002	EXP	text_2: text = 151
37.402665000001434	EXP	text_2: text = 168
37.41823499999009	EXP	text_2: text = 184
37.43466999998782	EXP	text_2: text = 202
37.451654999982566	EXP	text_2: text = 221
37.46791000000667	EXP	text_2: text = 232
37.48569999996107	EXP	text_2: text = 249
37.49843499995768	EXP	text_2: text = 267
37.53984499996295	EXP	text_2: text = 292
37.54170999996131	DATA	Keydown:  
37.55470499995863	EXP	text_2: text = 320
37.55470499995863	EXP	text_2: autoDraw = false
37.55470499995863	EXP	Feedback: text = 307
37.55470499995863	EXP	Feedback: autoDraw = true
38.55443499999819	EXP	Feedback: autoDraw = false
38.55443499999819	EXP	Feedback: autoDraw = false
38.55443499999819	EXP	text_3: autoDraw = true
42.934339999977965	EXP	text_3: autoDraw = false
42.934339999977965	EXP	text_3: autoDraw = false
42.934339999977965	EXP	text_2: autoDraw = true
42.934339999977965	EXP	text_2: text = 0
42.9548000000068	EXP	text_2: text = 16
42.97180499997921	EXP	text_2: text = 36
42.98810999997659	EXP	text_2: text = 53
43.00393999996595	EXP	text_2: text = 69
43.01995499996701	EXP	text_2: text = 85
43.03629499999806	EXP	text_2: text = 101
43.052109999989625	EXP	text_2: text = 118
43.06796499999473	EXP	text_2: text = 133
43.08583999995608	EXP	text_2: text = 150
43.102874999982305	EXP	text_2: text = 170
43.11803000001237	EXP	text_2: text = 185
43.135149999987334	EXP	text_2: text = 201
43.15112999995472	EXP	text_2: text = 218
43.16821999999229	EXP	text_2: text = 232
43.185514999961015	EXP	text_2: text = 250
43.20294499996817	EXP	text_2: text = 266
43.21853999997256	EXP	text_2: text = 283
43.23546999995597	EXP	text_2: text = 300
43.25229999999283	EXP	text_2: text = 319
43.322939999983646	EXP	text_2: text = 334
43.32517999998527	DATA	Keydown:  
43.34309499996016	EXP	text_2: text = 404
43.34309499996016	EXP	text_2: autoDraw = false
43.34309499996016	EXP	Feedback: text = 391
43.34309499996016	EXP	Feedback: autoDraw = true
44.33334000001196	EXP	Feedback: autoDraw = false
44.33334000001196	EXP	Feedback: autoDraw = false
44.33334000001196	EXP	text_3: autoDraw = true
49.385324999981094	EXP	text_3: autoDraw = false
49.385324999981094	EXP	text_3: autoDraw = false
49.385324999981094	EXP	text_2: autoDraw = true
49.385324999981094	EXP	text_2: text = 0
49.40753500000574	EXP	text_2: text = 16
49.42175999999745	EXP	text_2: text = 38
49.44113499997184	EXP	text_2: text = 53
49.45738499995787	EXP	text_2: text = 72
49.48115999996662	EXP	text_2: text = 87
49.508609999960754	EXP	text_2: text = 113
49.523249999969266	EXP	text_2: text = 139
49.54030499997316	EXP	text_2: text = 153
49.554824999999255	EXP	text_2: text = 170
49.571839999989606	EXP	text_2: text = 186
49.588014999986626	EXP	text_2: text = 204
49.60203999996884	EXP	text_2: text = 219
49.618914999999106	EXP	text_2: text = 235
49.63569500000449	EXP	text_2: text = 253
49.65164499997627	EXP	text_2: text = 268
49.66814999998314	EXP	text_2: text = 282
49.686204999976326	EXP	text_2: text = 300
49.68876499996986	DATA	Keydown:  
49.70204000000376	EXP	text_2: text = 318
49.70204000000376	EXP	text_2: autoDraw = false
49.70204000000376	EXP	Feedback: text = 304
49.70204000000376	EXP	Feedback: autoDraw = true
50.70447499997681	EXP	Feedback: autoDraw = false
50.70447499997681	EXP	Feedback: autoDraw = false
50.70447499997681	EXP	text_3: autoDraw = true
58.067319999972824	EXP	text_3: autoDraw = false
58.067319999972824	EXP	text_3: autoDraw = false
58.067319999972824	EXP	text_2: autoDraw = true
58.067319999972824	EXP	text_2: text = 0
58.08374999999069	EXP	text_2: text = 16
58.1009549999726	EXP	text_2: text = 33
58.11772999999812	EXP	text_2: text = 50
58.134649999963585	EXP	text_2: text = 66
58.15255999995861	EXP	text_2: text = 83
58.16769999999087	EXP	text_2: text = 100
58.18521500000497	EXP	text_2: text = 117
58.202324999962	EXP	text_2: text = 134
58.22206499997992	EXP	text_2: text = 150
58.23459999996703	EXP	text_2: text = 171
58.250929999980144	EXP	text_2: text = 183
58.26796500000637	EXP	text_2: text = 199
58.28492499998538	EXP	text_2: text = 217
58.30274999997346	EXP	text_2: text = 234
58.326904999965336	EXP	text_2: text = 251
58.34431499999482	DATA	Keydown:  
58.36571499996353	EXP	text_2: text = 292
58.36571499996353	EXP	text_2: autoDraw = false
58.36571499996353	EXP	Feedback: text = 277
58.36571499996353	EXP	Feedback: autoDraw = true
59.35186499997508	EXP	Feedback: autoDraw = false
59.35186499997508	EXP	Feedback: autoDraw = false
59.35186499997508	EXP	text_3: autoDraw = true
66.02434499998344	EXP	text_3: autoDraw = false
66.02434499998344	EXP	text_3: autoDraw = false
66.02434499998344	EXP	text_2: autoDraw = true
66.02434499998344	EXP	text_2: text = 0
66.04042499995558	EXP	text_2: text = 23
66.05567500001052	EXP	text_2: text = 39
66.0703199999989	EXP	text_2: text = 54
66.08778499998152	EXP	text_2: text = 69
66.1030299999984	EXP	text_2: text = 87
66.11899499996798	EXP	text_2: text = 101
66.13656999997329	EXP	text_2: text = 119
66.15357500000391	EXP	text_2: text = 135
66.16881499998271	EXP	text_2: text = 152
66.1855799999903	EXP	text_2: text = 168
66.20360499998787	EXP	text_2: text = 185
66.21788499999093	EXP	text_2: text = 202
66.23450500000035	EXP	text_2: text = 219
66.25293999997666	EXP	text_2: text = 236
66.27181499998551	EXP	text_2: text = 257
66.28403499996057	EXP	text_2: text = 270
66.3008699999773	EXP	text_2: text = 285
66.31758999999147	EXP	text_2: text = 301
66.33470499998657	EXP	text_2: text = 316
66.35831999999937	EXP	text_2: text = 334
66.36747499997728	DATA	Keydown:  
66.38792499998817	EXP	text_2: text = 364
66.38792499998817	EXP	text_2: autoDraw = false
66.38792499998817	EXP	Feedback: text = 343
66.38792499998817	EXP	Feedback: autoDraw = true
67.38118500000564	EXP	Feedback: autoDraw = false
67.38118500000564	EXP	Feedback: autoDraw = false
67.38118500000564	EXP	text_3: autoDraw = true
73.61797999998089	EXP	text_3: autoDraw = false
73.61797999998089	EXP	text_3: autoDraw = false
73.61797999998089	EXP	text_2: autoDraw = true
73.61797999998089	EXP	text_2: text = 0
73.6351249999716	EXP	text_2: text = 16
73.64757500000997	EXP	text_2: text = 34
73.6687549999915	EXP	text_2: text = 50
73.68558499997016	EXP	text_2: text = 67
73.70175499998732	EXP	text_2: text = 84
73.71821500000078	EXP	text_2: text = 101
73.73540000000503	EXP	text_2: text = 117
73.75208000000566	EXP	text_2: text = 134
73.7687900000019	EXP	text_2: text = 151
73.78179499995895	EXP	text_2: text = 167
73.80225499998778	EXP	text_2: text = 184
73.81902499997523	EXP	text_2: text = 201
73.83549500000663	EXP	text_2: text = 218
73.85188500001095	EXP	text_2: text = 234
73.86814999999478	EXP	text_2: text = 250
73.88520999997854	EXP	text_2: text = 267
73.90253999998095	EXP	text_2: text = 284
73.90490999998292	DATA	Keydown:  
73.91922999999952	EXP	text_2: text = 302
73.91922999999952	EXP	text_2: autoDraw = false
73.91922999999952	EXP	Feedback: text = 287
73.91922999999952	EXP	Feedback: autoDraw = true
74.91778499999782	EXP	Feedback: autoDraw = false
74.91778499999782	EXP	Feedback: autoDraw = false
74.91778499999782	EXP	text_3: autoDraw = true
77.28667999996105	EXP	text_3: autoDraw = false
77.28667999996105	EXP	text_3: autoDraw = false
77.28667999996105	EXP	text_2: autoDraw = true
77.28667999996105	EXP	text_2: text = 0
77.30685499997344	EXP	text_2: text = 19
77.32283499999903	EXP	text_2: text = 35
77.33985499996925	EXP	text_2: text = 51
77.35492999997223	EXP	text_2: text = 68
77.37081499997294	EXP	text_2: text = 84
77.38725500000874	EXP	text_2: text = 99
77.40260500001023	EXP	text_2: text = 117
77.41953499999363	EXP	text_2: text = 131
77.43650499999058	EXP	text_2: text = 149
77.45322500000475	EXP	text_2: text = 166
77.46951999998419	EXP	text_2: text = 182
77.48488499998348	EXP	text_2: text = 199
77.50169499998447	EXP	text_2: text = 214
77.51657499995781	EXP	text_2: text = 233
77.53444999997737	EXP	text_2: text = 249
77.55102499999339	EXP	text_2: text = 266
77.57397999998648	EXP	text_2: text = 287
77.58530999999493	EXP	text_2: text = 302
77.60104999999749	EXP	text_2: text = 314
77.60316999995848	DATA	Keydown:  
77.61761999997543	EXP	text_2: text = 331
77.61761999997543	EXP	text_2: autoDraw = false
77.61761999997543	EXP	Feedback: text = 317
77.61761999997543	EXP	Feedback: autoDraw = true
78.61930500000017	EXP	Feedback: autoDraw = false
78.61930500000017	EXP	Feedback: autoDraw = false
78.61930500000017	EXP	text_3: autoDraw = true
81.59051499998895	EXP	text_3: autoDraw = false
81.59051499998895	EXP	text_3: autoDraw = false
81.59051499998895	EXP	text_2: autoDraw = true
81.59051499998895	EXP	text_2: text = 0
81.60677999997279	EXP	text_2: text = 21
81.6214349999791	EXP	text_2: text = 37
81.63760499999626	EXP	text_2: text = 53
81.65412500000093	EXP	text_2: text = 68
81.66977499995846	EXP	text_2: text = 86
81.68585000000894	EXP	text_2: text = 100
81.70299499999965	EXP	text_2: text = 117
81.71594500000356	EXP	text_2: text = 134
81.7371099999873	EXP	text_2: text = 149
81.7535799999605	EXP	text_2: text = 168
81.76957000000402	EXP	text_2: text = 185
81.78580499999225	EXP	text_2: text = 200
81.80189499998232	EXP	text_2: text = 217
81.81809999997495	EXP	text_2: text = 233
81.83082500001183	EXP	text_2: text = 249
81.85242499999003	EXP	text_2: text = 266
81.85588499996811	DATA	Keydown:  
81.86884499998996	EXP	text_2: text = 286
81.86884499998996	EXP	text_2: autoDraw = false
81.86884499998996	EXP	Feedback: text = 265
81.86884499998996	EXP	Feedback: autoDraw = true
82.86671500001103	EXP	Feedback: autoDraw = false
82.86671500001103	EXP	Feedback: autoDraw = false
82.86671500001103	EXP	text_3: autoDraw = true
92.46841999999015	EXP	text_3: autoDraw = false
92.46841999999015	EXP	text_3: autoDraw = false
92.46841999999015	EXP	text_2: autoDraw = true
92.46841999999015	EXP	text_2: text = 0
92.48531499999808	EXP	text_2: text = 19
92.50146999995923	EXP	text_2: text = 35
92.51803499995731	EXP	text_2: text = 52
92.53003999998327	EXP	text_2: text = 67
92.55595000000903	EXP	text_2: text = 88
92.56745999999112	EXP	text_2: text = 104
92.58457999996608	EXP	text_2: text = 116
92.6017550000106	EXP	text_2: text = 134
92.61845999996876	EXP	text_2: text = 150
92.63516000000527	EXP	text_2: text = 167
92.65154499997152	EXP	text_2: text = 185
92.66845499997726	EXP	text_2: text = 201
92.68111000000499	EXP	text_2: text = 217
92.7014799999888	EXP	text_2: text = 233
92.71441499999491	EXP	text_2: text = 251
92.73562499997206	EXP	text_2: text = 267
92.73809499997878	DATA	Keydown:  
92.75095999997575	EXP	text_2: text = 285
92.75095999997575	EXP	text_2: autoDraw = false
92.75095999997575	EXP	Feedback: text = 270
92.75095999997575	EXP	Feedback: autoDraw = true
93.7512899999856	EXP	Feedback: autoDraw = false
93.7512899999856	EXP	Feedback: autoDraw = false
93.7512899999856	EXP	text_3: autoDraw = true
99.48750499996822	EXP	text_3: autoDraw = false
99.48750499996822	EXP	text_3: autoDraw = false
99.48750499996822	EXP	text_2: autoDraw = true
99.48750499996822	EXP	text_2: text = 0
99.50422000000253	EXP	text_2: text = 19
99.52015999995638	EXP	text_2: text = 36
99.53661499998998	EXP	text_2: text = 51
99.57275499997195	EXP	text_2: text = 73
99.58684000000358	EXP	text_2: text = 103
99.6017850000062	EXP	text_2: text = 118
99.61894499999471	EXP	text_2: text = 132
99.63610000000335	EXP	text_2: text = 150
99.65185999998357	EXP	text_2: text = 167
99.66414499998791	EXP	text_2: text = 183
99.68555999995442	EXP	text_2: text = 202
99.70187499996973	EXP	text_2: text = 216
99.71307499997783	EXP	text_2: text = 233
99.73368499998469	EXP	text_2: text = 250
99.75083499995526	EXP	text_2: text = 266
99.76847999996971	EXP	text_2: text = 282
99.78128499997547	EXP	text_2: text = 300
99.80405999999493	EXP	text_2: text = 316
99.80710499995621	DATA	Keydown:  
99.82208499999251	EXP	text_2: text = 336
99.82208499999251	EXP	text_2: autoDraw = false
99.82208499999251	EXP	Feedback: text = 320
99.82208499999251	EXP	Feedback: autoDraw = true
100.81728499999736	EXP	Feedback: autoDraw = false
100.81728499999736	EXP	Feedback: autoDraw = false
100.81728499999736	EXP	text_3: autoDraw = true
103.63363999995636	EXP	text_3: autoDraw = false
103.63363999995636	EXP	text_3: autoDraw = false
103.63363999995636	EXP	text_2: autoDraw = true
103.63363999995636	EXP	text_2: text = 0
103.65430499997456	EXP	text_2: text = 15
103.67094499996165	EXP	text_2: text = 36
103.68744999996852	EXP	text_2: text = 52
103.70318499999121	EXP	text_2: text = 69
103.71928499999922	EXP	text_2: text = 85
103.73580999998376	EXP	text_2: text = 100
103.75121499999659	EXP	text_2: text = 117
103.76807499997085	EXP	text_2: text = 133
103.78498499997659	EXP	text_2: text = 152
103.7968300000066	EXP	text_2: text = 166
103.81683500000509	EXP	text_2: text = 184
103.83543499995722	EXP	text_2: text = 203
103.85061999998288	EXP	text_2: text = 217
103.86751499999082	EXP	text_2: text = 233
103.8851549999672	EXP	text_2: text = 250
103.9017950000125	EXP	text_2: text = 266
103.91779999999562	EXP	text_2: text = 283
103.93461999995634	EXP	text_2: text = 300
103.9514799999888	EXP	text_2: text = 316
103.96402499999385	EXP	text_2: text = 333
103.98493999999482	EXP	text_2: text = 349
103.99784500000533	EXP	text_2: text = 366
104.017359999998	EXP	text_2: text = 383
104.02005499997176	DATA	Keydown:  
104.03449499997078	EXP	text_2: text = 400
104.03449499997078	EXP	text_2: autoDraw = false
104.03449499997078	EXP	Feedback: text = 387
104.03449499997078	EXP	Feedback: autoDraw = true
105.03823499998543	EXP	Feedback: autoDraw = false
105.03823499998543	EXP	Feedback: autoDraw = false
105.03823499998543	EXP	text_3: autoDraw = true
108.03731499996502	EXP	text_3: autoDraw = false
108.03731499996502	EXP	text_3: autoDraw = false
108.03731499996502	EXP	text_2: autoDraw = true
108.03731499996502	EXP	text_2: text = 0
108.0546800000011	EXP	text_2: text = 19
108.07086499995785	EXP	text_2: text = 37
108.08627999998862	EXP	text_2: text = 53
108.1024749999633	EXP	text_2: text = 69
108.11878999997862	EXP	text_2: text = 86
108.13474999996834	EXP	text_2: text = 101
108.1512099999818	EXP	text_2: text = 117
108.16825499996776	EXP	text_2: text = 133
108.18498999997973	EXP	text_2: text = 151
108.20169999997597	EXP	text_2: text = 167
108.21847500000149	EXP	text_2: text = 184
108.23464499996044	EXP	text_2: text = 202
108.25173999997787	EXP	text_2: text = 217
108.26841499999864	EXP	text_2: text = 236
108.28325999999652	EXP	text_2: text = 252
108.30033999995794	EXP	text_2: text = 268
108.3171100000036	EXP	text_2: text = 283
108.33442999998806	EXP	text_2: text = 300
108.35164999996778	EXP	text_2: text = 317
108.36845000000903	EXP	text_2: text = 337
108.38378499995451	EXP	text_2: text = 352
108.41015000001062	EXP	text_2: text = 369
108.42290000000503	DATA	Keydown:  
108.43491999997059	EXP	text_2: text = 403
108.43491999997059	EXP	text_2: autoDraw = false
108.43491999997059	EXP	Feedback: text = 386
108.43491999997059	EXP	Feedback: autoDraw = true
109.43385500001023	EXP	Feedback: autoDraw = false
109.43385500001023	EXP	Feedback: autoDraw = false
109.43385500001023	EXP	text_3: autoDraw = true
114.05440999998245	EXP	text_3: autoDraw = false
114.05440999998245	EXP	text_3: autoDraw = false
114.05440999998245	EXP	text_2: autoDraw = true
114.05440999998245	EXP	text_2: text = 0
114.07073999999557	EXP	text_2: text = 20
114.08739999996033	EXP	text_2: text = 37
114.10363500000676	EXP	text_2: text = 53
114.11910499999067	EXP	text_2: text = 69
114.13590499997372	EXP	text_2: text = 85
114.15244499995606	EXP	text_2: text = 101
114.16917499998817	EXP	text_2: text = 119
114.18550500000129	EXP	text_2: text = 135
114.200989999983	EXP	text_2: text = 151
114.21809999999823	EXP	text_2: text = 170
114.2335149999708	EXP	text_2: text = 185
114.25689999997849	EXP	text_2: text = 209
114.2681299999822	EXP	text_2: text = 222
114.28405499999644	EXP	text_2: text = 233
114.32785000000149	EXP	text_2: text = 250
114.33399999997346	DATA	Keydown:  
114.35067499999423	EXP	text_2: text = 297
114.35067499999423	EXP	text_2: autoDraw = false
114.35067499999423	EXP	Feedback: text = 280
114.35067499999423	EXP	Feedback: autoDraw = true
115.35062499996275	EXP	Feedback: autoDraw = false
115.35062499996275	EXP	Feedback: autoDraw = false
115.35062499996275	EXP	text_3: autoDraw = true
122.20069999998668	EXP	text_3: autoDraw = false
122.20069999998668	EXP	text_3: autoDraw = false
122.20069999998668	EXP	text_2: autoDraw = true
122.20069999998668	EXP	text_2: text = 0
122.2210699999705	EXP	text_2: text = 15
122.23721499997191	EXP	text_2: text = 36
122.2542699999758	EXP	text_2: text = 52
122.26938999997219	EXP	text_2: text = 69
122.2857049999875	EXP	text_2: text = 83
122.31620000000112	EXP	text_2: text = 102
122.34340000001248	EXP	text_2: text = 135
122.37342499999795	EXP	text_2: text = 160
122.3927599999588	EXP	text_2: text = 188
122.4292799999821	EXP	text_2: text = 219
122.44392499997048	EXP	text_2: text = 243
122.48082999995677	EXP	text_2: text = 261
122.50556999997934	EXP	text_2: text = 297
122.50788499996997	DATA	Keydown:  
122.52403500000946	EXP	text_2: text = 320
122.52403500000946	EXP	text_2: autoDraw = false
122.52403500000946	EXP	Feedback: text = 307
122.52403500000946	EXP	Feedback: autoDraw = true
123.51509499998065	EXP	Feedback: autoDraw = false
123.51509499998065	EXP	Feedback: autoDraw = false
123.51509499998065	EXP	text_3: autoDraw = true
129.73319499997888	EXP	text_3: autoDraw = false
129.73319499997888	EXP	text_3: autoDraw = false
129.73319499997888	EXP	text_2: autoDraw = true
129.73319499997888	EXP	text_2: text = 0
129.75397499999963	EXP	text_2: text = 16
129.77039999997942	EXP	text_2: text = 36
129.78729999996722	EXP	text_2: text = 52
129.8034800000023	EXP	text_2: text = 70
129.81883999996353	EXP	text_2: text = 85
129.83616999996593	EXP	text_2: text = 101
129.85202499997104	EXP	text_2: text = 118
129.86890999996103	EXP	text_2: text = 134
129.88520999997854	EXP	text_2: text = 154
129.90021499997238	EXP	text_2: text = 168
129.9194949999801	EXP	text_2: text = 190
129.93343499995535	EXP	text_2: text = 201
129.9530800000066	EXP	text_2: text = 220
129.9672750000027	EXP	text_2: text = 235
129.98460999998497	EXP	text_2: text = 250
130.00154500000644	EXP	text_2: text = 268
130.00513499998488	DATA	Keydown:  
130.01705999998376	EXP	text_2: text = 285
130.01705999998376	EXP	text_2: autoDraw = false
130.01705999998376	EXP	Feedback: text = 272
130.01705999998376	EXP	Feedback: autoDraw = true
131.01514500001213	EXP	Feedback: autoDraw = false
131.01514500001213	EXP	Feedback: autoDraw = false
131.01514500001213	EXP	text_3: autoDraw = true
131.90363999997498	DATA	Keydown:  
137.20408499997575	EXP	text_3: autoDraw = false
137.20408499997575	EXP	text_3: autoDraw = false
137.20408499997575	EXP	text_2: autoDraw = true
137.20408499997575	EXP	text_2: text = 0
137.22039999999106	EXP	text_2: text = 20
137.23902499995893	EXP	text_2: text = 37
137.25456999999005	EXP	text_2: text = 55
137.26824000000488	EXP	text_2: text = 70
137.28467999998247	EXP	text_2: text = 84
137.30225499998778	EXP	text_2: text = 101
137.3153249999741	EXP	text_2: text = 118
137.33592499996303	EXP	text_2: text = 133
137.3524149999721	EXP	text_2: text = 152
137.36929000000237	EXP	text_2: text = 171
137.38362999999663	EXP	text_2: text = 186
137.40005999995628	EXP	text_2: text = 202
137.41771499998868	EXP	text_2: text = 220
137.44060999999056	EXP	text_2: text = 233
137.46800499997335	EXP	text_2: text = 264
137.48521499999333	EXP	text_2: text = 283
137.50180500000715	EXP	text_2: text = 301
137.50354000000516	DATA	Keydown:  
137.51695499999914	EXP	text_2: text = 318
137.51695499999914	EXP	text_2: autoDraw = false
137.51695499999914	EXP	Feedback: text = 300
137.51695499999914	EXP	Feedback: autoDraw = true
138.51696999999695	EXP	Feedback: autoDraw = false
138.51696999999695	EXP	Feedback: autoDraw = false
138.51696999999695	EXP	text_3: autoDraw = true
145.116549999977	EXP	text_3: autoDraw = false
145.116549999977	EXP	text_3: autoDraw = false
145.116549999977	EXP	text_2: autoDraw = true
145.116549999977	EXP	text_2: text = 0
145.13673999998719	EXP	text_2: text = 16
145.15366499999072	EXP	text_2: text = 35
145.16994499997236	EXP	text_2: text = 53
145.18531500000972	EXP	text_2: text = 69
145.20198499999242	EXP	text_2: text = 84
145.2186249999795	EXP	text_2: text = 100
145.23809499997878	EXP	text_2: text = 117
145.25155499996617	EXP	text_2: text = 137
145.26715500000864	EXP	text_2: text = 150
145.28324999997858	EXP	text_2: text = 166
145.30110499996226	EXP	text_2: text = 182
145.31787999998778	EXP	text_2: text = 200
145.33435499999905	EXP	text_2: text = 217
145.35103999997955	EXP	text_2: text = 234
145.36741499998607	EXP	text_2: text = 250
145.3843249999918	EXP	text_2: text = 266
145.41328999999678	EXP	text_2: text = 283
145.42202999995789	DATA	Keydown:  
145.43796999996994	EXP	text_2: text = 318
145.43796999996994	EXP	text_2: autoDraw = false
145.43796999996994	EXP	Feedback: text = 306
145.43796999996994	EXP	Feedback: autoDraw = true
146.43051999999443	EXP	Feedback: autoDraw = false
146.43051999999443	EXP	Feedback: autoDraw = false
146.43051999999443	EXP	text_3: autoDraw = true
155.00635499996133	EXP	text_3: autoDraw = false
155.00635499996133	EXP	text_3: autoDraw = false
155.00635499996133	EXP	text_2: autoDraw = true
155.00635499996133	EXP	text_2: text = 0
155.02228999999352	EXP	text_2: text = 23
155.03683499997715	EXP	text_2: text = 38
155.0536800000118	EXP	text_2: text = 53
155.06891500001075	EXP	text_2: text = 69
155.08517999999458	EXP	text_2: text = 85
155.1020300000091	EXP	text_2: text = 102
155.11737499997253	EXP	text_2: text = 118
155.134384999983	EXP	text_2: text = 134
155.1508249999606	EXP	text_2: text = 151
155.16350999998394	EXP	text_2: text = 167
155.18377000000328	EXP	text_2: text = 183
155.2008049999713	EXP	text_2: text = 200
155.2175500000012	EXP	text_2: text = 217
155.2345750000095	EXP	text_2: text = 238
155.25010499998461	EXP	text_2: text = 251
155.2682799999602	EXP	text_2: text = 273
155.28320999996504	EXP	text_2: text = 284
155.3058650000021	EXP	text_2: text = 307
155.33478499995545	EXP	text_2: text = 322
155.34426499996334	DATA	Keydown:  
155.36236500000814	EXP	text_2: text = 358
155.36236500000814	EXP	text_2: autoDraw = false
155.36236500000814	EXP	Feedback: text = 338
155.36236500000814	EXP	Feedback: autoDraw = true
156.3490950000123	EXP	Feedback: autoDraw = false
156.3490950000123	EXP	Feedback: autoDraw = false
156.3490950000123	EXP	text_3: autoDraw = true
163.45221499999752	EXP	text_3: autoDraw = false
163.45221499999752	EXP	text_3: autoDraw = false
163.45221499999752	EXP	text_2: autoDraw = true
163.45221499999752	EXP	text_2: text = 0
163.46571499999845	EXP	text_2: text = 18
163.4856499999878	EXP	text_2: text = 32
163.50198499998078	EXP	text_2: text = 53
163.51869999995688	EXP	text_2: text = 69
163.53477500000736	EXP	text_2: text = 84
163.55104499997105	EXP	text_2: text = 101
163.56711999996332	EXP	text_2: text = 117
163.58862499997485	EXP	text_2: text = 135
163.60131499997806	EXP	text_2: text = 154
163.61660499998834	EXP	text_2: text = 167
163.6325899999938	EXP	text_2: text = 183
163.64932500000577	EXP	text_2: text = 199
163.6664349999628	EXP	text_2: text = 216
163.68322499998612	EXP	text_2: text = 233
163.69989499996882	EXP	text_2: text = 252
163.7161549999728	EXP	text_2: text = 270
163.73297000001185	EXP	text_2: text = 286
163.7346799999941	DATA	Keydown:  
163.7522599999793	EXP	text_2: text = 303
163.7522599999793	EXP	text_2: autoDraw = false
163.7522599999793	EXP	Feedback: text = 283
163.7522599999793	EXP	Feedback: autoDraw = true
164.747864999983	EXP	Feedback: autoDraw = false
164.747864999983	EXP	Feedback: autoDraw = false
164.747864999983	EXP	text_3: autoDraw = true
172.38660999998683	EXP	text_3: autoDraw = false
172.38660999998683	EXP	text_3: autoDraw = false
172.38660999998683	EXP	text_2: autoDraw = true
172.38660999998683	EXP	text_2: text = 0
172.4033749999944	EXP	text_2: text = 20
172.41991999995662	EXP	text_2: text = 37
172.43615500000305	EXP	text_2: text = 53
172.45741500001168	EXP	text_2: text = 69
172.4847449999652	EXP	text_2: text = 91
172.4979249999742	EXP	text_2: text = 118
172.51954000000842	EXP	text_2: text = 134
172.53646999999182	EXP	text_2: text = 153
172.5530499999877	EXP	text_2: text = 169
172.56786499998998	EXP	text_2: text = 186
172.5845449999906	EXP	text_2: text = 201
172.60128499998245	EXP	text_2: text = 217
172.61909499997273	EXP	text_2: text = 234
172.63477999996394	EXP	text_2: text = 254
172.65003499999875	EXP	text_2: text = 268
172.6664049999672	EXP	text_2: text = 286
172.6828899999964	EXP	text_2: text = 301
172.70259000000078	EXP	text_2: text = 318
172.70498999999836	DATA	Keydown:  
172.71693999995477	EXP	text_2: text = 336
172.71693999995477	EXP	text_2: autoDraw = false
172.71693999995477	EXP	Feedback: text = 318
172.71693999995477	EXP	Feedback: autoDraw = true
173.71612499997718	EXP	Feedback: autoDraw = false
173.71612499997718	EXP	Feedback: autoDraw = false
173.71612499997718	EXP	text_3: autoDraw = true
182.95102499995846	EXP	text_3: autoDraw = false
182.95102499995846	EXP	text_3: autoDraw = false
182.95102499995846	EXP	text_2: autoDraw = true
182.95102499995846	EXP	text_2: text = 0
182.97025999997277	EXP	text_2: text = 16
182.9863100000075	EXP	text_2: text = 35
183.00347499997588	EXP	text_2: text = 51
183.018619999988	EXP	text_2: text = 69
183.0352599999751	EXP	text_2: text = 83
183.05178499995964	EXP	text_2: text = 101
183.06695999996737	EXP	text_2: text = 116
183.08410999999614	EXP	text_2: text = 135
183.0996049999958	EXP	text_2: text = 152
183.11608499998692	EXP	text_2: text = 167
183.13334499998018	EXP	text_2: text = 184
183.1494899999816	EXP	text_2: text = 198
183.16715499997372	EXP	text_2: text = 215
183.1838299999945	EXP	text_2: text = 232
183.19745999999577	EXP	text_2: text = 249
183.2167699999991	EXP	text_2: text = 265
183.23402999999234	EXP	text_2: text = 282
183.24668999999994	EXP	text_2: text = 299
183.28032999997959	EXP	text_2: text = 314
183.2876549999928	DATA	Keydown:  
183.30924999999115	EXP	text_2: text = 350
183.30924999999115	EXP	text_2: autoDraw = false
183.30924999999115	EXP	Feedback: text = 338
183.30924999999115	EXP	Feedback: autoDraw = true
184.30758999998216	EXP	Feedback: autoDraw = false
184.30758999998216	EXP	Feedback: autoDraw = false
184.30758999998216	EXP	text_3: autoDraw = true
190.61903499998152	EXP	text_3: autoDraw = false
190.61903499998152	EXP	text_3: autoDraw = false
190.61903499998152	EXP	text_2: autoDraw = true
190.61903499998152	EXP	text_2: text = 0
190.63906499999575	EXP	text_2: text = 16
190.6554349999642	EXP	text_2: text = 36
190.6713349999627	EXP	text_2: text = 52
190.68618999997852	EXP	text_2: text = 67
190.7031399999978	EXP	text_2: text = 83
190.7184750000015	EXP	text_2: text = 100
190.7349599999725	EXP	text_2: text = 116
190.75163499999326	EXP	text_2: text = 132
190.76684499997646	EXP	text_2: text = 149
190.78437499998836	EXP	text_2: text = 164
190.8002850000048	EXP	text_2: text = 182
190.8170950000058	EXP	text_2: text = 198
190.8339799999958	EXP	text_2: text = 214
190.85061999998288	EXP	text_2: text = 231
190.8669949999894	EXP	text_2: text = 248
190.88365999999223	EXP	text_2: text = 264
190.8979699999909	EXP	text_2: text = 283
190.9163599999738	EXP	text_2: text = 299
190.91820999997435	DATA	Keydown:  
190.93276999995578	EXP	text_2: text = 316
190.93276999995578	EXP	text_2: autoDraw = false
190.93276999995578	EXP	Feedback: text = 299
190.93276999995578	EXP	Feedback: autoDraw = true
191.9296200000099	EXP	Feedback: autoDraw = false
191.9296200000099	EXP	Feedback: autoDraw = false
191.9296200000099	EXP	text_3: autoDraw = true
200.41735999996308	EXP	text_3: autoDraw = false
200.41735999996308	EXP	text_3: autoDraw = false
200.41735999996308	EXP	text_2: autoDraw = true
200.41735999996308	EXP	text_2: text = 0
200.43935000000056	EXP	text_2: text = 16
200.4541849999805	EXP	text_2: text = 38
200.46938500000397	EXP	text_2: text = 52
200.48613499995554	EXP	text_2: text = 68
200.50150999997277	EXP	text_2: text = 85
200.5180999999866	EXP	text_2: text = 101
200.5343049999792	EXP	text_2: text = 117
200.56579999998212	EXP	text_2: text = 141
200.58097000000998	EXP	text_2: text = 168
200.5988500000094	EXP	text_2: text = 183
200.61744499998167	EXP	text_2: text = 203
200.63274999998976	EXP	text_2: text = 215
200.65852999995695	EXP	text_2: text = 237
200.67209499998717	EXP	text_2: text = 259
200.68340999999782	EXP	text_2: text = 270
200.69970499997726	EXP	text_2: text = 282
200.7170299999998	EXP	text_2: text = 298
200.7337449999759	EXP	text_2: text = 316
200.7502899999963	EXP	text_2: text = 333
200.76695499999914	EXP	text_2: text = 349
200.7830149999936	EXP	text_2: text = 366
200.78526999999303	DATA	Keydown:  
200.80191999999806	EXP	text_2: text = 385
200.80191999999806	EXP	text_2: autoDraw = false
200.80191999999806	EXP	Feedback: text = 368
200.80191999999806	EXP	Feedback: autoDraw = true
201.7991799999727	EXP	Feedback: autoDraw = false
201.7991799999727	EXP	Feedback: autoDraw = false
201.7991799999727	EXP	text_3: autoDraw = true
210.85123999998905	EXP	text_3: autoDraw = false
210.85123999998905	EXP	text_3: autoDraw = false
210.85123999998905	EXP	text_2: autoDraw = true
210.85123999998905	EXP	text_2: text = 0
210.86939999996684	EXP	text_2: text = 16
210.8860299999942	EXP	text_2: text = 34
210.90300499997102	EXP	text_2: text = 50
210.91918999998597	EXP	text_2: text = 67
210.93513999995776	EXP	text_2: text = 84
210.95084499998484	EXP	text_2: text = 99
210.96666499995627	EXP	text_2: text = 116
210.9830849999562	EXP	text_2: text = 131
210.99851499998476	EXP	text_2: text = 151
211.01571000000695	EXP	text_2: text = 165
211.03174999996554	EXP	text_2: text = 182
211.05007499997737	EXP	text_2: text = 203
211.06557999999495	EXP	text_2: text = 214
211.08311499998672	EXP	text_2: text = 231
211.09990500001004	EXP	text_2: text = 249
211.1166549999616	EXP	text_2: text = 265
211.13309999997728	EXP	text_2: text = 282
211.15003499999875	EXP	text_2: text = 298
211.1665299999877	EXP	text_2: text = 315
211.18316499999491	EXP	text_2: text = 332
211.2002649999922	EXP	text_2: text = 348
211.2165699999896	EXP	text_2: text = 366
211.23363999999128	EXP	text_2: text = 382
211.25013000000035	EXP	text_2: text = 399
211.29994999995688	DATA	Keydown:  
211.31687499996042	EXP	text_2: text = 466
211.31687499996042	EXP	text_2: autoDraw = false
211.31687499996042	EXP	Feedback: text = 449
211.31687499996042	EXP	Feedback: autoDraw = true
212.31908499996644	EXP	Feedback: autoDraw = false
212.31908499996644	EXP	Feedback: autoDraw = false
212.31908499996644	EXP	text_3: autoDraw = true
214.54877499997383	EXP	text_3: autoDraw = false
214.54877499997383	EXP	text_3: autoDraw = false
214.54877499997383	EXP	text_2: autoDraw = true
214.54877499997383	EXP	text_2: text = 0
214.5690900000045	EXP	text_2: text = 18
214.58566499996232	EXP	text_2: text = 35
214.6024449999677	EXP	text_2: text = 52
214.6197449999745	EXP	text_2: text = 69
214.63558000000194	EXP	text_2: text = 86
214.650794999965	EXP	text_2: text = 101
214.66755499999272	EXP	text_2: text = 116
214.68408499995712	EXP	text_2: text = 134
214.70085999998264	EXP	text_2: text = 150
214.71664999995846	EXP	text_2: text = 167
214.72901000001002	EXP	text_2: text = 183
214.7506749999593	EXP	text_2: text = 199
214.76837999996496	EXP	text_2: text = 217
214.78166999999667	EXP	text_2: text = 234
214.80123499996262	EXP	text_2: text = 250
214.81872999999905	EXP	text_2: text = 267
214.8343149999855	EXP	text_2: text = 284
214.85061999998288	EXP	text_2: text = 304
214.86597499996424	EXP	text_2: text = 318
214.89921000000322	EXP	text_2: text = 348
214.91164000000572	EXP	text_2: text = 366
214.93401999998605	EXP	text_2: text = 382
214.9507299999823	EXP	text_2: text = 401
214.96678999997675	EXP	text_2: text = 417
214.98404499999015	EXP	text_2: text = 433
215.00039000000106	EXP	text_2: text = 451
215.01698499999475	EXP	text_2: text = 467
215.03398999996716	EXP	text_2: text = 484
215.05021499999566	EXP	text_2: text = 501
215.06686999998055	EXP	text_2: text = 517
215.08269999996992	EXP	text_2: text = 533
215.10000499995658	EXP	text_2: text = 549
215.11309499997878	EXP	text_2: text = 567
215.133509999956	EXP	text_2: text = 583
215.15004499995848	EXP	text_2: text = 601
215.16733500000555	EXP	text_2: text = 617
215.18390999996336	EXP	text_2: text = 638
215.19941499998095	EXP	text_2: text = 652
215.2162749999552	EXP	text_2: text = 668
215.23350500001106	EXP	text_2: text = 686
215.25438499997836	EXP	text_2: text = 706
215.27027499995893	EXP	text_2: text = 722
215.28279500000644	EXP	text_2: text = 736
215.29959999996936	EXP	text_2: text = 749
215.31708499998786	EXP	text_2: text = 767
215.33351500000572	EXP	text_2: text = 785
215.35027499997523	EXP	text_2: text = 801
215.36967499996535	EXP	text_2: text = 821
215.38279999996303	EXP	text_2: text = 836
215.40015499998117	EXP	text_2: text = 850
215.41721499996493	EXP	text_2: text = 867
215.43027000001166	EXP	text_2: text = 884
215.4503899999545	EXP	text_2: text = 899
215.46327000000747	EXP	text_2: text = 917
215.4845449999557	EXP	text_2: text = 932
215.49598000000697	EXP	text_2: text = 950
215.51808000000892	EXP	text_2: text = 967
215.53772999998182	EXP	text_2: text = 985
215.55293499998515	EXP	text_2: text = 1005
215.56671499996446	EXP	text_2: text = 1020
215.59442999999737	EXP	text_2: text = 1034
215.61449499998707	EXP	text_2: text = 1068
215.63255499996012	EXP	text_2: text = 1080
215.64630500000203	EXP	text_2: text = 1099
215.66832999995677	EXP	text_2: text = 1121
215.68687999999383	EXP	text_2: text = 1136
215.70314499997767	EXP	text_2: text = 1153
215.71869999996852	EXP	text_2: text = 1169
215.7349749999703	EXP	text_2: text = 1185
215.75150999997277	EXP	text_2: text = 1201
215.76700499997241	EXP	text_2: text = 1218
215.78341999999247	EXP	text_2: text = 1234
215.80079000000842	EXP	text_2: text = 1251
215.81682000000728	EXP	text_2: text = 1268
215.83340499998303	EXP	text_2: text = 1283
215.85081500001252	EXP	text_2: text = 1301
215.85404999996535	DATA	Keydown:  
215.8680549999699	EXP	text_2: text = 1321
215.8680549999699	EXP	text_2: autoDraw = false
215.8680549999699	EXP	Feedback: text = 1308
215.8680549999699	EXP	Feedback: autoDraw = true
216.86936999997124	EXP	Feedback: autoDraw = false
216.86936999997124	EXP	Feedback: autoDraw = false
216.86936999997124	EXP	text_3: autoDraw = true
221.01956499996595	EXP	text_3: autoDraw = false
221.01956499996595	EXP	text_3: autoDraw = false
221.01956499996595	EXP	text_2: autoDraw = true
221.01956499996595	EXP	text_2: text = 0
221.03613999998197	EXP	text_2: text = 20
221.05301500001224	EXP	text_2: text = 36
221.06810999999288	EXP	text_2: text = 53
221.0847000000067	EXP	text_2: text = 67
221.1010149999638	EXP	text_2: text = 84
221.11696999997366	EXP	text_2: text = 101
221.1339549999684	EXP	text_2: text = 117
221.1501500000013	EXP	text_2: text = 133
221.16287999995984	EXP	text_2: text = 150
221.18398999999044	EXP	text_2: text = 166
221.20062499999767	EXP	text_2: text = 184
221.21726499998476	EXP	text_2: text = 201
221.23405999998795	EXP	text_2: text = 217
221.2507699999842	EXP	text_2: text = 233
221.2652699999744	EXP	text_2: text = 251
221.28154499997618	EXP	text_2: text = 265
221.2981799999834	EXP	text_2: text = 283
221.3411999999662	EXP	text_2: text = 303
221.3509399999748	DATA	Keydown:  
221.3659650000045	EXP	text_2: text = 349
221.3659650000045	EXP	text_2: autoDraw = false
221.3659650000045	EXP	Feedback: text = 332
221.3659650000045	EXP	Feedback: autoDraw = true
222.372080000001	EXP	Feedback: autoDraw = false
222.372080000001	EXP	Feedback: autoDraw = false
222.372080000001	EXP	text_3: autoDraw = true
224.53006999997888	EXP	text_3: autoDraw = false
224.53006999997888	EXP	text_3: autoDraw = false
224.53006999997888	EXP	text_2: autoDraw = true
224.53006999997888	EXP	text_2: text = 0
224.5508549999795	EXP	text_2: text = 18
224.56380999996327	EXP	text_2: text = 35
224.58390999998664	EXP	text_2: text = 51
224.60169999999925	EXP	text_2: text = 67
224.61850499996217	EXP	text_2: text = 85
224.63417499995558	EXP	text_2: text = 102
224.65195999998832	EXP	text_2: text = 120
224.66626500000712	EXP	text_2: text = 137
224.6825550000067	EXP	text_2: text = 151
224.69910500000697	EXP	text_2: text = 167
224.71574999997392	EXP	text_2: text = 185
224.73248000000603	EXP	text_2: text = 202
224.7492149999598	EXP	text_2: text = 216
224.766959999979	EXP	text_2: text = 233
224.7797450000071	EXP	text_2: text = 251
224.80057500000112	EXP	text_2: text = 267
224.81732999999076	EXP	text_2: text = 284
224.819749999966	DATA	Keydown:  
224.833564999979	EXP	text_2: text = 302
224.833564999979	EXP	text_2: autoDraw = false
224.833564999979	EXP	Feedback: text = 290
224.833564999979	EXP	Feedback: autoDraw = true
225.8359899999923	EXP	Feedback: autoDraw = false
225.8359899999923	EXP	Feedback: autoDraw = false
225.8359899999923	EXP	text_3: autoDraw = true
230.51538499997696	EXP	text_3: autoDraw = false
230.51538499997696	EXP	text_3: autoDraw = false
230.51538499997696	EXP	text_2: autoDraw = true
230.51538499997696	EXP	text_2: text = 0
230.55252500000643	EXP	text_2: text = 15
230.57446500001242	EXP	text_2: text = 58
230.58696499996586	EXP	text_2: text = 73
230.60210499999812	EXP	text_2: text = 86
230.61806499998784	EXP	text_2: text = 102
230.63587999995798	EXP	text_2: text = 118
230.6514249999891	EXP	text_2: text = 137
230.66687499999534	EXP	text_2: text = 154
230.68266499997117	EXP	text_2: text = 168
230.69922499998938	EXP	text_2: text = 185
230.7173499999917	EXP	text_2: text = 204
230.7324849999859	EXP	text_2: text = 217
230.74945000000298	EXP	text_2: text = 232
230.76688000001013	EXP	text_2: text = 249
230.7838749999646	EXP	text_2: text = 267
230.78570999996737	DATA	Keydown:  
230.79955499997595	EXP	text_2: text = 283
230.79955499997595	EXP	text_2: autoDraw = false
230.79955499997595	EXP	Feedback: text = 270
230.79955499997595	EXP	Feedback: autoDraw = true
231.80218499997864	EXP	Feedback: autoDraw = false
231.80218499997864	EXP	Feedback: autoDraw = false
231.80218499997864	EXP	text_3: autoDraw = true
236.6360749999876	EXP	text_3: autoDraw = false
236.6360749999876	EXP	text_3: autoDraw = false
236.6360749999876	EXP	text_2: autoDraw = true
236.6360749999876	EXP	text_2: text = 0
236.65275499998825	EXP	text_2: text = 20
236.668955000001	EXP	text_2: text = 37
236.68439000000944	EXP	text_2: text = 53
236.70100999996066	EXP	text_2: text = 68
236.71633999998448	EXP	text_2: text = 85
236.73323000001255	EXP	text_2: text = 100
236.75003499997547	EXP	text_2: text = 117
236.7670550000039	EXP	text_2: text = 135
236.7839099999983	EXP	text_2: text = 151
236.79977499996312	EXP	text_2: text = 168
236.8170149999787	EXP	text_2: text = 184
236.833714999957	EXP	text_2: text = 201
236.8501099999994	EXP	text_2: text = 219
236.86612999998033	EXP	text_2: text = 234
236.87890000001062	EXP	text_2: text = 250
236.89986499998486	EXP	text_2: text = 267
236.91709000000264	EXP	text_2: text = 284
236.93377000000328	EXP	text_2: text = 302
236.94991999998456	EXP	text_2: text = 318
236.96652999997605	EXP	text_2: text = 334
236.98035500000697	EXP	text_2: text = 352
236.9848650000058	DATA	Keydown:  
237.00727499998175	EXP	text_2: text = 378
237.00727499998175	EXP	text_2: autoDraw = false
237.00727499998175	EXP	Feedback: text = 349
237.00727499998175	EXP	Feedback: autoDraw = true
237.99636499996996	EXP	Feedback: autoDraw = false
237.99636499996996	EXP	Feedback: autoDraw = false
237.99636499996996	EXP	text_3: autoDraw = true
240.4650149999652	EXP	text_3: autoDraw = false
240.4650149999652	EXP	text_3: autoDraw = false
240.4650149999652	EXP	text_2: autoDraw = true
240.4650149999652	EXP	text_2: text = 0
240.48616999998922	EXP	text_2: text = 15
240.50269499997376	EXP	text_2: text = 36
240.51935499999672	EXP	text_2: text = 52
240.5530499999877	EXP	text_2: text = 69
240.57339499995578	EXP	text_2: text = 104
240.58551999996416	EXP	text_2: text = 122
240.60242499999003	EXP	text_2: text = 135
240.61793000000762	EXP	text_2: text = 152
240.63465999998152	EXP	text_2: text = 168
240.65080000000307	EXP	text_2: text = 184
240.66677999997046	EXP	text_2: text = 200
240.68016499996884	EXP	text_2: text = 217
240.69947499997215	EXP	text_2: text = 233
240.71665499999654	EXP	text_2: text = 250
240.73441499995533	EXP	text_2: text = 269
240.74712999997428	EXP	text_2: text = 284
240.76516000000993	EXP	text_2: text = 301
240.78383500000928	EXP	text_2: text = 319
240.79911999998149	EXP	text_2: text = 333
240.80064999999013	DATA	Keydown:  
240.81539999996312	EXP	text_2: text = 349
240.81539999996312	EXP	text_2: autoDraw = false
240.81539999996312	EXP	Feedback: text = 336
240.81539999996312	EXP	Feedback: autoDraw = true
241.80997000000207	EXP	Feedback: autoDraw = false
241.80997000000207	EXP	Feedback: autoDraw = false
241.80997000000207	EXP	text_3: autoDraw = true
247.617809999967	EXP	text_3: autoDraw = false
247.617809999967	EXP	text_3: autoDraw = false
247.617809999967	EXP	text_2: autoDraw = true
247.617809999967	EXP	text_2: text = 0
247.63413500000024	EXP	text_2: text = 18
247.65093000000343	EXP	text_2: text = 35
247.6676499999594	EXP	text_2: text = 51
247.68504499999108	EXP	text_2: text = 68
247.70131499995477	EXP	text_2: text = 86
247.71779999998398	EXP	text_2: text = 102
247.73285999998916	EXP	text_2: text = 118
247.74548499996308	EXP	text_2: text = 134
247.76601500000106	EXP	text_2: text = 151
247.7837249999866	EXP	text_2: text = 169
247.79958499997156	EXP	text_2: text = 185
247.8169099999941	EXP	text_2: text = 200
247.83311000000685	EXP	text_2: text = 218
247.84989000001224	EXP	text_2: text = 234
247.8631099999766	EXP	text_2: text = 251
247.88282499997877	EXP	text_2: text = 267
247.90061499999138	EXP	text_2: text = 284
247.90373499999987	DATA	Keydown:  
247.91692499996861	EXP	text_2: text = 304
247.91692499996861	EXP	text_2: autoDraw = false
247.91692499996861	EXP	Feedback: text = 286
247.91692499996861	EXP	Feedback: autoDraw = true
248.91903499996988	EXP	Feedback: autoDraw = false
248.91903499996988	EXP	Feedback: autoDraw = false
248.91903499996988	EXP	text_3: autoDraw = true
251.31493499997305	EXP	text_3: autoDraw = false
251.31493499997305	EXP	text_3: autoDraw = false
251.31493499997305	EXP	text_2: autoDraw = true
251.31493499997305	EXP	text_2: text = 0
251.3358199999784	EXP	text_2: text = 15
251.35252499999478	EXP	text_2: text = 36
251.36890999996103	EXP	text_2: text = 53
251.3844650000101	EXP	text_2: text = 69
251.40313499997137	EXP	text_2: text = 87
251.41551999998046	EXP	text_2: text = 102
251.43290999997407	EXP	text_2: text = 115
251.4497149999952	EXP	text_2: text = 135
251.46693999995477	EXP	text_2: text = 150
251.48300499998732	EXP	text_2: text = 167
251.4999700000044	EXP	text_2: text = 186
251.51575500000035	EXP	text_2: text = 200
251.53210000001127	EXP	text_2: text = 218
251.54881499998737	EXP	text_2: text = 232
251.56604499998502	EXP	text_2: text = 249
251.58357499999693	EXP	text_2: text = 269
251.6079150000005	EXP	text_2: text = 289
251.63260999997146	EXP	text_2: text = 317
251.64943499997025	EXP	text_2: text = 332
251.65237500000512	DATA	Keydown:  
251.6672499999986	EXP	text_2: text = 350
251.6672499999986	EXP	text_2: autoDraw = false
251.6672499999986	EXP	Feedback: text = 338
251.6672499999986	EXP	Feedback: autoDraw = true
252.66714999999385	EXP	Feedback: autoDraw = false
252.66714999999385	EXP	Feedback: autoDraw = false
252.66714999999385	EXP	text_3: autoDraw = true
255.98099999997066	EXP	text_3: autoDraw = false
255.98099999997066	EXP	text_3: autoDraw = false
255.98099999997066	EXP	text_2: autoDraw = true
255.98099999997066	EXP	text_2: text = 0
256.0016299999552	EXP	text_2: text = 15
256.0156549999956	EXP	text_2: text = 35
256.03549999999814	EXP	text_2: text = 50
256.052714999998	EXP	text_2: text = 69
256.06839500000933	EXP	text_2: text = 86
256.0839749999577	EXP	text_2: text = 103
256.1022949999897	EXP	text_2: text = 120
256.115364999976	EXP	text_2: text = 136
256.1319449999719	EXP	text_2: text = 151
256.1506100000115	EXP	text_2: text = 170
256.1654649999691	EXP	text_2: text = 184
256.1832099999883	EXP	text_2: text = 199
256.2001450000098	EXP	text_2: text = 217
256.21648499998264	EXP	text_2: text = 234
256.23494999995455	EXP	text_2: text = 250
256.2491849999642	EXP	text_2: text = 269
256.2649450000026	EXP	text_2: text = 285
256.28220999997575	EXP	text_2: text = 298
256.29946499998914	EXP	text_2: text = 316
256.3123299999861	EXP	text_2: text = 333
256.3559449999593	EXP	text_2: text = 351
256.35748000000603	DATA	Keydown:  
256.3681449999567	EXP	text_2: text = 389
256.3681449999567	EXP	text_2: autoDraw = false
256.3681449999567	EXP	Feedback: text = 377
256.3681449999567	EXP	Feedback: autoDraw = true
257.3628499999759	EXP	Feedback: autoDraw = false
257.3628499999759	EXP	Feedback: autoDraw = false
257.3628499999759	EXP	text_3: autoDraw = true
265.8024399999995	EXP	text_3: autoDraw = false
265.8024399999995	EXP	text_3: autoDraw = false
265.8024399999995	EXP	text_2: autoDraw = true
265.8024399999995	EXP	text_2: text = 0
265.81893000000855	EXP	text_2: text = 20
265.83571999997366	EXP	text_2: text = 37
265.8516499999678	EXP	text_2: text = 53
265.8671149999718	EXP	text_2: text = 69
265.8849549999577	EXP	text_2: text = 85
265.90078500000527	EXP	text_2: text = 103
265.9175249999971	EXP	text_2: text = 118
265.9334099999978	EXP	text_2: text = 135
265.95016499998746	EXP	text_2: text = 151
265.9667400000035	EXP	text_2: text = 169
265.9829749999917	EXP	text_2: text = 185
265.99960999999894	EXP	text_2: text = 201
266.01666500000283	EXP	text_2: text = 217
266.03307000000495	EXP	text_2: text = 234
266.0497149999719	EXP	text_2: text = 252
266.0662349999766	EXP	text_2: text = 268
266.0829599999706	EXP	text_2: text = 285
266.08700999995926	DATA	Keydown:  
266.1001099999994	EXP	text_2: text = 303
266.1001099999994	EXP	text_2: autoDraw = false
266.1001099999994	EXP	Feedback: text = 285
266.1001099999994	EXP	Feedback: autoDraw = true
267.1015849999967	EXP	Feedback: autoDraw = false
267.1015849999967	EXP	Feedback: autoDraw = false
267.1015849999967	EXP	text_3: autoDraw = true
271.83567499998026	EXP	text_3: autoDraw = false
271.83567499998026	EXP	text_3: autoDraw = false
271.83567499998026	EXP	text_2: autoDraw = true
271.83567499998026	EXP	text_2: text = 0
271.85216000000946	EXP	text_2: text = 20
271.86926000000676	EXP	text_2: text = 37
271.88571499998216	EXP	text_2: text = 54
271.9006700000027	EXP	text_2: text = 70
271.91722499998286	EXP	text_2: text = 86
271.93335999996634	EXP	text_2: text = 101
271.94996999995783	EXP	text_2: text = 117
271.9666299999808	EXP	text_2: text = 134
271.98268999997526	EXP	text_2: text = 151
271.9996800000081	EXP	text_2: text = 168
272.016334999993	EXP	text_2: text = 185
272.0324599999585	EXP	text_2: text = 200
272.0493150000111	EXP	text_2: text = 217
272.06231000000844	EXP	text_2: text = 234
272.08277499995893	EXP	text_2: text = 250
272.09957999998005	EXP	text_2: text = 267
272.11624999996275	EXP	text_2: text = 284
272.11912499996834	DATA	Keydown:  
272.13237999996636	EXP	text_2: text = 302
272.13237999996636	EXP	text_2: autoDraw = false
272.13237999996636	EXP	Feedback: text = 284
272.13237999996636	EXP	Feedback: autoDraw = true
273.1347899999819	EXP	Feedback: autoDraw = false
273.1347899999819	EXP	Feedback: autoDraw = false
273.1347899999819	EXP	text_3: autoDraw = true
283.019169999985	EXP	text_3: autoDraw = false
283.019169999985	EXP	text_3: autoDraw = false
283.019169999985	EXP	text_2: autoDraw = true
283.019169999985	EXP	text_2: text = 0
283.0353799999575	EXP	text_2: text = 21
283.0518699999666	EXP	text_2: text = 37
283.06695999996737	EXP	text_2: text = 53
283.08465999999316	EXP	text_2: text = 68
283.1005099999602	EXP	text_2: text = 86
283.1171650000033	EXP	text_2: text = 102
283.13360999996075	EXP	text_2: text = 118
283.1498300000094	EXP	text_2: text = 135
283.1663749999716	EXP	text_2: text = 154
283.18188499996904	EXP	text_2: text = 170
283.19828999997117	EXP	text_2: text = 186
283.2147049999912	EXP	text_2: text = 202
283.2322099999874	EXP	text_2: text = 217
283.27102499996545	EXP	text_2: text = 243
283.2879649999668	EXP	text_2: text = 273
283.3316749999649	EXP	text_2: text = 310
283.33381999999983	DATA	Keydown:  
283.35163499997	EXP	text_2: text = 334
283.35163499997	EXP	text_2: autoDraw = false
283.35163499997	EXP	Feedback: text = 315
283.35163499997	EXP	Feedback: autoDraw = true
284.3454999999958	EXP	Feedback: autoDraw = false
284.3454999999958	EXP	Feedback: autoDraw = false
284.3454999999958	EXP	text_3: autoDraw = true
293.6163649999653	EXP	text_3: autoDraw = false
293.6163649999653	EXP	text_3: autoDraw = false
293.6163649999653	EXP	text_2: autoDraw = true
293.6163649999653	EXP	text_2: text = 0
293.63302999996813	EXP	text_2: text = 17
293.6496599999955	EXP	text_2: text = 35
293.6658999999636	EXP	text_2: text = 51
293.6826000000001	EXP	text_2: text = 70
293.6980399999884	EXP	text_2: text = 85
293.7145249999594	EXP	text_2: text = 100
293.7316399999545	EXP	text_2: text = 116
293.7481899999548	EXP	text_2: text = 134
293.7657649999601	EXP	text_2: text = 152
293.7823750000098	EXP	text_2: text = 169
293.80680500000017	EXP	text_2: text = 195
293.8181399999885	EXP	text_2: text = 208
293.8351599999587	EXP	text_2: text = 223
293.84735499997623	EXP	text_2: text = 236
293.8640449999948	EXP	text_2: text = 250
293.8807749999687	EXP	text_2: text = 265
293.89850999997	EXP	text_2: text = 284
293.9151149999816	EXP	text_2: text = 300
293.9311649999581	EXP	text_2: text = 317
293.94869499997003	EXP	text_2: text = 333
293.96737500000745	EXP	text_2: text = 355
293.9715649999562	DATA	Keydown:  
293.9821949999896	EXP	text_2: text = 371
293.9821949999896	EXP	text_2: autoDraw = false
293.9821949999896	EXP	Feedback: text = 355
293.9821949999896	EXP	Feedback: autoDraw = true
294.9845600000117	EXP	Feedback: autoDraw = false
294.9845600000117	EXP	Feedback: autoDraw = false
294.9845600000117	EXP	text_3: autoDraw = true
298.930709999986	EXP	text_3: autoDraw = false
298.930709999986	EXP	text_3: autoDraw = false
298.930709999986	EXP	text_2: autoDraw = true
298.930709999986	EXP	text_2: text = 0
298.95208999997703	EXP	text_2: text = 16
298.9685499999905	EXP	text_2: text = 36
298.9850950000109	EXP	text_2: text = 54
299.0013850000105	EXP	text_2: text = 69
299.01699999999255	EXP	text_2: text = 86
299.0333249999676	EXP	text_2: text = 101
299.05067999998573	EXP	text_2: text = 118
299.06709999998566	EXP	text_2: text = 136
299.08332499995595	EXP	text_2: text = 151
299.09493999998085	EXP	text_2: text = 168
299.1159699999844	EXP	text_2: text = 183
299.1324349999777	EXP	text_2: text = 200
299.1491999999853	EXP	text_2: text = 218
299.1669600000023	EXP	text_2: text = 234
299.1823499999591	EXP	text_2: text = 251
299.19838499999605	EXP	text_2: text = 267
299.2148900000029	EXP	text_2: text = 282
299.2323200000101	EXP	text_2: text = 302
299.25422000000253	EXP	text_2: text = 323
299.2658550000051	EXP	text_2: text = 338
299.2816499999608	EXP	text_2: text = 351
299.29793000000063	EXP	text_2: text = 368
299.3148949999595	EXP	text_2: text = 387
299.33214499999303	EXP	text_2: text = 403
299.35272999998415	DATA	Keydown:  
299.3672999999835	EXP	text_2: text = 435
299.3672999999835	EXP	text_2: autoDraw = false
299.3672999999835	EXP	Feedback: text = 422
299.3672999999835	EXP	Feedback: autoDraw = true
300.36189499998	EXP	Feedback: autoDraw = false
300.36189499998	EXP	Feedback: autoDraw = false
300.36189499998	EXP	text_3: autoDraw = true
304.9987049999763	EXP	text_3: autoDraw = false
304.9987049999763	EXP	text_3: autoDraw = false
304.9987049999763	EXP	text_2: autoDraw = true
304.9987049999763	EXP	text_2: text = 0
305.01873499999056	EXP	text_2: text = 16
305.03526999999303	EXP	text_2: text = 35
305.0518849999644	EXP	text_2: text = 52
305.06709999998566	EXP	text_2: text = 69
305.08356999995885	EXP	text_2: text = 84
305.0995300000068	EXP	text_2: text = 101
305.11552499997197	EXP	text_2: text = 116
305.13288499997	EXP	text_2: text = 132
305.149150000012	EXP	text_2: text = 150
305.16589000000386	EXP	text_2: text = 166
305.18229999998584	EXP	text_2: text = 184
305.19927499996265	EXP	text_2: text = 199
305.21625499997754	EXP	text_2: text = 219
305.2313199999626	EXP	text_2: text = 234
305.2647799999686	EXP	text_2: text = 269
305.2762849999708	EXP	text_2: text = 282
305.2983349999995	EXP	text_2: text = 301
305.3162299999967	EXP	text_2: text = 317
305.3338999999687	EXP	text_2: text = 335
305.3503899999778	EXP	text_2: text = 352
305.3673499999568	EXP	text_2: text = 368
305.39649999997346	DATA	Keydown:  
305.4158999999636	EXP	text_2: text = 412
305.4158999999636	EXP	text_2: autoDraw = false
305.4158999999636	EXP	Feedback: text = 398
305.4158999999636	EXP	Feedback: autoDraw = true
306.39571499999147	EXP	Feedback: autoDraw = false
306.39571499999147	EXP	Feedback: autoDraw = false
306.39571499999147	EXP	text_3: autoDraw = true
314.08539999998175	EXP	text_3: autoDraw = false
314.08539999998175	EXP	text_3: autoDraw = false
314.08539999998175	EXP	text_2: autoDraw = true
314.08539999998175	EXP	text_2: text = 0
314.10158999997657	EXP	text_2: text = 20
314.1185749999713	EXP	text_2: text = 36
314.1344299999764	EXP	text_2: text = 53
314.1498099999735	EXP	text_2: text = 69
314.1659900000086	EXP	text_2: text = 85
314.1823849999928	EXP	text_2: text = 101
314.199404999963	EXP	text_2: text = 119
314.21564000000944	EXP	text_2: text = 134
314.2327749999822	EXP	text_2: text = 151
314.2644699999946	EXP	text_2: text = 179
314.2790699999896	EXP	text_2: text = 198
314.2983149999636	EXP	text_2: text = 216
314.3160499999649	EXP	text_2: text = 233
314.3317650000099	EXP	text_2: text = 250
314.3485299999593	EXP	text_2: text = 267
314.3616299999994	EXP	text_2: text = 283
314.3823099999572	EXP	text_2: text = 299
314.398984999978	EXP	text_2: text = 317
314.4115199999651	EXP	text_2: text = 333
314.4321099999943	EXP	text_2: text = 350
314.444749999966	EXP	text_2: text = 367
314.4655100000091	EXP	text_2: text = 382
314.49547500000335	EXP	text_2: text = 408
314.5105999999796	EXP	text_2: text = 429
314.51495499996236	DATA	Keydown:  
314.52966499998	EXP	text_2: text = 447
314.52966499998	EXP	text_2: autoDraw = false
314.52966499998	EXP	Feedback: text = 430
314.52966499998	EXP	Feedback: autoDraw = true
315.5369499999797	EXP	Feedback: autoDraw = false
315.5369499999797	EXP	Feedback: autoDraw = false
315.5369499999797	EXP	End_text: autoDraw = true
325.6620000000112	DATA	Keydown:  
