0.17799999999999994	EXP	Created Window = Window( name=Window, fullscr=true, color=#000000, units=height, waitBlanking=true, autoLog=true, size=[1366,693] )
11.73	EXP	Created text = TextStim( name=text, win=Window( name=Window, fullscr=true, color=#000000, ~), autoDraw=null, autoLog=true, units=height, ori=null, opacity=1, pos=[0,0], size=undefined, text=INSTRUCTIONS [EN]


A counter will appear and star~, font=Arial, color=#FFFFFF, contrast=1, height=0.03, bold=null, italic=null, alignHoriz=left, alignVert=center, wrapWidth=1, flipHoriz=null, flipVert=null )
11.731	EXP	Created text_3 = TextStim( name=text_3, win=Window( name=Window, fullscr=true, color=#000000, ~), autoDraw=null, autoLog=true, units=height, ori=null, opacity=1, pos=[0,0], size=undefined, text=null, font=Arial, color=#FFFFFF, contrast=1, height=0.1, bold=null, italic=null, alignHoriz=left, alignVert=center, wrapWidth=1, flipHoriz=null, flipVert=null )
11.731	EXP	Created text_2 = TextStim( name=text_2, win=Window( name=Window, fullscr=true, color=#000000, ~), autoDraw=null, autoLog=true, units=height, ori=null, opacity=1, pos=[0,0], size=undefined, text=default text, font=Arial, color=#ff0000, contrast=1, height=0.15, bold=null, italic=null, alignHoriz=left, alignVert=center, wrapWidth=1, flipHoriz=null, flipVert=null )
11.733	EXP	Created Feedback = TextStim( name=Feedback, win=Window( name=Window, fullscr=true, color=#000000, ~), autoDraw=null, autoLog=true, units=height, ori=null, opacity=1, pos=[0,0], size=undefined, text=default text, font=Arial, color=#ff0000, contrast=1, height=0.15, bold=null, italic=null, alignHoriz=left, alignVert=center, wrapWidth=1, flipHoriz=null, flipVert=null )
11.733	EXP	Created End_text = TextStim( name=End_text, win=Window( name=Window, fullscr=true, color=#000000, ~), autoDraw=null, autoLog=true, units=height, ori=null, opacity=1, pos=[0,0], size=undefined, text=This study aimed to look at procedural learning, i~, font=Arial, color=#FFFFFF, contrast=1, height=0.025, bold=null, italic=null, alignHoriz=left, alignVert=center, wrapWidth=1, flipHoriz=null, flipVert=null )
11.751	EXP	text: units = "height"
11.751	EXP	text: ori = 0
11.751	EXP	text: opacity = 1
11.751	EXP	text: pos = [0,0]
11.751	EXP	text: size = undefined
11.751	EXP	text: text = "INSTRUCTIONS [EN]\n\n\nA counter will appear and start counting at random times, press SPACE as fast as possible when it appears.\n\n\nPress SPACE to start\n\n-------\n\nInstruções [PT]\n\n\nUm cronómetro vai aparecer e começar a contar aleatoriamente, pressione a tecla SPACE assim que ele aparecer.\n\n\nPressiona SPACE para começar."
11.751	EXP	text: font = "Arial"
11.751	EXP	text: color = {"_hex":"#FFFFFF","_rgb":[1,1,1]}
11.751	EXP	text: contrast = 1
11.751	EXP	text: height = 0.03
11.751	EXP	text: bold = false
11.751	EXP	text: italic = false
11.751	EXP	text: alignHoriz = "left"
11.751	EXP	text: alignVert = "center"
11.751	EXP	text: wrapWidth = 1
11.751	EXP	text: flipHoriz = false
11.751	EXP	text: flipVert = false
11.751	EXP	text_3: units = "height"
11.751	EXP	text_3: ori = 0
11.751	EXP	text_3: opacity = 1
11.751	EXP	text_3: pos = [0,0]
11.751	EXP	text_3: size = undefined
11.751	EXP	text_3: text = ""
11.751	EXP	text_3: font = "Arial"
11.751	EXP	text_3: color = {"_hex":"#FFFFFF","_rgb":[1,1,1]}
11.751	EXP	text_3: contrast = 1
11.751	EXP	text_3: height = 0.1
11.751	EXP	text_3: bold = false
11.751	EXP	text_3: italic = false
11.751	EXP	text_3: alignHoriz = "left"
11.751	EXP	text_3: alignVert = "center"
11.751	EXP	text_3: wrapWidth = 1
11.751	EXP	text_3: flipHoriz = false
11.751	EXP	text_3: flipVert = false
11.751	EXP	text_2: units = "height"
11.751	EXP	text_2: ori = 0
11.751	EXP	text_2: opacity = 1
11.751	EXP	text_2: pos = [0,0]
11.751	EXP	text_2: size = undefined
11.751	EXP	text_2: text = "default text"
11.751	EXP	text_2: font = "Arial"
11.751	EXP	text_2: color = {"_rgb":[1,0,0]}
11.751	EXP	text_2: contrast = 1
11.751	EXP	text_2: height = 0.15
11.751	EXP	text_2: bold = false
11.751	EXP	text_2: italic = false
11.751	EXP	text_2: alignHoriz = "left"
11.751	EXP	text_2: alignVert = "center"
11.751	EXP	text_2: wrapWidth = 1
11.751	EXP	text_2: flipHoriz = false
11.751	EXP	text_2: flipVert = false
11.751	EXP	Feedback: units = "height"
11.751	EXP	Feedback: ori = 0
11.751	EXP	Feedback: opacity = 1
11.751	EXP	Feedback: pos = [0,0]
11.751	EXP	Feedback: size = undefined
11.751	EXP	Feedback: text = "default text"
11.751	EXP	Feedback: font = "Arial"
11.751	EXP	Feedback: color = {"_rgb":[1,0,0]}
11.751	EXP	Feedback: contrast = 1
11.751	EXP	Feedback: height = 0.15
11.751	EXP	Feedback: bold = false
11.751	EXP	Feedback: italic = false
11.751	EXP	Feedback: alignHoriz = "left"
11.751	EXP	Feedback: alignVert = "center"
11.751	EXP	Feedback: wrapWidth = 1
11.751	EXP	Feedback: flipHoriz = false
11.751	EXP	Feedback: flipVert = false
11.751	EXP	End_text: units = "height"
11.751	EXP	End_text: ori = 0
11.751	EXP	End_text: opacity = 1
11.751	EXP	End_text: pos = [0,0]
11.751	EXP	End_text: size = undefined
11.751	EXP	End_text: text = "This study aimed to look at procedural learning, i.e. our ability to extract patterns from the input that we are constantly receiving. This skill is thought to be essential for language and literacy acquisition and has been suggested as a possible underlying difficult in children with Language Impairments and Dyslexia. This study aims to improve the measures of procedural learning (the smiley face task) so that we can measure procedural learning more reliably and, in the future, analyse the performance of individuals with learning impairments.\nThank you for participating!\n\n----\n\nEste estudo tem como objectivo analisar a nossa capacidade de extrair padrões da informação que estamos constantemente a receber. Pensa-se que esta competência é essencial para a aquisição da linguagem e literacia e foi sugerido que dificuldades neste tipo de competências poderá estar relacionado com perturbações da linguagem e Dislexia. Este estudo tem como objectivo melhorar a estabilidade das medidas usadas para medir este tipo de memória (a tarefa da cara sorridente) de forma a poder medir de forma mais precisa e, no futuro, analisar a performance de indivíduos com perturbações da aprendizagem. \nMuito obrigada por ter participado!"
11.751	EXP	End_text: font = "Arial"
11.751	EXP	End_text: color = {"_hex":"#FFFFFF","_rgb":[1,1,1]}
11.751	EXP	End_text: contrast = 1
11.751	EXP	End_text: height = 0.025
11.751	EXP	End_text: bold = false
11.751	EXP	End_text: italic = false
11.751	EXP	End_text: alignHoriz = "left"
11.751	EXP	End_text: alignVert = "center"
11.751	EXP	End_text: wrapWidth = 1
11.751	EXP	End_text: flipHoriz = false
11.751	EXP	End_text: flipVert = false
11.751	EXP	text: autoDraw = true
29.067999999999998	DATA	Keydown:  
29.104999999999997	EXP	text: autoDraw = false
29.104999999999997	EXP	text_3: autoDraw = true
33.318	EXP	text_3: autoDraw = false
33.318	EXP	text_3: autoDraw = false
33.318	EXP	text_2: autoDraw = true
33.318	EXP	text_2: text = 2
33.321999999999996	EXP	text_2: text = 50
33.339999999999996	EXP	text_2: text = 66
33.359	EXP	text_2: text = 83
33.375	EXP	text_2: text = 99
33.391	EXP	text_2: text = 116
33.407	EXP	text_2: text = 132
33.424	EXP	text_2: text = 150
33.44	EXP	text_2: text = 166
33.457	EXP	text_2: text = 183
33.474	EXP	text_2: text = 200
33.489999999999995	EXP	text_2: text = 216
33.507	EXP	text_2: text = 233
33.524	EXP	text_2: text = 249
33.539	EXP	text_2: text = 266
33.556999999999995	EXP	text_2: text = 282
33.573	EXP	text_2: text = 300
33.589999999999996	EXP	text_2: text = 316
33.606	EXP	text_2: text = 332
33.623	EXP	text_2: text = 349
33.64	EXP	text_2: text = 366
33.657	EXP	text_2: text = 383
33.672999999999995	EXP	text_2: text = 399
33.689	EXP	text_2: text = 416
33.690999999999995	DATA	Keydown:  
33.707	EXP	text_2: text = 432
33.707	EXP	text_2: autoDraw = false
33.707	EXP	Feedback: text = 373
33.707	EXP	Feedback: autoDraw = true
33.823	DATA	Keydown:  
33.973	DATA	Keydown:  
34.11	DATA	Keydown:  
34.705999999999996	EXP	Feedback: autoDraw = false
34.705999999999996	EXP	Feedback: autoDraw = false
34.705999999999996	EXP	text_3: autoDraw = true
39.285	EXP	text_3: autoDraw = false
39.285	EXP	text_3: autoDraw = false
39.285	EXP	text_2: autoDraw = true
39.285	EXP	text_2: text = 0
39.302	EXP	text_2: text = 16
39.318	EXP	text_2: text = 33
39.335	EXP	text_2: text = 49
39.351	EXP	text_2: text = 66
39.367	EXP	text_2: text = 83
39.384	EXP	text_2: text = 99
39.400999999999996	EXP	text_2: text = 116
39.417	EXP	text_2: text = 132
39.434999999999995	EXP	text_2: text = 149
39.452	EXP	text_2: text = 166
39.467	EXP	text_2: text = 183
39.485	EXP	text_2: text = 199
39.501999999999995	EXP	text_2: text = 215
39.516999999999996	EXP	text_2: text = 233
39.535	EXP	text_2: text = 249
39.537	DATA	Keydown:  
39.550999999999995	EXP	text_2: text = 265
39.550999999999995	EXP	text_2: autoDraw = false
39.550999999999995	EXP	Feedback: text = 252
39.550999999999995	EXP	Feedback: autoDraw = true
39.736999999999995	DATA	Keydown:  
40.268	DATA	Keydown:  
40.550999999999995	EXP	Feedback: autoDraw = false
40.550999999999995	EXP	Feedback: autoDraw = false
40.550999999999995	EXP	text_3: autoDraw = true
40.717	DATA	Keydown:  
41.068999999999996	DATA	Keydown:  
41.451	DATA	Keydown:  
46.626999999999995	DATA	Keydown:  
46.811	DATA	Keydown:  
46.952	DATA	Keydown:  
50.312999999999995	EXP	text_3: autoDraw = false
50.312999999999995	EXP	text_3: autoDraw = false
50.312999999999995	EXP	text_2: autoDraw = true
50.312999999999995	EXP	text_2: text = 0
50.324999999999996	EXP	text_2: text = 16
50.344	EXP	text_2: text = 32
50.359	EXP	text_2: text = 49
50.373999999999995	EXP	text_2: text = 65
50.39	EXP	text_2: text = 82
50.407	EXP	text_2: text = 99
50.422999999999995	EXP	text_2: text = 115
50.440999999999995	EXP	text_2: text = 132
50.457	EXP	text_2: text = 148
50.473	EXP	text_2: text = 165
50.491	EXP	text_2: text = 182
50.507999999999996	EXP	text_2: text = 199
50.524	EXP	text_2: text = 215
50.54	EXP	text_2: text = 231
50.556	EXP	text_2: text = 249
50.559	DATA	Keydown:  
50.574999999999996	EXP	text_2: text = 266
50.574999999999996	EXP	text_2: autoDraw = false
50.574999999999996	EXP	Feedback: text = 247
50.574999999999996	EXP	Feedback: autoDraw = true
50.723	DATA	Keydown:  
50.847	DATA	Keydown:  
51.573	EXP	Feedback: autoDraw = false
51.573	EXP	Feedback: autoDraw = false
51.573	EXP	text_3: autoDraw = true
59.086999999999996	EXP	text_3: autoDraw = false
59.086999999999996	EXP	text_3: autoDraw = false
59.086999999999996	EXP	text_2: autoDraw = true
59.086999999999996	EXP	text_2: text = 0
59.098	EXP	text_2: text = 12
59.114999999999995	EXP	text_2: text = 28
59.132	EXP	text_2: text = 45
59.149	EXP	text_2: text = 61
59.166	EXP	text_2: text = 78
59.181999999999995	EXP	text_2: text = 94
59.199	EXP	text_2: text = 112
59.214999999999996	EXP	text_2: text = 128
59.232	EXP	text_2: text = 144
59.248	EXP	text_2: text = 161
59.265	EXP	text_2: text = 178
59.282	EXP	text_2: text = 194
59.297999999999995	EXP	text_2: text = 211
59.315	EXP	text_2: text = 228
59.332	EXP	text_2: text = 245
59.348	EXP	text_2: text = 261
59.35	DATA	Keydown:  
59.364999999999995	EXP	text_2: text = 278
59.364999999999995	EXP	text_2: autoDraw = false
59.364999999999995	EXP	Feedback: text = 263
59.364999999999995	EXP	Feedback: autoDraw = true
59.532	DATA	Keydown:  
59.669	DATA	Keydown:  
59.824	DATA	Keydown:  
59.948	DATA	Keydown:  
60.098	DATA	Keydown:  
60.25	DATA	Keydown:  
60.364999999999995	EXP	Feedback: autoDraw = false
60.364999999999995	EXP	Feedback: autoDraw = false
60.364999999999995	EXP	text_3: autoDraw = true
60.415	DATA	Keydown:  
60.580999999999996	DATA	Keydown:  
62.699000000000005	EXP	text_3: autoDraw = false
62.699000000000005	EXP	text_3: autoDraw = false
62.699000000000005	EXP	text_2: autoDraw = true
62.699000000000005	EXP	text_2: text = 0
62.713	EXP	text_2: text = 16
62.73	EXP	text_2: text = 33
62.74699999999999	EXP	text_2: text = 50
62.763	EXP	text_2: text = 67
62.779	EXP	text_2: text = 82
62.794999999999995	EXP	text_2: text = 99
62.811	EXP	text_2: text = 116
62.829	EXP	text_2: text = 133
62.84499999999999	EXP	text_2: text = 150
62.861	EXP	text_2: text = 166
62.87799999999999	EXP	text_2: text = 183
62.895	EXP	text_2: text = 200
62.910999999999994	EXP	text_2: text = 216
62.928000000000004	EXP	text_2: text = 233
62.945	EXP	text_2: text = 249
62.96099999999999	EXP	text_2: text = 266
62.978	EXP	text_2: text = 283
62.99399999999999	EXP	text_2: text = 300
63.011	EXP	text_2: text = 316
63.028	EXP	text_2: text = 333
63.044999999999995	EXP	text_2: text = 349
63.061	EXP	text_2: text = 366
63.077000000000005	EXP	text_2: text = 383
63.09499999999999	EXP	text_2: text = 399
63.111	EXP	text_2: text = 416
63.12799999999999	EXP	text_2: text = 432
63.144	EXP	text_2: text = 450
63.160999999999994	EXP	text_2: text = 466
63.172000000000004	DATA	Keydown:  
63.178000000000004	EXP	text_2: text = 482
63.178000000000004	EXP	text_2: autoDraw = false
63.178000000000004	EXP	Feedback: text = 473
63.178000000000004	EXP	Feedback: autoDraw = true
63.315999999999995	DATA	Keydown:  
63.431000000000004	DATA	Keydown:  
63.580999999999996	DATA	Keydown:  
63.71099999999999	DATA	Keydown:  
63.847	DATA	Keydown:  
63.99399999999999	DATA	Keydown:  
64.176	EXP	Feedback: autoDraw = false
64.176	EXP	Feedback: autoDraw = false
64.176	EXP	text_3: autoDraw = true
73.623	EXP	text_3: autoDraw = false
73.623	EXP	text_3: autoDraw = false
73.623	EXP	text_2: autoDraw = true
73.623	EXP	text_2: text = 0
73.635	EXP	text_2: text = 16
73.65	EXP	text_2: text = 32
73.667	EXP	text_2: text = 49
73.68400000000001	EXP	text_2: text = 66
73.70100000000001	EXP	text_2: text = 82
73.71900000000001	EXP	text_2: text = 99
73.73400000000001	EXP	text_2: text = 116
73.751	EXP	text_2: text = 132
73.768	EXP	text_2: text = 149
73.786	EXP	text_2: text = 165
73.802	EXP	text_2: text = 183
73.81700000000001	EXP	text_2: text = 199
73.833	EXP	text_2: text = 216
73.851	EXP	text_2: text = 232
73.867	EXP	text_2: text = 249
73.884	EXP	text_2: text = 266
73.885	DATA	Keydown:  
73.90100000000001	EXP	text_2: text = 282
73.90100000000001	EXP	text_2: autoDraw = false
73.90100000000001	EXP	Feedback: text = 263
73.90100000000001	EXP	Feedback: autoDraw = true
74.042	DATA	Keydown:  
74.20100000000001	DATA	Keydown:  
74.33500000000001	DATA	Keydown:  
74.459	DATA	Keydown:  
74.58500000000001	DATA	Keydown:  
74.72	DATA	Keydown:  
74.9	EXP	Feedback: autoDraw = false
74.9	EXP	Feedback: autoDraw = false
74.9	EXP	text_3: autoDraw = true
79.77900000000001	EXP	text_3: autoDraw = false
79.77900000000001	EXP	text_3: autoDraw = false
79.77900000000001	EXP	text_2: autoDraw = true
79.77900000000001	EXP	text_2: text = 0
79.795	EXP	text_2: text = 15
79.811	EXP	text_2: text = 32
79.828	EXP	text_2: text = 48
79.845	EXP	text_2: text = 66
79.86200000000001	EXP	text_2: text = 83
79.879	EXP	text_2: text = 99
79.89500000000001	EXP	text_2: text = 116
79.912	EXP	text_2: text = 132
79.92800000000001	EXP	text_2: text = 149
79.94500000000001	EXP	text_2: text = 166
79.961	EXP	text_2: text = 182
79.97800000000001	EXP	text_2: text = 199
79.99600000000001	EXP	text_2: text = 216
80.013	EXP	text_2: text = 232
80.027	EXP	text_2: text = 249
80.04400000000001	EXP	text_2: text = 265
80.046	DATA	Keydown:  
80.063	EXP	text_2: text = 282
80.063	EXP	text_2: autoDraw = false
80.063	EXP	Feedback: text = 267
80.063	EXP	Feedback: autoDraw = true
80.203	DATA	Keydown:  
80.351	DATA	Keydown:  
80.495	DATA	Keydown:  
80.61800000000001	DATA	Keydown:  
80.78	DATA	Keydown:  
80.944	DATA	Keydown:  
81.06	EXP	Feedback: autoDraw = false
81.06	EXP	Feedback: autoDraw = false
81.06	EXP	text_3: autoDraw = true
87.42500000000001	EXP	text_3: autoDraw = false
87.42500000000001	EXP	text_3: autoDraw = false
87.42500000000001	EXP	text_2: autoDraw = true
87.42500000000001	EXP	text_2: text = 0
87.43900000000001	EXP	text_2: text = 17
87.458	EXP	text_2: text = 33
87.47200000000001	EXP	text_2: text = 49
87.48700000000001	EXP	text_2: text = 66
87.504	EXP	text_2: text = 82
87.52000000000001	EXP	text_2: text = 99
87.536	EXP	text_2: text = 116
87.554	EXP	text_2: text = 132
87.57000000000001	EXP	text_2: text = 150
87.587	EXP	text_2: text = 166
87.604	EXP	text_2: text = 183
87.62100000000001	EXP	text_2: text = 199
87.637	EXP	text_2: text = 216
87.653	EXP	text_2: text = 232
87.67200000000001	EXP	text_2: text = 250
87.69000000000001	EXP	text_2: text = 266
87.705	EXP	text_2: text = 282
87.708	DATA	Keydown:  
87.72200000000001	EXP	text_2: text = 299
87.72200000000001	EXP	text_2: autoDraw = false
87.72200000000001	EXP	Feedback: text = 283
87.72200000000001	EXP	Feedback: autoDraw = true
87.81500000000001	DATA	Keydown:  
87.961	DATA	Keydown:  
88.10300000000001	DATA	Keydown:  
88.254	DATA	Keydown:  
88.378	DATA	Keydown:  
88.524	DATA	Keydown:  
88.66300000000001	DATA	Keydown:  
88.71900000000001	EXP	Feedback: autoDraw = false
88.71900000000001	EXP	Feedback: autoDraw = false
88.71900000000001	EXP	text_3: autoDraw = true
98.464	EXP	text_3: autoDraw = false
98.464	EXP	text_3: autoDraw = false
98.464	EXP	text_2: autoDraw = true
98.464	EXP	text_2: text = 0
98.47800000000001	EXP	text_2: text = 16
98.494	EXP	text_2: text = 34
98.509	EXP	text_2: text = 49
98.527	EXP	text_2: text = 66
98.543	EXP	text_2: text = 82
98.55900000000001	EXP	text_2: text = 100
98.57600000000001	EXP	text_2: text = 117
98.593	EXP	text_2: text = 133
98.61	EXP	text_2: text = 149
98.62700000000001	EXP	text_2: text = 166
98.643	EXP	text_2: text = 183
98.66000000000001	EXP	text_2: text = 199
98.676	EXP	text_2: text = 216
98.69200000000001	EXP	text_2: text = 233
98.71000000000001	EXP	text_2: text = 249
98.715	DATA	Keydown:  
98.727	EXP	text_2: text = 266
98.727	EXP	text_2: autoDraw = false
98.727	EXP	Feedback: text = 251
98.727	EXP	Feedback: autoDraw = true
98.893	DATA	Keydown:  
99.061	DATA	Keydown:  
99.16600000000001	DATA	Keydown:  
99.31200000000001	DATA	Keydown:  
99.461	DATA	Keydown:  
99.632	DATA	Keydown:  
99.72500000000001	EXP	Feedback: autoDraw = false
99.72500000000001	EXP	Feedback: autoDraw = false
99.72500000000001	EXP	text_3: autoDraw = true
104.82400000000001	EXP	text_3: autoDraw = false
104.82400000000001	EXP	text_3: autoDraw = false
104.82400000000001	EXP	text_2: autoDraw = true
104.82400000000001	EXP	text_2: text = 0
104.83800000000001	EXP	text_2: text = 16
104.855	EXP	text_2: text = 33
104.872	EXP	text_2: text = 49
104.887	EXP	text_2: text = 66
104.90400000000001	EXP	text_2: text = 83
104.921	EXP	text_2: text = 99
104.93700000000001	EXP	text_2: text = 116
104.95400000000001	EXP	text_2: text = 132
104.97	EXP	text_2: text = 149
104.98700000000001	EXP	text_2: text = 166
105.004	EXP	text_2: text = 182
105.02000000000001	EXP	text_2: text = 199
105.037	EXP	text_2: text = 215
105.055	EXP	text_2: text = 232
105.07000000000001	EXP	text_2: text = 249
105.087	EXP	text_2: text = 266
105.09	DATA	Keydown:  
105.10300000000001	EXP	text_2: text = 282
105.10300000000001	EXP	text_2: autoDraw = false
105.10300000000001	EXP	Feedback: text = 266
105.10300000000001	EXP	Feedback: autoDraw = true
105.226	DATA	Keydown:  
105.62	DATA	Keydown:  
105.77300000000001	DATA	Keydown:  
105.93700000000001	DATA	Keydown:  
106.086	DATA	Keydown:  
106.102	EXP	Feedback: autoDraw = false
106.102	EXP	Feedback: autoDraw = false
106.102	EXP	text_3: autoDraw = true
106.253	DATA	Keydown:  
106.423	DATA	Keydown:  
109.087	EXP	text_3: autoDraw = false
109.087	EXP	text_3: autoDraw = false
109.087	EXP	text_2: autoDraw = true
109.087	EXP	text_2: text = 0
109.10000000000001	EXP	text_2: text = 17
109.116	EXP	text_2: text = 33
109.132	EXP	text_2: text = 50
109.149	EXP	text_2: text = 66
109.16600000000001	EXP	text_2: text = 83
109.182	EXP	text_2: text = 99
109.19900000000001	EXP	text_2: text = 116
109.215	EXP	text_2: text = 132
109.233	EXP	text_2: text = 150
109.251	EXP	text_2: text = 166
109.26700000000001	EXP	text_2: text = 183
109.283	EXP	text_2: text = 199
109.301	EXP	text_2: text = 216
109.31700000000001	EXP	text_2: text = 233
109.333	EXP	text_2: text = 249
109.35000000000001	EXP	text_2: text = 266
109.366	EXP	text_2: text = 283
109.382	EXP	text_2: text = 299
109.4	EXP	text_2: text = 316
109.41600000000001	EXP	text_2: text = 333
109.432	EXP	text_2: text = 349
109.45	EXP	text_2: text = 366
109.465	EXP	text_2: text = 382
109.483	EXP	text_2: text = 399
109.49900000000001	EXP	text_2: text = 415
109.516	EXP	text_2: text = 432
109.518	DATA	Keydown:  
109.536	EXP	text_2: text = 450
109.536	EXP	text_2: autoDraw = false
109.536	EXP	Feedback: text = 431
109.536	EXP	Feedback: autoDraw = true
109.656	DATA	Keydown:  
109.80300000000001	DATA	Keydown:  
109.94000000000001	DATA	Keydown:  
110.07600000000001	DATA	Keydown:  
110.21600000000001	DATA	Keydown:  
110.351	DATA	Keydown:  
110.516	DATA	Keydown:  
110.53	EXP	Feedback: autoDraw = false
110.53	EXP	Feedback: autoDraw = false
110.53	EXP	text_3: autoDraw = true
110.674	DATA	Keydown:  
119.379	DATA	Keydown:  
119.71000000000001	EXP	text_3: autoDraw = false
119.71000000000001	EXP	text_3: autoDraw = false
119.71000000000001	EXP	text_2: autoDraw = true
119.71000000000001	EXP	text_2: text = 0
119.724	EXP	text_2: text = 17
119.741	EXP	text_2: text = 33
119.757	EXP	text_2: text = 50
119.772	EXP	text_2: text = 66
119.789	EXP	text_2: text = 82
119.80600000000001	EXP	text_2: text = 99
119.82300000000001	EXP	text_2: text = 116
119.839	EXP	text_2: text = 133
119.855	EXP	text_2: text = 149
119.87400000000001	EXP	text_2: text = 166
119.89	EXP	text_2: text = 183
119.905	EXP	text_2: text = 199
119.92200000000001	EXP	text_2: text = 216
119.93900000000001	EXP	text_2: text = 233
119.956	EXP	text_2: text = 249
119.97200000000001	EXP	text_2: text = 266
119.989	EXP	text_2: text = 282
120.00500000000001	EXP	text_2: text = 300
120.021	EXP	text_2: text = 315
120.039	EXP	text_2: text = 332
120.04100000000001	DATA	Keydown:  
120.057	EXP	text_2: text = 350
120.057	EXP	text_2: autoDraw = false
120.057	EXP	Feedback: text = 332
120.057	EXP	Feedback: autoDraw = true
120.19500000000001	DATA	Keydown:  
120.36500000000001	DATA	Keydown:  
120.521	DATA	Keydown:  
120.66300000000001	DATA	Keydown:  
120.80600000000001	DATA	Keydown:  
120.94500000000001	DATA	Keydown:  
121.054	EXP	Feedback: autoDraw = false
121.054	EXP	Feedback: autoDraw = false
121.054	EXP	text_3: autoDraw = true
121.44200000000001	DATA	Keydown:  
123.872	EXP	text_3: autoDraw = false
123.872	EXP	text_3: autoDraw = false
123.872	EXP	text_2: autoDraw = true
123.872	EXP	text_2: text = 0
123.887	EXP	text_2: text = 17
123.90100000000001	EXP	text_2: text = 34
123.918	EXP	text_2: text = 50
123.935	EXP	text_2: text = 67
123.95100000000001	EXP	text_2: text = 84
123.968	EXP	text_2: text = 100
123.98700000000001	EXP	text_2: text = 117
124.004	EXP	text_2: text = 134
124.021	EXP	text_2: text = 151
124.036	EXP	text_2: text = 167
124.05000000000001	EXP	text_2: text = 183
124.06800000000001	EXP	text_2: text = 200
124.084	EXP	text_2: text = 217
124.101	EXP	text_2: text = 233
124.11800000000001	EXP	text_2: text = 250
124.135	EXP	text_2: text = 267
124.137	DATA	Keydown:  
124.152	EXP	text_2: text = 283
124.152	EXP	text_2: autoDraw = false
124.152	EXP	Feedback: text = 265
124.152	EXP	Feedback: autoDraw = true
124.268	DATA	Keydown:  
124.43700000000001	DATA	Keydown:  
124.586	DATA	Keydown:  
124.75200000000001	DATA	Keydown:  
124.91900000000001	DATA	Keydown:  
125.07400000000001	DATA	Keydown:  
125.15100000000001	EXP	Feedback: autoDraw = false
125.15100000000001	EXP	Feedback: autoDraw = false
125.15100000000001	EXP	text_3: autoDraw = true
125.311	DATA	Keydown:  
134.946	EXP	text_3: autoDraw = false
134.946	EXP	text_3: autoDraw = false
134.946	EXP	text_2: autoDraw = true
134.946	EXP	text_2: text = 0
134.959	EXP	text_2: text = 16
134.974	EXP	text_2: text = 33
134.99099999999999	EXP	text_2: text = 50
135.00799999999998	EXP	text_2: text = 67
135.02499999999998	EXP	text_2: text = 83
135.041	EXP	text_2: text = 100
135.059	EXP	text_2: text = 116
135.075	EXP	text_2: text = 133
135.09099999999998	EXP	text_2: text = 149
135.108	EXP	text_2: text = 166
135.124	EXP	text_2: text = 182
135.141	EXP	text_2: text = 199
135.158	EXP	text_2: text = 216
135.17499999999998	EXP	text_2: text = 233
135.191	EXP	text_2: text = 249
135.209	EXP	text_2: text = 266
135.224	EXP	text_2: text = 283
135.242	EXP	text_2: text = 299
135.25799999999998	EXP	text_2: text = 316
135.274	EXP	text_2: text = 332
135.28199999999998	DATA	Keydown:  
135.291	EXP	text_2: text = 349
135.291	EXP	text_2: autoDraw = false
135.291	EXP	Feedback: text = 337
135.291	EXP	Feedback: autoDraw = true
135.451	DATA	Keydown:  
135.624	DATA	Keydown:  
135.774	DATA	Keydown:  
135.929	DATA	Keydown:  
136.06099999999998	DATA	Keydown:  
136.249	DATA	Keydown:  
136.29	EXP	Feedback: autoDraw = false
136.29	EXP	Feedback: autoDraw = false
136.29	EXP	text_3: autoDraw = true
136.374	DATA	Keydown:  
136.62199999999999	DATA	Keydown:  
138.32	DATA	Keydown:  
144.432	EXP	text_3: autoDraw = false
144.432	EXP	text_3: autoDraw = false
144.432	EXP	text_2: autoDraw = true
144.432	EXP	text_2: text = 0
144.447	EXP	text_2: text = 17
144.464	EXP	text_2: text = 33
144.482	EXP	text_2: text = 51
144.498	EXP	text_2: text = 67
144.515	EXP	text_2: text = 84
144.53099999999998	EXP	text_2: text = 100
144.548	EXP	text_2: text = 116
144.564	EXP	text_2: text = 134
144.581	EXP	text_2: text = 150
144.59799999999998	EXP	text_2: text = 167
144.614	EXP	text_2: text = 183
144.631	EXP	text_2: text = 200
144.648	EXP	text_2: text = 217
144.665	EXP	text_2: text = 233
144.682	EXP	text_2: text = 250
144.69899999999998	EXP	text_2: text = 267
144.714	EXP	text_2: text = 283
144.731	EXP	text_2: text = 300
144.748	EXP	text_2: text = 317
144.766	EXP	text_2: text = 333
144.768	DATA	Keydown:  
144.78199999999998	EXP	text_2: text = 350
144.78199999999998	EXP	text_2: autoDraw = false
144.78199999999998	EXP	Feedback: text = 336
144.78199999999998	EXP	Feedback: autoDraw = true
144.922	DATA	Keydown:  
145.102	DATA	Keydown:  
145.266	DATA	Keydown:  
145.435	DATA	Keydown:  
145.606	DATA	Keydown:  
145.773	DATA	Keydown:  
145.78	EXP	Feedback: autoDraw = false
145.78	EXP	Feedback: autoDraw = false
145.78	EXP	text_3: autoDraw = true
145.947	DATA	Keydown:  
146.11499999999998	DATA	Keydown:  
152.70999999999998	EXP	text_3: autoDraw = false
152.70999999999998	EXP	text_3: autoDraw = false
152.70999999999998	EXP	text_2: autoDraw = true
152.70999999999998	EXP	text_2: text = 0
152.726	EXP	text_2: text = 17
152.743	EXP	text_2: text = 33
152.759	EXP	text_2: text = 49
152.774	EXP	text_2: text = 67
152.791	EXP	text_2: text = 82
152.808	EXP	text_2: text = 100
152.825	EXP	text_2: text = 116
152.84099999999998	EXP	text_2: text = 133
152.857	EXP	text_2: text = 149
152.873	EXP	text_2: text = 166
152.89	EXP	text_2: text = 182
152.90699999999998	EXP	text_2: text = 199
152.923	EXP	text_2: text = 216
152.941	EXP	text_2: text = 233
152.957	EXP	text_2: text = 249
152.974	EXP	text_2: text = 267
152.975	DATA	Keydown:  
152.99099999999999	EXP	text_2: text = 283
152.99099999999999	EXP	text_2: autoDraw = false
152.99099999999999	EXP	Feedback: text = 265
152.99099999999999	EXP	Feedback: autoDraw = true
153.12199999999999	DATA	Keydown:  
153.28	DATA	Keydown:  
153.44	DATA	Keydown:  
153.582	DATA	Keydown:  
153.757	DATA	Keydown:  
153.90599999999998	DATA	Keydown:  
153.988	EXP	Feedback: autoDraw = false
153.988	EXP	Feedback: autoDraw = false
153.988	EXP	text_3: autoDraw = true
154.678	DATA	Keydown:  
157.988	EXP	text_3: autoDraw = false
157.988	EXP	text_3: autoDraw = false
157.988	EXP	text_2: autoDraw = true
157.988	EXP	text_2: text = 0
158.00199999999998	EXP	text_2: text = 16
158.01999999999998	EXP	text_2: text = 33
158.036	EXP	text_2: text = 50
158.051	EXP	text_2: text = 67
158.06799999999998	EXP	text_2: text = 83
158.08499999999998	EXP	text_2: text = 100
158.102	EXP	text_2: text = 116
158.119	EXP	text_2: text = 133
158.136	EXP	text_2: text = 149
158.152	EXP	text_2: text = 167
158.16899999999998	EXP	text_2: text = 183
158.18599999999998	EXP	text_2: text = 200
158.202	EXP	text_2: text = 216
158.219	EXP	text_2: text = 233
158.23499999999999	EXP	text_2: text = 249
158.25199999999998	EXP	text_2: text = 266
158.255	DATA	Keydown:  
158.26999999999998	EXP	text_2: text = 283
158.26999999999998	EXP	text_2: autoDraw = false
158.26999999999998	EXP	Feedback: text = 267
158.26999999999998	EXP	Feedback: autoDraw = true
158.402	DATA	Keydown:  
158.57399999999998	DATA	Keydown:  
158.725	DATA	Keydown:  
158.902	DATA	Keydown:  
159.06	DATA	Keydown:  
159.208	DATA	Keydown:  
159.267	EXP	Feedback: autoDraw = false
159.267	EXP	Feedback: autoDraw = false
159.267	EXP	text_3: autoDraw = true
159.402	DATA	Keydown:  
159.593	DATA	Keydown:  
161.69799999999998	EXP	text_3: autoDraw = false
161.69799999999998	EXP	text_3: autoDraw = false
161.69799999999998	EXP	text_2: autoDraw = true
161.69799999999998	EXP	text_2: text = 0
161.713	EXP	text_2: text = 16
161.732	EXP	text_2: text = 32
161.748	EXP	text_2: text = 49
161.76399999999998	EXP	text_2: text = 66
161.78199999999998	EXP	text_2: text = 83
161.79999999999998	EXP	text_2: text = 100
161.813	EXP	text_2: text = 116
161.82999999999998	EXP	text_2: text = 132
161.84699999999998	EXP	text_2: text = 149
161.864	EXP	text_2: text = 166
161.88	EXP	text_2: text = 183
161.897	EXP	text_2: text = 200
161.914	EXP	text_2: text = 216
161.92999999999998	EXP	text_2: text = 233
161.94799999999998	EXP	text_2: text = 249
161.965	EXP	text_2: text = 266
161.98	EXP	text_2: text = 282
161.99699999999999	EXP	text_2: text = 300
162.01399999999998	EXP	text_2: text = 316
162.03	EXP	text_2: text = 333
162.047	EXP	text_2: text = 349
162.048	DATA	Keydown:  
162.064	EXP	text_2: text = 366
162.064	EXP	text_2: autoDraw = false
162.064	EXP	Feedback: text = 350
162.064	EXP	Feedback: autoDraw = true
162.182	DATA	Keydown:  
162.331	DATA	Keydown:  
162.468	DATA	Keydown:  
162.62099999999998	DATA	Keydown:  
162.765	DATA	Keydown:  
162.932	DATA	Keydown:  
163.064	EXP	Feedback: autoDraw = false
163.064	EXP	Feedback: autoDraw = false
163.064	EXP	text_3: autoDraw = true
163.089	DATA	Keydown:  
163.25199999999998	DATA	Keydown:  
168.112	EXP	text_3: autoDraw = false
168.112	EXP	text_3: autoDraw = false
168.112	EXP	text_2: autoDraw = true
168.112	EXP	text_2: text = 0
168.126	EXP	text_2: text = 17
168.14399999999998	EXP	text_2: text = 33
168.159	EXP	text_2: text = 50
168.176	EXP	text_2: text = 67
168.19199999999998	EXP	text_2: text = 83
168.208	EXP	text_2: text = 100
168.226	EXP	text_2: text = 117
168.242	EXP	text_2: text = 134
168.259	EXP	text_2: text = 150
168.27499999999998	EXP	text_2: text = 167
168.291	EXP	text_2: text = 183
168.308	EXP	text_2: text = 200
168.325	EXP	text_2: text = 217
168.34199999999998	EXP	text_2: text = 233
168.35999999999999	EXP	text_2: text = 250
168.375	EXP	text_2: text = 267
168.392	EXP	text_2: text = 283
168.39399999999998	DATA	Keydown:  
168.41	EXP	text_2: text = 300
168.41	EXP	text_2: autoDraw = false
168.41	EXP	Feedback: text = 282
168.41	EXP	Feedback: autoDraw = true
168.534	DATA	Keydown:  
168.702	DATA	Keydown:  
168.86599999999999	DATA	Keydown:  
169.111	DATA	Keydown:  
169.308	DATA	Keydown:  
169.408	EXP	Feedback: autoDraw = false
169.408	EXP	Feedback: autoDraw = false
169.408	EXP	text_3: autoDraw = true
169.52499999999998	DATA	Keydown:  
169.70999999999998	DATA	Keydown:  
172.408	EXP	text_3: autoDraw = false
172.408	EXP	text_3: autoDraw = false
172.408	EXP	text_2: autoDraw = true
172.408	EXP	text_2: text = 0
172.422	EXP	text_2: text = 17
172.44	EXP	text_2: text = 33
172.45499999999998	EXP	text_2: text = 50
172.47	EXP	text_2: text = 66
172.487	EXP	text_2: text = 84
172.504	EXP	text_2: text = 100
172.522	EXP	text_2: text = 116
172.539	EXP	text_2: text = 133
172.554	EXP	text_2: text = 150
172.57	EXP	text_2: text = 167
172.587	EXP	text_2: text = 183
172.60399999999998	EXP	text_2: text = 200
172.62099999999998	EXP	text_2: text = 217
172.637	EXP	text_2: text = 233
172.653	EXP	text_2: text = 249
172.671	EXP	text_2: text = 267
172.68699999999998	EXP	text_2: text = 283
172.703	EXP	text_2: text = 300
172.72	EXP	text_2: text = 317
172.737	EXP	text_2: text = 333
172.754	EXP	text_2: text = 349
172.772	EXP	text_2: text = 366
172.78799999999998	EXP	text_2: text = 382
172.804	EXP	text_2: text = 399
172.82	EXP	text_2: text = 416
172.837	EXP	text_2: text = 433
172.85299999999998	EXP	text_2: text = 450
172.869	EXP	text_2: text = 466
172.886	EXP	text_2: text = 482
172.904	EXP	text_2: text = 500
172.92	EXP	text_2: text = 516
172.93699999999998	EXP	text_2: text = 533
172.95399999999998	EXP	text_2: text = 549
172.97	EXP	text_2: text = 566
172.988	EXP	text_2: text = 583
173.004	EXP	text_2: text = 599
173.005	DATA	Keydown:  
173.01999999999998	EXP	text_2: text = 616
173.01999999999998	EXP	text_2: autoDraw = false
173.01999999999998	EXP	Feedback: text = 597
173.01999999999998	EXP	Feedback: autoDraw = true
173.152	DATA	Keydown:  
173.30499999999998	DATA	Keydown:  
173.456	DATA	Keydown:  
173.59699999999998	DATA	Keydown:  
173.74099999999999	DATA	Keydown:  
173.886	DATA	Keydown:  
174.018	EXP	Feedback: autoDraw = false
174.018	EXP	Feedback: autoDraw = false
174.018	EXP	text_3: autoDraw = true
174.03	DATA	Keydown:  
174.19	DATA	Keydown:  
177.953	EXP	text_3: autoDraw = false
177.953	EXP	text_3: autoDraw = false
177.953	EXP	text_2: autoDraw = true
177.953	EXP	text_2: text = 0
177.968	EXP	text_2: text = 17
177.983	EXP	text_2: text = 33
177.998	EXP	text_2: text = 50
178.015	EXP	text_2: text = 66
178.035	EXP	text_2: text = 83
178.04999999999998	EXP	text_2: text = 100
178.065	EXP	text_2: text = 116
178.082	EXP	text_2: text = 132
178.099	EXP	text_2: text = 150
178.11499999999998	EXP	text_2: text = 166
178.13299999999998	EXP	text_2: text = 183
178.14999999999998	EXP	text_2: text = 199
178.165	EXP	text_2: text = 216
178.18099999999998	EXP	text_2: text = 232
178.185	DATA	Keydown:  
178.19899999999998	EXP	text_2: text = 249
178.19899999999998	EXP	text_2: autoDraw = false
178.19899999999998	EXP	Feedback: text = 233
178.19899999999998	EXP	Feedback: autoDraw = true
178.319	DATA	Keydown:  
178.45	DATA	Keydown:  
178.583	DATA	Keydown:  
178.868	DATA	Keydown:  
179.017	DATA	Keydown:  
179.17399999999998	DATA	Keydown:  
179.197	EXP	Feedback: autoDraw = false
179.197	EXP	Feedback: autoDraw = false
179.197	EXP	text_3: autoDraw = true
188.02499999999998	EXP	text_3: autoDraw = false
188.02499999999998	EXP	text_3: autoDraw = false
188.02499999999998	EXP	text_2: autoDraw = true
188.02499999999998	EXP	text_2: text = 0
188.042	EXP	text_2: text = 16
188.058	EXP	text_2: text = 33
188.07399999999998	EXP	text_2: text = 50
188.09199999999998	EXP	text_2: text = 66
188.107	EXP	text_2: text = 82
188.123	EXP	text_2: text = 99
188.13899999999998	EXP	text_2: text = 115
188.15699999999998	EXP	text_2: text = 133
188.172	EXP	text_2: text = 148
188.188	EXP	text_2: text = 166
188.20499999999998	EXP	text_2: text = 182
188.221	EXP	text_2: text = 199
188.238	EXP	text_2: text = 215
188.255	EXP	text_2: text = 232
188.271	EXP	text_2: text = 249
188.28799999999998	EXP	text_2: text = 266
188.29	DATA	Keydown:  
188.30599999999998	EXP	text_2: text = 282
188.30599999999998	EXP	text_2: autoDraw = false
188.30599999999998	EXP	Feedback: text = 265
188.30599999999998	EXP	Feedback: autoDraw = true
188.38899999999998	DATA	Keydown:  
188.541	DATA	Keydown:  
188.69	DATA	Keydown:  
188.821	DATA	Keydown:  
188.95999999999998	DATA	Keydown:  
189.06099999999998	DATA	Keydown:  
189.188	DATA	Keydown:  
189.303	EXP	Feedback: autoDraw = false
189.303	EXP	Feedback: autoDraw = false
189.303	EXP	text_3: autoDraw = true
189.34799999999998	DATA	Keydown:  
189.49099999999999	DATA	Keydown:  
189.65699999999998	DATA	Keydown:  
192.29	EXP	text_3: autoDraw = false
192.29	EXP	text_3: autoDraw = false
192.29	EXP	text_2: autoDraw = true
192.29	EXP	text_2: text = 0
192.302	EXP	text_2: text = 16
192.31799999999998	EXP	text_2: text = 33
192.33499999999998	EXP	text_2: text = 50
192.351	EXP	text_2: text = 66
192.367	EXP	text_2: text = 82
192.384	EXP	text_2: text = 99
192.39999999999998	EXP	text_2: text = 116
192.41799999999998	EXP	text_2: text = 132
192.435	EXP	text_2: text = 149
192.451	EXP	text_2: text = 166
192.468	EXP	text_2: text = 182
192.48399999999998	EXP	text_2: text = 199
192.5	EXP	text_2: text = 216
192.518	EXP	text_2: text = 233
192.534	EXP	text_2: text = 250
192.54999999999998	EXP	text_2: text = 265
192.558	DATA	Keydown:  
192.569	EXP	text_2: text = 282
192.569	EXP	text_2: autoDraw = false
192.569	EXP	Feedback: text = 268
192.569	EXP	Feedback: autoDraw = true
192.66	DATA	Keydown:  
192.803	DATA	Keydown:  
192.952	DATA	Keydown:  
193.566	EXP	Feedback: autoDraw = false
193.566	EXP	Feedback: autoDraw = false
193.566	EXP	text_3: autoDraw = true
194.194	DATA	Keydown:  
200.68099999999998	EXP	text_3: autoDraw = false
200.68099999999998	EXP	text_3: autoDraw = false
200.68099999999998	EXP	text_2: autoDraw = true
200.68099999999998	EXP	text_2: text = 0
200.69299999999998	EXP	text_2: text = 16
200.709	EXP	text_2: text = 33
200.727	EXP	text_2: text = 49
200.742	EXP	text_2: text = 66
200.76	EXP	text_2: text = 82
200.77599999999998	EXP	text_2: text = 99
200.79299999999998	EXP	text_2: text = 116
200.81	EXP	text_2: text = 132
200.826	EXP	text_2: text = 149
200.843	EXP	text_2: text = 166
200.85899999999998	EXP	text_2: text = 182
200.876	EXP	text_2: text = 199
200.893	EXP	text_2: text = 215
200.909	EXP	text_2: text = 232
200.926	EXP	text_2: text = 249
200.94299999999998	EXP	text_2: text = 266
200.95999999999998	EXP	text_2: text = 283
200.96099999999998	DATA	Keydown:  
200.97799999999998	EXP	text_2: text = 299
200.97799999999998	EXP	text_2: autoDraw = false
200.97799999999998	EXP	Feedback: text = 280
200.97799999999998	EXP	Feedback: autoDraw = true
201.078	DATA	Keydown:  
201.214	DATA	Keydown:  
201.35999999999999	DATA	Keydown:  
201.509	DATA	Keydown:  
201.69299999999998	DATA	Keydown:  
201.861	DATA	Keydown:  
201.976	EXP	Feedback: autoDraw = false
201.976	EXP	Feedback: autoDraw = false
201.976	EXP	text_3: autoDraw = true
201.999	DATA	Keydown:  
208.40599999999998	EXP	text_3: autoDraw = false
208.40599999999998	EXP	text_3: autoDraw = false
208.40599999999998	EXP	text_2: autoDraw = true
208.40599999999998	EXP	text_2: text = 0
208.42	EXP	text_2: text = 15
208.43699999999998	EXP	text_2: text = 33
208.452	EXP	text_2: text = 50
208.469	EXP	text_2: text = 66
208.48499999999999	EXP	text_2: text = 82
208.50199999999998	EXP	text_2: text = 99
208.51899999999998	EXP	text_2: text = 115
208.535	EXP	text_2: text = 132
208.552	EXP	text_2: text = 149
208.56799999999998	EXP	text_2: text = 166
208.58499999999998	EXP	text_2: text = 182
208.601	EXP	text_2: text = 199
208.619	EXP	text_2: text = 215
208.636	EXP	text_2: text = 232
208.65099999999998	EXP	text_2: text = 250
208.66799999999998	EXP	text_2: text = 266
208.685	EXP	text_2: text = 282
208.695	DATA	Keydown:  
208.703	EXP	text_2: text = 298
208.703	EXP	text_2: autoDraw = false
208.703	EXP	Feedback: text = 289
208.703	EXP	Feedback: autoDraw = true
208.81799999999998	DATA	Keydown:  
208.976	DATA	Keydown:  
209.136	DATA	Keydown:  
209.29	DATA	Keydown:  
209.43599999999998	DATA	Keydown:  
209.577	DATA	Keydown:  
209.701	EXP	Feedback: autoDraw = false
209.701	EXP	Feedback: autoDraw = false
209.701	EXP	text_3: autoDraw = true
214.64999999999998	EXP	text_3: autoDraw = false
214.64999999999998	EXP	text_3: autoDraw = false
214.64999999999998	EXP	text_2: autoDraw = true
214.64999999999998	EXP	text_2: text = 0
214.665	EXP	text_2: text = 15
214.68099999999998	EXP	text_2: text = 32
214.696	EXP	text_2: text = 49
214.713	EXP	text_2: text = 66
214.72899999999998	EXP	text_2: text = 82
214.74599999999998	EXP	text_2: text = 99
214.762	EXP	text_2: text = 115
214.78	EXP	text_2: text = 132
214.796	EXP	text_2: text = 149
214.813	EXP	text_2: text = 165
214.82899999999998	EXP	text_2: text = 182
214.84699999999998	EXP	text_2: text = 199
214.863	EXP	text_2: text = 215
214.88	EXP	text_2: text = 232
214.896	EXP	text_2: text = 249
214.914	EXP	text_2: text = 265
214.92999999999998	EXP	text_2: text = 282
214.933	DATA	Keydown:  
214.947	EXP	text_2: text = 299
214.947	EXP	text_2: autoDraw = false
214.947	EXP	Feedback: text = 283
214.947	EXP	Feedback: autoDraw = true
215.063	DATA	Keydown:  
215.183	DATA	Keydown:  
215.31199999999998	DATA	Keydown:  
215.462	DATA	Keydown:  
215.945	EXP	Feedback: autoDraw = false
215.945	EXP	Feedback: autoDraw = false
215.945	EXP	text_3: autoDraw = true
218.346	EXP	text_3: autoDraw = false
218.346	EXP	text_3: autoDraw = false
218.346	EXP	text_2: autoDraw = true
218.346	EXP	text_2: text = 0
218.361	EXP	text_2: text = 17
218.376	EXP	text_2: text = 34
218.39399999999998	EXP	text_2: text = 50
218.409	EXP	text_2: text = 67
218.427	EXP	text_2: text = 84
218.44199999999998	EXP	text_2: text = 101
218.45999999999998	EXP	text_2: text = 117
218.476	EXP	text_2: text = 134
218.493	EXP	text_2: text = 150
218.51	EXP	text_2: text = 167
218.527	EXP	text_2: text = 183
218.54299999999998	EXP	text_2: text = 200
218.559	EXP	text_2: text = 217
218.576	EXP	text_2: text = 234
218.59199999999998	EXP	text_2: text = 251
218.60899999999998	EXP	text_2: text = 267
218.62699999999998	EXP	text_2: text = 284
218.643	EXP	text_2: text = 300
218.659	EXP	text_2: text = 316
218.661	DATA	Keydown:  
218.676	EXP	text_2: text = 333
218.676	EXP	text_2: autoDraw = false
218.676	EXP	Feedback: text = 315
218.676	EXP	Feedback: autoDraw = true
218.777	DATA	Keydown:  
218.89999999999998	DATA	Keydown:  
219.03199999999998	DATA	Keydown:  
219.14399999999998	DATA	Keydown:  
219.59799999999998	DATA	Keydown:  
219.67399999999998	EXP	Feedback: autoDraw = false
219.67399999999998	EXP	Feedback: autoDraw = false
219.67399999999998	EXP	text_3: autoDraw = true
219.802	DATA	Keydown:  
227.83499999999998	EXP	text_3: autoDraw = false
227.83499999999998	EXP	text_3: autoDraw = false
227.83499999999998	EXP	text_2: autoDraw = true
227.83499999999998	EXP	text_2: text = 0
227.85	EXP	text_2: text = 17
227.867	EXP	text_2: text = 34
227.884	EXP	text_2: text = 50
227.90099999999998	EXP	text_2: text = 67
227.91799999999998	EXP	text_2: text = 83
227.933	EXP	text_2: text = 100
227.951	EXP	text_2: text = 117
227.968	EXP	text_2: text = 133
227.98399999999998	EXP	text_2: text = 150
227.999	EXP	text_2: text = 167
228.016	EXP	text_2: text = 183
228.03199999999998	EXP	text_2: text = 200
228.04899999999998	EXP	text_2: text = 217
228.066	EXP	text_2: text = 233
228.07399999999998	DATA	Keydown:  
228.083	EXP	text_2: text = 249
228.083	EXP	text_2: autoDraw = false
228.083	EXP	Feedback: text = 240
228.083	EXP	Feedback: autoDraw = true
228.194	DATA	Keydown:  
228.30499999999998	DATA	Keydown:  
228.44	DATA	Keydown:  
228.584	DATA	Keydown:  
228.70999999999998	DATA	Keydown:  
228.85	DATA	Keydown:  
229.001	DATA	Keydown:  
229.081	EXP	Feedback: autoDraw = false
229.081	EXP	Feedback: autoDraw = false
229.081	EXP	text_3: autoDraw = true
229.158	DATA	Keydown:  
229.309	DATA	Keydown:  
229.457	DATA	Keydown:  
229.66899999999998	DATA	Keydown:  
229.783	DATA	Keydown:  
229.92499999999998	DATA	Keydown:  
230.071	DATA	Keydown:  
238.227	EXP	text_3: autoDraw = false
238.227	EXP	text_3: autoDraw = false
238.227	EXP	text_2: autoDraw = true
238.227	EXP	text_2: text = 0
238.242	EXP	text_2: text = 16
238.257	EXP	text_2: text = 33
238.274	EXP	text_2: text = 49
238.29	EXP	text_2: text = 66
238.307	EXP	text_2: text = 82
238.32299999999998	EXP	text_2: text = 98
238.339	EXP	text_2: text = 115
238.357	EXP	text_2: text = 132
238.373	EXP	text_2: text = 149
238.39	EXP	text_2: text = 166
238.40699999999998	EXP	text_2: text = 182
238.423	EXP	text_2: text = 199
238.439	EXP	text_2: text = 215
238.456	EXP	text_2: text = 231
238.47299999999998	EXP	text_2: text = 249
238.48999999999998	EXP	text_2: text = 265
238.506	EXP	text_2: text = 282
238.509	DATA	Keydown:  
238.524	EXP	text_2: text = 298
238.524	EXP	text_2: autoDraw = false
238.524	EXP	Feedback: text = 282
238.524	EXP	Feedback: autoDraw = true
238.64399999999998	DATA	Keydown:  
238.791	DATA	Keydown:  
238.91299999999998	DATA	Keydown:  
239.057	DATA	Keydown:  
239.206	DATA	Keydown:  
239.357	DATA	Keydown:  
239.498	DATA	Keydown:  
239.522	EXP	Feedback: autoDraw = false
239.522	EXP	Feedback: autoDraw = false
239.522	EXP	text_3: autoDraw = true
239.65599999999998	DATA	Keydown:  
239.80599999999998	DATA	Keydown:  
239.95399999999998	DATA	Keydown:  
241.803	EXP	text_3: autoDraw = false
241.803	EXP	text_3: autoDraw = false
241.803	EXP	text_2: autoDraw = true
241.803	EXP	text_2: text = 0
241.819	EXP	text_2: text = 16
241.83599999999998	EXP	text_2: text = 32
241.85299999999998	EXP	text_2: text = 49
241.869	EXP	text_2: text = 66
241.887	EXP	text_2: text = 83
241.904	EXP	text_2: text = 100
241.91899999999998	EXP	text_2: text = 116
241.93599999999998	EXP	text_2: text = 133
241.95399999999998	EXP	text_2: text = 150
241.971	EXP	text_2: text = 166
241.986	EXP	text_2: text = 183
242.003	EXP	text_2: text = 199
242.021	EXP	text_2: text = 216
242.036	EXP	text_2: text = 233
242.054	EXP	text_2: text = 250
242.071	EXP	text_2: text = 266
242.08599999999998	EXP	text_2: text = 283
242.102	EXP	text_2: text = 300
242.118	EXP	text_2: text = 316
242.136	EXP	text_2: text = 333
242.153	EXP	text_2: text = 349
242.16899999999998	EXP	text_2: text = 366
242.18699999999998	EXP	text_2: text = 383
242.203	EXP	text_2: text = 399
242.22	EXP	text_2: text = 416
242.236	EXP	text_2: text = 433
242.25199999999998	EXP	text_2: text = 449
242.253	DATA	Keydown:  
242.26999999999998	EXP	text_2: text = 466
242.26999999999998	EXP	text_2: autoDraw = false
242.26999999999998	EXP	Feedback: text = 450
242.26999999999998	EXP	Feedback: autoDraw = true
242.376	DATA	Keydown:  
242.527	DATA	Keydown:  
242.66199999999998	DATA	Keydown:  
242.801	DATA	Keydown:  
242.952	DATA	Keydown:  
243.267	EXP	Feedback: autoDraw = false
243.267	EXP	Feedback: autoDraw = false
243.267	EXP	text_3: autoDraw = true
246.602	EXP	text_3: autoDraw = false
246.602	EXP	text_3: autoDraw = false
246.602	EXP	text_2: autoDraw = true
246.602	EXP	text_2: text = 0
246.617	EXP	text_2: text = 17
246.632	EXP	text_2: text = 34
246.649	EXP	text_2: text = 51
246.665	EXP	text_2: text = 66
246.68099999999998	EXP	text_2: text = 83
246.69799999999998	EXP	text_2: text = 100
246.715	EXP	text_2: text = 117
246.731	EXP	text_2: text = 133
246.748	EXP	text_2: text = 150
246.766	EXP	text_2: text = 166
246.78199999999998	EXP	text_2: text = 183
246.798	EXP	text_2: text = 199
246.814	EXP	text_2: text = 217
246.832	EXP	text_2: text = 233
246.84799999999998	EXP	text_2: text = 250
246.86499999999998	EXP	text_2: text = 266
246.881	EXP	text_2: text = 282
246.88299999999998	DATA	Keydown:  
246.903	EXP	text_2: text = 301
246.903	EXP	text_2: autoDraw = false
246.903	EXP	Feedback: text = 281
246.903	EXP	Feedback: autoDraw = true
247.006	DATA	Keydown:  
247.132	DATA	Keydown:  
247.26999999999998	DATA	Keydown:  
247.433	DATA	Keydown:  
247.581	DATA	Keydown:  
247.731	DATA	Keydown:  
247.89	DATA	Keydown:  
247.897	EXP	Feedback: autoDraw = false
247.897	EXP	Feedback: autoDraw = false
247.897	EXP	text_3: autoDraw = true
250.297	EXP	text_3: autoDraw = false
250.297	EXP	text_3: autoDraw = false
250.297	EXP	text_2: autoDraw = true
250.297	EXP	text_2: text = 0
250.31199999999998	EXP	text_2: text = 17
250.32899999999998	EXP	text_2: text = 34
250.346	EXP	text_2: text = 51
250.361	EXP	text_2: text = 66
250.378	EXP	text_2: text = 84
250.39399999999998	EXP	text_2: text = 101
250.41	EXP	text_2: text = 117
250.429	EXP	text_2: text = 133
250.445	EXP	text_2: text = 150
250.46099999999998	EXP	text_2: text = 167
250.477	EXP	text_2: text = 183
250.495	EXP	text_2: text = 200
250.511	EXP	text_2: text = 217
250.528	EXP	text_2: text = 233
250.545	EXP	text_2: text = 250
250.56099999999998	EXP	text_2: text = 267
250.57899999999998	EXP	text_2: text = 283
250.594	EXP	text_2: text = 301
250.596	DATA	Keydown:  
250.612	EXP	text_2: text = 316
250.612	EXP	text_2: autoDraw = false
250.612	EXP	Feedback: text = 299
250.612	EXP	Feedback: autoDraw = true
250.726	DATA	Keydown:  
250.83599999999998	DATA	Keydown:  
250.965	DATA	Keydown:  
251.111	DATA	Keydown:  
251.253	DATA	Keydown:  
251.396	DATA	Keydown:  
251.53199999999998	DATA	Keydown:  
251.60899999999998	EXP	Feedback: autoDraw = false
251.60899999999998	EXP	Feedback: autoDraw = false
251.60899999999998	EXP	text_3: autoDraw = true
251.682	DATA	Keydown:  
251.846	DATA	Keydown:  
253.679	EXP	text_3: autoDraw = false
253.679	EXP	text_3: autoDraw = false
253.679	EXP	text_2: autoDraw = true
253.679	EXP	text_2: text = 0
253.69299999999998	EXP	text_2: text = 16
253.70999999999998	EXP	text_2: text = 33
253.725	EXP	text_2: text = 49
253.73999999999998	EXP	text_2: text = 66
253.759	EXP	text_2: text = 83
253.775	EXP	text_2: text = 100
253.79099999999997	EXP	text_2: text = 116
253.809	EXP	text_2: text = 133
253.82399999999998	EXP	text_2: text = 149
253.84	EXP	text_2: text = 166
253.85799999999998	EXP	text_2: text = 183
253.874	EXP	text_2: text = 199
253.891	EXP	text_2: text = 216
253.907	EXP	text_2: text = 232
253.924	EXP	text_2: text = 249
253.94199999999998	EXP	text_2: text = 266
253.95199999999997	DATA	Keydown:  
253.958	EXP	text_2: text = 282
253.958	EXP	text_2: autoDraw = false
253.958	EXP	Feedback: text = 273
253.958	EXP	Feedback: autoDraw = true
254.07399999999998	DATA	Keydown:  
254.201	DATA	Keydown:  
254.31300000000002	DATA	Keydown:  
254.434	DATA	Keydown:  
254.564	DATA	Keydown:  
254.696	DATA	Keydown:  
254.876	DATA	Keydown:  
254.956	EXP	Feedback: autoDraw = false
254.956	EXP	Feedback: autoDraw = false
254.956	EXP	text_3: autoDraw = true
257.925	EXP	text_3: autoDraw = false
257.925	EXP	text_3: autoDraw = false
257.925	EXP	text_2: autoDraw = true
257.925	EXP	text_2: text = 0
257.939	EXP	text_2: text = 16
257.95300000000003	EXP	text_2: text = 33
257.971	EXP	text_2: text = 49
257.987	EXP	text_2: text = 66
258.004	EXP	text_2: text = 83
258.02000000000004	EXP	text_2: text = 99
258.03700000000003	EXP	text_2: text = 115
258.055	EXP	text_2: text = 133
258.071	EXP	text_2: text = 149
258.08700000000005	EXP	text_2: text = 166
258.10400000000004	EXP	text_2: text = 182
258.12100000000004	EXP	text_2: text = 199
258.137	EXP	text_2: text = 216
258.154	EXP	text_2: text = 232
258.171	EXP	text_2: text = 249
258.187	EXP	text_2: text = 266
258.197	DATA	Keydown:  
258.20500000000004	EXP	text_2: text = 282
258.20500000000004	EXP	text_2: autoDraw = false
258.20500000000004	EXP	Feedback: text = 273
258.20500000000004	EXP	Feedback: autoDraw = true
258.305	DATA	Keydown:  
258.437	DATA	Keydown:  
258.57	DATA	Keydown:  
258.69100000000003	DATA	Keydown:  
258.853	DATA	Keydown:  
258.994	DATA	Keydown:  
259.163	DATA	Keydown:  
259.20300000000003	EXP	Feedback: autoDraw = false
259.20300000000003	EXP	Feedback: autoDraw = false
259.20300000000003	EXP	text_3: autoDraw = true
259.30600000000004	DATA	Keydown:  
259.47700000000003	DATA	Keydown:  
265.649	EXP	text_3: autoDraw = false
265.649	EXP	text_3: autoDraw = false
265.649	EXP	text_2: autoDraw = true
265.649	EXP	text_2: text = 0
265.663	EXP	text_2: text = 17
265.67900000000003	EXP	text_2: text = 34
265.697	EXP	text_2: text = 50
265.714	EXP	text_2: text = 66
265.731	EXP	text_2: text = 84
265.74800000000005	EXP	text_2: text = 100
265.764	EXP	text_2: text = 116
265.78200000000004	EXP	text_2: text = 133
265.797	EXP	text_2: text = 150
265.814	EXP	text_2: text = 167
265.831	EXP	text_2: text = 184
265.84700000000004	EXP	text_2: text = 200
265.86400000000003	EXP	text_2: text = 216
265.88100000000003	EXP	text_2: text = 233
265.897	EXP	text_2: text = 250
265.913	EXP	text_2: text = 266
265.915	DATA	Keydown:  
265.93	EXP	text_2: text = 282
265.93	EXP	text_2: autoDraw = false
265.93	EXP	Feedback: text = 266
265.93	EXP	Feedback: autoDraw = true
266.023	DATA	Keydown:  
266.15200000000004	DATA	Keydown:  
266.295	DATA	Keydown:  
266.43100000000004	DATA	Keydown:  
266.589	DATA	Keydown:  
266.927	EXP	Feedback: autoDraw = false
266.927	EXP	Feedback: autoDraw = false
266.927	EXP	text_3: autoDraw = true
266.966	DATA	Keydown:  
272.009	EXP	text_3: autoDraw = false
272.009	EXP	text_3: autoDraw = false
272.009	EXP	text_2: autoDraw = true
272.009	EXP	text_2: text = 0
272.023	EXP	text_2: text = 16
272.041	EXP	text_2: text = 33
272.05600000000004	EXP	text_2: text = 50
272.074	EXP	text_2: text = 67
272.09000000000003	EXP	text_2: text = 83
272.107	EXP	text_2: text = 100
272.12300000000005	EXP	text_2: text = 116
272.141	EXP	text_2: text = 132
272.156	EXP	text_2: text = 150
272.173	EXP	text_2: text = 166
272.19	EXP	text_2: text = 183
272.207	EXP	text_2: text = 199
272.223	EXP	text_2: text = 216
272.23900000000003	EXP	text_2: text = 233
272.25600000000003	EXP	text_2: text = 249
272.25800000000004	DATA	Keydown:  
272.274	EXP	text_2: text = 266
272.274	EXP	text_2: autoDraw = false
272.274	EXP	Feedback: text = 249
272.274	EXP	Feedback: autoDraw = true
272.375	DATA	Keydown:  
272.507	DATA	Keydown:  
272.639	DATA	Keydown:  
272.77500000000003	DATA	Keydown:  
272.925	DATA	Keydown:  
273.09000000000003	DATA	Keydown:  
273.23900000000003	DATA	Keydown:  
273.271	EXP	Feedback: autoDraw = false
273.271	EXP	Feedback: autoDraw = false
273.271	EXP	text_3: autoDraw = true
278.10400000000004	EXP	text_3: autoDraw = false
278.10400000000004	EXP	text_3: autoDraw = false
278.10400000000004	EXP	text_2: autoDraw = true
278.10400000000004	EXP	text_2: text = 0
278.119	EXP	text_2: text = 17
278.136	EXP	text_2: text = 33
278.15200000000004	EXP	text_2: text = 49
278.16700000000003	EXP	text_2: text = 66
278.183	EXP	text_2: text = 83
278.20000000000005	EXP	text_2: text = 99
278.21700000000004	EXP	text_2: text = 116
278.23400000000004	EXP	text_2: text = 132
278.25	EXP	text_2: text = 149
278.267	EXP	text_2: text = 166
278.284	EXP	text_2: text = 182
278.3	EXP	text_2: text = 199
278.317	EXP	text_2: text = 216
278.334	EXP	text_2: text = 232
278.35	EXP	text_2: text = 249
278.367	EXP	text_2: text = 266
278.38300000000004	EXP	text_2: text = 282
278.40000000000003	EXP	text_2: text = 299
278.41700000000003	EXP	text_2: text = 315
278.433	EXP	text_2: text = 333
278.45000000000005	EXP	text_2: text = 349
278.461	DATA	Keydown:  
278.468	EXP	text_2: text = 366
278.468	EXP	text_2: autoDraw = false
278.468	EXP	Feedback: text = 357
278.468	EXP	Feedback: autoDraw = true
278.55100000000004	DATA	Keydown:  
278.726	DATA	Keydown:  
278.904	DATA	Keydown:  
278.985	DATA	Keydown:  
279.107	DATA	Keydown:  
279.18600000000004	DATA	Keydown:  
279.31800000000004	DATA	Keydown:  
279.401	DATA	Keydown:  
279.466	EXP	Feedback: autoDraw = false
279.466	EXP	Feedback: autoDraw = false
279.466	EXP	text_3: autoDraw = true
279.85400000000004	DATA	Keydown:  
280.1	DATA	Keydown:  
288.942	EXP	text_3: autoDraw = false
288.942	EXP	text_3: autoDraw = false
288.942	EXP	text_2: autoDraw = true
288.942	EXP	text_2: text = 0
288.957	EXP	text_2: text = 16
288.97400000000005	EXP	text_2: text = 33
288.99	EXP	text_2: text = 50
289.007	EXP	text_2: text = 66
289.02500000000003	EXP	text_2: text = 83
289.04200000000003	EXP	text_2: text = 100
289.058	EXP	text_2: text = 116
289.07500000000005	EXP	text_2: text = 134
289.09200000000004	EXP	text_2: text = 149
289.108	EXP	text_2: text = 166
289.125	EXP	text_2: text = 183
289.142	EXP	text_2: text = 199
289.158	EXP	text_2: text = 216
289.17400000000004	EXP	text_2: text = 233
289.19100000000003	EXP	text_2: text = 250
289.206	EXP	text_2: text = 266
289.207	DATA	Keydown:  
289.22400000000005	EXP	text_2: text = 283
289.22400000000005	EXP	text_2: autoDraw = false
289.22400000000005	EXP	Feedback: text = 265
289.22400000000005	EXP	Feedback: autoDraw = true
289.312	DATA	Keydown:  
289.522	DATA	Keydown:  
289.714	DATA	Keydown:  
289.831	DATA	Keydown:  
289.93	DATA	Keydown:  
290.04	DATA	Keydown:  
290.14000000000004	DATA	Keydown:  
290.221	EXP	Feedback: autoDraw = false
290.221	EXP	Feedback: autoDraw = false
290.221	EXP	text_3: autoDraw = true
290.255	DATA	Keydown:  
290.476	DATA	Keydown:  
290.562	DATA	Keydown:  
290.682	DATA	Keydown:  
290.779	DATA	Keydown:  
290.906	DATA	Keydown:  
290.98900000000003	DATA	Keydown:  
291.14000000000004	DATA	Keydown:  
295.386	EXP	text_3: autoDraw = false
295.386	EXP	text_3: autoDraw = false
295.386	EXP	text_2: autoDraw = true
295.386	EXP	text_2: text = 0
295.40000000000003	EXP	text_2: text = 16
295.41700000000003	EXP	text_2: text = 32
295.433	EXP	text_2: text = 50
295.45000000000005	EXP	text_2: text = 66
295.46700000000004	EXP	text_2: text = 83
295.483	EXP	text_2: text = 99
295.5	EXP	text_2: text = 116
295.517	EXP	text_2: text = 133
295.534	EXP	text_2: text = 149
295.54900000000004	EXP	text_2: text = 166
295.56600000000003	EXP	text_2: text = 183
295.583	EXP	text_2: text = 200
295.6	EXP	text_2: text = 215
295.61600000000004	EXP	text_2: text = 233
295.63300000000004	EXP	text_2: text = 250
295.65000000000003	EXP	text_2: text = 266
295.66700000000003	EXP	text_2: text = 283
295.683	EXP	text_2: text = 299
295.70000000000005	EXP	text_2: text = 316
295.71700000000004	EXP	text_2: text = 333
295.73400000000004	EXP	text_2: text = 349
295.75	EXP	text_2: text = 366
295.766	EXP	text_2: text = 383
295.769	DATA	Keydown:  
295.785	EXP	text_2: text = 399
295.785	EXP	text_2: autoDraw = false
295.785	EXP	Feedback: text = 384
295.785	EXP	Feedback: autoDraw = true
295.97400000000005	DATA	Keydown:  
296.584	DATA	Keydown:  
296.606	DATA	Keydown:  
296.784	EXP	Feedback: autoDraw = false
296.784	EXP	Feedback: autoDraw = false
296.784	EXP	text_3: autoDraw = true
301.483	EXP	text_3: autoDraw = false
301.483	EXP	text_3: autoDraw = false
301.483	EXP	text_2: autoDraw = true
301.483	EXP	text_2: text = 0
301.495	EXP	text_2: text = 14
301.511	EXP	text_2: text = 31
301.52700000000004	EXP	text_2: text = 47
301.54400000000004	EXP	text_2: text = 64
301.562	EXP	text_2: text = 81
301.579	EXP	text_2: text = 97
301.594	EXP	text_2: text = 114
301.61100000000005	EXP	text_2: text = 131
301.627	EXP	text_2: text = 148
301.644	EXP	text_2: text = 164
301.661	EXP	text_2: text = 180
301.678	EXP	text_2: text = 197
301.694	EXP	text_2: text = 214
301.711	EXP	text_2: text = 231
301.728	EXP	text_2: text = 248
301.744	EXP	text_2: text = 264
301.761	EXP	text_2: text = 280
301.77700000000004	EXP	text_2: text = 297
301.781	DATA	Keydown:  
301.796	EXP	text_2: text = 314
301.796	EXP	text_2: autoDraw = false
301.796	EXP	Feedback: text = 298
301.796	EXP	Feedback: autoDraw = true
301.899	DATA	Keydown:  
302.03000000000003	DATA	Keydown:  
302.161	DATA	Keydown:  
302.271	DATA	Keydown:  
302.528	DATA	Keydown:  
302.66200000000003	DATA	Keydown:  
302.79200000000003	EXP	Feedback: autoDraw = false
302.79200000000003	EXP	Feedback: autoDraw = false
302.79200000000003	EXP	text_3: autoDraw = true
302.803	DATA	Keydown:  
302.95000000000005	DATA	Keydown:  
303.082	DATA	Keydown:  
311.05600000000004	EXP	text_3: autoDraw = false
311.05600000000004	EXP	text_3: autoDraw = false
311.05600000000004	EXP	text_2: autoDraw = true
311.05600000000004	EXP	text_2: text = 0
311.071	EXP	text_2: text = 16
311.084	EXP	text_2: text = 33
311.101	EXP	text_2: text = 50
311.118	EXP	text_2: text = 66
311.13500000000005	EXP	text_2: text = 82
311.15200000000004	EXP	text_2: text = 99
311.168	EXP	text_2: text = 116
311.18600000000004	EXP	text_2: text = 133
311.201	EXP	text_2: text = 149
311.218	EXP	text_2: text = 166
311.235	EXP	text_2: text = 183
311.25100000000003	EXP	text_2: text = 199
311.26800000000003	EXP	text_2: text = 216
311.285	EXP	text_2: text = 233
311.30100000000004	EXP	text_2: text = 250
311.321	EXP	text_2: text = 266
311.33500000000004	EXP	text_2: text = 283
311.33700000000005	DATA	Keydown:  
311.35200000000003	EXP	text_2: text = 300
311.35200000000003	EXP	text_2: autoDraw = false
311.35200000000003	EXP	Feedback: text = 281
311.35200000000003	EXP	Feedback: autoDraw = true
311.47	DATA	Keydown:  
311.603	DATA	Keydown:  
311.73600000000005	DATA	Keydown:  
311.85200000000003	DATA	Keydown:  
311.963	DATA	Keydown:  
312.10900000000004	DATA	Keydown:  
312.25300000000004	DATA	Keydown:  
312.351	EXP	Feedback: autoDraw = false
312.351	EXP	Feedback: autoDraw = false
312.351	EXP	text_3: autoDraw = true
312.401	DATA	Keydown:  
319.031	EXP	text_3: autoDraw = false
319.031	EXP	text_3: autoDraw = false
319.031	EXP	text_2: autoDraw = true
319.031	EXP	text_2: text = 0
319.046	EXP	text_2: text = 16
319.06100000000004	EXP	text_2: text = 33
319.07800000000003	EXP	text_2: text = 50
319.093	EXP	text_2: text = 66
319.11	EXP	text_2: text = 83
319.127	EXP	text_2: text = 100
319.144	EXP	text_2: text = 117
319.16	EXP	text_2: text = 134
319.177	EXP	text_2: text = 149
319.19300000000004	EXP	text_2: text = 167
319.211	EXP	text_2: text = 183
319.228	EXP	text_2: text = 199
319.243	EXP	text_2: text = 216
319.26000000000005	EXP	text_2: text = 233
319.27700000000004	EXP	text_2: text = 250
319.293	EXP	text_2: text = 266
319.295	DATA	Keydown:  
319.31100000000004	EXP	text_2: text = 282
319.31100000000004	EXP	text_2: autoDraw = false
319.31100000000004	EXP	Feedback: text = 264
319.31100000000004	EXP	Feedback: autoDraw = true
319.449	DATA	Keydown:  
319.56800000000004	DATA	Keydown:  
319.68600000000004	DATA	Keydown:  
319.81300000000005	DATA	Keydown:  
319.946	DATA	Keydown:  
320.086	DATA	Keydown:  
320.228	DATA	Keydown:  
320.31100000000004	EXP	Feedback: autoDraw = false
320.31100000000004	EXP	Feedback: autoDraw = false
320.31100000000004	EXP	text_3: autoDraw = true
320.386	DATA	Keydown:  
326.026	DATA	Keydown:  
326.22700000000003	DATA	Keydown:  
328.173	EXP	text_3: autoDraw = false
328.173	EXP	text_3: autoDraw = false
328.173	EXP	text_2: autoDraw = true
328.173	EXP	text_2: text = 0
328.187	EXP	text_2: text = 17
328.202	EXP	text_2: text = 33
328.219	EXP	text_2: text = 50
328.235	EXP	text_2: text = 67
328.252	EXP	text_2: text = 83
328.26800000000003	EXP	text_2: text = 100
328.284	EXP	text_2: text = 116
328.302	EXP	text_2: text = 133
328.319	EXP	text_2: text = 150
328.336	EXP	text_2: text = 166
328.353	EXP	text_2: text = 183
328.369	EXP	text_2: text = 200
328.38500000000005	EXP	text_2: text = 217
328.401	EXP	text_2: text = 233
328.418	EXP	text_2: text = 250
328.435	EXP	text_2: text = 266
328.452	EXP	text_2: text = 283
328.454	DATA	Keydown:  
328.47	EXP	text_2: text = 300
328.47	EXP	text_2: autoDraw = false
328.47	EXP	Feedback: text = 281
328.47	EXP	Feedback: autoDraw = true
328.624	DATA	Keydown:  
328.76000000000005	DATA	Keydown:  
328.892	DATA	Keydown:  
329.01800000000003	DATA	Keydown:  
329.16900000000004	DATA	Keydown:  
329.308	DATA	Keydown:  
329.476	EXP	Feedback: autoDraw = false
329.476	EXP	Feedback: autoDraw = false
329.476	EXP	End_text: autoDraw = true
