0.14416499994695187	EXP	Created Window = Window( name=Window, fullscr=true, color=#000000, units=height, waitBlanking=true, autoLog=true, size=[1391,686] )
2.6272599999792874	DATA	Keydown: Shift
2.7097800001502037	DATA	Keydown: Z
2.915070000104606	DATA	Keydown: W
4.527369999792427	DATA	Keydown: 3
4.826915000099689	DATA	Keydown: 9
4.920894999988377	DATA	Keydown: 0
5.127299999818206	DATA	Keydown: 3
5.201450000051409	DATA	Keydown: 9
6.160664999857545	DATA	Keydown: Meta
9.764775000046939	EXP	Created text = TextStim( name=text, win=Window( name=Window, fullscr=true, color=#000000, ~), autoDraw=null, autoLog=true, units=height, ori=null, opacity=1, pos=[0,0], size=undefined, text=INSTRUCTIONS [EN]


A counter will appear and star~, font=Arial, color=#FFFFFF, contrast=1, height=0.03, bold=null, italic=null, alignHoriz=left, alignVert=center, wrapWidth=1, flipHoriz=null, flipVert=null )
9.765910000074655	EXP	Created text_3 = TextStim( name=text_3, win=Window( name=Window, fullscr=true, color=#000000, ~), autoDraw=null, autoLog=true, units=height, ori=null, opacity=1, pos=[0,0], size=undefined, text=null, font=Arial, color=#FFFFFF, contrast=1, height=0.1, bold=null, italic=null, alignHoriz=left, alignVert=center, wrapWidth=1, flipHoriz=null, flipVert=null )
9.766509999986738	EXP	Created text_2 = TextStim( name=text_2, win=Window( name=Window, fullscr=true, color=#000000, ~), autoDraw=null, autoLog=true, units=height, ori=null, opacity=1, pos=[0,0], size=undefined, text=default text, font=Arial, color=#ff0000, contrast=1, height=0.15, bold=null, italic=null, alignHoriz=left, alignVert=center, wrapWidth=1, flipHoriz=null, flipVert=null )
9.76740500004962	EXP	Created Feedback = TextStim( name=Feedback, win=Window( name=Window, fullscr=true, color=#000000, ~), autoDraw=null, autoLog=true, units=height, ori=null, opacity=1, pos=[0,0], size=undefined, text=default text, font=Arial, color=#ff0000, contrast=1, height=0.15, bold=null, italic=null, alignHoriz=left, alignVert=center, wrapWidth=1, flipHoriz=null, flipVert=null )
9.76818999974057	EXP	Created End_text = TextStim( name=End_text, win=Window( name=Window, fullscr=true, color=#000000, ~), autoDraw=null, autoLog=true, units=height, ori=null, opacity=1, pos=[0,0], size=undefined, text=This study aimed to look at procedural learning, i~, font=Arial, color=#FFFFFF, contrast=1, height=0.025, bold=null, italic=null, alignHoriz=left, alignVert=center, wrapWidth=1, flipHoriz=null, flipVert=null )
9.82990500004962	EXP	text: units = "height"
9.82990500004962	EXP	text: ori = 0
9.82990500004962	EXP	text: opacity = 1
9.82990500004962	EXP	text: pos = [0,0]
9.82990500004962	EXP	text: size = undefined
9.82990500004962	EXP	text: text = "INSTRUCTIONS [EN]\n\n\nA counter will appear and start counting at random times, press SPACE as fast as possible when it appears.\n\n\nPress SPACE to start\n\n-------\n\nInstruções [PT]\n\n\nUm cronómetro vai aparecer e começar a contar aleatoriamente, pressione a tecla SPACE assim que ele aparecer.\n\n\nPressiona SPACE para começar."
9.82990500004962	EXP	text: font = "Arial"
9.82990500004962	EXP	text: color = {"_hex":"#FFFFFF","_rgb":[1,1,1]}
9.82990500004962	EXP	text: contrast = 1
9.82990500004962	EXP	text: height = 0.03
9.82990500004962	EXP	text: bold = false
9.82990500004962	EXP	text: italic = false
9.82990500004962	EXP	text: alignHoriz = "left"
9.82990500004962	EXP	text: alignVert = "center"
9.82990500004962	EXP	text: wrapWidth = 1
9.82990500004962	EXP	text: flipHoriz = false
9.82990500004962	EXP	text: flipVert = false
9.82990500004962	EXP	text_3: units = "height"
9.82990500004962	EXP	text_3: ori = 0
9.82990500004962	EXP	text_3: opacity = 1
9.82990500004962	EXP	text_3: pos = [0,0]
9.82990500004962	EXP	text_3: size = undefined
9.82990500004962	EXP	text_3: text = ""
9.82990500004962	EXP	text_3: font = "Arial"
9.82990500004962	EXP	text_3: color = {"_hex":"#FFFFFF","_rgb":[1,1,1]}
9.82990500004962	EXP	text_3: contrast = 1
9.82990500004962	EXP	text_3: height = 0.1
9.82990500004962	EXP	text_3: bold = false
9.82990500004962	EXP	text_3: italic = false
9.82990500004962	EXP	text_3: alignHoriz = "left"
9.82990500004962	EXP	text_3: alignVert = "center"
9.82990500004962	EXP	text_3: wrapWidth = 1
9.82990500004962	EXP	text_3: flipHoriz = false
9.82990500004962	EXP	text_3: flipVert = false
9.82990500004962	EXP	text_2: units = "height"
9.82990500004962	EXP	text_2: ori = 0
9.82990500004962	EXP	text_2: opacity = 1
9.82990500004962	EXP	text_2: pos = [0,0]
9.82990500004962	EXP	text_2: size = undefined
9.82990500004962	EXP	text_2: text = "default text"
9.82990500004962	EXP	text_2: font = "Arial"
9.82990500004962	EXP	text_2: color = {"_rgb":[1,0,0]}
9.82990500004962	EXP	text_2: contrast = 1
9.82990500004962	EXP	text_2: height = 0.15
9.82990500004962	EXP	text_2: bold = false
9.82990500004962	EXP	text_2: italic = false
9.82990500004962	EXP	text_2: alignHoriz = "left"
9.82990500004962	EXP	text_2: alignVert = "center"
9.82990500004962	EXP	text_2: wrapWidth = 1
9.82990500004962	EXP	text_2: flipHoriz = false
9.82990500004962	EXP	text_2: flipVert = false
9.82990500004962	EXP	Feedback: units = "height"
9.82990500004962	EXP	Feedback: ori = 0
9.82990500004962	EXP	Feedback: opacity = 1
9.82990500004962	EXP	Feedback: pos = [0,0]
9.82990500004962	EXP	Feedback: size = undefined
9.82990500004962	EXP	Feedback: text = "default text"
9.82990500004962	EXP	Feedback: font = "Arial"
9.82990500004962	EXP	Feedback: color = {"_rgb":[1,0,0]}
9.82990500004962	EXP	Feedback: contrast = 1
9.82990500004962	EXP	Feedback: height = 0.15
9.82990500004962	EXP	Feedback: bold = false
9.82990500004962	EXP	Feedback: italic = false
9.82990500004962	EXP	Feedback: alignHoriz = "left"
9.82990500004962	EXP	Feedback: alignVert = "center"
9.82990500004962	EXP	Feedback: wrapWidth = 1
9.82990500004962	EXP	Feedback: flipHoriz = false
9.82990500004962	EXP	Feedback: flipVert = false
9.82990500004962	EXP	End_text: units = "height"
9.82990500004962	EXP	End_text: ori = 0
9.82990500004962	EXP	End_text: opacity = 1
9.82990500004962	EXP	End_text: pos = [0,0]
9.82990500004962	EXP	End_text: size = undefined
9.82990500004962	EXP	End_text: text = "This study aimed to look at procedural learning, i.e. our ability to extract patterns from the input that we are constantly receiving. This skill is thought to be essential for language and literacy acquisition and has been suggested as a possible underlying difficult in children with Language Impairments and Dyslexia. This study aims to improve the measures of procedural learning (the smiley face task) so that we can measure procedural learning more reliably and, in the future, analyse the performance of individuals with learning impairments.\nThank you for participating!\n\n----\n\nEste estudo tem como objectivo analisar a nossa capacidade de extrair padrões da informação que estamos constantemente a receber. Pensa-se que esta competência é essencial para a aquisição da linguagem e literacia e foi sugerido que dificuldades neste tipo de competências poderá estar relacionado com perturbações da linguagem e Dislexia. Este estudo tem como objectivo melhorar a estabilidade das medidas usadas para medir este tipo de memória (a tarefa da cara sorridente) de forma a poder medir de forma mais precisa e, no futuro, analisar a performance de indivíduos com perturbações da aprendizagem. \nMuito obrigada por ter participado!"
9.82990500004962	EXP	End_text: font = "Arial"
9.82990500004962	EXP	End_text: color = {"_hex":"#FFFFFF","_rgb":[1,1,1]}
9.82990500004962	EXP	End_text: contrast = 1
9.82990500004962	EXP	End_text: height = 0.025
9.82990500004962	EXP	End_text: bold = false
9.82990500004962	EXP	End_text: italic = false
9.82990500004962	EXP	End_text: alignHoriz = "left"
9.82990500004962	EXP	End_text: alignVert = "center"
9.82990500004962	EXP	End_text: wrapWidth = 1
9.82990500004962	EXP	End_text: flipHoriz = false
9.82990500004962	EXP	End_text: flipVert = false
9.82990500004962	EXP	text: autoDraw = true
21.652935000136495	DATA	Keydown:  
21.67964500002563	EXP	text: autoDraw = false
21.67964500002563	EXP	text_3: autoDraw = true
25.037719999905676	EXP	text_3: autoDraw = false
25.037719999905676	EXP	text_3: autoDraw = false
25.037719999905676	EXP	text_2: autoDraw = true
25.037719999905676	EXP	text_2: text = 0
25.05371499992907	EXP	text_2: text = 65
25.073204999789596	EXP	text_2: text = 82
25.084830000065267	EXP	text_2: text = 98
25.102820000145584	EXP	text_2: text = 116
25.119949999731034	EXP	text_2: text = 132
25.13650000002235	EXP	text_2: text = 148
25.152894999831915	EXP	text_2: text = 165
25.169615000020713	EXP	text_2: text = 182
25.18601500010118	EXP	text_2: text = 199
25.202535000164062	EXP	text_2: text = 215
25.218735000118613	EXP	text_2: text = 231
25.235485000070184	EXP	text_2: text = 248
25.25230500008911	EXP	text_2: text = 265
25.26947999978438	EXP	text_2: text = 282
25.284390000160784	EXP	text_2: text = 300
25.30288999993354	EXP	text_2: text = 315
25.304254999849945	DATA	Keydown:  
25.319205000065267	EXP	text_2: text = 331
25.319205000065267	EXP	text_2: autoDraw = false
25.319205000065267	EXP	Feedback: text = 267
25.319205000065267	EXP	Feedback: autoDraw = true
26.319409999996424	EXP	Feedback: autoDraw = false
26.319409999996424	EXP	Feedback: autoDraw = false
26.319409999996424	EXP	text_3: autoDraw = true
28.002675000112504	DATA	Keydown:  
31.453044999856502	EXP	text_3: autoDraw = false
31.453044999856502	EXP	text_3: autoDraw = false
31.453044999856502	EXP	text_2: autoDraw = true
31.453044999856502	EXP	text_2: text = 0
31.469864999875426	EXP	text_2: text = 17
31.486614999826998	EXP	text_2: text = 34
31.50340500008315	EXP	text_2: text = 51
31.519940000027418	EXP	text_2: text = 67
31.536704999860376	EXP	text_2: text = 84
31.55239999992773	EXP	text_2: text = 101
31.57001499971375	EXP	text_2: text = 117
31.60344999982044	EXP	text_2: text = 151
31.619249999988824	EXP	text_2: text = 167
31.637014999985695	EXP	text_2: text = 185
31.653460000175983	EXP	text_2: text = 201
31.66918500000611	EXP	text_2: text = 217
31.68620999995619	EXP	text_2: text = 235
31.700999999884516	EXP	text_2: text = 250
31.719610000029206	EXP	text_2: text = 268
31.735510000027716	EXP	text_2: text = 284
31.736969999969006	DATA	Keydown:  
31.752235000021756	EXP	text_2: text = 303
31.752235000021756	EXP	text_2: autoDraw = false
31.752235000021756	EXP	Feedback: text = 284
31.752235000021756	EXP	Feedback: autoDraw = true
32.75285999989137	EXP	Feedback: autoDraw = false
32.75285999989137	EXP	Feedback: autoDraw = false
32.75285999989137	EXP	text_3: autoDraw = true
39.353544999845326	EXP	text_3: autoDraw = false
39.353544999845326	EXP	text_3: autoDraw = false
39.353544999845326	EXP	text_2: autoDraw = true
39.353544999845326	EXP	text_2: text = 0
39.36915499996394	EXP	text_2: text = 16
39.38664000015706	EXP	text_2: text = 34
39.40318500017747	EXP	text_2: text = 49
39.41929999971762	EXP	text_2: text = 66
39.43538499996066	EXP	text_2: text = 82
39.451650000177324	EXP	text_2: text = 99
39.46836500009522	EXP	text_2: text = 116
39.48496499983594	EXP	text_2: text = 133
39.50224999990314	EXP	text_2: text = 152
39.519024999812245	EXP	text_2: text = 167
39.536090000066906	EXP	text_2: text = 183
39.552180000115186	EXP	text_2: text = 199
39.56887499988079	EXP	text_2: text = 216
39.58590999990702	EXP	text_2: text = 233
39.602740000002086	EXP	text_2: text = 250
39.60410499991849	DATA	Keydown:  
39.61811999976635	EXP	text_2: text = 266
39.61811999976635	EXP	text_2: autoDraw = false
39.61811999976635	EXP	Feedback: text = 251
39.61811999976635	EXP	Feedback: autoDraw = true
40.62003999995068	EXP	Feedback: autoDraw = false
40.62003999995068	EXP	Feedback: autoDraw = false
40.62003999995068	EXP	text_3: autoDraw = true
49.8037399998866	EXP	text_3: autoDraw = false
49.8037399998866	EXP	text_3: autoDraw = false
49.8037399998866	EXP	text_2: autoDraw = true
49.8037399998866	EXP	text_2: text = 0
49.82014499977231	EXP	text_2: text = 15
49.83381999982521	EXP	text_2: text = 32
49.85228999983519	EXP	text_2: text = 49
49.86894499976188	EXP	text_2: text = 65
49.885299999732524	EXP	text_2: text = 81
49.90188500005752	EXP	text_2: text = 98
49.917884999886155	EXP	text_2: text = 115
49.93577999994159	EXP	text_2: text = 133
49.95161500014365	EXP	text_2: text = 148
49.96836999990046	EXP	text_2: text = 165
49.985615000128746	EXP	text_2: text = 181
50.00226499978453	EXP	text_2: text = 199
50.01803999999538	EXP	text_2: text = 215
50.03558999998495	EXP	text_2: text = 232
50.051525000017136	EXP	text_2: text = 248
50.06921500014141	EXP	text_2: text = 266
50.08509499998763	EXP	text_2: text = 282
50.10184000013396	EXP	text_2: text = 298
50.119444999843836	EXP	text_2: text = 316
50.12095999997109	DATA	Keydown:  
50.1357100000605	EXP	text_2: text = 332
50.1357100000605	EXP	text_2: autoDraw = false
50.1357100000605	EXP	Feedback: text = 317
50.1357100000605	EXP	Feedback: autoDraw = true
51.13665999984369	EXP	Feedback: autoDraw = false
51.13665999984369	EXP	Feedback: autoDraw = false
51.13665999984369	EXP	text_3: autoDraw = true
59.786679999902844	EXP	text_3: autoDraw = false
59.786679999902844	EXP	text_3: autoDraw = false
59.786679999902844	EXP	text_2: autoDraw = true
59.786679999902844	EXP	text_2: text = 0
59.80226999986917	EXP	text_2: text = 15
59.81911000004038	EXP	text_2: text = 32
59.83557000011206	EXP	text_2: text = 48
59.85239000013098	EXP	text_2: text = 65
59.869949999731034	EXP	text_2: text = 83
59.88549999985844	EXP	text_2: text = 98
59.90298500005156	EXP	text_2: text = 115
59.919195000082254	EXP	text_2: text = 135
59.93513499991968	EXP	text_2: text = 148
59.951925000175834	EXP	text_2: text = 166
59.96915999986231	EXP	text_2: text = 183
59.9846700001508	EXP	text_2: text = 198
60.00167999975383	EXP	text_2: text = 215
60.018534999806434	EXP	text_2: text = 232
60.03507999982685	EXP	text_2: text = 249
60.052939999848604	EXP	text_2: text = 265
60.06906499993056	EXP	text_2: text = 282
60.08529999991879	EXP	text_2: text = 298
60.08661499992013	DATA	Keydown:  
60.10249499976635	EXP	text_2: text = 316
60.10249499976635	EXP	text_2: autoDraw = false
60.10249499976635	EXP	Feedback: text = 300
60.10249499976635	EXP	Feedback: autoDraw = true
61.10344999982044	EXP	Feedback: autoDraw = false
61.10344999982044	EXP	Feedback: autoDraw = false
61.10344999982044	EXP	text_3: autoDraw = true
69.56949000013992	EXP	text_3: autoDraw = false
69.56949000013992	EXP	text_3: autoDraw = false
69.56949000013992	EXP	text_2: autoDraw = true
69.56949000013992	EXP	text_2: text = 0
69.58632999984547	EXP	text_2: text = 17
69.60238499986008	EXP	text_2: text = 33
69.61939499992877	EXP	text_2: text = 50
69.63638499984518	EXP	text_2: text = 67
69.65180499991402	EXP	text_2: text = 84
69.66930499998853	EXP	text_2: text = 100
69.68654000014067	EXP	text_2: text = 117
69.70255499985069	EXP	text_2: text = 133
69.71964500006288	EXP	text_2: text = 150
69.73584500001743	EXP	text_2: text = 166
69.75255999993533	EXP	text_2: text = 184
69.76935499999672	EXP	text_2: text = 201
69.78503499971703	EXP	text_2: text = 216
69.80283499974757	EXP	text_2: text = 234
69.8354949997738	EXP	text_2: text = 266
69.85226000007242	EXP	text_2: text = 284
69.8690649997443	EXP	text_2: text = 300
69.88627000013366	EXP	text_2: text = 317
69.90303499996662	EXP	text_2: text = 334
69.91846999991685	EXP	text_2: text = 350
69.93549499986693	EXP	text_2: text = 367
69.93684000009671	DATA	Keydown: m
69.93709999974817	DATA	Keydown:  
69.95260499976575	EXP	text_2: text = 383
69.95260499976575	EXP	text_2: autoDraw = false
69.95260499976575	EXP	Feedback: text = 368
69.95260499976575	EXP	Feedback: autoDraw = true
70.9523999998346	EXP	Feedback: autoDraw = false
70.9523999998346	EXP	Feedback: autoDraw = false
70.9523999998346	EXP	text_3: autoDraw = true
79.48557000001892	EXP	text_3: autoDraw = false
79.48557000001892	EXP	text_3: autoDraw = false
79.48557000001892	EXP	text_2: autoDraw = true
79.48557000001892	EXP	text_2: text = 0
79.50236500008032	EXP	text_2: text = 17
79.5193150001578	EXP	text_2: text = 33
79.53607499971986	EXP	text_2: text = 51
79.55282999994233	EXP	text_2: text = 67
79.5692300000228	EXP	text_2: text = 84
79.58581000007689	EXP	text_2: text = 101
79.60253500007093	EXP	text_2: text = 116
79.61929500009865	EXP	text_2: text = 134
79.63531999988481	EXP	text_2: text = 151
79.65224999981001	EXP	text_2: text = 167
79.66909499978647	EXP	text_2: text = 183
79.68580499989912	EXP	text_2: text = 203
79.70140000013635	EXP	text_2: text = 216
79.71811500005424	EXP	text_2: text = 233
79.73559000017121	EXP	text_2: text = 251
79.75154499989003	EXP	text_2: text = 266
79.7687300001271	EXP	text_2: text = 284
79.78559499979019	EXP	text_2: text = 300
79.80131499981508	EXP	text_2: text = 317
79.80457999976352	DATA	Keydown:  
79.81891499971971	EXP	text_2: text = 334
79.81891499971971	EXP	text_2: autoDraw = false
79.81891499971971	EXP	Feedback: text = 319
79.81891499971971	EXP	Feedback: autoDraw = true
80.81974499998614	EXP	Feedback: autoDraw = false
80.81974499998614	EXP	Feedback: autoDraw = false
80.81974499998614	EXP	text_3: autoDraw = true
83.00289499992505	DATA	Keydown: Meta
85.71963499998674	EXP	text_3: autoDraw = false
85.71963499998674	EXP	text_3: autoDraw = false
85.71963499998674	EXP	text_2: autoDraw = true
85.71963499998674	EXP	text_2: text = 0
85.73607000010088	EXP	text_2: text = 16
85.75259000016376	EXP	text_2: text = 33
85.76914499979466	EXP	text_2: text = 49
85.7859499999322	EXP	text_2: text = 66
85.80270500015467	EXP	text_2: text = 83
85.81925000017509	EXP	text_2: text = 99
85.83574499981478	EXP	text_2: text = 115
85.85244000004604	EXP	text_2: text = 132
85.86948999995366	EXP	text_2: text = 149
85.88587500015274	EXP	text_2: text = 165
85.90277000004426	EXP	text_2: text = 183
85.91927499976009	EXP	text_2: text = 199
85.93588999984786	EXP	text_2: text = 216
85.95182499988005	EXP	text_2: text = 233
85.96924499981105	EXP	text_2: text = 249
85.9854449997656	EXP	text_2: text = 266
86.00236999988556	EXP	text_2: text = 282
86.01947999978438	EXP	text_2: text = 299
86.0255350000225	DATA	Keydown:  
86.03610999975353	EXP	text_2: text = 317
86.03610999975353	EXP	text_2: autoDraw = false
86.03610999975353	EXP	Feedback: text = 306
86.03610999975353	EXP	Feedback: autoDraw = true
87.03650499973446	EXP	Feedback: autoDraw = false
87.03650499973446	EXP	Feedback: autoDraw = false
87.03650499973446	EXP	text_3: autoDraw = true
90.18602999998257	EXP	text_3: autoDraw = false
90.18602999998257	EXP	text_3: autoDraw = false
90.18602999998257	EXP	text_2: autoDraw = true
90.18602999998257	EXP	text_2: text = 0
90.20205499976873	EXP	text_2: text = 17
90.219389999751	EXP	text_2: text = 34
90.23563499981537	EXP	text_2: text = 50
90.2520300000906	EXP	text_2: text = 66
90.26819500001147	EXP	text_2: text = 83
90.28519999980927	EXP	text_2: text = 101
90.30212000012398	EXP	text_2: text = 117
90.31808499991894	EXP	text_2: text = 133
90.33550499984995	EXP	text_2: text = 151
90.35212499974295	EXP	text_2: text = 167
90.36773499986157	EXP	text_2: text = 183
90.38480999972671	EXP	text_2: text = 200
90.40181499999017	EXP	text_2: text = 217
90.4186200001277	EXP	text_2: text = 234
90.43466500006616	EXP	text_2: text = 251
90.4525600001216	EXP	text_2: text = 271
90.46851499984041	EXP	text_2: text = 287
90.4853150001727	EXP	text_2: text = 301
90.50191499991342	EXP	text_2: text = 318
90.5189399998635	EXP	text_2: text = 334
90.53496999992058	EXP	text_2: text = 350
90.55083000008017	EXP	text_2: text = 366
90.568934999872	EXP	text_2: text = 384
90.57047000015154	DATA	Keydown:  
90.5849099997431	EXP	text_2: text = 401
90.5849099997431	EXP	text_2: autoDraw = false
90.5849099997431	EXP	Feedback: text = 384
90.5849099997431	EXP	Feedback: autoDraw = true
91.58664500014856	EXP	Feedback: autoDraw = false
91.58664500014856	EXP	Feedback: autoDraw = false
91.58664500014856	EXP	text_3: autoDraw = true
93.98599499976262	EXP	text_3: autoDraw = false
93.98599499976262	EXP	text_3: autoDraw = false
93.98599499976262	EXP	text_2: autoDraw = true
93.98599499976262	EXP	text_2: text = 0
94.0027499999851	EXP	text_2: text = 16
94.01912500010803	EXP	text_2: text = 33
94.03559499979019	EXP	text_2: text = 50
94.05231000017375	EXP	text_2: text = 67
94.06869499990717	EXP	text_2: text = 82
94.08615500014275	EXP	text_2: text = 100
94.10222500003874	EXP	text_2: text = 115
94.11874999990687	EXP	text_2: text = 132
94.13531500007957	EXP	text_2: text = 149
94.15243500005454	EXP	text_2: text = 165
94.1685600001365	EXP	text_2: text = 183
94.18471499998122	EXP	text_2: text = 200
94.20090499985963	EXP	text_2: text = 215
94.21781999990344	EXP	text_2: text = 232
94.2351000001654	EXP	text_2: text = 250
94.25209000008181	EXP	text_2: text = 266
94.26822499977425	EXP	text_2: text = 282
94.28494999976829	EXP	text_2: text = 300
94.30188000015914	EXP	text_2: text = 316
94.31819499982521	EXP	text_2: text = 333
94.31950999982655	DATA	Keydown:  
94.3352100001648	EXP	text_2: text = 350
94.3352100001648	EXP	text_2: autoDraw = false
94.3352100001648	EXP	Feedback: text = 334
94.3352100001648	EXP	Feedback: autoDraw = true
95.33603999996558	EXP	Feedback: autoDraw = false
95.33603999996558	EXP	Feedback: autoDraw = false
95.33603999996558	EXP	text_3: autoDraw = true
100.03617999982089	EXP	text_3: autoDraw = false
100.03617999982089	EXP	text_3: autoDraw = false
100.03617999982089	EXP	text_2: autoDraw = true
100.03617999982089	EXP	text_2: text = 0
100.0517899999395	EXP	text_2: text = 16
100.06888999976218	EXP	text_2: text = 33
100.08669999986887	EXP	text_2: text = 49
100.1025049998425	EXP	text_2: text = 66
100.11853499989957	EXP	text_2: text = 83
100.13536499999464	EXP	text_2: text = 99
100.15206500003114	EXP	text_2: text = 116
100.16937999986112	EXP	text_2: text = 132
100.1850399998948	EXP	text_2: text = 149
100.20121000008658	EXP	text_2: text = 165
100.21801499975845	EXP	text_2: text = 182
100.23430499993265	EXP	text_2: text = 200
100.25158999999985	EXP	text_2: text = 218
100.26818999974057	EXP	text_2: text = 232
100.28512999974191	EXP	text_2: text = 250
100.30168000003323	EXP	text_2: text = 266
100.31819000001997	EXP	text_2: text = 283
100.3194999997504	DATA	Keydown:  
100.33526000007987	EXP	text_2: text = 299
100.33526000007987	EXP	text_2: autoDraw = false
100.33526000007987	EXP	Feedback: text = 283
100.33526000007987	EXP	Feedback: autoDraw = true
101.33719999995083	EXP	Feedback: autoDraw = false
101.33719999995083	EXP	Feedback: autoDraw = false
101.33719999995083	EXP	text_3: autoDraw = true
108.13659999985248	EXP	text_3: autoDraw = false
108.13659999985248	EXP	text_3: autoDraw = false
108.13659999985248	EXP	text_2: autoDraw = true
108.13659999985248	EXP	text_2: text = 0
108.15191000001505	EXP	text_2: text = 15
108.16881000017747	EXP	text_2: text = 31
108.1851200000383	EXP	text_2: text = 48
108.2016050000675	EXP	text_2: text = 65
108.2191749997437	EXP	text_2: text = 82
108.2352350000292	EXP	text_2: text = 99
108.25189499976113	EXP	text_2: text = 114
108.2681599999778	EXP	text_2: text = 131
108.28452500002459	EXP	text_2: text = 147
108.30168000003323	EXP	text_2: text = 165
108.31778999976814	EXP	text_2: text = 181
108.3352100001648	EXP	text_2: text = 198
108.35138999996707	EXP	text_2: text = 214
108.36843999987468	EXP	text_2: text = 232
108.3836799999699	EXP	text_2: text = 247
108.384990000166	DATA	Keydown:  
108.4021950000897	EXP	text_2: text = 265
108.4021950000897	EXP	text_2: autoDraw = false
108.4021950000897	EXP	Feedback: text = 249
108.4021950000897	EXP	Feedback: autoDraw = true
109.40447499975562	EXP	Feedback: autoDraw = false
109.40447499975562	EXP	Feedback: autoDraw = false
109.40447499975562	EXP	text_3: autoDraw = true
115.63536999979988	EXP	text_3: autoDraw = false
115.63536999979988	EXP	text_3: autoDraw = false
115.63536999979988	EXP	text_2: autoDraw = true
115.63536999979988	EXP	text_2: text = 0
115.65208499971777	EXP	text_2: text = 17
115.66902499971911	EXP	text_2: text = 34
115.68558500008658	EXP	text_2: text = 51
115.70141999982297	EXP	text_2: text = 68
115.71863000001758	EXP	text_2: text = 84
115.73590999981388	EXP	text_2: text = 101
115.75156500004232	EXP	text_2: text = 116
115.76895499974489	EXP	text_2: text = 134
115.78531499998644	EXP	text_2: text = 150
115.80203999998048	EXP	text_2: text = 167
115.81807000003755	EXP	text_2: text = 183
115.83612999971956	EXP	text_2: text = 201
115.8519250000827	EXP	text_2: text = 217
115.86939000012353	EXP	text_2: text = 234
115.88551499973983	EXP	text_2: text = 250
115.90280999988317	EXP	text_2: text = 267
115.90407499996945	DATA	Keydown:  
115.91770499991253	EXP	text_2: text = 283
115.91770499991253	EXP	text_2: autoDraw = false
115.91770499991253	EXP	Feedback: text = 269
115.91770499991253	EXP	Feedback: autoDraw = true
116.9191250000149	EXP	Feedback: autoDraw = false
116.9191250000149	EXP	Feedback: autoDraw = false
116.9191250000149	EXP	text_3: autoDraw = true
118.95308500016108	DATA	Keydown: Meta
120.70284499973059	EXP	text_3: autoDraw = false
120.70284499973059	EXP	text_3: autoDraw = false
120.70284499973059	EXP	text_2: autoDraw = true
120.70284499973059	EXP	text_2: text = 0
120.71828000014648	EXP	text_2: text = 16
120.73454499989748	EXP	text_2: text = 32
120.75228000013158	EXP	text_2: text = 48
120.7688049999997	EXP	text_2: text = 65
120.78549000015482	EXP	text_2: text = 81
120.80214500008151	EXP	text_2: text = 99
120.81866999994963	EXP	text_2: text = 115
120.83527000015602	EXP	text_2: text = 131
120.85203999979421	EXP	text_2: text = 149
120.86838500015438	EXP	text_2: text = 166
120.88544999994338	EXP	text_2: text = 182
120.90136000001803	EXP	text_2: text = 199
120.91911000013351	EXP	text_2: text = 215
120.93481499981135	EXP	text_2: text = 232
120.95183999976143	EXP	text_2: text = 249
120.96979499980807	EXP	text_2: text = 266
120.9851699997671	EXP	text_2: text = 282
121.00115499971434	EXP	text_2: text = 298
121.01803499972448	EXP	text_2: text = 318
121.03451999975368	EXP	text_2: text = 335
121.05212000012398	EXP	text_2: text = 349
121.06773999985307	EXP	text_2: text = 365
121.08495000004768	EXP	text_2: text = 382
121.10156500013545	EXP	text_2: text = 399
121.10290999989957	DATA	Keydown:  
121.1177599998191	EXP	text_2: text = 416
121.1177599998191	EXP	text_2: autoDraw = false
121.1177599998191	EXP	Feedback: text = 400
121.1177599998191	EXP	Feedback: autoDraw = true
122.1193399997428	EXP	Feedback: autoDraw = false
122.1193399997428	EXP	Feedback: autoDraw = false
122.1193399997428	EXP	text_3: autoDraw = true
128.01877499977127	EXP	text_3: autoDraw = false
128.01877499977127	EXP	text_3: autoDraw = false
128.01877499977127	EXP	text_2: autoDraw = true
128.01877499977127	EXP	text_2: text = 0
128.0347400000319	EXP	text_2: text = 17
128.05224999971688	EXP	text_2: text = 34
128.06787999998778	EXP	text_2: text = 51
128.0851300000213	EXP	text_2: text = 67
128.10195000004023	EXP	text_2: text = 84
128.11851499974728	EXP	text_2: text = 100
128.13510000007227	EXP	text_2: text = 118
128.15142000000924	EXP	text_2: text = 133
128.16783000016585	EXP	text_2: text = 153
128.18415499990806	EXP	text_2: text = 168
128.20142500009388	EXP	text_2: text = 184
128.21798999980092	EXP	text_2: text = 200
128.23395999986678	EXP	text_2: text = 216
128.25053500011563	EXP	text_2: text = 233
128.26876500016078	EXP	text_2: text = 251
128.28487000009045	EXP	text_2: text = 267
128.28607999999076	DATA	Keydown:  
128.30090499995276	EXP	text_2: text = 283
128.30090499995276	EXP	text_2: autoDraw = false
128.30090499995276	EXP	Feedback: text = 267
128.30090499995276	EXP	Feedback: autoDraw = true
129.302064999938	EXP	Feedback: autoDraw = false
129.302064999938	EXP	Feedback: autoDraw = false
129.302064999938	EXP	text_3: autoDraw = true
131.36945000011474	EXP	text_3: autoDraw = false
131.36945000011474	EXP	text_3: autoDraw = false
131.36945000011474	EXP	text_2: autoDraw = true
131.36945000011474	EXP	text_2: text = 0
131.3848449997604	EXP	text_2: text = 15
131.40178499976173	EXP	text_2: text = 32
131.41848499979824	EXP	text_2: text = 49
131.43499499978498	EXP	text_2: text = 65
131.45207000011578	EXP	text_2: text = 83
131.4677349999547	EXP	text_2: text = 99
131.4850800000131	EXP	text_2: text = 115
131.50176999997348	EXP	text_2: text = 132
131.51870999997482	EXP	text_2: text = 149
131.53562500001863	EXP	text_2: text = 166
131.55248499987647	EXP	text_2: text = 183
131.56874499982223	EXP	text_2: text = 199
131.58385000005364	EXP	text_2: text = 217
131.60301999980584	EXP	text_2: text = 236
131.61770999990404	EXP	text_2: text = 249
131.63455000007525	EXP	text_2: text = 265
131.65134999994189	EXP	text_2: text = 283
131.66781000001356	EXP	text_2: text = 299
131.68501499993727	EXP	text_2: text = 316
131.70141999982297	EXP	text_2: text = 333
131.71782999997959	EXP	text_2: text = 349
131.73515000008047	EXP	text_2: text = 366
131.75109499972314	EXP	text_2: text = 382
131.76826999988407	EXP	text_2: text = 400
131.77192999981344	DATA	Keydown:  
131.78488499997184	EXP	text_2: text = 415
131.78488499997184	EXP	text_2: autoDraw = false
131.78488499997184	EXP	Feedback: text = 403
131.78488499997184	EXP	Feedback: autoDraw = true
132.78490500012413	EXP	Feedback: autoDraw = false
132.78490500012413	EXP	Feedback: autoDraw = false
132.78490500012413	EXP	text_3: autoDraw = true
140.66892000008374	EXP	text_3: autoDraw = false
140.66892000008374	EXP	text_3: autoDraw = false
140.66892000008374	EXP	text_2: autoDraw = true
140.66892000008374	EXP	text_2: text = 0
140.68476000009105	EXP	text_2: text = 17
140.70291499979794	EXP	text_2: text = 35
140.7178699998185	EXP	text_2: text = 50
140.73506999993697	EXP	text_2: text = 66
140.75191499991342	EXP	text_2: text = 83
140.76879499992356	EXP	text_2: text = 100
140.78471500007436	EXP	text_2: text = 117
140.80183500004932	EXP	text_2: text = 132
140.8187949997373	EXP	text_2: text = 150
140.83519499981776	EXP	text_2: text = 165
140.8520800000988	EXP	text_2: text = 183
140.86764999991283	EXP	text_2: text = 200
140.88544500013813	EXP	text_2: text = 216
140.90252000000328	EXP	text_2: text = 233
140.91870999988168	EXP	text_2: text = 250
140.93443999998271	EXP	text_2: text = 266
140.93775499984622	DATA	Keydown:  
140.96052500000224	EXP	text_2: text = 287
140.96052500000224	EXP	text_2: autoDraw = false
140.96052500000224	EXP	Feedback: text = 269
140.96052500000224	EXP	Feedback: autoDraw = true
141.95157000003383	EXP	Feedback: autoDraw = false
141.95157000003383	EXP	Feedback: autoDraw = false
141.95157000003383	EXP	text_3: autoDraw = true
148.90178499976173	EXP	text_3: autoDraw = false
148.90178499976173	EXP	text_3: autoDraw = false
148.90178499976173	EXP	text_2: autoDraw = true
148.90178499976173	EXP	text_2: text = 0
148.91818000003695	EXP	text_2: text = 15
148.93509500008076	EXP	text_2: text = 32
148.95091499993578	EXP	text_2: text = 49
148.96885999990627	EXP	text_2: text = 67
148.98483499977738	EXP	text_2: text = 82
149.00191999971867	EXP	text_2: text = 99
149.01872000005096	EXP	text_2: text = 117
149.03426000010222	EXP	text_2: text = 133
149.05110500007868	EXP	text_2: text = 150
149.0689949998632	EXP	text_2: text = 166
149.0851849997416	EXP	text_2: text = 182
149.101429999806	EXP	text_2: text = 199
149.1181899998337	EXP	text_2: text = 216
149.13327999971807	EXP	text_2: text = 232
149.15128500014544	EXP	text_2: text = 251
149.15256999991834	DATA	Keydown:  
149.16703000012785	EXP	text_2: text = 265
149.16703000012785	EXP	text_2: autoDraw = false
149.16703000012785	EXP	Feedback: text = 251
149.16703000012785	EXP	Feedback: autoDraw = true
150.16807499993593	EXP	Feedback: autoDraw = false
150.16807499993593	EXP	Feedback: autoDraw = false
150.16807499993593	EXP	text_3: autoDraw = true
154.51885000010952	EXP	text_3: autoDraw = false
154.51885000010952	EXP	text_3: autoDraw = false
154.51885000010952	EXP	text_2: autoDraw = true
154.51885000010952	EXP	text_2: text = 0
154.53426499990746	EXP	text_2: text = 15
154.5509299999103	EXP	text_2: text = 32
154.56764000002295	EXP	text_2: text = 50
154.58436999982223	EXP	text_2: text = 66
154.6017100000754	EXP	text_2: text = 82
154.61774999974295	EXP	text_2: text = 98
154.6359799997881	EXP	text_2: text = 116
154.65122999995947	EXP	text_2: text = 133
154.66734000016004	EXP	text_2: text = 149
154.6843050001189	EXP	text_2: text = 166
154.70111999986693	EXP	text_2: text = 183
154.71798499999568	EXP	text_2: text = 199
154.7343899998814	EXP	text_2: text = 216
154.75047500012442	EXP	text_2: text = 231
154.76762000005692	EXP	text_2: text = 249
154.7845250000246	EXP	text_2: text = 269
154.8005050001666	EXP	text_2: text = 282
154.81862000003457	EXP	text_2: text = 300
154.81996499979869	DATA	Keydown:  
154.83461500005797	EXP	text_2: text = 317
154.83461500005797	EXP	text_2: autoDraw = false
154.83461500005797	EXP	Feedback: text = 301
154.83461500005797	EXP	Feedback: autoDraw = true
155.83547500008717	EXP	Feedback: autoDraw = false
155.83547500008717	EXP	Feedback: autoDraw = false
155.83547500008717	EXP	text_3: autoDraw = true
162.53433499997482	EXP	text_3: autoDraw = false
162.53433499997482	EXP	text_3: autoDraw = false
162.53433499997482	EXP	text_2: autoDraw = true
162.53433499997482	EXP	text_2: text = 0
162.55096499994397	EXP	text_2: text = 17
162.56747999973595	EXP	text_2: text = 33
162.58444999996573	EXP	text_2: text = 51
162.600629999768	EXP	text_2: text = 68
162.61750999977812	EXP	text_2: text = 83
162.6339099998586	EXP	text_2: text = 101
162.65073999995366	EXP	text_2: text = 117
162.6673900000751	EXP	text_2: text = 133
162.68196499999613	EXP	text_2: text = 152
162.7010349999182	EXP	text_2: text = 170
162.7171649998054	EXP	text_2: text = 183
162.73405499989167	EXP	text_2: text = 200
162.75062499986961	EXP	text_2: text = 217
162.76790999993682	EXP	text_2: text = 234
162.7843700000085	EXP	text_2: text = 251
162.80117500014603	EXP	text_2: text = 268
162.8024349999614	DATA	Keydown:  
162.81729000015184	EXP	text_2: text = 284
162.81729000015184	EXP	text_2: autoDraw = false
162.81729000015184	EXP	Feedback: text = 268
162.81729000015184	EXP	Feedback: autoDraw = true
163.81789000006393	EXP	Feedback: autoDraw = false
163.81789000006393	EXP	Feedback: autoDraw = false
163.81789000006393	EXP	text_3: autoDraw = true
173.2848549997434	EXP	text_3: autoDraw = false
173.2848549997434	EXP	text_3: autoDraw = false
173.2848549997434	EXP	text_2: autoDraw = true
173.2848549997434	EXP	text_2: text = 0
173.3014349997975	EXP	text_2: text = 17
173.31838000006974	EXP	text_2: text = 34
173.3338999999687	EXP	text_2: text = 50
173.35161999985576	EXP	text_2: text = 67
173.3676999998279	EXP	text_2: text = 83
173.38432999979705	EXP	text_2: text = 100
173.40119999973103	EXP	text_2: text = 116
173.41777499997988	EXP	text_2: text = 132
173.43496999982744	EXP	text_2: text = 150
173.4508650000207	EXP	text_2: text = 167
173.46770999999717	EXP	text_2: text = 182
173.48457500012591	EXP	text_2: text = 201
173.50131500000134	EXP	text_2: text = 216
173.51795999985188	EXP	text_2: text = 233
173.53425000002608	EXP	text_2: text = 250
173.53561000013724	DATA	Keydown:  
173.55084499996156	EXP	text_2: text = 267
173.55084499996156	EXP	text_2: autoDraw = false
173.55084499996156	EXP	Feedback: text = 251
173.55084499996156	EXP	Feedback: autoDraw = true
174.5515549997799	EXP	Feedback: autoDraw = false
174.5515549997799	EXP	Feedback: autoDraw = false
174.5515549997799	EXP	text_3: autoDraw = true
174.98237500013784	DATA	Keydown:  
178.684460000135	EXP	text_3: autoDraw = false
178.684460000135	EXP	text_3: autoDraw = false
178.684460000135	EXP	text_2: autoDraw = true
178.684460000135	EXP	text_2: text = 0
178.70174499973655	EXP	text_2: text = 18
178.71773000014946	EXP	text_2: text = 33
178.73448499990627	EXP	text_2: text = 50
178.7511499999091	EXP	text_2: text = 67
178.767864999827	EXP	text_2: text = 83
178.7842099997215	EXP	text_2: text = 100
178.8010499998927	EXP	text_2: text = 117
178.8176500000991	EXP	text_2: text = 134
178.8336249999702	EXP	text_2: text = 150
178.84799499996006	EXP	text_2: text = 168
178.866965000052	EXP	text_2: text = 186
178.88371999980882	EXP	text_2: text = 200
178.90073500014842	EXP	text_2: text = 217
178.91679499996826	EXP	text_2: text = 233
178.9340099999681	EXP	text_2: text = 250
178.95063500013202	EXP	text_2: text = 268
178.9565149997361	DATA	Keydown:  
178.96689500007778	EXP	text_2: text = 283
178.96689500007778	EXP	text_2: autoDraw = false
178.96689500007778	EXP	Feedback: text = 272
178.96689500007778	EXP	Feedback: autoDraw = true
179.96817500004545	EXP	Feedback: autoDraw = false
179.96817500004545	EXP	Feedback: autoDraw = false
179.96817500004545	EXP	text_3: autoDraw = true
182.518309999723	EXP	text_3: autoDraw = false
182.518309999723	EXP	text_3: autoDraw = false
182.518309999723	EXP	text_2: autoDraw = true
182.518309999723	EXP	text_2: text = 0
182.53508500009775	EXP	text_2: text = 17
182.55049500009045	EXP	text_2: text = 33
182.56740499986336	EXP	text_2: text = 50
182.5848499997519	EXP	text_2: text = 67
182.60154000017792	EXP	text_2: text = 83
182.61815499980003	EXP	text_2: text = 100
182.63395999977365	EXP	text_2: text = 116
182.651060000062	EXP	text_2: text = 132
182.66777499997988	EXP	text_2: text = 149
182.70109999971464	EXP	text_2: text = 183
182.71808000002056	EXP	text_2: text = 199
182.73319000005722	EXP	text_2: text = 216
182.7497799997218	EXP	text_2: text = 233
182.76694499980658	EXP	text_2: text = 251
182.783934999723	EXP	text_2: text = 266
182.80023999977857	EXP	text_2: text = 286
182.8169649997726	EXP	text_2: text = 300
182.83452499983832	EXP	text_2: text = 316
182.83589999983087	DATA	Keydown:  
182.85036000004038	EXP	text_2: text = 333
182.85036000004038	EXP	text_2: autoDraw = false
182.85036000004038	EXP	Feedback: text = 318
182.85036000004038	EXP	Feedback: autoDraw = true
183.851784999948	EXP	Feedback: autoDraw = false
183.851784999948	EXP	Feedback: autoDraw = false
183.851784999948	EXP	text_3: autoDraw = true
187.38364000013098	DATA	Keydown:  
192.71803499991074	EXP	text_3: autoDraw = false
192.71803499991074	EXP	text_3: autoDraw = false
192.71803499991074	EXP	text_2: autoDraw = true
192.71803499991074	EXP	text_2: text = 0
192.7346649998799	EXP	text_2: text = 16
192.75145500013605	EXP	text_2: text = 33
192.76745499996468	EXP	text_2: text = 50
192.78383000008762	EXP	text_2: text = 66
192.80047499993816	EXP	text_2: text = 83
192.81774999992922	EXP	text_2: text = 100
192.83460999978706	EXP	text_2: text = 116
192.85129999974743	EXP	text_2: text = 133
192.8680400000885	EXP	text_2: text = 150
192.88445500005037	EXP	text_2: text = 165
192.90165999997407	EXP	text_2: text = 183
192.9179699998349	EXP	text_2: text = 198
192.93478500004858	EXP	text_2: text = 216
192.95141999982297	EXP	text_2: text = 233
192.96746499976143	EXP	text_2: text = 250
192.98527499986812	EXP	text_2: text = 267
192.98694500001147	DATA	Keydown:  
193.00113500002772	EXP	text_2: text = 283
193.00113500002772	EXP	text_2: autoDraw = false
193.00113500002772	EXP	Feedback: text = 269
193.00113500002772	EXP	Feedback: autoDraw = true
194.00213499972597	EXP	Feedback: autoDraw = false
194.00213499972597	EXP	Feedback: autoDraw = false
194.00213499972597	EXP	text_3: autoDraw = true
198.94990500016138	EXP	text_3: autoDraw = false
198.94990500016138	EXP	text_3: autoDraw = false
198.94990500016138	EXP	text_2: autoDraw = true
198.94990500016138	EXP	text_2: text = 0
198.96601000009105	EXP	text_2: text = 15
198.98280999995768	EXP	text_2: text = 32
198.99978999979794	EXP	text_2: text = 49
199.01529499981552	EXP	text_2: text = 67
199.03285499988124	EXP	text_2: text = 83
199.04939999990165	EXP	text_2: text = 99
199.0661300001666	EXP	text_2: text = 117
199.08284999988973	EXP	text_2: text = 133
199.09951499989256	EXP	text_2: text = 150
199.1158750001341	EXP	text_2: text = 165
199.1327399997972	EXP	text_2: text = 182
199.14963500015438	EXP	text_2: text = 200
199.16649999981746	EXP	text_2: text = 217
199.18312999978662	EXP	text_2: text = 232
199.20098500000313	EXP	text_2: text = 250
199.20237499987707	DATA	Keydown:  
199.21613000007346	EXP	text_2: text = 265
199.21613000007346	EXP	text_2: autoDraw = false
199.21613000007346	EXP	Feedback: text = 253
199.21613000007346	EXP	Feedback: autoDraw = true
200.21644000010565	EXP	Feedback: autoDraw = false
200.21644000010565	EXP	Feedback: autoDraw = false
200.21644000010565	EXP	text_3: autoDraw = true
203.8826500000432	DATA	Keydown:  
206.98261500010267	EXP	text_3: autoDraw = false
206.98261500010267	EXP	text_3: autoDraw = false
206.98261500010267	EXP	text_2: autoDraw = true
206.98261500010267	EXP	text_2: text = 0
206.9992949999869	EXP	text_2: text = 15
207.01571499975398	EXP	text_2: text = 33
207.03272000001743	EXP	text_2: text = 50
207.04962999979034	EXP	text_2: text = 65
207.06595999980345	EXP	text_2: text = 81
207.08245999971405	EXP	text_2: text = 100
207.09881500015035	EXP	text_2: text = 115
207.1161799998954	EXP	text_2: text = 131
207.13291499996558	EXP	text_2: text = 150
207.14993500011042	EXP	text_2: text = 166
207.16591499978676	EXP	text_2: text = 182
207.18789999978617	EXP	text_2: text = 206
207.2139849998057	EXP	text_2: text = 233
207.2176549998112	DATA	Keydown:  
207.23277000011876	EXP	text_2: text = 249
207.23277000011876	EXP	text_2: autoDraw = false
207.23277000011876	EXP	Feedback: text = 235
207.23277000011876	EXP	Feedback: autoDraw = true
208.23266999982297	EXP	Feedback: autoDraw = false
208.23266999982297	EXP	Feedback: autoDraw = false
208.23266999982297	EXP	text_3: autoDraw = true
213.31570499995723	EXP	text_3: autoDraw = false
213.31570499995723	EXP	text_3: autoDraw = false
213.31570499995723	EXP	text_2: autoDraw = true
213.31570499995723	EXP	text_2: text = 0
213.3323800000362	EXP	text_2: text = 17
213.34915999975055	EXP	text_2: text = 35
213.3652399997227	EXP	text_2: text = 50
213.38285499997437	EXP	text_2: text = 70
213.3987199999392	EXP	text_2: text = 84
213.415724999737	EXP	text_2: text = 101
213.4197049997747	DATA	Keydown:  
213.43256000010297	EXP	text_2: text = 117
213.43256000010297	EXP	text_2: autoDraw = false
213.43256000010297	EXP	Feedback: text = 104
213.43256000010297	EXP	Feedback: autoDraw = true
214.4323550001718	EXP	Feedback: autoDraw = false
214.4323550001718	EXP	Feedback: autoDraw = false
214.4323550001718	EXP	text_3: autoDraw = true
224.43259999994189	EXP	text_3: autoDraw = false
224.43259999994189	EXP	text_3: autoDraw = false
224.43259999994189	EXP	text_2: autoDraw = true
224.43259999994189	EXP	text_2: text = 0
224.4487000000663	EXP	text_2: text = 16
224.46563499979675	EXP	text_2: text = 31
224.48249500012025	EXP	text_2: text = 49
224.49901499971747	EXP	text_2: text = 66
224.51563500007614	EXP	text_2: text = 82
224.53206499991938	EXP	text_2: text = 99
224.54951500007883	EXP	text_2: text = 115
224.56404499989003	EXP	text_2: text = 132
224.5922849997878	EXP	text_2: text = 160
224.6158900000155	EXP	text_2: text = 182
224.63211999973282	EXP	text_2: text = 198
224.64951500017196	EXP	text_2: text = 215
224.66555499983951	EXP	text_2: text = 232
224.68264999985695	EXP	text_2: text = 249
224.68961500003934	DATA	Keydown:  
224.69969999976456	EXP	text_2: text = 265
224.69969999976456	EXP	text_2: autoDraw = false
224.69969999976456	EXP	Feedback: text = 257
224.69969999976456	EXP	Feedback: autoDraw = true
225.69943000003695	EXP	Feedback: autoDraw = false
225.69943000003695	EXP	Feedback: autoDraw = false
225.69943000003695	EXP	text_3: autoDraw = true
230.5494849998504	EXP	text_3: autoDraw = false
230.5494849998504	EXP	text_3: autoDraw = false
230.5494849998504	EXP	text_2: autoDraw = true
230.5494849998504	EXP	text_2: text = 0
230.5660500000231	EXP	text_2: text = 16
230.58270000014454	EXP	text_2: text = 33
230.5990149998106	EXP	text_2: text = 49
230.6160099999979	EXP	text_2: text = 66
230.6326449997723	EXP	text_2: text = 85
230.64913999987766	EXP	text_2: text = 100
230.6659450000152	EXP	text_2: text = 116
230.68304000003263	EXP	text_2: text = 133
230.6987350001	EXP	text_2: text = 149
230.7156449998729	EXP	text_2: text = 167
230.7319000000134	EXP	text_2: text = 183
230.74888500012457	EXP	text_2: text = 199
230.7660349998623	EXP	text_2: text = 215
230.7829049997963	EXP	text_2: text = 233
230.8123599998653	EXP	text_2: text = 263
230.819379999768	DATA	Keydown:  
230.83336499985307	EXP	text_2: text = 284
230.83336499985307	EXP	text_2: autoDraw = false
230.83336499985307	EXP	Feedback: text = 270
230.83336499985307	EXP	Feedback: autoDraw = true
231.8323749997653	EXP	Feedback: autoDraw = false
231.8323749997653	EXP	Feedback: autoDraw = false
231.8323749997653	EXP	text_3: autoDraw = true
238.48188999993727	EXP	text_3: autoDraw = false
238.48188999993727	EXP	text_3: autoDraw = false
238.48188999993727	EXP	text_2: autoDraw = true
238.48188999993727	EXP	text_2: text = 0
238.49860499985516	EXP	text_2: text = 17
238.51602499978617	EXP	text_2: text = 33
238.5321849999018	EXP	text_2: text = 49
238.5490600001067	EXP	text_2: text = 67
238.5654050000012	EXP	text_2: text = 84
238.58190000010654	EXP	text_2: text = 99
238.5986649999395	EXP	text_2: text = 118
238.61709500011057	EXP	text_2: text = 136
238.64471000013873	EXP	text_2: text = 162
238.6651249998249	EXP	text_2: text = 186
238.68202499998733	EXP	text_2: text = 200
238.6984999999404	EXP	text_2: text = 217
238.71560999983922	EXP	text_2: text = 234
238.73198499996215	EXP	text_2: text = 250
238.74906999990344	EXP	text_2: text = 268
238.76597000006586	EXP	text_2: text = 284
238.78249000012875	EXP	text_2: text = 299
238.79911000002176	EXP	text_2: text = 319
238.81585500016809	EXP	text_2: text = 333
238.83655999973416	EXP	text_2: text = 356
238.84749000007287	DATA	Keydown:  
238.859375	EXP	text_2: text = 377
238.859375	EXP	text_2: autoDraw = false
238.859375	EXP	Feedback: text = 366
238.859375	EXP	Feedback: autoDraw = true
239.8492350000888	EXP	Feedback: autoDraw = false
239.8492350000888	EXP	Feedback: autoDraw = false
239.8492350000888	EXP	text_3: autoDraw = true
244.84912499971688	EXP	text_3: autoDraw = false
244.84912499971688	EXP	text_3: autoDraw = false
244.84912499971688	EXP	text_2: autoDraw = true
244.84912499971688	EXP	text_2: text = 0
244.8657349999994	EXP	text_2: text = 19
244.88191499980167	EXP	text_2: text = 33
244.89893999975175	EXP	text_2: text = 51
244.91567499982193	EXP	text_2: text = 68
244.93239500001073	EXP	text_2: text = 84
244.94853000016883	EXP	text_2: text = 100
244.96654499974102	EXP	text_2: text = 121
244.98662499990314	EXP	text_2: text = 139
244.99591499986127	EXP	text_2: text = 150
245.01579000009224	EXP	text_2: text = 167
245.03267000010237	EXP	text_2: text = 184
245.04885500017554	EXP	text_2: text = 201
245.06563000008464	EXP	text_2: text = 218
245.08180500008166	EXP	text_2: text = 235
245.09915000014007	EXP	text_2: text = 251
245.11486499989405	EXP	text_2: text = 268
245.13198000006378	EXP	text_2: text = 283
245.14902500016615	EXP	text_2: text = 301
245.16519499989226	EXP	text_2: text = 318
245.16648499993607	DATA	Keydown:  
245.18200499983504	EXP	text_2: text = 336
245.18200499983504	EXP	text_2: autoDraw = false
245.18200499983504	EXP	Feedback: text = 317
245.18200499983504	EXP	Feedback: autoDraw = true
246.18183000013232	EXP	Feedback: autoDraw = false
246.18183000013232	EXP	Feedback: autoDraw = false
246.18183000013232	EXP	text_3: autoDraw = true
251.96584999980405	EXP	text_3: autoDraw = false
251.96584999980405	EXP	text_3: autoDraw = false
251.96584999980405	EXP	text_2: autoDraw = true
251.96584999980405	EXP	text_2: text = 0
251.98259999975562	EXP	text_2: text = 17
251.99865499977022	EXP	text_2: text = 31
252.01547499978915	EXP	text_2: text = 48
252.03187000006437	EXP	text_2: text = 65
252.04873999999836	EXP	text_2: text = 83
252.06598499976099	EXP	text_2: text = 98
252.0820300001651	EXP	text_2: text = 115
252.09861500002444	EXP	text_2: text = 132
252.11568999988958	EXP	text_2: text = 149
252.13204000005499	EXP	text_2: text = 165
252.1489349999465	EXP	text_2: text = 181
252.16570500005037	EXP	text_2: text = 199
252.1825649999082	EXP	text_2: text = 214
252.1989500001073	EXP	text_2: text = 232
252.2153750001453	EXP	text_2: text = 248
252.23245499981567	EXP	text_2: text = 265
252.24866499984637	EXP	text_2: text = 283
252.2656450001523	EXP	text_2: text = 299
252.282050000038	EXP	text_2: text = 316
252.28827999997884	DATA	Keydown:  
252.29979000007734	EXP	text_2: text = 331
252.29979000007734	EXP	text_2: autoDraw = false
252.29979000007734	EXP	Feedback: text = 322
252.29979000007734	EXP	Feedback: autoDraw = true
253.2980450000614	EXP	Feedback: autoDraw = false
253.2980450000614	EXP	Feedback: autoDraw = false
253.2980450000614	EXP	text_3: autoDraw = true
260.7659200001508	EXP	text_3: autoDraw = false
260.7659200001508	EXP	text_3: autoDraw = false
260.7659200001508	EXP	text_2: autoDraw = true
260.7659200001508	EXP	text_2: text = 0
260.78289999999106	EXP	text_2: text = 17
260.79902999987826	EXP	text_2: text = 34
260.81546999979764	EXP	text_2: text = 51
260.83339999988675	EXP	text_2: text = 68
260.84929999988526	EXP	text_2: text = 83
260.8661949997768	EXP	text_2: text = 100
260.88324500015005	EXP	text_2: text = 117
260.89944999990985	EXP	text_2: text = 133
260.916079999879	EXP	text_2: text = 150
260.9333250001073	EXP	text_2: text = 167
260.9482499998994	EXP	text_2: text = 183
260.966544999741	EXP	text_2: text = 199
260.9825149998069	EXP	text_2: text = 217
260.99904999975115	EXP	text_2: text = 233
261.0203249999322	EXP	text_2: text = 257
261.0304049998522	EXP	text_2: text = 266
261.050019999966	EXP	text_2: text = 284
261.0661900001578	EXP	text_2: text = 300
261.08299000002444	EXP	text_2: text = 317
261.0991750000976	EXP	text_2: text = 334
261.11608000006527	EXP	text_2: text = 351
261.1173499999568	DATA	Keydown:  
261.13321999972686	EXP	text_2: text = 367
261.13321999972686	EXP	text_2: autoDraw = false
261.13321999972686	EXP	Feedback: text = 351
261.13321999972686	EXP	Feedback: autoDraw = true
262.13362499978393	EXP	Feedback: autoDraw = false
262.13362499978393	EXP	Feedback: autoDraw = false
262.13362499978393	EXP	text_3: autoDraw = true
270.6167049999349	EXP	text_3: autoDraw = false
270.6167049999349	EXP	text_3: autoDraw = false
270.6167049999349	EXP	text_2: autoDraw = true
270.6167049999349	EXP	text_2: text = 0
270.6330200000666	EXP	text_2: text = 16
270.650065000169	EXP	text_2: text = 33
270.66680999984965	EXP	text_2: text = 50
270.68293000012636	EXP	text_2: text = 67
270.6996900001541	EXP	text_2: text = 83
270.7172699999064	EXP	text_2: text = 101
270.73279999988154	EXP	text_2: text = 116
270.7499549998902	EXP	text_2: text = 134
270.7738000000827	EXP	text_2: text = 159
270.7998399999924	EXP	text_2: text = 185
270.8159349998459	EXP	text_2: text = 200
270.83335499977693	EXP	text_2: text = 218
270.8495849999599	EXP	text_2: text = 234
270.86487999977544	EXP	text_2: text = 250
270.88309999974445	EXP	text_2: text = 268
270.8992849998176	EXP	text_2: text = 283
270.9180299998261	EXP	text_2: text = 306
270.93235999997705	EXP	text_2: text = 317
270.94900000002235	EXP	text_2: text = 334
270.9658999997191	EXP	text_2: text = 351
270.98253499995917	EXP	text_2: text = 368
270.98386000003666	DATA	Keydown:  
270.9993349998258	EXP	text_2: text = 383
270.9993349998258	EXP	text_2: autoDraw = false
270.9993349998258	EXP	Feedback: text = 367
270.9993349998258	EXP	Feedback: autoDraw = true
272.00002499995753	EXP	Feedback: autoDraw = false
272.00002499995753	EXP	Feedback: autoDraw = false
272.00002499995753	EXP	text_3: autoDraw = true
274.7148850001395	EXP	text_3: autoDraw = false
274.7148850001395	EXP	text_3: autoDraw = false
274.7148850001395	EXP	text_2: autoDraw = true
274.7148850001395	EXP	text_2: text = 0
274.731885000132	EXP	text_2: text = 16
274.7488150000572	EXP	text_2: text = 33
274.7655150000937	EXP	text_2: text = 50
274.7825250001624	EXP	text_2: text = 67
274.7960350001231	EXP	text_2: text = 84
274.81609999993816	EXP	text_2: text = 103
274.8319199997932	EXP	text_2: text = 117
274.84921999974176	EXP	text_2: text = 134
274.86602000007406	EXP	text_2: text = 150
274.8824700000696	EXP	text_2: text = 167
274.8998549999669	EXP	text_2: text = 184
274.91591499978676	EXP	text_2: text = 200
274.93269499996677	EXP	text_2: text = 217
274.94890499999747	EXP	text_2: text = 234
274.9659850001335	EXP	text_2: text = 251
274.9829750000499	EXP	text_2: text = 268
274.99898000014946	EXP	text_2: text = 284
275.01631999993697	EXP	text_2: text = 301
275.03249999973923	EXP	text_2: text = 317
275.04933999991044	EXP	text_2: text = 334
275.06607999978587	EXP	text_2: text = 351
275.08197499997914	EXP	text_2: text = 367
275.09914499986917	EXP	text_2: text = 384
275.11573999980465	EXP	text_2: text = 401
275.1328449998982	EXP	text_2: text = 418
275.1500450000167	EXP	text_2: text = 438
275.16548499977216	EXP	text_2: text = 450
275.182310000062	EXP	text_2: text = 467
275.1995950001292	EXP	text_2: text = 484
275.20421999972314	DATA	Keydown:  
275.21510999975726	EXP	text_2: text = 501
275.21510999975726	EXP	text_2: autoDraw = false
275.21510999975726	EXP	Feedback: text = 489
275.21510999975726	EXP	Feedback: autoDraw = true
276.08437500009313	DATA	Keydown: Alt
276.21687000012025	EXP	Feedback: autoDraw = false
276.21687000012025	EXP	Feedback: autoDraw = false
276.21687000012025	EXP	text_3: autoDraw = true
276.26590499980375	DATA	Keydown: Alt
277.64919999986887	DATA	Keydown: Meta
282.1164549998939	EXP	text_3: autoDraw = false
282.1164549998939	EXP	text_3: autoDraw = false
282.1164549998939	EXP	text_2: autoDraw = true
282.1164549998939	EXP	text_2: text = 0
282.1332100001164	EXP	text_2: text = 17
282.149265000131	EXP	text_2: text = 34
282.1667450000532	EXP	text_2: text = 51
282.18359000002965	EXP	text_2: text = 70
282.198129999917	EXP	text_2: text = 83
282.21564000006765	EXP	text_2: text = 100
282.2323849997483	EXP	text_2: text = 117
282.2494950001128	EXP	text_2: text = 133
282.26574999978766	EXP	text_2: text = 151
282.28271499974653	EXP	text_2: text = 167
282.29949499992654	EXP	text_2: text = 184
282.3153699999675	EXP	text_2: text = 200
282.332870000042	EXP	text_2: text = 217
282.3484649998136	EXP	text_2: text = 233
282.36559000005946	EXP	text_2: text = 253
282.3822699999437	EXP	text_2: text = 268
282.3994399998337	EXP	text_2: text = 283
282.41588999982923	EXP	text_2: text = 301
282.4324099998921	EXP	text_2: text = 317
282.43371000001207	DATA	Keydown:  
282.4496100000106	EXP	text_2: text = 334
282.4496100000106	EXP	text_2: autoDraw = false
282.4496100000106	EXP	Feedback: text = 317
282.4496100000106	EXP	Feedback: autoDraw = true
283.4502199999988	EXP	Feedback: autoDraw = false
283.4502199999988	EXP	Feedback: autoDraw = false
283.4502199999988	EXP	text_3: autoDraw = true
283.5995399998501	DATA	Keydown: Alt
290.53304999973625	EXP	text_3: autoDraw = false
290.53304999973625	EXP	text_3: autoDraw = false
290.53304999973625	EXP	text_2: autoDraw = true
290.53304999973625	EXP	text_2: text = 0
290.5498549998738	EXP	text_2: text = 16
290.56680000014603	EXP	text_2: text = 34
290.58318499987945	EXP	text_2: text = 50
290.60006000008434	EXP	text_2: text = 67
290.6156549998559	EXP	text_2: text = 84
290.63331499975175	EXP	text_2: text = 101
290.6497349999845	EXP	text_2: text = 117
290.66628499981016	EXP	text_2: text = 133
290.68167500011623	EXP	text_2: text = 150
290.69891999987885	EXP	text_2: text = 168
290.71591500006616	EXP	text_2: text = 183
290.73176999995485	EXP	text_2: text = 200
290.75383500009775	EXP	text_2: text = 220
290.7817549998872	EXP	text_2: text = 251
290.7990749999881	EXP	text_2: text = 266
290.8161900001578	EXP	text_2: text = 284
290.8319950001314	EXP	text_2: text = 301
290.8488050000742	EXP	text_2: text = 316
290.8553550001234	DATA	Keydown:  
290.8655550000258	EXP	text_2: text = 334
290.8655550000258	EXP	text_2: autoDraw = false
290.8655550000258	EXP	Feedback: text = 322
290.8655550000258	EXP	Feedback: autoDraw = true
291.86602000007406	EXP	Feedback: autoDraw = false
291.86602000007406	EXP	Feedback: autoDraw = false
291.86602000007406	EXP	text_3: autoDraw = true
294.06799500016496	EXP	text_3: autoDraw = false
294.06799500016496	EXP	text_3: autoDraw = false
294.06799500016496	EXP	text_2: autoDraw = true
294.06799500016496	EXP	text_2: text = 0
294.08305000001565	EXP	text_2: text = 16
294.09973500017077	EXP	text_2: text = 33
294.11648500012234	EXP	text_2: text = 49
294.1333249998279	EXP	text_2: text = 66
294.14946499979123	EXP	text_2: text = 82
294.1669149999507	EXP	text_2: text = 100
294.1824300000444	EXP	text_2: text = 115
294.19996999995783	EXP	text_2: text = 133
294.21637499984354	EXP	text_2: text = 149
294.2332049999386	EXP	text_2: text = 165
294.2467849999666	EXP	text_2: text = 183
294.2644899999723	EXP	text_2: text = 198
294.28260499984026	EXP	text_2: text = 216
294.2993499999866	EXP	text_2: text = 232
294.3158299997449	EXP	text_2: text = 249
294.33248500013724	EXP	text_2: text = 266
294.3495800001547	EXP	text_2: text = 283
294.365615000017	EXP	text_2: text = 299
294.3823750000447	EXP	text_2: text = 316
294.39902500016615	EXP	text_2: text = 333
294.4161999998614	EXP	text_2: text = 350
294.4319199998863	EXP	text_2: text = 366
294.44870499987155	EXP	text_2: text = 382
294.4653349998407	EXP	text_2: text = 400
294.48228999972343	EXP	text_2: text = 416
294.499199999962	EXP	text_2: text = 433
294.51539999991655	EXP	text_2: text = 448
294.53266499983147	EXP	text_2: text = 465
294.548225000035	EXP	text_2: text = 482
294.5658499998972	EXP	text_2: text = 499
294.58246499998495	EXP	text_2: text = 516
294.59926000004634	EXP	text_2: text = 533
294.61593999993056	EXP	text_2: text = 550
294.6179299997166	DATA	Keydown:  
294.6317650000565	EXP	text_2: text = 566
294.6317650000565	EXP	text_2: autoDraw = false
294.6317650000565	EXP	Feedback: text = 550
294.6317650000565	EXP	Feedback: autoDraw = true
295.6329749999568	EXP	Feedback: autoDraw = false
295.6329749999568	EXP	Feedback: autoDraw = false
295.6329749999568	EXP	text_3: autoDraw = true
302.3498200001195	EXP	text_3: autoDraw = false
302.3498200001195	EXP	text_3: autoDraw = false
302.3498200001195	EXP	text_2: autoDraw = true
302.3498200001195	EXP	text_2: text = 0
302.36605500010774	EXP	text_2: text = 17
302.3827599999495	EXP	text_2: text = 33
302.3996749999933	EXP	text_2: text = 50
302.41644500009716	EXP	text_2: text = 67
302.4332650001161	EXP	text_2: text = 84
302.44877999974415	EXP	text_2: text = 101
302.4665649998933	EXP	text_2: text = 117
302.4831900000572	EXP	text_2: text = 134
302.4988299999386	EXP	text_2: text = 151
302.5163449998945	EXP	text_2: text = 168
302.53309000004083	EXP	text_2: text = 184
302.54999999981374	EXP	text_2: text = 201
302.5655849999748	EXP	text_2: text = 217
302.5830850000493	EXP	text_2: text = 235
302.59874999988824	EXP	text_2: text = 252
302.61586500005797	EXP	text_2: text = 270
302.6317300000228	EXP	text_2: text = 285
302.64899000013247	EXP	text_2: text = 300
302.65042999992147	DATA	Keydown:  
302.6660050000064	EXP	text_2: text = 318
302.6660050000064	EXP	text_2: autoDraw = false
302.6660050000064	EXP	Feedback: text = 301
302.6660050000064	EXP	Feedback: autoDraw = true
303.66618499998003	EXP	Feedback: autoDraw = false
303.66618499998003	EXP	Feedback: autoDraw = false
303.66618499998003	EXP	text_3: autoDraw = true
313.25120500009507	EXP	text_3: autoDraw = false
313.25120500009507	EXP	text_3: autoDraw = false
313.25120500009507	EXP	text_2: autoDraw = true
313.25120500009507	EXP	text_2: text = 0
313.2655650000088	EXP	text_2: text = 16
313.28313500015065	EXP	text_2: text = 34
313.2999299997464	EXP	text_2: text = 51
313.3161849998869	EXP	text_2: text = 66
313.3329199999571	EXP	text_2: text = 84
313.34943499974906	EXP	text_2: text = 100
313.3659250000492	EXP	text_2: text = 118
313.3827450000681	EXP	text_2: text = 134
313.39930999977514	EXP	text_2: text = 150
313.4158100001514	EXP	text_2: text = 167
313.43287999974564	EXP	text_2: text = 183
313.449835000094	EXP	text_2: text = 201
313.46583499992266	EXP	text_2: text = 218
313.482969999779	EXP	text_2: text = 234
313.50076999980956	EXP	text_2: text = 251
313.5083699999377	DATA	Keydown:  
313.51684499997646	EXP	text_2: text = 270
313.51684499997646	EXP	text_2: autoDraw = false
313.51684499997646	EXP	Feedback: text = 257
313.51684499997646	EXP	Feedback: autoDraw = true
314.5156549997628	EXP	Feedback: autoDraw = false
314.5156549997628	EXP	Feedback: autoDraw = false
314.5156549997628	EXP	text_3: autoDraw = true
319.9322500000708	EXP	text_3: autoDraw = false
319.9322500000708	EXP	text_3: autoDraw = false
319.9322500000708	EXP	text_2: autoDraw = true
319.9322500000708	EXP	text_2: text = 0
319.94768999982625	EXP	text_2: text = 16
319.9657399998978	EXP	text_2: text = 34
319.9813899998553	EXP	text_2: text = 49
319.9987900000997	EXP	text_2: text = 66
320.0156100001186	EXP	text_2: text = 84
320.032600000035	EXP	text_2: text = 101
320.04799500014633	EXP	text_2: text = 116
320.065539999865	EXP	text_2: text = 133
320.08209499996156	EXP	text_2: text = 149
320.09875500015914	EXP	text_2: text = 167
320.1156000001356	EXP	text_2: text = 184
320.13171999994665	EXP	text_2: text = 200
320.15159999998286	EXP	text_2: text = 221
320.16506000002846	EXP	text_2: text = 233
320.1824050000869	EXP	text_2: text = 251
320.1980499997735	EXP	text_2: text = 266
320.2159549999051	EXP	text_2: text = 284
320.2174049997702	DATA	Keydown:  
320.23233499983326	EXP	text_2: text = 301
320.23233499983326	EXP	text_2: autoDraw = false
320.23233499983326	EXP	Feedback: text = 285
320.23233499983326	EXP	Feedback: autoDraw = true
321.23407500004396	EXP	Feedback: autoDraw = false
321.23407500004396	EXP	Feedback: autoDraw = false
321.23407500004396	EXP	text_3: autoDraw = true
325.0828049997799	EXP	text_3: autoDraw = false
325.0828049997799	EXP	text_3: autoDraw = false
325.0828049997799	EXP	text_2: autoDraw = true
325.0828049997799	EXP	text_2: text = 0
325.0983750000596	EXP	text_2: text = 17
325.1154450001195	EXP	text_2: text = 33
325.1328199999407	EXP	text_2: text = 50
325.1455799997784	EXP	text_2: text = 66
325.16574000008404	EXP	text_2: text = 84
325.18227999983355	EXP	text_2: text = 99
325.19925000006333	EXP	text_2: text = 116
325.2160899997689	EXP	text_2: text = 133
325.23297999985516	EXP	text_2: text = 150
325.2485099998303	EXP	text_2: text = 167
325.26542000006884	EXP	text_2: text = 183
325.2812649998814	EXP	text_2: text = 199
325.2989249997772	EXP	text_2: text = 219
325.3153650001623	EXP	text_2: text = 232
325.3326249998063	EXP	text_2: text = 250
325.34849999984726	EXP	text_2: text = 266
325.36585999978706	EXP	text_2: text = 283
325.38152500009164	EXP	text_2: text = 299
325.3828949998133	DATA	Keydown:  
325.39880499988794	EXP	text_2: text = 316
325.39880499988794	EXP	text_2: autoDraw = false
325.39880499988794	EXP	Feedback: text = 300
325.39880499988794	EXP	Feedback: autoDraw = true
326.4088300000876	EXP	Feedback: autoDraw = false
326.4088300000876	EXP	Feedback: autoDraw = false
326.4088300000876	EXP	End_text: autoDraw = true
330.0809349999763	DATA	Keydown: Meta
330.9523549997248	DATA	Keydown: Meta
337.63798000011593	DATA	Keydown: Meta
337.63815499981865	DATA	Keydown: Shift
348.28469499992207	DATA	Keydown: Meta
348.4603999997489	DATA	Keydown: Control
