0.2390300000552088	EXP	Created Window = Window( name=Window, fullscr=true, color=#000000, units=height, waitBlanking=true, autoLog=true, size=[1280,578] )
3.1481900000944734	DATA	Keydown: Shift
3.4078649999573827	DATA	Keydown: Shift
3.4272450001444668	DATA	Keydown: Shift
3.445449999999255	DATA	Keydown: Shift
3.4556050000246614	DATA	Keydown: E
3.747725000139326	DATA	Keydown: C
4.404875000007451	DATA	Keydown: 7
4.9750700001604855	DATA	Keydown: 9
5.221864999970421	DATA	Keydown: 3
5.339360000099987	DATA	Keydown: 0
5.4921900001354516	DATA	Keydown: 2
10.770269999979064	EXP	Created text = TextStim( name=text, win=Window( name=Window, fullscr=true, color=#000000, ~), autoDraw=null, autoLog=true, units=height, ori=null, opacity=1, pos=[0,0], size=undefined, text=INSTRUCTIONS [EN]


A counter will appear and star~, font=Arial, color=#FFFFFF, contrast=1, height=0.03, bold=null, italic=null, alignHoriz=left, alignVert=center, wrapWidth=1, flipHoriz=null, flipVert=null )
10.775480000069365	EXP	Created text_3 = TextStim( name=text_3, win=Window( name=Window, fullscr=true, color=#000000, ~), autoDraw=null, autoLog=true, units=height, ori=null, opacity=1, pos=[0,0], size=undefined, text=null, font=Arial, color=#FFFFFF, contrast=1, height=0.1, bold=null, italic=null, alignHoriz=left, alignVert=center, wrapWidth=1, flipHoriz=null, flipVert=null )
10.779545000055805	EXP	Created text_2 = TextStim( name=text_2, win=Window( name=Window, fullscr=true, color=#000000, ~), autoDraw=null, autoLog=true, units=height, ori=null, opacity=1, pos=[0,0], size=undefined, text=default text, font=Arial, color=#ff0000, contrast=1, height=0.15, bold=null, italic=null, alignHoriz=left, alignVert=center, wrapWidth=1, flipHoriz=null, flipVert=null )
10.781530000036582	EXP	Created Feedback = TextStim( name=Feedback, win=Window( name=Window, fullscr=true, color=#000000, ~), autoDraw=null, autoLog=true, units=height, ori=null, opacity=1, pos=[0,0], size=undefined, text=default text, font=Arial, color=#ff0000, contrast=1, height=0.15, bold=null, italic=null, alignHoriz=left, alignVert=center, wrapWidth=1, flipHoriz=null, flipVert=null )
10.78277499997057	EXP	Created End_text = TextStim( name=End_text, win=Window( name=Window, fullscr=true, color=#000000, ~), autoDraw=null, autoLog=true, units=height, ori=null, opacity=1, pos=[0,0], size=undefined, text=This study aimed to look at procedural learning, i~, font=Arial, color=#FFFFFF, contrast=1, height=0.025, bold=null, italic=null, alignHoriz=left, alignVert=center, wrapWidth=1, flipHoriz=null, flipVert=null )
10.905285000102594	EXP	text: units = "height"
10.905285000102594	EXP	text: ori = 0
10.905285000102594	EXP	text: opacity = 1
10.905285000102594	EXP	text: pos = [0,0]
10.905285000102594	EXP	text: size = undefined
10.905285000102594	EXP	text: text = "INSTRUCTIONS [EN]\n\n\nA counter will appear and start counting at random times, press SPACE as fast as possible when it appears.\n\n\nPress SPACE to start\n\n-------\n\nInstruções [PT]\n\n\nUm cronómetro vai aparecer e começar a contar aleatoriamente, pressione a tecla SPACE assim que ele aparecer.\n\n\nPressiona SPACE para começar."
10.905285000102594	EXP	text: font = "Arial"
10.905285000102594	EXP	text: color = {"_hex":"#FFFFFF","_rgb":[1,1,1]}
10.905285000102594	EXP	text: contrast = 1
10.905285000102594	EXP	text: height = 0.03
10.905285000102594	EXP	text: bold = false
10.905285000102594	EXP	text: italic = false
10.905285000102594	EXP	text: alignHoriz = "left"
10.905285000102594	EXP	text: alignVert = "center"
10.905285000102594	EXP	text: wrapWidth = 1
10.905285000102594	EXP	text: flipHoriz = false
10.905285000102594	EXP	text: flipVert = false
10.905285000102594	EXP	text_3: units = "height"
10.905285000102594	EXP	text_3: ori = 0
10.905285000102594	EXP	text_3: opacity = 1
10.905285000102594	EXP	text_3: pos = [0,0]
10.905285000102594	EXP	text_3: size = undefined
10.905285000102594	EXP	text_3: text = ""
10.905285000102594	EXP	text_3: font = "Arial"
10.905285000102594	EXP	text_3: color = {"_hex":"#FFFFFF","_rgb":[1,1,1]}
10.905285000102594	EXP	text_3: contrast = 1
10.905285000102594	EXP	text_3: height = 0.1
10.905285000102594	EXP	text_3: bold = false
10.905285000102594	EXP	text_3: italic = false
10.905285000102594	EXP	text_3: alignHoriz = "left"
10.905285000102594	EXP	text_3: alignVert = "center"
10.905285000102594	EXP	text_3: wrapWidth = 1
10.905285000102594	EXP	text_3: flipHoriz = false
10.905285000102594	EXP	text_3: flipVert = false
10.905285000102594	EXP	text_2: units = "height"
10.905285000102594	EXP	text_2: ori = 0
10.905285000102594	EXP	text_2: opacity = 1
10.905285000102594	EXP	text_2: pos = [0,0]
10.905285000102594	EXP	text_2: size = undefined
10.905285000102594	EXP	text_2: text = "default text"
10.905285000102594	EXP	text_2: font = "Arial"
10.905285000102594	EXP	text_2: color = {"_rgb":[1,0,0]}
10.905285000102594	EXP	text_2: contrast = 1
10.905285000102594	EXP	text_2: height = 0.15
10.905285000102594	EXP	text_2: bold = false
10.905285000102594	EXP	text_2: italic = false
10.905285000102594	EXP	text_2: alignHoriz = "left"
10.905285000102594	EXP	text_2: alignVert = "center"
10.905285000102594	EXP	text_2: wrapWidth = 1
10.905285000102594	EXP	text_2: flipHoriz = false
10.905285000102594	EXP	text_2: flipVert = false
10.905285000102594	EXP	Feedback: units = "height"
10.905285000102594	EXP	Feedback: ori = 0
10.905285000102594	EXP	Feedback: opacity = 1
10.905285000102594	EXP	Feedback: pos = [0,0]
10.905285000102594	EXP	Feedback: size = undefined
10.905285000102594	EXP	Feedback: text = "default text"
10.905285000102594	EXP	Feedback: font = "Arial"
10.905285000102594	EXP	Feedback: color = {"_rgb":[1,0,0]}
10.905285000102594	EXP	Feedback: contrast = 1
10.905285000102594	EXP	Feedback: height = 0.15
10.905285000102594	EXP	Feedback: bold = false
10.905285000102594	EXP	Feedback: italic = false
10.905285000102594	EXP	Feedback: alignHoriz = "left"
10.905285000102594	EXP	Feedback: alignVert = "center"
10.905285000102594	EXP	Feedback: wrapWidth = 1
10.905285000102594	EXP	Feedback: flipHoriz = false
10.905285000102594	EXP	Feedback: flipVert = false
10.905285000102594	EXP	End_text: units = "height"
10.905285000102594	EXP	End_text: ori = 0
10.905285000102594	EXP	End_text: opacity = 1
10.905285000102594	EXP	End_text: pos = [0,0]
10.905285000102594	EXP	End_text: size = undefined
10.905285000102594	EXP	End_text: text = "This study aimed to look at procedural learning, i.e. our ability to extract patterns from the input that we are constantly receiving. This skill is thought to be essential for language and literacy acquisition and has been suggested as a possible underlying difficult in children with Language Impairments and Dyslexia. This study aims to improve the measures of procedural learning (the smiley face task) so that we can measure procedural learning more reliably and, in the future, analyse the performance of individuals with learning impairments.\nThank you for participating!\n\n----\n\nEste estudo tem como objectivo analisar a nossa capacidade de extrair padrões da informação que estamos constantemente a receber. Pensa-se que esta competência é essencial para a aquisição da linguagem e literacia e foi sugerido que dificuldades neste tipo de competências poderá estar relacionado com perturbações da linguagem e Dislexia. Este estudo tem como objectivo melhorar a estabilidade das medidas usadas para medir este tipo de memória (a tarefa da cara sorridente) de forma a poder medir de forma mais precisa e, no futuro, analisar a performance de indivíduos com perturbações da aprendizagem. \nMuito obrigada por ter participado!"
10.905285000102594	EXP	End_text: font = "Arial"
10.905285000102594	EXP	End_text: color = {"_hex":"#FFFFFF","_rgb":[1,1,1]}
10.905285000102594	EXP	End_text: contrast = 1
10.905285000102594	EXP	End_text: height = 0.025
10.905285000102594	EXP	End_text: bold = false
10.905285000102594	EXP	End_text: italic = false
10.905285000102594	EXP	End_text: alignHoriz = "left"
10.905285000102594	EXP	End_text: alignVert = "center"
10.905285000102594	EXP	End_text: wrapWidth = 1
10.905285000102594	EXP	End_text: flipHoriz = false
10.905285000102594	EXP	End_text: flipVert = false
10.905285000102594	EXP	text: autoDraw = true
20.213535000104457	DATA	Keydown:  
20.24481500010006	EXP	text: autoDraw = false
20.24481500010006	EXP	text_3: autoDraw = true
26.611840000143275	EXP	text_3: autoDraw = false
26.611840000143275	EXP	text_3: autoDraw = false
26.611840000143275	EXP	text_2: autoDraw = true
26.611840000143275	EXP	text_2: text = 0
26.64159500016831	EXP	text_2: text = 152
26.657379999989644	EXP	text_2: text = 166
26.671044999966398	EXP	text_2: text = 182
26.688719999976456	EXP	text_2: text = 199
26.704554999945685	EXP	text_2: text = 216
26.71849500015378	EXP	text_2: text = 232
26.738275000127032	EXP	text_2: text = 249
26.753415000159293	EXP	text_2: text = 266
26.76958500011824	EXP	text_2: text = 282
26.78548500011675	EXP	text_2: text = 299
26.804609999991953	EXP	text_2: text = 316
26.819555000169203	EXP	text_2: text = 333
26.83615000010468	EXP	text_2: text = 349
26.86113000009209	EXP	text_2: text = 374
26.895795000018552	EXP	text_2: text = 403
26.92020500008948	EXP	text_2: text = 432
26.93584499997087	EXP	text_2: text = 449
26.951545000076294	EXP	text_2: text = 465
26.968860000139102	EXP	text_2: text = 482
26.98396999994293	EXP	text_2: text = 498
27.001709999982268	EXP	text_2: text = 516
27.018790000118315	EXP	text_2: text = 532
27.035385000053793	EXP	text_2: text = 549
27.05208000005223	EXP	text_2: text = 565
27.06967999995686	EXP	text_2: text = 582
27.085625000065193	EXP	text_2: text = 599
27.1019250000827	EXP	text_2: text = 615
27.11949499999173	EXP	text_2: text = 632
27.13617500010878	EXP	text_2: text = 649
27.15216000005603	EXP	text_2: text = 665
27.168830000096932	EXP	text_2: text = 682
27.18555500009097	EXP	text_2: text = 699
27.19016500003636	DATA	Keydown:  
27.207265000091866	EXP	text_2: text = 720
27.207265000091866	EXP	text_2: autoDraw = false
27.207265000091866	EXP	Feedback: text = 578
27.207265000091866	EXP	Feedback: autoDraw = true
28.20109000010416	EXP	Feedback: autoDraw = false
28.20109000010416	EXP	Feedback: autoDraw = false
28.20109000010416	EXP	text_3: autoDraw = true
30.950554999988526	EXP	text_3: autoDraw = false
30.950554999988526	EXP	text_3: autoDraw = false
30.950554999988526	EXP	text_2: autoDraw = true
30.950554999988526	EXP	text_2: text = 0
30.965620000148192	EXP	text_2: text = 16
30.982370000099763	EXP	text_2: text = 33
30.998570000054315	EXP	text_2: text = 50
31.018129999982193	EXP	text_2: text = 66
31.032439999980852	EXP	text_2: text = 83
31.047950000036508	EXP	text_2: text = 99
31.065279999980703	EXP	text_2: text = 116
31.0837350001093	EXP	text_2: text = 133
31.0996799999848	EXP	text_2: text = 150
31.11602000007406	EXP	text_2: text = 166
31.132605000166222	EXP	text_2: text = 183
31.1489049999509	EXP	text_2: text = 200
31.16622000001371	EXP	text_2: text = 216
31.181095000123605	EXP	text_2: text = 233
31.197825000155717	EXP	text_2: text = 249
31.216054999968037	EXP	text_2: text = 266
31.232760000042617	EXP	text_2: text = 283
31.235250000143424	DATA	Keydown:  
31.253329999977723	EXP	text_2: text = 300
31.253329999977723	EXP	text_2: autoDraw = false
31.253329999977723	EXP	Feedback: text = 285
31.253329999977723	EXP	Feedback: autoDraw = true
32.24711999995634	EXP	Feedback: autoDraw = false
32.24711999995634	EXP	Feedback: autoDraw = false
32.24711999995634	EXP	text_3: autoDraw = true
38.694605000084266	EXP	text_3: autoDraw = false
38.694605000084266	EXP	text_3: autoDraw = false
38.694605000084266	EXP	text_2: autoDraw = true
38.694605000084266	EXP	text_2: text = 0
38.70969499996863	EXP	text_2: text = 16
38.72610000008717	EXP	text_2: text = 33
38.74250499997288	EXP	text_2: text = 50
38.75889000017196	EXP	text_2: text = 66
38.77603500010446	EXP	text_2: text = 83
38.79241500003263	EXP	text_2: text = 100
38.809290000004694	EXP	text_2: text = 116
38.82606500014663	EXP	text_2: text = 133
38.84235500008799	EXP	text_2: text = 150
38.862055000150576	EXP	text_2: text = 166
38.875604999950156	EXP	text_2: text = 183
38.89348000008613	EXP	text_2: text = 200
38.90902000013739	EXP	text_2: text = 216
38.925444999942556	EXP	text_2: text = 233
38.9435400001239	EXP	text_2: text = 249
38.9456750000827	DATA	Keydown:  
38.96058499999344	EXP	text_2: text = 266
38.96058499999344	EXP	text_2: autoDraw = false
38.96058499999344	EXP	Feedback: text = 251
38.96058499999344	EXP	Feedback: autoDraw = true
39.958110000006855	EXP	Feedback: autoDraw = false
39.958110000006855	EXP	Feedback: autoDraw = false
39.958110000006855	EXP	text_3: autoDraw = true
48.20204999996349	EXP	text_3: autoDraw = false
48.20204999996349	EXP	text_3: autoDraw = false
48.20204999996349	EXP	text_2: autoDraw = true
48.20204999996349	EXP	text_2: text = 0
48.21727499994449	EXP	text_2: text = 16
48.23431500000879	EXP	text_2: text = 33
48.25169000006281	EXP	text_2: text = 51
48.27154500014149	EXP	text_2: text = 66
48.28453500010073	EXP	text_2: text = 83
48.30220500007272	EXP	text_2: text = 100
48.31700500007719	EXP	text_2: text = 116
48.3360850000754	EXP	text_2: text = 133
48.35193999996409	EXP	text_2: text = 150
48.37374499998987	EXP	text_2: text = 167
48.41500000003725	EXP	text_2: text = 209
48.43684500013478	EXP	text_2: text = 233
48.453704999992624	EXP	text_2: text = 250
48.46852000011131	EXP	text_2: text = 266
48.486015000147745	EXP	text_2: text = 283
48.5033650000114	DATA	Keydown:  
48.520250000059605	EXP	text_2: text = 316
48.520250000059605	EXP	text_2: autoDraw = false
48.520250000059605	EXP	Feedback: text = 301
48.520250000059605	EXP	Feedback: autoDraw = true
49.51694000000134	EXP	Feedback: autoDraw = false
49.51694000000134	EXP	Feedback: autoDraw = false
49.51694000000134	EXP	text_3: autoDraw = true
52.49901000014506	EXP	text_3: autoDraw = false
52.49901000014506	EXP	text_3: autoDraw = false
52.49901000014506	EXP	text_2: autoDraw = true
52.49901000014506	EXP	text_2: text = 0
52.51466500014067	EXP	text_2: text = 16
52.53117000008933	EXP	text_2: text = 33
52.54789500008337	EXP	text_2: text = 50
52.563929999945685	EXP	text_2: text = 66
52.581100000068545	EXP	text_2: text = 83
52.59768999996595	EXP	text_2: text = 100
52.61467500007711	EXP	text_2: text = 116
52.63078000000678	EXP	text_2: text = 133
52.648005000082776	EXP	text_2: text = 150
52.66395499999635	EXP	text_2: text = 166
52.6800200000871	EXP	text_2: text = 183
52.6969050001353	EXP	text_2: text = 199
52.714249999960884	EXP	text_2: text = 216
52.73107500001788	EXP	text_2: text = 233
52.74682500003837	EXP	text_2: text = 249
52.7641050000675	EXP	text_2: text = 266
52.7797000000719	EXP	text_2: text = 283
52.799170000012964	EXP	text_2: text = 299
52.816065000137314	EXP	text_2: text = 316
52.8325050000567	EXP	text_2: text = 333
52.85005500004627	EXP	text_2: text = 350
52.864465000107884	EXP	text_2: text = 366
52.88043500017375	EXP	text_2: text = 383
52.89712000009604	EXP	text_2: text = 399
52.91398499999195	EXP	text_2: text = 416
52.92928000004031	EXP	text_2: text = 432
52.94846000010148	EXP	text_2: text = 449
52.96485500014387	EXP	text_2: text = 466
52.98191500012763	EXP	text_2: text = 483
52.99791999999434	EXP	text_2: text = 499
53.01419000001624	EXP	text_2: text = 516
53.030049999943	EXP	text_2: text = 532
53.0467700001318	EXP	text_2: text = 549
53.06617000000551	EXP	text_2: text = 566
53.08013000013307	EXP	text_2: text = 582
53.096595000009984	EXP	text_2: text = 599
53.11349999997765	EXP	text_2: text = 616
53.130725000053644	EXP	text_2: text = 632
53.14733500010334	EXP	text_2: text = 649
53.16387500008568	EXP	text_2: text = 666
53.18314000009559	EXP	text_2: text = 682
53.1966600001324	EXP	text_2: text = 699
53.214080000063404	EXP	text_2: text = 716
53.23045499995351	EXP	text_2: text = 732
53.24748000013642	EXP	text_2: text = 749
53.265625	EXP	text_2: text = 766
53.27544500003569	DATA	Keydown:  
53.281154999975115	EXP	text_2: text = 783
53.281154999975115	EXP	text_2: autoDraw = false
53.281154999975115	EXP	Feedback: text = 777
53.281154999975115	EXP	Feedback: autoDraw = true
54.2793000000529	EXP	Feedback: autoDraw = false
54.2793000000529	EXP	Feedback: autoDraw = false
54.2793000000529	EXP	text_3: autoDraw = true
60.16596999997273	EXP	text_3: autoDraw = false
60.16596999997273	EXP	text_3: autoDraw = false
60.16596999997273	EXP	text_2: autoDraw = true
60.16596999997273	EXP	text_2: text = 0
60.175169999944046	EXP	text_2: text = 15
60.190960000036284	EXP	text_2: text = 32
60.20737499999814	EXP	text_2: text = 48
60.225109999999404	EXP	text_2: text = 65
60.2405199999921	EXP	text_2: text = 82
60.258120000129566	EXP	text_2: text = 98
60.27499000006355	EXP	text_2: text = 115
60.293285000137985	EXP	text_2: text = 132
60.3083349999506	EXP	text_2: text = 148
60.325170000083745	EXP	text_2: text = 165
60.34174000006169	EXP	text_2: text = 182
60.358960000099614	EXP	text_2: text = 198
60.374839999945834	EXP	text_2: text = 215
60.39222000003792	EXP	text_2: text = 232
60.40853000013158	EXP	text_2: text = 248
60.42492999997921	EXP	text_2: text = 265
60.427855000132695	DATA	Keydown:  
60.44258000003174	EXP	text_2: text = 282
60.44258000003174	EXP	text_2: autoDraw = false
60.44258000003174	EXP	Feedback: text = 262
60.44258000003174	EXP	Feedback: autoDraw = true
61.44029000005685	EXP	Feedback: autoDraw = false
61.44029000005685	EXP	Feedback: autoDraw = false
61.44029000005685	EXP	text_3: autoDraw = true
63.639830000000075	EXP	text_3: autoDraw = false
63.639830000000075	EXP	text_3: autoDraw = false
63.639830000000075	EXP	text_2: autoDraw = true
63.639830000000075	EXP	text_2: text = 0
63.65618499997072	EXP	text_2: text = 16
63.67809500009753	EXP	text_2: text = 34
63.690159999998286	EXP	text_2: text = 50
63.70965000009164	EXP	text_2: text = 70
63.72413500002585	EXP	text_2: text = 83
63.73932499997318	EXP	text_2: text = 99
63.75510499998927	EXP	text_2: text = 116
63.77359999995679	EXP	text_2: text = 133
63.790070000104606	EXP	text_2: text = 150
63.80534500000067	EXP	text_2: text = 166
63.822845000075176	EXP	text_2: text = 183
63.8393399999477	EXP	text_2: text = 200
63.85516000003554	EXP	text_2: text = 216
63.872149999951944	EXP	text_2: text = 233
63.888879999984056	EXP	text_2: text = 249
63.90498000010848	EXP	text_2: text = 266
63.92269499995746	EXP	text_2: text = 283
63.938550000078976	EXP	text_2: text = 299
63.95689500006847	EXP	text_2: text = 316
63.975580000085756	EXP	text_2: text = 333
63.97817000001669	DATA	Keydown:  
63.99792500003241	EXP	text_2: text = 356
63.99792500003241	EXP	text_2: autoDraw = false
63.99792500003241	EXP	Feedback: text = 339
63.99792500003241	EXP	Feedback: autoDraw = true
64.98681499995291	EXP	Feedback: autoDraw = false
64.98681499995291	EXP	Feedback: autoDraw = false
64.98681499995291	EXP	text_3: autoDraw = true
68.02375499997288	EXP	text_3: autoDraw = false
68.02375499997288	EXP	text_3: autoDraw = false
68.02375499997288	EXP	text_2: autoDraw = true
68.02375499997288	EXP	text_2: text = 0
68.03915500012226	EXP	text_2: text = 17
68.0538200000301	EXP	text_2: text = 33
68.07134000002407	EXP	text_2: text = 50
68.08741000015289	EXP	text_2: text = 66
68.10465000011027	EXP	text_2: text = 83
68.120804999955	EXP	text_2: text = 100
68.1373400001321	EXP	text_2: text = 116
68.15440000011586	EXP	text_2: text = 133
68.1715049999766	EXP	text_2: text = 150
68.18769000004977	EXP	text_2: text = 166
68.20423000003211	EXP	text_2: text = 183
68.22129000001587	EXP	text_2: text = 200
68.23740500002168	EXP	text_2: text = 216
68.25384000013582	EXP	text_2: text = 233
68.2713399999775	EXP	text_2: text = 250
68.28738000011072	EXP	text_2: text = 266
68.30648000002839	EXP	text_2: text = 285
68.33811999997124	EXP	text_2: text = 318
68.352540000109	EXP	text_2: text = 333
68.36707999999635	EXP	text_2: text = 349
68.38543000002392	EXP	text_2: text = 366
68.38794000004418	DATA	Keydown:  
68.40271000005305	EXP	text_2: text = 383
68.40271000005305	EXP	text_2: autoDraw = false
68.40271000005305	EXP	Feedback: text = 364
68.40271000005305	EXP	Feedback: autoDraw = true
69.39911500015296	EXP	Feedback: autoDraw = false
69.39911500015296	EXP	Feedback: autoDraw = false
69.39911500015296	EXP	text_3: autoDraw = true
78.22833000007086	EXP	text_3: autoDraw = false
78.22833000007086	EXP	text_3: autoDraw = false
78.22833000007086	EXP	text_2: autoDraw = true
78.22833000007086	EXP	text_2: text = 0
78.24319000006653	EXP	text_2: text = 16
78.26008000015281	EXP	text_2: text = 33
78.2805300001055	EXP	text_2: text = 50
78.29338000016287	EXP	text_2: text = 66
78.31121499999426	EXP	text_2: text = 83
78.32779000001028	EXP	text_2: text = 100
78.34577500005253	EXP	text_2: text = 118
78.3586850001011	EXP	text_2: text = 133
78.37687000003643	EXP	text_2: text = 150
78.39303499995731	EXP	text_2: text = 166
78.41018500016071	EXP	text_2: text = 183
78.427270000102	EXP	text_2: text = 200
78.44408500008285	EXP	text_2: text = 216
78.4599950001575	EXP	text_2: text = 233
78.46270500007086	DATA	Keydown:  
78.4782600000035	EXP	text_2: text = 250
78.4782600000035	EXP	text_2: autoDraw = false
78.4782600000035	EXP	Feedback: text = 235
78.4782600000035	EXP	Feedback: autoDraw = true
79.47442999994382	EXP	Feedback: autoDraw = false
79.47442999994382	EXP	Feedback: autoDraw = false
79.47442999994382	EXP	text_3: autoDraw = true
89.0519000000786	EXP	text_3: autoDraw = false
89.0519000000786	EXP	text_3: autoDraw = false
89.0519000000786	EXP	text_2: autoDraw = true
89.0519000000786	EXP	text_2: text = 0
89.06716000009328	EXP	text_2: text = 16
89.08600999996997	EXP	text_2: text = 33
89.10153000010177	EXP	text_2: text = 50
89.118165000109	EXP	text_2: text = 66
89.1334649999626	EXP	text_2: text = 83
89.14930000016466	EXP	text_2: text = 100
89.16705500008538	EXP	text_2: text = 116
89.18369000009261	EXP	text_2: text = 133
89.20046500000171	EXP	text_2: text = 150
89.21638000011444	EXP	text_2: text = 166
89.23414500011131	EXP	text_2: text = 183
89.25105500011705	EXP	text_2: text = 200
89.2673299999442	EXP	text_2: text = 216
89.28302500001155	EXP	text_2: text = 233
89.28494499996305	DATA	Keydown:  
89.30073500005528	EXP	text_2: text = 250
89.30073500005528	EXP	text_2: autoDraw = false
89.30073500005528	EXP	Feedback: text = 233
89.30073500005528	EXP	Feedback: autoDraw = true
90.29934000014327	EXP	Feedback: autoDraw = false
90.29934000014327	EXP	Feedback: autoDraw = false
90.29934000014327	EXP	text_3: autoDraw = true
97.21667500003241	EXP	text_3: autoDraw = false
97.21667500003241	EXP	text_3: autoDraw = false
97.21667500003241	EXP	text_2: autoDraw = true
97.21667500003241	EXP	text_2: text = 0
97.24918000004254	EXP	text_2: text = 18
97.26093500014395	EXP	text_2: text = 50
97.28112499997951	EXP	text_2: text = 70
97.2937750001438	EXP	text_2: text = 83
97.30969000002369	EXP	text_2: text = 100
97.32730500004254	EXP	text_2: text = 117
97.34477500012144	EXP	text_2: text = 133
97.36032500001602	EXP	text_2: text = 150
97.37899500015192	EXP	text_2: text = 166
97.39379500015639	EXP	text_2: text = 183
97.41143500013277	EXP	text_2: text = 200
97.42861500009894	EXP	text_2: text = 216
97.44418000010774	EXP	text_2: text = 233
97.46074500004761	EXP	text_2: text = 250
97.47756000002846	EXP	text_2: text = 266
97.49483500001952	EXP	text_2: text = 283
97.51115999999456	EXP	text_2: text = 300
97.52735500014387	EXP	text_2: text = 316
97.54475999996066	EXP	text_2: text = 333
97.56086000008509	EXP	text_2: text = 350
97.57750500016846	EXP	text_2: text = 366
97.59560999996029	EXP	text_2: text = 384
97.61114000016823	EXP	text_2: text = 400
97.62797500006855	EXP	text_2: text = 416
97.64416499994695	EXP	text_2: text = 433
97.66107499995269	EXP	text_2: text = 449
97.67723500006832	EXP	text_2: text = 466
97.68016500002705	DATA	Keydown:  
97.69536000001244	EXP	text_2: text = 483
97.69536000001244	EXP	text_2: autoDraw = false
97.69536000001244	EXP	Feedback: text = 464
97.69536000001244	EXP	Feedback: autoDraw = true
98.6924650000874	EXP	Feedback: autoDraw = false
98.6924650000874	EXP	Feedback: autoDraw = false
98.6924650000874	EXP	text_3: autoDraw = true
101.37226000009105	DATA	Keydown:  
105.02164000016637	EXP	text_3: autoDraw = false
105.02164000016637	EXP	text_3: autoDraw = false
105.02164000016637	EXP	text_2: autoDraw = true
105.02164000016637	EXP	text_2: text = 0
105.03748499997891	EXP	text_2: text = 16
105.05414499994367	EXP	text_2: text = 33
105.07120500016026	EXP	text_2: text = 50
105.08780500013381	EXP	text_2: text = 66
105.10436500003561	EXP	text_2: text = 83
105.12034499994479	EXP	text_2: text = 100
105.13764500012621	EXP	text_2: text = 116
105.1543300000485	EXP	text_2: text = 133
105.17109500011429	EXP	text_2: text = 150
105.18780499999411	EXP	text_2: text = 166
105.20452000014484	EXP	text_2: text = 183
105.22133500012569	EXP	text_2: text = 200
105.2377400000114	EXP	text_2: text = 216
105.25416000001132	EXP	text_2: text = 233
105.27034500008449	EXP	text_2: text = 249
105.28752500005066	EXP	text_2: text = 266
105.28986500017345	DATA	Keydown:  
105.30539000011049	EXP	text_2: text = 283
105.30539000011049	EXP	text_2: autoDraw = false
105.30539000011049	EXP	Feedback: text = 268
105.30539000011049	EXP	Feedback: autoDraw = true
106.3037450001575	EXP	Feedback: autoDraw = false
106.3037450001575	EXP	Feedback: autoDraw = false
106.3037450001575	EXP	text_3: autoDraw = true
115.2120499999728	EXP	text_3: autoDraw = false
115.2120499999728	EXP	text_3: autoDraw = false
115.2120499999728	EXP	text_2: autoDraw = true
115.2120499999728	EXP	text_2: text = 0
115.22994500002824	EXP	text_2: text = 17
115.24668999994174	EXP	text_2: text = 33
115.26460000011139	EXP	text_2: text = 50
115.27919000014663	EXP	text_2: text = 67
115.29624000005424	EXP	text_2: text = 83
115.31221500015818	EXP	text_2: text = 100
115.32961000013165	EXP	text_2: text = 117
115.34627500013448	EXP	text_2: text = 133
115.36592500004917	EXP	text_2: text = 150
115.38067500013858	EXP	text_2: text = 167
115.39717500004917	EXP	text_2: text = 183
115.4129800000228	EXP	text_2: text = 200
115.4301549999509	EXP	text_2: text = 217
115.44625500007533	EXP	text_2: text = 233
115.46358500001952	EXP	text_2: text = 250
115.46632999996655	DATA	Keydown:  
115.48106999997981	EXP	text_2: text = 266
115.48106999997981	EXP	text_2: autoDraw = false
115.48106999997981	EXP	Feedback: text = 254
115.48106999997981	EXP	Feedback: autoDraw = true
116.47806500014849	EXP	Feedback: autoDraw = false
116.47806500014849	EXP	Feedback: autoDraw = false
116.47806500014849	EXP	text_3: autoDraw = true
125.7547800000757	EXP	text_3: autoDraw = false
125.7547800000757	EXP	text_3: autoDraw = false
125.7547800000757	EXP	text_2: autoDraw = true
125.7547800000757	EXP	text_2: text = 0
125.77034000004642	EXP	text_2: text = 16
125.7879500000272	EXP	text_2: text = 33
125.80374999996275	EXP	text_2: text = 50
125.82075499999337	EXP	text_2: text = 66
125.83706000004895	EXP	text_2: text = 83
125.85529500013217	EXP	text_2: text = 100
125.87103000003844	EXP	text_2: text = 116
125.88779500010423	EXP	text_2: text = 133
125.9041150000412	EXP	text_2: text = 150
125.92088500014506	EXP	text_2: text = 166
125.93745500012301	EXP	text_2: text = 183
125.95510999998078	EXP	text_2: text = 200
125.97351000015624	EXP	text_2: text = 217
125.98947999998927	EXP	text_2: text = 233
126.00921500008553	EXP	text_2: text = 250
126.0226000000257	EXP	text_2: text = 267
126.03963500005193	EXP	text_2: text = 283
126.06431000004523	DATA	Keydown:  
126.07958500017412	EXP	text_2: text = 316
126.07958500017412	EXP	text_2: autoDraw = false
126.07958500017412	EXP	Feedback: text = 310
126.07958500017412	EXP	Feedback: autoDraw = true
127.07166500017047	EXP	Feedback: autoDraw = false
127.07166500017047	EXP	Feedback: autoDraw = false
127.07166500017047	EXP	text_3: autoDraw = true
135.5632400000468	EXP	text_3: autoDraw = false
135.5632400000468	EXP	text_3: autoDraw = false
135.5632400000468	EXP	text_2: autoDraw = true
135.5632400000468	EXP	text_2: text = 0
135.57890000008047	EXP	text_2: text = 16
135.59611500008032	EXP	text_2: text = 33
135.61291499994695	EXP	text_2: text = 50
135.6289500000421	EXP	text_2: text = 66
135.64530500001274	EXP	text_2: text = 83
135.66243500006385	EXP	text_2: text = 100
135.6796200000681	EXP	text_2: text = 116
135.69621500000358	EXP	text_2: text = 133
135.7127750001382	EXP	text_2: text = 150
135.72931500012055	EXP	text_2: text = 166
135.74577000015415	EXP	text_2: text = 183
135.76383500010706	EXP	text_2: text = 200
135.77873499994166	EXP	text_2: text = 216
135.79524000012316	EXP	text_2: text = 233
135.813700000057	EXP	text_2: text = 250
135.83045000000857	EXP	text_2: text = 266
135.8463350001257	EXP	text_2: text = 283
135.86312999995425	EXP	text_2: text = 300
135.87285000015981	DATA	Keydown:  
135.88153000012971	EXP	text_2: text = 316
135.88153000012971	EXP	text_2: autoDraw = false
135.88153000012971	EXP	Feedback: text = 310
135.88153000012971	EXP	Feedback: autoDraw = true
136.87809500005096	EXP	Feedback: autoDraw = false
136.87809500005096	EXP	Feedback: autoDraw = false
136.87809500005096	EXP	text_3: autoDraw = true
145.22531999996863	EXP	text_3: autoDraw = false
145.22531999996863	EXP	text_3: autoDraw = false
145.22531999996863	EXP	text_2: autoDraw = true
145.22531999996863	EXP	text_2: text = 0
145.2401799999643	EXP	text_2: text = 16
145.25721499999054	EXP	text_2: text = 33
145.2749050001148	EXP	text_2: text = 50
145.29231499996968	EXP	text_2: text = 66
145.3084450000897	EXP	text_2: text = 83
145.32554000010714	EXP	text_2: text = 100
145.34086999995634	EXP	text_2: text = 117
145.35767500009388	EXP	text_2: text = 133
145.3744950001128	EXP	text_2: text = 150
145.3906549999956	EXP	text_2: text = 166
145.407450000057	EXP	text_2: text = 183
145.42407499998808	EXP	text_2: text = 200
145.4407399999909	EXP	text_2: text = 216
145.45776500017382	EXP	text_2: text = 233
145.47398500004783	EXP	text_2: text = 250
145.48883000016212	EXP	text_2: text = 266
145.49127000011504	DATA	Keydown:  
145.50497000012547	EXP	text_2: text = 283
145.50497000012547	EXP	text_2: autoDraw = false
145.50497000012547	EXP	Feedback: text = 266
145.50497000012547	EXP	Feedback: autoDraw = true
146.5032750000246	EXP	Feedback: autoDraw = false
146.5032750000246	EXP	Feedback: autoDraw = false
146.5032750000246	EXP	text_3: autoDraw = true
149.62043500016443	EXP	text_3: autoDraw = false
149.62043500016443	EXP	text_3: autoDraw = false
149.62043500016443	EXP	text_2: autoDraw = true
149.62043500016443	EXP	text_2: text = 0
149.64770000008866	EXP	text_2: text = 17
149.66929999995045	EXP	text_2: text = 51
149.6869950001128	EXP	text_2: text = 67
149.70075000007637	EXP	text_2: text = 83
149.7181349999737	EXP	text_2: text = 100
149.73447000002488	EXP	text_2: text = 116
149.75331500009634	EXP	text_2: text = 133
149.767669999972	EXP	text_2: text = 150
149.7848150001373	EXP	text_2: text = 166
149.80087000015192	EXP	text_2: text = 183
149.81787999998778	EXP	text_2: text = 200
149.83420499996282	EXP	text_2: text = 216
149.85073000006378	EXP	text_2: text = 233
149.86766500002705	EXP	text_2: text = 249
149.88389000017196	EXP	text_2: text = 266
149.9013350000605	EXP	text_2: text = 283
149.9185900001321	EXP	text_2: text = 300
149.93434499995783	EXP	text_2: text = 316
149.95105500007048	EXP	text_2: text = 333
149.95337500004098	DATA	Keydown:  
149.96840500016697	EXP	text_2: text = 350
149.96840500016697	EXP	text_2: autoDraw = false
149.96840500016697	EXP	Feedback: text = 333
149.96840500016697	EXP	Feedback: autoDraw = true
150.9692100000102	EXP	Feedback: autoDraw = false
150.9692100000102	EXP	Feedback: autoDraw = false
150.9692100000102	EXP	text_3: autoDraw = true
157.69492999999784	EXP	text_3: autoDraw = false
157.69492999999784	EXP	text_3: autoDraw = false
157.69492999999784	EXP	text_2: autoDraw = true
157.69492999999784	EXP	text_2: text = 0
157.71154000004753	EXP	text_2: text = 17
157.72831499995664	EXP	text_2: text = 33
157.74565000017174	EXP	text_2: text = 50
157.7612950000912	EXP	text_2: text = 67
157.77883500000462	EXP	text_2: text = 83
157.79552000015974	EXP	text_2: text = 100
157.8124400000088	EXP	text_2: text = 117
157.83174500009045	EXP	text_2: text = 133
157.84578500012867	EXP	text_2: text = 150
157.86283500003628	EXP	text_2: text = 167
157.8783200001344	EXP	text_2: text = 183
157.89346000016667	EXP	text_2: text = 200
157.9116249999497	EXP	text_2: text = 216
157.9303699999582	EXP	text_2: text = 233
157.9460450001061	EXP	text_2: text = 250
157.96162499999627	EXP	text_2: text = 266
157.97790000005625	EXP	text_2: text = 283
157.97979000001214	DATA	Keydown:  
157.9956700000912	EXP	text_2: text = 300
157.9956700000912	EXP	text_2: autoDraw = false
157.9956700000912	EXP	Feedback: text = 285
157.9956700000912	EXP	Feedback: autoDraw = true
158.9933200001251	EXP	Feedback: autoDraw = false
158.9933200001251	EXP	Feedback: autoDraw = false
158.9933200001251	EXP	text_3: autoDraw = true
165.83860000013374	EXP	text_3: autoDraw = false
165.83860000013374	EXP	text_3: autoDraw = false
165.83860000013374	EXP	text_2: autoDraw = true
165.83860000013374	EXP	text_2: text = 0
165.85462000011466	EXP	text_2: text = 17
165.8713450001087	EXP	text_2: text = 33
165.8877400001511	EXP	text_2: text = 50
165.90552000002936	EXP	text_2: text = 67
165.92272999999113	EXP	text_2: text = 83
165.93999500013888	EXP	text_2: text = 100
165.95693000010215	EXP	text_2: text = 117
165.97369500016794	EXP	text_2: text = 133
165.9930249999743	EXP	text_2: text = 150
166.00693499995396	EXP	text_2: text = 167
166.02436000015587	EXP	text_2: text = 183
166.04204500000924	EXP	text_2: text = 200
166.05670000007376	EXP	text_2: text = 217
166.07771999994293	EXP	text_2: text = 233
166.09122500009835	EXP	text_2: text = 250
166.107330000028	EXP	text_2: text = 267
166.11262500006706	DATA	Keydown:  
166.13001500000246	EXP	text_2: text = 287
166.13001500000246	EXP	text_2: autoDraw = false
166.13001500000246	EXP	Feedback: text = 274
166.13001500000246	EXP	Feedback: autoDraw = true
167.11988500016741	EXP	Feedback: autoDraw = false
167.11988500016741	EXP	Feedback: autoDraw = false
167.11988500016741	EXP	text_3: autoDraw = true
177.06281500007026	EXP	text_3: autoDraw = false
177.06281500007026	EXP	text_3: autoDraw = false
177.06281500007026	EXP	text_2: autoDraw = true
177.06281500007026	EXP	text_2: text = 0
177.07923500007018	EXP	text_2: text = 16
177.09527000016533	EXP	text_2: text = 33
177.11204500007443	EXP	text_2: text = 50
177.13066500006244	EXP	text_2: text = 67
177.14621000015177	EXP	text_2: text = 83
177.16400500014424	EXP	text_2: text = 100
177.17970500001684	EXP	text_2: text = 117
177.19729500007816	EXP	text_2: text = 133
177.21369500015862	EXP	text_2: text = 150
177.23071000003256	EXP	text_2: text = 167
177.24656500015408	EXP	text_2: text = 183
177.26300500007346	EXP	text_2: text = 200
177.27990500000305	EXP	text_2: text = 216
177.2964149999898	EXP	text_2: text = 233
177.31312500010245	EXP	text_2: text = 250
177.3292000000365	EXP	text_2: text = 266
177.3456850000657	EXP	text_2: text = 283
177.36053499998525	EXP	text_2: text = 300
177.36487000016496	DATA	Keydown:  
177.3781700001564	EXP	text_2: text = 316
177.3781700001564	EXP	text_2: autoDraw = false
177.3781700001564	EXP	Feedback: text = 302
177.3781700001564	EXP	Feedback: autoDraw = true
178.3798100000713	EXP	Feedback: autoDraw = false
178.3798100000713	EXP	Feedback: autoDraw = false
178.3798100000713	EXP	text_3: autoDraw = true
187.3206150000915	EXP	text_3: autoDraw = false
187.3206150000915	EXP	text_3: autoDraw = false
187.3206150000915	EXP	text_2: autoDraw = true
187.3206150000915	EXP	text_2: text = 0
187.33709000004455	EXP	text_2: text = 17
187.35330000007525	EXP	text_2: text = 33
187.3700850000605	EXP	text_2: text = 50
187.38615999999456	EXP	text_2: text = 67
187.4026999999769	EXP	text_2: text = 83
187.41978999995627	EXP	text_2: text = 100
187.43724500015378	EXP	text_2: text = 117
187.45314000011422	EXP	text_2: text = 133
187.47145000007004	EXP	text_2: text = 150
187.48652000003494	EXP	text_2: text = 166
187.50377500010654	EXP	text_2: text = 183
187.52373000001535	EXP	text_2: text = 200
187.53635499998927	EXP	text_2: text = 216
187.55340000009164	EXP	text_2: text = 233
187.57044499996118	EXP	text_2: text = 250
187.5869750001002	EXP	text_2: text = 266
187.6030150000006	EXP	text_2: text = 283
187.61378000001423	DATA	Keydown:  
187.61963500012644	EXP	text_2: text = 300
187.61963500012644	EXP	text_2: autoDraw = false
187.61963500012644	EXP	Feedback: text = 293
187.61963500012644	EXP	Feedback: autoDraw = true
188.62199999997392	EXP	Feedback: autoDraw = false
188.62199999997392	EXP	Feedback: autoDraw = false
188.62199999997392	EXP	text_3: autoDraw = true
197.3474850000348	EXP	text_3: autoDraw = false
197.3474850000348	EXP	text_3: autoDraw = false
197.3474850000348	EXP	text_2: autoDraw = true
197.3474850000348	EXP	text_2: text = 0
197.36280500004068	EXP	text_2: text = 17
197.38020500005223	EXP	text_2: text = 33
197.3962350001093	EXP	text_2: text = 50
197.41235999995843	EXP	text_2: text = 66
197.4293100000359	EXP	text_2: text = 83
197.44503500009887	EXP	text_2: text = 99
197.46207500016317	EXP	text_2: text = 116
197.47907000011764	EXP	text_2: text = 133
197.49711999995634	EXP	text_2: text = 149
197.51066000014544	EXP	text_2: text = 166
197.52842000010423	EXP	text_2: text = 183
197.54618000006303	EXP	text_2: text = 200
197.56362499995157	EXP	text_2: text = 216
197.57966000004672	EXP	text_2: text = 233
197.59666000003926	EXP	text_2: text = 249
197.61310499999672	EXP	text_2: text = 266
197.6297800000757	EXP	text_2: text = 283
197.63193499995396	DATA	Keydown:  
197.64709000010043	EXP	text_2: text = 300
197.64709000010043	EXP	text_2: autoDraw = false
197.64709000010043	EXP	Feedback: text = 285
197.64709000010043	EXP	Feedback: autoDraw = true
198.64508499996737	EXP	Feedback: autoDraw = false
198.64508499996737	EXP	Feedback: autoDraw = false
198.64508499996737	EXP	text_3: autoDraw = true
203.30853000003844	EXP	text_3: autoDraw = false
203.30853000003844	EXP	text_3: autoDraw = false
203.30853000003844	EXP	text_2: autoDraw = true
203.30853000003844	EXP	text_2: text = 0
203.32761500007473	EXP	text_2: text = 16
203.34004999999888	EXP	text_2: text = 32
203.35731500014663	EXP	text_2: text = 49
203.37485500006005	EXP	text_2: text = 66
203.39089499996044	EXP	text_2: text = 82
203.40734499995597	EXP	text_2: text = 100
203.42717000003904	EXP	text_2: text = 116
203.44064499996603	EXP	text_2: text = 132
203.45806500012986	EXP	text_2: text = 149
203.47477500000969	EXP	text_2: text = 166
203.49059500009753	EXP	text_2: text = 182
203.50841000000946	EXP	text_2: text = 199
203.52362000010908	EXP	text_2: text = 216
203.5404100001324	EXP	text_2: text = 232
203.55792000005022	EXP	text_2: text = 249
203.57397500006482	EXP	text_2: text = 266
203.5904050001409	EXP	text_2: text = 282
203.6073650000617	EXP	text_2: text = 299
203.6234200000763	EXP	text_2: text = 316
203.63993000006303	EXP	text_2: text = 332
203.6579700000584	EXP	text_2: text = 349
203.67339999997057	EXP	text_2: text = 365
203.69288500002585	EXP	text_2: text = 383
203.70776999997906	EXP	text_2: text = 399
203.72684999997728	EXP	text_2: text = 416
203.74430999998003	EXP	text_2: text = 432
203.75792500004172	EXP	text_2: text = 449
203.76033499999903	DATA	Keydown:  
203.77514500007965	EXP	text_2: text = 466
203.77514500007965	EXP	text_2: autoDraw = false
203.77514500007965	EXP	Feedback: text = 452
203.77514500007965	EXP	Feedback: autoDraw = true
204.77285500010476	EXP	Feedback: autoDraw = false
204.77285500010476	EXP	Feedback: autoDraw = false
204.77285500010476	EXP	text_3: autoDraw = true
212.85190000012517	EXP	text_3: autoDraw = false
212.85190000012517	EXP	text_3: autoDraw = false
212.85190000012517	EXP	text_2: autoDraw = true
212.85190000012517	EXP	text_2: text = 0
212.86666500009596	EXP	text_2: text = 16
212.88413499994203	EXP	text_2: text = 32
212.90086499997415	EXP	text_2: text = 49
212.9170500000473	EXP	text_2: text = 66
212.93430000008084	EXP	text_2: text = 83
212.95182500011288	EXP	text_2: text = 99
212.9674599999562	EXP	text_2: text = 116
212.98411000007764	EXP	text_2: text = 132
212.9991399999708	EXP	text_2: text = 149
213.01742499996908	EXP	text_2: text = 166
213.0343049999792	EXP	text_2: text = 182
213.0510100000538	EXP	text_2: text = 199
213.06708499998786	EXP	text_2: text = 216
213.08307499997318	EXP	text_2: text = 232
213.09832500014454	EXP	text_2: text = 249
213.116565000033	EXP	text_2: text = 266
213.13324000011198	EXP	text_2: text = 282
213.14742500009015	DATA	Keydown:  
213.16681500012055	EXP	text_2: text = 316
213.16681500012055	EXP	text_2: autoDraw = false
213.16681500012055	EXP	Feedback: text = 296
213.16681500012055	EXP	Feedback: autoDraw = true
214.1646549999714	EXP	Feedback: autoDraw = false
214.1646549999714	EXP	Feedback: autoDraw = false
214.1646549999714	EXP	text_3: autoDraw = true
218.41215500002727	EXP	text_3: autoDraw = false
218.41215500002727	EXP	text_3: autoDraw = false
218.41215500002727	EXP	text_2: autoDraw = true
218.41215500002727	EXP	text_2: text = 0
218.42769500007853	EXP	text_2: text = 16
218.44467000011355	EXP	text_2: text = 33
218.46118000010028	EXP	text_2: text = 50
218.47768000001088	EXP	text_2: text = 66
218.49409499997273	EXP	text_2: text = 83
218.51184500008821	EXP	text_2: text = 100
218.52817500010133	EXP	text_2: text = 116
218.54472000012174	EXP	text_2: text = 133
218.562099999981	EXP	text_2: text = 150
218.57802500016987	EXP	text_2: text = 166
218.59588000015356	EXP	text_2: text = 183
218.61222500004806	EXP	text_2: text = 200
218.62828500010073	EXP	text_2: text = 216
218.64470500010066	EXP	text_2: text = 233
218.66142000001855	EXP	text_2: text = 250
218.67790000000969	EXP	text_2: text = 266
218.69739000010304	EXP	text_2: text = 283
218.711159999948	EXP	text_2: text = 300
218.72774500004016	EXP	text_2: text = 316
218.7443350001704	EXP	text_2: text = 333
218.75291000003926	DATA	Keydown:  
218.7607400000561	EXP	text_2: text = 349
218.7607400000561	EXP	text_2: autoDraw = false
218.7607400000561	EXP	Feedback: text = 341
218.7607400000561	EXP	Feedback: autoDraw = true
219.7595600001514	EXP	Feedback: autoDraw = false
219.7595600001514	EXP	Feedback: autoDraw = false
219.7595600001514	EXP	text_3: autoDraw = true
227.6885000001639	EXP	text_3: autoDraw = false
227.6885000001639	EXP	text_3: autoDraw = false
227.6885000001639	EXP	text_2: autoDraw = true
227.6885000001639	EXP	text_2: text = 0
227.70391499996185	EXP	text_2: text = 16
227.72044500010088	EXP	text_2: text = 33
227.7372149999719	EXP	text_2: text = 50
227.75380500010215	EXP	text_2: text = 66
227.77017499995418	EXP	text_2: text = 83
227.78700500004925	EXP	text_2: text = 100
227.80374000011943	EXP	text_2: text = 116
227.8204300000798	EXP	text_2: text = 133
227.8372649999801	EXP	text_2: text = 150
227.85375500004739	EXP	text_2: text = 166
227.87016499997117	EXP	text_2: text = 183
227.8867999999784	EXP	text_2: text = 200
227.90386500000022	EXP	text_2: text = 216
227.92256000009365	EXP	text_2: text = 233
227.9366099999752	EXP	text_2: text = 250
227.95388499996625	EXP	text_2: text = 266
227.97036999999546	EXP	text_2: text = 283
227.97852999996394	DATA	Keydown:  
227.98784500011243	EXP	text_2: text = 300
227.98784500011243	EXP	text_2: autoDraw = false
227.98784500011243	EXP	Feedback: text = 290
227.98784500011243	EXP	Feedback: autoDraw = true
228.98582500009798	EXP	Feedback: autoDraw = false
228.98582500009798	EXP	Feedback: autoDraw = false
228.98582500009798	EXP	text_3: autoDraw = true
238.38066000002436	EXP	text_3: autoDraw = false
238.38066000002436	EXP	text_3: autoDraw = false
238.38066000002436	EXP	text_2: autoDraw = true
238.38066000002436	EXP	text_2: text = 0
238.39630000013858	EXP	text_2: text = 17
238.4121799999848	EXP	text_2: text = 33
238.42964500002563	EXP	text_2: text = 50
238.4460150001105	EXP	text_2: text = 66
238.4629900001455	EXP	text_2: text = 83
238.47948500001803	EXP	text_2: text = 100
238.49502000003122	EXP	text_2: text = 116
238.51168500003405	EXP	text_2: text = 133
238.5277599999681	EXP	text_2: text = 149
238.54472999996506	EXP	text_2: text = 166
238.56091000000015	EXP	text_2: text = 183
238.5783999999985	EXP	text_2: text = 199
238.59483500011265	EXP	text_2: text = 216
238.6115900001023	EXP	text_2: text = 233
238.62818500003777	EXP	text_2: text = 249
238.64449000009336	EXP	text_2: text = 266
238.66144000017084	EXP	text_2: text = 283
238.67815000005066	EXP	text_2: text = 299
238.69484000001103	EXP	text_2: text = 316
238.7113449999597	EXP	text_2: text = 333
238.71321499999613	DATA	Keydown:  
238.72940500010736	EXP	text_2: text = 349
238.72940500010736	EXP	text_2: autoDraw = false
238.72940500010736	EXP	Feedback: text = 333
238.72940500010736	EXP	Feedback: autoDraw = true
239.7302300001029	EXP	Feedback: autoDraw = false
239.7302300001029	EXP	Feedback: autoDraw = false
239.7302300001029	EXP	text_3: autoDraw = true
243.49093500012532	EXP	text_3: autoDraw = false
243.49093500012532	EXP	text_3: autoDraw = false
243.49093500012532	EXP	text_2: autoDraw = true
243.49093500012532	EXP	text_2: text = 0
243.50778500013985	EXP	text_2: text = 17
243.5242600000929	EXP	text_2: text = 33
243.54104000004008	EXP	text_2: text = 50
243.55728500010446	EXP	text_2: text = 66
243.5741149999667	EXP	text_2: text = 83
243.59076500008814	EXP	text_2: text = 100
243.60704499995336	EXP	text_2: text = 116
243.62324000010267	EXP	text_2: text = 133
243.63971000001766	EXP	text_2: text = 150
243.6583249999676	EXP	text_2: text = 166
243.674869999988	EXP	text_2: text = 183
243.69133000005968	EXP	text_2: text = 200
243.70810499996878	EXP	text_2: text = 216
243.72596499999054	EXP	text_2: text = 233
243.7435950001236	EXP	text_2: text = 250
243.75876500015147	EXP	text_2: text = 266
243.7743850001134	EXP	text_2: text = 283
243.79904499999247	EXP	text_2: text = 305
243.80798000004143	EXP	text_2: text = 317
243.81786000006832	DATA	Keydown:  
243.8250049999915	EXP	text_2: text = 334
243.8250049999915	EXP	text_2: autoDraw = false
243.8250049999915	EXP	Feedback: text = 327
243.8250049999915	EXP	Feedback: autoDraw = true
244.82394500006922	EXP	Feedback: autoDraw = false
244.82394500006922	EXP	Feedback: autoDraw = false
244.82394500006922	EXP	text_3: autoDraw = true
250.30436499998905	EXP	text_3: autoDraw = false
250.30436499998905	EXP	text_3: autoDraw = false
250.30436499998905	EXP	text_2: autoDraw = true
250.30436499998905	EXP	text_2: text = 0
250.3182449999731	EXP	text_2: text = 16
250.3370400001295	EXP	text_2: text = 33
250.3537200000137	EXP	text_2: text = 49
250.37045000004582	EXP	text_2: text = 66
250.38562500011176	EXP	text_2: text = 82
250.40173000004143	EXP	text_2: text = 99
250.41914000012912	EXP	text_2: text = 116
250.43599999998696	EXP	text_2: text = 132
250.453330000164	EXP	text_2: text = 149
250.46892500016838	EXP	text_2: text = 166
250.48558000009507	EXP	text_2: text = 182
250.504595000064	EXP	text_2: text = 200
250.52168500004336	EXP	text_2: text = 216
250.53957500006072	EXP	text_2: text = 233
250.55475999996997	EXP	text_2: text = 249
250.57138000009581	EXP	text_2: text = 266
250.5746999999974	DATA	Keydown:  
250.59040999994613	EXP	text_2: text = 283
250.59040999994613	EXP	text_2: autoDraw = false
250.59040999994613	EXP	Feedback: text = 271
250.59040999994613	EXP	Feedback: autoDraw = true
251.58514500013553	EXP	Feedback: autoDraw = false
251.58514500013553	EXP	Feedback: autoDraw = false
251.58514500013553	EXP	text_3: autoDraw = true
254.3527850001119	EXP	text_3: autoDraw = false
254.3527850001119	EXP	text_3: autoDraw = false
254.3527850001119	EXP	text_2: autoDraw = true
254.3527850001119	EXP	text_2: text = 0
254.36824500001967	EXP	text_2: text = 16
254.38452000007965	EXP	text_2: text = 32
254.40100500010885	EXP	text_2: text = 49
254.41728499997407	EXP	text_2: text = 66
254.43636000016704	EXP	text_2: text = 82
254.45137000014074	EXP	text_2: text = 99
254.46730000013486	EXP	text_2: text = 116
254.48583500017412	EXP	text_2: text = 132
254.50099000008777	EXP	text_2: text = 150
254.5177899999544	EXP	text_2: text = 166
254.5342749999836	EXP	text_2: text = 182
254.55104500008747	EXP	text_2: text = 199
254.56783000007272	EXP	text_2: text = 216
254.58443500008434	EXP	text_2: text = 232
254.60137500008568	EXP	text_2: text = 249
254.61901500006206	EXP	text_2: text = 265
254.63455000007525	EXP	text_2: text = 282
254.6505950000137	EXP	text_2: text = 299
254.66788500011899	EXP	text_2: text = 315
254.68436000007205	EXP	text_2: text = 332
254.70125499996357	EXP	text_2: text = 349
254.71762000001036	EXP	text_2: text = 365
254.73409499996342	EXP	text_2: text = 382
254.75090500013903	EXP	text_2: text = 399
254.76742499996908	EXP	text_2: text = 415
254.78480500006117	EXP	text_2: text = 432
254.80197000014596	EXP	text_2: text = 449
254.81882000016049	EXP	text_2: text = 466
254.82686000014655	DATA	Keydown:  
254.83758000005037	EXP	text_2: text = 483
254.83758000005037	EXP	text_2: autoDraw = false
254.83758000005037	EXP	Feedback: text = 474
254.83758000005037	EXP	Feedback: autoDraw = true
255.83398500015028	EXP	Feedback: autoDraw = false
255.83398500015028	EXP	Feedback: autoDraw = false
255.83398500015028	EXP	text_3: autoDraw = true
265.09224999998696	EXP	text_3: autoDraw = false
265.09224999998696	EXP	text_3: autoDraw = false
265.09224999998696	EXP	text_2: autoDraw = true
265.09224999998696	EXP	text_2: text = 0
265.1059050001204	EXP	text_2: text = 16
265.12491500005126	EXP	text_2: text = 34
265.13959000003524	EXP	text_2: text = 50
265.1560500001069	EXP	text_2: text = 66
265.1731950000394	EXP	text_2: text = 83
265.18949000001885	EXP	text_2: text = 100
265.2056599999778	EXP	text_2: text = 116
265.22256499994546	EXP	text_2: text = 133
265.2395049999468	EXP	text_2: text = 150
265.2564550000243	EXP	text_2: text = 166
265.2730950000696	EXP	text_2: text = 183
265.2897650001105	EXP	text_2: text = 200
265.3064950001426	EXP	text_2: text = 216
265.3254949999973	EXP	text_2: text = 233
265.339954999974	EXP	text_2: text = 250
265.35608000005595	EXP	text_2: text = 266
265.3724299999885	EXP	text_2: text = 283
265.38973000016995	EXP	text_2: text = 300
265.4064850001596	EXP	text_2: text = 316
265.4086349999998	DATA	Keydown:  
265.42668000003323	EXP	text_2: text = 333
265.42668000003323	EXP	text_2: autoDraw = false
265.42668000003323	EXP	Feedback: text = 317
265.42668000003323	EXP	Feedback: autoDraw = true
266.42189999995753	EXP	Feedback: autoDraw = false
266.42189999995753	EXP	Feedback: autoDraw = false
266.42189999995753	EXP	text_3: autoDraw = true
268.83952000015415	EXP	text_3: autoDraw = false
268.83952000015415	EXP	text_3: autoDraw = false
268.83952000015415	EXP	text_2: autoDraw = true
268.83952000015415	EXP	text_2: text = 0
268.8544600000605	EXP	text_2: text = 16
268.8706100001	EXP	text_2: text = 33
268.88711500004865	EXP	text_2: text = 49
268.9043650000822	EXP	text_2: text = 66
268.92055999999866	EXP	text_2: text = 83
268.9388550000731	EXP	text_2: text = 100
268.9543600000907	EXP	text_2: text = 116
268.9708849999588	EXP	text_2: text = 133
268.9868799999822	EXP	text_2: text = 150
269.00368500011973	EXP	text_2: text = 166
269.01983000012115	EXP	text_2: text = 182
269.0371749999467	EXP	text_2: text = 199
269.05284500005655	EXP	text_2: text = 216
269.06994500011206	EXP	text_2: text = 232
269.08722999994643	EXP	text_2: text = 249
269.103385000024	EXP	text_2: text = 266
269.1200099999551	EXP	text_2: text = 282
269.1362350001	EXP	text_2: text = 299
269.15363500011154	EXP	text_2: text = 316
269.17050000000745	EXP	text_2: text = 332
269.1733200000599	DATA	Keydown:  
269.1883350000717	EXP	text_2: text = 349
269.1883350000717	EXP	text_2: autoDraw = false
269.1883350000717	EXP	Feedback: text = 334
269.1883350000717	EXP	Feedback: autoDraw = true
270.18735500006005	EXP	Feedback: autoDraw = false
270.18735500006005	EXP	Feedback: autoDraw = false
270.18735500006005	EXP	text_3: autoDraw = true
279.19569500000216	EXP	text_3: autoDraw = false
279.19569500000216	EXP	text_3: autoDraw = false
279.19569500000216	EXP	text_2: autoDraw = true
279.19569500000216	EXP	text_2: text = 0
279.2114999999758	EXP	text_2: text = 17
279.2283799999859	EXP	text_2: text = 33
279.2454800000414	EXP	text_2: text = 50
279.2633350000251	EXP	text_2: text = 66
279.27820000005886	EXP	text_2: text = 83
279.29444500012323	EXP	text_2: text = 99
279.3122100001201	EXP	text_2: text = 116
279.32961000013165	EXP	text_2: text = 133
279.344950000057	EXP	text_2: text = 149
279.3622800000012	EXP	text_2: text = 166
279.37927999999374	EXP	text_2: text = 183
279.3942550001666	EXP	text_2: text = 200
279.4162350001279	EXP	text_2: text = 216
279.42989000002854	EXP	text_2: text = 233
279.4447850000579	EXP	text_2: text = 249
279.4624550000299	EXP	text_2: text = 266
279.47933000000194	EXP	text_2: text = 283
279.494915000163	EXP	text_2: text = 299
279.5114750000648	EXP	text_2: text = 317
279.52879999997094	EXP	text_2: text = 333
279.5435699999798	EXP	text_2: text = 349
279.5614549999591	EXP	text_2: text = 366
279.57962500001304	EXP	text_2: text = 383
279.59457499999553	EXP	text_2: text = 399
279.61119500012137	EXP	text_2: text = 416
279.6298100000713	EXP	text_2: text = 432
279.6432499999646	EXP	text_2: text = 449
279.66093000001274	EXP	text_2: text = 466
279.6768650000449	EXP	text_2: text = 483
279.67901500011794	DATA	Keydown:  
279.69625000003725	EXP	text_2: text = 500
279.69625000003725	EXP	text_2: autoDraw = false
279.69625000003725	EXP	Feedback: text = 483
279.69625000003725	EXP	Feedback: autoDraw = true
280.6937600001693	EXP	Feedback: autoDraw = false
280.6937600001693	EXP	Feedback: autoDraw = false
280.6937600001693	EXP	text_3: autoDraw = true
283.5917350000236	EXP	text_3: autoDraw = false
283.5917350000236	EXP	text_3: autoDraw = false
283.5917350000236	EXP	text_2: autoDraw = true
283.5917350000236	EXP	text_2: text = 0
283.607580000069	EXP	text_2: text = 16
283.6238649999723	EXP	text_2: text = 33
283.6407800000161	EXP	text_2: text = 49
283.65699500008486	EXP	text_2: text = 66
283.6736749999691	EXP	text_2: text = 83
283.6912000000011	EXP	text_2: text = 100
283.7068549999967	EXP	text_2: text = 116
283.72427500016056	EXP	text_2: text = 133
283.73966500000097	EXP	text_2: text = 149
283.759190000128	EXP	text_2: text = 166
283.7743250001222	EXP	text_2: text = 182
283.7920050001703	EXP	text_2: text = 200
283.8084450000897	EXP	text_2: text = 216
283.8248250000179	EXP	text_2: text = 232
283.84270999999717	EXP	text_2: text = 249
283.85808999999426	EXP	text_2: text = 266
283.87136500002816	DATA	Keydown:  
283.8803749999497	EXP	text_2: text = 285
283.8803749999497	EXP	text_2: autoDraw = false
283.8803749999497	EXP	Feedback: text = 280
283.8803749999497	EXP	Feedback: autoDraw = true
284.8746200001333	EXP	Feedback: autoDraw = false
284.8746200001333	EXP	Feedback: autoDraw = false
284.8746200001333	EXP	text_3: autoDraw = true
288.7884100000374	EXP	text_3: autoDraw = false
288.7884100000374	EXP	text_3: autoDraw = false
288.7884100000374	EXP	text_2: autoDraw = true
288.7884100000374	EXP	text_2: text = 0
288.8057900001295	EXP	text_2: text = 16
288.81921000010334	EXP	text_2: text = 32
288.8377750001382	EXP	text_2: text = 50
288.8534450000152	EXP	text_2: text = 66
288.86939999996684	EXP	text_2: text = 82
288.8874900001101	EXP	text_2: text = 100
288.9036700001452	EXP	text_2: text = 116
288.92037499998696	EXP	text_2: text = 133
288.93642000015825	EXP	text_2: text = 149
288.95474499999546	EXP	text_2: text = 166
288.97108000004664	EXP	text_2: text = 182
288.9882000000216	EXP	text_2: text = 199
289.0047500000801	EXP	text_2: text = 216
289.02115000016056	EXP	text_2: text = 232
289.03894000011496	EXP	text_2: text = 249
289.0562899999786	EXP	text_2: text = 266
289.0724450000562	EXP	text_2: text = 282
289.0890800000634	EXP	text_2: text = 299
289.1078550000675	EXP	text_2: text = 316
289.1118449999485	DATA	Keydown:  
289.124199999962	EXP	text_2: text = 333
289.124199999962	EXP	text_2: autoDraw = false
289.124199999962	EXP	Feedback: text = 324
289.124199999962	EXP	Feedback: autoDraw = true
290.11797500005923	EXP	Feedback: autoDraw = false
290.11797500005923	EXP	Feedback: autoDraw = false
290.11797500005923	EXP	text_3: autoDraw = true
298.06383500015363	EXP	text_3: autoDraw = false
298.06383500015363	EXP	text_3: autoDraw = false
298.06383500015363	EXP	text_2: autoDraw = true
298.06383500015363	EXP	text_2: text = 0
298.07865500007756	EXP	text_2: text = 16
298.09660500008613	EXP	text_2: text = 34
298.1120800001081	EXP	text_2: text = 50
298.1285650001373	EXP	text_2: text = 66
298.1459600001108	EXP	text_2: text = 83
298.1623599999584	EXP	text_2: text = 100
298.1801899999846	EXP	text_2: text = 116
298.1948900001589	EXP	text_2: text = 133
298.21125000016764	EXP	text_2: text = 149
298.2274500001222	EXP	text_2: text = 166
298.24800000013784	EXP	text_2: text = 183
298.2622950000223	EXP	text_2: text = 200
298.2790700001642	EXP	text_2: text = 216
298.2956799999811	EXP	text_2: text = 233
298.312305000145	EXP	text_2: text = 249
298.3228100000415	DATA	Keydown:  
298.3297099999618	EXP	text_2: text = 266
298.3297099999618	EXP	text_2: autoDraw = false
298.3297099999618	EXP	Feedback: text = 259
298.3297099999618	EXP	Feedback: autoDraw = true
299.32776500005275	EXP	Feedback: autoDraw = false
299.32776500005275	EXP	Feedback: autoDraw = false
299.32776500005275	EXP	text_3: autoDraw = true
304.91082500014454	EXP	text_3: autoDraw = false
304.91082500014454	EXP	text_3: autoDraw = false
304.91082500014454	EXP	text_2: autoDraw = true
304.91082500014454	EXP	text_2: text = 0
304.9260750000831	EXP	text_2: text = 16
304.943089999957	EXP	text_2: text = 33
304.9600050000008	EXP	text_2: text = 50
304.97616500011645	EXP	text_2: text = 66
304.99305000016466	EXP	text_2: text = 83
305.0093249999918	EXP	text_2: text = 100
305.0274450001307	EXP	text_2: text = 117
305.043229999952	EXP	text_2: text = 133
305.0592849999666	EXP	text_2: text = 150
305.0763000000734	EXP	text_2: text = 166
305.09290000004694	EXP	text_2: text = 183
305.11069000000134	EXP	text_2: text = 200
305.1258350000717	EXP	text_2: text = 216
305.14307500002906	EXP	text_2: text = 233
305.15855000005104	EXP	text_2: text = 250
305.17638500011526	EXP	text_2: text = 266
305.1905800001696	EXP	text_2: text = 283
305.20720500010066	EXP	text_2: text = 299
305.21493000001647	DATA	Keydown:  
305.2248599999584	EXP	text_2: text = 316
305.2248599999584	EXP	text_2: autoDraw = false
305.2248599999584	EXP	Feedback: text = 304
305.2248599999584	EXP	Feedback: autoDraw = true
306.22253499994986	EXP	Feedback: autoDraw = false
306.22253499994986	EXP	Feedback: autoDraw = false
306.22253499994986	EXP	text_3: autoDraw = true
309.787045000121	EXP	text_3: autoDraw = false
309.787045000121	EXP	text_3: autoDraw = false
309.787045000121	EXP	text_2: autoDraw = true
309.787045000121	EXP	text_2: text = 0
309.80307499994524	EXP	text_2: text = 16
309.81933000008576	EXP	text_2: text = 33
309.83651000005193	EXP	text_2: text = 50
309.8523850000929	EXP	text_2: text = 66
309.87003000010736	EXP	text_2: text = 83
309.8855900000781	EXP	text_2: text = 100
309.90323500009254	EXP	text_2: text = 116
309.9192000001203	EXP	text_2: text = 133
309.93589500011876	EXP	text_2: text = 150
309.9530850001611	EXP	text_2: text = 166
309.96915500005707	EXP	text_2: text = 183
309.9863450000994	EXP	text_2: text = 200
310.0019100001082	EXP	text_2: text = 216
310.01867500017397	EXP	text_2: text = 233
310.03587000002153	EXP	text_2: text = 249
310.0515799999703	EXP	text_2: text = 266
310.0699200001545	EXP	text_2: text = 283
310.0863000000827	EXP	text_2: text = 300
310.09369500004686	DATA	Keydown:  
310.10264000017196	EXP	text_2: text = 316
310.10264000017196	EXP	text_2: autoDraw = false
310.10264000017196	EXP	Feedback: text = 307
310.10264000017196	EXP	Feedback: autoDraw = true
311.10099499998614	EXP	Feedback: autoDraw = false
311.10099499998614	EXP	Feedback: autoDraw = false
311.10099499998614	EXP	text_3: autoDraw = true
317.2479000000749	EXP	text_3: autoDraw = false
317.2479000000749	EXP	text_3: autoDraw = false
317.2479000000749	EXP	text_2: autoDraw = true
317.2479000000749	EXP	text_2: text = 0
317.2627499999944	EXP	text_2: text = 16
317.27966000000015	EXP	text_2: text = 33
317.29561999998987	EXP	text_2: text = 50
317.31180000002496	EXP	text_2: text = 66
317.32931499998085	EXP	text_2: text = 83
317.3463950001169	EXP	text_2: text = 100
317.36327500012703	EXP	text_2: text = 116
317.3797949999571	EXP	text_2: text = 133
317.39641000004485	EXP	text_2: text = 150
317.4134450000711	EXP	text_2: text = 167
317.4299000001047	EXP	text_2: text = 183
317.4462000001222	EXP	text_2: text = 200
317.4627900000196	EXP	text_2: text = 217
317.47972499998286	EXP	text_2: text = 233
317.4963899999857	EXP	text_2: text = 250
317.5131250000559	EXP	text_2: text = 266
317.5285750001203	EXP	text_2: text = 283
317.5465600001626	EXP	text_2: text = 300
317.562750000041	EXP	text_2: text = 316
317.5799350000452	EXP	text_2: text = 333
317.5972100000363	EXP	text_2: text = 350
317.59929500008	DATA	Keydown:  
317.61425500013866	EXP	text_2: text = 366
317.61425500013866	EXP	text_2: autoDraw = false
317.61425500013866	EXP	Feedback: text = 351
317.61425500013866	EXP	Feedback: autoDraw = true
318.61645500012673	EXP	Feedback: autoDraw = false
318.61645500012673	EXP	Feedback: autoDraw = false
318.61645500012673	EXP	text_3: autoDraw = true
320.9113199999556	EXP	text_3: autoDraw = false
320.9113199999556	EXP	text_3: autoDraw = false
320.9113199999556	EXP	text_2: autoDraw = true
320.9113199999556	EXP	text_2: text = 0
320.9274349999614	EXP	text_2: text = 16
320.9446650000755	EXP	text_2: text = 33
320.96109500015154	EXP	text_2: text = 50
320.976740000071	EXP	text_2: text = 66
320.9936850001104	EXP	text_2: text = 83
321.01062500011176	EXP	text_2: text = 100
321.0271350000985	EXP	text_2: text = 116
321.04481999995187	EXP	text_2: text = 133
321.06029499997385	EXP	text_2: text = 150
321.0770650000777	EXP	text_2: text = 166
321.0932500001509	EXP	text_2: text = 183
321.1096650001127	EXP	text_2: text = 199
321.126644999953	EXP	text_2: text = 216
321.14708500006236	EXP	text_2: text = 237
321.16135499998927	EXP	text_2: text = 250
321.17692500003614	EXP	text_2: text = 266
321.19325500004925	EXP	text_2: text = 283
321.21094999997877	EXP	text_2: text = 300
321.22777500003576	EXP	text_2: text = 316
321.2442850000225	EXP	text_2: text = 333
321.26047000009567	EXP	text_2: text = 349
321.27693000016734	EXP	text_2: text = 366
321.2929599999916	EXP	text_2: text = 383
321.31028000009246	EXP	text_2: text = 399
321.3124349999707	DATA	Keydown:  
321.32778000016697	EXP	text_2: text = 416
321.32778000016697	EXP	text_2: autoDraw = false
321.32778000016697	EXP	Feedback: text = 401
321.32778000016697	EXP	Feedback: autoDraw = true
322.3448850000277	EXP	Feedback: autoDraw = false
322.3448850000277	EXP	Feedback: autoDraw = false
322.3448850000277	EXP	End_text: autoDraw = true
