0.042849999852478504	EXP	Created Window = Window( name=Window, fullscr=true, color=#000000, units=height, waitBlanking=true, autoLog=true, size=[1536,722] )
10.036785000003874	DATA	Keydown: undefined
12.043449999997392	EXP	Created text = TextStim( name=text, win=Window( name=Window, fullscr=true, color=#000000, ~), autoDraw=null, autoLog=true, units=height, ori=null, opacity=1, pos=[0,0], size=undefined, text=INSTRUCTIONS [EN]


A counter will appear and star~, font=Arial, color=#FFFFFF, contrast=1, height=0.03, bold=null, italic=null, alignHoriz=left, alignVert=center, wrapWidth=1, flipHoriz=null, flipVert=null )
12.04511999990791	EXP	Created text_3 = TextStim( name=text_3, win=Window( name=Window, fullscr=true, color=#000000, ~), autoDraw=null, autoLog=true, units=height, ori=null, opacity=1, pos=[0,0], size=undefined, text=null, font=Arial, color=#FFFFFF, contrast=1, height=0.1, bold=null, italic=null, alignHoriz=left, alignVert=center, wrapWidth=1, flipHoriz=null, flipVert=null )
12.045969999860972	EXP	Created text_2 = TextStim( name=text_2, win=Window( name=Window, fullscr=true, color=#000000, ~), autoDraw=null, autoLog=true, units=height, ori=null, opacity=1, pos=[0,0], size=undefined, text=default text, font=Arial, color=#ff0000, contrast=1, height=0.15, bold=null, italic=null, alignHoriz=left, alignVert=center, wrapWidth=1, flipHoriz=null, flipVert=null )
12.046674999874085	EXP	Created Feedback = TextStim( name=Feedback, win=Window( name=Window, fullscr=true, color=#000000, ~), autoDraw=null, autoLog=true, units=height, ori=null, opacity=1, pos=[0,0], size=undefined, text=default text, font=Arial, color=#ff0000, contrast=1, height=0.15, bold=null, italic=null, alignHoriz=left, alignVert=center, wrapWidth=1, flipHoriz=null, flipVert=null )
12.047365000005811	EXP	Created End_text = TextStim( name=End_text, win=Window( name=Window, fullscr=true, color=#000000, ~), autoDraw=null, autoLog=true, units=height, ori=null, opacity=1, pos=[0,0], size=undefined, text=This study aimed to look at procedural learning, i~, font=Arial, color=#FFFFFF, contrast=1, height=0.025, bold=null, italic=null, alignHoriz=left, alignVert=center, wrapWidth=1, flipHoriz=null, flipVert=null )
12.060629999963567	EXP	text: units = "height"
12.060629999963567	EXP	text: ori = 0
12.060629999963567	EXP	text: opacity = 1
12.060629999963567	EXP	text: pos = [0,0]
12.060629999963567	EXP	text: size = undefined
12.060629999963567	EXP	text: text = "INSTRUCTIONS [EN]\n\n\nA counter will appear and start counting at random times, press SPACE as fast as possible when it appears.\n\n\nPress SPACE to start\n\n-------\n\nInstruções [PT]\n\n\nUm cronómetro vai aparecer e começar a contar aleatoriamente, pressione a tecla SPACE assim que ele aparecer.\n\n\nPressiona SPACE para começar."
12.060629999963567	EXP	text: font = "Arial"
12.060629999963567	EXP	text: color = {"_hex":"#FFFFFF","_rgb":[1,1,1]}
12.060629999963567	EXP	text: contrast = 1
12.060629999963567	EXP	text: height = 0.03
12.060629999963567	EXP	text: bold = false
12.060629999963567	EXP	text: italic = false
12.060629999963567	EXP	text: alignHoriz = "left"
12.060629999963567	EXP	text: alignVert = "center"
12.060629999963567	EXP	text: wrapWidth = 1
12.060629999963567	EXP	text: flipHoriz = false
12.060629999963567	EXP	text: flipVert = false
12.060629999963567	EXP	text_3: units = "height"
12.060629999963567	EXP	text_3: ori = 0
12.060629999963567	EXP	text_3: opacity = 1
12.060629999963567	EXP	text_3: pos = [0,0]
12.060629999963567	EXP	text_3: size = undefined
12.060629999963567	EXP	text_3: text = ""
12.060629999963567	EXP	text_3: font = "Arial"
12.060629999963567	EXP	text_3: color = {"_hex":"#FFFFFF","_rgb":[1,1,1]}
12.060629999963567	EXP	text_3: contrast = 1
12.060629999963567	EXP	text_3: height = 0.1
12.060629999963567	EXP	text_3: bold = false
12.060629999963567	EXP	text_3: italic = false
12.060629999963567	EXP	text_3: alignHoriz = "left"
12.060629999963567	EXP	text_3: alignVert = "center"
12.060629999963567	EXP	text_3: wrapWidth = 1
12.060629999963567	EXP	text_3: flipHoriz = false
12.060629999963567	EXP	text_3: flipVert = false
12.060629999963567	EXP	text_2: units = "height"
12.060629999963567	EXP	text_2: ori = 0
12.060629999963567	EXP	text_2: opacity = 1
12.060629999963567	EXP	text_2: pos = [0,0]
12.060629999963567	EXP	text_2: size = undefined
12.060629999963567	EXP	text_2: text = "default text"
12.060629999963567	EXP	text_2: font = "Arial"
12.060629999963567	EXP	text_2: color = {"_rgb":[1,0,0]}
12.060629999963567	EXP	text_2: contrast = 1
12.060629999963567	EXP	text_2: height = 0.15
12.060629999963567	EXP	text_2: bold = false
12.060629999963567	EXP	text_2: italic = false
12.060629999963567	EXP	text_2: alignHoriz = "left"
12.060629999963567	EXP	text_2: alignVert = "center"
12.060629999963567	EXP	text_2: wrapWidth = 1
12.060629999963567	EXP	text_2: flipHoriz = false
12.060629999963567	EXP	text_2: flipVert = false
12.060629999963567	EXP	Feedback: units = "height"
12.060629999963567	EXP	Feedback: ori = 0
12.060629999963567	EXP	Feedback: opacity = 1
12.060629999963567	EXP	Feedback: pos = [0,0]
12.060629999963567	EXP	Feedback: size = undefined
12.060629999963567	EXP	Feedback: text = "default text"
12.060629999963567	EXP	Feedback: font = "Arial"
12.060629999963567	EXP	Feedback: color = {"_rgb":[1,0,0]}
12.060629999963567	EXP	Feedback: contrast = 1
12.060629999963567	EXP	Feedback: height = 0.15
12.060629999963567	EXP	Feedback: bold = false
12.060629999963567	EXP	Feedback: italic = false
12.060629999963567	EXP	Feedback: alignHoriz = "left"
12.060629999963567	EXP	Feedback: alignVert = "center"
12.060629999963567	EXP	Feedback: wrapWidth = 1
12.060629999963567	EXP	Feedback: flipHoriz = false
12.060629999963567	EXP	Feedback: flipVert = false
12.060629999963567	EXP	End_text: units = "height"
12.060629999963567	EXP	End_text: ori = 0
12.060629999963567	EXP	End_text: opacity = 1
12.060629999963567	EXP	End_text: pos = [0,0]
12.060629999963567	EXP	End_text: size = undefined
12.060629999963567	EXP	End_text: text = "This study aimed to look at procedural learning, i.e. our ability to extract patterns from the input that we are constantly receiving. This skill is thought to be essential for language and literacy acquisition and has been suggested as a possible underlying difficult in children with Language Impairments and Dyslexia. This study aims to improve the measures of procedural learning (the smiley face task) so that we can measure procedural learning more reliably and, in the future, analyse the performance of individuals with learning impairments.\nThank you for participating!\n\n----\n\nEste estudo tem como objectivo analisar a nossa capacidade de extrair padrões da informação que estamos constantemente a receber. Pensa-se que esta competência é essencial para a aquisição da linguagem e literacia e foi sugerido que dificuldades neste tipo de competências poderá estar relacionado com perturbações da linguagem e Dislexia. Este estudo tem como objectivo melhorar a estabilidade das medidas usadas para medir este tipo de memória (a tarefa da cara sorridente) de forma a poder medir de forma mais precisa e, no futuro, analisar a performance de indivíduos com perturbações da aprendizagem. \nMuito obrigada por ter participado!"
12.060629999963567	EXP	End_text: font = "Arial"
12.060629999963567	EXP	End_text: color = {"_hex":"#FFFFFF","_rgb":[1,1,1]}
12.060629999963567	EXP	End_text: contrast = 1
12.060629999963567	EXP	End_text: height = 0.025
12.060629999963567	EXP	End_text: bold = false
12.060629999963567	EXP	End_text: italic = false
12.060629999963567	EXP	End_text: alignHoriz = "left"
12.060629999963567	EXP	End_text: alignVert = "center"
12.060629999963567	EXP	End_text: wrapWidth = 1
12.060629999963567	EXP	End_text: flipHoriz = false
12.060629999963567	EXP	End_text: flipVert = false
12.060629999963567	EXP	text: autoDraw = true
17.01187999988906	DATA	Keydown:  
17.02053499990143	EXP	text: autoDraw = false
17.02053499990143	EXP	text_3: autoDraw = true
19.294729999965057	EXP	text_3: autoDraw = false
19.294729999965057	EXP	text_3: autoDraw = false
19.294729999965057	EXP	text_2: autoDraw = true
19.294729999965057	EXP	text_2: text = 0
19.30430999980308	EXP	text_2: text = 21
19.31489499984309	EXP	text_2: text = 30
19.32662499998696	EXP	text_2: text = 43
19.34071999997832	EXP	text_2: text = 57
19.354434999870136	EXP	text_2: text = 71
19.365609999978915	EXP	text_2: text = 82
19.380279999924824	EXP	text_2: text = 97
19.39843999990262	EXP	text_2: text = 114
19.421334999846295	EXP	text_2: text = 138
19.42873499984853	EXP	text_2: text = 146
19.44067499996163	EXP	text_2: text = 156
19.450844999868423	EXP	text_2: text = 168
19.46836999990046	EXP	text_2: text = 186
19.47772499988787	EXP	text_2: text = 195
19.488514999859035	EXP	text_2: text = 205
19.50385500001721	EXP	text_2: text = 221
19.513494999846444	EXP	text_2: text = 230
19.53086999990046	EXP	text_2: text = 248
19.540444999933243	EXP	text_2: text = 258
19.555624999804422	EXP	text_2: text = 273
19.5718999998644	EXP	text_2: text = 289
19.582620000001043	EXP	text_2: text = 299
19.598254999844357	EXP	text_2: text = 315
19.610534999985248	EXP	text_2: text = 327
19.627934999996796	EXP	text_2: text = 345
19.637624999973923	EXP	text_2: text = 354
19.64832999999635	EXP	text_2: text = 365
19.666784999892116	EXP	text_2: text = 384
19.68311499990523	EXP	text_2: text = 400
19.693644999992102	EXP	text_2: text = 411
19.710654999827966	EXP	text_2: text = 428
19.720189999789	EXP	text_2: text = 438
19.738299999851733	EXP	text_2: text = 454
19.748979999916628	EXP	text_2: text = 466
19.763479999965057	EXP	text_2: text = 481
19.776029999833554	EXP	text_2: text = 492
19.78770499979146	EXP	text_2: text = 504
19.80246499995701	EXP	text_2: text = 520
19.812384999822825	EXP	text_2: text = 529
19.83275999990292	EXP	text_2: text = 550
19.84940499998629	EXP	text_2: text = 567
19.861714999889955	EXP	text_2: text = 579
19.8777499999851	EXP	text_2: text = 593
19.893614999949932	EXP	text_2: text = 611
19.911424999823794	EXP	text_2: text = 628
19.921039999928325	DATA	Keydown:  
19.924949999898672	EXP	text_2: text = 640
19.924949999898672	EXP	text_2: autoDraw = false
19.924949999898672	EXP	Feedback: text = 626
19.924949999898672	EXP	Feedback: autoDraw = true
20.922929999884218	EXP	Feedback: autoDraw = false
20.922929999884218	EXP	Feedback: autoDraw = false
20.922929999884218	EXP	text_3: autoDraw = true
27.094749999931082	EXP	text_3: autoDraw = false
27.094749999931082	EXP	text_3: autoDraw = false
27.094749999931082	EXP	text_2: autoDraw = true
27.094749999931082	EXP	text_2: text = 0
27.114514999790117	EXP	text_2: text = 21
27.126349999802187	EXP	text_2: text = 31
27.14081499981694	EXP	text_2: text = 47
27.150589999975637	EXP	text_2: text = 56
27.166830000001937	EXP	text_2: text = 73
27.176634999923408	EXP	text_2: text = 83
27.193144999910146	EXP	text_2: text = 99
27.20450499979779	EXP	text_2: text = 110
27.220179999945685	EXP	text_2: text = 126
27.236614999826998	EXP	text_2: text = 143
27.247234999900684	EXP	text_2: text = 153
27.25831999978982	EXP	text_2: text = 164
27.272729999851435	EXP	text_2: text = 179
27.28209999995306	EXP	text_2: text = 188
27.298895000014454	EXP	text_2: text = 204
27.309384999796748	EXP	text_2: text = 216
27.322689999826252	EXP	text_2: text = 229
27.33231500000693	EXP	text_2: text = 238
27.346724999835715	EXP	text_2: text = 252
27.357314999913797	DATA	Keydown:  
27.360999999800697	EXP	text_2: text = 266
27.360999999800697	EXP	text_2: autoDraw = false
27.360999999800697	EXP	Feedback: text = 263
27.360999999800697	EXP	Feedback: autoDraw = true
28.35170999984257	EXP	Feedback: autoDraw = false
28.35170999984257	EXP	Feedback: autoDraw = false
28.35170999984257	EXP	text_3: autoDraw = true
31.16044499981217	EXP	text_3: autoDraw = false
31.16044499981217	EXP	text_3: autoDraw = false
31.16044499981217	EXP	text_2: autoDraw = true
31.16044499981217	EXP	text_2: text = 0
31.176459999987856	EXP	text_2: text = 17
31.18601999990642	EXP	text_2: text = 25
31.201679999940097	EXP	text_2: text = 42
31.21133999992162	EXP	text_2: text = 52
31.226259999908507	EXP	text_2: text = 67
31.2366449998226	EXP	text_2: text = 76
31.250419999938458	EXP	text_2: text = 91
31.265574999852106	EXP	text_2: text = 106
31.274800000013784	EXP	text_2: text = 115
31.29153999988921	EXP	text_2: text = 131
31.300589999882504	EXP	text_2: text = 141
31.315534999826923	EXP	text_2: text = 156
31.32691999990493	EXP	text_2: text = 165
31.343099999940023	EXP	text_2: text = 183
31.354684999911115	EXP	text_2: text = 193
31.368684999877587	EXP	text_2: text = 209
31.377889999886975	EXP	text_2: text = 218
31.388709999853745	EXP	text_2: text = 228
31.401194999925792	EXP	text_2: text = 241
31.419639999978244	EXP	text_2: text = 260
31.43042999994941	EXP	text_2: text = 268
31.44469999987632	EXP	text_2: text = 285
31.45530499983579	EXP	text_2: text = 295
31.478714999975637	EXP	text_2: text = 319
31.488644999917597	EXP	text_2: text = 329
31.50351499998942	EXP	text_2: text = 344
31.52180499979295	EXP	text_2: text = 360
31.538079999852926	EXP	text_2: text = 378
31.54969499981962	DATA	Keydown:  
31.55178499990143	EXP	text_2: text = 391
31.55178499990143	EXP	text_2: autoDraw = false
31.55178499990143	EXP	Feedback: text = 389
31.55178499990143	EXP	Feedback: autoDraw = true
32.55501000001095	EXP	Feedback: autoDraw = false
32.55501000001095	EXP	Feedback: autoDraw = false
32.55501000001095	EXP	text_3: autoDraw = true
40.012334999861196	EXP	text_3: autoDraw = false
40.012334999861196	EXP	text_3: autoDraw = false
40.012334999861196	EXP	text_2: autoDraw = true
40.012334999861196	EXP	text_2: text = 0
40.026054999791086	EXP	text_2: text = 16
40.040579999797046	EXP	text_2: text = 32
40.0496249999851	EXP	text_2: text = 40
40.0602849998977	EXP	text_2: text = 51
40.076524999924004	EXP	text_2: text = 67
40.086734999902546	EXP	text_2: text = 77
40.101274999789894	EXP	text_2: text = 91
40.112309999996796	EXP	text_2: text = 103
40.12239499995485	EXP	text_2: text = 113
40.137799999909475	EXP	text_2: text = 129
40.147984999930486	EXP	text_2: text = 138
40.16425499995239	EXP	text_2: text = 154
40.174279999919236	EXP	text_2: text = 165
40.18784499983303	EXP	text_2: text = 179
40.196849999949336	EXP	text_2: text = 187
40.21106999996118	EXP	text_2: text = 202
40.223249999806285	EXP	text_2: text = 214
40.23638499993831	EXP	text_2: text = 228
40.245965000009164	EXP	text_2: text = 236
40.25970499985851	EXP	text_2: text = 251
40.272219999926165	EXP	text_2: text = 263
40.28250500001013	EXP	text_2: text = 273
40.29344999999739	DATA	Keydown:  
40.299254999961704	EXP	text_2: text = 290
40.299254999961704	EXP	text_2: autoDraw = false
40.299254999961704	EXP	Feedback: text = 282
40.299254999961704	EXP	Feedback: autoDraw = true
41.28874499979429	EXP	Feedback: autoDraw = false
41.28874499979429	EXP	Feedback: autoDraw = false
41.28874499979429	EXP	text_3: autoDraw = true
43.868109999923036	EXP	text_3: autoDraw = false
43.868109999923036	EXP	text_3: autoDraw = false
43.868109999923036	EXP	text_2: autoDraw = true
43.868109999923036	EXP	text_2: text = 0
43.883990000002086	EXP	text_2: text = 17
43.89994499995373	EXP	text_2: text = 33
43.90923499991186	EXP	text_2: text = 42
43.922964999917895	EXP	text_2: text = 57
43.93205999978818	EXP	text_2: text = 65
43.9483449999243	EXP	text_2: text = 82
43.95903999987058	EXP	text_2: text = 92
43.97607999993488	EXP	text_2: text = 109
43.986969999969006	EXP	text_2: text = 120
43.99932999978773	EXP	text_2: text = 131
44.01033499999903	EXP	text_2: text = 143
44.02541499980725	EXP	text_2: text = 159
44.04276999994181	EXP	text_2: text = 176
44.05560499988496	EXP	text_2: text = 188
44.07325499993749	EXP	text_2: text = 206
44.08265499980189	EXP	text_2: text = 216
44.09671999979764	EXP	text_2: text = 230
44.105679999804124	EXP	text_2: text = 239
44.122574999928474	EXP	text_2: text = 255
44.13179999985732	EXP	text_2: text = 265
44.14587999996729	EXP	text_2: text = 279
44.1573999999091	EXP	text_2: text = 288
44.17178999981843	EXP	text_2: text = 305
44.1813850000035	EXP	text_2: text = 314
44.192589999875054	EXP	text_2: text = 325
44.20830999989994	EXP	text_2: text = 342
44.2185649999883	EXP	text_2: text = 351
44.23301999992691	EXP	text_2: text = 366
44.243109999923036	DATA	Keydown:  
44.24520000000484	EXP	text_2: text = 378
44.24520000000484	EXP	text_2: autoDraw = false
44.24520000000484	EXP	Feedback: text = 375
44.24520000000484	EXP	Feedback: autoDraw = true
45.23600499983877	EXP	Feedback: autoDraw = false
45.23600499983877	EXP	Feedback: autoDraw = false
45.23600499983877	EXP	text_3: autoDraw = true
53.06161500001326	EXP	text_3: autoDraw = false
53.06161500001326	EXP	text_3: autoDraw = false
53.06161500001326	EXP	text_2: autoDraw = true
53.06161500001326	EXP	text_2: text = 0
53.0703499999363	EXP	text_2: text = 8
53.08643999998458	EXP	text_2: text = 25
53.09621999994852	EXP	text_2: text = 34
53.11077499995008	EXP	text_2: text = 50
53.123084999853745	EXP	text_2: text = 61
53.13338999985717	EXP	text_2: text = 71
53.14780499995686	EXP	text_2: text = 86
53.1581699999515	EXP	text_2: text = 96
53.17356999986805	EXP	text_2: text = 112
53.18982500000857	EXP	text_2: text = 128
53.199009999865666	EXP	text_2: text = 137
53.21248499979265	EXP	text_2: text = 151
53.22100999997929	EXP	text_2: text = 160
53.23638999997638	EXP	text_2: text = 175
53.2486899998039	EXP	text_2: text = 186
53.25912499986589	EXP	text_2: text = 197
53.27491499995813	EXP	text_2: text = 214
53.28463999996893	EXP	text_2: text = 223
53.29913499997929	EXP	text_2: text = 238
53.312044999795035	EXP	text_2: text = 251
53.321784999920055	EXP	text_2: text = 260
53.33265499980189	DATA	Keydown:  
53.33879499998875	EXP	text_2: text = 277
53.33879499998875	EXP	text_2: autoDraw = false
53.33879499998875	EXP	Feedback: text = 271
53.33879499998875	EXP	Feedback: autoDraw = true
54.05306499986909	DATA	Keydown:  
54.34100499982014	EXP	Feedback: autoDraw = false
54.34100499982014	EXP	Feedback: autoDraw = false
54.34100499982014	EXP	text_3: autoDraw = true
57.636029999936	EXP	text_3: autoDraw = false
57.636029999936	EXP	text_3: autoDraw = false
57.636029999936	EXP	text_2: autoDraw = true
57.636029999936	EXP	text_2: text = 0
57.65015999996103	EXP	text_2: text = 16
57.66130499984138	EXP	text_2: text = 25
57.67738499981351	EXP	text_2: text = 42
57.68694499996491	EXP	text_2: text = 52
57.702629999956116	EXP	text_2: text = 67
57.71743499999866	EXP	text_2: text = 83
57.72676999983378	EXP	text_2: text = 92
57.73807999980636	EXP	text_2: text = 103
57.75410499982536	EXP	text_2: text = 119
57.762754999799654	EXP	text_2: text = 128
57.778719999827445	EXP	text_2: text = 144
57.78831999981776	EXP	text_2: text = 153
57.802814999828115	EXP	text_2: text = 168
57.813084999797866	EXP	text_2: text = 177
57.83048000000417	EXP	text_2: text = 196
57.83949499996379	EXP	text_2: text = 204
57.856589999981225	EXP	text_2: text = 222
57.86534000001848	DATA	Keydown:  
57.86707999999635	EXP	text_2: text = 232
57.86707999999635	EXP	text_2: autoDraw = false
57.86707999999635	EXP	Feedback: text = 229
57.86707999999635	EXP	Feedback: autoDraw = true
58.858224999858066	EXP	Feedback: autoDraw = false
58.858224999858066	EXP	Feedback: autoDraw = false
58.858224999858066	EXP	text_3: autoDraw = true
64.32253499981016	EXP	text_3: autoDraw = false
64.32253499981016	EXP	text_3: autoDraw = false
64.32253499981016	EXP	text_2: autoDraw = true
64.32253499981016	EXP	text_2: text = 0
64.33127999980934	EXP	text_2: text = 9
64.34729999979027	EXP	text_2: text = 25
64.3570999999065	EXP	text_2: text = 34
64.37122499989346	EXP	text_2: text = 48
64.38510499987751	EXP	text_2: text = 63
64.39370499993674	EXP	text_2: text = 71
64.41011499986053	EXP	text_2: text = 88
64.41966999997385	EXP	text_2: text = 97
64.43454499985091	EXP	text_2: text = 112
64.4458099999465	EXP	text_2: text = 121
64.46172999986447	EXP	text_2: text = 139
64.48072999995202	EXP	text_2: text = 158
64.49322499986738	EXP	text_2: text = 170
64.50248999986798	EXP	text_2: text = 180
64.51648999983445	EXP	text_2: text = 194
64.52891499991529	EXP	text_2: text = 206
64.54377999994904	EXP	text_2: text = 222
64.55270499992184	EXP	text_2: text = 230
64.56953500001691	EXP	text_2: text = 247
64.57924999995157	EXP	text_2: text = 256
64.59461499983445	EXP	text_2: text = 272
64.60386499995366	DATA	Keydown:  
64.61194500001147	EXP	text_2: text = 289
64.61194500001147	EXP	text_2: autoDraw = false
64.61194500001147	EXP	Feedback: text = 281
64.61194500001147	EXP	Feedback: autoDraw = true
65.61219000001438	EXP	Feedback: autoDraw = false
65.61219000001438	EXP	Feedback: autoDraw = false
65.61219000001438	EXP	text_3: autoDraw = true
69.60964499996044	EXP	text_3: autoDraw = false
69.60964499996044	EXP	text_3: autoDraw = false
69.60964499996044	EXP	text_2: autoDraw = true
69.60964499996044	EXP	text_2: text = 0
69.61897999979556	EXP	text_2: text = 9
69.63416499993764	EXP	text_2: text = 25
69.64345999993384	EXP	text_2: text = 34
69.65883499989286	EXP	text_2: text = 49
69.67543499986641	EXP	text_2: text = 66
69.68732999986969	EXP	text_2: text = 76
69.70027999999002	EXP	text_2: text = 91
69.70919999992475	EXP	text_2: text = 99
69.72617999999784	EXP	text_2: text = 117
69.74235499999486	EXP	text_2: text = 132
69.75300499983132	EXP	text_2: text = 143
69.76261999993585	EXP	text_2: text = 153
69.77746499981731	EXP	text_2: text = 168
69.7864549998194	EXP	text_2: text = 177
69.80212499992922	EXP	text_2: text = 193
69.8188300000038	EXP	text_2: text = 209
69.83357000001706	EXP	text_2: text = 222
69.84925500000827	EXP	text_2: text = 240
69.86213999986649	EXP	text_2: text = 251
69.88005499984138	EXP	text_2: text = 271
69.89082499989308	EXP	text_2: text = 281
69.904649999924	DATA	Keydown:  
69.91068999981508	EXP	text_2: text = 300
69.91068999981508	EXP	text_2: autoDraw = false
69.91068999981508	EXP	Feedback: text = 295
69.91068999981508	EXP	Feedback: autoDraw = true
70.9052649999503	EXP	Feedback: autoDraw = false
70.9052649999503	EXP	Feedback: autoDraw = false
70.9052649999503	EXP	text_3: autoDraw = true
75.36277499981225	EXP	text_3: autoDraw = false
75.36277499981225	EXP	text_3: autoDraw = false
75.36277499981225	EXP	text_2: autoDraw = true
75.36277499981225	EXP	text_2: text = 0
75.37442999985069	EXP	text_2: text = 12
75.38996999990195	EXP	text_2: text = 28
75.39887999999337	EXP	text_2: text = 36
75.41385999997146	EXP	text_2: text = 51
75.42478000000119	EXP	text_2: text = 62
75.43822999997064	EXP	text_2: text = 76
75.44695499981754	EXP	text_2: text = 84
75.46376499999315	EXP	text_2: text = 101
75.47392999986187	EXP	text_2: text = 111
75.48892499995418	EXP	text_2: text = 127
75.5051749998238	EXP	text_2: text = 143
75.51594999991357	EXP	text_2: text = 153
75.53049999987707	EXP	text_2: text = 168
75.5402999999933	EXP	text_2: text = 178
75.55672499979846	EXP	text_2: text = 195
75.56743999989703	EXP	text_2: text = 203
75.58185499999672	EXP	text_2: text = 220
75.59508999995887	EXP	text_2: text = 232
75.60986999981105	EXP	text_2: text = 247
75.62242999998853	EXP	text_2: text = 259
75.63631500001065	EXP	text_2: text = 273
75.64703999995254	EXP	text_2: text = 284
75.65769499982707	EXP	text_2: text = 295
75.67477499996312	EXP	text_2: text = 313
75.68541999999434	EXP	text_2: text = 323
75.70235999999568	EXP	text_2: text = 340
75.71153500000946	EXP	text_2: text = 349
75.72749999980442	EXP	text_2: text = 365
75.73492499999702	DATA	Keydown:  
75.74234499991871	EXP	text_2: text = 380
75.74234499991871	EXP	text_2: autoDraw = false
75.74234499991871	EXP	Feedback: text = 372
75.74234499991871	EXP	Feedback: autoDraw = true
76.73636999982409	EXP	Feedback: autoDraw = false
76.73636999982409	EXP	Feedback: autoDraw = false
76.73636999982409	EXP	text_3: autoDraw = true
79.79118499998003	EXP	text_3: autoDraw = false
79.79118499998003	EXP	text_3: autoDraw = false
79.79118499998003	EXP	text_2: autoDraw = true
79.79118499998003	EXP	text_2: text = 0
79.79988499986939	EXP	text_2: text = 9
79.81656499998644	EXP	text_2: text = 25
79.82757999980822	EXP	text_2: text = 36
79.84210999985225	EXP	text_2: text = 51
79.8581149999518	EXP	text_2: text = 67
79.86806499981321	EXP	text_2: text = 76
79.8778549998533	EXP	text_2: text = 86
79.89225999987684	EXP	text_2: text = 101
79.90257999999449	EXP	text_2: text = 111
79.91773499990813	EXP	text_2: text = 127
79.92867499985732	EXP	text_2: text = 136
79.9426749998238	EXP	text_2: text = 152
79.95220499997959	EXP	text_2: text = 161
79.96345499996096	EXP	text_2: text = 171
79.97855499992147	EXP	text_2: text = 188
79.98794499994256	EXP	text_2: text = 196
80.00374999991618	EXP	text_2: text = 213
80.01317499997094	EXP	text_2: text = 222
80.02810999983922	EXP	text_2: text = 237
80.0372099999804	EXP	text_2: text = 246
80.05334499990568	EXP	text_2: text = 263
80.06277499999851	EXP	text_2: text = 272
80.0778299998492	DATA	Keydown:  
80.08109999983571	EXP	text_2: text = 288
80.08109999983571	EXP	text_2: autoDraw = false
80.08109999983571	EXP	Feedback: text = 287
80.08109999983571	EXP	Feedback: autoDraw = true
81.06846999982372	EXP	Feedback: autoDraw = false
81.06846999982372	EXP	Feedback: autoDraw = false
81.06846999982372	EXP	text_3: autoDraw = true
86.20386999985203	EXP	text_3: autoDraw = false
86.20386999985203	EXP	text_3: autoDraw = false
86.20386999985203	EXP	text_2: autoDraw = true
86.20386999985203	EXP	text_2: text = 0
86.21845999988727	EXP	text_2: text = 16
86.22687999997288	EXP	text_2: text = 25
86.2408399998676	EXP	text_2: text = 38
86.24998999992386	EXP	text_2: text = 48
86.26579499989748	EXP	text_2: text = 63
86.27608499978669	EXP	text_2: text = 73
86.29102999996394	EXP	text_2: text = 89
86.30199999990873	EXP	text_2: text = 99
86.31863999995403	EXP	text_2: text = 117
86.32733999984339	EXP	text_2: text = 125
86.34379999991506	EXP	text_2: text = 142
86.35338499979116	EXP	text_2: text = 151
86.37099500000477	EXP	text_2: text = 169
86.38064499991015	EXP	text_2: text = 178
86.3917749999091	EXP	text_2: text = 189
86.40799500001594	EXP	text_2: text = 206
86.41722499998286	EXP	text_2: text = 215
86.43259499990381	EXP	text_2: text = 230
86.44423999986611	EXP	text_2: text = 242
86.45855499990284	EXP	text_2: text = 256
86.47504499997012	EXP	text_2: text = 272
86.48435999988578	EXP	text_2: text = 282
86.49611999979243	DATA	Keydown:  
86.50088499998674	EXP	text_2: text = 298
86.50088499998674	EXP	text_2: autoDraw = false
86.50088499998674	EXP	Feedback: text = 292
86.50088499998674	EXP	Feedback: autoDraw = true
87.49063999997452	EXP	Feedback: autoDraw = false
87.49063999997452	EXP	Feedback: autoDraw = false
87.49063999997452	EXP	text_3: autoDraw = true
91.59952499996871	EXP	text_3: autoDraw = false
91.59952499996871	EXP	text_3: autoDraw = false
91.59952499996871	EXP	text_2: autoDraw = true
91.59952499996871	EXP	text_2: text = 0
91.60909499996342	EXP	text_2: text = 11
91.61930999998003	EXP	text_2: text = 21
91.63329499983229	EXP	text_2: text = 35
91.64507499989122	EXP	text_2: text = 47
91.6589699999895	EXP	text_2: text = 61
91.66973500000313	EXP	text_2: text = 71
91.68603499978781	EXP	text_2: text = 89
91.69701999984682	EXP	text_2: text = 97
91.70985499978997	EXP	text_2: text = 112
91.71867499989457	EXP	text_2: text = 120
91.72870999993756	EXP	text_2: text = 131
91.74824999994598	EXP	text_2: text = 151
91.75968999997713	EXP	text_2: text = 160
91.77413999987766	EXP	text_2: text = 177
91.7832299999427	EXP	text_2: text = 185
91.79896999988705	EXP	text_2: text = 201
91.8102849998977	EXP	text_2: text = 213
91.82604499999434	EXP	text_2: text = 228
91.83646499994211	EXP	text_2: text = 238
91.85080999997444	EXP	text_2: text = 253
91.85991499992087	EXP	text_2: text = 262
91.87619999982417	EXP	text_2: text = 278
91.88608499988914	EXP	text_2: text = 289
91.89486499992199	DATA	Keydown:  
91.89759999979287	EXP	text_2: text = 299
91.89759999979287	EXP	text_2: autoDraw = false
91.89759999979287	EXP	Feedback: text = 295
91.89759999979287	EXP	Feedback: autoDraw = true
92.89052499993704	EXP	Feedback: autoDraw = false
92.89052499993704	EXP	Feedback: autoDraw = false
92.89052499993704	EXP	text_3: autoDraw = true
97.11896999995224	EXP	text_3: autoDraw = false
97.11896999995224	EXP	text_3: autoDraw = false
97.11896999995224	EXP	text_2: autoDraw = true
97.11896999995224	EXP	text_2: text = 0
97.127994999988	EXP	text_2: text = 9
97.14352499996312	EXP	text_2: text = 25
97.15426499978639	EXP	text_2: text = 35
97.17029499984346	EXP	text_2: text = 52
97.17905499995686	EXP	text_2: text = 60
97.19451499986462	EXP	text_2: text = 76
97.20633999980055	EXP	text_2: text = 88
97.21732999989763	EXP	text_2: text = 98
97.23268999997526	EXP	text_2: text = 114
97.24117499985732	EXP	text_2: text = 122
97.2572949999012	EXP	text_2: text = 139
97.26695499988273	EXP	text_2: text = 148
97.28216499998234	EXP	text_2: text = 164
97.29351499979384	EXP	text_2: text = 173
97.30629500001669	EXP	text_2: text = 188
97.31674999999814	EXP	text_2: text = 198
97.33163499995135	EXP	text_2: text = 213
97.34277999983169	EXP	text_2: text = 224
97.3566999998875	EXP	text_2: text = 238
97.36602999991737	EXP	text_2: text = 247
97.38162499992177	EXP	text_2: text = 262
97.39203999983147	EXP	text_2: text = 272
97.40613000001758	EXP	text_2: text = 287
97.41839499981143	EXP	text_2: text = 298
97.43126499978825	EXP	text_2: text = 313
97.44130999990739	EXP	text_2: text = 323
97.45480499998666	DATA	Keydown:  
97.463354999898	EXP	text_2: text = 344
97.463354999898	EXP	text_2: autoDraw = false
97.463354999898	EXP	Feedback: text = 336
97.463354999898	EXP	Feedback: autoDraw = true
98.45481999986805	EXP	Feedback: autoDraw = false
98.45481999986805	EXP	Feedback: autoDraw = false
98.45481999986805	EXP	text_3: autoDraw = true
106.63455999991857	EXP	text_3: autoDraw = false
106.63455999991857	EXP	text_3: autoDraw = false
106.63455999991857	EXP	text_2: autoDraw = true
106.63455999991857	EXP	text_2: text = 0
106.65336499991827	EXP	text_2: text = 22
106.66278499993496	EXP	text_2: text = 31
106.6793549999129	EXP	text_2: text = 47
106.68959999992512	EXP	text_2: text = 58
106.69931999989785	EXP	text_2: text = 67
106.714154999936	EXP	text_2: text = 83
106.72429999988526	EXP	text_2: text = 93
106.73927999986336	EXP	text_2: text = 108
106.74986499990337	EXP	text_2: text = 118
106.7663149998989	EXP	text_2: text = 135
106.77595999999903	EXP	text_2: text = 143
106.79154499992728	EXP	text_2: text = 160
106.80192999984138	EXP	text_2: text = 171
106.81851999997161	EXP	text_2: text = 187
106.82823499990627	EXP	text_2: text = 197
106.84564499999397	EXP	text_2: text = 214
106.8556849998422	EXP	text_2: text = 224
106.87370999995619	EXP	text_2: text = 241
106.88237000000663	DATA	Keydown:  
106.8841099999845	EXP	text_2: text = 252
106.8841099999845	EXP	text_2: autoDraw = false
106.8841099999845	EXP	Feedback: text = 248
106.8841099999845	EXP	Feedback: autoDraw = true
107.87806499982253	EXP	Feedback: autoDraw = false
107.87806499982253	EXP	Feedback: autoDraw = false
107.87806499982253	EXP	text_3: autoDraw = true
116.00544500001706	EXP	text_3: autoDraw = false
116.00544500001706	EXP	text_3: autoDraw = false
116.00544500001706	EXP	text_2: autoDraw = true
116.00544500001706	EXP	text_2: text = 0
116.02174499980174	EXP	text_2: text = 18
116.03174499981105	EXP	text_2: text = 27
116.04888999997638	EXP	text_2: text = 45
116.05810499982908	EXP	text_2: text = 53
116.07444499991834	EXP	text_2: text = 70
116.08428999991156	EXP	text_2: text = 80
116.09504999988712	EXP	text_2: text = 90
116.10679499991238	EXP	text_2: text = 102
116.12384000001475	EXP	text_2: text = 119
116.13344000000507	EXP	text_2: text = 129
116.1502399998717	EXP	text_2: text = 145
116.15972999995574	EXP	text_2: text = 155
116.17012999998406	EXP	text_2: text = 165
116.18617499992251	EXP	text_2: text = 182
116.19549999991432	EXP	text_2: text = 191
116.20894999988377	EXP	text_2: text = 202
116.22284999978729	EXP	text_2: text = 219
116.23368499986827	EXP	text_2: text = 227
116.24866499984637	EXP	text_2: text = 244
116.26396999997087	EXP	text_2: text = 260
116.27309499983676	EXP	text_2: text = 268
116.28929999982938	EXP	text_2: text = 285
116.29813999985345	DATA	Keydown:  
116.2995949999895	EXP	text_2: text = 295
116.2995949999895	EXP	text_2: autoDraw = false
116.2995949999895	EXP	Feedback: text = 293
116.2995949999895	EXP	Feedback: autoDraw = true
117.29618499986827	EXP	Feedback: autoDraw = false
117.29618499986827	EXP	Feedback: autoDraw = false
117.29618499986827	EXP	text_3: autoDraw = true
122.19249999988824	EXP	text_3: autoDraw = false
122.19249999988824	EXP	text_3: autoDraw = false
122.19249999988824	EXP	text_2: autoDraw = true
122.19249999988824	EXP	text_2: text = 0
122.20743499998935	EXP	text_2: text = 16
122.22576499986462	EXP	text_2: text = 35
122.25044499989599	EXP	text_2: text = 59
122.26662999996915	EXP	text_2: text = 76
122.28073499980383	EXP	text_2: text = 88
122.30077999993227	EXP	text_2: text = 110
122.31693500000983	EXP	text_2: text = 126
122.33034999994561	EXP	text_2: text = 139
122.3591299999971	EXP	text_2: text = 168
122.36948499991558	EXP	text_2: text = 178
122.38563999999315	EXP	text_2: text = 195
122.39564999984577	EXP	text_2: text = 205
122.41222999989986	EXP	text_2: text = 221
122.42485499987379	EXP	text_2: text = 233
122.44282999983989	EXP	text_2: text = 252
122.45656999992207	DATA	Keydown:  
122.46028499980457	EXP	text_2: text = 267
122.46028499980457	EXP	text_2: autoDraw = false
122.46028499980457	EXP	Feedback: text = 264
122.46028499980457	EXP	Feedback: autoDraw = true
123.45630999980494	EXP	Feedback: autoDraw = false
123.45630999980494	EXP	Feedback: autoDraw = false
123.45630999980494	EXP	text_3: autoDraw = true
130.42585999984294	EXP	text_3: autoDraw = false
130.42585999984294	EXP	text_3: autoDraw = false
130.42585999984294	EXP	text_2: autoDraw = true
130.42585999984294	EXP	text_2: text = 0
130.43498999997973	EXP	text_2: text = 10
130.45254999981262	EXP	text_2: text = 28
130.46169999986887	EXP	text_2: text = 36
130.4772899998352	EXP	text_2: text = 52
130.49396499991417	EXP	text_2: text = 68
130.50361999985762	EXP	text_2: text = 78
130.517419999931	EXP	text_2: text = 93
130.52655999991111	EXP	text_2: text = 101
130.54467500001192	EXP	text_2: text = 120
130.55444499989972	EXP	text_2: text = 129
130.56814999994822	EXP	text_2: text = 143
130.5836549999658	EXP	text_2: text = 158
130.59541999991052	EXP	text_2: text = 170
130.60803999984637	EXP	text_2: text = 182
130.61971499980427	EXP	text_2: text = 195
130.6306949998252	EXP	text_2: text = 205
130.64463499980047	EXP	text_2: text = 220
130.65726499981247	EXP	text_2: text = 232
130.6687249999959	EXP	text_2: text = 244
130.67948499997146	EXP	text_2: text = 254
130.69347999989986	EXP	text_2: text = 268
130.7056099998299	EXP	text_2: text = 279
130.71367500000633	DATA	Keydown:  
130.71979000000283	EXP	text_2: text = 295
130.71979000000283	EXP	text_2: autoDraw = false
130.71979000000283	EXP	Feedback: text = 288
130.71979000000283	EXP	Feedback: autoDraw = true
131.7170599999372	EXP	Feedback: autoDraw = false
131.7170599999372	EXP	Feedback: autoDraw = false
131.7170599999372	EXP	text_3: autoDraw = true
138.5981399999	EXP	text_3: autoDraw = false
138.5981399999	EXP	text_3: autoDraw = false
138.5981399999	EXP	text_2: autoDraw = true
138.5981399999	EXP	text_2: text = 0
138.6129999998957	EXP	text_2: text = 16
138.62409499986097	EXP	text_2: text = 27
138.6426049999427	EXP	text_2: text = 46
138.65940499980934	EXP	text_2: text = 63
138.66991499997675	EXP	text_2: text = 73
138.68013999983668	EXP	text_2: text = 83
138.69397499994375	EXP	text_2: text = 97
138.70397999999113	EXP	text_2: text = 107
138.71533999987878	EXP	text_2: text = 118
138.731174999848	EXP	text_2: text = 134
138.74130499991588	EXP	text_2: text = 144
138.75705499993637	EXP	text_2: text = 159
138.76891999994405	EXP	text_2: text = 172
138.78085499978624	EXP	text_2: text = 184
138.79581499984488	EXP	text_2: text = 199
138.81225999980234	EXP	text_2: text = 215
138.82422499987297	EXP	text_2: text = 227
138.83996999985538	EXP	text_2: text = 243
138.84815999981947	EXP	text_2: text = 251
138.86363499984145	EXP	text_2: text = 267
138.87272999994457	EXP	text_2: text = 276
138.88972999993712	EXP	text_2: text = 293
138.8989799998235	EXP	text_2: text = 302
138.91393499984406	EXP	text_2: text = 317
138.9273549998179	DATA	Keydown:  
138.93072499986738	EXP	text_2: text = 333
138.93072499986738	EXP	text_2: autoDraw = false
138.93072499986738	EXP	Feedback: text = 329
138.93072499986738	EXP	Feedback: autoDraw = true
139.92321999999695	EXP	Feedback: autoDraw = false
139.92321999999695	EXP	Feedback: autoDraw = false
139.92321999999695	EXP	text_3: autoDraw = true
146.6060099999886	EXP	text_3: autoDraw = false
146.6060099999886	EXP	text_3: autoDraw = false
146.6060099999886	EXP	text_2: autoDraw = true
146.6060099999886	EXP	text_2: text = 0
146.622599999886	EXP	text_2: text = 17
146.63337499997579	EXP	text_2: text = 28
146.64410999999382	EXP	text_2: text = 38
146.6625899998471	EXP	text_2: text = 58
146.67945499997586	EXP	text_2: text = 74
146.68958999984898	EXP	text_2: text = 84
146.69939500000328	EXP	text_2: text = 94
146.71541999978945	EXP	text_2: text = 110
146.72442999994382	EXP	text_2: text = 119
146.74160999991	EXP	text_2: text = 136
146.75195999979042	EXP	text_2: text = 147
146.76227999990806	EXP	text_2: text = 157
146.77770500001498	EXP	text_2: text = 172
146.7877149998676	EXP	text_2: text = 182
146.80596999987029	EXP	text_2: text = 200
146.81586999981664	EXP	text_2: text = 210
146.8317499998957	EXP	text_2: text = 227
146.8421649998054	EXP	text_2: text = 237
146.85428499989212	EXP	text_2: text = 247
146.8657949999906	EXP	text_2: text = 260
146.88152999989688	EXP	text_2: text = 276
146.8908400000073	EXP	text_2: text = 286
146.90742499986663	EXP	text_2: text = 301
146.91687499987893	EXP	text_2: text = 312
146.93094499991275	EXP	text_2: text = 326
146.94052999978885	EXP	text_2: text = 335
146.95283999992535	DATA	Keydown:  
146.95647999993525	EXP	text_2: text = 351
146.95647999993525	EXP	text_2: autoDraw = false
146.95647999993525	EXP	Feedback: text = 347
146.95647999993525	EXP	Feedback: autoDraw = true
147.95502999983728	EXP	Feedback: autoDraw = false
147.95502999983728	EXP	Feedback: autoDraw = false
147.95502999983728	EXP	text_3: autoDraw = true
157.65631499979645	EXP	text_3: autoDraw = false
157.65631499979645	EXP	text_3: autoDraw = false
157.65631499979645	EXP	text_2: autoDraw = true
157.65631499979645	EXP	text_2: text = 0
157.6740199998021	EXP	text_2: text = 21
157.68867499986663	EXP	text_2: text = 35
157.70460499986075	EXP	text_2: text = 52
157.71461999998428	EXP	text_2: text = 62
157.72484999988228	EXP	text_2: text = 72
157.74142999993637	EXP	text_2: text = 89
157.75016999989748	EXP	text_2: text = 97
157.76590499980375	EXP	text_2: text = 113
157.7755650000181	EXP	text_2: text = 122
157.7895449998323	EXP	text_2: text = 136
157.79995499993674	EXP	text_2: text = 147
157.81656999979168	EXP	text_2: text = 164
157.82899499987252	EXP	text_2: text = 175
157.84143999987282	EXP	text_2: text = 188
157.85395499994047	EXP	text_2: text = 201
157.87015499989502	EXP	text_2: text = 214
157.88193999999203	EXP	text_2: text = 229
157.8953249999322	EXP	text_2: text = 243
157.90639499993995	EXP	text_2: text = 252
157.9205049998127	EXP	text_2: text = 267
157.93501499993727	EXP	text_2: text = 282
157.9484399999492	DATA	Keydown:  
157.95186999998987	EXP	text_2: text = 299
157.95186999998987	EXP	text_2: autoDraw = false
157.95186999998987	EXP	Feedback: text = 293
157.95186999998987	EXP	Feedback: autoDraw = true
158.94300500000827	EXP	Feedback: autoDraw = false
158.94300500000827	EXP	Feedback: autoDraw = false
158.94300500000827	EXP	text_3: autoDraw = true
163.23779499996454	EXP	text_3: autoDraw = false
163.23779499996454	EXP	text_3: autoDraw = false
163.23779499996454	EXP	text_2: autoDraw = true
163.23779499996454	EXP	text_2: text = 0
163.24787499988452	EXP	text_2: text = 10
163.26588999992236	EXP	text_2: text = 29
163.28016499988735	EXP	text_2: text = 43
163.30004499992356	EXP	text_2: text = 63
163.31174999987707	EXP	text_2: text = 74
163.32885499997064	EXP	text_2: text = 92
163.33966499986127	EXP	text_2: text = 103
163.35748000000603	EXP	text_2: text = 120
163.37001499999315	EXP	text_2: text = 132
163.38656000001356	EXP	text_2: text = 150
163.399609999964	EXP	text_2: text = 161
163.41983499983326	EXP	text_2: text = 183
163.4351299998816	EXP	text_2: text = 197
163.45401499979198	EXP	text_2: text = 216
163.46515999990515	EXP	text_2: text = 228
163.48300000000745	EXP	text_2: text = 246
163.4959399998188	EXP	text_2: text = 258
163.51789999986067	EXP	text_2: text = 281
163.53102999995463	EXP	text_2: text = 293
163.5458399998024	EXP	text_2: text = 309
163.55454499996267	EXP	text_2: text = 317
163.56749499985017	DATA	Keydown:  
163.57153499987908	EXP	text_2: text = 334
163.57153499987908	EXP	text_2: autoDraw = false
163.57153499987908	EXP	Feedback: text = 330
163.57153499987908	EXP	Feedback: autoDraw = true
164.57226499984972	EXP	Feedback: autoDraw = false
164.57226499984972	EXP	Feedback: autoDraw = false
164.57226499984972	EXP	text_3: autoDraw = true
167.4417099999264	EXP	text_3: autoDraw = false
167.4417099999264	EXP	text_3: autoDraw = false
167.4417099999264	EXP	text_2: autoDraw = true
167.4417099999264	EXP	text_2: text = 0
167.45603499980643	EXP	text_2: text = 16
167.4670099997893	EXP	text_2: text = 25
167.4802399999462	EXP	text_2: text = 40
167.48846999998204	EXP	text_2: text = 48
167.4990299998317	EXP	text_2: text = 59
167.52057499997318	EXP	text_2: text = 80
167.53203999996185	EXP	text_2: text = 92
167.542324999813	EXP	text_2: text = 102
167.5586449999828	EXP	text_2: text = 119
167.5674149999395	EXP	text_2: text = 127
167.58375499979593	EXP	text_2: text = 143
167.5946549999062	EXP	text_2: text = 154
167.60431499988772	EXP	text_2: text = 164
167.6196949998848	EXP	text_2: text = 179
167.62934999982826	EXP	text_2: text = 189
167.64451999985613	EXP	text_2: text = 205
167.6544649999123	EXP	text_2: text = 214
167.67201999993995	EXP	text_2: text = 232
167.68193500000052	EXP	text_2: text = 242
167.69839499983937	EXP	text_2: text = 259
167.7078249999322	EXP	text_2: text = 267
167.72272999980487	EXP	text_2: text = 283
167.73372499994002	EXP	text_2: text = 294
167.7440499998629	DATA	Keydown:  
167.7514899999369	EXP	text_2: text = 309
167.7514899999369	EXP	text_2: autoDraw = false
167.7514899999369	EXP	Feedback: text = 302
167.7514899999369	EXP	Feedback: autoDraw = true
168.75452499999665	EXP	Feedback: autoDraw = false
168.75452499999665	EXP	Feedback: autoDraw = false
168.75452499999665	EXP	text_3: autoDraw = true
176.00639999983832	EXP	text_3: autoDraw = false
176.00639999983832	EXP	text_3: autoDraw = false
176.00639999983832	EXP	text_2: autoDraw = true
176.00639999983832	EXP	text_2: text = 0
176.0176799998153	EXP	text_2: text = 13
176.0329999998212	EXP	text_2: text = 28
176.04317999980412	EXP	text_2: text = 38
176.05710999993607	EXP	text_2: text = 53
176.06600999995135	EXP	text_2: text = 61
176.08314999984577	EXP	text_2: text = 78
176.09327499987558	EXP	text_2: text = 89
176.1032399998512	EXP	text_2: text = 99
176.11907499982044	EXP	text_2: text = 114
176.12864999985322	EXP	text_2: text = 124
176.144864999922	EXP	text_2: text = 141
176.16127999988385	EXP	text_2: text = 157
176.17037499998696	EXP	text_2: text = 166
176.18733499990776	EXP	text_2: text = 181
176.19638499990106	EXP	text_2: text = 192
176.21062499983236	EXP	text_2: text = 206
176.21930499980226	EXP	text_2: text = 215
176.23562499997206	EXP	text_2: text = 231
176.24399499990977	DATA	Keydown:  
176.2458649999462	EXP	text_2: text = 241
176.2458649999462	EXP	text_2: autoDraw = false
176.2458649999462	EXP	Feedback: text = 238
176.2458649999462	EXP	Feedback: autoDraw = true
177.23634499986656	EXP	Feedback: autoDraw = false
177.23634499986656	EXP	Feedback: autoDraw = false
177.23634499986656	EXP	text_3: autoDraw = true
184.3079649999272	EXP	text_3: autoDraw = false
184.3079649999272	EXP	text_3: autoDraw = false
184.3079649999272	EXP	text_2: autoDraw = true
184.3079649999272	EXP	text_2: text = 0
184.3281549999956	EXP	text_2: text = 21
184.34165499988012	EXP	text_2: text = 33
184.35965499980375	EXP	text_2: text = 52
184.37028999999166	EXP	text_2: text = 63
184.38674499979243	EXP	text_2: text = 79
184.39729499979876	EXP	text_2: text = 90
184.40935499989428	EXP	text_2: text = 101
184.42506499984302	EXP	text_2: text = 118
184.43556999997236	EXP	text_2: text = 128
184.45296499994583	EXP	text_2: text = 146
184.46360499993898	EXP	text_2: text = 156
184.47941999998875	EXP	text_2: text = 172
184.48897499986924	EXP	text_2: text = 181
184.50532499980181	EXP	text_2: text = 198
184.51507999980822	EXP	text_2: text = 208
184.53243499994278	EXP	text_2: text = 224
184.54225499997847	EXP	text_2: text = 235
184.55299499980174	EXP	text_2: text = 245
184.57052999990992	EXP	text_2: text = 263
184.58010999998078	DATA	Keydown:  
184.5840549999848	EXP	text_2: text = 275
184.5840549999848	EXP	text_2: autoDraw = false
184.5840549999848	EXP	Feedback: text = 272
184.5840549999848	EXP	Feedback: autoDraw = true
185.57425499986857	EXP	Feedback: autoDraw = false
185.57425499986857	EXP	Feedback: autoDraw = false
185.57425499986857	EXP	text_3: autoDraw = true
189.24352499982342	EXP	text_3: autoDraw = false
189.24352499982342	EXP	text_3: autoDraw = false
189.24352499982342	EXP	text_2: autoDraw = true
189.24352499982342	EXP	text_2: text = 0
189.25261499988846	EXP	text_2: text = 9
189.26981500000693	EXP	text_2: text = 27
189.27869999990799	EXP	text_2: text = 35
189.2935399999842	EXP	text_2: text = 50
189.30941999983042	EXP	text_2: text = 66
189.31919999979436	EXP	text_2: text = 76
189.32938999985345	EXP	text_2: text = 86
189.34568999987096	EXP	text_2: text = 102
189.35485000000335	EXP	text_2: text = 111
189.3712649999652	EXP	text_2: text = 127
189.3813449998852	EXP	text_2: text = 138
189.39495999994688	EXP	text_2: text = 152
189.40392499999143	EXP	text_2: text = 160
189.4192299998831	EXP	text_2: text = 175
189.43070499994792	EXP	text_2: text = 186
189.44805999984965	EXP	text_2: text = 204
189.4593449998647	EXP	text_2: text = 216
189.4707449998241	EXP	text_2: text = 226
189.48887999984436	EXP	text_2: text = 245
189.504639999941	EXP	text_2: text = 260
189.51493999990635	EXP	text_2: text = 271
189.52892999979667	EXP	text_2: text = 286
189.54599000001326	EXP	text_2: text = 302
189.56225999980234	EXP	text_2: text = 318
189.57542499992996	EXP	text_2: text = 332
189.58790499996394	EXP	text_2: text = 345
189.59849000000395	EXP	text_2: text = 355
189.6145049999468	EXP	text_2: text = 371
189.62503499980085	EXP	text_2: text = 381
189.63532999996096	EXP	text_2: text = 391
189.65197999984957	EXP	text_2: text = 408
189.66344999987632	EXP	text_2: text = 419
189.70225999993272	EXP	text_2: text = 459
189.7148299999535	EXP	text_2: text = 471
189.7302399999462	EXP	text_2: text = 487
189.73895999998786	DATA	Keydown:  
189.74757999996655	EXP	text_2: text = 502
189.74757999996655	EXP	text_2: autoDraw = false
189.74757999996655	EXP	Feedback: text = 496
189.74757999996655	EXP	Feedback: autoDraw = true
190.7468799999915	EXP	Feedback: autoDraw = false
190.7468799999915	EXP	Feedback: autoDraw = false
190.7468799999915	EXP	text_3: autoDraw = true
196.63033999991603	EXP	text_3: autoDraw = false
196.63033999991603	EXP	text_3: autoDraw = false
196.63033999991603	EXP	text_2: autoDraw = true
196.63033999991603	EXP	text_2: text = 0
196.64521999983117	EXP	text_2: text = 16
196.66215499979444	EXP	text_2: text = 33
196.67141999979503	EXP	text_2: text = 42
196.68653499986976	EXP	text_2: text = 58
196.6968249999918	EXP	text_2: text = 66
196.7120799999684	EXP	text_2: text = 83
196.72063499991782	EXP	text_2: text = 91
196.7319149998948	EXP	text_2: text = 102
196.74296999978833	EXP	text_2: text = 114
196.75934499991126	EXP	text_2: text = 130
196.7697399999015	EXP	text_2: text = 140
196.784689999884	EXP	text_2: text = 156
196.79411999997683	EXP	text_2: text = 165
196.81064999988303	EXP	text_2: text = 182
196.82218499993905	EXP	text_2: text = 193
196.8386649999302	EXP	text_2: text = 210
196.84760999982245	EXP	text_2: text = 218
196.86398999998346	EXP	text_2: text = 235
196.87372499983758	EXP	text_2: text = 244
196.8905350000132	EXP	text_2: text = 261
196.8996150000021	EXP	text_2: text = 270
196.91486499994062	EXP	text_2: text = 286
196.92453999980353	EXP	text_2: text = 295
196.93608999997377	DATA	Keydown:  
196.93985500000417	EXP	text_2: text = 310
196.93985500000417	EXP	text_2: autoDraw = false
196.93985500000417	EXP	Feedback: text = 306
196.93985500000417	EXP	Feedback: autoDraw = true
197.931660000002	EXP	Feedback: autoDraw = false
197.931660000002	EXP	Feedback: autoDraw = false
197.931660000002	EXP	text_3: autoDraw = true
201.03768999991007	EXP	text_3: autoDraw = false
201.03768999991007	EXP	text_3: autoDraw = false
201.03768999991007	EXP	text_2: autoDraw = true
201.03768999991007	EXP	text_2: text = 0
201.05048999981955	EXP	text_2: text = 13
201.06855999981053	EXP	text_2: text = 33
201.0881250000093	EXP	text_2: text = 52
201.099784999853	EXP	text_2: text = 64
201.11011000000872	EXP	text_2: text = 74
201.12015499989502	EXP	text_2: text = 84
201.13748499983922	EXP	text_2: text = 101
201.14512000000104	EXP	text_2: text = 109
201.16307999985293	EXP	text_2: text = 127
201.17240499984473	EXP	text_2: text = 136
201.1891749999486	EXP	text_2: text = 152
201.1992699999828	EXP	text_2: text = 163
201.21059499983676	EXP	text_2: text = 174
201.22324500000104	EXP	text_2: text = 187
201.23902999982238	EXP	text_2: text = 203
201.2482799999416	EXP	text_2: text = 212
201.26027999981306	EXP	text_2: text = 223
201.27105999994092	EXP	text_2: text = 234
201.28303999989294	DATA	Keydown:  
201.2887899999041	EXP	text_2: text = 253
201.2887899999041	EXP	text_2: autoDraw = false
201.2887899999041	EXP	Feedback: text = 245
201.2887899999041	EXP	Feedback: autoDraw = true
202.28807499981485	EXP	Feedback: autoDraw = false
202.28807499981485	EXP	Feedback: autoDraw = false
202.28807499981485	EXP	text_3: autoDraw = true
204.69740499998443	EXP	text_3: autoDraw = false
204.69740499998443	EXP	text_3: autoDraw = false
204.69740499998443	EXP	text_2: autoDraw = true
204.69740499998443	EXP	text_2: text = 0
204.70617499994114	EXP	text_2: text = 9
204.72153499978594	EXP	text_2: text = 24
204.73366499994881	EXP	text_2: text = 36
204.7433149998542	EXP	text_2: text = 46
204.75841000000946	EXP	text_2: text = 61
204.7696799999103	EXP	text_2: text = 72
204.78624499985017	EXP	text_2: text = 89
204.79575499985367	EXP	text_2: text = 98
204.80703999986872	EXP	text_2: text = 109
204.82648999989033	EXP	text_2: text = 129
204.83727000001818	EXP	text_2: text = 140
204.85430499981157	EXP	text_2: text = 157
204.8652449999936	EXP	text_2: text = 168
204.88177999993786	EXP	text_2: text = 184
204.8928949998226	EXP	text_2: text = 195
204.9031149998773	EXP	text_2: text = 205
204.91736499988474	EXP	text_2: text = 220
204.92768999980763	EXP	text_2: text = 230
204.93826500000432	EXP	text_2: text = 241
204.95506999990903	EXP	text_2: text = 258
204.96422500000335	EXP	text_2: text = 266
204.97675999999046	DATA	Keydown:  
204.98037999984808	EXP	text_2: text = 283
204.98037999984808	EXP	text_2: autoDraw = false
204.98037999984808	EXP	Feedback: text = 279
204.98037999984808	EXP	Feedback: autoDraw = true
205.97614499996416	EXP	Feedback: autoDraw = false
205.97614499996416	EXP	Feedback: autoDraw = false
205.97614499996416	EXP	text_3: autoDraw = true
212.30390499997884	EXP	text_3: autoDraw = false
212.30390499997884	EXP	text_3: autoDraw = false
212.30390499997884	EXP	text_2: autoDraw = true
212.30390499997884	EXP	text_2: text = 0
212.31631499994546	EXP	text_2: text = 14
212.32882499997504	EXP	text_2: text = 26
212.33944000001065	EXP	text_2: text = 37
212.35604999982752	EXP	text_2: text = 54
212.3648749999702	EXP	text_2: text = 62
212.3806249999907	EXP	text_2: text = 78
212.390269999858	EXP	text_2: text = 87
212.40382999996655	EXP	text_2: text = 101
212.41649500001222	EXP	text_2: text = 113
212.43189499992877	EXP	text_2: text = 130
212.4407849998679	EXP	text_2: text = 138
212.45424999995157	EXP	text_2: text = 151
212.46797499991953	EXP	text_2: text = 166
212.47897499985993	EXP	text_2: text = 174
212.49361499981023	EXP	text_2: text = 191
212.5028099999763	EXP	text_2: text = 200
212.5139649999328	EXP	text_2: text = 211
212.529694999801	EXP	text_2: text = 227
212.5389599998016	EXP	text_2: text = 236
212.5550649999641	EXP	text_2: text = 253
212.570134999929	EXP	text_2: text = 268
212.5800549997948	EXP	text_2: text = 277
212.60074499994516	EXP	text_2: text = 298
212.6103999998886	EXP	text_2: text = 306
212.62851999979466	EXP	text_2: text = 326
212.63506000000052	DATA	Keydown:  
212.63918499997817	EXP	text_2: text = 334
212.63918499997817	EXP	text_2: autoDraw = false
212.63918499997817	EXP	Feedback: text = 331
212.63918499997817	EXP	Feedback: autoDraw = true
213.62746499991044	EXP	Feedback: autoDraw = false
213.62746499991044	EXP	Feedback: autoDraw = false
213.62746499991044	EXP	text_3: autoDraw = true
221.18137499992736	EXP	text_3: autoDraw = false
221.18137499992736	EXP	text_3: autoDraw = false
221.18137499992736	EXP	text_2: autoDraw = true
221.18137499992736	EXP	text_2: text = 0
221.18998999986798	EXP	text_2: text = 9
221.2063499998767	EXP	text_2: text = 26
221.2156149998773	EXP	text_2: text = 35
221.23120999988168	EXP	text_2: text = 51
221.24118999997154	EXP	text_2: text = 60
221.25864499993622	EXP	text_2: text = 78
221.2695249998942	EXP	text_2: text = 88
221.28486999985762	EXP	text_2: text = 104
221.29686999996193	EXP	text_2: text = 113
221.31300999992527	EXP	text_2: text = 132
221.32251999992877	EXP	text_2: text = 141
221.34012999990955	EXP	text_2: text = 160
221.3491249999497	EXP	text_2: text = 168
221.36456999997608	EXP	text_2: text = 183
221.3746899999678	EXP	text_2: text = 194
221.38919499982148	EXP	text_2: text = 209
221.3982899999246	EXP	text_2: text = 217
221.41507499990985	EXP	text_2: text = 234
221.42433999991044	EXP	text_2: text = 243
221.43465999979526	EXP	text_2: text = 253
221.45022999984212	EXP	text_2: text = 269
221.45976999984123	EXP	text_2: text = 279
221.47065499983728	EXP	text_2: text = 289
221.48200999991968	EXP	text_2: text = 301
221.49896999984048	EXP	text_2: text = 318
221.5084649999626	EXP	text_2: text = 327
221.52373999985866	DATA	Keydown:  
221.5261949999258	EXP	text_2: text = 344
221.5261949999258	EXP	text_2: autoDraw = false
221.5261949999258	EXP	Feedback: text = 342
221.5261949999258	EXP	Feedback: autoDraw = true
222.5179899998475	EXP	Feedback: autoDraw = false
222.5179899998475	EXP	Feedback: autoDraw = false
222.5179899998475	EXP	text_3: autoDraw = true
227.34506999980658	EXP	text_3: autoDraw = false
227.34506999980658	EXP	text_3: autoDraw = false
227.34506999980658	EXP	text_2: autoDraw = true
227.34506999980658	EXP	text_2: text = 0
227.36143999989145	EXP	text_2: text = 19
227.37151999981143	EXP	text_2: text = 29
227.38844499993138	EXP	text_2: text = 46
227.39746499992907	EXP	text_2: text = 54
227.41356999985874	EXP	text_2: text = 71
227.4228399998974	EXP	text_2: text = 80
227.44201999995857	EXP	text_2: text = 99
227.45055499998853	EXP	text_2: text = 107
227.46655999985524	EXP	text_2: text = 124
227.48267999989912	EXP	text_2: text = 139
227.49275500001386	EXP	text_2: text = 150
227.50258499989286	EXP	text_2: text = 159
227.517419999931	EXP	text_2: text = 175
227.52821999997832	EXP	text_2: text = 185
227.54487999994308	EXP	text_2: text = 202
227.55406499980018	EXP	text_2: text = 211
227.56950999982655	EXP	text_2: text = 227
227.5803349998314	EXP	text_2: text = 236
227.59444499993697	EXP	text_2: text = 252
227.60394499986432	EXP	text_2: text = 261
227.6209699998144	EXP	text_2: text = 277
227.62889499985613	DATA	Keydown:  
227.63156999996863	EXP	text_2: text = 288
227.63156999996863	EXP	text_2: autoDraw = false
227.63156999996863	EXP	Feedback: text = 284
227.63156999996863	EXP	Feedback: autoDraw = true
228.6213399998378	EXP	Feedback: autoDraw = false
228.6213399998378	EXP	Feedback: autoDraw = false
228.6213399998378	EXP	text_3: autoDraw = true
234.57328999997117	EXP	text_3: autoDraw = false
234.57328999997117	EXP	text_3: autoDraw = false
234.57328999997117	EXP	text_2: autoDraw = true
234.57328999997117	EXP	text_2: text = 0
234.58225999982096	EXP	text_2: text = 10
234.59917499986477	EXP	text_2: text = 27
234.60838499991223	EXP	text_2: text = 36
234.62380499998108	EXP	text_2: text = 52
234.6342749998439	EXP	text_2: text = 60
234.64883499988355	EXP	text_2: text = 77
234.6586299999617	EXP	text_2: text = 86
234.6748099999968	EXP	text_2: text = 102
234.68634000001475	EXP	text_2: text = 114
234.69594000000507	EXP	text_2: text = 123
234.71221999987029	EXP	text_2: text = 140
234.72159500000998	EXP	text_2: text = 149
234.73739499994554	EXP	text_2: text = 165
234.74753499985673	EXP	text_2: text = 175
234.76050999993458	EXP	text_2: text = 188
234.77000499982387	EXP	text_2: text = 198
234.78701499989256	EXP	text_2: text = 215
234.79643999994732	EXP	text_2: text = 224
234.8118049998302	EXP	text_2: text = 240
234.8237449999433	EXP	text_2: text = 251
234.8385699999053	EXP	text_2: text = 267
234.84661999996752	DATA	Keydown:  
234.85042499983683	EXP	text_2: text = 276
234.85042499983683	EXP	text_2: autoDraw = false
234.85042499983683	EXP	Feedback: text = 273
234.85042499983683	EXP	Feedback: autoDraw = true
235.8380950000137	EXP	Feedback: autoDraw = false
235.8380950000137	EXP	Feedback: autoDraw = false
235.8380950000137	EXP	text_3: autoDraw = true
245.10027999989688	EXP	text_3: autoDraw = false
245.10027999989688	EXP	text_3: autoDraw = false
245.10027999989688	EXP	text_2: autoDraw = true
245.10027999989688	EXP	text_2: text = 0
245.11029499978758	EXP	text_2: text = 12
245.12674500001594	EXP	text_2: text = 28
245.14047499978915	EXP	text_2: text = 43
245.1535900000017	EXP	text_2: text = 54
245.16640499979258	EXP	text_2: text = 67
245.18137499992736	EXP	text_2: text = 84
245.19011499988846	EXP	text_2: text = 92
245.20245499978773	EXP	text_2: text = 104
245.2179799999576	EXP	text_2: text = 120
245.22714999993332	EXP	text_2: text = 129
245.24350999994203	EXP	text_2: text = 146
245.25363499997184	EXP	text_2: text = 156
245.26452500000596	EXP	text_2: text = 166
245.28013499989174	EXP	text_2: text = 182
245.2907000000123	EXP	text_2: text = 192
245.3049999999348	EXP	text_2: text = 206
245.3152799999807	EXP	text_2: text = 217
245.32977499999106	EXP	text_2: text = 232
245.34039499983191	EXP	text_2: text = 240
245.35097499983385	DATA	Keydown:  
245.35521999979392	EXP	text_2: text = 257
245.35521999979392	EXP	text_2: autoDraw = false
245.35521999979392	EXP	Feedback: text = 251
245.35521999979392	EXP	Feedback: autoDraw = true
246.35336999990977	EXP	Feedback: autoDraw = false
246.35336999990977	EXP	Feedback: autoDraw = false
246.35336999990977	EXP	text_3: autoDraw = true
252.76869999989867	EXP	text_3: autoDraw = false
252.76869999989867	EXP	text_3: autoDraw = false
252.76869999989867	EXP	text_2: autoDraw = true
252.76869999989867	EXP	text_2: text = 0
252.77893999987282	EXP	text_2: text = 11
252.7889449999202	EXP	text_2: text = 21
252.80553000001237	EXP	text_2: text = 38
252.8183049999643	EXP	text_2: text = 49
252.83271999983117	EXP	text_2: text = 65
252.8427949999459	EXP	text_2: text = 75
252.85334499995224	EXP	text_2: text = 85
252.86847999994643	EXP	text_2: text = 100
252.8839099998586	EXP	text_2: text = 117
252.89545499999076	EXP	text_2: text = 127
252.91006499994546	EXP	text_2: text = 143
252.9189199998509	EXP	text_2: text = 151
252.93372999993153	EXP	text_2: text = 166
252.94987499993294	EXP	text_2: text = 182
252.96451499988325	EXP	text_2: text = 197
252.97815999994054	EXP	text_2: text = 210
252.98846499994397	EXP	text_2: text = 221
252.9993649998214	EXP	text_2: text = 232
253.00922499992885	DATA	Keydown:  
253.01925499993376	EXP	text_2: text = 250
253.01925499993376	EXP	text_2: autoDraw = false
253.01925499993376	EXP	Feedback: text = 241
253.01925499993376	EXP	Feedback: autoDraw = true
254.01946999994107	EXP	Feedback: autoDraw = false
254.01946999994107	EXP	Feedback: autoDraw = false
254.01946999994107	EXP	text_3: autoDraw = true
258.4428149999585	EXP	text_3: autoDraw = false
258.4428149999585	EXP	text_3: autoDraw = false
258.4428149999585	EXP	text_2: autoDraw = true
258.4428149999585	EXP	text_2: text = 0
258.45514500001445	EXP	text_2: text = 15
258.46366999996826	EXP	text_2: text = 22
258.48099999991246	EXP	text_2: text = 41
258.49264499987476	EXP	text_2: text = 51
258.5074499999173	EXP	text_2: text = 67
258.51647499995306	EXP	text_2: text = 76
258.53231499996036	EXP	text_2: text = 92
258.5414449998643	EXP	text_2: text = 101
258.55641999980435	EXP	text_2: text = 116
258.56797500001267	EXP	text_2: text = 127
258.58003499987535	EXP	text_2: text = 140
258.5949299999047	EXP	text_2: text = 155
258.6044749999419	EXP	text_2: text = 164
258.62027499987744	EXP	text_2: text = 180
258.63612999999896	EXP	text_2: text = 195
258.6465949998237	EXP	text_2: text = 206
258.6559249998536	EXP	text_2: text = 215
258.67050999985076	EXP	text_2: text = 230
258.6804799998645	EXP	text_2: text = 240
258.6957899997942	EXP	text_2: text = 256
258.71031999983825	DATA	Keydown:  
258.7128649998922	EXP	text_2: text = 272
258.7128649998922	EXP	text_2: autoDraw = false
258.7128649998922	EXP	Feedback: text = 268
258.7128649998922	EXP	Feedback: autoDraw = true
259.7053849999793	EXP	Feedback: autoDraw = false
259.7053849999793	EXP	Feedback: autoDraw = false
259.7053849999793	EXP	text_3: autoDraw = true
268.0936099998653	EXP	text_3: autoDraw = false
268.0936099998653	EXP	text_3: autoDraw = false
268.0936099998653	EXP	text_2: autoDraw = true
268.0936099998653	EXP	text_2: text = 0
268.1020899999421	EXP	text_2: text = 10
268.1161499998998	EXP	text_2: text = 25
268.1251799999736	EXP	text_2: text = 33
268.1406349998433	EXP	text_2: text = 49
268.14959999988787	EXP	text_2: text = 58
268.16563999978825	EXP	text_2: text = 74
268.1759899999015	EXP	text_2: text = 83
268.1899749999866	EXP	text_2: text = 98
268.20024499995634	EXP	text_2: text = 108
268.21512999990955	EXP	text_2: text = 123
268.2249849999789	EXP	text_2: text = 133
268.24143499997444	EXP	text_2: text = 150
268.2499799998477	EXP	text_2: text = 158
268.26583499996923	EXP	text_2: text = 174
268.2751199998893	EXP	text_2: text = 183
268.29025999992155	EXP	text_2: text = 199
268.30015499982983	EXP	text_2: text = 207
268.3154050000012	EXP	text_2: text = 224
268.32465499988757	EXP	text_2: text = 233
268.33974500000477	EXP	text_2: text = 248
268.3483749998268	DATA	Keydown:  
268.35165499988943	EXP	text_2: text = 259
268.35165499988943	EXP	text_2: autoDraw = false
268.35165499988943	EXP	Feedback: text = 255
268.35165499988943	EXP	Feedback: autoDraw = true
269.3481599998195	EXP	Feedback: autoDraw = false
269.3481599998195	EXP	Feedback: autoDraw = false
269.3481599998195	EXP	text_3: autoDraw = true
272.04540499998257	EXP	text_3: autoDraw = false
272.04540499998257	EXP	text_3: autoDraw = false
272.04540499998257	EXP	text_2: autoDraw = true
272.04540499998257	EXP	text_2: text = 0
272.05767000000924	EXP	text_2: text = 13
272.07403999986127	EXP	text_2: text = 30
272.08338500000536	EXP	text_2: text = 38
272.09824500000104	EXP	text_2: text = 54
272.10814999998547	EXP	text_2: text = 63
272.12595999985933	EXP	text_2: text = 81
272.1401299999561	EXP	text_2: text = 96
272.14973999978974	EXP	text_2: text = 105
272.16979499999434	EXP	text_2: text = 125
272.1793249999173	EXP	text_2: text = 135
272.1925349999219	EXP	text_2: text = 148
272.20135999983177	EXP	text_2: text = 156
272.21759999985807	EXP	text_2: text = 172
272.2271549999714	EXP	text_2: text = 183
272.2371399998665	EXP	text_2: text = 192
272.25376499979757	EXP	text_2: text = 209
272.2628750000149	EXP	text_2: text = 218
272.27948999986984	EXP	text_2: text = 234
272.2898099999875	EXP	text_2: text = 245
272.2998249998782	EXP	text_2: text = 254
272.31414999999106	EXP	text_2: text = 270
272.3237899998203	EXP	text_2: text = 279
272.33490999997593	EXP	text_2: text = 290
272.3466049998533	EXP	text_2: text = 302
272.3638749998063	EXP	text_2: text = 319
272.3738949999679	EXP	text_2: text = 329
272.38993999990635	EXP	text_2: text = 344
272.40076999994926	EXP	text_2: text = 356
272.4103199997917	EXP	text_2: text = 365
272.4266799998004	EXP	text_2: text = 381
272.43591000000015	EXP	text_2: text = 391
272.451674999902	EXP	text_2: text = 407
272.46327499998733	EXP	text_2: text = 417
272.47188999992795	DATA	Keydown:  
272.47469999990426	EXP	text_2: text = 429
272.47469999990426	EXP	text_2: autoDraw = false
272.47469999990426	EXP	Feedback: text = 427
272.47469999990426	EXP	Feedback: autoDraw = true
273.4672549997922	EXP	Feedback: autoDraw = false
273.4672549997922	EXP	Feedback: autoDraw = false
273.4672549997922	EXP	text_3: autoDraw = true
277.7903099998366	EXP	text_3: autoDraw = false
277.7903099998366	EXP	text_3: autoDraw = false
277.7903099998366	EXP	text_2: autoDraw = true
277.7903099998366	EXP	text_2: text = 0
277.80520499986596	EXP	text_2: text = 15
277.81792999990284	EXP	text_2: text = 28
277.83527999999933	EXP	text_2: text = 46
277.8465999998152	EXP	text_2: text = 56
277.86521999980323	EXP	text_2: text = 75
277.88292999984697	EXP	text_2: text = 92
277.8971249999013	EXP	text_2: text = 106
277.91399999987334	EXP	text_2: text = 124
277.9263899999205	EXP	text_2: text = 135
277.94198999996297	EXP	text_2: text = 152
277.95979999983683	EXP	text_2: text = 169
277.9708999998402	EXP	text_2: text = 180
277.9874599999748	EXP	text_2: text = 198
277.9978300000075	EXP	text_2: text = 208
278.0147649999708	EXP	text_2: text = 225
278.0256399998907	EXP	text_2: text = 235
278.0437549999915	EXP	text_2: text = 254
278.0533849999774	DATA	Keydown:  
278.056999999797	EXP	text_2: text = 264
278.056999999797	EXP	text_2: autoDraw = false
278.056999999797	EXP	Feedback: text = 263
278.056999999797	EXP	Feedback: autoDraw = true
279.05560999992304	EXP	Feedback: autoDraw = false
279.05560999992304	EXP	Feedback: autoDraw = false
279.05560999992304	EXP	text_3: autoDraw = true
282.011029999936	DATA	Keydown:  
285.02237499994226	EXP	text_3: autoDraw = false
285.02237499994226	EXP	text_3: autoDraw = false
285.02237499994226	EXP	text_2: autoDraw = true
285.02237499994226	EXP	text_2: text = 0
285.03426999994554	EXP	text_2: text = 11
285.04890499985777	EXP	text_2: text = 27
285.05866499990225	EXP	text_2: text = 37
285.07555999979377	EXP	text_2: text = 54
285.08608499984257	EXP	text_2: text = 64
285.10498999990523	EXP	text_2: text = 83
285.1142699997872	EXP	text_2: text = 92
285.13108999980614	EXP	text_2: text = 109
285.1419299999252	EXP	text_2: text = 120
285.17204999993555	EXP	text_2: text = 150
285.18117499980144	EXP	text_2: text = 159
285.19692999986	EXP	text_2: text = 175
285.2086199999321	EXP	text_2: text = 187
285.2251199998427	EXP	text_2: text = 203
285.23671499988995	EXP	text_2: text = 212
285.24662499991246	EXP	text_2: text = 225
285.26786999986507	EXP	text_2: text = 246
285.28509999997914	EXP	text_2: text = 264
285.29418999981135	EXP	text_2: text = 272
285.30584999988787	EXP	text_2: text = 283
285.3251149998978	EXP	text_2: text = 303
285.3368349999655	EXP	text_2: text = 315
285.3533799999859	EXP	text_2: text = 332
285.3617899999954	DATA	Keydown:  
285.363464999944	EXP	text_2: text = 341
285.363464999944	EXP	text_2: autoDraw = false
285.363464999944	EXP	Feedback: text = 339
285.363464999944	EXP	Feedback: autoDraw = true
286.3555599998217	EXP	Feedback: autoDraw = false
286.3555599998217	EXP	Feedback: autoDraw = false
286.3555599998217	EXP	text_3: autoDraw = true
291.2899749998469	EXP	text_3: autoDraw = false
291.2899749998469	EXP	text_3: autoDraw = false
291.2899749998469	EXP	text_2: autoDraw = true
291.2899749998469	EXP	text_2: text = 0
291.29941500001587	EXP	text_2: text = 10
291.31015499983914	EXP	text_2: text = 20
291.32765499991365	EXP	text_2: text = 38
291.33979499991983	EXP	text_2: text = 50
291.3553349999711	EXP	text_2: text = 66
291.36436000000685	EXP	text_2: text = 75
291.3796049999073	EXP	text_2: text = 90
291.3897799998522	EXP	text_2: text = 100
291.4047449999489	EXP	text_2: text = 115
291.4156149998307	EXP	text_2: text = 125
291.4297249999363	EXP	text_2: text = 140
291.4388199998066	EXP	text_2: text = 149
291.4541999998037	EXP	text_2: text = 165
291.46997999981977	EXP	text_2: text = 180
291.4802199997939	EXP	text_2: text = 190
291.4906299998984	EXP	text_2: text = 200
291.5051649999805	EXP	text_2: text = 216
291.5151499998756	EXP	text_2: text = 225
291.5256399998907	EXP	text_2: text = 236
291.5426349998452	EXP	text_2: text = 253
291.55197999998927	EXP	text_2: text = 262
291.56909499992616	EXP	text_2: text = 280
291.57812999980524	EXP	text_2: text = 288
291.5950099998154	EXP	text_2: text = 305
291.6051349998452	EXP	text_2: text = 315
291.61576999980025	EXP	text_2: text = 326
291.6321899998002	EXP	text_2: text = 343
291.6409299999941	EXP	text_2: text = 351
291.6519299999345	DATA	Keydown:  
291.659794999985	EXP	text_2: text = 369
291.659794999985	EXP	text_2: autoDraw = false
291.659794999985	EXP	Feedback: text = 362
291.659794999985	EXP	Feedback: autoDraw = true
292.6554199999664	EXP	Feedback: autoDraw = false
292.6554199999664	EXP	Feedback: autoDraw = false
292.6554199999664	EXP	text_3: autoDraw = true
298.50338999996893	EXP	text_3: autoDraw = false
298.50338999996893	EXP	text_3: autoDraw = false
298.50338999996893	EXP	text_2: autoDraw = true
298.50338999996893	EXP	text_2: text = 0
298.51223499979824	EXP	text_2: text = 9
298.52728999988176	EXP	text_2: text = 24
298.5371799999848	EXP	text_2: text = 33
298.5501149999909	EXP	text_2: text = 47
298.5623249998316	EXP	text_2: text = 59
298.5757299999241	EXP	text_2: text = 73
298.5856949998997	EXP	text_2: text = 82
298.59979499992914	EXP	text_2: text = 96
298.6137349999044	EXP	text_2: text = 110
298.6245349999517	EXP	text_2: text = 121
298.63838999997824	EXP	text_2: text = 135
298.6470949999057	EXP	text_2: text = 144
298.6630549998954	EXP	text_2: text = 160
298.67196999979205	EXP	text_2: text = 169
298.6871699998155	EXP	text_2: text = 184
298.6960999998264	EXP	text_2: text = 193
298.7118149998132	EXP	text_2: text = 209
298.7222499998752	EXP	text_2: text = 219
298.7390099999029	EXP	text_2: text = 235
298.74971499992535	EXP	text_2: text = 246
298.7593699998688	EXP	text_2: text = 255
298.77374499989673	EXP	text_2: text = 271
298.78440499980934	EXP	text_2: text = 281
298.7953649999108	EXP	text_2: text = 292
298.8112849998288	EXP	text_2: text = 307
298.82345999986865	EXP	text_2: text = 320
298.8417950000148	EXP	text_2: text = 339
298.8521999998484	DATA	Keydown:  
298.85838499991223	EXP	text_2: text = 355
298.85838499991223	EXP	text_2: autoDraw = false
298.85838499991223	EXP	Feedback: text = 349
298.85838499991223	EXP	Feedback: autoDraw = true
299.860814999789	EXP	Feedback: autoDraw = false
299.860814999789	EXP	Feedback: autoDraw = false
299.860814999789	EXP	text_3: autoDraw = true
306.1832999999169	EXP	text_3: autoDraw = false
306.1832999999169	EXP	text_3: autoDraw = false
306.1832999999169	EXP	text_2: autoDraw = true
306.1832999999169	EXP	text_2: text = 0
306.19224999984726	EXP	text_2: text = 10
306.2078299999703	EXP	text_2: text = 26
306.217399999965	EXP	text_2: text = 35
306.23405999992974	EXP	text_2: text = 52
306.2434249999933	EXP	text_2: text = 60
306.259179999819	EXP	text_2: text = 77
306.2683749999851	EXP	text_2: text = 86
306.283739999868	EXP	text_2: text = 102
306.29423999995925	EXP	text_2: text = 111
306.3107299997937	EXP	text_2: text = 129
306.3202249999158	EXP	text_2: text = 137
306.33591999998316	EXP	text_2: text = 154
306.345144999912	EXP	text_2: text = 162
306.35621499991976	EXP	text_2: text = 173
306.37260999996215	EXP	text_2: text = 190
306.38207499985583	EXP	text_2: text = 199
306.3978749997914	EXP	text_2: text = 216
306.40744999982417	EXP	text_2: text = 225
306.4186799998861	EXP	text_2: text = 236
306.43708999990486	EXP	text_2: text = 255
306.4480399999302	EXP	text_2: text = 265
306.46355999982916	EXP	text_2: text = 281
306.4725249998737	EXP	text_2: text = 290
306.4877349999733	EXP	text_2: text = 305
306.4962700000033	EXP	text_2: text = 313
306.50638499995694	EXP	text_2: text = 324
306.5266399998218	EXP	text_2: text = 344
306.53687999979593	EXP	text_2: text = 354
306.5586849998217	EXP	text_2: text = 375
306.56895999982953	EXP	text_2: text = 386
306.5880449998658	DATA	Keydown:  
306.5892299998086	EXP	text_2: text = 407
306.5892299998086	EXP	text_2: autoDraw = false
306.5892299998086	EXP	Feedback: text = 405
306.5892299998086	EXP	Feedback: autoDraw = true
307.61409499985166	EXP	Feedback: autoDraw = false
307.61409499985166	EXP	Feedback: autoDraw = false
307.61409499985166	EXP	text_3: autoDraw = true
316.9064499998931	EXP	text_3: autoDraw = false
316.9064499998931	EXP	text_3: autoDraw = false
316.9064499998931	EXP	text_2: autoDraw = true
316.9064499998931	EXP	text_2: text = 0
316.92186499992386	EXP	text_2: text = 16
316.9329099999741	EXP	text_2: text = 27
316.9475149998907	EXP	text_2: text = 42
316.95722999982536	EXP	text_2: text = 51
316.97312999982387	EXP	text_2: text = 68
316.982224999927	EXP	text_2: text = 76
316.99749999982305	EXP	text_2: text = 92
317.0096299999859	EXP	text_2: text = 103
317.02527999994345	EXP	text_2: text = 120
317.0411149999127	EXP	text_2: text = 135
317.0514249999542	EXP	text_2: text = 146
317.06231999979354	EXP	text_2: text = 156
317.0803249999881	EXP	text_2: text = 175
317.09730499982834	EXP	text_2: text = 192
317.1066850000061	EXP	text_2: text = 201
317.1204199998174	EXP	text_2: text = 215
317.13218499999493	EXP	text_2: text = 225
317.1484449999407	EXP	text_2: text = 243
317.16044499981217	EXP	text_2: text = 253
317.1762499997858	EXP	text_2: text = 271
317.1852399997879	EXP	text_2: text = 279
317.2019399998244	EXP	text_2: text = 295
317.2117449999787	EXP	text_2: text = 306
317.2218349999748	EXP	text_2: text = 316
317.2384749997873	EXP	text_2: text = 332
317.2472049999051	DATA	Keydown:  
317.25125500001013	EXP	text_2: text = 343
317.25125500001013	EXP	text_2: autoDraw = false
317.25125500001013	EXP	Feedback: text = 341
317.25125500001013	EXP	Feedback: autoDraw = true
318.2482799999416	EXP	Feedback: autoDraw = false
318.2482799999416	EXP	Feedback: autoDraw = false
318.2482799999416	EXP	End_text: autoDraw = true
