17.28442499999801	EXP	Created Window = Window( name=Window, fullscr=true, color=#000000, units=height, waitBlanking=true, autoLog=true, size=[1600,746] )
24.738719999997556	DATA	Keydown: l
25.08269499999733	DATA	Keydown: h
27.926989999999932	DATA	Keydown: 0
28.323489999998856	DATA	Keydown: 5
28.498829999996815	DATA	Keydown: 2
28.74109999999928	DATA	Keydown: 4
28.891560000000027	DATA	Keydown: 8
33.53848499999731	EXP	Created text = TextStim( name=text, win=Window( name=Window, fullscr=true, color=#000000, ~), autoDraw=null, autoLog=true, units=height, ori=null, opacity=1, pos=[0,0], size=undefined, text=INSTRUCTIONS [EN]


A counter will appear and star~, font=Arial, color=#FFFFFF, contrast=1, height=0.03, bold=null, italic=null, alignHoriz=left, alignVert=center, wrapWidth=1, flipHoriz=null, flipVert=null )
33.54007499999716	EXP	Created text_3 = TextStim( name=text_3, win=Window( name=Window, fullscr=true, color=#000000, ~), autoDraw=null, autoLog=true, units=height, ori=null, opacity=1, pos=[0,0], size=undefined, text=null, font=Arial, color=#FFFFFF, contrast=1, height=0.1, bold=null, italic=null, alignHoriz=left, alignVert=center, wrapWidth=1, flipHoriz=null, flipVert=null )
33.54087499999878	EXP	Created text_2 = TextStim( name=text_2, win=Window( name=Window, fullscr=true, color=#000000, ~), autoDraw=null, autoLog=true, units=height, ori=null, opacity=1, pos=[0,0], size=undefined, text=default text, font=Arial, color=#ff0000, contrast=1, height=0.15, bold=null, italic=null, alignHoriz=left, alignVert=center, wrapWidth=1, flipHoriz=null, flipVert=null )
33.54148999999961	EXP	Created Feedback = TextStim( name=Feedback, win=Window( name=Window, fullscr=true, color=#000000, ~), autoDraw=null, autoLog=true, units=height, ori=null, opacity=1, pos=[0,0], size=undefined, text=default text, font=Arial, color=#ff0000, contrast=1, height=0.15, bold=null, italic=null, alignHoriz=left, alignVert=center, wrapWidth=1, flipHoriz=null, flipVert=null )
33.54197999999815	EXP	Created End_text = TextStim( name=End_text, win=Window( name=Window, fullscr=true, color=#000000, ~), autoDraw=null, autoLog=true, units=height, ori=null, opacity=1, pos=[0,0], size=undefined, text=This study aimed to look at procedural learning, i~, font=Arial, color=#FFFFFF, contrast=1, height=0.025, bold=null, italic=null, alignHoriz=left, alignVert=center, wrapWidth=1, flipHoriz=null, flipVert=null )
33.68322999999873	EXP	text: units = "height"
33.68322999999873	EXP	text: ori = 0
33.68322999999873	EXP	text: opacity = 1
33.68322999999873	EXP	text: pos = [0,0]
33.68322999999873	EXP	text: size = undefined
33.68322999999873	EXP	text: text = "INSTRUCTIONS [EN]\n\n\nA counter will appear and start counting at random times, press SPACE as fast as possible when it appears.\n\n\nPress SPACE to start\n\n-------\n\nInstruções [PT]\n\n\nUm cronómetro vai aparecer e começar a contar aleatoriamente, pressione a tecla SPACE assim que ele aparecer.\n\n\nPressiona SPACE para começar."
33.68322999999873	EXP	text: font = "Arial"
33.68322999999873	EXP	text: color = {"_hex":"#FFFFFF","_rgb":[1,1,1]}
33.68322999999873	EXP	text: contrast = 1
33.68322999999873	EXP	text: height = 0.03
33.68322999999873	EXP	text: bold = false
33.68322999999873	EXP	text: italic = false
33.68322999999873	EXP	text: alignHoriz = "left"
33.68322999999873	EXP	text: alignVert = "center"
33.68322999999873	EXP	text: wrapWidth = 1
33.68322999999873	EXP	text: flipHoriz = false
33.68322999999873	EXP	text: flipVert = false
33.68322999999873	EXP	text_3: units = "height"
33.68322999999873	EXP	text_3: ori = 0
33.68322999999873	EXP	text_3: opacity = 1
33.68322999999873	EXP	text_3: pos = [0,0]
33.68322999999873	EXP	text_3: size = undefined
33.68322999999873	EXP	text_3: text = ""
33.68322999999873	EXP	text_3: font = "Arial"
33.68322999999873	EXP	text_3: color = {"_hex":"#FFFFFF","_rgb":[1,1,1]}
33.68322999999873	EXP	text_3: contrast = 1
33.68322999999873	EXP	text_3: height = 0.1
33.68322999999873	EXP	text_3: bold = false
33.68322999999873	EXP	text_3: italic = false
33.68322999999873	EXP	text_3: alignHoriz = "left"
33.68322999999873	EXP	text_3: alignVert = "center"
33.68322999999873	EXP	text_3: wrapWidth = 1
33.68322999999873	EXP	text_3: flipHoriz = false
33.68322999999873	EXP	text_3: flipVert = false
33.68322999999873	EXP	text_2: units = "height"
33.68322999999873	EXP	text_2: ori = 0
33.68322999999873	EXP	text_2: opacity = 1
33.68322999999873	EXP	text_2: pos = [0,0]
33.68322999999873	EXP	text_2: size = undefined
33.68322999999873	EXP	text_2: text = "default text"
33.68322999999873	EXP	text_2: font = "Arial"
33.68322999999873	EXP	text_2: color = {"_rgb":[1,0,0]}
33.68322999999873	EXP	text_2: contrast = 1
33.68322999999873	EXP	text_2: height = 0.15
33.68322999999873	EXP	text_2: bold = false
33.68322999999873	EXP	text_2: italic = false
33.68322999999873	EXP	text_2: alignHoriz = "left"
33.68322999999873	EXP	text_2: alignVert = "center"
33.68322999999873	EXP	text_2: wrapWidth = 1
33.68322999999873	EXP	text_2: flipHoriz = false
33.68322999999873	EXP	text_2: flipVert = false
33.68322999999873	EXP	Feedback: units = "height"
33.68322999999873	EXP	Feedback: ori = 0
33.68322999999873	EXP	Feedback: opacity = 1
33.68322999999873	EXP	Feedback: pos = [0,0]
33.68322999999873	EXP	Feedback: size = undefined
33.68322999999873	EXP	Feedback: text = "default text"
33.68322999999873	EXP	Feedback: font = "Arial"
33.68322999999873	EXP	Feedback: color = {"_rgb":[1,0,0]}
33.68322999999873	EXP	Feedback: contrast = 1
33.68322999999873	EXP	Feedback: height = 0.15
33.68322999999873	EXP	Feedback: bold = false
33.68322999999873	EXP	Feedback: italic = false
33.68322999999873	EXP	Feedback: alignHoriz = "left"
33.68322999999873	EXP	Feedback: alignVert = "center"
33.68322999999873	EXP	Feedback: wrapWidth = 1
33.68322999999873	EXP	Feedback: flipHoriz = false
33.68322999999873	EXP	Feedback: flipVert = false
33.68322999999873	EXP	End_text: units = "height"
33.68322999999873	EXP	End_text: ori = 0
33.68322999999873	EXP	End_text: opacity = 1
33.68322999999873	EXP	End_text: pos = [0,0]
33.68322999999873	EXP	End_text: size = undefined
33.68322999999873	EXP	End_text: text = "This study aimed to look at procedural learning, i.e. our ability to extract patterns from the input that we are constantly receiving. This skill is thought to be essential for language and literacy acquisition and has been suggested as a possible underlying difficult in children with Language Impairments and Dyslexia. This study aims to improve the measures of procedural learning (the smiley face task) so that we can measure procedural learning more reliably and, in the future, analyse the performance of individuals with learning impairments.\nThank you for participating!\n\n----\n\nEste estudo tem como objectivo analisar a nossa capacidade de extrair padrões da informação que estamos constantemente a receber. Pensa-se que esta competência é essencial para a aquisição da linguagem e literacia e foi sugerido que dificuldades neste tipo de competências poderá estar relacionado com perturbações da linguagem e Dislexia. Este estudo tem como objectivo melhorar a estabilidade das medidas usadas para medir este tipo de memória (a tarefa da cara sorridente) de forma a poder medir de forma mais precisa e, no futuro, analisar a performance de indivíduos com perturbações da aprendizagem. \nMuito obrigada por ter participado!"
33.68322999999873	EXP	End_text: font = "Arial"
33.68322999999873	EXP	End_text: color = {"_hex":"#FFFFFF","_rgb":[1,1,1]}
33.68322999999873	EXP	End_text: contrast = 1
33.68322999999873	EXP	End_text: height = 0.025
33.68322999999873	EXP	End_text: bold = false
33.68322999999873	EXP	End_text: italic = false
33.68322999999873	EXP	End_text: alignHoriz = "left"
33.68322999999873	EXP	End_text: alignVert = "center"
33.68322999999873	EXP	End_text: wrapWidth = 1
33.68322999999873	EXP	End_text: flipHoriz = false
33.68322999999873	EXP	End_text: flipVert = false
33.68322999999873	EXP	text: autoDraw = true
49.683554999999615	DATA	Keydown:  
50.427959999997256	EXP	text: autoDraw = false
50.427959999997256	EXP	text_3: autoDraw = true
56.689634999998816	EXP	text_3: autoDraw = false
56.689634999998816	EXP	text_3: autoDraw = false
56.689634999998816	EXP	text_2: autoDraw = true
56.689634999998816	EXP	text_2: text = 0
56.69986499999868	EXP	text_2: text = 50
56.71599499999866	EXP	text_2: text = 66
56.85728000000017	EXP	text_2: text = 83
56.86592499999824	EXP	text_2: text = 216
57.36703999999736	EXP	text_2: text = 233
57.36905499999921	DATA	Keydown:  
57.38565499999822	EXP	text_2: text = 732
57.38565499999822	EXP	text_2: autoDraw = false
57.38565499999822	EXP	Feedback: text = 680
57.38565499999822	EXP	Feedback: autoDraw = true
58.38517999999749	EXP	Feedback: autoDraw = false
58.38517999999749	EXP	Feedback: autoDraw = false
58.38517999999749	EXP	text_3: autoDraw = true
60.50626999999804	EXP	text_3: autoDraw = false
60.50626999999804	EXP	text_3: autoDraw = false
60.50626999999804	EXP	text_2: autoDraw = true
60.50626999999804	EXP	text_2: text = 0
60.65934500000003	EXP	text_2: text = 33
60.6824549999983	EXP	text_2: text = 184
60.71591999999873	EXP	text_2: text = 217
60.73296499999924	EXP	text_2: text = 249
60.90291499999876	EXP	text_2: text = 266
61.020590000000084	EXP	text_2: text = 483
61.17849500000011	EXP	text_2: text = 600
61.18037999999797	DATA	Keydown:  
61.23819000000003	EXP	text_2: text = 701
61.23819000000003	EXP	text_2: autoDraw = false
61.23819000000003	EXP	Feedback: text = 674
61.23819000000003	EXP	Feedback: autoDraw = true
62.18399499999941	EXP	Feedback: autoDraw = false
62.18399499999941	EXP	Feedback: autoDraw = false
62.18399499999941	EXP	text_3: autoDraw = true
64.85816999999952	EXP	text_3: autoDraw = false
64.85816999999952	EXP	text_3: autoDraw = false
64.85816999999952	EXP	text_2: autoDraw = true
64.85816999999952	EXP	text_2: text = 0
65.0966849999968	EXP	text_2: text = 68
65.22019499999806	EXP	text_2: text = 316
65.44423499999903	EXP	text_2: text = 434
65.44887499999822	DATA	Keydown:  
65.61981999999989	EXP	text_2: text = 666
65.61981999999989	EXP	text_2: autoDraw = false
65.61981999999989	EXP	Feedback: text = 591
65.61981999999989	EXP	Feedback: autoDraw = true
66.47097999999824	EXP	Feedback: autoDraw = false
66.47097999999824	EXP	Feedback: autoDraw = false
66.47097999999824	EXP	text_3: autoDraw = true
71.6275999999998	EXP	text_3: autoDraw = false
71.6275999999998	EXP	text_3: autoDraw = false
71.6275999999998	EXP	text_2: autoDraw = true
71.6275999999998	EXP	text_2: text = 0
71.70451499999763	EXP	text_2: text = 35
71.74676999999792	EXP	text_2: text = 118
71.76630999999907	EXP	text_2: text = 167
71.7835649999979	EXP	text_2: text = 184
71.81345999999758	EXP	text_2: text = 200
71.83267499999783	EXP	text_2: text = 234
71.89532999999938	EXP	text_2: text = 250
71.93352499999673	EXP	text_2: text = 318
71.96561499999734	EXP	text_2: text = 350
71.96712499999921	DATA	Keydown:  
71.99658999999883	EXP	text_2: text = 383
71.99658999999883	EXP	text_2: autoDraw = false
71.99658999999883	EXP	Feedback: text = 340
71.99658999999883	EXP	Feedback: autoDraw = true
72.98304999999891	EXP	Feedback: autoDraw = false
72.98304999999891	EXP	Feedback: autoDraw = false
72.98304999999891	EXP	text_3: autoDraw = true
78.76879499999995	EXP	text_3: autoDraw = false
78.76879499999995	EXP	text_3: autoDraw = false
78.76879499999995	EXP	text_2: autoDraw = true
78.76879499999995	EXP	text_2: text = 0
78.89277999999831	EXP	text_2: text = 100
78.90036499999769	EXP	text_2: text = 218
78.93576499999836	EXP	text_2: text = 233
79.0231649999987	EXP	text_2: text = 267
79.0547149999984	EXP	text_2: text = 350
79.10875499999747	EXP	text_2: text = 383
79.11023999999816	DATA	Keydown:  
79.206339999997	EXP	text_2: text = 433
79.206339999997	EXP	text_2: autoDraw = false
79.206339999997	EXP	Feedback: text = 342
79.206339999997	EXP	Feedback: autoDraw = true
80.11607000000004	EXP	Feedback: autoDraw = false
80.11607000000004	EXP	Feedback: autoDraw = false
80.11607000000004	EXP	text_3: autoDraw = true
84.61133499999778	EXP	text_3: autoDraw = false
84.61133499999778	EXP	text_3: autoDraw = false
84.61133499999778	EXP	text_2: autoDraw = true
84.61133499999778	EXP	text_2: text = 0
84.71320500000002	EXP	text_2: text = 166
84.76081499999782	EXP	text_2: text = 267
84.81720999999743	EXP	text_2: text = 302
84.95728999999847	EXP	text_2: text = 366
84.958924999999	DATA	Keydown:  
84.97349499999837	EXP	text_2: text = 501
84.97349499999837	EXP	text_2: autoDraw = false
84.97349499999837	EXP	Feedback: text = 348
84.97349499999837	EXP	Feedback: autoDraw = true
85.97071999999753	EXP	Feedback: autoDraw = false
85.97071999999753	EXP	Feedback: autoDraw = false
85.97071999999753	EXP	text_3: autoDraw = true
91.62031500000012	EXP	text_3: autoDraw = false
91.62031500000012	EXP	text_3: autoDraw = false
91.62031500000012	EXP	text_2: autoDraw = true
91.62031500000012	EXP	text_2: text = 0
91.73493999999846	EXP	text_2: text = 67
91.74922999999762	EXP	text_2: text = 183
91.9677849999971	EXP	text_2: text = 200
91.9692249999971	DATA	Keydown:  
92.03234999999768	EXP	text_2: text = 417
92.03234999999768	EXP	text_2: autoDraw = false
92.03234999999768	EXP	Feedback: text = 349
92.03234999999768	EXP	Feedback: autoDraw = true
92.98393999999826	EXP	Feedback: autoDraw = false
92.98393999999826	EXP	Feedback: autoDraw = false
92.98393999999826	EXP	text_3: autoDraw = true
97.97704999999769	EXP	text_3: autoDraw = false
97.97704999999769	EXP	text_3: autoDraw = false
97.97704999999769	EXP	text_2: autoDraw = true
97.97704999999769	EXP	text_2: text = 0
98.00395999999819	EXP	text_2: text = 84
98.03246999999828	EXP	text_2: text = 98
98.04958499999702	EXP	text_2: text = 132
98.11755499999708	EXP	text_2: text = 148
98.13496499999746	EXP	text_2: text = 216
98.18088999999964	EXP	text_2: text = 231
98.37509499999942	EXP	text_2: text = 283
98.37906499999735	DATA	Keydown:  
98.3906599999973	EXP	text_2: text = 467
98.3906599999973	EXP	text_2: autoDraw = false
98.3906599999973	EXP	Feedback: text = 402
98.3906599999973	EXP	Feedback: autoDraw = true
99.38271499999973	EXP	Feedback: autoDraw = false
99.38271499999973	EXP	Feedback: autoDraw = false
99.38271499999973	EXP	text_3: autoDraw = true
104.20670999999857	DATA	Keydown:  
105.25192999999854	EXP	text_3: autoDraw = false
105.25192999999854	EXP	text_3: autoDraw = false
105.25192999999854	EXP	text_2: autoDraw = true
105.25192999999854	EXP	text_2: text = 0
105.28586499999801	EXP	text_2: text = 67
105.31951499999923	EXP	text_2: text = 100
105.35392499999944	EXP	text_2: text = 134
105.55339999999705	EXP	text_2: text = 167
105.73808499999723	EXP	text_2: text = 367
105.77217000000019	EXP	text_2: text = 550
105.85003499999948	EXP	text_2: text = 577
105.89569499999925	EXP	text_2: text = 655
105.92920999999842	EXP	text_2: text = 702
106.05735999999888	EXP	text_2: text = 737
106.09447	EXP	text_2: text = 867
106.13332999999693	EXP	text_2: text = 904
106.61007499999687	EXP	text_2: text = 949
106.6131349999996	DATA	Keydown:  
106.64892499999769	EXP	text_2: text = 1418
106.64892499999769	EXP	text_2: autoDraw = false
106.64892499999769	EXP	Feedback: text = 1361
106.64892499999769	EXP	Feedback: autoDraw = true
107.61629499999981	EXP	Feedback: autoDraw = false
107.61629499999981	EXP	Feedback: autoDraw = false
107.61629499999981	EXP	text_3: autoDraw = true
110.33496999999988	EXP	text_3: autoDraw = false
110.33496999999988	EXP	text_3: autoDraw = false
110.33496999999988	EXP	text_2: autoDraw = true
110.33496999999988	EXP	text_2: text = 0
110.35116999999809	EXP	text_2: text = 17
110.49832999999853	EXP	text_2: text = 33
110.59234999999899	EXP	text_2: text = 183
110.59946499999933	EXP	text_2: text = 266
110.61682499999733	EXP	text_2: text = 283
110.63368999999875	EXP	text_2: text = 301
110.64974999999686	EXP	text_2: text = 316
110.66600499999913	EXP	text_2: text = 333
110.6836149999981	EXP	text_2: text = 350
110.68954999999914	DATA	Keydown:  
110.70098999999755	EXP	text_2: text = 366
110.70098999999755	EXP	text_2: autoDraw = false
110.70098999999755	EXP	Feedback: text = 355
110.70098999999755	EXP	Feedback: autoDraw = true
111.70035499999722	EXP	Feedback: autoDraw = false
111.70035499999722	EXP	Feedback: autoDraw = false
111.70035499999722	EXP	text_3: autoDraw = true
118.78415499999755	EXP	text_3: autoDraw = false
118.78415499999755	EXP	text_3: autoDraw = false
118.78415499999755	EXP	text_2: autoDraw = true
118.78415499999755	EXP	text_2: text = 0
118.79968499999814	EXP	text_2: text = 17
118.81656499999735	EXP	text_2: text = 34
118.83312999999907	EXP	text_2: text = 50
118.84989999999743	EXP	text_2: text = 67
118.86682499999733	EXP	text_2: text = 84
118.93276999999944	EXP	text_2: text = 150
118.94961499999772	EXP	text_2: text = 167
118.96634999999878	EXP	text_2: text = 184
118.98283499999889	EXP	text_2: text = 200
118.99976999999853	EXP	text_2: text = 217
119.01653499999884	EXP	text_2: text = 234
119.03287499999715	EXP	text_2: text = 250
119.06032999999661	EXP	text_2: text = 267
119.06698999999935	EXP	text_2: text = 283
119.06854499999827	DATA	Keydown:  
119.10383000000002	EXP	text_2: text = 302
119.10383000000002	EXP	text_2: autoDraw = false
119.10383000000002	EXP	Feedback: text = 284
119.10383000000002	EXP	Feedback: autoDraw = true
120.08617499999673	EXP	Feedback: autoDraw = false
120.08617499999673	EXP	Feedback: autoDraw = false
120.08617499999673	EXP	text_3: autoDraw = true
123.08393499999875	EXP	text_3: autoDraw = false
123.08393499999875	EXP	text_3: autoDraw = false
123.08393499999875	EXP	text_2: autoDraw = true
123.08393499999875	EXP	text_2: text = 0
124.22996999999668	EXP	text_2: text = 16
124.2316499999979	DATA	Keydown:  
124.36812999999893	EXP	text_2: text = 1167
124.36812999999893	EXP	text_2: autoDraw = false
124.36812999999893	EXP	Feedback: text = 1148
124.36812999999893	EXP	Feedback: autoDraw = true
124.91612999999779	DATA	Keydown:  
125.24997999999687	EXP	Feedback: autoDraw = false
125.24997999999687	EXP	Feedback: autoDraw = false
125.24997999999687	EXP	text_3: autoDraw = true
129.7169099999992	EXP	text_3: autoDraw = false
129.7169099999992	EXP	text_3: autoDraw = false
129.7169099999992	EXP	text_2: autoDraw = true
129.7169099999992	EXP	text_2: text = 0
129.7556349999977	EXP	text_2: text = 18
129.76730499999758	EXP	text_2: text = 50
129.78409999999712	EXP	text_2: text = 68
129.8026549999995	EXP	text_2: text = 85
129.81751499999882	EXP	text_2: text = 101
129.8331799999978	EXP	text_2: text = 117
129.85115499999665	EXP	text_2: text = 135
130.05425999999716	EXP	text_2: text = 151
130.05790999999954	DATA	Keydown:  
130.07220499999676	EXP	text_2: text = 351
130.07220499999676	EXP	text_2: autoDraw = false
130.07220499999676	EXP	Feedback: text = 341
130.07220499999676	EXP	Feedback: autoDraw = true
131.07009999999718	EXP	Feedback: autoDraw = false
131.07009999999718	EXP	Feedback: autoDraw = false
131.07009999999718	EXP	text_3: autoDraw = true
131.16242999999668	DATA	Keydown:  
137.78375999999844	EXP	text_3: autoDraw = false
137.78375999999844	EXP	text_3: autoDraw = false
137.78375999999844	EXP	text_2: autoDraw = true
137.78375999999844	EXP	text_2: text = 0
137.7994749999998	EXP	text_2: text = 17
137.97924999999668	EXP	text_2: text = 33
137.99954999999682	EXP	text_2: text = 217
138.01620999999795	EXP	text_2: text = 233
138.1449799999973	EXP	text_2: text = 250
138.14704999999958	DATA	Keydown:  
138.15251499999795	EXP	text_2: text = 368
138.15251499999795	EXP	text_2: autoDraw = false
138.15251499999795	EXP	Feedback: text = 363
138.15251499999795	EXP	Feedback: autoDraw = true
139.1497399999971	EXP	Feedback: autoDraw = false
139.1497399999971	EXP	Feedback: autoDraw = false
139.1497399999971	EXP	text_3: autoDraw = true
146.4843699999983	EXP	text_3: autoDraw = false
146.4843699999983	EXP	text_3: autoDraw = false
146.4843699999983	EXP	text_2: autoDraw = true
146.4843699999983	EXP	text_2: text = 0
146.50040999999692	EXP	text_2: text = 18
146.5173399999985	EXP	text_2: text = 34
146.53306999999768	EXP	text_2: text = 50
146.55000499999733	EXP	text_2: text = 68
146.56690999999773	EXP	text_2: text = 84
146.58306999999695	EXP	text_2: text = 100
146.59994499999812	EXP	text_2: text = 117
146.61695999999938	EXP	text_2: text = 134
146.63346999999703	EXP	text_2: text = 150
146.6505849999994	EXP	text_2: text = 168
146.66746999999668	EXP	text_2: text = 185
146.68320999999924	EXP	text_2: text = 200
146.82464499999696	EXP	text_2: text = 217
146.8259549999966	DATA	Keydown:  
146.83414499999708	EXP	text_2: text = 351
146.83414499999708	EXP	text_2: autoDraw = false
146.83414499999708	EXP	Feedback: text = 342
146.83414499999708	EXP	Feedback: autoDraw = true
147.8330199999982	EXP	Feedback: autoDraw = false
147.8330199999982	EXP	Feedback: autoDraw = false
147.8330199999982	EXP	text_3: autoDraw = true
150.06672499999695	EXP	text_3: autoDraw = false
150.06672499999695	EXP	text_3: autoDraw = false
150.06672499999695	EXP	text_2: autoDraw = true
150.06672499999695	EXP	text_2: text = 0
150.0826649999981	EXP	text_2: text = 17
150.09941499999695	EXP	text_2: text = 34
150.11555999999837	EXP	text_2: text = 50
150.1326999999983	EXP	text_2: text = 67
150.14969999999812	EXP	text_2: text = 84
150.16562499999782	EXP	text_2: text = 100
150.18290499999785	EXP	text_2: text = 118
150.2015849999989	EXP	text_2: text = 136
150.21925999999803	EXP	text_2: text = 151
150.40300500000012	EXP	text_2: text = 167
150.4100249999974	DATA	Keydown:  
150.516345	EXP	text_2: text = 350
150.516345	EXP	text_2: autoDraw = false
150.516345	EXP	Feedback: text = 343
150.516345	EXP	Feedback: autoDraw = true
151.41641999999774	EXP	Feedback: autoDraw = false
151.41641999999774	EXP	Feedback: autoDraw = false
151.41641999999774	EXP	text_3: autoDraw = true
155.63505499999883	EXP	text_3: autoDraw = false
155.63505499999883	EXP	text_3: autoDraw = false
155.63505499999883	EXP	text_2: autoDraw = true
155.63505499999883	EXP	text_2: text = 0
155.86924	EXP	text_2: text = 15
155.8825149999975	EXP	text_2: text = 248
155.91201999999976	EXP	text_2: text = 266
155.9326949999995	EXP	text_2: text = 298
155.9893149999989	EXP	text_2: text = 316
156.12548999999854	EXP	text_2: text = 365
156.12678999999844	DATA	Keydown:  
156.21967999999833	EXP	text_2: text = 499
156.21967999999833	EXP	text_2: autoDraw = false
156.21967999999833	EXP	Feedback: text = 492
156.21967999999833	EXP	Feedback: autoDraw = true
157.13478499999837	EXP	Feedback: autoDraw = false
157.13478499999837	EXP	Feedback: autoDraw = false
157.13478499999837	EXP	text_3: autoDraw = true
162.1337399999975	EXP	text_3: autoDraw = false
162.1337399999975	EXP	text_3: autoDraw = false
162.1337399999975	EXP	text_2: autoDraw = true
162.1337399999975	EXP	text_2: text = 0
162.14920999999953	EXP	text_2: text = 16
162.16557999999708	EXP	text_2: text = 32
162.18277999999913	EXP	text_2: text = 49
162.1993299999994	EXP	text_2: text = 66
162.21741999999716	EXP	text_2: text = 82
162.23513499999905	EXP	text_2: text = 101
162.2511849999973	EXP	text_2: text = 116
162.26864999999816	EXP	text_2: text = 133
162.28640499999892	EXP	text_2: text = 151
162.30138499999885	EXP	text_2: text = 167
162.31648499999932	EXP	text_2: text = 183
162.33356999999882	EXP	text_2: text = 199
162.3521	EXP	text_2: text = 217
162.37133499999976	EXP	text_2: text = 236
162.3863199999978	EXP	text_2: text = 251
162.40049999999968	EXP	text_2: text = 267
162.41683999999805	EXP	text_2: text = 283
162.42050000000017	DATA	Keydown:  
162.4340249999987	EXP	text_2: text = 299
162.4340249999987	EXP	text_2: autoDraw = false
162.4340249999987	EXP	Feedback: text = 287
162.4340249999987	EXP	Feedback: autoDraw = true
163.43787499999956	EXP	Feedback: autoDraw = false
163.43787499999956	EXP	Feedback: autoDraw = false
163.43787499999956	EXP	text_3: autoDraw = true
171.76756000000023	EXP	text_3: autoDraw = false
171.76756000000023	EXP	text_3: autoDraw = false
171.76756000000023	EXP	text_2: autoDraw = true
171.76756000000023	EXP	text_2: text = 0
171.78323999999702	EXP	text_2: text = 17
171.7992500000001	EXP	text_2: text = 32
171.8156849999978	EXP	text_2: text = 50
171.83255999999898	EXP	text_2: text = 67
171.8495199999997	EXP	text_2: text = 82
171.86628500000012	EXP	text_2: text = 100
171.8828049999974	EXP	text_2: text = 117
171.89891999999963	EXP	text_2: text = 132
171.91656999999753	EXP	text_2: text = 150
171.93237999999837	EXP	text_2: text = 166
171.94930000000022	EXP	text_2: text = 183
172.78101499999678	EXP	text_2: text = 201
172.78254000000015	DATA	Keydown:  
173.03275500000018	EXP	text_2: text = 1033
173.03275500000018	EXP	text_2: autoDraw = false
173.03275500000018	EXP	Feedback: text = 1015
173.03275500000018	EXP	Feedback: autoDraw = true
173.4525699999977	DATA	Keydown:  
173.80312499999854	EXP	Feedback: autoDraw = false
173.80312499999854	EXP	Feedback: autoDraw = false
173.80312499999854	EXP	text_3: autoDraw = true
179.16777000000002	EXP	text_3: autoDraw = false
179.16777000000002	EXP	text_3: autoDraw = false
179.16777000000002	EXP	text_2: autoDraw = true
179.16777000000002	EXP	text_2: text = 0
179.18236499999688	EXP	text_2: text = 15
179.1993699999984	EXP	text_2: text = 32
179.21637999999803	EXP	text_2: text = 50
179.23278999999826	EXP	text_2: text = 65
179.24985999999996	EXP	text_2: text = 83
179.26644499999742	EXP	text_2: text = 100
179.28297499999832	EXP	text_2: text = 115
179.30015999999887	EXP	text_2: text = 133
179.3177399999986	EXP	text_2: text = 151
179.3327749999989	EXP	text_2: text = 166
179.35001499999993	EXP	text_2: text = 182
179.36668499999718	EXP	text_2: text = 200
179.38263999999987	EXP	text_2: text = 216
179.3996200000002	EXP	text_2: text = 233
179.41633000000002	EXP	text_2: text = 250
179.43240499999956	EXP	text_2: text = 265
179.4496499999987	EXP	text_2: text = 283
179.46647999999908	EXP	text_2: text = 300
179.48227499999842	EXP	text_2: text = 316
179.49987499999776	EXP	text_2: text = 333
179.51600999999937	EXP	text_2: text = 349
179.533314999997	EXP	text_2: text = 366
179.5503799999969	EXP	text_2: text = 383
179.5665549999976	EXP	text_2: text = 399
179.5830949999982	EXP	text_2: text = 416
179.59989999999738	EXP	text_2: text = 433
179.61616499999946	EXP	text_2: text = 449
179.63302499999912	EXP	text_2: text = 466
179.65009999999893	EXP	text_2: text = 483
179.66659999999683	EXP	text_2: text = 499
179.68334999999934	EXP	text_2: text = 516
179.70007499999696	EXP	text_2: text = 533
179.7161399999968	EXP	text_2: text = 549
179.73327999999668	EXP	text_2: text = 566
179.75011999999697	EXP	text_2: text = 583
179.76662999999826	EXP	text_2: text = 599
179.78280999999697	EXP	text_2: text = 616
179.825574999999	EXP	text_2: text = 633
179.82704000000007	DATA	Keydown:  
179.8365249999988	EXP	text_2: text = 668
179.8365249999988	EXP	text_2: autoDraw = false
179.8365249999988	EXP	Feedback: text = 659
179.8365249999988	EXP	Feedback: autoDraw = true
180.83231999999765	EXP	Feedback: autoDraw = false
180.83231999999765	EXP	Feedback: autoDraw = false
180.83231999999765	EXP	text_3: autoDraw = true
183.81246499999912	DATA	Keydown:  
186.90071499999982	EXP	text_3: autoDraw = false
186.90071499999982	EXP	text_3: autoDraw = false
186.90071499999982	EXP	text_2: autoDraw = true
186.90071499999982	EXP	text_2: text = 0
186.91628499999933	EXP	text_2: text = 17
186.93260999999978	EXP	text_2: text = 33
186.94972499999858	EXP	text_2: text = 50
186.96678999999858	EXP	text_2: text = 68
186.98200999999972	EXP	text_2: text = 83
186.99961499999705	EXP	text_2: text = 100
187.01676499999672	EXP	text_2: text = 117
187.04957499999728	EXP	text_2: text = 150
187.06642999999895	EXP	text_2: text = 167
187.08291999999705	EXP	text_2: text = 183
187.09998499999716	EXP	text_2: text = 200
187.11680499999784	EXP	text_2: text = 218
187.13316499999928	EXP	text_2: text = 233
187.1499449999974	EXP	text_2: text = 250
187.16658999999714	EXP	text_2: text = 267
187.18300499999896	EXP	text_2: text = 283
187.19989999999962	EXP	text_2: text = 301
187.2167999999984	EXP	text_2: text = 318
187.23290499999712	EXP	text_2: text = 333
187.2503049999978	EXP	text_2: text = 351
187.25501999999688	DATA	Keydown:  
187.2679349999999	EXP	text_2: text = 368
187.2679349999999	EXP	text_2: autoDraw = false
187.2679349999999	EXP	Feedback: text = 354
187.2679349999999	EXP	Feedback: autoDraw = true
188.26631499999706	EXP	Feedback: autoDraw = false
188.26631499999706	EXP	Feedback: autoDraw = false
188.26631499999706	EXP	text_3: autoDraw = true
190.1794199999967	DATA	Keydown:  
195.99561499999982	EXP	text_3: autoDraw = false
195.99561499999982	EXP	text_3: autoDraw = false
195.99561499999982	EXP	text_2: autoDraw = true
195.99561499999982	EXP	text_2: text = 0
196.04822999999664	EXP	text_2: text = 65
196.2676849999989	EXP	text_2: text = 115
196.28347999999824	EXP	text_2: text = 333
196.2991999999977	EXP	text_2: text = 349
196.31639499999795	EXP	text_2: text = 366
196.45180999999866	EXP	text_2: text = 383
196.45323999999886	DATA	Keydown:  
196.49673999999862	EXP	text_2: text = 516
196.49673999999862	EXP	text_2: autoDraw = false
196.49673999999862	EXP	Feedback: text = 458
196.49673999999862	EXP	Feedback: autoDraw = true
197.46709499999997	EXP	Feedback: autoDraw = false
197.46709499999997	EXP	Feedback: autoDraw = false
197.46709499999997	EXP	text_3: autoDraw = true
202.80054499999824	EXP	text_3: autoDraw = false
202.80054499999824	EXP	text_3: autoDraw = false
202.80054499999824	EXP	text_2: autoDraw = true
202.80054499999824	EXP	text_2: text = 0
203.2034499999972	EXP	text_2: text = 17
203.21986499999912	EXP	text_2: text = 418
203.23592999999897	EXP	text_2: text = 433
203.26836499999996	EXP	text_2: text = 450
203.28607999999804	EXP	text_2: text = 483
203.30374999999913	EXP	text_2: text = 502
203.52423499999713	EXP	text_2: text = 516
203.52708499999795	DATA	Keydown:  
203.7308899999989	EXP	text_2: text = 733
203.7308899999989	EXP	text_2: autoDraw = false
203.7308899999989	EXP	Feedback: text = 727
203.7308899999989	EXP	Feedback: autoDraw = true
204.53252999999677	EXP	Feedback: autoDraw = false
204.53252999999677	EXP	Feedback: autoDraw = false
204.53252999999677	EXP	text_3: autoDraw = true
213.23394999999806	EXP	text_3: autoDraw = false
213.23394999999806	EXP	text_3: autoDraw = false
213.23394999999806	EXP	text_2: autoDraw = true
213.23394999999806	EXP	text_2: text = 0
213.24947999999858	EXP	text_2: text = 17
213.27740499999703	EXP	text_2: text = 34
213.28346999999854	EXP	text_2: text = 50
213.3000699999975	EXP	text_2: text = 67
213.38617499999964	EXP	text_2: text = 83
213.50564999999915	EXP	text_2: text = 167
213.58199999999857	EXP	text_2: text = 283
213.619494999999	EXP	text_2: text = 367
213.62724499999973	DATA	Keydown:  
213.69133499999958	EXP	text_2: text = 400
213.69133499999958	EXP	text_2: autoDraw = false
213.69133499999958	EXP	Feedback: text = 393
213.69133499999958	EXP	Feedback: autoDraw = true
214.63348499999847	EXP	Feedback: autoDraw = false
214.63348499999847	EXP	Feedback: autoDraw = false
214.63348499999847	EXP	text_3: autoDraw = true
220.90027499999997	EXP	text_3: autoDraw = false
220.90027499999997	EXP	text_3: autoDraw = false
220.90027499999997	EXP	text_2: autoDraw = true
220.90027499999997	EXP	text_2: text = 0
221.7251099999994	EXP	text_2: text = 16
221.7332099999985	EXP	text_2: text = 833
221.8171199999997	EXP	text_2: text = 850
221.818629999998	DATA	Keydown:  
221.8842850000001	EXP	text_2: text = 933
221.8842850000001	EXP	text_2: autoDraw = false
221.8842850000001	EXP	Feedback: text = 918
221.8842850000001	EXP	Feedback: autoDraw = true
222.83376499999935	EXP	Feedback: autoDraw = false
222.83376499999935	EXP	Feedback: autoDraw = false
222.83376499999935	EXP	text_3: autoDraw = true
226.98367499999955	EXP	text_3: autoDraw = false
226.98367499999955	EXP	text_3: autoDraw = false
226.98367499999955	EXP	text_2: autoDraw = true
226.98367499999955	EXP	text_2: text = 0
227.01516499999707	EXP	text_2: text = 17
227.1160649999984	EXP	text_2: text = 49
227.15980499999927	EXP	text_2: text = 150
227.1913049999966	EXP	text_2: text = 183
227.277514999998	EXP	text_2: text = 216
227.3527499999982	EXP	text_2: text = 300
227.40928999999966	EXP	text_2: text = 383
227.4711250000001	EXP	text_2: text = 434
227.6701699999976	EXP	text_2: text = 492
227.67167499999778	DATA	Keydown:  
227.80776499999774	EXP	text_2: text = 692
227.80776499999774	EXP	text_2: autoDraw = false
227.80776499999774	EXP	Feedback: text = 688
227.80776499999774	EXP	Feedback: autoDraw = true
228.68220499999734	EXP	Feedback: autoDraw = false
228.68220499999734	EXP	Feedback: autoDraw = false
228.68220499999734	EXP	text_3: autoDraw = true
236.47129999999743	EXP	text_3: autoDraw = false
236.47129999999743	EXP	text_3: autoDraw = false
236.47129999999743	EXP	text_2: autoDraw = true
236.47129999999743	EXP	text_2: text = 0
236.47586999999845	EXP	text_2: text = 40
236.4933700000002	EXP	text_2: text = 47
236.534499999998	EXP	text_2: text = 64
236.53925499999974	EXP	text_2: text = 103
236.55013999999937	EXP	text_2: text = 114
236.62550499999992	EXP	text_2: text = 131
236.63144499999908	EXP	text_2: text = 194
236.63643999999834	EXP	text_2: text = 200
236.65065999999933	EXP	text_2: text = 214
236.66795999999886	EXP	text_2: text = 231
236.68390499999805	EXP	text_2: text = 247
236.70102499999842	EXP	text_2: text = 264
236.71801999999656	EXP	text_2: text = 281
236.75831499999913	EXP	text_2: text = 298
236.7936799999988	EXP	text_2: text = 327
236.8915049999996	EXP	text_2: text = 363
236.8981399999975	EXP	text_2: text = 460
236.90991500000024	EXP	text_2: text = 467
237.01224999999977	EXP	text_2: text = 480
237.04686499999661	EXP	text_2: text = 581
237.11737499999793	EXP	text_2: text = 616
237.1186949999974	DATA	Keydown:  
237.1559449999986	EXP	text_2: text = 686
237.1559449999986	EXP	text_2: autoDraw = false
237.1559449999986	EXP	Feedback: text = 647
237.1559449999986	EXP	Feedback: autoDraw = true
238.13218999999663	EXP	Feedback: autoDraw = false
238.13218999999663	EXP	Feedback: autoDraw = false
238.13218999999663	EXP	text_3: autoDraw = true
243.8787499999998	EXP	text_3: autoDraw = false
243.8787499999998	EXP	text_3: autoDraw = false
243.8787499999998	EXP	text_2: autoDraw = true
243.8787499999998	EXP	text_2: text = 0
243.93332999999984	EXP	text_2: text = 81
243.93861999999712	EXP	text_2: text = 135
243.95178499999747	EXP	text_2: text = 148
243.9676199999995	EXP	text_2: text = 163
243.98318499999732	EXP	text_2: text = 181
244.0821949999991	EXP	text_2: text = 197
244.09995499999786	EXP	text_2: text = 285
244.117764999999	EXP	text_2: text = 302
244.1336999999985	EXP	text_2: text = 320
244.18468999999828	EXP	text_2: text = 336
244.21491499999684	EXP	text_2: text = 386
244.2205399999985	EXP	text_2: text = 417
244.25307999999865	EXP	text_2: text = 431
244.27686499999982	EXP	text_2: text = 455
244.28365999999727	EXP	text_2: text = 479
244.29959499999677	EXP	text_2: text = 485
244.30104500000016	DATA	Keydown:  
244.31734499999942	EXP	text_2: text = 502
244.31734499999942	EXP	text_2: autoDraw = false
244.31734499999942	EXP	Feedback: text = 422
244.31734499999942	EXP	Feedback: autoDraw = true
245.31542999999868	EXP	Feedback: autoDraw = false
245.31542999999868	EXP	Feedback: autoDraw = false
245.31542999999868	EXP	text_3: autoDraw = true
250.54990999999785	EXP	text_3: autoDraw = false
250.54990999999785	EXP	text_3: autoDraw = false
250.54990999999785	EXP	text_2: autoDraw = true
250.54990999999785	EXP	text_2: text = 0
250.5665549999976	EXP	text_2: text = 18
250.58313499999718	EXP	text_2: text = 34
250.59989999999738	EXP	text_2: text = 51
250.61625999999893	EXP	text_2: text = 68
250.6330899999993	EXP	text_2: text = 84
250.64938499999698	EXP	text_2: text = 101
250.66656999999753	EXP	text_2: text = 117
250.68342499999932	EXP	text_2: text = 134
250.69979999999845	EXP	text_2: text = 151
250.7167499999996	EXP	text_2: text = 168
250.7332399999977	EXP	text_2: text = 185
250.75138999999763	EXP	text_2: text = 205
250.76673499999742	EXP	text_2: text = 224
250.78289499999664	EXP	text_2: text = 237
250.79975999999812	EXP	text_2: text = 254
250.8162499999998	EXP	text_2: text = 268
250.8328349999975	EXP	text_2: text = 284
250.87980499999685	EXP	text_2: text = 301
250.90154499999693	EXP	text_2: text = 348
250.91649999999936	EXP	text_2: text = 369
250.93287999999671	EXP	text_2: text = 385
250.9496449999969	EXP	text_2: text = 401
250.96623999999798	EXP	text_2: text = 418
250.98300999999998	EXP	text_2: text = 434
250.99977500000017	EXP	text_2: text = 451
251.01638999999705	EXP	text_2: text = 468
251.0329999999995	EXP	text_2: text = 484
251.04966499999864	EXP	text_2: text = 501
251.0663049999966	EXP	text_2: text = 518
251.0830649999989	EXP	text_2: text = 534
251.09934999999678	EXP	text_2: text = 551
251.10175999999774	DATA	Keydown:  
251.13095999999865	EXP	text_2: text = 569
251.13095999999865	EXP	text_2: autoDraw = false
251.13095999999865	EXP	Feedback: text = 552
251.13095999999865	EXP	Feedback: autoDraw = true
252.1154799999968	EXP	Feedback: autoDraw = false
252.1154799999968	EXP	Feedback: autoDraw = false
252.1154799999968	EXP	text_3: autoDraw = true
258.2667750000001	EXP	text_3: autoDraw = false
258.2667750000001	EXP	text_3: autoDraw = false
258.2667750000001	EXP	text_2: autoDraw = true
258.2667750000001	EXP	text_2: text = 0
258.2829549999987	EXP	text_2: text = 17
258.2995199999968	EXP	text_2: text = 34
258.3154349999968	EXP	text_2: text = 50
258.33291499999905	EXP	text_2: text = 67
258.34943500000014	EXP	text_2: text = 84
258.36652499999764	EXP	text_2: text = 100
258.3834549999992	EXP	text_2: text = 117
258.39978999999954	EXP	text_2: text = 134
258.4160949999969	EXP	text_2: text = 150
258.4331899999998	EXP	text_2: text = 167
258.4496949999993	EXP	text_2: text = 184
258.46598999999696	EXP	text_2: text = 200
258.4832349999997	EXP	text_2: text = 217
258.5000699999983	EXP	text_2: text = 234
258.51607499999955	EXP	text_2: text = 250
258.53294999999713	EXP	text_2: text = 267
258.5492099999974	EXP	text_2: text = 283
258.55939500000017	DATA	Keydown:  
258.56730499999685	EXP	text_2: text = 300
258.56730499999685	EXP	text_2: autoDraw = false
258.56730499999685	EXP	Feedback: text = 293
258.56730499999685	EXP	Feedback: autoDraw = true
259.56638499999826	EXP	Feedback: autoDraw = false
259.56638499999826	EXP	Feedback: autoDraw = false
259.56638499999826	EXP	text_3: autoDraw = true
266.47503499999954	EXP	text_3: autoDraw = false
266.47503499999954	EXP	text_3: autoDraw = false
266.47503499999954	EXP	text_2: autoDraw = true
266.47503499999954	EXP	text_2: text = 0
266.4896049999989	EXP	text_2: text = 34
266.499785	EXP	text_2: text = 50
266.5164850000001	EXP	text_2: text = 67
266.53340999999995	EXP	text_2: text = 84
266.54938499999844	EXP	text_2: text = 100
266.5666399999973	EXP	text_2: text = 117
266.7500299999993	EXP	text_2: text = 134
266.75191499999704	DATA	Keydown:  
266.77589499999885	EXP	text_2: text = 317
266.77589499999885	EXP	text_2: autoDraw = false
266.77589499999885	EXP	Feedback: text = 278
266.77589499999885	EXP	Feedback: autoDraw = true
267.76639499999874	EXP	Feedback: autoDraw = false
267.76639499999874	EXP	Feedback: autoDraw = false
267.76639499999874	EXP	text_3: autoDraw = true
270.06753999999995	EXP	text_3: autoDraw = false
270.06753999999995	EXP	text_3: autoDraw = false
270.06753999999995	EXP	text_2: autoDraw = true
270.06753999999995	EXP	text_2: text = 0
270.1082249999999	EXP	text_2: text = 17
270.13218499999863	EXP	text_2: text = 50
270.14917999999676	EXP	text_2: text = 82
270.1661099999983	EXP	text_2: text = 100
270.1840749999974	EXP	text_2: text = 117
270.1999499999984	EXP	text_2: text = 133
270.22474499999953	EXP	text_2: text = 158
270.2332150000002	EXP	text_2: text = 167
270.2500049999981	EXP	text_2: text = 182
270.26695499999914	EXP	text_2: text = 200
270.33209499999793	EXP	text_2: text = 233
270.3497849999985	EXP	text_2: text = 283
270.36074499999813	DATA	Keydown:  
270.3683599999968	EXP	text_2: text = 300
270.3683599999968	EXP	text_2: autoDraw = false
270.3683599999968	EXP	Feedback: text = 293
270.3683599999968	EXP	Feedback: autoDraw = true
271.36590499999875	EXP	Feedback: autoDraw = false
271.36590499999875	EXP	Feedback: autoDraw = false
271.36590499999875	EXP	text_3: autoDraw = true
276.23341999999684	EXP	text_3: autoDraw = false
276.23341999999684	EXP	text_3: autoDraw = false
276.23341999999684	EXP	text_2: autoDraw = true
276.23341999999684	EXP	text_2: text = 0
276.2497599999988	EXP	text_2: text = 17
276.26575499999666	EXP	text_2: text = 33
276.2829149999997	EXP	text_2: text = 50
276.2998249999983	EXP	text_2: text = 67
276.3460649999979	EXP	text_2: text = 83
276.4091599999993	EXP	text_2: text = 133
276.4229500000001	EXP	text_2: text = 183
276.43353500000006	EXP	text_2: text = 200
276.4581449999969	EXP	text_2: text = 216
276.4670349999979	EXP	text_2: text = 233
276.48393999999826	EXP	text_2: text = 250
276.5000249999975	EXP	text_2: text = 266
276.51718499999697	EXP	text_2: text = 283
276.5310099999988	DATA	Keydown:  
276.53572499999797	EXP	text_2: text = 301
276.53572499999797	EXP	text_2: autoDraw = false
276.53572499999797	EXP	Feedback: text = 298
276.53572499999797	EXP	Feedback: autoDraw = true
277.5341049999988	EXP	Feedback: autoDraw = false
277.5341049999988	EXP	Feedback: autoDraw = false
277.5341049999988	EXP	text_3: autoDraw = true
277.9119999999966	DATA	Keydown:  
286.5005299999975	EXP	text_3: autoDraw = false
286.5005299999975	EXP	text_3: autoDraw = false
286.5005299999975	EXP	text_2: autoDraw = true
286.5005299999975	EXP	text_2: text = 0
286.5171199999968	EXP	text_2: text = 17
286.72694499999847	EXP	text_2: text = 217
286.73369999999704	EXP	text_2: text = 233
286.75044999999955	EXP	text_2: text = 250
286.76668499999874	EXP	text_2: text = 266
286.84098999999696	DATA	Keydown:  
286.94423499999897	EXP	text_2: text = 351
286.94423499999897	EXP	text_2: autoDraw = false
286.94423499999897	EXP	Feedback: text = 341
286.94423499999897	EXP	Feedback: autoDraw = true
287.84968499999746	EXP	Feedback: autoDraw = false
287.84968499999746	EXP	Feedback: autoDraw = false
287.84968499999746	EXP	text_3: autoDraw = true
293.75775999999684	EXP	text_3: autoDraw = false
293.75775999999684	EXP	text_3: autoDraw = false
293.75775999999684	EXP	text_2: autoDraw = true
293.75775999999684	EXP	text_2: text = 0
293.7670749999998	EXP	text_2: text = 35
293.78311499999836	EXP	text_2: text = 51
293.80198999999993	EXP	text_2: text = 67
293.818519999997	EXP	text_2: text = 84
293.85948999999886	EXP	text_2: text = 101
293.88642999999865	EXP	text_2: text = 151
293.9036349999988	EXP	text_2: text = 169
293.9421899999979	EXP	text_2: text = 184
293.95044999999664	EXP	text_2: text = 217
293.9679199999992	EXP	text_2: text = 235
293.98365499999994	EXP	text_2: text = 251
294.0003449999968	EXP	text_2: text = 268
294.0167299999993	EXP	text_2: text = 284
294.0333799999972	EXP	text_2: text = 300
294.0501049999984	EXP	text_2: text = 317
294.06208999999944	DATA	Keydown:  
294.0688399999999	EXP	text_2: text = 335
294.0688399999999	EXP	text_2: autoDraw = false
294.0688399999999	EXP	Feedback: text = 304
294.0688399999999	EXP	Feedback: autoDraw = true
295.06676499999963	EXP	Feedback: autoDraw = false
295.06676499999963	EXP	Feedback: autoDraw = false
295.06676499999963	EXP	text_3: autoDraw = true
302.2482399999971	EXP	text_3: autoDraw = false
302.2482399999971	EXP	text_3: autoDraw = false
302.2482399999971	EXP	text_2: autoDraw = true
302.2482399999971	EXP	text_2: text = 0
302.26607999999754	EXP	text_2: text = 99
302.2829399999973	EXP	text_2: text = 116
302.3339299999971	EXP	text_2: text = 167
302.3990449999983	EXP	text_2: text = 232
302.4167049999997	EXP	text_2: text = 249
302.4337500000002	EXP	text_2: text = 266
302.4501700000001	EXP	text_2: text = 283
302.4853049999984	EXP	text_2: text = 299
302.49961499999705	EXP	text_2: text = 332
302.5165549999984	EXP	text_2: text = 349
302.53258999999883	EXP	text_2: text = 365
302.54987999999867	EXP	text_2: text = 382
302.5664849999993	EXP	text_2: text = 399
302.5830449999994	EXP	text_2: text = 415
302.68136499999673	DATA	Keydown:  
302.7014600000003	EXP	text_2: text = 533
302.7014600000003	EXP	text_2: autoDraw = false
302.7014600000003	EXP	Feedback: text = 433
302.7014600000003	EXP	Feedback: autoDraw = true
303.6994349999986	EXP	Feedback: autoDraw = false
303.6994349999986	EXP	Feedback: autoDraw = false
303.6994349999986	EXP	text_3: autoDraw = true
306.0506299999979	EXP	text_3: autoDraw = false
306.0506299999979	EXP	text_3: autoDraw = false
306.0506299999979	EXP	text_2: autoDraw = true
306.0506299999979	EXP	text_2: text = 0
306.06647999999774	EXP	text_2: text = 17
306.0834099999993	EXP	text_2: text = 34
306.14654499999966	EXP	text_2: text = 84
306.1663999999982	EXP	text_2: text = 118
306.1823799999984	EXP	text_2: text = 134
306.21627499999886	EXP	text_2: text = 168
306.2326499999981	EXP	text_2: text = 184
306.24933499999673	EXP	text_2: text = 200
306.2826399999976	EXP	text_2: text = 233
306.30012999999957	EXP	text_2: text = 251
306.31871499999755	EXP	text_2: text = 267
306.33442499999734	EXP	text_2: text = 284
306.3509599999998	EXP	text_2: text = 301
306.3668949999992	EXP	text_2: text = 317
306.41707999999926	EXP	text_2: text = 367
306.43509499999715	EXP	text_2: text = 385
306.4710049999994	DATA	Keydown:  
306.48603499999814	EXP	text_2: text = 434
306.48603499999814	EXP	text_2: autoDraw = false
306.48603499999814	EXP	Feedback: text = 420
306.48603499999814	EXP	Feedback: autoDraw = true
307.4824049999988	EXP	Feedback: autoDraw = false
307.4824049999988	EXP	Feedback: autoDraw = false
307.4824049999988	EXP	text_3: autoDraw = true
315.14365999999785	EXP	text_3: autoDraw = false
315.14365999999785	EXP	text_3: autoDraw = false
315.14365999999785	EXP	text_2: autoDraw = true
315.14365999999785	EXP	text_2: text = 0
315.14967999999857	EXP	text_2: text = 33
315.16652499999697	EXP	text_2: text = 48
315.1834299999973	EXP	text_2: text = 66
315.1999249999972	EXP	text_2: text = 83
315.2327049999985	EXP	text_2: text = 115
315.2499449999995	EXP	text_2: text = 133
315.2662700000001	EXP	text_2: text = 148
315.29935499999925	EXP	text_2: text = 183
315.3333849999981	EXP	text_2: text = 216
315.35000999999835	EXP	text_2: text = 233
315.3664299999983	EXP	text_2: text = 248
315.38301499999943	EXP	text_2: text = 266
315.39948000000004	EXP	text_2: text = 283
315.41688499999873	EXP	text_2: text = 299
315.43327499999936	EXP	text_2: text = 316
315.71367499999906	DATA	Keydown:  
315.726534999998	EXP	text_2: text = 602
315.726534999998	EXP	text_2: autoDraw = false
315.726534999998	EXP	Feedback: text = 570
315.726534999998	EXP	Feedback: autoDraw = true
316.71772999999666	EXP	Feedback: autoDraw = false
316.71772999999666	EXP	Feedback: autoDraw = false
316.71772999999666	EXP	text_3: autoDraw = true
323.900669999999	EXP	text_3: autoDraw = false
323.900669999999	EXP	text_3: autoDraw = false
323.900669999999	EXP	text_2: autoDraw = true
323.900669999999	EXP	text_2: text = 0
323.91619999999966	EXP	text_2: text = 15
323.9332399999985	EXP	text_2: text = 33
323.94977499999726	EXP	text_2: text = 50
323.9661049999995	EXP	text_2: text = 66
323.98305999999866	EXP	text_2: text = 83
323.9999349999998	EXP	text_2: text = 100
324.01667999999694	EXP	text_2: text = 116
324.0367850000002	EXP	text_2: text = 137
324.05023999999685	EXP	text_2: text = 150
324.06640499999776	EXP	text_2: text = 166
324.08384999999913	EXP	text_2: text = 183
324.1003949999976	EXP	text_2: text = 200
324.1360099999983	EXP	text_2: text = 216
324.1501250000001	EXP	text_2: text = 250
324.166374999997	EXP	text_2: text = 266
324.1832399999985	EXP	text_2: text = 283
324.2000399999998	EXP	text_2: text = 300
324.21654999999737	EXP	text_2: text = 316
324.23363999999856	EXP	text_2: text = 333
324.250369999998	EXP	text_2: text = 350
324.2665049999996	EXP	text_2: text = 366
324.2837749999998	EXP	text_2: text = 383
324.2997599999981	EXP	text_2: text = 399
324.3163399999976	EXP	text_2: text = 416
324.3332899999987	EXP	text_2: text = 433
324.3386249999967	DATA	Keydown:  
324.35083499999746	EXP	text_2: text = 449
324.35083499999746	EXP	text_2: autoDraw = false
324.35083499999746	EXP	Feedback: text = 438
324.35083499999746	EXP	Feedback: autoDraw = true
325.3545149999991	EXP	Feedback: autoDraw = false
325.3545149999991	EXP	Feedback: autoDraw = false
325.3545149999991	EXP	text_3: autoDraw = true
330.4340599999996	EXP	text_3: autoDraw = false
330.4340599999996	EXP	text_3: autoDraw = false
330.4340599999996	EXP	text_2: autoDraw = true
330.4340599999996	EXP	text_2: text = 0
330.4499699999978	EXP	text_2: text = 17
330.4663749999999	EXP	text_2: text = 32
330.48339499999923	EXP	text_2: text = 50
330.4994950000001	EXP	text_2: text = 65
330.5164749999967	EXP	text_2: text = 83
330.5332949999974	EXP	text_2: text = 100
330.54970499999763	EXP	text_2: text = 115
330.56722499999887	EXP	text_2: text = 134
330.61738999999943	EXP	text_2: text = 182
330.63301999999754	EXP	text_2: text = 200
330.64905	EXP	text_2: text = 215
330.6663249999983	EXP	text_2: text = 233
330.6828949999981	EXP	text_2: text = 250
330.69920499999716	EXP	text_2: text = 266
330.9827149999983	DATA	Keydown:  
331.00144	EXP	text_2: text = 567
331.00144	EXP	text_2: autoDraw = false
331.00144	EXP	Feedback: text = 549
331.00144	EXP	Feedback: autoDraw = true
331.9999549999993	EXP	Feedback: autoDraw = false
331.9999549999993	EXP	Feedback: autoDraw = false
331.9999549999993	EXP	text_3: autoDraw = true
340.98422500000015	EXP	text_3: autoDraw = false
340.98422500000015	EXP	text_3: autoDraw = false
340.98422500000015	EXP	text_2: autoDraw = true
340.98422500000015	EXP	text_2: text = 0
340.9991949999967	EXP	text_2: text = 16
341.01636999999755	EXP	text_2: text = 33
341.032765	EXP	text_2: text = 50
341.049504999999	EXP	text_2: text = 66
341.0663399999976	EXP	text_2: text = 83
341.0825499999992	EXP	text_2: text = 99
341.09914500000014	EXP	text_2: text = 116
341.13233499999836	EXP	text_2: text = 149
341.14941499999986	EXP	text_2: text = 166
341.1660999999985	EXP	text_2: text = 183
341.1826249999976	EXP	text_2: text = 199
341.19925999999765	EXP	text_2: text = 216
341.2164349999985	EXP	text_2: text = 233
341.23249999999825	EXP	text_2: text = 249
341.2493599999979	EXP	text_2: text = 266
341.2659399999975	EXP	text_2: text = 283
341.2826749999986	EXP	text_2: text = 299
341.2994099999996	EXP	text_2: text = 316
341.31669999999946	EXP	text_2: text = 333
341.3327149999968	EXP	text_2: text = 349
341.349629999997	EXP	text_2: text = 366
341.3559900000001	DATA	Keydown:  
341.36815500000006	EXP	text_2: text = 383
341.36815500000006	EXP	text_2: autoDraw = false
341.36815500000006	EXP	Feedback: text = 372
341.36815500000006	EXP	Feedback: autoDraw = true
342.36652499999764	EXP	Feedback: autoDraw = false
342.36652499999764	EXP	Feedback: autoDraw = false
342.36652499999764	EXP	text_3: autoDraw = true
351.05139499999854	EXP	text_3: autoDraw = false
351.05139499999854	EXP	text_3: autoDraw = false
351.05139499999854	EXP	text_2: autoDraw = true
351.05139499999854	EXP	text_2: text = 0
351.0658849999999	EXP	text_2: text = 16
351.08232499999946	EXP	text_2: text = 32
351.09936999999996	EXP	text_2: text = 49
351.11615999999776	EXP	text_2: text = 66
351.1325399999987	EXP	text_2: text = 82
351.1499299999996	EXP	text_2: text = 100
351.16744499999913	EXP	text_2: text = 117
351.1829249999973	EXP	text_2: text = 132
351.1999849999993	EXP	text_2: text = 149
351.2161749999978	EXP	text_2: text = 165
351.23309499999954	EXP	text_2: text = 183
351.24960499999725	EXP	text_2: text = 199
351.26668999999674	EXP	text_2: text = 216
351.28233999999793	EXP	text_2: text = 232
351.2997799999975	EXP	text_2: text = 249
351.31730999999854	EXP	text_2: text = 267
351.3331349999972	EXP	text_2: text = 283
351.3495599999987	EXP	text_2: text = 299
351.36624499999743	EXP	text_2: text = 316
351.38242999999784	EXP	text_2: text = 332
351.3996099999968	EXP	text_2: text = 349
351.4169449999972	EXP	text_2: text = 366
351.4325250000002	EXP	text_2: text = 382
351.43388499999855	DATA	Keydown:  
351.45160499999844	EXP	text_2: text = 400
351.45160499999844	EXP	text_2: autoDraw = false
351.45160499999844	EXP	Feedback: text = 383
351.45160499999844	EXP	Feedback: autoDraw = true
352.46852500000017	EXP	Feedback: autoDraw = false
352.46852500000017	EXP	Feedback: autoDraw = false
352.46852500000017	EXP	End_text: autoDraw = true
369.55277500000005	DATA	Keydown:  
