0.252100000000155	EXP	Created Window = Window( name=Window, fullscr=true, color=#000000, units=height, waitBlanking=true, autoLog=true, size=[1366,657] )
2.9454250000003412	DATA	Keydown: Shift
3.13202500000034	DATA	Keydown: H
3.3820850000001883	DATA	Keydown: R
3.821595000000343	DATA	Keydown: 1
3.9147250000000895	DATA	Keydown: 2
4.205230000000029	DATA	Keydown: 3
4.4703550000003816	DATA	Keydown: 4
4.672010000000228	DATA	Keydown: 5
10.479080000000067	EXP	Created text = TextStim( name=text, win=Window( name=Window, fullscr=true, color=#000000, ~), autoDraw=null, autoLog=true, units=height, ori=null, opacity=1, pos=[0,0], size=undefined, text=INSTRUCTIONS [EN]


A counter will appear and star~, font=Arial, color=#FFFFFF, contrast=1, height=0.03, bold=null, italic=null, alignHoriz=left, alignVert=center, wrapWidth=1, flipHoriz=null, flipVert=null )
10.481435000000147	EXP	Created text_3 = TextStim( name=text_3, win=Window( name=Window, fullscr=true, color=#000000, ~), autoDraw=null, autoLog=true, units=height, ori=null, opacity=1, pos=[0,0], size=undefined, text=null, font=Arial, color=#FFFFFF, contrast=1, height=0.1, bold=null, italic=null, alignHoriz=left, alignVert=center, wrapWidth=1, flipHoriz=null, flipVert=null )
10.483150000000023	EXP	Created text_2 = TextStim( name=text_2, win=Window( name=Window, fullscr=true, color=#000000, ~), autoDraw=null, autoLog=true, units=height, ori=null, opacity=1, pos=[0,0], size=undefined, text=default text, font=Arial, color=#ff0000, contrast=1, height=0.15, bold=null, italic=null, alignHoriz=left, alignVert=center, wrapWidth=1, flipHoriz=null, flipVert=null )
10.484550000000127	EXP	Created Feedback = TextStim( name=Feedback, win=Window( name=Window, fullscr=true, color=#000000, ~), autoDraw=null, autoLog=true, units=height, ori=null, opacity=1, pos=[0,0], size=undefined, text=default text, font=Arial, color=#ff0000, contrast=1, height=0.15, bold=null, italic=null, alignHoriz=left, alignVert=center, wrapWidth=1, flipHoriz=null, flipVert=null )
10.48568000000023	EXP	Created End_text = TextStim( name=End_text, win=Window( name=Window, fullscr=true, color=#000000, ~), autoDraw=null, autoLog=true, units=height, ori=null, opacity=1, pos=[0,0], size=undefined, text=This study aimed to look at procedural learning, i~, font=Arial, color=#FFFFFF, contrast=1, height=0.025, bold=null, italic=null, alignHoriz=left, alignVert=center, wrapWidth=1, flipHoriz=null, flipVert=null )
10.554745000000366	EXP	text: units = "height"
10.554745000000366	EXP	text: ori = 0
10.554745000000366	EXP	text: opacity = 1
10.554745000000366	EXP	text: pos = [0,0]
10.554745000000366	EXP	text: size = undefined
10.554745000000366	EXP	text: text = "INSTRUCTIONS [EN]\n\n\nA counter will appear and start counting at random times, press SPACE as fast as possible when it appears.\n\n\nPress SPACE to start\n\n-------\n\nInstruções [PT]\n\n\nUm cronómetro vai aparecer e começar a contar aleatoriamente, pressione a tecla SPACE assim que ele aparecer.\n\n\nPressiona SPACE para começar."
10.554745000000366	EXP	text: font = "Arial"
10.554745000000366	EXP	text: color = {"_hex":"#FFFFFF","_rgb":[1,1,1]}
10.554745000000366	EXP	text: contrast = 1
10.554745000000366	EXP	text: height = 0.03
10.554745000000366	EXP	text: bold = false
10.554745000000366	EXP	text: italic = false
10.554745000000366	EXP	text: alignHoriz = "left"
10.554745000000366	EXP	text: alignVert = "center"
10.554745000000366	EXP	text: wrapWidth = 1
10.554745000000366	EXP	text: flipHoriz = false
10.554745000000366	EXP	text: flipVert = false
10.554745000000366	EXP	text_3: units = "height"
10.554745000000366	EXP	text_3: ori = 0
10.554745000000366	EXP	text_3: opacity = 1
10.554745000000366	EXP	text_3: pos = [0,0]
10.554745000000366	EXP	text_3: size = undefined
10.554745000000366	EXP	text_3: text = ""
10.554745000000366	EXP	text_3: font = "Arial"
10.554745000000366	EXP	text_3: color = {"_hex":"#FFFFFF","_rgb":[1,1,1]}
10.554745000000366	EXP	text_3: contrast = 1
10.554745000000366	EXP	text_3: height = 0.1
10.554745000000366	EXP	text_3: bold = false
10.554745000000366	EXP	text_3: italic = false
10.554745000000366	EXP	text_3: alignHoriz = "left"
10.554745000000366	EXP	text_3: alignVert = "center"
10.554745000000366	EXP	text_3: wrapWidth = 1
10.554745000000366	EXP	text_3: flipHoriz = false
10.554745000000366	EXP	text_3: flipVert = false
10.554745000000366	EXP	text_2: units = "height"
10.554745000000366	EXP	text_2: ori = 0
10.554745000000366	EXP	text_2: opacity = 1
10.554745000000366	EXP	text_2: pos = [0,0]
10.554745000000366	EXP	text_2: size = undefined
10.554745000000366	EXP	text_2: text = "default text"
10.554745000000366	EXP	text_2: font = "Arial"
10.554745000000366	EXP	text_2: color = {"_rgb":[1,0,0]}
10.554745000000366	EXP	text_2: contrast = 1
10.554745000000366	EXP	text_2: height = 0.15
10.554745000000366	EXP	text_2: bold = false
10.554745000000366	EXP	text_2: italic = false
10.554745000000366	EXP	text_2: alignHoriz = "left"
10.554745000000366	EXP	text_2: alignVert = "center"
10.554745000000366	EXP	text_2: wrapWidth = 1
10.554745000000366	EXP	text_2: flipHoriz = false
10.554745000000366	EXP	text_2: flipVert = false
10.554745000000366	EXP	Feedback: units = "height"
10.554745000000366	EXP	Feedback: ori = 0
10.554745000000366	EXP	Feedback: opacity = 1
10.554745000000366	EXP	Feedback: pos = [0,0]
10.554745000000366	EXP	Feedback: size = undefined
10.554745000000366	EXP	Feedback: text = "default text"
10.554745000000366	EXP	Feedback: font = "Arial"
10.554745000000366	EXP	Feedback: color = {"_rgb":[1,0,0]}
10.554745000000366	EXP	Feedback: contrast = 1
10.554745000000366	EXP	Feedback: height = 0.15
10.554745000000366	EXP	Feedback: bold = false
10.554745000000366	EXP	Feedback: italic = false
10.554745000000366	EXP	Feedback: alignHoriz = "left"
10.554745000000366	EXP	Feedback: alignVert = "center"
10.554745000000366	EXP	Feedback: wrapWidth = 1
10.554745000000366	EXP	Feedback: flipHoriz = false
10.554745000000366	EXP	Feedback: flipVert = false
10.554745000000366	EXP	End_text: units = "height"
10.554745000000366	EXP	End_text: ori = 0
10.554745000000366	EXP	End_text: opacity = 1
10.554745000000366	EXP	End_text: pos = [0,0]
10.554745000000366	EXP	End_text: size = undefined
10.554745000000366	EXP	End_text: text = "This study aimed to look at procedural learning, i.e. our ability to extract patterns from the input that we are constantly receiving. This skill is thought to be essential for language and literacy acquisition and has been suggested as a possible underlying difficult in children with Language Impairments and Dyslexia. This study aims to improve the measures of procedural learning (the smiley face task) so that we can measure procedural learning more reliably and, in the future, analyse the performance of individuals with learning impairments.\nThank you for participating!\n\n----\n\nEste estudo tem como objectivo analisar a nossa capacidade de extrair padrões da informação que estamos constantemente a receber. Pensa-se que esta competência é essencial para a aquisição da linguagem e literacia e foi sugerido que dificuldades neste tipo de competências poderá estar relacionado com perturbações da linguagem e Dislexia. Este estudo tem como objectivo melhorar a estabilidade das medidas usadas para medir este tipo de memória (a tarefa da cara sorridente) de forma a poder medir de forma mais precisa e, no futuro, analisar a performance de indivíduos com perturbações da aprendizagem. \nMuito obrigada por ter participado!"
10.554745000000366	EXP	End_text: font = "Arial"
10.554745000000366	EXP	End_text: color = {"_hex":"#FFFFFF","_rgb":[1,1,1]}
10.554745000000366	EXP	End_text: contrast = 1
10.554745000000366	EXP	End_text: height = 0.025
10.554745000000366	EXP	End_text: bold = false
10.554745000000366	EXP	End_text: italic = false
10.554745000000366	EXP	End_text: alignHoriz = "left"
10.554745000000366	EXP	End_text: alignVert = "center"
10.554745000000366	EXP	End_text: wrapWidth = 1
10.554745000000366	EXP	End_text: flipHoriz = false
10.554745000000366	EXP	End_text: flipVert = false
10.554745000000366	EXP	text: autoDraw = true
17.988950000000386	DATA	Keydown:  
18.012830000000122	EXP	text: autoDraw = false
18.012830000000122	EXP	text_3: autoDraw = true
20.94806000000017	EXP	text_3: autoDraw = false
20.94806000000017	EXP	text_3: autoDraw = false
20.94806000000017	EXP	text_2: autoDraw = true
20.94806000000017	EXP	text_2: text = 1
20.963220000000092	EXP	text_2: text = 33
20.979715000000397	EXP	text_2: text = 50
20.9978100000003	EXP	text_2: text = 70
21.012845000000198	EXP	text_2: text = 83
21.0294700000004	EXP	text_2: text = 99
21.046190000000024	EXP	text_2: text = 116
21.063100000000304	EXP	text_2: text = 133
21.078935	EXP	text_2: text = 149
21.096385000000282	EXP	text_2: text = 166
21.113220000000183	EXP	text_2: text = 183
21.12934000000041	EXP	text_2: text = 199
21.146410000000287	EXP	text_2: text = 216
21.16298000000006	EXP	text_2: text = 233
21.179455000000416	EXP	text_2: text = 249
21.196160000000418	EXP	text_2: text = 266
21.212750000000142	EXP	text_2: text = 283
21.22320000000036	DATA	Keydown:  
21.23099000000002	EXP	text_2: text = 300
21.23099000000002	EXP	text_2: autoDraw = false
21.23099000000002	EXP	Feedback: text = 275
21.23099000000002	EXP	Feedback: autoDraw = true
22.23066000000017	EXP	Feedback: autoDraw = false
22.23066000000017	EXP	Feedback: autoDraw = false
22.23066000000017	EXP	text_3: autoDraw = true
29.215195000000676	EXP	text_3: autoDraw = false
29.215195000000676	EXP	text_3: autoDraw = false
29.215195000000676	EXP	text_2: autoDraw = true
29.215195000000676	EXP	text_2: text = 0
29.22939000000042	EXP	text_2: text = 17
29.24609000000055	EXP	text_2: text = 33
29.263104999999996	EXP	text_2: text = 50
29.279849999999897	EXP	text_2: text = 67
29.2966150000002	EXP	text_2: text = 83
29.313280000000304	EXP	text_2: text = 100
29.329705000000104	EXP	text_2: text = 117
29.346785000000637	EXP	text_2: text = 133
29.363150000000132	EXP	text_2: text = 150
29.37950499999988	EXP	text_2: text = 167
29.396545000000515	EXP	text_2: text = 183
29.41358500000024	EXP	text_2: text = 200
29.42995500000052	EXP	text_2: text = 217
29.446724999999788	EXP	text_2: text = 233
29.449375000000146	DATA	Keydown:  
29.4653100000005	EXP	text_2: text = 250
29.4653100000005	EXP	text_2: autoDraw = false
29.4653100000005	EXP	Feedback: text = 235
29.4653100000005	EXP	Feedback: autoDraw = true
30.463480000000345	EXP	Feedback: autoDraw = false
30.463480000000345	EXP	Feedback: autoDraw = false
30.463480000000345	EXP	text_3: autoDraw = true
34.08242000000063	EXP	text_3: autoDraw = false
34.08242000000063	EXP	text_3: autoDraw = false
34.08242000000063	EXP	text_2: autoDraw = true
34.08242000000063	EXP	text_2: text = 0
34.09681000000001	EXP	text_2: text = 16
34.11346500000035	EXP	text_2: text = 33
34.12975000000005	EXP	text_2: text = 49
34.146609999999775	EXP	text_2: text = 66
34.1630350000005	EXP	text_2: text = 83
34.17993500000011	EXP	text_2: text = 100
34.19634000000041	EXP	text_2: text = 116
34.2134500000002	EXP	text_2: text = 133
34.229875	EXP	text_2: text = 149
34.246625000000684	EXP	text_2: text = 166
34.26311500000066	EXP	text_2: text = 183
34.279755000000485	EXP	text_2: text = 199
34.296250000000335	EXP	text_2: text = 216
34.312800000000614	EXP	text_2: text = 233
34.3297650000004	EXP	text_2: text = 249
34.346905000000326	EXP	text_2: text = 266
34.34870500000033	DATA	Keydown:  
34.36419000000023	EXP	text_2: text = 283
34.36419000000023	EXP	text_2: autoDraw = false
34.36419000000023	EXP	Feedback: text = 266
34.36419000000023	EXP	Feedback: autoDraw = true
35.363550000000025	EXP	Feedback: autoDraw = false
35.363550000000025	EXP	Feedback: autoDraw = false
35.363550000000025	EXP	text_3: autoDraw = true
44.74875000000065	EXP	text_3: autoDraw = false
44.74875000000065	EXP	text_3: autoDraw = false
44.74875000000065	EXP	text_2: autoDraw = true
44.74875000000065	EXP	text_2: text = 0
44.76334000000043	EXP	text_2: text = 17
44.780865000000624	EXP	text_2: text = 34
44.79655000000003	EXP	text_2: text = 50
44.81360500000029	EXP	text_2: text = 67
44.83009500000026	EXP	text_2: text = 83
44.84655500000007	EXP	text_2: text = 100
44.86337499999991	EXP	text_2: text = 117
44.88027000000057	EXP	text_2: text = 133
44.896714999999865	EXP	text_2: text = 150
44.91359499999998	EXP	text_2: text = 167
44.93037999999978	EXP	text_2: text = 183
44.94682999999987	EXP	text_2: text = 200
44.96340000000054	EXP	text_2: text = 217
44.98016499999995	EXP	text_2: text = 233
44.996839999999786	EXP	text_2: text = 250
44.998470000000445	DATA	Keydown:  
45.01540999999997	EXP	text_2: text = 267
45.01540999999997	EXP	text_2: autoDraw = false
45.01540999999997	EXP	Feedback: text = 251
45.01540999999997	EXP	Feedback: autoDraw = true
46.01341000000048	EXP	Feedback: autoDraw = false
46.01341000000048	EXP	Feedback: autoDraw = false
46.01341000000048	EXP	text_3: autoDraw = true
48.415109999999906	EXP	text_3: autoDraw = false
48.415109999999906	EXP	text_3: autoDraw = false
48.415109999999906	EXP	text_2: autoDraw = true
48.415109999999906	EXP	text_2: text = 0
48.42983999999979	EXP	text_2: text = 17
48.446960000000225	EXP	text_2: text = 33
48.46341000000029	EXP	text_2: text = 50
48.480005000000354	EXP	text_2: text = 67
48.496930000000255	EXP	text_2: text = 83
48.51367500000014	EXP	text_2: text = 100
48.530115000000485	EXP	text_2: text = 117
48.54716999999982	EXP	text_2: text = 133
48.56351499999982	EXP	text_2: text = 150
48.58010000000014	EXP	text_2: text = 167
48.59695999999986	EXP	text_2: text = 183
48.613420000000595	EXP	text_2: text = 200
48.63023000000066	EXP	text_2: text = 217
48.64658000000053	EXP	text_2: text = 233
48.66357000000061	EXP	text_2: text = 250
48.68050500000026	EXP	text_2: text = 267
48.6824800000004	DATA	Keydown:  
48.697885000000504	EXP	text_2: text = 283
48.697885000000504	EXP	text_2: autoDraw = false
48.697885000000504	EXP	Feedback: text = 267
48.697885000000504	EXP	Feedback: autoDraw = true
49.69693499999993	EXP	Feedback: autoDraw = false
49.69693499999993	EXP	Feedback: autoDraw = false
49.69693499999993	EXP	text_3: autoDraw = true
55.7980750000006	EXP	text_3: autoDraw = false
55.7980750000006	EXP	text_3: autoDraw = false
55.7980750000006	EXP	text_2: autoDraw = true
55.7980750000006	EXP	text_2: text = 0
55.813720000000096	EXP	text_2: text = 17
55.83022500000062	EXP	text_2: text = 33
55.847180000000655	EXP	text_2: text = 50
55.863335	EXP	text_2: text = 67
55.880275000000445	EXP	text_2: text = 83
55.896745	EXP	text_2: text = 100
55.913505000000434	EXP	text_2: text = 117
55.929920000000486	EXP	text_2: text = 133
55.94719500000064	EXP	text_2: text = 150
55.96334000000024	EXP	text_2: text = 167
55.98040500000024	EXP	text_2: text = 183
55.997185000000165	EXP	text_2: text = 200
56.01376500000061	EXP	text_2: text = 217
56.030475000000486	EXP	text_2: text = 233
56.04716999999982	EXP	text_2: text = 250
56.06579500000043	EXP	text_2: text = 267
56.07225999999992	DATA	Keydown:  
56.08248999999979	EXP	text_2: text = 283
56.08248999999979	EXP	text_2: autoDraw = false
56.08248999999979	EXP	Feedback: text = 274
56.08248999999979	EXP	Feedback: autoDraw = true
57.08099500000025	EXP	Feedback: autoDraw = false
57.08099500000025	EXP	Feedback: autoDraw = false
57.08099500000025	EXP	text_3: autoDraw = true
59.79806999999983	EXP	text_3: autoDraw = false
59.79806999999983	EXP	text_3: autoDraw = false
59.79806999999983	EXP	text_2: autoDraw = true
59.79806999999983	EXP	text_2: text = 0
59.81390000000011	EXP	text_2: text = 17
59.83053000000019	EXP	text_2: text = 33
59.84776500000043	EXP	text_2: text = 50
59.86385500000052	EXP	text_2: text = 67
59.88083000000005	EXP	text_2: text = 83
59.89734000000045	EXP	text_2: text = 100
59.913845000000045	EXP	text_2: text = 117
59.930535000000425	EXP	text_2: text = 133
59.947900000000125	EXP	text_2: text = 150
59.96384500000021	EXP	text_2: text = 167
59.98032000000057	EXP	text_2: text = 183
59.997310000000645	EXP	text_2: text = 200
60.013955000000344	EXP	text_2: text = 217
60.03031999999984	EXP	text_2: text = 233
60.04752000000007	EXP	text_2: text = 250
60.063615000000034	EXP	text_2: text = 267
60.08062000000063	EXP	text_2: text = 283
60.08259499999985	DATA	Keydown:  
60.09826000000066	EXP	text_2: text = 300
60.09826000000066	EXP	text_2: autoDraw = false
60.09826000000066	EXP	Feedback: text = 285
60.09826000000066	EXP	Feedback: autoDraw = true
61.0977899999998	EXP	Feedback: autoDraw = false
61.0977899999998	EXP	Feedback: autoDraw = false
61.0977899999998	EXP	text_3: autoDraw = true
63.698269999999866	EXP	text_3: autoDraw = false
63.698269999999866	EXP	text_3: autoDraw = false
63.698269999999866	EXP	text_2: autoDraw = true
63.698269999999866	EXP	text_2: text = 0
63.71394500000042	EXP	text_2: text = 17
63.73034000000007	EXP	text_2: text = 33
63.747629999999845	EXP	text_2: text = 50
63.763904999999795	EXP	text_2: text = 67
63.7805500000004	EXP	text_2: text = 83
63.797349999999824	EXP	text_2: text = 100
63.81402500000058	EXP	text_2: text = 117
63.830535000000054	EXP	text_2: text = 133
63.84736000000066	EXP	text_2: text = 150
63.864175000000614	EXP	text_2: text = 167
63.88048500000059	EXP	text_2: text = 183
63.897179999999935	EXP	text_2: text = 200
63.913564999999835	EXP	text_2: text = 217
63.93016500000067	EXP	text_2: text = 233
63.94717000000037	EXP	text_2: text = 250
63.96356999999989	EXP	text_2: text = 267
63.97322500000064	DATA	Keydown:  
63.98181000000022	EXP	text_2: text = 283
63.98181000000022	EXP	text_2: autoDraw = false
63.98181000000022	EXP	Feedback: text = 275
63.98181000000022	EXP	Feedback: autoDraw = true
64.9808750000002	EXP	Feedback: autoDraw = false
64.9808750000002	EXP	Feedback: autoDraw = false
64.9808750000002	EXP	text_3: autoDraw = true
67.06523000000016	EXP	text_3: autoDraw = false
67.06523000000016	EXP	text_3: autoDraw = false
67.06523000000016	EXP	text_2: autoDraw = true
67.06523000000016	EXP	text_2: text = 0
67.08085000000028	EXP	text_2: text = 17
67.09748000000036	EXP	text_2: text = 33
67.11387999999988	EXP	text_2: text = 50
67.1306599999998	EXP	text_2: text = 66
67.15044000000034	EXP	text_2: text = 83
67.16408000000047	EXP	text_2: text = 100
67.18076500000006	EXP	text_2: text = 117
67.19755500000065	EXP	text_2: text = 133
67.21472499999982	EXP	text_2: text = 150
67.23070499999994	EXP	text_2: text = 166
67.24775000000045	EXP	text_2: text = 183
67.2638649999999	EXP	text_2: text = 200
67.2807499999999	EXP	text_2: text = 217
67.29783000000043	EXP	text_2: text = 233
67.31433500000003	EXP	text_2: text = 250
67.33063500000026	EXP	text_2: text = 266
67.34755000000041	EXP	text_2: text = 283
67.36418000000049	EXP	text_2: text = 300
67.38067000000046	EXP	text_2: text = 316
67.39750999999978	EXP	text_2: text = 333
67.41402500000004	EXP	text_2: text = 350
67.43067000000065	EXP	text_2: text = 366
67.44754499999999	EXP	text_2: text = 383
67.4544850000002	DATA	Keydown:  
67.46533	EXP	text_2: text = 400
67.46533	EXP	text_2: autoDraw = false
67.46533	EXP	Feedback: text = 389
67.46533	EXP	Feedback: autoDraw = true
68.46412000000055	EXP	Feedback: autoDraw = false
68.46412000000055	EXP	Feedback: autoDraw = false
68.46412000000055	EXP	text_3: autoDraw = true
73.29900499999985	EXP	text_3: autoDraw = false
73.29900499999985	EXP	text_3: autoDraw = false
73.29900499999985	EXP	text_2: autoDraw = true
73.29900499999985	EXP	text_2: text = 0
73.3145400000003	EXP	text_2: text = 17
73.33130500000061	EXP	text_2: text = 33
73.34797500000059	EXP	text_2: text = 50
73.36456499999986	EXP	text_2: text = 66
73.38165500000014	EXP	text_2: text = 83
73.39792500000021	EXP	text_2: text = 100
73.41471000000001	EXP	text_2: text = 116
73.43055999999979	EXP	text_2: text = 133
73.44779999999992	EXP	text_2: text = 150
73.46461	EXP	text_2: text = 166
73.48102500000005	EXP	text_2: text = 183
73.49813499999982	EXP	text_2: text = 200
73.5145849999999	EXP	text_2: text = 216
73.53152000000046	EXP	text_2: text = 233
73.54773999999998	EXP	text_2: text = 250
73.56505000000016	EXP	text_2: text = 267
73.58115499999985	EXP	text_2: text = 283
73.59794500000044	EXP	text_2: text = 300
73.61514500000067	EXP	text_2: text = 316
73.61711500000001	DATA	Keydown:  
73.6336250000004	EXP	text_2: text = 333
73.6336250000004	EXP	text_2: autoDraw = false
73.6336250000004	EXP	Feedback: text = 318
73.6336250000004	EXP	Feedback: autoDraw = true
74.63227999999981	EXP	Feedback: autoDraw = false
74.63227999999981	EXP	Feedback: autoDraw = false
74.63227999999981	EXP	text_3: autoDraw = true
81.59877000000051	EXP	text_3: autoDraw = false
81.59877000000051	EXP	text_3: autoDraw = false
81.59877000000051	EXP	text_2: autoDraw = true
81.59877000000051	EXP	text_2: text = 0
81.61470499999996	EXP	text_2: text = 16
81.63089500000024	EXP	text_2: text = 33
81.64792500000021	EXP	text_2: text = 50
81.66395999999986	EXP	text_2: text = 66
81.68112500000007	EXP	text_2: text = 83
81.69803000000047	EXP	text_2: text = 100
81.71493499999997	EXP	text_2: text = 116
81.73116000000027	EXP	text_2: text = 133
81.74890500000038	EXP	text_2: text = 150
81.76439500000015	EXP	text_2: text = 166
81.7811700000002	EXP	text_2: text = 183
81.79815000000053	EXP	text_2: text = 200
81.81441499999983	EXP	text_2: text = 216
81.83111999999983	EXP	text_2: text = 233
81.84777000000031	EXP	text_2: text = 250
81.86448999999993	EXP	text_2: text = 266
81.86649500000021	DATA	Keydown:  
81.88201000000026	EXP	text_2: text = 283
81.88201000000026	EXP	text_2: autoDraw = false
81.88201000000026	EXP	Feedback: text = 268
81.88201000000026	EXP	Feedback: autoDraw = true
82.88072000000011	EXP	Feedback: autoDraw = false
82.88072000000011	EXP	Feedback: autoDraw = false
82.88072000000011	EXP	text_3: autoDraw = true
89.30133000000023	DATA	Keydown:  
92.13238000000001	EXP	text_3: autoDraw = false
92.13238000000001	EXP	text_3: autoDraw = false
92.13238000000001	EXP	text_2: autoDraw = true
92.13238000000001	EXP	text_2: text = 0
92.14817500000026	EXP	text_2: text = 17
92.16499999999996	EXP	text_2: text = 33
92.18152499999997	EXP	text_2: text = 50
92.19812000000002	EXP	text_2: text = 66
92.2148900000002	EXP	text_2: text = 83
92.23148500000025	EXP	text_2: text = 100
92.24781500000063	EXP	text_2: text = 116
92.2647050000005	EXP	text_2: text = 133
92.28164000000015	EXP	text_2: text = 150
92.29820500000005	EXP	text_2: text = 166
92.31510500000059	EXP	text_2: text = 183
92.33140000000003	EXP	text_2: text = 200
92.3483299999998	EXP	text_2: text = 216
92.36487000000034	EXP	text_2: text = 233
92.38143000000036	EXP	text_2: text = 250
92.38320500000009	DATA	Keydown:  
92.39976999999999	EXP	text_2: text = 267
92.39976999999999	EXP	text_2: autoDraw = false
92.39976999999999	EXP	Feedback: text = 251
92.39976999999999	EXP	Feedback: autoDraw = true
93.39821000000029	EXP	Feedback: autoDraw = false
93.39821000000029	EXP	Feedback: autoDraw = false
93.39821000000029	EXP	text_3: autoDraw = true
97.66604000000007	EXP	text_3: autoDraw = false
97.66604000000007	EXP	text_3: autoDraw = false
97.66604000000007	EXP	text_2: autoDraw = true
97.66604000000007	EXP	text_2: text = 0
97.6816200000003	EXP	text_2: text = 17
97.6981050000004	EXP	text_2: text = 33
97.71512500000063	EXP	text_2: text = 50
97.73154000000068	EXP	text_2: text = 66
97.74821000000065	EXP	text_2: text = 83
97.76523499999985	EXP	text_2: text = 100
97.78175999999985	EXP	text_2: text = 116
97.79836500000056	EXP	text_2: text = 133
97.81498499999998	EXP	text_2: text = 150
97.83171500000026	EXP	text_2: text = 167
97.84788500000013	EXP	text_2: text = 183
97.86504500000046	EXP	text_2: text = 200
97.88198000000011	EXP	text_2: text = 217
97.89940500000012	EXP	text_2: text = 233
97.91631000000052	EXP	text_2: text = 250
97.93220500000007	EXP	text_2: text = 267
97.94899500000065	EXP	text_2: text = 283
97.96574000000055	EXP	text_2: text = 300
97.9817350000003	EXP	text_2: text = 317
97.99819500000012	EXP	text_2: text = 333
98.01485500000035	EXP	text_2: text = 350
98.03168499999992	EXP	text_2: text = 367
98.04364500000065	DATA	Keydown:  
98.04980000000069	EXP	text_2: text = 384
98.04980000000069	EXP	text_2: autoDraw = false
98.04980000000069	EXP	Feedback: text = 378
98.04980000000069	EXP	Feedback: autoDraw = true
99.04836500000056	EXP	Feedback: autoDraw = false
99.04836500000056	EXP	Feedback: autoDraw = false
99.04836500000056	EXP	text_3: autoDraw = true
102.11683499999981	EXP	text_3: autoDraw = false
102.11683499999981	EXP	text_3: autoDraw = false
102.11683499999981	EXP	text_2: autoDraw = true
102.11683499999981	EXP	text_2: text = 0
102.13182000000052	EXP	text_2: text = 17
102.14892000000054	EXP	text_2: text = 33
102.16571999999996	EXP	text_2: text = 52
102.1815400000005	EXP	text_2: text = 67
102.19857000000047	EXP	text_2: text = 83
102.21509500000047	EXP	text_2: text = 100
102.23192000000017	EXP	text_2: text = 117
102.2484599999998	EXP	text_2: text = 133
102.2652050000006	EXP	text_2: text = 150
102.2816499999999	EXP	text_2: text = 167
102.29956000000038	EXP	text_2: text = 186
102.31569000000036	EXP	text_2: text = 200
102.33168000000023	EXP	text_2: text = 217
102.34884500000044	EXP	text_2: text = 233
102.36542999999983	EXP	text_2: text = 250
102.38212999999996	EXP	text_2: text = 267
102.39857000000029	EXP	text_2: text = 283
102.40058000000045	DATA	Keydown:  
102.41744000000017	EXP	text_2: text = 300
102.41744000000017	EXP	text_2: autoDraw = false
102.41744000000017	EXP	Feedback: text = 284
102.41744000000017	EXP	Feedback: autoDraw = true
103.41546000000017	EXP	Feedback: autoDraw = false
103.41546000000017	EXP	Feedback: autoDraw = false
103.41546000000017	EXP	text_3: autoDraw = true
105.96578500000032	EXP	text_3: autoDraw = false
105.96578500000032	EXP	text_3: autoDraw = false
105.96578500000032	EXP	text_2: autoDraw = true
105.96578500000032	EXP	text_2: text = 0
105.98176000000058	EXP	text_2: text = 17
105.99837500000012	EXP	text_2: text = 33
106.0148650000001	EXP	text_2: text = 50
106.0313900000001	EXP	text_2: text = 67
106.04846499999985	EXP	text_2: text = 83
106.06484499999988	EXP	text_2: text = 100
106.08183000000008	EXP	text_2: text = 117
106.09845500000029	EXP	text_2: text = 133
106.11547000000064	EXP	text_2: text = 150
106.13191000000006	EXP	text_2: text = 167
106.14841500000057	EXP	text_2: text = 183
106.16513500000019	EXP	text_2: text = 200
106.18197000000055	EXP	text_2: text = 217
106.19845500000065	EXP	text_2: text = 233
106.2151700000004	EXP	text_2: text = 250
106.23167999999987	EXP	text_2: text = 267
106.24694	DATA	Keydown:  
106.2535600000001	EXP	text_2: text = 287
106.2535600000001	EXP	text_2: autoDraw = false
106.2535600000001	EXP	Feedback: text = 281
106.2535600000001	EXP	Feedback: autoDraw = true
107.24863499999992	EXP	Feedback: autoDraw = false
107.24863499999992	EXP	Feedback: autoDraw = false
107.24863499999992	EXP	text_3: autoDraw = true
109.71637499999997	EXP	text_3: autoDraw = false
109.71637499999997	EXP	text_3: autoDraw = false
109.71637499999997	EXP	text_2: autoDraw = true
109.71637499999997	EXP	text_2: text = 0
109.73187000000053	EXP	text_2: text = 17
109.74861000000055	EXP	text_2: text = 33
109.76509500000066	EXP	text_2: text = 50
109.78216000000066	EXP	text_2: text = 67
109.79846499999985	EXP	text_2: text = 83
109.81533500000023	EXP	text_2: text = 100
109.83182000000033	EXP	text_2: text = 117
109.84862500000054	EXP	text_2: text = 133
109.86527000000024	EXP	text_2: text = 150
109.88151000000016	EXP	text_2: text = 167
109.89836000000014	EXP	text_2: text = 183
109.91531000000032	EXP	text_2: text = 200
109.93170499999997	EXP	text_2: text = 217
109.9472050000004	EXP	text_2: text = 233
109.9651100000001	EXP	text_2: text = 250
109.97694500000034	DATA	Keydown:  
109.9831549999999	EXP	text_2: text = 267
109.9831549999999	EXP	text_2: autoDraw = false
109.9831549999999	EXP	Feedback: text = 261
109.9831549999999	EXP	Feedback: autoDraw = true
110.98204500000065	EXP	Feedback: autoDraw = false
110.98204500000065	EXP	Feedback: autoDraw = false
110.98204500000065	EXP	text_3: autoDraw = true
113.29951500000061	EXP	text_3: autoDraw = false
113.29951500000061	EXP	text_3: autoDraw = false
113.29951500000061	EXP	text_2: autoDraw = true
113.29951500000061	EXP	text_2: text = 0
113.31561500000043	EXP	text_2: text = 17
113.33208999999988	EXP	text_2: text = 33
113.34889000000021	EXP	text_2: text = 50
113.36548500000026	EXP	text_2: text = 67
113.38190500000019	EXP	text_2: text = 83
113.39860000000044	EXP	text_2: text = 100
113.41564500000004	EXP	text_2: text = 117
113.4320200000002	EXP	text_2: text = 133
113.44870499999979	EXP	text_2: text = 150
113.46552000000065	EXP	text_2: text = 167
113.482215	EXP	text_2: text = 183
113.4988400000002	EXP	text_2: text = 200
113.51511000000028	EXP	text_2: text = 217
113.53218500000003	EXP	text_2: text = 233
113.54869500000041	EXP	text_2: text = 250
113.56560500000069	EXP	text_2: text = 267
113.58192500000041	EXP	text_2: text = 283
113.59860500000013	EXP	text_2: text = 300
113.61586500000067	EXP	text_2: text = 317
113.61755499999981	DATA	Keydown:  
113.6343450000004	EXP	text_2: text = 333
113.6343450000004	EXP	text_2: autoDraw = false
113.6343450000004	EXP	Feedback: text = 318
113.6343450000004	EXP	Feedback: autoDraw = true
114.63209499999994	EXP	Feedback: autoDraw = false
114.63209499999994	EXP	Feedback: autoDraw = false
114.63209499999994	EXP	text_3: autoDraw = true
123.40004000000044	EXP	text_3: autoDraw = false
123.40004000000044	EXP	text_3: autoDraw = false
123.40004000000044	EXP	text_2: autoDraw = true
123.40004000000044	EXP	text_2: text = 0
123.41568000000007	EXP	text_2: text = 16
123.43224999999984	EXP	text_2: text = 33
123.44936000000052	EXP	text_2: text = 50
123.46597999999994	EXP	text_2: text = 66
123.48217999999997	EXP	text_2: text = 83
123.49914500000068	EXP	text_2: text = 100
123.51609499999995	EXP	text_2: text = 117
123.53247999999985	EXP	text_2: text = 133
123.54917999999998	EXP	text_2: text = 150
123.56656999999996	EXP	text_2: text = 167
123.58230000000003	EXP	text_2: text = 183
123.59935000000041	EXP	text_2: text = 200
123.61556000000019	EXP	text_2: text = 217
123.63270499999999	EXP	text_2: text = 233
123.65027499999997	EXP	text_2: text = 250
123.65573500000028	DATA	Keydown:  
123.66701000000012	EXP	text_2: text = 267
123.66701000000012	EXP	text_2: autoDraw = false
123.66701000000012	EXP	Feedback: text = 256
123.66701000000012	EXP	Feedback: autoDraw = true
124.66592000000037	EXP	Feedback: autoDraw = false
124.66592000000037	EXP	Feedback: autoDraw = false
124.66592000000037	EXP	text_3: autoDraw = true
130.23334500000055	EXP	text_3: autoDraw = false
130.23334500000055	EXP	text_3: autoDraw = false
130.23334500000055	EXP	text_2: autoDraw = true
130.23334500000055	EXP	text_2: text = 0
130.24911500000053	EXP	text_2: text = 17
130.26584000000003	EXP	text_2: text = 33
130.28240000000005	EXP	text_2: text = 50
130.29878499999995	EXP	text_2: text = 67
130.31610499999988	EXP	text_2: text = 83
130.33243500000026	EXP	text_2: text = 100
130.3490300000003	EXP	text_2: text = 117
130.36588500000016	EXP	text_2: text = 133
130.3825200000001	EXP	text_2: text = 150
130.3992699999999	EXP	text_2: text = 167
130.41604000000007	EXP	text_2: text = 183
130.43262500000037	EXP	text_2: text = 200
130.44916000000012	EXP	text_2: text = 217
130.45874999999978	DATA	Keydown:  
130.4672300000002	EXP	text_2: text = 233
130.4672300000002	EXP	text_2: autoDraw = false
130.4672300000002	EXP	Feedback: text = 226
130.4672300000002	EXP	Feedback: autoDraw = true
131.4659700000002	EXP	Feedback: autoDraw = false
131.4659700000002	EXP	Feedback: autoDraw = false
131.4659700000002	EXP	text_3: autoDraw = true
139.1006150000003	EXP	text_3: autoDraw = false
139.1006150000003	EXP	text_3: autoDraw = false
139.1006150000003	EXP	text_2: autoDraw = true
139.1006150000003	EXP	text_2: text = 0
139.11619500000052	EXP	text_2: text = 17
139.13312000000042	EXP	text_2: text = 33
139.1495249999998	EXP	text_2: text = 50
139.16642000000047	EXP	text_2: text = 67
139.18269500000042	EXP	text_2: text = 83
139.19966000000022	EXP	text_2: text = 100
139.21624500000053	EXP	text_2: text = 117
139.23255000000063	EXP	text_2: text = 133
139.2494400000005	EXP	text_2: text = 150
139.2663250000005	EXP	text_2: text = 167
139.2827100000004	EXP	text_2: text = 183
139.29954499999985	EXP	text_2: text = 200
139.31793500000003	EXP	text_2: text = 217
139.33283500000016	EXP	text_2: text = 233
139.3504499999999	EXP	text_2: text = 250
139.36637500000052	EXP	text_2: text = 267
139.38349000000017	EXP	text_2: text = 283
139.3852050000005	DATA	Keydown:  
139.40069500000027	EXP	text_2: text = 300
139.40069500000027	EXP	text_2: autoDraw = false
139.40069500000027	EXP	Feedback: text = 285
139.40069500000027	EXP	Feedback: autoDraw = true
140.39966000000004	EXP	Feedback: autoDraw = false
140.39966000000004	EXP	Feedback: autoDraw = false
140.39966000000004	EXP	text_3: autoDraw = true
142.4005299999999	EXP	text_3: autoDraw = false
142.4005299999999	EXP	text_3: autoDraw = false
142.4005299999999	EXP	text_2: autoDraw = true
142.4005299999999	EXP	text_2: text = 0
142.41615000000002	EXP	text_2: text = 17
142.43298500000037	EXP	text_2: text = 33
142.44951000000037	EXP	text_2: text = 50
142.4666100000004	EXP	text_2: text = 67
142.48296000000028	EXP	text_2: text = 83
142.49971499999992	EXP	text_2: text = 100
142.51661500000046	EXP	text_2: text = 117
142.53313500000058	EXP	text_2: text = 133
142.54962500000056	EXP	text_2: text = 150
142.56639499999983	EXP	text_2: text = 167
142.5829250000006	EXP	text_2: text = 183
142.5992350000006	EXP	text_2: text = 200
142.6166549999998	EXP	text_2: text = 217
142.63306999999986	EXP	text_2: text = 233
142.64953500000047	EXP	text_2: text = 250
142.66635000000042	EXP	text_2: text = 267
142.68310500000007	EXP	text_2: text = 283
142.6890400000002	DATA	Keydown:  
142.70081000000027	EXP	text_2: text = 300
142.70081000000027	EXP	text_2: autoDraw = false
142.70081000000027	EXP	Feedback: text = 289
142.70081000000027	EXP	Feedback: autoDraw = true
143.6996850000005	EXP	Feedback: autoDraw = false
143.6996850000005	EXP	Feedback: autoDraw = false
143.6996850000005	EXP	text_3: autoDraw = true
151.56759500000044	EXP	text_3: autoDraw = false
151.56759500000044	EXP	text_3: autoDraw = false
151.56759500000044	EXP	text_2: autoDraw = true
151.56759500000044	EXP	text_2: text = 0
151.58255000000008	EXP	text_2: text = 17
151.5999750000001	EXP	text_2: text = 33
151.61664500000006	EXP	text_2: text = 50
151.63308000000052	EXP	text_2: text = 67
151.64982500000042	EXP	text_2: text = 83
151.6667950000001	EXP	text_2: text = 100
151.68321500000002	EXP	text_2: text = 117
151.69974000000002	EXP	text_2: text = 133
151.71668000000045	EXP	text_2: text = 150
151.73325000000023	EXP	text_2: text = 167
151.7498000000005	EXP	text_2: text = 183
151.76649499999985	EXP	text_2: text = 200
151.7831900000001	EXP	text_2: text = 217
151.7993350000006	EXP	text_2: text = 233
151.81648500000028	EXP	text_2: text = 250
151.83346500000061	EXP	text_2: text = 267
151.83514000000014	DATA	Keydown:  
151.8508099999999	EXP	text_2: text = 283
151.8508099999999	EXP	text_2: autoDraw = false
151.8508099999999	EXP	Feedback: text = 268
151.8508099999999	EXP	Feedback: autoDraw = true
152.8506950000001	EXP	Feedback: autoDraw = false
152.8506950000001	EXP	Feedback: autoDraw = false
152.8506950000001	EXP	text_3: autoDraw = true
158.2510200000006	EXP	text_3: autoDraw = false
158.2510200000006	EXP	text_3: autoDraw = false
158.2510200000006	EXP	text_2: autoDraw = true
158.2510200000006	EXP	text_2: text = 0
158.26715000000058	EXP	text_2: text = 17
158.28327500000069	EXP	text_2: text = 33
158.30011000000013	EXP	text_2: text = 50
158.31666500000028	EXP	text_2: text = 67
158.33338000000003	EXP	text_2: text = 83
158.3499150000007	EXP	text_2: text = 100
158.36699000000044	EXP	text_2: text = 117
158.3827250000004	EXP	text_2: text = 133
158.40005999999994	EXP	text_2: text = 150
158.4168150000005	EXP	text_2: text = 167
158.4334600000002	EXP	text_2: text = 183
158.4501449999998	EXP	text_2: text = 200
158.46678000000065	EXP	text_2: text = 217
158.48343999999997	EXP	text_2: text = 233
158.49998500000038	EXP	text_2: text = 250
158.51691000000028	EXP	text_2: text = 267
158.53319999999985	EXP	text_2: text = 283
158.53722500000003	DATA	Keydown:  
158.55108000000018	EXP	text_2: text = 300
158.55108000000018	EXP	text_2: autoDraw = false
158.55108000000018	EXP	Feedback: text = 286
158.55108000000018	EXP	Feedback: autoDraw = true
159.55025000000023	EXP	Feedback: autoDraw = false
159.55025000000023	EXP	Feedback: autoDraw = false
159.55025000000023	EXP	text_3: autoDraw = true
164.71784000000025	EXP	text_3: autoDraw = false
164.71784000000025	EXP	text_3: autoDraw = false
164.71784000000025	EXP	text_2: autoDraw = true
164.71784000000025	EXP	text_2: text = 0
164.73356500000045	EXP	text_2: text = 17
164.75003500000003	EXP	text_2: text = 33
164.76673500000015	EXP	text_2: text = 50
164.7834700000003	EXP	text_2: text = 67
164.800295	EXP	text_2: text = 83
164.8164999999999	EXP	text_2: text = 100
164.8337500000007	EXP	text_2: text = 117
164.8502900000003	EXP	text_2: text = 133
164.86686999999984	EXP	text_2: text = 150
164.88337500000034	EXP	text_2: text = 167
164.90012500000012	EXP	text_2: text = 183
164.91678500000035	EXP	text_2: text = 200
164.93364500000007	EXP	text_2: text = 217
164.95008000000053	EXP	text_2: text = 233
164.96689500000048	EXP	text_2: text = 250
164.98360000000048	EXP	text_2: text = 267
165.00055000000066	EXP	text_2: text = 283
165.01695999999993	EXP	text_2: text = 300
165.03382500000043	EXP	text_2: text = 317
165.0354750000006	DATA	Keydown:  
165.05135000000064	EXP	text_2: text = 333
165.05135000000064	EXP	text_2: autoDraw = false
165.05135000000064	EXP	Feedback: text = 318
165.05135000000064	EXP	Feedback: autoDraw = true
166.04989999999998	EXP	Feedback: autoDraw = false
166.04989999999998	EXP	Feedback: autoDraw = false
166.04989999999998	EXP	text_3: autoDraw = true
170.14321500000005	DATA	Keydown:  
173.50143000000025	EXP	text_3: autoDraw = false
173.50143000000025	EXP	text_3: autoDraw = false
173.50143000000025	EXP	text_2: autoDraw = true
173.50143000000025	EXP	text_2: text = 0
173.51711000000068	EXP	text_2: text = 17
173.5336299999999	EXP	text_2: text = 33
173.5504950000004	EXP	text_2: text = 50
173.5670200000004	EXP	text_2: text = 67
173.5840850000004	EXP	text_2: text = 83
173.60042000000067	EXP	text_2: text = 100
173.61754999999994	EXP	text_2: text = 117
173.6336849999998	EXP	text_2: text = 133
173.65049	EXP	text_2: text = 150
173.66739000000052	EXP	text_2: text = 167
173.68382500000007	EXP	text_2: text = 183
173.70481999999993	EXP	text_2: text = 200
173.71708000000035	EXP	text_2: text = 217
173.7362549999998	EXP	text_2: text = 236
173.7405550000003	DATA	Keydown:  
173.75249500000064	EXP	text_2: text = 252
173.75249500000064	EXP	text_2: autoDraw = false
173.75249500000064	EXP	Feedback: text = 239
173.75249500000064	EXP	Feedback: autoDraw = true
174.75054499999987	EXP	Feedback: autoDraw = false
174.75054499999987	EXP	Feedback: autoDraw = false
174.75054499999987	EXP	text_3: autoDraw = true
179.06829500000003	EXP	text_3: autoDraw = false
179.06829500000003	EXP	text_3: autoDraw = false
179.06829500000003	EXP	text_2: autoDraw = true
179.06829500000003	EXP	text_2: text = 0
179.083705	EXP	text_2: text = 17
179.10043000000042	EXP	text_2: text = 33
179.11736999999994	EXP	text_2: text = 50
179.133965	EXP	text_2: text = 67
179.15070000000014	EXP	text_2: text = 83
179.16737000000012	EXP	text_2: text = 100
179.18405500000063	EXP	text_2: text = 117
179.20079500000065	EXP	text_2: text = 133
179.21738499999992	EXP	text_2: text = 150
179.23400000000038	EXP	text_2: text = 167
179.25029499999982	EXP	text_2: text = 183
179.26741000000038	EXP	text_2: text = 200
179.28378500000053	EXP	text_2: text = 217
179.30058499999996	EXP	text_2: text = 233
179.31728500000008	EXP	text_2: text = 250
179.33422500000052	EXP	text_2: text = 267
179.3417100000006	DATA	Keydown:  
179.35161000000062	EXP	text_2: text = 283
179.35161000000062	EXP	text_2: autoDraw = false
179.35161000000062	EXP	Feedback: text = 273
179.35161000000062	EXP	Feedback: autoDraw = true
180.35064500000044	EXP	Feedback: autoDraw = false
180.35064500000044	EXP	Feedback: autoDraw = false
180.35064500000044	EXP	text_3: autoDraw = true
183.58497500000067	EXP	text_3: autoDraw = false
183.58497500000067	EXP	text_3: autoDraw = false
183.58497500000067	EXP	text_2: autoDraw = true
183.58497500000067	EXP	text_2: text = 0
183.6000350000004	EXP	text_2: text = 17
183.6176000000005	EXP	text_2: text = 33
183.63421000000017	EXP	text_2: text = 50
183.65065500000037	EXP	text_2: text = 67
183.66741000000002	EXP	text_2: text = 83
183.6838600000001	EXP	text_2: text = 100
183.70049000000017	EXP	text_2: text = 117
183.71724499999982	EXP	text_2: text = 133
183.73437999999987	EXP	text_2: text = 150
183.75077000000056	EXP	text_2: text = 167
183.76773000000048	EXP	text_2: text = 183
183.78390500000023	EXP	text_2: text = 200
183.8007750000006	EXP	text_2: text = 217
183.81746999999996	EXP	text_2: text = 233
183.83459500000026	EXP	text_2: text = 250
183.85138499999994	EXP	text_2: text = 267
183.86769000000004	EXP	text_2: text = 283
183.88387500000044	EXP	text_2: text = 300
183.88856000000033	DATA	Keydown:  
183.9023100000004	EXP	text_2: text = 317
183.9023100000004	EXP	text_2: autoDraw = false
183.9023100000004	EXP	Feedback: text = 304
183.9023100000004	EXP	Feedback: autoDraw = true
184.90041999999994	EXP	Feedback: autoDraw = false
184.90041999999994	EXP	Feedback: autoDraw = false
184.90041999999994	EXP	text_3: autoDraw = true
192.7689049999999	EXP	text_3: autoDraw = false
192.7689049999999	EXP	text_3: autoDraw = false
192.7689049999999	EXP	text_2: autoDraw = true
192.7689049999999	EXP	text_2: text = 0
192.78422500000033	EXP	text_2: text = 16
192.80070500000056	EXP	text_2: text = 33
192.81757500000003	EXP	text_2: text = 50
192.83426000000054	EXP	text_2: text = 67
192.85109999999986	EXP	text_2: text = 83
192.86776499999996	EXP	text_2: text = 100
192.88410999999996	EXP	text_2: text = 117
192.9009700000006	EXP	text_2: text = 133
192.9178550000006	EXP	text_2: text = 150
192.93417000000045	EXP	text_2: text = 166
192.9508450000003	EXP	text_2: text = 183
192.96772500000043	EXP	text_2: text = 200
192.98397000000023	EXP	text_2: text = 217
193.00065499999982	EXP	text_2: text = 233
193.01749500000005	EXP	text_2: text = 250
193.03422500000033	EXP	text_2: text = 267
193.0507150000003	EXP	text_2: text = 283
193.06746500000008	EXP	text_2: text = 300
193.08455500000036	EXP	text_2: text = 317
193.0861249999998	DATA	Keydown:  
193.1018949999998	EXP	text_2: text = 333
193.1018949999998	EXP	text_2: autoDraw = false
193.1018949999998	EXP	Feedback: text = 317
193.1018949999998	EXP	Feedback: autoDraw = true
194.1012099999998	EXP	Feedback: autoDraw = false
194.1012099999998	EXP	Feedback: autoDraw = false
194.1012099999998	EXP	text_3: autoDraw = true
203.11886500000037	EXP	text_3: autoDraw = false
203.11886500000037	EXP	text_3: autoDraw = false
203.11886500000037	EXP	text_2: autoDraw = true
203.11886500000037	EXP	text_2: text = 0
203.1347050000004	EXP	text_2: text = 16
203.1516099999999	EXP	text_2: text = 33
203.16796500000055	EXP	text_2: text = 50
203.18457000000035	EXP	text_2: text = 66
203.20145000000048	EXP	text_2: text = 83
203.21811500000058	EXP	text_2: text = 100
203.2348149999998	EXP	text_2: text = 116
203.25124500000038	EXP	text_2: text = 133
203.26817500000016	EXP	text_2: text = 150
203.28459999999995	EXP	text_2: text = 166
203.30090500000006	EXP	text_2: text = 183
203.31802000000062	EXP	text_2: text = 200
203.33477500000026	EXP	text_2: text = 216
203.3514350000005	EXP	text_2: text = 233
203.35586500000045	DATA	Keydown:  
203.36942	EXP	text_2: text = 250
203.36942	EXP	text_2: autoDraw = false
203.36942	EXP	Feedback: text = 237
203.36942	EXP	Feedback: autoDraw = true
204.36828500000047	EXP	Feedback: autoDraw = false
204.36828500000047	EXP	Feedback: autoDraw = false
204.36828500000047	EXP	text_3: autoDraw = true
213.63669000000027	EXP	text_3: autoDraw = false
213.63669000000027	EXP	text_3: autoDraw = false
213.63669000000027	EXP	text_2: autoDraw = true
213.63669000000027	EXP	text_2: text = 0
213.65221500000007	EXP	text_2: text = 17
213.6690150000004	EXP	text_2: text = 33
213.6854800000001	EXP	text_2: text = 50
213.70236000000023	EXP	text_2: text = 67
213.7188500000002	EXP	text_2: text = 83
213.7357750000001	EXP	text_2: text = 100
213.7526200000002	EXP	text_2: text = 117
213.76969000000008	EXP	text_2: text = 133
213.78567999999996	EXP	text_2: text = 150
213.80220999999983	EXP	text_2: text = 167
213.81889000000047	EXP	text_2: text = 183
213.83589500000016	EXP	text_2: text = 200
213.85246499999994	EXP	text_2: text = 217
213.86876500000017	EXP	text_2: text = 233
213.88536000000022	EXP	text_2: text = 250
213.90233500000068	EXP	text_2: text = 267
213.91906999999992	EXP	text_2: text = 283
213.93612500000017	EXP	text_2: text = 300
213.94779500000004	DATA	Keydown:  
213.9534450000001	EXP	text_2: text = 318
213.9534450000001	EXP	text_2: autoDraw = false
213.9534450000001	EXP	Feedback: text = 311
213.9534450000001	EXP	Feedback: autoDraw = true
214.95211000000018	EXP	Feedback: autoDraw = false
214.95211000000018	EXP	Feedback: autoDraw = false
214.95211000000018	EXP	text_3: autoDraw = true
224.83676000000014	EXP	text_3: autoDraw = false
224.83676000000014	EXP	text_3: autoDraw = false
224.83676000000014	EXP	text_2: autoDraw = true
224.83676000000014	EXP	text_2: text = 0
224.85260500000004	EXP	text_2: text = 17
224.86916999999994	EXP	text_2: text = 33
224.8859250000005	EXP	text_2: text = 50
224.9025099999999	EXP	text_2: text = 66
224.9193750000004	EXP	text_2: text = 84
224.9360200000001	EXP	text_2: text = 100
224.95247500000005	EXP	text_2: text = 117
224.96928500000013	EXP	text_2: text = 133
224.98595999999998	EXP	text_2: text = 150
225.00267500000064	EXP	text_2: text = 166
225.01938000000064	EXP	text_2: text = 183
225.03594500000054	EXP	text_2: text = 200
225.05256499999996	EXP	text_2: text = 217
225.0695599999999	EXP	text_2: text = 233
225.0860300000004	EXP	text_2: text = 250
225.10258000000067	EXP	text_2: text = 266
225.11873500000002	EXP	text_2: text = 283
225.12064499999997	DATA	Keydown:  
225.13825499999984	EXP	text_2: text = 300
225.13825499999984	EXP	text_2: autoDraw = false
225.13825499999984	EXP	Feedback: text = 284
225.13825499999984	EXP	Feedback: autoDraw = true
226.1362850000005	EXP	Feedback: autoDraw = false
226.1362850000005	EXP	Feedback: autoDraw = false
226.1362850000005	EXP	text_3: autoDraw = true
228.32029500000044	EXP	text_3: autoDraw = false
228.32029500000044	EXP	text_3: autoDraw = false
228.32029500000044	EXP	text_2: autoDraw = true
228.32029500000044	EXP	text_2: text = 0
228.33650500000022	EXP	text_2: text = 17
228.35273000000052	EXP	text_2: text = 33
228.36947500000042	EXP	text_2: text = 50
228.3862049999998	EXP	text_2: text = 67
228.40298500000063	EXP	text_2: text = 83
228.4190950000002	EXP	text_2: text = 100
228.43621500000063	EXP	text_2: text = 116
228.4526249999999	EXP	text_2: text = 133
228.4694300000001	EXP	text_2: text = 150
228.48568500000056	EXP	text_2: text = 166
228.50273500000003	EXP	text_2: text = 183
228.5194500000007	EXP	text_2: text = 200
228.5360300000002	EXP	text_2: text = 216
228.55259999999998	EXP	text_2: text = 233
228.56953500000054	EXP	text_2: text = 250
228.58619	EXP	text_2: text = 267
228.60268499999984	EXP	text_2: text = 283
228.61933000000045	EXP	text_2: text = 300
228.63615000000027	EXP	text_2: text = 317
228.63857000000007	DATA	Keydown:  
228.65422000000035	EXP	text_2: text = 334
228.65422000000035	EXP	text_2: autoDraw = false
228.65422000000035	EXP	Feedback: text = 318
228.65422000000035	EXP	Feedback: autoDraw = true
229.6527900000001	EXP	Feedback: autoDraw = false
229.6527900000001	EXP	Feedback: autoDraw = false
229.6527900000001	EXP	text_3: autoDraw = true
234.13733500000035	EXP	text_3: autoDraw = false
234.13733500000035	EXP	text_3: autoDraw = false
234.13733500000035	EXP	text_2: autoDraw = true
234.13733500000035	EXP	text_2: text = 0
234.15288500000042	EXP	text_2: text = 17
234.16952500000025	EXP	text_2: text = 33
234.18613000000005	EXP	text_2: text = 50
234.2028650000002	EXP	text_2: text = 66
234.21946000000025	EXP	text_2: text = 83
234.23599999999988	EXP	text_2: text = 100
234.25265500000023	EXP	text_2: text = 116
234.2701450000004	EXP	text_2: text = 133
234.28624000000036	EXP	text_2: text = 150
234.30294500000036	EXP	text_2: text = 166
234.31952	EXP	text_2: text = 183
234.33656000000065	EXP	text_2: text = 200
234.35274000000027	EXP	text_2: text = 217
234.3694400000004	EXP	text_2: text = 233
234.3863650000003	EXP	text_2: text = 250
234.4030700000003	EXP	text_2: text = 266
234.40472500000033	DATA	Keydown:  
234.4203349999998	EXP	text_2: text = 283
234.4203349999998	EXP	text_2: autoDraw = false
234.4203349999998	EXP	Feedback: text = 267
234.4203349999998	EXP	Feedback: autoDraw = true
235.4196750000001	EXP	Feedback: autoDraw = false
235.4196750000001	EXP	Feedback: autoDraw = false
235.4196750000001	EXP	text_3: autoDraw = true
244.1205799999998	EXP	text_3: autoDraw = false
244.1205799999998	EXP	text_3: autoDraw = false
244.1205799999998	EXP	text_2: autoDraw = true
244.1205799999998	EXP	text_2: text = 0
244.13661500000035	EXP	text_2: text = 16
244.15316500000063	EXP	text_2: text = 33
244.1696550000006	EXP	text_2: text = 50
244.18647500000043	EXP	text_2: text = 67
244.20305000000008	EXP	text_2: text = 83
244.21975999999995	EXP	text_2: text = 100
244.23659000000043	EXP	text_2: text = 117
244.25303500000064	EXP	text_2: text = 133
244.2693250000002	EXP	text_2: text = 150
244.2863750000006	EXP	text_2: text = 166
244.3032149999999	EXP	text_2: text = 183
244.3198000000002	EXP	text_2: text = 200
244.33675500000027	EXP	text_2: text = 217
244.35331000000042	EXP	text_2: text = 233
244.37032	EXP	text_2: text = 250
244.38727000000017	EXP	text_2: text = 267
244.4034700000002	EXP	text_2: text = 283
244.41967000000022	EXP	text_2: text = 300
244.42648999999983	DATA	Keydown:  
244.4386000000004	EXP	text_2: text = 317
244.4386000000004	EXP	text_2: autoDraw = false
244.4386000000004	EXP	Feedback: text = 306
244.4386000000004	EXP	Feedback: autoDraw = true
245.43724999999995	EXP	Feedback: autoDraw = false
245.43724999999995	EXP	Feedback: autoDraw = false
245.43724999999995	EXP	text_3: autoDraw = true
253.10428500000035	EXP	text_3: autoDraw = false
253.10428500000035	EXP	text_3: autoDraw = false
253.10428500000035	EXP	text_2: autoDraw = true
253.10428500000035	EXP	text_2: text = 0
253.1199800000004	EXP	text_2: text = 16
253.1369450000002	EXP	text_2: text = 33
253.15345500000058	EXP	text_2: text = 50
253.17013000000043	EXP	text_2: text = 67
253.1868400000003	EXP	text_2: text = 83
253.20285500000045	EXP	text_2: text = 100
253.2200300000004	EXP	text_2: text = 117
253.2368750000005	EXP	text_2: text = 133
253.25339500000064	EXP	text_2: text = 150
253.27010000000064	EXP	text_2: text = 167
253.28686500000003	EXP	text_2: text = 183
253.3034349999998	EXP	text_2: text = 200
253.32027000000016	EXP	text_2: text = 216
253.33700500000032	EXP	text_2: text = 233
253.3534749999999	EXP	text_2: text = 250
253.37007499999982	EXP	text_2: text = 266
253.3869450000002	EXP	text_2: text = 283
253.4034700000002	EXP	text_2: text = 300
253.41982000000007	EXP	text_2: text = 316
253.43693500000063	EXP	text_2: text = 333
253.44558000000052	DATA	Keydown:  
253.45488999999998	EXP	text_2: text = 350
253.45488999999998	EXP	text_2: autoDraw = false
253.45488999999998	EXP	Feedback: text = 341
253.45488999999998	EXP	Feedback: autoDraw = true
254.45371500000056	EXP	Feedback: autoDraw = false
254.45371500000056	EXP	Feedback: autoDraw = false
254.45371500000056	EXP	text_3: autoDraw = true
257.68777000000046	EXP	text_3: autoDraw = false
257.68777000000046	EXP	text_3: autoDraw = false
257.68777000000046	EXP	text_2: autoDraw = true
257.68777000000046	EXP	text_2: text = 0
257.7035050000004	EXP	text_2: text = 16
257.7202500000003	EXP	text_2: text = 33
257.73699000000033	EXP	text_2: text = 50
257.7535450000005	EXP	text_2: text = 67
257.76972000000023	EXP	text_2: text = 83
257.7869300000002	EXP	text_2: text = 100
257.80373000000054	EXP	text_2: text = 116
257.82043000000067	EXP	text_2: text = 133
257.83709	EXP	text_2: text = 150
257.85350500000004	EXP	text_2: text = 166
257.8704600000001	EXP	text_2: text = 183
257.88689500000055	EXP	text_2: text = 200
257.90404000000035	EXP	text_2: text = 217
257.9205200000006	EXP	text_2: text = 234
257.93715500000053	EXP	text_2: text = 250
257.95359499999995	EXP	text_2: text = 266
257.97028000000046	EXP	text_2: text = 283
257.98690500000066	EXP	text_2: text = 300
258.00345000000016	EXP	text_2: text = 316
258.0201100000004	EXP	text_2: text = 333
258.03736000000026	EXP	text_2: text = 350
258.03890500000034	DATA	Keydown:  
258.05494499999986	EXP	text_2: text = 367
258.05494499999986	EXP	text_2: autoDraw = false
258.05494499999986	EXP	Feedback: text = 351
258.05494499999986	EXP	Feedback: autoDraw = true
259.0534800000005	EXP	Feedback: autoDraw = false
259.0534800000005	EXP	Feedback: autoDraw = false
259.0534800000005	EXP	text_3: autoDraw = true
269.05481000000054	EXP	text_3: autoDraw = false
269.05481000000054	EXP	text_3: autoDraw = false
269.05481000000054	EXP	text_2: autoDraw = true
269.05481000000054	EXP	text_2: text = 0
269.0704850000002	EXP	text_2: text = 17
269.08729500000027	EXP	text_2: text = 33
269.1041949999999	EXP	text_2: text = 50
269.12042500000007	EXP	text_2: text = 67
269.1379500000003	EXP	text_2: text = 83
269.15386000000035	EXP	text_2: text = 100
269.1706100000001	EXP	text_2: text = 116
269.1870200000003	EXP	text_2: text = 133
269.2041450000006	EXP	text_2: text = 150
269.2203749999999	EXP	text_2: text = 166
269.2373349999998	EXP	text_2: text = 183
269.25359000000026	EXP	text_2: text = 200
269.27080000000024	EXP	text_2: text = 217
269.28724500000044	EXP	text_2: text = 233
269.2955350000002	DATA	Keydown:  
269.30516500000067	EXP	text_2: text = 250
269.30516500000067	EXP	text_2: autoDraw = false
269.30516500000067	EXP	Feedback: text = 241
269.30516500000067	EXP	Feedback: autoDraw = true
270.30476	EXP	Feedback: autoDraw = false
270.30476	EXP	Feedback: autoDraw = false
270.30476	EXP	text_3: autoDraw = true
276.9546799999998	EXP	text_3: autoDraw = false
276.9546799999998	EXP	text_3: autoDraw = false
276.9546799999998	EXP	text_2: autoDraw = true
276.9546799999998	EXP	text_2: text = 0
276.9706350000006	EXP	text_2: text = 16
276.9872800000003	EXP	text_2: text = 33
277.0039200000001	EXP	text_2: text = 50
277.0201649999999	EXP	text_2: text = 66
277.0375549999999	EXP	text_2: text = 83
277.0539800000006	EXP	text_2: text = 100
277.0706600000003	EXP	text_2: text = 116
277.08759999999984	EXP	text_2: text = 133
277.10418500000014	EXP	text_2: text = 150
277.12073000000055	EXP	text_2: text = 166
277.1379100000004	EXP	text_2: text = 183
277.1539650000004	EXP	text_2: text = 200
277.1709550000005	EXP	text_2: text = 216
277.18751500000053	EXP	text_2: text = 233
277.20427500000005	EXP	text_2: text = 250
277.22098000000005	EXP	text_2: text = 267
277.23794	EXP	text_2: text = 283
277.25603000000046	EXP	text_2: text = 300
277.2711049999998	EXP	text_2: text = 316
277.2873749999999	EXP	text_2: text = 333
277.3043800000005	EXP	text_2: text = 350
277.32077500000014	EXP	text_2: text = 366
277.3386550000005	EXP	text_2: text = 385
277.35250499999984	DATA	Keydown:  
277.3590000000004	EXP	text_2: text = 404
277.3590000000004	EXP	text_2: autoDraw = false
277.3590000000004	EXP	Feedback: text = 398
277.3590000000004	EXP	Feedback: autoDraw = true
278.354515	EXP	Feedback: autoDraw = false
278.354515	EXP	Feedback: autoDraw = false
278.354515	EXP	text_3: autoDraw = true
283.85566500000004	EXP	text_3: autoDraw = false
283.85566500000004	EXP	text_3: autoDraw = false
283.85566500000004	EXP	text_2: autoDraw = true
283.85566500000004	EXP	text_2: text = 0
283.8706149999998	EXP	text_2: text = 17
283.88737500000025	EXP	text_2: text = 33
283.9040050000003	EXP	text_2: text = 50
283.9205550000006	EXP	text_2: text = 66
283.93751500000053	EXP	text_2: text = 83
283.9537500000006	EXP	text_2: text = 100
283.9710350000005	EXP	text_2: text = 116
283.9877800000004	EXP	text_2: text = 133
284.00429500000064	EXP	text_2: text = 150
284.02079500000036	EXP	text_2: text = 166
284.03770500000064	EXP	text_2: text = 183
284.0545600000005	EXP	text_2: text = 200
284.07042	EXP	text_2: text = 217
284.0875850000002	EXP	text_2: text = 233
284.10424500000045	EXP	text_2: text = 250
284.12099000000035	EXP	text_2: text = 266
284.1380049999998	EXP	text_2: text = 283
284.1544350000004	EXP	text_2: text = 300
284.17095000000063	EXP	text_2: text = 316
284.1879450000006	EXP	text_2: text = 333
284.20461500000056	EXP	text_2: text = 350
284.2124300000005	DATA	Keydown:  
284.2219249999998	EXP	text_2: text = 367
284.2219249999998	EXP	text_2: autoDraw = false
284.2219249999998	EXP	Feedback: text = 357
284.2219249999998	EXP	Feedback: autoDraw = true
285.2210249999998	EXP	Feedback: autoDraw = false
285.2210249999998	EXP	Feedback: autoDraw = false
285.2210249999998	EXP	text_3: autoDraw = true
295.02214000000004	EXP	text_3: autoDraw = false
295.02214000000004	EXP	text_3: autoDraw = false
295.02214000000004	EXP	text_2: autoDraw = true
295.02214000000004	EXP	text_2: text = 0
295.0379950000006	EXP	text_2: text = 17
295.05485000000044	EXP	text_2: text = 33
295.07095500000014	EXP	text_2: text = 50
295.08782000000065	EXP	text_2: text = 67
295.1046700000006	EXP	text_2: text = 83
295.1212400000004	EXP	text_2: text = 100
295.1376	EXP	text_2: text = 117
295.15463	EXP	text_2: text = 133
295.1712699999998	EXP	text_2: text = 150
295.1881650000005	EXP	text_2: text = 167
295.2048599999998	EXP	text_2: text = 183
295.2212100000006	EXP	text_2: text = 200
295.2380000000003	EXP	text_2: text = 217
295.25473500000044	EXP	text_2: text = 233
295.27137500000026	EXP	text_2: text = 250
295.2880350000005	EXP	text_2: text = 267
295.29060000000027	DATA	Keydown:  
295.31509000000005	EXP	text_2: text = 294
295.31509000000005	EXP	text_2: autoDraw = false
295.31509000000005	EXP	Feedback: text = 269
295.31509000000005	EXP	Feedback: autoDraw = true
296.3043000000007	EXP	Feedback: autoDraw = false
296.3043000000007	EXP	Feedback: autoDraw = false
296.3043000000007	EXP	text_3: autoDraw = true
304.1055900000001	EXP	text_3: autoDraw = false
304.1055900000001	EXP	text_3: autoDraw = false
304.1055900000001	EXP	text_2: autoDraw = true
304.1055900000001	EXP	text_2: text = 0
304.12075000000004	EXP	text_2: text = 17
304.13767000000007	EXP	text_2: text = 33
304.1542850000005	EXP	text_2: text = 50
304.1709950000004	EXP	text_2: text = 66
304.18831500000033	EXP	text_2: text = 83
304.20524000000023	EXP	text_2: text = 100
304.2209950000006	EXP	text_2: text = 116
304.23763000000054	EXP	text_2: text = 133
304.2545600000003	EXP	text_2: text = 150
304.2712250000004	EXP	text_2: text = 167
304.2878350000001	EXP	text_2: text = 183
304.3045350000002	EXP	text_2: text = 200
304.32117000000017	EXP	text_2: text = 216
304.3375300000007	EXP	text_2: text = 233
304.35426499999994	EXP	text_2: text = 250
304.3711750000002	EXP	text_2: text = 266
304.3876200000004	EXP	text_2: text = 283
304.40441999999985	EXP	text_2: text = 300
304.42122500000005	EXP	text_2: text = 316
304.4382450000003	EXP	text_2: text = 333
304.4543700000004	EXP	text_2: text = 350
304.47136500000033	EXP	text_2: text = 366
304.48736499999995	EXP	text_2: text = 383
304.5062600000001	EXP	text_2: text = 403
304.52106000000003	EXP	text_2: text = 417
304.53782000000047	EXP	text_2: text = 433
304.55428500000016	EXP	text_2: text = 450
304.5611349999999	DATA	Keydown:  
304.572185	EXP	text_2: text = 467
304.572185	EXP	text_2: autoDraw = false
304.572185	EXP	Feedback: text = 456
304.572185	EXP	Feedback: autoDraw = true
305.57149500000014	EXP	Feedback: autoDraw = false
305.57149500000014	EXP	Feedback: autoDraw = false
305.57149500000014	EXP	text_3: autoDraw = true
315.072185	EXP	text_3: autoDraw = false
315.072185	EXP	text_3: autoDraw = false
315.072185	EXP	text_2: autoDraw = true
315.072185	EXP	text_2: text = 0
315.08777499999997	EXP	text_2: text = 17
315.1041500000001	EXP	text_2: text = 33
315.12132500000007	EXP	text_2: text = 50
315.13769500000035	EXP	text_2: text = 67
315.1544450000001	EXP	text_2: text = 83
315.1711599999999	EXP	text_2: text = 100
315.1879399999998	EXP	text_2: text = 117
315.20453499999985	EXP	text_2: text = 133
315.22128000000066	EXP	text_2: text = 150
315.23766500000056	EXP	text_2: text = 167
315.25441000000046	EXP	text_2: text = 183
315.27130000000034	EXP	text_2: text = 200
315.2888499999999	EXP	text_2: text = 217
315.30436999999984	EXP	text_2: text = 233
315.32117000000017	EXP	text_2: text = 250
315.3378499999999	EXP	text_2: text = 267
315.35480000000007	EXP	text_2: text = 283
315.356315	DATA	Keydown:  
315.3724750000001	EXP	text_2: text = 300
315.3724750000001	EXP	text_2: autoDraw = false
315.3724750000001	EXP	Feedback: text = 284
315.3724750000001	EXP	Feedback: autoDraw = true
316.37154999999984	EXP	Feedback: autoDraw = false
316.37154999999984	EXP	Feedback: autoDraw = false
316.37154999999984	EXP	text_3: autoDraw = true
319.67226500000015	EXP	text_3: autoDraw = false
319.67226500000015	EXP	text_3: autoDraw = false
319.67226500000015	EXP	text_2: autoDraw = true
319.67226500000015	EXP	text_2: text = 0
319.6879950000002	EXP	text_2: text = 17
319.7046049999999	EXP	text_2: text = 33
319.7214950000007	EXP	text_2: text = 50
319.7379000000001	EXP	text_2: text = 67
319.75471000000016	EXP	text_2: text = 83
319.77141500000016	EXP	text_2: text = 100
319.7877500000004	EXP	text_2: text = 117
319.80501000000004	EXP	text_2: text = 133
319.8215650000002	EXP	text_2: text = 150
319.8382550000006	EXP	text_2: text = 167
319.8547400000007	EXP	text_2: text = 184
319.87109000000055	EXP	text_2: text = 200
319.88729500000045	EXP	text_2: text = 217
319.9043750000001	EXP	text_2: text = 233
319.92122500000005	EXP	text_2: text = 250
319.93765500000063	EXP	text_2: text = 267
319.9543300000005	EXP	text_2: text = 283
319.97148500000003	EXP	text_2: text = 300
319.9822400000003	DATA	Keydown:  
319.9892950000003	EXP	text_2: text = 317
319.9892950000003	EXP	text_2: autoDraw = false
319.9892950000003	EXP	Feedback: text = 310
319.9892950000003	EXP	Feedback: autoDraw = true
321.00171500000033	EXP	Feedback: autoDraw = false
321.00171500000033	EXP	Feedback: autoDraw = false
321.00171500000033	EXP	End_text: autoDraw = true
321.42944500000067	DATA	Keydown:  
