0.13195499998982996	EXP	Created Window = Window( name=Window, fullscr=true, color=#000000, units=height, waitBlanking=true, autoLog=true, size=[1920,969] )
1.7889649999560788	DATA	Keydown: Shift
1.9384849999914877	DATA	Keydown: R
2.2213449999690056	DATA	Keydown: C
14.776109999977052	DATA	Keydown: 8
15.007289999979548	DATA	Keydown: 1
15.103490000008605	DATA	Keydown: 2
15.335384999983944	DATA	Keydown: 8
15.439799999992829	DATA	Keydown: 4
17.84434000001056	EXP	Created text = TextStim( name=text, win=Window( name=Window, fullscr=true, color=#000000, ~), autoDraw=null, autoLog=true, units=height, ori=null, opacity=1, pos=[0,0], size=undefined, text=INSTRUCTIONS [EN]


A counter will appear and star~, font=Arial, color=#FFFFFF, contrast=1, height=0.03, bold=null, italic=null, alignHoriz=left, alignVert=center, wrapWidth=1, flipHoriz=null, flipVert=null )
17.845284999988507	EXP	Created text_3 = TextStim( name=text_3, win=Window( name=Window, fullscr=true, color=#000000, ~), autoDraw=null, autoLog=true, units=height, ori=null, opacity=1, pos=[0,0], size=undefined, text=null, font=Arial, color=#FFFFFF, contrast=1, height=0.1, bold=null, italic=null, alignHoriz=left, alignVert=center, wrapWidth=1, flipHoriz=null, flipVert=null )
17.845830000005662	EXP	Created text_2 = TextStim( name=text_2, win=Window( name=Window, fullscr=true, color=#000000, ~), autoDraw=null, autoLog=true, units=height, ori=null, opacity=1, pos=[0,0], size=undefined, text=default text, font=Arial, color=#ff0000, contrast=1, height=0.15, bold=null, italic=null, alignHoriz=left, alignVert=center, wrapWidth=1, flipHoriz=null, flipVert=null )
17.846519999962766	EXP	Created Feedback = TextStim( name=Feedback, win=Window( name=Window, fullscr=true, color=#000000, ~), autoDraw=null, autoLog=true, units=height, ori=null, opacity=1, pos=[0,0], size=undefined, text=default text, font=Arial, color=#ff0000, contrast=1, height=0.15, bold=null, italic=null, alignHoriz=left, alignVert=center, wrapWidth=1, flipHoriz=null, flipVert=null )
17.84694999997737	EXP	Created End_text = TextStim( name=End_text, win=Window( name=Window, fullscr=true, color=#000000, ~), autoDraw=null, autoLog=true, units=height, ori=null, opacity=1, pos=[0,0], size=undefined, text=This study aimed to look at procedural learning, i~, font=Arial, color=#FFFFFF, contrast=1, height=0.025, bold=null, italic=null, alignHoriz=left, alignVert=center, wrapWidth=1, flipHoriz=null, flipVert=null )
17.890214999963064	EXP	text: units = "height"
17.890214999963064	EXP	text: ori = 0
17.890214999963064	EXP	text: opacity = 1
17.890214999963064	EXP	text: pos = [0,0]
17.890214999963064	EXP	text: size = undefined
17.890214999963064	EXP	text: text = "INSTRUCTIONS [EN]\n\n\nA counter will appear and start counting at random times, press SPACE as fast as possible when it appears.\n\n\nPress SPACE to start\n\n-------\n\nInstruções [PT]\n\n\nUm cronómetro vai aparecer e começar a contar aleatoriamente, pressione a tecla SPACE assim que ele aparecer.\n\n\nPressiona SPACE para começar."
17.890214999963064	EXP	text: font = "Arial"
17.890214999963064	EXP	text: color = {"_hex":"#FFFFFF","_rgb":[1,1,1]}
17.890214999963064	EXP	text: contrast = 1
17.890214999963064	EXP	text: height = 0.03
17.890214999963064	EXP	text: bold = false
17.890214999963064	EXP	text: italic = false
17.890214999963064	EXP	text: alignHoriz = "left"
17.890214999963064	EXP	text: alignVert = "center"
17.890214999963064	EXP	text: wrapWidth = 1
17.890214999963064	EXP	text: flipHoriz = false
17.890214999963064	EXP	text: flipVert = false
17.890214999963064	EXP	text_3: units = "height"
17.890214999963064	EXP	text_3: ori = 0
17.890214999963064	EXP	text_3: opacity = 1
17.890214999963064	EXP	text_3: pos = [0,0]
17.890214999963064	EXP	text_3: size = undefined
17.890214999963064	EXP	text_3: text = ""
17.890214999963064	EXP	text_3: font = "Arial"
17.890214999963064	EXP	text_3: color = {"_hex":"#FFFFFF","_rgb":[1,1,1]}
17.890214999963064	EXP	text_3: contrast = 1
17.890214999963064	EXP	text_3: height = 0.1
17.890214999963064	EXP	text_3: bold = false
17.890214999963064	EXP	text_3: italic = false
17.890214999963064	EXP	text_3: alignHoriz = "left"
17.890214999963064	EXP	text_3: alignVert = "center"
17.890214999963064	EXP	text_3: wrapWidth = 1
17.890214999963064	EXP	text_3: flipHoriz = false
17.890214999963064	EXP	text_3: flipVert = false
17.890214999963064	EXP	text_2: units = "height"
17.890214999963064	EXP	text_2: ori = 0
17.890214999963064	EXP	text_2: opacity = 1
17.890214999963064	EXP	text_2: pos = [0,0]
17.890214999963064	EXP	text_2: size = undefined
17.890214999963064	EXP	text_2: text = "default text"
17.890214999963064	EXP	text_2: font = "Arial"
17.890214999963064	EXP	text_2: color = {"_rgb":[1,0,0]}
17.890214999963064	EXP	text_2: contrast = 1
17.890214999963064	EXP	text_2: height = 0.15
17.890214999963064	EXP	text_2: bold = false
17.890214999963064	EXP	text_2: italic = false
17.890214999963064	EXP	text_2: alignHoriz = "left"
17.890214999963064	EXP	text_2: alignVert = "center"
17.890214999963064	EXP	text_2: wrapWidth = 1
17.890214999963064	EXP	text_2: flipHoriz = false
17.890214999963064	EXP	text_2: flipVert = false
17.890214999963064	EXP	Feedback: units = "height"
17.890214999963064	EXP	Feedback: ori = 0
17.890214999963064	EXP	Feedback: opacity = 1
17.890214999963064	EXP	Feedback: pos = [0,0]
17.890214999963064	EXP	Feedback: size = undefined
17.890214999963064	EXP	Feedback: text = "default text"
17.890214999963064	EXP	Feedback: font = "Arial"
17.890214999963064	EXP	Feedback: color = {"_rgb":[1,0,0]}
17.890214999963064	EXP	Feedback: contrast = 1
17.890214999963064	EXP	Feedback: height = 0.15
17.890214999963064	EXP	Feedback: bold = false
17.890214999963064	EXP	Feedback: italic = false
17.890214999963064	EXP	Feedback: alignHoriz = "left"
17.890214999963064	EXP	Feedback: alignVert = "center"
17.890214999963064	EXP	Feedback: wrapWidth = 1
17.890214999963064	EXP	Feedback: flipHoriz = false
17.890214999963064	EXP	Feedback: flipVert = false
17.890214999963064	EXP	End_text: units = "height"
17.890214999963064	EXP	End_text: ori = 0
17.890214999963064	EXP	End_text: opacity = 1
17.890214999963064	EXP	End_text: pos = [0,0]
17.890214999963064	EXP	End_text: size = undefined
17.890214999963064	EXP	End_text: text = "This study aimed to look at procedural learning, i.e. our ability to extract patterns from the input that we are constantly receiving. This skill is thought to be essential for language and literacy acquisition and has been suggested as a possible underlying difficult in children with Language Impairments and Dyslexia. This study aims to improve the measures of procedural learning (the smiley face task) so that we can measure procedural learning more reliably and, in the future, analyse the performance of individuals with learning impairments.\nThank you for participating!\n\n----\n\nEste estudo tem como objectivo analisar a nossa capacidade de extrair padrões da informação que estamos constantemente a receber. Pensa-se que esta competência é essencial para a aquisição da linguagem e literacia e foi sugerido que dificuldades neste tipo de competências poderá estar relacionado com perturbações da linguagem e Dislexia. Este estudo tem como objectivo melhorar a estabilidade das medidas usadas para medir este tipo de memória (a tarefa da cara sorridente) de forma a poder medir de forma mais precisa e, no futuro, analisar a performance de indivíduos com perturbações da aprendizagem. \nMuito obrigada por ter participado!"
17.890214999963064	EXP	End_text: font = "Arial"
17.890214999963064	EXP	End_text: color = {"_hex":"#FFFFFF","_rgb":[1,1,1]}
17.890214999963064	EXP	End_text: contrast = 1
17.890214999963064	EXP	End_text: height = 0.025
17.890214999963064	EXP	End_text: bold = false
17.890214999963064	EXP	End_text: italic = false
17.890214999963064	EXP	End_text: alignHoriz = "left"
17.890214999963064	EXP	End_text: alignVert = "center"
17.890214999963064	EXP	End_text: wrapWidth = 1
17.890214999963064	EXP	End_text: flipHoriz = false
17.890214999963064	EXP	End_text: flipVert = false
17.890214999963064	EXP	text: autoDraw = true
23.335714999993797	DATA	Keydown:  
23.35074500000337	EXP	text: autoDraw = false
23.35074500000337	EXP	text_3: autoDraw = true
26.892159999988507	EXP	text_3: autoDraw = false
26.892159999988507	EXP	text_3: autoDraw = false
26.892159999988507	EXP	text_2: autoDraw = true
26.892159999988507	EXP	text_2: text = 0
26.90574999997625	EXP	text_2: text = 50
26.921979999984615	EXP	text_2: text = 66
26.939610000001267	EXP	text_2: text = 83
26.95559999998659	EXP	text_2: text = 100
26.972334999998566	EXP	text_2: text = 116
26.98885500000324	EXP	text_2: text = 133
27.00557999999728	EXP	text_2: text = 150
27.022124999959487	EXP	text_2: text = 166
27.038759999966715	EXP	text_2: text = 183
27.05534500000067	EXP	text_2: text = 200
27.07244499999797	EXP	text_2: text = 216
27.08883500000229	EXP	text_2: text = 233
27.105554999958258	EXP	text_2: text = 250
27.122389999974985	EXP	text_2: text = 266
27.138830000010785	EXP	text_2: text = 283
27.155579999962356	EXP	text_2: text = 300
27.172444999974687	EXP	text_2: text = 316
27.188659999985248	EXP	text_2: text = 333
27.205409999995027	EXP	text_2: text = 350
27.22214999998687	EXP	text_2: text = 366
27.239454999973532	EXP	text_2: text = 383
27.255784999986645	EXP	text_2: text = 400
27.272664999996778	EXP	text_2: text = 416
27.28895499999635	EXP	text_2: text = 433
27.305739999981597	EXP	text_2: text = 450
27.322504999989178	EXP	text_2: text = 466
27.339029999973718	EXP	text_2: text = 483
27.355589999991935	EXP	text_2: text = 500
27.37239499995485	EXP	text_2: text = 516
27.389014999964274	EXP	text_2: text = 533
27.40559999999823	EXP	text_2: text = 550
27.4225499999593	EXP	text_2: text = 566
27.424460000009276	DATA	Keydown:  
27.442684999958146	EXP	text_2: text = 585
27.442684999958146	EXP	text_2: autoDraw = false
27.442684999958146	EXP	Feedback: text = 532
27.442684999958146	EXP	Feedback: autoDraw = true
28.44141500000842	EXP	Feedback: autoDraw = false
28.44141500000842	EXP	Feedback: autoDraw = false
28.44141500000842	EXP	text_3: autoDraw = true
37.773409999965224	EXP	text_3: autoDraw = false
37.773409999965224	EXP	text_3: autoDraw = false
37.773409999965224	EXP	text_2: autoDraw = true
37.773409999965224	EXP	text_2: text = 0
37.78936499997508	EXP	text_2: text = 17
37.80606499995338	EXP	text_2: text = 33
37.82256999996025	EXP	text_2: text = 50
37.83935999998357	EXP	text_2: text = 67
37.85582999995677	EXP	text_2: text = 83
37.872730000002775	EXP	text_2: text = 100
37.88921999995364	EXP	text_2: text = 117
37.906114999961574	EXP	text_2: text = 133
37.92258999997284	EXP	text_2: text = 150
37.93931499996688	EXP	text_2: text = 167
37.955894999962766	EXP	text_2: text = 183
37.9728049999685	EXP	text_2: text = 200
37.98917999997502	EXP	text_2: text = 217
38.00607000000309	EXP	text_2: text = 233
38.02249499998288	EXP	text_2: text = 250
38.03930499998387	EXP	text_2: text = 267
38.0559549999889	EXP	text_2: text = 283
38.07297999999719	EXP	text_2: text = 300
38.089440000010654	EXP	text_2: text = 317
38.10594499995932	EXP	text_2: text = 333
38.12262499995995	EXP	text_2: text = 350
38.139289999962784	EXP	text_2: text = 367
38.143829999957234	DATA	Keydown:  
38.15685500000836	EXP	text_2: text = 383
38.15685500000836	EXP	text_2: autoDraw = false
38.15685500000836	EXP	Feedback: text = 371
38.15685500000836	EXP	Feedback: autoDraw = true
39.15698500000872	EXP	Feedback: autoDraw = false
39.15698500000872	EXP	Feedback: autoDraw = false
39.15698500000872	EXP	text_3: autoDraw = true
43.573789999994915	EXP	text_3: autoDraw = false
43.573789999994915	EXP	text_3: autoDraw = false
43.573789999994915	EXP	text_2: autoDraw = true
43.573789999994915	EXP	text_2: text = 0
43.590189999958966	EXP	text_2: text = 17
43.60625999997137	EXP	text_2: text = 33
43.622879999980796	EXP	text_2: text = 50
43.63952500000596	EXP	text_2: text = 67
43.6560349999927	EXP	text_2: text = 83
43.67328499996802	EXP	text_2: text = 100
43.689329999964684	EXP	text_2: text = 117
43.706044999998994	EXP	text_2: text = 133
43.723085000005085	EXP	text_2: text = 150
43.73986999999033	EXP	text_2: text = 166
43.756234999978915	EXP	text_2: text = 183
43.77287499996601	EXP	text_2: text = 200
43.789524999971036	EXP	text_2: text = 217
43.806400000001304	EXP	text_2: text = 233
43.82298499997705	EXP	text_2: text = 250
43.839624999964144	EXP	text_2: text = 267
43.85621999995783	EXP	text_2: text = 283
43.873179999995045	EXP	text_2: text = 300
43.89193499996327	DATA	Keydown:  
43.895335000008345	EXP	text_2: text = 322
43.895335000008345	EXP	text_2: autoDraw = false
43.895335000008345	EXP	Feedback: text = 318
43.895335000008345	EXP	Feedback: autoDraw = true
44.8900099999737	EXP	Feedback: autoDraw = false
44.8900099999737	EXP	Feedback: autoDraw = false
44.8900099999737	EXP	text_3: autoDraw = true
48.907369999971706	EXP	text_3: autoDraw = false
48.907369999971706	EXP	text_3: autoDraw = false
48.907369999971706	EXP	text_2: autoDraw = true
48.907369999971706	EXP	text_2: text = 0
48.923004999989644	EXP	text_2: text = 17
48.939544999971986	EXP	text_2: text = 33
48.95614999998361	EXP	text_2: text = 50
48.973019999975804	EXP	text_2: text = 67
48.99029499996686	EXP	text_2: text = 83
49.006269999954384	EXP	text_2: text = 100
49.0232299999916	EXP	text_2: text = 117
49.03961999999592	EXP	text_2: text = 133
49.056274999980815	EXP	text_2: text = 150
49.07295999996131	EXP	text_2: text = 167
49.089214999985415	EXP	text_2: text = 183
49.106339999998454	EXP	text_2: text = 200
49.12296999996761	EXP	text_2: text = 217
49.140214999963064	EXP	text_2: text = 233
49.156304999953136	EXP	text_2: text = 250
49.17288999998709	EXP	text_2: text = 267
49.189619999960996	EXP	text_2: text = 283
49.20628499996383	EXP	text_2: text = 300
49.2235750000109	EXP	text_2: text = 317
49.225134999956936	DATA	Keydown:  
49.24077499995474	EXP	text_2: text = 333
49.24077499995474	EXP	text_2: autoDraw = false
49.24077499995474	EXP	Feedback: text = 318
49.24077499995474	EXP	Feedback: autoDraw = true
50.2396899999585	EXP	Feedback: autoDraw = false
50.2396899999585	EXP	Feedback: autoDraw = false
50.2396899999585	EXP	text_3: autoDraw = true
51.02340499998536	DATA	Keydown: Alt
56.20769999996992	EXP	text_3: autoDraw = false
56.20769999996992	EXP	text_3: autoDraw = false
56.20769999996992	EXP	text_2: autoDraw = true
56.20769999996992	EXP	text_2: text = 0
56.223360000003595	EXP	text_2: text = 17
56.23999999999069	EXP	text_2: text = 33
56.25659499998437	EXP	text_2: text = 50
56.27335499995388	EXP	text_2: text = 67
56.289899999974295	EXP	text_2: text = 83
56.3106099999859	EXP	text_2: text = 100
56.323474999982864	EXP	text_2: text = 117
56.340389999968465	EXP	text_2: text = 133
56.35653499996988	EXP	text_2: text = 150
56.37336999998661	EXP	text_2: text = 167
56.39055999997072	EXP	text_2: text = 183
56.40619499998866	EXP	text_2: text = 200
56.42358499998227	EXP	text_2: text = 217
56.439804999972694	EXP	text_2: text = 233
56.45665499998722	EXP	text_2: text = 250
56.473609999986365	EXP	text_2: text = 267
56.49036499997601	EXP	text_2: text = 283
56.50669499998912	EXP	text_2: text = 300
56.52330499998061	EXP	text_2: text = 317
56.53523499995936	DATA	Keydown:  
56.541714999999385	EXP	text_2: text = 333
56.541714999999385	EXP	text_2: autoDraw = false
56.541714999999385	EXP	Feedback: text = 328
56.541714999999385	EXP	Feedback: autoDraw = true
57.54091999999946	EXP	Feedback: autoDraw = false
57.54091999999946	EXP	Feedback: autoDraw = false
57.54091999999946	EXP	text_3: autoDraw = true
61.73613499995554	DATA	Keydown: Alt
65.04175999999279	EXP	text_3: autoDraw = false
65.04175999999279	EXP	text_3: autoDraw = false
65.04175999999279	EXP	text_2: autoDraw = true
65.04175999999279	EXP	text_2: text = 0
65.05802999995649	EXP	text_2: text = 17
65.07399000000441	EXP	text_2: text = 33
65.0905849999981	EXP	text_2: text = 50
65.10735000000568	EXP	text_2: text = 67
65.12388999998802	EXP	text_2: text = 83
65.14045000000624	EXP	text_2: text = 100
65.15719999995781	EXP	text_2: text = 117
65.17379999998957	EXP	text_2: text = 133
65.19056999997701	EXP	text_2: text = 150
65.20736999996006	EXP	text_2: text = 167
65.22399999998743	EXP	text_2: text = 184
65.24086999997962	EXP	text_2: text = 200
65.25716499995906	EXP	text_2: text = 217
65.27370999997947	EXP	text_2: text = 233
65.29066499997862	EXP	text_2: text = 250
65.30691499996465	EXP	text_2: text = 267
65.32376999995904	EXP	text_2: text = 283
65.34028000000399	EXP	text_2: text = 300
65.35684500000207	EXP	text_2: text = 317
65.37380000000121	EXP	text_2: text = 333
65.39092499995604	EXP	text_2: text = 350
65.40698500000872	EXP	text_2: text = 366
65.42393499996979	EXP	text_2: text = 383
65.42514499998651	DATA	Keydown:  
65.44108999997843	EXP	text_2: text = 400
65.44108999997843	EXP	text_2: autoDraw = false
65.44108999997843	EXP	Feedback: text = 383
65.44108999997843	EXP	Feedback: autoDraw = true
65.90335499995854	DATA	Keydown: Alt
66.44182999996701	EXP	Feedback: autoDraw = false
66.44182999996701	EXP	Feedback: autoDraw = false
66.44182999996701	EXP	text_3: autoDraw = true
74.69161999999778	EXP	text_3: autoDraw = false
74.69161999999778	EXP	text_3: autoDraw = false
74.69161999999778	EXP	text_2: autoDraw = true
74.69161999999778	EXP	text_2: text = 0
74.70912999997381	EXP	text_2: text = 17
74.72571500000777	EXP	text_2: text = 33
74.74251000001095	EXP	text_2: text = 50
74.75802999996813	EXP	text_2: text = 67
74.77588500001002	EXP	text_2: text = 83
74.79253999999491	EXP	text_2: text = 100
74.80920999997761	EXP	text_2: text = 117
74.82483499997761	EXP	text_2: text = 133
74.84252999996534	EXP	text_2: text = 150
74.85912499995902	EXP	text_2: text = 167
74.87589500000468	EXP	text_2: text = 183
74.89156999997795	EXP	text_2: text = 200
74.90916499996092	EXP	text_2: text = 217
74.92579000000842	EXP	text_2: text = 233
74.94255999999586	EXP	text_2: text = 250
74.95817999995779	EXP	text_2: text = 267
74.97597999998834	EXP	text_2: text = 283
74.99244499998167	EXP	text_2: text = 300
75.009309999994	EXP	text_2: text = 317
75.02521499997238	EXP	text_2: text = 334
75.02710000000661	DATA	Keydown:  
75.04365000000689	EXP	text_2: text = 350
75.04365000000689	EXP	text_2: autoDraw = false
75.04365000000689	EXP	Feedback: text = 336
75.04365000000689	EXP	Feedback: autoDraw = true
75.40771499997936	DATA	Keydown: Alt
76.04026999999769	EXP	Feedback: autoDraw = false
76.04026999999769	EXP	Feedback: autoDraw = false
76.04026999999769	EXP	text_3: autoDraw = true
79.10571499995422	DATA	Mouse: 0 button down, pos=(527,921)
79.22626500000479	DATA	Mouse: 0 button down, pos=(527,921)
85.07578499999363	EXP	text_3: autoDraw = false
85.07578499999363	EXP	text_3: autoDraw = false
85.07578499999363	EXP	text_2: autoDraw = true
85.07578499999363	EXP	text_2: text = 0
85.0937050000066	EXP	text_2: text = 17
85.10845499997959	EXP	text_2: text = 33
85.12425999995321	EXP	text_2: text = 50
85.14092499995604	EXP	text_2: text = 66
85.16071500000544	EXP	text_2: text = 83
85.17888999998104	EXP	text_2: text = 102
85.19273999996949	EXP	text_2: text = 117
85.20976499997778	EXP	text_2: text = 133
85.2244499999797	EXP	text_2: text = 150
85.24297500000102	EXP	text_2: text = 166
85.26053500000853	EXP	text_2: text = 183
85.27647499996237	EXP	text_2: text = 200
85.29303499998059	EXP	text_2: text = 216
85.31031999998959	EXP	text_2: text = 233
85.32636499998625	EXP	text_2: text = 250
85.345410000009	EXP	text_2: text = 269
85.35874999995576	EXP	text_2: text = 283
85.37604999996256	EXP	text_2: text = 300
85.39344999997411	EXP	text_2: text = 316
85.40934499999275	EXP	text_2: text = 333
85.41583499999251	DATA	Keydown:  
85.42631000000983	EXP	text_2: text = 350
85.42631000000983	EXP	text_2: autoDraw = false
85.42631000000983	EXP	Feedback: text = 340
85.42631000000983	EXP	Feedback: autoDraw = true
86.4250549999997	EXP	Feedback: autoDraw = false
86.4250549999997	EXP	Feedback: autoDraw = false
86.4250549999997	EXP	text_3: autoDraw = true
88.49546499998542	DATA	Keydown: Alt
94.80903999996372	EXP	text_3: autoDraw = false
94.80903999996372	EXP	text_3: autoDraw = false
94.80903999996372	EXP	text_2: autoDraw = true
94.80903999996372	EXP	text_2: text = 0
94.82452500000363	EXP	text_2: text = 17
94.84185500000603	EXP	text_2: text = 33
94.85780999995768	EXP	text_2: text = 50
94.87802499998361	EXP	text_2: text = 66
94.89193499996327	EXP	text_2: text = 83
94.90971999999601	EXP	text_2: text = 100
94.92468499997631	EXP	text_2: text = 116
94.94322499999544	EXP	text_2: text = 133
94.95885999995517	EXP	text_2: text = 150
94.97594499995466	EXP	text_2: text = 166
94.99147000000812	EXP	text_2: text = 183
95.00794999999925	EXP	text_2: text = 200
95.02480999997351	EXP	text_2: text = 216
95.04282999999123	EXP	text_2: text = 233
95.06147999997484	EXP	text_2: text = 252
95.0747899999842	EXP	text_2: text = 267
95.09159500000533	EXP	text_2: text = 283
95.10810499999207	EXP	text_2: text = 300
95.12456500000553	EXP	text_2: text = 317
95.14110499998787	EXP	text_2: text = 333
95.1617799999658	EXP	text_2: text = 350
95.17494999995688	EXP	text_2: text = 366
95.18322499998612	DATA	Keydown:  
95.19215999997687	EXP	text_2: text = 383
95.19215999997687	EXP	text_2: autoDraw = false
95.19215999997687	EXP	Feedback: text = 374
95.19215999997687	EXP	Feedback: autoDraw = true
96.1909100000048	EXP	Feedback: autoDraw = false
96.1909100000048	EXP	Feedback: autoDraw = false
96.1909100000048	EXP	text_3: autoDraw = true
98.08799999998882	DATA	Keydown: Alt
98.40896500000963	DATA	Keydown: Alt
100.50322499999311	DATA	Mouse: 0 button down, pos=(0,665)
100.50342999998247	DATA	Mouse: 0 button down, pos=(0,665)
104.10920000000624	EXP	text_3: autoDraw = false
104.10920000000624	EXP	text_3: autoDraw = false
104.10920000000624	EXP	text_2: autoDraw = true
104.10920000000624	EXP	text_2: text = 0
104.12497499998426	EXP	text_2: text = 16
104.14314000000013	EXP	text_2: text = 33
104.16006999998353	EXP	text_2: text = 50
104.17478999996092	EXP	text_2: text = 67
104.1915699999663	EXP	text_2: text = 83
104.20941999997012	EXP	text_2: text = 100
104.2251249999972	EXP	text_2: text = 117
104.24297999998089	EXP	text_2: text = 133
104.25837499997579	EXP	text_2: text = 150
104.27495499997167	EXP	text_2: text = 167
104.29204500000924	EXP	text_2: text = 183
104.30825000000186	EXP	text_2: text = 200
104.32610000000568	EXP	text_2: text = 218
104.34143500000937	EXP	text_2: text = 233
104.35868000000482	EXP	text_2: text = 250
104.37539499998093	EXP	text_2: text = 267
104.39296500000637	EXP	text_2: text = 283
104.4081700000097	EXP	text_2: text = 300
104.42492499999935	EXP	text_2: text = 317
104.44241499999771	EXP	text_2: text = 333
104.45825999998488	EXP	text_2: text = 350
104.47457999998005	EXP	text_2: text = 367
104.49168499995722	EXP	text_2: text = 383
104.50797499995679	EXP	text_2: text = 400
104.5250900000101	EXP	text_2: text = 417
104.54290499998024	EXP	text_2: text = 433
104.55839500000002	EXP	text_2: text = 450
104.57498499995563	EXP	text_2: text = 467
104.5927199999569	EXP	text_2: text = 483
104.60904000001028	EXP	text_2: text = 500
104.62487499997951	EXP	text_2: text = 517
104.6412699999637	EXP	text_2: text = 533
104.65915500000119	EXP	text_2: text = 550
104.67523499997333	EXP	text_2: text = 567
104.69179999997141	EXP	text_2: text = 583
104.7080100000021	EXP	text_2: text = 600
104.72473999997601	EXP	text_2: text = 617
104.74192999996012	EXP	text_2: text = 633
104.7610149999964	EXP	text_2: text = 651
104.77499000000535	EXP	text_2: text = 667
104.79173999995692	EXP	text_2: text = 683
104.80836999998428	EXP	text_2: text = 700
104.82487999997102	EXP	text_2: text = 717
104.84205499995733	EXP	text_2: text = 733
104.85895500000333	EXP	text_2: text = 750
104.87482500000624	EXP	text_2: text = 767
104.89158999995561	EXP	text_2: text = 783
104.89537499996368	DATA	Keydown:  
104.90991499996744	EXP	text_2: text = 800
104.90991499996744	EXP	text_2: autoDraw = false
104.90991499996744	EXP	Feedback: text = 786
104.90991499996744	EXP	Feedback: autoDraw = true
105.90916499996092	EXP	Feedback: autoDraw = false
105.90916499996092	EXP	Feedback: autoDraw = false
105.90916499996092	EXP	text_3: autoDraw = true
109.3359000000055	DATA	Keydown: Alt
110.3353599999682	DATA	Keydown: Alt
113.06049000000348	EXP	text_3: autoDraw = false
113.06049000000348	EXP	text_3: autoDraw = false
113.06049000000348	EXP	text_2: autoDraw = true
113.06049000000348	EXP	text_2: text = 0
113.07551999995485	EXP	text_2: text = 16
113.09229499998037	EXP	text_2: text = 33
113.10882500000298	EXP	text_2: text = 50
113.12532499997178	EXP	text_2: text = 66
113.14291499997489	EXP	text_2: text = 83
113.15893499995582	EXP	text_2: text = 100
113.17533999995794	EXP	text_2: text = 116
113.19211499998346	EXP	text_2: text = 133
113.20867999998154	EXP	text_2: text = 150
113.22523999999976	EXP	text_2: text = 166
113.24216999998316	EXP	text_2: text = 183
113.2586349999765	EXP	text_2: text = 200
113.27489499998046	EXP	text_2: text = 216
113.29210500000045	EXP	text_2: text = 233
113.30845999997109	EXP	text_2: text = 250
113.32528499996988	EXP	text_2: text = 266
113.34163499996066	EXP	text_2: text = 283
113.35847499995725	EXP	text_2: text = 300
113.37512499996228	EXP	text_2: text = 316
113.3766450000112	DATA	Keydown:  
113.39295499998843	EXP	text_2: text = 333
113.39295499998843	EXP	text_2: autoDraw = false
113.39295499998843	EXP	Feedback: text = 316
113.39295499998843	EXP	Feedback: autoDraw = true
114.39164499996696	EXP	Feedback: autoDraw = false
114.39164499996696	EXP	Feedback: autoDraw = false
114.39164499996696	EXP	text_3: autoDraw = true
117.20870499999728	EXP	text_3: autoDraw = false
117.20870499999728	EXP	text_3: autoDraw = false
117.20870499999728	EXP	text_2: autoDraw = true
117.20870499999728	EXP	text_2: text = 0
117.22524999995949	EXP	text_2: text = 17
117.24209999997402	EXP	text_2: text = 33
117.25858500000322	EXP	text_2: text = 50
117.27531999995699	EXP	text_2: text = 67
117.29199999995762	EXP	text_2: text = 83
117.30849500000477	EXP	text_2: text = 100
117.32525499997428	EXP	text_2: text = 117
117.3420749999932	EXP	text_2: text = 133
117.35881499998504	EXP	text_2: text = 150
117.37523499998497	EXP	text_2: text = 167
117.39220499998191	EXP	text_2: text = 183
117.40870500000892	EXP	text_2: text = 200
117.42523999995319	EXP	text_2: text = 217
117.44181499996921	EXP	text_2: text = 233
117.45853999996325	EXP	text_2: text = 250
117.47525999997742	EXP	text_2: text = 267
117.49200500000734	EXP	text_2: text = 283
117.50854000000982	EXP	text_2: text = 300
117.52541999996174	EXP	text_2: text = 317
117.54210999998031	EXP	text_2: text = 333
117.558704999974	EXP	text_2: text = 350
117.57503499998711	EXP	text_2: text = 367
117.59196499997051	EXP	text_2: text = 383
117.60894000000553	EXP	text_2: text = 400
117.62531499995384	EXP	text_2: text = 417
117.6420849999995	EXP	text_2: text = 433
117.65856000001077	EXP	text_2: text = 450
117.67514499998651	EXP	text_2: text = 467
117.69213499996113	EXP	text_2: text = 483
117.70867500000168	EXP	text_2: text = 500
117.72526499995729	EXP	text_2: text = 517
117.7419349999982	EXP	text_2: text = 533
117.75996499997564	EXP	text_2: text = 551
117.77542999997968	EXP	text_2: text = 567
117.79205499996897	EXP	text_2: text = 583
117.80861499998719	EXP	text_2: text = 600
117.82508499996038	EXP	text_2: text = 617
117.84282499999972	EXP	text_2: text = 633
117.85869500000263	EXP	text_2: text = 650
117.87513999996008	EXP	text_2: text = 667
117.89200499997241	EXP	text_2: text = 683
117.90326499997173	DATA	Keydown:  
117.90964999998687	EXP	text_2: text = 700
117.90964999998687	EXP	text_2: autoDraw = false
117.90964999998687	EXP	Feedback: text = 695
117.90964999998687	EXP	Feedback: autoDraw = true
118.9085849999683	EXP	Feedback: autoDraw = false
118.9085849999683	EXP	Feedback: autoDraw = false
118.9085849999683	EXP	text_3: autoDraw = true
122.59308500000043	EXP	text_3: autoDraw = false
122.59308500000043	EXP	text_3: autoDraw = false
122.59308500000043	EXP	text_2: autoDraw = true
122.59308500000043	EXP	text_2: text = 0
122.60852000000887	EXP	text_2: text = 17
122.62522499996703	EXP	text_2: text = 33
122.64208999997936	EXP	text_2: text = 50
122.6590149999829	EXP	text_2: text = 67
122.67571999999927	EXP	text_2: text = 83
122.69229499995708	EXP	text_2: text = 100
122.70954000001075	EXP	text_2: text = 117
122.72558999998728	EXP	text_2: text = 133
122.74227499996778	EXP	text_2: text = 150
122.75993000000017	EXP	text_2: text = 167
122.77565500000492	EXP	text_2: text = 183
122.79258000000846	EXP	text_2: text = 200
122.80989999999292	EXP	text_2: text = 217
122.8258649999625	EXP	text_2: text = 233
122.84242999996059	EXP	text_2: text = 250
122.85883499996271	EXP	text_2: text = 267
122.87559000001056	EXP	text_2: text = 283
122.89284499996575	EXP	text_2: text = 300
122.90885499998694	EXP	text_2: text = 317
122.91203499998664	DATA	Keydown:  
122.9267000000109	EXP	text_2: text = 333
122.9267000000109	EXP	text_2: autoDraw = false
122.9267000000109	EXP	Feedback: text = 319
122.9267000000109	EXP	Feedback: autoDraw = true
123.92620499996701	EXP	Feedback: autoDraw = false
123.92620499996701	EXP	Feedback: autoDraw = false
123.92620499996701	EXP	text_3: autoDraw = true
128.3935599999968	EXP	text_3: autoDraw = false
128.3935599999968	EXP	text_3: autoDraw = false
128.3935599999968	EXP	text_2: autoDraw = true
128.3935599999968	EXP	text_2: text = 0
128.40988499997184	EXP	text_2: text = 17
128.42696499999147	EXP	text_2: text = 33
128.44397999998182	EXP	text_2: text = 52
128.459899999958	EXP	text_2: text = 67
128.47658999997657	EXP	text_2: text = 83
128.49345000000903	EXP	text_2: text = 100
128.5099699999555	EXP	text_2: text = 117
128.52692999999272	EXP	text_2: text = 133
128.54332999995677	EXP	text_2: text = 150
128.55986499995925	EXP	text_2: text = 167
128.5766350000049	EXP	text_2: text = 183
128.5933649999788	EXP	text_2: text = 200
128.60989500000142	EXP	text_2: text = 217
128.6265499999863	EXP	text_2: text = 233
128.6433449999895	EXP	text_2: text = 250
128.6603349999641	EXP	text_2: text = 267
128.67676499998197	EXP	text_2: text = 283
128.6932599999709	EXP	text_2: text = 300
128.70994999998948	EXP	text_2: text = 317
128.7267249999568	EXP	text_2: text = 333
128.74326499999734	EXP	text_2: text = 350
128.74461499997415	DATA	Keydown:  
128.76117999997223	EXP	text_2: text = 367
128.76117999997223	EXP	text_2: autoDraw = false
128.76117999997223	EXP	Feedback: text = 351
128.76117999997223	EXP	Feedback: autoDraw = true
129.76157499995315	EXP	Feedback: autoDraw = false
129.76157499995315	EXP	Feedback: autoDraw = false
129.76157499995315	EXP	text_3: autoDraw = true
131.81047500000568	DATA	Keydown: Alt
135.52736499998719	EXP	text_3: autoDraw = false
135.52736499998719	EXP	text_3: autoDraw = false
135.52736499998719	EXP	text_2: autoDraw = true
135.52736499998719	EXP	text_2: text = 0
135.5434499999974	EXP	text_2: text = 16
135.5597499999567	EXP	text_2: text = 33
135.57619499997236	EXP	text_2: text = 50
135.5928899999708	EXP	text_2: text = 67
135.6110950000002	EXP	text_2: text = 83
135.6262749999878	EXP	text_2: text = 100
135.6430049999617	EXP	text_2: text = 117
135.6613500000094	EXP	text_2: text = 133
135.67644999996992	EXP	text_2: text = 150
135.69396000000415	EXP	text_2: text = 167
135.71035499998834	EXP	text_2: text = 183
135.72891000000527	EXP	text_2: text = 200
135.7434849999845	EXP	text_2: text = 217
135.75993499998003	EXP	text_2: text = 233
135.776119999995	EXP	text_2: text = 250
135.79275999998208	EXP	text_2: text = 267
135.8095350000076	EXP	text_2: text = 283
135.8259449999896	EXP	text_2: text = 300
135.84387499996228	EXP	text_2: text = 318
135.85919499996817	EXP	text_2: text = 333
135.87591499998234	EXP	text_2: text = 350
135.89276499999687	EXP	text_2: text = 367
135.90905499999644	EXP	text_2: text = 383
135.92581499996595	EXP	text_2: text = 400
135.94269499997608	EXP	text_2: text = 417
135.9520649999613	DATA	Keydown:  
135.959899999958	EXP	text_2: text = 433
135.959899999958	EXP	text_2: autoDraw = false
135.959899999958	EXP	Feedback: text = 425
135.959899999958	EXP	Feedback: autoDraw = true
136.95937999995658	EXP	Feedback: autoDraw = false
136.95937999995658	EXP	Feedback: autoDraw = false
136.95937999995658	EXP	text_3: autoDraw = true
144.72679499996593	EXP	text_3: autoDraw = false
144.72679499996593	EXP	text_3: autoDraw = false
144.72679499996593	EXP	text_2: autoDraw = true
144.72679499996593	EXP	text_2: text = 0
144.74247999995714	EXP	text_2: text = 17
144.75963499996578	EXP	text_2: text = 33
144.7759349999833	EXP	text_2: text = 50
144.79303000000073	EXP	text_2: text = 67
144.80948499997612	EXP	text_2: text = 83
144.82616499997675	EXP	text_2: text = 100
144.84286999999313	EXP	text_2: text = 117
144.8598199999542	EXP	text_2: text = 133
144.87609499995597	EXP	text_2: text = 150
144.8931149999844	EXP	text_2: text = 167
144.90972999995574	EXP	text_2: text = 183
144.92613999999594	EXP	text_2: text = 200
144.9431549999863	EXP	text_2: text = 217
144.95943499996793	EXP	text_2: text = 233
144.97632999997586	EXP	text_2: text = 250
144.99367499997607	EXP	text_2: text = 267
145.01014500000747	EXP	text_2: text = 283
145.02603499998804	EXP	text_2: text = 300
145.04300999996485	EXP	text_2: text = 317
145.05955499998527	EXP	text_2: text = 333
145.07611999998335	EXP	text_2: text = 350
145.0795100000105	DATA	Keydown:  
145.09504499996547	EXP	text_2: text = 368
145.09504499996547	EXP	text_2: autoDraw = false
145.09504499996547	EXP	Feedback: text = 353
145.09504499996547	EXP	Feedback: autoDraw = true
146.09342499997	EXP	Feedback: autoDraw = false
146.09342499997	EXP	Feedback: autoDraw = false
146.09342499997	EXP	text_3: autoDraw = true
150.11107499996433	EXP	text_3: autoDraw = false
150.11107499996433	EXP	text_3: autoDraw = false
150.11107499996433	EXP	text_2: autoDraw = true
150.11107499996433	EXP	text_2: text = 0
150.12643499998376	EXP	text_2: text = 17
150.14315499999793	EXP	text_2: text = 33
150.160104999959	EXP	text_2: text = 50
150.1765899999882	EXP	text_2: text = 67
150.1936749999877	EXP	text_2: text = 83
150.21019499999238	EXP	text_2: text = 100
150.22678999998607	EXP	text_2: text = 117
150.2434399999911	EXP	text_2: text = 134
150.26043500000378	EXP	text_2: text = 150
150.27674499998102	EXP	text_2: text = 166
150.2934499999974	EXP	text_2: text = 183
150.30988999997498	EXP	text_2: text = 200
150.32691499998327	EXP	text_2: text = 216
150.344134999963	EXP	text_2: text = 233
150.35987499996554	EXP	text_2: text = 250
150.3769200000097	EXP	text_2: text = 267
150.39368499995908	EXP	text_2: text = 284
150.4104599999846	EXP	text_2: text = 300
150.4262999999919	EXP	text_2: text = 316
150.44480499997735	EXP	text_2: text = 333
150.4609000000055	EXP	text_2: text = 351
150.47659499995643	EXP	text_2: text = 367
150.479794999992	DATA	Keydown:  
150.49460999999428	EXP	text_2: text = 383
150.49460999999428	EXP	text_2: autoDraw = false
150.49460999999428	EXP	Feedback: text = 369
150.49460999999428	EXP	Feedback: autoDraw = true
151.4937299999874	EXP	Feedback: autoDraw = false
151.4937299999874	EXP	Feedback: autoDraw = false
151.4937299999874	EXP	text_3: autoDraw = true
152.8878749999567	DATA	Keydown: Alt
153.43499999999767	DATA	Mouse: 0 button down, pos=(42,623)
153.49846499995328	DATA	Mouse: 0 button down, pos=(42,623)
161.16188500000862	EXP	text_3: autoDraw = false
161.16188500000862	EXP	text_3: autoDraw = false
161.16188500000862	EXP	text_2: autoDraw = true
161.16188500000862	EXP	text_2: text = 0
161.17752500000643	EXP	text_2: text = 16
161.19407999998657	EXP	text_2: text = 33
161.21083999995608	EXP	text_2: text = 49
161.22751499997685	EXP	text_2: text = 66
161.24408999999287	EXP	text_2: text = 83
161.26097499998286	EXP	text_2: text = 99
161.2773949999828	EXP	text_2: text = 116
161.29416499997023	EXP	text_2: text = 133
161.31163000001106	EXP	text_2: text = 150
161.32749999995576	EXP	text_2: text = 166
161.34726999996928	EXP	text_2: text = 183
161.36161999998149	EXP	text_2: text = 200
161.3776899999939	EXP	text_2: text = 216
161.39422499999637	EXP	text_2: text = 233
161.41125000000466	EXP	text_2: text = 249
161.42765500000678	EXP	text_2: text = 266
161.44386499997927	EXP	text_2: text = 283
161.46138499997323	EXP	text_2: text = 299
161.47740499995416	EXP	text_2: text = 316
161.49416499998188	EXP	text_2: text = 333
161.51097499998286	EXP	text_2: text = 350
161.52744499995606	EXP	text_2: text = 366
161.54408500000136	EXP	text_2: text = 383
161.5612700000056	EXP	text_2: text = 399
161.5631449999637	DATA	Keydown:  
161.57811999996193	EXP	text_2: text = 416
161.57811999996193	EXP	text_2: autoDraw = false
161.57811999996193	EXP	Feedback: text = 401
161.57811999996193	EXP	Feedback: autoDraw = true
162.57740000000922	EXP	Feedback: autoDraw = false
162.57740000000922	EXP	Feedback: autoDraw = false
162.57740000000922	EXP	text_3: autoDraw = true
165.24923499999568	DATA	Mouse: 0 button down, pos=(71,622)
165.36286499997368	DATA	Mouse: 0 button down, pos=(72,621)
170.2617999999784	EXP	text_3: autoDraw = false
170.2617999999784	EXP	text_3: autoDraw = false
170.2617999999784	EXP	text_2: autoDraw = true
170.2617999999784	EXP	text_2: text = 0
170.27708999998868	EXP	text_2: text = 16
170.29444500000682	EXP	text_2: text = 33
170.31038999999873	EXP	text_2: text = 50
170.32721499999752	EXP	text_2: text = 66
170.34409500000766	EXP	text_2: text = 83
170.360709999979	EXP	text_2: text = 100
170.37760000000708	EXP	text_2: text = 117
170.39439500001026	EXP	text_2: text = 133
170.41057499998715	EXP	text_2: text = 150
170.42731999995885	EXP	text_2: text = 167
170.44389999995474	EXP	text_2: text = 183
170.46145499998238	EXP	text_2: text = 201
170.47772999998415	EXP	text_2: text = 217
170.49486499995692	EXP	text_2: text = 233
170.51169999997364	EXP	text_2: text = 250
170.53028999996604	EXP	text_2: text = 267
170.54438999999547	EXP	text_2: text = 283
170.56071499997051	EXP	text_2: text = 300
170.57743000000482	EXP	text_2: text = 317
170.59481499996036	EXP	text_2: text = 333
170.61326999997254	EXP	text_2: text = 351
170.62329999997746	DATA	Keydown:  
170.6292249999824	EXP	text_2: text = 367
170.6292249999824	EXP	text_2: autoDraw = false
170.6292249999824	EXP	Feedback: text = 362
170.6292249999824	EXP	Feedback: autoDraw = true
171.59216000000015	DATA	Keydown: Alt
171.6278099999763	EXP	Feedback: autoDraw = false
171.6278099999763	EXP	Feedback: autoDraw = false
171.6278099999763	EXP	text_3: autoDraw = true
174.54443499998888	DATA	Mouse: 0 button down, pos=(11,551)
174.61300999997184	DATA	Mouse: 0 button down, pos=(11,551)
175.48777499998687	DATA	Keydown: Alt
177.57843499997398	DATA	Mouse: 0 button down, pos=(0,691)
177.634384999983	DATA	Mouse: 0 button down, pos=(1,689)
178.19497499999125	EXP	text_3: autoDraw = false
178.19497499999125	EXP	text_3: autoDraw = false
178.19497499999125	EXP	text_2: autoDraw = true
178.19497499999125	EXP	text_2: text = 0
178.2111600000062	EXP	text_2: text = 17
178.22754499997245	EXP	text_2: text = 33
178.24423499999102	EXP	text_2: text = 50
178.26076499995543	EXP	text_2: text = 67
178.27741999999853	EXP	text_2: text = 83
178.2941850000061	EXP	text_2: text = 100
178.31083500001114	EXP	text_2: text = 117
178.3275849999627	EXP	text_2: text = 133
178.3448399999761	EXP	text_2: text = 150
178.36073499999475	EXP	text_2: text = 167
178.38322999997763	EXP	text_2: text = 187
178.39422999997623	EXP	text_2: text = 200
178.41089499997906	EXP	text_2: text = 217
178.42760999995517	EXP	text_2: text = 233
178.44430999999167	EXP	text_2: text = 250
178.46116999996593	EXP	text_2: text = 267
178.47761999996146	EXP	text_2: text = 283
178.49476500001037	EXP	text_2: text = 300
178.51137999998173	EXP	text_2: text = 317
178.52773999999044	EXP	text_2: text = 333
178.54408500000136	EXP	text_2: text = 350
178.5452749999822	DATA	Keydown:  
178.5619149999693	EXP	text_2: text = 367
178.5619149999693	EXP	text_2: autoDraw = false
178.5619149999693	EXP	Feedback: text = 350
178.5619149999693	EXP	Feedback: autoDraw = true
179.56076999998186	EXP	Feedback: autoDraw = false
179.56076999998186	EXP	Feedback: autoDraw = false
179.56076999998186	EXP	text_3: autoDraw = true
185.56253999995533	EXP	text_3: autoDraw = false
185.56253999995533	EXP	text_3: autoDraw = false
185.56253999995533	EXP	text_2: autoDraw = true
185.56253999995533	EXP	text_2: text = 0
185.5776199999964	EXP	text_2: text = 17
185.59442999999737	EXP	text_2: text = 33
185.6113400000031	EXP	text_2: text = 50
185.62782999995397	EXP	text_2: text = 67
185.64457999996375	EXP	text_2: text = 83
185.66132499999367	EXP	text_2: text = 100
185.67745999997715	EXP	text_2: text = 117
185.69492999999784	EXP	text_2: text = 133
185.71169500000542	EXP	text_2: text = 150
185.72814500000095	EXP	text_2: text = 167
185.74490499997046	EXP	text_2: text = 183
185.76152000000002	EXP	text_2: text = 200
185.77786500001093	EXP	text_2: text = 217
185.79436499997973	EXP	text_2: text = 233
185.8114249999635	EXP	text_2: text = 250
185.82769999996526	EXP	text_2: text = 267
185.84484499995597	EXP	text_2: text = 283
185.86191999999573	EXP	text_2: text = 300
185.87844999996014	EXP	text_2: text = 317
185.89448499999708	EXP	text_2: text = 333
185.9116100000101	EXP	text_2: text = 350
185.92781500000274	EXP	text_2: text = 367
185.94443499995396	EXP	text_2: text = 383
185.96120999997947	EXP	text_2: text = 400
185.9778749999823	EXP	text_2: text = 417
185.9841149999993	DATA	Keydown:  
185.9967900000047	EXP	text_2: text = 433
185.9967900000047	EXP	text_2: autoDraw = false
185.9967900000047	EXP	Feedback: text = 422
185.9967900000047	EXP	Feedback: autoDraw = true
186.99540999997407	EXP	Feedback: autoDraw = false
186.99540999997407	EXP	Feedback: autoDraw = false
186.99540999997407	EXP	text_3: autoDraw = true
190.19544499996118	EXP	text_3: autoDraw = false
190.19544499996118	EXP	text_3: autoDraw = false
190.19544499996118	EXP	text_2: autoDraw = true
190.19544499996118	EXP	text_2: text = 0
190.21182999998564	EXP	text_2: text = 16
190.22832499997457	EXP	text_2: text = 33
190.2447449999745	EXP	text_2: text = 50
190.26143999997294	EXP	text_2: text = 67
190.2777599999681	EXP	text_2: text = 83
190.29488999996101	EXP	text_2: text = 100
190.3117949999869	EXP	text_2: text = 116
190.32825500000035	EXP	text_2: text = 133
190.34502000000793	EXP	text_2: text = 150
190.36162499996135	EXP	text_2: text = 167
190.3780399999814	EXP	text_2: text = 183
190.3946199999773	EXP	text_2: text = 200
190.41194499999983	EXP	text_2: text = 217
190.42804500000784	EXP	text_2: text = 233
190.44445499998983	EXP	text_2: text = 250
190.4614050000091	EXP	text_2: text = 266
190.47816999995848	EXP	text_2: text = 283
190.4945299999672	EXP	text_2: text = 300
190.5112450000015	EXP	text_2: text = 316
190.5280100000091	EXP	text_2: text = 333
190.547734999971	EXP	text_2: text = 352
190.56150999997044	EXP	text_2: text = 367
190.578050000011	EXP	text_2: text = 383
190.59506500000134	EXP	text_2: text = 400
190.59946999995736	DATA	Keydown:  
190.61253499996383	EXP	text_2: text = 417
190.61253499996383	EXP	text_2: autoDraw = false
190.61253499996383	EXP	Feedback: text = 404
190.61253499996383	EXP	Feedback: autoDraw = true
191.6115399999544	EXP	Feedback: autoDraw = false
191.6115399999544	EXP	Feedback: autoDraw = false
191.6115399999544	EXP	text_3: autoDraw = true
198.32890500000212	EXP	text_3: autoDraw = false
198.32890500000212	EXP	text_3: autoDraw = false
198.32890500000212	EXP	text_2: autoDraw = true
198.32890500000212	EXP	text_2: text = 0
198.34484999999404	EXP	text_2: text = 17
198.3613250000053	EXP	text_2: text = 33
198.37796999997227	EXP	text_2: text = 50
198.39512000000104	EXP	text_2: text = 67
198.41164999996545	EXP	text_2: text = 83
198.42813999997452	EXP	text_2: text = 100
198.4447349999682	EXP	text_2: text = 117
198.46226999995997	EXP	text_2: text = 133
198.47816999995848	EXP	text_2: text = 150
198.49481000000378	EXP	text_2: text = 167
198.51181999995606	EXP	text_2: text = 183
198.52834999997867	EXP	text_2: text = 200
198.54589499998838	EXP	text_2: text = 217
198.5617949999869	EXP	text_2: text = 233
198.578509999963	EXP	text_2: text = 250
198.59484999999404	EXP	text_2: text = 267
198.5999399999855	DATA	Keydown:  
198.61281999998027	EXP	text_2: text = 283
198.61281999998027	EXP	text_2: autoDraw = false
198.61281999998027	EXP	Feedback: text = 271
198.61281999998027	EXP	Feedback: autoDraw = true
199.61156499997014	EXP	Feedback: autoDraw = false
199.61156499997014	EXP	Feedback: autoDraw = false
199.61156499997014	EXP	text_3: autoDraw = true
206.61278999998467	EXP	text_3: autoDraw = false
206.61278999998467	EXP	text_3: autoDraw = false
206.61278999998467	EXP	text_2: autoDraw = true
206.61278999998467	EXP	text_2: text = 0
206.6283649999532	EXP	text_2: text = 16
206.64535999996588	EXP	text_2: text = 33
206.66204999998445	EXP	text_2: text = 50
206.67881499999203	EXP	text_2: text = 66
206.6950599999982	EXP	text_2: text = 83
206.7122499999823	EXP	text_2: text = 100
206.7282150000101	EXP	text_2: text = 116
206.74494999996386	EXP	text_2: text = 133
206.76188499998534	EXP	text_2: text = 150
206.77880500000902	EXP	text_2: text = 167
206.79524999996647	EXP	text_2: text = 183
206.8119949999964	EXP	text_2: text = 200
206.82869999995455	EXP	text_2: text = 216
206.8454700000002	EXP	text_2: text = 233
206.8624149999814	EXP	text_2: text = 250
206.878854999959	EXP	text_2: text = 267
206.89506999996956	EXP	text_2: text = 283
206.91191500000423	EXP	text_2: text = 300
206.92904499999713	EXP	text_2: text = 317
206.9454749999568	EXP	text_2: text = 333
206.9622199999867	EXP	text_2: text = 350
206.97880499996245	EXP	text_2: text = 366
206.9996149999788	EXP	text_2: text = 388
207.0121499999659	EXP	text_2: text = 400
207.0284549999633	EXP	text_2: text = 416
207.04524999996647	EXP	text_2: text = 433
207.06189499999164	EXP	text_2: text = 450
207.07866499997908	EXP	text_2: text = 466
207.09554000000935	EXP	text_2: text = 483
207.1119399999734	EXP	text_2: text = 500
207.1288399999612	EXP	text_2: text = 517
207.13003999996	DATA	Keydown:  
207.14640500000678	EXP	text_2: text = 533
207.14640500000678	EXP	text_2: autoDraw = false
207.14640500000678	EXP	Feedback: text = 517
207.14640500000678	EXP	Feedback: autoDraw = true
208.14535999996588	EXP	Feedback: autoDraw = false
208.14535999996588	EXP	Feedback: autoDraw = false
208.14535999996588	EXP	text_3: autoDraw = true
217.4468549999874	EXP	text_3: autoDraw = false
217.4468549999874	EXP	text_3: autoDraw = false
217.4468549999874	EXP	text_2: autoDraw = true
217.4468549999874	EXP	text_2: text = 0
217.46392999996897	EXP	text_2: text = 17
217.47985000000335	EXP	text_2: text = 33
217.49651999998605	EXP	text_2: text = 50
217.51319999998668	EXP	text_2: text = 67
217.52988499996718	EXP	text_2: text = 83
217.54657499998575	EXP	text_2: text = 100
217.56317999999737	EXP	text_2: text = 117
217.57988499995554	EXP	text_2: text = 133
217.5966049999697	EXP	text_2: text = 150
217.61639999999898	EXP	text_2: text = 169
217.62987999996403	EXP	text_2: text = 183
217.6461849999614	EXP	text_2: text = 200
217.66320499998983	EXP	text_2: text = 217
217.68085499998415	EXP	text_2: text = 233
217.69653999997536	EXP	text_2: text = 250
217.713219999976	EXP	text_2: text = 267
217.72992499999236	EXP	text_2: text = 283
217.74655499996152	EXP	text_2: text = 300
217.75199499999871	DATA	Keydown:  
217.7665299999644	EXP	text_2: text = 317
217.7665299999644	EXP	text_2: autoDraw = false
217.7665299999644	EXP	Feedback: text = 305
217.7665299999644	EXP	Feedback: autoDraw = true
218.7635199999786	EXP	Feedback: autoDraw = false
218.7635199999786	EXP	Feedback: autoDraw = false
218.7635199999786	EXP	text_3: autoDraw = true
221.78515999997035	DATA	Mouse: 0 button down, pos=(0,509)
221.88143999996828	DATA	Mouse: 0 button down, pos=(29,520)
225.59762999997474	EXP	text_3: autoDraw = false
225.59762999997474	EXP	text_3: autoDraw = false
225.59762999997474	EXP	text_2: autoDraw = true
225.59762999997474	EXP	text_2: text = 0
225.61294500000076	EXP	text_2: text = 16
225.63070499995956	EXP	text_2: text = 33
225.64646999997785	EXP	text_2: text = 50
225.66342999995686	EXP	text_2: text = 66
225.68050499999663	EXP	text_2: text = 83
225.6969800000079	EXP	text_2: text = 100
225.71314000000712	EXP	text_2: text = 116
225.73009500000626	EXP	text_2: text = 133
225.7466349999886	EXP	text_2: text = 150
225.76385499996832	EXP	text_2: text = 166
225.78018000000156	EXP	text_2: text = 183
225.796949999989	EXP	text_2: text = 200
225.8134049999644	EXP	text_2: text = 216
225.83042499999283	EXP	text_2: text = 233
225.84677000000374	EXP	text_2: text = 250
225.86391499999445	EXP	text_2: text = 266
225.87977999995928	EXP	text_2: text = 283
225.89711499999976	EXP	text_2: text = 300
225.91384499997366	EXP	text_2: text = 316
225.93051499995636	EXP	text_2: text = 333
225.94631500000833	EXP	text_2: text = 350
225.96374499995727	EXP	text_2: text = 366
225.98011000000406	EXP	text_2: text = 383
225.99708499998087	EXP	text_2: text = 400
225.99945000000298	DATA	Keydown:  
226.0137049999903	EXP	text_2: text = 416
226.0137049999903	EXP	text_2: autoDraw = false
226.0137049999903	EXP	Feedback: text = 402
226.0137049999903	EXP	Feedback: autoDraw = true
227.0136899999925	EXP	Feedback: autoDraw = false
227.0136899999925	EXP	Feedback: autoDraw = false
227.0136899999925	EXP	text_3: autoDraw = true
231.1810299999779	EXP	text_3: autoDraw = false
231.1810299999779	EXP	text_3: autoDraw = false
231.1810299999779	EXP	text_2: autoDraw = true
231.1810299999779	EXP	text_2: text = 0
231.1978249999811	EXP	text_2: text = 17
231.21349999995437	EXP	text_2: text = 33
231.23047499998938	EXP	text_2: text = 50
231.24625500000548	EXP	text_2: text = 67
231.2641200000071	EXP	text_2: text = 83
231.28045500000007	EXP	text_2: text = 100
231.30019999999786	EXP	text_2: text = 117
231.32172499998705	EXP	text_2: text = 140
231.33211499999743	EXP	text_2: text = 151
231.34810499998275	EXP	text_2: text = 167
231.3641849999549	EXP	text_2: text = 184
231.38344499998493	EXP	text_2: text = 201
231.39786500000628	EXP	text_2: text = 218
231.41492499999003	EXP	text_2: text = 234
231.4335349999601	EXP	text_2: text = 250
231.4478099999833	EXP	text_2: text = 268
231.4650799999945	EXP	text_2: text = 285
231.48150999995414	EXP	text_2: text = 301
231.49811499996576	EXP	text_2: text = 317
231.5150399999693	EXP	text_2: text = 333
231.52820499998052	DATA	Keydown:  
231.53216000000248	EXP	text_2: text = 351
231.53216000000248	EXP	text_2: autoDraw = false
231.53216000000248	EXP	Feedback: text = 347
231.53216000000248	EXP	Feedback: autoDraw = true
232.53010499995435	EXP	Feedback: autoDraw = false
232.53010499995435	EXP	Feedback: autoDraw = false
232.53010499995435	EXP	text_3: autoDraw = true
236.35146499995608	DATA	Keydown: Alt
239.6471399999573	EXP	text_3: autoDraw = false
239.6471399999573	EXP	text_3: autoDraw = false
239.6471399999573	EXP	text_2: autoDraw = true
239.6471399999573	EXP	text_2: text = 0
239.66261999995913	EXP	text_2: text = 17
239.67932999995537	EXP	text_2: text = 33
239.6961349999765	EXP	text_2: text = 50
239.71289999998407	EXP	text_2: text = 67
239.72966499999166	EXP	text_2: text = 83
239.74616999999853	EXP	text_2: text = 100
239.7628749999567	EXP	text_2: text = 117
239.77966999995988	EXP	text_2: text = 133
239.79619500000263	EXP	text_2: text = 150
239.81301499996334	EXP	text_2: text = 167
239.82961999997497	EXP	text_2: text = 183
239.84584500000346	EXP	text_2: text = 200
239.8627399999532	EXP	text_2: text = 217
239.8798400000087	EXP	text_2: text = 233
239.8961699999636	EXP	text_2: text = 250
239.9136999999755	EXP	text_2: text = 267
239.92930499999784	EXP	text_2: text = 283
239.94607000000542	EXP	text_2: text = 300
239.962819999957	EXP	text_2: text = 317
239.97948499995982	EXP	text_2: text = 333
239.99640000000363	EXP	text_2: text = 350
240.01263999997173	EXP	text_2: text = 367
240.0155950000044	DATA	Keydown:  
240.03050499997335	EXP	text_2: text = 383
240.03050499997335	EXP	text_2: autoDraw = false
240.03050499997335	EXP	Feedback: text = 369
240.03050499997335	EXP	Feedback: autoDraw = true
241.02989000000525	EXP	Feedback: autoDraw = false
241.02989000000525	EXP	Feedback: autoDraw = false
241.02989000000525	EXP	text_3: autoDraw = true
246.16057499998715	DATA	Keydown: Alt
247.24737999995705	EXP	text_3: autoDraw = false
247.24737999995705	EXP	text_3: autoDraw = false
247.24737999995705	EXP	text_2: autoDraw = true
247.24737999995705	EXP	text_2: text = 0
247.26324999995995	EXP	text_2: text = 17
247.2798199999961	EXP	text_2: text = 33
247.29691499995533	EXP	text_2: text = 50
247.3136999999988	EXP	text_2: text = 67
247.33057499997085	EXP	text_2: text = 84
247.34693999995943	EXP	text_2: text = 100
247.36354499997105	EXP	text_2: text = 117
247.3798700000043	EXP	text_2: text = 133
247.39617500000168	EXP	text_2: text = 150
247.41459999996005	EXP	text_2: text = 168
247.42953500000294	EXP	text_2: text = 183
247.4465799999889	EXP	text_2: text = 200
247.4633899999899	EXP	text_2: text = 217
247.48029999999562	EXP	text_2: text = 233
247.49751499999547	EXP	text_2: text = 251
247.51389999996172	EXP	text_2: text = 267
247.5300350000034	EXP	text_2: text = 283
247.5461699999869	EXP	text_2: text = 300
247.56699500000104	EXP	text_2: text = 320
247.58015499997418	EXP	text_2: text = 333
247.59661999996752	EXP	text_2: text = 350
247.6138149999897	EXP	text_2: text = 367
247.62988999998197	EXP	text_2: text = 383
247.64632999995956	EXP	text_2: text = 400
247.66352499998175	EXP	text_2: text = 417
247.6806949999882	EXP	text_2: text = 434
247.69781499996316	EXP	text_2: text = 451
247.7153999999864	EXP	text_2: text = 467
247.7374149999814	EXP	text_2: text = 483
247.74697499995818	EXP	text_2: text = 500
247.76349499996286	EXP	text_2: text = 517
247.78778499999316	EXP	text_2: text = 533
247.79639499995392	EXP	text_2: text = 550
247.81411999999546	EXP	text_2: text = 567
247.83048000000417	EXP	text_2: text = 583
247.8475149999722	EXP	text_2: text = 601
247.86409499996807	EXP	text_2: text = 617
247.88150499999756	EXP	text_2: text = 633
247.8978299999726	EXP	text_2: text = 650
247.9174049999565	EXP	text_2: text = 667
247.93036499997834	EXP	text_2: text = 684
247.94691499997862	EXP	text_2: text = 700
247.9633899999899	EXP	text_2: text = 717
247.98346499999752	EXP	text_2: text = 734
247.99739999999292	EXP	text_2: text = 751
248.01372499996796	EXP	text_2: text = 767
248.03599000000395	EXP	text_2: text = 783
248.0539899999858	EXP	text_2: text = 804
248.0633449999732	EXP	text_2: text = 817
248.08037999999942	EXP	text_2: text = 833
248.09737999999197	EXP	text_2: text = 851
248.11343999998644	EXP	text_2: text = 867
248.12979499995708	EXP	text_2: text = 883
248.14635999995517	EXP	text_2: text = 900
248.16410999995423	EXP	text_2: text = 918
248.18033000000287	EXP	text_2: text = 933
248.19667999999365	EXP	text_2: text = 950
248.21311499999138	EXP	text_2: text = 967
248.22989999997662	EXP	text_2: text = 983
248.2463599999901	EXP	text_2: text = 1000
248.2633349999669	EXP	text_2: text = 1017
248.27986000000965	EXP	text_2: text = 1033
248.2967349999817	EXP	text_2: text = 1050
248.31436999997823	EXP	text_2: text = 1067
248.33035000000382	EXP	text_2: text = 1083
248.34772499999963	EXP	text_2: text = 1101
248.36327999999048	EXP	text_2: text = 1117
248.38013999996474	EXP	text_2: text = 1134
248.39642499998445	EXP	text_2: text = 1150
248.4133149999543	EXP	text_2: text = 1167
248.42976500000805	EXP	text_2: text = 1183
248.4562900000019	EXP	text_2: text = 1200
248.46765000000596	EXP	text_2: text = 1218
248.48089499998605	EXP	text_2: text = 1233
248.4963449999923	EXP	text_2: text = 1250
248.51363499998115	EXP	text_2: text = 1267
248.52975499996683	EXP	text_2: text = 1283
248.54626499995356	EXP	text_2: text = 1300
248.56399999995483	EXP	text_2: text = 1317
248.58003499999177	EXP	text_2: text = 1333
248.59650499996496	EXP	text_2: text = 1350
248.61336499999743	EXP	text_2: text = 1367
248.6300549999578	EXP	text_2: text = 1383
248.6466950000031	EXP	text_2: text = 1400
248.66378499998245	EXP	text_2: text = 1417
248.68052999995416	EXP	text_2: text = 1434
248.69676999998046	EXP	text_2: text = 1450
248.71397499996237	EXP	text_2: text = 1467
248.7297799999942	EXP	text_2: text = 1483
248.7466649999842	EXP	text_2: text = 1500
248.7643049999606	EXP	text_2: text = 1518
248.77973499998916	EXP	text_2: text = 1533
248.7963649999583	EXP	text_2: text = 1550
248.81354999996256	EXP	text_2: text = 1567
248.82991999998922	EXP	text_2: text = 1583
248.84664999996312	EXP	text_2: text = 1600
248.86346500000218	EXP	text_2: text = 1617
248.8835249999538	EXP	text_2: text = 1635
248.89631499996176	EXP	text_2: text = 1650
248.91377499996452	EXP	text_2: text = 1667
248.92989999998827	EXP	text_2: text = 1683
248.94667999999365	EXP	text_2: text = 1700
248.9635249999701	EXP	text_2: text = 1717
248.98029999999562	EXP	text_2: text = 1733
248.99701499997173	EXP	text_2: text = 1750
249.01319500000682	EXP	text_2: text = 1767
249.03144499997143	EXP	text_2: text = 1783
249.04625499999383	EXP	text_2: text = 1800
249.06370999995852	EXP	text_2: text = 1817
249.0795849999995	EXP	text_2: text = 1833
249.09628999995766	EXP	text_2: text = 1850
249.112770000007	EXP	text_2: text = 1867
249.1298999999999	EXP	text_2: text = 1883
249.1462299999548	EXP	text_2: text = 1900
249.16344999999274	EXP	text_2: text = 1917
249.1801700000069	EXP	text_2: text = 1933
249.19644500000868	EXP	text_2: text = 1950
249.213294999965	EXP	text_2: text = 1967
249.22962999995798	EXP	text_2: text = 1983
249.24633499997435	EXP	text_2: text = 2000
249.26295499998378	EXP	text_2: text = 2017
249.28015499998583	EXP	text_2: text = 2033
249.2962899999693	EXP	text_2: text = 2050
249.31577499996638	EXP	text_2: text = 2069
249.32956499996362	EXP	text_2: text = 2083
249.34703499998432	EXP	text_2: text = 2100
249.36355999996886	EXP	text_2: text = 2117
249.37973499996588	EXP	text_2: text = 2133
249.39679500000784	EXP	text_2: text = 2150
249.4131949999719	EXP	text_2: text = 2167
249.43002500000875	EXP	text_2: text = 2183
249.4466249999823	EXP	text_2: text = 2200
249.46314499998698	EXP	text_2: text = 2217
249.4803949999623	EXP	text_2: text = 2234
249.49625500000548	EXP	text_2: text = 2250
249.5147799999686	EXP	text_2: text = 2268
249.5300500000012	EXP	text_2: text = 2284
249.5468899999978	EXP	text_2: text = 2300
249.5631599999615	EXP	text_2: text = 2317
249.57996000000276	EXP	text_2: text = 2333
249.5969299999997	EXP	text_2: text = 2350
249.6130300000077	EXP	text_2: text = 2367
249.62974999996368	EXP	text_2: text = 2383
249.6462649999885	EXP	text_2: text = 2400
249.6693999999552	EXP	text_2: text = 2420
249.68036499997834	EXP	text_2: text = 2433
249.6997449999908	EXP	text_2: text = 2453
249.71311499999138	EXP	text_2: text = 2467
249.73104499996407	EXP	text_2: text = 2484
249.74762999999803	EXP	text_2: text = 2500
249.76391499995952	EXP	text_2: text = 2518
249.78139999997802	EXP	text_2: text = 2534
249.79707999998936	EXP	text_2: text = 2550
249.81367000000319	EXP	text_2: text = 2567
249.86419499997282	EXP	text_2: text = 2614
249.88691000000108	DATA	Mouse: 0 button down, pos=(1121,865)
249.92745499999728	DATA	Mouse: 0 button down, pos=(1121,863)
249.93236499995692	EXP	text_2: text = 2684
249.9466849999735	EXP	text_2: text = 2700
249.96400999999605	EXP	text_2: text = 2718
249.9804549999535	EXP	text_2: text = 2734
249.9967750000069	EXP	text_2: text = 2750
250.03429999999935	EXP	text_2: text = 2787
250.05346999998437	EXP	text_2: text = 2804
250.0837949999841	EXP	text_2: text = 2819
250.103994999954	EXP	text_2: text = 2856
250.11650000000373	EXP	text_2: text = 2869
250.13234999997076	EXP	text_2: text = 2885
250.14779499999713	EXP	text_2: text = 2901
250.17081999999937	EXP	text_2: text = 2921
250.18051999999443	EXP	text_2: text = 2934
250.19916999997804	EXP	text_2: text = 2952
250.22196999995504	EXP	text_2: text = 2967
250.2319949999801	EXP	text_2: text = 2985
250.25081999995746	EXP	text_2: text = 3001
250.2656849999912	EXP	text_2: text = 3019
250.2815399999963	EXP	text_2: text = 3035
250.30036499997368	EXP	text_2: text = 3051
250.31453499995405	EXP	text_2: text = 3067
250.33143500000006	EXP	text_2: text = 3085
250.3519549999619	EXP	text_2: text = 3103
250.36747999995714	EXP	text_2: text = 3117
250.38099999999395	EXP	text_2: text = 3134
250.39708999998402	EXP	text_2: text = 3150
250.41459499998018	EXP	text_2: text = 3167
250.43028500000946	EXP	text_2: text = 3183
250.44698499998776	EXP	text_2: text = 3200
250.46535999997286	EXP	text_2: text = 3217
250.48048500000732	EXP	text_2: text = 3234
250.49855999997817	EXP	text_2: text = 3250
250.51366999995662	EXP	text_2: text = 3267
250.53268499998376	EXP	text_2: text = 3283
250.54692999995314	EXP	text_2: text = 3300
250.5643899999559	EXP	text_2: text = 3317
250.5816749999649	EXP	text_2: text = 3334
250.59818500000983	EXP	text_2: text = 3350
250.6149049999658	EXP	text_2: text = 3367
250.63056499999948	EXP	text_2: text = 3383
250.64706499996828	EXP	text_2: text = 3400
250.66513499995926	EXP	text_2: text = 3417
250.68275499995798	EXP	text_2: text = 3435
250.69700499996543	EXP	text_2: text = 3450
250.71383999998216	EXP	text_2: text = 3467
250.7308099999791	EXP	text_2: text = 3483
250.74709999997867	EXP	text_2: text = 3500
250.763890000002	EXP	text_2: text = 3517
250.7804049999686	EXP	text_2: text = 3533
250.79692499997327	EXP	text_2: text = 3550
250.8134199999622	EXP	text_2: text = 3567
250.8301849999698	EXP	text_2: text = 3583
250.8468049999792	EXP	text_2: text = 3600
250.86423999996623	EXP	text_2: text = 3617
250.88082999998005	EXP	text_2: text = 3633
250.8979849999887	EXP	text_2: text = 3650
250.9136849999777	EXP	text_2: text = 3667
250.93037999997614	EXP	text_2: text = 3684
250.946884999983	EXP	text_2: text = 3700
250.96525499998825	EXP	text_2: text = 3717
250.98027000000002	EXP	text_2: text = 3733
250.99698499997612	EXP	text_2: text = 3750
251.0138600000064	EXP	text_2: text = 3767
251.0301449999679	EXP	text_2: text = 3783
251.0466599999927	EXP	text_2: text = 3800
251.06350499996915	EXP	text_2: text = 3817
251.08036500000162	EXP	text_2: text = 3833
251.0970849999576	EXP	text_2: text = 3850
251.11413499998162	EXP	text_2: text = 3867
251.13067499996396	EXP	text_2: text = 3883
251.14699499995913	EXP	text_2: text = 3900
251.16443000000436	EXP	text_2: text = 3917
251.18106999999145	EXP	text_2: text = 3933
251.19700499996543	EXP	text_2: text = 3950
251.2133899999899	EXP	text_2: text = 3967
251.23012999998173	EXP	text_2: text = 3983
251.24737999995705	EXP	text_2: text = 4000
251.26416999998037	EXP	text_2: text = 4017
251.28207499999553	EXP	text_2: text = 4034
251.29715999995824	EXP	text_2: text = 4050
251.31579999998212	EXP	text_2: text = 4068
251.33079499995802	EXP	text_2: text = 4084
251.34767499996815	EXP	text_2: text = 4100
251.3632599999546	EXP	text_2: text = 4117
251.38365499995416	EXP	text_2: text = 4136
251.39701999997487	EXP	text_2: text = 4150
251.4134549999726	EXP	text_2: text = 4167
251.43024499999592	EXP	text_2: text = 4183
251.44758999999613	EXP	text_2: text = 4200
251.46463000000222	EXP	text_2: text = 4217
251.4806699999608	EXP	text_2: text = 4233
251.4971099999966	EXP	text_2: text = 4250
251.51365499995882	EXP	text_2: text = 4267
251.53010999999242	EXP	text_2: text = 4284
251.54701999999816	EXP	text_2: text = 4300
251.56405499996617	EXP	text_2: text = 4317
251.58064000000013	EXP	text_2: text = 4333
251.59696499997517	EXP	text_2: text = 4350
251.6149499999592	EXP	text_2: text = 4368
251.63147500000196	EXP	text_2: text = 4384
251.64712999999756	EXP	text_2: text = 4400
251.70871999999508	EXP	text_2: text = 4460
251.72727999999188	EXP	text_2: text = 4477
251.7517050000024	EXP	text_2: text = 4505
251.77893999998923	EXP	text_2: text = 4518
251.79825499997241	EXP	text_2: text = 4551
251.81641500000842	EXP	text_2: text = 4568
251.83118999999715	EXP	text_2: text = 4584
251.84701999998651	EXP	text_2: text = 4600
251.8650299999863	EXP	text_2: text = 4617
251.8720650000032	DATA	Keydown:  
251.88305499998387	EXP	text_2: text = 4634
251.88305499998387	EXP	text_2: autoDraw = false
251.88305499998387	EXP	Feedback: text = 4625
251.88305499998387	EXP	Feedback: autoDraw = true
252.88067499996396	EXP	Feedback: autoDraw = false
252.88067499996396	EXP	Feedback: autoDraw = false
252.88067499996396	EXP	text_3: autoDraw = true
259.8819899999653	EXP	text_3: autoDraw = false
259.8819899999653	EXP	text_3: autoDraw = false
259.8819899999653	EXP	text_2: autoDraw = true
259.8819899999653	EXP	text_2: text = 0
259.89700999995694	EXP	text_2: text = 17
259.913499999966	EXP	text_2: text = 33
259.93008499999996	EXP	text_2: text = 50
259.9466549999779	EXP	text_2: text = 66
259.96331999998074	EXP	text_2: text = 83
259.9799500000081	EXP	text_2: text = 100
259.9974799999618	EXP	text_2: text = 117
260.0142599999672	EXP	text_2: text = 133
260.0305299999891	EXP	text_2: text = 150
260.0467349999817	EXP	text_2: text = 166
260.0637299999944	EXP	text_2: text = 183
260.0806599999778	EXP	text_2: text = 200
260.0973099999828	EXP	text_2: text = 216
260.1143799999845	EXP	text_2: text = 233
260.13029499998083	EXP	text_2: text = 250
260.1468799999566	EXP	text_2: text = 267
260.16381499997806	EXP	text_2: text = 283
260.1804300000076	EXP	text_2: text = 300
260.19715500000166	EXP	text_2: text = 317
260.21370500000194	EXP	text_2: text = 333
260.23384499998065	EXP	text_2: text = 353
260.2469599999604	EXP	text_2: text = 366
260.26350999996066	EXP	text_2: text = 383
260.27192999998806	DATA	Keydown:  
260.2814800000051	EXP	text_2: text = 400
260.2814800000051	EXP	text_2: autoDraw = false
260.2814800000051	EXP	Feedback: text = 391
260.2814800000051	EXP	Feedback: autoDraw = true
261.2807099999627	EXP	Feedback: autoDraw = false
261.2807099999627	EXP	Feedback: autoDraw = false
261.2807099999627	EXP	text_3: autoDraw = true
268.01430999999866	EXP	text_3: autoDraw = false
268.01430999999866	EXP	text_3: autoDraw = false
268.01430999999866	EXP	text_2: autoDraw = true
268.01430999999866	EXP	text_2: text = 0
268.02987500000745	EXP	text_2: text = 17
268.0465700000059	EXP	text_2: text = 33
268.0636349999695	EXP	text_2: text = 50
268.07996000000276	EXP	text_2: text = 67
268.0971300000092	EXP	text_2: text = 83
268.1137699999963	EXP	text_2: text = 100
268.1305299999658	EXP	text_2: text = 117
268.1474499999895	EXP	text_2: text = 133
268.1639899999718	EXP	text_2: text = 150
268.1816150000086	EXP	text_2: text = 167
268.1972550000064	EXP	text_2: text = 183
268.2136499999906	EXP	text_2: text = 200
268.230654999963	EXP	text_2: text = 217
268.2473100000061	EXP	text_2: text = 233
268.2638099999749	EXP	text_2: text = 250
268.28031999996165	EXP	text_2: text = 267
268.29718999995384	EXP	text_2: text = 283
268.31397999997716	EXP	text_2: text = 300
268.3305549999932	EXP	text_2: text = 317
268.3509099999792	EXP	text_2: text = 334
268.36402499995893	EXP	text_2: text = 350
268.3805449999636	EXP	text_2: text = 367
268.3971249999595	EXP	text_2: text = 383
268.4072949999827	DATA	Keydown:  
268.4147449999582	EXP	text_2: text = 400
268.4147449999582	EXP	text_2: autoDraw = false
268.4147449999582	EXP	Feedback: text = 393
268.4147449999582	EXP	Feedback: autoDraw = true
269.41419999999925	EXP	Feedback: autoDraw = false
269.41419999999925	EXP	Feedback: autoDraw = false
269.41419999999925	EXP	text_3: autoDraw = true
276.5478249999578	EXP	text_3: autoDraw = false
276.5478249999578	EXP	text_3: autoDraw = false
276.5478249999578	EXP	text_2: autoDraw = true
276.5478249999578	EXP	text_2: text = 0
276.56839500000933	EXP	text_2: text = 21
276.5839599999599	EXP	text_2: text = 34
276.5969749999931	EXP	text_2: text = 50
276.6136149999802	EXP	text_2: text = 67
276.6303750000079	EXP	text_2: text = 83
276.64718999998877	EXP	text_2: text = 100
276.6641799999634	EXP	text_2: text = 117
276.681334999972	EXP	text_2: text = 133
276.6990649999934	EXP	text_2: text = 150
276.71402499999385	EXP	text_2: text = 167
276.7306849999586	EXP	text_2: text = 183
276.74747000000207	EXP	text_2: text = 200
276.7636300000013	EXP	text_2: text = 217
276.7808799999766	EXP	text_2: text = 233
276.7978399999556	EXP	text_2: text = 250
276.81443999998737	EXP	text_2: text = 267
276.8307999999961	EXP	text_2: text = 283
276.8476699999883	EXP	text_2: text = 300
276.8640899999882	EXP	text_2: text = 317
276.88090499996906	EXP	text_2: text = 333
276.91409499995643	EXP	text_2: text = 367
276.9303699999582	EXP	text_2: text = 383
276.9475600000005	EXP	text_2: text = 400
276.9640500000096	EXP	text_2: text = 417
276.9806899999967	EXP	text_2: text = 433
276.99736499995925	EXP	text_2: text = 450
277.01420499995584	EXP	text_2: text = 467
277.0161899999948	DATA	Keydown:  
277.03168999997433	EXP	text_2: text = 483
277.03168999997433	EXP	text_2: autoDraw = false
277.03168999997433	EXP	Feedback: text = 468
277.03168999997433	EXP	Feedback: autoDraw = true
278.03077999997186	EXP	Feedback: autoDraw = false
278.03077999997186	EXP	Feedback: autoDraw = false
278.03077999997186	EXP	text_3: autoDraw = true
281.8981499999645	EXP	text_3: autoDraw = false
281.8981499999645	EXP	text_3: autoDraw = false
281.8981499999645	EXP	text_2: autoDraw = true
281.8981499999645	EXP	text_2: text = 0
281.9136399999843	EXP	text_2: text = 16
281.93119499995373	EXP	text_2: text = 33
281.94767999998294	EXP	text_2: text = 50
281.96413499995833	EXP	text_2: text = 66
281.98126500000944	EXP	text_2: text = 83
281.99762499995995	EXP	text_2: text = 100
282.0142449999694	EXP	text_2: text = 117
282.0309600000037	EXP	text_2: text = 133
282.0475649999571	EXP	text_2: text = 150
282.06427499995334	EXP	text_2: text = 167
282.08094499999424	EXP	text_2: text = 183
282.0976650000084	EXP	text_2: text = 200
282.11424999998417	EXP	text_2: text = 216
282.13056999997934	EXP	text_2: text = 233
282.1477350000059	EXP	text_2: text = 250
282.16452499997104	EXP	text_2: text = 267
282.18267000000924	EXP	text_2: text = 284
282.1976849999628	EXP	text_2: text = 300
282.21413499995833	EXP	text_2: text = 316
282.23090999998385	EXP	text_2: text = 333
282.24748999997973	EXP	text_2: text = 350
282.25533999997424	DATA	Keydown:  
282.2653200000059	EXP	text_2: text = 367
282.2653200000059	EXP	text_2: autoDraw = false
282.2653200000059	EXP	Feedback: text = 357
282.2653200000059	EXP	Feedback: autoDraw = true
283.26489499997115	EXP	Feedback: autoDraw = false
283.26489499997115	EXP	Feedback: autoDraw = false
283.26489499997115	EXP	text_3: autoDraw = true
285.68176000000676	EXP	text_3: autoDraw = false
285.68176000000676	EXP	text_3: autoDraw = false
285.68176000000676	EXP	text_2: autoDraw = true
285.68176000000676	EXP	text_2: text = 0
285.6972550000064	EXP	text_2: text = 16
285.7138749999576	EXP	text_2: text = 33
285.73055499995826	EXP	text_2: text = 50
285.74745500000427	EXP	text_2: text = 66
285.76425000000745	EXP	text_2: text = 83
285.78087499999674	EXP	text_2: text = 100
285.79749999998603	EXP	text_2: text = 116
285.8142050000024	EXP	text_2: text = 133
285.8309850000078	EXP	text_2: text = 150
285.8476849999861	EXP	text_2: text = 166
285.86424999998417	EXP	text_2: text = 183
285.8810049999738	EXP	text_2: text = 200
285.8997799999779	EXP	text_2: text = 218
285.91429499996593	EXP	text_2: text = 233
285.93147000001045	EXP	text_2: text = 250
285.9477199999965	EXP	text_2: text = 266
285.96433499996783	EXP	text_2: text = 283
285.98131000000285	EXP	text_2: text = 300
285.99785499996506	EXP	text_2: text = 316
286.0144100000034	EXP	text_2: text = 333
286.0311849999707	EXP	text_2: text = 350
286.0477700000047	EXP	text_2: text = 366
286.0647149999859	EXP	text_2: text = 383
286.06587499997113	DATA	Keydown:  
286.08194499998353	EXP	text_2: text = 400
286.08194499998353	EXP	text_2: autoDraw = false
286.08194499998353	EXP	Feedback: text = 384
286.08194499998353	EXP	Feedback: autoDraw = true
286.1514899999602	DATA	Keydown:  
287.0812399999704	EXP	Feedback: autoDraw = false
287.0812399999704	EXP	Feedback: autoDraw = false
287.0812399999704	EXP	text_3: autoDraw = true
294.5151649999898	EXP	text_3: autoDraw = false
294.5151649999898	EXP	text_3: autoDraw = false
294.5151649999898	EXP	text_2: autoDraw = true
294.5151649999898	EXP	text_2: text = 0
294.5307699999539	EXP	text_2: text = 16
294.54767999995966	EXP	text_2: text = 33
294.5641149999574	EXP	text_2: text = 50
294.5810249999631	EXP	text_2: text = 67
294.5984699999681	EXP	text_2: text = 83
294.6145099999849	EXP	text_2: text = 100
294.6308849999914	EXP	text_2: text = 117
294.64795999997295	EXP	text_2: text = 133
294.66478499997174	EXP	text_2: text = 150
294.6812299999874	EXP	text_2: text = 166
294.6979749999591	EXP	text_2: text = 183
294.7146199999843	EXP	text_2: text = 200
294.7313349999604	EXP	text_2: text = 217
294.7479849999654	EXP	text_2: text = 233
294.76478999998653	EXP	text_2: text = 250
294.7813149999711	EXP	text_2: text = 267
294.79798999999184	EXP	text_2: text = 283
294.8149400000111	EXP	text_2: text = 300
294.8313699999708	EXP	text_2: text = 317
294.84803999995347	EXP	text_2: text = 333
294.85635499999626	DATA	Keydown:  
294.86664999998175	EXP	text_2: text = 350
294.86664999998175	EXP	text_2: autoDraw = false
294.86664999998175	EXP	Feedback: text = 341
294.86664999998175	EXP	Feedback: autoDraw = true
295.86466500000097	EXP	Feedback: autoDraw = false
295.86466500000097	EXP	Feedback: autoDraw = false
295.86466500000097	EXP	text_3: autoDraw = true
300.5152549999766	EXP	text_3: autoDraw = false
300.5152549999766	EXP	text_3: autoDraw = false
300.5152549999766	EXP	text_2: autoDraw = true
300.5152549999766	EXP	text_2: text = 0
300.53122499998426	EXP	text_2: text = 17
300.5481949999812	EXP	text_2: text = 33
300.56471999996575	EXP	text_2: text = 50
300.5812750000041	EXP	text_2: text = 67
300.5984999999637	EXP	text_2: text = 83
300.61491499998374	EXP	text_2: text = 100
300.63158499996644	EXP	text_2: text = 117
300.64866999996593	EXP	text_2: text = 133
300.6647449999582	EXP	text_2: text = 150
300.68148500000825	EXP	text_2: text = 167
300.6981500000111	EXP	text_2: text = 183
300.71453499997733	EXP	text_2: text = 200
300.73152999999	EXP	text_2: text = 217
300.7481249999837	EXP	text_2: text = 233
300.76480499998434	EXP	text_2: text = 250
300.78153499995824	EXP	text_2: text = 267
300.79813499999	EXP	text_2: text = 283
300.81508999998914	EXP	text_2: text = 300
300.83223	EXP	text_2: text = 317
300.84816499997396	EXP	text_2: text = 333
300.8553349999711	DATA	Keydown:  
300.8654300000053	EXP	text_2: text = 350
300.8654300000053	EXP	text_2: autoDraw = false
300.8654300000053	EXP	Feedback: text = 340
300.8654300000053	EXP	Feedback: autoDraw = true
301.8646899999585	EXP	Feedback: autoDraw = false
301.8646899999585	EXP	Feedback: autoDraw = false
301.8646899999585	EXP	text_3: autoDraw = true
307.6491549999919	EXP	text_3: autoDraw = false
307.6491549999919	EXP	text_3: autoDraw = false
307.6491549999919	EXP	text_2: autoDraw = true
307.6491549999919	EXP	text_2: text = 0
307.664609999978	EXP	text_2: text = 17
307.68140499998117	EXP	text_2: text = 33
307.6983599999803	EXP	text_2: text = 50
307.7147249999689	EXP	text_2: text = 67
307.73144999996293	EXP	text_2: text = 83
307.74808499997016	EXP	text_2: text = 100
307.76433999999426	EXP	text_2: text = 117
307.78171999996994	EXP	text_2: text = 133
307.79853999998886	EXP	text_2: text = 150
307.81513499998255	EXP	text_2: text = 167
307.8317849999876	EXP	text_2: text = 183
307.84846000000834	EXP	text_2: text = 200
307.86484999995446	EXP	text_2: text = 217
307.88254999998026	EXP	text_2: text = 233
307.89848499995423	EXP	text_2: text = 250
307.91496999998344	EXP	text_2: text = 267
307.93205499998294	EXP	text_2: text = 283
307.9483749999781	EXP	text_2: text = 300
307.96508499997435	EXP	text_2: text = 317
307.9818049999885	EXP	text_2: text = 333
308.0027499999851	EXP	text_2: text = 354
308.0150849999627	EXP	text_2: text = 367
308.03213499998674	EXP	text_2: text = 383
308.04878499999177	EXP	text_2: text = 400
308.05092499998864	DATA	Keydown:  
308.0657849999843	EXP	text_2: text = 417
308.0657849999843	EXP	text_2: autoDraw = false
308.0657849999843	EXP	Feedback: text = 402
308.0657849999843	EXP	Feedback: autoDraw = true
309.0651300000027	EXP	Feedback: autoDraw = false
309.0651300000027	EXP	Feedback: autoDraw = false
309.0651300000027	EXP	text_3: autoDraw = true
313.5994049999863	EXP	text_3: autoDraw = false
313.5994049999863	EXP	text_3: autoDraw = false
313.5994049999863	EXP	text_2: autoDraw = true
313.5994049999863	EXP	text_2: text = 0
313.61492999998154	EXP	text_2: text = 16
313.6314199999906	EXP	text_2: text = 33
313.64828500000294	EXP	text_2: text = 50
313.66498499998124	EXP	text_2: text = 67
313.6815549999592	EXP	text_2: text = 83
313.69847499998286	EXP	text_2: text = 100
313.7148149999557	EXP	text_2: text = 116
313.73186499997973	EXP	text_2: text = 133
313.74819499999285	EXP	text_2: text = 150
313.7651649999898	EXP	text_2: text = 166
313.781324999989	EXP	text_2: text = 183
313.7982299999567	EXP	text_2: text = 200
313.8148550000042	EXP	text_2: text = 216
313.8315050000092	EXP	text_2: text = 233
313.85492499999236	EXP	text_2: text = 252
313.8647350000101	EXP	text_2: text = 266
313.88155499997083	EXP	text_2: text = 283
313.89847999997437	EXP	text_2: text = 300
313.9148200000054	EXP	text_2: text = 316
313.931110000005	EXP	text_2: text = 333
313.9482049999642	EXP	text_2: text = 350
313.96488499996485	EXP	text_2: text = 367
313.9815599999856	EXP	text_2: text = 383
313.9984749999712	EXP	text_2: text = 400
314.01493999996455	EXP	text_2: text = 417
314.03153499995824	EXP	text_2: text = 433
314.04860499995993	EXP	text_2: text = 450
314.0651549999602	EXP	text_2: text = 467
314.0811549999635	EXP	text_2: text = 483
314.08742499997607	DATA	Keydown:  
314.0993099999614	EXP	text_2: text = 500
314.0993099999614	EXP	text_2: autoDraw = false
314.0993099999614	EXP	Feedback: text = 488
314.0993099999614	EXP	Feedback: autoDraw = true
315.0990999999922	EXP	Feedback: autoDraw = false
315.0990999999922	EXP	Feedback: autoDraw = false
315.0990999999922	EXP	text_3: autoDraw = true
320.7659899999853	EXP	text_3: autoDraw = false
320.7659899999853	EXP	text_3: autoDraw = false
320.7659899999853	EXP	text_2: autoDraw = true
320.7659899999853	EXP	text_2: text = 0
320.7820599999977	EXP	text_2: text = 17
320.7991449999972	EXP	text_2: text = 33
320.8154499999946	EXP	text_2: text = 50
320.83204999996815	EXP	text_2: text = 67
320.8488049999578	EXP	text_2: text = 83
320.86507999995956	EXP	text_2: text = 100
320.88179999997374	EXP	text_2: text = 117
320.8992599999765	EXP	text_2: text = 133
320.91514999995707	EXP	text_2: text = 150
320.9314449999947	EXP	text_2: text = 167
320.94858500000555	EXP	text_2: text = 183
320.96543999999994	EXP	text_2: text = 200
320.98225000000093	EXP	text_2: text = 217
321.0025349999778	EXP	text_2: text = 233
321.01565999997547	EXP	text_2: text = 250
321.03250500001013	EXP	text_2: text = 267
321.04901999997674	EXP	text_2: text = 283
321.0681549999863	EXP	text_2: text = 300
321.08390999998664	EXP	text_2: text = 317
321.09898000000976	EXP	text_2: text = 333
321.1120649999939	DATA	Keydown:  
321.1164550000103	EXP	text_2: text = 350
321.1164550000103	EXP	text_2: autoDraw = false
321.1164550000103	EXP	Feedback: text = 346
321.1164550000103	EXP	Feedback: autoDraw = true
322.11532499996247	EXP	Feedback: autoDraw = false
322.11532499996247	EXP	Feedback: autoDraw = false
322.11532499996247	EXP	text_3: autoDraw = true
330.61653999995906	EXP	text_3: autoDraw = false
330.61653999995906	EXP	text_3: autoDraw = false
330.61653999995906	EXP	text_2: autoDraw = true
330.61653999995906	EXP	text_2: text = 0
330.6321400000015	EXP	text_2: text = 17
330.6487949999864	EXP	text_2: text = 33
330.66538500000024	EXP	text_2: text = 50
330.6830299999565	EXP	text_2: text = 67
330.6988649999839	EXP	text_2: text = 83
330.7157199999783	EXP	text_2: text = 100
330.73262999998406	EXP	text_2: text = 117
330.7492349999957	EXP	text_2: text = 133
330.76583499996923	EXP	text_2: text = 150
330.78357999998843	EXP	text_2: text = 167
330.7996899999562	EXP	text_2: text = 183
330.8159899999737	EXP	text_2: text = 200
330.8326099999831	EXP	text_2: text = 217
330.84920999995666	EXP	text_2: text = 233
330.86586499999976	EXP	text_2: text = 250
330.88261500000954	EXP	text_2: text = 267
330.8993499999633	EXP	text_2: text = 283
330.9159399999771	EXP	text_2: text = 300
330.9326399999554	EXP	text_2: text = 317
330.9492699999828	EXP	text_2: text = 333
330.9691199999652	EXP	text_2: text = 352
330.98259999998845	EXP	text_2: text = 367
330.9914149999968	DATA	Keydown:  
331.0001849999535	EXP	text_2: text = 383
331.0001849999535	EXP	text_2: autoDraw = false
331.0001849999535	EXP	Feedback: text = 375
331.0001849999535	EXP	Feedback: autoDraw = true
332.0178549999837	EXP	Feedback: autoDraw = false
332.0178549999837	EXP	Feedback: autoDraw = false
332.0178549999837	EXP	End_text: autoDraw = true
334.6238599999924	DATA	Keydown:  
