0.19474999990779907	EXP	Created Window = Window( name=Window, fullscr=true, color=#000000, units=height, waitBlanking=true, autoLog=true, size=[1536,722] )
2.8542799999704584	DATA	Keydown: Shift
3.0272099999710917	DATA	Keydown: B
3.109889999963343	DATA	Keydown: C
6.3215399999171495	DATA	Keydown: 4
6.755494999932125	DATA	Keydown: 8
6.889160000020638	DATA	Keydown: 9
7.090514999930747	DATA	Keydown: 0
7.205764999962412	DATA	Keydown: 7
10.46043999993708	EXP	Created text = TextStim( name=text, win=Window( name=Window, fullscr=true, color=#000000, ~), autoDraw=null, autoLog=true, units=height, ori=null, opacity=1, pos=[0,0], size=undefined, text=INSTRUCTIONS [EN]


A counter will appear and star~, font=Arial, color=#FFFFFF, contrast=1, height=0.03, bold=null, italic=null, alignHoriz=left, alignVert=center, wrapWidth=1, flipHoriz=null, flipVert=null )
10.462829999974929	EXP	Created text_3 = TextStim( name=text_3, win=Window( name=Window, fullscr=true, color=#000000, ~), autoDraw=null, autoLog=true, units=height, ori=null, opacity=1, pos=[0,0], size=undefined, text=null, font=Arial, color=#FFFFFF, contrast=1, height=0.1, bold=null, italic=null, alignHoriz=left, alignVert=center, wrapWidth=1, flipHoriz=null, flipVert=null )
10.466924999956973	EXP	Created text_2 = TextStim( name=text_2, win=Window( name=Window, fullscr=true, color=#000000, ~), autoDraw=null, autoLog=true, units=height, ori=null, opacity=1, pos=[0,0], size=undefined, text=default text, font=Arial, color=#ff0000, contrast=1, height=0.15, bold=null, italic=null, alignHoriz=left, alignVert=center, wrapWidth=1, flipHoriz=null, flipVert=null )
10.468794999993406	EXP	Created Feedback = TextStim( name=Feedback, win=Window( name=Window, fullscr=true, color=#000000, ~), autoDraw=null, autoLog=true, units=height, ori=null, opacity=1, pos=[0,0], size=undefined, text=default text, font=Arial, color=#ff0000, contrast=1, height=0.15, bold=null, italic=null, alignHoriz=left, alignVert=center, wrapWidth=1, flipHoriz=null, flipVert=null )
10.47110999992583	EXP	Created End_text = TextStim( name=End_text, win=Window( name=Window, fullscr=true, color=#000000, ~), autoDraw=null, autoLog=true, units=height, ori=null, opacity=1, pos=[0,0], size=undefined, text=This study aimed to look at procedural learning, i~, font=Arial, color=#FFFFFF, contrast=1, height=0.025, bold=null, italic=null, alignHoriz=left, alignVert=center, wrapWidth=1, flipHoriz=null, flipVert=null )
10.521539999986999	EXP	text: units = "height"
10.521539999986999	EXP	text: ori = 0
10.521539999986999	EXP	text: opacity = 1
10.521539999986999	EXP	text: pos = [0,0]
10.521539999986999	EXP	text: size = undefined
10.521539999986999	EXP	text: text = "INSTRUCTIONS [EN]\n\n\nA counter will appear and start counting at random times, press SPACE as fast as possible when it appears.\n\n\nPress SPACE to start\n\n-------\n\nInstruções [PT]\n\n\nUm cronómetro vai aparecer e começar a contar aleatoriamente, pressione a tecla SPACE assim que ele aparecer.\n\n\nPressiona SPACE para começar."
10.521539999986999	EXP	text: font = "Arial"
10.521539999986999	EXP	text: color = {"_hex":"#FFFFFF","_rgb":[1,1,1]}
10.521539999986999	EXP	text: contrast = 1
10.521539999986999	EXP	text: height = 0.03
10.521539999986999	EXP	text: bold = false
10.521539999986999	EXP	text: italic = false
10.521539999986999	EXP	text: alignHoriz = "left"
10.521539999986999	EXP	text: alignVert = "center"
10.521539999986999	EXP	text: wrapWidth = 1
10.521539999986999	EXP	text: flipHoriz = false
10.521539999986999	EXP	text: flipVert = false
10.521539999986999	EXP	text_3: units = "height"
10.521539999986999	EXP	text_3: ori = 0
10.521539999986999	EXP	text_3: opacity = 1
10.521539999986999	EXP	text_3: pos = [0,0]
10.521539999986999	EXP	text_3: size = undefined
10.521539999986999	EXP	text_3: text = ""
10.521539999986999	EXP	text_3: font = "Arial"
10.521539999986999	EXP	text_3: color = {"_hex":"#FFFFFF","_rgb":[1,1,1]}
10.521539999986999	EXP	text_3: contrast = 1
10.521539999986999	EXP	text_3: height = 0.1
10.521539999986999	EXP	text_3: bold = false
10.521539999986999	EXP	text_3: italic = false
10.521539999986999	EXP	text_3: alignHoriz = "left"
10.521539999986999	EXP	text_3: alignVert = "center"
10.521539999986999	EXP	text_3: wrapWidth = 1
10.521539999986999	EXP	text_3: flipHoriz = false
10.521539999986999	EXP	text_3: flipVert = false
10.521539999986999	EXP	text_2: units = "height"
10.521539999986999	EXP	text_2: ori = 0
10.521539999986999	EXP	text_2: opacity = 1
10.521539999986999	EXP	text_2: pos = [0,0]
10.521539999986999	EXP	text_2: size = undefined
10.521539999986999	EXP	text_2: text = "default text"
10.521539999986999	EXP	text_2: font = "Arial"
10.521539999986999	EXP	text_2: color = {"_rgb":[1,0,0]}
10.521539999986999	EXP	text_2: contrast = 1
10.521539999986999	EXP	text_2: height = 0.15
10.521539999986999	EXP	text_2: bold = false
10.521539999986999	EXP	text_2: italic = false
10.521539999986999	EXP	text_2: alignHoriz = "left"
10.521539999986999	EXP	text_2: alignVert = "center"
10.521539999986999	EXP	text_2: wrapWidth = 1
10.521539999986999	EXP	text_2: flipHoriz = false
10.521539999986999	EXP	text_2: flipVert = false
10.521539999986999	EXP	Feedback: units = "height"
10.521539999986999	EXP	Feedback: ori = 0
10.521539999986999	EXP	Feedback: opacity = 1
10.521539999986999	EXP	Feedback: pos = [0,0]
10.521539999986999	EXP	Feedback: size = undefined
10.521539999986999	EXP	Feedback: text = "default text"
10.521539999986999	EXP	Feedback: font = "Arial"
10.521539999986999	EXP	Feedback: color = {"_rgb":[1,0,0]}
10.521539999986999	EXP	Feedback: contrast = 1
10.521539999986999	EXP	Feedback: height = 0.15
10.521539999986999	EXP	Feedback: bold = false
10.521539999986999	EXP	Feedback: italic = false
10.521539999986999	EXP	Feedback: alignHoriz = "left"
10.521539999986999	EXP	Feedback: alignVert = "center"
10.521539999986999	EXP	Feedback: wrapWidth = 1
10.521539999986999	EXP	Feedback: flipHoriz = false
10.521539999986999	EXP	Feedback: flipVert = false
10.521539999986999	EXP	End_text: units = "height"
10.521539999986999	EXP	End_text: ori = 0
10.521539999986999	EXP	End_text: opacity = 1
10.521539999986999	EXP	End_text: pos = [0,0]
10.521539999986999	EXP	End_text: size = undefined
10.521539999986999	EXP	End_text: text = "This study aimed to look at procedural learning, i.e. our ability to extract patterns from the input that we are constantly receiving. This skill is thought to be essential for language and literacy acquisition and has been suggested as a possible underlying difficult in children with Language Impairments and Dyslexia. This study aims to improve the measures of procedural learning (the smiley face task) so that we can measure procedural learning more reliably and, in the future, analyse the performance of individuals with learning impairments.\nThank you for participating!\n\n----\n\nEste estudo tem como objectivo analisar a nossa capacidade de extrair padrões da informação que estamos constantemente a receber. Pensa-se que esta competência é essencial para a aquisição da linguagem e literacia e foi sugerido que dificuldades neste tipo de competências poderá estar relacionado com perturbações da linguagem e Dislexia. Este estudo tem como objectivo melhorar a estabilidade das medidas usadas para medir este tipo de memória (a tarefa da cara sorridente) de forma a poder medir de forma mais precisa e, no futuro, analisar a performance de indivíduos com perturbações da aprendizagem. \nMuito obrigada por ter participado!"
10.521539999986999	EXP	End_text: font = "Arial"
10.521539999986999	EXP	End_text: color = {"_hex":"#FFFFFF","_rgb":[1,1,1]}
10.521539999986999	EXP	End_text: contrast = 1
10.521539999986999	EXP	End_text: height = 0.025
10.521539999986999	EXP	End_text: bold = false
10.521539999986999	EXP	End_text: italic = false
10.521539999986999	EXP	End_text: alignHoriz = "left"
10.521539999986999	EXP	End_text: alignVert = "center"
10.521539999986999	EXP	End_text: wrapWidth = 1
10.521539999986999	EXP	End_text: flipHoriz = false
10.521539999986999	EXP	End_text: flipVert = false
10.521539999986999	EXP	text: autoDraw = true
12.659385000006296	DATA	Keydown:  
12.684204999939539	EXP	text: autoDraw = false
12.684204999939539	EXP	text_3: autoDraw = true
14.820409999927506	EXP	text_3: autoDraw = false
14.820409999927506	EXP	text_3: autoDraw = false
14.820409999927506	EXP	text_2: autoDraw = true
14.820409999927506	EXP	text_2: text = 0
14.837824999936856	EXP	text_2: text = 70
14.851969999959692	EXP	text_2: text = 83
14.8702049999265	EXP	text_2: text = 100
14.885109999915585	EXP	text_2: text = 117
14.901734999963082	EXP	text_2: text = 133
14.932564999908209	EXP	text_2: text = 149
14.965904999990016	EXP	text_2: text = 183
14.984814999974333	EXP	text_2: text = 216
15.004549999954179	EXP	text_2: text = 233
15.018004999961704	EXP	text_2: text = 249
15.03519999992568	EXP	text_2: text = 267
15.05066499998793	EXP	text_2: text = 283
15.067629999946803	EXP	text_2: text = 299
15.084135000011884	EXP	text_2: text = 316
15.100875000003725	EXP	text_2: text = 333
15.117059999960475	EXP	text_2: text = 349
15.1344950000057	EXP	text_2: text = 366
15.150859999936074	EXP	text_2: text = 383
15.167254999978468	EXP	text_2: text = 399
15.185704999952577	EXP	text_2: text = 417
15.200824999948964	EXP	text_2: text = 433
15.217739999992773	EXP	text_2: text = 450
15.235035000019707	EXP	text_2: text = 466
15.251144999987446	EXP	text_2: text = 483
15.267469999962486	EXP	text_2: text = 499
15.28414999996312	EXP	text_2: text = 516
15.30086499999743	EXP	text_2: text = 533
15.317319999914616	EXP	text_2: text = 549
15.334534999914467	EXP	text_2: text = 566
15.350694999913685	EXP	text_2: text = 582
15.367465000017546	EXP	text_2: text = 599
15.38414500001818	EXP	text_2: text = 616
15.400604999973439	EXP	text_2: text = 632
15.417719999910332	EXP	text_2: text = 649
15.433774999924935	EXP	text_2: text = 666
15.450635000015609	EXP	text_2: text = 683
15.46688500000164	EXP	text_2: text = 699
15.484229999943636	EXP	text_2: text = 716
15.500460000010207	EXP	text_2: text = 733
15.517294999910519	EXP	text_2: text = 749
15.536259999964386	EXP	text_2: text = 766
15.551654999959283	EXP	text_2: text = 782
15.567234999965876	EXP	text_2: text = 799
15.584034999948926	EXP	text_2: text = 816
15.600209999945946	EXP	text_2: text = 832
15.616919999942183	EXP	text_2: text = 849
15.633979999925941	EXP	text_2: text = 866
15.637570000020787	DATA	Keydown:  
15.651970000006258	EXP	text_2: text = 883
15.651970000006258	EXP	text_2: autoDraw = false
15.651970000006258	EXP	Feedback: text = 817
15.651970000006258	EXP	Feedback: autoDraw = true
16.650209999992512	EXP	Feedback: autoDraw = false
16.650209999992512	EXP	Feedback: autoDraw = false
16.650209999992512	EXP	text_3: autoDraw = true
25.730299999937415	EXP	text_3: autoDraw = false
25.730299999937415	EXP	text_3: autoDraw = false
25.730299999937415	EXP	text_2: autoDraw = true
25.730299999937415	EXP	text_2: text = 0
25.746299999998882	EXP	text_2: text = 17
25.763479999965057	EXP	text_2: text = 33
25.779854999971576	EXP	text_2: text = 50
25.79641999991145	EXP	text_2: text = 67
25.81307499995455	EXP	text_2: text = 83
25.830130000016652	EXP	text_2: text = 100
25.84677499998361	EXP	text_2: text = 117
25.86323999997694	EXP	text_2: text = 133
25.8799149999395	EXP	text_2: text = 150
25.896609999937937	EXP	text_2: text = 167
25.913115000003017	EXP	text_2: text = 183
25.930539999972098	EXP	text_2: text = 200
25.94646999996621	EXP	text_2: text = 217
25.963274999987334	EXP	text_2: text = 233
25.979684999911115	EXP	text_2: text = 250
25.996524999965914	EXP	text_2: text = 267
26.013099999981932	EXP	text_2: text = 283
26.029830000014044	EXP	text_2: text = 300
26.046594999963418	EXP	text_2: text = 317
26.06300999992527	EXP	text_2: text = 333
26.07972499995958	EXP	text_2: text = 350
26.09639999992214	EXP	text_2: text = 366
26.113634999957867	EXP	text_2: text = 383
26.129759999923408	EXP	text_2: text = 400
26.146529999910854	EXP	text_2: text = 416
26.149959999951534	DATA	Keydown:  
26.16404499998316	EXP	text_2: text = 433
26.16404499998316	EXP	text_2: autoDraw = false
26.16404499998316	EXP	Feedback: text = 420
26.16404499998316	EXP	Feedback: autoDraw = true
27.162404999951832	EXP	Feedback: autoDraw = false
27.162404999951832	EXP	Feedback: autoDraw = false
27.162404999951832	EXP	text_3: autoDraw = true
35.04363999993075	EXP	text_3: autoDraw = false
35.04363999993075	EXP	text_3: autoDraw = false
35.04363999993075	EXP	text_2: autoDraw = true
35.04363999993075	EXP	text_2: text = 0
35.05987999995705	EXP	text_2: text = 17
35.07695499993861	EXP	text_2: text = 33
35.093155000009574	EXP	text_2: text = 50
35.11101999995299	EXP	text_2: text = 67
35.12717499991413	EXP	text_2: text = 83
35.143844999955036	EXP	text_2: text = 100
35.16102999995928	EXP	text_2: text = 117
35.17726999998558	EXP	text_2: text = 133
35.19389999995474	EXP	text_2: text = 150
35.210409999941476	EXP	text_2: text = 167
35.227259999956004	EXP	text_2: text = 183
35.2438550000079	EXP	text_2: text = 200
35.260034999926575	EXP	text_2: text = 217
35.27671999996528	EXP	text_2: text = 233
35.293474999954924	EXP	text_2: text = 250
35.310149999917485	EXP	text_2: text = 267
35.3267099999357	EXP	text_2: text = 283
35.34346000000369	EXP	text_2: text = 300
35.36015999992378	EXP	text_2: text = 317
35.37680999992881	EXP	text_2: text = 333
35.39419999998063	EXP	text_2: text = 350
35.41024999995716	EXP	text_2: text = 367
35.42691999999806	EXP	text_2: text = 383
35.443419999908656	EXP	text_2: text = 400
35.46022499992978	EXP	text_2: text = 417
35.472729999921285	DATA	Keydown:  
35.47750999999698	EXP	text_2: text = 434
35.47750999999698	EXP	text_2: autoDraw = false
35.47750999999698	EXP	Feedback: text = 429
35.47750999999698	EXP	Feedback: autoDraw = true
36.475744999945164	EXP	Feedback: autoDraw = false
36.475744999945164	EXP	Feedback: autoDraw = false
36.475744999945164	EXP	text_3: autoDraw = true
45.55734499997925	EXP	text_3: autoDraw = false
45.55734499997925	EXP	text_3: autoDraw = false
45.55734499997925	EXP	text_2: autoDraw = true
45.55734499997925	EXP	text_2: text = 0
45.57308000000194	EXP	text_2: text = 17
45.58985999994911	EXP	text_2: text = 33
45.60621499991976	EXP	text_2: text = 50
45.623339999932796	EXP	text_2: text = 67
45.63972500001546	EXP	text_2: text = 83
45.65659499994945	EXP	text_2: text = 100
45.67325499991421	EXP	text_2: text = 116
45.689744999981485	EXP	text_2: text = 133
45.70662499999162	EXP	text_2: text = 150
45.72338999994099	EXP	text_2: text = 167
45.74004999990575	EXP	text_2: text = 183
45.75661499996204	EXP	text_2: text = 200
45.77333999995608	EXP	text_2: text = 217
45.78963999997359	EXP	text_2: text = 233
45.80673999991268	EXP	text_2: text = 250
45.82346999994479	EXP	text_2: text = 266
45.840024999924935	EXP	text_2: text = 283
45.8566250000149	EXP	text_2: text = 300
45.8731549999211	EXP	text_2: text = 316
45.88978500000667	EXP	text_2: text = 333
45.90631999995094	EXP	text_2: text = 350
45.923345000017434	EXP	text_2: text = 367
45.93988499999978	EXP	text_2: text = 383
45.95657999999821	EXP	text_2: text = 400
45.973144999938086	EXP	text_2: text = 417
45.98962000000756	EXP	text_2: text = 433
46.006509999977425	EXP	text_2: text = 450
46.02327000000514	EXP	text_2: text = 466
46.03981499990914	EXP	text_2: text = 483
46.05734499997925	EXP	text_2: text = 500
46.07380999997258	EXP	text_2: text = 516
46.090139999985695	EXP	text_2: text = 533
46.10649499995634	EXP	text_2: text = 550
46.1229699999094	EXP	text_2: text = 566
46.13991999998689	EXP	text_2: text = 583
46.156480000005104	EXP	text_2: text = 600
46.17329999990761	EXP	text_2: text = 616
46.189744999981485	EXP	text_2: text = 633
46.20644999993965	EXP	text_2: text = 650
46.22317000001203	EXP	text_2: text = 666
46.23965000000317	EXP	text_2: text = 683
46.256459999945946	EXP	text_2: text = 700
46.27334499999415	EXP	text_2: text = 717
46.28969499992672	EXP	text_2: text = 733
46.30614499992225	EXP	text_2: text = 750
46.32317999994848	EXP	text_2: text = 766
46.33992499997839	EXP	text_2: text = 783
46.35648999991827	EXP	text_2: text = 800
46.37364499992691	EXP	text_2: text = 816
46.40695999993477	DATA	Keydown:  
46.413025000016205	EXP	text_2: text = 855
46.413025000016205	EXP	text_2: autoDraw = false
46.413025000016205	EXP	Feedback: text = 850
46.413025000016205	EXP	Feedback: autoDraw = true
47.40551999991294	EXP	Feedback: autoDraw = false
47.40551999991294	EXP	Feedback: autoDraw = false
47.40551999991294	EXP	text_3: autoDraw = true
56.81993999995757	EXP	text_3: autoDraw = false
56.81993999995757	EXP	text_3: autoDraw = false
56.81993999995757	EXP	text_2: autoDraw = true
56.81993999995757	EXP	text_2: text = 0
56.835800000000745	EXP	text_2: text = 17
56.852734999964014	EXP	text_2: text = 33
56.86924499995075	EXP	text_2: text = 50
56.88623999990523	EXP	text_2: text = 67
56.90227500000037	EXP	text_2: text = 83
56.91950999991968	EXP	text_2: text = 100
56.93641500000376	EXP	text_2: text = 117
56.95273499994073	EXP	text_2: text = 133
56.96937999990769	EXP	text_2: text = 150
56.98583000001963	EXP	text_2: text = 167
57.00286499992944	EXP	text_2: text = 183
57.019394999952056	EXP	text_2: text = 200
57.036235000006855	EXP	text_2: text = 217
57.05855499999598	EXP	text_2: text = 239
57.07163000002038	EXP	text_2: text = 250
57.08605499996338	EXP	text_2: text = 266
57.10345499997493	EXP	text_2: text = 283
57.119274999946356	EXP	text_2: text = 300
57.13613999995869	EXP	text_2: text = 317
57.15273999993224	EXP	text_2: text = 333
57.16939499997534	EXP	text_2: text = 350
57.18614999996498	EXP	text_2: text = 366
57.20268499990925	EXP	text_2: text = 383
57.21939999994356	EXP	text_2: text = 400
57.235794999985956	EXP	text_2: text = 416
57.252944999956526	EXP	text_2: text = 433
57.26938999991398	EXP	text_2: text = 450
57.28088500001468	DATA	Keydown:  
57.2865799999563	EXP	text_2: text = 467
57.2865799999563	EXP	text_2: autoDraw = false
57.2865799999563	EXP	Feedback: text = 461
57.2865799999563	EXP	Feedback: autoDraw = true
58.28495999996085	EXP	Feedback: autoDraw = false
58.28495999996085	EXP	Feedback: autoDraw = false
58.28495999996085	EXP	text_3: autoDraw = true
61.285019999952056	EXP	text_3: autoDraw = false
61.285019999952056	EXP	text_3: autoDraw = false
61.285019999952056	EXP	text_2: autoDraw = true
61.285019999952056	EXP	text_2: text = 0
61.30105999996886	EXP	text_2: text = 16
61.3177999999607	EXP	text_2: text = 33
61.334494999959134	EXP	text_2: text = 50
61.3511849999195	EXP	text_2: text = 66
61.367465000017546	EXP	text_2: text = 83
61.384465000010096	EXP	text_2: text = 100
61.40099499991629	EXP	text_2: text = 116
61.41777499997988	EXP	text_2: text = 133
61.434674999909475	EXP	text_2: text = 150
61.45114499994088	EXP	text_2: text = 166
61.4677349999547	EXP	text_2: text = 183
61.4852799999062	EXP	text_2: text = 200
61.5015349999303	EXP	text_2: text = 217
61.517879999941215	EXP	text_2: text = 233
61.53458999993745	EXP	text_2: text = 250
61.55078499997035	EXP	text_2: text = 266
61.567834999994375	EXP	text_2: text = 283
61.58441499993205	EXP	text_2: text = 300
61.60119499999564	EXP	text_2: text = 316
61.61795499990694	EXP	text_2: text = 333
61.63464499998372	EXP	text_2: text = 350
61.65131499990821	EXP	text_2: text = 366
61.66755499993451	EXP	text_2: text = 383
61.684674999909475	EXP	text_2: text = 400
61.700889999978244	EXP	text_2: text = 416
61.710259999963455	DATA	Keydown:  
61.71840499993414	EXP	text_2: text = 433
61.71840499993414	EXP	text_2: autoDraw = false
61.71840499993414	EXP	Feedback: text = 425
61.71840499993414	EXP	Feedback: autoDraw = true
62.716654999996535	EXP	Feedback: autoDraw = false
62.716654999996535	EXP	Feedback: autoDraw = false
62.716654999996535	EXP	text_3: autoDraw = true
63.23128499998711	DATA	Keydown:  
66.37705499993172	DATA	Keydown:  
67.03360999992583	EXP	text_3: autoDraw = false
67.03360999992583	EXP	text_3: autoDraw = false
67.03360999992583	EXP	text_2: autoDraw = true
67.03360999992583	EXP	text_2: text = 0
67.04988999990746	EXP	text_2: text = 16
67.06648999999743	EXP	text_2: text = 33
67.08499000000302	EXP	text_2: text = 50
67.11591499997303	EXP	text_2: text = 83
67.13393999997061	EXP	text_2: text = 101
67.15220499993302	EXP	text_2: text = 119
67.16625999996904	EXP	text_2: text = 133
67.18301999999676	EXP	text_2: text = 150
67.1995149999857	EXP	text_2: text = 166
67.21577999996953	EXP	text_2: text = 183
67.23284499999136	EXP	text_2: text = 200
67.24964499997441	EXP	text_2: text = 216
67.2660700000124	EXP	text_2: text = 233
67.28294499998447	EXP	text_2: text = 250
67.29963499994483	EXP	text_2: text = 266
67.31611499993596	EXP	text_2: text = 283
67.33302000002004	EXP	text_2: text = 300
67.34905499999877	EXP	text_2: text = 316
67.36589499993715	EXP	text_2: text = 333
67.3826649999246	EXP	text_2: text = 350
67.399534999975	EXP	text_2: text = 366
67.41592499997932	EXP	text_2: text = 383
67.4329499999294	EXP	text_2: text = 400
67.44952499994542	EXP	text_2: text = 416
67.46566999994684	EXP	text_2: text = 433
67.49227499996778	EXP	text_2: text = 455
67.49955999990925	EXP	text_2: text = 467
67.52042999991681	EXP	text_2: text = 487
67.53326499997638	EXP	text_2: text = 500
67.54977499996312	EXP	text_2: text = 516
67.56643999996595	EXP	text_2: text = 533
67.57760499999858	DATA	Keydown:  
67.5844250000082	EXP	text_2: text = 550
67.5844250000082	EXP	text_2: autoDraw = false
67.5844250000082	EXP	Feedback: text = 544
67.5844250000082	EXP	Feedback: autoDraw = true
68.5821949999081	EXP	Feedback: autoDraw = false
68.5821949999081	EXP	Feedback: autoDraw = false
68.5821949999081	EXP	text_3: autoDraw = true
69.5048999999417	DATA	Keydown:  
72.00136999995448	DATA	Keydown:  
75.99563999997918	DATA	Keydown:  
77.72963499999605	EXP	text_3: autoDraw = false
77.72963499999605	EXP	text_3: autoDraw = false
77.72963499999605	EXP	text_2: autoDraw = true
77.72963499999605	EXP	text_2: text = 0
77.74603999999817	EXP	text_2: text = 17
77.76267999992706	EXP	text_2: text = 33
77.77935999992769	EXP	text_2: text = 50
77.79594500001986	EXP	text_2: text = 66
77.81275499996264	EXP	text_2: text = 83
77.82935000001453	EXP	text_2: text = 100
77.84676499990746	EXP	text_2: text = 116
77.86259499995504	EXP	text_2: text = 133
77.87943999993149	EXP	text_2: text = 150
77.89617500000168	EXP	text_2: text = 166
77.91276999993715	EXP	text_2: text = 183
77.92942499998026	EXP	text_2: text = 200
77.94685499998741	EXP	text_2: text = 217
77.96291000000201	EXP	text_2: text = 233
77.97998499998357	EXP	text_2: text = 250
78.01592499995604	EXP	text_2: text = 284
78.02914499992039	EXP	text_2: text = 300
78.04599999997299	EXP	text_2: text = 317
78.06227999995463	EXP	text_2: text = 333
78.07897999999113	EXP	text_2: text = 350
78.09557499992661	EXP	text_2: text = 366
78.11242999997921	EXP	text_2: text = 383
78.12846499995794	EXP	text_2: text = 400
78.14543999999296	EXP	text_2: text = 416
78.16232499992475	EXP	text_2: text = 433
78.17894499993417	EXP	text_2: text = 450
78.19562000001315	EXP	text_2: text = 466
78.21220999991056	EXP	text_2: text = 483
78.22904499992728	EXP	text_2: text = 500
78.24533499998506	EXP	text_2: text = 516
78.26213499996811	EXP	text_2: text = 533
78.27889999991748	EXP	text_2: text = 550
78.29570499993861	EXP	text_2: text = 566
78.312099999981	EXP	text_2: text = 583
78.32883999997284	EXP	text_2: text = 600
78.34642499999609	EXP	text_2: text = 616
78.36222499993164	EXP	text_2: text = 633
78.37901499995496	EXP	text_2: text = 650
78.39561499992851	EXP	text_2: text = 666
78.41225499997381	EXP	text_2: text = 683
78.42849999992177	EXP	text_2: text = 700
78.44561499997508	EXP	text_2: text = 716
78.46190499991644	EXP	text_2: text = 733
78.47876500000712	EXP	text_2: text = 750
78.4953599999426	EXP	text_2: text = 766
78.51234000001568	EXP	text_2: text = 783
78.52876999997534	EXP	text_2: text = 800
78.54531499999575	EXP	text_2: text = 816
78.5623299999861	EXP	text_2: text = 833
78.57868999999482	EXP	text_2: text = 850
78.59541499998886	EXP	text_2: text = 866
78.61194500001147	EXP	text_2: text = 883
78.62880999990739	EXP	text_2: text = 900
78.64504500001203	EXP	text_2: text = 916
78.66261999995913	EXP	text_2: text = 933
78.67174000001978	DATA	Keydown:  
78.67942499998026	EXP	text_2: text = 950
78.67942499998026	EXP	text_2: autoDraw = false
78.67942499998026	EXP	Feedback: text = 942
78.67942499998026	EXP	Feedback: autoDraw = true
79.67761000001337	EXP	Feedback: autoDraw = false
79.67761000001337	EXP	Feedback: autoDraw = false
79.67761000001337	EXP	text_3: autoDraw = true
82.26113999995869	EXP	text_3: autoDraw = false
82.26113999995869	EXP	text_3: autoDraw = false
82.26113999995869	EXP	text_2: autoDraw = true
82.26113999995869	EXP	text_2: text = 0
82.27716499997769	EXP	text_2: text = 17
82.29390499996953	EXP	text_2: text = 33
82.31073499994818	EXP	text_2: text = 50
82.3274649999803	EXP	text_2: text = 67
82.34402499999851	EXP	text_2: text = 83
82.36070499999914	EXP	text_2: text = 100
82.37785499996971	EXP	text_2: text = 117
82.39367000001948	EXP	text_2: text = 133
82.41075999999885	EXP	text_2: text = 150
82.41865000000689	DATA	Keydown:  
82.4283900000155	EXP	text_2: text = 167
82.4283900000155	EXP	text_2: autoDraw = false
82.4283900000155	EXP	Feedback: text = 158
82.4283900000155	EXP	Feedback: autoDraw = true
83.42591999995057	EXP	Feedback: autoDraw = false
83.42591999995057	EXP	Feedback: autoDraw = false
83.42591999995057	EXP	text_3: autoDraw = true
85.5946549999062	DATA	Keydown:  
88.52546999999322	EXP	text_3: autoDraw = false
88.52546999999322	EXP	text_3: autoDraw = false
88.52546999999322	EXP	text_2: autoDraw = true
88.52546999999322	EXP	text_2: text = 0
88.54161999991629	EXP	text_2: text = 17
88.55862999998499	EXP	text_2: text = 33
88.57519499992486	EXP	text_2: text = 50
88.59164999995846	EXP	text_2: text = 67
88.60853500000667	EXP	text_2: text = 83
88.62516499997582	EXP	text_2: text = 100
88.64209999993909	EXP	text_2: text = 117
88.65850499994121	EXP	text_2: text = 133
88.67518999997992	EXP	text_2: text = 150
88.69186000002082	EXP	text_2: text = 166
88.708639999968	EXP	text_2: text = 183
88.7253250000067	EXP	text_2: text = 200
88.74179999995977	EXP	text_2: text = 217
88.77749000000767	EXP	text_2: text = 234
88.79177499993239	EXP	text_2: text = 267
88.80868499993812	EXP	text_2: text = 283
88.82504499994684	EXP	text_2: text = 300
88.8421649999218	EXP	text_2: text = 317
88.8585449999664	EXP	text_2: text = 333
88.87531999999192	EXP	text_2: text = 350
88.89202499995008	EXP	text_2: text = 366
88.90860999992583	EXP	text_2: text = 383
88.92531999992207	EXP	text_2: text = 400
88.94199500000104	EXP	text_2: text = 416
88.95866000000387	EXP	text_2: text = 433
88.97496499994304	EXP	text_2: text = 450
88.99205999996047	EXP	text_2: text = 466
89.00136999995448	DATA	Keydown:  
89.00861499994062	EXP	text_2: text = 483
89.00861499994062	EXP	text_2: autoDraw = false
89.00861499994062	EXP	Feedback: text = 476
89.00861499994062	EXP	Feedback: autoDraw = true
89.03642000001855	DATA	Keydown: n
89.63769999996293	DATA	Keydown:  
90.00748499995098	EXP	Feedback: autoDraw = false
90.00748499995098	EXP	Feedback: autoDraw = false
90.00748499995098	EXP	text_3: autoDraw = true
94.35679499991238	EXP	text_3: autoDraw = false
94.35679499991238	EXP	text_3: autoDraw = false
94.35679499991238	EXP	text_2: autoDraw = true
94.35679499991238	EXP	text_2: text = 0
94.37294499995187	EXP	text_2: text = 17
94.3898399999598	EXP	text_2: text = 33
94.40651000000071	EXP	text_2: text = 50
94.42323499999475	EXP	text_2: text = 67
94.43991499999538	EXP	text_2: text = 83
94.45659999991767	EXP	text_2: text = 100
94.47372999996878	EXP	text_2: text = 117
94.48986500001047	EXP	text_2: text = 133
94.50672999990638	EXP	text_2: text = 150
94.52303499996196	EXP	text_2: text = 167
94.53999499999918	EXP	text_2: text = 183
94.55664500000421	EXP	text_2: text = 200
94.57310999999754	EXP	text_2: text = 217
94.59008499991614	EXP	text_2: text = 233
94.60644499992486	EXP	text_2: text = 250
94.62348499998916	EXP	text_2: text = 266
94.64016499998979	EXP	text_2: text = 283
94.65653499995824	EXP	text_2: text = 300
94.67311999993399	EXP	text_2: text = 317
94.67622499994468	DATA	Keydown:  
94.6906200000085	EXP	text_2: text = 333
94.6906200000085	EXP	text_2: autoDraw = false
94.6906200000085	EXP	Feedback: text = 320
94.6906200000085	EXP	Feedback: autoDraw = true
95.68891499994788	EXP	Feedback: autoDraw = false
95.68891499994788	EXP	Feedback: autoDraw = false
95.68891499994788	EXP	text_3: autoDraw = true
96.4503600000171	DATA	Keydown:  
97.95790999999736	DATA	Keydown:  
99.58200499997474	DATA	Keydown:  
100.4119349999819	DATA	Keydown:  
102.15006999997422	DATA	Keydown:  
104.47027499997057	EXP	text_3: autoDraw = false
104.47027499997057	EXP	text_3: autoDraw = false
104.47027499997057	EXP	text_2: autoDraw = true
104.47027499997057	EXP	text_2: text = 0
104.48635999998078	EXP	text_2: text = 17
104.5029799999902	EXP	text_2: text = 33
104.51964999991469	EXP	text_2: text = 50
104.5364099999424	EXP	text_2: text = 67
104.55326999991667	EXP	text_2: text = 83
104.56979500001762	EXP	text_2: text = 100
104.58671499998309	EXP	text_2: text = 117
104.60332499991637	EXP	text_2: text = 133
104.61945499991998	EXP	text_2: text = 150
104.63657500001136	EXP	text_2: text = 167
104.65339499991387	EXP	text_2: text = 183
104.66977499995846	EXP	text_2: text = 200
104.6864849999547	EXP	text_2: text = 217
104.70342499995604	EXP	text_2: text = 233
104.7198549999157	EXP	text_2: text = 250
104.73638499993831	EXP	text_2: text = 267
104.75326999998651	EXP	text_2: text = 283
104.76951999997254	EXP	text_2: text = 300
104.78646999993362	EXP	text_2: text = 316
104.80328999995254	EXP	text_2: text = 333
104.82013000000734	EXP	text_2: text = 350
104.83655499992892	EXP	text_2: text = 367
104.85324999992736	EXP	text_2: text = 383
104.87066499993671	EXP	text_2: text = 400
104.88657500001136	EXP	text_2: text = 417
104.90743499994278	EXP	text_2: text = 433
104.91992999997456	EXP	text_2: text = 450
104.93697499996051	EXP	text_2: text = 466
104.95366999995895	EXP	text_2: text = 483
104.95541499997489	DATA	Keydown:  
104.97101500001736	EXP	text_2: text = 500
104.97101500001736	EXP	text_2: autoDraw = false
104.97101500001736	EXP	Feedback: text = 485
104.97101500001736	EXP	Feedback: autoDraw = true
105.96891499997582	EXP	Feedback: autoDraw = false
105.96891499997582	EXP	Feedback: autoDraw = false
105.96891499997582	EXP	text_3: autoDraw = true
106.45491999993101	DATA	Keydown:  
110.21812999993563	EXP	text_3: autoDraw = false
110.21812999993563	EXP	text_3: autoDraw = false
110.21812999993563	EXP	text_2: autoDraw = true
110.21812999993563	EXP	text_2: text = 0
110.23433999996632	EXP	text_2: text = 17
110.25096999993548	EXP	text_2: text = 33
110.26777999999467	EXP	text_2: text = 50
110.2846150000114	EXP	text_2: text = 67
110.30100500001572	EXP	text_2: text = 83
110.3178299999563	EXP	text_2: text = 100
110.33458999998402	EXP	text_2: text = 117
110.35127499990631	EXP	text_2: text = 133
110.36766499991063	EXP	text_2: text = 150
110.38560499995947	EXP	text_2: text = 167
110.4018849999411	EXP	text_2: text = 183
110.41783499997109	EXP	text_2: text = 200
110.43483499996364	EXP	text_2: text = 217
110.45196999993641	EXP	text_2: text = 233
110.46803999994881	EXP	text_2: text = 250
110.4857399999164	EXP	text_2: text = 267
110.50125999993179	EXP	text_2: text = 283
110.51779999991413	EXP	text_2: text = 300
110.53474999999162	EXP	text_2: text = 317
110.55110499996226	EXP	text_2: text = 333
110.5681699999841	EXP	text_2: text = 350
110.57334999996237	DATA	Keydown:  
110.58759999996983	EXP	text_2: text = 367
110.58759999996983	EXP	text_2: autoDraw = false
110.58759999996983	EXP	Feedback: text = 355
110.58759999996983	EXP	Feedback: autoDraw = true
111.58342999999877	EXP	Feedback: autoDraw = false
111.58342999999877	EXP	Feedback: autoDraw = false
111.58342999999877	EXP	text_3: autoDraw = true
113.07029499998316	DATA	Keydown:  
115.44991999992635	EXP	text_3: autoDraw = false
115.44991999992635	EXP	text_3: autoDraw = false
115.44991999992635	EXP	text_2: autoDraw = true
115.44991999992635	EXP	text_2: text = 0
115.46625499997754	EXP	text_2: text = 17
115.48306499992032	EXP	text_2: text = 33
115.4998449999839	EXP	text_2: text = 50
115.5165149999084	EXP	text_2: text = 67
115.53386999992654	EXP	text_2: text = 83
115.55020499997772	EXP	text_2: text = 100
115.56729999999516	EXP	text_2: text = 117
115.58352999994531	EXP	text_2: text = 133
115.6003100000089	EXP	text_2: text = 150
115.6170699999202	EXP	text_2: text = 167
115.633109999937	EXP	text_2: text = 183
115.65034499997273	EXP	text_2: text = 200
115.66691999998875	EXP	text_2: text = 216
115.68320500000846	EXP	text_2: text = 233
115.69990999996662	EXP	text_2: text = 250
115.71693999995477	EXP	text_2: text = 267
115.73344999994151	EXP	text_2: text = 283
115.75072999997064	EXP	text_2: text = 300
115.76682999997865	EXP	text_2: text = 316
115.7840449999785	EXP	text_2: text = 333
115.8002100000158	EXP	text_2: text = 350
115.81672499992419	EXP	text_2: text = 366
115.83493000001181	EXP	text_2: text = 384
115.849664999987	EXP	text_2: text = 400
115.8668549999129	EXP	text_2: text = 417
115.88322999991942	EXP	text_2: text = 433
115.90006000001449	EXP	text_2: text = 450
115.91662499995437	EXP	text_2: text = 466
115.93323999992572	EXP	text_2: text = 483
115.94982500001788	EXP	text_2: text = 500
115.96670999994967	EXP	text_2: text = 516
115.9833599999547	EXP	text_2: text = 533
115.99994499993045	EXP	text_2: text = 550
116.01668499992229	EXP	text_2: text = 566
116.03271499997936	EXP	text_2: text = 583
116.05063499999233	EXP	text_2: text = 600
116.06632499990519	EXP	text_2: text = 616
116.08337000000756	EXP	text_2: text = 633
116.09983999992255	EXP	text_2: text = 650
116.11678499996196	EXP	text_2: text = 666
116.1334499999648	EXP	text_2: text = 683
116.14056500000879	DATA	Keydown:  
116.15033999993466	EXP	text_2: text = 700
116.15033999993466	EXP	text_2: autoDraw = false
116.15033999993466	EXP	Feedback: text = 691
116.15033999993466	EXP	Feedback: autoDraw = true
117.14984999992885	EXP	Feedback: autoDraw = false
117.14984999992885	EXP	Feedback: autoDraw = false
117.14984999992885	EXP	text_3: autoDraw = true
121.48864999995567	DATA	Keydown:  
121.4982149999123	EXP	text_3: autoDraw = false
121.4982149999123	EXP	text_3: autoDraw = false
121.4982149999123	EXP	text_2: autoDraw = true
121.4982149999123	EXP	text_2: text = 0
121.51435999991372	EXP	text_2: text = 16
121.53116000001319	EXP	text_2: text = 33
121.54752499994356	EXP	text_2: text = 50
121.56449499994051	EXP	text_2: text = 66
121.58106999995653	EXP	text_2: text = 83
121.59814499993809	EXP	text_2: text = 100
121.61456000001635	EXP	text_2: text = 116
121.63199499994516	EXP	text_2: text = 133
121.64835999999195	EXP	text_2: text = 150
121.66426999995019	EXP	text_2: text = 166
121.68131000001449	EXP	text_2: text = 183
121.69750499993097	EXP	text_2: text = 200
121.71480999991763	EXP	text_2: text = 216
121.73131499998271	EXP	text_2: text = 233
121.74789499992039	EXP	text_2: text = 250
121.76450499997009	EXP	text_2: text = 266
121.7812649999978	EXP	text_2: text = 283
121.79804499994498	EXP	text_2: text = 300
121.81449000001885	EXP	text_2: text = 316
121.83113999990746	EXP	text_2: text = 333
121.84758499998134	EXP	text_2: text = 350
121.86459000001196	EXP	text_2: text = 366
121.88127999997232	EXP	text_2: text = 383
121.89820499997586	EXP	text_2: text = 400
121.90810499992222	DATA	Keydown:  
121.91547000000719	EXP	text_2: text = 416
121.91547000000719	EXP	text_2: autoDraw = false
121.91547000000719	EXP	Feedback: text = 410
121.91547000000719	EXP	Feedback: autoDraw = true
122.91336499992758	EXP	Feedback: autoDraw = false
122.91336499992758	EXP	Feedback: autoDraw = false
122.91336499992758	EXP	text_3: autoDraw = true
125.35795500001404	DATA	Keydown:  
127.21276499994565	EXP	text_3: autoDraw = false
127.21276499994565	EXP	text_3: autoDraw = false
127.21276499994565	EXP	text_2: autoDraw = true
127.21276499994565	EXP	text_2: text = 0
127.21438999997918	DATA	Keydown:  
127.22955499996897	EXP	text_2: text = 17
127.22955499996897	EXP	text_2: autoDraw = false
127.22955499996897	EXP	Feedback: text = 2
127.22955499996897	EXP	Feedback: autoDraw = true
128.2276449999772	EXP	Feedback: autoDraw = false
128.2276449999772	EXP	Feedback: autoDraw = false
128.2276449999772	EXP	text_3: autoDraw = true
128.36607499991078	DATA	Keydown:  
131.3431349999737	DATA	Keydown:  
134.85972499998752	EXP	text_3: autoDraw = false
134.85972499998752	EXP	text_3: autoDraw = false
134.85972499998752	EXP	text_2: autoDraw = true
134.85972499998752	EXP	text_2: text = 0
134.87600499996915	EXP	text_2: text = 17
134.89289499993902	EXP	text_2: text = 33
134.9094150000019	EXP	text_2: text = 50
134.926114999922	EXP	text_2: text = 67
134.94286999991164	EXP	text_2: text = 83
134.9593149999855	EXP	text_2: text = 100
134.97661000001244	EXP	text_2: text = 117
134.99285999999847	EXP	text_2: text = 133
135.00942499993835	EXP	text_2: text = 150
135.02779999992345	EXP	text_2: text = 167
135.0426949999528	EXP	text_2: text = 183
135.05954499996733	EXP	text_2: text = 200
135.07601499999873	EXP	text_2: text = 217
135.09289500000887	EXP	text_2: text = 233
135.10913999995682	EXP	text_2: text = 250
135.12618499994278	EXP	text_2: text = 267
135.1428649999434	EXP	text_2: text = 283
135.1595049999887	EXP	text_2: text = 300
135.1762849999359	EXP	text_2: text = 317
135.19265500002075	EXP	text_2: text = 333
135.2091950000031	EXP	text_2: text = 350
135.22672999999486	EXP	text_2: text = 366
135.23362499999348	DATA	Keydown:  
135.24349499994423	EXP	text_2: text = 383
135.24349499994423	EXP	text_2: autoDraw = false
135.24349499994423	EXP	Feedback: text = 374
135.24349499994423	EXP	Feedback: autoDraw = true
136.24179999995977	EXP	Feedback: autoDraw = false
136.24179999995977	EXP	Feedback: autoDraw = false
136.24179999995977	EXP	text_3: autoDraw = true
140.22461499995552	EXP	text_3: autoDraw = false
140.22461499995552	EXP	text_3: autoDraw = false
140.22461499995552	EXP	text_2: autoDraw = true
140.22461499995552	EXP	text_2: text = 0
140.24088499997742	EXP	text_2: text = 17
140.25767500000075	EXP	text_2: text = 33
140.27423999994062	EXP	text_2: text = 50
140.29085499991197	EXP	text_2: text = 67
140.30770999996457	EXP	text_2: text = 83
140.32435000000987	EXP	text_2: text = 100
140.34129999997094	EXP	text_2: text = 117
140.35780999995768	EXP	text_2: text = 133
140.37429999990854	EXP	text_2: text = 150
140.3934850000078	EXP	text_2: text = 166
140.40772999997716	EXP	text_2: text = 183
140.42452499992214	EXP	text_2: text = 200
140.44229499995708	EXP	text_2: text = 217
140.45796999998856	EXP	text_2: text = 233
140.47436499991454	EXP	text_2: text = 250
140.49121499992907	EXP	text_2: text = 267
140.50796499999706	EXP	text_2: text = 283
140.52441999991424	EXP	text_2: text = 300
140.54122499993537	EXP	text_2: text = 317
140.55774499999825	EXP	text_2: text = 333
140.57442999992054	EXP	text_2: text = 350
140.59143999998923	EXP	text_2: text = 366
140.6078699999489	EXP	text_2: text = 383
140.62458999990486	EXP	text_2: text = 400
140.64124499994796	EXP	text_2: text = 416
140.6578599999193	EXP	text_2: text = 433
140.6743499999866	EXP	text_2: text = 450
140.69097499991767	EXP	text_2: text = 467
140.7075799999293	EXP	text_2: text = 483
140.72456000000238	EXP	text_2: text = 500
140.74109499994665	EXP	text_2: text = 516
140.75768999999855	EXP	text_2: text = 533
140.7739649999421	EXP	text_2: text = 550
140.791035000002	EXP	text_2: text = 566
140.79472999996506	DATA	Keydown:  
140.8081049999455	EXP	text_2: text = 583
140.8081049999455	EXP	text_2: autoDraw = false
140.8081049999455	EXP	Feedback: text = 570
140.8081049999455	EXP	Feedback: autoDraw = true
141.80703499994706	EXP	Feedback: autoDraw = false
141.80703499994706	EXP	Feedback: autoDraw = false
141.80703499994706	EXP	text_3: autoDraw = true
148.57603999995627	DATA	Keydown:  
149.16091500001494	DATA	Keydown:  
151.45449499995448	EXP	text_3: autoDraw = false
151.45449499995448	EXP	text_3: autoDraw = false
151.45449499995448	EXP	text_2: autoDraw = true
151.45449499995448	EXP	text_2: text = 0
151.4708399999654	EXP	text_2: text = 17
151.4876299999887	EXP	text_2: text = 33
151.50438499997836	EXP	text_2: text = 50
151.52104499994311	EXP	text_2: text = 67
151.5375500000082	EXP	text_2: text = 83
151.5540799999144	EXP	text_2: text = 100
151.57140000001527	EXP	text_2: text = 117
151.58746999991126	EXP	text_2: text = 133
151.60433000000194	EXP	text_2: text = 150
151.62115000002086	EXP	text_2: text = 167
151.63760999997612	EXP	text_2: text = 183
151.65455500001553	EXP	text_2: text = 200
151.67085499991663	EXP	text_2: text = 217
151.6886349999113	EXP	text_2: text = 233
151.7042899999069	EXP	text_2: text = 250
151.7216100000078	EXP	text_2: text = 267
151.73780999996234	EXP	text_2: text = 283
151.75435499998275	EXP	text_2: text = 300
151.7710499999812	EXP	text_2: text = 317
151.77396000002045	DATA	Keydown:  
151.78833000001032	EXP	text_2: text = 333
151.78833000001032	EXP	text_2: autoDraw = false
151.78833000001032	EXP	Feedback: text = 320
151.78833000001032	EXP	Feedback: autoDraw = true
152.7866249999497	EXP	Feedback: autoDraw = false
152.7866249999497	EXP	Feedback: autoDraw = false
152.7866249999497	EXP	text_3: autoDraw = true
160.46814000001177	EXP	text_3: autoDraw = false
160.46814000001177	EXP	text_3: autoDraw = false
160.46814000001177	EXP	text_2: autoDraw = true
160.46814000001177	EXP	text_2: text = 0
160.48449499998242	EXP	text_2: text = 17
160.50145500001963	EXP	text_2: text = 33
160.51798499992583	EXP	text_2: text = 50
160.53471499995794	EXP	text_2: text = 67
160.55093999998644	EXP	text_2: text = 83
160.5680749999592	EXP	text_2: text = 100
160.58514999994077	EXP	text_2: text = 117
160.601459999918	EXP	text_2: text = 133
160.61774000001606	EXP	text_2: text = 150
160.6345250000013	EXP	text_2: text = 167
160.65123499999754	EXP	text_2: text = 183
160.66799999994691	EXP	text_2: text = 200
160.68477499997243	EXP	text_2: text = 216
160.70094999996945	EXP	text_2: text = 233
160.71794000000227	EXP	text_2: text = 250
160.73472999990918	EXP	text_2: text = 266
160.75142999994569	EXP	text_2: text = 283
160.7677299999632	EXP	text_2: text = 300
160.7849050000077	EXP	text_2: text = 317
160.8026649999665	EXP	text_2: text = 334
160.81972999998834	EXP	text_2: text = 350
160.83455999998841	EXP	text_2: text = 366
160.85137499996927	EXP	text_2: text = 383
160.86811999999918	EXP	text_2: text = 400
160.87939499993809	DATA	Keydown:  
160.88488999998663	EXP	text_2: text = 416
160.88488999998663	EXP	text_2: autoDraw = false
160.88488999998663	EXP	Feedback: text = 411
160.88488999998663	EXP	Feedback: autoDraw = true
161.8834649999626	EXP	Feedback: autoDraw = false
161.8834649999626	EXP	Feedback: autoDraw = false
161.8834649999626	EXP	text_3: autoDraw = true
169.01653499994427	EXP	text_3: autoDraw = false
169.01653499994427	EXP	text_3: autoDraw = false
169.01653499994427	EXP	text_2: autoDraw = true
169.01653499994427	EXP	text_2: text = 2
169.03122999996413	EXP	text_2: text = 17
169.04844499996398	EXP	text_2: text = 33
169.06513499992434	EXP	text_2: text = 50
169.0817050000187	EXP	text_2: text = 67
169.09908999991603	EXP	text_2: text = 83
169.11668999993708	EXP	text_2: text = 100
169.13243999995757	EXP	text_2: text = 117
169.14806999999564	EXP	text_2: text = 133
169.1652549999999	EXP	text_2: text = 150
169.18152499990538	EXP	text_2: text = 167
169.19860999996308	EXP	text_2: text = 183
169.21503999992274	EXP	text_2: text = 200
169.23204499995336	EXP	text_2: text = 217
169.2484799999511	EXP	text_2: text = 233
169.26480499992613	EXP	text_2: text = 250
169.2993149999529	EXP	text_2: text = 284
169.3151549999602	EXP	text_2: text = 300
169.33182500000112	EXP	text_2: text = 317
169.3478349999059	EXP	text_2: text = 333
169.36499499995261	EXP	text_2: text = 350
169.38156999996863	EXP	text_2: text = 367
169.39801000000443	EXP	text_2: text = 383
169.41573499992955	EXP	text_2: text = 400
169.41739499999676	DATA	Keydown:  
169.4331499999389	EXP	text_2: text = 417
169.4331499999389	EXP	text_2: autoDraw = false
169.4331499999389	EXP	Feedback: text = 401
169.4331499999389	EXP	Feedback: autoDraw = true
170.430309999967	EXP	Feedback: autoDraw = false
170.430309999967	EXP	Feedback: autoDraw = false
170.430309999967	EXP	text_3: autoDraw = true
180.01163999992423	EXP	text_3: autoDraw = false
180.01163999992423	EXP	text_3: autoDraw = false
180.01163999992423	EXP	text_2: autoDraw = true
180.01163999992423	EXP	text_2: text = 0
180.0276849999791	EXP	text_2: text = 16
180.0445399999153	EXP	text_2: text = 33
180.06111999996938	EXP	text_2: text = 50
180.078050000011	EXP	text_2: text = 66
180.09427999996115	EXP	text_2: text = 83
180.11123999999836	EXP	text_2: text = 100
180.1277199999895	EXP	text_2: text = 116
180.14472999994177	EXP	text_2: text = 133
180.1615349999629	EXP	text_2: text = 150
180.1780349999899	EXP	text_2: text = 166
180.1948749999283	EXP	text_2: text = 183
180.21123999997508	EXP	text_2: text = 200
180.2280150000006	EXP	text_2: text = 217
180.24445999995805	EXP	text_2: text = 233
180.2614749999484	EXP	text_2: text = 250
180.27786499995273	EXP	text_2: text = 266
180.29466000001412	EXP	text_2: text = 283
180.31140000000596	EXP	text_2: text = 300
180.33230000000913	EXP	text_2: text = 320
180.34509499999695	EXP	text_2: text = 333
180.36141000001226	EXP	text_2: text = 350
180.37792499992065	EXP	text_2: text = 366
180.39458500000183	EXP	text_2: text = 383
180.41100500000175	EXP	text_2: text = 400
180.4276649999665	EXP	text_2: text = 416
180.44484499993268	EXP	text_2: text = 433
180.4615149999736	EXP	text_2: text = 450
180.47791000001598	EXP	text_2: text = 466
180.49473499995656	EXP	text_2: text = 483
180.5113049999345	EXP	text_2: text = 500
180.52785999991465	EXP	text_2: text = 516
180.5446150000207	EXP	text_2: text = 533
180.5610399999423	EXP	text_2: text = 550
180.57765999995172	EXP	text_2: text = 566
180.59468500001822	EXP	text_2: text = 583
180.6112149999244	EXP	text_2: text = 600
180.6277949999785	EXP	text_2: text = 616
180.64443999994546	EXP	text_2: text = 633
180.67709000001196	EXP	text_2: text = 666
180.69405499997083	EXP	text_2: text = 683
180.71116499998607	EXP	text_2: text = 700
180.72806499991566	EXP	text_2: text = 716
180.74456999998074	EXP	text_2: text = 733
180.74981999990996	DATA	Keydown:  
180.7622749999864	EXP	text_2: text = 750
180.7622749999864	EXP	text_2: autoDraw = false
180.7622749999864	EXP	Feedback: text = 738
180.7622749999864	EXP	Feedback: autoDraw = true
181.75968499993905	EXP	Feedback: autoDraw = false
181.75968499993905	EXP	Feedback: autoDraw = false
181.75968499993905	EXP	text_3: autoDraw = true
189.6913099999074	EXP	text_3: autoDraw = false
189.6913099999074	EXP	text_3: autoDraw = false
189.6913099999074	EXP	text_2: autoDraw = true
189.6913099999074	EXP	text_2: text = 0
189.7073199999286	EXP	text_2: text = 17
189.72441499994602	EXP	text_2: text = 33
189.74104999995325	EXP	text_2: text = 50
189.7578949999297	EXP	text_2: text = 67
189.77465499995742	EXP	text_2: text = 83
189.79158499999903	EXP	text_2: text = 100
189.80836999998428	EXP	text_2: text = 117
189.8247149999952	EXP	text_2: text = 133
189.84132499992847	EXP	text_2: text = 150
189.85802499996498	EXP	text_2: text = 167
189.87463999993633	EXP	text_2: text = 183
189.89083499996923	EXP	text_2: text = 200
189.90761999995448	EXP	text_2: text = 217
189.9242249999661	EXP	text_2: text = 233
189.940969999996	EXP	text_2: text = 250
189.95814499992412	EXP	text_2: text = 267
189.9743899999885	EXP	text_2: text = 283
189.99060999997891	EXP	text_2: text = 300
190.007709999918	EXP	text_2: text = 317
190.02406500000507	EXP	text_2: text = 333
190.02829499996733	DATA	Keydown:  
190.04151499993168	EXP	text_2: text = 350
190.04151499993168	EXP	text_2: autoDraw = false
190.04151499993168	EXP	Feedback: text = 337
190.04151499993168	EXP	Feedback: autoDraw = true
191.03984499990474	EXP	Feedback: autoDraw = false
191.03984499990474	EXP	Feedback: autoDraw = false
191.03984499990474	EXP	text_3: autoDraw = true
193.2401949999621	EXP	text_3: autoDraw = false
193.2401949999621	EXP	text_3: autoDraw = false
193.2401949999621	EXP	text_2: autoDraw = true
193.2401949999621	EXP	text_2: text = 0
193.2561599999899	EXP	text_2: text = 17
193.27280499995686	EXP	text_2: text = 33
193.289759999956	EXP	text_2: text = 50
193.30634999996983	EXP	text_2: text = 67
193.3241749999579	EXP	text_2: text = 83
193.33955999999307	EXP	text_2: text = 100
193.35666499997023	EXP	text_2: text = 117
193.372924999916	EXP	text_2: text = 133
193.389424999943	EXP	text_2: text = 150
193.4064500000095	EXP	text_2: text = 166
193.42319999996107	EXP	text_2: text = 183
193.43961000000127	EXP	text_2: text = 200
193.45626999996603	EXP	text_2: text = 216
193.47305999998935	EXP	text_2: text = 233
193.4895049999468	EXP	text_2: text = 250
193.50638499995694	EXP	text_2: text = 266
193.52320499997586	EXP	text_2: text = 283
193.53950499999337	EXP	text_2: text = 300
193.5568300000159	EXP	text_2: text = 317
193.57315499999095	EXP	text_2: text = 333
193.5900949999923	EXP	text_2: text = 350
193.6064849999966	EXP	text_2: text = 367
193.62352999998257	EXP	text_2: text = 383
193.63978999992833	EXP	text_2: text = 400
193.65684999991208	EXP	text_2: text = 416
193.66083499998786	DATA	Keydown:  
193.67384999990463	EXP	text_2: text = 433
193.67384999990463	EXP	text_2: autoDraw = false
193.67384999990463	EXP	Feedback: text = 421
193.67384999990463	EXP	Feedback: autoDraw = true
194.6717850000132	EXP	Feedback: autoDraw = false
194.6717850000132	EXP	Feedback: autoDraw = false
194.6717850000132	EXP	text_3: autoDraw = true
198.25487999990582	EXP	text_3: autoDraw = false
198.25487999990582	EXP	text_3: autoDraw = false
198.25487999990582	EXP	text_2: autoDraw = true
198.25487999990582	EXP	text_2: text = 0
198.27120999991894	EXP	text_2: text = 17
198.28796999994665	EXP	text_2: text = 33
198.30483999999706	EXP	text_2: text = 50
198.32125999999698	EXP	text_2: text = 67
198.33823999995366	EXP	text_2: text = 83
198.3547499999404	EXP	text_2: text = 100
198.3719099999871	EXP	text_2: text = 117
198.38824000000022	EXP	text_2: text = 133
198.40460999996867	EXP	text_2: text = 150
198.4214449999854	EXP	text_2: text = 167
198.43784499994945	EXP	text_2: text = 183
198.4548299999442	EXP	text_2: text = 200
198.47135000000708	EXP	text_2: text = 216
198.48786999995355	EXP	text_2: text = 233
198.50474999996368	EXP	text_2: text = 250
198.52125499991234	EXP	text_2: text = 266
198.53811500000302	EXP	text_2: text = 283
198.5550149999326	EXP	text_2: text = 300
198.5716849999735	EXP	text_2: text = 317
198.58776999998372	EXP	text_2: text = 333
198.60469999990892	EXP	text_2: text = 350
198.6214649999747	EXP	text_2: text = 367
198.6383199999109	EXP	text_2: text = 383
198.65443999995477	EXP	text_2: text = 400
198.6714149999898	EXP	text_2: text = 416
198.68806999991648	EXP	text_2: text = 433
198.70462500001304	EXP	text_2: text = 450
198.72921999997925	DATA	Keydown:  
198.73577499995008	EXP	text_2: text = 480
198.73577499995008	EXP	text_2: autoDraw = false
198.73577499995008	EXP	Feedback: text = 474
198.73577499995008	EXP	Feedback: autoDraw = true
199.73720999993384	EXP	Feedback: autoDraw = false
199.73720999993384	EXP	Feedback: autoDraw = false
199.73720999993384	EXP	text_3: autoDraw = true
203.66972499992698	EXP	text_3: autoDraw = false
203.66972499992698	EXP	text_3: autoDraw = false
203.66972499992698	EXP	text_2: autoDraw = true
203.66972499992698	EXP	text_2: text = 0
203.6859449999174	EXP	text_2: text = 17
203.70264499995392	EXP	text_2: text = 33
203.71939999994356	EXP	text_2: text = 50
203.7359849999193	EXP	text_2: text = 67
203.7527499999851	EXP	text_2: text = 83
203.76935499999672	EXP	text_2: text = 100
203.78631499991752	EXP	text_2: text = 117
203.8029749999987	EXP	text_2: text = 133
203.8193350000074	EXP	text_2: text = 150
203.83632000000216	EXP	text_2: text = 167
203.85268000001088	EXP	text_2: text = 183
203.86956499994267	EXP	text_2: text = 200
203.8858749999199	EXP	text_2: text = 217
203.90269499993883	EXP	text_2: text = 233
203.91952499991748	EXP	text_2: text = 250
203.93608999997377	EXP	text_2: text = 267
203.9528350000037	EXP	text_2: text = 283
203.97036499995738	EXP	text_2: text = 300
203.98648500000127	EXP	text_2: text = 317
204.00277499994263	EXP	text_2: text = 333
204.01961499999743	EXP	text_2: text = 350
204.02124499995261	DATA	Keydown:  
204.03639999998268	EXP	text_2: text = 367
204.03639999998268	EXP	text_2: autoDraw = false
204.03639999998268	EXP	Feedback: text = 352
204.03639999998268	EXP	Feedback: autoDraw = true
205.03511499997694	EXP	Feedback: autoDraw = false
205.03511499997694	EXP	Feedback: autoDraw = false
205.03511499997694	EXP	text_3: autoDraw = true
207.15208999998868	EXP	text_3: autoDraw = false
207.15208999998868	EXP	text_3: autoDraw = false
207.15208999998868	EXP	text_2: autoDraw = true
207.15208999998868	EXP	text_2: text = 0
207.1678649999667	EXP	text_2: text = 17
207.18505500000902	EXP	text_2: text = 33
207.20152999996208	EXP	text_2: text = 50
207.21841500001028	EXP	text_2: text = 67
207.23503999994136	EXP	text_2: text = 83
207.25170999998227	EXP	text_2: text = 100
207.26885999995284	EXP	text_2: text = 117
207.28493999992497	EXP	text_2: text = 133
207.30161500000395	EXP	text_2: text = 150
207.31793000001926	EXP	text_2: text = 167
207.33514999994077	EXP	text_2: text = 183
207.35158000001684	EXP	text_2: text = 200
207.36832000000868	EXP	text_2: text = 217
207.38476499996614	EXP	text_2: text = 233
207.41295499994885	EXP	text_2: text = 259
207.4358099999372	EXP	text_2: text = 283
207.4514799999306	EXP	text_2: text = 300
207.4685349999927	EXP	text_2: text = 317
207.48465999995824	EXP	text_2: text = 333
207.5015349999303	EXP	text_2: text = 350
207.51833499991335	EXP	text_2: text = 366
207.5349200000055	EXP	text_2: text = 383
207.54195999994408	DATA	Keydown:  
207.55230500001926	EXP	text_2: text = 400
207.55230500001926	EXP	text_2: autoDraw = false
207.55230500001926	EXP	Feedback: text = 390
207.55230500001926	EXP	Feedback: autoDraw = true
208.55053999996744	EXP	Feedback: autoDraw = false
208.55053999996744	EXP	Feedback: autoDraw = false
208.55053999996744	EXP	text_3: autoDraw = true
214.24995999992825	EXP	text_3: autoDraw = false
214.24995999992825	EXP	text_3: autoDraw = false
214.24995999992825	EXP	text_2: autoDraw = true
214.24995999992825	EXP	text_2: text = 0
214.26581999997143	EXP	text_2: text = 17
214.28234499995597	EXP	text_2: text = 33
214.29901499999687	EXP	text_2: text = 50
214.31571999995504	EXP	text_2: text = 66
214.33236999996006	EXP	text_2: text = 83
214.34907499991823	EXP	text_2: text = 100
214.36604999995325	EXP	text_2: text = 116
214.38248499995098	EXP	text_2: text = 133
214.3993649999611	EXP	text_2: text = 150
214.42963999998756	EXP	text_2: text = 180
214.44949499994982	EXP	text_2: text = 200
214.46610499999952	EXP	text_2: text = 217
214.48235499998555	EXP	text_2: text = 233
214.49906499998178	EXP	text_2: text = 250
214.51560499996413	EXP	text_2: text = 266
214.53268499998376	EXP	text_2: text = 283
214.54914499993902	EXP	text_2: text = 300
214.55122999998275	DATA	Keydown:  
214.56686999998055	EXP	text_2: text = 317
214.56686999998055	EXP	text_2: autoDraw = false
214.56686999998055	EXP	Feedback: text = 301
214.56686999998055	EXP	Feedback: autoDraw = true
215.5648349999683	EXP	Feedback: autoDraw = false
215.5648349999683	EXP	Feedback: autoDraw = false
215.5648349999683	EXP	text_3: autoDraw = true
223.11368499998935	EXP	text_3: autoDraw = false
223.11368499998935	EXP	text_3: autoDraw = false
223.11368499998935	EXP	text_2: autoDraw = true
223.11368499998935	EXP	text_2: text = 0
223.12978499999736	EXP	text_2: text = 17
223.1467549999943	EXP	text_2: text = 33
223.16336499992758	EXP	text_2: text = 50
223.17985499999486	EXP	text_2: text = 67
223.19644500000868	EXP	text_2: text = 83
223.21333499997854	EXP	text_2: text = 100
223.23055999993812	EXP	text_2: text = 117
223.2468949999893	EXP	text_2: text = 133
223.26350000000093	EXP	text_2: text = 150
223.2800799999386	EXP	text_2: text = 167
223.2968300000066	EXP	text_2: text = 183
223.31349999993108	EXP	text_2: text = 200
223.32999499992002	EXP	text_2: text = 217
223.34687499993015	EXP	text_2: text = 233
223.36350500001572	EXP	text_2: text = 250
223.38069499994162	EXP	text_2: text = 267
223.39681999990717	EXP	text_2: text = 283
223.41330499993637	EXP	text_2: text = 300
223.4149899999611	DATA	Keydown:  
223.43117999995593	EXP	text_2: text = 317
223.43117999995593	EXP	text_2: autoDraw = false
223.43117999995593	EXP	Feedback: text = 301
223.43117999995593	EXP	Feedback: autoDraw = true
224.42884499998763	EXP	Feedback: autoDraw = false
224.42884499998763	EXP	Feedback: autoDraw = false
224.42884499998763	EXP	text_3: autoDraw = true
232.39380999992136	EXP	text_3: autoDraw = false
232.39380999992136	EXP	text_3: autoDraw = false
232.39380999992136	EXP	text_2: autoDraw = true
232.39380999992136	EXP	text_2: text = 0
232.4100599999074	EXP	text_2: text = 16
232.42685499996878	EXP	text_2: text = 33
232.44326500000898	EXP	text_2: text = 50
232.45998499996495	EXP	text_2: text = 66
232.4767249999568	EXP	text_2: text = 83
232.4939000000013	EXP	text_2: text = 100
232.51034999999683	EXP	text_2: text = 116
232.5269299999345	EXP	text_2: text = 133
232.54324499994982	EXP	text_2: text = 150
232.56078499997966	EXP	text_2: text = 166
232.57799499994144	EXP	text_2: text = 183
232.59425999992527	EXP	text_2: text = 200
232.61128999991342	EXP	text_2: text = 216
232.62845999991987	EXP	text_2: text = 233
232.64409999991767	EXP	text_2: text = 250
232.66067999997176	EXP	text_2: text = 266
232.67733500001486	EXP	text_2: text = 283
232.69333499995992	EXP	text_2: text = 300
232.71006999991369	EXP	text_2: text = 316
232.7279199999757	EXP	text_2: text = 333
232.74358999996912	EXP	text_2: text = 350
232.76043499994557	EXP	text_2: text = 367
232.7769149999367	EXP	text_2: text = 383
232.78231499996036	DATA	Keydown:  
232.7939100000076	EXP	text_2: text = 400
232.7939100000076	EXP	text_2: autoDraw = false
232.7939100000076	EXP	Feedback: text = 389
232.7939100000076	EXP	Feedback: autoDraw = true
233.79302999994252	EXP	Feedback: autoDraw = false
233.79302999994252	EXP	Feedback: autoDraw = false
233.79302999994252	EXP	text_3: autoDraw = true
240.70709999999963	EXP	text_3: autoDraw = false
240.70709999999963	EXP	text_3: autoDraw = false
240.70709999999963	EXP	text_2: autoDraw = true
240.70709999999963	EXP	text_2: text = 0
240.72336999990512	EXP	text_2: text = 17
240.74021999991965	EXP	text_2: text = 33
240.75688999996055	EXP	text_2: text = 50
240.77334499999415	EXP	text_2: text = 67
240.79030999995302	EXP	text_2: text = 83
240.8068000000203	EXP	text_2: text = 100
240.8236699999543	EXP	text_2: text = 117
240.84040999994613	EXP	text_2: text = 133
240.85714500001632	EXP	text_2: text = 150
240.873724999954	EXP	text_2: text = 166
240.89023000001907	EXP	text_2: text = 183
240.9068949999055	EXP	text_2: text = 200
240.92355999990832	EXP	text_2: text = 217
240.94014999992214	EXP	text_2: text = 233
240.95660999999382	EXP	text_2: text = 250
240.97450000001118	EXP	text_2: text = 267
240.99026499991305	EXP	text_2: text = 283
240.99286499992013	DATA	Keydown:  
241.0077549999114	EXP	text_2: text = 300
241.0077549999114	EXP	text_2: autoDraw = false
241.0077549999114	EXP	Feedback: text = 286
241.0077549999114	EXP	Feedback: autoDraw = true
242.00570500001777	EXP	Feedback: autoDraw = false
242.00570500001777	EXP	Feedback: autoDraw = false
242.00570500001777	EXP	text_3: autoDraw = true
251.68733999994583	EXP	text_3: autoDraw = false
251.68733999994583	EXP	text_3: autoDraw = false
251.68733999994583	EXP	text_2: autoDraw = true
251.68733999994583	EXP	text_2: text = 0
251.70356499997433	EXP	text_2: text = 17
251.7207749999361	EXP	text_2: text = 33
251.73712999990676	EXP	text_2: text = 50
251.7537949999096	EXP	text_2: text = 67
251.770264999941	EXP	text_2: text = 83
251.786689999979	EXP	text_2: text = 100
251.80332499998622	EXP	text_2: text = 116
251.8202249999158	EXP	text_2: text = 133
251.83639499999117	EXP	text_2: text = 150
251.85361499991268	EXP	text_2: text = 167
251.87007499998435	EXP	text_2: text = 183
251.88642499991693	EXP	text_2: text = 200
251.90319999994244	EXP	text_2: text = 216
251.9194150000112	EXP	text_2: text = 233
251.9364849999547	EXP	text_2: text = 250
251.9531399999978	EXP	text_2: text = 266
251.97005000000354	EXP	text_2: text = 283
251.9868649999844	EXP	text_2: text = 300
251.988245000015	DATA	Keydown:  
252.00351999991108	EXP	text_2: text = 316
252.00351999991108	EXP	text_2: autoDraw = false
252.00351999991108	EXP	Feedback: text = 301
252.00351999991108	EXP	Feedback: autoDraw = true
253.00329499994405	EXP	Feedback: autoDraw = false
253.00329499994405	EXP	Feedback: autoDraw = false
253.00329499994405	EXP	text_3: autoDraw = true
261.1171349999495	EXP	text_3: autoDraw = false
261.1171349999495	EXP	text_3: autoDraw = false
261.1171349999495	EXP	text_2: autoDraw = true
261.1171349999495	EXP	text_2: text = 0
261.1331249999348	EXP	text_2: text = 17
261.1498399999691	EXP	text_2: text = 33
261.16639499994926	EXP	text_2: text = 50
261.18325000000186	EXP	text_2: text = 67
261.1998199999798	EXP	text_2: text = 83
261.2170099999057	EXP	text_2: text = 100
261.2331649999833	EXP	text_2: text = 117
261.2498800000176	EXP	text_2: text = 133
261.2666999999201	EXP	text_2: text = 150
261.28345499990974	EXP	text_2: text = 167
261.2999599999748	EXP	text_2: text = 183
261.31648999999743	EXP	text_2: text = 200
261.333389999927	EXP	text_2: text = 216
261.3498350000009	EXP	text_2: text = 233
261.36654499999713	EXP	text_2: text = 250
261.3829449999612	EXP	text_2: text = 267
261.3998249999713	EXP	text_2: text = 283
261.41073999996297	DATA	Keydown:  
261.4190749999834	EXP	text_2: text = 300
261.4190749999834	EXP	text_2: autoDraw = false
261.4190749999834	EXP	Feedback: text = 294
261.4190749999834	EXP	Feedback: autoDraw = true
262.41630499996245	EXP	Feedback: autoDraw = false
262.41630499996245	EXP	Feedback: autoDraw = false
262.41630499996245	EXP	text_3: autoDraw = true
266.11589499993715	EXP	text_3: autoDraw = false
266.11589499993715	EXP	text_3: autoDraw = false
266.11589499993715	EXP	text_2: autoDraw = true
266.11589499993715	EXP	text_2: text = 0
266.13176499994006	EXP	text_2: text = 16
266.14863499999046	EXP	text_2: text = 33
266.1653449999867	EXP	text_2: text = 50
266.18223999999464	EXP	text_2: text = 67
266.19871999998577	EXP	text_2: text = 83
266.2154149999842	EXP	text_2: text = 100
266.2325649999548	EXP	text_2: text = 116
266.2493549999781	EXP	text_2: text = 133
266.2659299999941	EXP	text_2: text = 150
266.28274499997497	EXP	text_2: text = 167
266.2994249999756	EXP	text_2: text = 183
266.3158050000202	EXP	text_2: text = 200
266.3324699999066	EXP	text_2: text = 216
266.34902500000317	EXP	text_2: text = 233
266.3654300000053	EXP	text_2: text = 250
266.38201499998104	EXP	text_2: text = 266
266.3984249999048	EXP	text_2: text = 283
266.4152499999618	EXP	text_2: text = 300
266.4321099999361	EXP	text_2: text = 316
266.45008999994025	EXP	text_2: text = 333
266.46603499993216	EXP	text_2: text = 350
266.48227499995846	EXP	text_2: text = 367
266.4864349999698	DATA	Keydown:  
266.49934999994	EXP	text_2: text = 383
266.49934999994	EXP	text_2: autoDraw = false
266.49934999994	EXP	Feedback: text = 371
266.49934999994	EXP	Feedback: autoDraw = true
267.49777999997605	EXP	Feedback: autoDraw = false
267.49777999997605	EXP	Feedback: autoDraw = false
267.49777999997605	EXP	text_3: autoDraw = true
271.88193499995396	EXP	text_3: autoDraw = false
271.88193499995396	EXP	text_3: autoDraw = false
271.88193499995396	EXP	text_2: autoDraw = true
271.88193499995396	EXP	text_2: text = 0
271.89721999992616	EXP	text_2: text = 16
271.9143499999773	EXP	text_2: text = 33
271.93071499990765	EXP	text_2: text = 50
271.946809999994	EXP	text_2: text = 66
271.96387500001583	EXP	text_2: text = 83
271.98060499993153	EXP	text_2: text = 100
271.9971999999834	EXP	text_2: text = 116
272.01363499998115	EXP	text_2: text = 133
272.03030499990564	EXP	text_2: text = 150
272.0469949999824	EXP	text_2: text = 166
272.06352500000503	EXP	text_2: text = 183
272.0801799999317	EXP	text_2: text = 200
272.09815500001423	EXP	text_2: text = 217
272.11358999996446	EXP	text_2: text = 233
272.130264999927	EXP	text_2: text = 250
272.14748499996495	EXP	text_2: text = 266
272.16346499999054	EXP	text_2: text = 283
272.180384999956	EXP	text_2: text = 300
272.196959999972	EXP	text_2: text = 316
272.2135099999141	EXP	text_2: text = 333
272.23002000001725	EXP	text_2: text = 350
272.24674999993294	EXP	text_2: text = 366
272.2640399999218	EXP	text_2: text = 383
272.2653799999971	DATA	Keydown:  
272.2809300000081	EXP	text_2: text = 400
272.2809300000081	EXP	text_2: autoDraw = false
272.2809300000081	EXP	Feedback: text = 384
272.2809300000081	EXP	Feedback: autoDraw = true
273.278805000009	EXP	Feedback: autoDraw = false
273.278805000009	EXP	Feedback: autoDraw = false
273.278805000009	EXP	text_3: autoDraw = true
282.97620999999344	EXP	text_3: autoDraw = false
282.97620999999344	EXP	text_3: autoDraw = false
282.97620999999344	EXP	text_2: autoDraw = true
282.97620999999344	EXP	text_2: text = 0
282.9924999999348	EXP	text_2: text = 17
283.0089600000065	EXP	text_2: text = 33
283.02599999995437	EXP	text_2: text = 50
283.0425849999301	EXP	text_2: text = 67
283.05909499991685	EXP	text_2: text = 83
283.0763299999526	EXP	text_2: text = 100
283.09380499995314	EXP	text_2: text = 117
283.1093899999978	EXP	text_2: text = 133
283.1265949999215	EXP	text_2: text = 150
283.1433449999895	EXP	text_2: text = 167
283.15989999996964	EXP	text_2: text = 183
283.17663000000175	EXP	text_2: text = 200
283.1927049999358	EXP	text_2: text = 217
283.20932499994524	EXP	text_2: text = 233
283.2256300000008	EXP	text_2: text = 250
283.24257000000216	EXP	text_2: text = 266
283.2591249999823	EXP	text_2: text = 283
283.2756749999244	EXP	text_2: text = 300
283.2863849999849	DATA	Keydown:  
283.2931699999608	EXP	text_2: text = 316
283.2931699999608	EXP	text_2: autoDraw = false
283.2931699999608	EXP	Feedback: text = 310
283.2931699999608	EXP	Feedback: autoDraw = true
284.2939849999966	EXP	Feedback: autoDraw = false
284.2939849999966	EXP	Feedback: autoDraw = false
284.2939849999966	EXP	text_3: autoDraw = true
288.65752999996766	EXP	text_3: autoDraw = false
288.65752999996766	EXP	text_3: autoDraw = false
288.65752999996766	EXP	text_2: autoDraw = true
288.65752999996766	EXP	text_2: text = 0
288.6735299999127	EXP	text_2: text = 17
288.6907099999953	EXP	text_2: text = 33
288.7076699999161	EXP	text_2: text = 50
288.7243599999929	EXP	text_2: text = 67
288.74098499992397	EXP	text_2: text = 83
288.75789000000805	EXP	text_2: text = 100
288.7751799999969	EXP	text_2: text = 117
288.7909750000108	EXP	text_2: text = 133
288.80775999999605	EXP	text_2: text = 150
288.8244499999564	EXP	text_2: text = 167
288.84080499992706	EXP	text_2: text = 183
288.85732499998994	EXP	text_2: text = 200
288.8737699999474	EXP	text_2: text = 217
288.8906399999978	EXP	text_2: text = 233
288.90731999999844	EXP	text_2: text = 250
288.9241149999434	EXP	text_2: text = 267
288.94065499992575	EXP	text_2: text = 283
288.95744999998715	EXP	text_2: text = 300
288.97410499991383	EXP	text_2: text = 317
288.99064999993425	EXP	text_2: text = 333
289.00743999995757	EXP	text_2: text = 350
289.0142999999225	DATA	Keydown:  
289.02451499993913	EXP	text_2: text = 366
289.02451499993913	EXP	text_2: autoDraw = false
289.02451499993913	EXP	Feedback: text = 357
289.02451499993913	EXP	Feedback: autoDraw = true
290.0226799999364	EXP	Feedback: autoDraw = false
290.0226799999364	EXP	Feedback: autoDraw = false
290.0226799999364	EXP	text_3: autoDraw = true
295.88854499999434	EXP	text_3: autoDraw = false
295.88854499999434	EXP	text_3: autoDraw = false
295.88854499999434	EXP	text_2: autoDraw = true
295.88854499999434	EXP	text_2: text = 0
295.904649999924	EXP	text_2: text = 17
295.92160499992315	EXP	text_2: text = 33
295.93780999991577	EXP	text_2: text = 50
295.954844999942	EXP	text_2: text = 67
295.97135499992874	EXP	text_2: text = 83
295.98822499997914	EXP	text_2: text = 100
296.0048699999461	EXP	text_2: text = 117
296.0216800000053	EXP	text_2: text = 133
296.03808999992907	EXP	text_2: text = 150
296.05488499999046	EXP	text_2: text = 167
296.07153999991715	EXP	text_2: text = 183
296.0889999999199	EXP	text_2: text = 200
296.1051199999638	EXP	text_2: text = 217
296.1212550000055	EXP	text_2: text = 233
296.138074999908	EXP	text_2: text = 250
296.15483000001404	EXP	text_2: text = 267
296.17184999992605	EXP	text_2: text = 283
296.18814999994356	EXP	text_2: text = 300
296.2048149999464	EXP	text_2: text = 317
296.2222549999133	EXP	text_2: text = 333
296.23796499997843	EXP	text_2: text = 350
296.25482999999076	EXP	text_2: text = 367
296.27189999993425	EXP	text_2: text = 383
296.27328500000294	DATA	Keydown:  
296.2886849999195	EXP	text_2: text = 400
296.2886849999195	EXP	text_2: autoDraw = false
296.2886849999195	EXP	Feedback: text = 385
296.2886849999195	EXP	Feedback: autoDraw = true
297.28690999990795	EXP	Feedback: autoDraw = false
297.28690999990795	EXP	Feedback: autoDraw = false
297.28690999990795	EXP	text_3: autoDraw = true
305.16837999993004	EXP	text_3: autoDraw = false
305.16837999993004	EXP	text_3: autoDraw = false
305.16837999993004	EXP	text_2: autoDraw = true
305.16837999993004	EXP	text_2: text = 0
305.1847950000083	EXP	text_2: text = 17
305.2012799999211	EXP	text_2: text = 33
305.21834499994293	EXP	text_2: text = 50
305.23503999994136	EXP	text_2: text = 67
305.2514099999098	EXP	text_2: text = 83
305.2683399999514	EXP	text_2: text = 100
305.2854299999308	EXP	text_2: text = 117
305.30190500000026	EXP	text_2: text = 133
305.3180799999973	EXP	text_2: text = 150
305.3350549999159	EXP	text_2: text = 167
305.3515549999429	EXP	text_2: text = 183
305.36864499992225	EXP	text_2: text = 200
305.38503999996465	EXP	text_2: text = 216
305.408219999983	EXP	text_2: text = 238
305.4191550000105	EXP	text_2: text = 250
305.4355799999321	EXP	text_2: text = 267
305.4517099999357	EXP	text_2: text = 283
305.46821999992244	EXP	text_2: text = 300
305.4850800000131	EXP	text_2: text = 317
305.50134499999695	EXP	text_2: text = 333
305.50758500001393	DATA	Keydown:  
305.51893499994185	EXP	text_2: text = 350
305.51893499994185	EXP	text_2: autoDraw = false
305.51893499994185	EXP	Feedback: text = 339
305.51893499994185	EXP	Feedback: autoDraw = true
306.51708999997936	EXP	Feedback: autoDraw = false
306.51708999997936	EXP	Feedback: autoDraw = false
306.51708999997936	EXP	text_3: autoDraw = true
315.633834999986	EXP	text_3: autoDraw = false
315.633834999986	EXP	text_3: autoDraw = false
315.633834999986	EXP	text_2: autoDraw = true
315.633834999986	EXP	text_2: text = 0
315.6491549999919	EXP	text_2: text = 15
315.66776500002015	EXP	text_2: text = 33
315.68271500000264	EXP	text_2: text = 48
315.69993499992415	EXP	text_2: text = 65
315.7175149999093	EXP	text_2: text = 84
315.7333299999591	EXP	text_2: text = 99
315.74900999991223	EXP	text_2: text = 115
315.7657149999868	EXP	text_2: text = 131
315.7826349999523	EXP	text_2: text = 148
315.80069499998353	EXP	text_2: text = 165
315.8168349999469	EXP	text_2: text = 181
315.8326749999542	EXP	text_2: text = 198
315.8489849999314	EXP	text_2: text = 215
315.8673649999546	EXP	text_2: text = 232
315.8828349999385	EXP	text_2: text = 248
315.89923500001896	EXP	text_2: text = 265
315.9156049999874	EXP	text_2: text = 281
315.93222499999683	EXP	text_2: text = 298
315.94927500002086	EXP	text_2: text = 315
315.96786500001326	EXP	text_2: text = 333
315.9874200000195	EXP	text_2: text = 350
315.9996899999678	EXP	text_2: text = 365
316.0159449999919	EXP	text_2: text = 381
316.0321549999062	EXP	text_2: text = 398
316.048594999942	EXP	text_2: text = 415
316.06551999994554	EXP	text_2: text = 431
316.082289999933	EXP	text_2: text = 448
316.0987699999241	EXP	text_2: text = 464
316.1152999999467	EXP	text_2: text = 481
316.12749499990605	DATA	Keydown:  
316.1329549999209	EXP	text_2: text = 499
316.1329549999209	EXP	text_2: autoDraw = false
316.1329549999209	EXP	Feedback: text = 494
316.1329549999209	EXP	Feedback: autoDraw = true
317.14504500001203	EXP	Feedback: autoDraw = false
317.14504500001203	EXP	Feedback: autoDraw = false
317.14504500001203	EXP	End_text: autoDraw = true
