6.532940000062808	EXP	Created Window = Window( name=Window, fullscr=true, color=#000000, units=height, waitBlanking=true, autoLog=true, size=[1366,657] )
13.383619999978691	DATA	Keydown: Shift
13.660585000063293	DATA	Keydown: R
15.584099999978207	DATA	Keydown: C
17.728415000019595	DATA	Keydown: undefined
27.28269999998156	EXP	Created text = TextStim( name=text, win=Window( name=Window, fullscr=true, color=#000000, ~), autoDraw=null, autoLog=true, units=height, ori=null, opacity=1, pos=[0,0], size=undefined, text=INSTRUCTIONS [EN]


A counter will appear and star~, font=Arial, color=#FFFFFF, contrast=1, height=0.03, bold=null, italic=null, alignHoriz=left, alignVert=center, wrapWidth=1, flipHoriz=null, flipVert=null )
27.328710000030696	EXP	Created text_3 = TextStim( name=text_3, win=Window( name=Window, fullscr=true, color=#000000, ~), autoDraw=null, autoLog=true, units=height, ori=null, opacity=1, pos=[0,0], size=undefined, text=null, font=Arial, color=#FFFFFF, contrast=1, height=0.1, bold=null, italic=null, alignHoriz=left, alignVert=center, wrapWidth=1, flipHoriz=null, flipVert=null )
27.333540000021458	EXP	Created text_2 = TextStim( name=text_2, win=Window( name=Window, fullscr=true, color=#000000, ~), autoDraw=null, autoLog=true, units=height, ori=null, opacity=1, pos=[0,0], size=undefined, text=default text, font=Arial, color=#ff0000, contrast=1, height=0.15, bold=null, italic=null, alignHoriz=left, alignVert=center, wrapWidth=1, flipHoriz=null, flipVert=null )
27.40532500005793	EXP	Created Feedback = TextStim( name=Feedback, win=Window( name=Window, fullscr=true, color=#000000, ~), autoDraw=null, autoLog=true, units=height, ori=null, opacity=1, pos=[0,0], size=undefined, text=default text, font=Arial, color=#ff0000, contrast=1, height=0.15, bold=null, italic=null, alignHoriz=left, alignVert=center, wrapWidth=1, flipHoriz=null, flipVert=null )
27.478439999977127	EXP	Created End_text = TextStim( name=End_text, win=Window( name=Window, fullscr=true, color=#000000, ~), autoDraw=null, autoLog=true, units=height, ori=null, opacity=1, pos=[0,0], size=undefined, text=This study aimed to look at procedural learning, i~, font=Arial, color=#FFFFFF, contrast=1, height=0.025, bold=null, italic=null, alignHoriz=left, alignVert=center, wrapWidth=1, flipHoriz=null, flipVert=null )
28.5086949999677	EXP	text: units = "height"
28.5086949999677	EXP	text: ori = 0
28.5086949999677	EXP	text: opacity = 1
28.5086949999677	EXP	text: pos = [0,0]
28.5086949999677	EXP	text: size = undefined
28.5086949999677	EXP	text: text = "INSTRUCTIONS [EN]\n\n\nA counter will appear and start counting at random times, press SPACE as fast as possible when it appears.\n\n\nPress SPACE to start\n\n-------\n\nInstruções [PT]\n\n\nUm cronómetro vai aparecer e começar a contar aleatoriamente, pressione a tecla SPACE assim que ele aparecer.\n\n\nPressiona SPACE para começar."
28.5086949999677	EXP	text: font = "Arial"
28.5086949999677	EXP	text: color = {"_hex":"#FFFFFF","_rgb":[1,1,1]}
28.5086949999677	EXP	text: contrast = 1
28.5086949999677	EXP	text: height = 0.03
28.5086949999677	EXP	text: bold = false
28.5086949999677	EXP	text: italic = false
28.5086949999677	EXP	text: alignHoriz = "left"
28.5086949999677	EXP	text: alignVert = "center"
28.5086949999677	EXP	text: wrapWidth = 1
28.5086949999677	EXP	text: flipHoriz = false
28.5086949999677	EXP	text: flipVert = false
28.5086949999677	EXP	text_3: units = "height"
28.5086949999677	EXP	text_3: ori = 0
28.5086949999677	EXP	text_3: opacity = 1
28.5086949999677	EXP	text_3: pos = [0,0]
28.5086949999677	EXP	text_3: size = undefined
28.5086949999677	EXP	text_3: text = ""
28.5086949999677	EXP	text_3: font = "Arial"
28.5086949999677	EXP	text_3: color = {"_hex":"#FFFFFF","_rgb":[1,1,1]}
28.5086949999677	EXP	text_3: contrast = 1
28.5086949999677	EXP	text_3: height = 0.1
28.5086949999677	EXP	text_3: bold = false
28.5086949999677	EXP	text_3: italic = false
28.5086949999677	EXP	text_3: alignHoriz = "left"
28.5086949999677	EXP	text_3: alignVert = "center"
28.5086949999677	EXP	text_3: wrapWidth = 1
28.5086949999677	EXP	text_3: flipHoriz = false
28.5086949999677	EXP	text_3: flipVert = false
28.5086949999677	EXP	text_2: units = "height"
28.5086949999677	EXP	text_2: ori = 0
28.5086949999677	EXP	text_2: opacity = 1
28.5086949999677	EXP	text_2: pos = [0,0]
28.5086949999677	EXP	text_2: size = undefined
28.5086949999677	EXP	text_2: text = "default text"
28.5086949999677	EXP	text_2: font = "Arial"
28.5086949999677	EXP	text_2: color = {"_rgb":[1,0,0]}
28.5086949999677	EXP	text_2: contrast = 1
28.5086949999677	EXP	text_2: height = 0.15
28.5086949999677	EXP	text_2: bold = false
28.5086949999677	EXP	text_2: italic = false
28.5086949999677	EXP	text_2: alignHoriz = "left"
28.5086949999677	EXP	text_2: alignVert = "center"
28.5086949999677	EXP	text_2: wrapWidth = 1
28.5086949999677	EXP	text_2: flipHoriz = false
28.5086949999677	EXP	text_2: flipVert = false
28.5086949999677	EXP	Feedback: units = "height"
28.5086949999677	EXP	Feedback: ori = 0
28.5086949999677	EXP	Feedback: opacity = 1
28.5086949999677	EXP	Feedback: pos = [0,0]
28.5086949999677	EXP	Feedback: size = undefined
28.5086949999677	EXP	Feedback: text = "default text"
28.5086949999677	EXP	Feedback: font = "Arial"
28.5086949999677	EXP	Feedback: color = {"_rgb":[1,0,0]}
28.5086949999677	EXP	Feedback: contrast = 1
28.5086949999677	EXP	Feedback: height = 0.15
28.5086949999677	EXP	Feedback: bold = false
28.5086949999677	EXP	Feedback: italic = false
28.5086949999677	EXP	Feedback: alignHoriz = "left"
28.5086949999677	EXP	Feedback: alignVert = "center"
28.5086949999677	EXP	Feedback: wrapWidth = 1
28.5086949999677	EXP	Feedback: flipHoriz = false
28.5086949999677	EXP	Feedback: flipVert = false
28.5086949999677	EXP	End_text: units = "height"
28.5086949999677	EXP	End_text: ori = 0
28.5086949999677	EXP	End_text: opacity = 1
28.5086949999677	EXP	End_text: pos = [0,0]
28.5086949999677	EXP	End_text: size = undefined
28.5086949999677	EXP	End_text: text = "This study aimed to look at procedural learning, i.e. our ability to extract patterns from the input that we are constantly receiving. This skill is thought to be essential for language and literacy acquisition and has been suggested as a possible underlying difficult in children with Language Impairments and Dyslexia. This study aims to improve the measures of procedural learning (the smiley face task) so that we can measure procedural learning more reliably and, in the future, analyse the performance of individuals with learning impairments.\nThank you for participating!\n\n----\n\nEste estudo tem como objectivo analisar a nossa capacidade de extrair padrões da informação que estamos constantemente a receber. Pensa-se que esta competência é essencial para a aquisição da linguagem e literacia e foi sugerido que dificuldades neste tipo de competências poderá estar relacionado com perturbações da linguagem e Dislexia. Este estudo tem como objectivo melhorar a estabilidade das medidas usadas para medir este tipo de memória (a tarefa da cara sorridente) de forma a poder medir de forma mais precisa e, no futuro, analisar a performance de indivíduos com perturbações da aprendizagem. \nMuito obrigada por ter participado!"
28.5086949999677	EXP	End_text: font = "Arial"
28.5086949999677	EXP	End_text: color = {"_hex":"#FFFFFF","_rgb":[1,1,1]}
28.5086949999677	EXP	End_text: contrast = 1
28.5086949999677	EXP	End_text: height = 0.025
28.5086949999677	EXP	End_text: bold = false
28.5086949999677	EXP	End_text: italic = false
28.5086949999677	EXP	End_text: alignHoriz = "left"
28.5086949999677	EXP	End_text: alignVert = "center"
28.5086949999677	EXP	End_text: wrapWidth = 1
28.5086949999677	EXP	End_text: flipHoriz = false
28.5086949999677	EXP	End_text: flipVert = false
28.5086949999677	EXP	text: autoDraw = true
35.711940000066534	DATA	Keydown:  
35.81253500003368	EXP	text: autoDraw = false
35.81253500003368	EXP	text_3: autoDraw = true
38.241200000047684	DATA	Keydown:  
44.33121500001289	EXP	text_3: autoDraw = false
44.33121500001289	EXP	text_3: autoDraw = false
44.33121500001289	EXP	text_2: autoDraw = true
44.33121500001289	EXP	text_2: text = 1
44.379290000069886	EXP	text_2: text = 230
44.41871500003617	EXP	text_2: text = 272
44.465455000055954	EXP	text_2: text = 299
44.492725000018254	EXP	text_2: text = 349
44.62740500003565	EXP	text_2: text = 366
44.63648500002455	DATA	Keydown:  
44.67215500003658	EXP	text_2: text = 517
44.67215500003658	EXP	text_2: autoDraw = false
44.67215500003658	EXP	Feedback: text = 306
44.67215500003658	EXP	Feedback: autoDraw = true
45.66067999997176	EXP	Feedback: autoDraw = false
45.66067999997176	EXP	Feedback: autoDraw = false
45.66067999997176	EXP	text_3: autoDraw = true
49.53041000000667	EXP	text_3: autoDraw = false
49.53041000000667	EXP	text_3: autoDraw = false
49.53041000000667	EXP	text_2: autoDraw = true
49.53041000000667	EXP	text_2: text = 0
49.62388500000816	EXP	text_2: text = 100
49.642085000057705	EXP	text_2: text = 116
49.65920500003267	EXP	text_2: text = 135
49.69065999996383	EXP	text_2: text = 151
49.70557500002906	EXP	text_2: text = 181
49.80286000005435	EXP	text_2: text = 278
49.82176000007894	EXP	text_2: text = 295
49.84842499997467	EXP	text_2: text = 318
49.86190500005614	DATA	Keydown:  
49.98062000004575	EXP	text_2: text = 346
49.98062000004575	EXP	text_2: autoDraw = false
49.98062000004575	EXP	Feedback: text = 332
49.98062000004575	EXP	Feedback: autoDraw = true
50.86343500006478	EXP	Feedback: autoDraw = false
50.86343500006478	EXP	Feedback: autoDraw = false
50.86343500006478	EXP	text_3: autoDraw = true
53.86058500001673	EXP	text_3: autoDraw = false
53.86058500001673	EXP	text_3: autoDraw = false
53.86058500001673	EXP	text_2: autoDraw = true
53.86058500001673	EXP	text_2: text = 0
53.872545000049286	EXP	text_2: text = 16
53.88991999998689	EXP	text_2: text = 33
53.90735500003211	EXP	text_2: text = 50
53.92732999997679	EXP	text_2: text = 71
53.94108500005677	EXP	text_2: text = 83
53.95555499999318	EXP	text_2: text = 100
53.9733300000662	EXP	text_2: text = 116
53.988810000009835	EXP	text_2: text = 133
54.01575999998022	EXP	text_2: text = 149
54.03914000000805	EXP	text_2: text = 183
54.05560500000138	EXP	text_2: text = 199
54.08140000002459	EXP	text_2: text = 216
54.09257500001695	DATA	Keydown:  
54.111585000064224	EXP	text_2: text = 249
54.111585000064224	EXP	text_2: autoDraw = false
54.111585000064224	EXP	Feedback: text = 232
54.111585000064224	EXP	Feedback: autoDraw = true
55.10654499998782	EXP	Feedback: autoDraw = false
55.10654499998782	EXP	Feedback: autoDraw = false
55.10654499998782	EXP	text_3: autoDraw = true
60.33146500005387	EXP	text_3: autoDraw = false
60.33146500005387	EXP	text_3: autoDraw = false
60.33146500005387	EXP	text_2: autoDraw = true
60.33146500005387	EXP	text_2: text = 0
60.368140000035055	EXP	text_2: text = 50
60.3880900000222	EXP	text_2: text = 83
60.40590999997221	EXP	text_2: text = 100
60.42331500002183	EXP	text_2: text = 116
60.479930000030436	EXP	text_2: text = 133
60.50873500003945	EXP	text_2: text = 201
60.52503500005696	EXP	text_2: text = 218
60.539065000019036	EXP	text_2: text = 233
60.55642000003718	EXP	text_2: text = 250
60.572705000056885	EXP	text_2: text = 267
60.590214999974705	EXP	text_2: text = 283
60.595635000034235	DATA	Keydown:  
60.61055500002112	EXP	text_2: text = 300
60.61055500002112	EXP	text_2: autoDraw = false
60.61055500002112	EXP	Feedback: text = 264
60.61055500002112	EXP	Feedback: autoDraw = true
61.607345000025816	EXP	Feedback: autoDraw = false
61.607345000025816	EXP	Feedback: autoDraw = false
61.607345000025816	EXP	text_3: autoDraw = true
66.14407999999821	EXP	text_3: autoDraw = false
66.14407999999821	EXP	text_3: autoDraw = false
66.14407999999821	EXP	text_2: autoDraw = true
66.14407999999821	EXP	text_2: text = 0
66.15557000006083	EXP	text_2: text = 16
66.17315499996766	EXP	text_2: text = 33
66.18940999999177	EXP	text_2: text = 50
66.20714499999303	EXP	text_2: text = 67
66.22357999999076	EXP	text_2: text = 83
66.24022000003606	EXP	text_2: text = 100
66.25772500003222	EXP	text_2: text = 117
66.2753050000174	EXP	text_2: text = 134
66.3055999999633	EXP	text_2: text = 150
66.33712500007823	EXP	text_2: text = 183
66.35608000005595	EXP	text_2: text = 216
66.37447000003885	EXP	text_2: text = 233
66.38136500003748	DATA	Keydown:  
66.41682000004221	EXP	text_2: text = 250
66.41682000004221	EXP	text_2: autoDraw = false
66.41682000004221	EXP	Feedback: text = 238
66.41682000004221	EXP	Feedback: autoDraw = true
67.38906499999575	EXP	Feedback: autoDraw = false
67.38906499999575	EXP	Feedback: autoDraw = false
67.38906499999575	EXP	text_3: autoDraw = true
75.23947999998927	EXP	text_3: autoDraw = false
75.23947999998927	EXP	text_3: autoDraw = false
75.23947999998927	EXP	text_2: autoDraw = true
75.23947999998927	EXP	text_2: text = 0
75.25994500005618	EXP	text_2: text = 138
75.28914500004612	EXP	text_2: text = 166
75.30546000006143	EXP	text_2: text = 183
75.34799999999814	EXP	text_2: text = 200
75.37321500002872	EXP	text_2: text = 250
75.38980500004254	EXP	text_2: text = 267
75.41784000000916	EXP	text_2: text = 283
75.43997000006493	EXP	text_2: text = 316
75.45824499998707	EXP	text_2: text = 335
75.54587000003085	DATA	Keydown:  
75.56290999997873	EXP	text_2: text = 434
75.56290999997873	EXP	text_2: autoDraw = false
75.56290999997873	EXP	Feedback: text = 307
75.56290999997873	EXP	Feedback: autoDraw = true
76.59458500007167	EXP	Feedback: autoDraw = false
76.59458500007167	EXP	Feedback: autoDraw = false
76.59458500007167	EXP	text_3: autoDraw = true
84.15929500001948	EXP	text_3: autoDraw = false
84.15929500001948	EXP	text_3: autoDraw = false
84.15929500001948	EXP	text_2: autoDraw = true
84.15929500001948	EXP	text_2: text = 0
84.18682000006083	EXP	text_2: text = 33
84.20385000004899	EXP	text_2: text = 49
84.22124500002246	EXP	text_2: text = 66
84.23718000005465	EXP	text_2: text = 83
84.25516499998048	EXP	text_2: text = 100
84.27187000005506	EXP	text_2: text = 116
84.28956499998458	EXP	text_2: text = 133
84.30519500002265	EXP	text_2: text = 150
84.32941500004381	EXP	text_2: text = 166
84.35613500000909	EXP	text_2: text = 200
84.40497999999207	EXP	text_2: text = 219
84.42206999997143	EXP	text_2: text = 266
84.43988000007812	EXP	text_2: text = 283
84.447610000032	DATA	Keydown:  
84.46208500000648	EXP	text_2: text = 302
84.46208500000648	EXP	text_2: autoDraw = false
84.46208500000648	EXP	Feedback: text = 289
84.46208500000648	EXP	Feedback: autoDraw = true
85.45588500006124	EXP	Feedback: autoDraw = false
85.45588500006124	EXP	Feedback: autoDraw = false
85.45588500006124	EXP	text_3: autoDraw = true
88.7754900000291	EXP	text_3: autoDraw = false
88.7754900000291	EXP	text_3: autoDraw = false
88.7754900000291	EXP	text_2: autoDraw = true
88.7754900000291	EXP	text_2: text = 0
88.78669500001706	EXP	text_2: text = 17
88.80335499998182	EXP	text_2: text = 33
88.81986499996856	EXP	text_2: text = 50
88.83774500002619	EXP	text_2: text = 67
88.85299499996472	EXP	text_2: text = 83
88.8694550000364	EXP	text_2: text = 100
88.88632000004873	EXP	text_2: text = 116
88.90382000000682	EXP	text_2: text = 133
88.91996500000823	EXP	text_2: text = 150
88.93734000006225	EXP	text_2: text = 166
88.98395500006154	EXP	text_2: text = 183
89.00329000002239	EXP	text_2: text = 233
89.03564000001643	EXP	text_2: text = 249
89.0403599999845	DATA	Keydown:  
89.05778000003193	EXP	text_2: text = 283
89.05778000003193	EXP	text_2: autoDraw = false
89.05778000003193	EXP	Feedback: text = 265
89.05778000003193	EXP	Feedback: autoDraw = true
90.05767000000924	EXP	Feedback: autoDraw = false
90.05767000000924	EXP	Feedback: autoDraw = false
90.05767000000924	EXP	text_3: autoDraw = true
97.08312500000466	EXP	text_3: autoDraw = false
97.08312500000466	EXP	text_3: autoDraw = false
97.08312500000466	EXP	text_2: autoDraw = true
97.08312500000466	EXP	text_2: text = 0
97.10105499997735	EXP	text_2: text = 49
97.12069000001065	EXP	text_2: text = 66
97.13916000002064	EXP	text_2: text = 84
97.15361000003759	EXP	text_2: text = 101
97.17151999997441	EXP	text_2: text = 118
97.28535999997985	EXP	text_2: text = 133
97.32681500003673	EXP	text_2: text = 259
97.33276000001933	DATA	Keydown:  
97.50222999998368	EXP	text_2: text = 301
97.50222999998368	EXP	text_2: autoDraw = false
97.50222999998368	EXP	Feedback: text = 250
97.50222999998368	EXP	Feedback: autoDraw = true
98.35474500001874	EXP	Feedback: autoDraw = false
98.35474500001874	EXP	Feedback: autoDraw = false
98.35474500001874	EXP	text_3: autoDraw = true
105.30668500007596	EXP	text_3: autoDraw = false
105.30668500007596	EXP	text_3: autoDraw = false
105.30668500007596	EXP	text_2: autoDraw = true
105.30668500007596	EXP	text_2: text = 0
105.31867000006605	EXP	text_2: text = 31
105.33977500000037	EXP	text_2: text = 48
105.35406499996316	EXP	text_2: text = 66
105.37745000002906	EXP	text_2: text = 89
105.40181499999017	EXP	text_2: text = 114
105.48337500006892	EXP	text_2: text = 164
105.50208000000566	EXP	text_2: text = 214
105.5195900000399	EXP	text_2: text = 231
105.55226000002585	EXP	text_2: text = 247
105.56969999999274	EXP	text_2: text = 281
105.62740500003565	EXP	text_2: text = 297
105.63462999998592	DATA	Keydown:  
105.66249000001699	EXP	text_2: text = 364
105.66249000001699	EXP	text_2: autoDraw = false
105.66249000001699	EXP	Feedback: text = 329
105.66249000001699	EXP	Feedback: autoDraw = true
106.6486000000732	EXP	Feedback: autoDraw = false
106.6486000000732	EXP	Feedback: autoDraw = false
106.6486000000732	EXP	text_3: autoDraw = true
112.23613500001375	EXP	text_3: autoDraw = false
112.23613500001375	EXP	text_3: autoDraw = false
112.23613500001375	EXP	text_2: autoDraw = true
112.23613500001375	EXP	text_2: text = 0
112.2470500000054	EXP	text_2: text = 74
112.25888500001747	EXP	text_2: text = 85
112.27345500001684	EXP	text_2: text = 98
112.28690000006463	EXP	text_2: text = 111
112.3508800000418	EXP	text_2: text = 128
112.36419500003103	EXP	text_2: text = 189
112.37864500004798	EXP	text_2: text = 202
112.40054000006057	EXP	text_2: text = 216
112.41326499998104	EXP	text_2: text = 238
112.44529499998316	EXP	text_2: text = 251
112.48024000006262	DATA	Keydown:  
112.49761000007857	EXP	text_2: text = 314
112.49761000007857	EXP	text_2: autoDraw = false
112.49761000007857	EXP	Feedback: text = 244
112.49761000007857	EXP	Feedback: autoDraw = true
113.52685500006191	EXP	Feedback: autoDraw = false
113.52685500006191	EXP	Feedback: autoDraw = false
113.52685500006191	EXP	text_3: autoDraw = true
116.04785500001162	EXP	text_3: autoDraw = false
116.04785500001162	EXP	text_3: autoDraw = false
116.04785500001162	EXP	text_2: autoDraw = true
116.04785500001162	EXP	text_2: text = 0
116.06429999996908	EXP	text_2: text = 19
116.08097500004806	EXP	text_2: text = 36
116.09750999999233	EXP	text_2: text = 52
116.11424500006251	EXP	text_2: text = 69
116.13092500006314	EXP	text_2: text = 86
116.14760500006378	EXP	text_2: text = 104
116.17008499999065	EXP	text_2: text = 120
116.18254499998875	EXP	text_2: text = 141
116.19757000007667	EXP	text_2: text = 154
116.21415999997407	EXP	text_2: text = 170
116.25462000002153	EXP	text_2: text = 186
116.26665999996476	EXP	text_2: text = 226
116.30500000005122	EXP	text_2: text = 239
116.31654999998864	EXP	text_2: text = 276
116.3226400000276	DATA	Keydown:  
116.33431499998551	EXP	text_2: text = 290
116.33431499998551	EXP	text_2: autoDraw = false
116.33431499998551	EXP	Feedback: text = 275
116.33431499998551	EXP	Feedback: autoDraw = true
117.3230250000488	EXP	Feedback: autoDraw = false
117.3230250000488	EXP	Feedback: autoDraw = false
117.3230250000488	EXP	text_3: autoDraw = true
121.16443500004243	EXP	text_3: autoDraw = false
121.16443500004243	EXP	text_3: autoDraw = false
121.16443500004243	EXP	text_2: autoDraw = true
121.16443500004243	EXP	text_2: text = 0
121.18007500004023	EXP	text_2: text = 19
121.19669000001159	EXP	text_2: text = 34
121.21340000000782	EXP	text_2: text = 51
121.22996500006411	EXP	text_2: text = 68
121.246604999993	EXP	text_2: text = 84
121.26334499998484	EXP	text_2: text = 101
121.28004500002135	EXP	text_2: text = 117
121.29673000006005	EXP	text_2: text = 135
121.32666999998037	EXP	text_2: text = 150
121.34704999998212	EXP	text_2: text = 182
121.38794499996584	EXP	text_2: text = 203
121.402454999974	EXP	text_2: text = 244
121.41633500007447	EXP	text_2: text = 257
121.42384499998298	DATA	Keydown:  
121.49849000002723	EXP	text_2: text = 275
121.49849000002723	EXP	text_2: autoDraw = false
121.49849000002723	EXP	Feedback: text = 260
121.49849000002723	EXP	Feedback: autoDraw = true
122.43428000004496	EXP	Feedback: autoDraw = false
122.43428000004496	EXP	Feedback: autoDraw = false
122.43428000004496	EXP	text_3: autoDraw = true
130.13791499997023	EXP	text_3: autoDraw = false
130.13791499997023	EXP	text_3: autoDraw = false
130.13791499997023	EXP	text_2: autoDraw = true
130.13791499997023	EXP	text_2: text = 0
130.15034499997273	EXP	text_2: text = 16
130.16562500002328	EXP	text_2: text = 33
130.18208499997854	EXP	text_2: text = 50
130.19898500002455	EXP	text_2: text = 66
130.21657499996945	EXP	text_2: text = 83
130.23358500003815	EXP	text_2: text = 100
130.2510000000475	EXP	text_2: text = 116
130.26720000000205	EXP	text_2: text = 133
130.28549999999814	EXP	text_2: text = 150
130.30098499997985	EXP	text_2: text = 166
130.31782500003465	EXP	text_2: text = 183
130.33990000002086	EXP	text_2: text = 206
130.39140500000212	EXP	text_2: text = 238
130.39754500007257	DATA	Keydown:  
130.4214299999876	EXP	text_2: text = 283
130.4214299999876	EXP	text_2: autoDraw = false
130.4214299999876	EXP	Feedback: text = 260
130.4214299999876	EXP	Feedback: autoDraw = true
131.4194500000449	EXP	Feedback: autoDraw = false
131.4194500000449	EXP	Feedback: autoDraw = false
131.4194500000449	EXP	text_3: autoDraw = true
137.95209999999497	EXP	text_3: autoDraw = false
137.95209999999497	EXP	text_3: autoDraw = false
137.95209999999497	EXP	text_2: autoDraw = true
137.95209999999497	EXP	text_2: text = 0
137.965280000004	EXP	text_2: text = 17
137.98288999998476	EXP	text_2: text = 34
137.99891500000376	EXP	text_2: text = 50
138.01567500003148	EXP	text_2: text = 67
138.0335249999771	EXP	text_2: text = 84
138.05035500007216	EXP	text_2: text = 101
138.07050000003073	EXP	text_2: text = 118
138.0847800000338	EXP	text_2: text = 134
138.12151500000618	EXP	text_2: text = 151
138.15312000003178	EXP	text_2: text = 202
138.18391500005964	EXP	text_2: text = 234
138.2009750000434	EXP	text_2: text = 250
138.2102100000484	DATA	Keydown:  
138.22250500007067	EXP	text_2: text = 268
138.22250500007067	EXP	text_2: autoDraw = false
138.22250500007067	EXP	Feedback: text = 258
138.22250500007067	EXP	Feedback: autoDraw = true
139.25716500007547	EXP	Feedback: autoDraw = false
139.25716500007547	EXP	Feedback: autoDraw = false
139.25716500007547	EXP	text_3: autoDraw = true
146.86979000002611	EXP	text_3: autoDraw = false
146.86979000002611	EXP	text_3: autoDraw = false
146.86979000002611	EXP	text_2: autoDraw = true
146.86979000002611	EXP	text_2: text = 0
146.89832000003662	EXP	text_2: text = 33
146.9139800000703	EXP	text_2: text = 50
146.9311999999918	EXP	text_2: text = 66
146.94680500007235	EXP	text_2: text = 83
146.96457499999087	EXP	text_2: text = 100
146.9989249999635	EXP	text_2: text = 116
147.016100000008	EXP	text_2: text = 150
147.0320650000358	EXP	text_2: text = 166
147.04915500001516	EXP	text_2: text = 183
147.0653549999697	EXP	text_2: text = 200
147.08354500005953	EXP	text_2: text = 217
147.1001549999928	EXP	text_2: text = 233
147.11617499997374	EXP	text_2: text = 250
147.13318000000436	EXP	text_2: text = 267
147.1384750000434	DATA	Keydown:  
147.15316500002518	EXP	text_2: text = 284
147.15316500002518	EXP	text_2: autoDraw = false
147.15316500002518	EXP	Feedback: text = 269
147.15316500002518	EXP	Feedback: autoDraw = true
148.149059999967	EXP	Feedback: autoDraw = false
148.149059999967	EXP	Feedback: autoDraw = false
148.149059999967	EXP	text_3: autoDraw = true
151.46973000001162	EXP	text_3: autoDraw = false
151.46973000001162	EXP	text_3: autoDraw = false
151.46973000001162	EXP	text_2: autoDraw = true
151.46973000001162	EXP	text_2: text = 0
151.4816700000083	EXP	text_2: text = 16
151.5090949999867	EXP	text_2: text = 45
151.53049999999348	EXP	text_2: text = 66
151.54616500006523	EXP	text_2: text = 82
151.5641450000694	EXP	text_2: text = 99
151.5798150000628	EXP	text_2: text = 116
151.59971500001848	EXP	text_2: text = 133
151.61591499997303	EXP	text_2: text = 149
151.6488450000761	EXP	text_2: text = 180
151.6657300000079	EXP	text_2: text = 199
151.6822300000349	EXP	text_2: text = 216
151.69870499998797	EXP	text_2: text = 233
151.71399499999825	EXP	text_2: text = 249
151.73201999999583	EXP	text_2: text = 266
151.75731999997515	EXP	text_2: text = 282
151.76448000001255	DATA	Keydown:  
151.78707000007853	EXP	text_2: text = 316
151.78707000007853	EXP	text_2: autoDraw = false
151.78707000007853	EXP	Feedback: text = 295
151.78707000007853	EXP	Feedback: autoDraw = true
152.7879500000272	EXP	Feedback: autoDraw = false
152.7879500000272	EXP	Feedback: autoDraw = false
152.7879500000272	EXP	text_3: autoDraw = true
161.72097000002395	EXP	text_3: autoDraw = false
161.72097000002395	EXP	text_3: autoDraw = false
161.72097000002395	EXP	text_2: autoDraw = true
161.72097000002395	EXP	text_2: text = 0
161.74823000002652	EXP	text_2: text = 49
161.76455500000156	EXP	text_2: text = 66
161.78185999998823	EXP	text_2: text = 83
161.798075000057	EXP	text_2: text = 99
161.81497000006493	EXP	text_2: text = 116
162.00395499996375	EXP	text_2: text = 133
162.01847500004806	EXP	text_2: text = 319
162.0480450000614	EXP	text_2: text = 337
162.06561499997042	EXP	text_2: text = 363
162.08024000003934	EXP	text_2: text = 379
162.09519000002183	EXP	text_2: text = 395
162.21759999997448	EXP	text_2: text = 505
162.23259000002872	EXP	text_2: text = 532
162.24436500004958	EXP	text_2: text = 546
162.2604800000554	EXP	text_2: text = 558
162.2775149999652	EXP	text_2: text = 575
162.29373000003397	EXP	text_2: text = 590
162.31034500000533	EXP	text_2: text = 607
162.3338699999731	EXP	text_2: text = 635
162.34521499997936	EXP	text_2: text = 647
162.3606050000526	EXP	text_2: text = 658
162.3971250000177	EXP	text_2: text = 674
162.4123649999965	EXP	text_2: text = 712
162.4292200000491	EXP	text_2: text = 729
162.4486550000729	EXP	text_2: text = 747
162.46798000007402	EXP	text_2: text = 769
162.5013850000687	EXP	text_2: text = 784
162.5187150000129	EXP	text_2: text = 819
162.53368500003126	EXP	text_2: text = 833
162.54720000003	EXP	text_2: text = 847
162.5636050000321	EXP	text_2: text = 863
162.60817999998108	EXP	text_2: text = 910
162.6247849999927	EXP	text_2: text = 924
162.64277999999467	EXP	text_2: text = 944
162.65911500004586	EXP	text_2: text = 960
162.74117499997374	EXP	text_2: text = 974
162.75420500000473	EXP	text_2: text = 1056
162.79879999998957	EXP	text_2: text = 1080
162.83721500006504	EXP	text_2: text = 1113
162.85159500001464	EXP	text_2: text = 1152
162.86904999997932	EXP	text_2: text = 1169
162.88375500007533	EXP	text_2: text = 1183
162.90378499997314	EXP	text_2: text = 1201
162.94150499999523	EXP	text_2: text = 1218
163.04555999999866	EXP	text_2: text = 1255
163.06225000007544	EXP	text_2: text = 1362
163.07660000002943	EXP	text_2: text = 1376
163.09065500006545	EXP	text_2: text = 1391
163.10546500002965	EXP	text_2: text = 1404
163.11988999997266	EXP	text_2: text = 1420
163.21373499999754	EXP	text_2: text = 1514
163.22577500005718	EXP	text_2: text = 1526
163.2396149999695	EXP	text_2: text = 1540
163.25257500004955	EXP	text_2: text = 1553
163.26731000002474	EXP	text_2: text = 1567
163.45479500002693	EXP	text_2: text = 1586
163.49941000004765	EXP	text_2: text = 1799
163.51459999999497	EXP	text_2: text = 1814
163.52939500007778	EXP	text_2: text = 1828
163.54382500005886	EXP	text_2: text = 1843
163.5629600000102	EXP	text_2: text = 1858
163.67518500005826	EXP	text_2: text = 1974
163.69284999999218	EXP	text_2: text = 1991
163.71127500000875	EXP	text_2: text = 2011
163.7288000000408	EXP	text_2: text = 2030
163.8510650000535	EXP	text_2: text = 2150
163.93289499997627	EXP	text_2: text = 2229
163.94590000004973	EXP	text_2: text = 2247
163.96009000006597	EXP	text_2: text = 2260
163.97681999998167	EXP	text_2: text = 2273
164.10375500004739	EXP	text_2: text = 2402
164.11436500004493	EXP	text_2: text = 2416
164.12749500002246	EXP	text_2: text = 2427
164.13942000002135	EXP	text_2: text = 2441
164.22767000005115	EXP	text_2: text = 2453
164.24447500007227	EXP	text_2: text = 2542
164.2835849999683	EXP	text_2: text = 2559
164.30319999996573	EXP	text_2: text = 2602
164.31862000003457	EXP	text_2: text = 2618
164.3346850000089	EXP	text_2: text = 2635
164.35053000005428	EXP	text_2: text = 2648
164.36302499996964	EXP	text_2: text = 2664
164.46777500002645	EXP	text_2: text = 2768
164.4818700000178	EXP	text_2: text = 2781
164.49687000003178	EXP	text_2: text = 2795
164.5102650000481	EXP	text_2: text = 2809
164.52751000004355	EXP	text_2: text = 2823
164.56853000004776	EXP	text_2: text = 2841
164.58432000002358	EXP	text_2: text = 2882
164.59985500003677	EXP	text_2: text = 2898
164.615214999998	EXP	text_2: text = 2915
164.62939000001643	EXP	text_2: text = 2928
164.67155500000808	EXP	text_2: text = 2943
164.68408000003546	EXP	text_2: text = 2985
164.703525000019	EXP	text_2: text = 3003
164.7172600000631	EXP	text_2: text = 3019
164.73719500005245	EXP	text_2: text = 3036
164.75503000000026	EXP	text_2: text = 3055
164.93903000000864	EXP	text_2: text = 3223
164.95007500005886	EXP	text_2: text = 3252
164.96877500007395	EXP	text_2: text = 3270
164.98571999999695	EXP	text_2: text = 3287
164.99935000005644	EXP	text_2: text = 3299
165.01761500001885	EXP	text_2: text = 3316
165.1879900000058	EXP	text_2: text = 3485
165.2025399999693	EXP	text_2: text = 3502
165.22077500005253	EXP	text_2: text = 3521
165.23551999998745	EXP	text_2: text = 3536
165.28327000001445	EXP	text_2: text = 3557
165.40647000004537	EXP	text_2: text = 3705
165.45220000005793	EXP	text_2: text = 3751
165.46655999997165	EXP	text_2: text = 3768
165.4820100000361	EXP	text_2: text = 3782
165.51036499999464	EXP	text_2: text = 3808
165.58062000002246	EXP	text_2: text = 3880
165.59241000004113	EXP	text_2: text = 3894
165.60834999999497	EXP	text_2: text = 3907
165.62682000000495	EXP	text_2: text = 3926
165.64419999998063	EXP	text_2: text = 3944
165.7511700000614	EXP	text_2: text = 4050
165.768544999999	EXP	text_2: text = 4069
165.78522499999963	EXP	text_2: text = 4086
165.8006100000348	EXP	text_2: text = 4100
165.82014500000514	EXP	text_2: text = 4120
166.04081500007305	EXP	text_2: text = 4337
166.05521000002045	EXP	text_2: text = 4355
166.07087000005413	EXP	text_2: text = 4370
166.0849000000162	EXP	text_2: text = 4387
166.10068999999203	EXP	text_2: text = 4401
166.27211500005797	EXP	text_2: text = 4569
166.2948950000573	EXP	text_2: text = 4587
166.3088449999923	EXP	text_2: text = 4609
166.32355500000995	EXP	text_2: text = 4623
166.3383750000503	EXP	text_2: text = 4638
166.4282499999972	EXP	text_2: text = 4653
166.44144500000402	EXP	text_2: text = 4742
166.45744000002742	EXP	text_2: text = 4756
166.4724050000077	EXP	text_2: text = 4773
166.48869999998715	EXP	text_2: text = 4790
166.5016450000694	EXP	text_2: text = 4803
166.5383050000528	EXP	text_2: text = 4837
166.55388999998104	EXP	text_2: text = 4854
166.57064499997068	EXP	text_2: text = 4871
166.59846500004642	EXP	text_2: text = 4890
166.63820499996655	EXP	text_2: text = 4939
166.6518400000641	EXP	text_2: text = 4953
166.66716499999166	EXP	text_2: text = 4967
166.68336000002455	EXP	text_2: text = 4984
166.70333499996923	EXP	text_2: text = 5004
166.7287350000115	EXP	text_2: text = 5029
166.74248999997508	EXP	text_2: text = 5043
166.75479000003543	EXP	text_2: text = 5056
166.77043000003323	EXP	text_2: text = 5070
166.7841250000056	EXP	text_2: text = 5085
166.8011600000318	EXP	text_2: text = 5099
166.8162800000282	EXP	text_2: text = 5118
166.83426000003237	EXP	text_2: text = 5132
166.90318500006106	EXP	text_2: text = 5151
166.9165450000437	EXP	text_2: text = 5216
166.92732500005513	EXP	text_2: text = 5228
166.94243499997538	EXP	text_2: text = 5241
166.95507999998517	EXP	text_2: text = 5256
166.97000500001013	EXP	text_2: text = 5271
167.00937500002328	EXP	text_2: text = 5309
167.08395500003826	EXP	text_2: text = 5324
167.09646000002977	EXP	text_2: text = 5397
167.1124950000085	EXP	text_2: text = 5410
167.1276599999983	EXP	text_2: text = 5427
167.14372499997262	EXP	text_2: text = 5441
167.16059500002302	EXP	text_2: text = 5458
167.1935049999738	EXP	text_2: text = 5493
167.20694000006188	EXP	text_2: text = 5507
167.22097500006203	EXP	text_2: text = 5520
167.2375999999931	EXP	text_2: text = 5535
167.25456000003032	EXP	text_2: text = 5555
167.3004550000187	EXP	text_2: text = 5601
167.31533500005025	EXP	text_2: text = 5617
167.331119999988	EXP	text_2: text = 5630
167.34614500007592	EXP	text_2: text = 5646
167.40118499996606	EXP	text_2: text = 5702
167.41636999999173	EXP	text_2: text = 5717
167.45380999997724	EXP	text_2: text = 5744
167.4689950000029	EXP	text_2: text = 5769
167.52253499999642	EXP	text_2: text = 5821
167.54266999999527	EXP	text_2: text = 5842
167.55795000004582	EXP	text_2: text = 5857
167.57258999999613	EXP	text_2: text = 5872
167.5881250000093	EXP	text_2: text = 5889
167.65228999999817	EXP	text_2: text = 5952
167.66599999996834	EXP	text_2: text = 5967
167.680859999964	EXP	text_2: text = 5979
167.694690000033	EXP	text_2: text = 5994
167.70974000007845	EXP	text_2: text = 6008
167.76530500000808	EXP	text_2: text = 6067
167.7780100000091	EXP	text_2: text = 6078
167.7932199999923	EXP	text_2: text = 6092
167.81434000004083	EXP	text_2: text = 6107
167.8283850000007	EXP	text_2: text = 6128
167.84454499999993	EXP	text_2: text = 6141
167.88594499998726	EXP	text_2: text = 6179
167.90905500005465	EXP	text_2: text = 6201
167.92632500000764	EXP	text_2: text = 6224
167.94437500007916	EXP	text_2: text = 6242
167.96394499996677	EXP	text_2: text = 6259
167.98118500004057	EXP	text_2: text = 6280
168.09120500006247	EXP	text_2: text = 6384
168.1049050000729	EXP	text_2: text = 6404
168.11843500006944	EXP	text_2: text = 6421
168.13312999997288	EXP	text_2: text = 6434
168.1514250000473	EXP	text_2: text = 6452
168.16728499997407	EXP	text_2: text = 6467
168.2683749999851	EXP	text_2: text = 6552
168.2810649999883	EXP	text_2: text = 6583
168.2968899999978	EXP	text_2: text = 6597
168.30997499998193	EXP	text_2: text = 6609
168.32731500000227	EXP	text_2: text = 6623
168.34360500006005	EXP	text_2: text = 6641
168.36022999999113	EXP	text_2: text = 6657
168.50208500004373	EXP	text_2: text = 6802
168.52006000000983	EXP	text_2: text = 6821
168.53760500007775	EXP	text_2: text = 6838
168.64756499999203	EXP	text_2: text = 6949
168.6620249999687	EXP	text_2: text = 6963
168.6747299999697	EXP	text_2: text = 6976
168.77237500005867	EXP	text_2: text = 7067
168.78714000002947	EXP	text_2: text = 7087
168.80397000000812	EXP	text_2: text = 7105
168.8376649999991	EXP	text_2: text = 7139
168.94862999999896	EXP	text_2: text = 7162
168.9967099999776	EXP	text_2: text = 7265
169.01646499999333	EXP	text_2: text = 7315
169.03393000003416	EXP	text_2: text = 7335
169.05020499997772	EXP	text_2: text = 7349
169.09608000004664	EXP	text_2: text = 7369
169.10855500004254	EXP	text_2: text = 7409
169.12198000005446	EXP	text_2: text = 7424
169.13868500001263	EXP	text_2: text = 7438
169.15370500006247	EXP	text_2: text = 7453
169.16828500002157	EXP	text_2: text = 7469
169.1844600000186	EXP	text_2: text = 7485
169.23725500004366	EXP	text_2: text = 7538
169.2533800000092	EXP	text_2: text = 7554
169.2702800000552	EXP	text_2: text = 7570
169.2884700000286	EXP	text_2: text = 7588
169.30815000005532	EXP	text_2: text = 7606
169.3650599999819	EXP	text_2: text = 7664
169.38219999999274	EXP	text_2: text = 7680
169.39994500007015	EXP	text_2: text = 7700
169.42023499996867	EXP	text_2: text = 7721
169.44095000007655	EXP	text_2: text = 7740
169.66700000001583	EXP	text_2: text = 7957
169.69943999999668	EXP	text_2: text = 7984
169.71458500006702	EXP	text_2: text = 8016
169.7327950000763	EXP	text_2: text = 8031
169.74887500004843	EXP	text_2: text = 8050
169.83854999998584	EXP	text_2: text = 8063
169.85567499999888	EXP	text_2: text = 8154
169.8716349999886	EXP	text_2: text = 8173
169.89387500006706	EXP	text_2: text = 8187
169.91887499997392	EXP	text_2: text = 8210
169.9444150000345	EXP	text_2: text = 8244
170.20092500001192	EXP	text_2: text = 8497
170.31856000004336	EXP	text_2: text = 8611
170.34591500007082	EXP	text_2: text = 8643
170.7654699999839	EXP	text_2: text = 9057
170.784645000007	EXP	text_2: text = 9085
170.80169500003103	EXP	text_2: text = 9101
170.8188599999994	EXP	text_2: text = 9119
171.06760499998927	EXP	text_2: text = 9353
171.1683399999747	EXP	text_2: text = 9469
171.18402000004426	EXP	text_2: text = 9485
171.20025500003248	EXP	text_2: text = 9501
171.21500500000548	EXP	text_2: text = 9514
171.23177000007126	EXP	text_2: text = 9530
171.2465099999681	EXP	text_2: text = 9546
171.32238999998663	EXP	text_2: text = 9619
171.33898500003852	EXP	text_2: text = 9638
171.3558099999791	EXP	text_2: text = 9655
171.37380499998108	EXP	text_2: text = 9674
171.4777400000021	EXP	text_2: text = 9718
171.48927999997977	EXP	text_2: text = 9791
171.50416000001132	EXP	text_2: text = 9804
171.518219999969	EXP	text_2: text = 9818
171.5358000000706	EXP	text_2: text = 9832
171.55098499997985	EXP	text_2: text = 9851
171.58831500005908	EXP	text_2: text = 9889
171.60325000004377	EXP	text_2: text = 9902
171.6203900000546	EXP	text_2: text = 9921
171.6346800000174	EXP	text_2: text = 9935
171.65160500002094	EXP	text_2: text = 9950
171.6683999999659	EXP	text_2: text = 9967
171.71546500001568	EXP	text_2: text = 10014
171.76086999999825	EXP	text_2: text = 10030
171.77625500003342	EXP	text_2: text = 10076
171.79122999997344	EXP	text_2: text = 10091
171.80689999996684	EXP	text_2: text = 10106
171.82211499998812	EXP	text_2: text = 10121
171.8378050000174	EXP	text_2: text = 10136
171.90138499997556	EXP	text_2: text = 10201
171.91726999997627	EXP	text_2: text = 10216
171.9296050000703	EXP	text_2: text = 10230
171.94426999997813	EXP	text_2: text = 10243
171.95927500003017	EXP	text_2: text = 10258
171.98894499999005	EXP	text_2: text = 10290
172.0014750000555	EXP	text_2: text = 10303
172.01948500005528	EXP	text_2: text = 10315
172.05129500001203	EXP	text_2: text = 10338
172.0702300000703	EXP	text_2: text = 10370
172.2082250000676	EXP	text_2: text = 10505
172.22368000005372	EXP	text_2: text = 10524
172.2402449999936	EXP	text_2: text = 10540
172.2564550000243	EXP	text_2: text = 10556
172.38696500007063	EXP	text_2: text = 10686
172.42093000002205	EXP	text_2: text = 10719
172.43582000001334	EXP	text_2: text = 10737
172.53399000002537	EXP	text_2: text = 10835
172.5500699999975	EXP	text_2: text = 10851
172.64965500007384	EXP	text_2: text = 10864
172.6670500000473	EXP	text_2: text = 10967
172.68243499996606	EXP	text_2: text = 10981
172.6969200000167	EXP	text_2: text = 10995
172.71142000006512	EXP	text_2: text = 11010
172.7608650000766	EXP	text_2: text = 11027
172.77413000003435	EXP	text_2: text = 11075
172.7903449999867	EXP	text_2: text = 11091
172.80459499999415	EXP	text_2: text = 11105
172.81774500000756	EXP	text_2: text = 11119
172.83238999999594	EXP	text_2: text = 11133
172.94059500005096	EXP	text_2: text = 11239
172.95775499998126	EXP	text_2: text = 11258
172.9715449999785	EXP	text_2: text = 11272
173.0746849999996	EXP	text_2: text = 11286
173.1952150000725	EXP	text_2: text = 11389
173.20878500002436	EXP	text_2: text = 11509
173.22220000007655	EXP	text_2: text = 11522
173.23750499996822	EXP	text_2: text = 11537
173.25314000004437	EXP	text_2: text = 11552
173.28520499996375	EXP	text_2: text = 11570
173.30229500005953	EXP	text_2: text = 11601
173.3169250000501	EXP	text_2: text = 11616
173.3322600000538	EXP	text_2: text = 11632
173.34752499999013	EXP	text_2: text = 11646
173.3627850000048	EXP	text_2: text = 11663
173.42732000001706	EXP	text_2: text = 11676
173.44491000007838	EXP	text_2: text = 11743
173.4623450000072	EXP	text_2: text = 11761
173.48118500004057	EXP	text_2: text = 11779
173.49843999999575	EXP	text_2: text = 11796
173.5167000000365	EXP	text_2: text = 11816
173.61231500003487	EXP	text_2: text = 11911
173.63882500003092	EXP	text_2: text = 11939
173.6595049999887	EXP	text_2: text = 11958
173.73879500001203	EXP	text_2: text = 12041
173.7539650000399	EXP	text_2: text = 12055
173.7685000000056	EXP	text_2: text = 12069
173.78500500007067	EXP	text_2: text = 12085
173.93246500007808	EXP	text_2: text = 12229
173.95964500005357	EXP	text_2: text = 12247
173.9744049999863	EXP	text_2: text = 12275
174.1277649999829	EXP	text_2: text = 12424
174.14535999996588	EXP	text_2: text = 12442
174.1654199999757	EXP	text_2: text = 12462
174.185455000028	EXP	text_2: text = 12485
174.22408499999437	EXP	text_2: text = 12524
174.2386150000384	EXP	text_2: text = 12539
174.2572700000601	EXP	text_2: text = 12556
174.27168500004336	EXP	text_2: text = 12572
174.28746000002138	EXP	text_2: text = 12587
174.3066000000108	EXP	text_2: text = 12607
174.32211499998812	EXP	text_2: text = 12622
174.33825500006787	EXP	text_2: text = 12638
174.35431500000414	EXP	text_2: text = 12655
174.37494999996852	EXP	text_2: text = 12670
174.48449499998242	EXP	text_2: text = 12690
174.49885500001255	EXP	text_2: text = 12799
174.51483500003815	EXP	text_2: text = 12812
174.52983500005212	EXP	text_2: text = 12828
174.546399999992	EXP	text_2: text = 12846
174.5632700000424	EXP	text_2: text = 12861
174.5778149999678	EXP	text_2: text = 12877
174.70391500007827	EXP	text_2: text = 13002
174.72056499996688	EXP	text_2: text = 13020
174.7472800000105	EXP	text_2: text = 13035
174.76141999999527	EXP	text_2: text = 13061
174.78734500007704	EXP	text_2: text = 13075
174.80089000007138	EXP	text_2: text = 13100
174.81776500004344	EXP	text_2: text = 13118
174.83305000001565	EXP	text_2: text = 13134
174.96897000004537	EXP	text_2: text = 13153
174.98209000006318	EXP	text_2: text = 13283
174.99705500004347	EXP	text_2: text = 13295
175.0116299999645	EXP	text_2: text = 13311
175.05482499999925	EXP	text_2: text = 13355
175.20995499996934	EXP	text_2: text = 13374
175.23895999998786	EXP	text_2: text = 13527
175.2565750000067	EXP	text_2: text = 13556
175.27453000005335	EXP	text_2: text = 13573
175.46438999997918	EXP	text_2: text = 13758
175.4981400000397	EXP	text_2: text = 13791
175.5260900000576	EXP	text_2: text = 13812
175.62797500006855	EXP	text_2: text = 13926
175.64442500006407	EXP	text_2: text = 13944
175.696484999964	EXP	text_2: text = 13959
175.72100000001956	EXP	text_2: text = 14020
175.73661000002176	EXP	text_2: text = 14036
175.75464499997906	EXP	text_2: text = 14054
175.79859999998007	EXP	text_2: text = 14070
175.81239500001539	EXP	text_2: text = 14112
175.8309199999785	EXP	text_2: text = 14129
175.85998499998823	EXP	text_2: text = 14145
175.8740949999774	EXP	text_2: text = 14174
176.75838000001386	EXP	text_2: text = 15050
176.7814200000139	DATA	Mouse: 0 button down, pos=(1337,441)
176.78581999999005	DATA	Mouse: 0 button down, pos=(1337,441)
176.7880900000455	DATA	Keydown:  
176.79339000000618	DATA	Keydown:  
177.0126000000164	EXP	text_2: text = 15106
177.0126000000164	EXP	text_2: autoDraw = false
177.0126000000164	EXP	Feedback: text = 15073
177.0126000000164	EXP	Feedback: autoDraw = true
177.80997499998193	EXP	Feedback: autoDraw = false
177.80997499998193	EXP	Feedback: autoDraw = false
177.80997499998193	EXP	text_3: autoDraw = true
181.5176999999676	EXP	text_3: autoDraw = false
181.5176999999676	EXP	text_3: autoDraw = false
181.5176999999676	EXP	text_2: autoDraw = true
181.5176999999676	EXP	text_2: text = 0
181.53044500004034	EXP	text_2: text = 16
181.54551500000525	EXP	text_2: text = 33
181.5637150000548	EXP	text_2: text = 49
181.57909999997355	EXP	text_2: text = 65
181.59638000000268	EXP	text_2: text = 82
181.61372000002302	EXP	text_2: text = 99
181.65389000007417	EXP	text_2: text = 138
182.13158499996644	EXP	text_2: text = 165
182.13671500002965	DATA	Keydown:  
182.15110000001732	EXP	text_2: text = 634
182.15110000001732	EXP	text_2: autoDraw = false
182.15110000001732	EXP	Feedback: text = 619
182.15110000001732	EXP	Feedback: autoDraw = true
183.14953000005335	EXP	Feedback: autoDraw = false
183.14953000005335	EXP	Feedback: autoDraw = false
183.14953000005335	EXP	text_3: autoDraw = true
187.54806499998085	EXP	text_3: autoDraw = false
187.54806499998085	EXP	text_3: autoDraw = false
187.54806499998085	EXP	text_2: autoDraw = true
187.54806499998085	EXP	text_2: text = 0
187.57804499997292	EXP	text_2: text = 50
187.5956250000745	EXP	text_2: text = 67
187.6123399999924	EXP	text_2: text = 83
187.62745500006713	EXP	text_2: text = 99
187.6454650000669	EXP	text_2: text = 116
187.6624399999855	EXP	text_2: text = 133
187.68027500004973	EXP	text_2: text = 150
187.69738500006497	EXP	text_2: text = 166
187.71375500003342	EXP	text_2: text = 184
187.7306399999652	EXP	text_2: text = 200
187.74860499997158	EXP	text_2: text = 217
187.76823000004515	EXP	text_2: text = 236
187.80174999998417	EXP	text_2: text = 270
187.8298450000584	EXP	text_2: text = 300
187.8489899999695	EXP	text_2: text = 316
187.8639550000662	EXP	text_2: text = 335
187.88033000007272	DATA	Keydown:  
187.89488500007428	EXP	text_2: text = 359
187.89488500007428	EXP	text_2: autoDraw = false
187.89488500007428	EXP	Feedback: text = 333
187.89488500007428	EXP	Feedback: autoDraw = true
188.87939999997616	EXP	Feedback: autoDraw = false
188.87939999997616	EXP	Feedback: autoDraw = false
188.87939999997616	EXP	text_3: autoDraw = true
192.0341849999968	EXP	text_3: autoDraw = false
192.0341849999968	EXP	text_3: autoDraw = false
192.0341849999968	EXP	text_2: autoDraw = true
192.0341849999968	EXP	text_2: text = 0
192.06108999997377	EXP	text_2: text = 33
192.07886000000872	EXP	text_2: text = 50
192.09534500003792	EXP	text_2: text = 66
192.11115999997128	EXP	text_2: text = 82
192.1283800000092	EXP	text_2: text = 99
192.1445450000465	EXP	text_2: text = 116
192.18046000006143	EXP	text_2: text = 133
192.19581499998458	EXP	text_2: text = 166
192.21673500002362	EXP	text_2: text = 187
192.2453150000656	EXP	text_2: text = 216
192.26340499997605	EXP	text_2: text = 233
192.30090500006918	EXP	text_2: text = 249
192.35173500003293	EXP	text_2: text = 299
192.35805999999866	DATA	Keydown:  
192.41200000001118	EXP	text_2: text = 350
192.41200000001118	EXP	text_2: autoDraw = false
192.41200000001118	EXP	Feedback: text = 324
192.41200000001118	EXP	Feedback: autoDraw = true
193.3780399999814	EXP	Feedback: autoDraw = false
193.3780399999814	EXP	Feedback: autoDraw = false
193.3780399999814	EXP	text_3: autoDraw = true
196.5364899999695	EXP	text_3: autoDraw = false
196.5364899999695	EXP	text_3: autoDraw = false
196.5364899999695	EXP	text_2: autoDraw = true
196.5364899999695	EXP	text_2: text = 0
196.56108999997377	EXP	text_2: text = 33
196.58019000000786	EXP	text_2: text = 51
196.5935949999839	EXP	text_2: text = 66
196.61107500002254	EXP	text_2: text = 83
196.62771000002977	EXP	text_2: text = 100
196.64531499997247	EXP	text_2: text = 116
196.6633800000418	EXP	text_2: text = 133
196.68043499998748	EXP	text_2: text = 150
196.69617000001017	EXP	text_2: text = 167
196.7127900000196	EXP	text_2: text = 184
196.73001499997918	EXP	text_2: text = 200
196.74593500001356	EXP	text_2: text = 217
196.76291000004858	EXP	text_2: text = 233
196.77912500000093	EXP	text_2: text = 250
196.79948000004515	EXP	text_2: text = 266
196.8184599999804	DATA	Keydown:  
196.83311500004493	EXP	text_2: text = 300
196.83311500004493	EXP	text_2: autoDraw = false
196.83311500004493	EXP	Feedback: text = 282
196.83311500004493	EXP	Feedback: autoDraw = true
197.86615999997593	EXP	Feedback: autoDraw = false
197.86615999997593	EXP	Feedback: autoDraw = false
197.86615999997593	EXP	text_3: autoDraw = true
205.44818499998655	EXP	text_3: autoDraw = false
205.44818499998655	EXP	text_3: autoDraw = false
205.44818499998655	EXP	text_2: autoDraw = true
205.44818499998655	EXP	text_2: text = 0
205.4602850000374	EXP	text_2: text = 17
205.48067499999888	EXP	text_2: text = 34
205.49344500002917	EXP	text_2: text = 50
205.51192499999888	EXP	text_2: text = 66
205.53823499998543	EXP	text_2: text = 94
205.56180500006303	EXP	text_2: text = 116
205.57820500002708	EXP	text_2: text = 133
205.59640000003856	EXP	text_2: text = 150
205.6108350000577	EXP	text_2: text = 167
205.6294850000413	EXP	text_2: text = 183
205.64683500002138	EXP	text_2: text = 202
205.66380500001833	EXP	text_2: text = 217
205.67801000003237	EXP	text_2: text = 233
205.6951050000498	EXP	text_2: text = 250
205.7062450000085	DATA	Keydown:  
205.71983499999624	EXP	text_2: text = 269
205.71983499999624	EXP	text_2: autoDraw = false
205.71983499999624	EXP	Feedback: text = 258
205.71983499999624	EXP	Feedback: autoDraw = true
206.71599499997683	EXP	Feedback: autoDraw = false
206.71599499997683	EXP	Feedback: autoDraw = false
206.71599499997683	EXP	text_3: autoDraw = true
215.26185500004794	EXP	text_3: autoDraw = false
215.26185500004794	EXP	text_3: autoDraw = false
215.26185500004794	EXP	text_2: autoDraw = true
215.26185500004794	EXP	text_2: text = 0
215.27489500003867	EXP	text_2: text = 16
215.29193499998655	EXP	text_2: text = 33
215.30853999999817	EXP	text_2: text = 50
215.3265900000697	EXP	text_2: text = 66
215.3415400000522	EXP	text_2: text = 83
215.35929000005126	EXP	text_2: text = 100
215.3758450000314	EXP	text_2: text = 116
215.3935150000034	EXP	text_2: text = 133
215.4091550000012	EXP	text_2: text = 150
215.42725499998778	EXP	text_2: text = 166
215.44254499999806	EXP	text_2: text = 183
215.46061499998905	EXP	text_2: text = 200
215.47730999998748	EXP	text_2: text = 217
215.4931949999882	EXP	text_2: text = 233
215.51006000000052	EXP	text_2: text = 250
215.52804999996442	EXP	text_2: text = 266
215.53278999996837	DATA	Keydown:  
215.54939000005834	EXP	text_2: text = 284
215.54939000005834	EXP	text_2: autoDraw = false
215.54939000005834	EXP	Feedback: text = 271
215.54939000005834	EXP	Feedback: autoDraw = true
216.55974000005517	EXP	Feedback: autoDraw = false
216.55974000005517	EXP	Feedback: autoDraw = false
216.55974000005517	EXP	text_3: autoDraw = true
226.31858000007924	EXP	text_3: autoDraw = false
226.31858000007924	EXP	text_3: autoDraw = false
226.31858000007924	EXP	text_2: autoDraw = true
226.31858000007924	EXP	text_2: text = 0
226.34233000001404	EXP	text_2: text = 50
226.35860500007402	EXP	text_2: text = 66
226.3747699999949	EXP	text_2: text = 83
226.39231999998447	EXP	text_2: text = 100
226.40923500002827	EXP	text_2: text = 116
226.42652500001714	EXP	text_2: text = 133
226.44268500001635	EXP	text_2: text = 150
226.45964500005357	EXP	text_2: text = 166
226.47653500002343	EXP	text_2: text = 183
226.49283000000287	EXP	text_2: text = 200
226.50892000005115	EXP	text_2: text = 216
226.52666500001214	EXP	text_2: text = 233
226.543880000012	EXP	text_2: text = 251
226.57853499997873	EXP	text_2: text = 267
226.5844999999972	DATA	Keydown:  
226.59704500006046	EXP	text_2: text = 300
226.59704500006046	EXP	text_2: autoDraw = false
226.59704500006046	EXP	Feedback: text = 266
226.59704500006046	EXP	Feedback: autoDraw = true
227.59466499998234	EXP	Feedback: autoDraw = false
227.59466499998234	EXP	Feedback: autoDraw = false
227.59466499998234	EXP	text_3: autoDraw = true
237.07319000002462	EXP	text_3: autoDraw = false
237.07319000002462	EXP	text_3: autoDraw = false
237.07319000002462	EXP	text_2: autoDraw = true
237.07319000002462	EXP	text_2: text = 0
237.09030000003986	EXP	text_2: text = 33
237.10817500005942	EXP	text_2: text = 49
237.12392000004184	EXP	text_2: text = 66
237.14037000003736	EXP	text_2: text = 83
237.17388500005472	EXP	text_2: text = 116
237.19185499998275	EXP	text_2: text = 133
237.20840500004124	EXP	text_2: text = 149
237.22468500002287	EXP	text_2: text = 166
237.2412100000074	EXP	text_2: text = 183
237.25742500007618	EXP	text_2: text = 199
237.27511499996763	EXP	text_2: text = 216
237.29179499996826	EXP	text_2: text = 233
237.30846500000916	EXP	text_2: text = 249
237.3127600000007	DATA	Keydown:  
237.3279099999927	EXP	text_2: text = 266
237.3279099999927	EXP	text_2: autoDraw = false
237.3279099999927	EXP	Feedback: text = 240
237.3279099999927	EXP	Feedback: autoDraw = true
238.40366499999072	EXP	Feedback: autoDraw = false
238.40366499999072	EXP	Feedback: autoDraw = false
238.40366499999072	EXP	text_3: autoDraw = true
242.910120000015	EXP	text_3: autoDraw = false
242.910120000015	EXP	text_3: autoDraw = false
242.910120000015	EXP	text_2: autoDraw = true
242.910120000015	EXP	text_2: text = 0
242.9226900000358	EXP	text_2: text = 16
242.93939499999397	EXP	text_2: text = 33
242.9562450000085	EXP	text_2: text = 50
242.9737750000786	EXP	text_2: text = 66
242.9898299999768	EXP	text_2: text = 83
243.0070700000506	EXP	text_2: text = 100
243.02373999997508	EXP	text_2: text = 116
243.0409450000152	EXP	text_2: text = 133
243.05709000001661	EXP	text_2: text = 150
243.07451000006404	EXP	text_2: text = 166
243.09030500007793	EXP	text_2: text = 183
243.10683499998413	EXP	text_2: text = 200
243.12352000002284	EXP	text_2: text = 216
243.14189500000793	EXP	text_2: text = 233
243.15610500006005	EXP	text_2: text = 250
243.17463500006124	EXP	text_2: text = 267
243.1897749999771	EXP	text_2: text = 283
243.20056999998633	DATA	Keydown:  
243.21302500006277	EXP	text_2: text = 301
243.21302500006277	EXP	text_2: autoDraw = false
243.21302500006277	EXP	Feedback: text = 291
243.21302500006277	EXP	Feedback: autoDraw = true
244.2101000000257	EXP	Feedback: autoDraw = false
244.2101000000257	EXP	Feedback: autoDraw = false
244.2101000000257	EXP	text_3: autoDraw = true
253.26130500005092	EXP	text_3: autoDraw = false
253.26130500005092	EXP	text_3: autoDraw = false
253.26130500005092	EXP	text_2: autoDraw = true
253.26130500005092	EXP	text_2: text = 0
253.27306999999564	EXP	text_2: text = 16
253.3013450000435	EXP	text_2: text = 44
253.3228700000327	EXP	text_2: text = 66
253.33935500006191	EXP	text_2: text = 84
253.3562549999915	EXP	text_2: text = 100
253.37421999999788	EXP	text_2: text = 116
253.38923500000965	EXP	text_2: text = 133
253.41366500000004	EXP	text_2: text = 157
253.4401599999983	EXP	text_2: text = 183
253.45714499999303	EXP	text_2: text = 200
253.47374499996658	EXP	text_2: text = 216
253.49260500003584	EXP	text_2: text = 233
253.5073900000425	EXP	text_2: text = 250
253.55465499998536	EXP	text_2: text = 296
253.57342999998946	EXP	text_2: text = 316
253.59034500003327	EXP	text_2: text = 333
253.5950700000394	DATA	Keydown:  
253.61155999999028	EXP	text_2: text = 350
253.61155999999028	EXP	text_2: autoDraw = false
253.61155999999028	EXP	Feedback: text = 334
253.61155999999028	EXP	Feedback: autoDraw = true
254.60658500005957	EXP	Feedback: autoDraw = false
254.60658500005957	EXP	Feedback: autoDraw = false
254.60658500005957	EXP	text_3: autoDraw = true
264.55906500003766	EXP	text_3: autoDraw = false
264.55906500003766	EXP	text_3: autoDraw = false
264.55906500003766	EXP	text_2: autoDraw = true
264.55906500003766	EXP	text_2: text = 0
264.571409999975	EXP	text_2: text = 16
264.5880550000584	EXP	text_2: text = 33
264.60430000000633	EXP	text_2: text = 50
264.6218850000296	EXP	text_2: text = 66
264.6386100000236	EXP	text_2: text = 83
264.65509000001475	EXP	text_2: text = 100
264.6726400000043	EXP	text_2: text = 116
264.68987500004005	EXP	text_2: text = 133
264.7063349999953	EXP	text_2: text = 150
264.72302999999374	EXP	text_2: text = 167
264.7406549999723	EXP	text_2: text = 183
264.756939999992	EXP	text_2: text = 200
264.7737399999751	EXP	text_2: text = 217
264.78969000000507	EXP	text_2: text = 234
264.79766500007827	DATA	Keydown:  
264.8099200000288	EXP	text_2: text = 250
264.8099200000288	EXP	text_2: autoDraw = false
264.8099200000288	EXP	Feedback: text = 239
264.8099200000288	EXP	Feedback: autoDraw = true
265.8075800000224	EXP	Feedback: autoDraw = false
265.8075800000224	EXP	Feedback: autoDraw = false
265.8075800000224	EXP	text_3: autoDraw = true
269.56350499996915	EXP	text_3: autoDraw = false
269.56350499996915	EXP	text_3: autoDraw = false
269.56350499996915	EXP	text_2: autoDraw = true
269.56350499996915	EXP	text_2: text = 0
269.5879150000401	EXP	text_2: text = 34
269.60455499996897	EXP	text_2: text = 50
269.62014000001363	EXP	text_2: text = 66
269.63898499996867	EXP	text_2: text = 83
269.655374999973	EXP	text_2: text = 100
269.67255999997724	EXP	text_2: text = 117
269.68897000001743	EXP	text_2: text = 133
269.7078900000779	EXP	text_2: text = 150
269.7230050000362	EXP	text_2: text = 166
269.74007000005804	EXP	text_2: text = 183
269.75673500006087	EXP	text_2: text = 200
269.77368500002194	EXP	text_2: text = 217
269.78955500002485	EXP	text_2: text = 234
269.8075050000334	EXP	text_2: text = 250
269.82555000006687	EXP	text_2: text = 269
269.83938000001945	EXP	text_2: text = 284
269.857030000072	EXP	text_2: text = 301
269.8898599999957	EXP	text_2: text = 333
269.90494000003673	EXP	text_2: text = 350
269.9223700000439	EXP	text_2: text = 367
269.9381450000219	EXP	text_2: text = 383
269.955495000002	EXP	text_2: text = 400
269.97197000007145	EXP	text_2: text = 417
269.97784000006504	DATA	Keydown:  
269.9936999999918	EXP	text_2: text = 433
269.9936999999918	EXP	text_2: autoDraw = false
269.9936999999918	EXP	Feedback: text = 415
269.9936999999918	EXP	Feedback: autoDraw = true
270.9901349999709	EXP	Feedback: autoDraw = false
270.9901349999709	EXP	Feedback: autoDraw = false
270.9901349999709	EXP	text_3: autoDraw = true
279.5633099999977	EXP	text_3: autoDraw = false
279.5633099999977	EXP	text_3: autoDraw = false
279.5633099999977	EXP	text_2: autoDraw = true
279.5633099999977	EXP	text_2: text = 0
279.58709000004455	EXP	text_2: text = 33
279.60391499998514	EXP	text_2: text = 50
279.6279700000305	EXP	text_2: text = 66
279.65384499996435	EXP	text_2: text = 100
279.6715850000037	EXP	text_2: text = 116
279.687900000019	EXP	text_2: text = 133
279.70604000007734	EXP	text_2: text = 151
279.7215149999829	EXP	text_2: text = 167
279.7385350000113	EXP	text_2: text = 184
279.756464999984	EXP	text_2: text = 202
279.7734150000615	EXP	text_2: text = 217
279.79708499996923	EXP	text_2: text = 242
279.8226450000657	EXP	text_2: text = 266
279.84804499999154	EXP	text_2: text = 292
279.857004999998	DATA	Keydown:  
279.87624000001233	EXP	text_2: text = 317
279.87624000001233	EXP	text_2: autoDraw = false
279.87624000001233	EXP	Feedback: text = 294
279.87624000001233	EXP	Feedback: autoDraw = true
280.87132000003476	EXP	Feedback: autoDraw = false
280.87132000003476	EXP	Feedback: autoDraw = false
280.87132000003476	EXP	text_3: autoDraw = true
283.82762500003446	EXP	text_3: autoDraw = false
283.82762500003446	EXP	text_3: autoDraw = false
283.82762500003446	EXP	text_2: autoDraw = true
283.82762500003446	EXP	text_2: text = 0
283.85235000005923	EXP	text_2: text = 116
283.87183000007644	EXP	text_2: text = 133
283.88771500007715	EXP	text_2: text = 149
283.90300000004936	EXP	text_2: text = 166
283.9207200000528	EXP	text_2: text = 183
283.93781500007026	EXP	text_2: text = 200
283.9557250000071	EXP	text_2: text = 216
283.971344999969	EXP	text_2: text = 233
283.98813000007067	EXP	text_2: text = 249
284.00463500001933	EXP	text_2: text = 266
284.0220800000243	EXP	text_2: text = 283
284.03992000001017	EXP	text_2: text = 300
284.0542850000784	EXP	text_2: text = 317
284.0716150000226	EXP	text_2: text = 333
284.12157000007574	EXP	text_2: text = 350
284.12793000007514	DATA	Keydown:  
284.144820000045	EXP	text_2: text = 400
284.144820000045	EXP	text_2: autoDraw = false
284.144820000045	EXP	Feedback: text = 301
284.144820000045	EXP	Feedback: autoDraw = true
285.13695000007283	EXP	Feedback: autoDraw = false
285.13695000007283	EXP	Feedback: autoDraw = false
285.13695000007283	EXP	text_3: autoDraw = true
287.70629500004	EXP	text_3: autoDraw = false
287.70629500004	EXP	text_3: autoDraw = false
287.70629500004	EXP	text_2: autoDraw = true
287.70629500004	EXP	text_2: text = 0
287.7185199999949	EXP	text_2: text = 16
287.73586999997497	EXP	text_2: text = 33
287.7530900000129	EXP	text_2: text = 50
287.76847500004806	EXP	text_2: text = 66
287.7879299999913	EXP	text_2: text = 83
287.80521000002045	EXP	text_2: text = 102
287.8222550000064	EXP	text_2: text = 117
287.8805299999658	EXP	text_2: text = 134
287.9251299999887	EXP	text_2: text = 200
287.93835499999113	EXP	text_2: text = 233
287.95525500003714	EXP	text_2: text = 250
287.9718649999704	EXP	text_2: text = 267
287.98957500001416	EXP	text_2: text = 284
288.03110500006005	DATA	Keydown:  
288.10648000007495	EXP	text_2: text = 338
288.10648000007495	EXP	text_2: autoDraw = false
288.10648000007495	EXP	Feedback: text = 325
288.10648000007495	EXP	Feedback: autoDraw = true
289.08697000006214	EXP	Feedback: autoDraw = false
289.08697000006214	EXP	Feedback: autoDraw = false
289.08697000006214	EXP	text_3: autoDraw = true
295.9266700000735	DATA	Keydown:  
297.6576650000643	EXP	text_3: autoDraw = false
297.6576650000643	EXP	text_3: autoDraw = false
297.6576650000643	EXP	text_2: autoDraw = true
297.6576650000643	EXP	text_2: text = 0
297.7230100000743	EXP	text_2: text = 67
297.7355900000548	EXP	text_2: text = 83
297.75380499998573	EXP	text_2: text = 100
297.7877749999752	EXP	text_2: text = 133
297.80488499999046	EXP	text_2: text = 149
297.82080500002485	EXP	text_2: text = 166
297.9428199999966	EXP	text_2: text = 233
297.94844499998726	DATA	Keydown:  
297.97997500002384	EXP	text_2: text = 316
297.97997500002384	EXP	text_2: autoDraw = false
297.97997500002384	EXP	Feedback: text = 291
297.97997500002384	EXP	Feedback: autoDraw = true
298.9691299999831	EXP	Feedback: autoDraw = false
298.9691299999831	EXP	Feedback: autoDraw = false
298.9691299999831	EXP	text_3: autoDraw = true
306.65541000000667	EXP	text_3: autoDraw = false
306.65541000000667	EXP	text_3: autoDraw = false
306.65541000000667	EXP	text_2: autoDraw = true
306.65541000000667	EXP	text_2: text = 0
306.6871800000081	EXP	text_2: text = 34
306.7009000000544	EXP	text_2: text = 50
306.7177549999906	EXP	text_2: text = 66
306.7355250000255	EXP	text_2: text = 83
306.7511200000299	EXP	text_2: text = 100
306.7698500000406	EXP	text_2: text = 116
306.7859800000442	EXP	text_2: text = 134
306.803515000036	EXP	text_2: text = 150
306.8191050000023	EXP	text_2: text = 167
306.83635500003584	EXP	text_2: text = 183
306.85245500004385	EXP	text_2: text = 200
306.8732450000243	EXP	text_2: text = 217
306.8865699999733	EXP	text_2: text = 235
306.90192500001285	EXP	text_2: text = 250
306.9192650000332	EXP	text_2: text = 267
306.92693499999586	DATA	Keydown:  
306.93887499999255	EXP	text_2: text = 284
306.93887499999255	EXP	text_2: autoDraw = false
306.93887499999255	EXP	Feedback: text = 272
306.93887499999255	EXP	Feedback: autoDraw = true
307.935855000047	EXP	Feedback: autoDraw = false
307.935855000047	EXP	Feedback: autoDraw = false
307.935855000047	EXP	text_3: autoDraw = true
311.53804999997374	EXP	text_3: autoDraw = false
311.53804999997374	EXP	text_3: autoDraw = false
311.53804999997374	EXP	text_2: autoDraw = true
311.53804999997374	EXP	text_2: text = 0
311.55163000000175	EXP	text_2: text = 16
311.5680649999995	EXP	text_2: text = 33
311.6012200000696	EXP	text_2: text = 66
311.618935000035	EXP	text_2: text = 83
311.63477999996394	EXP	text_2: text = 100
311.6536700000288	EXP	text_2: text = 116
311.6708150000777	EXP	text_2: text = 134
311.68767500005197	EXP	text_2: text = 152
311.7030149999773	EXP	text_2: text = 167
311.7198550000321	EXP	text_2: text = 183
311.7372299999697	EXP	text_2: text = 200
311.7534549999982	EXP	text_2: text = 216
311.76950499997474	EXP	text_2: text = 233
311.7868000000017	EXP	text_2: text = 250
311.8024800000712	EXP	text_2: text = 266
311.809580000001	DATA	Keydown:  
311.8216399999801	EXP	text_2: text = 283
311.8216399999801	EXP	text_2: autoDraw = false
311.8216399999801	EXP	Feedback: text = 272
311.8216399999801	EXP	Feedback: autoDraw = true
312.81908499996644	EXP	Feedback: autoDraw = false
312.81908499996644	EXP	Feedback: autoDraw = false
312.81908499996644	EXP	text_3: autoDraw = true
315.84050000004936	EXP	text_3: autoDraw = false
315.84050000004936	EXP	text_3: autoDraw = false
315.84050000004936	EXP	text_2: autoDraw = true
315.84050000004936	EXP	text_2: text = 0
315.8677649999736	EXP	text_2: text = 33
315.8843600000255	EXP	text_2: text = 49
315.90155499998946	EXP	text_2: text = 66
315.9178499999689	EXP	text_2: text = 83
315.9357200000668	EXP	text_2: text = 100
315.97634499997366	EXP	text_2: text = 132
316.0410949999932	EXP	text_2: text = 166
316.0690800000448	EXP	text_2: text = 232
316.08506000007037	EXP	text_2: text = 249
316.10134499997366	EXP	text_2: text = 266
316.1184900000226	EXP	text_2: text = 283
316.13575000001583	EXP	text_2: text = 299
316.1419900000328	DATA	Keydown:  
316.1547150000697	EXP	text_2: text = 316
316.1547150000697	EXP	text_2: autoDraw = false
316.1547150000697	EXP	Feedback: text = 302
316.1547150000697	EXP	Feedback: autoDraw = true
317.15130999998655	EXP	Feedback: autoDraw = false
317.15130999998655	EXP	Feedback: autoDraw = false
317.15130999998655	EXP	text_3: autoDraw = true
319.60915000003297	EXP	text_3: autoDraw = false
319.60915000003297	EXP	text_3: autoDraw = false
319.60915000003297	EXP	text_2: autoDraw = true
319.60915000003297	EXP	text_2: text = 0
319.6357400000561	EXP	text_2: text = 33
319.652854999993	EXP	text_2: text = 49
319.6732000000775	EXP	text_2: text = 68
319.6845200000098	EXP	text_2: text = 83
319.7014500000514	EXP	text_2: text = 100
319.718349999981	EXP	text_2: text = 116
319.7360200000694	EXP	text_2: text = 133
319.7525799999712	EXP	text_2: text = 150
319.76850500004366	EXP	text_2: text = 166
319.7845250000246	EXP	text_2: text = 183
319.8022500000661	EXP	text_2: text = 200
319.81770000001416	EXP	text_2: text = 216
319.83597999997437	EXP	text_2: text = 233
319.852184999967	EXP	text_2: text = 250
319.86956999998074	EXP	text_2: text = 266
319.8845900000306	EXP	text_2: text = 283
319.8904549999861	DATA	Keydown:  
319.9262700000545	EXP	text_2: text = 300
319.9262700000545	EXP	text_2: autoDraw = false
319.9262700000545	EXP	Feedback: text = 282
319.9262700000545	EXP	Feedback: autoDraw = true
320.90174000000115	EXP	Feedback: autoDraw = false
320.90174000000115	EXP	Feedback: autoDraw = false
320.90174000000115	EXP	text_3: autoDraw = true
327.23724000004586	EXP	text_3: autoDraw = false
327.23724000004586	EXP	text_3: autoDraw = false
327.23724000004586	EXP	text_2: autoDraw = true
327.23724000004586	EXP	text_2: text = 0
327.24968500004616	EXP	text_2: text = 17
327.26635499997064	EXP	text_2: text = 33
327.2839999999851	EXP	text_2: text = 50
327.29979000007734	EXP	text_2: text = 67
327.31685499998275	EXP	text_2: text = 83
327.3328100000508	EXP	text_2: text = 100
327.3504599999869	EXP	text_2: text = 116
327.36657499999274	EXP	text_2: text = 133
327.3915050000651	EXP	text_2: text = 150
327.4170500000473	EXP	text_2: text = 183
327.43455999996513	EXP	text_2: text = 200
327.4503600000171	EXP	text_2: text = 216
327.4677650000667	EXP	text_2: text = 233
327.483424999984	EXP	text_2: text = 250
327.50097499997355	EXP	text_2: text = 266
327.51734999998007	EXP	text_2: text = 283
327.53431500005536	EXP	text_2: text = 300
327.5503950000275	EXP	text_2: text = 316
327.55662499996834	DATA	Keydown:  
327.5714399999706	EXP	text_2: text = 333
327.5714399999706	EXP	text_2: autoDraw = false
327.5714399999706	EXP	Feedback: text = 320
327.5714399999706	EXP	Feedback: autoDraw = true
328.5679849999724	EXP	Feedback: autoDraw = false
328.5679849999724	EXP	Feedback: autoDraw = false
328.5679849999724	EXP	text_3: autoDraw = true
338.60628000006545	EXP	text_3: autoDraw = false
338.60628000006545	EXP	text_3: autoDraw = false
338.60628000006545	EXP	text_2: autoDraw = true
338.60628000006545	EXP	text_2: text = 0
338.63341500004753	EXP	text_2: text = 100
338.6497499999823	EXP	text_2: text = 117
338.6907300000312	EXP	text_2: text = 151
338.7207150000613	EXP	text_2: text = 183
338.73438500007614	EXP	text_2: text = 200
338.7489899999928	EXP	text_2: text = 217
338.76712500001304	EXP	text_2: text = 233
338.7831700000679	EXP	text_2: text = 250
338.8007200000575	EXP	text_2: text = 267
338.8173400000669	EXP	text_2: text = 284
338.834840000025	EXP	text_2: text = 301
338.85117999999784	EXP	text_2: text = 317
338.8676400000695	EXP	text_2: text = 333
338.8832950000651	EXP	text_2: text = 350
338.90069500007667	EXP	text_2: text = 367
338.90665500005707	DATA	Keydown:  
338.92138000007253	EXP	text_2: text = 384
338.92138000007253	EXP	text_2: autoDraw = false
338.92138000007253	EXP	Feedback: text = 301
338.92138000007253	EXP	Feedback: autoDraw = true
339.99922500003595	EXP	Feedback: autoDraw = false
339.99922500003595	EXP	Feedback: autoDraw = false
339.99922500003595	EXP	End_text: autoDraw = true
357.00187000003643	DATA	Keydown:  
