0.08374499995261431	EXP	Created Window = Window( name=Window, fullscr=true, color=#000000, units=height, waitBlanking=true, autoLog=true, size=[1248,699] )
2.211834999965504	DATA	Keydown: Shift
3.3105999999679625	DATA	Keydown: M
3.6419349999632686	DATA	Keydown: C
5.362904999987222	DATA	Keydown: undefined
5.369099999952596	DATA	Keydown: Tab
10.863695000007283	EXP	Created text = TextStim( name=text, win=Window( name=Window, fullscr=true, color=#000000, ~), autoDraw=null, autoLog=true, units=height, ori=null, opacity=1, pos=[0,0], size=undefined, text=INSTRUCTIONS [EN]


A counter will appear and star~, font=Arial, color=#FFFFFF, contrast=1, height=0.03, bold=null, italic=null, alignHoriz=left, alignVert=center, wrapWidth=1, flipHoriz=null, flipVert=null )
10.867519999970682	EXP	Created text_3 = TextStim( name=text_3, win=Window( name=Window, fullscr=true, color=#000000, ~), autoDraw=null, autoLog=true, units=height, ori=null, opacity=1, pos=[0,0], size=undefined, text=null, font=Arial, color=#FFFFFF, contrast=1, height=0.1, bold=null, italic=null, alignHoriz=left, alignVert=center, wrapWidth=1, flipHoriz=null, flipVert=null )
10.868519999959972	EXP	Created text_2 = TextStim( name=text_2, win=Window( name=Window, fullscr=true, color=#000000, ~), autoDraw=null, autoLog=true, units=height, ori=null, opacity=1, pos=[0,0], size=undefined, text=default text, font=Arial, color=#ff0000, contrast=1, height=0.15, bold=null, italic=null, alignHoriz=left, alignVert=center, wrapWidth=1, flipHoriz=null, flipVert=null )
10.870200000004843	EXP	Created Feedback = TextStim( name=Feedback, win=Window( name=Window, fullscr=true, color=#000000, ~), autoDraw=null, autoLog=true, units=height, ori=null, opacity=1, pos=[0,0], size=undefined, text=default text, font=Arial, color=#ff0000, contrast=1, height=0.15, bold=null, italic=null, alignHoriz=left, alignVert=center, wrapWidth=1, flipHoriz=null, flipVert=null )
10.871034999960102	EXP	Created End_text = TextStim( name=End_text, win=Window( name=Window, fullscr=true, color=#000000, ~), autoDraw=null, autoLog=true, units=height, ori=null, opacity=1, pos=[0,0], size=undefined, text=This study aimed to look at procedural learning, i~, font=Arial, color=#FFFFFF, contrast=1, height=0.025, bold=null, italic=null, alignHoriz=left, alignVert=center, wrapWidth=1, flipHoriz=null, flipVert=null )
10.992849999980535	EXP	text: units = "height"
10.992849999980535	EXP	text: ori = 0
10.992849999980535	EXP	text: opacity = 1
10.992849999980535	EXP	text: pos = [0,0]
10.992849999980535	EXP	text: size = undefined
10.992849999980535	EXP	text: text = "INSTRUCTIONS [EN]\n\n\nA counter will appear and start counting at random times, press SPACE as fast as possible when it appears.\n\n\nPress SPACE to start\n\n-------\n\nInstruções [PT]\n\n\nUm cronómetro vai aparecer e começar a contar aleatoriamente, pressione a tecla SPACE assim que ele aparecer.\n\n\nPressiona SPACE para começar."
10.992849999980535	EXP	text: font = "Arial"
10.992849999980535	EXP	text: color = {"_hex":"#FFFFFF","_rgb":[1,1,1]}
10.992849999980535	EXP	text: contrast = 1
10.992849999980535	EXP	text: height = 0.03
10.992849999980535	EXP	text: bold = false
10.992849999980535	EXP	text: italic = false
10.992849999980535	EXP	text: alignHoriz = "left"
10.992849999980535	EXP	text: alignVert = "center"
10.992849999980535	EXP	text: wrapWidth = 1
10.992849999980535	EXP	text: flipHoriz = false
10.992849999980535	EXP	text: flipVert = false
10.992849999980535	EXP	text_3: units = "height"
10.992849999980535	EXP	text_3: ori = 0
10.992849999980535	EXP	text_3: opacity = 1
10.992849999980535	EXP	text_3: pos = [0,0]
10.992849999980535	EXP	text_3: size = undefined
10.992849999980535	EXP	text_3: text = ""
10.992849999980535	EXP	text_3: font = "Arial"
10.992849999980535	EXP	text_3: color = {"_hex":"#FFFFFF","_rgb":[1,1,1]}
10.992849999980535	EXP	text_3: contrast = 1
10.992849999980535	EXP	text_3: height = 0.1
10.992849999980535	EXP	text_3: bold = false
10.992849999980535	EXP	text_3: italic = false
10.992849999980535	EXP	text_3: alignHoriz = "left"
10.992849999980535	EXP	text_3: alignVert = "center"
10.992849999980535	EXP	text_3: wrapWidth = 1
10.992849999980535	EXP	text_3: flipHoriz = false
10.992849999980535	EXP	text_3: flipVert = false
10.992849999980535	EXP	text_2: units = "height"
10.992849999980535	EXP	text_2: ori = 0
10.992849999980535	EXP	text_2: opacity = 1
10.992849999980535	EXP	text_2: pos = [0,0]
10.992849999980535	EXP	text_2: size = undefined
10.992849999980535	EXP	text_2: text = "default text"
10.992849999980535	EXP	text_2: font = "Arial"
10.992849999980535	EXP	text_2: color = {"_rgb":[1,0,0]}
10.992849999980535	EXP	text_2: contrast = 1
10.992849999980535	EXP	text_2: height = 0.15
10.992849999980535	EXP	text_2: bold = false
10.992849999980535	EXP	text_2: italic = false
10.992849999980535	EXP	text_2: alignHoriz = "left"
10.992849999980535	EXP	text_2: alignVert = "center"
10.992849999980535	EXP	text_2: wrapWidth = 1
10.992849999980535	EXP	text_2: flipHoriz = false
10.992849999980535	EXP	text_2: flipVert = false
10.992849999980535	EXP	Feedback: units = "height"
10.992849999980535	EXP	Feedback: ori = 0
10.992849999980535	EXP	Feedback: opacity = 1
10.992849999980535	EXP	Feedback: pos = [0,0]
10.992849999980535	EXP	Feedback: size = undefined
10.992849999980535	EXP	Feedback: text = "default text"
10.992849999980535	EXP	Feedback: font = "Arial"
10.992849999980535	EXP	Feedback: color = {"_rgb":[1,0,0]}
10.992849999980535	EXP	Feedback: contrast = 1
10.992849999980535	EXP	Feedback: height = 0.15
10.992849999980535	EXP	Feedback: bold = false
10.992849999980535	EXP	Feedback: italic = false
10.992849999980535	EXP	Feedback: alignHoriz = "left"
10.992849999980535	EXP	Feedback: alignVert = "center"
10.992849999980535	EXP	Feedback: wrapWidth = 1
10.992849999980535	EXP	Feedback: flipHoriz = false
10.992849999980535	EXP	Feedback: flipVert = false
10.992849999980535	EXP	End_text: units = "height"
10.992849999980535	EXP	End_text: ori = 0
10.992849999980535	EXP	End_text: opacity = 1
10.992849999980535	EXP	End_text: pos = [0,0]
10.992849999980535	EXP	End_text: size = undefined
10.992849999980535	EXP	End_text: text = "This study aimed to look at procedural learning, i.e. our ability to extract patterns from the input that we are constantly receiving. This skill is thought to be essential for language and literacy acquisition and has been suggested as a possible underlying difficult in children with Language Impairments and Dyslexia. This study aims to improve the measures of procedural learning (the smiley face task) so that we can measure procedural learning more reliably and, in the future, analyse the performance of individuals with learning impairments.\nThank you for participating!\n\n----\n\nEste estudo tem como objectivo analisar a nossa capacidade de extrair padrões da informação que estamos constantemente a receber. Pensa-se que esta competência é essencial para a aquisição da linguagem e literacia e foi sugerido que dificuldades neste tipo de competências poderá estar relacionado com perturbações da linguagem e Dislexia. Este estudo tem como objectivo melhorar a estabilidade das medidas usadas para medir este tipo de memória (a tarefa da cara sorridente) de forma a poder medir de forma mais precisa e, no futuro, analisar a performance de indivíduos com perturbações da aprendizagem. \nMuito obrigada por ter participado!"
10.992849999980535	EXP	End_text: font = "Arial"
10.992849999980535	EXP	End_text: color = {"_hex":"#FFFFFF","_rgb":[1,1,1]}
10.992849999980535	EXP	End_text: contrast = 1
10.992849999980535	EXP	End_text: height = 0.025
10.992849999980535	EXP	End_text: bold = false
10.992849999980535	EXP	End_text: italic = false
10.992849999980535	EXP	End_text: alignHoriz = "left"
10.992849999980535	EXP	End_text: alignVert = "center"
10.992849999980535	EXP	End_text: wrapWidth = 1
10.992849999980535	EXP	End_text: flipHoriz = false
10.992849999980535	EXP	End_text: flipVert = false
10.992849999980535	EXP	text: autoDraw = true
16.037725000001956	DATA	Keydown:  
16.068559999985155	EXP	text: autoDraw = false
16.068559999985155	EXP	text_3: autoDraw = true
18.423444999963976	EXP	text_3: autoDraw = false
18.423444999963976	EXP	text_3: autoDraw = false
18.423444999963976	EXP	text_2: autoDraw = true
18.423444999963976	EXP	text_2: text = 0
18.454619999974966	EXP	text_2: text = 67
18.48998999997275	EXP	text_2: text = 99
18.52414499997394	EXP	text_2: text = 133
18.558574999973644	EXP	text_2: text = 167
18.591919999977108	EXP	text_2: text = 199
18.625064999971073	EXP	text_2: text = 232
18.6583999999566	EXP	text_2: text = 267
18.67094999999972	EXP	text_2: text = 286
18.692234999965876	EXP	text_2: text = 300
18.705834999971557	EXP	text_2: text = 320
18.72248999995645	EXP	text_2: text = 333
18.738394999993034	EXP	text_2: text = 351
18.75482499995269	EXP	text_2: text = 367
18.770644999982323	EXP	text_2: text = 385
18.772784999979194	DATA	Keydown:  
18.791189999959897	EXP	text_2: text = 404
18.791189999959897	EXP	text_2: autoDraw = false
18.791189999959897	EXP	Feedback: text = 349
18.791189999959897	EXP	Feedback: autoDraw = true
19.786009999981616	EXP	Feedback: autoDraw = false
19.786009999981616	EXP	Feedback: autoDraw = false
19.786009999981616	EXP	text_3: autoDraw = true
24.1398099999642	EXP	text_3: autoDraw = false
24.1398099999642	EXP	text_3: autoDraw = false
24.1398099999642	EXP	text_2: autoDraw = true
24.1398099999642	EXP	text_2: text = 0
24.155779999971855	EXP	text_2: text = 18
24.17277499998454	EXP	text_2: text = 34
24.18907500000205	EXP	text_2: text = 51
24.204484999994747	EXP	text_2: text = 67
24.22113999997964	EXP	text_2: text = 83
24.237854999955744	EXP	text_2: text = 100
24.254669999994803	EXP	text_2: text = 116
24.270874999987427	EXP	text_2: text = 134
24.287309999985155	EXP	text_2: text = 150
24.303269999974873	EXP	text_2: text = 166
24.3194899999653	EXP	text_2: text = 183
24.33635499997763	EXP	text_2: text = 200
24.352974999987055	EXP	text_2: text = 216
24.36960999999428	EXP	text_2: text = 233
24.38625999999931	EXP	text_2: text = 249
24.403055000002496	EXP	text_2: text = 266
24.40580000000773	DATA	Keydown:  
24.419189999985974	EXP	text_2: text = 284
24.419189999985974	EXP	text_2: autoDraw = false
24.419189999985974	EXP	Feedback: text = 266
24.419189999985974	EXP	Feedback: autoDraw = true
25.419099999999162	EXP	Feedback: autoDraw = false
25.419099999999162	EXP	Feedback: autoDraw = false
25.419099999999162	EXP	text_3: autoDraw = true
32.60920000000624	DATA	Keydown:  
34.206469999975525	EXP	text_3: autoDraw = false
34.206469999975525	EXP	text_3: autoDraw = false
34.206469999975525	EXP	text_2: autoDraw = true
34.206469999975525	EXP	text_2: text = 0
34.225534999975935	EXP	text_2: text = 18
34.2419799999916	EXP	text_2: text = 37
34.25624499999685	EXP	text_2: text = 54
34.27308999997331	EXP	text_2: text = 68
34.28888999996707	EXP	text_2: text = 85
34.304509999987204	EXP	text_2: text = 101
34.321865000005346	EXP	text_2: text = 117
34.336774999974295	EXP	text_2: text = 135
34.35343499999726	EXP	text_2: text = 149
34.36980499996571	EXP	text_2: text = 166
34.38625999999931	EXP	text_2: text = 184
34.40310999995563	EXP	text_2: text = 199
34.418764999951236	EXP	text_2: text = 217
34.43564499996137	EXP	text_2: text = 234
34.45318999997107	EXP	text_2: text = 251
34.45460999995703	DATA	Keydown:  
34.46956999995746	EXP	text_2: text = 266
34.46956999995746	EXP	text_2: autoDraw = false
34.46956999995746	EXP	Feedback: text = 248
34.46956999995746	EXP	Feedback: autoDraw = true
35.469229999987874	EXP	Feedback: autoDraw = false
35.469229999987874	EXP	Feedback: autoDraw = false
35.469229999987874	EXP	text_3: autoDraw = true
44.638714999950025	EXP	text_3: autoDraw = false
44.638714999950025	EXP	text_3: autoDraw = false
44.638714999950025	EXP	text_2: autoDraw = true
44.638714999950025	EXP	text_2: text = 0
44.658279999974184	EXP	text_2: text = 15
44.674994999950286	EXP	text_2: text = 35
44.69109999999637	EXP	text_2: text = 51
44.70575999998255	EXP	text_2: text = 67
44.72227999998722	EXP	text_2: text = 82
44.738569999986794	EXP	text_2: text = 102
44.75332499999786	EXP	text_2: text = 115
44.76975499995751	EXP	text_2: text = 132
44.78816499997629	EXP	text_2: text = 151
44.802284999983385	EXP	text_2: text = 164
44.819599999987986	EXP	text_2: text = 181
44.83606000000145	EXP	text_2: text = 198
44.85275499999989	EXP	text_2: text = 214
44.869839999999385	EXP	text_2: text = 230
44.88626999995904	EXP	text_2: text = 247
44.90269499999704	EXP	text_2: text = 267
44.91921999998158	EXP	text_2: text = 280
44.92101999995066	DATA	Keydown:  
44.93546000000788	EXP	text_2: text = 298
44.93546000000788	EXP	text_2: autoDraw = false
44.93546000000788	EXP	Feedback: text = 282
44.93546000000788	EXP	Feedback: autoDraw = true
45.9360400000005	EXP	Feedback: autoDraw = false
45.9360400000005	EXP	Feedback: autoDraw = false
45.9360400000005	EXP	text_3: autoDraw = true
50.025064999994356	EXP	text_3: autoDraw = false
50.025064999994356	EXP	text_3: autoDraw = false
50.025064999994356	EXP	text_2: autoDraw = true
50.025064999994356	EXP	text_2: text = 0
50.04100500000641	EXP	text_2: text = 21
50.05843499995535	EXP	text_2: text = 37
50.07271499995841	EXP	text_2: text = 54
50.089249999960884	EXP	text_2: text = 69
50.10530499997549	EXP	text_2: text = 85
50.12027499999385	EXP	text_2: text = 102
50.137439999962226	EXP	text_2: text = 117
50.15424499998335	EXP	text_2: text = 135
50.170604999992065	EXP	text_2: text = 150
50.18693500000518	EXP	text_2: text = 167
50.20265999995172	EXP	text_2: text = 185
50.219404999981634	EXP	text_2: text = 200
50.23603499995079	EXP	text_2: text = 217
50.25307499995688	EXP	text_2: text = 235
50.26890500000445	EXP	text_2: text = 251
50.28513999999268	EXP	text_2: text = 267
50.30225499998778	EXP	text_2: text = 285
50.30362999998033	DATA	Keydown:  
50.318594999960624	EXP	text_2: text = 300
50.318594999960624	EXP	text_2: autoDraw = false
50.318594999960624	EXP	Feedback: text = 279
50.318594999960624	EXP	Feedback: autoDraw = true
51.318975000001956	EXP	Feedback: autoDraw = false
51.318975000001956	EXP	Feedback: autoDraw = false
51.318975000001956	EXP	text_3: autoDraw = true
54.19147499999963	EXP	text_3: autoDraw = false
54.19147499999963	EXP	text_3: autoDraw = false
54.19147499999963	EXP	text_2: autoDraw = true
54.19147499999963	EXP	text_2: text = 0
54.206810000003316	EXP	text_2: text = 20
54.222334999998566	EXP	text_2: text = 36
54.23907499999041	EXP	text_2: text = 51
54.253834999981336	EXP	text_2: text = 68
54.27084499999182	EXP	text_2: text = 83
54.28713999997126	EXP	text_2: text = 100
54.30429000000004	EXP	text_2: text = 116
54.32089499995345	EXP	text_2: text = 134
54.337459999951534	EXP	text_2: text = 151
54.3543349999818	EXP	text_2: text = 167
54.370339999964926	EXP	text_2: text = 183
54.3859550000052	EXP	text_2: text = 199
54.402854999993	EXP	text_2: text = 216
54.41953499999363	EXP	text_2: text = 233
54.43641500000376	EXP	text_2: text = 250
54.45267500000773	EXP	text_2: text = 269
54.46822499996051	EXP	text_2: text = 284
54.470029999967664	DATA	Keydown:  
54.48489999998128	EXP	text_2: text = 300
54.48489999998128	EXP	text_2: autoDraw = false
54.48489999998128	EXP	Feedback: text = 279
54.48489999998128	EXP	Feedback: autoDraw = true
55.48538500000723	EXP	Feedback: autoDraw = false
55.48538500000723	EXP	Feedback: autoDraw = false
55.48538500000723	EXP	text_3: autoDraw = true
58.522899999981746	DATA	Keydown:  
64.57487499999115	EXP	text_3: autoDraw = false
64.57487499999115	EXP	text_3: autoDraw = false
64.57487499999115	EXP	text_2: autoDraw = true
64.57487499999115	EXP	text_2: text = 0
64.59108499996364	EXP	text_2: text = 20
64.60775500000454	EXP	text_2: text = 36
64.62245999998413	EXP	text_2: text = 53
64.6391799999983	EXP	text_2: text = 68
64.65505499998108	EXP	text_2: text = 84
64.67053999996278	EXP	text_2: text = 100
64.68733499996597	EXP	text_2: text = 117
64.70379499997944	EXP	text_2: text = 133
64.72090999997454	EXP	text_2: text = 149
64.73719999997411	EXP	text_2: text = 167
64.75367499998538	EXP	text_2: text = 182
64.77065500000026	EXP	text_2: text = 200
64.78712499997346	EXP	text_2: text = 216
64.80371000000741	EXP	text_2: text = 234
64.82107499998529	EXP	text_2: text = 249
64.83743999997387	EXP	text_2: text = 266
64.83983499999158	DATA	Keydown:  
64.85371499997564	EXP	text_2: text = 283
64.85371499997564	EXP	text_2: autoDraw = false
64.85371499997564	EXP	Feedback: text = 265
64.85371499997564	EXP	Feedback: autoDraw = true
65.8519999999553	EXP	Feedback: autoDraw = false
65.8519999999553	EXP	Feedback: autoDraw = false
65.8519999999553	EXP	text_3: autoDraw = true
69.53831499995431	EXP	text_3: autoDraw = false
69.53831499995431	EXP	text_3: autoDraw = false
69.53831499995431	EXP	text_2: autoDraw = true
69.53831499995431	EXP	text_2: text = 0
69.55790499999421	EXP	text_2: text = 16
69.57424499996705	EXP	text_2: text = 35
69.59075999999186	EXP	text_2: text = 51
69.60532999999123	EXP	text_2: text = 68
69.62198499997612	EXP	text_2: text = 83
69.63780500000576	EXP	text_2: text = 99
69.65400999999838	EXP	text_2: text = 116
69.67009499995038	EXP	text_2: text = 132
69.68625999998767	EXP	text_2: text = 148
69.7027099999832	EXP	text_2: text = 166
69.71827999997186	EXP	text_2: text = 182
69.75189999997383	EXP	text_2: text = 211
69.76382499997271	EXP	text_2: text = 229
69.77629999996861	EXP	text_2: text = 241
69.78755999996793	EXP	text_2: text = 253
69.80233999999473	EXP	text_2: text = 266
69.81923999998253	EXP	text_2: text = 282
69.83597999997437	EXP	text_2: text = 297
69.85281999997096	EXP	text_2: text = 315
69.86911999998847	EXP	text_2: text = 332
69.88650500000222	EXP	text_2: text = 347
69.88805499998853	DATA	Keydown:  
69.90200999996159	EXP	text_2: text = 365
69.90200999996159	EXP	text_2: autoDraw = false
69.90200999996159	EXP	Feedback: text = 350
69.90200999996159	EXP	Feedback: autoDraw = true
70.90322499995818	EXP	Feedback: autoDraw = false
70.90322499995818	EXP	Feedback: autoDraw = false
70.90322499995818	EXP	text_3: autoDraw = true
80.62177500000689	EXP	text_3: autoDraw = false
80.62177500000689	EXP	text_3: autoDraw = false
80.62177500000689	EXP	text_2: autoDraw = true
80.62177500000689	EXP	text_2: text = 0
80.64052999997512	EXP	text_2: text = 15
80.65488499996718	EXP	text_2: text = 34
80.67187999997986	EXP	text_2: text = 49
80.68711999995867	EXP	text_2: text = 66
80.70364999998128	EXP	text_2: text = 81
80.72044499998447	EXP	text_2: text = 99
80.73560999997426	EXP	text_2: text = 115
80.75229999999283	EXP	text_2: text = 131
80.769020000007	EXP	text_2: text = 147
80.78575999999885	EXP	text_2: text = 164
80.80234999995446	EXP	text_2: text = 180
80.81870000000345	EXP	text_2: text = 197
80.83575500000734	EXP	text_2: text = 213
80.85238999995636	EXP	text_2: text = 230
80.86889499996323	EXP	text_2: text = 248
80.88555999996606	EXP	text_2: text = 264
80.90270499995677	EXP	text_2: text = 280
80.9054199999664	DATA	Keydown:  
80.91842000000179	EXP	text_2: text = 298
80.91842000000179	EXP	text_2: autoDraw = false
80.91842000000179	EXP	Feedback: text = 284
80.91842000000179	EXP	Feedback: autoDraw = true
81.91855999996187	EXP	Feedback: autoDraw = false
81.91855999996187	EXP	Feedback: autoDraw = false
81.91855999996187	EXP	text_3: autoDraw = true
86.73548999999184	EXP	text_3: autoDraw = false
86.73548999999184	EXP	text_3: autoDraw = false
86.73548999999184	EXP	text_2: autoDraw = true
86.73548999999184	EXP	text_2: text = 0
86.75208999996539	EXP	text_2: text = 18
86.76886499999091	EXP	text_2: text = 35
86.78544999996666	EXP	text_2: text = 51
86.80209499999182	EXP	text_2: text = 67
86.81874499999685	EXP	text_2: text = 84
86.83544499997515	EXP	text_2: text = 100
86.85269499995047	EXP	text_2: text = 117
86.86886499996763	EXP	text_2: text = 134
86.8858149999869	EXP	text_2: text = 151
86.90254999999888	EXP	text_2: text = 167
86.9189400000032	EXP	text_2: text = 184
86.93549000000348	EXP	text_2: text = 202
86.95211499999277	EXP	text_2: text = 218
86.96898999996483	EXP	text_2: text = 233
86.98558499995852	EXP	text_2: text = 251
87.00218999997014	EXP	text_2: text = 268
87.01888499996858	EXP	text_2: text = 285
87.02193499996793	DATA	Keydown:  
87.0361499999999	EXP	text_2: text = 303
87.0361499999999	EXP	text_2: autoDraw = false
87.0361499999999	EXP	Feedback: text = 287
87.0361499999999	EXP	Feedback: autoDraw = true
88.03491499996744	EXP	Feedback: autoDraw = false
88.03491499996744	EXP	Feedback: autoDraw = false
88.03491499996744	EXP	text_3: autoDraw = true
95.65490999998292	EXP	text_3: autoDraw = false
95.65490999998292	EXP	text_3: autoDraw = false
95.65490999998292	EXP	text_2: autoDraw = true
95.65490999998292	EXP	text_2: text = 0
95.67266499996185	EXP	text_2: text = 17
95.68836499995086	EXP	text_2: text = 34
95.70489499997348	EXP	text_2: text = 50
95.71998999995412	EXP	text_2: text = 66
95.73671999998624	EXP	text_2: text = 81
95.75358499999857	EXP	text_2: text = 98
95.77065999998013	EXP	text_2: text = 116
95.78630499995779	EXP	text_2: text = 132
95.80211499996949	EXP	text_2: text = 148
95.81850499997381	EXP	text_2: text = 164
95.83547499997076	EXP	text_2: text = 181
95.85214999999152	EXP	text_2: text = 197
95.86877499998081	EXP	text_2: text = 214
95.88571000000229	EXP	text_2: text = 234
95.90137499995762	EXP	text_2: text = 249
95.9181099999696	EXP	text_2: text = 265
95.93489499995485	EXP	text_2: text = 281
95.9516200000071	EXP	text_2: text = 298
95.96902999997837	EXP	text_2: text = 314
95.98568499996327	EXP	text_2: text = 331
95.98793999996269	DATA	Keydown:  
96.00179499998922	EXP	text_2: text = 348
96.00179499998922	EXP	text_2: autoDraw = false
96.00179499998922	EXP	Feedback: text = 333
96.00179499998922	EXP	Feedback: autoDraw = true
97.00147999997716	EXP	Feedback: autoDraw = false
97.00147999997716	EXP	Feedback: autoDraw = false
97.00147999997716	EXP	text_3: autoDraw = true
105.35499999998137	EXP	text_3: autoDraw = false
105.35499999998137	EXP	text_3: autoDraw = false
105.35499999998137	EXP	text_2: autoDraw = true
105.35499999998137	EXP	text_2: text = 0
105.37421999999788	EXP	text_2: text = 16
105.39055999997072	EXP	text_2: text = 35
105.40469999995548	EXP	text_2: text = 51
105.42168499995023	EXP	text_2: text = 66
105.43727499997476	EXP	text_2: text = 83
105.45295999996597	EXP	text_2: text = 98
105.46971499995561	EXP	text_2: text = 115
105.48693499999354	EXP	text_2: text = 131
105.50333999999566	EXP	text_2: text = 152
105.51882999995723	EXP	text_2: text = 166
105.53466499998467	EXP	text_2: text = 182
105.55165499995928	EXP	text_2: text = 199
105.56821999995736	EXP	text_2: text = 214
105.58558999997331	EXP	text_2: text = 232
105.6019849999575	EXP	text_2: text = 247
105.61854999995558	EXP	text_2: text = 264
105.63552999997046	EXP	text_2: text = 280
105.65214999997988	EXP	text_2: text = 297
105.66879500000505	EXP	text_2: text = 317
105.68472999997903	EXP	text_2: text = 333
105.70152499998221	EXP	text_2: text = 348
105.70286999997916	DATA	Keydown:  
105.71943499997724	EXP	text_2: text = 367
105.71943499997724	EXP	text_2: autoDraw = false
105.71943499997724	EXP	Feedback: text = 348
105.71943499997724	EXP	Feedback: autoDraw = true
106.71798499999568	EXP	Feedback: autoDraw = false
106.71798499999568	EXP	Feedback: autoDraw = false
106.71798499999568	EXP	text_3: autoDraw = true
111.25453499995638	EXP	text_3: autoDraw = false
111.25453499995638	EXP	text_3: autoDraw = false
111.25453499995638	EXP	text_2: autoDraw = true
111.25453499995638	EXP	text_2: text = 0
111.2734749999945	EXP	text_2: text = 16
111.28818499995396	EXP	text_2: text = 34
111.3046949999989	EXP	text_2: text = 49
111.32036499999231	EXP	text_2: text = 66
111.3370199999772	EXP	text_2: text = 81
111.3528299999889	EXP	text_2: text = 99
111.36876499996288	EXP	text_2: text = 114
111.38532000000123	EXP	text_2: text = 131
111.40185999998357	EXP	text_2: text = 148
111.41844999999739	EXP	text_2: text = 164
111.43494499998633	EXP	text_2: text = 181
111.45185499999207	EXP	text_2: text = 198
111.46848499996122	EXP	text_2: text = 214
111.48540000000503	EXP	text_2: text = 231
111.50244499999098	EXP	text_2: text = 247
111.51838500000304	EXP	text_2: text = 265
111.53522499999963	EXP	text_2: text = 280
111.55207499995595	EXP	text_2: text = 298
111.56807999999728	EXP	text_2: text = 315
111.58455499995034	EXP	text_2: text = 332
111.60173999995459	EXP	text_2: text = 349
111.61815999995451	EXP	text_2: text = 364
111.63604999997187	EXP	text_2: text = 380
111.64120499999262	DATA	Keydown:  
111.65235499996925	EXP	text_2: text = 400
111.65235499996925	EXP	text_2: autoDraw = false
111.65235499996925	EXP	Feedback: text = 387
111.65235499996925	EXP	Feedback: autoDraw = true
112.65152999997372	EXP	Feedback: autoDraw = false
112.65152999997372	EXP	Feedback: autoDraw = false
112.65152999997372	EXP	text_3: autoDraw = true
120.1214499999769	EXP	text_3: autoDraw = false
120.1214499999769	EXP	text_3: autoDraw = false
120.1214499999769	EXP	text_2: autoDraw = true
120.1214499999769	EXP	text_2: text = 0
120.14038499997696	EXP	text_2: text = 16
120.15706999995746	EXP	text_2: text = 35
120.1712899999693	EXP	text_2: text = 51
120.18768999999156	EXP	text_2: text = 66
120.20321000000695	EXP	text_2: text = 83
120.21896999998717	EXP	text_2: text = 98
120.23577999998815	EXP	text_2: text = 116
120.25332999997772	EXP	text_2: text = 134
120.26951999997254	EXP	text_2: text = 147
120.28605499997502	EXP	text_2: text = 164
120.30225999996765	EXP	text_2: text = 181
120.31841000000713	EXP	text_2: text = 197
120.3353299999726	EXP	text_2: text = 214
120.3517850000062	EXP	text_2: text = 232
120.36830499995267	EXP	text_2: text = 249
120.38500999996904	EXP	text_2: text = 264
120.40166999999201	EXP	text_2: text = 280
120.41827500000363	EXP	text_2: text = 297
120.42016499995952	DATA	Keydown:  
120.43485499999952	EXP	text_2: text = 313
120.43485499999952	EXP	text_2: autoDraw = false
120.43485499999952	EXP	Feedback: text = 299
120.43485499999952	EXP	Feedback: autoDraw = true
121.43601999996463	EXP	Feedback: autoDraw = false
121.43601999996463	EXP	Feedback: autoDraw = false
121.43601999996463	EXP	text_3: autoDraw = true
129.7526899999939	EXP	text_3: autoDraw = false
129.7526899999939	EXP	text_3: autoDraw = false
129.7526899999939	EXP	text_2: autoDraw = true
129.7526899999939	EXP	text_2: text = 0
129.7697249999619	EXP	text_2: text = 17
129.78646499995375	EXP	text_2: text = 34
129.80293499998515	EXP	text_2: text = 51
129.8196599999792	EXP	text_2: text = 68
129.8365149999736	EXP	text_2: text = 84
129.85271000000648	EXP	text_2: text = 101
129.86984999995911	EXP	text_2: text = 117
129.88581999996677	EXP	text_2: text = 134
129.90172999998322	EXP	text_2: text = 151
129.91805499995826	EXP	text_2: text = 167
129.93539999995846	EXP	text_2: text = 183
129.95190499996534	EXP	text_2: text = 201
129.96801499999128	EXP	text_2: text = 217
129.9854199999827	EXP	text_2: text = 233
130.00138999999035	EXP	text_2: text = 251
130.0183449999895	EXP	text_2: text = 267
130.03525499999523	EXP	text_2: text = 283
130.05215000000317	EXP	text_2: text = 304
130.06768999999622	EXP	text_2: text = 318
130.08480499999132	EXP	text_2: text = 336
130.08754999999655	DATA	Keydown:  
130.1028899999801	EXP	text_2: text = 354
130.1028899999801	EXP	text_2: autoDraw = false
130.1028899999801	EXP	Feedback: text = 335
130.1028899999801	EXP	Feedback: autoDraw = true
131.1012650000048	EXP	Feedback: autoDraw = false
131.1012650000048	EXP	Feedback: autoDraw = false
131.1012650000048	EXP	text_3: autoDraw = true
136.25188499997603	EXP	text_3: autoDraw = false
136.25188499997603	EXP	text_3: autoDraw = false
136.25188499997603	EXP	text_2: autoDraw = true
136.25188499997603	EXP	text_2: text = 0
136.26809500000672	EXP	text_2: text = 18
136.28469499998027	EXP	text_2: text = 35
136.3015149999992	EXP	text_2: text = 51
136.31814499996835	EXP	text_2: text = 68
136.33454999997048	EXP	text_2: text = 84
136.35179499996593	EXP	text_2: text = 100
136.3683650000021	EXP	text_2: text = 120
136.3852149999584	EXP	text_2: text = 139
136.40107999998145	EXP	text_2: text = 152
136.4182499999879	EXP	text_2: text = 169
136.43435999995563	EXP	text_2: text = 183
136.45155999995768	EXP	text_2: text = 201
136.46822999999858	EXP	text_2: text = 218
136.4850349999615	EXP	text_2: text = 235
136.50152999995044	EXP	text_2: text = 251
136.51830999995582	EXP	text_2: text = 268
136.5348149999627	EXP	text_2: text = 284
136.55171999998856	EXP	text_2: text = 300
136.5685400000075	EXP	text_2: text = 317
136.57089999999152	DATA	Keydown:  
136.5851449999609	EXP	text_2: text = 335
136.5851449999609	EXP	text_2: autoDraw = false
136.5851449999609	EXP	Feedback: text = 319
136.5851449999609	EXP	Feedback: autoDraw = true
137.58568999997806	EXP	Feedback: autoDraw = false
137.58568999997806	EXP	Feedback: autoDraw = false
137.58568999997806	EXP	text_3: autoDraw = true
147.07428999996046	EXP	text_3: autoDraw = false
147.07428999996046	EXP	text_3: autoDraw = false
147.07428999996046	EXP	text_2: autoDraw = true
147.07428999996046	EXP	text_2: text = 0
147.0897399999667	EXP	text_2: text = 22
147.10631000000285	EXP	text_2: text = 37
147.12069999997038	EXP	text_2: text = 54
147.13815499999328	EXP	text_2: text = 68
147.1534849999589	EXP	text_2: text = 85
147.16924999997718	EXP	text_2: text = 101
147.18620499997633	EXP	text_2: text = 117
147.2016200000071	EXP	text_2: text = 135
147.21806499996455	EXP	text_2: text = 150
147.23553000000538	EXP	text_2: text = 166
147.25166499998886	EXP	text_2: text = 187
147.26769499998773	EXP	text_2: text = 201
147.28414999996312	EXP	text_2: text = 218
147.3011899999692	EXP	text_2: text = 234
147.32008499995572	EXP	text_2: text = 254
147.33484999998473	EXP	text_2: text = 267
147.35146499995608	EXP	text_2: text = 283
147.36816999997245	EXP	text_2: text = 300
147.38548999995692	EXP	text_2: text = 316
147.38803999999072	DATA	Keydown:  
147.4013050000067	EXP	text_2: text = 334
147.4013050000067	EXP	text_2: autoDraw = false
147.4013050000067	EXP	Feedback: text = 314
147.4013050000067	EXP	Feedback: autoDraw = true
148.40119000000414	EXP	Feedback: autoDraw = false
148.40119000000414	EXP	Feedback: autoDraw = false
148.40119000000414	EXP	text_3: autoDraw = true
152.0014749999973	EXP	text_3: autoDraw = false
152.0014749999973	EXP	text_3: autoDraw = false
152.0014749999973	EXP	text_2: autoDraw = true
152.0014749999973	EXP	text_2: text = 0
152.01765499997418	EXP	text_2: text = 17
152.03523999999743	EXP	text_2: text = 33
152.0515000000014	EXP	text_2: text = 50
152.06789999996545	EXP	text_2: text = 68
152.08489499997813	EXP	text_2: text = 84
152.10109999997076	EXP	text_2: text = 101
152.1178999999538	EXP	text_2: text = 118
152.13442499999655	EXP	text_2: text = 135
152.1512549999752	EXP	text_2: text = 150
152.16803000000073	EXP	text_2: text = 167
152.1843499999959	EXP	text_2: text = 185
152.20128499995917	EXP	text_2: text = 201
152.2180449999869	EXP	text_2: text = 218
152.23461499996483	EXP	text_2: text = 233
152.2515649999841	EXP	text_2: text = 250
152.2679449999705	EXP	text_2: text = 268
152.28469499998027	EXP	text_2: text = 285
152.30131999996956	EXP	text_2: text = 301
152.31813499995042	EXP	text_2: text = 319
152.3342249999987	EXP	text_2: text = 335
152.35022999998182	EXP	text_2: text = 351
152.36831999995047	EXP	text_2: text = 369
152.3840949999867	EXP	text_2: text = 384
152.40142999996897	EXP	text_2: text = 400
152.41813000000548	EXP	text_2: text = 417
152.42123999999603	DATA	Keydown:  
152.43466500000795	EXP	text_2: text = 435
152.43466500000795	EXP	text_2: autoDraw = false
152.43466500000795	EXP	Feedback: text = 420
152.43466500000795	EXP	Feedback: autoDraw = true
153.43385499995202	EXP	Feedback: autoDraw = false
153.43385499995202	EXP	Feedback: autoDraw = false
153.43385499995202	EXP	text_3: autoDraw = true
157.06833499995992	EXP	text_3: autoDraw = false
157.06833499995992	EXP	text_3: autoDraw = false
157.06833499995992	EXP	text_2: autoDraw = true
157.06833499995992	EXP	text_2: text = 0
157.08445999998366	EXP	text_2: text = 18
157.1012650000048	EXP	text_2: text = 33
157.11793499998748	EXP	text_2: text = 50
157.13451999996323	EXP	text_2: text = 67
157.1513050000067	EXP	text_2: text = 84
157.1679099999601	EXP	text_2: text = 100
157.18492499995045	EXP	text_2: text = 117
157.20128499995917	EXP	text_2: text = 136
157.21746999997413	EXP	text_2: text = 151
157.2338499999605	EXP	text_2: text = 168
157.25092999998014	EXP	text_2: text = 185
157.26760999998078	EXP	text_2: text = 200
157.28434999997262	EXP	text_2: text = 218
157.3012699999963	EXP	text_2: text = 234
157.3181849999819	EXP	text_2: text = 251
157.33480999997118	EXP	text_2: text = 267
157.3513099999982	EXP	text_2: text = 284
157.35389500000747	DATA	Keydown:  
157.36802999995416	EXP	text_2: text = 302
157.36802999995416	EXP	text_2: autoDraw = false
157.36802999995416	EXP	Feedback: text = 286
157.36802999995416	EXP	Feedback: autoDraw = true
158.36744499998167	EXP	Feedback: autoDraw = false
158.36744499998167	EXP	Feedback: autoDraw = false
158.36744499998167	EXP	text_3: autoDraw = true
166.3903649999993	EXP	text_3: autoDraw = false
166.3903649999993	EXP	text_3: autoDraw = false
166.3903649999993	EXP	text_2: autoDraw = true
166.3903649999993	EXP	text_2: text = 0
166.40544499998214	EXP	text_2: text = 21
166.42092999996385	EXP	text_2: text = 36
166.43760999996448	EXP	text_2: text = 52
166.45273499999894	EXP	text_2: text = 69
166.46929499995895	EXP	text_2: text = 84
166.48511999996845	EXP	text_2: text = 101
166.5017200000002	EXP	text_2: text = 116
166.51805999997305	EXP	text_2: text = 133
166.53451500000665	EXP	text_2: text = 151
166.55086499999743	EXP	text_2: text = 166
166.5677699999651	EXP	text_2: text = 183
166.5846549999551	EXP	text_2: text = 203
166.60050000000047	EXP	text_2: text = 218
166.61729999998352	EXP	text_2: text = 234
166.63548499997705	EXP	text_2: text = 253
166.6504899999709	EXP	text_2: text = 266
166.66803000000073	EXP	text_2: text = 285
166.6704449999961	DATA	Keydown:  
166.68431499996223	EXP	text_2: text = 301
166.68431499996223	EXP	text_2: autoDraw = false
166.68431499996223	EXP	Feedback: text = 280
166.68431499996223	EXP	Feedback: autoDraw = true
167.6838749999879	EXP	Feedback: autoDraw = false
167.6838749999879	EXP	Feedback: autoDraw = false
167.6838749999879	EXP	text_3: autoDraw = true
176.5580149999587	EXP	text_3: autoDraw = false
176.5580149999587	EXP	text_3: autoDraw = false
176.5580149999587	EXP	text_2: autoDraw = true
176.5580149999587	EXP	text_2: text = 0
176.57487999997102	EXP	text_2: text = 24
176.58856000000378	EXP	text_2: text = 40
176.6033199999947	EXP	text_2: text = 53
176.61979500000598	EXP	text_2: text = 67
176.6308250000002	EXP	text_2: text = 83
176.6527599999681	EXP	text_2: text = 106
176.66874499997357	EXP	text_2: text = 118
176.68583499995293	EXP	text_2: text = 133
176.70257500000298	EXP	text_2: text = 151
176.71893999999156	EXP	text_2: text = 167
176.73563999996986	EXP	text_2: text = 184
176.75226499995915	EXP	text_2: text = 200
176.7692199999583	EXP	text_2: text = 217
176.7860599999549	EXP	text_2: text = 235
176.80245499999728	EXP	text_2: text = 252
176.81897999998182	EXP	text_2: text = 268
176.8358199999784	EXP	text_2: text = 289
176.8511849999777	EXP	text_2: text = 302
176.86711999995168	EXP	text_2: text = 318
176.88392999995267	EXP	text_2: text = 334
176.90356999996584	EXP	text_2: text = 357
176.90557999996236	DATA	Keydown:  
176.9169899999979	EXP	text_2: text = 368
176.9169899999979	EXP	text_2: autoDraw = false
176.9169899999979	EXP	Feedback: text = 349
176.9169899999979	EXP	Feedback: autoDraw = true
177.91728499997407	EXP	Feedback: autoDraw = false
177.91728499997407	EXP	Feedback: autoDraw = false
177.91728499997407	EXP	text_3: autoDraw = true
186.95642000000225	EXP	text_3: autoDraw = false
186.95642000000225	EXP	text_3: autoDraw = false
186.95642000000225	EXP	text_2: autoDraw = true
186.95642000000225	EXP	text_2: text = 0
186.97276999999303	EXP	text_2: text = 21
186.9892899999977	EXP	text_2: text = 37
187.00581499998225	EXP	text_2: text = 54
187.02040499995928	EXP	text_2: text = 70
187.03667999996105	EXP	text_2: text = 87
187.0514850000036	EXP	text_2: text = 102
187.06811499997275	EXP	text_2: text = 119
187.08477999997558	EXP	text_2: text = 135
187.10127499996452	EXP	text_2: text = 152
187.11699999996927	EXP	text_2: text = 168
187.1342799999984	EXP	text_2: text = 183
187.15127499995288	EXP	text_2: text = 200
187.168004999985	EXP	text_2: text = 216
187.18424499995308	EXP	text_2: text = 234
187.20060999999987	EXP	text_2: text = 251
187.2177649999503	EXP	text_2: text = 267
187.23415499995463	EXP	text_2: text = 284
187.2512749999878	EXP	text_2: text = 300
187.26775499997893	EXP	text_2: text = 318
187.27356499998132	DATA	Keydown:  
187.28490999998758	EXP	text_2: text = 337
187.28490999998758	EXP	text_2: autoDraw = false
187.28490999998758	EXP	Feedback: text = 317
187.28490999998758	EXP	Feedback: autoDraw = true
188.28362000000197	EXP	Feedback: autoDraw = false
188.28362000000197	EXP	Feedback: autoDraw = false
188.28362000000197	EXP	text_3: autoDraw = true
191.820074999996	EXP	text_3: autoDraw = false
191.820074999996	EXP	text_3: autoDraw = false
191.820074999996	EXP	text_2: autoDraw = true
191.820074999996	EXP	text_2: text = 0
191.83951999997953	EXP	text_2: text = 16
191.85604499996407	EXP	text_2: text = 35
191.87039999995613	EXP	text_2: text = 51
191.8871499999659	EXP	text_2: text = 66
191.90308999997796	EXP	text_2: text = 83
191.91859499999555	EXP	text_2: text = 99
191.93574499996612	EXP	text_2: text = 114
191.9524499999825	EXP	text_2: text = 131
191.9687200000044	EXP	text_2: text = 148
191.98517999995966	EXP	text_2: text = 164
192.00104999996256	EXP	text_2: text = 182
192.01747500000056	EXP	text_2: text = 198
192.03435499995248	EXP	text_2: text = 214
192.0508099999861	EXP	text_2: text = 232
192.06886999995913	EXP	text_2: text = 247
192.08445999998366	EXP	text_2: text = 264
192.10144999995828	EXP	text_2: text = 281
192.10299499996472	DATA	Keydown:  
192.1169949999894	EXP	text_2: text = 297
192.1169949999894	EXP	text_2: autoDraw = false
192.1169949999894	EXP	Feedback: text = 283
192.1169949999894	EXP	Feedback: autoDraw = true
193.11702000000514	EXP	Feedback: autoDraw = false
193.11702000000514	EXP	Feedback: autoDraw = false
193.11702000000514	EXP	text_3: autoDraw = true
197.6840749999974	EXP	text_3: autoDraw = false
197.6840749999974	EXP	text_3: autoDraw = false
197.6840749999974	EXP	text_2: autoDraw = true
197.6840749999974	EXP	text_2: text = 0
197.70030999998562	EXP	text_2: text = 17
197.71735999995144	EXP	text_2: text = 32
197.73427999997512	EXP	text_2: text = 49
197.75075000000652	EXP	text_2: text = 66
197.76725999999326	EXP	text_2: text = 84
197.78375000000233	EXP	text_2: text = 99
197.80086499999743	EXP	text_2: text = 116
197.8174299999955	EXP	text_2: text = 133
197.83443499996793	EXP	text_2: text = 149
197.85078999999678	EXP	text_2: text = 165
197.86748999997508	EXP	text_2: text = 184
197.88422999996692	EXP	text_2: text = 200
197.9010249999701	EXP	text_2: text = 215
197.91735000000335	EXP	text_2: text = 233
197.93413999996847	EXP	text_2: text = 250
197.95071499998448	EXP	text_2: text = 266
197.96721499995328	EXP	text_2: text = 284
197.98405500000808	EXP	text_2: text = 300
198.0006299999659	EXP	text_2: text = 315
198.0177749999566	EXP	text_2: text = 333
198.03416499996092	EXP	text_2: text = 350
198.03748999995878	DATA	Keydown:  
198.05232499999693	EXP	text_2: text = 370
198.05232499999693	EXP	text_2: autoDraw = false
198.05232499999693	EXP	Feedback: text = 354
198.05232499999693	EXP	Feedback: autoDraw = true
199.05007999995723	EXP	Feedback: autoDraw = false
199.05007999995723	EXP	Feedback: autoDraw = false
199.05007999995723	EXP	text_3: autoDraw = true
207.15083499997854	EXP	text_3: autoDraw = false
207.15083499997854	EXP	text_3: autoDraw = false
207.15083499997854	EXP	text_2: autoDraw = true
207.15083499997854	EXP	text_2: text = 0
207.1670949999825	EXP	text_2: text = 17
207.1839349999791	EXP	text_2: text = 34
207.20074999995995	EXP	text_2: text = 52
207.21674499998335	EXP	text_2: text = 67
207.2337749999715	EXP	text_2: text = 83
207.25054499995895	EXP	text_2: text = 101
207.26716499996837	EXP	text_2: text = 117
207.2838599999668	EXP	text_2: text = 134
207.30093500000658	EXP	text_2: text = 152
207.31667499995092	EXP	text_2: text = 167
207.3330399999977	EXP	text_2: text = 184
207.35061500000302	EXP	text_2: text = 202
207.3667199999909	EXP	text_2: text = 216
207.38399999996182	EXP	text_2: text = 233
207.40090000000782	EXP	text_2: text = 249
207.4172499999986	EXP	text_2: text = 266
207.434030000004	EXP	text_2: text = 282
207.4506199999596	EXP	text_2: text = 299
207.46772999997484	EXP	text_2: text = 317
207.47036499995738	DATA	Keydown:  
207.48344999999972	EXP	text_2: text = 335
207.48344999999972	EXP	text_2: autoDraw = false
207.48344999999972	EXP	Feedback: text = 322
207.48344999999972	EXP	Feedback: autoDraw = true
208.48278500000015	EXP	Feedback: autoDraw = false
208.48278500000015	EXP	Feedback: autoDraw = false
208.48278500000015	EXP	text_3: autoDraw = true
214.97047999995993	EXP	text_3: autoDraw = false
214.97047999995993	EXP	text_3: autoDraw = false
214.97047999995993	EXP	text_2: autoDraw = true
214.97047999995993	EXP	text_2: text = 0
214.98952999996254	EXP	text_2: text = 16
215.00565999996616	EXP	text_2: text = 35
215.02043999999296	EXP	text_2: text = 51
215.036764999968	EXP	text_2: text = 66
215.05313999997452	EXP	text_2: text = 82
215.0681699999841	EXP	text_2: text = 99
215.0850249999785	EXP	text_2: text = 114
215.10194500000216	EXP	text_2: text = 131
215.11850499996217	EXP	text_2: text = 148
215.13480999995954	EXP	text_2: text = 164
215.15175499999896	EXP	text_2: text = 184
215.16711499996018	EXP	text_2: text = 196
215.18339500000002	EXP	text_2: text = 215
215.19985499995528	EXP	text_2: text = 231
215.2166449999786	EXP	text_2: text = 248
215.23331999999937	EXP	text_2: text = 264
215.25155499996617	EXP	text_2: text = 284
215.26730499998666	EXP	text_2: text = 298
215.26984500000253	DATA	Keydown:  
215.28353499999503	EXP	text_2: text = 314
215.28353499999503	EXP	text_2: autoDraw = false
215.28353499999503	EXP	Feedback: text = 299
215.28353499999503	EXP	Feedback: autoDraw = true
216.28340499999467	EXP	Feedback: autoDraw = false
216.28340499999467	EXP	Feedback: autoDraw = false
216.28340499999467	EXP	text_3: autoDraw = true
221.7894999999553	EXP	text_3: autoDraw = false
221.7894999999553	EXP	text_3: autoDraw = false
221.7894999999553	EXP	text_2: autoDraw = true
221.7894999999553	EXP	text_2: text = 0
221.805384999956	EXP	text_2: text = 21
221.822194999957	EXP	text_2: text = 37
221.83639999997104	EXP	text_2: text = 53
221.85335499997018	EXP	text_2: text = 68
221.86944499996025	EXP	text_2: text = 86
221.8849699999555	EXP	text_2: text = 102
221.90178999997443	EXP	text_2: text = 120
221.91762999998173	EXP	text_2: text = 134
221.93439999996917	EXP	text_2: text = 151
221.9508199999691	EXP	text_2: text = 168
221.96714500000235	EXP	text_2: text = 184
221.98551500000758	EXP	text_2: text = 204
222.0002150000073	EXP	text_2: text = 217
222.0169899999746	EXP	text_2: text = 234
222.03376500000013	EXP	text_2: text = 250
222.0504099999671	EXP	text_2: text = 266
222.06714999995893	EXP	text_2: text = 284
222.0696899999748	DATA	Keydown:  
222.08376999996835	EXP	text_2: text = 301
222.08376999996835	EXP	text_2: autoDraw = false
222.08376999996835	EXP	Feedback: text = 280
222.08376999996835	EXP	Feedback: autoDraw = true
223.08307499997318	EXP	Feedback: autoDraw = false
223.08307499997318	EXP	Feedback: autoDraw = false
223.08307499997318	EXP	text_3: autoDraw = true
227.2339149999898	EXP	text_3: autoDraw = false
227.2339149999898	EXP	text_3: autoDraw = false
227.2339149999898	EXP	text_2: autoDraw = true
227.2339149999898	EXP	text_2: text = 0
227.25031999999192	EXP	text_2: text = 17
227.26696999999695	EXP	text_2: text = 34
227.2836899999529	EXP	text_2: text = 50
227.300344999996	EXP	text_2: text = 67
227.316829999967	EXP	text_2: text = 84
227.3335949999746	EXP	text_2: text = 100
227.3508799999836	EXP	text_2: text = 117
227.3670099999872	EXP	text_2: text = 134
227.38409999996657	EXP	text_2: text = 150
227.40029499999946	EXP	text_2: text = 167
227.41755499999272	EXP	text_2: text = 184
227.43361000000732	EXP	text_2: text = 202
227.45080999995116	EXP	text_2: text = 217
227.4673049999983	EXP	text_2: text = 234
227.48391999996966	EXP	text_2: text = 251
227.5002450000029	EXP	text_2: text = 267
227.51673499995377	EXP	text_2: text = 284
227.53318999998737	EXP	text_2: text = 301
227.55115499999374	EXP	text_2: text = 317
227.55384499998763	DATA	Keydown:  
227.56694499996956	EXP	text_2: text = 334
227.56694499996956	EXP	text_2: autoDraw = false
227.56694499996956	EXP	Feedback: text = 320
227.56694499996956	EXP	Feedback: autoDraw = true
228.5663999999524	EXP	Feedback: autoDraw = false
228.5663999999524	EXP	Feedback: autoDraw = false
228.5663999999524	EXP	text_3: autoDraw = true
236.42024000000674	EXP	text_3: autoDraw = false
236.42024000000674	EXP	text_3: autoDraw = false
236.42024000000674	EXP	text_2: autoDraw = true
236.42024000000674	EXP	text_2: text = 0
236.43907500000205	EXP	text_2: text = 17
236.45514999999432	EXP	text_2: text = 35
236.46954499999993	EXP	text_2: text = 52
236.48621499998262	EXP	text_2: text = 66
236.50170999998227	EXP	text_2: text = 82
236.5182849999983	EXP	text_2: text = 98
236.5345849999576	EXP	text_2: text = 114
236.55024499999126	EXP	text_2: text = 131
236.56727499997942	EXP	text_2: text = 149
236.58370999997715	EXP	text_2: text = 164
236.60009999998147	EXP	text_2: text = 180
236.61708999995608	EXP	text_2: text = 197
236.63344000000507	EXP	text_2: text = 214
236.650410000002	EXP	text_2: text = 230
236.6670649999869	EXP	text_2: text = 247
236.683779999963	EXP	text_2: text = 264
236.70030500000576	EXP	text_2: text = 281
236.71727999998257	EXP	text_2: text = 300
236.73323999997228	EXP	text_2: text = 316
236.73472000000766	DATA	Keydown:  
236.75010000000475	EXP	text_2: text = 334
236.75010000000475	EXP	text_2: autoDraw = false
236.75010000000475	EXP	Feedback: text = 315
236.75010000000475	EXP	Feedback: autoDraw = true
237.7496149999788	EXP	Feedback: autoDraw = false
237.7496149999788	EXP	Feedback: autoDraw = false
237.7496149999788	EXP	text_3: autoDraw = true
245.11879999999655	EXP	text_3: autoDraw = false
245.11879999999655	EXP	text_3: autoDraw = false
245.11879999999655	EXP	text_2: autoDraw = true
245.11879999999655	EXP	text_2: text = 0
245.138964999991	EXP	text_2: text = 15
245.15507499995874	EXP	text_2: text = 35
245.16964999999618	EXP	text_2: text = 51
245.18653499998618	EXP	text_2: text = 67
245.20144499995513	EXP	text_2: text = 83
245.21836999995867	EXP	text_2: text = 98
245.23444499995094	EXP	text_2: text = 115
245.25185499998042	EXP	text_2: text = 131
245.26809500000672	EXP	text_2: text = 149
245.28522499999963	EXP	text_2: text = 165
245.3014049999765	EXP	text_2: text = 182
245.32225999998627	EXP	text_2: text = 208
245.33376999996835	EXP	text_2: text = 218
245.35090499999933	EXP	text_2: text = 232
245.37046000000555	EXP	text_2: text = 253
245.38440999999875	EXP	text_2: text = 267
245.40090999996755	EXP	text_2: text = 282
245.4170799999847	EXP	text_2: text = 299
245.41948499996215	DATA	Keydown:  
245.4334749999689	EXP	text_2: text = 315
245.4334749999689	EXP	text_2: autoDraw = false
245.4334749999689	EXP	Feedback: text = 301
245.4334749999689	EXP	Feedback: autoDraw = true
246.4330750000081	EXP	Feedback: autoDraw = false
246.4330750000081	EXP	Feedback: autoDraw = false
246.4330750000081	EXP	text_3: autoDraw = true
252.63574499997776	EXP	text_3: autoDraw = false
252.63574499997776	EXP	text_3: autoDraw = false
252.63574499997776	EXP	text_2: autoDraw = true
252.63574499997776	EXP	text_2: text = 0
252.65531000000192	EXP	text_2: text = 16
252.67001999996137	EXP	text_2: text = 35
252.68619999999646	EXP	text_2: text = 49
252.702649999992	EXP	text_2: text = 66
252.71801499999128	EXP	text_2: text = 82
252.7346649999963	EXP	text_2: text = 99
252.75119499996072	EXP	text_2: text = 114
252.7683149999939	EXP	text_2: text = 131
252.78455499996198	EXP	text_2: text = 152
252.8006699999678	EXP	text_2: text = 166
252.8169999999809	EXP	text_2: text = 182
252.8341449999716	EXP	text_2: text = 198
252.8525699999882	EXP	text_2: text = 217
252.86750999995274	EXP	text_2: text = 233
252.88351999997394	EXP	text_2: text = 248
252.90006499999436	EXP	text_2: text = 264
252.91690499999095	EXP	text_2: text = 281
252.91938999999547	DATA	Keydown:  
252.93319999997038	EXP	text_2: text = 298
252.93319999997038	EXP	text_2: autoDraw = false
252.93319999997038	EXP	Feedback: text = 284
252.93319999997038	EXP	Feedback: autoDraw = true
253.93323999998393	EXP	Feedback: autoDraw = false
253.93323999998393	EXP	Feedback: autoDraw = false
253.93323999998393	EXP	text_3: autoDraw = true
257.95543499995256	EXP	text_3: autoDraw = false
257.95543499995256	EXP	text_3: autoDraw = false
257.95543499995256	EXP	text_2: autoDraw = true
257.95543499995256	EXP	text_2: text = 0
257.9715899999719	EXP	text_2: text = 20
257.9872650000034	EXP	text_2: text = 36
258.0029649999924	EXP	text_2: text = 52
258.0195899999817	EXP	text_2: text = 68
258.03466499998467	EXP	text_2: text = 85
258.05145999998786	EXP	text_2: text = 100
258.0679200000013	EXP	text_2: text = 116
258.08470499998657	EXP	text_2: text = 134
258.10117499995977	EXP	text_2: text = 151
258.1166749999975	EXP	text_2: text = 166
258.1331549999886	EXP	text_2: text = 183
258.14993999997387	EXP	text_2: text = 200
258.16658499999903	EXP	text_2: text = 217
258.1836250000051	EXP	text_2: text = 235
258.1992199999513	EXP	text_2: text = 251
258.21555999998236	EXP	text_2: text = 267
258.2330699999584	EXP	text_2: text = 283
258.25254499999573	EXP	text_2: text = 302
258.2666049999534	EXP	text_2: text = 318
258.26887499995064	DATA	Keydown:  
258.2832599999965	EXP	text_2: text = 334
258.2832599999965	EXP	text_2: autoDraw = false
258.2832599999965	EXP	Feedback: text = 314
258.2832599999965	EXP	Feedback: autoDraw = true
259.28269999998156	EXP	Feedback: autoDraw = false
259.28269999998156	EXP	Feedback: autoDraw = false
259.28269999998156	EXP	text_3: autoDraw = true
263.7886099999887	EXP	text_3: autoDraw = false
263.7886099999887	EXP	text_3: autoDraw = false
263.7886099999887	EXP	text_2: autoDraw = true
263.7886099999887	EXP	text_2: text = 0
263.8050349999685	EXP	text_2: text = 19
263.82181999995373	EXP	text_2: text = 36
263.83658000000287	EXP	text_2: text = 53
263.8528599999845	EXP	text_2: text = 70
263.86822000000393	EXP	text_2: text = 85
263.88363999995636	EXP	text_2: text = 100
263.9004399999976	EXP	text_2: text = 117
263.9174149999744	EXP	text_2: text = 134
263.9344299999648	EXP	text_2: text = 148
263.9515849999734	EXP	text_2: text = 166
263.9680850000004	EXP	text_2: text = 183
263.9845900000073	EXP	text_2: text = 200
264.0011349999695	EXP	text_2: text = 216
264.01811999996426	EXP	text_2: text = 233
264.0345399999642	EXP	text_2: text = 249
264.0513799999608	EXP	text_2: text = 266
264.06815999996616	EXP	text_2: text = 283
264.08447999996133	EXP	text_2: text = 299
264.1011849999777	EXP	text_2: text = 320
264.1030449999962	DATA	Keydown:  
264.11700500000734	EXP	text_2: text = 334
264.11700500000734	EXP	text_2: autoDraw = false
264.11700500000734	EXP	Feedback: text = 315
264.11700500000734	EXP	Feedback: autoDraw = true
265.11613999999827	EXP	Feedback: autoDraw = false
265.11613999999827	EXP	Feedback: autoDraw = false
265.11613999999827	EXP	text_3: autoDraw = true
272.76902499998687	EXP	text_3: autoDraw = false
272.76902499998687	EXP	text_3: autoDraw = false
272.76902499998687	EXP	text_2: autoDraw = true
272.76902499998687	EXP	text_2: text = 0
272.78869499999564	EXP	text_2: text = 16
272.80471499997657	EXP	text_2: text = 35
272.8192899999558	EXP	text_2: text = 51
272.8359099999652	EXP	text_2: text = 66
272.85120499995537	EXP	text_2: text = 83
272.8679349999875	EXP	text_2: text = 98
272.8838799999794	EXP	text_2: text = 115
272.8997649999801	EXP	text_2: text = 132
272.916269999987	EXP	text_2: text = 149
272.93307999998797	EXP	text_2: text = 165
272.9499399999622	EXP	text_2: text = 184
272.9656449999893	EXP	text_2: text = 199
272.9822999999742	EXP	text_2: text = 216
272.9994899999583	EXP	text_2: text = 232
273.0178399999859	EXP	text_2: text = 250
273.03362499998184	EXP	text_2: text = 265
273.05001499998616	EXP	text_2: text = 281
273.0665249999729	EXP	text_2: text = 297
273.06818000000203	DATA	Keydown:  
273.08316499996	EXP	text_2: text = 314
273.08316499996	EXP	text_2: autoDraw = false
273.08316499996	EXP	Feedback: text = 299
273.08316499996	EXP	Feedback: autoDraw = true
274.0827449999633	EXP	Feedback: autoDraw = false
274.0827449999633	EXP	Feedback: autoDraw = false
274.0827449999633	EXP	text_3: autoDraw = true
281.0552949999692	EXP	text_3: autoDraw = false
281.0552949999692	EXP	text_3: autoDraw = false
281.0552949999692	EXP	text_2: autoDraw = true
281.0552949999692	EXP	text_2: text = 0
281.071559999953	EXP	text_2: text = 20
281.0882499999716	EXP	text_2: text = 37
281.1029099999578	EXP	text_2: text = 53
281.1190399999614	EXP	text_2: text = 68
281.1352949999855	EXP	text_2: text = 85
281.1504999999888	EXP	text_2: text = 101
281.16765999997733	EXP	text_2: text = 116
281.1845049999538	EXP	text_2: text = 133
281.2022949999664	EXP	text_2: text = 152
281.2185949999839	EXP	text_2: text = 171
281.22995999996783	EXP	text_2: text = 184
281.2500799999689	EXP	text_2: text = 200
281.2669299999834	EXP	text_2: text = 217
281.28741499996977	EXP	text_2: text = 239
281.29986499994993	EXP	text_2: text = 252
281.31611499999417	EXP	text_2: text = 266
281.33285000000615	EXP	text_2: text = 284
281.3499599999632	EXP	text_2: text = 300
281.3661849999917	EXP	text_2: text = 316
281.3834049999714	EXP	text_2: text = 333
281.3857250000001	DATA	Keydown:  
281.3990899999626	EXP	text_2: text = 350
281.3990899999626	EXP	text_2: autoDraw = false
281.3990899999626	EXP	Feedback: text = 331
281.3990899999626	EXP	Feedback: autoDraw = true
282.39901999995345	EXP	Feedback: autoDraw = false
282.39901999995345	EXP	Feedback: autoDraw = false
282.39901999995345	EXP	text_3: autoDraw = true
288.6524249999784	EXP	text_3: autoDraw = false
288.6524249999784	EXP	text_3: autoDraw = false
288.6524249999784	EXP	text_2: autoDraw = true
288.6524249999784	EXP	text_2: text = 0
288.6716099999612	EXP	text_2: text = 16
288.68812499998603	EXP	text_2: text = 35
288.7047799999709	EXP	text_2: text = 51
288.7192449999857	EXP	text_2: text = 68
288.73587499995483	EXP	text_2: text = 83
288.75213999999687	EXP	text_2: text = 99
288.7673949999735	EXP	text_2: text = 115
288.7840599999763	EXP	text_2: text = 132
288.8009299999685	EXP	text_2: text = 148
288.81776499998523	EXP	text_2: text = 165
288.8338849999709	EXP	text_2: text = 182
288.84991499996977	EXP	text_2: text = 197
288.8661949999514	EXP	text_2: text = 214
288.882799999963	EXP	text_2: text = 231
288.8996549999574	EXP	text_2: text = 247
288.9160549999797	EXP	text_2: text = 265
288.9328899999964	EXP	text_2: text = 280
288.94974999997066	EXP	text_2: text = 300
288.9655550000025	EXP	text_2: text = 315
288.9669199999771	DATA	Keydown:  
288.981914999953	EXP	text_2: text = 332
288.981914999953	EXP	text_2: autoDraw = false
288.981914999953	EXP	Feedback: text = 315
288.981914999953	EXP	Feedback: autoDraw = true
289.982164999994	EXP	Feedback: autoDraw = false
289.982164999994	EXP	Feedback: autoDraw = false
289.982164999994	EXP	text_3: autoDraw = true
293.84970500000054	EXP	text_3: autoDraw = false
293.84970500000054	EXP	text_3: autoDraw = false
293.84970500000054	EXP	text_2: autoDraw = true
293.84970500000054	EXP	text_2: text = 0
293.8661949999514	EXP	text_2: text = 17
293.88297999999486	EXP	text_2: text = 35
293.8996599999955	EXP	text_2: text = 50
293.9164799999562	EXP	text_2: text = 67
293.9331349999993	EXP	text_2: text = 84
293.9494849999901	EXP	text_2: text = 101
293.966214999964	EXP	text_2: text = 117
293.9826799999573	EXP	text_2: text = 134
293.99980999995023	EXP	text_2: text = 155
294.01542999997037	EXP	text_2: text = 168
294.0322049999959	EXP	text_2: text = 186
294.04918999999063	EXP	text_2: text = 203
294.06567499996163	EXP	text_2: text = 217
294.08307999995304	EXP	text_2: text = 234
294.0995999999577	EXP	text_2: text = 250
294.116074999969	EXP	text_2: text = 268
294.1327600000077	EXP	text_2: text = 285
294.14975499996217	EXP	text_2: text = 301
294.1661249999888	EXP	text_2: text = 318
294.1836400000029	EXP	text_2: text = 338
294.20036999997683	EXP	text_2: text = 353
294.20226999995066	DATA	Keydown:  
294.21558999997796	EXP	text_2: text = 370
294.21558999997796	EXP	text_2: autoDraw = false
294.21558999997796	EXP	Feedback: text = 353
294.21558999997796	EXP	Feedback: autoDraw = true
295.21580499998527	EXP	Feedback: autoDraw = false
295.21580499998527	EXP	Feedback: autoDraw = false
295.21580499998527	EXP	text_3: autoDraw = true
302.4190349999699	EXP	text_3: autoDraw = false
302.4190349999699	EXP	text_3: autoDraw = false
302.4190349999699	EXP	text_2: autoDraw = true
302.4190349999699	EXP	text_2: text = 0
302.4360999999917	EXP	text_2: text = 17
302.4523749999935	EXP	text_2: text = 33
302.4690299999784	EXP	text_2: text = 50
302.48394999996526	EXP	text_2: text = 66
302.50025499996264	EXP	text_2: text = 81
302.5172099999618	EXP	text_2: text = 98
302.53526999999303	EXP	text_2: text = 116
302.5506499999901	EXP	text_2: text = 135
302.56671499996446	EXP	text_2: text = 148
302.5833599999896	EXP	text_2: text = 165
302.59969999996247	EXP	text_2: text = 181
302.6180099999765	EXP	text_2: text = 204
302.6329699999769	EXP	text_2: text = 215
302.6491249999963	EXP	text_2: text = 231
302.66585999995004	EXP	text_2: text = 248
302.68241999996826	EXP	text_2: text = 264
302.6993800000055	EXP	text_2: text = 282
302.71603499999037	EXP	text_2: text = 298
302.73269499995513	EXP	text_2: text = 314
302.7495199999539	EXP	text_2: text = 331
302.75130000000354	DATA	Keydown:  
302.76569499995094	EXP	text_2: text = 348
302.76569499995094	EXP	text_2: autoDraw = false
302.76569499995094	EXP	Feedback: text = 332
302.76569499995094	EXP	Feedback: autoDraw = true
303.76565999997547	EXP	Feedback: autoDraw = false
303.76565999997547	EXP	Feedback: autoDraw = false
303.76565999997547	EXP	text_3: autoDraw = true
309.77166999998735	EXP	text_3: autoDraw = false
309.77166999998735	EXP	text_3: autoDraw = false
309.77166999998735	EXP	text_2: autoDraw = true
309.77166999998735	EXP	text_2: text = 0
309.787474999961	EXP	text_2: text = 20
309.80189000000246	EXP	text_2: text = 36
309.8187649999745	EXP	text_2: text = 51
309.83594999997877	EXP	text_2: text = 68
309.8510799999931	EXP	text_2: text = 85
309.8673449999769	EXP	text_2: text = 100
309.8845999999903	EXP	text_2: text = 117
309.9001799999969	EXP	text_2: text = 135
309.91619999997783	EXP	text_2: text = 151
309.933229999966	EXP	text_2: text = 168
309.9500549999648	EXP	text_2: text = 184
309.9690549999941	EXP	text_2: text = 207
309.9836399999913	EXP	text_2: text = 218
310.00062000000617	EXP	text_2: text = 234
310.0162849999615	EXP	text_2: text = 250
310.03268499998376	EXP	text_2: text = 267
310.0492699999595	EXP	text_2: text = 283
310.06622499995865	EXP	text_2: text = 299
310.0833499999717	EXP	text_2: text = 316
310.0996199999936	EXP	text_2: text = 335
310.1019649999798	DATA	Keydown:  
310.1171299999696	EXP	text_2: text = 353
310.1171299999696	EXP	text_2: autoDraw = false
310.1171299999696	EXP	Feedback: text = 330
310.1171299999696	EXP	Feedback: autoDraw = true
311.1156149999588	EXP	Feedback: autoDraw = false
311.1156149999588	EXP	Feedback: autoDraw = false
311.1156149999588	EXP	text_3: autoDraw = true
315.7547049999703	EXP	text_3: autoDraw = false
315.7547049999703	EXP	text_3: autoDraw = false
315.7547049999703	EXP	text_2: autoDraw = true
315.7547049999703	EXP	text_2: text = 0
315.76928999996744	EXP	text_2: text = 20
315.7867949999636	EXP	text_2: text = 36
315.8021249999874	EXP	text_2: text = 53
315.81867000000784	EXP	text_2: text = 68
315.8339899999555	EXP	text_2: text = 84
315.8502649999573	EXP	text_2: text = 100
315.8671800000011	EXP	text_2: text = 117
315.88386999996146	EXP	text_2: text = 134
315.90066499996465	EXP	text_2: text = 150
315.91349499998614	EXP	text_2: text = 166
315.9339049999835	EXP	text_2: text = 184
315.952724999981	EXP	text_2: text = 200
315.9690549999941	EXP	text_2: text = 218
315.98510499997064	EXP	text_2: text = 235
316.00072999997064	EXP	text_2: text = 251
316.01728999998886	EXP	text_2: text = 266
316.03314499999397	EXP	text_2: text = 283
316.04946499998914	EXP	text_2: text = 303
316.0648550000042	EXP	text_2: text = 318
316.06708499998786	DATA	Keydown:  
316.08252499997616	EXP	text_2: text = 336
316.08252499997616	EXP	text_2: autoDraw = false
316.08252499997616	EXP	Feedback: text = 312
316.08252499997616	EXP	Feedback: autoDraw = true
317.1019199999864	EXP	Feedback: autoDraw = false
317.1019199999864	EXP	Feedback: autoDraw = false
317.1019199999864	EXP	End_text: autoDraw = true
