0.06617499999993015	EXP	Created Window = Window( name=Window, fullscr=true, color=#000000, units=height, waitBlanking=true, autoLog=true, size=[1420,745] )
3.11761000000115	DATA	Keydown: undefined
7.315095000001747	EXP	Created text = TextStim( name=text, win=Window( name=Window, fullscr=true, color=#000000, ~), autoDraw=null, autoLog=true, units=height, ori=null, opacity=1, pos=[0,0], size=undefined, text=INSTRUCTIONS [EN]


A counter will appear and star~, font=Arial, color=#FFFFFF, contrast=1, height=0.03, bold=null, italic=null, alignHoriz=left, alignVert=center, wrapWidth=1, flipHoriz=null, flipVert=null )
7.316835000001447	EXP	Created text_3 = TextStim( name=text_3, win=Window( name=Window, fullscr=true, color=#000000, ~), autoDraw=null, autoLog=true, units=height, ori=null, opacity=1, pos=[0,0], size=undefined, text=null, font=Arial, color=#FFFFFF, contrast=1, height=0.1, bold=null, italic=null, alignHoriz=left, alignVert=center, wrapWidth=1, flipHoriz=null, flipVert=null )
7.317770000001474	EXP	Created text_2 = TextStim( name=text_2, win=Window( name=Window, fullscr=true, color=#000000, ~), autoDraw=null, autoLog=true, units=height, ori=null, opacity=1, pos=[0,0], size=undefined, text=default text, font=Arial, color=#ff0000, contrast=1, height=0.15, bold=null, italic=null, alignHoriz=left, alignVert=center, wrapWidth=1, flipHoriz=null, flipVert=null )
7.31851000000097	EXP	Created Feedback = TextStim( name=Feedback, win=Window( name=Window, fullscr=true, color=#000000, ~), autoDraw=null, autoLog=true, units=height, ori=null, opacity=1, pos=[0,0], size=undefined, text=default text, font=Arial, color=#ff0000, contrast=1, height=0.15, bold=null, italic=null, alignHoriz=left, alignVert=center, wrapWidth=1, flipHoriz=null, flipVert=null )
7.319040000002133	EXP	Created End_text = TextStim( name=End_text, win=Window( name=Window, fullscr=true, color=#000000, ~), autoDraw=null, autoLog=true, units=height, ori=null, opacity=1, pos=[0,0], size=undefined, text=This study aimed to look at procedural learning, i~, font=Arial, color=#FFFFFF, contrast=1, height=0.025, bold=null, italic=null, alignHoriz=left, alignVert=center, wrapWidth=1, flipHoriz=null, flipVert=null )
7.355170000002545	EXP	text: units = "height"
7.355170000002545	EXP	text: ori = 0
7.355170000002545	EXP	text: opacity = 1
7.355170000002545	EXP	text: pos = [0,0]
7.355170000002545	EXP	text: size = undefined
7.355170000002545	EXP	text: text = "INSTRUCTIONS [EN]\n\n\nA counter will appear and start counting at random times, press SPACE as fast as possible when it appears.\n\n\nPress SPACE to start\n\n-------\n\nInstruções [PT]\n\n\nUm cronómetro vai aparecer e começar a contar aleatoriamente, pressione a tecla SPACE assim que ele aparecer.\n\n\nPressiona SPACE para começar."
7.355170000002545	EXP	text: font = "Arial"
7.355170000002545	EXP	text: color = {"_hex":"#FFFFFF","_rgb":[1,1,1]}
7.355170000002545	EXP	text: contrast = 1
7.355170000002545	EXP	text: height = 0.03
7.355170000002545	EXP	text: bold = false
7.355170000002545	EXP	text: italic = false
7.355170000002545	EXP	text: alignHoriz = "left"
7.355170000002545	EXP	text: alignVert = "center"
7.355170000002545	EXP	text: wrapWidth = 1
7.355170000002545	EXP	text: flipHoriz = false
7.355170000002545	EXP	text: flipVert = false
7.355170000002545	EXP	text_3: units = "height"
7.355170000002545	EXP	text_3: ori = 0
7.355170000002545	EXP	text_3: opacity = 1
7.355170000002545	EXP	text_3: pos = [0,0]
7.355170000002545	EXP	text_3: size = undefined
7.355170000002545	EXP	text_3: text = ""
7.355170000002545	EXP	text_3: font = "Arial"
7.355170000002545	EXP	text_3: color = {"_hex":"#FFFFFF","_rgb":[1,1,1]}
7.355170000002545	EXP	text_3: contrast = 1
7.355170000002545	EXP	text_3: height = 0.1
7.355170000002545	EXP	text_3: bold = false
7.355170000002545	EXP	text_3: italic = false
7.355170000002545	EXP	text_3: alignHoriz = "left"
7.355170000002545	EXP	text_3: alignVert = "center"
7.355170000002545	EXP	text_3: wrapWidth = 1
7.355170000002545	EXP	text_3: flipHoriz = false
7.355170000002545	EXP	text_3: flipVert = false
7.355170000002545	EXP	text_2: units = "height"
7.355170000002545	EXP	text_2: ori = 0
7.355170000002545	EXP	text_2: opacity = 1
7.355170000002545	EXP	text_2: pos = [0,0]
7.355170000002545	EXP	text_2: size = undefined
7.355170000002545	EXP	text_2: text = "default text"
7.355170000002545	EXP	text_2: font = "Arial"
7.355170000002545	EXP	text_2: color = {"_rgb":[1,0,0]}
7.355170000002545	EXP	text_2: contrast = 1
7.355170000002545	EXP	text_2: height = 0.15
7.355170000002545	EXP	text_2: bold = false
7.355170000002545	EXP	text_2: italic = false
7.355170000002545	EXP	text_2: alignHoriz = "left"
7.355170000002545	EXP	text_2: alignVert = "center"
7.355170000002545	EXP	text_2: wrapWidth = 1
7.355170000002545	EXP	text_2: flipHoriz = false
7.355170000002545	EXP	text_2: flipVert = false
7.355170000002545	EXP	Feedback: units = "height"
7.355170000002545	EXP	Feedback: ori = 0
7.355170000002545	EXP	Feedback: opacity = 1
7.355170000002545	EXP	Feedback: pos = [0,0]
7.355170000002545	EXP	Feedback: size = undefined
7.355170000002545	EXP	Feedback: text = "default text"
7.355170000002545	EXP	Feedback: font = "Arial"
7.355170000002545	EXP	Feedback: color = {"_rgb":[1,0,0]}
7.355170000002545	EXP	Feedback: contrast = 1
7.355170000002545	EXP	Feedback: height = 0.15
7.355170000002545	EXP	Feedback: bold = false
7.355170000002545	EXP	Feedback: italic = false
7.355170000002545	EXP	Feedback: alignHoriz = "left"
7.355170000002545	EXP	Feedback: alignVert = "center"
7.355170000002545	EXP	Feedback: wrapWidth = 1
7.355170000002545	EXP	Feedback: flipHoriz = false
7.355170000002545	EXP	Feedback: flipVert = false
7.355170000002545	EXP	End_text: units = "height"
7.355170000002545	EXP	End_text: ori = 0
7.355170000002545	EXP	End_text: opacity = 1
7.355170000002545	EXP	End_text: pos = [0,0]
7.355170000002545	EXP	End_text: size = undefined
7.355170000002545	EXP	End_text: text = "This study aimed to look at procedural learning, i.e. our ability to extract patterns from the input that we are constantly receiving. This skill is thought to be essential for language and literacy acquisition and has been suggested as a possible underlying difficult in children with Language Impairments and Dyslexia. This study aims to improve the measures of procedural learning (the smiley face task) so that we can measure procedural learning more reliably and, in the future, analyse the performance of individuals with learning impairments.\nThank you for participating!\n\n----\n\nEste estudo tem como objectivo analisar a nossa capacidade de extrair padrões da informação que estamos constantemente a receber. Pensa-se que esta competência é essencial para a aquisição da linguagem e literacia e foi sugerido que dificuldades neste tipo de competências poderá estar relacionado com perturbações da linguagem e Dislexia. Este estudo tem como objectivo melhorar a estabilidade das medidas usadas para medir este tipo de memória (a tarefa da cara sorridente) de forma a poder medir de forma mais precisa e, no futuro, analisar a performance de indivíduos com perturbações da aprendizagem. \nMuito obrigada por ter participado!"
7.355170000002545	EXP	End_text: font = "Arial"
7.355170000002545	EXP	End_text: color = {"_hex":"#FFFFFF","_rgb":[1,1,1]}
7.355170000002545	EXP	End_text: contrast = 1
7.355170000002545	EXP	End_text: height = 0.025
7.355170000002545	EXP	End_text: bold = false
7.355170000002545	EXP	End_text: italic = false
7.355170000002545	EXP	End_text: alignHoriz = "left"
7.355170000002545	EXP	End_text: alignVert = "center"
7.355170000002545	EXP	End_text: wrapWidth = 1
7.355170000002545	EXP	End_text: flipHoriz = false
7.355170000002545	EXP	End_text: flipVert = false
7.355170000002545	EXP	text: autoDraw = true
10.94967500000348	DATA	Keydown:  
10.980110000000423	EXP	text: autoDraw = false
10.980110000000423	EXP	text_3: autoDraw = true
14.10063000000082	EXP	text_3: autoDraw = false
14.10063000000082	EXP	text_3: autoDraw = false
14.10063000000082	EXP	text_2: autoDraw = true
14.10063000000082	EXP	text_2: text = 0
14.123860000003333	EXP	text_2: text = 33
14.140290000003006	EXP	text_2: text = 49
14.15760500000033	EXP	text_2: text = 67
14.173430000002554	EXP	text_2: text = 83
14.189865000000282	EXP	text_2: text = 99
14.206945000001724	EXP	text_2: text = 116
14.223875000003318	EXP	text_2: text = 133
14.240495000001829	EXP	text_2: text = 150
14.256885000002512	EXP	text_2: text = 166
14.273890000000392	EXP	text_2: text = 183
14.290560000001278	EXP	text_2: text = 200
14.307285000002594	EXP	text_2: text = 217
14.324220000002242	EXP	text_2: text = 234
14.340580000000045	EXP	text_2: text = 250
14.356590000003052	EXP	text_2: text = 266
14.374315000000934	EXP	text_2: text = 284
14.390810000000783	EXP	text_2: text = 300
14.407220000000962	EXP	text_2: text = 317
14.409820000000764	DATA	Keydown:  
14.427600000002712	EXP	text_2: text = 334
14.427600000002712	EXP	text_2: autoDraw = false
14.427600000002712	EXP	Feedback: text = 309
14.427600000002712	EXP	Feedback: autoDraw = true
15.42790000000241	EXP	Feedback: autoDraw = false
15.42790000000241	EXP	Feedback: autoDraw = false
15.42790000000241	EXP	text_3: autoDraw = true
19.472585000003164	EXP	text_3: autoDraw = false
19.472585000003164	EXP	text_3: autoDraw = false
19.472585000003164	EXP	text_2: autoDraw = true
19.472585000003164	EXP	text_2: text = 0
19.487630000003264	EXP	text_2: text = 16
19.504150000000664	EXP	text_2: text = 33
19.520755000001373	EXP	text_2: text = 50
19.537505000000237	EXP	text_2: text = 66
19.55472000000009	EXP	text_2: text = 82
19.571225000003324	EXP	text_2: text = 101
19.587955000002694	EXP	text_2: text = 117
19.60469500000181	EXP	text_2: text = 134
19.6212050000031	EXP	text_2: text = 150
19.637940000000526	EXP	text_2: text = 167
19.654105000001437	EXP	text_2: text = 183
19.671785000002274	EXP	text_2: text = 201
19.688360000000102	EXP	text_2: text = 217
19.70496500000081	EXP	text_2: text = 234
19.721335000002	EXP	text_2: text = 251
19.73794000000271	EXP	text_2: text = 267
19.75489000000016	EXP	text_2: text = 283
19.757770000000164	DATA	Keydown:  
19.774420000001555	EXP	text_2: text = 301
19.774420000001555	EXP	text_2: autoDraw = false
19.774420000001555	EXP	Feedback: text = 285
19.774420000001555	EXP	Feedback: autoDraw = true
20.774185000002035	EXP	Feedback: autoDraw = false
20.774185000002035	EXP	Feedback: autoDraw = false
20.774185000002035	EXP	text_3: autoDraw = true
28.46364000000176	EXP	text_3: autoDraw = false
28.46364000000176	EXP	text_3: autoDraw = false
28.46364000000176	EXP	text_2: autoDraw = true
28.46364000000176	EXP	text_2: text = 0
28.477945000002364	EXP	text_2: text = 16
28.49493000000075	EXP	text_2: text = 33
28.51149500000247	EXP	text_2: text = 50
28.52894500000184	EXP	text_2: text = 67
28.545320000001084	EXP	text_2: text = 84
28.561470000000554	EXP	text_2: text = 99
28.579520000002958	EXP	text_2: text = 117
28.595245000000432	EXP	text_2: text = 132
28.61250000000291	EXP	text_2: text = 150
28.628710000000865	EXP	text_2: text = 167
28.645110000001296	EXP	text_2: text = 183
28.662100000001374	EXP	text_2: text = 200
28.678435000001627	EXP	text_2: text = 217
28.695870000003197	EXP	text_2: text = 234
28.71270000000004	EXP	text_2: text = 251
28.728910000001633	EXP	text_2: text = 267
28.746015000000625	EXP	text_2: text = 283
28.762845000001107	EXP	text_2: text = 301
28.76524000000063	DATA	Keydown:  
28.780735000000277	EXP	text_2: text = 317
28.780735000000277	EXP	text_2: autoDraw = false
28.780735000000277	EXP	Feedback: text = 302
28.780735000000277	EXP	Feedback: autoDraw = true
29.783470000002126	EXP	Feedback: autoDraw = false
29.783470000002126	EXP	Feedback: autoDraw = false
29.783470000002126	EXP	text_3: autoDraw = true
35.36399500000334	EXP	text_3: autoDraw = false
35.36399500000334	EXP	text_3: autoDraw = false
35.36399500000334	EXP	text_2: autoDraw = true
35.36399500000334	EXP	text_2: text = 0
35.38065500000084	EXP	text_2: text = 18
35.39798000000155	EXP	text_2: text = 34
35.41246500000125	EXP	text_2: text = 50
35.429385000003094	EXP	text_2: text = 67
35.44700500000181	EXP	text_2: text = 84
35.463480000002164	EXP	text_2: text = 101
35.480225000002974	EXP	text_2: text = 118
35.49743000000308	EXP	text_2: text = 135
35.513990000003105	EXP	text_2: text = 151
35.530855000000884	EXP	text_2: text = 168
35.547595	EXP	text_2: text = 185
35.56273500000316	EXP	text_2: text = 201
35.577305000002525	EXP	text_2: text = 217
35.59427500000311	EXP	text_2: text = 234
35.61625500000082	EXP	text_2: text = 256
35.629345000001194	EXP	text_2: text = 267
35.64728000000105	EXP	text_2: text = 284
35.6643350000013	EXP	text_2: text = 301
35.681460000003426	EXP	text_2: text = 319
35.68406000000323	DATA	Keydown:  
35.69911000000138	EXP	text_2: text = 335
35.69911000000138	EXP	text_2: autoDraw = false
35.69911000000138	EXP	Feedback: text = 320
35.69911000000138	EXP	Feedback: autoDraw = true
36.70168000000194	EXP	Feedback: autoDraw = false
36.70168000000194	EXP	Feedback: autoDraw = false
36.70168000000194	EXP	text_3: autoDraw = true
42.13370500000019	EXP	text_3: autoDraw = false
42.13370500000019	EXP	text_3: autoDraw = false
42.13370500000019	EXP	text_2: autoDraw = true
42.13370500000019	EXP	text_2: text = 0
42.14806000000317	EXP	text_2: text = 16
42.164505000000645	EXP	text_2: text = 33
42.181735000001936	EXP	text_2: text = 50
42.198270000000775	EXP	text_2: text = 67
42.21505000000252	EXP	text_2: text = 84
42.231410000000324	EXP	text_2: text = 99
42.24819500000012	EXP	text_2: text = 116
42.2651700000024	EXP	text_2: text = 133
42.2815300000002	EXP	text_2: text = 150
42.29871500000081	EXP	text_2: text = 166
42.314995000000636	EXP	text_2: text = 183
42.33186000000205	EXP	text_2: text = 199
42.3486550000016	EXP	text_2: text = 216
42.36577500000203	EXP	text_2: text = 234
42.38212000000203	EXP	text_2: text = 250
42.39897000000201	EXP	text_2: text = 267
42.41554000000178	EXP	text_2: text = 283
42.42431000000215	DATA	Keydown:  
42.4331250000032	EXP	text_2: text = 299
42.4331250000032	EXP	text_2: autoDraw = false
42.4331250000032	EXP	Feedback: text = 291
42.4331250000032	EXP	Feedback: autoDraw = true
43.435285000003205	EXP	Feedback: autoDraw = false
43.435285000003205	EXP	Feedback: autoDraw = false
43.435285000003205	EXP	text_3: autoDraw = true
48.31645000000208	EXP	text_3: autoDraw = false
48.31645000000208	EXP	text_3: autoDraw = false
48.31645000000208	EXP	text_2: autoDraw = true
48.31645000000208	EXP	text_2: text = 0
48.33140000000276	EXP	text_2: text = 14
48.34770500000013	EXP	text_2: text = 32
48.36454500000036	EXP	text_2: text = 48
48.38130000000092	EXP	text_2: text = 66
48.39812500000335	EXP	text_2: text = 81
48.41494500000044	EXP	text_2: text = 99
48.43145000000004	EXP	text_2: text = 116
48.44839000000138	EXP	text_2: text = 131
48.465250000001106	EXP	text_2: text = 149
48.48186000000351	EXP	text_2: text = 166
48.498350000001665	EXP	text_2: text = 183
48.51524000000063	EXP	text_2: text = 198
48.53203000000212	EXP	text_2: text = 216
48.54852500000197	EXP	text_2: text = 233
48.56529000000228	EXP	text_2: text = 249
48.5833100000018	EXP	text_2: text = 266
48.58568500000183	DATA	Keydown:  
48.59942500000034	EXP	text_2: text = 282
48.59942500000034	EXP	text_2: autoDraw = false
48.59942500000034	EXP	Feedback: text = 269
48.59942500000034	EXP	Feedback: autoDraw = true
49.60244500000044	EXP	Feedback: autoDraw = false
49.60244500000044	EXP	Feedback: autoDraw = false
49.60244500000044	EXP	text_3: autoDraw = true
52.158675000002404	EXP	text_3: autoDraw = false
52.158675000002404	EXP	text_3: autoDraw = false
52.158675000002404	EXP	text_2: autoDraw = true
52.158675000002404	EXP	text_2: text = 0
52.17496000000028	EXP	text_2: text = 18
52.19140000000334	EXP	text_2: text = 34
52.20836000000054	EXP	text_2: text = 51
52.22574000000168	EXP	text_2: text = 69
52.24169000000256	EXP	text_2: text = 83
52.25893500000166	EXP	text_2: text = 101
52.27531500000259	EXP	text_2: text = 118
52.291995000003226	EXP	text_2: text = 135
52.30837000000247	EXP	text_2: text = 151
52.32512500000303	EXP	text_2: text = 167
52.34240000000136	EXP	text_2: text = 185
52.35902000000351	EXP	text_2: text = 202
52.37574500000119	EXP	text_2: text = 218
52.392085000003135	EXP	text_2: text = 234
52.40741500000149	EXP	text_2: text = 250
52.42499500000122	EXP	text_2: text = 268
52.4389250000022	EXP	text_2: text = 284
52.46398500000214	EXP	text_2: text = 303
52.47473500000342	EXP	text_2: text = 317
52.492630000000645	EXP	text_2: text = 335
52.50917500000287	EXP	text_2: text = 352
52.51192000000083	DATA	Keydown:  
52.52806000000055	EXP	text_2: text = 369
52.52806000000055	EXP	text_2: autoDraw = false
52.52806000000055	EXP	Feedback: text = 353
52.52806000000055	EXP	Feedback: autoDraw = true
53.52853000000323	EXP	Feedback: autoDraw = false
53.52853000000323	EXP	Feedback: autoDraw = false
53.52853000000323	EXP	text_3: autoDraw = true
60.09566000000268	EXP	text_3: autoDraw = false
60.09566000000268	EXP	text_3: autoDraw = false
60.09566000000268	EXP	text_2: autoDraw = true
60.09566000000268	EXP	text_2: text = 0
60.11214000000109	EXP	text_2: text = 17
60.1296050000019	EXP	text_2: text = 35
60.14621000000261	EXP	text_2: text = 51
60.16312000000107	EXP	text_2: text = 67
60.17965499999991	EXP	text_2: text = 85
60.19604000000254	EXP	text_2: text = 101
60.213260000000446	EXP	text_2: text = 118
60.23042500000156	EXP	text_2: text = 134
60.2480850000029	EXP	text_2: text = 152
60.26329500000065	EXP	text_2: text = 169
60.27970000000278	EXP	text_2: text = 185
60.29702500000349	EXP	text_2: text = 202
60.313795000001846	EXP	text_2: text = 219
60.330285	EXP	text_2: text = 236
60.34694500000114	EXP	text_2: text = 252
60.363735000002634	EXP	text_2: text = 269
60.374205000000075	DATA	Keydown:  
60.38297500000044	EXP	text_2: text = 287
60.38297500000044	EXP	text_2: autoDraw = false
60.38297500000044	EXP	Feedback: text = 279
60.38297500000044	EXP	Feedback: autoDraw = true
61.384030000001076	EXP	Feedback: autoDraw = false
61.384030000001076	EXP	Feedback: autoDraw = false
61.384030000001076	EXP	text_3: autoDraw = true
63.523260000001756	EXP	text_3: autoDraw = false
63.523260000001756	EXP	text_3: autoDraw = false
63.523260000001756	EXP	text_2: autoDraw = true
63.523260000001756	EXP	text_2: text = 0
63.5384750000012	EXP	text_2: text = 17
63.555005000001984	EXP	text_2: text = 32
63.57209000000148	EXP	text_2: text = 49
63.5886900000005	EXP	text_2: text = 67
63.605420000003505	EXP	text_2: text = 84
63.6212200000009	EXP	text_2: text = 100
63.63906500000303	EXP	text_2: text = 117
63.655525000001944	EXP	text_2: text = 134
63.67267500000162	EXP	text_2: text = 151
63.689100000003236	EXP	text_2: text = 167
63.70590000000084	EXP	text_2: text = 184
63.72250000000349	EXP	text_2: text = 201
63.73925500000041	EXP	text_2: text = 217
63.75590000000011	EXP	text_2: text = 234
63.77247500000158	EXP	text_2: text = 251
63.78910000000178	EXP	text_2: text = 268
63.80561000000307	EXP	text_2: text = 283
63.82285000000047	EXP	text_2: text = 301
63.83965000000171	EXP	text_2: text = 317
63.842210000002524	DATA	Keydown:  
63.85714000000007	EXP	text_2: text = 333
63.85714000000007	EXP	text_2: autoDraw = false
63.85714000000007	EXP	Feedback: text = 319
63.85714000000007	EXP	Feedback: autoDraw = true
64.85868000000119	EXP	Feedback: autoDraw = false
64.85868000000119	EXP	Feedback: autoDraw = false
64.85868000000119	EXP	text_3: autoDraw = true
70.99282000000312	EXP	text_3: autoDraw = false
70.99282000000312	EXP	text_3: autoDraw = false
70.99282000000312	EXP	text_2: autoDraw = true
70.99282000000312	EXP	text_2: text = 0
71.00863500000196	EXP	text_2: text = 18
71.02506500000163	EXP	text_2: text = 34
71.04007000000274	EXP	text_2: text = 50
71.05935500000123	EXP	text_2: text = 69
71.07528000000093	EXP	text_2: text = 85
71.0920100000003	EXP	text_2: text = 101
71.10852000000159	EXP	text_2: text = 117
71.12620000000243	EXP	text_2: text = 135
71.14243000000351	EXP	text_2: text = 152
71.1588550000015	EXP	text_2: text = 168
71.17554000000018	EXP	text_2: text = 185
71.19144000000233	EXP	text_2: text = 200
71.20910000000003	EXP	text_2: text = 218
71.22572500000024	EXP	text_2: text = 235
71.24055500000031	EXP	text_2: text = 252
71.24717000000237	DATA	Keydown:  
71.26123000000007	EXP	text_2: text = 271
71.26123000000007	EXP	text_2: autoDraw = false
71.26123000000007	EXP	Feedback: text = 254
71.26123000000007	EXP	Feedback: autoDraw = true
72.26503500000035	EXP	Feedback: autoDraw = false
72.26503500000035	EXP	Feedback: autoDraw = false
72.26503500000035	EXP	text_3: autoDraw = true
77.27594000000317	EXP	text_3: autoDraw = false
77.27594000000317	EXP	text_3: autoDraw = false
77.27594000000317	EXP	text_2: autoDraw = true
77.27594000000317	EXP	text_2: text = 0
77.29204500000196	EXP	text_2: text = 18
77.30965500000093	EXP	text_2: text = 34
77.32540000000154	EXP	text_2: text = 51
77.34270500000275	EXP	text_2: text = 68
77.3593400000027	EXP	text_2: text = 85
77.37574000000313	EXP	text_2: text = 101
77.39223500000298	EXP	text_2: text = 118
77.40896500000235	EXP	text_2: text = 135
77.42555500000162	EXP	text_2: text = 151
77.44231000000218	EXP	text_2: text = 168
77.4589100000012	EXP	text_2: text = 185
77.47554500000115	EXP	text_2: text = 201
77.49256500000047	EXP	text_2: text = 218
77.50878500000181	EXP	text_2: text = 234
77.52586000000156	EXP	text_2: text = 252
77.54242000000158	EXP	text_2: text = 267
77.55939500000022	EXP	text_2: text = 285
77.57588500000202	EXP	text_2: text = 302
77.5830500000011	DATA	Keydown:  
77.5944500000005	EXP	text_2: text = 318
77.5944500000005	EXP	text_2: autoDraw = false
77.5944500000005	EXP	Feedback: text = 307
77.5944500000005	EXP	Feedback: autoDraw = true
78.59622500000114	EXP	Feedback: autoDraw = false
78.59622500000114	EXP	Feedback: autoDraw = false
78.59622500000114	EXP	text_3: autoDraw = true
84.36301500000263	EXP	text_3: autoDraw = false
84.36301500000263	EXP	text_3: autoDraw = false
84.36301500000263	EXP	text_2: autoDraw = true
84.36301500000263	EXP	text_2: text = 0
84.3771650000017	EXP	text_2: text = 16
84.39420500000051	EXP	text_2: text = 32
84.411035000001	EXP	text_2: text = 50
84.4274800000021	EXP	text_2: text = 66
84.44516000000294	EXP	text_2: text = 84
84.46085500000117	EXP	text_2: text = 100
84.47801000000254	EXP	text_2: text = 117
84.49426000000312	EXP	text_2: text = 134
84.51201000000219	EXP	text_2: text = 151
84.52800500000012	EXP	text_2: text = 166
84.54486000000179	EXP	text_2: text = 182
84.56157000000167	EXP	text_2: text = 200
84.57819000000018	EXP	text_2: text = 217
84.59468500000003	EXP	text_2: text = 234
84.6105000000025	EXP	text_2: text = 251
84.6273000000001	EXP	text_2: text = 268
84.64144000000306	DATA	Keydown:  
84.64604000000327	EXP	text_2: text = 286
84.64604000000327	EXP	text_2: autoDraw = false
84.64604000000327	EXP	Feedback: text = 278
84.64604000000327	EXP	Feedback: autoDraw = true
85.64839000000211	EXP	Feedback: autoDraw = false
85.64839000000211	EXP	Feedback: autoDraw = false
85.64839000000211	EXP	text_3: autoDraw = true
94.02160500000173	EXP	text_3: autoDraw = false
94.02160500000173	EXP	text_3: autoDraw = false
94.02160500000173	EXP	text_2: autoDraw = true
94.02160500000173	EXP	text_2: text = 0
94.03654000000097	EXP	text_2: text = 17
94.05307000000175	EXP	text_2: text = 32
94.07094500000312	EXP	text_2: text = 51
94.08682000000044	EXP	text_2: text = 66
94.10343000000285	EXP	text_2: text = 84
94.12049500000285	EXP	text_2: text = 99
94.13704500000313	EXP	text_2: text = 117
94.15307500000199	EXP	text_2: text = 133
94.17093000000023	EXP	text_2: text = 151
94.18769000000248	EXP	text_2: text = 168
94.20412000000215	EXP	text_2: text = 184
94.22041500000341	EXP	text_2: text = 201
94.23672000000079	EXP	text_2: text = 216
94.25357500000246	EXP	text_2: text = 234
94.2708150000035	EXP	text_2: text = 251
94.28720500000054	EXP	text_2: text = 267
94.30241500000193	EXP	text_2: text = 283
94.30943000000116	DATA	Keydown:  
94.3228850000014	EXP	text_2: text = 301
94.3228850000014	EXP	text_2: autoDraw = false
94.3228850000014	EXP	Feedback: text = 288
94.3228850000014	EXP	Feedback: autoDraw = true
95.32396000000153	EXP	Feedback: autoDraw = false
95.32396000000153	EXP	Feedback: autoDraw = false
95.32396000000153	EXP	text_3: autoDraw = true
102.32749500000136	EXP	text_3: autoDraw = false
102.32749500000136	EXP	text_3: autoDraw = false
102.32749500000136	EXP	text_2: autoDraw = true
102.32749500000136	EXP	text_2: text = 0
102.34166000000187	EXP	text_2: text = 16
102.35889500000121	EXP	text_2: text = 33
102.3749800000005	EXP	text_2: text = 49
102.39237000000139	EXP	text_2: text = 67
102.40914000000339	EXP	text_2: text = 83
102.42600000000311	EXP	text_2: text = 100
102.44274500000029	EXP	text_2: text = 117
102.45902500000011	EXP	text_2: text = 134
102.47603000000163	EXP	text_2: text = 149
102.49239500000112	EXP	text_2: text = 167
102.50911000000269	EXP	text_2: text = 183
102.52611500000057	EXP	text_2: text = 201
102.5426550000011	EXP	text_2: text = 217
102.55911000000197	EXP	text_2: text = 233
102.57616000000053	EXP	text_2: text = 249
102.59236000000237	EXP	text_2: text = 266
102.60991000000286	EXP	text_2: text = 284
102.62634000000253	EXP	text_2: text = 301
102.64220000000205	EXP	text_2: text = 317
102.65705500000331	DATA	Keydown:  
102.66175000000294	EXP	text_2: text = 337
102.66175000000294	EXP	text_2: autoDraw = false
102.66175000000294	EXP	Feedback: text = 330
102.66175000000294	EXP	Feedback: autoDraw = true
103.6636150000013	EXP	Feedback: autoDraw = false
103.6636150000013	EXP	Feedback: autoDraw = false
103.6636150000013	EXP	text_3: autoDraw = true
111.76926500000263	EXP	text_3: autoDraw = false
111.76926500000263	EXP	text_3: autoDraw = false
111.76926500000263	EXP	text_2: autoDraw = true
111.76926500000263	EXP	text_2: text = 0
111.78342500000144	EXP	text_2: text = 15
111.80086500000107	EXP	text_2: text = 33
111.81736500000261	EXP	text_2: text = 50
111.83388500000001	EXP	text_2: text = 65
111.85066000000006	EXP	text_2: text = 83
111.86825500000123	EXP	text_2: text = 101
111.88499500000034	EXP	text_2: text = 117
111.90109000000302	EXP	text_2: text = 134
111.91774500000247	EXP	text_2: text = 150
111.93465000000288	EXP	text_2: text = 166
111.95124000000214	EXP	text_2: text = 184
111.96735500000068	EXP	text_2: text = 199
111.984760000003	EXP	text_2: text = 217
112.00168500000291	EXP	text_2: text = 234
112.01856000000043	EXP	text_2: text = 251
112.03486000000339	EXP	text_2: text = 267
112.05155500000183	EXP	text_2: text = 284
112.0681450000011	EXP	text_2: text = 301
112.07062000000224	DATA	Keydown:  
112.08745500000077	EXP	text_2: text = 318
112.08745500000077	EXP	text_2: autoDraw = false
112.08745500000077	EXP	Feedback: text = 301
112.08745500000077	EXP	Feedback: autoDraw = true
113.08882000000085	EXP	Feedback: autoDraw = false
113.08882000000085	EXP	Feedback: autoDraw = false
113.08882000000085	EXP	text_3: autoDraw = true
116.48194500000318	EXP	text_3: autoDraw = false
116.48194500000318	EXP	text_3: autoDraw = false
116.48194500000318	EXP	text_2: autoDraw = true
116.48194500000318	EXP	text_2: text = 0
116.49674500000037	EXP	text_2: text = 14
116.51326000000336	EXP	text_2: text = 31
116.53002000000197	EXP	text_2: text = 49
116.54683500000101	EXP	text_2: text = 65
116.56390000000101	EXP	text_2: text = 82
116.58026000000245	EXP	text_2: text = 99
116.5968950000024	EXP	text_2: text = 116
116.61362000000008	EXP	text_2: text = 132
116.62981000000218	EXP	text_2: text = 148
116.64756500000294	EXP	text_2: text = 166
116.66404500000135	EXP	text_2: text = 183
116.68053500000315	EXP	text_2: text = 199
116.69764000000214	EXP	text_2: text = 216
116.7139900000002	EXP	text_2: text = 233
116.73045000000275	EXP	text_2: text = 249
116.74820500000351	EXP	text_2: text = 267
116.761985000001	EXP	text_2: text = 282
116.7816700000003	EXP	text_2: text = 300
116.79747000000134	EXP	text_2: text = 315
116.81352000000334	EXP	text_2: text = 332
116.82551500000045	DATA	Keydown:  
116.84839000000284	EXP	text_2: text = 368
116.84839000000284	EXP	text_2: autoDraw = false
116.84839000000284	EXP	Feedback: text = 344
116.84839000000284	EXP	Feedback: autoDraw = true
117.85112500000105	EXP	Feedback: autoDraw = false
117.85112500000105	EXP	Feedback: autoDraw = false
117.85112500000105	EXP	text_3: autoDraw = true
120.07391500000085	EXP	text_3: autoDraw = false
120.07391500000085	EXP	text_3: autoDraw = false
120.07391500000085	EXP	text_2: autoDraw = true
120.07391500000085	EXP	text_2: text = 0
120.08916500000123	EXP	text_2: text = 17
120.10712000000058	EXP	text_2: text = 35
120.12307500000315	EXP	text_2: text = 51
120.13938000000053	EXP	text_2: text = 68
120.15743000000293	EXP	text_2: text = 86
120.1730000000025	EXP	text_2: text = 101
120.19003500000326	EXP	text_2: text = 118
120.20677000000069	EXP	text_2: text = 135
120.22338500000114	EXP	text_2: text = 152
120.2397200000014	EXP	text_2: text = 168
120.2569250000015	EXP	text_2: text = 186
120.2735900000007	EXP	text_2: text = 202
120.29024000000209	EXP	text_2: text = 218
120.30661000000327	EXP	text_2: text = 235
120.32375500000126	EXP	text_2: text = 252
120.34023000000161	EXP	text_2: text = 268
120.35698500000217	EXP	text_2: text = 285
120.37383500000215	EXP	text_2: text = 301
120.39034500000344	EXP	text_2: text = 318
120.40644000000248	EXP	text_2: text = 334
120.41157000000021	DATA	Keydown:  
120.42604500000016	EXP	text_2: text = 352
120.42604500000016	EXP	text_2: autoDraw = false
120.42604500000016	EXP	Feedback: text = 338
120.42604500000016	EXP	Feedback: autoDraw = true
121.42661000000226	EXP	Feedback: autoDraw = false
121.42661000000226	EXP	Feedback: autoDraw = false
121.42661000000226	EXP	text_3: autoDraw = true
125.70602000000144	EXP	text_3: autoDraw = false
125.70602000000144	EXP	text_3: autoDraw = false
125.70602000000144	EXP	text_2: autoDraw = true
125.70602000000144	EXP	text_2: text = 0
125.72155500000008	EXP	text_2: text = 17
125.73822000000291	EXP	text_2: text = 34
125.75478000000294	EXP	text_2: text = 50
125.77123500000016	EXP	text_2: text = 67
125.78822500000024	EXP	text_2: text = 83
125.80469500000254	EXP	text_2: text = 100
125.82138000000123	EXP	text_2: text = 117
125.83841500000199	EXP	text_2: text = 134
125.85452000000078	EXP	text_2: text = 149
125.87246000000232	EXP	text_2: text = 168
125.88852000000043	EXP	text_2: text = 183
125.90458500000022	EXP	text_2: text = 199
125.92205500000273	EXP	text_2: text = 217
125.93859500000326	EXP	text_2: text = 234
125.95495500000106	EXP	text_2: text = 250
125.97195000000283	EXP	text_2: text = 267
125.98903000000064	EXP	text_2: text = 285
126.00552500000049	EXP	text_2: text = 301
126.021850000001	EXP	text_2: text = 317
126.0333750000027	DATA	Keydown:  
126.0418000000027	EXP	text_2: text = 336
126.0418000000027	EXP	text_2: autoDraw = false
126.0418000000027	EXP	Feedback: text = 328
126.0418000000027	EXP	Feedback: autoDraw = true
127.04270000000179	EXP	Feedback: autoDraw = false
127.04270000000179	EXP	Feedback: autoDraw = false
127.04270000000179	EXP	text_3: autoDraw = true
129.2652100000014	EXP	text_3: autoDraw = false
129.2652100000014	EXP	text_3: autoDraw = false
129.2652100000014	EXP	text_2: autoDraw = true
129.2652100000014	EXP	text_2: text = 0
129.28206500000306	EXP	text_2: text = 20
129.29738500000167	EXP	text_2: text = 34
129.31443000000218	EXP	text_2: text = 50
129.33130500000334	EXP	text_2: text = 68
129.34799000000203	EXP	text_2: text = 85
129.36258500000258	EXP	text_2: text = 101
129.38026500000342	EXP	text_2: text = 119
129.39592000000266	EXP	text_2: text = 135
129.41696500000035	EXP	text_2: text = 154
129.43132500000138	EXP	text_2: text = 168
129.4479050000009	EXP	text_2: text = 185
129.46464000000196	EXP	text_2: text = 200
129.48156500000186	EXP	text_2: text = 217
129.49793500000305	EXP	text_2: text = 235
129.51412000000346	EXP	text_2: text = 250
129.5316950000015	EXP	text_2: text = 268
129.54817500000354	EXP	text_2: text = 284
129.5573050000021	DATA	Keydown:  
129.56557000000248	EXP	text_2: text = 301
129.56557000000248	EXP	text_2: autoDraw = false
129.56557000000248	EXP	Feedback: text = 292
129.56557000000248	EXP	Feedback: autoDraw = true
130.56861500000014	EXP	Feedback: autoDraw = false
130.56861500000014	EXP	Feedback: autoDraw = false
130.56861500000014	EXP	text_3: autoDraw = true
135.31529000000228	EXP	text_3: autoDraw = false
135.31529000000228	EXP	text_3: autoDraw = false
135.31529000000228	EXP	text_2: autoDraw = true
135.31529000000228	EXP	text_2: text = 0
135.33058000000165	EXP	text_2: text = 17
135.34710000000268	EXP	text_2: text = 33
135.36366500000076	EXP	text_2: text = 50
135.38006000000314	EXP	text_2: text = 66
135.39764500000092	EXP	text_2: text = 84
135.41413000000102	EXP	text_2: text = 101
135.4308400000009	EXP	text_2: text = 117
135.447365	EXP	text_2: text = 134
135.46394000000146	EXP	text_2: text = 150
135.48049500000343	EXP	text_2: text = 167
135.49755500000174	EXP	text_2: text = 184
135.51425000000017	EXP	text_2: text = 200
135.53092000000106	EXP	text_2: text = 217
135.54747500000303	EXP	text_2: text = 233
135.56437500000175	EXP	text_2: text = 251
135.58105500000238	EXP	text_2: text = 267
135.59925000000294	EXP	text_2: text = 285
135.60145000000193	DATA	Keydown:  
135.61643000000186	EXP	text_2: text = 301
135.61643000000186	EXP	text_2: autoDraw = false
135.61643000000186	EXP	Feedback: text = 286
135.61643000000186	EXP	Feedback: autoDraw = true
136.61697000000277	EXP	Feedback: autoDraw = false
136.61697000000277	EXP	Feedback: autoDraw = false
136.61697000000277	EXP	text_3: autoDraw = true
145.67654500000208	EXP	text_3: autoDraw = false
145.67654500000208	EXP	text_3: autoDraw = false
145.67654500000208	EXP	text_2: autoDraw = true
145.67654500000208	EXP	text_2: text = 0
145.69042000000263	EXP	text_2: text = 17
145.7080100000021	EXP	text_2: text = 34
145.7257950000021	EXP	text_2: text = 52
145.7410050000035	EXP	text_2: text = 68
145.75848000000042	EXP	text_2: text = 85
145.7749700000022	EXP	text_2: text = 101
145.79165000000285	EXP	text_2: text = 118
145.80835500000103	EXP	text_2: text = 135
145.82502000000022	EXP	text_2: text = 151
145.84119000000283	EXP	text_2: text = 167
145.85897500000283	EXP	text_2: text = 185
145.87531500000114	EXP	text_2: text = 202
145.89198500000202	EXP	text_2: text = 218
145.9085500000001	EXP	text_2: text = 235
145.92514500000107	EXP	text_2: text = 252
145.94229500000074	EXP	text_2: text = 267
145.9587250000004	EXP	text_2: text = 285
145.97604500000307	EXP	text_2: text = 302
145.97834500000317	DATA	Keydown:  
145.9943250000033	EXP	text_2: text = 319
145.9943250000033	EXP	text_2: autoDraw = false
145.9943250000033	EXP	Feedback: text = 302
145.9943250000033	EXP	Feedback: autoDraw = true
146.9947650000031	EXP	Feedback: autoDraw = false
146.9947650000031	EXP	Feedback: autoDraw = false
146.9947650000031	EXP	text_3: autoDraw = true
156.30520500000057	EXP	text_3: autoDraw = false
156.30520500000057	EXP	text_3: autoDraw = false
156.30520500000057	EXP	text_2: autoDraw = true
156.30520500000057	EXP	text_2: text = 0
156.31965000000127	EXP	text_2: text = 16
156.335750000002	EXP	text_2: text = 31
156.35232000000178	EXP	text_2: text = 51
156.36912000000302	EXP	text_2: text = 68
156.38562000000093	EXP	text_2: text = 84
156.4061950000032	EXP	text_2: text = 102
156.4166400000031	EXP	text_2: text = 115
156.4367650000022	EXP	text_2: text = 132
156.45308000000296	EXP	text_2: text = 148
156.4697950000009	EXP	text_2: text = 167
156.4866750000001	EXP	text_2: text = 183
156.5035650000027	EXP	text_2: text = 199
156.52046000000337	EXP	text_2: text = 215
156.53706000000238	EXP	text_2: text = 233
156.55413000000044	EXP	text_2: text = 250
156.57053500000256	EXP	text_2: text = 267
156.58738000000085	EXP	text_2: text = 283
156.59068500000285	DATA	Keydown:  
156.60713500000202	EXP	text_2: text = 302
156.60713500000202	EXP	text_2: autoDraw = false
156.60713500000202	EXP	Feedback: text = 286
156.60713500000202	EXP	Feedback: autoDraw = true
157.60627999999997	EXP	Feedback: autoDraw = false
157.60627999999997	EXP	Feedback: autoDraw = false
157.60627999999997	EXP	text_3: autoDraw = true
162.80553000000145	EXP	text_3: autoDraw = false
162.80553000000145	EXP	text_3: autoDraw = false
162.80553000000145	EXP	text_2: autoDraw = true
162.80553000000145	EXP	text_2: text = 0
162.82036000000153	EXP	text_2: text = 15
162.83717000000252	EXP	text_2: text = 33
162.8537400000023	EXP	text_2: text = 50
162.87044000000242	EXP	text_2: text = 66
162.88725500000146	EXP	text_2: text = 82
162.90441000000283	EXP	text_2: text = 101
162.92107000000033	EXP	text_2: text = 117
162.93747500000245	EXP	text_2: text = 134
162.95377500000177	EXP	text_2: text = 152
162.96952000000238	EXP	text_2: text = 166
162.98614500000258	EXP	text_2: text = 183
163.00319500000114	EXP	text_2: text = 201
163.02072000000044	EXP	text_2: text = 219
163.03754500000286	EXP	text_2: text = 234
163.054540000001	EXP	text_2: text = 251
163.07127500000206	EXP	text_2: text = 267
163.08800000000338	EXP	text_2: text = 284
163.10463500000333	EXP	text_2: text = 301
163.12160500000027	EXP	text_2: text = 317
163.1240800000014	DATA	Keydown:  
163.13890000000174	EXP	text_2: text = 333
163.13890000000174	EXP	text_2: autoDraw = false
163.13890000000174	EXP	Feedback: text = 319
163.13890000000174	EXP	Feedback: autoDraw = true
164.141345	EXP	Feedback: autoDraw = false
164.141345	EXP	Feedback: autoDraw = false
164.141345	EXP	text_3: autoDraw = true
168.35334500000317	EXP	text_3: autoDraw = false
168.35334500000317	EXP	text_3: autoDraw = false
168.35334500000317	EXP	text_2: autoDraw = true
168.35334500000317	EXP	text_2: text = 0
168.3684600000015	EXP	text_2: text = 15
168.38484000000244	EXP	text_2: text = 32
168.4024550000031	EXP	text_2: text = 50
168.4162400000023	EXP	text_2: text = 65
168.43577500000174	EXP	text_2: text = 83
168.45234000000346	EXP	text_2: text = 100
168.4688900000001	EXP	text_2: text = 117
168.48542500000258	EXP	text_2: text = 133
168.50312000000122	EXP	text_2: text = 151
168.51946500000122	EXP	text_2: text = 167
168.5357350000013	EXP	text_2: text = 184
168.5516150000003	EXP	text_2: text = 199
168.56925500000216	EXP	text_2: text = 216
168.58522000000085	EXP	text_2: text = 233
168.60275500000353	EXP	text_2: text = 251
168.6189250000025	EXP	text_2: text = 269
168.63474500000302	EXP	text_2: text = 283
168.64981000000262	EXP	text_2: text = 299
168.65255000000252	DATA	Keydown:  
168.67244500000015	EXP	text_2: text = 320
168.67244500000015	EXP	text_2: autoDraw = false
168.67244500000015	EXP	Feedback: text = 299
168.67244500000015	EXP	Feedback: autoDraw = true
169.6729200000009	EXP	Feedback: autoDraw = false
169.6729200000009	EXP	Feedback: autoDraw = false
169.6729200000009	EXP	text_3: autoDraw = true
176.47664000000077	EXP	text_3: autoDraw = false
176.47664000000077	EXP	text_3: autoDraw = false
176.47664000000077	EXP	text_2: autoDraw = true
176.47664000000077	EXP	text_2: text = 0
176.49012500000026	EXP	text_2: text = 15
176.50707500000135	EXP	text_2: text = 32
176.52363500000138	EXP	text_2: text = 49
176.53974500000186	EXP	text_2: text = 64
176.5568400000011	EXP	text_2: text = 82
176.5739250000006	EXP	text_2: text = 98
176.59079000000202	EXP	text_2: text = 115
176.6074750000007	EXP	text_2: text = 132
176.62389000000258	EXP	text_2: text = 148
176.63997999999992	EXP	text_2: text = 165
176.65771000000314	EXP	text_2: text = 183
176.6743400000014	EXP	text_2: text = 199
176.69088000000193	EXP	text_2: text = 216
176.7075950000035	EXP	text_2: text = 233
176.72420000000056	EXP	text_2: text = 250
176.73857000000135	EXP	text_2: text = 265
176.7522650000028	DATA	Keydown:  
176.76133000000118	EXP	text_2: text = 285
176.76133000000118	EXP	text_2: autoDraw = false
176.76133000000118	EXP	Feedback: text = 276
176.76133000000118	EXP	Feedback: autoDraw = true
177.76045000000158	EXP	Feedback: autoDraw = false
177.76045000000158	EXP	Feedback: autoDraw = false
177.76045000000158	EXP	text_3: autoDraw = true
187.13625500000126	EXP	text_3: autoDraw = false
187.13625500000126	EXP	text_3: autoDraw = false
187.13625500000126	EXP	text_2: autoDraw = true
187.13625500000126	EXP	text_2: text = 0
187.14967000000252	EXP	text_2: text = 16
187.16804500000217	EXP	text_2: text = 34
187.18567000000257	EXP	text_2: text = 51
187.20209500000055	EXP	text_2: text = 68
187.2187150000027	EXP	text_2: text = 83
187.23539000000164	EXP	text_2: text = 103
187.25051500000336	EXP	text_2: text = 117
187.28219000000172	EXP	text_2: text = 148
187.3026400000017	EXP	text_2: text = 168
187.3188500000033	EXP	text_2: text = 185
187.33526500000153	EXP	text_2: text = 201
187.35278500000277	EXP	text_2: text = 218
187.36942000000272	EXP	text_2: text = 235
187.38633000000118	EXP	text_2: text = 250
187.40286500000002	EXP	text_2: text = 268
187.41964000000007	EXP	text_2: text = 285
187.43697500000053	EXP	text_2: text = 301
187.4396400000005	DATA	Keydown:  
187.4544500000011	EXP	text_2: text = 318
187.4544500000011	EXP	text_2: autoDraw = false
187.4544500000011	EXP	Feedback: text = 303
187.4544500000011	EXP	Feedback: autoDraw = true
188.45642000000225	EXP	Feedback: autoDraw = false
188.45642000000225	EXP	Feedback: autoDraw = false
188.45642000000225	EXP	text_3: autoDraw = true
190.8632400000024	EXP	text_3: autoDraw = false
190.8632400000024	EXP	text_3: autoDraw = false
190.8632400000024	EXP	text_2: autoDraw = true
190.8632400000024	EXP	text_2: text = 0
190.8776050000015	EXP	text_2: text = 15
190.89432000000306	EXP	text_2: text = 31
190.91149000000223	EXP	text_2: text = 48
190.9277750000001	EXP	text_2: text = 65
190.94442000000345	EXP	text_2: text = 81
190.96154000000024	EXP	text_2: text = 98
190.97803000000204	EXP	text_2: text = 115
190.99473500000022	EXP	text_2: text = 132
191.01146500000323	EXP	text_2: text = 149
191.02959000000192	EXP	text_2: text = 166
191.04608500000177	EXP	text_2: text = 183
191.06271500000003	EXP	text_2: text = 199
191.07889500000238	EXP	text_2: text = 216
191.09602500000256	EXP	text_2: text = 233
191.11306000000332	EXP	text_2: text = 249
191.12863500000094	EXP	text_2: text = 268
191.14614500000243	EXP	text_2: text = 285
191.1639350000005	DATA	Keydown:  
191.18255500000305	EXP	text_2: text = 320
191.18255500000305	EXP	text_2: autoDraw = false
191.18255500000305	EXP	Feedback: text = 301
191.18255500000305	EXP	Feedback: autoDraw = true
192.18207000000257	EXP	Feedback: autoDraw = false
192.18207000000257	EXP	Feedback: autoDraw = false
192.18207000000257	EXP	text_3: autoDraw = true
196.96340000000055	EXP	text_3: autoDraw = false
196.96340000000055	EXP	text_3: autoDraw = false
196.96340000000055	EXP	text_2: autoDraw = true
196.96340000000055	EXP	text_2: text = 0
196.97807500000272	EXP	text_2: text = 15
196.99581000000035	EXP	text_2: text = 34
197.01142000000254	EXP	text_2: text = 49
197.02876500000275	EXP	text_2: text = 67
197.04527000000235	EXP	text_2: text = 84
197.06182500000068	EXP	text_2: text = 100
197.07891500000187	EXP	text_2: text = 117
197.0952000000034	EXP	text_2: text = 133
197.11192500000107	EXP	text_2: text = 150
197.1288600000007	EXP	text_2: text = 166
197.14536000000226	EXP	text_2: text = 184
197.1620400000029	EXP	text_2: text = 200
197.17871000000014	EXP	text_2: text = 217
197.19379000000117	EXP	text_2: text = 233
197.21242000000348	EXP	text_2: text = 249
197.2290150000008	EXP	text_2: text = 267
197.2459050000034	EXP	text_2: text = 284
197.26233000000138	EXP	text_2: text = 300
197.27902000000176	EXP	text_2: text = 317
197.29669000000285	EXP	text_2: text = 334
197.29887000000235	DATA	Keydown:  
197.31421500000215	EXP	text_2: text = 351
197.31421500000215	EXP	text_2: autoDraw = false
197.31421500000215	EXP	Feedback: text = 336
197.31421500000215	EXP	Feedback: autoDraw = true
198.315125000001	EXP	Feedback: autoDraw = false
198.315125000001	EXP	Feedback: autoDraw = false
198.315125000001	EXP	text_3: autoDraw = true
202.2948600000018	EXP	text_3: autoDraw = false
202.2948600000018	EXP	text_3: autoDraw = false
202.2948600000018	EXP	text_2: autoDraw = true
202.2948600000018	EXP	text_2: text = 0
202.30917000000045	EXP	text_2: text = 16
202.32526000000144	EXP	text_2: text = 32
202.34268500000326	EXP	text_2: text = 50
202.35976500000106	EXP	text_2: text = 67
202.37605000000258	EXP	text_2: text = 83
202.39262000000235	EXP	text_2: text = 100
202.40898000000016	EXP	text_2: text = 116
202.42646500000046	EXP	text_2: text = 134
202.44293000000107	EXP	text_2: text = 150
202.45945500000016	EXP	text_2: text = 167
202.4762300000002	EXP	text_2: text = 182
202.4932000000008	EXP	text_2: text = 199
202.5099850000006	EXP	text_2: text = 217
202.52646500000264	EXP	text_2: text = 234
202.54261000000042	EXP	text_2: text = 250
202.56056000000171	EXP	text_2: text = 267
202.57677500000136	EXP	text_2: text = 283
202.59330000000045	EXP	text_2: text = 299
202.6099600000016	EXP	text_2: text = 317
202.61392000000342	DATA	Keydown:  
202.6273250000013	EXP	text_2: text = 333
202.6273250000013	EXP	text_2: autoDraw = false
202.6273250000013	EXP	Feedback: text = 319
202.6273250000013	EXP	Feedback: autoDraw = true
203.61406500000157	EXP	Feedback: autoDraw = false
203.61406500000157	EXP	Feedback: autoDraw = false
203.61406500000157	EXP	text_3: autoDraw = true
206.40442500000063	EXP	text_3: autoDraw = false
206.40442500000063	EXP	text_3: autoDraw = false
206.40442500000063	EXP	text_2: autoDraw = true
206.40442500000063	EXP	text_2: text = 0
206.41952500000116	EXP	text_2: text = 16
206.43721500000174	EXP	text_2: text = 34
206.45362000000023	EXP	text_2: text = 51
206.46970000000147	EXP	text_2: text = 66
206.48778500000117	EXP	text_2: text = 85
206.50369000000137	EXP	text_2: text = 101
206.5205050000004	EXP	text_2: text = 116
206.53663000000233	EXP	text_2: text = 133
206.5547000000006	EXP	text_2: text = 151
206.5684650000003	EXP	text_2: text = 168
206.5865350000022	EXP	text_2: text = 186
206.6014200000027	EXP	text_2: text = 201
206.6206200000015	EXP	text_2: text = 220
206.63764500000252	EXP	text_2: text = 234
206.65400500000032	EXP	text_2: text = 251
206.67107500000202	EXP	text_2: text = 267
206.68751500000144	EXP	text_2: text = 285
206.70419000000038	EXP	text_2: text = 301
206.72135000000344	EXP	text_2: text = 318
206.72382500000094	DATA	Keydown:  
206.73890500000198	EXP	text_2: text = 334
206.73890500000198	EXP	text_2: autoDraw = false
206.73890500000198	EXP	Feedback: text = 319
206.73890500000198	EXP	Feedback: autoDraw = true
207.7401600000012	EXP	Feedback: autoDraw = false
207.7401600000012	EXP	Feedback: autoDraw = false
207.7401600000012	EXP	text_3: autoDraw = true
214.4592300000004	EXP	text_3: autoDraw = false
214.4592300000004	EXP	text_3: autoDraw = false
214.4592300000004	EXP	text_2: autoDraw = true
214.4592300000004	EXP	text_2: text = 0
214.47418500000276	EXP	text_2: text = 17
214.49175500000274	EXP	text_2: text = 34
214.5085450000006	EXP	text_2: text = 51
214.52544500000295	EXP	text_2: text = 67
214.54186000000118	EXP	text_2: text = 85
214.5581250000032	EXP	text_2: text = 100
214.57580000000235	EXP	text_2: text = 118
214.5921150000031	EXP	text_2: text = 134
214.60869000000093	EXP	text_2: text = 152
214.62495000000126	EXP	text_2: text = 167
214.6420700000017	EXP	text_2: text = 184
214.65833500000008	EXP	text_2: text = 200
214.67487000000256	EXP	text_2: text = 217
214.6927050000013	EXP	text_2: text = 235
214.70910000000003	EXP	text_2: text = 252
214.7253700000001	EXP	text_2: text = 268
214.7430650000024	EXP	text_2: text = 286
214.75914000000193	EXP	text_2: text = 301
214.761730000002	DATA	Keydown:  
214.776170000001	EXP	text_2: text = 319
214.776170000001	EXP	text_2: autoDraw = false
214.776170000001	EXP	Feedback: text = 303
214.776170000001	EXP	Feedback: autoDraw = true
215.78030000000217	EXP	Feedback: autoDraw = false
215.78030000000217	EXP	Feedback: autoDraw = false
215.78030000000217	EXP	text_3: autoDraw = true
217.9697300000007	EXP	text_3: autoDraw = false
217.9697300000007	EXP	text_3: autoDraw = false
217.9697300000007	EXP	text_2: autoDraw = true
217.9697300000007	EXP	text_2: text = 0
217.984335000001	EXP	text_2: text = 17
218.00091000000248	EXP	text_2: text = 32
218.018250000001	EXP	text_2: text = 49
218.03536500000337	EXP	text_2: text = 68
218.05125500000213	EXP	text_2: text = 83
218.06789500000014	EXP	text_2: text = 100
218.084775000003	EXP	text_2: text = 117
218.10149000000092	EXP	text_2: text = 134
218.11805000000095	EXP	text_2: text = 150
218.134785000002	EXP	text_2: text = 167
218.15134500000204	EXP	text_2: text = 183
218.16817000000083	EXP	text_2: text = 199
218.18511500000022	EXP	text_2: text = 217
218.20190000000002	EXP	text_2: text = 234
218.2182900000007	EXP	text_2: text = 250
218.23515000000043	EXP	text_2: text = 266
218.25162000000273	EXP	text_2: text = 283
218.26877500000046	EXP	text_2: text = 300
218.28538000000117	EXP	text_2: text = 317
218.30198000000019	EXP	text_2: text = 334
218.31869500000175	EXP	text_2: text = 351
218.32122000000163	DATA	Keydown:  
218.3370900000009	EXP	text_2: text = 368
218.3370900000009	EXP	text_2: autoDraw = false
218.3370900000009	EXP	Feedback: text = 352
218.3370900000009	EXP	Feedback: autoDraw = true
219.33787500000108	EXP	Feedback: autoDraw = false
219.33787500000108	EXP	Feedback: autoDraw = false
219.33787500000108	EXP	text_3: autoDraw = true
227.09234000000288	EXP	text_3: autoDraw = false
227.09234000000288	EXP	text_3: autoDraw = false
227.09234000000288	EXP	text_2: autoDraw = true
227.09234000000288	EXP	text_2: text = 0
227.1084550000014	EXP	text_2: text = 18
227.12620500000048	EXP	text_2: text = 35
227.14213999999993	EXP	text_2: text = 51
227.1591550000012	EXP	text_2: text = 67
227.17574500000046	EXP	text_2: text = 85
227.19203000000198	EXP	text_2: text = 101
227.209310000002	EXP	text_2: text = 119
227.22574000000168	EXP	text_2: text = 135
227.24238500000138	EXP	text_2: text = 151
227.25903500000277	EXP	text_2: text = 167
227.27584500000012	EXP	text_2: text = 184
227.29253000000244	EXP	text_2: text = 200
227.30947000000015	EXP	text_2: text = 218
227.32588000000032	EXP	text_2: text = 235
227.34216000000015	EXP	text_2: text = 251
227.35969500000283	EXP	text_2: text = 269
227.37631500000134	EXP	text_2: text = 285
227.39269000000058	EXP	text_2: text = 302
227.40951000000132	EXP	text_2: text = 318
227.42088500000318	DATA	Keydown:  
227.42859500000122	EXP	text_2: text = 337
227.42859500000122	EXP	text_2: autoDraw = false
227.42859500000122	EXP	Feedback: text = 329
227.42859500000122	EXP	Feedback: autoDraw = true
228.43130999999994	EXP	Feedback: autoDraw = false
228.43130999999994	EXP	Feedback: autoDraw = false
228.43130999999994	EXP	text_3: autoDraw = true
237.60524500000247	EXP	text_3: autoDraw = false
237.60524500000247	EXP	text_3: autoDraw = false
237.60524500000247	EXP	text_2: autoDraw = true
237.60524500000247	EXP	text_2: text = 0
237.62015000000247	EXP	text_2: text = 17
237.63709500000186	EXP	text_2: text = 32
237.65366500000164	EXP	text_2: text = 50
237.67031000000134	EXP	text_2: text = 67
237.68695500000103	EXP	text_2: text = 83
237.70370000000185	EXP	text_2: text = 100
237.72040500000003	EXP	text_2: text = 117
237.73713000000134	EXP	text_2: text = 133
237.75395000000208	EXP	text_2: text = 149
237.76945500000147	EXP	text_2: text = 166
237.78856500000256	EXP	text_2: text = 187
237.80271500000163	EXP	text_2: text = 200
237.8240300000034	EXP	text_2: text = 220
237.83713500000158	EXP	text_2: text = 233
237.85440000000017	EXP	text_2: text = 250
237.87107000000105	EXP	text_2: text = 267
237.88765000000058	EXP	text_2: text = 284
237.9037500000013	EXP	text_2: text = 300
237.92133500000273	EXP	text_2: text = 318
237.92761500000051	DATA	Keydown:  
237.93914500000028	EXP	text_2: text = 333
237.93914500000028	EXP	text_2: autoDraw = false
237.93914500000028	EXP	Feedback: text = 322
237.93914500000028	EXP	Feedback: autoDraw = true
238.940550000003	EXP	Feedback: autoDraw = false
238.940550000003	EXP	Feedback: autoDraw = false
238.940550000003	EXP	text_3: autoDraw = true
241.5494400000025	EXP	text_3: autoDraw = false
241.5494400000025	EXP	text_3: autoDraw = false
241.5494400000025	EXP	text_2: autoDraw = true
241.5494400000025	EXP	text_2: text = 0
241.56481500000154	EXP	text_2: text = 18
241.581430000002	EXP	text_2: text = 34
241.5977700000003	EXP	text_2: text = 50
241.6141400000015	EXP	text_2: text = 67
241.63087500000256	EXP	text_2: text = 83
241.64790500000163	EXP	text_2: text = 99
241.66447000000335	EXP	text_2: text = 117
241.68111000000135	EXP	text_2: text = 134
241.69772000000012	EXP	text_2: text = 150
241.71478500000012	EXP	text_2: text = 166
241.73127999999997	EXP	text_2: text = 184
241.7474050000019	EXP	text_2: text = 200
241.76479500000278	EXP	text_2: text = 217
241.78157500000088	EXP	text_2: text = 234
241.798060000001	EXP	text_2: text = 250
241.81421500000215	EXP	text_2: text = 266
241.8322900000021	EXP	text_2: text = 284
241.8482100000001	EXP	text_2: text = 301
241.86427500000354	EXP	text_2: text = 316
241.86961500000325	DATA	Keydown:  
241.88386000000173	EXP	text_2: text = 334
241.88386000000173	EXP	text_2: autoDraw = false
241.88386000000173	EXP	Feedback: text = 320
241.88386000000173	EXP	Feedback: autoDraw = true
242.88435500000196	EXP	Feedback: autoDraw = false
242.88435500000196	EXP	Feedback: autoDraw = false
242.88435500000196	EXP	text_3: autoDraw = true
248.25284000000102	EXP	text_3: autoDraw = false
248.25284000000102	EXP	text_3: autoDraw = false
248.25284000000102	EXP	text_2: autoDraw = true
248.25284000000102	EXP	text_2: text = 0
248.26487500000076	EXP	text_2: text = 16
248.28228500000114	EXP	text_2: text = 32
248.29940500000157	EXP	text_2: text = 50
248.315550000003	EXP	text_2: text = 67
248.33196000000316	EXP	text_2: text = 82
248.34856500000024	EXP	text_2: text = 99
248.36548500000208	EXP	text_2: text = 116
248.38255000000208	EXP	text_2: text = 132
248.39916000000085	EXP	text_2: text = 150
248.41570000000138	EXP	text_2: text = 166
248.43167500000345	EXP	text_2: text = 182
248.44935500000065	EXP	text_2: text = 200
248.46591500000068	EXP	text_2: text = 217
248.48228500000187	EXP	text_2: text = 233
248.49936000000162	EXP	text_2: text = 249
248.5159300000014	EXP	text_2: text = 267
248.5318150000021	EXP	text_2: text = 283
248.54961000000185	EXP	text_2: text = 301
248.55635000000257	DATA	Keydown:  
248.568685000002	EXP	text_2: text = 317
248.568685000002	EXP	text_2: autoDraw = false
248.568685000002	EXP	Feedback: text = 304
248.568685000002	EXP	Feedback: autoDraw = true
249.56898	EXP	Feedback: autoDraw = false
249.56898	EXP	Feedback: autoDraw = false
249.56898	EXP	text_3: autoDraw = true
257.5927150000025	EXP	text_3: autoDraw = false
257.5927150000025	EXP	text_3: autoDraw = false
257.5927150000025	EXP	text_2: autoDraw = true
257.5927150000025	EXP	text_2: text = 0
257.6068600000035	EXP	text_2: text = 15
257.6238000000012	EXP	text_2: text = 31
257.64029500000106	EXP	text_2: text = 49
257.6564950000029	EXP	text_2: text = 64
257.6736550000023	EXP	text_2: text = 82
257.69049000000086	EXP	text_2: text = 99
257.7071950000027	EXP	text_2: text = 116
257.72400500000003	EXP	text_2: text = 132
257.74125000000276	EXP	text_2: text = 149
257.75726000000213	EXP	text_2: text = 166
257.7736500000028	EXP	text_2: text = 181
257.7913750000007	EXP	text_2: text = 200
257.8075050000007	EXP	text_2: text = 216
257.82436000000234	EXP	text_2: text = 233
257.8406900000009	EXP	text_2: text = 249
257.8583550000003	EXP	text_2: text = 267
257.8750600000021	EXP	text_2: text = 283
257.89085500000147	EXP	text_2: text = 299
257.90012000000206	DATA	Keydown:  
257.9090550000001	EXP	text_2: text = 316
257.9090550000001	EXP	text_2: autoDraw = false
257.9090550000001	EXP	Feedback: text = 307
257.9090550000001	EXP	Feedback: autoDraw = true
258.9108750000014	EXP	Feedback: autoDraw = false
258.9108750000014	EXP	Feedback: autoDraw = false
258.9108750000014	EXP	text_3: autoDraw = true
261.43481000000247	EXP	text_3: autoDraw = false
261.43481000000247	EXP	text_3: autoDraw = false
261.43481000000247	EXP	text_2: autoDraw = true
261.43481000000247	EXP	text_2: text = 0
261.4503650000006	EXP	text_2: text = 17
261.46638500000336	EXP	text_2: text = 33
261.4839950000023	EXP	text_2: text = 51
261.5004200000003	EXP	text_2: text = 68
261.5183900000011	EXP	text_2: text = 87
261.5330550000035	EXP	text_2: text = 102
261.550645000003	EXP	text_2: text = 118
261.56770000000324	EXP	text_2: text = 134
261.58429500000057	EXP	text_2: text = 152
261.60094000000026	EXP	text_2: text = 168
261.6179000000011	EXP	text_2: text = 184
261.63493000000017	EXP	text_2: text = 202
261.650955000001	EXP	text_2: text = 217
261.66726500000004	EXP	text_2: text = 234
261.68485000000146	EXP	text_2: text = 252
261.70137500000055	EXP	text_2: text = 268
261.71803	EXP	text_2: text = 285
261.7347000000009	EXP	text_2: text = 302
261.7513650000001	EXP	text_2: text = 318
261.7556300000033	DATA	Keydown:  
261.7696450000003	EXP	text_2: text = 335
261.7696450000003	EXP	text_2: autoDraw = false
261.7696450000003	EXP	Feedback: text = 321
261.7696450000003	EXP	Feedback: autoDraw = true
262.77073999999993	EXP	Feedback: autoDraw = false
262.77073999999993	EXP	Feedback: autoDraw = false
262.77073999999993	EXP	text_3: autoDraw = true
265.94838000000163	EXP	text_3: autoDraw = false
265.94838000000163	EXP	text_3: autoDraw = false
265.94838000000163	EXP	text_2: autoDraw = true
265.94838000000163	EXP	text_2: text = 0
265.9623350000001	EXP	text_2: text = 15
265.9777250000006	EXP	text_2: text = 32
265.9953800000003	EXP	text_2: text = 50
266.0115000000005	EXP	text_2: text = 65
266.03142500000104	EXP	text_2: text = 85
266.04620000000074	EXP	text_2: text = 98
266.06290500000256	EXP	text_2: text = 115
266.0792850000035	EXP	text_2: text = 132
266.09705500000194	EXP	text_2: text = 150
266.1134650000022	EXP	text_2: text = 166
266.12977500000125	EXP	text_2: text = 182
266.14567500000334	EXP	text_2: text = 199
266.1637050000027	EXP	text_2: text = 216
266.1799750000027	EXP	text_2: text = 232
266.19661000000275	EXP	text_2: text = 249
266.2131950000002	EXP	text_2: text = 265
266.23016000000274	EXP	text_2: text = 282
266.24805000000197	EXP	text_2: text = 299
266.2635750000008	EXP	text_2: text = 316
266.28170500000124	EXP	text_2: text = 333
266.28427000000005	DATA	Keydown:  
266.2985750000007	EXP	text_2: text = 349
266.2985750000007	EXP	text_2: autoDraw = false
266.2985750000007	EXP	Feedback: text = 336
266.2985750000007	EXP	Feedback: autoDraw = true
267.2999550000022	EXP	Feedback: autoDraw = false
267.2999550000022	EXP	Feedback: autoDraw = false
267.2999550000022	EXP	text_3: autoDraw = true
276.3082400000022	EXP	text_3: autoDraw = false
276.3082400000022	EXP	text_3: autoDraw = false
276.3082400000022	EXP	text_2: autoDraw = true
276.3082400000022	EXP	text_2: text = 0
276.3234950000005	EXP	text_2: text = 17
276.3401700000031	EXP	text_2: text = 34
276.3571000000011	EXP	text_2: text = 51
276.37368500000235	EXP	text_2: text = 68
276.3902750000016	EXP	text_2: text = 84
276.4067800000011	EXP	text_2: text = 101
276.42379500000243	EXP	text_2: text = 120
276.4397700000009	EXP	text_2: text = 136
276.4565099999999	EXP	text_2: text = 152
276.47907000000123	EXP	text_2: text = 173
276.4898850000027	EXP	text_2: text = 185
276.5072900000014	EXP	text_2: text = 202
276.52387000000084	EXP	text_2: text = 218
276.54060500000196	EXP	text_2: text = 235
276.55735000000277	EXP	text_2: text = 251
276.5738500000007	EXP	text_2: text = 267
276.59149000000247	EXP	text_2: text = 285
276.609295000002	EXP	text_2: text = 304
276.61183500000334	DATA	Keydown:  
276.6264600000032	EXP	text_2: text = 318
276.6264600000032	EXP	text_2: autoDraw = false
276.6264600000032	EXP	Feedback: text = 304
276.6264600000032	EXP	Feedback: autoDraw = true
277.6284250000026	EXP	Feedback: autoDraw = false
277.6284250000026	EXP	Feedback: autoDraw = false
277.6284250000026	EXP	text_3: autoDraw = true
283.79554500000086	EXP	text_3: autoDraw = false
283.79554500000086	EXP	text_3: autoDraw = false
283.79554500000086	EXP	text_2: autoDraw = true
283.79554500000086	EXP	text_2: text = 0
283.8097850000012	EXP	text_2: text = 17
283.8268550000029	EXP	text_2: text = 33
283.8434800000032	EXP	text_2: text = 51
283.8596150000012	EXP	text_2: text = 67
283.87717500000144	EXP	text_2: text = 85
283.89388000000326	EXP	text_2: text = 101
283.91068500000256	EXP	text_2: text = 118
283.92718000000247	EXP	text_2: text = 135
283.9436200000018	EXP	text_2: text = 150
283.9605750000009	EXP	text_2: text = 168
283.97722500000236	EXP	text_2: text = 185
283.9938050000018	EXP	text_2: text = 201
284.01076000000097	EXP	text_2: text = 217
284.0273750000014	EXP	text_2: text = 235
284.04505000000063	EXP	text_2: text = 252
284.0474050000011	DATA	Keydown:  
284.06291500000225	EXP	text_2: text = 269
284.06291500000225	EXP	text_2: autoDraw = false
284.06291500000225	EXP	Feedback: text = 252
284.06291500000225	EXP	Feedback: autoDraw = true
285.06433500000276	EXP	Feedback: autoDraw = false
285.06433500000276	EXP	Feedback: autoDraw = false
285.06433500000276	EXP	text_3: autoDraw = true
292.9869300000028	EXP	text_3: autoDraw = false
292.9869300000028	EXP	text_3: autoDraw = false
292.9869300000028	EXP	text_2: autoDraw = true
292.9869300000028	EXP	text_2: text = 0
293.00130500000165	EXP	text_2: text = 17
293.0158800000026	EXP	text_2: text = 34
293.0346550000031	EXP	text_2: text = 52
293.0514800000019	EXP	text_2: text = 68
293.0682950000009	EXP	text_2: text = 85
293.0853450000032	EXP	text_2: text = 102
293.1020850000022	EXP	text_2: text = 118
293.11826500000103	EXP	text_2: text = 135
293.1348000000035	EXP	text_2: text = 151
293.1524000000026	EXP	text_2: text = 169
293.16882500000065	EXP	text_2: text = 185
293.1852650000001	EXP	text_2: text = 202
293.2019900000014	EXP	text_2: text = 218
293.21862000000334	EXP	text_2: text = 235
293.23533000000316	EXP	text_2: text = 252
293.25355500000296	EXP	text_2: text = 268
293.2688450000024	EXP	text_2: text = 285
293.2850350000008	EXP	text_2: text = 301
293.3035850000015	EXP	text_2: text = 319
293.3061100000013	DATA	Keydown:  
293.3199100000019	EXP	text_2: text = 334
293.3199100000019	EXP	text_2: autoDraw = false
293.3199100000019	EXP	Feedback: text = 319
293.3199100000019	EXP	Feedback: autoDraw = true
294.32184000000046	EXP	Feedback: autoDraw = false
294.32184000000046	EXP	Feedback: autoDraw = false
294.32184000000046	EXP	text_3: autoDraw = true
298.3663050000032	EXP	text_3: autoDraw = false
298.3663050000032	EXP	text_3: autoDraw = false
298.3663050000032	EXP	text_2: autoDraw = true
298.3663050000032	EXP	text_2: text = 0
298.38349000000017	EXP	text_2: text = 18
298.39861999999994	EXP	text_2: text = 33
298.4157750000013	EXP	text_2: text = 51
298.43270500000295	EXP	text_2: text = 68
298.44895000000173	EXP	text_2: text = 84
298.4664050000029	EXP	text_2: text = 101
298.4829050000008	EXP	text_2: text = 118
298.49922000000157	EXP	text_2: text = 134
298.5161299999999	EXP	text_2: text = 150
298.53284500000154	EXP	text_2: text = 167
298.54879500000243	EXP	text_2: text = 184
298.5664800000013	EXP	text_2: text = 202
298.5858500000031	EXP	text_2: text = 222
298.5986450000018	EXP	text_2: text = 235
298.61764000000045	EXP	text_2: text = 253
298.6330550000021	EXP	text_2: text = 268
298.65022500000117	EXP	text_2: text = 285
298.65235500000205	DATA	Keydown:  
298.66943500000343	EXP	text_2: text = 303
298.66943500000343	EXP	text_2: autoDraw = false
298.66943500000343	EXP	Feedback: text = 286
298.66943500000343	EXP	Feedback: autoDraw = true
299.6700750000018	EXP	Feedback: autoDraw = false
299.6700750000018	EXP	Feedback: autoDraw = false
299.6700750000018	EXP	text_3: autoDraw = true
309.06381500000134	EXP	text_3: autoDraw = false
309.06381500000134	EXP	text_3: autoDraw = false
309.06381500000134	EXP	text_2: autoDraw = true
309.06381500000134	EXP	text_2: text = 0
309.0772950000028	EXP	text_2: text = 15
309.09502000000066	EXP	text_2: text = 33
309.11122500000056	EXP	text_2: text = 49
309.127545000003	EXP	text_2: text = 66
309.1446850000029	EXP	text_2: text = 83
309.1611300000004	EXP	text_2: text = 99
309.1776650000029	EXP	text_2: text = 115
309.1947500000024	EXP	text_2: text = 133
309.2114550000006	EXP	text_2: text = 149
309.2280550000033	EXP	text_2: text = 166
309.2447150000007	EXP	text_2: text = 182
309.2627850000027	EXP	text_2: text = 202
309.27764999999994	EXP	text_2: text = 217
309.29500499999995	EXP	text_2: text = 232
309.31126500000033	EXP	text_2: text = 249
309.32855500000005	EXP	text_2: text = 266
309.3379600000007	DATA	Keydown:  
309.3463500000034	EXP	text_2: text = 282
309.3463500000034	EXP	text_2: autoDraw = false
309.3463500000034	EXP	Feedback: text = 274
309.3463500000034	EXP	Feedback: autoDraw = true
310.3336900000032	EXP	Feedback: autoDraw = false
310.3336900000032	EXP	Feedback: autoDraw = false
310.3336900000032	EXP	text_3: autoDraw = true
316.80077000000165	EXP	text_3: autoDraw = false
316.80077000000165	EXP	text_3: autoDraw = false
316.80077000000165	EXP	text_2: autoDraw = true
316.80077000000165	EXP	text_2: text = 0
316.81548500000287	EXP	text_2: text = 16
316.8315099999999	EXP	text_2: text = 32
316.8485900000014	EXP	text_2: text = 48
316.8654900000002	EXP	text_2: text = 65
316.88180000000284	EXP	text_2: text = 83
316.8986350000013	EXP	text_2: text = 98
316.91594000000254	EXP	text_2: text = 116
316.93267499999996	EXP	text_2: text = 133
316.94720000000234	EXP	text_2: text = 148
316.9640600000021	EXP	text_2: text = 165
316.98096500000247	EXP	text_2: text = 183
316.9977450000006	EXP	text_2: text = 200
317.01546000000235	EXP	text_2: text = 216
317.0321250000016	EXP	text_2: text = 232
317.0491750000001	EXP	text_2: text = 249
317.0656800000034	EXP	text_2: text = 265
317.0677650000035	DATA	Keydown:  
317.084175	EXP	text_2: text = 283
317.084175	EXP	text_2: autoDraw = false
317.084175	EXP	Feedback: text = 267
317.084175	EXP	Feedback: autoDraw = true
318.09903500000286	EXP	Feedback: autoDraw = false
318.09903500000286	EXP	Feedback: autoDraw = false
318.09903500000286	EXP	End_text: autoDraw = true
