6.654444999992847	EXP	Created Window = Window( name=Window, fullscr=true, color=#000000, units=height, waitBlanking=true, autoLog=true, size=[1366,657] )
107.25366499996744	DATA	Keydown: Shift
107.39454499993008	DATA	Keydown: M
107.60315500001889	DATA	Keydown: O
109.80747999995947	DATA	Keydown: 6
110.15447499998845	DATA	Keydown: 0
110.34046500001568	DATA	Keydown: 9
110.52317499998026	DATA	Keydown: 6
110.81773000000976	DATA	Keydown: 2
117.23245499993209	EXP	Created text = TextStim( name=text, win=Window( name=Window, fullscr=true, color=#000000, ~), autoDraw=null, autoLog=true, units=height, ori=null, opacity=1, pos=[0,0], size=undefined, text=INSTRUCTIONS [EN]


A counter will appear and star~, font=Arial, color=#FFFFFF, contrast=1, height=0.03, bold=null, italic=null, alignHoriz=left, alignVert=center, wrapWidth=1, flipHoriz=null, flipVert=null )
117.23448999994434	EXP	Created text_3 = TextStim( name=text_3, win=Window( name=Window, fullscr=true, color=#000000, ~), autoDraw=null, autoLog=true, units=height, ori=null, opacity=1, pos=[0,0], size=undefined, text=null, font=Arial, color=#FFFFFF, contrast=1, height=0.1, bold=null, italic=null, alignHoriz=left, alignVert=center, wrapWidth=1, flipHoriz=null, flipVert=null )
117.23601500003133	EXP	Created text_2 = TextStim( name=text_2, win=Window( name=Window, fullscr=true, color=#000000, ~), autoDraw=null, autoLog=true, units=height, ori=null, opacity=1, pos=[0,0], size=undefined, text=default text, font=Arial, color=#ff0000, contrast=1, height=0.15, bold=null, italic=null, alignHoriz=left, alignVert=center, wrapWidth=1, flipHoriz=null, flipVert=null )
117.2375699999975	EXP	Created Feedback = TextStim( name=Feedback, win=Window( name=Window, fullscr=true, color=#000000, ~), autoDraw=null, autoLog=true, units=height, ori=null, opacity=1, pos=[0,0], size=undefined, text=default text, font=Arial, color=#ff0000, contrast=1, height=0.15, bold=null, italic=null, alignHoriz=left, alignVert=center, wrapWidth=1, flipHoriz=null, flipVert=null )
117.23855999996886	EXP	Created End_text = TextStim( name=End_text, win=Window( name=Window, fullscr=true, color=#000000, ~), autoDraw=null, autoLog=true, units=height, ori=null, opacity=1, pos=[0,0], size=undefined, text=This study aimed to look at procedural learning, i~, font=Arial, color=#FFFFFF, contrast=1, height=0.025, bold=null, italic=null, alignHoriz=left, alignVert=center, wrapWidth=1, flipHoriz=null, flipVert=null )
117.3948350000428	EXP	text: units = "height"
117.3948350000428	EXP	text: ori = 0
117.3948350000428	EXP	text: opacity = 1
117.3948350000428	EXP	text: pos = [0,0]
117.3948350000428	EXP	text: size = undefined
117.3948350000428	EXP	text: text = "INSTRUCTIONS [EN]\n\n\nA counter will appear and start counting at random times, press SPACE as fast as possible when it appears.\n\n\nPress SPACE to start\n\n-------\n\nInstruções [PT]\n\n\nUm cronómetro vai aparecer e começar a contar aleatoriamente, pressione a tecla SPACE assim que ele aparecer.\n\n\nPressiona SPACE para começar."
117.3948350000428	EXP	text: font = "Arial"
117.3948350000428	EXP	text: color = {"_hex":"#FFFFFF","_rgb":[1,1,1]}
117.3948350000428	EXP	text: contrast = 1
117.3948350000428	EXP	text: height = 0.03
117.3948350000428	EXP	text: bold = false
117.3948350000428	EXP	text: italic = false
117.3948350000428	EXP	text: alignHoriz = "left"
117.3948350000428	EXP	text: alignVert = "center"
117.3948350000428	EXP	text: wrapWidth = 1
117.3948350000428	EXP	text: flipHoriz = false
117.3948350000428	EXP	text: flipVert = false
117.3948350000428	EXP	text_3: units = "height"
117.3948350000428	EXP	text_3: ori = 0
117.3948350000428	EXP	text_3: opacity = 1
117.3948350000428	EXP	text_3: pos = [0,0]
117.3948350000428	EXP	text_3: size = undefined
117.3948350000428	EXP	text_3: text = ""
117.3948350000428	EXP	text_3: font = "Arial"
117.3948350000428	EXP	text_3: color = {"_hex":"#FFFFFF","_rgb":[1,1,1]}
117.3948350000428	EXP	text_3: contrast = 1
117.3948350000428	EXP	text_3: height = 0.1
117.3948350000428	EXP	text_3: bold = false
117.3948350000428	EXP	text_3: italic = false
117.3948350000428	EXP	text_3: alignHoriz = "left"
117.3948350000428	EXP	text_3: alignVert = "center"
117.3948350000428	EXP	text_3: wrapWidth = 1
117.3948350000428	EXP	text_3: flipHoriz = false
117.3948350000428	EXP	text_3: flipVert = false
117.3948350000428	EXP	text_2: units = "height"
117.3948350000428	EXP	text_2: ori = 0
117.3948350000428	EXP	text_2: opacity = 1
117.3948350000428	EXP	text_2: pos = [0,0]
117.3948350000428	EXP	text_2: size = undefined
117.3948350000428	EXP	text_2: text = "default text"
117.3948350000428	EXP	text_2: font = "Arial"
117.3948350000428	EXP	text_2: color = {"_rgb":[1,0,0]}
117.3948350000428	EXP	text_2: contrast = 1
117.3948350000428	EXP	text_2: height = 0.15
117.3948350000428	EXP	text_2: bold = false
117.3948350000428	EXP	text_2: italic = false
117.3948350000428	EXP	text_2: alignHoriz = "left"
117.3948350000428	EXP	text_2: alignVert = "center"
117.3948350000428	EXP	text_2: wrapWidth = 1
117.3948350000428	EXP	text_2: flipHoriz = false
117.3948350000428	EXP	text_2: flipVert = false
117.3948350000428	EXP	Feedback: units = "height"
117.3948350000428	EXP	Feedback: ori = 0
117.3948350000428	EXP	Feedback: opacity = 1
117.3948350000428	EXP	Feedback: pos = [0,0]
117.3948350000428	EXP	Feedback: size = undefined
117.3948350000428	EXP	Feedback: text = "default text"
117.3948350000428	EXP	Feedback: font = "Arial"
117.3948350000428	EXP	Feedback: color = {"_rgb":[1,0,0]}
117.3948350000428	EXP	Feedback: contrast = 1
117.3948350000428	EXP	Feedback: height = 0.15
117.3948350000428	EXP	Feedback: bold = false
117.3948350000428	EXP	Feedback: italic = false
117.3948350000428	EXP	Feedback: alignHoriz = "left"
117.3948350000428	EXP	Feedback: alignVert = "center"
117.3948350000428	EXP	Feedback: wrapWidth = 1
117.3948350000428	EXP	Feedback: flipHoriz = false
117.3948350000428	EXP	Feedback: flipVert = false
117.3948350000428	EXP	End_text: units = "height"
117.3948350000428	EXP	End_text: ori = 0
117.3948350000428	EXP	End_text: opacity = 1
117.3948350000428	EXP	End_text: pos = [0,0]
117.3948350000428	EXP	End_text: size = undefined
117.3948350000428	EXP	End_text: text = "This study aimed to look at procedural learning, i.e. our ability to extract patterns from the input that we are constantly receiving. This skill is thought to be essential for language and literacy acquisition and has been suggested as a possible underlying difficult in children with Language Impairments and Dyslexia. This study aims to improve the measures of procedural learning (the smiley face task) so that we can measure procedural learning more reliably and, in the future, analyse the performance of individuals with learning impairments.\nThank you for participating!\n\n----\n\nEste estudo tem como objectivo analisar a nossa capacidade de extrair padrões da informação que estamos constantemente a receber. Pensa-se que esta competência é essencial para a aquisição da linguagem e literacia e foi sugerido que dificuldades neste tipo de competências poderá estar relacionado com perturbações da linguagem e Dislexia. Este estudo tem como objectivo melhorar a estabilidade das medidas usadas para medir este tipo de memória (a tarefa da cara sorridente) de forma a poder medir de forma mais precisa e, no futuro, analisar a performance de indivíduos com perturbações da aprendizagem. \nMuito obrigada por ter participado!"
117.3948350000428	EXP	End_text: font = "Arial"
117.3948350000428	EXP	End_text: color = {"_hex":"#FFFFFF","_rgb":[1,1,1]}
117.3948350000428	EXP	End_text: contrast = 1
117.3948350000428	EXP	End_text: height = 0.025
117.3948350000428	EXP	End_text: bold = false
117.3948350000428	EXP	End_text: italic = false
117.3948350000428	EXP	End_text: alignHoriz = "left"
117.3948350000428	EXP	End_text: alignVert = "center"
117.3948350000428	EXP	End_text: wrapWidth = 1
117.3948350000428	EXP	End_text: flipHoriz = false
117.3948350000428	EXP	End_text: flipVert = false
117.3948350000428	EXP	text: autoDraw = true
120.49784500000533	DATA	Keydown:  
120.59785499994177	EXP	text: autoDraw = false
120.59785499994177	EXP	text_3: autoDraw = true
127.46930999995675	EXP	text_3: autoDraw = false
127.46930999995675	EXP	text_3: autoDraw = false
127.46930999995675	EXP	text_2: autoDraw = true
127.46930999995675	EXP	text_2: text = 0
127.49505000002682	EXP	text_2: text = 50
127.51107999996748	EXP	text_2: text = 65
127.52582500001881	EXP	text_2: text = 81
127.54649500001688	EXP	text_2: text = 100
127.56160999997519	EXP	text_2: text = 117
127.57559499994386	EXP	text_2: text = 131
127.59656999993604	EXP	text_2: text = 151
127.61147500004154	EXP	text_2: text = 166
127.62604000000283	EXP	text_2: text = 181
127.64567500003614	EXP	text_2: text = 198
127.66272499994375	EXP	text_2: text = 217
127.67686999996658	EXP	text_2: text = 233
127.69501499994658	EXP	text_2: text = 248
127.71273499995004	EXP	text_2: text = 266
127.72747000004165	EXP	text_2: text = 284
127.74312999995891	EXP	text_2: text = 300
127.76365500001702	EXP	text_2: text = 316
127.77360499999486	DATA	Keydown:  
127.78643500001635	EXP	text_2: text = 335
127.78643500001635	EXP	text_2: autoDraw = false
127.78643500001635	EXP	Feedback: text = 305
127.78643500001635	EXP	Feedback: autoDraw = true
128.78266000002623	EXP	Feedback: autoDraw = false
128.78266000002623	EXP	Feedback: autoDraw = false
128.78266000002623	EXP	text_3: autoDraw = true
138.7503550000256	EXP	text_3: autoDraw = false
138.7503550000256	EXP	text_3: autoDraw = false
138.7503550000256	EXP	text_2: autoDraw = true
138.7503550000256	EXP	text_2: text = 0
138.7597999999998	EXP	text_2: text = 16
138.7790850000456	EXP	text_2: text = 31
138.79512999998406	EXP	text_2: text = 48
138.8117599999532	EXP	text_2: text = 67
138.82597999996506	EXP	text_2: text = 81
138.84624500002246	EXP	text_2: text = 98
138.86311499995645	EXP	text_2: text = 117
138.87658499996178	EXP	text_2: text = 131
138.89627000002656	EXP	text_2: text = 149
138.91376499994658	EXP	text_2: text = 167
138.92644499999005	EXP	text_2: text = 183
138.94675999996252	EXP	text_2: text = 199
138.96325999998953	EXP	text_2: text = 216
138.976859999937	EXP	text_2: text = 233
138.99659500003327	EXP	text_2: text = 249
139.01309499994386	EXP	text_2: text = 266
139.0280999999959	EXP	text_2: text = 283
139.05026499996893	EXP	text_2: text = 299
139.06230999995023	EXP	text_2: text = 316
139.07774999993853	EXP	text_2: text = 333
139.09372500004247	EXP	text_2: text = 348
139.09811499994248	DATA	Keydown:  
139.11338999995496	EXP	text_2: text = 366
139.11338999995496	EXP	text_2: autoDraw = false
139.11338999995496	EXP	Feedback: text = 350
139.11338999995496	EXP	Feedback: autoDraw = true
140.11392000003252	EXP	Feedback: autoDraw = false
140.11392000003252	EXP	Feedback: autoDraw = false
140.11392000003252	EXP	text_3: autoDraw = true
146.15565999993123	EXP	text_3: autoDraw = false
146.15565999993123	EXP	text_3: autoDraw = false
146.15565999993123	EXP	text_2: autoDraw = true
146.15565999993123	EXP	text_2: text = 0
146.17549499997403	EXP	text_2: text = 19
146.19118500000332	EXP	text_2: text = 35
146.2044450000394	EXP	text_2: text = 50
146.22453500004485	EXP	text_2: text = 68
146.24145999993198	EXP	text_2: text = 85
146.2548249999527	EXP	text_2: text = 100
146.27596999995876	EXP	text_2: text = 119
146.29062500002328	EXP	text_2: text = 134
146.30761999997776	EXP	text_2: text = 150
146.3260200000368	EXP	text_2: text = 167
146.34281499998178	EXP	text_2: text = 185
146.355905000004	EXP	text_2: text = 202
146.37581999995746	EXP	text_2: text = 218
146.39231000002474	EXP	text_2: text = 235
146.40662499994505	EXP	text_2: text = 252
146.42597500002012	EXP	text_2: text = 267
146.44309499999508	EXP	text_2: text = 285
146.45643499994185	EXP	text_2: text = 302
146.47583999997005	EXP	text_2: text = 317
146.49198499997146	EXP	text_2: text = 335
146.5062049999833	EXP	text_2: text = 352
146.52614500001073	EXP	text_2: text = 367
146.54344499995932	EXP	text_2: text = 386
146.55655999993905	EXP	text_2: text = 403
146.56020499998704	DATA	Keydown:  
146.58066999993753	EXP	text_2: text = 421
146.58066999993753	EXP	text_2: autoDraw = false
146.58066999993753	EXP	Feedback: text = 405
146.58066999993753	EXP	Feedback: autoDraw = true
147.5787850000197	EXP	Feedback: autoDraw = false
147.5787850000197	EXP	Feedback: autoDraw = false
147.5787850000197	EXP	text_3: autoDraw = true
154.4992949999869	DATA	Keydown:  
155.79345500003546	EXP	text_3: autoDraw = false
155.79345500003546	EXP	text_3: autoDraw = false
155.79345500003546	EXP	text_2: autoDraw = true
155.79345500003546	EXP	text_2: text = 0
155.80597999994643	EXP	text_2: text = 17
155.82187999994494	EXP	text_2: text = 31
155.8411100000376	EXP	text_2: text = 49
155.85714999993797	EXP	text_2: text = 67
155.87288999999873	EXP	text_2: text = 84
155.89130999997724	EXP	text_2: text = 100
155.90821999998298	EXP	text_2: text = 117
155.92177000001539	EXP	text_2: text = 133
155.9406500000041	EXP	text_2: text = 149
155.95950999995694	EXP	text_2: text = 168
155.97288000001572	EXP	text_2: text = 185
155.98936500004493	EXP	text_2: text = 201
156.00523499993142	EXP	text_2: text = 217
156.0227700000396	EXP	text_2: text = 234
156.04049499996472	EXP	text_2: text = 249
156.0591199999908	EXP	text_2: text = 267
156.07209499995224	EXP	text_2: text = 284
156.09010499995202	EXP	text_2: text = 299
156.0943050000351	DATA	Keydown:  
156.11329000000842	EXP	text_2: text = 317
156.11329000000842	EXP	text_2: autoDraw = false
156.11329000000842	EXP	Feedback: text = 301
156.11329000000842	EXP	Feedback: autoDraw = true
157.1115099999588	EXP	Feedback: autoDraw = false
157.1115099999588	EXP	Feedback: autoDraw = false
157.1115099999588	EXP	text_3: autoDraw = true
162.9166350000305	EXP	text_3: autoDraw = false
162.9166350000305	EXP	text_3: autoDraw = false
162.9166350000305	EXP	text_2: autoDraw = true
162.9166350000305	EXP	text_2: text = 0
162.93259500002023	EXP	text_2: text = 17
162.9500349999871	EXP	text_2: text = 36
162.9683199999854	EXP	text_2: text = 50
162.98339499998838	EXP	text_2: text = 69
163.00033499998972	EXP	text_2: text = 85
163.01822500000708	EXP	text_2: text = 102
163.03529999998864	EXP	text_2: text = 117
163.0523749999702	EXP	text_2: text = 135
163.06700999999885	EXP	text_2: text = 152
163.08600000001024	EXP	text_2: text = 167
163.10320499993395	EXP	text_2: text = 187
163.11629499995615	EXP	text_2: text = 202
163.1367199999513	EXP	text_2: text = 218
163.1529149999842	EXP	text_2: text = 236
163.16689500003122	EXP	text_2: text = 252
163.18578499997966	EXP	text_2: text = 267
163.20470500004012	EXP	text_2: text = 288
163.21907999995165	EXP	text_2: text = 301
163.23355000000447	EXP	text_2: text = 317
163.253395000007	EXP	text_2: text = 335
163.27015999995638	EXP	text_2: text = 352
163.28505499998573	EXP	text_2: text = 367
163.29981999995653	EXP	text_2: text = 384
163.30282500002068	DATA	Keydown:  
163.32386500004213	EXP	text_2: text = 403
163.32386500004213	EXP	text_2: autoDraw = false
163.32386500004213	EXP	Feedback: text = 386
163.32386500004213	EXP	Feedback: autoDraw = true
164.32342499995138	EXP	Feedback: autoDraw = false
164.32342499995138	EXP	Feedback: autoDraw = false
164.32342499995138	EXP	text_3: autoDraw = true
171.8216399999801	EXP	text_3: autoDraw = false
171.8216399999801	EXP	text_3: autoDraw = false
171.8216399999801	EXP	text_2: autoDraw = true
171.8216399999801	EXP	text_2: text = 0
171.83065499993972	EXP	text_2: text = 17
171.85048499994446	EXP	text_2: text = 34
171.86670999997295	EXP	text_2: text = 49
171.88017000001855	EXP	text_2: text = 67
171.90108500001952	EXP	text_2: text = 86
171.91676499997266	EXP	text_2: text = 101
171.93022500001825	EXP	text_2: text = 117
171.95061499997973	EXP	text_2: text = 136
171.96837000001688	EXP	text_2: text = 152
171.98042000003625	EXP	text_2: text = 167
172.0014449999435	EXP	text_2: text = 186
172.01760999998078	EXP	text_2: text = 202
172.03062999993563	EXP	text_2: text = 217
172.050745000015	EXP	text_2: text = 235
172.06664500001352	EXP	text_2: text = 250
172.0809499999741	EXP	text_2: text = 268
172.1008800000418	EXP	text_2: text = 284
172.1176849999465	EXP	text_2: text = 302
172.130439999979	EXP	text_2: text = 317
172.15082999994047	EXP	text_2: text = 334
172.16604499996174	EXP	text_2: text = 350
172.18038000003435	EXP	text_2: text = 367
172.18389999994542	DATA	Keydown:  
172.20419499999844	EXP	text_2: text = 385
172.20419499999844	EXP	text_2: autoDraw = false
172.20419499999844	EXP	Feedback: text = 362
172.20419499999844	EXP	Feedback: autoDraw = true
173.2006650000112	EXP	Feedback: autoDraw = false
173.2006650000112	EXP	Feedback: autoDraw = false
173.2006650000112	EXP	text_3: autoDraw = true
181.96939999994356	EXP	text_3: autoDraw = false
181.96939999994356	EXP	text_3: autoDraw = false
181.96939999994356	EXP	text_2: autoDraw = true
181.96939999994356	EXP	text_2: text = 0
181.9808399999747	EXP	text_2: text = 17
181.99922500003595	EXP	text_2: text = 32
182.01712500001304	EXP	text_2: text = 50
182.03197499993257	EXP	text_2: text = 69
182.0494399999734	EXP	text_2: text = 84
182.06660000002012	EXP	text_2: text = 99
182.08283500000834	EXP	text_2: text = 119
182.09941499994602	EXP	text_2: text = 134
182.11650000000373	EXP	text_2: text = 149
182.13229500001762	EXP	text_2: text = 167
182.14966500003356	EXP	text_2: text = 184
182.16660999995656	EXP	text_2: text = 199
182.18186999997124	EXP	text_2: text = 217
182.19866500003263	EXP	text_2: text = 234
182.21621999994386	EXP	text_2: text = 249
182.232255000039	EXP	text_2: text = 267
182.2489099999657	EXP	text_2: text = 285
182.26404999999795	EXP	text_2: text = 299
182.28402499994263	EXP	text_2: text = 317
182.30079499993008	EXP	text_2: text = 335
182.30438500002492	DATA	Keydown:  
182.31554999994114	EXP	text_2: text = 351
182.31554999994114	EXP	text_2: autoDraw = false
182.31554999994114	EXP	Feedback: text = 335
182.31554999994114	EXP	Feedback: autoDraw = true
183.3190300000133	EXP	Feedback: autoDraw = false
183.3190300000133	EXP	Feedback: autoDraw = false
183.3190300000133	EXP	text_3: autoDraw = true
192.51896999997552	EXP	text_3: autoDraw = false
192.51896999997552	EXP	text_3: autoDraw = false
192.51896999997552	EXP	text_2: autoDraw = true
192.51896999997552	EXP	text_2: text = 0
192.53408000001218	EXP	text_2: text = 19
192.54715999995824	EXP	text_2: text = 35
192.5662050000392	EXP	text_2: text = 50
192.58316999999806	EXP	text_2: text = 67
192.5966250000056	EXP	text_2: text = 85
192.61665500001982	EXP	text_2: text = 100
192.63367499993183	EXP	text_2: text = 117
192.64748499996495	EXP	text_2: text = 134
192.66769000003114	EXP	text_2: text = 153
192.68349500000477	EXP	text_2: text = 167
192.69969499995932	EXP	text_2: text = 187
192.71602499997243	EXP	text_2: text = 202
192.73242000001483	EXP	text_2: text = 217
192.75127000000793	EXP	text_2: text = 236
192.76399500004482	EXP	text_2: text = 252
192.78272999997716	EXP	text_2: text = 267
192.80035499995574	EXP	text_2: text = 284
192.81475000001956	EXP	text_2: text = 302
192.83123999997042	EXP	text_2: text = 318
192.8509850000264	EXP	text_2: text = 335
192.86804500001017	EXP	text_2: text = 353
192.8798099999549	EXP	text_2: text = 367
192.90020499995444	EXP	text_2: text = 384
192.91784000000916	EXP	text_2: text = 402
192.9317400000291	EXP	text_2: text = 420
192.95091000001412	EXP	text_2: text = 435
192.96759000001475	EXP	text_2: text = 452
192.98228999995627	EXP	text_2: text = 467
193.00025000004098	EXP	text_2: text = 484
193.01928999996744	EXP	text_2: text = 504
193.0338899999624	EXP	text_2: text = 519
193.04769999999553	EXP	text_2: text = 534
193.06860999995843	EXP	text_2: text = 554
193.08413500001188	EXP	text_2: text = 569
193.09803999995347	EXP	text_2: text = 584
193.10225500003435	DATA	Keydown:  
193.12147000001278	EXP	text_2: text = 603
193.12147000001278	EXP	text_2: autoDraw = false
193.12147000001278	EXP	Feedback: text = 583
193.12147000001278	EXP	Feedback: autoDraw = true
193.3821300000418	DATA	Keydown:  
194.11742000002414	EXP	Feedback: autoDraw = false
194.11742000002414	EXP	Feedback: autoDraw = false
194.11742000002414	EXP	text_3: autoDraw = true
202.9896299999673	EXP	text_3: autoDraw = false
202.9896299999673	EXP	text_3: autoDraw = false
202.9896299999673	EXP	text_2: autoDraw = true
202.9896299999673	EXP	text_2: text = 0
203.0137049999321	EXP	text_2: text = 33
203.0321100000292	EXP	text_2: text = 49
203.04886500001885	EXP	text_2: text = 68
203.06499999994412	EXP	text_2: text = 84
203.0831499999622	EXP	text_2: text = 101
203.09892999997828	EXP	text_2: text = 118
203.1154899999965	EXP	text_2: text = 134
203.13297000003513	EXP	text_2: text = 150
203.14822500001173	EXP	text_2: text = 167
203.16633999999613	EXP	text_2: text = 184
203.18667500000447	EXP	text_2: text = 202
203.1986849999521	EXP	text_2: text = 219
203.2175649999408	EXP	text_2: text = 236
203.23566000000574	EXP	text_2: text = 253
203.24980999995023	EXP	text_2: text = 270
203.2678999999771	EXP	text_2: text = 286
203.28553999995347	EXP	text_2: text = 303
203.30107499996666	EXP	text_2: text = 319
203.314619999961	EXP	text_2: text = 335
203.33486499998253	EXP	text_2: text = 353
203.35037500003818	EXP	text_2: text = 367
203.36394499999005	EXP	text_2: text = 384
203.38439000002109	EXP	text_2: text = 402
203.40065500000492	EXP	text_2: text = 417
203.41400999994949	EXP	text_2: text = 434
203.43536999996286	EXP	text_2: text = 453
203.45074999995995	EXP	text_2: text = 467
203.46020500001032	DATA	Keydown:  
203.46707000001334	EXP	text_2: text = 485
203.46707000001334	EXP	text_2: autoDraw = false
203.46707000001334	EXP	Feedback: text = 471
203.46707000001334	EXP	Feedback: autoDraw = true
204.47037500003353	EXP	Feedback: autoDraw = false
204.47037500003353	EXP	Feedback: autoDraw = false
204.47037500003353	EXP	text_3: autoDraw = true
208.6292100000428	EXP	text_3: autoDraw = false
208.6292100000428	EXP	text_3: autoDraw = false
208.6292100000428	EXP	text_2: autoDraw = true
208.6292100000428	EXP	text_2: text = 0
208.64370999997482	EXP	text_2: text = 17
208.6581999999471	EXP	text_2: text = 31
208.67429500003345	EXP	text_2: text = 49
208.69270000001416	EXP	text_2: text = 66
208.7079349999549	EXP	text_2: text = 81
208.72337000002153	EXP	text_2: text = 100
208.7530399999814	EXP	text_2: text = 128
208.77399000001606	EXP	text_2: text = 150
208.79027999995742	EXP	text_2: text = 165
208.80955999996513	EXP	text_2: text = 183
208.8244699999923	EXP	text_2: text = 200
208.8410450000083	EXP	text_2: text = 215
208.85826499992982	EXP	text_2: text = 231
208.87528499995824	EXP	text_2: text = 249
208.88968999998178	EXP	text_2: text = 265
208.9090599999763	EXP	text_2: text = 283
208.9254850000143	EXP	text_2: text = 298
208.93877000000793	EXP	text_2: text = 316
208.95965999993496	EXP	text_2: text = 333
208.9765399999451	EXP	text_2: text = 350
208.98880499997176	EXP	text_2: text = 366
209.0096950000152	EXP	text_2: text = 383
209.02636999997776	EXP	text_2: text = 400
209.03909500001464	EXP	text_2: text = 416
209.05932500003837	EXP	text_2: text = 433
209.0757900000317	EXP	text_2: text = 449
209.08927500003483	EXP	text_2: text = 466
209.1101300000446	EXP	text_2: text = 484
209.12682000000495	EXP	text_2: text = 500
209.13930999999866	EXP	text_2: text = 516
209.1604900000384	EXP	text_2: text = 534
209.174869999988	EXP	text_2: text = 549
209.19010500004515	EXP	text_2: text = 566
209.21026500000153	EXP	text_2: text = 582
209.22590499999933	EXP	text_2: text = 599
209.24002499994822	EXP	text_2: text = 615
209.26160500000697	EXP	text_2: text = 635
209.2765649999492	EXP	text_2: text = 649
209.28990500001237	EXP	text_2: text = 665
209.31046499998774	EXP	text_2: text = 684
209.32727499993052	EXP	text_2: text = 702
209.34060500003397	EXP	text_2: text = 715
209.36037499993108	EXP	text_2: text = 733
209.37683500000276	EXP	text_2: text = 752
209.39154999994207	EXP	text_2: text = 768
209.40991000004578	EXP	text_2: text = 783
209.42334500001743	DATA	Keydown:  
209.4308650000021	EXP	text_2: text = 803
209.4308650000021	EXP	text_2: autoDraw = false
209.4308650000021	EXP	Feedback: text = 794
209.4308650000021	EXP	Feedback: autoDraw = true
210.42937999998685	EXP	Feedback: autoDraw = false
210.42937999998685	EXP	Feedback: autoDraw = false
210.42937999998685	EXP	text_3: autoDraw = true
215.5523599999724	EXP	text_3: autoDraw = false
215.5523599999724	EXP	text_3: autoDraw = false
215.5523599999724	EXP	text_2: autoDraw = true
215.5523599999724	EXP	text_2: text = 0
215.5726700000232	EXP	text_2: text = 19
215.58684000000358	EXP	text_2: text = 33
215.6009100000374	EXP	text_2: text = 49
215.61999499995727	EXP	text_2: text = 69
215.63821000000462	EXP	text_2: text = 85
215.65135499997996	EXP	text_2: text = 102
215.67073999997228	EXP	text_2: text = 117
215.6881750000175	EXP	text_2: text = 136
215.70149000000674	EXP	text_2: text = 152
215.72057500004303	EXP	text_2: text = 167
215.7377850000048	EXP	text_2: text = 184
215.75141499994788	EXP	text_2: text = 199
215.77075000002515	EXP	text_2: text = 217
215.78830499993637	EXP	text_2: text = 236
215.8021299999673	EXP	text_2: text = 250
215.82087499997579	EXP	text_2: text = 268
215.83764000004157	EXP	text_2: text = 284
215.8534450000152	EXP	text_2: text = 301
215.8692550000269	EXP	text_2: text = 317
215.8879350000061	EXP	text_2: text = 335
215.90342999994755	EXP	text_2: text = 350
215.91912999993656	EXP	text_2: text = 367
215.93789499998093	EXP	text_2: text = 384
215.95409000001382	EXP	text_2: text = 403
215.96897499996703	EXP	text_2: text = 417
215.98810499999672	EXP	text_2: text = 435
216.00331499997992	EXP	text_2: text = 452
216.01987499999814	EXP	text_2: text = 466
216.03897999995388	EXP	text_2: text = 486
216.05389999994077	EXP	text_2: text = 500
216.05634499993175	DATA	Keydown:  
216.06922499998473	EXP	text_2: text = 517
216.06922499998473	EXP	text_2: autoDraw = false
216.06922499998473	EXP	Feedback: text = 504
216.06922499998473	EXP	Feedback: autoDraw = true
217.07303500000853	EXP	Feedback: autoDraw = false
217.07303500000853	EXP	Feedback: autoDraw = false
217.07303500000853	EXP	text_3: autoDraw = true
224.5381200000411	EXP	text_3: autoDraw = false
224.5381200000411	EXP	text_3: autoDraw = false
224.5381200000411	EXP	text_2: autoDraw = true
224.5381200000411	EXP	text_2: text = 0
224.55127499997616	EXP	text_2: text = 15
224.5698750000447	EXP	text_2: text = 35
224.58106999995653	EXP	text_2: text = 48
224.60317499993835	EXP	text_2: text = 67
224.6192550000269	EXP	text_2: text = 85
224.63112000003457	EXP	text_2: text = 98
224.65223000000697	EXP	text_2: text = 118
224.66844499995932	EXP	text_2: text = 134
224.681510000024	EXP	text_2: text = 148
224.70147500000894	EXP	text_2: text = 165
224.717874999973	EXP	text_2: text = 185
224.73291000002064	EXP	text_2: text = 200
224.75202000001445	EXP	text_2: text = 216
224.7676049999427	EXP	text_2: text = 233
224.7846900000004	EXP	text_2: text = 250
224.80178500001784	EXP	text_2: text = 265
224.81825000001118	EXP	text_2: text = 283
224.82712000003085	DATA	Keydown:  
224.83699500001967	EXP	text_2: text = 301
224.83699500001967	EXP	text_2: autoDraw = false
224.83699500001967	EXP	Feedback: text = 289
224.83699500001967	EXP	Feedback: autoDraw = true
225.8344100000104	EXP	Feedback: autoDraw = false
225.8344100000104	EXP	Feedback: autoDraw = false
225.8344100000104	EXP	text_3: autoDraw = true
229.72837499994785	EXP	text_3: autoDraw = false
229.72837499994785	EXP	text_3: autoDraw = false
229.72837499994785	EXP	text_2: autoDraw = true
229.72837499994785	EXP	text_2: text = 0
229.74294000002556	EXP	text_2: text = 15
229.75843000004534	EXP	text_2: text = 32
229.7760250000283	EXP	text_2: text = 49
229.79266999999527	EXP	text_2: text = 65
229.8091349999886	EXP	text_2: text = 84
229.82501499995124	EXP	text_2: text = 99
229.84329999994952	EXP	text_2: text = 115
229.85889000003226	EXP	text_2: text = 132
229.87615499994718	EXP	text_2: text = 149
229.89299500000197	EXP	text_2: text = 165
229.90854999993462	EXP	text_2: text = 182
229.92642999999225	EXP	text_2: text = 199
229.94221499993	EXP	text_2: text = 215
229.9585299999453	EXP	text_2: text = 232
229.97673500003293	EXP	text_2: text = 250
229.99309000000358	EXP	text_2: text = 265
230.0090049999999	EXP	text_2: text = 283
230.0261649999302	EXP	text_2: text = 299
230.04469000000972	EXP	text_2: text = 317
230.05941500002518	EXP	text_2: text = 334
230.07492000004277	EXP	text_2: text = 350
230.09325000003446	EXP	text_2: text = 367
230.11245499993674	EXP	text_2: text = 385
230.123799999943	EXP	text_2: text = 400
230.12656500004232	DATA	Keydown:  
230.147815000033	EXP	text_2: text = 417
230.147815000033	EXP	text_2: autoDraw = false
230.147815000033	EXP	Feedback: text = 398
230.147815000033	EXP	Feedback: autoDraw = true
231.1464299999643	EXP	Feedback: autoDraw = false
231.1464299999643	EXP	Feedback: autoDraw = false
231.1464299999643	EXP	text_3: autoDraw = true
240.0088799999794	EXP	text_3: autoDraw = false
240.0088799999794	EXP	text_3: autoDraw = false
240.0088799999794	EXP	text_2: autoDraw = true
240.0088799999794	EXP	text_2: text = 0
240.02364999998827	EXP	text_2: text = 16
240.0394549999619	EXP	text_2: text = 30
240.05646999995224	EXP	text_2: text = 48
240.07362000003923	EXP	text_2: text = 66
240.08994999993593	EXP	text_2: text = 80
240.1070400000317	EXP	text_2: text = 99
240.12459499994293	EXP	text_2: text = 115
240.1407500000205	EXP	text_2: text = 133
240.15688999998383	EXP	text_2: text = 148
240.17742500000168	EXP	text_2: text = 167
240.19333000003826	EXP	text_2: text = 181
240.208314999938	EXP	text_2: text = 200
240.2249549999833	EXP	text_2: text = 216
240.24254500004463	EXP	text_2: text = 231
240.2598800000269	EXP	text_2: text = 248
240.27380500000436	EXP	text_2: text = 265
240.29304499994032	EXP	text_2: text = 281
240.3097800000105	EXP	text_2: text = 298
240.3242849999806	EXP	text_2: text = 316
240.3448100000387	EXP	text_2: text = 334
240.35854000004474	EXP	text_2: text = 350
240.36097499995958	DATA	Keydown:  
240.380589999957	EXP	text_2: text = 366
240.380589999957	EXP	text_2: autoDraw = false
240.380589999957	EXP	Feedback: text = 352
240.380589999957	EXP	Feedback: autoDraw = true
241.37560999998823	EXP	Feedback: autoDraw = false
241.37560999998823	EXP	Feedback: autoDraw = false
241.37560999998823	EXP	text_3: autoDraw = true
245.20441000000574	EXP	text_3: autoDraw = false
245.20441000000574	EXP	text_3: autoDraw = false
245.20441000000574	EXP	text_2: autoDraw = true
245.20441000000574	EXP	text_2: text = 0
245.2168600000441	EXP	text_2: text = 17
245.23429499997292	EXP	text_2: text = 33
245.2517349999398	EXP	text_2: text = 48
245.26816500001587	EXP	text_2: text = 68
245.28174500004388	EXP	text_2: text = 83
245.30134000000544	EXP	text_2: text = 99
245.31705499999225	EXP	text_2: text = 116
245.3316150000319	EXP	text_2: text = 133
245.3517549999524	EXP	text_2: text = 149
245.368684999994	EXP	text_2: text = 167
245.38126499997452	EXP	text_2: text = 183
245.40174999996088	EXP	text_2: text = 199
245.418479999993	EXP	text_2: text = 217
245.43226499995217	EXP	text_2: text = 233
245.45157999999356	EXP	text_2: text = 249
245.46861500001978	EXP	text_2: text = 266
245.48187999997754	EXP	text_2: text = 283
245.50052000000142	EXP	text_2: text = 299
245.51870999997482	EXP	text_2: text = 316
245.53200000000652	EXP	text_2: text = 334
245.55180999997538	EXP	text_2: text = 349
245.56926499994006	EXP	text_2: text = 369
245.58684500004165	EXP	text_2: text = 386
245.5993099999614	EXP	text_2: text = 401
245.617484999937	EXP	text_2: text = 419
245.62932499998715	DATA	Keydown:  
245.64084999996703	EXP	text_2: text = 436
245.64084999996703	EXP	text_2: autoDraw = false
245.64084999996703	EXP	Feedback: text = 425
245.64084999996703	EXP	Feedback: autoDraw = true
246.63616500003263	EXP	Feedback: autoDraw = false
246.63616500003263	EXP	Feedback: autoDraw = false
246.63616500003263	EXP	text_3: autoDraw = true
248.84166999999434	EXP	text_3: autoDraw = false
248.84166999999434	EXP	text_3: autoDraw = false
248.84166999999434	EXP	text_2: autoDraw = true
248.84166999999434	EXP	text_2: text = 0
248.85403499996755	EXP	text_2: text = 16
248.8737699999474	EXP	text_2: text = 33
248.89026000001468	EXP	text_2: text = 51
248.90455500001553	EXP	text_2: text = 67
248.92362000001594	EXP	text_2: text = 82
248.9410800000187	EXP	text_2: text = 99
248.95420499995816	EXP	text_2: text = 117
248.97425500000827	EXP	text_2: text = 132
248.99146499997005	EXP	text_2: text = 151
249.0042250000406	EXP	text_2: text = 166
249.02412499999627	EXP	text_2: text = 182
249.04131000000052	EXP	text_2: text = 199
249.05449000000954	EXP	text_2: text = 217
249.0732549999375	EXP	text_2: text = 232
249.09153999993578	EXP	text_2: text = 249
249.10531499993522	EXP	text_2: text = 267
249.1241549999686	EXP	text_2: text = 282
249.14098999998532	EXP	text_2: text = 299
249.1551749999635	EXP	text_2: text = 318
249.1755450000055	EXP	text_2: text = 335
249.19204500003252	EXP	text_2: text = 352
249.2058149999939	EXP	text_2: text = 367
249.22518499998841	EXP	text_2: text = 384
249.24098500004038	EXP	text_2: text = 399
249.2451449999353	DATA	Keydown:  
249.26003000000492	EXP	text_2: text = 419
249.26003000000492	EXP	text_2: autoDraw = false
249.26003000000492	EXP	Feedback: text = 404
249.26003000000492	EXP	Feedback: autoDraw = true
250.258909999975	EXP	Feedback: autoDraw = false
250.258909999975	EXP	Feedback: autoDraw = false
250.258909999975	EXP	text_3: autoDraw = true
259.2395699999761	EXP	text_3: autoDraw = false
259.2395699999761	EXP	text_3: autoDraw = false
259.2395699999761	EXP	text_2: autoDraw = true
259.2395699999761	EXP	text_2: text = 0
259.25694999995176	EXP	text_2: text = 17
259.2735650000395	EXP	text_2: text = 31
259.29012000001967	EXP	text_2: text = 48
259.30443000001833	EXP	text_2: text = 66
259.32315499999095	EXP	text_2: text = 81
259.3402599999681	EXP	text_2: text = 98
259.3554399999557	EXP	text_2: text = 116
259.3744650000008	EXP	text_2: text = 131
259.390224999981	EXP	text_2: text = 148
259.40867000003345	EXP	text_2: text = 167
259.4214449999854	EXP	text_2: text = 183
259.4411400000099	EXP	text_2: text = 198
259.457689999952	EXP	text_2: text = 216
259.471194999991	EXP	text_2: text = 233
259.4907250000397	EXP	text_2: text = 248
259.5075449999422	EXP	text_2: text = 265
259.5246000000043	EXP	text_2: text = 283
259.5317600000417	DATA	Keydown:  
259.53957000002265	EXP	text_2: text = 298
259.53957000002265	EXP	text_2: autoDraw = false
259.53957000002265	EXP	Feedback: text = 292
259.53957000002265	EXP	Feedback: autoDraw = true
260.5430649999762	EXP	Feedback: autoDraw = false
260.5430649999762	EXP	Feedback: autoDraw = false
260.5430649999762	EXP	text_3: autoDraw = true
265.8711749999784	EXP	text_3: autoDraw = false
265.8711749999784	EXP	text_3: autoDraw = false
265.8711749999784	EXP	text_2: autoDraw = true
265.8711749999784	EXP	text_2: text = 0
265.88546999997925	EXP	text_2: text = 18
265.8976799999364	EXP	text_2: text = 32
265.9172999999719	EXP	text_2: text = 49
265.9359150000382	EXP	text_2: text = 68
265.9473899999866	EXP	text_2: text = 81
265.96776000002865	EXP	text_2: text = 99
265.9843399999663	EXP	text_2: text = 117
265.99763999995776	EXP	text_2: text = 131
266.0189750000136	EXP	text_2: text = 151
266.034319999977	EXP	text_2: text = 166
266.0478850000072	EXP	text_2: text = 181
266.0681499999482	EXP	text_2: text = 200
266.08418500004336	EXP	text_2: text = 216
266.0997600000119	EXP	text_2: text = 233
266.1182049999479	EXP	text_2: text = 249
266.1336299999384	EXP	text_2: text = 268
266.1517199999653	EXP	text_2: text = 284
266.16914499993436	EXP	text_2: text = 301
266.18330000003334	EXP	text_2: text = 317
266.1981750000268	EXP	text_2: text = 333
266.2169399999548	EXP	text_2: text = 349
266.2347450000234	EXP	text_2: text = 367
266.2498350000242	EXP	text_2: text = 384
266.26674999995157	EXP	text_2: text = 398
266.27039499999955	DATA	Keydown:  
266.28637500002515	EXP	text_2: text = 417
266.28637500002515	EXP	text_2: autoDraw = false
266.28637500002515	EXP	Feedback: text = 399
266.28637500002515	EXP	Feedback: autoDraw = true
267.28656000003684	EXP	Feedback: autoDraw = false
267.28656000003684	EXP	Feedback: autoDraw = false
267.28656000003684	EXP	text_3: autoDraw = true
277.20156499999575	EXP	text_3: autoDraw = false
277.20156499999575	EXP	text_3: autoDraw = false
277.20156499999575	EXP	text_2: autoDraw = true
277.20156499999575	EXP	text_2: text = 0
277.21998499997426	EXP	text_2: text = 20
277.23616500000935	EXP	text_2: text = 36
277.24891500000376	EXP	text_2: text = 50
277.2690250000451	EXP	text_2: text = 68
277.2873050000053	EXP	text_2: text = 87
277.2995200000005	EXP	text_2: text = 100
277.3191850000294	EXP	text_2: text = 118
277.3362399999751	EXP	text_2: text = 135
277.3495399999665	EXP	text_2: text = 150
277.36924499995075	EXP	text_2: text = 167
277.3876650000457	EXP	text_2: text = 187
277.39960500004236	EXP	text_2: text = 202
277.41983499994967	EXP	text_2: text = 218
277.4364849999547	EXP	text_2: text = 235
277.4499099999666	EXP	text_2: text = 252
277.4687700000359	EXP	text_2: text = 268
277.48646000004373	EXP	text_2: text = 285
277.49973000003956	EXP	text_2: text = 302
277.5198000000091	EXP	text_2: text = 318
277.5361799999373	EXP	text_2: text = 335
277.5498600000283	EXP	text_2: text = 352
277.5695800000103	EXP	text_2: text = 370
277.5870400000131	EXP	text_2: text = 387
277.6048749999609	EXP	text_2: text = 407
277.61629499995615	EXP	text_2: text = 419
277.6373700000113	EXP	text_2: text = 435
277.6452349999454	DATA	Keydown:  
277.65781000000425	EXP	text_2: text = 454
277.65781000000425	EXP	text_2: autoDraw = false
277.65781000000425	EXP	Feedback: text = 445
277.65781000000425	EXP	Feedback: autoDraw = true
278.6530700000003	EXP	Feedback: autoDraw = false
278.6530700000003	EXP	Feedback: autoDraw = false
278.6530700000003	EXP	text_3: autoDraw = true
284.58403000002727	EXP	text_3: autoDraw = false
284.58403000002727	EXP	text_3: autoDraw = false
284.58403000002727	EXP	text_2: autoDraw = true
284.58403000002727	EXP	text_2: text = 0
284.59493999998085	EXP	text_2: text = 17
284.61434500000905	EXP	text_2: text = 32
284.63173499994446	EXP	text_2: text = 49
284.6452799999388	EXP	text_2: text = 67
284.6634850000264	EXP	text_2: text = 82
284.68146999995224	EXP	text_2: text = 99
284.69468499999493	EXP	text_2: text = 116
284.7143549999455	EXP	text_2: text = 132
284.73158499994315	EXP	text_2: text = 149
284.74470499996096	EXP	text_2: text = 166
284.7648749999935	EXP	text_2: text = 182
284.7824349999428	EXP	text_2: text = 199
284.7947100000456	EXP	text_2: text = 217
284.81469499995	EXP	text_2: text = 234
284.8318549999967	EXP	text_2: text = 249
284.84484499995597	EXP	text_2: text = 267
284.8662900000345	EXP	text_2: text = 285
284.8818500000052	EXP	text_2: text = 299
284.8950950000435	EXP	text_2: text = 317
284.91661499999464	EXP	text_2: text = 335
284.93304999999236	EXP	text_2: text = 349
284.94588000001386	EXP	text_2: text = 366
284.95345000003	DATA	Keydown:  
284.9686099999817	EXP	text_2: text = 386
284.9686099999817	EXP	text_2: autoDraw = false
284.9686099999817	EXP	Feedback: text = 370
284.9686099999817	EXP	Feedback: autoDraw = true
285.967474999954	EXP	Feedback: autoDraw = false
285.967474999954	EXP	Feedback: autoDraw = false
285.967474999954	EXP	text_3: autoDraw = true
295.13407000002917	EXP	text_3: autoDraw = false
295.13407000002917	EXP	text_3: autoDraw = false
295.13407000002917	EXP	text_2: autoDraw = true
295.13407000002917	EXP	text_2: text = 0
295.14873000001535	EXP	text_2: text = 17
295.1617149999365	EXP	text_2: text = 34
295.1813550000079	EXP	text_2: text = 50
295.19808500004	EXP	text_2: text = 66
295.21159500000067	EXP	text_2: text = 84
295.2311200000113	EXP	text_2: text = 99
295.2490649999818	EXP	text_2: text = 119
295.2617399999872	EXP	text_2: text = 134
295.28243999998085	EXP	text_2: text = 150
295.29857500002254	EXP	text_2: text = 167
295.3117649999913	EXP	text_2: text = 184
295.3314300000202	EXP	text_2: text = 200
295.3481599999359	EXP	text_2: text = 216
295.3623999999836	EXP	text_2: text = 235
295.3826049999334	EXP	text_2: text = 252
295.3984899999341	EXP	text_2: text = 267
295.41201999993064	EXP	text_2: text = 284
295.4333499999484	EXP	text_2: text = 303
295.450205000001	EXP	text_2: text = 320
295.46186000003945	EXP	text_2: text = 334
295.4815899999812	EXP	text_2: text = 352
295.49838000000454	EXP	text_2: text = 367
295.51926999993157	EXP	text_2: text = 391
295.53010500001255	EXP	text_2: text = 400
295.5490249999566	EXP	text_2: text = 417
295.56619499996305	EXP	text_2: text = 436
295.5797099999618	EXP	text_2: text = 452
295.59936500003096	EXP	text_2: text = 467
295.603310000035	DATA	Keydown:  
295.61896999995224	EXP	text_2: text = 485
295.61896999995224	EXP	text_2: autoDraw = false
295.61896999995224	EXP	Feedback: text = 469
295.61896999995224	EXP	Feedback: autoDraw = true
296.6183500000043	EXP	Feedback: autoDraw = false
296.6183500000043	EXP	Feedback: autoDraw = false
296.6183500000043	EXP	text_3: autoDraw = true
299.65958999993745	EXP	text_3: autoDraw = false
299.65958999993745	EXP	text_3: autoDraw = false
299.65958999993745	EXP	text_2: autoDraw = true
299.65958999993745	EXP	text_2: text = 0
299.67181999993045	EXP	text_2: text = 13
299.685530000017	EXP	text_2: text = 32
299.70463499997277	EXP	text_2: text = 47
299.72235499997623	EXP	text_2: text = 66
299.73587500001304	EXP	text_2: text = 82
299.75518500001635	EXP	text_2: text = 97
299.7729500000132	EXP	text_2: text = 117
299.78564999997616	EXP	text_2: text = 132
299.80544000002556	EXP	text_2: text = 147
299.8217299999669	EXP	text_2: text = 164
299.83567499998026	EXP	text_2: text = 182
299.8553199999733	EXP	text_2: text = 197
299.8722950000083	EXP	text_2: text = 215
299.8858600000385	EXP	text_2: text = 232
299.9055149999913	EXP	text_2: text = 247
299.92159000004176	EXP	text_2: text = 267
299.93597500002943	EXP	text_2: text = 282
299.95582000003196	EXP	text_2: text = 298
299.97215499996673	EXP	text_2: text = 317
299.98829999996815	EXP	text_2: text = 332
300.0065600000089	EXP	text_2: text = 350
300.0214299999643	EXP	text_2: text = 364
300.03714000002947	EXP	text_2: text = 382
300.0567799999844	EXP	text_2: text = 400
300.0714000000153	EXP	text_2: text = 415
300.0878200000152	EXP	text_2: text = 432
300.10723500000313	EXP	text_2: text = 451
300.1139350000303	DATA	Keydown:  
300.1239099999657	EXP	text_2: text = 466
300.1239099999657	EXP	text_2: autoDraw = false
300.1239099999657	EXP	Feedback: text = 455
300.1239099999657	EXP	Feedback: autoDraw = true
301.1250149999978	EXP	Feedback: autoDraw = false
301.1250149999978	EXP	Feedback: autoDraw = false
301.1250149999978	EXP	text_3: autoDraw = true
304.73412000003736	EXP	text_3: autoDraw = false
304.73412000003736	EXP	text_3: autoDraw = false
304.73412000003736	EXP	text_2: autoDraw = true
304.73412000003736	EXP	text_2: text = 0
304.7469849999761	EXP	text_2: text = 13
304.76019499998074	EXP	text_2: text = 31
304.781500000041	EXP	text_2: text = 50
304.79630000004545	EXP	text_2: text = 64
304.8103150000097	EXP	text_2: text = 81
304.83137499995064	EXP	text_2: text = 100
304.84711999993306	EXP	text_2: text = 114
304.86076499999035	EXP	text_2: text = 132
304.8813650000375	EXP	text_2: text = 148
304.8978750000242	EXP	text_2: text = 164
304.91096000000834	EXP	text_2: text = 181
304.9310749999713	EXP	text_2: text = 199
304.94806500000414	EXP	text_2: text = 216
304.9610999999568	EXP	text_2: text = 231
304.98104999994393	EXP	text_2: text = 248
304.9969249999849	EXP	text_2: text = 264
305.0121700000018	EXP	text_2: text = 283
305.03134999994654	EXP	text_2: text = 299
305.0482400000328	EXP	text_2: text = 317
305.06281499995384	EXP	text_2: text = 331
305.08008500002325	EXP	text_2: text = 348
305.09781499998644	EXP	text_2: text = 366
305.11346999998204	EXP	text_2: text = 381
305.12921499996446	EXP	text_2: text = 398
305.14851500000805	EXP	text_2: text = 417
305.1633750000037	EXP	text_2: text = 434
305.1651350000175	DATA	Keydown:  
305.1845200000098	EXP	text_2: text = 449
305.1845200000098	EXP	text_2: autoDraw = false
305.1845200000098	EXP	Feedback: text = 431
305.1845200000098	EXP	Feedback: autoDraw = true
306.1820450000232	EXP	Feedback: autoDraw = false
306.1820450000232	EXP	Feedback: autoDraw = false
306.1820450000232	EXP	text_3: autoDraw = true
313.2425049999729	EXP	text_3: autoDraw = false
313.2425049999729	EXP	text_3: autoDraw = false
313.2425049999729	EXP	text_2: autoDraw = true
313.2425049999729	EXP	text_2: text = 0
313.25971999997273	EXP	text_2: text = 15
313.2771349999821	EXP	text_2: text = 32
313.2908550000284	EXP	text_2: text = 50
313.3105150000192	EXP	text_2: text = 65
313.3271449999884	EXP	text_2: text = 82
313.34268500003964	EXP	text_2: text = 99
313.3599000000395	EXP	text_2: text = 116
313.3776150000049	EXP	text_2: text = 132
313.3948350000428	EXP	text_2: text = 151
313.40742499998305	EXP	text_2: text = 166
313.4280250000302	EXP	text_2: text = 182
313.44560500001535	EXP	text_2: text = 201
313.45814000000246	EXP	text_2: text = 217
313.47658000001684	EXP	text_2: text = 232
313.49378499994054	EXP	text_2: text = 249
313.5094350000145	EXP	text_2: text = 268
313.5241049999604	EXP	text_2: text = 282
313.5451099999482	EXP	text_2: text = 302
313.56095499999356	EXP	text_2: text = 318
313.5749000000069	EXP	text_2: text = 332
313.588310000021	DATA	Keydown:  
313.600940000033	EXP	text_2: text = 354
313.600940000033	EXP	text_2: autoDraw = false
313.600940000033	EXP	Feedback: text = 346
313.600940000033	EXP	Feedback: autoDraw = true
314.5953300000401	EXP	Feedback: autoDraw = false
314.5953300000401	EXP	Feedback: autoDraw = false
314.5953300000401	EXP	text_3: autoDraw = true
320.4029500000179	EXP	text_3: autoDraw = false
320.4029500000179	EXP	text_3: autoDraw = false
320.4029500000179	EXP	text_2: autoDraw = true
320.4029500000179	EXP	text_2: text = 0
320.42151499993633	EXP	text_2: text = 17
320.4386500000255	EXP	text_2: text = 35
320.45290000003297	EXP	text_2: text = 52
320.47199999995064	EXP	text_2: text = 67
320.48829999996815	EXP	text_2: text = 86
320.5024299999932	EXP	text_2: text = 102
320.522265000036	EXP	text_2: text = 118
320.5383150000125	EXP	text_2: text = 134
320.5528100000229	EXP	text_2: text = 153
320.57207999995444	EXP	text_2: text = 168
320.58876499999315	EXP	text_2: text = 185
320.6026650000131	EXP	text_2: text = 202
320.62207499996293	EXP	text_2: text = 217
320.6387350000441	EXP	text_2: text = 235
320.6525899999542	EXP	text_2: text = 253
320.6722600000212	EXP	text_2: text = 267
320.689069999964	EXP	text_2: text = 285
320.7024299999466	EXP	text_2: text = 302
320.7222700000275	EXP	text_2: text = 318
320.73939000000246	EXP	text_2: text = 335
320.7525799999712	EXP	text_2: text = 352
320.77260999998543	EXP	text_2: text = 368
320.78812499996275	EXP	text_2: text = 384
320.8027599999914	EXP	text_2: text = 402
320.8238849999616	EXP	text_2: text = 421
320.8401699999813	EXP	text_2: text = 437
320.85279000003356	EXP	text_2: text = 452
320.8739249999635	EXP	text_2: text = 471
320.8779499999946	DATA	Keydown:  
320.8919949999545	EXP	text_2: text = 485
320.8919949999545	EXP	text_2: autoDraw = false
320.8919949999545	EXP	Feedback: text = 475
320.8919949999545	EXP	Feedback: autoDraw = true
321.8912400000263	EXP	Feedback: autoDraw = false
321.8912400000263	EXP	Feedback: autoDraw = false
321.8912400000263	EXP	text_3: autoDraw = true
328.6181149999611	EXP	text_3: autoDraw = false
328.6181149999611	EXP	text_3: autoDraw = false
328.6181149999611	EXP	text_2: autoDraw = true
328.6181149999611	EXP	text_2: text = 0
328.63482499995735	EXP	text_2: text = 14
328.65197500004433	EXP	text_2: text = 31
328.6670849999646	EXP	text_2: text = 50
328.6848999999929	EXP	text_2: text = 64
328.7021249999525	EXP	text_2: text = 81
328.71743499999866	EXP	text_2: text = 100
328.734524999978	EXP	text_2: text = 113
328.7530849999748	EXP	text_2: text = 133
328.76763000001665	EXP	text_2: text = 150
328.7849350000033	EXP	text_2: text = 163
328.8027249999577	EXP	text_2: text = 181
328.8181949999416	EXP	text_2: text = 198
328.8329199999571	EXP	text_2: text = 213
328.85146999999415	EXP	text_2: text = 231
328.8690649999771	EXP	text_2: text = 250
328.8840299999574	EXP	text_2: text = 265
328.90011000004597	EXP	text_2: text = 282
328.9166650000261	EXP	text_2: text = 299
328.9339499999769	EXP	text_2: text = 316
328.949804999982	EXP	text_2: text = 331
328.96674499998335	EXP	text_2: text = 349
328.9828999999445	EXP	text_2: text = 365
328.99872999999207	EXP	text_2: text = 380
329.01682999997865	EXP	text_2: text = 399
329.0335549999727	EXP	text_2: text = 416
329.0354900000384	DATA	Keydown:  
329.0537900000345	EXP	text_2: text = 431
329.0537900000345	EXP	text_2: autoDraw = false
329.0537900000345	EXP	Feedback: text = 418
329.0537900000345	EXP	Feedback: autoDraw = true
330.05978999997023	EXP	Feedback: autoDraw = false
330.05978999997023	EXP	Feedback: autoDraw = false
330.05978999997023	EXP	text_3: autoDraw = true
333.6462049999973	EXP	text_3: autoDraw = false
333.6462049999973	EXP	text_3: autoDraw = false
333.6462049999973	EXP	text_2: autoDraw = true
333.6462049999973	EXP	text_2: text = 0
333.65670499997213	EXP	text_2: text = 16
333.67673499998637	EXP	text_2: text = 32
333.69386999995913	EXP	text_2: text = 49
333.7063850000268	EXP	text_2: text = 67
333.7258950000396	EXP	text_2: text = 82
333.74335500004236	EXP	text_2: text = 99
333.7568400000455	EXP	text_2: text = 117
333.7774900000077	EXP	text_2: text = 134
333.7934149999637	EXP	text_2: text = 149
333.80686499993317	EXP	text_2: text = 167
333.82682499999646	EXP	text_2: text = 182
333.84363499993924	EXP	text_2: text = 199
333.8567500000354	EXP	text_2: text = 217
333.8778099999763	EXP	text_2: text = 235
333.89336500002537	EXP	text_2: text = 249
333.90726999996696	EXP	text_2: text = 266
333.928264999995	EXP	text_2: text = 284
333.9438450000016	EXP	text_2: text = 299
333.9575649999315	EXP	text_2: text = 317
333.9777549999999	EXP	text_2: text = 334
333.99392499995884	EXP	text_2: text = 349
334.00825499999337	EXP	text_2: text = 368
334.0248000000138	EXP	text_2: text = 384
334.0480299999472	EXP	text_2: text = 407
334.06146500003524	EXP	text_2: text = 415
334.076774999965	EXP	text_2: text = 434
334.09197499998845	EXP	text_2: text = 449
334.1112049999647	EXP	text_2: text = 466
334.1272099999478	EXP	text_2: text = 485
334.14232500002254	EXP	text_2: text = 501
334.16166500002146	EXP	text_2: text = 516
334.17900999996345	EXP	text_2: text = 534
334.19197499996517	EXP	text_2: text = 551
334.1943200000096	DATA	Keydown:  
334.21239500003867	EXP	text_2: text = 567
334.21239500003867	EXP	text_2: autoDraw = false
334.21239500003867	EXP	Feedback: text = 548
334.21239500003867	EXP	Feedback: autoDraw = true
335.21311499993317	EXP	Feedback: autoDraw = false
335.21311499993317	EXP	Feedback: autoDraw = false
335.21311499993317	EXP	text_3: autoDraw = true
344.9651999999769	EXP	text_3: autoDraw = false
344.9651999999769	EXP	text_3: autoDraw = false
344.9651999999769	EXP	text_2: autoDraw = true
344.9651999999769	EXP	text_2: text = 0
344.9747849999694	EXP	text_2: text = 16
344.9952650000341	EXP	text_2: text = 32
345.0123199999798	EXP	text_2: text = 50
345.02511000004597	EXP	text_2: text = 66
345.0448150000302	EXP	text_2: text = 82
345.0622199999634	EXP	text_2: text = 100
345.075205000001	EXP	text_2: text = 114
345.0953499999596	EXP	text_2: text = 134
345.1128599999938	EXP	text_2: text = 151
345.1283599999733	EXP	text_2: text = 165
345.1423949999735	EXP	text_2: text = 181
345.1621850000229	EXP	text_2: text = 199
345.17966000002343	EXP	text_2: text = 217
345.1919850000413	EXP	text_2: text = 232
345.2114649999421	EXP	text_2: text = 249
345.2291500000283	EXP	text_2: text = 266
345.243134999997	EXP	text_2: text = 284
345.2620749999769	EXP	text_2: text = 299
345.2786100000376	EXP	text_2: text = 316
345.29496500000823	EXP	text_2: text = 332
345.3097050000215	EXP	text_2: text = 351
345.31820500001777	DATA	Keydown:  
345.3279999999795	EXP	text_2: text = 367
345.3279999999795	EXP	text_2: autoDraw = false
345.3279999999795	EXP	Feedback: text = 353
345.3279999999795	EXP	Feedback: autoDraw = true
346.33147999993525	EXP	Feedback: autoDraw = false
346.33147999993525	EXP	Feedback: autoDraw = false
346.33147999993525	EXP	text_3: autoDraw = true
354.57866999995895	EXP	text_3: autoDraw = false
354.57866999995895	EXP	text_3: autoDraw = false
354.57866999995895	EXP	text_2: autoDraw = true
354.57866999995895	EXP	text_2: text = 0
354.59334499994293	EXP	text_2: text = 15
354.608974999981	EXP	text_2: text = 34
354.62680500000715	EXP	text_2: text = 50
354.64347499993164	EXP	text_2: text = 65
354.6595049999887	EXP	text_2: text = 82
354.67575499997474	EXP	text_2: text = 100
354.6949500000337	EXP	text_2: text = 117
354.7120550000109	EXP	text_2: text = 135
354.7243749999907	EXP	text_2: text = 149
354.74528999999166	EXP	text_2: text = 167
354.76098000002094	EXP	text_2: text = 184
354.7748450000072	EXP	text_2: text = 199
354.7944600000046	EXP	text_2: text = 217
354.81023499998264	EXP	text_2: text = 232
354.82459999993443	EXP	text_2: text = 249
354.8444749999326	EXP	text_2: text = 268
354.86173500004224	EXP	text_2: text = 282
354.87775500002317	EXP	text_2: text = 300
354.89136999996845	EXP	text_2: text = 317
354.90994499996305	EXP	text_2: text = 332
354.9282949999906	EXP	text_2: text = 351
354.94134499994107	EXP	text_2: text = 367
354.95952499995474	EXP	text_2: text = 382
354.97600499994587	EXP	text_2: text = 399
354.9934750000248	EXP	text_2: text = 417
355.01016499998514	EXP	text_2: text = 434
355.0274099999806	EXP	text_2: text = 449
355.0451549999416	EXP	text_2: text = 467
355.0585849999916	EXP	text_2: text = 484
355.07826999993995	EXP	text_2: text = 499
355.0957499999786	EXP	text_2: text = 518
355.1099300000351	EXP	text_2: text = 535
355.12684000004083	EXP	text_2: text = 549
355.14572999998927	EXP	text_2: text = 567
355.1611999999732	EXP	text_2: text = 584
355.1750049999682	EXP	text_2: text = 599
355.1960749999853	EXP	text_2: text = 619
355.2025849999627	DATA	Keydown:  
355.2154650000157	EXP	text_2: text = 636
355.2154650000157	EXP	text_2: autoDraw = false
355.2154650000157	EXP	Feedback: text = 624
355.2154650000157	EXP	Feedback: autoDraw = true
356.21337999997195	EXP	Feedback: autoDraw = false
356.21337999997195	EXP	Feedback: autoDraw = false
356.21337999997195	EXP	text_3: autoDraw = true
363.57346500002313	EXP	text_3: autoDraw = false
363.57346500002313	EXP	text_3: autoDraw = false
363.57346500002313	EXP	text_2: autoDraw = true
363.57346500002313	EXP	text_2: text = 0
363.59101999993436	EXP	text_2: text = 15
363.6078699999489	EXP	text_2: text = 35
363.62200999993365	EXP	text_2: text = 50
363.64089499996044	EXP	text_2: text = 65
363.65821000002325	EXP	text_2: text = 82
363.6722900000168	EXP	text_2: text = 100
363.6913899999345	EXP	text_2: text = 115
363.7089899999555	EXP	text_2: text = 134
363.72247499995865	EXP	text_2: text = 150
363.74152499996126	EXP	text_2: text = 165
363.7581449999707	EXP	text_2: text = 182
363.77171500003897	EXP	text_2: text = 200
363.79190499999095	EXP	text_2: text = 215
363.80854500003625	EXP	text_2: text = 232
363.82253999996465	EXP	text_2: text = 250
363.8416000000434	EXP	text_2: text = 265
363.85899999993853	EXP	text_2: text = 282
363.872005000012	EXP	text_2: text = 300
363.8931599999778	EXP	text_2: text = 319
363.90772000001743	EXP	text_2: text = 333
363.9220549999736	EXP	text_2: text = 350
363.9439799999818	EXP	text_2: text = 369
363.959514999995	EXP	text_2: text = 383
363.96349999995437	DATA	Keydown:  
363.97338500001933	EXP	text_2: text = 401
363.97338500001933	EXP	text_2: autoDraw = false
363.97338500001933	EXP	Feedback: text = 390
363.97338500001933	EXP	Feedback: autoDraw = true
364.9775499999523	EXP	Feedback: autoDraw = false
364.9775499999523	EXP	Feedback: autoDraw = false
364.9775499999523	EXP	text_3: autoDraw = true
368.2486049999716	EXP	text_3: autoDraw = false
368.2486049999716	EXP	text_3: autoDraw = false
368.2486049999716	EXP	text_2: autoDraw = true
368.2486049999716	EXP	text_2: text = 0
368.2654849999817	EXP	text_2: text = 14
368.2811150000198	EXP	text_2: text = 31
368.29871500004083	EXP	text_2: text = 50
368.31203000003006	EXP	text_2: text = 64
368.3326400000369	EXP	text_2: text = 84
368.34823000000324	EXP	text_2: text = 101
368.36523500003386	EXP	text_2: text = 116
368.3822849999415	EXP	text_2: text = 132
368.3987049999414	EXP	text_2: text = 150
368.4125449999701	EXP	text_2: text = 164
368.43234499997925	EXP	text_2: text = 182
368.44788999995217	EXP	text_2: text = 199
368.4654200000223	EXP	text_2: text = 216
368.48326000000816	EXP	text_2: text = 232
368.50089499994647	EXP	text_2: text = 253
368.5137500000419	EXP	text_2: text = 268
368.52967499999795	EXP	text_2: text = 282
368.54955500003416	EXP	text_2: text = 301
368.56693500000983	EXP	text_2: text = 318
368.57955999998376	EXP	text_2: text = 333
368.60013499995694	EXP	text_2: text = 351
368.61701499996707	EXP	text_2: text = 368
368.62915499997325	EXP	text_2: text = 381
368.65032499993686	EXP	text_2: text = 400
368.6786200000206	DATA	Keydown:  
368.68376000004355	EXP	text_2: text = 436
368.68376000004355	EXP	text_2: autoDraw = false
368.68376000004355	EXP	Feedback: text = 430
368.68376000004355	EXP	Feedback: autoDraw = true
369.6846450000303	EXP	Feedback: autoDraw = false
369.6846450000303	EXP	Feedback: autoDraw = false
369.6846450000303	EXP	text_3: autoDraw = true
371.690419999999	EXP	text_3: autoDraw = false
371.690419999999	EXP	text_3: autoDraw = false
371.690419999999	EXP	text_2: autoDraw = true
371.690419999999	EXP	text_2: text = 0
371.70383999997284	EXP	text_2: text = 16
371.71917499997653	EXP	text_2: text = 33
371.7376500000246	EXP	text_2: text = 50
371.75323499995284	EXP	text_2: text = 67
371.7705249999417	EXP	text_2: text = 84
371.7875449999701	EXP	text_2: text = 99
371.8041899999371	EXP	text_2: text = 118
371.8185799999628	EXP	text_2: text = 134
371.83776499994565	EXP	text_2: text = 149
371.85472499998286	EXP	text_2: text = 166
371.868060000008	EXP	text_2: text = 184
371.88766999996733	EXP	text_2: text = 199
371.9053599999752	EXP	text_2: text = 217
371.9185849999776	EXP	text_2: text = 234
371.93798499996774	EXP	text_2: text = 249
371.95394999999553	EXP	text_2: text = 266
371.9682599999942	EXP	text_2: text = 284
371.98848499997985	EXP	text_2: text = 299
372.00505999999586	EXP	text_2: text = 316
372.0237849999685	EXP	text_2: text = 338
372.0389499999583	EXP	text_2: text = 351
372.05409999995027	EXP	text_2: text = 366
372.07302000001073	EXP	text_2: text = 385
372.08545999997295	EXP	text_2: text = 401
372.10430999996606	EXP	text_2: text = 416
372.12338000000454	EXP	text_2: text = 436
372.13011000002734	DATA	Keydown:  
372.1389649999328	EXP	text_2: text = 452
372.1389649999328	EXP	text_2: autoDraw = false
372.1389649999328	EXP	Feedback: text = 440
372.1389649999328	EXP	Feedback: autoDraw = true
373.1400900000008	EXP	Feedback: autoDraw = false
373.1400900000008	EXP	Feedback: autoDraw = false
373.1400900000008	EXP	text_3: autoDraw = true
382.3913950000424	EXP	text_3: autoDraw = false
382.3913950000424	EXP	text_3: autoDraw = false
382.3913950000424	EXP	text_2: autoDraw = true
382.3913950000424	EXP	text_2: text = 0
382.40517000004184	EXP	text_2: text = 14
382.41824000002816	EXP	text_2: text = 31
382.43902499997057	EXP	text_2: text = 49
382.4545999999391	EXP	text_2: text = 63
382.4681850000052	EXP	text_2: text = 81
382.48967999999877	EXP	text_2: text = 100
382.5043649999425	EXP	text_2: text = 113
382.518395000021	EXP	text_2: text = 131
382.53843499999493	EXP	text_2: text = 150
382.5550799999619	EXP	text_2: text = 164
382.5686299999943	EXP	text_2: text = 181
382.5890349999536	EXP	text_2: text = 199
382.6055749999359	EXP	text_2: text = 215
382.6189650000306	EXP	text_2: text = 230
382.6397649999708	EXP	text_2: text = 250
382.6573400000343	EXP	text_2: text = 267
382.66862499993294	EXP	text_2: text = 280
382.6876649999758	EXP	text_2: text = 298
382.69155999994837	DATA	Keydown:  
382.7078550000442	EXP	text_2: text = 316
382.7078550000442	EXP	text_2: autoDraw = false
382.7078550000442	EXP	Feedback: text = 300
382.7078550000442	EXP	Feedback: autoDraw = true
383.70877000002656	EXP	Feedback: autoDraw = false
383.70877000002656	EXP	Feedback: autoDraw = false
383.70877000002656	EXP	text_3: autoDraw = true
391.77212999993935	EXP	text_3: autoDraw = false
391.77212999993935	EXP	text_3: autoDraw = false
391.77212999993935	EXP	text_2: autoDraw = true
391.77212999993935	EXP	text_2: text = 0
391.7865499999607	EXP	text_2: text = 16
391.8000699999975	EXP	text_2: text = 34
391.819439999992	EXP	text_2: text = 49
391.8377450000262	EXP	text_2: text = 69
391.8501699999906	EXP	text_2: text = 84
391.8700950000202	EXP	text_2: text = 102
391.8870099999476	EXP	text_2: text = 116
391.9001200000057	EXP	text_2: text = 134
391.9192650000332	EXP	text_2: text = 149
391.93627499998547	EXP	text_2: text = 168
391.9501450000098	EXP	text_2: text = 183
391.9700700000394	EXP	text_2: text = 199
391.9868149999529	EXP	text_2: text = 217
392.00018999993335	EXP	text_2: text = 234
392.02122500003316	EXP	text_2: text = 250
392.0361849999754	EXP	text_2: text = 266
392.05042999994475	EXP	text_2: text = 284
392.0703699999722	EXP	text_2: text = 299
392.086634999956	EXP	text_2: text = 316
392.10112000000663	EXP	text_2: text = 334
392.1094799999846	DATA	Keydown:  
392.12725000001956	EXP	text_2: text = 354
392.12725000001956	EXP	text_2: autoDraw = false
392.12725000001956	EXP	Feedback: text = 338
392.12725000001956	EXP	Feedback: autoDraw = true
393.1183050000109	EXP	Feedback: autoDraw = false
393.1183050000109	EXP	Feedback: autoDraw = false
393.1183050000109	EXP	text_3: autoDraw = true
401.08181999996305	DATA	Keydown:  
401.6364149999572	EXP	text_3: autoDraw = false
401.6364149999572	EXP	text_3: autoDraw = false
401.6364149999572	EXP	text_2: autoDraw = true
401.6364149999572	EXP	text_2: text = 0
401.6479699999327	EXP	text_2: text = 14
401.6684149999637	EXP	text_2: text = 32
401.6841149999527	EXP	text_2: text = 49
401.6982050000224	EXP	text_2: text = 64
401.7178249999415	EXP	text_2: text = 82
401.7346550000366	EXP	text_2: text = 99
401.7486450000433	EXP	text_2: text = 114
401.76882999995723	EXP	text_2: text = 133
401.78590999997687	EXP	text_2: text = 149
401.7980700000189	EXP	text_2: text = 164
401.8188599999994	EXP	text_2: text = 183
401.83441499993205	EXP	text_2: text = 199
401.8362049999414	DATA	Keydown:  
401.8527999999933	EXP	text_2: text = 214
401.8527999999933	EXP	text_2: autoDraw = false
401.8527999999933	EXP	Feedback: text = 200
401.8527999999933	EXP	Feedback: autoDraw = true
402.8503300000448	EXP	Feedback: autoDraw = false
402.8503300000448	EXP	Feedback: autoDraw = false
402.8503300000448	EXP	text_3: autoDraw = true
405.42378499999177	EXP	text_3: autoDraw = false
405.42378499999177	EXP	text_3: autoDraw = false
405.42378499999177	EXP	text_2: autoDraw = true
405.42378499999177	EXP	text_2: text = 0
405.4404499999946	EXP	text_2: text = 17
405.45846500003245	EXP	text_2: text = 36
405.4713050000137	EXP	text_2: text = 51
405.4908300000243	EXP	text_2: text = 67
405.5086449999362	EXP	text_2: text = 85
405.52249999996275	EXP	text_2: text = 102
405.54116499994416	EXP	text_2: text = 117
405.5585999999894	EXP	text_2: text = 135
405.5721899999771	EXP	text_2: text = 152
405.5913550000405	EXP	text_2: text = 168
405.60818500001915	EXP	text_2: text = 185
405.62217999994755	EXP	text_2: text = 202
405.64144999999553	EXP	text_2: text = 217
405.6580499999691	EXP	text_2: text = 235
405.6722600000212	EXP	text_2: text = 252
405.6914199999301	EXP	text_2: text = 267
405.70901500002947	EXP	text_2: text = 286
405.7241749999812	EXP	text_2: text = 302
405.7389999999432	EXP	text_2: text = 316
405.7583399999421	EXP	text_2: text = 335
405.774284999934	EXP	text_2: text = 352
405.79145499994047	EXP	text_2: text = 371
405.80807000002824	EXP	text_2: text = 385
405.8282950000139	EXP	text_2: text = 407
405.84237500000745	EXP	text_2: text = 419
405.8561599999666	EXP	text_2: text = 434
405.8763950000284	EXP	text_2: text = 452
405.89401499996893	EXP	text_2: text = 470
405.9058949999744	EXP	text_2: text = 484
405.9262849999359	EXP	text_2: text = 502
405.9431949999416	EXP	text_2: text = 519
405.9560699999565	EXP	text_2: text = 534
405.97721000004094	EXP	text_2: text = 553
405.9928549999604	EXP	text_2: text = 570
406.00787500001024	EXP	text_2: text = 585
406.02657500002533	EXP	text_2: text = 602
406.043229999952	EXP	text_2: text = 619
406.0564749999903	EXP	text_2: text = 634
406.06462499999907	DATA	Keydown:  
406.08001000003424	EXP	text_2: text = 654
406.08001000003424	EXP	text_2: autoDraw = false
406.08001000003424	EXP	Feedback: text = 642
406.08001000003424	EXP	Feedback: autoDraw = true
407.0782650000183	EXP	Feedback: autoDraw = false
407.0782650000183	EXP	Feedback: autoDraw = false
407.0782650000183	EXP	text_3: autoDraw = true
415.4614049999509	EXP	text_3: autoDraw = false
415.4614049999509	EXP	text_3: autoDraw = false
415.4614049999509	EXP	text_2: autoDraw = true
415.4614049999509	EXP	text_2: text = 0
415.4753849999979	EXP	text_2: text = 16
415.4913350000279	EXP	text_2: text = 34
415.50575499993283	EXP	text_2: text = 49
415.5248300000094	EXP	text_2: text = 65
415.54055499995593	EXP	text_2: text = 82
415.55732999998145	EXP	text_2: text = 99
415.5750649999827	EXP	text_2: text = 118
415.5907049999805	EXP	text_2: text = 132
415.6076549999416	EXP	text_2: text = 149
415.6252300000051	EXP	text_2: text = 165
415.64035500003956	EXP	text_2: text = 183
415.65871500002686	EXP	text_2: text = 200
415.6752250000136	EXP	text_2: text = 215
415.6916199999396	EXP	text_2: text = 234
415.70713999995496	EXP	text_2: text = 249
415.7247699999716	EXP	text_2: text = 265
415.74092999997083	EXP	text_2: text = 282
415.7582049999619	EXP	text_2: text = 299
415.7768849999411	EXP	text_2: text = 318
415.79174999997485	EXP	text_2: text = 334
415.8062299999874	EXP	text_2: text = 349
415.82576499995776	EXP	text_2: text = 367
415.84163499996066	EXP	text_2: text = 382
415.85583499993663	EXP	text_2: text = 399
415.9204749999335	EXP	text_2: text = 417
415.9231650000438	DATA	Keydown:  
415.9437199999811	EXP	text_2: text = 482
415.9437199999811	EXP	text_2: autoDraw = false
415.9437199999811	EXP	Feedback: text = 462
415.9437199999811	EXP	Feedback: autoDraw = true
416.94151499995496	EXP	Feedback: autoDraw = false
416.94151499995496	EXP	Feedback: autoDraw = false
416.94151499995496	EXP	text_3: autoDraw = true
420.35113500000443	EXP	text_3: autoDraw = false
420.35113500000443	EXP	text_3: autoDraw = false
420.35113500000443	EXP	text_2: autoDraw = true
420.35113500000443	EXP	text_2: text = 0
420.3612199999625	EXP	text_2: text = 14
420.3830799999414	EXP	text_2: text = 33
420.39847999997437	EXP	text_2: text = 49
420.411914999946	EXP	text_2: text = 64
420.4323999999324	EXP	text_2: text = 83
420.4479150000261	EXP	text_2: text = 99
420.4638199999463	EXP	text_2: text = 116
420.4823949999409	EXP	text_2: text = 132
420.49940999993123	EXP	text_2: text = 150
420.51564999995753	EXP	text_2: text = 166
420.52850499993656	EXP	text_2: text = 182
420.54872500000056	EXP	text_2: text = 199
420.56505999993533	EXP	text_2: text = 216
420.57972999999765	EXP	text_2: text = 232
420.5990349999629	EXP	text_2: text = 250
420.61465000000317	EXP	text_2: text = 267
420.6314100000309	EXP	text_2: text = 282
420.6496699999552	EXP	text_2: text = 300
420.66386500000954	EXP	text_2: text = 317
420.6823699999368	EXP	text_2: text = 332
420.721019999939	EXP	text_2: text = 349
420.7484150000382	EXP	text_2: text = 399
420.7652900000103	EXP	text_2: text = 416
420.78277499997057	EXP	text_2: text = 434
420.79862000001594	EXP	text_2: text = 449
420.80356499995105	DATA	Keydown:  
420.8177049999358	EXP	text_2: text = 466
420.8177049999358	EXP	text_2: autoDraw = false
420.8177049999358	EXP	Feedback: text = 453
420.8177049999358	EXP	Feedback: autoDraw = true
421.894345000037	EXP	Feedback: autoDraw = false
421.894345000037	EXP	Feedback: autoDraw = false
421.894345000037	EXP	End_text: autoDraw = true
