0.11680500023066998	EXP	Created Window = Window( name=Window, fullscr=true, color=#000000, units=height, waitBlanking=true, autoLog=true, size=[1280,578] )
3.1080950000323355	DATA	Keydown: Shift
3.181800000369549	DATA	Keydown: P
3.780480000190437	DATA	Keydown: Shift
3.9252150002866983	DATA	Keydown: R
4.55475000012666	DATA	Keydown: 0
4.97304500034079	DATA	Keydown: 7
5.462580000050366	DATA	Keydown: 5
6.176375000271946	DATA	Keydown: 3
6.42949500028044	DATA	Keydown: 9
38.57937500020489	EXP	Created text = TextStim( name=text, win=Window( name=Window, fullscr=true, color=#000000, ~), autoDraw=null, autoLog=true, units=height, ori=null, opacity=1, pos=[0,0], size=undefined, text=INSTRUCTIONS [EN]


A counter will appear and star~, font=Arial, color=#FFFFFF, contrast=1, height=0.03, bold=null, italic=null, alignHoriz=left, alignVert=center, wrapWidth=1, flipHoriz=null, flipVert=null )
38.58084000041708	EXP	Created text_3 = TextStim( name=text_3, win=Window( name=Window, fullscr=true, color=#000000, ~), autoDraw=null, autoLog=true, units=height, ori=null, opacity=1, pos=[0,0], size=undefined, text=null, font=Arial, color=#FFFFFF, contrast=1, height=0.1, bold=null, italic=null, alignHoriz=left, alignVert=center, wrapWidth=1, flipHoriz=null, flipVert=null )
38.58176500024274	EXP	Created text_2 = TextStim( name=text_2, win=Window( name=Window, fullscr=true, color=#000000, ~), autoDraw=null, autoLog=true, units=height, ori=null, opacity=1, pos=[0,0], size=undefined, text=default text, font=Arial, color=#ff0000, contrast=1, height=0.15, bold=null, italic=null, alignHoriz=left, alignVert=center, wrapWidth=1, flipHoriz=null, flipVert=null )
38.582605000119656	EXP	Created Feedback = TextStim( name=Feedback, win=Window( name=Window, fullscr=true, color=#000000, ~), autoDraw=null, autoLog=true, units=height, ori=null, opacity=1, pos=[0,0], size=undefined, text=default text, font=Arial, color=#ff0000, contrast=1, height=0.15, bold=null, italic=null, alignHoriz=left, alignVert=center, wrapWidth=1, flipHoriz=null, flipVert=null )
38.58572500012815	EXP	Created End_text = TextStim( name=End_text, win=Window( name=Window, fullscr=true, color=#000000, ~), autoDraw=null, autoLog=true, units=height, ori=null, opacity=1, pos=[0,0], size=undefined, text=This study aimed to look at procedural learning, i~, font=Arial, color=#FFFFFF, contrast=1, height=0.025, bold=null, italic=null, alignHoriz=left, alignVert=center, wrapWidth=1, flipHoriz=null, flipVert=null )
38.629055000375956	EXP	text: units = "height"
38.629055000375956	EXP	text: ori = 0
38.629055000375956	EXP	text: opacity = 1
38.629055000375956	EXP	text: pos = [0,0]
38.629055000375956	EXP	text: size = undefined
38.629055000375956	EXP	text: text = "INSTRUCTIONS [EN]\n\n\nA counter will appear and start counting at random times, press SPACE as fast as possible when it appears.\n\n\nPress SPACE to start\n\n-------\n\nInstruções [PT]\n\n\nUm cronómetro vai aparecer e começar a contar aleatoriamente, pressione a tecla SPACE assim que ele aparecer.\n\n\nPressiona SPACE para começar."
38.629055000375956	EXP	text: font = "Arial"
38.629055000375956	EXP	text: color = {"_hex":"#FFFFFF","_rgb":[1,1,1]}
38.629055000375956	EXP	text: contrast = 1
38.629055000375956	EXP	text: height = 0.03
38.629055000375956	EXP	text: bold = false
38.629055000375956	EXP	text: italic = false
38.629055000375956	EXP	text: alignHoriz = "left"
38.629055000375956	EXP	text: alignVert = "center"
38.629055000375956	EXP	text: wrapWidth = 1
38.629055000375956	EXP	text: flipHoriz = false
38.629055000375956	EXP	text: flipVert = false
38.629055000375956	EXP	text_3: units = "height"
38.629055000375956	EXP	text_3: ori = 0
38.629055000375956	EXP	text_3: opacity = 1
38.629055000375956	EXP	text_3: pos = [0,0]
38.629055000375956	EXP	text_3: size = undefined
38.629055000375956	EXP	text_3: text = ""
38.629055000375956	EXP	text_3: font = "Arial"
38.629055000375956	EXP	text_3: color = {"_hex":"#FFFFFF","_rgb":[1,1,1]}
38.629055000375956	EXP	text_3: contrast = 1
38.629055000375956	EXP	text_3: height = 0.1
38.629055000375956	EXP	text_3: bold = false
38.629055000375956	EXP	text_3: italic = false
38.629055000375956	EXP	text_3: alignHoriz = "left"
38.629055000375956	EXP	text_3: alignVert = "center"
38.629055000375956	EXP	text_3: wrapWidth = 1
38.629055000375956	EXP	text_3: flipHoriz = false
38.629055000375956	EXP	text_3: flipVert = false
38.629055000375956	EXP	text_2: units = "height"
38.629055000375956	EXP	text_2: ori = 0
38.629055000375956	EXP	text_2: opacity = 1
38.629055000375956	EXP	text_2: pos = [0,0]
38.629055000375956	EXP	text_2: size = undefined
38.629055000375956	EXP	text_2: text = "default text"
38.629055000375956	EXP	text_2: font = "Arial"
38.629055000375956	EXP	text_2: color = {"_rgb":[1,0,0]}
38.629055000375956	EXP	text_2: contrast = 1
38.629055000375956	EXP	text_2: height = 0.15
38.629055000375956	EXP	text_2: bold = false
38.629055000375956	EXP	text_2: italic = false
38.629055000375956	EXP	text_2: alignHoriz = "left"
38.629055000375956	EXP	text_2: alignVert = "center"
38.629055000375956	EXP	text_2: wrapWidth = 1
38.629055000375956	EXP	text_2: flipHoriz = false
38.629055000375956	EXP	text_2: flipVert = false
38.629055000375956	EXP	Feedback: units = "height"
38.629055000375956	EXP	Feedback: ori = 0
38.629055000375956	EXP	Feedback: opacity = 1
38.629055000375956	EXP	Feedback: pos = [0,0]
38.629055000375956	EXP	Feedback: size = undefined
38.629055000375956	EXP	Feedback: text = "default text"
38.629055000375956	EXP	Feedback: font = "Arial"
38.629055000375956	EXP	Feedback: color = {"_rgb":[1,0,0]}
38.629055000375956	EXP	Feedback: contrast = 1
38.629055000375956	EXP	Feedback: height = 0.15
38.629055000375956	EXP	Feedback: bold = false
38.629055000375956	EXP	Feedback: italic = false
38.629055000375956	EXP	Feedback: alignHoriz = "left"
38.629055000375956	EXP	Feedback: alignVert = "center"
38.629055000375956	EXP	Feedback: wrapWidth = 1
38.629055000375956	EXP	Feedback: flipHoriz = false
38.629055000375956	EXP	Feedback: flipVert = false
38.629055000375956	EXP	End_text: units = "height"
38.629055000375956	EXP	End_text: ori = 0
38.629055000375956	EXP	End_text: opacity = 1
38.629055000375956	EXP	End_text: pos = [0,0]
38.629055000375956	EXP	End_text: size = undefined
38.629055000375956	EXP	End_text: text = "This study aimed to look at procedural learning, i.e. our ability to extract patterns from the input that we are constantly receiving. This skill is thought to be essential for language and literacy acquisition and has been suggested as a possible underlying difficult in children with Language Impairments and Dyslexia. This study aims to improve the measures of procedural learning (the smiley face task) so that we can measure procedural learning more reliably and, in the future, analyse the performance of individuals with learning impairments.\nThank you for participating!\n\n----\n\nEste estudo tem como objectivo analisar a nossa capacidade de extrair padrões da informação que estamos constantemente a receber. Pensa-se que esta competência é essencial para a aquisição da linguagem e literacia e foi sugerido que dificuldades neste tipo de competências poderá estar relacionado com perturbações da linguagem e Dislexia. Este estudo tem como objectivo melhorar a estabilidade das medidas usadas para medir este tipo de memória (a tarefa da cara sorridente) de forma a poder medir de forma mais precisa e, no futuro, analisar a performance de indivíduos com perturbações da aprendizagem. \nMuito obrigada por ter participado!"
38.629055000375956	EXP	End_text: font = "Arial"
38.629055000375956	EXP	End_text: color = {"_hex":"#FFFFFF","_rgb":[1,1,1]}
38.629055000375956	EXP	End_text: contrast = 1
38.629055000375956	EXP	End_text: height = 0.025
38.629055000375956	EXP	End_text: bold = false
38.629055000375956	EXP	End_text: italic = false
38.629055000375956	EXP	End_text: alignHoriz = "left"
38.629055000375956	EXP	End_text: alignVert = "center"
38.629055000375956	EXP	End_text: wrapWidth = 1
38.629055000375956	EXP	End_text: flipHoriz = false
38.629055000375956	EXP	End_text: flipVert = false
38.629055000375956	EXP	text: autoDraw = true
101.90929000033066	DATA	Keydown:  
101.94307000003755	EXP	text: autoDraw = false
101.94307000003755	EXP	text_3: autoDraw = true
105.91863000020385	EXP	text_3: autoDraw = false
105.91863000020385	EXP	text_3: autoDraw = false
105.91863000020385	EXP	text_2: autoDraw = true
105.91863000020385	EXP	text_2: text = 0
105.93987500015646	EXP	text_2: text = 33
105.9554500002414	EXP	text_2: text = 49
105.97249500034377	EXP	text_2: text = 66
105.98870500037447	EXP	text_2: text = 82
106.00568500021473	EXP	text_2: text = 99
106.02219500020146	EXP	text_2: text = 116
106.0392900002189	EXP	text_2: text = 132
106.05602500028908	EXP	text_2: text = 149
106.07216000044718	EXP	text_2: text = 166
106.08910000044852	EXP	text_2: text = 182
106.10514500038698	EXP	text_2: text = 199
106.12277000024915	EXP	text_2: text = 216
106.13838000036776	EXP	text_2: text = 232
106.15557000041008	EXP	text_2: text = 249
106.17202500021085	EXP	text_2: text = 266
106.17741000000387	DATA	Keydown:  
106.19368500029668	EXP	text_2: text = 283
106.19368500029668	EXP	text_2: autoDraw = false
106.19368500029668	EXP	Feedback: text = 259
106.19368500029668	EXP	Feedback: autoDraw = true
107.18968500010669	EXP	Feedback: autoDraw = false
107.18968500010669	EXP	Feedback: autoDraw = false
107.18968500010669	EXP	text_3: autoDraw = true
110.537845000159	EXP	text_3: autoDraw = false
110.537845000159	EXP	text_3: autoDraw = false
110.537845000159	EXP	text_2: autoDraw = true
110.537845000159	EXP	text_2: text = 0
110.55293500004336	EXP	text_2: text = 16
110.5700350003317	EXP	text_2: text = 33
110.58666500030085	EXP	text_2: text = 50
110.60215000016615	EXP	text_2: text = 66
110.6198000004515	EXP	text_2: text = 83
110.63668500026688	EXP	text_2: text = 100
110.6529400004074	EXP	text_2: text = 116
110.67044500028715	EXP	text_2: text = 133
110.68660500040278	EXP	text_2: text = 150
110.703125	EXP	text_2: text = 166
110.71919000009075	EXP	text_2: text = 183
110.73596499999985	EXP	text_2: text = 200
110.75253000017256	EXP	text_2: text = 216
110.77045500045642	EXP	text_2: text = 235
110.78590000001714	EXP	text_2: text = 249
110.80198500026017	EXP	text_2: text = 266
110.81916500022635	EXP	text_2: text = 283
110.82285000011325	DATA	Keydown:  
110.8379600001499	EXP	text_2: text = 300
110.8379600001499	EXP	text_2: autoDraw = false
110.8379600001499	EXP	Feedback: text = 285
110.8379600001499	EXP	Feedback: autoDraw = true
111.83457500021905	EXP	Feedback: autoDraw = false
111.83457500021905	EXP	Feedback: autoDraw = false
111.83457500021905	EXP	text_3: autoDraw = true
115.78389000007883	EXP	text_3: autoDraw = false
115.78389000007883	EXP	text_3: autoDraw = false
115.78389000007883	EXP	text_2: autoDraw = true
115.78389000007883	EXP	text_2: text = 0
115.79813500028104	EXP	text_2: text = 17
115.81502500036731	EXP	text_2: text = 33
115.83170500025153	EXP	text_2: text = 49
115.84812000021338	EXP	text_2: text = 66
115.86497000046074	EXP	text_2: text = 83
115.88103500008583	EXP	text_2: text = 99
115.89834000030532	EXP	text_2: text = 116
115.9142150003463	EXP	text_2: text = 133
115.93166500004008	EXP	text_2: text = 150
115.94870000006631	EXP	text_2: text = 166
115.96502500027418	EXP	text_2: text = 183
115.98139000032097	EXP	text_2: text = 200
115.99794000014663	EXP	text_2: text = 216
116.01472500013188	EXP	text_2: text = 233
116.03136000037193	EXP	text_2: text = 249
116.04799500014633	EXP	text_2: text = 266
116.06455500004813	EXP	text_2: text = 283
116.08131500007585	EXP	text_2: text = 299
116.09727000026032	EXP	text_2: text = 316
116.11472000041977	EXP	text_2: text = 333
116.13137500034645	EXP	text_2: text = 349
116.14779500011355	EXP	text_2: text = 366
116.1692050001584	EXP	text_2: text = 383
116.20311500038952	EXP	text_2: text = 421
116.23080000001937	EXP	text_2: text = 449
116.24694500025362	EXP	text_2: text = 466
116.26382500026375	EXP	text_2: text = 482
116.28044000035152	EXP	text_2: text = 499
116.28413500031456	DATA	Keydown:  
116.29889000020921	EXP	text_2: text = 516
116.29889000020921	EXP	text_2: autoDraw = false
116.29889000020921	EXP	Feedback: text = 500
116.29889000020921	EXP	Feedback: autoDraw = true
117.2959450003691	EXP	Feedback: autoDraw = false
117.2959450003691	EXP	Feedback: autoDraw = false
117.2959450003691	EXP	text_3: autoDraw = true
124.5743650002405	EXP	text_3: autoDraw = false
124.5743650002405	EXP	text_3: autoDraw = false
124.5743650002405	EXP	text_2: autoDraw = true
124.5743650002405	EXP	text_2: text = 0
124.59024000028148	EXP	text_2: text = 16
124.60654000006616	EXP	text_2: text = 33
124.62393500003964	EXP	text_2: text = 50
124.64032500004396	EXP	text_2: text = 66
124.65688000014052	EXP	text_2: text = 83
124.67364000016823	EXP	text_2: text = 100
124.6906050001271	EXP	text_2: text = 116
124.70637500006706	EXP	text_2: text = 133
124.72228500014171	EXP	text_2: text = 149
124.73977000033483	EXP	text_2: text = 166
124.75643000006676	EXP	text_2: text = 183
124.77437000023201	EXP	text_2: text = 200
124.78961000032723	EXP	text_2: text = 216
124.80645000003278	EXP	text_2: text = 233
124.82376500032842	EXP	text_2: text = 250
124.82772000040859	DATA	Keydown:  
124.84182500001043	EXP	text_2: text = 266
124.84182500001043	EXP	text_2: autoDraw = false
124.84182500001043	EXP	Feedback: text = 254
124.84182500001043	EXP	Feedback: autoDraw = true
125.8387650004588	EXP	Feedback: autoDraw = false
125.8387650004588	EXP	Feedback: autoDraw = false
125.8387650004588	EXP	text_3: autoDraw = true
128.72106500016525	EXP	text_3: autoDraw = false
128.72106500016525	EXP	text_3: autoDraw = false
128.72106500016525	EXP	text_2: autoDraw = true
128.72106500016525	EXP	text_2: text = 0
128.73722000000998	EXP	text_2: text = 16
128.75358500005677	EXP	text_2: text = 33
128.77008000016212	EXP	text_2: text = 50
128.78692500013858	EXP	text_2: text = 66
128.80336500005797	EXP	text_2: text = 83
128.82026000041515	EXP	text_2: text = 100
128.83658500015736	EXP	text_2: text = 116
128.85364000033587	EXP	text_2: text = 133
128.8704550000839	EXP	text_2: text = 150
128.8867250001058	EXP	text_2: text = 166
128.90348500013351	EXP	text_2: text = 183
128.91935500036925	EXP	text_2: text = 200
128.93687000032514	EXP	text_2: text = 216
128.952485000249	EXP	text_2: text = 233
128.96010500006378	DATA	Keydown:  
128.97058000043035	EXP	text_2: text = 249
128.97058000043035	EXP	text_2: autoDraw = false
128.97058000043035	EXP	Feedback: text = 239
128.97058000043035	EXP	Feedback: autoDraw = true
129.96784000005573	EXP	Feedback: autoDraw = false
129.96784000005573	EXP	Feedback: autoDraw = false
129.96784000005573	EXP	text_3: autoDraw = true
135.88172000041232	EXP	text_3: autoDraw = false
135.88172000041232	EXP	text_3: autoDraw = false
135.88172000041232	EXP	text_2: autoDraw = true
135.88172000041232	EXP	text_2: text = 0
135.8976550004445	EXP	text_2: text = 17
135.9142900002189	EXP	text_2: text = 33
135.93084000004455	EXP	text_2: text = 50
135.94960500020534	EXP	text_2: text = 66
135.96335500013083	EXP	text_2: text = 83
135.9804200003855	EXP	text_2: text = 100
135.99813500000164	EXP	text_2: text = 117
136.01355500007048	EXP	text_2: text = 133
136.0297950003296	EXP	text_2: text = 149
136.04694500006735	EXP	text_2: text = 166
136.06374500039965	EXP	text_2: text = 183
136.0804700003937	EXP	text_2: text = 199
136.09725500037894	EXP	text_2: text = 216
136.1136700003408	EXP	text_2: text = 233
136.13059500046074	EXP	text_2: text = 250
136.1474950001575	EXP	text_2: text = 266
136.16436000028625	EXP	text_2: text = 283
136.1805800003931	EXP	text_2: text = 300
136.19756000023335	EXP	text_2: text = 316
136.21402000030503	EXP	text_2: text = 333
136.2189850001596	DATA	Keydown:  
136.23234500037506	EXP	text_2: text = 350
136.23234500037506	EXP	text_2: autoDraw = false
136.23234500037506	EXP	Feedback: text = 338
136.23234500037506	EXP	Feedback: autoDraw = true
137.22953000012785	EXP	Feedback: autoDraw = false
137.22953000012785	EXP	Feedback: autoDraw = false
137.22953000012785	EXP	text_3: autoDraw = true
140.91720000002533	EXP	text_3: autoDraw = false
140.91720000002533	EXP	text_3: autoDraw = false
140.91720000002533	EXP	text_2: autoDraw = true
140.91720000002533	EXP	text_2: text = 0
140.94259000010788	EXP	text_2: text = 27
140.95984500041232	EXP	text_2: text = 44
140.97600000025705	EXP	text_2: text = 61
140.99361500004306	EXP	text_2: text = 77
141.01026000035927	EXP	text_2: text = 94
141.02695000031963	EXP	text_2: text = 111
141.04354000044987	EXP	text_2: text = 127
141.0605700002052	EXP	text_2: text = 144
141.076880000066	EXP	text_2: text = 161
141.09376000007614	EXP	text_2: text = 177
141.11035000020638	EXP	text_2: text = 194
141.1266800002195	EXP	text_2: text = 210
141.1438300004229	EXP	text_2: text = 227
141.1598850004375	EXP	text_2: text = 244
141.17654500016943	EXP	text_2: text = 260
141.19290500041097	EXP	text_2: text = 277
141.20973000023514	EXP	text_2: text = 294
141.2256250004284	EXP	text_2: text = 310
141.2424150002189	EXP	text_2: text = 327
141.26008999999613	EXP	text_2: text = 344
141.27689000032842	EXP	text_2: text = 360
141.29285000031814	EXP	text_2: text = 377
141.31036000000313	EXP	text_2: text = 394
141.32621000008658	EXP	text_2: text = 410
141.3421550001949	EXP	text_2: text = 427
141.35963000031188	EXP	text_2: text = 444
141.37612000014633	EXP	text_2: text = 460
141.39582000020891	EXP	text_2: text = 478
141.41120500024408	EXP	text_2: text = 495
141.4266000003554	EXP	text_2: text = 511
141.44334500003606	EXP	text_2: text = 527
141.46075000008568	EXP	text_2: text = 545
141.47608500020579	EXP	text_2: text = 560
141.49288000026718	EXP	text_2: text = 577
141.51041000010446	EXP	text_2: text = 594
141.52654000045732	EXP	text_2: text = 610
141.5440650000237	EXP	text_2: text = 627
141.5601850003004	EXP	text_2: text = 643
141.5771750002168	EXP	text_2: text = 660
141.59321000007913	EXP	text_2: text = 677
141.61064000008628	EXP	text_2: text = 694
141.62706500012428	EXP	text_2: text = 710
141.6432400001213	EXP	text_2: text = 727
141.66040500020608	EXP	text_2: text = 744
141.67666500015184	EXP	text_2: text = 760
141.6944300001487	EXP	text_2: text = 777
141.71045500040054	EXP	text_2: text = 793
141.72699500015005	EXP	text_2: text = 811
141.74284000042826	EXP	text_2: text = 827
141.7606550003402	EXP	text_2: text = 844
141.76703000022098	DATA	Keydown:  
141.77757500018924	EXP	text_2: text = 860
141.77757500018924	EXP	text_2: autoDraw = false
141.77757500018924	EXP	Feedback: text = 850
141.77757500018924	EXP	Feedback: autoDraw = true
142.7754650004208	EXP	Feedback: autoDraw = false
142.7754650004208	EXP	Feedback: autoDraw = false
142.7754650004208	EXP	text_3: autoDraw = true
149.32230500038713	EXP	text_3: autoDraw = false
149.32230500038713	EXP	text_3: autoDraw = false
149.32230500038713	EXP	text_2: autoDraw = true
149.32230500038713	EXP	text_2: text = 0
149.33785500004888	EXP	text_2: text = 16
149.35444000037387	EXP	text_2: text = 33
149.37062500044703	EXP	text_2: text = 49
149.38671500002965	EXP	text_2: text = 66
149.40439500007778	EXP	text_2: text = 82
149.42046000016853	EXP	text_2: text = 99
149.4372100001201	EXP	text_2: text = 116
149.4544500000775	EXP	text_2: text = 133
149.4706450002268	EXP	text_2: text = 149
149.48731000022963	EXP	text_2: text = 166
149.5035500000231	EXP	text_2: text = 183
149.52059000032023	EXP	text_2: text = 199
149.53698000032455	EXP	text_2: text = 216
149.5537600000389	EXP	text_2: text = 233
149.57037000032142	EXP	text_2: text = 249
149.5869850004092	EXP	text_2: text = 266
149.5909450002946	DATA	Keydown:  
149.60608500009403	EXP	text_2: text = 283
149.60608500009403	EXP	text_2: autoDraw = false
149.60608500009403	EXP	Feedback: text = 269
149.60608500009403	EXP	Feedback: autoDraw = true
150.6028800001368	EXP	Feedback: autoDraw = false
150.6028800001368	EXP	Feedback: autoDraw = false
150.6028800001368	EXP	text_3: autoDraw = true
156.58795500034466	EXP	text_3: autoDraw = false
156.58795500034466	EXP	text_3: autoDraw = false
156.58795500034466	EXP	text_2: autoDraw = true
156.58795500034466	EXP	text_2: text = 0
156.61470000026748	EXP	text_2: text = 28
156.63106000004336	EXP	text_2: text = 45
156.6475100000389	EXP	text_2: text = 61
156.66350000025705	EXP	text_2: text = 77
156.68052000040188	EXP	text_2: text = 94
156.69662000006065	EXP	text_2: text = 111
156.7137000001967	EXP	text_2: text = 127
156.7308500004001	EXP	text_2: text = 144
156.74703000020236	EXP	text_2: text = 161
156.7639500000514	EXP	text_2: text = 177
156.7805300001055	EXP	text_2: text = 194
156.79726000037044	EXP	text_2: text = 211
156.81369500001892	EXP	text_2: text = 227
156.8306450000964	EXP	text_2: text = 244
156.84671500045806	EXP	text_2: text = 261
156.86333000008017	EXP	text_2: text = 277
156.88023500004783	EXP	text_2: text = 294
156.89904000004753	EXP	text_2: text = 311
156.91509500006214	EXP	text_2: text = 328
156.9192100004293	DATA	Keydown:  
156.93272000038996	EXP	text_2: text = 344
156.93272000038996	EXP	text_2: autoDraw = false
156.93272000038996	EXP	Feedback: text = 332
156.93272000038996	EXP	Feedback: autoDraw = true
157.92963000014424	EXP	Feedback: autoDraw = false
157.92963000014424	EXP	Feedback: autoDraw = false
157.92963000014424	EXP	text_3: autoDraw = true
162.64462000038475	EXP	text_3: autoDraw = false
162.64462000038475	EXP	text_3: autoDraw = false
162.64462000038475	EXP	text_2: autoDraw = true
162.64462000038475	EXP	text_2: text = 0
162.66021000035107	EXP	text_2: text = 16
162.67696000030264	EXP	text_2: text = 33
162.69336500018835	EXP	text_2: text = 50
162.7103850003332	EXP	text_2: text = 66
162.7257550000213	EXP	text_2: text = 83
162.7436450002715	EXP	text_2: text = 99
162.7601450001821	EXP	text_2: text = 116
162.7762400000356	EXP	text_2: text = 133
162.7928800000809	EXP	text_2: text = 149
162.81134000001475	EXP	text_2: text = 166
162.82701500039548	EXP	text_2: text = 183
162.8433450004086	EXP	text_2: text = 200
162.85956500004977	EXP	text_2: text = 216
162.87626500008628	EXP	text_2: text = 233
162.89384500030428	EXP	text_2: text = 250
162.90949000045657	EXP	text_2: text = 266
162.9276150004007	EXP	text_2: text = 283
162.9315150002949	DATA	Keydown:  
162.94521500030532	EXP	text_2: text = 300
162.94521500030532	EXP	text_2: autoDraw = false
162.94521500030532	EXP	Feedback: text = 287
162.94521500030532	EXP	Feedback: autoDraw = true
163.94240000005811	EXP	Feedback: autoDraw = false
163.94240000005811	EXP	Feedback: autoDraw = false
163.94240000005811	EXP	text_3: autoDraw = true
172.02032500039786	EXP	text_3: autoDraw = false
172.02032500039786	EXP	text_3: autoDraw = false
172.02032500039786	EXP	text_2: autoDraw = true
172.02032500039786	EXP	text_2: text = 0
172.0358800003305	EXP	text_2: text = 16
172.0527300001122	EXP	text_2: text = 33
172.069290000014	EXP	text_2: text = 50
172.08580000000075	EXP	text_2: text = 66
172.10236500017345	EXP	text_2: text = 83
172.11834000004455	EXP	text_2: text = 99
172.13598000025377	EXP	text_2: text = 116
172.15253000007942	EXP	text_2: text = 133
172.1684250002727	EXP	text_2: text = 150
172.18762500025332	EXP	text_2: text = 166
172.20186000037938	EXP	text_2: text = 183
172.21864000009373	EXP	text_2: text = 199
172.23528000013903	EXP	text_2: text = 216
172.2516650003381	EXP	text_2: text = 233
172.2683600001037	EXP	text_2: text = 249
172.27175500011072	DATA	Keydown:  
172.28615500032902	EXP	text_2: text = 266
172.28615500032902	EXP	text_2: autoDraw = false
172.28615500032902	EXP	Feedback: text = 252
172.28615500032902	EXP	Feedback: autoDraw = true
173.284360000398	EXP	Feedback: autoDraw = false
173.284360000398	EXP	Feedback: autoDraw = false
173.284360000398	EXP	text_3: autoDraw = true
175.65100500034168	EXP	text_3: autoDraw = false
175.65100500034168	EXP	text_3: autoDraw = false
175.65100500034168	EXP	text_2: autoDraw = true
175.65100500034168	EXP	text_2: text = 0
175.6666900003329	EXP	text_2: text = 16
175.6827450003475	EXP	text_2: text = 33
175.69940000027418	EXP	text_2: text = 50
175.71667500026524	EXP	text_2: text = 66
175.7334600002505	EXP	text_2: text = 83
175.7512500002049	EXP	text_2: text = 101
175.7668000003323	EXP	text_2: text = 116
175.78258500015363	EXP	text_2: text = 133
175.79700000025332	EXP	text_2: text = 149
175.81372000044212	EXP	text_2: text = 166
175.83014500001445	EXP	text_2: text = 182
175.84644000045955	EXP	text_2: text = 199
175.8635100000538	EXP	text_2: text = 216
175.8807400004007	EXP	text_2: text = 232
175.89767500013113	EXP	text_2: text = 249
175.91366500034928	EXP	text_2: text = 266
175.93001500004902	EXP	text_2: text = 282
175.93334000045434	DATA	Keydown:  
175.9475550004281	EXP	text_2: text = 299
175.9475550004281	EXP	text_2: autoDraw = false
175.9475550004281	EXP	Feedback: text = 283
175.9475550004281	EXP	Feedback: autoDraw = true
176.9460450001061	EXP	Feedback: autoDraw = false
176.9460450001061	EXP	Feedback: autoDraw = false
176.9460450001061	EXP	text_3: autoDraw = true
181.7789500001818	EXP	text_3: autoDraw = false
181.7789500001818	EXP	text_3: autoDraw = false
181.7789500001818	EXP	text_2: autoDraw = true
181.7789500001818	EXP	text_2: text = 0
181.7944850004278	EXP	text_2: text = 16
181.81131000025198	EXP	text_2: text = 33
181.8280100002885	EXP	text_2: text = 49
181.8447700003162	EXP	text_2: text = 66
181.86126000015065	EXP	text_2: text = 83
181.8779850001447	EXP	text_2: text = 100
181.89466000022367	EXP	text_2: text = 116
181.91099000023678	EXP	text_2: text = 133
181.92799500003457	EXP	text_2: text = 149
181.9446600000374	EXP	text_2: text = 166
181.9607750000432	EXP	text_2: text = 182
181.97683000005782	EXP	text_2: text = 199
181.99352500028908	EXP	text_2: text = 216
182.01016500033438	EXP	text_2: text = 232
182.02695500012487	EXP	text_2: text = 249
182.04420000035316	EXP	text_2: text = 266
182.05077000008896	DATA	Keydown:  
182.06195500027388	EXP	text_2: text = 283
182.06195500027388	EXP	text_2: autoDraw = false
182.06195500027388	EXP	Feedback: text = 272
182.06195500027388	EXP	Feedback: autoDraw = true
183.05943500017747	EXP	Feedback: autoDraw = false
183.05943500017747	EXP	Feedback: autoDraw = false
183.05943500017747	EXP	text_3: autoDraw = true
188.62371000042185	EXP	text_3: autoDraw = false
188.62371000042185	EXP	text_3: autoDraw = false
188.62371000042185	EXP	text_2: autoDraw = true
188.62371000042185	EXP	text_2: text = 0
188.6388350003399	EXP	text_2: text = 16
188.65570000000298	EXP	text_2: text = 33
188.6718150000088	EXP	text_2: text = 49
188.6894700000994	EXP	text_2: text = 66
188.7052950002253	EXP	text_2: text = 83
188.7222049999982	EXP	text_2: text = 100
188.738925000187	EXP	text_2: text = 116
188.7556600002572	EXP	text_2: text = 133
188.7729250001721	EXP	text_2: text = 150
188.7890950003639	EXP	text_2: text = 167
188.8054800000973	EXP	text_2: text = 183
188.82150000007823	EXP	text_2: text = 200
188.83824500022456	EXP	text_2: text = 216
188.85473000025377	EXP	text_2: text = 233
188.87207500031218	EXP	text_2: text = 249
188.87555500026792	DATA	Keydown:  
188.8894800003618	EXP	text_2: text = 266
188.8894800003618	EXP	text_2: autoDraw = false
188.8894800003618	EXP	Feedback: text = 252
188.8894800003618	EXP	Feedback: autoDraw = true
189.88716500019655	EXP	Feedback: autoDraw = false
189.88716500019655	EXP	Feedback: autoDraw = false
189.88716500019655	EXP	text_3: autoDraw = true
196.9002650002949	EXP	text_3: autoDraw = false
196.9002650002949	EXP	text_3: autoDraw = false
196.9002650002949	EXP	text_2: autoDraw = true
196.9002650002949	EXP	text_2: text = 0
196.91457500029355	EXP	text_2: text = 16
196.9323150003329	EXP	text_2: text = 33
196.9497950002551	EXP	text_2: text = 50
196.9650850002654	EXP	text_2: text = 66
196.98230500007048	EXP	text_2: text = 83
196.9989100000821	EXP	text_2: text = 99
197.01545500010252	EXP	text_2: text = 116
197.03207499999553	EXP	text_2: text = 133
197.04908000025898	EXP	text_2: text = 149
197.06516500003636	EXP	text_2: text = 166
197.08207000000402	EXP	text_2: text = 183
197.09901000000536	EXP	text_2: text = 199
197.1165600004606	EXP	text_2: text = 216
197.13316000020131	EXP	text_2: text = 233
197.1500300001353	EXP	text_2: text = 250
197.1661600000225	EXP	text_2: text = 266
197.18248000042513	EXP	text_2: text = 281
197.1999650001526	EXP	text_2: text = 300
197.21497500035912	EXP	text_2: text = 315
197.2325250003487	EXP	text_2: text = 332
197.25824500015005	EXP	text_2: text = 356
197.28455000044778	EXP	text_2: text = 382
197.30448000039905	EXP	text_2: text = 405
197.33193500014022	EXP	text_2: text = 432
197.34844500012696	EXP	text_2: text = 448
197.36475000018254	EXP	text_2: text = 465
197.38205000013113	EXP	text_2: text = 481
197.38606000039726	DATA	Keydown:  
197.40905500017107	EXP	text_2: text = 501
197.40905500017107	EXP	text_2: autoDraw = false
197.40905500017107	EXP	Feedback: text = 486
197.40905500017107	EXP	Feedback: autoDraw = true
198.39623000007123	EXP	Feedback: autoDraw = false
198.39623000007123	EXP	Feedback: autoDraw = false
198.39623000007123	EXP	text_3: autoDraw = true
206.68754000030458	EXP	text_3: autoDraw = false
206.68754000030458	EXP	text_3: autoDraw = false
206.68754000030458	EXP	text_2: autoDraw = true
206.68754000030458	EXP	text_2: text = 0
206.70364500023425	EXP	text_2: text = 17
206.72049500001594	EXP	text_2: text = 33
206.73663000017405	EXP	text_2: text = 50
206.75378000037745	EXP	text_2: text = 66
206.7700550002046	EXP	text_2: text = 83
206.7869500000961	EXP	text_2: text = 100
206.80387000041083	EXP	text_2: text = 117
206.82056500017643	EXP	text_2: text = 133
206.8371800002642	EXP	text_2: text = 150
206.85342500032857	EXP	text_2: text = 167
206.87046500016004	EXP	text_2: text = 183
206.8865300002508	EXP	text_2: text = 200
206.90370000014082	EXP	text_2: text = 216
206.92027500038967	EXP	text_2: text = 233
206.92974500032142	DATA	Keydown:  
206.93915000045672	EXP	text_2: text = 250
206.93915000045672	EXP	text_2: autoDraw = false
206.93915000045672	EXP	Feedback: text = 242
206.93915000045672	EXP	Feedback: autoDraw = true
207.93543000007048	EXP	Feedback: autoDraw = false
207.93543000007048	EXP	Feedback: autoDraw = false
207.93543000007048	EXP	text_3: autoDraw = true
217.5473050000146	EXP	text_3: autoDraw = false
217.5473050000146	EXP	text_3: autoDraw = false
217.5473050000146	EXP	text_2: autoDraw = true
217.5473050000146	EXP	text_2: text = 0
217.56246500043198	EXP	text_2: text = 17
217.57926500029862	EXP	text_2: text = 33
217.59622500045225	EXP	text_2: text = 50
217.6130800000392	EXP	text_2: text = 67
217.62914500012994	EXP	text_2: text = 83
217.6458400003612	EXP	text_2: text = 100
217.6623350000009	EXP	text_2: text = 116
217.6788200000301	EXP	text_2: text = 133
217.69592000031844	EXP	text_2: text = 150
217.71272500045598	EXP	text_2: text = 167
217.72935000015423	EXP	text_2: text = 183
217.74582000030205	EXP	text_2: text = 200
217.76868000021204	EXP	text_2: text = 218
217.779205000028	EXP	text_2: text = 233
217.79727500025183	EXP	text_2: text = 250
217.81304000038654	EXP	text_2: text = 267
217.831875000149	EXP	text_2: text = 283
217.84663500031456	EXP	text_2: text = 299
217.8522950001061	DATA	Keydown:  
217.86438500043005	EXP	text_2: text = 317
217.86438500043005	EXP	text_2: autoDraw = false
217.86438500043005	EXP	Feedback: text = 305
217.86438500043005	EXP	Feedback: autoDraw = true
218.86266500037163	EXP	Feedback: autoDraw = false
218.86266500037163	EXP	Feedback: autoDraw = false
218.86266500037163	EXP	text_3: autoDraw = true
225.40953500010073	EXP	text_3: autoDraw = false
225.40953500010073	EXP	text_3: autoDraw = false
225.40953500010073	EXP	text_2: autoDraw = true
225.40953500010073	EXP	text_2: text = 0
225.42513000033796	EXP	text_2: text = 16
225.44180500041693	EXP	text_2: text = 33
225.45867500035092	EXP	text_2: text = 50
225.47510500019416	EXP	text_2: text = 66
225.4913400001824	EXP	text_2: text = 83
225.50500500015914	EXP	text_2: text = 99
225.52173000015318	EXP	text_2: text = 116
225.54119000025094	EXP	text_2: text = 133
225.55725000007078	EXP	text_2: text = 149
225.57451500045136	EXP	text_2: text = 166
225.59169500041753	EXP	text_2: text = 183
225.60819000005722	EXP	text_2: text = 200
225.62546500004828	EXP	text_2: text = 216
225.6419500000775	EXP	text_2: text = 233
225.65860000019893	EXP	text_2: text = 250
225.67474000016227	EXP	text_2: text = 266
225.69223000016063	EXP	text_2: text = 283
225.70795500045642	EXP	text_2: text = 300
225.72508500004187	EXP	text_2: text = 316
225.74185500014573	EXP	text_2: text = 333
225.76011500041932	EXP	text_2: text = 351
225.76739000016823	DATA	Keydown:  
225.79833000013605	EXP	text_2: text = 389
225.79833000013605	EXP	text_2: autoDraw = false
225.79833000013605	EXP	Feedback: text = 358
225.79833000013605	EXP	Feedback: autoDraw = true
226.78902500029653	EXP	Feedback: autoDraw = false
226.78902500029653	EXP	Feedback: autoDraw = false
226.78902500029653	EXP	text_3: autoDraw = true
230.77073000045493	EXP	text_3: autoDraw = false
230.77073000045493	EXP	text_3: autoDraw = false
230.77073000045493	EXP	text_2: autoDraw = true
230.77073000045493	EXP	text_2: text = 0
230.78624000027776	EXP	text_2: text = 16
230.80329500045627	EXP	text_2: text = 33
230.81948500033468	EXP	text_2: text = 50
230.83615500014275	EXP	text_2: text = 66
230.85297000035644	EXP	text_2: text = 83
230.869365000166	EXP	text_2: text = 100
230.88677500002086	EXP	text_2: text = 116
230.90277500031516	EXP	text_2: text = 133
230.91968000028282	EXP	text_2: text = 150
230.93658000044525	EXP	text_2: text = 166
230.95323000010103	EXP	text_2: text = 183
230.96894000004977	EXP	text_2: text = 199
230.98521500034258	EXP	text_2: text = 216
231.00245000002906	EXP	text_2: text = 233
231.0212850002572	EXP	text_2: text = 250
231.03702500043437	EXP	text_2: text = 266
231.05228500021622	EXP	text_2: text = 283
231.0690200002864	EXP	text_2: text = 300
231.08691500034183	EXP	text_2: text = 317
231.10210000025108	EXP	text_2: text = 333
231.1210400001146	EXP	text_2: text = 349
231.12511000037193	DATA	Keydown:  
231.13646000018343	EXP	text_2: text = 366
231.13646000018343	EXP	text_2: autoDraw = false
231.13646000018343	EXP	Feedback: text = 355
231.13646000018343	EXP	Feedback: autoDraw = true
232.13451000023633	EXP	Feedback: autoDraw = false
232.13451000023633	EXP	Feedback: autoDraw = false
232.13451000023633	EXP	text_3: autoDraw = true
234.96663500042632	EXP	text_3: autoDraw = false
234.96663500042632	EXP	text_3: autoDraw = false
234.96663500042632	EXP	text_2: autoDraw = true
234.96663500042632	EXP	text_2: text = 0
234.9818600001745	EXP	text_2: text = 16
234.9991250000894	EXP	text_2: text = 33
235.01538500003517	EXP	text_2: text = 50
235.03282000031322	EXP	text_2: text = 67
235.04936500033364	EXP	text_2: text = 83
235.06622500019148	EXP	text_2: text = 100
235.08300000010058	EXP	text_2: text = 117
235.09937500022352	EXP	text_2: text = 133
235.1159750004299	EXP	text_2: text = 150
235.13248000014573	EXP	text_2: text = 166
235.14974500006065	EXP	text_2: text = 183
235.16546500008553	EXP	text_2: text = 200
235.18295000027865	EXP	text_2: text = 216
235.19934500008821	EXP	text_2: text = 233
235.21578000020236	EXP	text_2: text = 250
235.23276000004262	EXP	text_2: text = 266
235.24911500001326	EXP	text_2: text = 283
235.26641500042751	EXP	text_2: text = 300
235.28257000027224	EXP	text_2: text = 316
235.29931000014767	EXP	text_2: text = 333
235.31500000040978	EXP	text_2: text = 350
235.3324650004506	EXP	text_2: text = 366
235.34899000031874	EXP	text_2: text = 383
235.36828000005335	EXP	text_2: text = 401
235.3751000002958	DATA	Keydown:  
235.38582000043243	EXP	text_2: text = 419
235.38582000043243	EXP	text_2: autoDraw = false
235.38582000043243	EXP	Feedback: text = 409
235.38582000043243	EXP	Feedback: autoDraw = true
236.38156500039622	EXP	Feedback: autoDraw = false
236.38156500039622	EXP	Feedback: autoDraw = false
236.38156500039622	EXP	text_3: autoDraw = true
244.26583500020206	DATA	Keydown:  
245.0102050001733	EXP	text_3: autoDraw = false
245.0102050001733	EXP	text_3: autoDraw = false
245.0102050001733	EXP	text_2: autoDraw = true
245.0102050001733	EXP	text_2: text = 0
245.0254650004208	EXP	text_2: text = 16
245.04246000014246	EXP	text_2: text = 33
245.05959000019357	EXP	text_2: text = 50
245.0754750003107	EXP	text_2: text = 66
245.09259000001475	EXP	text_2: text = 83
245.1091050002724	EXP	text_2: text = 100
245.12613000022247	EXP	text_2: text = 117
245.1420900002122	EXP	text_2: text = 133
245.15899000037462	EXP	text_2: text = 150
245.1757250004448	EXP	text_2: text = 166
245.19241000013426	EXP	text_2: text = 183
245.20865500019863	EXP	text_2: text = 199
245.2246850002557	EXP	text_2: text = 216
245.24211000045761	EXP	text_2: text = 233
245.25872500007972	EXP	text_2: text = 249
245.27574000041932	EXP	text_2: text = 266
245.29540500044823	EXP	text_2: text = 286
245.31022500013933	EXP	text_2: text = 302
245.32483500009403	EXP	text_2: text = 316
245.3420000001788	EXP	text_2: text = 333
245.36038500024006	EXP	text_2: text = 351
245.37507000006735	EXP	text_2: text = 366
245.39147000014782	EXP	text_2: text = 383
245.40804000012577	EXP	text_2: text = 399
245.42424000008032	EXP	text_2: text = 416
245.44165000040084	EXP	text_2: text = 433
245.4590600002557	EXP	text_2: text = 449
245.47444000001997	EXP	text_2: text = 466
245.49251000024378	EXP	text_2: text = 483
245.4968200000003	DATA	Keydown:  
245.51054500043392	EXP	text_2: text = 500
245.51054500043392	EXP	text_2: autoDraw = false
245.51054500043392	EXP	Feedback: text = 487
245.51054500043392	EXP	Feedback: autoDraw = true
246.5077300001867	EXP	Feedback: autoDraw = false
246.5077300001867	EXP	Feedback: autoDraw = false
246.5077300001867	EXP	text_3: autoDraw = true
252.95359000004828	EXP	text_3: autoDraw = false
252.95359000004828	EXP	text_3: autoDraw = false
252.95359000004828	EXP	text_2: autoDraw = true
252.95359000004828	EXP	text_2: text = 0
252.9682650002651	EXP	text_2: text = 16
252.9851050004363	EXP	text_2: text = 33
253.00190500030294	EXP	text_2: text = 49
253.0182450003922	EXP	text_2: text = 66
253.03540500020608	EXP	text_2: text = 83
253.05176500044763	EXP	text_2: text = 99
253.07486500032246	EXP	text_2: text = 120
253.1085000000894	EXP	text_2: text = 156
253.1344200000167	EXP	text_2: text = 182
253.1512750000693	EXP	text_2: text = 199
253.16837500035763	EXP	text_2: text = 216
253.18439000006765	EXP	text_2: text = 232
253.20137000037357	EXP	text_2: text = 249
253.21837000036612	EXP	text_2: text = 266
253.23443500045687	EXP	text_2: text = 282
253.25143000017852	EXP	text_2: text = 299
253.26735500013456	EXP	text_2: text = 316
253.27084500016645	DATA	Keydown:  
253.28668500017375	EXP	text_2: text = 333
253.28668500017375	EXP	text_2: autoDraw = false
253.28668500017375	EXP	Feedback: text = 317
253.28668500017375	EXP	Feedback: autoDraw = true
254.28308000043035	EXP	Feedback: autoDraw = false
254.28308000043035	EXP	Feedback: autoDraw = false
254.28308000043035	EXP	text_3: autoDraw = true
261.9921650001779	EXP	text_3: autoDraw = false
261.9921650001779	EXP	text_3: autoDraw = false
261.9921650001779	EXP	text_2: autoDraw = true
261.9921650001779	EXP	text_2: text = 0
262.00842000031844	EXP	text_2: text = 17
262.02498000022024	EXP	text_2: text = 33
262.04164000041783	EXP	text_2: text = 50
262.06136000016704	EXP	text_2: text = 67
262.0751000000164	EXP	text_2: text = 83
262.0920150000602	EXP	text_2: text = 100
262.10837500030175	EXP	text_2: text = 117
262.1253000004217	EXP	text_2: text = 133
262.14144000038505	EXP	text_2: text = 150
262.1583250002004	EXP	text_2: text = 166
262.1749600004405	EXP	text_2: text = 183
262.1913600000553	EXP	text_2: text = 200
262.2081850003451	EXP	text_2: text = 216
262.224955000449	EXP	text_2: text = 233
262.24174500023946	EXP	text_2: text = 250
262.26025500008836	EXP	text_2: text = 268
262.2629750003107	DATA	Keydown:  
262.2762150000781	EXP	text_2: text = 283
262.2762150000781	EXP	text_2: autoDraw = false
262.2762150000781	EXP	Feedback: text = 271
262.2762150000781	EXP	Feedback: autoDraw = true
263.2748900000006	EXP	Feedback: autoDraw = false
263.2748900000006	EXP	Feedback: autoDraw = false
263.2748900000006	EXP	text_3: autoDraw = true
266.9577400004491	EXP	text_3: autoDraw = false
266.9577400004491	EXP	text_3: autoDraw = false
266.9577400004491	EXP	text_2: autoDraw = true
266.9577400004491	EXP	text_2: text = 0
266.97321500023827	EXP	text_2: text = 16
266.98940000031143	EXP	text_2: text = 33
267.00674000009894	EXP	text_2: text = 50
267.0221450002864	EXP	text_2: text = 66
267.03971000015736	EXP	text_2: text = 83
267.05615000007674	EXP	text_2: text = 100
267.07329500000924	EXP	text_2: text = 116
267.09021500032395	EXP	text_2: text = 133
267.10628500021994	EXP	text_2: text = 150
267.1231500003487	EXP	text_2: text = 166
267.1397550003603	EXP	text_2: text = 183
267.156605000142	EXP	text_2: text = 200
267.1771500003524	EXP	text_2: text = 216
267.18980000028387	EXP	text_2: text = 233
267.2063550003804	EXP	text_2: text = 249
267.2233500001021	EXP	text_2: text = 267
267.2406800002791	EXP	text_2: text = 283
267.25666500022635	EXP	text_2: text = 301
267.2734750001691	EXP	text_2: text = 316
267.2895050002262	EXP	text_2: text = 333
267.2926850002259	DATA	Keydown:  
267.3085850002244	EXP	text_2: text = 351
267.3085850002244	EXP	text_2: autoDraw = false
267.3085850002244	EXP	Feedback: text = 335
267.3085850002244	EXP	Feedback: autoDraw = true
268.3050950001925	EXP	Feedback: autoDraw = false
268.3050950001925	EXP	Feedback: autoDraw = false
268.3050950001925	EXP	text_3: autoDraw = true
272.603650000412	EXP	text_3: autoDraw = false
272.603650000412	EXP	text_3: autoDraw = false
272.603650000412	EXP	text_2: autoDraw = true
272.603650000412	EXP	text_2: text = 0
272.6349600004032	EXP	text_2: text = 33
272.6512450003065	EXP	text_2: text = 50
272.66912000020966	EXP	text_2: text = 66
272.6855350001715	EXP	text_2: text = 83
272.70264500007033	EXP	text_2: text = 100
272.7190100001171	EXP	text_2: text = 116
272.7357200002298	EXP	text_2: text = 133
272.7525850003585	EXP	text_2: text = 150
272.76938500022516	EXP	text_2: text = 166
272.7864600000903	EXP	text_2: text = 183
272.801780000329	EXP	text_2: text = 199
272.81856000004336	EXP	text_2: text = 216
272.83461500005797	EXP	text_2: text = 233
272.85258000018075	EXP	text_2: text = 250
272.86902500037104	EXP	text_2: text = 266
272.88568500010297	EXP	text_2: text = 283
272.90262000029907	EXP	text_2: text = 300
272.9060000004247	DATA	Keydown:  
272.9196750000119	EXP	text_2: text = 316
272.9196750000119	EXP	text_2: autoDraw = false
272.9196750000119	EXP	Feedback: text = 303
272.9196750000119	EXP	Feedback: autoDraw = true
273.9164950000122	EXP	Feedback: autoDraw = false
273.9164950000122	EXP	Feedback: autoDraw = false
273.9164950000122	EXP	text_3: autoDraw = true
280.3629100001417	EXP	text_3: autoDraw = false
280.3629100001417	EXP	text_3: autoDraw = false
280.3629100001417	EXP	text_2: autoDraw = true
280.3629100001417	EXP	text_2: text = 0
280.3782250001095	EXP	text_2: text = 16
280.39610500028357	EXP	text_2: text = 33
280.41170000005513	EXP	text_2: text = 50
280.4288100004196	EXP	text_2: text = 66
280.4447600003332	EXP	text_2: text = 83
280.46215500030667	EXP	text_2: text = 100
280.4787550000474	EXP	text_2: text = 116
280.4951200000942	EXP	text_2: text = 133
280.5120950001292	EXP	text_2: text = 150
280.52849500020966	EXP	text_2: text = 166
280.5452800001949	EXP	text_2: text = 183
280.5619600000791	EXP	text_2: text = 200
280.5791400000453	EXP	text_2: text = 216
280.5946950004436	EXP	text_2: text = 233
280.6116000004113	EXP	text_2: text = 249
280.6153500000946	DATA	Keydown:  
280.63001000043005	EXP	text_2: text = 266
280.63001000043005	EXP	text_2: autoDraw = false
280.63001000043005	EXP	Feedback: text = 253
280.63001000043005	EXP	Feedback: autoDraw = true
281.62710000015795	EXP	Feedback: autoDraw = false
281.62710000015795	EXP	Feedback: autoDraw = false
281.62710000015795	EXP	text_3: autoDraw = true
284.7594100004062	EXP	text_3: autoDraw = false
284.7594100004062	EXP	text_3: autoDraw = false
284.7594100004062	EXP	text_2: autoDraw = true
284.7594100004062	EXP	text_2: text = 0
284.77506000036374	EXP	text_2: text = 17
284.79169500013813	EXP	text_2: text = 33
284.80852000042796	EXP	text_2: text = 50
284.82474500034004	EXP	text_2: text = 66
284.841705000028	EXP	text_2: text = 83
284.85814000014216	EXP	text_2: text = 100
284.87521000020206	EXP	text_2: text = 116
284.8911950001493	EXP	text_2: text = 133
284.9086100002751	EXP	text_2: text = 150
284.92583000008017	EXP	text_2: text = 168
284.9408750003204	EXP	text_2: text = 183
284.95971000008285	EXP	text_2: text = 200
284.97469500033185	EXP	text_2: text = 216
284.99193000001833	EXP	text_2: text = 233
285.00860000029206	EXP	text_2: text = 249
285.0252300002612	EXP	text_2: text = 266
285.0455750003457	EXP	text_2: text = 283
285.05916500044987	EXP	text_2: text = 301
285.0748850000091	EXP	text_2: text = 316
285.0930000003427	EXP	text_2: text = 334
285.10831500031054	EXP	text_2: text = 350
285.1250350000337	EXP	text_2: text = 366
285.14175000041723	EXP	text_2: text = 383
285.15796000044793	EXP	text_2: text = 400
285.17468500044197	EXP	text_2: text = 416
285.1914650001563	EXP	text_2: text = 433
285.20825000014156	EXP	text_2: text = 450
285.2253500004299	EXP	text_2: text = 466
285.24188500037417	EXP	text_2: text = 483
285.2589200004004	EXP	text_2: text = 500
285.27529500005767	EXP	text_2: text = 516
285.2919600000605	EXP	text_2: text = 533
285.29527000011876	DATA	Keydown:  
285.3098450000398	EXP	text_2: text = 550
285.3098450000398	EXP	text_2: autoDraw = false
285.3098450000398	EXP	Feedback: text = 536
285.3098450000398	EXP	Feedback: autoDraw = true
286.3072400004603	EXP	Feedback: autoDraw = false
286.3072400004603	EXP	Feedback: autoDraw = false
286.3072400004603	EXP	text_3: autoDraw = true
292.45443000039086	EXP	text_3: autoDraw = false
292.45443000039086	EXP	text_3: autoDraw = false
292.45443000039086	EXP	text_2: autoDraw = true
292.45443000039086	EXP	text_2: text = 0
292.47006500000134	EXP	text_2: text = 16
292.48668500036	EXP	text_2: text = 33
292.5024600001052	EXP	text_2: text = 50
292.52017000038177	EXP	text_2: text = 66
292.53632000042126	EXP	text_2: text = 83
292.5537849999964	EXP	text_2: text = 100
292.5703500001691	EXP	text_2: text = 116
292.58702000044286	EXP	text_2: text = 133
292.6034650001675	EXP	text_2: text = 150
292.62007500045	EXP	text_2: text = 166
292.6366650001146	EXP	text_2: text = 183
292.6526850000955	EXP	text_2: text = 199
292.6698650000617	EXP	text_2: text = 216
292.68590000038967	EXP	text_2: text = 233
292.70269500045106	EXP	text_2: text = 249
292.72167000034824	EXP	text_2: text = 267
292.7282650000416	DATA	Keydown:  
292.73884000023827	EXP	text_2: text = 285
292.73884000023827	EXP	text_2: autoDraw = false
292.73884000023827	EXP	Feedback: text = 274
292.73884000023827	EXP	Feedback: autoDraw = true
293.7351150000468	EXP	Feedback: autoDraw = false
293.7351150000468	EXP	Feedback: autoDraw = false
293.7351150000468	EXP	text_3: autoDraw = true
301.1643950003199	EXP	text_3: autoDraw = false
301.1643950003199	EXP	text_3: autoDraw = false
301.1643950003199	EXP	text_2: autoDraw = true
301.1643950003199	EXP	text_2: text = 0
301.1798850004561	EXP	text_2: text = 17
301.1963850003667	EXP	text_2: text = 33
301.21267500007525	EXP	text_2: text = 50
301.2299100002274	EXP	text_2: text = 67
301.24613000033423	EXP	text_2: text = 83
301.2629200001247	EXP	text_2: text = 100
301.2798450002447	EXP	text_2: text = 116
301.2965650004335	EXP	text_2: text = 133
301.31337000010535	EXP	text_2: text = 150
301.3299600002356	EXP	text_2: text = 166
301.34634500043467	EXP	text_2: text = 183
301.36235000006855	EXP	text_2: text = 200
301.3798600002192	EXP	text_2: text = 216
301.39581000013277	EXP	text_2: text = 233
301.41379000013694	EXP	text_2: text = 250
301.41769500030205	DATA	Keydown:  
301.4303600001149	EXP	text_2: text = 266
301.4303600001149	EXP	text_2: autoDraw = false
301.4303600001149	EXP	Feedback: text = 254
301.4303600001149	EXP	Feedback: autoDraw = true
302.42739000031725	EXP	Feedback: autoDraw = false
302.42739000031725	EXP	Feedback: autoDraw = false
302.42739000031725	EXP	text_3: autoDraw = true
305.5435150000267	EXP	text_3: autoDraw = false
305.5435150000267	EXP	text_3: autoDraw = false
305.5435150000267	EXP	text_2: autoDraw = true
305.5435150000267	EXP	text_2: text = 0
305.5586200002581	EXP	text_2: text = 16
305.57628500042483	EXP	text_2: text = 33
305.59273000014946	EXP	text_2: text = 50
305.6095900000073	EXP	text_2: text = 66
305.6256850003265	EXP	text_2: text = 83
305.64246500004083	EXP	text_2: text = 100
305.6596250003204	EXP	text_2: text = 116
305.67642000038177	EXP	text_2: text = 133
305.69323000032455	EXP	text_2: text = 150
305.7086750003509	EXP	text_2: text = 166
305.7261300003156	EXP	text_2: text = 183
305.7428600001149	EXP	text_2: text = 200
305.759795000311	EXP	text_2: text = 216
305.776220000349	EXP	text_2: text = 233
305.79277500044554	EXP	text_2: text = 249
305.8094450002536	EXP	text_2: text = 266
305.82593500008807	EXP	text_2: text = 283
305.84265000000596	EXP	text_2: text = 299
305.85865000030026	EXP	text_2: text = 316
305.8626350001432	DATA	Keydown:  
305.8773850002326	EXP	text_2: text = 333
305.8773850002326	EXP	text_2: autoDraw = false
305.8773850002326	EXP	Feedback: text = 319
305.8773850002326	EXP	Feedback: autoDraw = true
306.8781450004317	EXP	Feedback: autoDraw = false
306.8781450004317	EXP	Feedback: autoDraw = false
306.8781450004317	EXP	text_3: autoDraw = true
309.73881000000983	EXP	text_3: autoDraw = false
309.73881000000983	EXP	text_3: autoDraw = false
309.73881000000983	EXP	text_2: autoDraw = true
309.73881000000983	EXP	text_2: text = 0
309.754745000042	EXP	text_2: text = 17
309.77097000041977	EXP	text_2: text = 33
309.7881850004196	EXP	text_2: text = 50
309.80457500042394	EXP	text_2: text = 66
309.821140000131	EXP	text_2: text = 83
309.8379600001499	EXP	text_2: text = 100
309.8549400004558	EXP	text_2: text = 116
309.8712550001219	EXP	text_2: text = 133
309.8874350003898	EXP	text_2: text = 150
309.90475500002503	EXP	text_2: text = 166
309.9209100003354	EXP	text_2: text = 183
309.937765000388	EXP	text_2: text = 200
309.9545000004582	EXP	text_2: text = 216
309.9711050000042	EXP	text_2: text = 233
309.98776500020176	EXP	text_2: text = 249
310.0042950003408	EXP	text_2: text = 266
310.021225000266	EXP	text_2: text = 283
310.0371400001459	EXP	text_2: text = 299
310.05557000031695	EXP	text_2: text = 316
310.0642800000496	DATA	Keydown:  
310.07905500009656	EXP	text_2: text = 337
310.07905500009656	EXP	text_2: autoDraw = false
310.07905500009656	EXP	Feedback: text = 326
310.07905500009656	EXP	Feedback: autoDraw = true
311.06973000010476	EXP	Feedback: autoDraw = false
311.06973000010476	EXP	Feedback: autoDraw = false
311.06973000010476	EXP	text_3: autoDraw = true
319.5641250000335	EXP	text_3: autoDraw = false
319.5641250000335	EXP	text_3: autoDraw = false
319.5641250000335	EXP	text_2: autoDraw = true
319.5641250000335	EXP	text_2: text = 0
319.57972000027075	EXP	text_2: text = 17
319.59623500006273	EXP	text_2: text = 33
319.61325000040233	EXP	text_2: text = 50
319.6294000004418	EXP	text_2: text = 66
319.6463800002821	EXP	text_2: text = 83
319.6633200002834	EXP	text_2: text = 100
319.68015500018373	EXP	text_2: text = 116
319.6960150003433	EXP	text_2: text = 133
319.71281500020996	EXP	text_2: text = 150
319.72974500013515	EXP	text_2: text = 167
319.7460650000721	EXP	text_2: text = 183
319.7629949999973	EXP	text_2: text = 200
319.7795950002037	EXP	text_2: text = 216
319.7964150002226	EXP	text_2: text = 233
319.8043350004591	DATA	Keydown:  
319.8139500003308	EXP	text_2: text = 250
319.8139500003308	EXP	text_2: autoDraw = false
319.8139500003308	EXP	Feedback: text = 240
319.8139500003308	EXP	Feedback: autoDraw = true
320.8113550003618	EXP	Feedback: autoDraw = false
320.8113550003618	EXP	Feedback: autoDraw = false
320.8113550003618	EXP	text_3: autoDraw = true
329.0396000002511	EXP	text_3: autoDraw = false
329.0396000002511	EXP	text_3: autoDraw = false
329.0396000002511	EXP	text_2: autoDraw = true
329.0396000002511	EXP	text_2: text = 0
329.0550850001164	EXP	text_2: text = 17
329.0715750004165	EXP	text_2: text = 33
329.0882500000298	EXP	text_2: text = 50
329.1055200002156	EXP	text_2: text = 67
329.13283000001684	EXP	text_2: text = 94
329.1555150002241	EXP	text_2: text = 117
329.17528500035405	EXP	text_2: text = 136
329.1893200003542	EXP	text_2: text = 151
329.20536000002176	EXP	text_2: text = 167
329.2227550004609	EXP	text_2: text = 183
329.2427300000563	EXP	text_2: text = 200
329.2565200002864	EXP	text_2: text = 217
329.2730050003156	EXP	text_2: text = 233
329.28910500044003	EXP	text_2: text = 250
329.3068050001748	EXP	text_2: text = 267
329.31054500024766	DATA	Keydown:  
329.32308000000194	EXP	text_2: text = 283
329.32308000000194	EXP	text_2: autoDraw = false
329.32308000000194	EXP	Feedback: text = 271
329.32308000000194	EXP	Feedback: autoDraw = true
330.32168000005186	EXP	Feedback: autoDraw = false
330.32168000005186	EXP	Feedback: autoDraw = false
330.32168000005186	EXP	text_3: autoDraw = true
338.23296500043944	EXP	text_3: autoDraw = false
338.23296500043944	EXP	text_3: autoDraw = false
338.23296500043944	EXP	text_2: autoDraw = true
338.23296500043944	EXP	text_2: text = 0
338.2489650002681	EXP	text_2: text = 17
338.266230000183	EXP	text_2: text = 33
338.2821650002152	EXP	text_2: text = 50
338.2990000001155	EXP	text_2: text = 67
338.3159150001593	EXP	text_2: text = 83
338.33241000026464	EXP	text_2: text = 100
338.34967500017956	EXP	text_2: text = 117
338.36541500035673	EXP	text_2: text = 133
338.38868500012904	EXP	text_2: text = 155
338.4141000001691	EXP	text_2: text = 183
338.4333700002171	EXP	text_2: text = 201
338.44762000022456	EXP	text_2: text = 216
338.46419500000775	EXP	text_2: text = 233
338.48109000036493	EXP	text_2: text = 249
338.4973650001921	EXP	text_2: text = 266
338.51429000031203	EXP	text_2: text = 283
338.53030500002205	EXP	text_2: text = 300
338.53467500023544	DATA	Keydown:  
338.54928500019014	EXP	text_2: text = 316
338.54928500019014	EXP	text_2: autoDraw = false
338.54928500019014	EXP	Feedback: text = 302
338.54928500019014	EXP	Feedback: autoDraw = true
339.54621000029147	EXP	Feedback: autoDraw = false
339.54621000029147	EXP	Feedback: autoDraw = false
339.54621000029147	EXP	text_3: autoDraw = true
348.95680500008166	EXP	text_3: autoDraw = false
348.95680500008166	EXP	text_3: autoDraw = false
348.95680500008166	EXP	text_2: autoDraw = true
348.95680500008166	EXP	text_2: text = 0
348.97366000013426	EXP	text_2: text = 20
348.988925000187	EXP	text_2: text = 37
349.0048450003378	EXP	text_2: text = 54
349.0212850002572	EXP	text_2: text = 70
349.0382300000638	EXP	text_2: text = 87
349.0550350002013	EXP	text_2: text = 104
349.071940000169	EXP	text_2: text = 120
349.08810500008985	EXP	text_2: text = 137
349.10468500014395	EXP	text_2: text = 154
349.1225450001657	EXP	text_2: text = 171
349.1384500004351	EXP	text_2: text = 187
349.15561500005424	EXP	text_2: text = 204
349.1719750002958	EXP	text_2: text = 220
349.1888300003484	EXP	text_2: text = 237
349.20555500034243	EXP	text_2: text = 254
349.22178500005975	EXP	text_2: text = 270
349.2381600001827	EXP	text_2: text = 287
349.25507000042126	EXP	text_2: text = 304
349.2721000001766	EXP	text_2: text = 320
349.29138500010595	EXP	text_2: text = 339
349.3056050003506	EXP	text_2: text = 354
349.32127500046045	EXP	text_2: text = 370
349.3325750003569	DATA	Keydown:  
349.34140000026673	EXP	text_2: text = 389
349.34140000026673	EXP	text_2: autoDraw = false
349.34140000026673	EXP	Feedback: text = 376
349.34140000026673	EXP	Feedback: autoDraw = true
350.33715000003576	EXP	Feedback: autoDraw = false
350.33715000003576	EXP	Feedback: autoDraw = false
350.33715000003576	EXP	text_3: autoDraw = true
358.565505000297	EXP	text_3: autoDraw = false
358.565505000297	EXP	text_3: autoDraw = false
358.565505000297	EXP	text_2: autoDraw = true
358.565505000297	EXP	text_2: text = 0
358.58168500009924	EXP	text_2: text = 16
358.59930500015616	EXP	text_2: text = 33
358.6148450002074	EXP	text_2: text = 50
358.6315400004387	EXP	text_2: text = 66
358.6485250000842	EXP	text_2: text = 83
358.6649750000797	EXP	text_2: text = 100
358.6807950004004	EXP	text_2: text = 116
358.69771500024945	EXP	text_2: text = 133
358.7147350003943	EXP	text_2: text = 149
358.7312150001526	EXP	text_2: text = 166
358.7476850003004	EXP	text_2: text = 183
358.7646950003691	EXP	text_2: text = 199
358.78099000034854	EXP	text_2: text = 216
358.7975000003353	EXP	text_2: text = 233
358.8145300000906	EXP	text_2: text = 249
358.83047500019893	EXP	text_2: text = 266
358.8478700001724	EXP	text_2: text = 283
358.86409000027925	EXP	text_2: text = 299
358.8809100002982	EXP	text_2: text = 316
358.89733500033617	EXP	text_2: text = 333
358.91493000043556	EXP	text_2: text = 350
358.9318100004457	EXP	text_2: text = 366
358.9486000002362	EXP	text_2: text = 383
358.9650500002317	EXP	text_2: text = 399
358.9811950000003	EXP	text_2: text = 416
358.9979000003077	EXP	text_2: text = 433
359.01412000041455	EXP	text_2: text = 449
359.03595000039786	EXP	text_2: text = 467
359.0401700004004	DATA	Keydown:  
359.0729650002904	EXP	text_2: text = 506
359.0729650002904	EXP	text_2: autoDraw = false
359.0729650002904	EXP	Feedback: text = 475
359.0729650002904	EXP	Feedback: autoDraw = true
360.06273000035435	EXP	Feedback: autoDraw = false
360.06273000035435	EXP	Feedback: autoDraw = false
360.06273000035435	EXP	text_3: autoDraw = true
362.7620050003752	EXP	text_3: autoDraw = false
362.7620050003752	EXP	text_3: autoDraw = false
362.7620050003752	EXP	text_2: autoDraw = true
362.7620050003752	EXP	text_2: text = 0
362.7769250003621	EXP	text_2: text = 16
362.79450500011444	EXP	text_2: text = 33
362.81085000000894	EXP	text_2: text = 50
362.827575000003	EXP	text_2: text = 66
362.84429000038654	EXP	text_2: text = 83
362.86069000000134	EXP	text_2: text = 100
362.87817500019446	EXP	text_2: text = 116
362.8934900001623	EXP	text_2: text = 133
362.9110350003466	EXP	text_2: text = 150
362.92723500030115	EXP	text_2: text = 166
362.9442650000565	EXP	text_2: text = 183
362.9604800003581	EXP	text_2: text = 199
362.97754000034183	EXP	text_2: text = 216
362.9945000000298	EXP	text_2: text = 233
363.0108300000429	EXP	text_2: text = 250
363.0277500003576	EXP	text_2: text = 266
363.0434650001116	EXP	text_2: text = 283
363.0615700003691	EXP	text_2: text = 300
363.0858100000769	EXP	text_2: text = 322
363.1106500001624	EXP	text_2: text = 350
363.1295350003056	EXP	text_2: text = 369
363.1432550000027	EXP	text_2: text = 383
363.160995000042	EXP	text_2: text = 399
363.1639650003053	DATA	Keydown:  
363.17891000024974	EXP	text_2: text = 417
363.17891000024974	EXP	text_2: autoDraw = false
363.17891000024974	EXP	Feedback: text = 402
363.17891000024974	EXP	Feedback: autoDraw = true
364.1757000000216	EXP	Feedback: autoDraw = false
364.1757000000216	EXP	Feedback: autoDraw = false
364.1757000000216	EXP	text_3: autoDraw = true
366.8588550002314	EXP	text_3: autoDraw = false
366.8588550002314	EXP	text_3: autoDraw = false
366.8588550002314	EXP	text_2: autoDraw = true
366.8588550002314	EXP	text_2: text = 0
366.8739550001919	EXP	text_2: text = 16
366.8908250001259	EXP	text_2: text = 33
366.9071700000204	EXP	text_2: text = 50
366.9241550001316	EXP	text_2: text = 66
366.9403350003995	EXP	text_2: text = 83
366.9569150004536	EXP	text_2: text = 100
366.97360000014305	EXP	text_2: text = 116
366.99024500045925	EXP	text_2: text = 133
367.00785500044003	EXP	text_2: text = 150
367.02383000031114	EXP	text_2: text = 166
367.04117000009865	EXP	text_2: text = 183
367.0571600003168	EXP	text_2: text = 200
367.07412000000477	EXP	text_2: text = 216
367.09058000007644	EXP	text_2: text = 233
367.10785000026226	EXP	text_2: text = 249
367.12433500029147	EXP	text_2: text = 266
367.1419050004333	EXP	text_2: text = 284
367.15739500010386	EXP	text_2: text = 299
367.17404000042006	EXP	text_2: text = 316
367.19112500036135	EXP	text_2: text = 333
367.2073400001973	EXP	text_2: text = 349
367.23936000000685	EXP	text_2: text = 382
367.25598500017077	EXP	text_2: text = 399
367.2771950000897	EXP	text_2: text = 420
367.2838850002736	DATA	Keydown:  
367.2917300001718	EXP	text_2: text = 434
367.2917300001718	EXP	text_2: autoDraw = false
367.2917300001718	EXP	Feedback: text = 425
367.2917300001718	EXP	Feedback: autoDraw = true
368.28963000001386	EXP	Feedback: autoDraw = false
368.28963000001386	EXP	Feedback: autoDraw = false
368.28963000001386	EXP	text_3: autoDraw = true
377.2679900000803	EXP	text_3: autoDraw = false
377.2679900000803	EXP	text_3: autoDraw = false
377.2679900000803	EXP	text_2: autoDraw = true
377.2679900000803	EXP	text_2: text = 0
377.28335000015795	EXP	text_2: text = 16
377.3001750004478	EXP	text_2: text = 33
377.3168350001797	EXP	text_2: text = 50
377.3335350002162	EXP	text_2: text = 66
377.3492850000039	EXP	text_2: text = 83
377.3663000003435	EXP	text_2: text = 99
377.38310500001535	EXP	text_2: text = 116
377.4000100004487	EXP	text_2: text = 133
377.4172550002113	EXP	text_2: text = 150
377.4331300002523	EXP	text_2: text = 166
377.4495400004089	EXP	text_2: text = 183
377.46616500010714	EXP	text_2: text = 199
377.48359000030905	EXP	text_2: text = 216
377.50046000024304	EXP	text_2: text = 233
377.5169500000775	EXP	text_2: text = 250
377.53380000032485	EXP	text_2: text = 266
377.5500950003043	EXP	text_2: text = 283
377.56688000028953	EXP	text_2: text = 299
377.58292000042275	EXP	text_2: text = 316
377.6002050000243	EXP	text_2: text = 333
377.6225450001657	EXP	text_2: text = 356
377.64875000016764	EXP	text_2: text = 382
377.6653950000182	EXP	text_2: text = 399
377.6865500002168	EXP	text_2: text = 419
377.693455000408	DATA	Keydown:  
377.7174300001934	EXP	text_2: text = 449
377.7174300001934	EXP	text_2: autoDraw = false
377.7174300001934	EXP	Feedback: text = 426
377.7174300001934	EXP	Feedback: autoDraw = true
378.714020000305	EXP	Feedback: autoDraw = false
378.714020000305	EXP	Feedback: autoDraw = false
378.714020000305	EXP	text_3: autoDraw = true
385.4428050001152	EXP	text_3: autoDraw = false
385.4428050001152	EXP	text_3: autoDraw = false
385.4428050001152	EXP	text_2: autoDraw = true
385.4428050001152	EXP	text_2: text = 0
385.45868500042707	EXP	text_2: text = 17
385.475255000405	EXP	text_2: text = 33
385.49235000042245	EXP	text_2: text = 50
385.5085050002672	EXP	text_2: text = 66
385.5257950001396	EXP	text_2: text = 83
385.5421200003475	EXP	text_2: text = 100
385.55900500016287	EXP	text_2: text = 116
385.57566500036046	EXP	text_2: text = 133
385.5921400003135	EXP	text_2: text = 150
385.60898500029	EXP	text_2: text = 166
385.6274600001052	EXP	text_2: text = 183
385.6422600001097	EXP	text_2: text = 200
385.65884000016376	EXP	text_2: text = 216
385.67586500011384	EXP	text_2: text = 233
385.691945000086	EXP	text_2: text = 250
385.70878000045195	EXP	text_2: text = 266
385.7257200004533	EXP	text_2: text = 283
385.74193000001833	EXP	text_2: text = 299
385.75877000018954	EXP	text_2: text = 316
385.7752200001851	EXP	text_2: text = 333
385.79223000025377	EXP	text_2: text = 350
385.80840000044554	EXP	text_2: text = 366
385.8257699999958	EXP	text_2: text = 383
385.8424100000411	EXP	text_2: text = 400
385.858735000249	EXP	text_2: text = 416
385.8751850002445	EXP	text_2: text = 433
385.89206500025466	EXP	text_2: text = 450
385.90868500014767	EXP	text_2: text = 466
385.9248850001022	EXP	text_2: text = 483
385.9421100001782	EXP	text_2: text = 499
385.9580000001006	EXP	text_2: text = 516
385.97947000013664	EXP	text_2: text = 535
385.9930600002408	EXP	text_2: text = 551
386.01218500034884	EXP	text_2: text = 570
386.0259250001982	EXP	text_2: text = 583
386.04230500012636	EXP	text_2: text = 599
386.0451800003648	DATA	Keydown:  
386.0605900003575	EXP	text_2: text = 616
386.0605900003575	EXP	text_2: autoDraw = false
386.0605900003575	EXP	Feedback: text = 603
386.0605900003575	EXP	Feedback: autoDraw = true
387.05756500037387	EXP	Feedback: autoDraw = false
387.05756500037387	EXP	Feedback: autoDraw = false
387.05756500037387	EXP	text_3: autoDraw = true
395.57139500044286	EXP	text_3: autoDraw = false
395.57139500044286	EXP	text_3: autoDraw = false
395.57139500044286	EXP	text_2: autoDraw = true
395.57139500044286	EXP	text_2: text = 0
395.5842100000009	EXP	text_2: text = 16
395.6011750004254	EXP	text_2: text = 33
395.6180450003594	EXP	text_2: text = 50
395.63418000005186	EXP	text_2: text = 67
395.6511550000869	EXP	text_2: text = 83
395.66698500001803	EXP	text_2: text = 100
395.6850250000134	EXP	text_2: text = 116
395.7013500002213	EXP	text_2: text = 133
395.7176450002007	EXP	text_2: text = 150
395.73566000023857	EXP	text_2: text = 166
395.7514950004406	EXP	text_2: text = 183
395.76788500044495	EXP	text_2: text = 200
395.7838250002824	EXP	text_2: text = 216
395.8014000002295	EXP	text_2: text = 233
395.81755000026897	EXP	text_2: text = 250
395.8207900002599	DATA	Keydown:  
395.8359300000593	EXP	text_2: text = 267
395.8359300000593	EXP	text_2: autoDraw = false
395.8359300000593	EXP	Feedback: text = 252
395.8359300000593	EXP	Feedback: autoDraw = true
396.8327700002119	EXP	Feedback: autoDraw = false
396.8327700002119	EXP	Feedback: autoDraw = false
396.8327700002119	EXP	text_3: autoDraw = true
404.3782450002618	EXP	text_3: autoDraw = false
404.3782450002618	EXP	text_3: autoDraw = false
404.3782450002618	EXP	text_2: autoDraw = true
404.3782450002618	EXP	text_2: text = 0
404.3947650003247	EXP	text_2: text = 17
404.4112850003876	EXP	text_2: text = 33
404.4298350000754	EXP	text_2: text = 50
404.4448000001721	EXP	text_2: text = 66
404.4605500004254	EXP	text_2: text = 83
404.4778200001456	EXP	text_2: text = 100
404.49416000023484	EXP	text_2: text = 116
404.51079500000924	EXP	text_2: text = 133
404.52700500003994	EXP	text_2: text = 150
404.5442100004293	EXP	text_2: text = 166
404.5606300001964	EXP	text_2: text = 183
404.57761500030756	EXP	text_2: text = 200
404.5940300002694	EXP	text_2: text = 216
404.6105100000277	EXP	text_2: text = 233
404.6277950000949	EXP	text_2: text = 250
404.64444500021636	EXP	text_2: text = 267
404.661495000124	EXP	text_2: text = 283
404.67740500019863	EXP	text_2: text = 299
404.68408500030637	DATA	Keydown:  
404.69635000033304	EXP	text_2: text = 316
404.69635000033304	EXP	text_2: autoDraw = false
404.69635000033304	EXP	Feedback: text = 306
404.69635000033304	EXP	Feedback: autoDraw = true
405.7318450002931	EXP	Feedback: autoDraw = false
405.7318450002931	EXP	Feedback: autoDraw = false
405.7318450002931	EXP	End_text: autoDraw = true
