0.18166000000201166	EXP	Created Window = Window( name=Window, fullscr=true, color=#000000, units=height, waitBlanking=true, autoLog=true, size=[1600,757] )
6.904760000004899	DATA	Keydown: Shift
7.091090000001714	DATA	Keydown: N
7.252855000027921	DATA	Keydown: S
8.052124999987427	DATA	Keydown: 4
8.306790000002366	DATA	Keydown: 9
8.886325000028592	DATA	Keydown: Backspace
9.269804999988992	DATA	Keydown: 0
9.446575000009034	DATA	Keydown: 9
9.636515000020154	DATA	Keydown: 9
9.83039999997709	DATA	Keydown: 0
10.20071000000462	DATA	Keydown: Tab
10.46812500001397	DATA	Keydown: Tab
12.038319999992382	EXP	Created text = TextStim( name=text, win=Window( name=Window, fullscr=true, color=#000000, ~), autoDraw=null, autoLog=true, units=height, ori=null, opacity=1, pos=[0,0], size=undefined, text=INSTRUCTIONS [EN]


A counter will appear and star~, font=Arial, color=#FFFFFF, contrast=1, height=0.03, bold=null, italic=null, alignHoriz=left, alignVert=center, wrapWidth=1, flipHoriz=null, flipVert=null )
12.045380000025034	EXP	Created text_3 = TextStim( name=text_3, win=Window( name=Window, fullscr=true, color=#000000, ~), autoDraw=null, autoLog=true, units=height, ori=null, opacity=1, pos=[0,0], size=undefined, text=null, font=Arial, color=#FFFFFF, contrast=1, height=0.1, bold=null, italic=null, alignHoriz=left, alignVert=center, wrapWidth=1, flipHoriz=null, flipVert=null )
12.046864999982063	EXP	Created text_2 = TextStim( name=text_2, win=Window( name=Window, fullscr=true, color=#000000, ~), autoDraw=null, autoLog=true, units=height, ori=null, opacity=1, pos=[0,0], size=undefined, text=default text, font=Arial, color=#ff0000, contrast=1, height=0.15, bold=null, italic=null, alignHoriz=left, alignVert=center, wrapWidth=1, flipHoriz=null, flipVert=null )
12.049074999988079	EXP	Created Feedback = TextStim( name=Feedback, win=Window( name=Window, fullscr=true, color=#000000, ~), autoDraw=null, autoLog=true, units=height, ori=null, opacity=1, pos=[0,0], size=undefined, text=default text, font=Arial, color=#ff0000, contrast=1, height=0.15, bold=null, italic=null, alignHoriz=left, alignVert=center, wrapWidth=1, flipHoriz=null, flipVert=null )
12.05101499997545	EXP	Created End_text = TextStim( name=End_text, win=Window( name=Window, fullscr=true, color=#000000, ~), autoDraw=null, autoLog=true, units=height, ori=null, opacity=1, pos=[0,0], size=undefined, text=This study aimed to look at procedural learning, i~, font=Arial, color=#FFFFFF, contrast=1, height=0.025, bold=null, italic=null, alignHoriz=left, alignVert=center, wrapWidth=1, flipHoriz=null, flipVert=null )
12.14877999998862	EXP	text: units = "height"
12.14877999998862	EXP	text: ori = 0
12.14877999998862	EXP	text: opacity = 1
12.14877999998862	EXP	text: pos = [0,0]
12.14877999998862	EXP	text: size = undefined
12.14877999998862	EXP	text: text = "INSTRUCTIONS [EN]\n\n\nA counter will appear and start counting at random times, press SPACE as fast as possible when it appears.\n\n\nPress SPACE to start\n\n-------\n\nInstruções [PT]\n\n\nUm cronómetro vai aparecer e começar a contar aleatoriamente, pressione a tecla SPACE assim que ele aparecer.\n\n\nPressiona SPACE para começar."
12.14877999998862	EXP	text: font = "Arial"
12.14877999998862	EXP	text: color = {"_hex":"#FFFFFF","_rgb":[1,1,1]}
12.14877999998862	EXP	text: contrast = 1
12.14877999998862	EXP	text: height = 0.03
12.14877999998862	EXP	text: bold = false
12.14877999998862	EXP	text: italic = false
12.14877999998862	EXP	text: alignHoriz = "left"
12.14877999998862	EXP	text: alignVert = "center"
12.14877999998862	EXP	text: wrapWidth = 1
12.14877999998862	EXP	text: flipHoriz = false
12.14877999998862	EXP	text: flipVert = false
12.14877999998862	EXP	text_3: units = "height"
12.14877999998862	EXP	text_3: ori = 0
12.14877999998862	EXP	text_3: opacity = 1
12.14877999998862	EXP	text_3: pos = [0,0]
12.14877999998862	EXP	text_3: size = undefined
12.14877999998862	EXP	text_3: text = ""
12.14877999998862	EXP	text_3: font = "Arial"
12.14877999998862	EXP	text_3: color = {"_hex":"#FFFFFF","_rgb":[1,1,1]}
12.14877999998862	EXP	text_3: contrast = 1
12.14877999998862	EXP	text_3: height = 0.1
12.14877999998862	EXP	text_3: bold = false
12.14877999998862	EXP	text_3: italic = false
12.14877999998862	EXP	text_3: alignHoriz = "left"
12.14877999998862	EXP	text_3: alignVert = "center"
12.14877999998862	EXP	text_3: wrapWidth = 1
12.14877999998862	EXP	text_3: flipHoriz = false
12.14877999998862	EXP	text_3: flipVert = false
12.14877999998862	EXP	text_2: units = "height"
12.14877999998862	EXP	text_2: ori = 0
12.14877999998862	EXP	text_2: opacity = 1
12.14877999998862	EXP	text_2: pos = [0,0]
12.14877999998862	EXP	text_2: size = undefined
12.14877999998862	EXP	text_2: text = "default text"
12.14877999998862	EXP	text_2: font = "Arial"
12.14877999998862	EXP	text_2: color = {"_rgb":[1,0,0]}
12.14877999998862	EXP	text_2: contrast = 1
12.14877999998862	EXP	text_2: height = 0.15
12.14877999998862	EXP	text_2: bold = false
12.14877999998862	EXP	text_2: italic = false
12.14877999998862	EXP	text_2: alignHoriz = "left"
12.14877999998862	EXP	text_2: alignVert = "center"
12.14877999998862	EXP	text_2: wrapWidth = 1
12.14877999998862	EXP	text_2: flipHoriz = false
12.14877999998862	EXP	text_2: flipVert = false
12.14877999998862	EXP	Feedback: units = "height"
12.14877999998862	EXP	Feedback: ori = 0
12.14877999998862	EXP	Feedback: opacity = 1
12.14877999998862	EXP	Feedback: pos = [0,0]
12.14877999998862	EXP	Feedback: size = undefined
12.14877999998862	EXP	Feedback: text = "default text"
12.14877999998862	EXP	Feedback: font = "Arial"
12.14877999998862	EXP	Feedback: color = {"_rgb":[1,0,0]}
12.14877999998862	EXP	Feedback: contrast = 1
12.14877999998862	EXP	Feedback: height = 0.15
12.14877999998862	EXP	Feedback: bold = false
12.14877999998862	EXP	Feedback: italic = false
12.14877999998862	EXP	Feedback: alignHoriz = "left"
12.14877999998862	EXP	Feedback: alignVert = "center"
12.14877999998862	EXP	Feedback: wrapWidth = 1
12.14877999998862	EXP	Feedback: flipHoriz = false
12.14877999998862	EXP	Feedback: flipVert = false
12.14877999998862	EXP	End_text: units = "height"
12.14877999998862	EXP	End_text: ori = 0
12.14877999998862	EXP	End_text: opacity = 1
12.14877999998862	EXP	End_text: pos = [0,0]
12.14877999998862	EXP	End_text: size = undefined
12.14877999998862	EXP	End_text: text = "This study aimed to look at procedural learning, i.e. our ability to extract patterns from the input that we are constantly receiving. This skill is thought to be essential for language and literacy acquisition and has been suggested as a possible underlying difficult in children with Language Impairments and Dyslexia. This study aims to improve the measures of procedural learning (the smiley face task) so that we can measure procedural learning more reliably and, in the future, analyse the performance of individuals with learning impairments.\nThank you for participating!\n\n----\n\nEste estudo tem como objectivo analisar a nossa capacidade de extrair padrões da informação que estamos constantemente a receber. Pensa-se que esta competência é essencial para a aquisição da linguagem e literacia e foi sugerido que dificuldades neste tipo de competências poderá estar relacionado com perturbações da linguagem e Dislexia. Este estudo tem como objectivo melhorar a estabilidade das medidas usadas para medir este tipo de memória (a tarefa da cara sorridente) de forma a poder medir de forma mais precisa e, no futuro, analisar a performance de indivíduos com perturbações da aprendizagem. \nMuito obrigada por ter participado!"
12.14877999998862	EXP	End_text: font = "Arial"
12.14877999998862	EXP	End_text: color = {"_hex":"#FFFFFF","_rgb":[1,1,1]}
12.14877999998862	EXP	End_text: contrast = 1
12.14877999998862	EXP	End_text: height = 0.025
12.14877999998862	EXP	End_text: bold = false
12.14877999998862	EXP	End_text: italic = false
12.14877999998862	EXP	End_text: alignHoriz = "left"
12.14877999998862	EXP	End_text: alignVert = "center"
12.14877999998862	EXP	End_text: wrapWidth = 1
12.14877999998862	EXP	End_text: flipHoriz = false
12.14877999998862	EXP	End_text: flipVert = false
12.14877999998862	EXP	text: autoDraw = true
18.997395000013057	DATA	Keydown:  
19.036235000006855	EXP	text: autoDraw = false
19.036235000006855	EXP	text_3: autoDraw = true
22.589589999988675	EXP	text_3: autoDraw = false
22.589589999988675	EXP	text_3: autoDraw = false
22.589589999988675	EXP	text_2: autoDraw = true
22.589589999988675	EXP	text_2: text = 0
22.603240000025835	EXP	text_2: text = 46
22.619925000006333	EXP	text_2: text = 63
22.6370599999791	EXP	text_2: text = 81
22.653195000020787	EXP	text_2: text = 96
22.66982499998994	EXP	text_2: text = 113
22.687220000021625	EXP	text_2: text = 131
22.704039999982342	EXP	text_2: text = 147
22.72052500001155	EXP	text_2: text = 164
22.73729999997886	EXP	text_2: text = 181
22.754300000029616	EXP	text_2: text = 198
22.770765000022948	EXP	text_2: text = 214
22.78690499998629	EXP	text_2: text = 229
22.804010000021663	EXP	text_2: text = 247
22.820049999980256	EXP	text_2: text = 262
22.837349999987055	EXP	text_2: text = 281
22.854029999987688	EXP	text_2: text = 298
22.870349999982864	EXP	text_2: text = 314
22.886724999989383	EXP	text_2: text = 329
22.903479999979027	EXP	text_2: text = 346
22.919969999988098	EXP	text_2: text = 362
22.936805000004824	EXP	text_2: text = 380
22.95406499999808	EXP	text_2: text = 397
22.970504999975674	EXP	text_2: text = 414
22.98709000000963	EXP	text_2: text = 430
23.00284999998985	EXP	text_2: text = 446
23.020584999991115	EXP	text_2: text = 464
23.037164999987	EXP	text_2: text = 481
23.054034999979194	EXP	text_2: text = 498
23.072775000007823	EXP	text_2: text = 515
23.088905000011437	EXP	text_2: text = 531
23.10606000002008	EXP	text_2: text = 548
23.123880000028294	EXP	text_2: text = 566
23.137095000012778	EXP	text_2: text = 580
23.154295000014827	EXP	text_2: text = 598
23.16966000001412	EXP	text_2: text = 612
23.186610000033397	EXP	text_2: text = 629
23.203885000024457	EXP	text_2: text = 647
23.2191650000168	EXP	text_2: text = 662
23.22121500002686	DATA	Keydown:  
23.239200000010896	EXP	text_2: text = 680
23.239200000010896	EXP	text_2: autoDraw = false
23.239200000010896	EXP	Feedback: text = 632
23.239200000010896	EXP	Feedback: autoDraw = true
24.239969999995083	EXP	Feedback: autoDraw = false
24.239969999995083	EXP	Feedback: autoDraw = false
24.239969999995083	EXP	text_3: autoDraw = true
28.119379999989178	EXP	text_3: autoDraw = false
28.119379999989178	EXP	text_3: autoDraw = false
28.119379999989178	EXP	text_2: autoDraw = true
28.119379999989178	EXP	text_2: text = 0
28.1340799999889	EXP	text_2: text = 16
28.149915000016335	EXP	text_2: text = 32
28.16777000000002	EXP	text_2: text = 50
28.183429999975488	EXP	text_2: text = 65
28.20010999997612	EXP	text_2: text = 82
28.216840000008233	EXP	text_2: text = 98
28.23332499997923	EXP	text_2: text = 115
28.250914999982342	EXP	text_2: text = 133
28.267129999992903	EXP	text_2: text = 148
28.284429999999702	EXP	text_2: text = 166
28.30027499998687	EXP	text_2: text = 183
28.31790500000352	EXP	text_2: text = 200
28.333299999998417	EXP	text_2: text = 214
28.350834999990184	EXP	text_2: text = 233
28.367465000017546	EXP	text_2: text = 250
28.383555000007618	EXP	text_2: text = 264
28.400889999989886	EXP	text_2: text = 282
28.417109999980312	EXP	text_2: text = 299
28.433345000026748	EXP	text_2: text = 314
28.450479999999516	EXP	text_2: text = 332
28.467645000026096	EXP	text_2: text = 349
28.48379999998724	EXP	text_2: text = 365
28.500969999993686	EXP	text_2: text = 382
28.517660000012256	EXP	text_2: text = 399
28.533494999981485	EXP	text_2: text = 415
28.550534999987576	EXP	text_2: text = 432
28.567860000010114	EXP	text_2: text = 450
28.58387999999104	EXP	text_2: text = 465
28.600749999983236	EXP	text_2: text = 483
28.616565000033006	EXP	text_2: text = 499
28.632930000021588	EXP	text_2: text = 514
28.649975000007544	EXP	text_2: text = 533
28.666830000001937	EXP	text_2: text = 548
28.674660000018775	DATA	Keydown:  
28.684690000023693	EXP	text_2: text = 565
28.684690000023693	EXP	text_2: autoDraw = false
28.684690000023693	EXP	Feedback: text = 555
28.684690000023693	EXP	Feedback: autoDraw = true
29.685165000031702	EXP	Feedback: autoDraw = false
29.685165000031702	EXP	Feedback: autoDraw = false
29.685165000031702	EXP	text_3: autoDraw = true
33.431340000010096	EXP	text_3: autoDraw = false
33.431340000010096	EXP	text_3: autoDraw = false
33.431340000010096	EXP	text_2: autoDraw = true
33.431340000010096	EXP	text_2: text = 0
33.44608000002336	EXP	text_2: text = 14
33.462924999999814	EXP	text_2: text = 31
33.48006000003079	EXP	text_2: text = 50
33.497139999992214	EXP	text_2: text = 66
33.51335000002291	EXP	text_2: text = 83
33.52899000002071	EXP	text_2: text = 98
33.54642500000773	EXP	text_2: text = 116
33.56343500001822	EXP	text_2: text = 133
33.578819999995176	EXP	text_2: text = 148
33.596944999997504	EXP	text_2: text = 166
33.61258000001544	EXP	text_2: text = 183
33.62972000002628	EXP	text_2: text = 199
33.646025000023656	EXP	text_2: text = 215
33.66288999997778	EXP	text_2: text = 232
33.680300000007264	EXP	text_2: text = 250
33.69623499998124	EXP	text_2: text = 265
33.71249499998521	EXP	text_2: text = 281
33.73097500001313	EXP	text_2: text = 299
33.74693500000285	EXP	text_2: text = 316
33.76285499997903	EXP	text_2: text = 333
33.78011500003049	EXP	text_2: text = 349
33.79648000001907	EXP	text_2: text = 365
33.81256500002928	EXP	text_2: text = 381
33.8292149999761	EXP	text_2: text = 398
33.84644500003196	EXP	text_2: text = 416
33.86354500002926	EXP	text_2: text = 433
33.879859999986365	EXP	text_2: text = 448
33.89663999999175	EXP	text_2: text = 466
33.912675000028685	EXP	text_2: text = 481
33.93008999997983	EXP	text_2: text = 499
33.94630499999039	EXP	text_2: text = 514
33.963564999983646	EXP	text_2: text = 533
33.97941999998875	EXP	text_2: text = 547
33.99580000003334	EXP	text_2: text = 564
34.00328499998432	DATA	Keydown:  
34.01493499998469	EXP	text_2: text = 583
34.01493499998469	EXP	text_2: autoDraw = false
34.01493499998469	EXP	Feedback: text = 572
34.01493499998469	EXP	Feedback: autoDraw = true
35.01428499998292	EXP	Feedback: autoDraw = false
35.01428499998292	EXP	Feedback: autoDraw = false
35.01428499998292	EXP	text_3: autoDraw = true
42.91274499997962	EXP	text_3: autoDraw = false
42.91274499997962	EXP	text_3: autoDraw = false
42.91274499997962	EXP	text_2: autoDraw = true
42.91274499997962	EXP	text_2: text = 0
42.927035000000615	EXP	text_2: text = 17
42.943934999988414	EXP	text_2: text = 35
42.959009999991395	EXP	text_2: text = 48
42.97665500000585	EXP	text_2: text = 66
42.99310999998124	EXP	text_2: text = 82
43.009324999991804	EXP	text_2: text = 99
43.02711999998428	EXP	text_2: text = 118
43.043505000008736	EXP	text_2: text = 134
43.059829999983776	EXP	text_2: text = 148
43.07648500002688	EXP	text_2: text = 166
43.093470000021625	EXP	text_2: text = 184
43.110444999998435	EXP	text_2: text = 201
43.12593500001822	EXP	text_2: text = 215
43.14312500000233	EXP	text_2: text = 232
43.159969999978784	EXP	text_2: text = 250
43.17622500000289	EXP	text_2: text = 265
43.193060000019614	EXP	text_2: text = 282
43.20956500002649	EXP	text_2: text = 299
43.22614500002237	EXP	text_2: text = 317
43.24351499998011	EXP	text_2: text = 334
43.260164999985136	EXP	text_2: text = 352
43.27539500000421	EXP	text_2: text = 367
43.29142999998294	EXP	text_2: text = 382
43.29811500001233	DATA	Keydown:  
43.30887499998789	EXP	text_2: text = 398
43.30887499998789	EXP	text_2: autoDraw = false
43.30887499998789	EXP	Feedback: text = 386
43.30887499998789	EXP	Feedback: autoDraw = true
44.30989999999292	EXP	Feedback: autoDraw = false
44.30989999999292	EXP	Feedback: autoDraw = false
44.30989999999292	EXP	text_3: autoDraw = true
50.24067000002833	EXP	text_3: autoDraw = false
50.24067000002833	EXP	text_3: autoDraw = false
50.24067000002833	EXP	text_2: autoDraw = true
50.24067000002833	EXP	text_2: text = 0
50.25549499999033	EXP	text_2: text = 18
50.271650000009686	EXP	text_2: text = 35
50.28915500000585	EXP	text_2: text = 51
50.30525999999372	EXP	text_2: text = 67
50.32220500003314	EXP	text_2: text = 84
50.33980499999598	EXP	text_2: text = 99
50.35522500000661	EXP	text_2: text = 116
50.37270000000717	EXP	text_2: text = 134
50.38878999999724	EXP	text_2: text = 149
50.40596000000369	EXP	text_2: text = 168
50.422179999994114	EXP	text_2: text = 183
50.43893499998376	EXP	text_2: text = 200
50.45570500002941	EXP	text_2: text = 216
50.472710000001825	EXP	text_2: text = 235
50.48899500002153	EXP	text_2: text = 250
50.50685499998508	EXP	text_2: text = 268
50.523775000008754	EXP	text_2: text = 283
50.54008499998599	EXP	text_2: text = 301
50.554275000002235	EXP	text_2: text = 317
50.570415000023786	EXP	text_2: text = 333
50.58662999997614	EXP	text_2: text = 348
50.60487999999896	EXP	text_2: text = 367
50.62088000000222	EXP	text_2: text = 384
50.63770000002114	EXP	text_2: text = 401
50.65640999999596	EXP	text_2: text = 420
50.6708000000217	EXP	text_2: text = 434
50.686670000024606	EXP	text_2: text = 451
50.7029099999927	EXP	text_2: text = 465
50.71968999999808	EXP	text_2: text = 483
50.73635500000091	EXP	text_2: text = 498
50.75354000000516	EXP	text_2: text = 516
50.76968000002671	EXP	text_2: text = 532
50.772025000012945	DATA	Keydown:  
50.78827000001911	EXP	text_2: text = 550
50.78827000001911	EXP	text_2: autoDraw = false
50.78827000001911	EXP	Feedback: text = 532
50.78827000001911	EXP	Feedback: autoDraw = true
51.787850000022445	EXP	Feedback: autoDraw = false
51.787850000022445	EXP	Feedback: autoDraw = false
51.787850000022445	EXP	text_3: autoDraw = true
61.167264999996405	EXP	text_3: autoDraw = false
61.167264999996405	EXP	text_3: autoDraw = false
61.167264999996405	EXP	text_2: autoDraw = true
61.167264999996405	EXP	text_2: text = 0
61.17965499998536	EXP	text_2: text = 14
61.196750000002794	EXP	text_2: text = 32
61.21291499998188	EXP	text_2: text = 47
61.2301350000198	EXP	text_2: text = 66
61.24690999998711	EXP	text_2: text = 83
61.262805000005756	EXP	text_2: text = 97
61.27947499998845	EXP	text_2: text = 114
61.29699499998242	EXP	text_2: text = 132
61.313369999988936	EXP	text_2: text = 149
61.32990000001155	EXP	text_2: text = 164
61.34666500001913	EXP	text_2: text = 181
61.36350500001572	EXP	text_2: text = 199
61.37935000000289	EXP	text_2: text = 214
61.39718999998877	EXP	text_2: text = 232
61.41363500000443	EXP	text_2: text = 249
61.4297099999967	EXP	text_2: text = 266
61.446839999989606	EXP	text_2: text = 282
61.463389999989886	EXP	text_2: text = 299
61.479790000012144	EXP	text_2: text = 314
61.497180000005756	EXP	text_2: text = 333
61.51501999999164	EXP	text_2: text = 351
61.529770000022836	EXP	text_2: text = 366
61.545839999977034	EXP	text_2: text = 382
61.56223999999929	EXP	text_2: text = 397
61.579795000026934	EXP	text_2: text = 417
61.59614999999758	EXP	text_2: text = 431
61.60278000001563	DATA	Keydown:  
61.614360000006855	EXP	text_2: text = 449
61.614360000006855	EXP	text_2: autoDraw = false
61.614360000006855	EXP	Feedback: text = 436
61.614360000006855	EXP	Feedback: autoDraw = true
62.61341500002891	EXP	Feedback: autoDraw = false
62.61341500002891	EXP	Feedback: autoDraw = false
62.61341500002891	EXP	text_3: autoDraw = true
71.55879999999888	EXP	text_3: autoDraw = false
71.55879999999888	EXP	text_3: autoDraw = false
71.55879999999888	EXP	text_2: autoDraw = true
71.55879999999888	EXP	text_2: text = 0
71.5736400000169	EXP	text_2: text = 17
71.59128500003135	EXP	text_2: text = 36
71.60766500001773	EXP	text_2: text = 52
71.6247999999905	EXP	text_2: text = 69
71.64038499997696	EXP	text_2: text = 85
71.65786500001559	EXP	text_2: text = 102
71.67434999998659	EXP	text_2: text = 119
71.69096999999601	EXP	text_2: text = 135
71.70758500002557	EXP	text_2: text = 153
71.72405499999877	EXP	text_2: text = 168
71.74074500001734	EXP	text_2: text = 185
71.75728999997955	EXP	text_2: text = 200
71.77388500003144	EXP	text_2: text = 218
71.79103500000201	EXP	text_2: text = 235
71.80715499998769	EXP	text_2: text = 250
71.82345999998506	EXP	text_2: text = 266
71.84090000001015	EXP	text_2: text = 283
71.85681999998633	EXP	text_2: text = 301
71.87354499998037	EXP	text_2: text = 317
71.8908100000117	EXP	text_2: text = 335
71.90777500002878	EXP	text_2: text = 352
71.92443000001367	EXP	text_2: text = 369
71.94054999999935	EXP	text_2: text = 385
71.95770500000799	EXP	text_2: text = 402
71.97587000002386	EXP	text_2: text = 420
71.9919949999894	EXP	text_2: text = 437
71.99629500001902	DATA	Keydown:  
72.00744499999564	EXP	text_2: text = 451
72.00744499999564	EXP	text_2: autoDraw = false
72.00744499999564	EXP	Feedback: text = 438
72.00744499999564	EXP	Feedback: autoDraw = true
73.00567500002217	EXP	Feedback: autoDraw = false
73.00567500002217	EXP	Feedback: autoDraw = false
73.00567500002217	EXP	text_3: autoDraw = true
78.65451999998186	EXP	text_3: autoDraw = false
78.65451999998186	EXP	text_3: autoDraw = false
78.65451999998186	EXP	text_2: autoDraw = true
78.65451999998186	EXP	text_2: text = 0
78.66956499998923	EXP	text_2: text = 17
78.68613500002539	EXP	text_2: text = 33
78.70251500001177	EXP	text_2: text = 50
78.7194100000197	EXP	text_2: text = 66
78.73574500001268	EXP	text_2: text = 83
78.7523350000265	EXP	text_2: text = 99
78.76909499999601	EXP	text_2: text = 117
78.78596499998821	EXP	text_2: text = 133
78.80318500002613	EXP	text_2: text = 150
78.81957500003045	EXP	text_2: text = 166
78.83527500001946	EXP	text_2: text = 181
78.85286500002258	EXP	text_2: text = 201
78.8684999999823	EXP	text_2: text = 214
78.88637500000186	EXP	text_2: text = 233
78.90253999998095	EXP	text_2: text = 249
78.918955000001	EXP	text_2: text = 264
78.93541999999434	EXP	text_2: text = 281
78.95264000003226	EXP	text_2: text = 299
78.96820499998285	EXP	text_2: text = 314
78.98616999998922	EXP	text_2: text = 333
79.00182000000495	EXP	text_2: text = 347
79.01941499998793	EXP	text_2: text = 366
79.03678999998374	EXP	text_2: text = 383
79.05229999998119	EXP	text_2: text = 399
79.0692300000228	EXP	text_2: text = 416
79.08585999999195	EXP	text_2: text = 432
79.10288000002038	EXP	text_2: text = 449
79.11895999999251	EXP	text_2: text = 465
79.13569000002462	EXP	text_2: text = 482
79.15373000002	EXP	text_2: text = 501
79.16924999997718	EXP	text_2: text = 517
79.18514000001596	EXP	text_2: text = 533
79.20031500002369	EXP	text_2: text = 547
79.21700000000419	EXP	text_2: text = 564
79.23373500001617	EXP	text_2: text = 580
79.25079999997979	EXP	text_2: text = 598
79.2677300000214	EXP	text_2: text = 615
79.26960499997949	DATA	Keydown:  
79.28544000000693	EXP	text_2: text = 632
79.28544000000693	EXP	text_2: autoDraw = false
79.28544000000693	EXP	Feedback: text = 615
79.28544000000693	EXP	Feedback: autoDraw = true
80.28424000000814	EXP	Feedback: autoDraw = false
80.28424000000814	EXP	Feedback: autoDraw = false
80.28424000000814	EXP	text_3: autoDraw = true
84.79846999997972	EXP	text_3: autoDraw = false
84.79846999997972	EXP	text_3: autoDraw = false
84.79846999997972	EXP	text_2: autoDraw = true
84.79846999997972	EXP	text_2: text = 0
84.81390499998815	EXP	text_2: text = 17
84.83020500000566	EXP	text_2: text = 32
84.84763999999268	EXP	text_2: text = 50
84.8642600000021	EXP	text_2: text = 67
84.88081499998225	EXP	text_2: text = 83
84.897415000014	EXP	text_2: text = 100
84.91432999999961	EXP	text_2: text = 117
84.93068500002846	EXP	text_2: text = 133
84.94743000000017	EXP	text_2: text = 150
84.96416999999201	EXP	text_2: text = 167
84.98074999998789	EXP	text_2: text = 183
84.99692499998491	EXP	text_2: text = 200
85.01363499998115	EXP	text_2: text = 214
85.03015000000596	EXP	text_2: text = 232
85.04632500000298	EXP	text_2: text = 249
85.06329000002006	EXP	text_2: text = 264
85.08010000002105	EXP	text_2: text = 282
85.09635499998694	EXP	text_2: text = 298
85.11409500002628	EXP	text_2: text = 316
85.13020000001416	EXP	text_2: text = 332
85.14681499998551	EXP	text_2: text = 348
85.16422999999486	EXP	text_2: text = 366
85.1796650000033	EXP	text_2: text = 381
85.18713999999454	DATA	Keydown:  
85.19943999999668	EXP	text_2: text = 400
85.19943999999668	EXP	text_2: autoDraw = false
85.19943999999668	EXP	Feedback: text = 389
85.19943999999668	EXP	Feedback: autoDraw = true
86.19796999997925	EXP	Feedback: autoDraw = false
86.19796999997925	EXP	Feedback: autoDraw = false
86.19796999997925	EXP	text_3: autoDraw = true
94.1277649999829	EXP	text_3: autoDraw = false
94.1277649999829	EXP	text_3: autoDraw = false
94.1277649999829	EXP	text_2: autoDraw = true
94.1277649999829	EXP	text_2: text = 0
94.1429150000331	EXP	text_2: text = 19
94.15879499999573	EXP	text_2: text = 33
94.17617500002962	EXP	text_2: text = 52
94.19323000003351	EXP	text_2: text = 70
94.2090699999826	EXP	text_2: text = 85
94.22628499998245	EXP	text_2: text = 101
94.24274499999592	EXP	text_2: text = 117
94.25901999999769	EXP	text_2: text = 135
94.27685000002384	EXP	text_2: text = 152
94.29244500002824	EXP	text_2: text = 166
94.31007000000682	EXP	text_2: text = 185
94.32552000001306	EXP	text_2: text = 200
94.34216000000015	EXP	text_2: text = 217
94.36032999999588	EXP	text_2: text = 236
94.37566999997944	EXP	text_2: text = 250
94.39238500001375	EXP	text_2: text = 267
94.40906999999424	EXP	text_2: text = 284
94.42561500001466	EXP	text_2: text = 300
94.44330500002252	EXP	text_2: text = 319
94.45861500001047	EXP	text_2: text = 333
94.4771400000318	EXP	text_2: text = 353
94.49181500001578	EXP	text_2: text = 366
94.50961000000825	EXP	text_2: text = 385
94.52498500002548	EXP	text_2: text = 399
94.54351500002667	EXP	text_2: text = 420
94.55874000000767	EXP	text_2: text = 433
94.57644500001334	EXP	text_2: text = 452
94.58011999999871	DATA	Keydown:  
94.59488500002772	EXP	text_2: text = 466
94.59488500002772	EXP	text_2: autoDraw = false
94.59488500002772	EXP	Feedback: text = 453
94.59488500002772	EXP	Feedback: autoDraw = true
95.59271499997703	EXP	Feedback: autoDraw = false
95.59271499997703	EXP	Feedback: autoDraw = false
95.59271499997703	EXP	text_3: autoDraw = true
102.77282000001287	EXP	text_3: autoDraw = false
102.77282000001287	EXP	text_3: autoDraw = false
102.77282000001287	EXP	text_2: autoDraw = true
102.77282000001287	EXP	text_2: text = 0
102.78690000000643	EXP	text_2: text = 16
102.80424000002677	EXP	text_2: text = 33
102.82025500002783	EXP	text_2: text = 49
102.83705000003101	EXP	text_2: text = 66
102.85448500001803	EXP	text_2: text = 85
102.87050000001909	EXP	text_2: text = 97
102.88712999998825	EXP	text_2: text = 115
102.90396999998484	EXP	text_2: text = 132
102.9204449999961	EXP	text_2: text = 149
102.93728000001283	EXP	text_2: text = 166
102.95438499999	EXP	text_2: text = 183
102.97091999999247	EXP	text_2: text = 199
102.98686000000453	EXP	text_2: text = 214
103.00350500002969	EXP	text_2: text = 233
103.0203099999926	EXP	text_2: text = 248
103.03684000001522	EXP	text_2: text = 264
103.05355499999132	EXP	text_2: text = 282
103.06966500001727	EXP	text_2: text = 297
103.08730000001378	EXP	text_2: text = 316
103.10365000000456	EXP	text_2: text = 331
103.12026499997592	EXP	text_2: text = 347
103.13762500003213	EXP	text_2: text = 366
103.15314499998931	EXP	text_2: text = 383
103.17030499997782	EXP	text_2: text = 398
103.18693999998504	EXP	text_2: text = 415
103.20788499998162	EXP	text_2: text = 435
103.22553499997593	EXP	text_2: text = 457
103.23557999997865	EXP	text_2: text = 463
103.25226500001736	EXP	text_2: text = 482
103.26842999999644	EXP	text_2: text = 498
103.28533500002231	EXP	text_2: text = 515
103.3014850000036	EXP	text_2: text = 530
103.31832000002032	EXP	text_2: text = 547
103.3348700000206	EXP	text_2: text = 563
103.35175000003073	EXP	text_2: text = 581
103.36826499999734	EXP	text_2: text = 597
103.38524000003235	EXP	text_2: text = 615
103.40142000000924	EXP	text_2: text = 630
103.41854500002228	EXP	text_2: text = 648
103.43492999998853	EXP	text_2: text = 663
103.45123000000603	EXP	text_2: text = 680
103.46835999999894	EXP	text_2: text = 698
103.48518499999773	EXP	text_2: text = 715
103.50127000000793	EXP	text_2: text = 730
103.51846500003012	EXP	text_2: text = 748
103.53437499998836	EXP	text_2: text = 763
103.55176499998197	EXP	text_2: text = 782
103.56777500000317	EXP	text_2: text = 798
103.58513500000117	EXP	text_2: text = 815
103.60172999999486	EXP	text_2: text = 831
103.6182399999816	EXP	text_2: text = 848
103.63521500001661	EXP	text_2: text = 865
103.65107500000158	EXP	text_2: text = 880
103.6684949999908	EXP	text_2: text = 898
103.68533000000753	EXP	text_2: text = 915
103.7018200000166	EXP	text_2: text = 932
103.71844500000589	EXP	text_2: text = 948
103.73509000003105	EXP	text_2: text = 965
103.75098499999149	EXP	text_2: text = 981
103.76741999998922	EXP	text_2: text = 997
103.78462500002934	EXP	text_2: text = 1014
103.8013599999831	EXP	text_2: text = 1030
103.81825499999104	EXP	text_2: text = 1047
103.83475500001805	EXP	text_2: text = 1065
103.84233499999391	DATA	Keydown:  
103.85299500002293	EXP	text_2: text = 1082
103.85299500002293	EXP	text_2: autoDraw = false
103.85299500002293	EXP	Feedback: text = 1070
103.85299500002293	EXP	Feedback: autoDraw = true
104.85511000000406	EXP	Feedback: autoDraw = false
104.85511000000406	EXP	Feedback: autoDraw = false
104.85511000000406	EXP	text_3: autoDraw = true
110.60087500000373	EXP	text_3: autoDraw = false
110.60087500000373	EXP	text_3: autoDraw = false
110.60087500000373	EXP	text_2: autoDraw = true
110.60087500000373	EXP	text_2: text = 1
110.61440999998013	EXP	text_2: text = 17
110.63047500001267	EXP	text_2: text = 31
110.64775000000373	EXP	text_2: text = 50
110.663824999996	EXP	text_2: text = 64
110.68071500002407	EXP	text_2: text = 81
110.69740000000456	EXP	text_2: text = 99
110.71455999999307	EXP	text_2: text = 116
110.73085500003072	EXP	text_2: text = 131
110.74758999998448	EXP	text_2: text = 148
110.76416000002064	EXP	text_2: text = 167
110.78110999998171	EXP	text_2: text = 183
110.79720500000985	EXP	text_2: text = 197
110.81443999998737	EXP	text_2: text = 216
110.83059500000672	EXP	text_2: text = 231
110.84752499999013	EXP	text_2: text = 250
110.86491499998374	EXP	text_2: text = 266
110.88135500001954	EXP	text_2: text = 284
110.89696500002174	EXP	text_2: text = 298
110.9144700000179	EXP	text_2: text = 315
110.93117499997607	EXP	text_2: text = 333
110.94731000001775	EXP	text_2: text = 349
110.96548000001349	EXP	text_2: text = 368
110.98075500002597	EXP	text_2: text = 383
110.99719999998342	EXP	text_2: text = 400
111.01333500002511	EXP	text_2: text = 415
111.02975500002503	EXP	text_2: text = 431
111.04684999998426	EXP	text_2: text = 449
111.06300500000361	EXP	text_2: text = 465
111.08030000003055	EXP	text_2: text = 482
111.09681000001729	EXP	text_2: text = 499
111.10580000001937	DATA	Keydown:  
111.11483500001486	EXP	text_2: text = 516
111.11483500001486	EXP	text_2: autoDraw = false
111.11483500001486	EXP	Feedback: text = 505
111.11483500001486	EXP	Feedback: autoDraw = true
112.1125849999953	EXP	Feedback: autoDraw = false
112.1125849999953	EXP	Feedback: autoDraw = false
112.1125849999953	EXP	text_3: autoDraw = true
119.51106500002788	EXP	text_3: autoDraw = false
119.51106500002788	EXP	text_3: autoDraw = false
119.51106500002788	EXP	text_2: autoDraw = true
119.51106500002788	EXP	text_2: text = 0
119.52597000001697	EXP	text_2: text = 17
119.5420649999869	EXP	text_2: text = 30
119.55940500000725	EXP	text_2: text = 50
119.57487499999115	EXP	text_2: text = 66
119.592015000002	EXP	text_2: text = 81
119.60928000003332	EXP	text_2: text = 99
119.62559000001056	EXP	text_2: text = 116
119.64165000000503	EXP	text_2: text = 130
119.65911499998765	EXP	text_2: text = 149
119.67554000002565	EXP	text_2: text = 165
119.69232999999076	EXP	text_2: text = 182
119.70865500002401	EXP	text_2: text = 197
119.7261399999843	EXP	text_2: text = 216
119.74186000000918	EXP	text_2: text = 230
119.75907500000903	EXP	text_2: text = 249
119.77547500003129	EXP	text_2: text = 265
119.7918499999796	EXP	text_2: text = 281
119.80868000001647	EXP	text_2: text = 298
119.82592999999179	EXP	text_2: text = 316
119.84337000001688	EXP	text_2: text = 333
119.847145000007	DATA	Keydown:  
119.86138999997638	EXP	text_2: text = 350
119.86138999997638	EXP	text_2: autoDraw = false
119.86138999997638	EXP	Feedback: text = 336
119.86138999997638	EXP	Feedback: autoDraw = true
120.85951500001829	EXP	Feedback: autoDraw = false
120.85951500001829	EXP	Feedback: autoDraw = false
120.85951500001829	EXP	text_3: autoDraw = true
128.5239350000047	EXP	text_3: autoDraw = false
128.5239350000047	EXP	text_3: autoDraw = false
128.5239350000047	EXP	text_2: autoDraw = true
128.5239350000047	EXP	text_2: text = 0
128.5387650000048	EXP	text_2: text = 15
128.55556000000797	EXP	text_2: text = 32
128.5716249999823	EXP	text_2: text = 48
128.58798000001116	EXP	text_2: text = 65
128.60586499999044	EXP	text_2: text = 84
128.62229000002844	EXP	text_2: text = 100
128.6390450000181	EXP	text_2: text = 117
128.65528000000631	EXP	text_2: text = 132
128.6720750000095	EXP	text_2: text = 149
128.6890649999841	EXP	text_2: text = 167
128.7020800000173	EXP	text_2: text = 181
128.71884500002488	EXP	text_2: text = 198
128.73569000000134	EXP	text_2: text = 216
128.7525049999822	EXP	text_2: text = 233
128.7686649999814	EXP	text_2: text = 248
128.7856599999941	EXP	text_2: text = 266
128.80250500002876	EXP	text_2: text = 283
128.8190450000111	EXP	text_2: text = 298
128.83551000000443	EXP	text_2: text = 316
128.85342499997932	EXP	text_2: text = 334
128.86832499998854	EXP	text_2: text = 349
128.88546000001952	EXP	text_2: text = 364
128.90215999999782	EXP	text_2: text = 381
128.91947000002256	EXP	text_2: text = 399
128.9364700000151	EXP	text_2: text = 416
128.9390199999907	DATA	Keydown:  
128.95562000002246	EXP	text_2: text = 431
128.95562000002246	EXP	text_2: autoDraw = false
128.95562000002246	EXP	Feedback: text = 415
128.95562000002246	EXP	Feedback: autoDraw = true
129.95220499997959	EXP	Feedback: autoDraw = false
129.95220499997959	EXP	Feedback: autoDraw = false
129.95220499997959	EXP	text_3: autoDraw = true
135.03526500001317	EXP	text_3: autoDraw = false
135.03526500001317	EXP	text_3: autoDraw = false
135.03526500001317	EXP	text_2: autoDraw = true
135.03526500001317	EXP	text_2: text = 0
135.04927499999758	EXP	text_2: text = 15
135.06607499998063	EXP	text_2: text = 34
135.0830249999999	EXP	text_2: text = 50
135.09935000003316	EXP	text_2: text = 65
135.1159650000045	EXP	text_2: text = 82
135.1324199999799	EXP	text_2: text = 98
135.1489200000069	EXP	text_2: text = 115
135.16685500001768	EXP	text_2: text = 134
135.18254499998875	EXP	text_2: text = 148
135.19960500003072	EXP	text_2: text = 165
135.2158749999944	EXP	text_2: text = 181
135.2329449999961	EXP	text_2: text = 198
135.24983500002418	EXP	text_2: text = 216
135.26634500001092	EXP	text_2: text = 231
135.28328999999212	EXP	text_2: text = 250
135.29955499997595	EXP	text_2: text = 265
135.3163400000194	EXP	text_2: text = 283
135.33326500002295	EXP	text_2: text = 300
135.349589999998	EXP	text_2: text = 316
135.36623500002315	EXP	text_2: text = 333
135.38280999998096	EXP	text_2: text = 348
135.39882000000216	EXP	text_2: text = 364
135.41633500001626	EXP	text_2: text = 381
135.4326149999979	EXP	text_2: text = 399
135.45001000002958	EXP	text_2: text = 417
135.4663849999779	EXP	text_2: text = 432
135.46981500001857	DATA	Keydown:  
135.48568500002148	EXP	text_2: text = 449
135.48568500002148	EXP	text_2: autoDraw = false
135.48568500002148	EXP	Feedback: text = 435
135.48568500002148	EXP	Feedback: autoDraw = true
136.4816250000149	EXP	Feedback: autoDraw = false
136.4816250000149	EXP	Feedback: autoDraw = false
136.4816250000149	EXP	text_3: autoDraw = true
143.39608500001486	EXP	text_3: autoDraw = false
143.39608500001486	EXP	text_3: autoDraw = false
143.39608500001486	EXP	text_2: autoDraw = true
143.39608500001486	EXP	text_2: text = 0
143.4094899999909	EXP	text_2: text = 14
143.4273450000328	EXP	text_2: text = 33
143.4431549999863	EXP	text_2: text = 47
143.46013500000117	EXP	text_2: text = 65
143.4775999999838	EXP	text_2: text = 82
143.49380499997642	EXP	text_2: text = 99
143.51084000000264	EXP	text_2: text = 116
143.52711000002455	EXP	text_2: text = 132
143.54395999998087	EXP	text_2: text = 149
143.56004499999108	EXP	text_2: text = 164
143.5767249999917	EXP	text_2: text = 180
143.59390999999596	EXP	text_2: text = 199
143.61045500001637	EXP	text_2: text = 214
143.62663499999326	EXP	text_2: text = 230
143.64368999999715	EXP	text_2: text = 249
143.66070000000764	EXP	text_2: text = 266
143.67613500001607	EXP	text_2: text = 280
143.69414999999572	EXP	text_2: text = 299
143.71036999998614	EXP	text_2: text = 315
143.72710499999812	EXP	text_2: text = 331
143.7440400000196	EXP	text_2: text = 348
143.7609100000118	EXP	text_2: text = 365
143.77697000000626	EXP	text_2: text = 381
143.78092500002822	DATA	Keydown:  
143.79892999998992	EXP	text_2: text = 400
143.79892999998992	EXP	text_2: autoDraw = false
143.79892999998992	EXP	Feedback: text = 385
143.79892999998992	EXP	Feedback: autoDraw = true
144.79444000002695	EXP	Feedback: autoDraw = false
144.79444000002695	EXP	Feedback: autoDraw = false
144.79444000002695	EXP	text_3: autoDraw = true
152.59093000000576	EXP	text_3: autoDraw = false
152.59093000000576	EXP	text_3: autoDraw = false
152.59093000000576	EXP	text_2: autoDraw = true
152.59093000000576	EXP	text_2: text = 0
152.6050099999993	EXP	text_2: text = 14
152.62238499999512	EXP	text_2: text = 33
152.63728500000434	EXP	text_2: text = 46
152.6551750000217	EXP	text_2: text = 66
152.67103999998653	EXP	text_2: text = 82
152.6883149999776	EXP	text_2: text = 99
152.70457499998156	EXP	text_2: text = 115
152.72236499999417	EXP	text_2: text = 132
152.73741000000155	EXP	text_2: text = 146
152.75517499999842	EXP	text_2: text = 165
152.77117999998154	EXP	text_2: text = 180
152.78827999997884	EXP	text_2: text = 196
152.80413499998394	EXP	text_2: text = 213
152.82105000002775	EXP	text_2: text = 232
152.83894500002498	EXP	text_2: text = 249
152.8537350000115	EXP	text_2: text = 266
152.8695750000188	EXP	text_2: text = 281
152.88605500000995	EXP	text_2: text = 298
152.9019350000308	EXP	text_2: text = 313
152.91915000003064	EXP	text_2: text = 331
152.93567500001518	EXP	text_2: text = 348
152.9521250000107	EXP	text_2: text = 363
152.96878499997547	EXP	text_2: text = 380
152.98516999999993	EXP	text_2: text = 396
153.00231499999063	EXP	text_2: text = 413
153.01063000003342	DATA	Keydown:  
153.02136499999324	EXP	text_2: text = 432
153.02136499999324	EXP	text_2: autoDraw = false
153.02136499999324	EXP	Feedback: text = 420
153.02136499999324	EXP	Feedback: autoDraw = true
154.01941000000807	EXP	Feedback: autoDraw = false
154.01941000000807	EXP	Feedback: autoDraw = false
154.01941000000807	EXP	text_3: autoDraw = true
158.2689150000224	EXP	text_3: autoDraw = false
158.2689150000224	EXP	text_3: autoDraw = false
158.2689150000224	EXP	text_2: autoDraw = true
158.2689150000224	EXP	text_2: text = 0
158.28376999998	EXP	text_2: text = 17
158.3005000000121	EXP	text_2: text = 34
158.31728499999736	EXP	text_2: text = 50
158.33328000002075	EXP	text_2: text = 65
158.34977999998955	EXP	text_2: text = 82
158.36740500002634	EXP	text_2: text = 100
158.38365999999223	EXP	text_2: text = 115
158.40029999997932	EXP	text_2: text = 132
158.41823000001023	EXP	text_2: text = 151
158.4335350000183	EXP	text_2: text = 165
158.4509449999896	EXP	text_2: text = 183
158.4673499999917	EXP	text_2: text = 200
158.48392500000773	EXP	text_2: text = 217
158.5005850000307	EXP	text_2: text = 232
158.51718500000425	EXP	text_2: text = 249
158.53334999998333	EXP	text_2: text = 265
158.55132500000764	EXP	text_2: text = 285
158.5667399999802	EXP	text_2: text = 299
158.5838850000291	EXP	text_2: text = 317
158.60133500001393	EXP	text_2: text = 334
158.6169050000026	EXP	text_2: text = 349
158.63335999997798	EXP	text_2: text = 365
158.6505650000181	EXP	text_2: text = 383
158.66788999998244	EXP	text_2: text = 401
158.68317999999272	EXP	text_2: text = 415
158.70067500002915	EXP	text_2: text = 433
158.70692500000587	DATA	Keydown:  
158.72011500003282	EXP	text_2: text = 451
158.72011500003282	EXP	text_2: autoDraw = false
158.72011500003282	EXP	Feedback: text = 438
158.72011500003282	EXP	Feedback: autoDraw = true
159.71610999997938	EXP	Feedback: autoDraw = false
159.71610999997938	EXP	Feedback: autoDraw = false
159.71610999997938	EXP	text_3: autoDraw = true
162.38434500002768	EXP	text_3: autoDraw = false
162.38434500002768	EXP	text_3: autoDraw = false
162.38434500002768	EXP	text_2: autoDraw = true
162.38434500002768	EXP	text_2: text = 0
162.39811000000918	EXP	text_2: text = 15
162.41529500001343	EXP	text_2: text = 34
162.4316749999998	EXP	text_2: text = 49
162.44823500001803	EXP	text_2: text = 66
162.4650799999945	EXP	text_2: text = 83
162.48151000001235	EXP	text_2: text = 98
162.49765500001376	EXP	text_2: text = 115
162.5148250000202	EXP	text_2: text = 132
162.53106000000844	EXP	text_2: text = 148
162.5481199999922	EXP	text_2: text = 165
162.56394999998156	EXP	text_2: text = 181
162.58109500003047	EXP	text_2: text = 198
162.59804499999154	EXP	text_2: text = 215
162.61539500002982	EXP	text_2: text = 231
162.62995999999112	EXP	text_2: text = 249
162.64702000003308	EXP	text_2: text = 265
162.66389000002528	EXP	text_2: text = 282
162.68023499997798	EXP	text_2: text = 299
162.69708000001265	EXP	text_2: text = 316
162.71284500003094	EXP	text_2: text = 330
162.7296900000074	EXP	text_2: text = 347
162.74663000000874	EXP	text_2: text = 364
162.7630900000222	EXP	text_2: text = 380
162.78026000002865	EXP	text_2: text = 399
162.7966749999905	EXP	text_2: text = 415
162.80238499998813	DATA	Keydown:  
162.8159100000048	EXP	text_2: text = 432
162.8159100000048	EXP	text_2: autoDraw = false
162.8159100000048	EXP	Feedback: text = 418
162.8159100000048	EXP	Feedback: autoDraw = true
163.81471000000602	EXP	Feedback: autoDraw = false
163.81471000000602	EXP	Feedback: autoDraw = false
163.81471000000602	EXP	text_3: autoDraw = true
168.9262999999919	EXP	text_3: autoDraw = false
168.9262999999919	EXP	text_3: autoDraw = false
168.9262999999919	EXP	text_2: autoDraw = true
168.9262999999919	EXP	text_2: text = 0
168.94202000001678	EXP	text_2: text = 18
168.9580249999999	EXP	text_2: text = 32
168.9752350000199	EXP	text_2: text = 50
168.99165999999968	EXP	text_2: text = 66
169.0084950000164	EXP	text_2: text = 85
169.02526999998372	EXP	text_2: text = 101
169.04228500003228	EXP	text_2: text = 116
169.05859999998938	EXP	text_2: text = 134
169.07519499998307	EXP	text_2: text = 151
169.091614999983	EXP	text_2: text = 166
169.10891000000993	EXP	text_2: text = 184
169.12531999999192	EXP	text_2: text = 201
169.14164500002516	EXP	text_2: text = 216
169.15834500000346	EXP	text_2: text = 233
169.17472000000998	EXP	text_2: text = 249
169.1917249999824	EXP	text_2: text = 266
169.20867500000168	EXP	text_2: text = 284
169.22558999998728	EXP	text_2: text = 300
169.24187999998685	EXP	text_2: text = 317
169.250074999989	DATA	Keydown:  
169.2598950000247	EXP	text_2: text = 333
169.2598950000247	EXP	text_2: autoDraw = false
169.2598950000247	EXP	Feedback: text = 324
169.2598950000247	EXP	Feedback: autoDraw = true
170.26123499998357	EXP	Feedback: autoDraw = false
170.26123499998357	EXP	Feedback: autoDraw = false
170.26123499998357	EXP	text_3: autoDraw = true
176.68776499998057	EXP	text_3: autoDraw = false
176.68776499998057	EXP	text_3: autoDraw = false
176.68776499998057	EXP	text_2: autoDraw = true
176.68776499998057	EXP	text_2: text = 0
176.70277000003261	EXP	text_2: text = 14
176.7203299999819	EXP	text_2: text = 33
176.73649999999907	EXP	text_2: text = 49
176.7530750000151	EXP	text_2: text = 66
176.7698649999802	EXP	text_2: text = 82
176.78672500001267	EXP	text_2: text = 99
176.80300000001444	EXP	text_2: text = 115
176.8198599999887	EXP	text_2: text = 132
176.83639499999117	EXP	text_2: text = 149
176.85383999999613	EXP	text_2: text = 167
176.87028000003193	EXP	text_2: text = 184
176.88670999999158	EXP	text_2: text = 199
176.9033950000303	EXP	text_2: text = 216
176.91990500001702	EXP	text_2: text = 231
176.93669000000227	EXP	text_2: text = 249
176.95312999997986	EXP	text_2: text = 264
176.97000500001013	EXP	text_2: text = 283
176.98678999999538	EXP	text_2: text = 299
177.0030549999792	EXP	text_2: text = 314
177.02007500000764	EXP	text_2: text = 333
177.03739000001224	EXP	text_2: text = 350
177.0531750000082	EXP	text_2: text = 365
177.07028500002343	EXP	text_2: text = 383
177.08626000001095	EXP	text_2: text = 398
177.10256000002846	EXP	text_2: text = 414
177.10520500002895	DATA	Keydown:  
177.12179499998456	EXP	text_2: text = 432
177.12179499998456	EXP	text_2: autoDraw = false
177.12179499998456	EXP	Feedback: text = 418
177.12179499998456	EXP	Feedback: autoDraw = true
178.12147000001278	EXP	Feedback: autoDraw = false
178.12147000001278	EXP	Feedback: autoDraw = false
178.12147000001278	EXP	text_3: autoDraw = true
184.55195500003174	EXP	text_3: autoDraw = false
184.55195500003174	EXP	text_3: autoDraw = false
184.55195500003174	EXP	text_2: autoDraw = true
184.55195500003174	EXP	text_2: text = 0
184.56608499999857	EXP	text_2: text = 15
184.58217000000877	EXP	text_2: text = 30
184.59924499999033	EXP	text_2: text = 47
184.6159350000089	EXP	text_2: text = 65
184.6322350000264	EXP	text_2: text = 80
184.6495049999794	EXP	text_2: text = 97
184.66795000003185	EXP	text_2: text = 118
184.68199000001187	EXP	text_2: text = 132
184.69833500002278	EXP	text_2: text = 149
184.71448500000406	EXP	text_2: text = 164
184.73157499998342	EXP	text_2: text = 182
184.74784500000533	EXP	text_2: text = 197
184.76455500000156	EXP	text_2: text = 214
184.78166999999667	EXP	text_2: text = 232
184.79820499999914	EXP	text_2: text = 249
184.8150049999822	EXP	text_2: text = 266
184.83149499999126	EXP	text_2: text = 280
184.8482649999787	EXP	text_2: text = 297
184.864505000005	EXP	text_2: text = 315
184.88185000000522	EXP	text_2: text = 333
184.89829500002088	EXP	text_2: text = 349
184.91536500002258	EXP	text_2: text = 367
184.91959499998484	DATA	Keydown:  
184.93339500000002	EXP	text_2: text = 383
184.93339500000002	EXP	text_2: autoDraw = false
184.93339500000002	EXP	Feedback: text = 368
184.93339500000002	EXP	Feedback: autoDraw = true
185.93151999998372	EXP	Feedback: autoDraw = false
185.93151999998372	EXP	Feedback: autoDraw = false
185.93151999998372	EXP	text_3: autoDraw = true
193.89412499999162	EXP	text_3: autoDraw = false
193.89412499999162	EXP	text_3: autoDraw = false
193.89412499999162	EXP	text_2: autoDraw = true
193.89412499999162	EXP	text_2: text = 0
193.9111649999977	EXP	text_2: text = 18
193.92671000002883	EXP	text_2: text = 36
193.94323500001337	EXP	text_2: text = 51
193.95808499999112	EXP	text_2: text = 67
193.97542999999132	EXP	text_2: text = 84
193.99157499999274	EXP	text_2: text = 101
194.00886000000173	EXP	text_2: text = 115
194.025009999983	EXP	text_2: text = 132
194.04233999998542	EXP	text_2: text = 151
194.05877499998314	EXP	text_2: text = 167
194.07522499997867	EXP	text_2: text = 182
194.0920000000042	EXP	text_2: text = 199
194.10876999999164	EXP	text_2: text = 217
194.1252000000095	EXP	text_2: text = 232
194.14163500000723	EXP	text_2: text = 249
194.15851999999722	EXP	text_2: text = 267
194.1757150000194	EXP	text_2: text = 284
194.19222000002628	EXP	text_2: text = 300
194.20817499997793	EXP	text_2: text = 315
194.22565999999642	EXP	text_2: text = 334
194.2417049999931	EXP	text_2: text = 349
194.25865500001237	EXP	text_2: text = 365
194.2747499999823	EXP	text_2: text = 382
194.29253999999491	EXP	text_2: text = 401
194.30898000003072	EXP	text_2: text = 417
194.32520000002114	EXP	text_2: text = 433
194.3413699999801	EXP	text_2: text = 448
194.3588849999942	EXP	text_2: text = 467
194.37562499998603	EXP	text_2: text = 483
194.3914850000292	EXP	text_2: text = 499
194.40849000000162	EXP	text_2: text = 517
194.42472000000998	EXP	text_2: text = 532
194.44134999997914	EXP	text_2: text = 549
194.4588099999819	EXP	text_2: text = 567
194.4750950000016	EXP	text_2: text = 583
194.49119999998948	EXP	text_2: text = 598
194.5078799999901	EXP	text_2: text = 617
194.5251050000079	EXP	text_2: text = 633
194.54125499998918	EXP	text_2: text = 648
194.5585650000139	EXP	text_2: text = 667
194.57492500002263	EXP	text_2: text = 683
194.5919049999793	EXP	text_2: text = 700
194.60881000000518	EXP	text_2: text = 717
194.62473500001943	EXP	text_2: text = 732
194.6417149999761	EXP	text_2: text = 750
194.65827499999432	EXP	text_2: text = 766
194.6751299999887	EXP	text_2: text = 783
194.69190500001423	EXP	text_2: text = 800
194.70809500000905	EXP	text_2: text = 815
194.72535000002244	EXP	text_2: text = 833
194.74137499998324	EXP	text_2: text = 848
194.75826000003144	EXP	text_2: text = 865
194.77505499997642	EXP	text_2: text = 883
194.79184499999974	EXP	text_2: text = 900
194.80799499998102	EXP	text_2: text = 915
194.82490499998676	EXP	text_2: text = 934
194.84212500002468	EXP	text_2: text = 950
194.8582850000239	EXP	text_2: text = 965
194.86555500002578	DATA	Keydown:  
194.87758999998914	EXP	text_2: text = 985
194.87758999998914	EXP	text_2: autoDraw = false
194.87758999998914	EXP	Feedback: text = 972
194.87758999998914	EXP	Feedback: autoDraw = true
195.87705000001006	EXP	Feedback: autoDraw = false
195.87705000001006	EXP	Feedback: autoDraw = false
195.87705000001006	EXP	text_3: autoDraw = true
199.5076049999916	EXP	text_3: autoDraw = false
199.5076049999916	EXP	text_3: autoDraw = false
199.5076049999916	EXP	text_2: autoDraw = true
199.5076049999916	EXP	text_2: text = 0
199.52240999997593	EXP	text_2: text = 16
199.53925000003073	EXP	text_2: text = 33
199.5557549999794	EXP	text_2: text = 48
199.5720699999947	EXP	text_2: text = 64
199.5894800000242	EXP	text_2: text = 84
199.6051800000132	EXP	text_2: text = 98
199.6222200000193	EXP	text_2: text = 115
199.6391949999961	EXP	text_2: text = 132
199.65611999999965	EXP	text_2: text = 149
199.67220999998972	EXP	text_2: text = 165
199.68962999997893	EXP	text_2: text = 183
199.70558000000892	EXP	text_2: text = 198
199.72235499997623	EXP	text_2: text = 216
199.73937500000466	EXP	text_2: text = 233
199.75569000001997	EXP	text_2: text = 249
199.77185499999905	EXP	text_2: text = 264
199.78879999998026	EXP	text_2: text = 281
199.80600500002038	EXP	text_2: text = 299
199.82266000000527	EXP	text_2: text = 316
199.83887500001583	EXP	text_2: text = 331
199.8554400000139	EXP	text_2: text = 350
199.87219999998342	EXP	text_2: text = 364
199.8890600000159	EXP	text_2: text = 382
199.90525499999058	EXP	text_2: text = 397
199.9225650000153	EXP	text_2: text = 414
199.93917000002693	EXP	text_2: text = 433
199.95552499999758	EXP	text_2: text = 448
199.9726999999839	EXP	text_2: text = 466
199.9889700000058	EXP	text_2: text = 482
200.00547500001267	EXP	text_2: text = 497
200.02272000000812	EXP	text_2: text = 516
200.03929500002414	EXP	text_2: text = 532
200.05528999998933	EXP	text_2: text = 548
200.07235999999102	EXP	text_2: text = 566
200.0893700000015	EXP	text_2: text = 583
200.098479999986	DATA	Keydown:  
200.1078850000049	EXP	text_2: text = 600
200.1078850000049	EXP	text_2: autoDraw = false
200.1078850000049	EXP	Feedback: text = 591
200.1078850000049	EXP	Feedback: autoDraw = true
201.10517500003334	EXP	Feedback: autoDraw = false
201.10517500003334	EXP	Feedback: autoDraw = false
201.10517500003334	EXP	text_3: autoDraw = true
208.67033500003163	EXP	text_3: autoDraw = false
208.67033500003163	EXP	text_3: autoDraw = false
208.67033500003163	EXP	text_2: autoDraw = true
208.67033500003163	EXP	text_2: text = 0
208.68388000002597	EXP	text_2: text = 15
208.70047500001965	EXP	text_2: text = 31
208.71753999998327	EXP	text_2: text = 49
208.73385000001872	EXP	text_2: text = 64
208.75073000002885	EXP	text_2: text = 83
208.7668549999944	EXP	text_2: text = 98
208.78386999998474	EXP	text_2: text = 115
208.8007000000216	EXP	text_2: text = 130
208.81751999998232	EXP	text_2: text = 147
208.83447499998147	EXP	text_2: text = 166
208.85116000002017	EXP	text_2: text = 182
208.86718499998096	EXP	text_2: text = 198
208.8837250000215	EXP	text_2: text = 213
208.90169500000775	EXP	text_2: text = 232
208.9187399999937	EXP	text_2: text = 250
208.93466500000795	EXP	text_2: text = 266
208.95081000000937	EXP	text_2: text = 282
208.96711500000674	EXP	text_2: text = 297
208.98358000000007	EXP	text_2: text = 313
209.0010149999871	EXP	text_2: text = 332
209.01693500002148	EXP	text_2: text = 348
209.03399500000523	EXP	text_2: text = 365
209.0508099999861	EXP	text_2: text = 382
209.0665550000267	EXP	text_2: text = 396
209.07402000000002	DATA	Keydown:  
209.08730499999365	EXP	text_2: text = 414
209.08730499999365	EXP	text_2: autoDraw = false
209.08730499999365	EXP	Feedback: text = 404
209.08730499999365	EXP	Feedback: autoDraw = true
210.08322000002954	EXP	Feedback: autoDraw = false
210.08322000002954	EXP	Feedback: autoDraw = false
210.08322000002954	EXP	text_3: autoDraw = true
213.4672150000115	EXP	text_3: autoDraw = false
213.4672150000115	EXP	text_3: autoDraw = false
213.4672150000115	EXP	text_2: autoDraw = true
213.4672150000115	EXP	text_2: text = 0
213.48197000002256	EXP	text_2: text = 18
213.49841499998	EXP	text_2: text = 35
213.51496000000043	EXP	text_2: text = 52
213.53133500000695	EXP	text_2: text = 69
213.5474900000263	EXP	text_2: text = 83
213.5642649999936	EXP	text_2: text = 100
213.58192500000587	EXP	text_2: text = 118
213.59882499999367	EXP	text_2: text = 135
213.61421000002883	EXP	text_2: text = 149
213.63150999997742	EXP	text_2: text = 168
213.64834499999415	EXP	text_2: text = 185
213.66629999998258	EXP	text_2: text = 201
213.681985000032	EXP	text_2: text = 219
213.69770999997854	EXP	text_2: text = 236
213.71422500000335	EXP	text_2: text = 249
213.73204500001157	EXP	text_2: text = 268
213.74850500002503	EXP	text_2: text = 285
213.76547500002198	EXP	text_2: text = 302
213.7812949999934	EXP	text_2: text = 318
213.7980899999966	EXP	text_2: text = 335
213.81482999998843	EXP	text_2: text = 352
213.83056999999098	EXP	text_2: text = 366
213.8484349999926	EXP	text_2: text = 385
213.8655349999899	EXP	text_2: text = 404
213.87961499998346	EXP	text_2: text = 418
213.89568499999586	EXP	text_2: text = 434
213.90533999999752	DATA	Keydown:  
213.91314499999862	EXP	text_2: text = 449
213.91314499999862	EXP	text_2: autoDraw = false
213.91314499999862	EXP	Feedback: text = 438
213.91314499999862	EXP	Feedback: autoDraw = true
214.91347999998834	EXP	Feedback: autoDraw = false
214.91347999998834	EXP	Feedback: autoDraw = false
214.91347999998834	EXP	text_3: autoDraw = true
216.96159500000067	EXP	text_3: autoDraw = false
216.96159500000067	EXP	text_3: autoDraw = false
216.96159500000067	EXP	text_2: autoDraw = true
216.96159500000067	EXP	text_2: text = 0
216.97798999998486	EXP	text_2: text = 20
216.99433999997564	EXP	text_2: text = 35
217.01043000002392	EXP	text_2: text = 51
217.0275000000256	EXP	text_2: text = 68
217.04448500002036	EXP	text_2: text = 86
217.06075499998406	EXP	text_2: text = 101
217.0774799999781	EXP	text_2: text = 116
217.09427499998128	EXP	text_2: text = 135
217.11106000002474	EXP	text_2: text = 151
217.1273800000199	EXP	text_2: text = 166
217.14420999999857	EXP	text_2: text = 185
217.16098500002408	EXP	text_2: text = 201
217.17773499997566	EXP	text_2: text = 218
217.1942000000272	EXP	text_2: text = 234
217.21033999999054	EXP	text_2: text = 249
217.22783500002697	EXP	text_2: text = 267
217.24397499999031	EXP	text_2: text = 285
217.26089999999385	EXP	text_2: text = 303
217.27650999999605	EXP	text_2: text = 317
217.29275500000222	EXP	text_2: text = 333
217.30956000002334	EXP	text_2: text = 350
217.32699999999022	EXP	text_2: text = 368
217.34324000001652	EXP	text_2: text = 383
217.36042500002077	EXP	text_2: text = 401
217.37660499999765	EXP	text_2: text = 417
217.39289499999722	EXP	text_2: text = 434
217.39476499997545	DATA	Keydown:  
217.41048000002047	EXP	text_2: text = 449
217.41048000002047	EXP	text_2: autoDraw = false
217.41048000002047	EXP	Feedback: text = 433
217.41048000002047	EXP	Feedback: autoDraw = true
218.41188500000862	EXP	Feedback: autoDraw = false
218.41188500000862	EXP	Feedback: autoDraw = false
218.41188500000862	EXP	text_3: autoDraw = true
226.34042500000214	EXP	text_3: autoDraw = false
226.34042500000214	EXP	text_3: autoDraw = false
226.34042500000214	EXP	text_2: autoDraw = true
226.34042500000214	EXP	text_2: text = 0
226.35489499999676	EXP	text_2: text = 13
226.37540999997873	EXP	text_2: text = 37
226.3888450000086	EXP	text_2: text = 47
226.4043749999837	EXP	text_2: text = 66
226.42025000002468	EXP	text_2: text = 80
226.43701500003226	EXP	text_2: text = 98
226.45379499997944	EXP	text_2: text = 115
226.4705950000207	EXP	text_2: text = 131
226.4872650000034	EXP	text_2: text = 148
226.50363500003004	EXP	text_2: text = 163
226.5208800000255	EXP	text_2: text = 181
226.5364900000277	EXP	text_2: text = 196
226.5536950000096	EXP	text_2: text = 213
226.57085999997798	EXP	text_2: text = 231
226.58684499998344	EXP	text_2: text = 246
226.60385000001406	EXP	text_2: text = 263
226.6203600000008	EXP	text_2: text = 280
226.637630000012	EXP	text_2: text = 298
226.6538849999779	EXP	text_2: text = 314
226.6708000000217	EXP	text_2: text = 331
226.68736500001978	EXP	text_2: text = 349
226.69308499997715	DATA	Keydown:  
226.70510000002105	EXP	text_2: text = 366
226.70510000002105	EXP	text_2: autoDraw = false
226.70510000002105	EXP	Feedback: text = 353
226.70510000002105	EXP	Feedback: autoDraw = true
227.70481000002474	EXP	Feedback: autoDraw = false
227.70481000002474	EXP	Feedback: autoDraw = false
227.70481000002474	EXP	text_3: autoDraw = true
235.05123500002082	EXP	text_3: autoDraw = false
235.05123500002082	EXP	text_3: autoDraw = false
235.05123500002082	EXP	text_2: autoDraw = true
235.05123500002082	EXP	text_2: text = 0
235.06546000001254	EXP	text_2: text = 14
235.0829500000109	EXP	text_2: text = 33
235.0998649999965	EXP	text_2: text = 49
235.11601499997778	EXP	text_2: text = 66
235.13246500003152	EXP	text_2: text = 81
235.1497349999845	EXP	text_2: text = 99
235.1663299999782	EXP	text_2: text = 116
235.18233999999939	EXP	text_2: text = 133
235.19891999999527	EXP	text_2: text = 147
235.21656000002986	EXP	text_2: text = 167
235.23292500001844	EXP	text_2: text = 182
235.24974499997916	EXP	text_2: text = 199
235.26572500000475	EXP	text_2: text = 215
235.28220499999588	EXP	text_2: text = 231
235.299794999999	EXP	text_2: text = 249
235.3165100000333	EXP	text_2: text = 266
235.33240499999374	EXP	text_2: text = 283
235.34941500000423	EXP	text_2: text = 298
235.36595499998657	EXP	text_2: text = 315
235.3830650000018	EXP	text_2: text = 332
235.39920500002336	EXP	text_2: text = 348
235.4162500000093	EXP	text_2: text = 364
235.41913500003284	DATA	Keydown:  
235.43602000002284	EXP	text_2: text = 381
235.43602000002284	EXP	text_2: autoDraw = false
235.43602000002284	EXP	Feedback: text = 368
235.43602000002284	EXP	Feedback: autoDraw = true
236.43063000001712	EXP	Feedback: autoDraw = false
236.43063000001712	EXP	Feedback: autoDraw = false
236.43063000001712	EXP	text_3: autoDraw = true
240.61505000002217	EXP	text_3: autoDraw = false
240.61505000002217	EXP	text_3: autoDraw = false
240.61505000002217	EXP	text_2: autoDraw = true
240.61505000002217	EXP	text_2: text = 0
240.6299149999977	EXP	text_2: text = 18
240.64597499999218	EXP	text_2: text = 32
240.66295500000706	EXP	text_2: text = 50
240.67970500001684	EXP	text_2: text = 67
240.6965949999867	EXP	text_2: text = 84
240.71272499999031	EXP	text_2: text = 98
240.73025999998208	EXP	text_2: text = 118
240.74715499999002	EXP	text_2: text = 134
240.76342000003206	EXP	text_2: text = 150
240.7793599999859	EXP	text_2: text = 165
240.7966599999927	EXP	text_2: text = 183
240.81430999998702	EXP	text_2: text = 198
240.8301700000302	EXP	text_2: text = 216
240.8471150000114	EXP	text_2: text = 234
240.86331500002416	EXP	text_2: text = 248
240.8775650000316	EXP	text_2: text = 264
240.89422499999637	EXP	text_2: text = 281
240.91110999998637	EXP	text_2: text = 299
240.92780000000494	EXP	text_2: text = 315
240.94524999998976	EXP	text_2: text = 333
240.96167500002775	EXP	text_2: text = 349
240.9782150000101	EXP	text_2: text = 367
240.99481499998365	EXP	text_2: text = 383
241.01053000002867	EXP	text_2: text = 398
241.02815000002738	EXP	text_2: text = 416
241.04469000000972	EXP	text_2: text = 433
241.0619150000275	EXP	text_2: text = 448
241.07800999999745	EXP	text_2: text = 466
241.09447499999078	EXP	text_2: text = 482
241.11116000002949	EXP	text_2: text = 498
241.1129550000187	DATA	Keydown:  
241.1296699999948	EXP	text_2: text = 516
241.1296699999948	EXP	text_2: autoDraw = false
241.1296699999948	EXP	Feedback: text = 498
241.1296699999948	EXP	Feedback: autoDraw = true
242.12911500001792	EXP	Feedback: autoDraw = false
242.12911500001792	EXP	Feedback: autoDraw = false
242.12911500001792	EXP	text_3: autoDraw = true
249.99271500000032	EXP	text_3: autoDraw = false
249.99271500000032	EXP	text_3: autoDraw = false
249.99271500000032	EXP	text_2: autoDraw = true
249.99271500000032	EXP	text_2: text = 0
250.0060400000075	EXP	text_2: text = 15
250.02330000000075	EXP	text_2: text = 33
250.04029000003356	EXP	text_2: text = 50
250.05645500001265	EXP	text_2: text = 65
250.0733149999869	EXP	text_2: text = 83
250.09036500001093	EXP	text_2: text = 100
250.10746000002837	EXP	text_2: text = 117
250.12322499998845	EXP	text_2: text = 133
250.14010000001872	EXP	text_2: text = 150
250.15675999998348	EXP	text_2: text = 165
250.1743499999866	EXP	text_2: text = 184
250.19044500001473	EXP	text_2: text = 200
250.20750999997836	EXP	text_2: text = 217
250.22380999999586	EXP	text_2: text = 234
250.24074500001734	EXP	text_2: text = 250
250.2566349999979	EXP	text_2: text = 265
250.2737850000267	EXP	text_2: text = 284
250.2909150000196	EXP	text_2: text = 300
250.307060000021	EXP	text_2: text = 315
250.32293000002392	EXP	text_2: text = 331
250.3405100000091	EXP	text_2: text = 350
250.35648000001675	EXP	text_2: text = 365
250.3735549999983	EXP	text_2: text = 383
250.3907350000227	EXP	text_2: text = 400
250.40697000001092	EXP	text_2: text = 417
250.423209999979	EXP	text_2: text = 434
250.4406500000041	EXP	text_2: text = 450
250.44387999997707	DATA	Keydown:  
250.46006000001216	EXP	text_2: text = 467
250.46006000001216	EXP	text_2: autoDraw = false
250.46006000001216	EXP	Feedback: text = 451
250.46006000001216	EXP	Feedback: autoDraw = true
251.45744999998715	EXP	Feedback: autoDraw = false
251.45744999998715	EXP	Feedback: autoDraw = false
251.45744999998715	EXP	text_3: autoDraw = true
257.0544949999894	EXP	text_3: autoDraw = false
257.0544949999894	EXP	text_3: autoDraw = false
257.0544949999894	EXP	text_2: autoDraw = true
257.0544949999894	EXP	text_2: text = 0
257.06862500001444	EXP	text_2: text = 15
257.0845599999884	EXP	text_2: text = 30
257.10274499998195	EXP	text_2: text = 50
257.1190349999815	EXP	text_2: text = 66
257.13517999998294	EXP	text_2: text = 80
257.151285000029	EXP	text_2: text = 97
257.16870500001824	EXP	text_2: text = 115
257.18536000000313	EXP	text_2: text = 131
257.2024000000092	EXP	text_2: text = 148
257.2189350000117	EXP	text_2: text = 164
257.2365299999947	EXP	text_2: text = 183
257.252444999991	EXP	text_2: text = 199
257.26983000000473	EXP	text_2: text = 216
257.2860300000175	EXP	text_2: text = 233
257.30267499998445	EXP	text_2: text = 249
257.31911500002025	EXP	text_2: text = 266
257.33544500003336	EXP	text_2: text = 281
257.35146999999415	EXP	text_2: text = 297
257.3690049999859	EXP	text_2: text = 316
257.3846599999815	EXP	text_2: text = 330
257.40237000002526	EXP	text_2: text = 349
257.4188500000164	EXP	text_2: text = 364
257.4337550000055	EXP	text_2: text = 381
257.4500250000274	EXP	text_2: text = 397
257.4671850000159	EXP	text_2: text = 415
257.4836549999891	EXP	text_2: text = 430
257.5003349999897	EXP	text_2: text = 448
257.51835500000743	EXP	text_2: text = 466
257.5341350000235	EXP	text_2: text = 482
257.55048999999417	EXP	text_2: text = 499
257.5666300000157	EXP	text_2: text = 514
257.58303500001784	EXP	text_2: text = 530
257.59927499998594	EXP	text_2: text = 546
257.6013900000253	DATA	Keydown:  
257.6191000000108	EXP	text_2: text = 563
257.6191000000108	EXP	text_2: autoDraw = false
257.6191000000108	EXP	Feedback: text = 547
257.6191000000108	EXP	Feedback: autoDraw = true
258.61938500002725	EXP	Feedback: autoDraw = false
258.61938500002725	EXP	Feedback: autoDraw = false
258.61938500002725	EXP	text_3: autoDraw = true
266.682994999981	EXP	text_3: autoDraw = false
266.682994999981	EXP	text_3: autoDraw = false
266.682994999981	EXP	text_2: autoDraw = true
266.682994999981	EXP	text_2: text = 0
266.69640499999514	EXP	text_2: text = 16
266.711575000023	EXP	text_2: text = 31
266.72931500000414	EXP	text_2: text = 50
266.74513499997556	EXP	text_2: text = 64
266.7614949999843	EXP	text_2: text = 80
266.778879999998	EXP	text_2: text = 99
266.7952350000269	EXP	text_2: text = 115
266.81362999998964	EXP	text_2: text = 132
266.82838000002084	EXP	text_2: text = 149
266.8458199999877	EXP	text_2: text = 166
266.8633399999817	EXP	text_2: text = 183
266.8780249999836	EXP	text_2: text = 199
266.8941450000275	EXP	text_2: text = 214
266.9103650000179	EXP	text_2: text = 230
266.9276100000134	EXP	text_2: text = 248
266.94379500002833	EXP	text_2: text = 263
266.96061499998905	EXP	text_2: text = 280
266.9777549999999	EXP	text_2: text = 299
266.9938550000079	EXP	text_2: text = 314
267.0104450000217	EXP	text_2: text = 332
267.02741999999853	EXP	text_2: text = 347
267.0442950000288	EXP	text_2: text = 365
267.06043499999214	EXP	text_2: text = 380
267.07793500000844	EXP	text_2: text = 399
267.07988500001375	DATA	Keydown:  
267.09558500000276	EXP	text_2: text = 415
267.09558500000276	EXP	text_2: autoDraw = false
267.09558500000276	EXP	Feedback: text = 399
267.09558500000276	EXP	Feedback: autoDraw = true
268.0956199999782	EXP	Feedback: autoDraw = false
268.0956199999782	EXP	Feedback: autoDraw = false
268.0956199999782	EXP	text_3: autoDraw = true
273.42420000000857	EXP	text_3: autoDraw = false
273.42420000000857	EXP	text_3: autoDraw = false
273.42420000000857	EXP	text_2: autoDraw = true
273.42420000000857	EXP	text_2: text = 0
273.4395300000324	EXP	text_2: text = 16
273.4563799999887	EXP	text_2: text = 33
273.47264500003075	EXP	text_2: text = 48
273.48979000002146	EXP	text_2: text = 66
273.50587500003166	EXP	text_2: text = 81
273.52263999998104	EXP	text_2: text = 99
273.53960000001825	EXP	text_2: text = 115
273.5562149999896	EXP	text_2: text = 133
273.5721800000174	EXP	text_2: text = 148
273.5901399999857	EXP	text_2: text = 167
273.60615499998676	EXP	text_2: text = 182
273.6231549999793	EXP	text_2: text = 199
273.639915000007	EXP	text_2: text = 216
273.65607500000624	EXP	text_2: text = 231
273.6725699999952	EXP	text_2: text = 248
273.68937999999616	EXP	text_2: text = 265
273.7064399999799	EXP	text_2: text = 283
273.7223600000143	EXP	text_2: text = 298
273.7395399999805	EXP	text_2: text = 315
273.7562199999811	EXP	text_2: text = 333
273.77266999997664	EXP	text_2: text = 348
273.79022999998415	EXP	text_2: text = 367
273.806660000002	EXP	text_2: text = 381
273.8231950000045	EXP	text_2: text = 400
273.8401549999835	EXP	text_2: text = 417
273.8571799999918	EXP	text_2: text = 433
273.8725299999933	EXP	text_2: text = 448
273.88932499999646	EXP	text_2: text = 466
273.9053100000019	EXP	text_2: text = 481
273.9227550000069	EXP	text_2: text = 499
273.9390499999863	EXP	text_2: text = 514
273.9557950000162	EXP	text_2: text = 533
273.9727950000088	EXP	text_2: text = 549
273.98918000003323	EXP	text_2: text = 564
274.0056849999819	EXP	text_2: text = 581
274.0233550000121	EXP	text_2: text = 600
274.02504999999655	DATA	Keydown:  
274.041435000021	EXP	text_2: text = 617
274.041435000021	EXP	text_2: autoDraw = false
274.041435000021	EXP	Feedback: text = 601
274.041435000021	EXP	Feedback: autoDraw = true
275.0391899999813	EXP	Feedback: autoDraw = false
275.0391899999813	EXP	Feedback: autoDraw = false
275.0391899999813	EXP	text_3: autoDraw = true
277.3211199999787	EXP	text_3: autoDraw = false
277.3211199999787	EXP	text_3: autoDraw = false
277.3211199999787	EXP	text_2: autoDraw = true
277.3211199999787	EXP	text_2: text = 0
277.33690500003286	EXP	text_2: text = 17
277.35336000000825	EXP	text_2: text = 33
277.37033499998506	EXP	text_2: text = 51
277.3865050000022	EXP	text_2: text = 66
277.4032250000164	EXP	text_2: text = 83
277.42038000002503	EXP	text_2: text = 100
277.4367300000158	EXP	text_2: text = 116
277.4538450000109	EXP	text_2: text = 135
277.47046500002034	EXP	text_2: text = 151
277.48649999999907	EXP	text_2: text = 166
277.5035149999894	EXP	text_2: text = 183
277.5204149999772	EXP	text_2: text = 201
277.5383649999858	EXP	text_2: text = 217
277.5532799999928	EXP	text_2: text = 232
277.570550000004	EXP	text_2: text = 252
277.5868400000036	EXP	text_2: text = 266
277.6040899999789	EXP	text_2: text = 284
277.61984499997925	EXP	text_2: text = 300
277.6373250000179	EXP	text_2: text = 318
277.653180000023	EXP	text_2: text = 332
277.6655800000299	DATA	Keydown:  
277.6721649999963	EXP	text_2: text = 352
277.6721649999963	EXP	text_2: autoDraw = false
277.6721649999963	EXP	Feedback: text = 345
277.6721649999963	EXP	Feedback: autoDraw = true
278.6706600000034	EXP	Feedback: autoDraw = false
278.6706600000034	EXP	Feedback: autoDraw = false
278.6706600000034	EXP	text_3: autoDraw = true
281.98710000002757	EXP	text_3: autoDraw = false
281.98710000002757	EXP	text_3: autoDraw = false
281.98710000002757	EXP	text_2: autoDraw = true
281.98710000002757	EXP	text_2: text = 0
282.0016300000134	EXP	text_2: text = 18
282.0180849999888	EXP	text_2: text = 33
282.03626500000246	EXP	text_2: text = 52
282.0522699999856	EXP	text_2: text = 68
282.0680750000174	EXP	text_2: text = 83
282.0857149999938	EXP	text_2: text = 101
282.1033099999768	EXP	text_2: text = 118
282.1190700000152	EXP	text_2: text = 135
282.13528500002576	EXP	text_2: text = 150
282.1517500000191	EXP	text_2: text = 166
282.1687900000252	EXP	text_2: text = 183
282.1856850000331	EXP	text_2: text = 201
282.2030149999773	EXP	text_2: text = 218
282.21860500000184	EXP	text_2: text = 236
282.23571999999695	EXP	text_2: text = 251
282.2531000000308	EXP	text_2: text = 268
282.2689900000114	EXP	text_2: text = 283
282.2853400000022	EXP	text_2: text = 299
282.30238000000827	EXP	text_2: text = 318
282.3186950000236	EXP	text_2: text = 333
282.33492500003194	EXP	text_2: text = 350
282.35331500001485	EXP	text_2: text = 368
282.36908000003314	EXP	text_2: text = 384
282.386044999992	EXP	text_2: text = 402
282.3890900000115	DATA	Keydown:  
282.4052050000173	EXP	text_2: text = 418
282.4052050000173	EXP	text_2: autoDraw = false
282.4052050000173	EXP	Feedback: text = 402
282.4052050000173	EXP	Feedback: autoDraw = true
283.40140500001144	EXP	Feedback: autoDraw = false
283.40140500001144	EXP	Feedback: autoDraw = false
283.40140500001144	EXP	text_3: autoDraw = true
287.2839849999873	EXP	text_3: autoDraw = false
287.2839849999873	EXP	text_3: autoDraw = false
287.2839849999873	EXP	text_2: autoDraw = true
287.2839849999873	EXP	text_2: text = 0
287.29901999997674	EXP	text_2: text = 19
287.3157150000334	EXP	text_2: text = 34
287.33283500000834	EXP	text_2: text = 52
287.3484649999882	EXP	text_2: text = 67
287.36515999998664	EXP	text_2: text = 86
287.3827450000099	EXP	text_2: text = 102
287.39964999997756	EXP	text_2: text = 118
287.41729000001214	EXP	text_2: text = 136
287.4322750000283	EXP	text_2: text = 152
287.4493500000099	EXP	text_2: text = 167
287.464495000022	EXP	text_2: text = 184
287.48112499999115	EXP	text_2: text = 199
287.4985100000049	EXP	text_2: text = 216
287.51480000000447	EXP	text_2: text = 235
287.53081000002567	EXP	text_2: text = 250
287.54814500000793	EXP	text_2: text = 268
287.564309999987	EXP	text_2: text = 283
287.58095999999205	EXP	text_2: text = 301
287.59732499998063	EXP	text_2: text = 316
287.61463999998523	EXP	text_2: text = 335
287.6320399999968	EXP	text_2: text = 350
287.64782000001287	EXP	text_2: text = 368
287.66437000001315	EXP	text_2: text = 383
287.68074500001967	EXP	text_2: text = 400
287.69818499998655	EXP	text_2: text = 418
287.7138000000268	EXP	text_2: text = 433
287.71662500000093	DATA	Keydown:  
287.73303000000305	EXP	text_2: text = 451
287.73303000000305	EXP	text_2: autoDraw = false
287.73303000000305	EXP	Feedback: text = 433
287.73303000000305	EXP	Feedback: autoDraw = true
288.73191000003135	EXP	Feedback: autoDraw = false
288.73191000003135	EXP	Feedback: autoDraw = false
288.73191000003135	EXP	text_3: autoDraw = true
292.39773000002606	EXP	text_3: autoDraw = false
292.39773000002606	EXP	text_3: autoDraw = false
292.39773000002606	EXP	text_2: autoDraw = true
292.39773000002606	EXP	text_2: text = 0
292.4117850000039	EXP	text_2: text = 15
292.42852000001585	EXP	text_2: text = 32
292.44487000000663	EXP	text_2: text = 47
292.4620550000109	EXP	text_2: text = 65
292.4798150000279	EXP	text_2: text = 84
292.4964499999769	EXP	text_2: text = 100
292.51217499998165	EXP	text_2: text = 116
292.5277300000307	EXP	text_2: text = 133
292.54444000002695	EXP	text_2: text = 150
292.5606450000196	EXP	text_2: text = 165
292.5766200000071	EXP	text_2: text = 180
292.5936700000311	EXP	text_2: text = 200
292.610800000024	EXP	text_2: text = 216
292.62654500000644	EXP	text_2: text = 230
292.6436499999836	EXP	text_2: text = 248
292.659495000029	EXP	text_2: text = 263
292.6772099999944	EXP	text_2: text = 282
292.69362500001444	EXP	text_2: text = 297
292.7110949999769	EXP	text_2: text = 316
292.7277400000021	EXP	text_2: text = 334
292.746295000019	EXP	text_2: text = 349
292.7633550000028	EXP	text_2: text = 367
292.77705000003334	EXP	text_2: text = 383
292.78437499998836	DATA	Keydown:  
292.7952650000225	EXP	text_2: text = 399
292.7952650000225	EXP	text_2: autoDraw = false
292.7952650000225	EXP	Feedback: text = 387
292.7952650000225	EXP	Feedback: autoDraw = true
293.7973950000014	EXP	Feedback: autoDraw = false
293.7973950000014	EXP	Feedback: autoDraw = false
293.7973950000014	EXP	text_3: autoDraw = true
298.0936600000132	EXP	text_3: autoDraw = false
298.0936600000132	EXP	text_3: autoDraw = false
298.0936600000132	EXP	text_2: autoDraw = true
298.0936600000132	EXP	text_2: text = 0
298.108899999992	EXP	text_2: text = 19
298.12481000000844	EXP	text_2: text = 33
298.14156999997795	EXP	text_2: text = 50
298.15898000000743	EXP	text_2: text = 70
298.17483500001254	EXP	text_2: text = 83
298.1916450000135	EXP	text_2: text = 101
298.20895499998005	EXP	text_2: text = 119
298.2248649999965	EXP	text_2: text = 133
298.2422900000238	EXP	text_2: text = 152
298.2588799999794	EXP	text_2: text = 168
298.2753950000042	EXP	text_2: text = 185
298.2900050000171	EXP	text_2: text = 200
298.3070900000166	EXP	text_2: text = 218
298.3233800000162	EXP	text_2: text = 233
298.3403999999864	EXP	text_2: text = 252
298.35817000002135	EXP	text_2: text = 266
298.37341000000015	EXP	text_2: text = 284
298.38975500001106	EXP	text_2: text = 299
298.40772999997716	EXP	text_2: text = 316
298.42523500003153	EXP	text_2: text = 334
298.44145500002196	EXP	text_2: text = 349
298.45832500001416	EXP	text_2: text = 368
298.4749549999833	EXP	text_2: text = 383
298.4912999999942	EXP	text_2: text = 401
298.50907500000903	EXP	text_2: text = 418
298.52476000000024	EXP	text_2: text = 434
298.54527000000235	EXP	text_2: text = 455
298.56006500002695	EXP	text_2: text = 472
298.57366500003263	EXP	text_2: text = 486
298.5893400000059	EXP	text_2: text = 501
298.6061150000314	EXP	text_2: text = 516
298.6091899999883	DATA	Keydown:  
298.62402500002645	EXP	text_2: text = 534
298.62402500002645	EXP	text_2: autoDraw = false
298.62402500002645	EXP	Feedback: text = 516
298.62402500002645	EXP	Feedback: autoDraw = true
299.6250500000315	EXP	Feedback: autoDraw = false
299.6250500000315	EXP	Feedback: autoDraw = false
299.6250500000315	EXP	text_3: autoDraw = true
304.9227650000248	EXP	text_3: autoDraw = false
304.9227650000248	EXP	text_3: autoDraw = false
304.9227650000248	EXP	text_2: autoDraw = true
304.9227650000248	EXP	text_2: text = 0
304.93774999998277	EXP	text_2: text = 18
304.95418000000063	EXP	text_2: text = 34
304.971034999995	EXP	text_2: text = 51
304.9867300000042	EXP	text_2: text = 65
305.00341499998467	EXP	text_2: text = 84
305.020130000019	EXP	text_2: text = 99
305.03710999997566	EXP	text_2: text = 117
305.05425500002457	EXP	text_2: text = 133
305.07063500001095	EXP	text_2: text = 150
305.08636499999557	EXP	text_2: text = 165
305.1041350000305	EXP	text_2: text = 184
305.12083000002895	EXP	text_2: text = 200
305.13730000000214	EXP	text_2: text = 217
305.1539900000207	EXP	text_2: text = 234
305.1704749999917	EXP	text_2: text = 248
305.18729000003077	EXP	text_2: text = 267
305.204310000001	EXP	text_2: text = 283
305.22087999997893	EXP	text_2: text = 300
305.23762500000885	EXP	text_2: text = 317
305.25415500003146	EXP	text_2: text = 334
305.27017999999225	EXP	text_2: text = 348
305.2864449999761	EXP	text_2: text = 365
305.3035600000294	EXP	text_2: text = 383
305.31735000002664	DATA	Keydown:  
305.33206500002416	EXP	text_2: text = 405
305.33206500002416	EXP	text_2: autoDraw = false
305.33206500002416	EXP	Feedback: text = 395
305.33206500002416	EXP	Feedback: autoDraw = true
306.32146499998635	EXP	Feedback: autoDraw = false
306.32146499998635	EXP	Feedback: autoDraw = false
306.32146499998635	EXP	text_3: autoDraw = true
314.4819499999867	EXP	text_3: autoDraw = false
314.4819499999867	EXP	text_3: autoDraw = false
314.4819499999867	EXP	text_2: autoDraw = true
314.4819499999867	EXP	text_2: text = 0
314.49786000000313	EXP	text_2: text = 19
314.5141500000027	EXP	text_2: text = 35
314.53100999997696	EXP	text_2: text = 52
314.5473399999901	EXP	text_2: text = 67
314.564469999983	EXP	text_2: text = 85
314.5802799999947	EXP	text_2: text = 100
314.5976999999839	EXP	text_2: text = 117
314.61426499998197	EXP	text_2: text = 135
314.63060000003316	EXP	text_2: text = 150
314.64720499998657	EXP	text_2: text = 168
314.6645300000091	EXP	text_2: text = 184
314.6806450000149	EXP	text_2: text = 200
314.69810999999754	EXP	text_2: text = 219
314.7139900000184	EXP	text_2: text = 234
314.7316550000105	EXP	text_2: text = 253
314.7480349999969	EXP	text_2: text = 269
314.7644750000327	EXP	text_2: text = 285
314.78041000000667	EXP	text_2: text = 300
314.7974299999769	EXP	text_2: text = 319
314.81458000000566	EXP	text_2: text = 335
314.83172999997623	EXP	text_2: text = 353
314.84586499998113	EXP	text_2: text = 367
314.86325500003295	EXP	text_2: text = 385
314.8793949999963	EXP	text_2: text = 401
314.8814499999862	DATA	Keydown:  
314.89759499998763	EXP	text_2: text = 417
314.89759499998763	EXP	text_2: autoDraw = false
314.89759499998763	EXP	Feedback: text = 400
314.89759499998763	EXP	Feedback: autoDraw = true
315.8970800000243	EXP	Feedback: autoDraw = false
315.8970800000243	EXP	Feedback: autoDraw = false
315.8970800000243	EXP	text_3: autoDraw = true
323.9080899999826	EXP	text_3: autoDraw = false
323.9080899999826	EXP	text_3: autoDraw = false
323.9080899999826	EXP	text_2: autoDraw = true
323.9080899999826	EXP	text_2: text = 0
323.9239449999877	EXP	text_2: text = 19
323.94064500002423	EXP	text_2: text = 36
323.95662000001175	EXP	text_2: text = 50
323.97378000000026	EXP	text_2: text = 69
323.9906600000104	EXP	text_2: text = 86
324.0075150000048	EXP	text_2: text = 103
324.0240249999915	EXP	text_2: text = 119
324.0407000000123	EXP	text_2: text = 136
324.0575250000111	EXP	text_2: text = 152
324.0737000000081	EXP	text_2: text = 169
324.0910600000061	EXP	text_2: text = 185
324.1072050000075	EXP	text_2: text = 202
324.1236299999873	EXP	text_2: text = 217
324.1406100000022	EXP	text_2: text = 235
324.15769999998156	EXP	text_2: text = 253
324.1737950000097	EXP	text_2: text = 269
324.1907399999909	EXP	text_2: text = 285
324.20943500002613	EXP	text_2: text = 305
324.22338500001933	EXP	text_2: text = 317
324.24074500001734	EXP	text_2: text = 335
324.2569450000301	EXP	text_2: text = 352
324.27493000001414	EXP	text_2: text = 367
324.29107500001555	EXP	text_2: text = 386
324.293479999993	DATA	Keydown:  
324.3090599999996	EXP	text_2: text = 400
324.3090599999996	EXP	text_2: autoDraw = false
324.3090599999996	EXP	Feedback: text = 386
324.3090599999996	EXP	Feedback: autoDraw = true
325.36061000003247	EXP	Feedback: autoDraw = false
325.36061000003247	EXP	Feedback: autoDraw = false
325.36061000003247	EXP	End_text: autoDraw = true
337.41678000002867	DATA	Keydown:  
