0.07910500000070897	EXP	Created Window = Window( name=Window, fullscr=true, color=#000000, units=height, waitBlanking=true, autoLog=true, size=[958,959] )
5.6298900000001595	DATA	Keydown: undefined
6.9266050000005635	EXP	Created text = TextStim( name=text, win=Window( name=Window, fullscr=true, color=#000000, ~), autoDraw=null, autoLog=true, units=height, ori=null, opacity=1, pos=[0,0], size=undefined, text=INSTRUCTIONS [EN]


A counter will appear and star~, font=Arial, color=#FFFFFF, contrast=1, height=0.03, bold=null, italic=null, alignHoriz=left, alignVert=center, wrapWidth=1, flipHoriz=null, flipVert=null )
6.930594999997993	EXP	Created text_3 = TextStim( name=text_3, win=Window( name=Window, fullscr=true, color=#000000, ~), autoDraw=null, autoLog=true, units=height, ori=null, opacity=1, pos=[0,0], size=undefined, text=null, font=Arial, color=#FFFFFF, contrast=1, height=0.1, bold=null, italic=null, alignHoriz=left, alignVert=center, wrapWidth=1, flipHoriz=null, flipVert=null )
6.932749999999942	EXP	Created text_2 = TextStim( name=text_2, win=Window( name=Window, fullscr=true, color=#000000, ~), autoDraw=null, autoLog=true, units=height, ori=null, opacity=1, pos=[0,0], size=undefined, text=default text, font=Arial, color=#ff0000, contrast=1, height=0.15, bold=null, italic=null, alignHoriz=left, alignVert=center, wrapWidth=1, flipHoriz=null, flipVert=null )
6.9392750000006345	EXP	Created Feedback = TextStim( name=Feedback, win=Window( name=Window, fullscr=true, color=#000000, ~), autoDraw=null, autoLog=true, units=height, ori=null, opacity=1, pos=[0,0], size=undefined, text=default text, font=Arial, color=#ff0000, contrast=1, height=0.15, bold=null, italic=null, alignHoriz=left, alignVert=center, wrapWidth=1, flipHoriz=null, flipVert=null )
6.939814999997907	EXP	Created End_text = TextStim( name=End_text, win=Window( name=Window, fullscr=true, color=#000000, ~), autoDraw=null, autoLog=true, units=height, ori=null, opacity=1, pos=[0,0], size=undefined, text=This study aimed to look at procedural learning, i~, font=Arial, color=#FFFFFF, contrast=1, height=0.025, bold=null, italic=null, alignHoriz=left, alignVert=center, wrapWidth=1, flipHoriz=null, flipVert=null )
6.962384999998903	EXP	text: units = "height"
6.962384999998903	EXP	text: ori = 0
6.962384999998903	EXP	text: opacity = 1
6.962384999998903	EXP	text: pos = [0,0]
6.962384999998903	EXP	text: size = undefined
6.962384999998903	EXP	text: text = "INSTRUCTIONS [EN]\n\n\nA counter will appear and start counting at random times, press SPACE as fast as possible when it appears.\n\n\nPress SPACE to start\n\n-------\n\nInstruções [PT]\n\n\nUm cronómetro vai aparecer e começar a contar aleatoriamente, pressione a tecla SPACE assim que ele aparecer.\n\n\nPressiona SPACE para começar."
6.962384999998903	EXP	text: font = "Arial"
6.962384999998903	EXP	text: color = {"_hex":"#FFFFFF","_rgb":[1,1,1]}
6.962384999998903	EXP	text: contrast = 1
6.962384999998903	EXP	text: height = 0.03
6.962384999998903	EXP	text: bold = false
6.962384999998903	EXP	text: italic = false
6.962384999998903	EXP	text: alignHoriz = "left"
6.962384999998903	EXP	text: alignVert = "center"
6.962384999998903	EXP	text: wrapWidth = 1
6.962384999998903	EXP	text: flipHoriz = false
6.962384999998903	EXP	text: flipVert = false
6.962384999998903	EXP	text_3: units = "height"
6.962384999998903	EXP	text_3: ori = 0
6.962384999998903	EXP	text_3: opacity = 1
6.962384999998903	EXP	text_3: pos = [0,0]
6.962384999998903	EXP	text_3: size = undefined
6.962384999998903	EXP	text_3: text = ""
6.962384999998903	EXP	text_3: font = "Arial"
6.962384999998903	EXP	text_3: color = {"_hex":"#FFFFFF","_rgb":[1,1,1]}
6.962384999998903	EXP	text_3: contrast = 1
6.962384999998903	EXP	text_3: height = 0.1
6.962384999998903	EXP	text_3: bold = false
6.962384999998903	EXP	text_3: italic = false
6.962384999998903	EXP	text_3: alignHoriz = "left"
6.962384999998903	EXP	text_3: alignVert = "center"
6.962384999998903	EXP	text_3: wrapWidth = 1
6.962384999998903	EXP	text_3: flipHoriz = false
6.962384999998903	EXP	text_3: flipVert = false
6.962384999998903	EXP	text_2: units = "height"
6.962384999998903	EXP	text_2: ori = 0
6.962384999998903	EXP	text_2: opacity = 1
6.962384999998903	EXP	text_2: pos = [0,0]
6.962384999998903	EXP	text_2: size = undefined
6.962384999998903	EXP	text_2: text = "default text"
6.962384999998903	EXP	text_2: font = "Arial"
6.962384999998903	EXP	text_2: color = {"_rgb":[1,0,0]}
6.962384999998903	EXP	text_2: contrast = 1
6.962384999998903	EXP	text_2: height = 0.15
6.962384999998903	EXP	text_2: bold = false
6.962384999998903	EXP	text_2: italic = false
6.962384999998903	EXP	text_2: alignHoriz = "left"
6.962384999998903	EXP	text_2: alignVert = "center"
6.962384999998903	EXP	text_2: wrapWidth = 1
6.962384999998903	EXP	text_2: flipHoriz = false
6.962384999998903	EXP	text_2: flipVert = false
6.962384999998903	EXP	Feedback: units = "height"
6.962384999998903	EXP	Feedback: ori = 0
6.962384999998903	EXP	Feedback: opacity = 1
6.962384999998903	EXP	Feedback: pos = [0,0]
6.962384999998903	EXP	Feedback: size = undefined
6.962384999998903	EXP	Feedback: text = "default text"
6.962384999998903	EXP	Feedback: font = "Arial"
6.962384999998903	EXP	Feedback: color = {"_rgb":[1,0,0]}
6.962384999998903	EXP	Feedback: contrast = 1
6.962384999998903	EXP	Feedback: height = 0.15
6.962384999998903	EXP	Feedback: bold = false
6.962384999998903	EXP	Feedback: italic = false
6.962384999998903	EXP	Feedback: alignHoriz = "left"
6.962384999998903	EXP	Feedback: alignVert = "center"
6.962384999998903	EXP	Feedback: wrapWidth = 1
6.962384999998903	EXP	Feedback: flipHoriz = false
6.962384999998903	EXP	Feedback: flipVert = false
6.962384999998903	EXP	End_text: units = "height"
6.962384999998903	EXP	End_text: ori = 0
6.962384999998903	EXP	End_text: opacity = 1
6.962384999998903	EXP	End_text: pos = [0,0]
6.962384999998903	EXP	End_text: size = undefined
6.962384999998903	EXP	End_text: text = "This study aimed to look at procedural learning, i.e. our ability to extract patterns from the input that we are constantly receiving. This skill is thought to be essential for language and literacy acquisition and has been suggested as a possible underlying difficult in children with Language Impairments and Dyslexia. This study aims to improve the measures of procedural learning (the smiley face task) so that we can measure procedural learning more reliably and, in the future, analyse the performance of individuals with learning impairments.\nThank you for participating!\n\n----\n\nEste estudo tem como objectivo analisar a nossa capacidade de extrair padrões da informação que estamos constantemente a receber. Pensa-se que esta competência é essencial para a aquisição da linguagem e literacia e foi sugerido que dificuldades neste tipo de competências poderá estar relacionado com perturbações da linguagem e Dislexia. Este estudo tem como objectivo melhorar a estabilidade das medidas usadas para medir este tipo de memória (a tarefa da cara sorridente) de forma a poder medir de forma mais precisa e, no futuro, analisar a performance de indivíduos com perturbações da aprendizagem. \nMuito obrigada por ter participado!"
6.962384999998903	EXP	End_text: font = "Arial"
6.962384999998903	EXP	End_text: color = {"_hex":"#FFFFFF","_rgb":[1,1,1]}
6.962384999998903	EXP	End_text: contrast = 1
6.962384999998903	EXP	End_text: height = 0.025
6.962384999998903	EXP	End_text: bold = false
6.962384999998903	EXP	End_text: italic = false
6.962384999998903	EXP	End_text: alignHoriz = "left"
6.962384999998903	EXP	End_text: alignVert = "center"
6.962384999998903	EXP	End_text: wrapWidth = 1
6.962384999998903	EXP	End_text: flipHoriz = false
6.962384999998903	EXP	End_text: flipVert = false
6.962384999998903	EXP	text: autoDraw = true
11.89826499999981	DATA	Keydown:  
11.932519999998476	EXP	text: autoDraw = false
11.932519999998476	EXP	text_3: autoDraw = true
14.716844999999012	EXP	text_3: autoDraw = false
14.716844999999012	EXP	text_3: autoDraw = false
14.716844999999012	EXP	text_2: autoDraw = true
14.716844999999012	EXP	text_2: text = 1
14.722164999999222	EXP	text_2: text = 83
14.737245000000257	EXP	text_2: text = 98
14.754014999998617	EXP	text_2: text = 115
14.770809999998164	EXP	text_2: text = 132
14.787359999998444	EXP	text_2: text = 148
14.805294999998296	EXP	text_2: text = 166
14.820934999999736	EXP	text_2: text = 182
14.838644999999815	EXP	text_2: text = 199
14.855335000000196	EXP	text_2: text = 215
14.871624999999767	EXP	text_2: text = 232
14.888599999998405	EXP	text_2: text = 249
14.905589999998483	EXP	text_2: text = 265
14.921494999998686	EXP	text_2: text = 282
14.938395000001037	EXP	text_2: text = 299
14.95397999999841	EXP	text_2: text = 315
14.970629999999801	EXP	text_2: text = 332
14.987984999999753	EXP	text_2: text = 349
15.004559999997582	EXP	text_2: text = 365
15.007649999999558	DATA	Keydown:  
15.02262999999948	EXP	text_2: text = 382
15.02262999999948	EXP	text_2: autoDraw = false
15.02262999999948	EXP	Feedback: text = 291
15.02262999999948	EXP	Feedback: autoDraw = true
16.02798999999868	EXP	Feedback: autoDraw = false
16.02798999999868	EXP	Feedback: autoDraw = false
16.02798999999868	EXP	text_3: autoDraw = true
18.57606500000111	EXP	text_3: autoDraw = false
18.57606500000111	EXP	text_3: autoDraw = false
18.57606500000111	EXP	text_2: autoDraw = true
18.57606500000111	EXP	text_2: text = 0
18.590149999999994	EXP	text_2: text = 16
18.606674999999086	EXP	text_2: text = 33
18.62349499999982	EXP	text_2: text = 50
18.64033500000005	EXP	text_2: text = 66
18.656784999999218	EXP	text_2: text = 83
18.673384999998234	EXP	text_2: text = 100
18.689370000000054	EXP	text_2: text = 116
18.706985000000714	EXP	text_2: text = 133
18.723939999999857	EXP	text_2: text = 150
18.738509999999224	EXP	text_2: text = 166
18.75472499999887	EXP	text_2: text = 183
18.773600000000442	EXP	text_2: text = 200
18.790294999998878	EXP	text_2: text = 216
18.80665500000032	EXP	text_2: text = 233
18.82360499999777	EXP	text_2: text = 250
18.82700499999919	DATA	Keydown:  
18.846549999998388	EXP	text_2: text = 270
18.846549999998388	EXP	text_2: autoDraw = false
18.846549999998388	EXP	Feedback: text = 251
18.846549999998388	EXP	Feedback: autoDraw = true
19.841324999997596	EXP	Feedback: autoDraw = false
19.841324999997596	EXP	Feedback: autoDraw = false
19.841324999997596	EXP	text_3: autoDraw = true
25.492504999998346	EXP	text_3: autoDraw = false
25.492504999998346	EXP	text_3: autoDraw = false
25.492504999998346	EXP	text_2: autoDraw = true
25.492504999998346	EXP	text_2: text = 0
25.505105000000185	EXP	text_2: text = 17
25.521334999997634	EXP	text_2: text = 33
25.538489999999	EXP	text_2: text = 50
25.55505500000072	EXP	text_2: text = 67
25.571915000000445	EXP	text_2: text = 83
25.588564999998198	EXP	text_2: text = 100
25.605690000000322	EXP	text_2: text = 117
25.621784999999363	EXP	text_2: text = 133
25.638319999998203	EXP	text_2: text = 150
25.65541999999914	EXP	text_2: text = 167
25.67189999999755	EXP	text_2: text = 183
25.688405000000785	EXP	text_2: text = 200
25.70509999999922	EXP	text_2: text = 217
25.72168999999849	EXP	text_2: text = 233
25.7287499999984	DATA	Keydown:  
25.739835000000312	EXP	text_2: text = 250
25.739835000000312	EXP	text_2: autoDraw = false
25.739835000000312	EXP	Feedback: text = 236
25.739835000000312	EXP	Feedback: autoDraw = true
26.740849999998318	EXP	Feedback: autoDraw = false
26.740849999998318	EXP	Feedback: autoDraw = false
26.740849999998318	EXP	text_3: autoDraw = true
29.50862000000052	EXP	text_3: autoDraw = false
29.50862000000052	EXP	text_3: autoDraw = false
29.50862000000052	EXP	text_2: autoDraw = true
29.50862000000052	EXP	text_2: text = 0
29.523549999998068	EXP	text_2: text = 16
29.5397750000011	EXP	text_2: text = 33
29.556300000000192	EXP	text_2: text = 50
29.573355000000447	EXP	text_2: text = 66
29.589775000000373	EXP	text_2: text = 83
29.6064750000005	EXP	text_2: text = 100
29.623325000000477	EXP	text_2: text = 116
29.640299999999115	EXP	text_2: text = 133
29.656285000000935	EXP	text_2: text = 150
29.673329999997804	EXP	text_2: text = 166
29.68936499999836	EXP	text_2: text = 183
29.70641500000056	EXP	text_2: text = 200
29.723614999998972	EXP	text_2: text = 217
29.739119999998366	EXP	text_2: text = 233
29.75483499999973	EXP	text_2: text = 249
29.772965000000113	EXP	text_2: text = 267
29.77734000000055	DATA	Keydown:  
29.79278499999782	EXP	text_2: text = 283
29.79278499999782	EXP	text_2: autoDraw = false
29.79278499999782	EXP	Feedback: text = 269
29.79278499999782	EXP	Feedback: autoDraw = true
30.79064500000095	EXP	Feedback: autoDraw = false
30.79064500000095	EXP	Feedback: autoDraw = false
30.79064500000095	EXP	text_3: autoDraw = true
36.69237499999872	EXP	text_3: autoDraw = false
36.69237499999872	EXP	text_3: autoDraw = false
36.69237499999872	EXP	text_2: autoDraw = true
36.69237499999872	EXP	text_2: text = 0
36.706395000001066	EXP	text_2: text = 17
36.72280499999761	EXP	text_2: text = 33
36.73961000000054	EXP	text_2: text = 50
36.75631499999872	EXP	text_2: text = 67
36.77287499999875	EXP	text_2: text = 83
36.78961999999956	EXP	text_2: text = 100
36.8070149999985	EXP	text_2: text = 117
36.82297000000108	EXP	text_2: text = 133
36.83957499999815	EXP	text_2: text = 150
36.85630499999752	EXP	text_2: text = 166
36.87314999999944	EXP	text_2: text = 183
36.889564999997674	EXP	text_2: text = 200
36.90641999999934	EXP	text_2: text = 217
36.923149999998714	EXP	text_2: text = 233
36.94037000000026	EXP	text_2: text = 250
36.956709999998566	EXP	text_2: text = 267
36.96216500000082	DATA	Keydown:  
36.97966499999893	EXP	text_2: text = 287
36.97966499999893	EXP	text_2: autoDraw = false
36.97966499999893	EXP	Feedback: text = 270
36.97966499999893	EXP	Feedback: autoDraw = true
37.97353500000099	EXP	Feedback: autoDraw = false
37.97353500000099	EXP	Feedback: autoDraw = false
37.97353500000099	EXP	text_3: autoDraw = true
47.62635500000033	EXP	text_3: autoDraw = false
47.62635500000033	EXP	text_3: autoDraw = false
47.62635500000033	EXP	text_2: autoDraw = true
47.62635500000033	EXP	text_2: text = 0
47.63938499999858	EXP	text_2: text = 17
47.65596000000005	EXP	text_2: text = 33
47.67239999999947	EXP	text_2: text = 50
47.68948499999897	EXP	text_2: text = 66
47.70583500000066	EXP	text_2: text = 83
47.7223699999995	EXP	text_2: text = 100
47.73935999999958	EXP	text_2: text = 117
47.75589000000036	EXP	text_2: text = 133
47.775164999999106	EXP	text_2: text = 152
47.78942499999903	EXP	text_2: text = 167
47.80412499999875	EXP	text_2: text = 183
47.82076500000039	EXP	text_2: text = 200
47.836380000000645	EXP	text_2: text = 216
47.85329999999885	EXP	text_2: text = 233
47.869894999999815	EXP	text_2: text = 249
47.886609999997745	EXP	text_2: text = 266
47.89558499999839	DATA	Keydown:  
47.90403999999762	EXP	text_2: text = 283
47.90403999999762	EXP	text_2: autoDraw = false
47.90403999999762	EXP	Feedback: text = 269
47.90403999999762	EXP	Feedback: autoDraw = true
48.906199999997625	EXP	Feedback: autoDraw = false
48.906199999997625	EXP	Feedback: autoDraw = false
48.906199999997625	EXP	text_3: autoDraw = true
56.09092999999848	EXP	text_3: autoDraw = false
56.09092999999848	EXP	text_3: autoDraw = false
56.09092999999848	EXP	text_2: autoDraw = true
56.09092999999848	EXP	text_2: text = 0
56.10579499999949	EXP	text_2: text = 17
56.12220499999967	EXP	text_2: text = 33
56.1388999999981	EXP	text_2: text = 50
56.15559999999823	EXP	text_2: text = 67
56.17288499999995	EXP	text_2: text = 83
56.18894	EXP	text_2: text = 100
56.2058649999999	EXP	text_2: text = 117
56.22234499999831	EXP	text_2: text = 133
56.239659999999276	EXP	text_2: text = 150
56.25561999999991	EXP	text_2: text = 167
56.27130499999839	EXP	text_2: text = 183
56.287749999999505	EXP	text_2: text = 200
56.30465499999991	EXP	text_2: text = 216
56.3223399999988	EXP	text_2: text = 233
56.33926000000065	EXP	text_2: text = 250
56.3427300000003	DATA	Keydown:  
56.357789999998204	EXP	text_2: text = 267
56.357789999998204	EXP	text_2: autoDraw = false
56.357789999998204	EXP	Feedback: text = 252
56.357789999998204	EXP	Feedback: autoDraw = true
57.35611499999868	EXP	Feedback: autoDraw = false
57.35611499999868	EXP	Feedback: autoDraw = false
57.35611499999868	EXP	text_3: autoDraw = true
63.29129000000103	EXP	text_3: autoDraw = false
63.29129000000103	EXP	text_3: autoDraw = false
63.29129000000103	EXP	text_2: autoDraw = true
63.29129000000103	EXP	text_2: text = 0
63.305209999998624	EXP	text_2: text = 16
63.32216999999946	EXP	text_2: text = 33
63.33886999999959	EXP	text_2: text = 50
63.35547999999835	EXP	text_2: text = 66
63.372080000001006	EXP	text_2: text = 83
63.388944999998785	EXP	text_2: text = 100
63.40579499999876	EXP	text_2: text = 116
63.42205499999909	EXP	text_2: text = 133
63.43880999999965	EXP	text_2: text = 150
63.45556999999826	EXP	text_2: text = 167
63.47211999999854	EXP	text_2: text = 183
63.488844999999856	EXP	text_2: text = 200
63.50560000000041	EXP	text_2: text = 216
63.522124999999505	EXP	text_2: text = 233
63.5386299999991	EXP	text_2: text = 250
63.55548500000077	EXP	text_2: text = 266
63.572864999998274	EXP	text_2: text = 283
63.57560000000012	DATA	Keydown:  
63.58964500000002	EXP	text_2: text = 300
63.58964500000002	EXP	text_2: autoDraw = false
63.58964500000002	EXP	Feedback: text = 285
63.58964500000002	EXP	Feedback: autoDraw = true
64.5895849999979	EXP	Feedback: autoDraw = false
64.5895849999979	EXP	Feedback: autoDraw = false
64.5895849999979	EXP	text_3: autoDraw = true
72.69154999999955	EXP	text_3: autoDraw = false
72.69154999999955	EXP	text_3: autoDraw = false
72.69154999999955	EXP	text_2: autoDraw = true
72.69154999999955	EXP	text_2: text = 0
72.7051449999999	EXP	text_2: text = 16
72.72237999999925	EXP	text_2: text = 33
72.73917000000074	EXP	text_2: text = 50
72.75527499999953	EXP	text_2: text = 66
72.77042000000074	EXP	text_2: text = 83
72.78692999999839	EXP	text_2: text = 100
72.80380999999761	EXP	text_2: text = 116
72.82049999999799	EXP	text_2: text = 133
72.83706999999777	EXP	text_2: text = 150
72.85380499999883	EXP	text_2: text = 166
72.87040499999785	EXP	text_2: text = 183
72.8871450000006	EXP	text_2: text = 200
72.90343999999823	EXP	text_2: text = 216
72.92051499999798	EXP	text_2: text = 233
72.93746499999907	EXP	text_2: text = 250
72.95360000000073	EXP	text_2: text = 266
72.97042499999952	EXP	text_2: text = 283
72.9872699999978	EXP	text_2: text = 300
73.00452500000029	EXP	text_2: text = 317
73.02280500000052	EXP	text_2: text = 335
73.0359099999987	EXP	text_2: text = 349
73.05233500000031	EXP	text_2: text = 366
73.06920499999978	EXP	text_2: text = 383
73.07938500000091	DATA	Keydown:  
73.0869649999986	EXP	text_2: text = 399
73.0869649999986	EXP	text_2: autoDraw = false
73.0869649999986	EXP	Feedback: text = 388
73.0869649999986	EXP	Feedback: autoDraw = true
74.08784999999989	EXP	Feedback: autoDraw = false
74.08784999999989	EXP	Feedback: autoDraw = false
74.08784999999989	EXP	text_3: autoDraw = true
81.9078300000001	EXP	text_3: autoDraw = false
81.9078300000001	EXP	text_3: autoDraw = false
81.9078300000001	EXP	text_2: autoDraw = true
81.9078300000001	EXP	text_2: text = 0
81.92161499999929	EXP	text_2: text = 16
81.9382000000005	EXP	text_2: text = 33
81.9548649999997	EXP	text_2: text = 50
81.97159499999907	EXP	text_2: text = 66
81.98761000000013	EXP	text_2: text = 83
82.00486000000092	EXP	text_2: text = 100
82.0217249999987	EXP	text_2: text = 117
82.03840499999933	EXP	text_2: text = 133
82.05476500000077	EXP	text_2: text = 150
82.07179499999984	EXP	text_2: text = 166
82.08808499999941	EXP	text_2: text = 183
82.10495000000083	EXP	text_2: text = 200
82.1214149999978	EXP	text_2: text = 216
82.1383249999999	EXP	text_2: text = 233
82.15470500000083	EXP	text_2: text = 250
82.1717150000004	EXP	text_2: text = 266
82.18876000000091	EXP	text_2: text = 283
82.19152499999836	DATA	Keydown:  
82.20759999999791	EXP	text_2: text = 300
82.20759999999791	EXP	text_2: autoDraw = false
82.20759999999791	EXP	Feedback: text = 284
82.20759999999791	EXP	Feedback: autoDraw = true
83.20203000000038	EXP	Feedback: autoDraw = false
83.20203000000038	EXP	Feedback: autoDraw = false
83.20203000000038	EXP	text_3: autoDraw = true
92.9565999999977	EXP	text_3: autoDraw = false
92.9565999999977	EXP	text_3: autoDraw = false
92.9565999999977	EXP	text_2: autoDraw = true
92.9565999999977	EXP	text_2: text = 0
92.97074499999871	EXP	text_2: text = 17
92.98759000000064	EXP	text_2: text = 33
93.00418999999965	EXP	text_2: text = 50
93.01965500000006	EXP	text_2: text = 66
93.0366099999992	EXP	text_2: text = 83
93.0546800000011	EXP	text_2: text = 100
93.07019500000024	EXP	text_2: text = 117
93.08801999999923	EXP	text_2: text = 133
93.10456999999951	EXP	text_2: text = 150
93.12143500000093	EXP	text_2: text = 167
93.13823000000048	EXP	text_2: text = 183
93.15500999999858	EXP	text_2: text = 200
93.17137499999808	EXP	text_2: text = 217
93.18828500000018	EXP	text_2: text = 233
93.20511999999871	EXP	text_2: text = 250
93.21059999999852	DATA	Keydown:  
93.22354500000074	EXP	text_2: text = 267
93.22354500000074	EXP	text_2: autoDraw = false
93.22354500000074	EXP	Feedback: text = 254
93.22354500000074	EXP	Feedback: autoDraw = true
94.22205000000031	EXP	Feedback: autoDraw = false
94.22205000000031	EXP	Feedback: autoDraw = false
94.22205000000031	EXP	text_3: autoDraw = true
103.43966499999806	EXP	text_3: autoDraw = false
103.43966499999806	EXP	text_3: autoDraw = false
103.43966499999806	EXP	text_2: autoDraw = true
103.43966499999806	EXP	text_2: text = 0
103.45376000000033	EXP	text_2: text = 16
103.47068500000023	EXP	text_2: text = 33
103.48746000000028	EXP	text_2: text = 50
103.50423999999839	EXP	text_2: text = 66
103.5208449999991	EXP	text_2: text = 83
103.53755000000092	EXP	text_2: text = 100
103.5539600000011	EXP	text_2: text = 116
103.57122999999774	EXP	text_2: text = 133
103.58713999999964	EXP	text_2: text = 150
103.6041899999982	EXP	text_2: text = 166
103.62057500000083	EXP	text_2: text = 183
103.63784500000111	EXP	text_2: text = 200
103.6543899999997	EXP	text_2: text = 216
103.6710099999982	EXP	text_2: text = 233
103.68752999999924	EXP	text_2: text = 250
103.70420499999818	EXP	text_2: text = 266
103.72131499999887	EXP	text_2: text = 283
103.73803000000044	EXP	text_2: text = 300
103.7546199999997	EXP	text_2: text = 317
103.77051999999821	EXP	text_2: text = 333
103.78775499999756	EXP	text_2: text = 350
103.79402499999924	DATA	Keydown:  
103.80745999999999	EXP	text_2: text = 367
103.80745999999999	EXP	text_2: autoDraw = false
103.80745999999999	EXP	Feedback: text = 355
103.80745999999999	EXP	Feedback: autoDraw = true
104.80516499999794	EXP	Feedback: autoDraw = false
104.80516499999794	EXP	Feedback: autoDraw = false
104.80516499999794	EXP	text_3: autoDraw = true
113.70678000000044	EXP	text_3: autoDraw = false
113.70678000000044	EXP	text_3: autoDraw = false
113.70678000000044	EXP	text_2: autoDraw = true
113.70678000000044	EXP	text_2: text = 0
113.72024500000043	EXP	text_2: text = 17
113.73674499999834	EXP	text_2: text = 33
113.75348500000109	EXP	text_2: text = 50
113.77033999999912	EXP	text_2: text = 67
113.78607499999998	EXP	text_2: text = 83
113.8036949999987	EXP	text_2: text = 100
113.82008499999938	EXP	text_2: text = 116
113.83743499999764	EXP	text_2: text = 133
113.85397000000012	EXP	text_2: text = 150
113.8707949999989	EXP	text_2: text = 166
113.88745500000005	EXP	text_2: text = 183
113.90446499999962	EXP	text_2: text = 200
113.92095999999947	EXP	text_2: text = 217
113.93736499999795	EXP	text_2: text = 233
113.95416000000114	EXP	text_2: text = 250
113.97137500000099	EXP	text_2: text = 267
113.97405000000072	DATA	Keydown:  
113.99044999999751	EXP	text_2: text = 283
113.99044999999751	EXP	text_2: autoDraw = false
113.99044999999751	EXP	Feedback: text = 268
113.99044999999751	EXP	Feedback: autoDraw = true
114.98793500000102	EXP	Feedback: autoDraw = false
114.98793500000102	EXP	Feedback: autoDraw = false
114.98793500000102	EXP	text_3: autoDraw = true
117.68964000000051	EXP	text_3: autoDraw = false
117.68964000000051	EXP	text_3: autoDraw = false
117.68964000000051	EXP	text_2: autoDraw = true
117.68964000000051	EXP	text_2: text = 0
117.70402000000104	EXP	text_2: text = 16
117.72063499999786	EXP	text_2: text = 33
117.7372699999978	EXP	text_2: text = 50
117.7539199999992	EXP	text_2: text = 66
117.77097499999945	EXP	text_2: text = 83
117.7871899999991	EXP	text_2: text = 100
117.80392500000016	EXP	text_2: text = 116
117.82007999999769	EXP	text_2: text = 133
117.8377049999981	EXP	text_2: text = 150
117.85450499999934	EXP	text_2: text = 167
117.87051000000065	EXP	text_2: text = 183
117.88746999999785	EXP	text_2: text = 200
117.90391499999896	EXP	text_2: text = 216
117.9206950000007	EXP	text_2: text = 233
117.93717000000106	EXP	text_2: text = 250
117.9538599999978	EXP	text_2: text = 266
117.9698900000003	EXP	text_2: text = 283
117.98768500000006	EXP	text_2: text = 300
118.0041999999994	EXP	text_2: text = 316
118.02061999999933	EXP	text_2: text = 333
118.03726000000097	EXP	text_2: text = 350
118.05405999999857	EXP	text_2: text = 366
118.07070999999996	EXP	text_2: text = 383
118.09176500000103	EXP	text_2: text = 404
118.09725500000059	DATA	Keydown:  
118.10702999999921	EXP	text_2: text = 417
118.10702999999921	EXP	text_2: autoDraw = false
118.10702999999921	EXP	Feedback: text = 408
118.10702999999921	EXP	Feedback: autoDraw = true
119.10684499999843	EXP	Feedback: autoDraw = false
119.10684499999843	EXP	Feedback: autoDraw = false
119.10684499999843	EXP	text_3: autoDraw = true
124.30725999999777	EXP	text_3: autoDraw = false
124.30725999999777	EXP	text_3: autoDraw = false
124.30725999999777	EXP	text_2: autoDraw = true
124.30725999999777	EXP	text_2: text = 0
124.31977999999799	EXP	text_2: text = 16
124.33674500000052	EXP	text_2: text = 33
124.35322499999893	EXP	text_2: text = 50
124.36997999999949	EXP	text_2: text = 66
124.38695000000007	EXP	text_2: text = 83
124.40433499999926	EXP	text_2: text = 100
124.4201350000003	EXP	text_2: text = 117
124.43734499999846	EXP	text_2: text = 133
124.45374000000083	EXP	text_2: text = 150
124.47110500000053	EXP	text_2: text = 167
124.48717499999839	EXP	text_2: text = 183
124.50343499999872	EXP	text_2: text = 200
124.5203849999998	EXP	text_2: text = 216
124.53719500000079	EXP	text_2: text = 233
124.55387999999948	EXP	text_2: text = 250
124.56183500000043	DATA	Keydown:  
124.57322999999815	EXP	text_2: text = 267
124.57322999999815	EXP	text_2: autoDraw = false
124.57322999999815	EXP	Feedback: text = 255
124.57322999999815	EXP	Feedback: autoDraw = true
125.57115499999782	EXP	Feedback: autoDraw = false
125.57115499999782	EXP	Feedback: autoDraw = false
125.57115499999782	EXP	text_3: autoDraw = true
132.87220499999967	EXP	text_3: autoDraw = false
132.87220499999967	EXP	text_3: autoDraw = false
132.87220499999967	EXP	text_2: autoDraw = true
132.87220499999967	EXP	text_2: text = 0
132.88619000000108	EXP	text_2: text = 16
132.9030649999986	EXP	text_2: text = 33
132.91987999999765	EXP	text_2: text = 50
132.93713500000013	EXP	text_2: text = 66
132.95345000000088	EXP	text_2: text = 83
132.97041999999783	EXP	text_2: text = 100
132.98634499999753	EXP	text_2: text = 116
133.00374499999816	EXP	text_2: text = 133
133.02030999999988	EXP	text_2: text = 150
133.03711499999918	EXP	text_2: text = 167
133.05361999999877	EXP	text_2: text = 183
133.07021499999973	EXP	text_2: text = 200
133.08667499999865	EXP	text_2: text = 216
133.1037099999994	EXP	text_2: text = 233
133.12013500000103	EXP	text_2: text = 250
133.13630999999805	EXP	text_2: text = 266
133.15367999999944	EXP	text_2: text = 283
133.17021999999997	EXP	text_2: text = 300
133.1869000000006	EXP	text_2: text = 316
133.19020499999897	DATA	Keydown:  
133.2060500000007	EXP	text_2: text = 333
133.2060500000007	EXP	text_2: autoDraw = false
133.2060500000007	EXP	Feedback: text = 318
133.2060500000007	EXP	Feedback: autoDraw = true
134.2041700000009	EXP	Feedback: autoDraw = false
134.2041700000009	EXP	Feedback: autoDraw = false
134.2041700000009	EXP	text_3: autoDraw = true
139.47269999999844	EXP	text_3: autoDraw = false
139.47269999999844	EXP	text_3: autoDraw = false
139.47269999999844	EXP	text_2: autoDraw = true
139.47269999999844	EXP	text_2: text = 0
139.48689000000013	EXP	text_2: text = 16
139.503639999999	EXP	text_2: text = 33
139.51953499999945	EXP	text_2: text = 50
139.53713000000062	EXP	text_2: text = 66
139.55371999999988	EXP	text_2: text = 83
139.57011000000057	EXP	text_2: text = 100
139.58677999999782	EXP	text_2: text = 116
139.60352000000057	EXP	text_2: text = 133
139.61996	EXP	text_2: text = 150
139.63693000000058	EXP	text_2: text = 166
139.65374999999767	EXP	text_2: text = 183
139.66990499999883	EXP	text_2: text = 200
139.68663000000015	EXP	text_2: text = 216
139.7033049999991	EXP	text_2: text = 233
139.72047999999995	EXP	text_2: text = 250
139.73608500000046	EXP	text_2: text = 266
139.75426499999958	EXP	text_2: text = 283
139.75702499999898	DATA	Keydown:  
139.77284999999756	EXP	text_2: text = 300
139.77284999999756	EXP	text_2: autoDraw = false
139.77284999999756	EXP	Feedback: text = 285
139.77284999999756	EXP	Feedback: autoDraw = true
140.77526500000022	EXP	Feedback: autoDraw = false
140.77526500000022	EXP	Feedback: autoDraw = false
140.77526500000022	EXP	text_3: autoDraw = true
146.3386849999988	EXP	text_3: autoDraw = false
146.3386849999988	EXP	text_3: autoDraw = false
146.3386849999988	EXP	text_2: autoDraw = true
146.3386849999988	EXP	text_2: text = 0
146.35264000000097	EXP	text_2: text = 17
146.36932499999966	EXP	text_2: text = 33
146.38593499999843	EXP	text_2: text = 50
146.40289499999926	EXP	text_2: text = 67
146.4183950000006	EXP	text_2: text = 83
146.4364549999991	EXP	text_2: text = 100
146.4525849999991	EXP	text_2: text = 117
146.46984999999768	EXP	text_2: text = 133
146.48633999999947	EXP	text_2: text = 150
146.5036	EXP	text_2: text = 167
146.51993999999831	EXP	text_2: text = 183
146.5367449999976	EXP	text_2: text = 200
146.55320500000016	EXP	text_2: text = 217
146.56998499999827	EXP	text_2: text = 233
146.58669499999814	EXP	text_2: text = 250
146.6035499999998	EXP	text_2: text = 267
146.62004499999966	EXP	text_2: text = 283
146.63649000000078	EXP	text_2: text = 300
146.65307499999835	EXP	text_2: text = 317
146.6649350000007	DATA	Keydown:  
146.67394499999864	EXP	text_2: text = 333
146.67394499999864	EXP	text_2: autoDraw = false
146.67394499999864	EXP	Feedback: text = 326
146.67394499999864	EXP	Feedback: autoDraw = true
147.67060499999934	EXP	Feedback: autoDraw = false
147.67060499999934	EXP	Feedback: autoDraw = false
147.67060499999934	EXP	text_3: autoDraw = true
151.75490499999796	EXP	text_3: autoDraw = false
151.75490499999796	EXP	text_3: autoDraw = false
151.75490499999796	EXP	text_2: autoDraw = true
151.75490499999796	EXP	text_2: text = 0
151.7691300000006	EXP	text_2: text = 17
151.7857299999996	EXP	text_2: text = 33
151.80242499999804	EXP	text_2: text = 50
151.81972999999925	EXP	text_2: text = 67
151.8363700000009	EXP	text_2: text = 83
151.8530499999979	EXP	text_2: text = 100
151.86930999999822	EXP	text_2: text = 117
151.8864599999979	EXP	text_2: text = 133
151.90351999999984	EXP	text_2: text = 150
151.91973999999755	EXP	text_2: text = 166
151.93642999999793	EXP	text_2: text = 183
151.95302000000083	EXP	text_2: text = 200
151.96969499999977	EXP	text_2: text = 217
151.9860000000008	EXP	text_2: text = 233
152.00298000000112	EXP	text_2: text = 250
152.02000000000044	EXP	text_2: text = 267
152.03643999999986	EXP	text_2: text = 283
152.05368499999895	EXP	text_2: text = 300
152.07005500000014	EXP	text_2: text = 317
152.08658999999898	EXP	text_2: text = 333
152.0982249999979	DATA	Keydown:  
152.10872000000018	EXP	text_2: text = 353
152.10872000000018	EXP	text_2: autoDraw = false
152.10872000000018	EXP	Feedback: text = 344
152.10872000000018	EXP	Feedback: autoDraw = true
153.10376499999984	EXP	Feedback: autoDraw = false
153.10376499999984	EXP	Feedback: autoDraw = false
153.10376499999984	EXP	text_3: autoDraw = true
160.221669999999	EXP	text_3: autoDraw = false
160.221669999999	EXP	text_3: autoDraw = false
160.221669999999	EXP	text_2: autoDraw = true
160.221669999999	EXP	text_2: text = 0
160.23659000000043	EXP	text_2: text = 17
160.25277500000084	EXP	text_2: text = 33
160.26958000000013	EXP	text_2: text = 50
160.28693500000008	EXP	text_2: text = 67
160.30313000000024	EXP	text_2: text = 83
160.31981499999893	EXP	text_2: text = 100
160.33631999999852	EXP	text_2: text = 117
160.35319999999774	EXP	text_2: text = 133
160.36987999999837	EXP	text_2: text = 150
160.3863199999978	EXP	text_2: text = 166
160.40377499999886	EXP	text_2: text = 183
160.41960499999914	EXP	text_2: text = 200
160.43584499999997	EXP	text_2: text = 217
160.45306499999788	EXP	text_2: text = 233
160.46972000000096	EXP	text_2: text = 250
160.48631499999829	EXP	text_2: text = 267
160.50298499999917	EXP	text_2: text = 283
160.51294499999858	DATA	Keydown:  
160.52427499999976	EXP	text_2: text = 301
160.52427499999976	EXP	text_2: autoDraw = false
160.52427499999976	EXP	Feedback: text = 291
160.52427499999976	EXP	Feedback: autoDraw = true
161.5204449999983	EXP	Feedback: autoDraw = false
161.5204449999983	EXP	Feedback: autoDraw = false
161.5204449999983	EXP	text_3: autoDraw = true
166.53806500000064	EXP	text_3: autoDraw = false
166.53806500000064	EXP	text_3: autoDraw = false
166.53806500000064	EXP	text_2: autoDraw = true
166.53806500000064	EXP	text_2: text = 0
166.55206499999986	EXP	text_2: text = 16
166.5684599999986	EXP	text_2: text = 33
166.5858449999978	EXP	text_2: text = 50
166.60211999999956	EXP	text_2: text = 66
166.61882499999774	EXP	text_2: text = 83
166.6360399999976	EXP	text_2: text = 100
166.6522299999997	EXP	text_2: text = 117
166.66946499999904	EXP	text_2: text = 133
166.6860400000005	EXP	text_2: text = 150
166.70284999999785	EXP	text_2: text = 166
166.71925999999803	EXP	text_2: text = 183
166.73592999999892	EXP	text_2: text = 200
166.75296499999968	EXP	text_2: text = 217
166.7692449999995	EXP	text_2: text = 233
166.78609499999948	EXP	text_2: text = 250
166.8028149999991	EXP	text_2: text = 267
166.81937000000107	EXP	text_2: text = 283
166.83632999999827	EXP	text_2: text = 300
166.85567000000083	EXP	text_2: text = 319
166.86878499999875	EXP	text_2: text = 334
166.88408999999956	EXP	text_2: text = 350
166.9006049999989	EXP	text_2: text = 366
166.91718000000037	EXP	text_2: text = 383
166.92013999999836	DATA	Keydown:  
166.93534999999974	EXP	text_2: text = 400
166.93534999999974	EXP	text_2: autoDraw = false
166.93534999999974	EXP	Feedback: text = 382
166.93534999999974	EXP	Feedback: autoDraw = true
167.936740000001	EXP	Feedback: autoDraw = false
167.936740000001	EXP	Feedback: autoDraw = false
167.936740000001	EXP	text_3: autoDraw = true
170.8213199999991	EXP	text_3: autoDraw = false
170.8213199999991	EXP	text_3: autoDraw = false
170.8213199999991	EXP	text_2: autoDraw = true
170.8213199999991	EXP	text_2: text = 0
170.83543999999893	EXP	text_2: text = 17
170.85195000000022	EXP	text_2: text = 33
170.86871999999858	EXP	text_2: text = 50
170.88550499999837	EXP	text_2: text = 67
170.90199999999822	EXP	text_2: text = 83
170.9192750000002	EXP	text_2: text = 100
170.93534999999974	EXP	text_2: text = 117
170.95257499999934	EXP	text_2: text = 133
170.9687249999988	EXP	text_2: text = 150
170.9860750000007	EXP	text_2: text = 166
171.00277500000084	EXP	text_2: text = 183
171.01929000000018	EXP	text_2: text = 200
171.03629	EXP	text_2: text = 217
171.0526949999985	EXP	text_2: text = 233
171.069485	EXP	text_2: text = 250
171.08541999999943	EXP	text_2: text = 267
171.10569000000032	EXP	text_2: text = 286
171.12008499999865	EXP	text_2: text = 300
171.13410999999905	EXP	text_2: text = 316
171.14360999999917	DATA	Keydown:  
171.1519449999978	EXP	text_2: text = 333
171.1519449999978	EXP	text_2: autoDraw = false
171.1519449999978	EXP	Feedback: text = 322
171.1519449999978	EXP	Feedback: autoDraw = true
172.15299500000037	EXP	Feedback: autoDraw = false
172.15299500000037	EXP	Feedback: autoDraw = false
172.15299500000037	EXP	text_3: autoDraw = true
178.80446999999913	EXP	text_3: autoDraw = false
178.80446999999913	EXP	text_3: autoDraw = false
178.80446999999913	EXP	text_2: autoDraw = true
178.80446999999913	EXP	text_2: text = 0
178.81937499999913	EXP	text_2: text = 17
178.8359049999999	EXP	text_2: text = 33
178.85161999999764	EXP	text_2: text = 50
178.86914500000057	EXP	text_2: text = 66
178.88575499999934	EXP	text_2: text = 83
178.90241999999853	EXP	text_2: text = 100
178.91922999999952	EXP	text_2: text = 117
178.93586999999752	EXP	text_2: text = 133
178.952405	EXP	text_2: text = 150
178.96938500000033	EXP	text_2: text = 166
178.9860149999986	EXP	text_2: text = 183
179.00269499999922	EXP	text_2: text = 200
179.01904999999897	EXP	text_2: text = 216
179.03576500000054	EXP	text_2: text = 233
179.05248500000016	EXP	text_2: text = 250
179.06886999999915	EXP	text_2: text = 266
179.08569999999963	EXP	text_2: text = 283
179.10237499999857	EXP	text_2: text = 300
179.1195149999985	EXP	text_2: text = 316
179.1361250000009	EXP	text_2: text = 333
179.15449499999886	EXP	text_2: text = 351
179.16961499999888	EXP	text_2: text = 369
179.18406999999934	EXP	text_2: text = 383
179.20028499999898	EXP	text_2: text = 399
179.21695499999987	EXP	text_2: text = 416
179.23365999999805	EXP	text_2: text = 433
179.25043000000005	EXP	text_2: text = 449
179.26714499999798	EXP	text_2: text = 466
179.28385499999786	EXP	text_2: text = 483
179.2958949999993	DATA	Keydown:  
179.30188500000077	EXP	text_2: text = 500
179.30188500000077	EXP	text_2: autoDraw = false
179.30188500000077	EXP	Feedback: text = 492
179.30188500000077	EXP	Feedback: autoDraw = true
180.3031149999988	EXP	Feedback: autoDraw = false
180.3031149999988	EXP	Feedback: autoDraw = false
180.3031149999988	EXP	text_3: autoDraw = true
184.68771999999808	EXP	text_3: autoDraw = false
184.68771999999808	EXP	text_3: autoDraw = false
184.68771999999808	EXP	text_2: autoDraw = true
184.68771999999808	EXP	text_2: text = 0
184.7018050000006	EXP	text_2: text = 17
184.7174500000001	EXP	text_2: text = 33
184.7349749999994	EXP	text_2: text = 50
184.75153499999942	EXP	text_2: text = 67
184.76902499999778	EXP	text_2: text = 83
184.7841249999983	EXP	text_2: text = 100
184.80043999999907	EXP	text_2: text = 116
184.81757500000094	EXP	text_2: text = 133
184.8340449999996	EXP	text_2: text = 150
184.85093000000052	EXP	text_2: text = 166
184.8676349999987	EXP	text_2: text = 183
184.8858849999997	EXP	text_2: text = 200
184.90216999999757	EXP	text_2: text = 217
184.91890000000058	EXP	text_2: text = 233
184.93581999999878	EXP	text_2: text = 250
184.9525199999989	EXP	text_2: text = 267
184.96780999999828	EXP	text_2: text = 283
184.9845150000001	EXP	text_2: text = 300
185.00102499999775	EXP	text_2: text = 316
185.01769499999864	EXP	text_2: text = 333
185.03438000000097	EXP	text_2: text = 350
185.04006500000105	DATA	Keydown:  
185.0529600000009	EXP	text_2: text = 366
185.0529600000009	EXP	text_2: autoDraw = false
185.0529600000009	EXP	Feedback: text = 353
185.0529600000009	EXP	Feedback: autoDraw = true
186.05312499999854	EXP	Feedback: autoDraw = false
186.05312499999854	EXP	Feedback: autoDraw = false
186.05312499999854	EXP	text_3: autoDraw = true
194.52116999999998	EXP	text_3: autoDraw = false
194.52116999999998	EXP	text_3: autoDraw = false
194.52116999999998	EXP	text_2: autoDraw = true
194.52116999999998	EXP	text_2: text = 0
194.5347249999977	EXP	text_2: text = 16
194.5513949999986	EXP	text_2: text = 33
194.5681650000006	EXP	text_2: text = 50
194.58474999999817	EXP	text_2: text = 66
194.6014699999978	EXP	text_2: text = 83
194.61882999999943	EXP	text_2: text = 100
194.63485500000024	EXP	text_2: text = 116
194.65268999999898	EXP	text_2: text = 133
194.6681549999994	EXP	text_2: text = 150
194.6854949999979	EXP	text_2: text = 167
194.70197499999995	EXP	text_2: text = 183
194.71873499999856	EXP	text_2: text = 200
194.73545499999818	EXP	text_2: text = 216
194.75192500000048	EXP	text_2: text = 233
194.76915999999983	EXP	text_2: text = 250
194.78525499999887	EXP	text_2: text = 266
194.80235999999786	EXP	text_2: text = 283
194.81825000000026	EXP	text_2: text = 300
194.83531999999832	EXP	text_2: text = 316
194.8521899999978	EXP	text_2: text = 333
194.87163499999951	EXP	text_2: text = 352
194.88658999999825	EXP	text_2: text = 367
194.90081500000088	EXP	text_2: text = 383
194.91661499999827	EXP	text_2: text = 399
194.93318999999974	EXP	text_2: text = 416
194.9515449999999	EXP	text_2: text = 433
194.96839499999987	EXP	text_2: text = 450
194.9719699999987	DATA	Keydown:  
194.984840000001	EXP	text_2: text = 466
194.984840000001	EXP	text_2: autoDraw = false
194.984840000001	EXP	Feedback: text = 451
194.984840000001	EXP	Feedback: autoDraw = true
195.9849800000011	EXP	Feedback: autoDraw = false
195.9849800000011	EXP	Feedback: autoDraw = false
195.9849800000011	EXP	text_3: autoDraw = true
204.93670500000007	EXP	text_3: autoDraw = false
204.93670500000007	EXP	text_3: autoDraw = false
204.93670500000007	EXP	text_2: autoDraw = true
204.93670500000007	EXP	text_2: text = 0
204.9509799999978	EXP	text_2: text = 17
204.9678899999999	EXP	text_2: text = 33
204.98464500000046	EXP	text_2: text = 50
205.00109499999962	EXP	text_2: text = 67
205.01872999999978	EXP	text_2: text = 83
205.0343900000007	EXP	text_2: text = 100
205.0512400000007	EXP	text_2: text = 117
205.06852499999877	EXP	text_2: text = 133
205.08516500000042	EXP	text_2: text = 150
205.10166000000027	EXP	text_2: text = 167
205.11856999999873	EXP	text_2: text = 183
205.13511500000095	EXP	text_2: text = 200
205.1523500000003	EXP	text_2: text = 217
205.1617100000003	DATA	Keydown:  
205.17112500000076	EXP	text_2: text = 233
205.17112500000076	EXP	text_2: autoDraw = false
205.17112500000076	EXP	Feedback: text = 225
205.17112500000076	EXP	Feedback: autoDraw = true
206.16906499999823	EXP	Feedback: autoDraw = false
206.16906499999823	EXP	Feedback: autoDraw = false
206.16906499999823	EXP	text_3: autoDraw = true
212.0707599999987	EXP	text_3: autoDraw = false
212.0707599999987	EXP	text_3: autoDraw = false
212.0707599999987	EXP	text_2: autoDraw = true
212.0707599999987	EXP	text_2: text = 0
212.08441999999923	EXP	text_2: text = 17
212.10099999999875	EXP	text_2: text = 33
212.1167349999996	EXP	text_2: text = 50
212.1344250000002	EXP	text_2: text = 67
212.1510449999987	EXP	text_2: text = 83
212.16825999999855	EXP	text_2: text = 100
212.18436999999903	EXP	text_2: text = 117
212.20158000000083	EXP	text_2: text = 133
212.2183499999992	EXP	text_2: text = 150
212.23547499999768	EXP	text_2: text = 167
212.2519199999988	EXP	text_2: text = 183
212.26827499999854	EXP	text_2: text = 200
212.28485	EXP	text_2: text = 217
212.30198000000019	EXP	text_2: text = 233
212.3181450000011	EXP	text_2: text = 250
212.33373500000016	EXP	text_2: text = 266
212.33618999999817	DATA	Keydown:  
212.3520499999977	EXP	text_2: text = 283
212.3520499999977	EXP	text_2: autoDraw = false
212.3520499999977	EXP	Feedback: text = 266
212.3520499999977	EXP	Feedback: autoDraw = true
213.35039999999935	EXP	Feedback: autoDraw = false
213.35039999999935	EXP	Feedback: autoDraw = false
213.35039999999935	EXP	text_3: autoDraw = true
218.88701500000025	EXP	text_3: autoDraw = false
218.88701500000025	EXP	text_3: autoDraw = false
218.88701500000025	EXP	text_2: autoDraw = true
218.88701500000025	EXP	text_2: text = 0
218.90144999999757	EXP	text_2: text = 16
218.91820499999812	EXP	text_2: text = 33
218.93485499999952	EXP	text_2: text = 50
218.95141499999954	EXP	text_2: text = 66
218.96791999999914	EXP	text_2: text = 83
218.98514499999874	EXP	text_2: text = 100
219.00162999999884	EXP	text_2: text = 116
219.0167599999986	EXP	text_2: text = 133
219.0335950000008	EXP	text_2: text = 150
219.0500749999992	EXP	text_2: text = 166
219.0666999999994	EXP	text_2: text = 183
219.0833050000001	EXP	text_2: text = 200
219.10013999999865	EXP	text_2: text = 216
219.11670999999842	EXP	text_2: text = 233
219.1342399999994	EXP	text_2: text = 250
219.1513699999996	EXP	text_2: text = 266
219.15500500000053	DATA	Keydown:  
219.17107499999838	EXP	text_2: text = 283
219.17107499999838	EXP	text_2: autoDraw = false
219.17107499999838	EXP	Feedback: text = 268
219.17107499999838	EXP	Feedback: autoDraw = true
220.16879499999777	EXP	Feedback: autoDraw = false
220.16879499999777	EXP	Feedback: autoDraw = false
220.16879499999777	EXP	text_3: autoDraw = true
224.45347000000038	EXP	text_3: autoDraw = false
224.45347000000038	EXP	text_3: autoDraw = false
224.45347000000038	EXP	text_2: autoDraw = true
224.45347000000038	EXP	text_2: text = 0
224.46737500000017	EXP	text_2: text = 17
224.48406500000056	EXP	text_2: text = 33
224.5015949999979	EXP	text_2: text = 50
224.51722999999765	EXP	text_2: text = 67
224.53415999999925	EXP	text_2: text = 83
224.551274999998	EXP	text_2: text = 100
224.56740999999965	EXP	text_2: text = 117
224.5846249999995	EXP	text_2: text = 133
224.60064499999862	EXP	text_2: text = 150
224.61796499999764	EXP	text_2: text = 167
224.63449499999842	EXP	text_2: text = 183
224.65165999999954	EXP	text_2: text = 200
224.6681299999982	EXP	text_2: text = 217
224.68472499999916	EXP	text_2: text = 233
224.70148499999777	EXP	text_2: text = 250
224.71800000000076	EXP	text_2: text = 266
224.73521999999866	EXP	text_2: text = 283
224.7388350000001	DATA	Keydown:  
224.75340499999947	EXP	text_2: text = 300
224.75340499999947	EXP	text_2: autoDraw = false
224.75340499999947	EXP	Feedback: text = 286
224.75340499999947	EXP	Feedback: autoDraw = true
225.75183499999912	EXP	Feedback: autoDraw = false
225.75183499999912	EXP	Feedback: autoDraw = false
225.75183499999912	EXP	text_3: autoDraw = true
229.6540649999988	EXP	text_3: autoDraw = false
229.6540649999988	EXP	text_3: autoDraw = false
229.6540649999988	EXP	text_2: autoDraw = true
229.6540649999988	EXP	text_2: text = 0
229.66781999999876	EXP	text_2: text = 16
229.6847400000006	EXP	text_2: text = 33
229.70115000000078	EXP	text_2: text = 50
229.71793500000058	EXP	text_2: text = 66
229.73445499999798	EXP	text_2: text = 83
229.751014999998	EXP	text_2: text = 100
229.7671249999985	EXP	text_2: text = 116
229.78433999999834	EXP	text_2: text = 133
229.80112499999814	EXP	text_2: text = 150
229.81816999999864	EXP	text_2: text = 166
229.8350599999976	EXP	text_2: text = 183
229.85138499999812	EXP	text_2: text = 200
229.86800999999832	EXP	text_2: text = 216
229.8844449999997	EXP	text_2: text = 233
229.90115499999956	EXP	text_2: text = 250
229.91810500000065	EXP	text_2: text = 266
229.9347600000001	EXP	text_2: text = 283
229.94555499999842	DATA	Keydown:  
229.95451999999932	EXP	text_2: text = 300
229.95451999999932	EXP	text_2: autoDraw = false
229.95451999999932	EXP	Feedback: text = 292
229.95451999999932	EXP	Feedback: autoDraw = true
230.95489499999894	EXP	Feedback: autoDraw = false
230.95489499999894	EXP	Feedback: autoDraw = false
230.95489499999894	EXP	text_3: autoDraw = true
240.22009999999864	EXP	text_3: autoDraw = false
240.22009999999864	EXP	text_3: autoDraw = false
240.22009999999864	EXP	text_2: autoDraw = true
240.22009999999864	EXP	text_2: text = 0
240.23367999999755	EXP	text_2: text = 17
240.25020999999833	EXP	text_2: text = 33
240.26692999999796	EXP	text_2: text = 50
240.2835449999984	EXP	text_2: text = 66
240.30084499999793	EXP	text_2: text = 83
240.31753000000026	EXP	text_2: text = 100
240.3335850000003	EXP	text_2: text = 117
240.3511299999991	EXP	text_2: text = 133
240.3668149999976	EXP	text_2: text = 150
240.38444999999774	EXP	text_2: text = 167
240.400784999998	EXP	text_2: text = 183
240.41758499999924	EXP	text_2: text = 200
240.43409999999858	EXP	text_2: text = 216
240.45090499999787	EXP	text_2: text = 233
240.46764500000063	EXP	text_2: text = 250
240.48444000000018	EXP	text_2: text = 267
240.49000499999966	DATA	Keydown:  
240.50456499999927	EXP	text_2: text = 283
240.50456499999927	EXP	text_2: autoDraw = false
240.50456499999927	EXP	Feedback: text = 270
240.50456499999927	EXP	Feedback: autoDraw = true
241.50611500000014	EXP	Feedback: autoDraw = false
241.50611500000014	EXP	Feedback: autoDraw = false
241.50611500000014	EXP	text_3: autoDraw = true
244.70255499999985	EXP	text_3: autoDraw = false
244.70255499999985	EXP	text_3: autoDraw = false
244.70255499999985	EXP	text_2: autoDraw = true
244.70255499999985	EXP	text_2: text = 0
244.71750500000053	EXP	text_2: text = 17
244.73343499999828	EXP	text_2: text = 33
244.75006500000018	EXP	text_2: text = 50
244.76744999999937	EXP	text_2: text = 66
244.7842700000001	EXP	text_2: text = 83
244.80103999999847	EXP	text_2: text = 100
244.81686999999874	EXP	text_2: text = 116
244.8335100000004	EXP	text_2: text = 133
244.85086500000034	EXP	text_2: text = 150
244.86744999999792	EXP	text_2: text = 166
244.8839549999975	EXP	text_2: text = 183
244.90017499999885	EXP	text_2: text = 200
244.91764499999772	EXP	text_2: text = 217
244.93441499999972	EXP	text_2: text = 233
244.95082999999795	EXP	text_2: text = 250
244.96731999999975	EXP	text_2: text = 266
244.984375	EXP	text_2: text = 283
245.00098499999876	EXP	text_2: text = 300
245.01744999999937	EXP	text_2: text = 316
245.03410499999882	EXP	text_2: text = 333
245.05070999999953	EXP	text_2: text = 350
245.06756499999756	EXP	text_2: text = 367
245.07019500000024	DATA	Keydown:  
245.0869449999991	EXP	text_2: text = 383
245.0869449999991	EXP	text_2: autoDraw = false
245.0869449999991	EXP	Feedback: text = 368
245.0869449999991	EXP	Feedback: autoDraw = true
246.0865249999988	EXP	Feedback: autoDraw = false
246.0865249999988	EXP	Feedback: autoDraw = false
246.0865249999988	EXP	text_3: autoDraw = true
251.7698449999989	EXP	text_3: autoDraw = false
251.7698449999989	EXP	text_3: autoDraw = false
251.7698449999989	EXP	text_2: autoDraw = true
251.7698449999989	EXP	text_2: text = 0
251.78313999999955	EXP	text_2: text = 16
251.80016999999862	EXP	text_2: text = 33
251.81646499999988	EXP	text_2: text = 50
251.83400500000062	EXP	text_2: text = 67
251.8498299999992	EXP	text_2: text = 83
251.86712999999872	EXP	text_2: text = 100
251.88323500000115	EXP	text_2: text = 116
251.900744999999	EXP	text_2: text = 133
251.91735999999946	EXP	text_2: text = 150
251.93384999999762	EXP	text_2: text = 166
251.9508449999994	EXP	text_2: text = 183
251.96708999999828	EXP	text_2: text = 200
251.98464500000046	EXP	text_2: text = 217
252.00063500000033	EXP	text_2: text = 233
252.01782000000094	EXP	text_2: text = 250
252.03384000000005	EXP	text_2: text = 266
252.05058500000086	EXP	text_2: text = 283
252.06722000000082	EXP	text_2: text = 300
252.08432999999786	EXP	text_2: text = 317
252.09929999999804	EXP	text_2: text = 333
252.11536999999953	EXP	text_2: text = 349
252.13234499999817	EXP	text_2: text = 366
252.13605499999903	DATA	Keydown:  
252.1499049999984	EXP	text_2: text = 383
252.1499049999984	EXP	text_2: autoDraw = false
252.1499049999984	EXP	Feedback: text = 366
252.1499049999984	EXP	Feedback: autoDraw = true
253.1520899999996	EXP	Feedback: autoDraw = false
253.1520899999996	EXP	Feedback: autoDraw = false
253.1520899999996	EXP	text_3: autoDraw = true
260.16923999999926	EXP	text_3: autoDraw = false
260.16923999999926	EXP	text_3: autoDraw = false
260.16923999999926	EXP	text_2: autoDraw = true
260.16923999999926	EXP	text_2: text = 0
260.1837149999992	EXP	text_2: text = 17
260.2004649999981	EXP	text_2: text = 33
260.21763999999894	EXP	text_2: text = 50
260.23398499999894	EXP	text_2: text = 66
260.2506949999988	EXP	text_2: text = 83
260.2655100000011	EXP	text_2: text = 100
260.2823150000004	EXP	text_2: text = 116
260.29917999999816	EXP	text_2: text = 133
260.3158399999993	EXP	text_2: text = 150
260.33251499999824	EXP	text_2: text = 166
260.3490899999997	EXP	text_2: text = 183
260.36582500000077	EXP	text_2: text = 200
260.382279999998	EXP	text_2: text = 216
260.39893999999913	EXP	text_2: text = 233
260.4160200000006	EXP	text_2: text = 250
260.4239749999979	DATA	Keydown:  
260.4341349999995	EXP	text_2: text = 266
260.4341349999995	EXP	text_2: autoDraw = false
260.4341349999995	EXP	Feedback: text = 255
260.4341349999995	EXP	Feedback: autoDraw = true
261.434874999999	EXP	Feedback: autoDraw = false
261.434874999999	EXP	Feedback: autoDraw = false
261.434874999999	EXP	text_3: autoDraw = true
270.0194149999988	EXP	text_3: autoDraw = false
270.0194149999988	EXP	text_3: autoDraw = false
270.0194149999988	EXP	text_2: autoDraw = true
270.0194149999988	EXP	text_2: text = 0
270.0330699999977	EXP	text_2: text = 17
270.0486249999995	EXP	text_2: text = 33
270.06616500000024	EXP	text_2: text = 50
270.08284999999887	EXP	text_2: text = 67
270.0995999999977	EXP	text_2: text = 83
270.11701499999987	EXP	text_2: text = 100
270.13301499999943	EXP	text_2: text = 117
270.1502099999998	EXP	text_2: text = 133
270.16677999999956	EXP	text_2: text = 150
270.1834049999997	EXP	text_2: text = 166
270.2005250000002	EXP	text_2: text = 183
270.21690500000113	EXP	text_2: text = 200
270.234085	EXP	text_2: text = 217
270.2502050000002	EXP	text_2: text = 233
270.267359999998	EXP	text_2: text = 250
270.28405500000014	EXP	text_2: text = 267
270.28672	DATA	Keydown:  
270.3050750000003	EXP	text_2: text = 283
270.3050750000003	EXP	text_2: autoDraw = false
270.3050750000003	EXP	Feedback: text = 268
270.3050750000003	EXP	Feedback: autoDraw = true
271.3008499999996	EXP	Feedback: autoDraw = false
271.3008499999996	EXP	Feedback: autoDraw = false
271.3008499999996	EXP	text_3: autoDraw = true
278.63553999999925	EXP	text_3: autoDraw = false
278.63553999999925	EXP	text_3: autoDraw = false
278.63553999999925	EXP	text_2: autoDraw = true
278.63553999999925	EXP	text_2: text = 0
278.64916499999896	EXP	text_2: text = 16
278.6658949999983	EXP	text_2: text = 33
278.6824950000009	EXP	text_2: text = 50
278.69980500000025	EXP	text_2: text = 66
278.7157950000001	EXP	text_2: text = 83
278.7332800000004	EXP	text_2: text = 100
278.7493900000009	EXP	text_2: text = 116
278.76688999999897	EXP	text_2: text = 133
278.78340000000026	EXP	text_2: text = 150
278.800045	EXP	text_2: text = 166
278.8166099999981	EXP	text_2: text = 183
278.8333500000008	EXP	text_2: text = 200
278.85029500000024	EXP	text_2: text = 217
278.866614999999	EXP	text_2: text = 233
278.8831199999986	EXP	text_2: text = 250
278.89997999999827	EXP	text_2: text = 267
278.91652500000055	EXP	text_2: text = 283
278.92746500000067	DATA	Keydown:  
278.9423999999999	EXP	text_2: text = 305
278.9423999999999	EXP	text_2: autoDraw = false
278.9423999999999	EXP	Feedback: text = 292
278.9423999999999	EXP	Feedback: autoDraw = true
279.933474999998	EXP	Feedback: autoDraw = false
279.933474999998	EXP	Feedback: autoDraw = false
279.933474999998	EXP	text_3: autoDraw = true
288.3686999999991	EXP	text_3: autoDraw = false
288.3686999999991	EXP	text_3: autoDraw = false
288.3686999999991	EXP	text_2: autoDraw = true
288.3686999999991	EXP	text_2: text = 0
288.38238500000074	EXP	text_2: text = 17
288.39913499999966	EXP	text_2: text = 33
288.41572499999893	EXP	text_2: text = 50
288.43273000000045	EXP	text_2: text = 67
288.4499049999976	EXP	text_2: text = 83
288.466765000001	EXP	text_2: text = 100
288.48251499999975	EXP	text_2: text = 117
288.4992199999979	EXP	text_2: text = 133
288.5156199999983	EXP	text_2: text = 150
288.53078499999907	EXP	text_2: text = 166
288.5473949999977	EXP	text_2: text = 183
288.5636449999983	EXP	text_2: text = 199
288.5801949999986	EXP	text_2: text = 216
288.5969100000002	EXP	text_2: text = 233
288.6134600000005	EXP	text_2: text = 249
288.6300049999991	EXP	text_2: text = 266
288.64683499999956	EXP	text_2: text = 283
288.6634400000002	EXP	text_2: text = 299
288.6831999999995	EXP	text_2: text = 317
288.68992000000065	DATA	Keydown:  
288.70323999999886	EXP	text_2: text = 335
288.70323999999886	EXP	text_2: autoDraw = false
288.70323999999886	EXP	Feedback: text = 321
288.70323999999886	EXP	Feedback: autoDraw = true
289.7005250000002	EXP	Feedback: autoDraw = false
289.7005250000002	EXP	Feedback: autoDraw = false
289.7005250000002	EXP	text_3: autoDraw = true
299.085070000001	EXP	text_3: autoDraw = false
299.085070000001	EXP	text_3: autoDraw = false
299.085070000001	EXP	text_2: autoDraw = true
299.085070000001	EXP	text_2: text = 0
299.09881999999925	EXP	text_2: text = 17
299.1154999999999	EXP	text_2: text = 33
299.1311649999989	EXP	text_2: text = 50
299.14912499999997	EXP	text_2: text = 67
299.1654899999994	EXP	text_2: text = 83
299.182249999998	EXP	text_2: text = 100
299.19918499999767	EXP	text_2: text = 117
299.2164349999985	EXP	text_2: text = 133
299.23127999999997	EXP	text_2: text = 150
299.2480350000006	EXP	text_2: text = 166
299.26469000000003	EXP	text_2: text = 183
299.281329999998	EXP	text_2: text = 200
299.29797499999773	EXP	text_2: text = 216
299.31466999999975	EXP	text_2: text = 233
299.33171999999826	EXP	text_2: text = 250
299.34800499999983	EXP	text_2: text = 266
299.3646599999993	EXP	text_2: text = 283
299.3827999999994	EXP	text_2: text = 300
299.39946000000054	EXP	text_2: text = 316
299.4163799999988	EXP	text_2: text = 333
299.4326000000001	EXP	text_2: text = 350
299.44174999999814	DATA	Keydown:  
299.4536599999992	EXP	text_2: text = 367
299.4536599999992	EXP	text_2: autoDraw = false
299.4536599999992	EXP	Feedback: text = 357
299.4536599999992	EXP	Feedback: autoDraw = true
300.4485449999993	EXP	Feedback: autoDraw = false
300.4485449999993	EXP	Feedback: autoDraw = false
300.4485449999993	EXP	text_3: autoDraw = true
306.4306250000009	EXP	text_3: autoDraw = false
306.4306250000009	EXP	text_3: autoDraw = false
306.4306250000009	EXP	text_2: autoDraw = true
306.4306250000009	EXP	text_2: text = 0
306.44625499999887	EXP	text_2: text = 17
306.4629749999985	EXP	text_2: text = 33
306.47966499999893	EXP	text_2: text = 50
306.49634499999956	EXP	text_2: text = 67
306.51319499999954	EXP	text_2: text = 83
306.5303700000004	EXP	text_2: text = 100
306.54812499999747	EXP	text_2: text = 117
306.5634150000006	EXP	text_2: text = 133
306.5799449999977	EXP	text_2: text = 150
306.596590000001	EXP	text_2: text = 167
306.61328499999945	EXP	text_2: text = 183
306.63000000000096	EXP	text_2: text = 200
306.64655499999935	EXP	text_2: text = 217
306.66327000000086	EXP	text_2: text = 233
306.6799649999993	EXP	text_2: text = 250
306.69657000000007	EXP	text_2: text = 267
306.7133150000009	EXP	text_2: text = 283
306.72987999999896	EXP	text_2: text = 300
306.74641999999955	EXP	text_2: text = 317
306.76324499999834	EXP	text_2: text = 333
306.77996999999954	EXP	text_2: text = 350
306.7965999999978	EXP	text_2: text = 367
306.80684499999916	DATA	Keydown:  
306.81411500000104	EXP	text_2: text = 383
306.81411500000104	EXP	text_2: autoDraw = false
306.81411500000104	EXP	Feedback: text = 376
306.81411500000104	EXP	Feedback: autoDraw = true
307.81641500000114	EXP	Feedback: autoDraw = false
307.81641500000114	EXP	Feedback: autoDraw = false
307.81641500000114	EXP	text_3: autoDraw = true
314.93445000000065	EXP	text_3: autoDraw = false
314.93445000000065	EXP	text_3: autoDraw = false
314.93445000000065	EXP	text_2: autoDraw = true
314.93445000000065	EXP	text_2: text = 0
314.9484300000003	EXP	text_2: text = 16
314.96509499999956	EXP	text_2: text = 33
314.9818400000004	EXP	text_2: text = 50
314.9988200000007	EXP	text_2: text = 67
315.01580499999903	EXP	text_2: text = 83
315.032654999999	EXP	text_2: text = 100
315.0483099999983	EXP	text_2: text = 117
315.0656449999988	EXP	text_2: text = 133
315.08174499999944	EXP	text_2: text = 150
315.09909999999945	EXP	text_2: text = 166
315.11587499999945	EXP	text_2: text = 183
315.132454999999	EXP	text_2: text = 200
315.14893999999913	EXP	text_2: text = 216
315.16566500000044	EXP	text_2: text = 233
315.1822700000011	EXP	text_2: text = 250
315.19829000000027	EXP	text_2: text = 266
315.2189849999995	EXP	text_2: text = 286
315.2216449999978	DATA	Keydown:  
315.23416	EXP	text_2: text = 300
315.23416	EXP	text_2: autoDraw = false
315.23416	EXP	Feedback: text = 287
315.23416	EXP	Feedback: autoDraw = true
316.25821999999965	EXP	Feedback: autoDraw = false
316.25821999999965	EXP	Feedback: autoDraw = false
316.25821999999965	EXP	End_text: autoDraw = true
330.4895499999984	DATA	Keydown:  
332.8570899999977	DATA	Mouse: 0 button down, pos=(961,562)
332.93133999999924	DATA	Mouse: 0 button down, pos=(961,562)
333.20067500000005	DATA	Mouse: 0 button down, pos=(796,469)
333.2847350000011	DATA	Mouse: 0 button down, pos=(795,469)
