0.16219999999998436	EXP	Created Window = Window( name=Window, fullscr=true, color=#000000, units=height, waitBlanking=true, autoLog=true, size=[980,498] )
6.897600000000011	DATA	Keydown: Shift
7.132800000000088	DATA	Keydown: R
7.771400000000085	DATA	Keydown: I
8.72569999999996	DATA	Keydown: 5
9.22140000000013	DATA	Keydown: 3
10.090000000000146	DATA	Keydown: 4
10.701600000000099	DATA	Keydown: 4
11.109100000000126	DATA	Keydown: 0
13.610300000000052	EXP	Created text = TextStim( name=text, win=Window( name=Window, fullscr=true, color=#000000, ~), autoDraw=null, autoLog=true, units=height, ori=null, opacity=1, pos=[0,0], size=undefined, text=INSTRUCTIONS [EN]


A counter will appear and star~, font=Arial, color=#FFFFFF, contrast=1, height=0.03, bold=null, italic=null, alignHoriz=left, alignVert=center, wrapWidth=1, flipHoriz=null, flipVert=null )
13.614199999999983	EXP	Created text_3 = TextStim( name=text_3, win=Window( name=Window, fullscr=true, color=#000000, ~), autoDraw=null, autoLog=true, units=height, ori=null, opacity=1, pos=[0,0], size=undefined, text=null, font=Arial, color=#FFFFFF, contrast=1, height=0.1, bold=null, italic=null, alignHoriz=left, alignVert=center, wrapWidth=1, flipHoriz=null, flipVert=null )
13.616300000000138	EXP	Created text_2 = TextStim( name=text_2, win=Window( name=Window, fullscr=true, color=#000000, ~), autoDraw=null, autoLog=true, units=height, ori=null, opacity=1, pos=[0,0], size=undefined, text=default text, font=Arial, color=#ff0000, contrast=1, height=0.15, bold=null, italic=null, alignHoriz=left, alignVert=center, wrapWidth=1, flipHoriz=null, flipVert=null )
13.618200000000115	EXP	Created Feedback = TextStim( name=Feedback, win=Window( name=Window, fullscr=true, color=#000000, ~), autoDraw=null, autoLog=true, units=height, ori=null, opacity=1, pos=[0,0], size=undefined, text=default text, font=Arial, color=#ff0000, contrast=1, height=0.15, bold=null, italic=null, alignHoriz=left, alignVert=center, wrapWidth=1, flipHoriz=null, flipVert=null )
13.619900000000143	EXP	Created End_text = TextStim( name=End_text, win=Window( name=Window, fullscr=true, color=#000000, ~), autoDraw=null, autoLog=true, units=height, ori=null, opacity=1, pos=[0,0], size=undefined, text=This study aimed to look at procedural learning, i~, font=Arial, color=#FFFFFF, contrast=1, height=0.025, bold=null, italic=null, alignHoriz=left, alignVert=center, wrapWidth=1, flipHoriz=null, flipVert=null )
13.674099999999953	EXP	text: units = "height"
13.674099999999953	EXP	text: ori = 0
13.674099999999953	EXP	text: opacity = 1
13.674099999999953	EXP	text: pos = [0,0]
13.674099999999953	EXP	text: size = undefined
13.674099999999953	EXP	text: text = "INSTRUCTIONS [EN]\n\n\nA counter will appear and start counting at random times, press SPACE as fast as possible when it appears.\n\n\nPress SPACE to start\n\n-------\n\nInstruções [PT]\n\n\nUm cronómetro vai aparecer e começar a contar aleatoriamente, pressione a tecla SPACE assim que ele aparecer.\n\n\nPressiona SPACE para começar."
13.674099999999953	EXP	text: font = "Arial"
13.674099999999953	EXP	text: color = {"_hex":"#FFFFFF","_rgb":[1,1,1]}
13.674099999999953	EXP	text: contrast = 1
13.674099999999953	EXP	text: height = 0.03
13.674099999999953	EXP	text: bold = false
13.674099999999953	EXP	text: italic = false
13.674099999999953	EXP	text: alignHoriz = "left"
13.674099999999953	EXP	text: alignVert = "center"
13.674099999999953	EXP	text: wrapWidth = 1
13.674099999999953	EXP	text: flipHoriz = false
13.674099999999953	EXP	text: flipVert = false
13.674099999999953	EXP	text_3: units = "height"
13.674099999999953	EXP	text_3: ori = 0
13.674099999999953	EXP	text_3: opacity = 1
13.674099999999953	EXP	text_3: pos = [0,0]
13.674099999999953	EXP	text_3: size = undefined
13.674099999999953	EXP	text_3: text = ""
13.674099999999953	EXP	text_3: font = "Arial"
13.674099999999953	EXP	text_3: color = {"_hex":"#FFFFFF","_rgb":[1,1,1]}
13.674099999999953	EXP	text_3: contrast = 1
13.674099999999953	EXP	text_3: height = 0.1
13.674099999999953	EXP	text_3: bold = false
13.674099999999953	EXP	text_3: italic = false
13.674099999999953	EXP	text_3: alignHoriz = "left"
13.674099999999953	EXP	text_3: alignVert = "center"
13.674099999999953	EXP	text_3: wrapWidth = 1
13.674099999999953	EXP	text_3: flipHoriz = false
13.674099999999953	EXP	text_3: flipVert = false
13.674099999999953	EXP	text_2: units = "height"
13.674099999999953	EXP	text_2: ori = 0
13.674099999999953	EXP	text_2: opacity = 1
13.674099999999953	EXP	text_2: pos = [0,0]
13.674099999999953	EXP	text_2: size = undefined
13.674099999999953	EXP	text_2: text = "default text"
13.674099999999953	EXP	text_2: font = "Arial"
13.674099999999953	EXP	text_2: color = {"_rgb":[1,0,0]}
13.674099999999953	EXP	text_2: contrast = 1
13.674099999999953	EXP	text_2: height = 0.15
13.674099999999953	EXP	text_2: bold = false
13.674099999999953	EXP	text_2: italic = false
13.674099999999953	EXP	text_2: alignHoriz = "left"
13.674099999999953	EXP	text_2: alignVert = "center"
13.674099999999953	EXP	text_2: wrapWidth = 1
13.674099999999953	EXP	text_2: flipHoriz = false
13.674099999999953	EXP	text_2: flipVert = false
13.674099999999953	EXP	Feedback: units = "height"
13.674099999999953	EXP	Feedback: ori = 0
13.674099999999953	EXP	Feedback: opacity = 1
13.674099999999953	EXP	Feedback: pos = [0,0]
13.674099999999953	EXP	Feedback: size = undefined
13.674099999999953	EXP	Feedback: text = "default text"
13.674099999999953	EXP	Feedback: font = "Arial"
13.674099999999953	EXP	Feedback: color = {"_rgb":[1,0,0]}
13.674099999999953	EXP	Feedback: contrast = 1
13.674099999999953	EXP	Feedback: height = 0.15
13.674099999999953	EXP	Feedback: bold = false
13.674099999999953	EXP	Feedback: italic = false
13.674099999999953	EXP	Feedback: alignHoriz = "left"
13.674099999999953	EXP	Feedback: alignVert = "center"
13.674099999999953	EXP	Feedback: wrapWidth = 1
13.674099999999953	EXP	Feedback: flipHoriz = false
13.674099999999953	EXP	Feedback: flipVert = false
13.674099999999953	EXP	End_text: units = "height"
13.674099999999953	EXP	End_text: ori = 0
13.674099999999953	EXP	End_text: opacity = 1
13.674099999999953	EXP	End_text: pos = [0,0]
13.674099999999953	EXP	End_text: size = undefined
13.674099999999953	EXP	End_text: text = "This study aimed to look at procedural learning, i.e. our ability to extract patterns from the input that we are constantly receiving. This skill is thought to be essential for language and literacy acquisition and has been suggested as a possible underlying difficult in children with Language Impairments and Dyslexia. This study aims to improve the measures of procedural learning (the smiley face task) so that we can measure procedural learning more reliably and, in the future, analyse the performance of individuals with learning impairments.\nThank you for participating!\n\n----\n\nEste estudo tem como objectivo analisar a nossa capacidade de extrair padrões da informação que estamos constantemente a receber. Pensa-se que esta competência é essencial para a aquisição da linguagem e literacia e foi sugerido que dificuldades neste tipo de competências poderá estar relacionado com perturbações da linguagem e Dislexia. Este estudo tem como objectivo melhorar a estabilidade das medidas usadas para medir este tipo de memória (a tarefa da cara sorridente) de forma a poder medir de forma mais precisa e, no futuro, analisar a performance de indivíduos com perturbações da aprendizagem. \nMuito obrigada por ter participado!"
13.674099999999953	EXP	End_text: font = "Arial"
13.674099999999953	EXP	End_text: color = {"_hex":"#FFFFFF","_rgb":[1,1,1]}
13.674099999999953	EXP	End_text: contrast = 1
13.674099999999953	EXP	End_text: height = 0.025
13.674099999999953	EXP	End_text: bold = false
13.674099999999953	EXP	End_text: italic = false
13.674099999999953	EXP	End_text: alignHoriz = "left"
13.674099999999953	EXP	End_text: alignVert = "center"
13.674099999999953	EXP	End_text: wrapWidth = 1
13.674099999999953	EXP	End_text: flipHoriz = false
13.674099999999953	EXP	End_text: flipVert = false
13.674099999999953	EXP	text: autoDraw = true
17.00160000000005	DATA	Keydown:  
17.110300000000052	EXP	text: autoDraw = false
17.110300000000052	EXP	text_3: autoDraw = true
25.537900000000036	EXP	text_3: autoDraw = false
25.537900000000036	EXP	text_3: autoDraw = false
25.537900000000036	EXP	text_2: autoDraw = true
25.537900000000036	EXP	text_2: text = 1
25.562300000000047	EXP	text_2: text = 151
25.581400000000034	EXP	text_2: text = 175
25.599799999999963	EXP	text_2: text = 192
25.631700000000137	EXP	text_2: text = 221
25.65959999999996	EXP	text_2: text = 245
25.700199999999995	EXP	text_2: text = 285
25.736000000000104	EXP	text_2: text = 321
25.768400000000156	EXP	text_2: text = 357
25.800700000000006	EXP	text_2: text = 383
25.836099999999984	EXP	text_2: text = 412
25.873400000000174	EXP	text_2: text = 446
25.882700000000117	DATA	Keydown:  
25.89740000000006	EXP	text_2: text = 487
25.89740000000006	EXP	text_2: autoDraw = false
25.89740000000006	EXP	Feedback: text = 345
25.89740000000006	EXP	Feedback: autoDraw = true
26.912000000000035	EXP	Feedback: autoDraw = false
26.912000000000035	EXP	Feedback: autoDraw = false
26.912000000000035	EXP	text_3: autoDraw = true
35.67859999999995	EXP	text_3: autoDraw = false
35.67859999999995	EXP	text_3: autoDraw = false
35.67859999999995	EXP	text_2: autoDraw = true
35.67859999999995	EXP	text_2: text = 0
35.708000000000084	EXP	text_2: text = 35
35.74210000000016	EXP	text_2: text = 67
35.77999999999997	EXP	text_2: text = 94
35.80520000000001	EXP	text_2: text = 133
35.830000000000155	EXP	text_2: text = 158
35.85239999999999	EXP	text_2: text = 179
35.879900000000134	EXP	text_2: text = 201
35.90340000000015	EXP	text_2: text = 230
35.927800000000154	EXP	text_2: text = 252
35.95479999999998	EXP	text_2: text = 281
35.977600000000166	EXP	text_2: text = 302
35.995800000000145	EXP	text_2: text = 326
36.02060000000006	EXP	text_2: text = 345
36.02819999999997	DATA	Keydown:  
36.052200000000084	EXP	text_2: text = 371
36.052200000000084	EXP	text_2: autoDraw = false
36.052200000000084	EXP	Feedback: text = 350
36.052200000000084	EXP	Feedback: autoDraw = true
37.04250000000002	EXP	Feedback: autoDraw = false
37.04250000000002	EXP	Feedback: autoDraw = false
37.04250000000002	EXP	text_3: autoDraw = true
42.48630000000003	EXP	text_3: autoDraw = false
42.48630000000003	EXP	text_3: autoDraw = false
42.48630000000003	EXP	text_2: autoDraw = true
42.48630000000003	EXP	text_2: text = 0
42.50890000000004	EXP	text_2: text = 29
42.53600000000006	EXP	text_2: text = 53
42.561500000000024	EXP	text_2: text = 80
42.58030000000008	EXP	text_2: text = 104
42.602800000000116	EXP	text_2: text = 126
42.62810000000013	EXP	text_2: text = 149
42.65100000000007	EXP	text_2: text = 171
42.66870000000017	EXP	text_2: text = 193
42.69260000000009	EXP	text_2: text = 211
42.71010000000002	EXP	text_2: text = 235
42.73180000000002	EXP	text_2: text = 255
42.760099999999966	EXP	text_2: text = 274
42.78250000000002	EXP	text_2: text = 305
42.790899999999965	DATA	Keydown:  
42.8143	EXP	text_2: text = 329
42.8143	EXP	text_2: autoDraw = false
42.8143	EXP	Feedback: text = 305
42.8143	EXP	Feedback: autoDraw = true
43.80400000000009	EXP	Feedback: autoDraw = false
43.80400000000009	EXP	Feedback: autoDraw = false
43.80400000000009	EXP	text_3: autoDraw = true
50.31190000000015	EXP	text_3: autoDraw = false
50.31190000000015	EXP	text_3: autoDraw = false
50.31190000000015	EXP	text_2: autoDraw = true
50.31190000000015	EXP	text_2: text = 0
50.3329000000001	EXP	text_2: text = 24
50.35140000000001	EXP	text_2: text = 45
50.38180000000011	EXP	text_2: text = 66
50.40240000000017	EXP	text_2: text = 93
50.41949999999997	EXP	text_2: text = 113
50.44540000000006	EXP	text_2: text = 132
50.464200000000126	EXP	text_2: text = 156
50.48590000000013	EXP	text_2: text = 176
50.51980000000003	EXP	text_2: text = 197
50.54860000000008	EXP	text_2: text = 234
50.59050000000003	EXP	text_2: text = 260
50.60710000000017	EXP	text_2: text = 300
50.62239999999998	EXP	text_2: text = 315
50.641299999999994	EXP	text_2: text = 331
50.655100000000175	EXP	text_2: text = 349
50.67340000000013	EXP	text_2: text = 365
50.67820000000007	DATA	Keydown:  
50.712999999999965	EXP	text_2: text = 385
50.712999999999965	EXP	text_2: autoDraw = false
50.712999999999965	EXP	Feedback: text = 367
50.712999999999965	EXP	Feedback: autoDraw = true
51.68320000000016	EXP	Feedback: autoDraw = false
51.68320000000016	EXP	Feedback: autoDraw = false
51.68320000000016	EXP	text_3: autoDraw = true
56.30770000000006	EXP	text_3: autoDraw = false
56.30770000000006	EXP	text_3: autoDraw = false
56.30770000000006	EXP	text_2: autoDraw = true
56.30770000000006	EXP	text_2: text = 0
56.33840000000009	EXP	text_2: text = 25
56.36699999999997	EXP	text_2: text = 56
56.3855000000001	EXP	text_2: text = 86
56.41170000000011	EXP	text_2: text = 107
56.445900000000165	EXP	text_2: text = 141
56.47400000000016	EXP	text_2: text = 167
56.50500000000011	EXP	text_2: text = 194
56.53750000000014	EXP	text_2: text = 224
56.558700000000044	EXP	text_2: text = 255
56.577600000000075	EXP	text_2: text = 276
56.60350000000017	EXP	text_2: text = 295
56.62440000000015	EXP	text_2: text = 321
56.641800000000096	EXP	text_2: text = 342
56.66960000000017	EXP	text_2: text = 362
56.69209999999999	EXP	text_2: text = 387
56.71040000000016	EXP	text_2: text = 410
56.736000000000104	EXP	text_2: text = 435
56.75549999999998	EXP	text_2: text = 454
56.773800000000165	EXP	text_2: text = 474
56.798500000000104	EXP	text_2: text = 491
56.816700000000075	EXP	text_2: text = 517
56.84030000000007	EXP	text_2: text = 539
56.87070000000016	EXP	text_2: text = 566
56.890300000000025	EXP	text_2: text = 588
56.90769999999998	EXP	text_2: text = 608
56.93520000000012	EXP	text_2: text = 627
56.96460000000001	EXP	text_2: text = 657
56.99130000000014	EXP	text_2: text = 689
56.9982	DATA	Keydown:  
57.017900000000054	EXP	text_2: text = 713
57.017900000000054	EXP	text_2: autoDraw = false
57.017900000000054	EXP	Feedback: text = 691
57.017900000000054	EXP	Feedback: autoDraw = true
58.01020000000017	EXP	Feedback: autoDraw = false
58.01020000000017	EXP	Feedback: autoDraw = false
58.01020000000017	EXP	text_3: autoDraw = true
61.878600000000006	DATA	Keydown:  
66.07120000000009	EXP	text_3: autoDraw = false
66.07120000000009	EXP	text_3: autoDraw = false
66.07120000000009	EXP	text_2: autoDraw = true
66.07120000000009	EXP	text_2: text = 0
66.11170000000016	EXP	text_2: text = 38
66.13340000000017	EXP	text_2: text = 74
66.16390000000001	EXP	text_2: text = 100
66.18590000000017	EXP	text_2: text = 124
66.21060000000011	EXP	text_2: text = 154
66.23340000000007	EXP	text_2: text = 176
66.26420000000007	EXP	text_2: text = 195
66.28620000000001	EXP	text_2: text = 225
66.31310000000008	EXP	text_2: text = 250
66.33580000000008	EXP	text_2: text = 273
66.3614	EXP	text_2: text = 297
66.37830000000008	EXP	text_2: text = 323
66.40290000000005	EXP	text_2: text = 344
66.4091000000001	DATA	Keydown:  
66.43610000000011	EXP	text_2: text = 366
66.43610000000011	EXP	text_2: autoDraw = false
66.43610000000011	EXP	Feedback: text = 338
66.43610000000011	EXP	Feedback: autoDraw = true
67.43110000000001	EXP	Feedback: autoDraw = false
67.43110000000001	EXP	Feedback: autoDraw = false
67.43110000000001	EXP	text_3: autoDraw = true
77.1065000000001	EXP	text_3: autoDraw = false
77.1065000000001	EXP	text_3: autoDraw = false
77.1065000000001	EXP	text_2: autoDraw = true
77.1065000000001	EXP	text_2: text = 0
77.13599999999997	EXP	text_2: text = 29
77.15740000000005	EXP	text_2: text = 56
77.1853000000001	EXP	text_2: text = 79
77.20500000000015	EXP	text_2: text = 104
77.23430000000008	EXP	text_2: text = 124
77.25199999999995	EXP	text_2: text = 154
77.29020000000014	EXP	text_2: text = 189
77.31500000000005	EXP	text_2: text = 209
77.3324	EXP	text_2: text = 234
77.36750000000006	EXP	text_2: text = 262
77.37329999999997	DATA	Keydown:  
77.3895	EXP	text_2: text = 288
77.3895	EXP	text_2: autoDraw = false
77.3895	EXP	Feedback: text = 267
77.3895	EXP	Feedback: autoDraw = true
78.37910000000011	EXP	Feedback: autoDraw = false
78.37910000000011	EXP	Feedback: autoDraw = false
78.37910000000011	EXP	text_3: autoDraw = true
87.8882000000001	EXP	text_3: autoDraw = false
87.8882000000001	EXP	text_3: autoDraw = false
87.8882000000001	EXP	text_2: autoDraw = true
87.8882000000001	EXP	text_2: text = 0
87.90730000000006	EXP	text_2: text = 36
87.93280000000004	EXP	text_2: text = 59
87.9656	EXP	text_2: text = 85
87.98890000000006	EXP	text_2: text = 119
88.01570000000015	EXP	text_2: text = 141
88.05370000000016	EXP	text_2: text = 168
88.0802000000001	EXP	text_2: text = 205
88.1083000000001	EXP	text_2: text = 231
88.14790000000016	EXP	text_2: text = 269
88.17579999999998	EXP	text_2: text = 303
88.18270000000007	DATA	Keydown:  
88.2065	EXP	text_2: text = 327
88.2065	EXP	text_2: autoDraw = false
88.2065	EXP	Feedback: text = 295
88.2065	EXP	Feedback: autoDraw = true
89.20119999999997	EXP	Feedback: autoDraw = false
89.20119999999997	EXP	Feedback: autoDraw = false
89.20119999999997	EXP	text_3: autoDraw = true
98.71630000000005	EXP	text_3: autoDraw = false
98.71630000000005	EXP	text_3: autoDraw = false
98.71630000000005	EXP	text_2: autoDraw = true
98.71630000000005	EXP	text_2: text = 0
98.73700000000008	EXP	text_2: text = 26
98.77080000000001	EXP	text_2: text = 45
98.79830000000015	EXP	text_2: text = 86
98.81989999999996	EXP	text_2: text = 106
98.8474000000001	EXP	text_2: text = 136
98.87020000000007	EXP	text_2: text = 155
98.89409999999998	EXP	text_2: text = 179
98.91790000000015	EXP	text_2: text = 203
98.94240000000013	EXP	text_2: text = 226
98.96479999999997	EXP	text_2: text = 251
98.9864	EXP	text_2: text = 275
99.00199999999995	DATA	Keydown:  
99.02480000000014	EXP	text_2: text = 306
99.02480000000014	EXP	text_2: autoDraw = false
99.02480000000014	EXP	Feedback: text = 286
99.02480000000014	EXP	Feedback: autoDraw = true
100.02269999999999	EXP	Feedback: autoDraw = false
100.02269999999999	EXP	Feedback: autoDraw = false
100.02269999999999	EXP	text_3: autoDraw = true
106.09730000000013	EXP	text_3: autoDraw = false
106.09730000000013	EXP	text_3: autoDraw = false
106.09730000000013	EXP	text_2: autoDraw = true
106.09730000000013	EXP	text_2: text = 0
106.11879999999996	EXP	text_2: text = 38
106.14599999999997	EXP	text_2: text = 59
106.16939999999998	EXP	text_2: text = 88
106.19050000000016	EXP	text_2: text = 112
106.2161000000001	EXP	text_2: text = 136
106.23569999999995	EXP	text_2: text = 155
106.2659000000001	EXP	text_2: text = 183
106.28740000000016	EXP	text_2: text = 207
106.30790000000002	EXP	text_2: text = 229
106.3297	EXP	text_2: text = 252
106.36090000000013	EXP	text_2: text = 273
106.36680000000001	DATA	Keydown:  
106.40920000000006	EXP	text_2: text = 323
106.40920000000006	EXP	text_2: autoDraw = false
106.40920000000006	EXP	Feedback: text = 270
106.40920000000006	EXP	Feedback: autoDraw = true
107.40779999999995	EXP	Feedback: autoDraw = false
107.40779999999995	EXP	Feedback: autoDraw = false
107.40779999999995	EXP	text_3: autoDraw = true
110.05310000000009	DATA	Keydown:  
114.85530000000017	EXP	text_3: autoDraw = false
114.85530000000017	EXP	text_3: autoDraw = false
114.85530000000017	EXP	text_2: autoDraw = true
114.85530000000017	EXP	text_2: text = 0
114.88869999999997	EXP	text_2: text = 37
114.91840000000002	EXP	text_2: text = 59
114.94620000000009	EXP	text_2: text = 86
114.97260000000006	EXP	text_2: text = 117
115.00240000000008	EXP	text_2: text = 146
115.03390000000013	EXP	text_2: text = 180
115.0552	EXP	text_2: text = 201
115.08050000000003	EXP	text_2: text = 224
115.10059999999999	EXP	text_2: text = 251
115.11680000000001	EXP	text_2: text = 268
115.13570000000003	EXP	text_2: text = 282
115.14499999999998	DATA	Keydown:  
115.16300000000001	EXP	text_2: text = 311
115.16300000000001	EXP	text_2: autoDraw = false
115.16300000000001	EXP	Feedback: text = 290
115.16300000000001	EXP	Feedback: autoDraw = true
116.15730000000006	EXP	Feedback: autoDraw = false
116.15730000000006	EXP	Feedback: autoDraw = false
116.15730000000006	EXP	text_3: autoDraw = true
120.0748000000001	DATA	Keydown:  
125.98350000000005	EXP	text_3: autoDraw = false
125.98350000000005	EXP	text_3: autoDraw = false
125.98350000000005	EXP	text_2: autoDraw = true
125.98350000000005	EXP	text_2: text = 0
126.01750000000015	EXP	text_2: text = 30
126.03790000000004	EXP	text_2: text = 61
126.06310000000008	EXP	text_2: text = 85
126.08000000000015	EXP	text_2: text = 107
126.10180000000014	EXP	text_2: text = 123
126.13450000000012	EXP	text_2: text = 154
126.1527000000001	EXP	text_2: text = 178
126.18050000000017	EXP	text_2: text = 197
126.19620000000009	EXP	text_2: text = 224
126.22070000000008	EXP	text_2: text = 243
126.25	EXP	text_2: text = 264
126.25310000000013	DATA	Keydown:  
126.26760000000013	EXP	text_2: text = 292
126.26760000000013	EXP	text_2: autoDraw = false
126.26760000000013	EXP	Feedback: text = 270
126.26760000000013	EXP	Feedback: autoDraw = true
127.26099999999997	EXP	Feedback: autoDraw = false
127.26099999999997	EXP	Feedback: autoDraw = false
127.26099999999997	EXP	text_3: autoDraw = true
134.37509999999997	EXP	text_3: autoDraw = false
134.37509999999997	EXP	text_3: autoDraw = false
134.37509999999997	EXP	text_2: autoDraw = true
134.37509999999997	EXP	text_2: text = 0
134.40560000000005	EXP	text_2: text = 39
134.4321	EXP	text_2: text = 59
134.44880000000012	EXP	text_2: text = 86
134.48469999999998	EXP	text_2: text = 116
134.53590000000008	EXP	text_2: text = 159
134.56349999999998	EXP	text_2: text = 190
134.58050000000003	EXP	text_2: text = 217
134.60760000000005	EXP	text_2: text = 241
134.63900000000012	EXP	text_2: text = 270
134.67070000000012	EXP	text_2: text = 303
134.68579999999997	EXP	text_2: text = 324
134.69320000000016	DATA	Keydown:  
134.71299999999997	EXP	text_2: text = 342
134.71299999999997	EXP	text_2: autoDraw = false
134.71299999999997	EXP	Feedback: text = 318
134.71299999999997	EXP	Feedback: autoDraw = true
135.72569999999996	EXP	Feedback: autoDraw = false
135.72569999999996	EXP	Feedback: autoDraw = false
135.72569999999996	EXP	text_3: autoDraw = true
145.71370000000002	EXP	text_3: autoDraw = false
145.71370000000002	EXP	text_3: autoDraw = false
145.71370000000002	EXP	text_2: autoDraw = true
145.71370000000002	EXP	text_2: text = 0
145.73870000000014	EXP	text_2: text = 38
145.76880000000003	EXP	text_2: text = 58
145.79070000000002	EXP	text_2: text = 89
145.81470000000013	EXP	text_2: text = 112
145.8496	EXP	text_2: text = 133
145.87300000000005	EXP	text_2: text = 171
145.89779999999996	EXP	text_2: text = 191
145.91949999999997	EXP	text_2: text = 217
145.94399999999996	EXP	text_2: text = 240
145.96620000000007	EXP	text_2: text = 263
145.99099999999999	EXP	text_2: text = 284
145.99480000000017	DATA	Keydown:  
146.0186000000001	EXP	text_2: text = 309
146.0186000000001	EXP	text_2: autoDraw = false
146.0186000000001	EXP	Feedback: text = 281
146.0186000000001	EXP	Feedback: autoDraw = true
147.01310000000012	EXP	Feedback: autoDraw = false
147.01310000000012	EXP	Feedback: autoDraw = false
147.01310000000012	EXP	text_3: autoDraw = true
152.0319000000002	EXP	text_3: autoDraw = false
152.0319000000002	EXP	text_3: autoDraw = false
152.0319000000002	EXP	text_2: autoDraw = true
152.0319000000002	EXP	text_2: text = 0
152.06190000000015	EXP	text_2: text = 24
152.0856000000001	EXP	text_2: text = 55
152.11810000000014	EXP	text_2: text = 85
152.14570000000003	EXP	text_2: text = 111
152.16970000000015	EXP	text_2: text = 138
152.19320000000016	EXP	text_2: text = 165
152.2098000000001	EXP	text_2: text = 185
152.23109999999997	EXP	text_2: text = 203
152.26670000000013	EXP	text_2: text = 222
152.28359999999998	EXP	text_2: text = 258
152.30079999999998	EXP	text_2: text = 275
152.31640000000016	EXP	text_2: text = 291
152.34260000000017	EXP	text_2: text = 315
152.34670000000006	DATA	Keydown:  
152.36300000000006	EXP	text_2: text = 334
152.36300000000006	EXP	text_2: autoDraw = false
152.36300000000006	EXP	Feedback: text = 315
152.36300000000006	EXP	Feedback: autoDraw = true
153.37760000000003	EXP	Feedback: autoDraw = false
153.37760000000003	EXP	Feedback: autoDraw = false
153.37760000000003	EXP	text_3: autoDraw = true
160.90790000000015	EXP	text_3: autoDraw = false
160.90790000000015	EXP	text_3: autoDraw = false
160.90790000000015	EXP	text_2: autoDraw = true
160.90790000000015	EXP	text_2: text = 0
160.93000000000006	EXP	text_2: text = 29
160.95890000000009	EXP	text_2: text = 57
160.98019999999997	EXP	text_2: text = 80
161.0067000000001	EXP	text_2: text = 102
161.0299	EXP	text_2: text = 128
161.05259999999998	EXP	text_2: text = 151
161.0712000000001	EXP	text_2: text = 175
161.09410000000003	EXP	text_2: text = 197
161.1241	EXP	text_2: text = 221
161.14460000000008	EXP	text_2: text = 244
161.15139999999997	DATA	Keydown:  
161.1753000000001	EXP	text_2: text = 268
161.1753000000001	EXP	text_2: autoDraw = false
161.1753000000001	EXP	Feedback: text = 244
161.1753000000001	EXP	Feedback: autoDraw = true
162.1748	EXP	Feedback: autoDraw = false
162.1748	EXP	Feedback: autoDraw = false
162.1748	EXP	text_3: autoDraw = true
166.85940000000005	EXP	text_3: autoDraw = false
166.85940000000005	EXP	text_3: autoDraw = false
166.85940000000005	EXP	text_2: autoDraw = true
166.85940000000005	EXP	text_2: text = 0
166.88970000000018	EXP	text_2: text = 31
166.91409999999996	EXP	text_2: text = 57
166.94119999999998	EXP	text_2: text = 85
166.97870000000012	EXP	text_2: text = 109
167.00340000000006	EXP	text_2: text = 146
167.03230000000008	EXP	text_2: text = 170
167.0585000000001	EXP	text_2: text = 198
167.0869	EXP	text_2: text = 229
167.12430000000018	EXP	text_2: text = 254
167.14980000000014	EXP	text_2: text = 295
167.16949999999997	EXP	text_2: text = 317
167.19630000000006	EXP	text_2: text = 336
167.20010000000002	DATA	Keydown:  
167.2125000000001	EXP	text_2: text = 362
167.2125000000001	EXP	text_2: autoDraw = false
167.2125000000001	EXP	Feedback: text = 341
167.2125000000001	EXP	Feedback: autoDraw = true
168.2116000000001	EXP	Feedback: autoDraw = false
168.2116000000001	EXP	Feedback: autoDraw = false
168.2116000000001	EXP	text_3: autoDraw = true
174.3864000000001	EXP	text_3: autoDraw = false
174.3864000000001	EXP	text_3: autoDraw = false
174.3864000000001	EXP	text_2: autoDraw = true
174.3864000000001	EXP	text_2: text = 0
174.40859999999998	EXP	text_2: text = 30
174.4375	EXP	text_2: text = 60
174.4643000000001	EXP	text_2: text = 82
174.48260000000005	EXP	text_2: text = 110
174.50800000000007	EXP	text_2: text = 134
174.53690000000006	EXP	text_2: text = 155
174.5661	EXP	text_2: text = 182
174.58280000000013	EXP	text_2: text = 211
174.60630000000015	EXP	text_2: text = 232
174.6332	EXP	text_2: text = 253
174.63670000000002	DATA	Keydown:  
174.65010000000007	EXP	text_2: text = 276
174.65010000000007	EXP	text_2: autoDraw = false
174.65010000000007	EXP	Feedback: text = 250
174.65010000000007	EXP	Feedback: autoDraw = true
175.64280000000008	EXP	Feedback: autoDraw = false
175.64280000000008	EXP	Feedback: autoDraw = false
175.64280000000008	EXP	text_3: autoDraw = true
181.2233000000001	DATA	Keydown:  
185.31580000000008	EXP	text_3: autoDraw = false
185.31580000000008	EXP	text_3: autoDraw = false
185.31580000000008	EXP	text_2: autoDraw = true
185.31580000000008	EXP	text_2: text = 0
185.34050000000002	EXP	text_2: text = 26
185.35540000000015	EXP	text_2: text = 52
185.37480000000005	EXP	text_2: text = 65
185.39150000000018	EXP	text_2: text = 85
185.41660000000002	EXP	text_2: text = 105
185.43910000000005	EXP	text_2: text = 135
185.45420000000013	EXP	text_2: text = 150
185.47749999999996	EXP	text_2: text = 171
185.50279999999998	EXP	text_2: text = 190
185.51510000000007	EXP	text_2: text = 213
185.53740000000016	EXP	text_2: text = 225
185.55470000000014	EXP	text_2: text = 248
185.58860000000004	EXP	text_2: text = 274
185.60879999999997	EXP	text_2: text = 301
185.61599999999999	DATA	Keydown:  
185.63959999999997	EXP	text_2: text = 324
185.63959999999997	EXP	text_2: autoDraw = false
185.63959999999997	EXP	Feedback: text = 300
185.63959999999997	EXP	Feedback: autoDraw = true
186.6282000000001	EXP	Feedback: autoDraw = false
186.6282000000001	EXP	Feedback: autoDraw = false
186.6282000000001	EXP	text_3: autoDraw = true
192.89139999999998	EXP	text_3: autoDraw = false
192.89139999999998	EXP	text_3: autoDraw = false
192.89139999999998	EXP	text_2: autoDraw = true
192.89139999999998	EXP	text_2: text = 0
192.90550000000007	EXP	text_2: text = 21
192.92180000000008	EXP	text_2: text = 34
192.94280000000003	EXP	text_2: text = 53
192.95510000000013	EXP	text_2: text = 71
192.9760000000001	EXP	text_2: text = 86
192.99300000000017	EXP	text_2: text = 107
193.01170000000002	EXP	text_2: text = 123
193.0277000000001	EXP	text_2: text = 141
193.0435	EXP	text_2: text = 158
193.05790000000002	EXP	text_2: text = 172
193.07720000000018	EXP	text_2: text = 192
193.0929000000001	EXP	text_2: text = 206
193.10840000000007	EXP	text_2: text = 223
193.12750000000005	EXP	text_2: text = 239
193.14229999999998	EXP	text_2: text = 256
193.15870000000018	EXP	text_2: text = 272
193.1771000000001	EXP	text_2: text = 291
193.19299999999998	EXP	text_2: text = 306
193.2092	EXP	text_2: text = 321
193.2233000000001	EXP	text_2: text = 339
193.2428	EXP	text_2: text = 355
193.24770000000012	DATA	Keydown:  
193.26830000000018	EXP	text_2: text = 374
193.26830000000018	EXP	text_2: autoDraw = false
193.26830000000018	EXP	Feedback: text = 357
193.26830000000018	EXP	Feedback: autoDraw = true
194.28930000000014	EXP	Feedback: autoDraw = false
194.28930000000014	EXP	Feedback: autoDraw = false
194.28930000000014	EXP	text_3: autoDraw = true
197.21420000000012	EXP	text_3: autoDraw = false
197.21420000000012	EXP	text_3: autoDraw = false
197.21420000000012	EXP	text_2: autoDraw = true
197.21420000000012	EXP	text_2: text = 0
197.2428	EXP	text_2: text = 37
197.26200000000017	EXP	text_2: text = 59
197.28120000000013	EXP	text_2: text = 81
197.30809999999997	EXP	text_2: text = 106
197.32490000000007	EXP	text_2: text = 124
197.3496	EXP	text_2: text = 144
197.37419999999997	EXP	text_2: text = 167
197.3900000000001	EXP	text_2: text = 191
197.41190000000006	EXP	text_2: text = 209
197.43720000000008	EXP	text_2: text = 228
197.4516000000001	EXP	text_2: text = 252
197.49019999999996	EXP	text_2: text = 278
197.53410000000008	EXP	text_2: text = 305
197.53809999999996	DATA	Keydown:  
197.56040000000007	EXP	text_2: text = 353
197.56040000000007	EXP	text_2: autoDraw = false
197.56040000000007	EXP	Feedback: text = 324
197.56040000000007	EXP	Feedback: autoDraw = true
198.54700000000003	EXP	Feedback: autoDraw = false
198.54700000000003	EXP	Feedback: autoDraw = false
198.54700000000003	EXP	text_3: autoDraw = true
206.0897	EXP	text_3: autoDraw = false
206.0897	EXP	text_3: autoDraw = false
206.0897	EXP	text_2: autoDraw = true
206.0897	EXP	text_2: text = 0
206.10590000000002	EXP	text_2: text = 22
206.1196	EXP	text_2: text = 38
206.1431	EXP	text_2: text = 58
206.17270000000008	EXP	text_2: text = 76
206.17679999999996	DATA	Keydown:  
206.19330000000014	EXP	text_2: text = 107
206.19330000000014	EXP	text_2: autoDraw = false
206.19330000000014	EXP	Feedback: text = 87
206.19330000000014	EXP	Feedback: autoDraw = true
207.17749999999998	EXP	Feedback: autoDraw = false
207.17749999999998	EXP	Feedback: autoDraw = false
207.17749999999998	EXP	text_3: autoDraw = true
210.08650000000011	EXP	text_3: autoDraw = false
210.08650000000011	EXP	text_3: autoDraw = false
210.08650000000011	EXP	text_2: autoDraw = true
210.08650000000011	EXP	text_2: text = 0
210.12210000000005	EXP	text_2: text = 27
210.14300000000003	EXP	text_2: text = 61
210.17050000000017	EXP	text_2: text = 85
210.18680000000018	EXP	text_2: text = 110
210.22109999999998	EXP	text_2: text = 131
210.23770000000013	EXP	text_2: text = 160
210.2614000000001	EXP	text_2: text = 183
210.30020000000013	EXP	text_2: text = 213
210.31989999999996	EXP	text_2: text = 240
210.34190000000012	EXP	text_2: text = 260
210.37300000000005	EXP	text_2: text = 284
210.39250000000018	EXP	text_2: text = 313
210.4136000000001	EXP	text_2: text = 333
210.43860000000018	EXP	text_2: text = 357
210.44510000000014	DATA	Keydown:  
210.47530000000006	EXP	text_2: text = 385
210.47530000000006	EXP	text_2: autoDraw = false
210.47530000000006	EXP	Feedback: text = 359
210.47530000000006	EXP	Feedback: autoDraw = true
211.44849999999997	EXP	Feedback: autoDraw = false
211.44849999999997	EXP	Feedback: autoDraw = false
211.44849999999997	EXP	text_3: autoDraw = true
219.13350000000014	EXP	text_3: autoDraw = false
219.13350000000014	EXP	text_3: autoDraw = false
219.13350000000014	EXP	text_2: autoDraw = true
219.13350000000014	EXP	text_2: text = 0
219.1477	EXP	text_2: text = 20
219.17050000000017	EXP	text_2: text = 41
219.19960000000015	EXP	text_2: text = 58
219.21980000000008	EXP	text_2: text = 88
219.23810000000003	EXP	text_2: text = 111
219.25580000000014	EXP	text_2: text = 125
219.28179999999998	EXP	text_2: text = 144
219.298	EXP	text_2: text = 170
219.31889999999999	EXP	text_2: text = 188
219.33799999999997	EXP	text_2: text = 208
219.35190000000011	EXP	text_2: text = 224
219.36470000000008	EXP	text_2: text = 238
219.3819000000001	EXP	text_2: text = 253
219.39790000000016	EXP	text_2: text = 269
219.4172000000001	EXP	text_2: text = 285
219.43560000000002	EXP	text_2: text = 305
219.43970000000013	DATA	Keydown:  
219.4599000000001	EXP	text_2: text = 324
219.4599000000001	EXP	text_2: autoDraw = false
219.4599000000001	EXP	Feedback: text = 306
219.4599000000001	EXP	Feedback: autoDraw = true
220.46620000000007	EXP	Feedback: autoDraw = false
220.46620000000007	EXP	Feedback: autoDraw = false
220.46620000000007	EXP	text_3: autoDraw = true
226.19330000000014	EXP	text_3: autoDraw = false
226.19330000000014	EXP	text_3: autoDraw = false
226.19330000000014	EXP	text_2: autoDraw = true
226.19330000000014	EXP	text_2: text = 5
226.222	EXP	text_2: text = 27
226.24430000000007	EXP	text_2: text = 58
226.27110000000013	EXP	text_2: text = 77
226.30460000000016	EXP	text_2: text = 104
226.32580000000007	EXP	text_2: text = 139
226.3538000000001	EXP	text_2: text = 162
226.37620000000015	EXP	text_2: text = 188
226.40330000000014	EXP	text_2: text = 213
226.42309999999998	EXP	text_2: text = 240
226.45150000000012	EXP	text_2: text = 257
226.45960000000014	DATA	Keydown:  
226.48630000000003	EXP	text_2: text = 289
226.48630000000003	EXP	text_2: autoDraw = false
226.48630000000003	EXP	Feedback: text = 266
226.48630000000003	EXP	Feedback: autoDraw = true
227.4671000000001	EXP	Feedback: autoDraw = false
227.4671000000001	EXP	Feedback: autoDraw = false
227.4671000000001	EXP	text_3: autoDraw = true
237.0005000000001	EXP	text_3: autoDraw = false
237.0005000000001	EXP	text_3: autoDraw = false
237.0005000000001	EXP	text_2: autoDraw = true
237.0005000000001	EXP	text_2: text = 0
237.0277000000001	EXP	text_2: text = 22
237.04660000000013	EXP	text_2: text = 50
237.06870000000004	EXP	text_2: text = 67
237.08450000000016	EXP	text_2: text = 90
237.09969999999998	EXP	text_2: text = 105
237.11490000000003	EXP	text_2: text = 120
237.13290000000006	EXP	text_2: text = 138
237.1477	EXP	text_2: text = 154
237.16730000000007	EXP	text_2: text = 170
237.1953000000001	EXP	text_2: text = 191
237.24940000000015	EXP	text_2: text = 245
237.27560000000017	EXP	text_2: text = 272
237.29280000000017	EXP	text_2: text = 298
237.30700000000002	EXP	text_2: text = 314
237.35760000000005	EXP	text_2: text = 330
237.36220000000003	DATA	Keydown:  
237.39010000000007	EXP	text_2: text = 388
237.39010000000007	EXP	text_2: autoDraw = false
237.39010000000007	EXP	Feedback: text = 362
237.39010000000007	EXP	Feedback: autoDraw = true
238.39060000000018	EXP	Feedback: autoDraw = false
238.39060000000018	EXP	Feedback: autoDraw = false
238.39060000000018	EXP	text_3: autoDraw = true
244.51340000000005	EXP	text_3: autoDraw = false
244.51340000000005	EXP	text_3: autoDraw = false
244.51340000000005	EXP	text_2: autoDraw = true
244.51340000000005	EXP	text_2: text = 0
244.5368000000001	EXP	text_2: text = 29
244.57400000000007	EXP	text_2: text = 64
244.59050000000002	EXP	text_2: text = 87
244.61360000000013	EXP	text_2: text = 106
244.63880000000017	EXP	text_2: text = 127
244.67650000000003	EXP	text_2: text = 170
244.69330000000014	EXP	text_2: text = 192
244.71890000000008	EXP	text_2: text = 214
244.76250000000005	EXP	text_2: text = 246
244.7858000000001	EXP	text_2: text = 278
244.81220000000008	EXP	text_2: text = 303
244.84370000000013	EXP	text_2: text = 330
244.84770000000003	DATA	Keydown:  
244.86140000000003	EXP	text_2: text = 359
244.86140000000003	EXP	text_2: autoDraw = false
244.86140000000003	EXP	Feedback: text = 335
244.86140000000003	EXP	Feedback: autoDraw = true
245.86040000000003	EXP	Feedback: autoDraw = false
245.86040000000003	EXP	Feedback: autoDraw = false
245.86040000000003	EXP	text_3: autoDraw = true
254.644	EXP	text_3: autoDraw = false
254.644	EXP	text_3: autoDraw = false
254.644	EXP	text_2: autoDraw = true
254.644	EXP	text_2: text = 0
254.6853000000001	EXP	text_2: text = 63
254.70389999999998	EXP	text_2: text = 81
254.73360000000002	EXP	text_2: text = 101
254.75080000000003	EXP	text_2: text = 128
254.7735	EXP	text_2: text = 147
254.80610000000001	EXP	text_2: text = 169
254.86290000000008	EXP	text_2: text = 239
254.87570000000005	EXP	text_2: text = 254
254.89080000000013	EXP	text_2: text = 268
254.89409999999998	DATA	Keydown:  
254.90679999999998	EXP	text_2: text = 284
254.90679999999998	EXP	text_2: autoDraw = false
254.90679999999998	EXP	Feedback: text = 250
254.90679999999998	EXP	Feedback: autoDraw = true
255.89679999999998	EXP	Feedback: autoDraw = false
255.89679999999998	EXP	Feedback: autoDraw = false
255.89679999999998	EXP	text_3: autoDraw = true
264.7551000000001	EXP	text_3: autoDraw = false
264.7551000000001	EXP	text_3: autoDraw = false
264.7551000000001	EXP	text_2: autoDraw = true
264.7551000000001	EXP	text_2: text = 0
264.78909999999996	EXP	text_2: text = 34
264.8094000000001	EXP	text_2: text = 57
264.82860000000005	EXP	text_2: text = 78
264.8493000000001	EXP	text_2: text = 99
264.8818000000001	EXP	text_2: text = 118
264.8982000000001	EXP	text_2: text = 147
264.93150000000014	EXP	text_2: text = 168
264.94910000000004	EXP	text_2: text = 197
264.96810000000005	EXP	text_2: text = 215
264.9829	EXP	text_2: text = 233
264.9997000000001	EXP	text_2: text = 248
265.0134	EXP	text_2: text = 265
265.0335	EXP	text_2: text = 282
265.05140000000006	EXP	text_2: text = 298
265.08320000000003	EXP	text_2: text = 328
265.11850000000004	EXP	text_2: text = 361
265.1536000000001	EXP	text_2: text = 402
265.19680000000017	EXP	text_2: text = 438
265.2332000000001	EXP	text_2: text = 478
265.2555	DATA	Keydown:  
265.27930000000015	EXP	text_2: text = 519
265.27930000000015	EXP	text_2: autoDraw = false
265.27930000000015	EXP	Feedback: text = 501
265.27930000000015	EXP	Feedback: autoDraw = true
266.2731000000001	EXP	Feedback: autoDraw = false
266.2731000000001	EXP	Feedback: autoDraw = false
266.2731000000001	EXP	text_3: autoDraw = true
274.08850000000007	EXP	text_3: autoDraw = false
274.08850000000007	EXP	text_3: autoDraw = false
274.08850000000007	EXP	text_2: autoDraw = true
274.08850000000007	EXP	text_2: text = 0
274.1065000000001	EXP	text_2: text = 32
274.13170000000014	EXP	text_2: text = 53
274.1699000000001	EXP	text_2: text = 75
274.1965	EXP	text_2: text = 117
274.2165	EXP	text_2: text = 139
274.2374	EXP	text_2: text = 159
274.2554	EXP	text_2: text = 179
274.2907	EXP	text_2: text = 209
274.3118000000002	EXP	text_2: text = 232
274.3303000000001	EXP	text_2: text = 254
274.3564000000001	EXP	text_2: text = 274
274.3643000000002	DATA	Keydown:  
274.3906000000002	EXP	text_2: text = 307
274.3906000000002	EXP	text_2: autoDraw = false
274.3906000000002	EXP	Feedback: text = 276
274.3906000000002	EXP	Feedback: autoDraw = true
275.37750000000005	EXP	Feedback: autoDraw = false
275.37750000000005	EXP	Feedback: autoDraw = false
275.37750000000005	EXP	text_3: autoDraw = true
278.8258000000001	EXP	text_3: autoDraw = false
278.8258000000001	EXP	text_3: autoDraw = false
278.8258000000001	EXP	text_2: autoDraw = true
278.8258000000001	EXP	text_2: text = 0
278.8448000000001	EXP	text_2: text = 21
278.8632	EXP	text_2: text = 42
278.8908000000001	EXP	text_2: text = 60
278.91060000000016	EXP	text_2: text = 86
278.9298000000001	EXP	text_2: text = 107
278.95910000000003	EXP	text_2: text = 135
279.00400000000013	EXP	text_2: text = 182
279.02470000000017	EXP	text_2: text = 202
279.048	EXP	text_2: text = 221
279.06920000000014	EXP	text_2: text = 243
279.0901000000001	EXP	text_2: text = 270
279.10570000000007	EXP	text_2: text = 283
279.12020000000007	EXP	text_2: text = 300
279.1358	EXP	text_2: text = 316
279.1537000000001	EXP	text_2: text = 331
279.18489999999997	EXP	text_2: text = 352
279.2006000000001	EXP	text_2: text = 379
279.2185000000002	EXP	text_2: text = 397
279.2401	EXP	text_2: text = 417
279.25660000000016	EXP	text_2: text = 436
279.26120000000014	DATA	Keydown:  
279.28819999999996	EXP	text_2: text = 452
279.28819999999996	EXP	text_2: autoDraw = false
279.28819999999996	EXP	Feedback: text = 436
279.28819999999996	EXP	Feedback: autoDraw = true
280.2692000000002	EXP	Feedback: autoDraw = false
280.2692000000002	EXP	Feedback: autoDraw = false
280.2692000000002	EXP	text_3: autoDraw = true
284.77340000000004	EXP	text_3: autoDraw = false
284.77340000000004	EXP	text_3: autoDraw = false
284.77340000000004	EXP	text_2: autoDraw = true
284.77340000000004	EXP	text_2: text = 0
284.8026	EXP	text_2: text = 32
284.8306	EXP	text_2: text = 58
284.86480000000006	EXP	text_2: text = 96
284.8910000000001	EXP	text_2: text = 120
284.91589999999997	EXP	text_2: text = 146
284.9443000000001	EXP	text_2: text = 171
284.9687000000001	EXP	text_2: text = 200
284.9995000000001	EXP	text_2: text = 233
285.03110000000015	EXP	text_2: text = 255
285.057	EXP	text_2: text = 286
285.0807	EXP	text_2: text = 318
285.1095	EXP	text_2: text = 336
285.1159	DATA	Keydown:  
285.1358	EXP	text_2: text = 368
285.1358	EXP	text_2: autoDraw = false
285.1358	EXP	Feedback: text = 343
285.1358	EXP	Feedback: autoDraw = true
286.1273000000001	EXP	Feedback: autoDraw = false
286.1273000000001	EXP	Feedback: autoDraw = false
286.1273000000001	EXP	text_3: autoDraw = true
289.52600000000007	EXP	text_3: autoDraw = false
289.52600000000007	EXP	text_3: autoDraw = false
289.52600000000007	EXP	text_2: autoDraw = true
289.52600000000007	EXP	text_2: text = 0
289.5635	EXP	text_2: text = 38
289.5948000000001	EXP	text_2: text = 68
289.6304	EXP	text_2: text = 101
289.6527000000001	EXP	text_2: text = 137
289.68640000000005	EXP	text_2: text = 170
289.7116000000001	EXP	text_2: text = 190
289.72860000000014	EXP	text_2: text = 215
289.74710000000005	EXP	text_2: text = 234
289.7799	EXP	text_2: text = 252
289.7995000000001	EXP	text_2: text = 285
289.80590000000007	DATA	Keydown:  
289.82180000000017	EXP	text_2: text = 306
289.82180000000017	EXP	text_2: autoDraw = false
289.82180000000017	EXP	Feedback: text = 280
289.82180000000017	EXP	Feedback: autoDraw = true
290.80820000000017	EXP	Feedback: autoDraw = false
290.80820000000017	EXP	Feedback: autoDraw = false
290.80820000000017	EXP	text_3: autoDraw = true
293.65930000000003	EXP	text_3: autoDraw = false
293.65930000000003	EXP	text_3: autoDraw = false
293.65930000000003	EXP	text_2: autoDraw = true
293.65930000000003	EXP	text_2: text = 0
293.68420000000015	EXP	text_2: text = 33
293.7129	EXP	text_2: text = 66
293.74430000000007	EXP	text_2: text = 86
293.7683000000002	EXP	text_2: text = 117
293.7954	EXP	text_2: text = 145
293.82280000000014	EXP	text_2: text = 168
293.8501000000001	EXP	text_2: text = 198
293.8796	EXP	text_2: text = 224
293.9054000000001	EXP	text_2: text = 253
293.9343000000001	EXP	text_2: text = 285
293.97630000000004	EXP	text_2: text = 325
293.9796000000001	DATA	Keydown:  
294.0050000000001	EXP	text_2: text = 348
294.0050000000001	EXP	text_2: autoDraw = false
294.0050000000001	EXP	Feedback: text = 321
294.0050000000001	EXP	Feedback: autoDraw = true
295.01060000000007	EXP	Feedback: autoDraw = false
295.01060000000007	EXP	Feedback: autoDraw = false
295.01060000000007	EXP	text_3: autoDraw = true
304.5634	EXP	text_3: autoDraw = false
304.5634	EXP	text_3: autoDraw = false
304.5634	EXP	text_2: autoDraw = true
304.5634	EXP	text_2: text = 0
304.5914	EXP	text_2: text = 35
304.6209000000001	EXP	text_2: text = 63
304.6490000000001	EXP	text_2: text = 95
304.67330000000015	EXP	text_2: text = 119
304.69730000000004	EXP	text_2: text = 144
304.7315000000001	EXP	text_2: text = 173
304.75530000000003	EXP	text_2: text = 202
304.7803000000001	EXP	text_2: text = 227
304.80430000000007	EXP	text_2: text = 251
304.82910000000015	EXP	text_2: text = 275
304.85429999999997	EXP	text_2: text = 300
304.8624	DATA	Keydown:  
304.8909000000001	EXP	text_2: text = 332
304.8909000000001	EXP	text_2: autoDraw = false
304.8909000000001	EXP	Feedback: text = 299
304.8909000000001	EXP	Feedback: autoDraw = true
305.8758	EXP	Feedback: autoDraw = false
305.8758	EXP	Feedback: autoDraw = false
305.8758	EXP	text_3: autoDraw = true
311.2255	EXP	text_3: autoDraw = false
311.2255	EXP	text_3: autoDraw = false
311.2255	EXP	text_2: autoDraw = true
311.2255	EXP	text_2: text = 0
311.2714000000001	EXP	text_2: text = 25
311.30690000000004	EXP	text_2: text = 71
311.3438000000001	EXP	text_2: text = 113
311.3787	EXP	text_2: text = 153
311.41250000000014	EXP	text_2: text = 189
311.4408000000001	EXP	text_2: text = 215
311.472	EXP	text_2: text = 243
311.5050000000001	EXP	text_2: text = 276
311.5131000000001	DATA	Keydown:  
311.5561	EXP	text_2: text = 328
311.5561	EXP	text_2: autoDraw = false
311.5561	EXP	Feedback: text = 288
311.5561	EXP	Feedback: autoDraw = true
312.5489	EXP	Feedback: autoDraw = false
312.5489	EXP	Feedback: autoDraw = false
312.5489	EXP	text_3: autoDraw = true
314.72850000000017	EXP	text_3: autoDraw = false
314.72850000000017	EXP	text_3: autoDraw = false
314.72850000000017	EXP	text_2: autoDraw = true
314.72850000000017	EXP	text_2: text = 0
314.75739999999996	EXP	text_2: text = 29
314.7813000000001	EXP	text_2: text = 55
314.80629999999996	EXP	text_2: text = 81
314.826	EXP	text_2: text = 105
314.84760000000006	EXP	text_2: text = 127
314.8745000000001	EXP	text_2: text = 146
314.89800000000014	EXP	text_2: text = 172
314.9200000000001	EXP	text_2: text = 196
314.94489999999996	EXP	text_2: text = 220
314.96810000000005	EXP	text_2: text = 245
315.0008	EXP	text_2: text = 270
315.0244	EXP	text_2: text = 304
315.0278	DATA	Keydown:  
315.0417	EXP	text_2: text = 322
315.0417	EXP	text_2: autoDraw = false
315.0417	EXP	Feedback: text = 300
315.0417	EXP	Feedback: autoDraw = true
316.03390000000013	EXP	Feedback: autoDraw = false
316.03390000000013	EXP	Feedback: autoDraw = false
316.03390000000013	EXP	text_3: autoDraw = true
319.2855000000002	EXP	text_3: autoDraw = false
319.2855000000002	EXP	text_3: autoDraw = false
319.2855000000002	EXP	text_2: autoDraw = true
319.2855000000002	EXP	text_2: text = 3
319.31149999999997	EXP	text_2: text = 35
319.3388	EXP	text_2: text = 63
319.36310000000003	EXP	text_2: text = 87
319.38620000000014	EXP	text_2: text = 112
319.41020000000003	EXP	text_2: text = 136
319.4376	EXP	text_2: text = 159
319.46119999999996	EXP	text_2: text = 186
319.48850000000016	EXP	text_2: text = 214
319.5214000000001	EXP	text_2: text = 238
319.5631000000001	EXP	text_2: text = 278
319.5878	EXP	text_2: text = 309
319.61699999999996	EXP	text_2: text = 336
319.63660000000004	EXP	text_2: text = 366
319.65740000000005	EXP	text_2: text = 386
319.66470000000004	DATA	Keydown:  
319.69450000000006	EXP	text_2: text = 410
319.69450000000006	EXP	text_2: autoDraw = false
319.69450000000006	EXP	Feedback: text = 379
319.69450000000006	EXP	Feedback: autoDraw = true
320.72400000000016	EXP	Feedback: autoDraw = false
320.72400000000016	EXP	Feedback: autoDraw = false
320.72400000000016	EXP	End_text: autoDraw = true
339.7223999999999	DATA	Keydown:  
