0.11386500007938594	EXP	Created Window = Window( name=Window, fullscr=true, color=#000000, units=height, waitBlanking=true, autoLog=true, size=[1517,694] )
4.174410000094213	DATA	Keydown: undefined
7.146075000055134	EXP	Created text = TextStim( name=text, win=Window( name=Window, fullscr=true, color=#000000, ~), autoDraw=null, autoLog=true, units=height, ori=null, opacity=1, pos=[0,0], size=undefined, text=INSTRUCTIONS [EN]


A counter will appear and star~, font=Arial, color=#FFFFFF, contrast=1, height=0.03, bold=null, italic=null, alignHoriz=left, alignVert=center, wrapWidth=1, flipHoriz=null, flipVert=null )
7.1534499999834225	EXP	Created text_3 = TextStim( name=text_3, win=Window( name=Window, fullscr=true, color=#000000, ~), autoDraw=null, autoLog=true, units=height, ori=null, opacity=1, pos=[0,0], size=undefined, text=null, font=Arial, color=#FFFFFF, contrast=1, height=0.1, bold=null, italic=null, alignHoriz=left, alignVert=center, wrapWidth=1, flipHoriz=null, flipVert=null )
7.157195000094362	EXP	Created text_2 = TextStim( name=text_2, win=Window( name=Window, fullscr=true, color=#000000, ~), autoDraw=null, autoLog=true, units=height, ori=null, opacity=1, pos=[0,0], size=undefined, text=default text, font=Arial, color=#ff0000, contrast=1, height=0.15, bold=null, italic=null, alignHoriz=left, alignVert=center, wrapWidth=1, flipHoriz=null, flipVert=null )
7.160160000086762	EXP	Created Feedback = TextStim( name=Feedback, win=Window( name=Window, fullscr=true, color=#000000, ~), autoDraw=null, autoLog=true, units=height, ori=null, opacity=1, pos=[0,0], size=undefined, text=default text, font=Arial, color=#ff0000, contrast=1, height=0.15, bold=null, italic=null, alignHoriz=left, alignVert=center, wrapWidth=1, flipHoriz=null, flipVert=null )
7.164940000046045	EXP	Created End_text = TextStim( name=End_text, win=Window( name=Window, fullscr=true, color=#000000, ~), autoDraw=null, autoLog=true, units=height, ori=null, opacity=1, pos=[0,0], size=undefined, text=This study aimed to look at procedural learning, i~, font=Arial, color=#FFFFFF, contrast=1, height=0.025, bold=null, italic=null, alignHoriz=left, alignVert=center, wrapWidth=1, flipHoriz=null, flipVert=null )
7.276150000048801	EXP	text: units = "height"
7.276150000048801	EXP	text: ori = 0
7.276150000048801	EXP	text: opacity = 1
7.276150000048801	EXP	text: pos = [0,0]
7.276150000048801	EXP	text: size = undefined
7.276150000048801	EXP	text: text = "INSTRUCTIONS [EN]\n\n\nA counter will appear and start counting at random times, press SPACE as fast as possible when it appears.\n\n\nPress SPACE to start\n\n-------\n\nInstruções [PT]\n\n\nUm cronómetro vai aparecer e começar a contar aleatoriamente, pressione a tecla SPACE assim que ele aparecer.\n\n\nPressiona SPACE para começar."
7.276150000048801	EXP	text: font = "Arial"
7.276150000048801	EXP	text: color = {"_hex":"#FFFFFF","_rgb":[1,1,1]}
7.276150000048801	EXP	text: contrast = 1
7.276150000048801	EXP	text: height = 0.03
7.276150000048801	EXP	text: bold = false
7.276150000048801	EXP	text: italic = false
7.276150000048801	EXP	text: alignHoriz = "left"
7.276150000048801	EXP	text: alignVert = "center"
7.276150000048801	EXP	text: wrapWidth = 1
7.276150000048801	EXP	text: flipHoriz = false
7.276150000048801	EXP	text: flipVert = false
7.276150000048801	EXP	text_3: units = "height"
7.276150000048801	EXP	text_3: ori = 0
7.276150000048801	EXP	text_3: opacity = 1
7.276150000048801	EXP	text_3: pos = [0,0]
7.276150000048801	EXP	text_3: size = undefined
7.276150000048801	EXP	text_3: text = ""
7.276150000048801	EXP	text_3: font = "Arial"
7.276150000048801	EXP	text_3: color = {"_hex":"#FFFFFF","_rgb":[1,1,1]}
7.276150000048801	EXP	text_3: contrast = 1
7.276150000048801	EXP	text_3: height = 0.1
7.276150000048801	EXP	text_3: bold = false
7.276150000048801	EXP	text_3: italic = false
7.276150000048801	EXP	text_3: alignHoriz = "left"
7.276150000048801	EXP	text_3: alignVert = "center"
7.276150000048801	EXP	text_3: wrapWidth = 1
7.276150000048801	EXP	text_3: flipHoriz = false
7.276150000048801	EXP	text_3: flipVert = false
7.276150000048801	EXP	text_2: units = "height"
7.276150000048801	EXP	text_2: ori = 0
7.276150000048801	EXP	text_2: opacity = 1
7.276150000048801	EXP	text_2: pos = [0,0]
7.276150000048801	EXP	text_2: size = undefined
7.276150000048801	EXP	text_2: text = "default text"
7.276150000048801	EXP	text_2: font = "Arial"
7.276150000048801	EXP	text_2: color = {"_rgb":[1,0,0]}
7.276150000048801	EXP	text_2: contrast = 1
7.276150000048801	EXP	text_2: height = 0.15
7.276150000048801	EXP	text_2: bold = false
7.276150000048801	EXP	text_2: italic = false
7.276150000048801	EXP	text_2: alignHoriz = "left"
7.276150000048801	EXP	text_2: alignVert = "center"
7.276150000048801	EXP	text_2: wrapWidth = 1
7.276150000048801	EXP	text_2: flipHoriz = false
7.276150000048801	EXP	text_2: flipVert = false
7.276150000048801	EXP	Feedback: units = "height"
7.276150000048801	EXP	Feedback: ori = 0
7.276150000048801	EXP	Feedback: opacity = 1
7.276150000048801	EXP	Feedback: pos = [0,0]
7.276150000048801	EXP	Feedback: size = undefined
7.276150000048801	EXP	Feedback: text = "default text"
7.276150000048801	EXP	Feedback: font = "Arial"
7.276150000048801	EXP	Feedback: color = {"_rgb":[1,0,0]}
7.276150000048801	EXP	Feedback: contrast = 1
7.276150000048801	EXP	Feedback: height = 0.15
7.276150000048801	EXP	Feedback: bold = false
7.276150000048801	EXP	Feedback: italic = false
7.276150000048801	EXP	Feedback: alignHoriz = "left"
7.276150000048801	EXP	Feedback: alignVert = "center"
7.276150000048801	EXP	Feedback: wrapWidth = 1
7.276150000048801	EXP	Feedback: flipHoriz = false
7.276150000048801	EXP	Feedback: flipVert = false
7.276150000048801	EXP	End_text: units = "height"
7.276150000048801	EXP	End_text: ori = 0
7.276150000048801	EXP	End_text: opacity = 1
7.276150000048801	EXP	End_text: pos = [0,0]
7.276150000048801	EXP	End_text: size = undefined
7.276150000048801	EXP	End_text: text = "This study aimed to look at procedural learning, i.e. our ability to extract patterns from the input that we are constantly receiving. This skill is thought to be essential for language and literacy acquisition and has been suggested as a possible underlying difficult in children with Language Impairments and Dyslexia. This study aims to improve the measures of procedural learning (the smiley face task) so that we can measure procedural learning more reliably and, in the future, analyse the performance of individuals with learning impairments.\nThank you for participating!\n\n----\n\nEste estudo tem como objectivo analisar a nossa capacidade de extrair padrões da informação que estamos constantemente a receber. Pensa-se que esta competência é essencial para a aquisição da linguagem e literacia e foi sugerido que dificuldades neste tipo de competências poderá estar relacionado com perturbações da linguagem e Dislexia. Este estudo tem como objectivo melhorar a estabilidade das medidas usadas para medir este tipo de memória (a tarefa da cara sorridente) de forma a poder medir de forma mais precisa e, no futuro, analisar a performance de indivíduos com perturbações da aprendizagem. \nMuito obrigada por ter participado!"
7.276150000048801	EXP	End_text: font = "Arial"
7.276150000048801	EXP	End_text: color = {"_hex":"#FFFFFF","_rgb":[1,1,1]}
7.276150000048801	EXP	End_text: contrast = 1
7.276150000048801	EXP	End_text: height = 0.025
7.276150000048801	EXP	End_text: bold = false
7.276150000048801	EXP	End_text: italic = false
7.276150000048801	EXP	End_text: alignHoriz = "left"
7.276150000048801	EXP	End_text: alignVert = "center"
7.276150000048801	EXP	End_text: wrapWidth = 1
7.276150000048801	EXP	End_text: flipHoriz = false
7.276150000048801	EXP	End_text: flipVert = false
7.276150000048801	EXP	text: autoDraw = true
9.240715000079945	DATA	Keydown:  
9.281870000064373	EXP	text: autoDraw = false
9.281870000064373	EXP	text_3: autoDraw = true
15.471699999994598	EXP	text_3: autoDraw = false
15.471699999994598	EXP	text_3: autoDraw = false
15.471699999994598	EXP	text_2: autoDraw = true
15.471699999994598	EXP	text_2: text = 1
15.49324500001967	EXP	text_2: text = 66
15.523720000055619	EXP	text_2: text = 96
15.55175500002224	EXP	text_2: text = 121
15.583385000005364	EXP	text_2: text = 154
15.61569500004407	EXP	text_2: text = 184
15.640940000070259	EXP	text_2: text = 213
15.677235000068322	EXP	text_2: text = 249
15.71941500005778	EXP	text_2: text = 291
15.74022999999579	EXP	text_2: text = 314
15.772740000043996	EXP	text_2: text = 346
15.80511000007391	EXP	text_2: text = 378
15.830584999988787	EXP	text_2: text = 402
15.863740000058897	EXP	text_2: text = 435
15.8890900000697	EXP	text_2: text = 462
15.90920500003267	DATA	Keydown:  
15.918780000065453	EXP	text_2: text = 486
15.918780000065453	EXP	text_2: autoDraw = false
15.918780000065453	EXP	Feedback: text = 438
15.918780000065453	EXP	Feedback: autoDraw = true
16.91029500006698	EXP	Feedback: autoDraw = false
16.91029500006698	EXP	Feedback: autoDraw = false
16.91029500006698	EXP	text_3: autoDraw = true
24.20798000006471	EXP	text_3: autoDraw = false
24.20798000006471	EXP	text_3: autoDraw = false
24.20798000006471	EXP	text_2: autoDraw = true
24.20798000006471	EXP	text_2: text = 0
24.237904999987222	EXP	text_2: text = 33
24.264755000011064	EXP	text_2: text = 59
24.291815000004135	EXP	text_2: text = 87
24.320505000068806	EXP	text_2: text = 115
24.345629999996163	EXP	text_2: text = 140
24.375104999984615	EXP	text_2: text = 170
24.401945000048727	EXP	text_2: text = 196
24.430374999996275	EXP	text_2: text = 226
24.45084000006318	EXP	text_2: text = 246
24.48318000009749	EXP	text_2: text = 278
24.522205000044778	EXP	text_2: text = 317
24.545515000005253	EXP	text_2: text = 340
24.577235000091605	EXP	text_2: text = 372
24.59904000000097	EXP	text_2: text = 394
24.629950000089593	EXP	text_2: text = 425
24.66338500007987	DATA	Keydown:  
24.66967500001192	EXP	text_2: text = 461
24.66967500001192	EXP	text_2: autoDraw = false
24.66967500001192	EXP	Feedback: text = 456
24.66967500001192	EXP	Feedback: autoDraw = true
25.04188500007149	DATA	Keydown:  
25.668279999983497	EXP	Feedback: autoDraw = false
25.668279999983497	EXP	Feedback: autoDraw = false
25.668279999983497	EXP	text_3: autoDraw = true
32.78176500007976	EXP	text_3: autoDraw = false
32.78176500007976	EXP	text_3: autoDraw = false
32.78176500007976	EXP	text_2: autoDraw = true
32.78176500007976	EXP	text_2: text = 0
32.814650000073016	EXP	text_2: text = 36
32.83529499999713	EXP	text_2: text = 57
32.86702500004321	EXP	text_2: text = 89
32.891345000010915	EXP	text_2: text = 112
32.92634500004351	EXP	text_2: text = 148
32.96354500006419	EXP	text_2: text = 184
32.9915350000374	EXP	text_2: text = 213
33.014470000052825	EXP	text_2: text = 236
33.04590999998618	EXP	text_2: text = 267
33.07909000001382	EXP	text_2: text = 301
33.100109999999404	EXP	text_2: text = 322
33.14085000008345	EXP	text_2: text = 360
33.17762000008952	DATA	Keydown:  
33.18624499998987	EXP	text_2: text = 404
33.18624499998987	EXP	text_2: autoDraw = false
33.18624499998987	EXP	Feedback: text = 396
33.18624499998987	EXP	Feedback: autoDraw = true
34.18864000006579	EXP	Feedback: autoDraw = false
34.18864000006579	EXP	Feedback: autoDraw = false
34.18864000006579	EXP	text_3: autoDraw = true
38.686020000022836	EXP	text_3: autoDraw = false
38.686020000022836	EXP	text_3: autoDraw = false
38.686020000022836	EXP	text_2: autoDraw = true
38.686020000022836	EXP	text_2: text = 0
38.710365000064485	EXP	text_2: text = 29
38.73916500003543	EXP	text_2: text = 58
38.7668700000504	EXP	text_2: text = 85
38.79297499998938	EXP	text_2: text = 111
38.81956500001252	EXP	text_2: text = 138
38.851290000020526	EXP	text_2: text = 168
38.88216999999713	EXP	text_2: text = 201
38.90496499999426	EXP	text_2: text = 223
38.93742000008933	EXP	text_2: text = 256
38.9592399999965	EXP	text_2: text = 278
38.99014500004705	EXP	text_2: text = 309
39.016419999999925	EXP	text_2: text = 333
39.04644000006374	EXP	text_2: text = 365
39.07232000003569	EXP	text_2: text = 391
39.10525999998208	EXP	text_2: text = 424
39.13387000001967	EXP	text_2: text = 452
39.1684949999908	DATA	Keydown:  
39.17364500008989	EXP	text_2: text = 489
39.17364500008989	EXP	text_2: autoDraw = false
39.17364500008989	EXP	Feedback: text = 483
39.17364500008989	EXP	Feedback: autoDraw = true
40.162675000028685	EXP	Feedback: autoDraw = false
40.162675000028685	EXP	Feedback: autoDraw = false
40.162675000028685	EXP	text_3: autoDraw = true
48.98737500002608	EXP	text_3: autoDraw = false
48.98737500002608	EXP	text_3: autoDraw = false
48.98737500002608	EXP	text_2: autoDraw = true
48.98737500002608	EXP	text_2: text = 0
49.00826999999117	EXP	text_2: text = 22
49.03732000000309	EXP	text_2: text = 53
49.05951000005007	EXP	text_2: text = 75
49.076835000072606	EXP	text_2: text = 92
49.11022500006948	EXP	text_2: text = 126
49.13104500004556	EXP	text_2: text = 147
49.16511000005994	EXP	text_2: text = 181
49.18451000005007	EXP	text_2: text = 201
49.21799999999348	EXP	text_2: text = 234
49.238040000083856	EXP	text_2: text = 254
49.270484999986365	EXP	text_2: text = 286
49.29398499999661	EXP	text_2: text = 309
49.32261500007007	EXP	text_2: text = 339
49.34842000005301	EXP	text_2: text = 364
49.37751500005834	EXP	text_2: text = 393
49.39805000007618	EXP	text_2: text = 413
49.429730000090785	EXP	text_2: text = 446
49.45047500007786	DATA	Keydown:  
49.45572500000708	EXP	text_2: text = 469
49.45572500000708	EXP	text_2: autoDraw = false
49.45572500000708	EXP	Feedback: text = 463
49.45572500000708	EXP	Feedback: autoDraw = true
50.45758000004571	EXP	Feedback: autoDraw = false
50.45758000004571	EXP	Feedback: autoDraw = false
50.45758000004571	EXP	text_3: autoDraw = true
55.48028500005603	EXP	text_3: autoDraw = false
55.48028500005603	EXP	text_3: autoDraw = false
55.48028500005603	EXP	text_2: autoDraw = true
55.48028500005603	EXP	text_2: text = 0
55.51350000000093	EXP	text_2: text = 37
55.53723000001628	EXP	text_2: text = 59
55.56468000006862	EXP	text_2: text = 88
55.58533000003081	EXP	text_2: text = 106
55.614340000087395	EXP	text_2: text = 137
55.63798500003759	EXP	text_2: text = 161
55.6547150000697	EXP	text_2: text = 177
55.6893150000833	EXP	text_2: text = 212
55.70911000005435	EXP	text_2: text = 232
55.74204500007909	EXP	text_2: text = 264
55.761645000078715	EXP	text_2: text = 285
55.79479000007268	EXP	text_2: text = 318
55.81405500008259	EXP	text_2: text = 337
55.84655500005465	EXP	text_2: text = 369
55.8637550000567	DATA	Keydown:  
55.87042500008829	EXP	text_2: text = 389
55.87042500008829	EXP	text_2: autoDraw = false
55.87042500008829	EXP	Feedback: text = 384
55.87042500008829	EXP	Feedback: autoDraw = true
56.86802000005264	EXP	Feedback: autoDraw = false
56.86802000005264	EXP	Feedback: autoDraw = false
56.86802000005264	EXP	text_3: autoDraw = true
63.486135000013746	EXP	text_3: autoDraw = false
63.486135000013746	EXP	text_3: autoDraw = false
63.486135000013746	EXP	text_2: autoDraw = true
63.486135000013746	EXP	text_2: text = 0
63.52049999998417	EXP	text_2: text = 39
63.54244500002824	EXP	text_2: text = 61
63.562235000077635	EXP	text_2: text = 80
63.5872199999867	EXP	text_2: text = 100
63.60908500000369	DATA	Keydown:  
63.62134499999229	EXP	text_2: text = 136
63.62134499999229	EXP	text_2: autoDraw = false
63.62134499999229	EXP	Feedback: text = 123
63.62134499999229	EXP	Feedback: autoDraw = true
64.1467999999877	DATA	Keydown:  
64.60903000005055	EXP	Feedback: autoDraw = false
64.60903000005055	EXP	Feedback: autoDraw = false
64.60903000005055	EXP	text_3: autoDraw = true
74.24362000008114	EXP	text_3: autoDraw = false
74.24362000008114	EXP	text_3: autoDraw = false
74.24362000008114	EXP	text_2: autoDraw = true
74.24362000008114	EXP	text_2: text = 0
74.26675499998964	EXP	text_2: text = 25
74.30087999999523	EXP	text_2: text = 58
74.32086500001606	EXP	text_2: text = 79
74.35314500005916	EXP	text_2: text = 112
74.3750299999956	EXP	text_2: text = 133
74.40795000002254	EXP	text_2: text = 166
74.42991000006441	EXP	text_2: text = 188
74.46233500004746	EXP	text_2: text = 221
74.48682500002906	EXP	text_2: text = 245
74.50657000008505	EXP	text_2: text = 265
74.53926500002854	EXP	text_2: text = 298
74.56142500007991	EXP	text_2: text = 320
74.59351000003517	EXP	text_2: text = 352
74.62021500000264	EXP	text_2: text = 376
74.65130000002682	EXP	text_2: text = 409
74.67072000005282	DATA	Keydown:  
74.67552500008605	EXP	text_2: text = 432
74.67552500008605	EXP	text_2: autoDraw = false
74.67552500008605	EXP	Feedback: text = 427
74.67552500008605	EXP	Feedback: autoDraw = true
75.6664050000254	EXP	Feedback: autoDraw = false
75.6664050000254	EXP	Feedback: autoDraw = false
75.6664050000254	EXP	text_3: autoDraw = true
84.16601500008255	EXP	text_3: autoDraw = false
84.16601500008255	EXP	text_3: autoDraw = false
84.16601500008255	EXP	text_2: autoDraw = true
84.16601500008255	EXP	text_2: text = 0
84.19599500007462	EXP	text_2: text = 32
84.21659500000533	EXP	text_2: text = 52
84.24751500005368	EXP	text_2: text = 83
84.26810500002466	EXP	text_2: text = 104
84.29877500003204	EXP	text_2: text = 134
84.32014500000514	EXP	text_2: text = 156
84.35240000009071	EXP	text_2: text = 188
84.37232500000391	EXP	text_2: text = 208
84.40475500002503	EXP	text_2: text = 240
84.42726999998558	EXP	text_2: text = 262
84.45819500007201	EXP	text_2: text = 292
84.4778449999867	EXP	text_2: text = 313
84.4970200000098	EXP	text_2: text = 332
84.53011000005063	EXP	text_2: text = 366
84.55199000006542	EXP	text_2: text = 387
84.58412000001408	EXP	text_2: text = 420
84.61069500003941	DATA	Keydown:  
84.61521499999799	EXP	text_2: text = 449
84.61521499999799	EXP	text_2: autoDraw = false
84.61521499999799	EXP	Feedback: text = 445
84.61521499999799	EXP	Feedback: autoDraw = true
85.60548000002746	EXP	Feedback: autoDraw = false
85.60548000002746	EXP	Feedback: autoDraw = false
85.60548000002746	EXP	text_3: autoDraw = true
88.46963499998674	EXP	text_3: autoDraw = false
88.46963499998674	EXP	text_3: autoDraw = false
88.46963499998674	EXP	text_2: autoDraw = true
88.46963499998674	EXP	text_2: text = 0
88.49887000001036	EXP	text_2: text = 36
88.52718500001356	EXP	text_2: text = 62
88.54984500003047	EXP	text_2: text = 87
88.56848000001628	EXP	text_2: text = 105
88.60087000008207	EXP	text_2: text = 138
88.62137000006624	EXP	text_2: text = 158
88.65373000002	EXP	text_2: text = 190
88.67141000006814	EXP	text_2: text = 208
88.68838000006508	EXP	text_2: text = 225
88.71109500003513	EXP	text_2: text = 245
88.7312249999959	EXP	text_2: text = 267
88.7642450000858	EXP	text_2: text = 301
88.78458000009414	EXP	text_2: text = 321
88.81698500004131	EXP	text_2: text = 354
88.83503000007477	EXP	text_2: text = 372
88.8667350000469	EXP	text_2: text = 403
88.88498000008985	EXP	text_2: text = 422
88.9155449999962	EXP	text_2: text = 452
88.93454000004567	EXP	text_2: text = 471
88.9640050000744	EXP	text_2: text = 501
88.9845750000095	EXP	text_2: text = 521
89.00441500009038	EXP	text_2: text = 540
89.02187000005506	DATA	Keydown:  
89.04122000001371	EXP	text_2: text = 575
89.04122000001371	EXP	text_2: autoDraw = false
89.04122000001371	EXP	Feedback: text = 553
89.04122000001371	EXP	Feedback: autoDraw = true
90.03408000001218	EXP	Feedback: autoDraw = false
90.03408000001218	EXP	Feedback: autoDraw = false
90.03408000001218	EXP	text_3: autoDraw = true
97.16645000001881	EXP	text_3: autoDraw = false
97.16645000001881	EXP	text_3: autoDraw = false
97.16645000001881	EXP	text_2: autoDraw = true
97.16645000001881	EXP	text_2: text = 0
97.19761999999173	EXP	text_2: text = 33
97.21944000001531	EXP	text_2: text = 55
97.25337000004947	EXP	text_2: text = 89
97.27449500001967	EXP	text_2: text = 110
97.3071850000415	EXP	text_2: text = 142
97.33079999999609	EXP	text_2: text = 166
97.36046500003431	EXP	text_2: text = 196
97.38325499999337	EXP	text_2: text = 219
97.41629500000272	EXP	text_2: text = 252
97.43998000002466	EXP	text_2: text = 275
97.47052500001155	EXP	text_2: text = 306
97.49366500007454	EXP	text_2: text = 329
97.52350500004832	EXP	text_2: text = 359
97.5468899999978	EXP	text_2: text = 381
97.57650000008289	EXP	text_2: text = 412
97.60005500004627	EXP	text_2: text = 436
97.62216999998782	EXP	text_2: text = 458
97.65387999999803	EXP	text_2: text = 490
97.67822500003967	EXP	text_2: text = 514
97.7073350000428	EXP	text_2: text = 543
97.72723499999847	DATA	Keydown:  
97.73493999999482	EXP	text_2: text = 569
97.73493999999482	EXP	text_2: autoDraw = false
97.73493999999482	EXP	Feedback: text = 561
97.73493999999482	EXP	Feedback: autoDraw = true
98.73706000007223	EXP	Feedback: autoDraw = false
98.73706000007223	EXP	Feedback: autoDraw = false
98.73706000007223	EXP	text_3: autoDraw = true
108.01279000006616	EXP	text_3: autoDraw = false
108.01279000006616	EXP	text_3: autoDraw = false
108.01279000006616	EXP	text_2: autoDraw = true
108.01279000006616	EXP	text_2: text = 0
108.04349000006914	EXP	text_2: text = 38
108.06085500004701	EXP	text_2: text = 55
108.09453000000212	EXP	text_2: text = 89
108.1158600000199	EXP	text_2: text = 111
108.13540000002831	EXP	text_2: text = 130
108.17046000005212	EXP	text_2: text = 165
108.19016500003636	EXP	text_2: text = 185
108.22184500005096	EXP	text_2: text = 217
108.24393500003498	EXP	text_2: text = 237
108.2721700000111	EXP	text_2: text = 267
108.29486500006169	EXP	text_2: text = 289
108.32275000005029	EXP	text_2: text = 317
108.34547000005841	EXP	text_2: text = 340
108.3730350000551	EXP	text_2: text = 368
108.39501000009477	EXP	text_2: text = 389
108.42457999999169	EXP	text_2: text = 419
108.44475999998394	EXP	text_2: text = 438
108.46175000001676	EXP	text_2: text = 454
108.48350500001106	EXP	text_2: text = 478
108.51556000008713	EXP	text_2: text = 510
108.54018000001088	EXP	text_2: text = 532
108.5660800000187	EXP	text_2: text = 561
108.58243499998935	DATA	Keydown:  
108.59424500004388	EXP	text_2: text = 586
108.59424500004388	EXP	text_2: autoDraw = false
108.59424500004388	EXP	Feedback: text = 570
108.59424500004388	EXP	Feedback: autoDraw = true
109.60207500006072	EXP	Feedback: autoDraw = false
109.60207500006072	EXP	Feedback: autoDraw = false
109.60207500006072	EXP	text_3: autoDraw = true
114.89113500004169	EXP	text_3: autoDraw = false
114.89113500004169	EXP	text_3: autoDraw = false
114.89113500004169	EXP	text_2: autoDraw = true
114.89113500004169	EXP	text_2: text = 0
114.92281000001822	EXP	text_2: text = 38
114.94433000008576	EXP	text_2: text = 60
114.97301499999594	EXP	text_2: text = 88
114.99369000003207	EXP	text_2: text = 109
115.02309999999125	EXP	text_2: text = 138
115.0438650000142	EXP	text_2: text = 159
115.07249000004958	EXP	text_2: text = 187
115.09172000002582	EXP	text_2: text = 207
115.11899500002619	EXP	text_2: text = 235
115.13711500004865	EXP	text_2: text = 252
115.15529999998398	EXP	text_2: text = 268
115.1912800000282	EXP	text_2: text = 307
115.20857000001706	EXP	text_2: text = 324
115.22647500003222	EXP	text_2: text = 340
115.24872500007041	EXP	text_2: text = 364
115.26679500006139	EXP	text_2: text = 382
115.28824999998324	EXP	text_2: text = 403
115.32556500006467	EXP	text_2: text = 441
115.34174000006169	DATA	Keydown:  
115.34568999998737	EXP	text_2: text = 460
115.34568999998737	EXP	text_2: autoDraw = false
115.34568999998737	EXP	Feedback: text = 451
115.34568999998737	EXP	Feedback: autoDraw = true
116.35240500001237	EXP	Feedback: autoDraw = false
116.35240500001237	EXP	Feedback: autoDraw = false
116.35240500001237	EXP	text_3: autoDraw = true
124.37284500000533	EXP	text_3: autoDraw = false
124.37284500000533	EXP	text_3: autoDraw = false
124.37284500000533	EXP	text_2: autoDraw = true
124.37284500000533	EXP	text_2: text = 0
124.39065000007395	EXP	text_2: text = 21
124.42231000005268	EXP	text_2: text = 52
124.44646500004455	EXP	text_2: text = 75
124.47299000003841	EXP	text_2: text = 103
124.49669000005815	EXP	text_2: text = 126
124.51796500000637	EXP	text_2: text = 147
124.55023500008974	EXP	text_2: text = 180
124.5737800000934	EXP	text_2: text = 204
124.60434499999974	EXP	text_2: text = 234
124.62562499998603	EXP	text_2: text = 255
124.65728500008117	EXP	text_2: text = 287
124.68092000007164	EXP	text_2: text = 310
124.70886000001337	EXP	text_2: text = 339
124.73091500008013	EXP	text_2: text = 360
124.74816499999724	EXP	text_2: text = 377
124.768619999988	EXP	text_2: text = 398
124.8048500000732	EXP	text_2: text = 435
124.83036000002176	EXP	text_2: text = 458
124.84964500006754	DATA	Keydown:  
124.86065000004601	EXP	text_2: text = 488
124.86065000004601	EXP	text_2: autoDraw = false
124.86065000004601	EXP	Feedback: text = 477
124.86065000004601	EXP	Feedback: autoDraw = true
125.87719999998808	EXP	Feedback: autoDraw = false
125.87719999998808	EXP	Feedback: autoDraw = false
125.87719999998808	EXP	text_3: autoDraw = true
128.88820500008296	EXP	text_3: autoDraw = false
128.88820500008296	EXP	text_3: autoDraw = false
128.88820500008296	EXP	text_2: autoDraw = true
128.88820500008296	EXP	text_2: text = 0
128.90546999999788	EXP	text_2: text = 22
128.93745000008494	EXP	text_2: text = 53
128.95729500008747	EXP	text_2: text = 73
128.99059000005946	EXP	text_2: text = 106
129.00991999998223	EXP	text_2: text = 126
129.04249500005972	EXP	text_2: text = 158
129.06677500007208	EXP	text_2: text = 179
129.0949950000504	EXP	text_2: text = 211
129.11706499999855	EXP	text_2: text = 233
129.15046999999322	EXP	text_2: text = 265
129.16976499999873	EXP	text_2: text = 286
129.2009150000522	EXP	text_2: text = 317
129.22095500002615	EXP	text_2: text = 337
129.2541500000516	EXP	text_2: text = 370
129.27558500005398	EXP	text_2: text = 391
129.3080750000663	EXP	text_2: text = 424
129.32808500004467	EXP	text_2: text = 444
129.3595600000117	EXP	text_2: text = 475
129.38392000005115	DATA	Keydown:  
129.39004500000738	EXP	text_2: text = 503
129.39004500000738	EXP	text_2: autoDraw = false
129.39004500000738	EXP	Feedback: text = 496
129.39004500000738	EXP	Feedback: autoDraw = true
130.38744000007864	EXP	Feedback: autoDraw = false
130.38744000007864	EXP	Feedback: autoDraw = false
130.38744000007864	EXP	text_3: autoDraw = true
134.0010900000343	EXP	text_3: autoDraw = false
134.0010900000343	EXP	text_3: autoDraw = false
134.0010900000343	EXP	text_2: autoDraw = true
134.0010900000343	EXP	text_2: text = 0
134.02514500007965	EXP	text_2: text = 27
134.05439499998465	EXP	text_2: text = 56
134.07462000008672	EXP	text_2: text = 76
134.10539000004064	EXP	text_2: text = 107
134.13303999998607	EXP	text_2: text = 135
134.15933000005316	EXP	text_2: text = 161
134.18777000007685	EXP	text_2: text = 189
134.21082000003662	EXP	text_2: text = 213
134.23314500006381	EXP	text_2: text = 235
134.2657650000183	EXP	text_2: text = 268
134.289165000082	EXP	text_2: text = 290
134.30575500009581	EXP	text_2: text = 307
134.32705500000156	EXP	text_2: text = 329
134.34915000002366	EXP	text_2: text = 351
134.38860499998555	EXP	text_2: text = 388
134.4096750000026	EXP	text_2: text = 411
134.44261999998707	EXP	text_2: text = 444
134.46264000004157	EXP	text_2: text = 464
134.49710000003688	EXP	text_2: text = 499
134.5170400000643	EXP	text_2: text = 519
134.54956000007223	EXP	text_2: text = 551
134.57421500002965	EXP	text_2: text = 576
134.60654000006616	EXP	text_2: text = 608
134.62846500007436	EXP	text_2: text = 629
134.64887000003364	EXP	text_2: text = 650
134.68295000004582	EXP	text_2: text = 685
134.70201000000816	DATA	Keydown:  
134.71058499999344	EXP	text_2: text = 709
134.71058499999344	EXP	text_2: autoDraw = false
134.71058499999344	EXP	Feedback: text = 701
134.71058499999344	EXP	Feedback: autoDraw = true
135.71062999998685	EXP	Feedback: autoDraw = false
135.71062999998685	EXP	Feedback: autoDraw = false
135.71062999998685	EXP	text_3: autoDraw = true
136.46755000005942	DATA	Keydown:  
145.0791100000497	EXP	text_3: autoDraw = false
145.0791100000497	EXP	text_3: autoDraw = false
145.0791100000497	EXP	text_2: autoDraw = true
145.0791100000497	EXP	text_2: text = 0
145.11244000005536	EXP	text_2: text = 37
145.13428500003647	EXP	text_2: text = 58
145.1640850000549	EXP	text_2: text = 89
145.18304000003263	EXP	text_2: text = 107
145.2130650000181	EXP	text_2: text = 138
145.23027000005823	EXP	text_2: text = 155
145.26113500003703	EXP	text_2: text = 186
145.27830500004347	EXP	text_2: text = 203
145.29476499999873	EXP	text_2: text = 219
145.31787500006612	EXP	text_2: text = 240
145.35186000005342	EXP	text_2: text = 276
145.37008999998216	EXP	text_2: text = 295
145.39794500009157	EXP	text_2: text = 323
145.41925500007346	EXP	text_2: text = 344
145.43641500000376	EXP	text_2: text = 359
145.45909500005655	EXP	text_2: text = 383
145.49057500006165	EXP	text_2: text = 415
145.51176500006113	EXP	text_2: text = 436
145.53966500004753	EXP	text_2: text = 464
145.56100500002503	EXP	text_2: text = 486
145.58946000004653	EXP	text_2: text = 514
145.61427000002004	EXP	text_2: text = 539
145.63367000001017	DATA	Keydown:  
145.64569000003394	EXP	text_2: text = 568
145.64569000003394	EXP	text_2: autoDraw = false
145.64569000003394	EXP	Feedback: text = 555
145.64569000003394	EXP	Feedback: autoDraw = true
146.64167500007898	EXP	Feedback: autoDraw = false
146.64167500007898	EXP	Feedback: autoDraw = false
146.64167500007898	EXP	text_3: autoDraw = true
155.32613500009757	EXP	text_3: autoDraw = false
155.32613500009757	EXP	text_3: autoDraw = false
155.32613500009757	EXP	text_2: autoDraw = true
155.32613500009757	EXP	text_2: text = 0
155.3474050000077	EXP	text_2: text = 24
155.37805500009563	EXP	text_2: text = 55
155.40662500006147	EXP	text_2: text = 84
155.42850000003818	EXP	text_2: text = 105
155.45740000007208	EXP	text_2: text = 133
155.4811350000091	EXP	text_2: text = 158
155.49947999999858	EXP	text_2: text = 176
155.53234999999404	EXP	text_2: text = 209
155.55602000001818	EXP	text_2: text = 233
155.5759450000478	EXP	text_2: text = 252
155.61374500009697	EXP	text_2: text = 290
155.6380750000244	EXP	text_2: text = 315
155.66751000005752	EXP	text_2: text = 344
155.6961200000951	EXP	text_2: text = 373
155.72060500003863	EXP	text_2: text = 397
155.7541650000494	EXP	text_2: text = 429
155.77305000007618	EXP	text_2: text = 450
155.8059849999845	EXP	text_2: text = 483
155.83119000005536	EXP	text_2: text = 508
155.85941000003368	EXP	text_2: text = 536
155.89631500001997	DATA	Keydown:  
155.90215500001796	EXP	text_2: text = 576
155.90215500001796	EXP	text_2: autoDraw = false
155.90215500001796	EXP	Feedback: text = 571
155.90215500001796	EXP	Feedback: autoDraw = true
156.90592500008643	EXP	Feedback: autoDraw = false
156.90592500008643	EXP	Feedback: autoDraw = false
156.90592500008643	EXP	text_3: autoDraw = true
162.66225000005215	EXP	text_3: autoDraw = false
162.66225000005215	EXP	text_3: autoDraw = false
162.66225000005215	EXP	text_2: autoDraw = true
162.66225000005215	EXP	text_2: text = 0
162.69307500007562	EXP	text_2: text = 35
162.7146950000897	EXP	text_2: text = 57
162.74951500003226	EXP	text_2: text = 91
162.77004000009038	EXP	text_2: text = 112
162.80295500007924	EXP	text_2: text = 144
162.82733500003815	EXP	text_2: text = 169
162.85856000008062	EXP	text_2: text = 199
162.87963500001933	EXP	text_2: text = 221
162.90192500001285	EXP	text_2: text = 243
162.9354250000324	EXP	text_2: text = 277
162.96100500004832	EXP	text_2: text = 299
162.98972499999218	EXP	text_2: text = 332
163.0160100000212	EXP	text_2: text = 358
163.04527000000235	EXP	text_2: text = 386
163.07692500005942	EXP	text_2: text = 418
163.09818500000983	EXP	text_2: text = 440
163.13173500006087	EXP	text_2: text = 473
163.15275500004645	EXP	text_2: text = 495
163.18382000003476	DATA	Keydown:  
163.1884700000519	EXP	text_2: text = 528
163.1884700000519	EXP	text_2: autoDraw = false
163.1884700000519	EXP	Feedback: text = 522
163.1884700000519	EXP	Feedback: autoDraw = true
164.18471500009764	EXP	Feedback: autoDraw = false
164.18471500009764	EXP	Feedback: autoDraw = false
164.18471500009764	EXP	text_3: autoDraw = true
169.52417500002775	EXP	text_3: autoDraw = false
169.52417500002775	EXP	text_3: autoDraw = false
169.52417500002775	EXP	text_2: autoDraw = true
169.52417500002775	EXP	text_2: text = 0
169.54720000003	EXP	text_2: text = 29
169.56862500007264	EXP	text_2: text = 49
169.60190000000875	EXP	text_2: text = 83
169.62653000000864	EXP	text_2: text = 107
169.65907000005245	EXP	text_2: text = 141
169.6888400000753	EXP	text_2: text = 168
169.71426999999676	EXP	text_2: text = 196
169.74057500006165	EXP	text_2: text = 218
169.76709000009578	EXP	text_2: text = 249
169.79453000007197	EXP	text_2: text = 276
169.82152500003576	EXP	text_2: text = 302
169.8458100000862	EXP	text_2: text = 327
169.8683650000021	EXP	text_2: text = 350
169.89935500000138	EXP	text_2: text = 381
169.9239200000884	EXP	text_2: text = 405
169.95718999998644	EXP	text_2: text = 438
169.97634500009008	EXP	text_2: text = 458
169.99848499998916	EXP	text_2: text = 480
170.03142500005197	EXP	text_2: text = 513
170.05311000009533	EXP	text_2: text = 535
170.08559000003152	EXP	text_2: text = 567
170.10850500001106	EXP	text_2: text = 590
170.14015500003006	EXP	text_2: text = 622
170.16092500009108	EXP	text_2: text = 643
170.18485499999952	EXP	text_2: text = 666
170.2168150000507	EXP	text_2: text = 698
170.24175500008278	EXP	text_2: text = 720
170.26938000007067	EXP	text_2: text = 751
170.29512000002433	EXP	text_2: text = 776
170.32511000009254	EXP	text_2: text = 806
170.34821500000544	EXP	text_2: text = 830
170.37887500005309	EXP	text_2: text = 860
170.404205000028	EXP	text_2: text = 886
170.43133500008844	EXP	text_2: text = 913
170.45963000005577	EXP	text_2: text = 941
170.47610500000883	EXP	text_2: text = 957
170.49938000005204	EXP	text_2: text = 980
170.53422000003047	EXP	text_2: text = 1016
170.5613800000865	EXP	text_2: text = 1043
170.57715000002645	DATA	Keydown:  
170.58357500005513	EXP	text_2: text = 1062
170.58357500005513	EXP	text_2: autoDraw = false
170.58357500005513	EXP	Feedback: text = 1053
170.58357500005513	EXP	Feedback: autoDraw = true
171.58614999998827	EXP	Feedback: autoDraw = false
171.58614999998827	EXP	Feedback: autoDraw = false
171.58614999998827	EXP	text_3: autoDraw = true
178.15273000008892	EXP	text_3: autoDraw = false
178.15273000008892	EXP	text_3: autoDraw = false
178.15273000008892	EXP	text_2: autoDraw = true
178.15273000008892	EXP	text_2: text = 0
178.18414000002667	EXP	text_2: text = 31
178.2092849999899	EXP	text_2: text = 58
178.2353450000519	EXP	text_2: text = 85
178.26388500002213	EXP	text_2: text = 113
178.29334500001278	EXP	text_2: text = 142
178.31030500005	EXP	text_2: text = 160
178.33273999998346	EXP	text_2: text = 182
178.36722000001464	EXP	text_2: text = 217
178.39950000005774	EXP	text_2: text = 249
178.42505000007804	EXP	text_2: text = 273
178.45302500005346	EXP	text_2: text = 303
178.47110500000417	EXP	text_2: text = 320
178.5038900000509	EXP	text_2: text = 353
178.53329000005033	EXP	text_2: text = 383
178.55923000001349	EXP	text_2: text = 408
178.58501500007696	EXP	text_2: text = 435
178.61068500007968	EXP	text_2: text = 460
178.62805500009563	EXP	text_2: text = 477
178.66144000005443	EXP	text_2: text = 511
178.6826750000473	EXP	text_2: text = 532
178.71599000005517	EXP	text_2: text = 566
178.73525500006508	EXP	text_2: text = 585
178.76876500004437	EXP	text_2: text = 618
178.78820000006817	EXP	text_2: text = 638
178.82191500009503	EXP	text_2: text = 671
178.84556000004523	EXP	text_2: text = 695
178.87387000001036	EXP	text_2: text = 723
178.9031449999893	EXP	text_2: text = 753
178.9450300000608	EXP	text_2: text = 792
178.96466000005603	EXP	text_2: text = 814
178.98346500005573	EXP	text_2: text = 832
179.00718499999493	DATA	Keydown:  
179.01941499998793	EXP	text_2: text = 867
179.01941499998793	EXP	text_2: autoDraw = false
179.01941499998793	EXP	Feedback: text = 855
179.01941499998793	EXP	Feedback: autoDraw = true
180.0110650000861	EXP	Feedback: autoDraw = false
180.0110650000861	EXP	Feedback: autoDraw = false
180.0110650000861	EXP	text_3: autoDraw = true
183.99844500003383	DATA	Keydown:  
187.33976000000257	EXP	text_3: autoDraw = false
187.33976000000257	EXP	text_3: autoDraw = false
187.33976000000257	EXP	text_2: autoDraw = true
187.33976000000257	EXP	text_2: text = 0
187.35833499999717	EXP	text_2: text = 22
187.3915300000226	EXP	text_2: text = 55
187.41251500009093	EXP	text_2: text = 75
187.44399000005797	EXP	text_2: text = 107
187.46643999998923	EXP	text_2: text = 130
187.4833450000733	EXP	text_2: text = 146
187.50463500001933	EXP	text_2: text = 167
187.5388550000498	EXP	text_2: text = 202
187.55977000005078	EXP	text_2: text = 223
187.59129500004929	EXP	text_2: text = 255
187.61555500002578	EXP	text_2: text = 278
187.64282000006642	EXP	text_2: text = 306
187.66964000009466	EXP	text_2: text = 333
187.68680000002496	EXP	text_2: text = 350
187.72365000005811	EXP	text_2: text = 387
187.74346000002697	EXP	text_2: text = 407
187.76683500001673	EXP	text_2: text = 429
187.78680000000168	EXP	text_2: text = 450
187.8204450000776	DATA	Keydown:  
187.8255450000288	EXP	text_2: text = 486
187.8255450000288	EXP	text_2: autoDraw = false
187.8255450000288	EXP	Feedback: text = 481
187.8255450000288	EXP	Feedback: autoDraw = true
188.83730500005186	EXP	Feedback: autoDraw = false
188.83730500005186	EXP	Feedback: autoDraw = false
188.83730500005186	EXP	text_3: autoDraw = true
196.74554999999236	EXP	text_3: autoDraw = false
196.74554999999236	EXP	text_3: autoDraw = false
196.74554999999236	EXP	text_2: autoDraw = true
196.74554999999236	EXP	text_2: text = 0
196.77212000009604	EXP	text_2: text = 29
196.79915500001516	EXP	text_2: text = 56
196.8247449999908	EXP	text_2: text = 82
196.85336000006646	EXP	text_2: text = 109
196.87814500008244	EXP	text_2: text = 135
196.9040700000478	EXP	text_2: text = 160
196.92895500001032	EXP	text_2: text = 186
196.95437500008848	EXP	text_2: text = 210
196.97907000000123	EXP	text_2: text = 236
196.9976500000339	EXP	text_2: text = 254
197.03022499999497	EXP	text_2: text = 287
197.05525500001386	EXP	text_2: text = 311
197.08243499998935	EXP	text_2: text = 339
197.10869000002276	EXP	text_2: text = 366
197.1259550000541	EXP	text_2: text = 382
197.14450500009116	DATA	Keydown:  
197.16075000003912	EXP	text_2: text = 416
197.16075000003912	EXP	text_2: autoDraw = false
197.16075000003912	EXP	Feedback: text = 399
197.16075000003912	EXP	Feedback: autoDraw = true
198.16016500000842	EXP	Feedback: autoDraw = false
198.16016500000842	EXP	Feedback: autoDraw = false
198.16016500000842	EXP	text_3: autoDraw = true
204.18568500003312	EXP	text_3: autoDraw = false
204.18568500003312	EXP	text_3: autoDraw = false
204.18568500003312	EXP	text_2: autoDraw = true
204.18568500003312	EXP	text_2: text = 0
204.21791000000667	EXP	text_2: text = 35
204.24461500009056	EXP	text_2: text = 63
204.26404999999795	EXP	text_2: text = 82
204.2910050000064	EXP	text_2: text = 109
204.323485000059	EXP	text_2: text = 142
204.34365000005346	EXP	text_2: text = 162
204.37437500001397	EXP	text_2: text = 193
204.3950050000567	EXP	text_2: text = 214
204.4266850000713	EXP	text_2: text = 245
204.44675500004087	EXP	text_2: text = 265
204.4789200000232	EXP	text_2: text = 297
204.49882500001695	EXP	text_2: text = 317
204.52983000001404	EXP	text_2: text = 348
204.55237000004854	EXP	text_2: text = 369
204.58055499999318	EXP	text_2: text = 399
204.59906000003684	DATA	Keydown:  
204.60597000003327	EXP	text_2: text = 421
204.60597000003327	EXP	text_2: autoDraw = false
204.60597000003327	EXP	Feedback: text = 414
204.60597000003327	EXP	Feedback: autoDraw = true
205.61981499998365	EXP	Feedback: autoDraw = false
205.61981499998365	EXP	Feedback: autoDraw = false
205.61981499998365	EXP	text_3: autoDraw = true
209.06414999999106	EXP	text_3: autoDraw = false
209.06414999999106	EXP	text_3: autoDraw = false
209.06414999999106	EXP	text_2: autoDraw = true
209.06414999999106	EXP	text_2: text = 0
209.08282500004862	EXP	text_2: text = 21
209.11460500000976	EXP	text_2: text = 53
209.14390500006266	EXP	text_2: text = 83
209.16790500003844	EXP	text_2: text = 106
209.19570999999996	EXP	text_2: text = 134
209.21938999998383	EXP	text_2: text = 158
209.24970000004396	EXP	text_2: text = 188
209.26984500000253	EXP	text_2: text = 208
209.2997800000012	EXP	text_2: text = 238
209.3229950000532	EXP	text_2: text = 260
209.3498350000009	EXP	text_2: text = 288
209.36800000001676	EXP	text_2: text = 306
209.40020000003278	EXP	text_2: text = 339
209.4196000000229	EXP	text_2: text = 358
209.45197000005282	EXP	text_2: text = 390
209.46862000005785	DATA	Keydown:  
209.47442500002217	EXP	text_2: text = 409
209.47442500002217	EXP	text_2: autoDraw = false
209.47442500002217	EXP	Feedback: text = 405
209.47442500002217	EXP	Feedback: autoDraw = true
210.4849750000285	EXP	Feedback: autoDraw = false
210.4849750000285	EXP	Feedback: autoDraw = false
210.4849750000285	EXP	text_3: autoDraw = true
219.9542650000658	EXP	text_3: autoDraw = false
219.9542650000658	EXP	text_3: autoDraw = false
219.9542650000658	EXP	text_2: autoDraw = true
219.9542650000658	EXP	text_2: text = 0
219.97547000006307	EXP	text_2: text = 25
220.00666499999352	EXP	text_2: text = 56
220.0332800000906	EXP	text_2: text = 82
220.05870000005234	EXP	text_2: text = 108
220.07862000004388	EXP	text_2: text = 128
220.11349000001792	EXP	text_2: text = 163
220.13970000005793	EXP	text_2: text = 189
220.17212500004098	EXP	text_2: text = 221
220.19416000007186	EXP	text_2: text = 243
220.2257100000279	EXP	text_2: text = 275
220.24641500005964	EXP	text_2: text = 296
220.28028499998618	EXP	text_2: text = 329
220.30249000003096	EXP	text_2: text = 350
220.33646500005852	EXP	text_2: text = 384
220.36585499998182	EXP	text_2: text = 415
220.3922400000738	EXP	text_2: text = 441
220.42290000000503	EXP	text_2: text = 472
220.4564000000246	EXP	text_2: text = 506
220.48110000009183	EXP	text_2: text = 530
220.5310349999927	DATA	Keydown:  
220.5390100000659	EXP	text_2: text = 583
220.5390100000659	EXP	text_2: autoDraw = false
220.5390100000659	EXP	Feedback: text = 577
220.5390100000659	EXP	Feedback: autoDraw = true
221.53519000008237	EXP	Feedback: autoDraw = false
221.53519000008237	EXP	Feedback: autoDraw = false
221.53519000008237	EXP	text_3: autoDraw = true
223.70906500006095	EXP	text_3: autoDraw = false
223.70906500006095	EXP	text_3: autoDraw = false
223.70906500006095	EXP	text_2: autoDraw = true
223.70906500006095	EXP	text_2: text = 0
223.7294150000671	EXP	text_2: text = 23
223.76167999999598	EXP	text_2: text = 55
223.78424000006635	EXP	text_2: text = 76
223.81298500008415	EXP	text_2: text = 106
223.83669999998529	EXP	text_2: text = 130
223.8534150000196	EXP	text_2: text = 146
223.88745000003837	EXP	text_2: text = 181
223.9095049999887	EXP	text_2: text = 203
223.9407399999909	EXP	text_2: text = 234
223.96364500001073	EXP	text_2: text = 257
223.99227000004612	EXP	text_2: text = 285
224.0196350000333	EXP	text_2: text = 312
224.03747500001919	EXP	text_2: text = 330
224.07113000005484	EXP	text_2: text = 364
224.09311500005424	EXP	text_2: text = 386
224.12690000003204	EXP	text_2: text = 420
224.14725000003818	EXP	text_2: text = 440
224.1794200000586	EXP	text_2: text = 473
224.20545500004664	EXP	text_2: text = 498
224.23171000008006	EXP	text_2: text = 525
224.2505550000351	DATA	Keydown:  
224.2595399999991	EXP	text_2: text = 551
224.2595399999991	EXP	text_2: autoDraw = false
224.2595399999991	EXP	Feedback: text = 542
224.2595399999991	EXP	Feedback: autoDraw = true
225.25916000001598	EXP	Feedback: autoDraw = false
225.25916000001598	EXP	Feedback: autoDraw = false
225.25916000001598	EXP	text_3: autoDraw = true
227.57886000000872	EXP	text_3: autoDraw = false
227.57886000000872	EXP	text_3: autoDraw = false
227.57886000000872	EXP	text_2: autoDraw = true
227.57886000000872	EXP	text_2: text = 0
227.61099499999546	EXP	text_2: text = 36
227.63588499999605	EXP	text_2: text = 60
227.65308000007644	EXP	text_2: text = 78
227.68657000001986	EXP	text_2: text = 112
227.70562000002246	EXP	text_2: text = 131
227.7386000000406	EXP	text_2: text = 164
227.7578500000527	EXP	text_2: text = 183
227.77580499998294	EXP	text_2: text = 201
227.79631500004325	EXP	text_2: text = 221
227.81988000008278	EXP	text_2: text = 242
227.85479000001214	EXP	text_2: text = 280
227.87414500000887	EXP	text_2: text = 299
227.9073250000365	EXP	text_2: text = 332
227.92730500001926	EXP	text_2: text = 352
227.96020000008866	EXP	text_2: text = 385
227.97885000007227	EXP	text_2: text = 404
227.99797000002582	EXP	text_2: text = 422
228.0329700000584	EXP	text_2: text = 458
228.05473500001244	EXP	text_2: text = 479
228.07237000006717	EXP	text_2: text = 497
228.0885250000283	DATA	Keydown:  
228.09412500006147	EXP	text_2: text = 516
228.09412500006147	EXP	text_2: autoDraw = false
228.09412500006147	EXP	Feedback: text = 510
228.09412500006147	EXP	Feedback: autoDraw = true
229.09114500007126	EXP	Feedback: autoDraw = false
229.09114500007126	EXP	Feedback: autoDraw = false
229.09114500007126	EXP	text_3: autoDraw = true
235.44446999998763	EXP	text_3: autoDraw = false
235.44446999998763	EXP	text_3: autoDraw = false
235.44446999998763	EXP	text_2: autoDraw = true
235.44446999998763	EXP	text_2: text = 0
235.46593000006396	EXP	text_2: text = 23
235.49794999998994	EXP	text_2: text = 55
235.51956500008237	EXP	text_2: text = 77
235.5512400000589	EXP	text_2: text = 107
235.57397000002675	EXP	text_2: text = 131
235.594475000049	EXP	text_2: text = 152
235.62886500009336	EXP	text_2: text = 186
235.65537000005133	EXP	text_2: text = 212
235.67446500004735	EXP	text_2: text = 232
235.7064000000246	EXP	text_2: text = 264
235.7283700000262	EXP	text_2: text = 286
235.76225000002887	EXP	text_2: text = 320
235.78735500003677	EXP	text_2: text = 345
235.81593000004068	EXP	text_2: text = 373
235.84030000003986	EXP	text_2: text = 398
235.86233500007074	EXP	text_2: text = 419
235.8994449999882	EXP	text_2: text = 456
235.93724500003736	EXP	text_2: text = 494
235.95844000007492	EXP	text_2: text = 516
235.98999500006903	EXP	text_2: text = 547
236.01130500005092	DATA	Keydown:  
236.02004000009038	EXP	text_2: text = 571
236.02004000009038	EXP	text_2: autoDraw = false
236.02004000009038	EXP	Feedback: text = 567
236.02004000009038	EXP	Feedback: autoDraw = true
237.02772500005085	EXP	Feedback: autoDraw = false
237.02772500005085	EXP	Feedback: autoDraw = false
237.02772500005085	EXP	text_3: autoDraw = true
246.45204500004184	EXP	text_3: autoDraw = false
246.45204500004184	EXP	text_3: autoDraw = false
246.45204500004184	EXP	text_2: autoDraw = true
246.45204500004184	EXP	text_2: text = 0
246.47178000002168	EXP	text_2: text = 23
246.50456000003032	EXP	text_2: text = 55
246.52815000002738	EXP	text_2: text = 79
246.5569400000386	EXP	text_2: text = 108
246.5826750000706	EXP	text_2: text = 133
246.6091599999927	EXP	text_2: text = 160
246.63624000002164	EXP	text_2: text = 187
246.66156999999657	EXP	text_2: text = 212
246.68878000008408	EXP	text_2: text = 240
246.71651500009466	EXP	text_2: text = 267
246.73407500004396	EXP	text_2: text = 284
246.7679300000891	EXP	text_2: text = 319
246.79267500003334	EXP	text_2: text = 343
246.82194000005256	EXP	text_2: text = 373
246.8509700000286	EXP	text_2: text = 398
246.87410000001546	EXP	text_2: text = 425
246.89094000007026	DATA	Keydown:  
246.90809000004083	EXP	text_2: text = 457
246.90809000004083	EXP	text_2: autoDraw = false
246.90809000004083	EXP	Feedback: text = 439
246.90809000004083	EXP	Feedback: autoDraw = true
247.92668999999296	EXP	Feedback: autoDraw = false
247.92668999999296	EXP	Feedback: autoDraw = false
247.92668999999296	EXP	text_3: autoDraw = true
255.18913499999326	EXP	text_3: autoDraw = false
255.18913499999326	EXP	text_3: autoDraw = false
255.18913499999326	EXP	text_2: autoDraw = true
255.18913499999326	EXP	text_2: text = 0
255.2134050000459	EXP	text_2: text = 27
255.23799500009045	EXP	text_2: text = 51
255.29344500007574	EXP	text_2: text = 101
255.3318300000392	EXP	text_2: text = 146
255.36856000008993	EXP	text_2: text = 180
255.3914100000402	EXP	text_2: text = 205
255.41071500000544	EXP	text_2: text = 224
255.44446500006597	EXP	text_2: text = 258
255.46655500005	EXP	text_2: text = 280
255.49803000001702	EXP	text_2: text = 312
255.52099500002805	EXP	text_2: text = 334
255.54974500008393	EXP	text_2: text = 364
255.57159000006504	EXP	text_2: text = 385
255.60087500000373	EXP	text_2: text = 415
255.62440500000957	EXP	text_2: text = 438
255.65830500004813	EXP	text_2: text = 472
255.67881499999203	EXP	text_2: text = 493
255.69923999998719	DATA	Keydown:  
255.7160150000127	EXP	text_2: text = 527
255.7160150000127	EXP	text_2: autoDraw = false
255.7160150000127	EXP	Feedback: text = 510
255.7160150000127	EXP	Feedback: autoDraw = true
256.7131999999983	EXP	Feedback: autoDraw = false
256.7131999999983	EXP	Feedback: autoDraw = false
256.7131999999983	EXP	text_3: autoDraw = true
261.40262000006624	EXP	text_3: autoDraw = false
261.40262000006624	EXP	text_3: autoDraw = false
261.40262000006624	EXP	text_2: autoDraw = true
261.40262000006624	EXP	text_2: text = 0
261.4199400000507	EXP	text_2: text = 20
261.44993500004057	EXP	text_2: text = 50
261.46865500009153	EXP	text_2: text = 69
261.4983400000492	EXP	text_2: text = 98
261.519745000056	EXP	text_2: text = 120
261.53818500007037	EXP	text_2: text = 138
261.55688500008546	EXP	text_2: text = 156
261.58106500003487	EXP	text_2: text = 176
261.61424000002444	EXP	text_2: text = 214
261.6322700000601	EXP	text_2: text = 232
261.65063500008546	EXP	text_2: text = 250
261.6712750000879	EXP	text_2: text = 271
261.705495000002	EXP	text_2: text = 305
261.72423000005074	EXP	text_2: text = 324
261.75763000000734	EXP	text_2: text = 357
261.7764100000495	EXP	text_2: text = 376
261.80877500004135	EXP	text_2: text = 408
261.8271599999862	EXP	text_2: text = 427
261.85868000006303	EXP	text_2: text = 458
261.8760000000475	DATA	Keydown:  
261.8831300000893	EXP	text_2: text = 481
261.8831300000893	EXP	text_2: autoDraw = false
261.8831300000893	EXP	Feedback: text = 474
261.8831300000893	EXP	Feedback: autoDraw = true
262.8812250000192	EXP	Feedback: autoDraw = false
262.8812250000192	EXP	Feedback: autoDraw = false
262.8812250000192	EXP	text_3: autoDraw = true
265.07787500007544	DATA	Keydown:  
270.5081450000871	EXP	text_3: autoDraw = false
270.5081450000871	EXP	text_3: autoDraw = false
270.5081450000871	EXP	text_2: autoDraw = true
270.5081450000871	EXP	text_2: text = 0
270.53597500000615	EXP	text_2: text = 34
270.56172500003595	EXP	text_2: text = 60
270.5916000000434	EXP	text_2: text = 90
270.61175000004005	EXP	text_2: text = 110
270.63229000009596	EXP	text_2: text = 129
270.6633750000037	EXP	text_2: text = 161
270.689325000043	EXP	text_2: text = 187
270.7138150000246	EXP	text_2: text = 212
270.7424900000915	EXP	text_2: text = 240
270.7654699999839	EXP	text_2: text = 263
270.7979350000387	EXP	text_2: text = 296
270.8205200000666	EXP	text_2: text = 318
270.8391700000502	EXP	text_2: text = 337
270.8597300000256	EXP	text_2: text = 357
270.88187500007916	EXP	text_2: text = 376
270.90221500000916	DATA	Keydown:  
270.91554000007454	EXP	text_2: text = 412
270.91554000007454	EXP	text_2: autoDraw = false
270.91554000007454	EXP	Feedback: text = 398
270.91554000007454	EXP	Feedback: autoDraw = true
271.91225000005215	EXP	Feedback: autoDraw = false
271.91225000005215	EXP	Feedback: autoDraw = false
271.91225000005215	EXP	text_3: autoDraw = true
274.48962000000756	EXP	text_3: autoDraw = false
274.48962000000756	EXP	text_3: autoDraw = false
274.48962000000756	EXP	text_2: autoDraw = true
274.48962000000756	EXP	text_2: text = 0
274.5132699999958	EXP	text_2: text = 25
274.5418500000378	EXP	text_2: text = 54
274.5637800000841	EXP	text_2: text = 76
274.59319000004325	EXP	text_2: text = 105
274.6141400000779	EXP	text_2: text = 126
274.6441849999828	EXP	text_2: text = 156
274.6675400000531	EXP	text_2: text = 178
274.69576000003144	EXP	text_2: text = 208
274.7184250000864	EXP	text_2: text = 229
274.74707500007935	EXP	text_2: text = 259
274.7690350000048	EXP	text_2: text = 281
274.7861200000625	EXP	text_2: text = 297
274.8223800000269	EXP	text_2: text = 334
274.84237500000745	EXP	text_2: text = 354
274.8760350000812	EXP	text_2: text = 388
274.8948000000091	EXP	text_2: text = 407
274.92634000000544	EXP	text_2: text = 438
274.9468600000255	EXP	text_2: text = 459
274.97834500006866	EXP	text_2: text = 490
274.99677000008523	DATA	Keydown:  
275.00463500001933	EXP	text_2: text = 511
275.00463500001933	EXP	text_2: autoDraw = false
275.00463500001933	EXP	Feedback: text = 507
275.00463500001933	EXP	Feedback: autoDraw = true
276.0077250000322	EXP	Feedback: autoDraw = false
276.0077250000322	EXP	Feedback: autoDraw = false
276.0077250000322	EXP	text_3: autoDraw = true
284.7504600000102	EXP	text_3: autoDraw = false
284.7504600000102	EXP	text_3: autoDraw = false
284.7504600000102	EXP	text_2: autoDraw = true
284.7504600000102	EXP	text_2: text = 0
284.77321000001393	EXP	text_2: text = 24
284.80267500004265	EXP	text_2: text = 54
284.824035000056	EXP	text_2: text = 75
284.8530449999962	EXP	text_2: text = 104
284.87467000004835	EXP	text_2: text = 126
284.90244500001427	EXP	text_2: text = 153
284.9286400000565	EXP	text_2: text = 179
284.95307000004686	EXP	text_2: text = 204
284.9788800000679	EXP	text_2: text = 229
285.0031500000041	EXP	text_2: text = 254
285.0298050000565	EXP	text_2: text = 281
285.05906500003766	EXP	text_2: text = 310
285.08023500000127	EXP	text_2: text = 331
285.097395000048	EXP	text_2: text = 348
285.11614500009455	EXP	text_2: text = 366
285.15031500009354	EXP	text_2: text = 401
285.1701100000646	EXP	text_2: text = 421
285.18927500001155	DATA	Keydown:  
285.20321000006516	EXP	text_2: text = 453
285.20321000006516	EXP	text_2: autoDraw = false
285.20321000006516	EXP	Feedback: text = 439
285.20321000006516	EXP	Feedback: autoDraw = true
286.2144200000912	EXP	Feedback: autoDraw = false
286.2144200000912	EXP	Feedback: autoDraw = false
286.2144200000912	EXP	text_3: autoDraw = true
295.60251500003505	EXP	text_3: autoDraw = false
295.60251500003505	EXP	text_3: autoDraw = false
295.60251500003505	EXP	text_2: autoDraw = true
295.60251500003505	EXP	text_2: text = 0
295.6366500000004	EXP	text_2: text = 38
295.6571400000248	EXP	text_2: text = 58
295.67508000007365	EXP	text_2: text = 75
295.6945500000147	EXP	text_2: text = 95
295.73059000005014	EXP	text_2: text = 131
295.74952000007033	EXP	text_2: text = 150
295.78098500007764	EXP	text_2: text = 182
295.79839000001084	EXP	text_2: text = 199
295.8294450000394	EXP	text_2: text = 230
295.8471150000114	EXP	text_2: text = 248
295.86407000001054	EXP	text_2: text = 265
295.8839250000892	EXP	text_2: text = 284
295.9195850000251	EXP	text_2: text = 320
295.9372699999949	EXP	text_2: text = 338
295.96688500000164	EXP	text_2: text = 368
295.9851300000446	EXP	text_2: text = 386
296.0157149999868	EXP	text_2: text = 416
296.0327550000511	EXP	text_2: text = 434
296.0630550000351	DATA	Keydown:  
296.0703950000461	EXP	text_2: text = 468
296.0703950000461	EXP	text_2: autoDraw = false
296.0703950000461	EXP	Feedback: text = 461
296.0703950000461	EXP	Feedback: autoDraw = true
297.07964000001084	EXP	Feedback: autoDraw = false
297.07964000001084	EXP	Feedback: autoDraw = false
297.07964000001084	EXP	text_3: autoDraw = true
304.3670450000791	EXP	text_3: autoDraw = false
304.3670450000791	EXP	text_3: autoDraw = false
304.3670450000791	EXP	text_2: autoDraw = true
304.3670450000791	EXP	text_2: text = 0
304.38588499999605	EXP	text_2: text = 23
304.420155000058	EXP	text_2: text = 57
304.4398500000825	EXP	text_2: text = 77
304.4724850000348	EXP	text_2: text = 110
304.49106500006747	EXP	text_2: text = 128
304.52270000008866	EXP	text_2: text = 160
304.54190499999095	EXP	text_2: text = 179
304.5749450000003	EXP	text_2: text = 212
304.5965650000144	EXP	text_2: text = 233
304.6250599999912	EXP	text_2: text = 262
304.6462649999885	EXP	text_2: text = 283
304.6635000000242	EXP	text_2: text = 300
304.6980150000891	EXP	text_2: text = 335
304.72504500008654	EXP	text_2: text = 362
304.7478000000119	EXP	text_2: text = 385
304.7670250000665	EXP	text_2: text = 404
304.7891000000527	EXP	text_2: text = 426
304.82223500008695	EXP	text_2: text = 459
304.8469749999931	EXP	text_2: text = 484
304.86451500002295	EXP	text_2: text = 501
304.8837100000819	DATA	Keydown:  
304.9031350000296	EXP	text_2: text = 537
304.9031350000296	EXP	text_2: autoDraw = false
304.9031350000296	EXP	Feedback: text = 517
304.9031350000296	EXP	Feedback: autoDraw = true
305.9078800000716	EXP	Feedback: autoDraw = false
305.9078800000716	EXP	Feedback: autoDraw = false
305.9078800000716	EXP	text_3: autoDraw = true
311.64725500007626	EXP	text_3: autoDraw = false
311.64725500007626	EXP	text_3: autoDraw = false
311.64725500007626	EXP	text_2: autoDraw = true
311.64725500007626	EXP	text_2: text = 0
311.68062500003725	EXP	text_2: text = 37
311.70133499999065	EXP	text_2: text = 58
311.7202450000914	EXP	text_2: text = 76
311.75355500006117	EXP	text_2: text = 110
311.7775200000033	EXP	text_2: text = 134
311.7993950000964	EXP	text_2: text = 155
311.8281450000359	EXP	text_2: text = 184
311.85360500006936	EXP	text_2: text = 210
311.8806050000712	EXP	text_2: text = 237
311.90513500000816	EXP	text_2: text = 262
311.93380500003695	EXP	text_2: text = 290
311.960090000066	EXP	text_2: text = 314
311.9843800000381	EXP	text_2: text = 341
312.01159000000916	EXP	text_2: text = 367
312.0293600000441	EXP	text_2: text = 385
312.06261500006076	EXP	text_2: text = 419
312.0826750000706	EXP	text_2: text = 439
312.10420500009786	DATA	Keydown:  
312.11645000008866	EXP	text_2: text = 471
312.11645000008866	EXP	text_2: autoDraw = false
312.11645000008866	EXP	Feedback: text = 457
312.11645000008866	EXP	Feedback: autoDraw = true
313.1608300000662	EXP	Feedback: autoDraw = false
313.1608300000662	EXP	Feedback: autoDraw = false
313.1608300000662	EXP	End_text: autoDraw = true
316.94044000003487	DATA	Keydown:  
318.1821100000525	DATA	Mouse: 0 button down, pos=(722.2222566604614,500.00005775027967)
318.2557450000895	DATA	Mouse: 0 button down, pos=(722.2222566604614,500.00005775027967)
323.7259600000689	DATA	Mouse: 0 button down, pos=(592.2222504615784,406.66668605804443)
323.7884900000645	DATA	Mouse: 0 button down, pos=(592.2222504615784,406.66668605804443)
