0.01983999996446073	EXP	Created Window = Window( name=Window, fullscr=true, color=#000000, units=height, waitBlanking=true, autoLog=true, size=[1344,735] )
2.308045000070706	DATA	Keydown: Shift
2.3840100000379607	DATA	Keydown: W
2.5425400000531226	DATA	Keydown: W
3.3503700000001118	DATA	Keydown: 0
3.466024999972433	DATA	Keydown: 0
3.6461050000507385	DATA	Keydown: 1
3.751094999955967	DATA	Keydown: 3
3.8308599999872968	DATA	Keydown: 1
8.87464000005275	EXP	Created text = TextStim( name=text, win=Window( name=Window, fullscr=true, color=#000000, ~), autoDraw=null, autoLog=true, units=height, ori=null, opacity=1, pos=[0,0], size=undefined, text=INSTRUCTIONS [EN]


A counter will appear and star~, font=Arial, color=#FFFFFF, contrast=1, height=0.03, bold=null, italic=null, alignHoriz=left, alignVert=center, wrapWidth=1, flipHoriz=null, flipVert=null )
8.876110000070184	EXP	Created text_3 = TextStim( name=text_3, win=Window( name=Window, fullscr=true, color=#000000, ~), autoDraw=null, autoLog=true, units=height, ori=null, opacity=1, pos=[0,0], size=undefined, text=null, font=Arial, color=#FFFFFF, contrast=1, height=0.1, bold=null, italic=null, alignHoriz=left, alignVert=center, wrapWidth=1, flipHoriz=null, flipVert=null )
8.87691500002984	EXP	Created text_2 = TextStim( name=text_2, win=Window( name=Window, fullscr=true, color=#000000, ~), autoDraw=null, autoLog=true, units=height, ori=null, opacity=1, pos=[0,0], size=undefined, text=default text, font=Arial, color=#ff0000, contrast=1, height=0.15, bold=null, italic=null, alignHoriz=left, alignVert=center, wrapWidth=1, flipHoriz=null, flipVert=null )
8.877710000029765	EXP	Created Feedback = TextStim( name=Feedback, win=Window( name=Window, fullscr=true, color=#000000, ~), autoDraw=null, autoLog=true, units=height, ori=null, opacity=1, pos=[0,0], size=undefined, text=default text, font=Arial, color=#ff0000, contrast=1, height=0.15, bold=null, italic=null, alignHoriz=left, alignVert=center, wrapWidth=1, flipHoriz=null, flipVert=null )
8.878660000045784	EXP	Created End_text = TextStim( name=End_text, win=Window( name=Window, fullscr=true, color=#000000, ~), autoDraw=null, autoLog=true, units=height, ori=null, opacity=1, pos=[0,0], size=undefined, text=This study aimed to look at procedural learning, i~, font=Arial, color=#FFFFFF, contrast=1, height=0.025, bold=null, italic=null, alignHoriz=left, alignVert=center, wrapWidth=1, flipHoriz=null, flipVert=null )
8.89425500005018	EXP	text: units = "height"
8.89425500005018	EXP	text: ori = 0
8.89425500005018	EXP	text: opacity = 1
8.89425500005018	EXP	text: pos = [0,0]
8.89425500005018	EXP	text: size = undefined
8.89425500005018	EXP	text: text = "INSTRUCTIONS [EN]\n\n\nA counter will appear and start counting at random times, press SPACE as fast as possible when it appears.\n\n\nPress SPACE to start\n\n-------\n\nInstruções [PT]\n\n\nUm cronómetro vai aparecer e começar a contar aleatoriamente, pressione a tecla SPACE assim que ele aparecer.\n\n\nPressiona SPACE para começar."
8.89425500005018	EXP	text: font = "Arial"
8.89425500005018	EXP	text: color = {"_hex":"#FFFFFF","_rgb":[1,1,1]}
8.89425500005018	EXP	text: contrast = 1
8.89425500005018	EXP	text: height = 0.03
8.89425500005018	EXP	text: bold = false
8.89425500005018	EXP	text: italic = false
8.89425500005018	EXP	text: alignHoriz = "left"
8.89425500005018	EXP	text: alignVert = "center"
8.89425500005018	EXP	text: wrapWidth = 1
8.89425500005018	EXP	text: flipHoriz = false
8.89425500005018	EXP	text: flipVert = false
8.89425500005018	EXP	text_3: units = "height"
8.89425500005018	EXP	text_3: ori = 0
8.89425500005018	EXP	text_3: opacity = 1
8.89425500005018	EXP	text_3: pos = [0,0]
8.89425500005018	EXP	text_3: size = undefined
8.89425500005018	EXP	text_3: text = ""
8.89425500005018	EXP	text_3: font = "Arial"
8.89425500005018	EXP	text_3: color = {"_hex":"#FFFFFF","_rgb":[1,1,1]}
8.89425500005018	EXP	text_3: contrast = 1
8.89425500005018	EXP	text_3: height = 0.1
8.89425500005018	EXP	text_3: bold = false
8.89425500005018	EXP	text_3: italic = false
8.89425500005018	EXP	text_3: alignHoriz = "left"
8.89425500005018	EXP	text_3: alignVert = "center"
8.89425500005018	EXP	text_3: wrapWidth = 1
8.89425500005018	EXP	text_3: flipHoriz = false
8.89425500005018	EXP	text_3: flipVert = false
8.89425500005018	EXP	text_2: units = "height"
8.89425500005018	EXP	text_2: ori = 0
8.89425500005018	EXP	text_2: opacity = 1
8.89425500005018	EXP	text_2: pos = [0,0]
8.89425500005018	EXP	text_2: size = undefined
8.89425500005018	EXP	text_2: text = "default text"
8.89425500005018	EXP	text_2: font = "Arial"
8.89425500005018	EXP	text_2: color = {"_rgb":[1,0,0]}
8.89425500005018	EXP	text_2: contrast = 1
8.89425500005018	EXP	text_2: height = 0.15
8.89425500005018	EXP	text_2: bold = false
8.89425500005018	EXP	text_2: italic = false
8.89425500005018	EXP	text_2: alignHoriz = "left"
8.89425500005018	EXP	text_2: alignVert = "center"
8.89425500005018	EXP	text_2: wrapWidth = 1
8.89425500005018	EXP	text_2: flipHoriz = false
8.89425500005018	EXP	text_2: flipVert = false
8.89425500005018	EXP	Feedback: units = "height"
8.89425500005018	EXP	Feedback: ori = 0
8.89425500005018	EXP	Feedback: opacity = 1
8.89425500005018	EXP	Feedback: pos = [0,0]
8.89425500005018	EXP	Feedback: size = undefined
8.89425500005018	EXP	Feedback: text = "default text"
8.89425500005018	EXP	Feedback: font = "Arial"
8.89425500005018	EXP	Feedback: color = {"_rgb":[1,0,0]}
8.89425500005018	EXP	Feedback: contrast = 1
8.89425500005018	EXP	Feedback: height = 0.15
8.89425500005018	EXP	Feedback: bold = false
8.89425500005018	EXP	Feedback: italic = false
8.89425500005018	EXP	Feedback: alignHoriz = "left"
8.89425500005018	EXP	Feedback: alignVert = "center"
8.89425500005018	EXP	Feedback: wrapWidth = 1
8.89425500005018	EXP	Feedback: flipHoriz = false
8.89425500005018	EXP	Feedback: flipVert = false
8.89425500005018	EXP	End_text: units = "height"
8.89425500005018	EXP	End_text: ori = 0
8.89425500005018	EXP	End_text: opacity = 1
8.89425500005018	EXP	End_text: pos = [0,0]
8.89425500005018	EXP	End_text: size = undefined
8.89425500005018	EXP	End_text: text = "This study aimed to look at procedural learning, i.e. our ability to extract patterns from the input that we are constantly receiving. This skill is thought to be essential for language and literacy acquisition and has been suggested as a possible underlying difficult in children with Language Impairments and Dyslexia. This study aims to improve the measures of procedural learning (the smiley face task) so that we can measure procedural learning more reliably and, in the future, analyse the performance of individuals with learning impairments.\nThank you for participating!\n\n----\n\nEste estudo tem como objectivo analisar a nossa capacidade de extrair padrões da informação que estamos constantemente a receber. Pensa-se que esta competência é essencial para a aquisição da linguagem e literacia e foi sugerido que dificuldades neste tipo de competências poderá estar relacionado com perturbações da linguagem e Dislexia. Este estudo tem como objectivo melhorar a estabilidade das medidas usadas para medir este tipo de memória (a tarefa da cara sorridente) de forma a poder medir de forma mais precisa e, no futuro, analisar a performance de indivíduos com perturbações da aprendizagem. \nMuito obrigada por ter participado!"
8.89425500005018	EXP	End_text: font = "Arial"
8.89425500005018	EXP	End_text: color = {"_hex":"#FFFFFF","_rgb":[1,1,1]}
8.89425500005018	EXP	End_text: contrast = 1
8.89425500005018	EXP	End_text: height = 0.025
8.89425500005018	EXP	End_text: bold = false
8.89425500005018	EXP	End_text: italic = false
8.89425500005018	EXP	End_text: alignHoriz = "left"
8.89425500005018	EXP	End_text: alignVert = "center"
8.89425500005018	EXP	End_text: wrapWidth = 1
8.89425500005018	EXP	End_text: flipHoriz = false
8.89425500005018	EXP	End_text: flipVert = false
8.89425500005018	EXP	text: autoDraw = true
12.81468000006862	DATA	Keydown:  
12.824389999965206	EXP	text: autoDraw = false
12.824389999965206	EXP	text_3: autoDraw = true
21.352169999969192	EXP	text_3: autoDraw = false
21.352169999969192	EXP	text_3: autoDraw = false
21.352169999969192	EXP	text_2: autoDraw = true
21.352169999969192	EXP	text_2: text = 0
21.358819999964908	EXP	text_2: text = 17
21.37189499998931	EXP	text_2: text = 30
21.380475000012666	EXP	text_2: text = 38
21.39303000003565	EXP	text_2: text = 51
21.402345000067726	EXP	text_2: text = 60
21.415574999991804	EXP	text_2: text = 74
21.425140000064857	EXP	text_2: text = 83
21.435685000033118	EXP	text_2: text = 94
21.445994999958202	EXP	text_2: text = 104
21.456635000067763	EXP	text_2: text = 114
21.467189999995753	EXP	text_2: text = 125
21.477139999973588	EXP	text_2: text = 135
21.489200000069104	EXP	text_2: text = 147
21.497695000027306	EXP	text_2: text = 156
21.510155000025406	EXP	text_2: text = 168
21.518670000019483	EXP	text_2: text = 177
21.531070000026375	EXP	text_2: text = 189
21.539630000013858	EXP	text_2: text = 198
21.55252999998629	EXP	text_2: text = 211
21.560539999976754	EXP	text_2: text = 218
21.57400000002235	EXP	text_2: text = 232
21.582545000012033	EXP	text_2: text = 241
21.595429999986663	EXP	text_2: text = 253
21.605674999998882	EXP	text_2: text = 264
21.615409999969415	DATA	Keydown:  
21.617465000017546	EXP	text_2: text = 274
21.617465000017546	EXP	text_2: autoDraw = false
21.617465000017546	EXP	Feedback: text = 263
21.617465000017546	EXP	Feedback: autoDraw = true
22.61537999997381	EXP	Feedback: autoDraw = false
22.61537999997381	EXP	Feedback: autoDraw = false
22.61537999997381	EXP	text_3: autoDraw = true
29.541115000029095	EXP	text_3: autoDraw = false
29.541115000029095	EXP	text_3: autoDraw = false
29.541115000029095	EXP	text_2: autoDraw = true
29.541115000029095	EXP	text_2: text = 0
29.55009500007145	EXP	text_2: text = 10
29.560810000053607	EXP	text_2: text = 20
29.572550000040792	EXP	text_2: text = 32
29.58102499996312	EXP	text_2: text = 40
29.593705000006594	EXP	text_2: text = 53
29.601909999968484	EXP	text_2: text = 61
29.614760000025854	EXP	text_2: text = 74
29.622854999965057	EXP	text_2: text = 82
29.63532999996096	EXP	text_2: text = 95
29.643470000009984	EXP	text_2: text = 103
29.656270000035875	EXP	text_2: text = 116
29.664549999986775	EXP	text_2: text = 124
29.677209999994375	EXP	text_2: text = 137
29.685735000064597	EXP	text_2: text = 145
29.697864999994636	EXP	text_2: text = 157
29.70498999999836	EXP	text_2: text = 164
29.71427500003483	EXP	text_2: text = 174
29.730890000006184	EXP	text_2: text = 190
29.739775000023656	EXP	text_2: text = 199
29.751045000040904	EXP	text_2: text = 211
29.76087999995798	EXP	text_2: text = 220
29.768554999958724	EXP	text_2: text = 228
29.784850000054576	EXP	text_2: text = 244
29.794820000068285	EXP	text_2: text = 254
29.802815000060946	EXP	text_2: text = 262
29.817340000066906	EXP	text_2: text = 277
29.832984999986365	EXP	text_2: text = 293
29.84353000007104	EXP	text_2: text = 303
29.85325499996543	EXP	text_2: text = 313
29.86619500000961	EXP	text_2: text = 326
29.879674999974668	EXP	text_2: text = 339
29.887830000021495	EXP	text_2: text = 347
29.900415000040084	EXP	text_2: text = 360
29.90886500000488	EXP	text_2: text = 368
29.92214999999851	DATA	Keydown:  
29.923435000004247	EXP	text_2: text = 382
29.923435000004247	EXP	text_2: autoDraw = false
29.923435000004247	EXP	Feedback: text = 381
29.923435000004247	EXP	Feedback: autoDraw = true
30.91499499999918	EXP	Feedback: autoDraw = false
30.91499499999918	EXP	Feedback: autoDraw = false
30.91499499999918	EXP	text_3: autoDraw = true
35.86378999997396	EXP	text_3: autoDraw = false
35.86378999997396	EXP	text_3: autoDraw = false
35.86378999997396	EXP	text_2: autoDraw = true
35.86378999997396	EXP	text_2: text = 0
35.87844999996014	EXP	text_2: text = 16
35.88776000007056	EXP	text_2: text = 25
35.898915000027046	EXP	text_2: text = 36
35.90823000005912	EXP	text_2: text = 45
35.92023499996867	EXP	text_2: text = 57
35.92846500000451	EXP	text_2: text = 66
35.94160000002012	EXP	text_2: text = 79
35.949905000044964	EXP	text_2: text = 87
35.96180000004824	EXP	text_2: text = 99
35.96910500002559	EXP	text_2: text = 106
35.97795500000939	EXP	text_2: text = 115
35.98802499996964	EXP	text_2: text = 125
36.00422999996226	EXP	text_2: text = 141
36.012489999993704	EXP	text_2: text = 150
36.025290000019595	EXP	text_2: text = 162
36.03394500003196	EXP	text_2: text = 171
36.04651999997441	EXP	text_2: text = 184
36.05460999999195	EXP	text_2: text = 192
36.06738000002224	EXP	text_2: text = 205
36.07551500003319	EXP	text_2: text = 213
36.0884200000437	EXP	text_2: text = 226
36.10137000004761	EXP	text_2: text = 238
36.10996500006877	EXP	text_2: text = 247
36.12322499998845	EXP	text_2: text = 260
36.133709999965504	EXP	text_2: text = 271
36.14228999998886	EXP	text_2: text = 279
36.15080000006128	EXP	text_2: text = 288
36.160559999989346	DATA	Keydown:  
36.167555000050925	EXP	text_2: text = 304
36.167555000050925	EXP	text_2: autoDraw = false
36.167555000050925	EXP	Feedback: text = 297
36.167555000050925	EXP	Feedback: autoDraw = true
37.16183500003535	EXP	Feedback: autoDraw = false
37.16183500003535	EXP	Feedback: autoDraw = false
37.16183500003535	EXP	text_3: autoDraw = true
43.390379999997094	EXP	text_3: autoDraw = false
43.390379999997094	EXP	text_3: autoDraw = false
43.390379999997094	EXP	text_2: autoDraw = true
43.390379999997094	EXP	text_2: text = 0
43.39838999998756	EXP	text_2: text = 9
43.41673499997705	EXP	text_2: text = 27
43.426659999997355	EXP	text_2: text = 37
43.436020000022836	EXP	text_2: text = 46
43.44805000000633	EXP	text_2: text = 58
43.45639000006486	EXP	text_2: text = 67
43.46923499996774	EXP	text_2: text = 80
43.47728500002995	EXP	text_2: text = 88
43.489775000023656	EXP	text_2: text = 100
43.49842499999795	EXP	text_2: text = 109
43.51086999999825	EXP	text_2: text = 121
43.51912000006996	EXP	text_2: text = 129
43.53198500000872	EXP	text_2: text = 142
43.540225000004284	EXP	text_2: text = 151
43.5527749999892	EXP	text_2: text = 163
43.561005000025034	EXP	text_2: text = 171
43.576514999964274	EXP	text_2: text = 187
43.59009000007063	EXP	text_2: text = 200
43.5996949999826	EXP	text_2: text = 210
43.61118000000715	EXP	text_2: text = 222
43.62419000000227	EXP	text_2: text = 235
43.636664999998175	EXP	text_2: text = 247
43.64487499999814	EXP	text_2: text = 255
43.65776500001084	EXP	text_2: text = 268
43.66586000006646	DATA	Keydown:  
43.66747500002384	EXP	text_2: text = 277
43.66747500002384	EXP	text_2: autoDraw = false
43.66747500002384	EXP	Feedback: text = 276
43.66747500002384	EXP	Feedback: autoDraw = true
44.66421499999706	EXP	Feedback: autoDraw = false
44.66421499999706	EXP	Feedback: autoDraw = false
44.66421499999706	EXP	text_3: autoDraw = true
52.17264999996405	EXP	text_3: autoDraw = false
52.17264999996405	EXP	text_3: autoDraw = false
52.17264999996405	EXP	text_2: autoDraw = true
52.17264999996405	EXP	text_2: text = 0
52.18209500005469	EXP	text_2: text = 10
52.19377000001259	EXP	text_2: text = 22
52.20268500002567	EXP	text_2: text = 30
52.21145000006072	EXP	text_2: text = 38
52.225240000057966	EXP	text_2: text = 53
52.23383499996271	EXP	text_2: text = 62
52.24613500002306	EXP	text_2: text = 74
52.25442000001203	EXP	text_2: text = 82
52.266569999977946	EXP	text_2: text = 94
52.2751200000057	EXP	text_2: text = 103
52.28831500001252	EXP	text_2: text = 116
52.296760000055656	EXP	text_2: text = 125
52.30905499996152	EXP	text_2: text = 137
52.317559999995865	EXP	text_2: text = 145
52.32982500002254	EXP	text_2: text = 158
52.33791000000201	EXP	text_2: text = 166
52.35048500006087	EXP	text_2: text = 178
52.35886999999639	EXP	text_2: text = 187
52.371445000055246	EXP	text_2: text = 199
52.37985500006471	EXP	text_2: text = 208
52.39220000000205	EXP	text_2: text = 220
52.400280000059865	EXP	text_2: text = 228
52.412684999988414	EXP	text_2: text = 240
52.421080000000075	EXP	text_2: text = 249
52.433305000071414	EXP	text_2: text = 261
52.441790000069886	EXP	text_2: text = 270
52.4509900000412	DATA	Keydown:  
52.456059999996796	EXP	text_2: text = 283
52.456059999996796	EXP	text_2: autoDraw = false
52.456059999996796	EXP	Feedback: text = 278
52.456059999996796	EXP	Feedback: autoDraw = true
53.45921500003897	EXP	Feedback: autoDraw = false
53.45921500003897	EXP	Feedback: autoDraw = false
53.45921500003897	EXP	text_3: autoDraw = true
61.83218500006478	EXP	text_3: autoDraw = false
61.83218500006478	EXP	text_3: autoDraw = false
61.83218500006478	EXP	text_2: autoDraw = true
61.83218500006478	EXP	text_2: text = 0
61.84739999996964	EXP	text_2: text = 16
61.8570250000339	EXP	text_2: text = 26
61.86940500000492	EXP	text_2: text = 38
61.880134999984875	EXP	text_2: text = 49
61.89080000005197	EXP	text_2: text = 59
61.90117500000633	EXP	text_2: text = 70
61.912699999986216	EXP	text_2: text = 81
61.92408999998588	EXP	text_2: text = 93
61.934420000063255	EXP	text_2: text = 103
61.94224500004202	EXP	text_2: text = 111
61.958575000055134	EXP	text_2: text = 127
61.967829999979585	EXP	text_2: text = 136
61.97970999998506	EXP	text_2: text = 148
61.99158999999054	EXP	text_2: text = 160
62.001344999996945	EXP	text_2: text = 170
62.01149000006262	EXP	text_2: text = 180
62.01863000006415	EXP	text_2: text = 187
62.02998500003014	EXP	text_2: text = 199
62.04464500001632	EXP	text_2: text = 213
62.05264999996871	EXP	text_2: text = 221
62.065094999969006	EXP	text_2: text = 234
62.07359499996528	EXP	text_2: text = 242
62.08141500002239	EXP	text_2: text = 250
62.090820000041276	EXP	text_2: text = 259
62.10213000001386	DATA	Keydown:  
62.10456999996677	EXP	text_2: text = 272
62.10456999996677	EXP	text_2: autoDraw = false
62.10456999996677	EXP	Feedback: text = 270
62.10456999996677	EXP	Feedback: autoDraw = true
63.09878000000026	EXP	Feedback: autoDraw = false
63.09878000000026	EXP	Feedback: autoDraw = false
63.09878000000026	EXP	text_3: autoDraw = true
69.94976500002667	EXP	text_3: autoDraw = false
69.94976500002667	EXP	text_3: autoDraw = false
69.94976500002667	EXP	text_2: autoDraw = true
69.94976500002667	EXP	text_2: text = 0
69.96527000004426	EXP	text_2: text = 17
69.97490500006825	EXP	text_2: text = 26
69.98411499999929	EXP	text_2: text = 36
69.99513499997556	EXP	text_2: text = 47
70.00546500005294	EXP	text_2: text = 57
70.01567500003148	EXP	text_2: text = 67
70.02720000001136	EXP	text_2: text = 79
70.03604499995708	EXP	text_2: text = 88
70.04732999997213	EXP	text_2: text = 99
70.0572150000371	EXP	text_2: text = 109
70.0648649999639	EXP	text_2: text = 116
70.07883999997284	EXP	text_2: text = 130
70.09391000005417	EXP	text_2: text = 145
70.10195499996189	EXP	text_2: text = 153
70.11504000006244	EXP	text_2: text = 166
70.12322499998845	EXP	text_2: text = 175
70.13563000003342	EXP	text_2: text = 187
70.14358000003267	EXP	text_2: text = 195
70.1572800000431	EXP	text_2: text = 209
70.16422999999486	EXP	text_2: text = 216
70.18064000003505	EXP	text_2: text = 232
70.19046000007074	EXP	text_2: text = 242
70.20026000007056	EXP	text_2: text = 252
70.2106850000564	EXP	text_2: text = 262
70.21846000000369	DATA	Keydown:  
70.2211299999617	EXP	text_2: text = 271
70.2211299999617	EXP	text_2: autoDraw = false
70.2211299999617	EXP	Feedback: text = 269
70.2211299999617	EXP	Feedback: autoDraw = true
71.21724999998696	EXP	Feedback: autoDraw = false
71.21724999998696	EXP	Feedback: autoDraw = false
71.21724999998696	EXP	text_3: autoDraw = true
75.28946999995969	EXP	text_3: autoDraw = false
75.28946999995969	EXP	text_3: autoDraw = false
75.28946999995969	EXP	text_2: autoDraw = true
75.28946999995969	EXP	text_2: text = 0
75.2970900000073	EXP	text_2: text = 9
75.30960499995854	EXP	text_2: text = 21
75.31832500000019	EXP	text_2: text = 30
75.3312900000019	EXP	text_2: text = 43
75.34524499997497	EXP	text_2: text = 57
75.35571500007063	EXP	text_2: text = 67
75.36674500000663	EXP	text_2: text = 78
75.37637499999255	EXP	text_2: text = 88
75.390224999981	EXP	text_2: text = 102
75.39824000000954	EXP	text_2: text = 110
75.41099500004202	EXP	text_2: text = 123
75.42103500000667	EXP	text_2: text = 132
75.43128000001889	EXP	text_2: text = 143
75.44180000002962	EXP	text_2: text = 153
75.44915000000037	EXP	text_2: text = 161
75.4653699999908	EXP	text_2: text = 177
75.47465500002727	EXP	text_2: text = 186
75.48491500003729	EXP	text_2: text = 196
75.49482000002172	EXP	text_2: text = 206
75.50527500000317	EXP	text_2: text = 217
75.51543500006665	EXP	text_2: text = 227
75.52630000002682	EXP	text_2: text = 238
75.53688000002876	EXP	text_2: text = 248
75.54760499997064	EXP	text_2: text = 259
75.55739500001073	EXP	text_2: text = 269
75.56925499998033	EXP	text_2: text = 281
75.57776000001468	EXP	text_2: text = 289
75.58656500000507	DATA	Keydown:  
75.5901849999791	EXP	text_2: text = 301
75.5901849999791	EXP	text_2: autoDraw = false
75.5901849999791	EXP	Feedback: text = 297
75.5901849999791	EXP	Feedback: autoDraw = true
76.58209499996156	EXP	Feedback: autoDraw = false
76.58209499996156	EXP	Feedback: autoDraw = false
76.58209499996156	EXP	text_3: autoDraw = true
79.48916999995708	EXP	text_3: autoDraw = false
79.48916999995708	EXP	text_3: autoDraw = false
79.48916999995708	EXP	text_2: autoDraw = true
79.48916999995708	EXP	text_2: text = 0
79.50311000004876	EXP	text_2: text = 15
79.51100000005681	EXP	text_2: text = 23
79.52348500001244	EXP	text_2: text = 35
79.53211999998894	EXP	text_2: text = 44
79.54443500004709	EXP	text_2: text = 56
79.55273500003386	EXP	text_2: text = 65
79.565094999969	EXP	text_2: text = 77
79.57345000002533	EXP	text_2: text = 85
79.5812450000085	EXP	text_2: text = 93
79.59037500002887	EXP	text_2: text = 102
79.59956500004046	EXP	text_2: text = 111
79.61034999997355	EXP	text_2: text = 122
79.6201000000583	EXP	text_2: text = 132
79.63009500002954	EXP	text_2: text = 142
79.6404699999839	EXP	text_2: text = 152
79.65118499996606	EXP	text_2: text = 163
79.66800499998499	EXP	text_2: text = 180
79.67595000006258	EXP	text_2: text = 188
79.68838000006508	EXP	text_2: text = 200
79.69641500001308	EXP	text_2: text = 208
79.70921999996062	EXP	text_2: text = 221
79.7169700000668	EXP	text_2: text = 229
79.72950999997556	EXP	text_2: text = 241
79.73771999997552	EXP	text_2: text = 250
79.7499700000044	EXP	text_2: text = 262
79.75810500001535	EXP	text_2: text = 270
79.77071000006981	EXP	text_2: text = 283
79.77899500005879	EXP	text_2: text = 291
79.79113500006497	EXP	text_2: text = 303
79.79990500002168	EXP	text_2: text = 312
79.81186000001617	DATA	Keydown:  
79.81307500007097	EXP	text_2: text = 324
79.81307500007097	EXP	text_2: autoDraw = false
79.81307500007097	EXP	Feedback: text = 323
79.81307500007097	EXP	Feedback: autoDraw = true
80.80955500004347	EXP	Feedback: autoDraw = false
80.80955500004347	EXP	Feedback: autoDraw = false
80.80955500004347	EXP	text_3: autoDraw = true
89.33599499997217	EXP	text_3: autoDraw = false
89.33599499997217	EXP	text_3: autoDraw = false
89.33599499997217	EXP	text_2: autoDraw = true
89.33599499997217	EXP	text_2: text = 0
89.34596499998588	EXP	text_2: text = 11
89.35646999999881	EXP	text_2: text = 22
89.36621000000741	EXP	text_2: text = 31
89.3781650000019	EXP	text_2: text = 43
89.3870299999835	EXP	text_2: text = 52
89.39986500004306	EXP	text_2: text = 65
89.40806499996688	EXP	text_2: text = 73
89.4201400000602	EXP	text_2: text = 85
89.42852499999572	EXP	text_2: text = 94
89.4414800000377	EXP	text_2: text = 107
89.44967000000179	EXP	text_2: text = 115
89.46241000003647	EXP	text_2: text = 127
89.47044000006281	EXP	text_2: text = 135
89.4828700000653	EXP	text_2: text = 148
89.49091499997303	EXP	text_2: text = 156
89.50370999996085	EXP	text_2: text = 169
89.51174500002526	EXP	text_2: text = 177
89.52364500006661	EXP	text_2: text = 189
89.53448000003118	EXP	text_2: text = 200
89.54592000006232	EXP	text_2: text = 211
89.55248000007123	DATA	Keydown:  
89.55481500003953	EXP	text_2: text = 218
89.55481500003953	EXP	text_2: autoDraw = false
89.55481500003953	EXP	Feedback: text = 217
89.55481500003953	EXP	Feedback: autoDraw = true
90.54388999997173	EXP	Feedback: autoDraw = false
90.54388999997173	EXP	Feedback: autoDraw = false
90.54388999997173	EXP	text_3: autoDraw = true
99.65019499999471	EXP	text_3: autoDraw = false
99.65019499999471	EXP	text_3: autoDraw = false
99.65019499999471	EXP	text_2: autoDraw = true
99.65019499999471	EXP	text_2: text = 0
99.65865500003565	EXP	text_2: text = 10
99.66816000000108	EXP	text_2: text = 19
99.67742500000168	EXP	text_2: text = 29
99.68901500001084	EXP	text_2: text = 40
99.70530000003055	EXP	text_2: text = 57
99.71333000005689	EXP	text_2: text = 65
99.7254950000206	EXP	text_2: text = 77
99.73386999999639	EXP	text_2: text = 85
99.7499700000044	EXP	text_2: text = 101
99.75962999998592	EXP	text_2: text = 111
99.76893500005826	EXP	text_2: text = 120
99.78181499999482	EXP	text_2: text = 133
99.78888000000734	EXP	text_2: text = 140
99.79867499996908	EXP	text_2: text = 150
99.80741000000853	EXP	text_2: text = 159
99.82645000005141	EXP	text_2: text = 178
99.8361300000688	EXP	text_2: text = 187
99.84658000001218	EXP	text_2: text = 198
99.8570250000339	EXP	text_2: text = 208
99.86835000000428	EXP	text_2: text = 220
99.87660499999765	EXP	text_2: text = 228
99.88567500002682	DATA	Keydown:  
99.89054499997292	EXP	text_2: text = 241
99.89054499997292	EXP	text_2: autoDraw = false
99.89054499997292	EXP	Feedback: text = 236
99.89054499997292	EXP	Feedback: autoDraw = true
100.88913000002503	EXP	Feedback: autoDraw = false
100.88913000002503	EXP	Feedback: autoDraw = false
100.88913000002503	EXP	text_3: autoDraw = true
108.56017499999143	EXP	text_3: autoDraw = false
108.56017499999143	EXP	text_3: autoDraw = false
108.56017499999143	EXP	text_2: autoDraw = true
108.56017499999143	EXP	text_2: text = 0
108.574729999993	EXP	text_2: text = 15
108.58496500004549	EXP	text_2: text = 25
108.5979750000406	EXP	text_2: text = 39
108.6103900000453	EXP	text_2: text = 51
108.6212499999674	EXP	text_2: text = 62
108.6342650000006	EXP	text_2: text = 75
108.64441499998793	EXP	text_2: text = 85
108.65727500000503	EXP	text_2: text = 97
108.67229500005487	EXP	text_2: text = 113
108.68212500005029	EXP	text_2: text = 123
108.69542999996338	EXP	text_2: text = 136
108.70755499997176	EXP	text_2: text = 148
108.71988500002772	EXP	text_2: text = 160
108.7347900000168	EXP	text_2: text = 175
108.74453500006348	EXP	text_2: text = 185
108.7565600000089	EXP	text_2: text = 197
108.76723999995738	EXP	text_2: text = 208
108.77500500006136	EXP	text_2: text = 215
108.79159999999683	EXP	text_2: text = 232
108.80148999998346	EXP	text_2: text = 242
108.8133150000358	EXP	text_2: text = 254
108.82217499997932	DATA	Keydown:  
108.82391000003554	EXP	text_2: text = 264
108.82391000003554	EXP	text_2: autoDraw = false
108.82391000003554	EXP	Feedback: text = 262
108.82391000003554	EXP	Feedback: autoDraw = true
109.8194750000257	EXP	Feedback: autoDraw = false
109.8194750000257	EXP	Feedback: autoDraw = false
109.8194750000257	EXP	text_3: autoDraw = true
114.99539499997627	EXP	text_3: autoDraw = false
114.99539499997627	EXP	text_3: autoDraw = false
114.99539499997627	EXP	text_2: autoDraw = true
114.99539499997627	EXP	text_2: text = 0
115.00373999995645	EXP	text_2: text = 9
115.01589000003878	EXP	text_2: text = 21
115.02478500001598	EXP	text_2: text = 30
115.03330500004813	EXP	text_2: text = 38
115.04862500005402	EXP	text_2: text = 54
115.05822500004433	EXP	text_2: text = 63
115.06860999995843	EXP	text_2: text = 74
115.07867499999702	EXP	text_2: text = 84
115.08976500004064	EXP	text_2: text = 95
115.10002000001259	EXP	text_2: text = 105
115.11135000002105	EXP	text_2: text = 116
115.12155000003986	EXP	text_2: text = 127
115.13040000002366	EXP	text_2: text = 135
115.14599500002805	EXP	text_2: text = 151
115.1606150000589	EXP	text_2: text = 166
115.17116999998689	EXP	text_2: text = 176
115.18173499999102	EXP	text_2: text = 187
115.19367000006605	EXP	text_2: text = 199
115.20831999997608	EXP	text_2: text = 213
115.21643500006758	EXP	text_2: text = 221
115.22880000004079	EXP	text_2: text = 234
115.2373099999968	EXP	text_2: text = 242
115.24974500003736	EXP	text_2: text = 255
115.25808000005782	EXP	text_2: text = 263
115.26620499999262	DATA	Keydown:  
115.2690350000048	EXP	text_2: text = 272
115.2690350000048	EXP	text_2: autoDraw = false
115.2690350000048	EXP	Feedback: text = 271
115.2690350000048	EXP	Feedback: autoDraw = true
116.2630600000266	EXP	Feedback: autoDraw = false
116.2630600000266	EXP	Feedback: autoDraw = false
116.2630600000266	EXP	text_3: autoDraw = true
124.34265500004403	EXP	text_3: autoDraw = false
124.34265500004403	EXP	text_3: autoDraw = false
124.34265500004403	EXP	text_2: autoDraw = true
124.34265500004403	EXP	text_2: text = 0
124.35014500003308	EXP	text_2: text = 8
124.3627100000158	EXP	text_2: text = 21
124.37098000000697	EXP	text_2: text = 29
124.38340000004973	EXP	text_2: text = 41
124.39115499996115	EXP	text_2: text = 49
124.40412500000093	EXP	text_2: text = 62
124.41205499996431	EXP	text_2: text = 70
124.42489999998361	EXP	text_2: text = 83
124.43254000006709	EXP	text_2: text = 91
124.44510000001173	EXP	text_2: text = 103
124.4535700000124	EXP	text_2: text = 112
124.46509000007063	EXP	text_2: text = 123
124.47443000006024	EXP	text_2: text = 132
124.48640499997418	EXP	text_2: text = 144
124.49447999999393	EXP	text_2: text = 152
124.50687000004109	EXP	text_2: text = 165
124.51502000004984	EXP	text_2: text = 173
124.52772000001278	EXP	text_2: text = 186
124.53582500002813	EXP	text_2: text = 194
124.54848500003573	EXP	text_2: text = 206
124.55646500003058	DATA	Keydown:  
124.55785500002094	EXP	text_2: text = 215
124.55785500002094	EXP	text_2: autoDraw = false
124.55785500002094	EXP	Feedback: text = 214
124.55785500002094	EXP	Feedback: autoDraw = true
125.54943000001367	EXP	Feedback: autoDraw = false
125.54943000001367	EXP	Feedback: autoDraw = false
125.54943000001367	EXP	text_3: autoDraw = true
127.9907200000016	EXP	text_3: autoDraw = false
127.9907200000016	EXP	text_3: autoDraw = false
127.9907200000016	EXP	text_2: autoDraw = true
127.9907200000016	EXP	text_2: text = 0
128.00386000005528	EXP	text_2: text = 14
128.01191500003915	EXP	text_2: text = 22
128.02451500005554	EXP	text_2: text = 35
128.03292999998666	EXP	text_2: text = 43
128.04501999996137	EXP	text_2: text = 55
128.05307000002358	EXP	text_2: text = 63
128.06628500006627	EXP	text_2: text = 76
128.07420999999158	EXP	text_2: text = 84
128.08799999998882	EXP	text_2: text = 98
128.09842499997467	EXP	text_2: text = 109
128.108974999981	EXP	text_2: text = 119
128.11569999996573	EXP	text_2: text = 126
128.12801500002388	EXP	text_2: text = 138
128.14222999999765	EXP	text_2: text = 152
128.15072500007227	EXP	text_2: text = 161
128.1633050000528	EXP	text_2: text = 173
128.17133000004105	EXP	text_2: text = 181
128.18429999996442	EXP	text_2: text = 194
128.19224999996368	EXP	text_2: text = 202
128.20493999996688	EXP	text_2: text = 215
128.2130350000225	EXP	text_2: text = 223
128.22518000006676	EXP	text_2: text = 235
128.23355000000447	EXP	text_2: text = 244
128.2455450000707	EXP	text_2: text = 256
128.25410999997985	EXP	text_2: text = 264
128.26401000004262	EXP	text_2: text = 274
128.28220999997575	EXP	text_2: text = 292
128.29281000001356	EXP	text_2: text = 303
128.30418500001542	EXP	text_2: text = 314
128.31718999997247	EXP	text_2: text = 327
128.32518499996513	EXP	text_2: text = 335
128.33807000005618	EXP	text_2: text = 348
128.3465899999719	EXP	text_2: text = 357
128.35912000003736	EXP	text_2: text = 369
128.36677500000224	DATA	Keydown:  
128.36998499999754	EXP	text_2: text = 379
128.36998499999754	EXP	text_2: autoDraw = false
128.36998499999754	EXP	Feedback: text = 376
128.36998499999754	EXP	Feedback: autoDraw = true
129.35921500006225	EXP	Feedback: autoDraw = false
129.35921500006225	EXP	Feedback: autoDraw = false
129.35921500006225	EXP	text_3: autoDraw = true
132.44961000001058	EXP	text_3: autoDraw = false
132.44961000001058	EXP	text_3: autoDraw = false
132.44961000001058	EXP	text_2: autoDraw = true
132.44961000001058	EXP	text_2: text = 0
132.4655400000047	EXP	text_2: text = 17
132.4744349999819	EXP	text_2: text = 26
132.48501000006218	EXP	text_2: text = 36
132.49493499996606	EXP	text_2: text = 46
132.50666000007186	EXP	text_2: text = 58
132.515149999992	EXP	text_2: text = 66
132.52288499998394	EXP	text_2: text = 74
132.537089999998	EXP	text_2: text = 88
132.54528500000015	EXP	text_2: text = 97
132.55284500005655	EXP	text_2: text = 104
132.56270500004757	EXP	text_2: text = 114
132.57915999996476	EXP	text_2: text = 130
132.5874649999896	EXP	text_2: text = 139
132.59969000006095	EXP	text_2: text = 151
132.61450500006322	EXP	text_2: text = 166
132.62248000002	EXP	text_2: text = 174
132.63493000005838	EXP	text_2: text = 186
132.6430199999595	EXP	text_2: text = 194
132.6559399999678	EXP	text_2: text = 207
132.66408000001684	EXP	text_2: text = 215
132.67419000004884	DATA	Keydown:  
132.67827500007115	EXP	text_2: text = 229
132.67827500007115	EXP	text_2: autoDraw = false
132.67827500007115	EXP	Feedback: text = 225
132.67827500007115	EXP	Feedback: autoDraw = true
133.67151000001468	EXP	Feedback: autoDraw = false
133.67151000001468	EXP	Feedback: autoDraw = false
133.67151000001468	EXP	text_3: autoDraw = true
143.42434500006493	EXP	text_3: autoDraw = false
143.42434500006493	EXP	text_3: autoDraw = false
143.42434500006493	EXP	text_2: autoDraw = true
143.42434500006493	EXP	text_2: text = 0
143.43932500004303	EXP	text_2: text = 16
143.44778499996755	EXP	text_2: text = 25
143.45539500005543	EXP	text_2: text = 32
143.4639100000495	EXP	text_2: text = 41
143.47368499997538	EXP	text_2: text = 50
143.48392000002787	EXP	text_2: text = 61
143.49453999998514	EXP	text_2: text = 71
143.504270000034	EXP	text_2: text = 81
143.5135650000302	EXP	text_2: text = 90
143.523215000052	EXP	text_2: text = 100
143.54165999998804	EXP	text_2: text = 119
143.55131999996956	EXP	text_2: text = 128
143.56088500004262	EXP	text_2: text = 138
143.57229000004008	EXP	text_2: text = 149
143.5823500000406	EXP	text_2: text = 159
143.59320000000298	EXP	text_2: text = 170
143.60398000001442	EXP	text_2: text = 181
143.61400499998126	EXP	text_2: text = 191
143.62477500003297	EXP	text_2: text = 202
143.63289500004612	DATA	Keydown:  
143.63649000006262	EXP	text_2: text = 213
143.63649000006262	EXP	text_2: autoDraw = false
143.63649000006262	EXP	Feedback: text = 209
143.63649000006262	EXP	Feedback: autoDraw = true
144.63581999996677	EXP	Feedback: autoDraw = false
144.63581999996677	EXP	Feedback: autoDraw = false
144.63581999996677	EXP	text_3: autoDraw = true
153.42975000001024	EXP	text_3: autoDraw = false
153.42975000001024	EXP	text_3: autoDraw = false
153.42975000001024	EXP	text_2: autoDraw = true
153.42975000001024	EXP	text_2: text = 0
153.44545500003733	EXP	text_2: text = 17
153.45386999996845	EXP	text_2: text = 25
153.46602000005078	EXP	text_2: text = 37
153.47402500000317	EXP	text_2: text = 45
153.48664000001736	EXP	text_2: text = 58
153.49438000004739	EXP	text_2: text = 66
153.5063599999994	EXP	text_2: text = 78
153.51696000003722	EXP	text_2: text = 88
153.5270399999572	EXP	text_2: text = 98
153.53692500002217	EXP	text_2: text = 108
153.5475650000153	EXP	text_2: text = 119
153.5575250000693	EXP	text_2: text = 129
153.56790999998339	EXP	text_2: text = 139
153.57805999997072	EXP	text_2: text = 150
153.58899499999825	EXP	text_2: text = 160
153.59866500005592	EXP	text_2: text = 170
153.60831000003964	EXP	text_2: text = 180
153.62043000000995	EXP	text_2: text = 192
153.62913000001572	EXP	text_2: text = 200
153.63685000000987	EXP	text_2: text = 208
153.6450500000501	DATA	Keydown:  
153.6466650000075	EXP	text_2: text = 217
153.6466650000075	EXP	text_2: autoDraw = false
153.6466650000075	EXP	Feedback: text = 215
153.6466650000075	EXP	Feedback: autoDraw = true
154.64674999995623	EXP	Feedback: autoDraw = false
154.64674999995623	EXP	Feedback: autoDraw = false
154.64674999995623	EXP	text_3: autoDraw = true
162.34820000000764	EXP	text_3: autoDraw = false
162.34820000000764	EXP	text_3: autoDraw = false
162.34820000000764	EXP	text_2: autoDraw = true
162.34820000000764	EXP	text_2: text = 0
162.35652500006836	EXP	text_2: text = 9
162.36959000001661	EXP	text_2: text = 22
162.37935499998275	EXP	text_2: text = 32
162.3893650000682	EXP	text_2: text = 42
162.40130999998655	EXP	text_2: text = 54
162.41418500000145	EXP	text_2: text = 67
162.42374500003643	EXP	text_2: text = 76
162.43503499997314	EXP	text_2: text = 87
162.44286000006832	EXP	text_2: text = 95
162.45845999999437	EXP	text_2: text = 111
162.46820000000298	EXP	text_2: text = 120
162.47843999997713	EXP	text_2: text = 131
162.48968500003684	EXP	text_2: text = 142
162.49900499999058	EXP	text_2: text = 151
162.51389499998186	EXP	text_2: text = 166
162.52373999997508	EXP	text_2: text = 176
162.5345049999887	EXP	text_2: text = 187
162.54530999995768	EXP	text_2: text = 198
162.5536350000184	EXP	text_2: text = 206
162.56961000000592	EXP	text_2: text = 222
162.5794150000438	EXP	text_2: text = 232
162.58961500006262	EXP	text_2: text = 242
162.60207000002265	EXP	text_2: text = 254
162.61209000006784	DATA	Keydown:  
162.6166450000601	EXP	text_2: text = 268
162.6166450000601	EXP	text_2: autoDraw = false
162.6166450000601	EXP	Feedback: text = 264
162.6166450000601	EXP	Feedback: autoDraw = true
163.6095000000205	EXP	Feedback: autoDraw = false
163.6095000000205	EXP	Feedback: autoDraw = false
163.6095000000205	EXP	text_3: autoDraw = true
167.5493499999866	EXP	text_3: autoDraw = false
167.5493499999866	EXP	text_3: autoDraw = false
167.5493499999866	EXP	text_2: autoDraw = true
167.5493499999866	EXP	text_2: text = 0
167.5568300000159	EXP	text_2: text = 8
167.5694750000257	EXP	text_2: text = 21
167.57753500004765	EXP	text_2: text = 29
167.5900599999586	EXP	text_2: text = 41
167.59845000004862	EXP	text_2: text = 50
167.60987499996554	EXP	text_2: text = 61
167.62281500000972	EXP	text_2: text = 74
167.63307500001974	EXP	text_2: text = 84
167.64124500006437	EXP	text_2: text = 92
167.65723999997135	EXP	text_2: text = 107
167.66760000004433	EXP	text_2: text = 119
167.6804649999831	EXP	text_2: text = 132
167.69531500001904	EXP	text_2: text = 146
167.70337999996264	EXP	text_2: text = 154
167.71655999997165	EXP	text_2: text = 168
167.724589999998	EXP	text_2: text = 176
167.736969999969	EXP	text_2: text = 188
167.74479999998584	EXP	text_2: text = 196
167.75744499999564	EXP	text_2: text = 209
167.76531000004616	EXP	text_2: text = 216
167.7782850000076	EXP	text_2: text = 229
167.78660500003025	EXP	text_2: text = 238
167.79897000000346	EXP	text_2: text = 250
167.80706999998074	EXP	text_2: text = 258
167.81535000004806	DATA	Keydown:  
167.82070999999996	EXP	text_2: text = 271
167.82070999999996	EXP	text_2: autoDraw = false
167.82070999999996	EXP	Feedback: text = 266
167.82070999999996	EXP	Feedback: autoDraw = true
168.81530500005465	EXP	Feedback: autoDraw = false
168.81530500005465	EXP	Feedback: autoDraw = false
168.81530500005465	EXP	text_3: autoDraw = true
173.5929349999642	EXP	text_3: autoDraw = false
173.5929349999642	EXP	text_3: autoDraw = false
173.5929349999642	EXP	text_2: autoDraw = true
173.5929349999642	EXP	text_2: text = 0
173.60464999999385	EXP	text_2: text = 13
173.61283500003628	EXP	text_2: text = 21
173.62532500003	EXP	text_2: text = 33
173.63387000001967	EXP	text_2: text = 42
173.64601000002585	EXP	text_2: text = 54
173.65509500005282	EXP	text_2: text = 63
173.6660050000064	EXP	text_2: text = 74
173.67575499997474	EXP	text_2: text = 84
173.68671000003815	EXP	text_2: text = 95
173.696334999986	EXP	text_2: text = 104
173.70733000000473	EXP	text_2: text = 115
173.71738000004552	EXP	text_2: text = 125
173.72473000001628	EXP	text_2: text = 133
173.73909000004642	EXP	text_2: text = 147
173.74707499996293	EXP	text_2: text = 155
173.75881000002846	EXP	text_2: text = 167
173.76849000004586	EXP	text_2: text = 176
173.78030500002205	EXP	text_2: text = 188
173.79569000005722	EXP	text_2: text = 204
173.80358000006527	EXP	text_2: text = 212
173.81654999998864	EXP	text_2: text = 224
173.82428000005893	DATA	Keydown:  
173.8258050000295	EXP	text_2: text = 233
173.8258050000295	EXP	text_2: autoDraw = false
173.8258050000295	EXP	Feedback: text = 231
173.8258050000295	EXP	Feedback: autoDraw = true
174.81546000007074	EXP	Feedback: autoDraw = false
174.81546000007074	EXP	Feedback: autoDraw = false
174.81546000007074	EXP	text_3: autoDraw = true
183.89728999999352	EXP	text_3: autoDraw = false
183.89728999999352	EXP	text_3: autoDraw = false
183.89728999999352	EXP	text_2: autoDraw = true
183.89728999999352	EXP	text_2: text = 0
183.90523500007112	EXP	text_2: text = 9
183.91593999997713	EXP	text_2: text = 19
183.92520499997772	EXP	text_2: text = 29
183.94449999998324	EXP	text_2: text = 48
183.95436500001233	EXP	text_2: text = 58
183.96419500000775	EXP	text_2: text = 68
183.97420000005513	EXP	text_2: text = 78
183.98488999996334	EXP	text_2: text = 88
183.99511000001803	EXP	text_2: text = 99
184.00468000001274	EXP	text_2: text = 108
184.0165500000585	EXP	text_2: text = 120
184.02494500007015	EXP	text_2: text = 128
184.03728000004776	EXP	text_2: text = 141
184.04590000002645	EXP	text_2: text = 149
184.05793999996968	EXP	text_2: text = 161
184.0665400000289	EXP	text_2: text = 170
184.07810499996413	EXP	text_2: text = 181
184.09597500006203	EXP	text_2: text = 199
184.10785999998916	EXP	text_2: text = 211
184.116015000036	DATA	Keydown:  
184.11982000002172	EXP	text_2: text = 222
184.11982000002172	EXP	text_2: autoDraw = false
184.11982000002172	EXP	Feedback: text = 219
184.11982000002172	EXP	Feedback: autoDraw = true
185.11384999996517	EXP	Feedback: autoDraw = false
185.11384999996517	EXP	Feedback: autoDraw = false
185.11384999996517	EXP	text_3: autoDraw = true
193.27443500002846	EXP	text_3: autoDraw = false
193.27443500002846	EXP	text_3: autoDraw = false
193.27443500002846	EXP	text_2: autoDraw = true
193.27443500002846	EXP	text_2: text = 0
193.28827999997884	EXP	text_2: text = 15
193.29573000001255	EXP	text_2: text = 22
193.30777499999385	EXP	text_2: text = 35
193.31582999997772	EXP	text_2: text = 43
193.32380999997258	EXP	text_2: text = 50
193.33224999997765	EXP	text_2: text = 59
193.3416900000302	EXP	text_2: text = 68
193.3517249999568	EXP	text_2: text = 78
193.3625250000041	EXP	text_2: text = 89
193.37222999997903	EXP	text_2: text = 99
193.38266000000294	EXP	text_2: text = 109
193.39358000003267	EXP	text_2: text = 120
193.40969500003848	EXP	text_2: text = 137
193.41925499995705	EXP	text_2: text = 146
193.42801500007045	EXP	text_2: text = 155
193.44084499997552	EXP	text_2: text = 168
193.44880000001285	EXP	text_2: text = 176
193.46106000000145	EXP	text_2: text = 188
193.4698400000343	EXP	text_2: text = 197
193.48178500006907	EXP	text_2: text = 209
193.49004000006244	EXP	text_2: text = 217
193.50279000005685	EXP	text_2: text = 230
193.51092000002973	EXP	text_2: text = 238
193.51999499998055	DATA	Keydown:  
193.52477500005625	EXP	text_2: text = 251
193.52477500005625	EXP	text_2: autoDraw = false
193.52477500005625	EXP	Feedback: text = 246
193.52477500005625	EXP	Feedback: autoDraw = true
194.51429500000086	EXP	Feedback: autoDraw = false
194.51429500000086	EXP	Feedback: autoDraw = false
194.51429500000086	EXP	text_3: autoDraw = true
201.9697800000431	EXP	text_3: autoDraw = false
201.9697800000431	EXP	text_3: autoDraw = false
201.9697800000431	EXP	text_2: autoDraw = true
201.9697800000431	EXP	text_2: text = 0
201.97730999998748	EXP	text_2: text = 8
201.98996000003535	EXP	text_2: text = 21
201.99896500003524	EXP	text_2: text = 30
202.01134500000626	EXP	text_2: text = 42
202.0223550000228	EXP	text_2: text = 53
202.03061000001617	EXP	text_2: text = 61
202.0430199999828	EXP	text_2: text = 74
202.05197999998927	EXP	text_2: text = 83
202.06377000000793	EXP	text_2: text = 95
202.07276999996975	EXP	text_2: text = 103
202.0845449999906	EXP	text_2: text = 115
202.095869999961	EXP	text_2: text = 127
202.1072100000456	EXP	text_2: text = 138
202.11745500005782	EXP	text_2: text = 148
202.12779000005685	EXP	text_2: text = 159
202.138030000031	EXP	text_2: text = 169
202.14745499996934	EXP	text_2: text = 178
202.15549999999348	EXP	text_2: text = 186
202.1694650000427	EXP	text_2: text = 200
202.17813500005286	EXP	text_2: text = 209
202.19073000003118	EXP	text_2: text = 221
202.19893499999307	EXP	text_2: text = 230
202.211115000071	EXP	text_2: text = 242
202.2195200000424	EXP	text_2: text = 250
202.2314699999988	EXP	text_2: text = 262
202.23982500005513	DATA	Keydown:  
202.24754999997094	EXP	text_2: text = 278
202.24754999997094	EXP	text_2: autoDraw = false
202.24754999997094	EXP	Feedback: text = 270
202.24754999997094	EXP	Feedback: autoDraw = true
203.23959500005003	EXP	Feedback: autoDraw = false
203.23959500005003	EXP	Feedback: autoDraw = false
203.23959500005003	EXP	text_3: autoDraw = true
206.09834999998566	EXP	text_3: autoDraw = false
206.09834999998566	EXP	text_3: autoDraw = false
206.09834999998566	EXP	text_2: autoDraw = true
206.09834999998566	EXP	text_2: text = 0
206.10660499997903	EXP	text_2: text = 9
206.1186400000006	EXP	text_2: text = 21
206.12930999998935	EXP	text_2: text = 31
206.13681000005454	EXP	text_2: text = 39
206.14521500002593	EXP	text_2: text = 47
206.15555500006303	EXP	text_2: text = 58
206.1654349999735	EXP	text_2: text = 67
206.17515500006266	EXP	text_2: text = 77
206.19177999999374	EXP	text_2: text = 94
206.19978500006255	EXP	text_2: text = 102
206.21250000002328	EXP	text_2: text = 115
206.2208999999566	EXP	text_2: text = 123
206.23300500004552	EXP	text_2: text = 135
206.2407200000016	EXP	text_2: text = 143
206.24970000004396	EXP	text_2: text = 152
206.25887500005774	EXP	text_2: text = 161
206.2750900000101	EXP	text_2: text = 177
206.28355000005104	EXP	text_2: text = 186
206.29602500004694	EXP	text_2: text = 198
206.3042800000403	EXP	text_2: text = 206
206.3169550000457	EXP	text_2: text = 219
206.32507999998052	EXP	text_2: text = 227
206.33749000006355	EXP	text_2: text = 240
206.34458500007167	EXP	text_2: text = 247
206.3540000000503	DATA	Keydown:  
206.3617699999595	EXP	text_2: text = 263
206.3617699999595	EXP	text_2: autoDraw = false
206.3617699999595	EXP	Feedback: text = 256
206.3617699999595	EXP	Feedback: autoDraw = true
207.35808000003453	EXP	Feedback: autoDraw = false
207.35808000003453	EXP	Feedback: autoDraw = false
207.35808000003453	EXP	text_3: autoDraw = true
212.96871499996632	EXP	text_3: autoDraw = false
212.96871499996632	EXP	text_3: autoDraw = false
212.96871499996632	EXP	text_2: autoDraw = true
212.96871499996632	EXP	text_2: text = 0
212.98322000005282	EXP	text_2: text = 16
212.99111499998253	EXP	text_2: text = 24
213.0035350000253	EXP	text_2: text = 37
213.01159000000916	EXP	text_2: text = 45
213.02411500003655	EXP	text_2: text = 57
213.0321100000292	EXP	text_2: text = 65
213.04439000005368	EXP	text_2: text = 78
213.05286000005435	EXP	text_2: text = 86
213.06513500004075	EXP	text_2: text = 98
213.07356000004802	EXP	text_2: text = 107
213.08648499997798	EXP	text_2: text = 120
213.09466000006068	EXP	text_2: text = 128
213.1073000000324	EXP	text_2: text = 140
213.1157050000038	EXP	text_2: text = 149
213.12773000006564	EXP	text_2: text = 161
213.13746500003617	EXP	text_2: text = 171
213.14808499999344	EXP	text_2: text = 181
213.156975000049	EXP	text_2: text = 190
213.17009999998845	EXP	text_2: text = 203
213.17804500006605	EXP	text_2: text = 211
213.19027500005905	EXP	text_2: text = 223
213.19902000005823	DATA	Keydown:  
213.20130499999505	EXP	text_2: text = 234
213.20130499999505	EXP	text_2: autoDraw = false
213.20130499999505	EXP	Feedback: text = 230
213.20130499999505	EXP	Feedback: autoDraw = true
214.19289499998558	EXP	Feedback: autoDraw = false
214.19289499998558	EXP	Feedback: autoDraw = false
214.19289499998558	EXP	text_3: autoDraw = true
221.08347499999218	EXP	text_3: autoDraw = false
221.08347499999218	EXP	text_3: autoDraw = false
221.08347499999218	EXP	text_2: autoDraw = true
221.08347499999218	EXP	text_2: text = 0
221.09772499999963	EXP	text_2: text = 17
221.10709499998484	EXP	text_2: text = 26
221.11818500002846	EXP	text_2: text = 38
221.12632499996107	EXP	text_2: text = 46
221.1386750000529	EXP	text_2: text = 58
221.14702000003308	EXP	text_2: text = 66
221.15903500001878	EXP	text_2: text = 78
221.16786000004504	EXP	text_2: text = 87
221.1793300000718	EXP	text_2: text = 99
221.18935500003863	EXP	text_2: text = 109
221.19970500003546	EXP	text_2: text = 119
221.2105750000337	EXP	text_2: text = 130
221.2198900000658	EXP	text_2: text = 139
221.23189000005368	EXP	text_2: text = 151
221.2403349999804	EXP	text_2: text = 160
221.25386000005528	EXP	text_2: text = 173
221.26188500004355	EXP	text_2: text = 181
221.27442000003066	EXP	text_2: text = 194
221.28260999999475	EXP	text_2: text = 202
221.29093500005547	DATA	Keydown:  
221.29622500005644	EXP	text_2: text = 215
221.29622500005644	EXP	text_2: autoDraw = false
221.29622500005644	EXP	Feedback: text = 208
221.29622500005644	EXP	Feedback: autoDraw = true
222.29410000005737	EXP	Feedback: autoDraw = false
222.29410000005737	EXP	Feedback: autoDraw = false
222.29410000005737	EXP	text_3: autoDraw = true
230.46513500006404	EXP	text_3: autoDraw = false
230.46513500006404	EXP	text_3: autoDraw = false
230.46513500006404	EXP	text_2: autoDraw = true
230.46513500006404	EXP	text_2: text = 0
230.4748499999987	EXP	text_2: text = 11
230.483899999992	EXP	text_2: text = 20
230.4945950000547	EXP	text_2: text = 31
230.50987000006717	EXP	text_2: text = 46
230.51818000001367	EXP	text_2: text = 54
230.5303449999774	EXP	text_2: text = 67
230.53841999999713	EXP	text_2: text = 75
230.54729500005487	EXP	text_2: text = 84
230.5626700000139	EXP	text_2: text = 99
230.57208000007086	EXP	text_2: text = 108
230.58298499998637	EXP	text_2: text = 119
230.59233500005212	EXP	text_2: text = 129
230.60371499997564	EXP	text_2: text = 140
230.61384999996517	EXP	text_2: text = 150
230.62557500007097	EXP	text_2: text = 162
230.63407000002917	EXP	text_2: text = 170
230.64657500002068	EXP	text_2: text = 183
230.65624000004027	EXP	text_2: text = 192
230.6687099999981	EXP	text_2: text = 205
230.67681500001345	DATA	Keydown:  
230.6789300000528	EXP	text_2: text = 214
230.6789300000528	EXP	text_2: autoDraw = false
230.6789300000528	EXP	Feedback: text = 212
230.6789300000528	EXP	Feedback: autoDraw = true
230.70712999999523	DATA	Keydown: Control
230.70738499995787	DATA	Keydown: AltGraph
231.6783300000243	EXP	Feedback: autoDraw = false
231.6783300000243	EXP	Feedback: autoDraw = false
231.6783300000243	EXP	text_3: autoDraw = true
239.76231000002008	EXP	text_3: autoDraw = false
239.76231000002008	EXP	text_3: autoDraw = false
239.76231000002008	EXP	text_2: autoDraw = true
239.76231000002008	EXP	text_2: text = 0
239.77878000005148	EXP	text_2: text = 18
239.7868749999907	EXP	text_2: text = 26
239.79957500007004	EXP	text_2: text = 38
239.80755999998655	EXP	text_2: text = 46
239.81987000000663	EXP	text_2: text = 59
239.82785999996122	EXP	text_2: text = 67
239.8402149999747	EXP	text_2: text = 79
239.84837999998126	EXP	text_2: text = 87
239.86074000003282	EXP	text_2: text = 100
239.86985999997705	EXP	text_2: text = 109
239.88339500001166	EXP	text_2: text = 122
239.89114500000142	EXP	text_2: text = 130
239.90387499995995	EXP	text_2: text = 143
239.91197500005364	EXP	text_2: text = 151
239.92447500000708	EXP	text_2: text = 163
239.9322750000283	EXP	text_2: text = 171
239.94487000000663	EXP	text_2: text = 184
239.95292000006884	EXP	text_2: text = 192
239.96499500004575	EXP	text_2: text = 204
239.97332500002813	EXP	text_2: text = 212
239.98415500007104	EXP	text_2: text = 223
239.99626000004355	EXP	text_2: text = 235
240.00499499996658	DATA	Keydown:  
240.00858000002336	EXP	text_2: text = 247
240.00858000002336	EXP	text_2: autoDraw = false
240.00858000002336	EXP	Feedback: text = 243
240.00858000002336	EXP	Feedback: autoDraw = true
240.02932500001043	DATA	Keydown: Control
240.02966999995988	DATA	Keydown: AltGraph
241.00219999998808	EXP	Feedback: autoDraw = false
241.00219999998808	EXP	Feedback: autoDraw = false
241.00219999998808	EXP	text_3: autoDraw = true
247.29451499995776	EXP	text_3: autoDraw = false
247.29451499995776	EXP	text_3: autoDraw = false
247.29451499995776	EXP	text_2: autoDraw = true
247.29451499995776	EXP	text_2: text = 0
247.308779999963	EXP	text_2: text = 16
247.31732000003103	EXP	text_2: text = 24
247.33014500001445	EXP	text_2: text = 37
247.33824000007007	EXP	text_2: text = 45
247.35051999997813	EXP	text_2: text = 58
247.3591149999993	EXP	text_2: text = 66
247.37218000006396	EXP	text_2: text = 79
247.38023500004783	EXP	text_2: text = 87
247.39280999999028	EXP	text_2: text = 100
247.40156000002753	EXP	text_2: text = 109
247.41386500000954	EXP	text_2: text = 121
247.42191000003368	EXP	text_2: text = 129
247.4347200000193	EXP	text_2: text = 142
247.4427399999695	EXP	text_2: text = 150
247.45502500003204	EXP	text_2: text = 162
247.46311500004958	EXP	text_2: text = 170
247.4790450000437	EXP	text_2: text = 186
247.48907000001054	EXP	text_2: text = 196
247.4979600000661	EXP	text_2: text = 205
247.51053500000853	EXP	text_2: text = 218
247.51856500003487	EXP	text_2: text = 226
247.53096500004176	EXP	text_2: text = 238
247.53944500000216	EXP	text_2: text = 246
247.55222000007052	EXP	text_2: text = 259
247.56039999995846	EXP	text_2: text = 267
247.56958999997005	DATA	Keydown:  
247.5744849999901	EXP	text_2: text = 281
247.5744849999901	EXP	text_2: autoDraw = false
247.5744849999901	EXP	Feedback: text = 275
247.5744849999901	EXP	Feedback: autoDraw = true
248.57354000001214	EXP	Feedback: autoDraw = false
248.57354000001214	EXP	Feedback: autoDraw = false
248.57354000001214	EXP	text_3: autoDraw = true
251.07148000004236	EXP	text_3: autoDraw = false
251.07148000004236	EXP	text_3: autoDraw = false
251.07148000004236	EXP	text_2: autoDraw = true
251.07148000004236	EXP	text_2: text = 0
251.07942500000354	EXP	text_2: text = 9
251.08942500001285	EXP	text_2: text = 19
251.10011500003748	EXP	text_2: text = 29
251.10959500004537	EXP	text_2: text = 39
251.12308499997016	EXP	text_2: text = 52
251.13780999998562	EXP	text_2: text = 67
251.1471700000111	EXP	text_2: text = 76
251.15857500000857	EXP	text_2: text = 88
251.1684649999952	EXP	text_2: text = 98
251.1799100000644	EXP	text_2: text = 109
251.18969500006642	EXP	text_2: text = 119
251.19995000003837	EXP	text_2: text = 129
251.21052500000224	EXP	text_2: text = 140
251.21871000004467	EXP	text_2: text = 148
251.23192000004929	EXP	text_2: text = 161
251.2403349999804	EXP	text_2: text = 169
251.25271500006784	EXP	text_2: text = 182
251.26087500003632	EXP	text_2: text = 190
251.27357499999925	EXP	text_2: text = 203
251.2816800000146	EXP	text_2: text = 211
251.2941400000127	EXP	text_2: text = 223
251.30251000006683	EXP	text_2: text = 232
251.31130000005942	EXP	text_2: text = 240
251.3199050000403	DATA	Keydown:  
251.32718500006013	EXP	text_2: text = 256
251.32718500006013	EXP	text_2: autoDraw = false
251.32718500006013	EXP	Feedback: text = 248
251.32718500006013	EXP	Feedback: autoDraw = true
252.31769499997608	EXP	Feedback: autoDraw = false
252.31769499997608	EXP	Feedback: autoDraw = false
252.31769499997608	EXP	text_3: autoDraw = true
254.72140000003856	EXP	text_3: autoDraw = false
254.72140000003856	EXP	text_3: autoDraw = false
254.72140000003856	EXP	text_2: autoDraw = true
254.72140000003856	EXP	text_2: text = 0
254.73054500005674	EXP	text_2: text = 10
254.74088000005577	EXP	text_2: text = 21
254.7511850000592	EXP	text_2: text = 31
254.76100499997847	EXP	text_2: text = 41
254.77230000006966	EXP	text_2: text = 52
254.7918050000444	EXP	text_2: text = 72
254.8011950000655	EXP	text_2: text = 81
254.8138700000709	EXP	text_2: text = 94
254.8230250000488	EXP	text_2: text = 103
254.8314000000246	EXP	text_2: text = 111
254.84105499996804	EXP	text_2: text = 121
254.8514000000432	EXP	text_2: text = 131
254.86268500005826	EXP	text_2: text = 142
254.8823450000491	EXP	text_2: text = 162
254.89142999995966	EXP	text_2: text = 171
254.90441499999724	EXP	text_2: text = 184
254.91404499998316	EXP	text_2: text = 194
254.92801500007045	EXP	text_2: text = 208
254.9372549999971	EXP	text_2: text = 217
254.95105999999214	EXP	text_2: text = 231
254.95986000006087	DATA	Keydown:  
254.96201000001747	EXP	text_2: text = 240
254.96201000001747	EXP	text_2: autoDraw = false
254.96201000001747	EXP	Feedback: text = 239
254.96201000001747	EXP	Feedback: autoDraw = true
255.9560300000012	EXP	Feedback: autoDraw = false
255.9560300000012	EXP	Feedback: autoDraw = false
255.9560300000012	EXP	text_3: autoDraw = true
265.867884999956	EXP	text_3: autoDraw = false
265.867884999956	EXP	text_3: autoDraw = false
265.867884999956	EXP	text_2: autoDraw = true
265.867884999956	EXP	text_2: text = 0
265.88037000002805	EXP	text_2: text = 14
265.89295500004664	EXP	text_2: text = 26
265.90177500003483	EXP	text_2: text = 35
265.9146399999736	EXP	text_2: text = 48
265.9249899999704	EXP	text_2: text = 58
265.9329399999697	EXP	text_2: text = 66
265.9453650000505	EXP	text_2: text = 79
265.9538200000534	EXP	text_2: text = 87
265.9657700000098	EXP	text_2: text = 99
265.9737599999644	EXP	text_2: text = 107
265.98646000004373	EXP	text_2: text = 120
265.9943200000562	EXP	text_2: text = 128
266.0065500000492	EXP	text_2: text = 140
266.01508000004105	EXP	text_2: text = 148
266.02708000002895	EXP	text_2: text = 161
266.03591500001494	EXP	text_2: text = 169
266.0480450000614	EXP	text_2: text = 182
266.056835000054	EXP	text_2: text = 190
266.0672600000398	EXP	text_2: text = 201
266.07879499997944	EXP	text_2: text = 212
266.08991500001866	EXP	text_2: text = 223
266.10168500000145	EXP	text_2: text = 235
266.1165350000374	EXP	text_2: text = 250
266.12452000007033	DATA	Keydown:  
266.12668500002474	EXP	text_2: text = 259
266.12668500002474	EXP	text_2: autoDraw = false
266.12668500002474	EXP	Feedback: text = 257
266.12668500002474	EXP	Feedback: autoDraw = true
267.1213149999967	EXP	Feedback: autoDraw = false
267.1213149999967	EXP	Feedback: autoDraw = false
267.1213149999967	EXP	text_3: autoDraw = true
275.7922999999719	EXP	text_3: autoDraw = false
275.7922999999719	EXP	text_3: autoDraw = false
275.7922999999719	EXP	text_2: autoDraw = true
275.7922999999719	EXP	text_2: text = 0
275.8053249999648	EXP	text_2: text = 15
275.82266499998514	EXP	text_2: text = 32
275.83289499999955	EXP	text_2: text = 43
275.8436399999773	EXP	text_2: text = 53
275.8527699999977	EXP	text_2: text = 62
275.8676099999575	EXP	text_2: text = 77
275.87536000006367	EXP	text_2: text = 85
275.88415000005625	EXP	text_2: text = 94
275.89799500000663	EXP	text_2: text = 108
275.90684000006877	EXP	text_2: text = 116
275.9203850000631	EXP	text_2: text = 130
275.9284100000514	EXP	text_2: text = 138
275.94104000006337	EXP	text_2: text = 151
275.94929000001866	EXP	text_2: text = 159
275.96159500000067	EXP	text_2: text = 171
275.96976999996696	EXP	text_2: text = 179
275.9820100000361	EXP	text_2: text = 192
275.9905799999833	EXP	text_2: text = 200
276.00332500005607	EXP	text_2: text = 213
276.0110349999741	EXP	text_2: text = 221
276.0259150000056	EXP	text_2: text = 236
276.03325500001665	DATA	Keydown:  
276.03498999995645	EXP	text_2: text = 243
276.03498999995645	EXP	text_2: autoDraw = false
276.03498999995645	EXP	Feedback: text = 242
276.03498999995645	EXP	Feedback: autoDraw = true
277.0318449999904	EXP	Feedback: autoDraw = false
277.0318449999904	EXP	Feedback: autoDraw = false
277.0318449999904	EXP	text_3: autoDraw = true
280.9750299999723	EXP	text_3: autoDraw = false
280.9750299999723	EXP	text_3: autoDraw = false
280.9750299999723	EXP	text_2: autoDraw = true
280.9750299999723	EXP	text_2: text = 0
280.98954500001855	EXP	text_2: text = 15
280.99715499999	EXP	text_2: text = 23
281.0096599999815	EXP	text_2: text = 35
281.0182400000049	EXP	text_2: text = 44
281.0311399999773	EXP	text_2: text = 57
281.03908000001684	EXP	text_2: text = 65
281.0518050000537	EXP	text_2: text = 77
281.0596849999856	EXP	text_2: text = 85
281.07264999998733	EXP	text_2: text = 98
281.0809949999675	EXP	text_2: text = 106
281.0937299999641	EXP	text_2: text = 119
281.1020649999846	EXP	text_2: text = 128
281.11523500003386	EXP	text_2: text = 141
281.12329000001773	EXP	text_2: text = 149
281.13604000001214	EXP	text_2: text = 162
281.1441249999916	EXP	text_2: text = 170
281.1568800000241	EXP	text_2: text = 182
281.1657750000013	EXP	text_2: text = 191
281.1781399999745	EXP	text_2: text = 204
281.1864249999635	EXP	text_2: text = 212
281.19943000003695	EXP	text_2: text = 225
281.2098550000228	EXP	text_2: text = 235
281.2183199999854	EXP	text_2: text = 244
281.2266750000417	DATA	Keydown:  
281.2314900000347	EXP	text_2: text = 256
281.2314900000347	EXP	text_2: autoDraw = false
281.2314900000347	EXP	Feedback: text = 252
281.2314900000347	EXP	Feedback: autoDraw = true
282.2208249999676	EXP	Feedback: autoDraw = false
282.2208249999676	EXP	Feedback: autoDraw = false
282.2208249999676	EXP	text_3: autoDraw = true
289.73633500002325	EXP	text_3: autoDraw = false
289.73633500002325	EXP	text_3: autoDraw = false
289.73633500002325	EXP	text_2: autoDraw = true
289.73633500002325	EXP	text_2: text = 0
289.7500050000381	EXP	text_2: text = 15
289.75921000004746	EXP	text_2: text = 24
289.76919999998063	EXP	text_2: text = 34
289.7794050000375	EXP	text_2: text = 44
289.79014000005554	EXP	text_2: text = 55
289.79978500003926	EXP	text_2: text = 65
289.81144499999937	EXP	text_2: text = 76
289.82071500003804	EXP	text_2: text = 86
289.8323500000406	EXP	text_2: text = 97
289.84163499996066	EXP	text_2: text = 107
289.8532800000394	EXP	text_2: text = 118
289.8622650000034	EXP	text_2: text = 127
289.87064500001725	EXP	text_2: text = 135
289.8845549999969	EXP	text_2: text = 150
289.89284500002395	EXP	text_2: text = 158
289.90578500006814	EXP	text_2: text = 171
289.9165400000056	EXP	text_2: text = 182
289.9271749999607	EXP	text_2: text = 192
289.93934000004083	EXP	text_2: text = 204
289.95242500002496	EXP	text_2: text = 217
289.9639250000473	EXP	text_2: text = 229
289.9748449999606	EXP	text_2: text = 240
289.983574999962	EXP	text_2: text = 249
289.99198499997146	DATA	Keydown:  
289.9997699999949	EXP	text_2: text = 264
289.9997699999949	EXP	text_2: autoDraw = false
289.9997699999949	EXP	Feedback: text = 256
289.9997699999949	EXP	Feedback: autoDraw = true
290.9923000000417	EXP	Feedback: autoDraw = false
290.9923000000417	EXP	Feedback: autoDraw = false
290.9923000000417	EXP	text_3: autoDraw = true
292.1780100000324	DATA	Keydown:  
299.42245000007097	EXP	text_3: autoDraw = false
299.42245000007097	EXP	text_3: autoDraw = false
299.42245000007097	EXP	text_2: autoDraw = true
299.42245000007097	EXP	text_2: text = 0
299.4315499999793	EXP	text_2: text = 11
299.4421850000508	EXP	text_2: text = 21
299.45093000005	EXP	text_2: text = 30
299.46049500000663	EXP	text_2: text = 39
299.4790300000459	EXP	text_2: text = 58
299.48898999998346	EXP	text_2: text = 68
299.49887500004843	EXP	text_2: text = 78
299.5096149999881	EXP	text_2: text = 89
299.52003000001423	EXP	text_2: text = 99
299.5302399999928	EXP	text_2: text = 109
299.5406850000145	EXP	text_2: text = 120
299.55038500006776	EXP	text_2: text = 129
299.56194000004325	EXP	text_2: text = 141
299.5716750000138	EXP	text_2: text = 151
299.5820000000531	EXP	text_2: text = 161
299.59254500002135	EXP	text_2: text = 172
299.6024650000036	EXP	text_2: text = 181
299.61296499997843	EXP	text_2: text = 192
299.6224650000222	EXP	text_2: text = 201
299.63471999997273	EXP	text_2: text = 214
299.6445300000487	EXP	text_2: text = 224
299.65578000003006	EXP	text_2: text = 235
299.66452500002924	EXP	text_2: text = 243
299.67249999998603	DATA	Keydown:  
299.6810749999713	EXP	text_2: text = 260
299.6810749999713	EXP	text_2: autoDraw = false
299.6810749999713	EXP	Feedback: text = 250
299.6810749999713	EXP	Feedback: autoDraw = true
300.67434500006493	EXP	Feedback: autoDraw = false
300.67434500006493	EXP	Feedback: autoDraw = false
300.67434500006493	EXP	text_3: autoDraw = true
306.5394549999619	DATA	Keydown:  
307.0371199999936	DATA	Keydown:  
307.07034500001464	DATA	Keydown:  
307.10337500006426	DATA	Keydown:  
307.1410450000549	DATA	Keydown:  
307.1689450000413	DATA	Keydown:  
307.2055999999866	DATA	Keydown:  
307.23683000006713	DATA	Keydown:  
307.26731999998447	DATA	Keydown:  
307.30665499996394	DATA	Keydown:  
307.3357450000476	DATA	Keydown:  
307.36738499999046	DATA	Keydown:  
307.4061699999729	DATA	Keydown:  
307.43472500005737	DATA	Keydown:  
307.4662200000603	DATA	Keydown:  
307.50380499998573	DATA	Keydown:  
307.5381050000433	DATA	Keydown:  
307.56484000000637	DATA	Keydown:  
307.603134999983	DATA	Keydown:  
307.6379250000464	DATA	Keydown:  
307.6639349999605	DATA	Keydown:  
307.69775499997195	DATA	Keydown:  
307.7313899999717	DATA	Keydown:  
307.7701250000391	DATA	Keydown:  
307.79611500003375	DATA	Keydown:  
307.82945499999914	DATA	Keydown:  
307.8634800000582	DATA	Keydown:  
307.8947850000113	DATA	Keydown:  
307.9320800000569	DATA	Keydown:  
307.96293499995954	DATA	Keydown:  
308.0006300000241	DATA	Keydown:  
308.02936499996576	DATA	Keydown:  
308.0600300000515	DATA	Keydown:  
308.0939700000454	DATA	Keydown:  
308.131640000036	DATA	Keydown:  
308.16081999999005	DATA	Keydown:  
308.1919850000413	DATA	Keydown:  
308.22534999996424	DATA	Keydown:  
308.26016499998514	DATA	Keydown:  
308.2912800000049	DATA	Keydown:  
308.3312150000129	DATA	Keydown:  
308.35753499995917	DATA	Keydown:  
308.39431999996305	DATA	Keydown:  
308.4264400000684	DATA	Keydown:  
308.4634800000349	DATA	Keydown:  
308.4893200000515	DATA	Keydown:  
308.5224500000477	DATA	Keydown:  
308.5589649999747	DATA	Keydown:  
308.59105499996804	DATA	Keydown:  
308.62224000005517	DATA	Keydown:  
308.6540200000163	DATA	Keydown:  
308.68917000002693	DATA	Keydown:  
308.71944999997504	DATA	Keydown:  
308.7585899999831	DATA	Keydown:  
308.78777000005357	DATA	Keydown:  
308.8248400000157	DATA	Keydown:  
308.85538500000257	DATA	Keydown:  
308.8844350000145	DATA	Keydown:  
308.9214899999788	DATA	Keydown:  
308.95071999996435	DATA	Keydown:  
308.9884050000692	DATA	Keydown:  
309.01795000000857	DATA	Keydown:  
309.05200000002515	DATA	Keydown:  
309.08991500001866	DATA	Keydown:  
309.1151049999753	DATA	Keydown:  
309.15441499999724	DATA	Keydown:  
309.18287000001874	DATA	Keydown:  
309.22007999999914	DATA	Keydown:  
309.24721000005957	DATA	Keydown:  
309.280005000066	DATA	Keydown:  
309.31975999998394	DATA	Keydown:  
309.34989000007045	DATA	Keydown:  
309.3873649999732	DATA	Keydown:  
309.4169400000246	DATA	Keydown:  
309.44904500001576	DATA	Keydown:  
309.4633600000525	EXP	text_3: autoDraw = false
309.4633600000525	EXP	text_3: autoDraw = false
309.4633600000525	EXP	text_2: autoDraw = true
309.4633600000525	EXP	text_2: text = 0
309.4702899999684	EXP	text_2: text = 8
309.4785400000401	DATA	Keydown:  
309.47955499996897	EXP	text_2: text = 17
309.49508999998216	EXP	text_2: text = 33
309.5035050000297	EXP	text_2: text = 42
309.51190000004135	DATA	Keydown:  
309.5124399999622	EXP	text_2: text = 50
309.5279149999842	EXP	text_2: text = 66
309.5374000000302	EXP	text_2: text = 75
309.54497499996796	DATA	Keydown:  
309.5481200000504	EXP	text_2: text = 86
309.55764999997336	EXP	text_2: text = 96
309.5682899999665	EXP	text_2: text = 106
309.57856499997433	DATA	Keydown:  
309.57911499997135	EXP	text_2: text = 117
309.58905499998946	EXP	text_2: text = 127
309.5996199999936	EXP	text_2: text = 138
309.6090250000125	EXP	text_2: text = 147
309.61823500005994	DATA	Keydown:  
309.6223699999973	EXP	text_2: text = 160
309.6310049999738	EXP	text_2: text = 169
309.6433299999917	EXP	text_2: text = 181
309.65240500005893	EXP	text_2: text = 190
309.66550500004087	EXP	text_2: text = 204
309.6750849999953	EXP	text_2: text = 213
309.6855200000573	EXP	text_2: text = 223
309.6964150000131	EXP	text_2: text = 234
309.7057499999646	DATA	Keydown:  
309.70698999997694	EXP	text_2: text = 244
309.70698999997694	EXP	text_2: autoDraw = false
309.70698999997694	EXP	Feedback: text = 242
309.70698999997694	EXP	Feedback: autoDraw = true
310.697135000024	EXP	Feedback: autoDraw = false
310.697135000024	EXP	Feedback: autoDraw = false
310.697135000024	EXP	text_3: autoDraw = true
313.46390500001144	EXP	text_3: autoDraw = false
313.46390500001144	EXP	text_3: autoDraw = false
313.46390500001144	EXP	text_2: autoDraw = true
313.46390500001144	EXP	text_2: text = 0
313.476340000052	EXP	text_2: text = 13
313.48443000006955	EXP	text_2: text = 21
313.49727499997243	EXP	text_2: text = 34
313.5054549999768	EXP	text_2: text = 42
313.5177599999588	EXP	text_2: text = 54
313.5258600000525	EXP	text_2: text = 62
313.53860500000883	EXP	text_2: text = 75
313.54640500003006	EXP	text_2: text = 83
313.559104999993	EXP	text_2: text = 96
313.56755999999586	EXP	text_2: text = 104
313.57977499999106	EXP	text_2: text = 116
313.58695500006434	EXP	text_2: text = 124
313.6041500000283	EXP	text_2: text = 141
313.61336499999743	EXP	text_2: text = 150
313.624925000011	EXP	text_2: text = 162
313.63327500002924	EXP	text_2: text = 170
313.64530500001274	EXP	text_2: text = 182
313.65514000004623	EXP	text_2: text = 192
313.6656100000255	EXP	text_2: text = 202
313.6748549999902	EXP	text_2: text = 211
313.68275999999605	EXP	text_2: text = 219
313.69680499995593	EXP	text_2: text = 233
313.71270500007086	EXP	text_2: text = 249
313.72063500003424	EXP	text_2: text = 257
313.72907000000123	DATA	Keydown:  
313.73407500004396	EXP	text_2: text = 270
313.73407500004396	EXP	text_2: autoDraw = false
313.73407500004396	EXP	Feedback: text = 265
313.73407500004396	EXP	Feedback: autoDraw = true
314.73320000001695	EXP	Feedback: autoDraw = false
314.73320000001695	EXP	Feedback: autoDraw = false
314.73320000001695	EXP	End_text: autoDraw = true
333.2198850000277	DATA	Keydown:  
334.2707550000632	DATA	Mouse: 2 button down, pos=(1108,832)
334.2903749999823	DATA	Mouse: 2 button down, pos=(1108,830)
