0.21300000000000008	EXP	Created Window = Window( name=Window, fullscr=true, color=#000000, units=height, waitBlanking=true, autoLog=true, size=[1366,654] )
5.747	DATA	Keydown: Delete
14.412	EXP	Created text = TextStim( name=text, win=Window( name=Window, fullscr=true, color=#000000, ~), autoDraw=null, autoLog=true, units=height, ori=null, opacity=1, pos=[0,0], size=undefined, text=INSTRUCTIONS [EN]


A counter will appear and star~, font=Arial, color=#FFFFFF, contrast=1, height=0.03, bold=null, italic=null, alignHoriz=left, alignVert=center, wrapWidth=1, flipHoriz=null, flipVert=null )
14.415999999999999	EXP	Created text_3 = TextStim( name=text_3, win=Window( name=Window, fullscr=true, color=#000000, ~), autoDraw=null, autoLog=true, units=height, ori=null, opacity=1, pos=[0,0], size=undefined, text=null, font=Arial, color=#FFFFFF, contrast=1, height=0.1, bold=null, italic=null, alignHoriz=left, alignVert=center, wrapWidth=1, flipHoriz=null, flipVert=null )
14.421000000000001	EXP	Created text_2 = TextStim( name=text_2, win=Window( name=Window, fullscr=true, color=#000000, ~), autoDraw=null, autoLog=true, units=height, ori=null, opacity=1, pos=[0,0], size=undefined, text=default text, font=Arial, color=#ff0000, contrast=1, height=0.15, bold=null, italic=null, alignHoriz=left, alignVert=center, wrapWidth=1, flipHoriz=null, flipVert=null )
14.426999999999998	EXP	Created Feedback = TextStim( name=Feedback, win=Window( name=Window, fullscr=true, color=#000000, ~), autoDraw=null, autoLog=true, units=height, ori=null, opacity=1, pos=[0,0], size=undefined, text=default text, font=Arial, color=#ff0000, contrast=1, height=0.15, bold=null, italic=null, alignHoriz=left, alignVert=center, wrapWidth=1, flipHoriz=null, flipVert=null )
14.432	EXP	Created End_text = TextStim( name=End_text, win=Window( name=Window, fullscr=true, color=#000000, ~), autoDraw=null, autoLog=true, units=height, ori=null, opacity=1, pos=[0,0], size=undefined, text=This study aimed to look at procedural learning, i~, font=Arial, color=#FFFFFF, contrast=1, height=0.025, bold=null, italic=null, alignHoriz=left, alignVert=center, wrapWidth=1, flipHoriz=null, flipVert=null )
14.455999999999998	EXP	text: units = "height"
14.455999999999998	EXP	text: ori = 0
14.455999999999998	EXP	text: opacity = 1
14.455999999999998	EXP	text: pos = [0,0]
14.455999999999998	EXP	text: size = undefined
14.455999999999998	EXP	text: text = "INSTRUCTIONS [EN]\n\n\nA counter will appear and start counting at random times, press SPACE as fast as possible when it appears.\n\n\nPress SPACE to start\n\n-------\n\nInstruções [PT]\n\n\nUm cronómetro vai aparecer e começar a contar aleatoriamente, pressione a tecla SPACE assim que ele aparecer.\n\n\nPressiona SPACE para começar."
14.455999999999998	EXP	text: font = "Arial"
14.455999999999998	EXP	text: color = {"_hex":"#FFFFFF","_rgb":[1,1,1]}
14.455999999999998	EXP	text: contrast = 1
14.455999999999998	EXP	text: height = 0.03
14.455999999999998	EXP	text: bold = false
14.455999999999998	EXP	text: italic = false
14.455999999999998	EXP	text: alignHoriz = "left"
14.455999999999998	EXP	text: alignVert = "center"
14.455999999999998	EXP	text: wrapWidth = 1
14.455999999999998	EXP	text: flipHoriz = false
14.455999999999998	EXP	text: flipVert = false
14.455999999999998	EXP	text_3: units = "height"
14.455999999999998	EXP	text_3: ori = 0
14.455999999999998	EXP	text_3: opacity = 1
14.455999999999998	EXP	text_3: pos = [0,0]
14.455999999999998	EXP	text_3: size = undefined
14.455999999999998	EXP	text_3: text = ""
14.455999999999998	EXP	text_3: font = "Arial"
14.455999999999998	EXP	text_3: color = {"_hex":"#FFFFFF","_rgb":[1,1,1]}
14.455999999999998	EXP	text_3: contrast = 1
14.455999999999998	EXP	text_3: height = 0.1
14.455999999999998	EXP	text_3: bold = false
14.455999999999998	EXP	text_3: italic = false
14.455999999999998	EXP	text_3: alignHoriz = "left"
14.455999999999998	EXP	text_3: alignVert = "center"
14.455999999999998	EXP	text_3: wrapWidth = 1
14.455999999999998	EXP	text_3: flipHoriz = false
14.455999999999998	EXP	text_3: flipVert = false
14.455999999999998	EXP	text_2: units = "height"
14.455999999999998	EXP	text_2: ori = 0
14.455999999999998	EXP	text_2: opacity = 1
14.455999999999998	EXP	text_2: pos = [0,0]
14.455999999999998	EXP	text_2: size = undefined
14.455999999999998	EXP	text_2: text = "default text"
14.455999999999998	EXP	text_2: font = "Arial"
14.455999999999998	EXP	text_2: color = {"_rgb":[1,0,0]}
14.455999999999998	EXP	text_2: contrast = 1
14.455999999999998	EXP	text_2: height = 0.15
14.455999999999998	EXP	text_2: bold = false
14.455999999999998	EXP	text_2: italic = false
14.455999999999998	EXP	text_2: alignHoriz = "left"
14.455999999999998	EXP	text_2: alignVert = "center"
14.455999999999998	EXP	text_2: wrapWidth = 1
14.455999999999998	EXP	text_2: flipHoriz = false
14.455999999999998	EXP	text_2: flipVert = false
14.455999999999998	EXP	Feedback: units = "height"
14.455999999999998	EXP	Feedback: ori = 0
14.455999999999998	EXP	Feedback: opacity = 1
14.455999999999998	EXP	Feedback: pos = [0,0]
14.455999999999998	EXP	Feedback: size = undefined
14.455999999999998	EXP	Feedback: text = "default text"
14.455999999999998	EXP	Feedback: font = "Arial"
14.455999999999998	EXP	Feedback: color = {"_rgb":[1,0,0]}
14.455999999999998	EXP	Feedback: contrast = 1
14.455999999999998	EXP	Feedback: height = 0.15
14.455999999999998	EXP	Feedback: bold = false
14.455999999999998	EXP	Feedback: italic = false
14.455999999999998	EXP	Feedback: alignHoriz = "left"
14.455999999999998	EXP	Feedback: alignVert = "center"
14.455999999999998	EXP	Feedback: wrapWidth = 1
14.455999999999998	EXP	Feedback: flipHoriz = false
14.455999999999998	EXP	Feedback: flipVert = false
14.455999999999998	EXP	End_text: units = "height"
14.455999999999998	EXP	End_text: ori = 0
14.455999999999998	EXP	End_text: opacity = 1
14.455999999999998	EXP	End_text: pos = [0,0]
14.455999999999998	EXP	End_text: size = undefined
14.455999999999998	EXP	End_text: text = "This study aimed to look at procedural learning, i.e. our ability to extract patterns from the input that we are constantly receiving. This skill is thought to be essential for language and literacy acquisition and has been suggested as a possible underlying difficult in children with Language Impairments and Dyslexia. This study aims to improve the measures of procedural learning (the smiley face task) so that we can measure procedural learning more reliably and, in the future, analyse the performance of individuals with learning impairments.\nThank you for participating!\n\n----\n\nEste estudo tem como objectivo analisar a nossa capacidade de extrair padrões da informação que estamos constantemente a receber. Pensa-se que esta competência é essencial para a aquisição da linguagem e literacia e foi sugerido que dificuldades neste tipo de competências poderá estar relacionado com perturbações da linguagem e Dislexia. Este estudo tem como objectivo melhorar a estabilidade das medidas usadas para medir este tipo de memória (a tarefa da cara sorridente) de forma a poder medir de forma mais precisa e, no futuro, analisar a performance de indivíduos com perturbações da aprendizagem. \nMuito obrigada por ter participado!"
14.455999999999998	EXP	End_text: font = "Arial"
14.455999999999998	EXP	End_text: color = {"_hex":"#FFFFFF","_rgb":[1,1,1]}
14.455999999999998	EXP	End_text: contrast = 1
14.455999999999998	EXP	End_text: height = 0.025
14.455999999999998	EXP	End_text: bold = false
14.455999999999998	EXP	End_text: italic = false
14.455999999999998	EXP	End_text: alignHoriz = "left"
14.455999999999998	EXP	End_text: alignVert = "center"
14.455999999999998	EXP	End_text: wrapWidth = 1
14.455999999999998	EXP	End_text: flipHoriz = false
14.455999999999998	EXP	End_text: flipVert = false
14.455999999999998	EXP	text: autoDraw = true
19.083000000000002	DATA	Keydown:  
19.132	EXP	text: autoDraw = false
19.132	EXP	text_3: autoDraw = true
21.438000000000002	DATA	Keydown:  
23.517000000000003	DATA	Mouse: 0 button down, pos=(666,271)
23.613	DATA	Mouse: 0 button down, pos=(668,272)
25.067	DATA	Keydown:  
25.744	EXP	text_3: autoDraw = false
25.744	EXP	text_3: autoDraw = false
25.744	EXP	text_2: autoDraw = true
25.744	EXP	text_2: text = 0
25.753	EXP	text_2: text = 25
25.767000000000003	EXP	text_2: text = 38
25.787000000000003	EXP	text_2: text = 60
25.807000000000002	EXP	text_2: text = 78
25.827	EXP	text_2: text = 99
25.847	EXP	text_2: text = 119
25.869	EXP	text_2: text = 138
25.888	EXP	text_2: text = 159
25.909000000000002	EXP	text_2: text = 179
25.929000000000002	EXP	text_2: text = 199
25.950000000000003	EXP	text_2: text = 219
25.969	EXP	text_2: text = 239
25.990000000000002	EXP	text_2: text = 259
26.01	EXP	text_2: text = 280
26.029	EXP	text_2: text = 300
26.049	EXP	text_2: text = 319
26.07	EXP	text_2: text = 340
26.089000000000002	EXP	text_2: text = 359
26.109	EXP	text_2: text = 379
26.130000000000003	EXP	text_2: text = 400
26.149	EXP	text_2: text = 419
26.17	EXP	text_2: text = 441
26.188000000000002	EXP	text_2: text = 460
26.206	EXP	text_2: text = 478
26.226000000000003	EXP	text_2: text = 498
26.247	EXP	text_2: text = 519
26.267000000000003	EXP	text_2: text = 539
26.286	EXP	text_2: text = 559
26.306	EXP	text_2: text = 577
26.326	EXP	text_2: text = 597
26.349	EXP	text_2: text = 619
26.368000000000002	EXP	text_2: text = 639
26.387	EXP	text_2: text = 658
26.407	EXP	text_2: text = 678
26.428	EXP	text_2: text = 698
26.449	EXP	text_2: text = 718
26.468	EXP	text_2: text = 738
26.488	EXP	text_2: text = 758
26.508000000000003	EXP	text_2: text = 778
26.528000000000002	EXP	text_2: text = 798
26.548000000000002	EXP	text_2: text = 817
26.567	EXP	text_2: text = 838
26.587	EXP	text_2: text = 857
26.608	EXP	text_2: text = 878
26.630000000000003	EXP	text_2: text = 899
26.648	EXP	text_2: text = 919
26.669	EXP	text_2: text = 939
26.691000000000003	EXP	text_2: text = 960
26.71	EXP	text_2: text = 980
26.732000000000003	EXP	text_2: text = 999
26.75	EXP	text_2: text = 1019
26.768	EXP	text_2: text = 1039
26.789	EXP	text_2: text = 1059
26.809	EXP	text_2: text = 1078
26.830000000000002	EXP	text_2: text = 1099
26.848000000000003	EXP	text_2: text = 1119
26.869	EXP	text_2: text = 1139
26.888	EXP	text_2: text = 1159
26.909000000000002	EXP	text_2: text = 1179
26.928	EXP	text_2: text = 1198
26.947000000000003	EXP	text_2: text = 1217
26.967000000000002	EXP	text_2: text = 1237
26.987000000000002	EXP	text_2: text = 1257
27.007	EXP	text_2: text = 1277
27.028000000000002	EXP	text_2: text = 1298
27.047	EXP	text_2: text = 1317
27.067	EXP	text_2: text = 1337
27.087	EXP	text_2: text = 1357
27.107000000000003	EXP	text_2: text = 1377
27.112000000000002	DATA	Keydown:  
27.130000000000003	EXP	text_2: text = 1397
27.130000000000003	EXP	text_2: autoDraw = false
27.130000000000003	EXP	Feedback: text = 1368
27.130000000000003	EXP	Feedback: autoDraw = true
28.129	EXP	Feedback: autoDraw = false
28.129	EXP	Feedback: autoDraw = false
28.129	EXP	text_3: autoDraw = true
34.38	EXP	text_3: autoDraw = false
34.38	EXP	text_3: autoDraw = false
34.38	EXP	text_2: autoDraw = true
34.38	EXP	text_2: text = 1
34.395	EXP	text_2: text = 20
34.414	EXP	text_2: text = 38
34.443	EXP	text_2: text = 58
34.459	EXP	text_2: text = 78
34.473	EXP	text_2: text = 98
34.493	EXP	text_2: text = 118
34.513	EXP	text_2: text = 138
34.537	EXP	text_2: text = 159
34.558	EXP	text_2: text = 179
34.577	EXP	text_2: text = 198
34.596000000000004	EXP	text_2: text = 218
34.615	EXP	text_2: text = 239
34.636	EXP	text_2: text = 260
34.654	EXP	text_2: text = 279
34.677	EXP	text_2: text = 300
34.697	EXP	text_2: text = 320
34.717	EXP	text_2: text = 341
34.732	EXP	text_2: text = 357
34.752	EXP	text_2: text = 376
34.774	EXP	text_2: text = 397
34.795	EXP	text_2: text = 419
34.814	EXP	text_2: text = 438
34.834	EXP	text_2: text = 457
34.855000000000004	EXP	text_2: text = 478
34.859	DATA	Keydown:  
34.879	EXP	text_2: text = 499
34.879	EXP	text_2: autoDraw = false
34.879	EXP	Feedback: text = 480
34.879	EXP	Feedback: autoDraw = true
35.873000000000005	EXP	Feedback: autoDraw = false
35.873000000000005	EXP	Feedback: autoDraw = false
35.873000000000005	EXP	text_3: autoDraw = true
42.705	EXP	text_3: autoDraw = false
42.705	EXP	text_3: autoDraw = false
42.705	EXP	text_2: autoDraw = true
42.705	EXP	text_2: text = 1
42.722	EXP	text_2: text = 19
42.741	EXP	text_2: text = 39
42.762	EXP	text_2: text = 59
42.781	EXP	text_2: text = 79
42.800000000000004	EXP	text_2: text = 99
42.82	EXP	text_2: text = 119
42.841	EXP	text_2: text = 139
42.861000000000004	EXP	text_2: text = 159
42.881	EXP	text_2: text = 178
42.901	EXP	text_2: text = 198
42.92	EXP	text_2: text = 218
42.941	EXP	text_2: text = 239
42.96	EXP	text_2: text = 258
42.980000000000004	EXP	text_2: text = 279
43.001000000000005	EXP	text_2: text = 299
43.005	DATA	Keydown:  
43.023	EXP	text_2: text = 318
43.023	EXP	text_2: autoDraw = false
43.023	EXP	Feedback: text = 300
43.023	EXP	Feedback: autoDraw = true
44.018	EXP	Feedback: autoDraw = false
44.018	EXP	Feedback: autoDraw = false
44.018	EXP	text_3: autoDraw = true
53.966	EXP	text_3: autoDraw = false
53.966	EXP	text_3: autoDraw = false
53.966	EXP	text_2: autoDraw = true
53.966	EXP	text_2: text = 0
53.983000000000004	EXP	text_2: text = 20
54.002	EXP	text_2: text = 39
54.023	EXP	text_2: text = 59
54.042	EXP	text_2: text = 79
54.061	EXP	text_2: text = 99
54.082	EXP	text_2: text = 119
54.101	EXP	text_2: text = 139
54.123000000000005	EXP	text_2: text = 159
54.142	EXP	text_2: text = 179
54.161	EXP	text_2: text = 199
54.182	EXP	text_2: text = 219
54.202	EXP	text_2: text = 238
54.222	EXP	text_2: text = 258
54.242000000000004	EXP	text_2: text = 279
54.262	EXP	text_2: text = 299
54.281	EXP	text_2: text = 319
54.303000000000004	EXP	text_2: text = 339
54.322	EXP	text_2: text = 359
54.327	DATA	Keydown:  
54.34	EXP	text_2: text = 377
54.34	EXP	text_2: autoDraw = false
54.34	EXP	Feedback: text = 361
54.34	EXP	Feedback: autoDraw = true
55.34	EXP	Feedback: autoDraw = false
55.34	EXP	Feedback: autoDraw = false
55.34	EXP	text_3: autoDraw = true
62.432	EXP	text_3: autoDraw = false
62.432	EXP	text_3: autoDraw = false
62.432	EXP	text_2: autoDraw = true
62.432	EXP	text_2: text = 0
62.449	EXP	text_2: text = 19
62.46900000000001	EXP	text_2: text = 38
62.488	EXP	text_2: text = 59
62.507999999999996	EXP	text_2: text = 79
62.528000000000006	EXP	text_2: text = 99
62.547	EXP	text_2: text = 118
62.56700000000001	EXP	text_2: text = 139
62.58800000000001	EXP	text_2: text = 159
62.607	EXP	text_2: text = 178
62.626999999999995	EXP	text_2: text = 198
62.647999999999996	EXP	text_2: text = 219
62.667	EXP	text_2: text = 239
62.688	EXP	text_2: text = 259
62.708	EXP	text_2: text = 278
62.727000000000004	EXP	text_2: text = 298
62.747	EXP	text_2: text = 319
62.766999999999996	EXP	text_2: text = 338
62.787000000000006	EXP	text_2: text = 358
62.807	EXP	text_2: text = 378
62.82600000000001	EXP	text_2: text = 398
62.848	EXP	text_2: text = 418
62.867000000000004	EXP	text_2: text = 438
62.887	EXP	text_2: text = 458
62.907	EXP	text_2: text = 478
62.92700000000001	EXP	text_2: text = 499
62.947	EXP	text_2: text = 518
62.96600000000001	EXP	text_2: text = 538
62.986999999999995	EXP	text_2: text = 557
63.007000000000005	EXP	text_2: text = 578
63.027	EXP	text_2: text = 598
63.047	EXP	text_2: text = 618
63.051	DATA	Keydown:  
63.07000000000001	EXP	text_2: text = 638
63.07000000000001	EXP	text_2: autoDraw = false
63.07000000000001	EXP	Feedback: text = 619
63.07000000000001	EXP	Feedback: autoDraw = true
64.06400000000001	EXP	Feedback: autoDraw = false
64.06400000000001	EXP	Feedback: autoDraw = false
64.06400000000001	EXP	text_3: autoDraw = true
69.978	EXP	text_3: autoDraw = false
69.978	EXP	text_3: autoDraw = false
69.978	EXP	text_2: autoDraw = true
69.978	EXP	text_2: text = 0
69.996	EXP	text_2: text = 20
70.015	EXP	text_2: text = 39
70.035	EXP	text_2: text = 59
70.055	EXP	text_2: text = 79
70.075	EXP	text_2: text = 99
70.095	EXP	text_2: text = 119
70.115	EXP	text_2: text = 139
70.135	EXP	text_2: text = 159
70.155	EXP	text_2: text = 179
70.176	EXP	text_2: text = 198
70.19500000000001	EXP	text_2: text = 219
70.214	EXP	text_2: text = 239
70.235	EXP	text_2: text = 259
70.254	EXP	text_2: text = 279
70.275	EXP	text_2: text = 299
70.294	EXP	text_2: text = 318
70.305	DATA	Keydown:  
70.318	EXP	text_2: text = 339
70.318	EXP	text_2: autoDraw = false
70.318	EXP	Feedback: text = 327
70.318	EXP	Feedback: autoDraw = true
71.31400000000001	EXP	Feedback: autoDraw = false
71.31400000000001	EXP	Feedback: autoDraw = false
71.31400000000001	EXP	text_3: autoDraw = true
80.20100000000001	EXP	text_3: autoDraw = false
80.20100000000001	EXP	text_3: autoDraw = false
80.20100000000001	EXP	text_2: autoDraw = true
80.20100000000001	EXP	text_2: text = 0
80.21900000000001	EXP	text_2: text = 19
80.238	EXP	text_2: text = 39
80.258	EXP	text_2: text = 59
80.278	EXP	text_2: text = 79
80.298	EXP	text_2: text = 99
80.318	EXP	text_2: text = 119
80.339	EXP	text_2: text = 139
80.359	EXP	text_2: text = 159
80.377	EXP	text_2: text = 179
80.397	EXP	text_2: text = 199
80.417	EXP	text_2: text = 219
80.438	EXP	text_2: text = 238
80.45700000000001	EXP	text_2: text = 259
80.477	EXP	text_2: text = 278
80.497	EXP	text_2: text = 298
80.517	EXP	text_2: text = 319
80.537	EXP	text_2: text = 338
80.555	EXP	text_2: text = 358
80.575	EXP	text_2: text = 378
80.595	EXP	text_2: text = 397
80.614	EXP	text_2: text = 418
80.633	EXP	text_2: text = 438
80.654	EXP	text_2: text = 458
80.675	EXP	text_2: text = 477
80.694	EXP	text_2: text = 497
80.71300000000001	EXP	text_2: text = 518
80.734	EXP	text_2: text = 537
80.753	EXP	text_2: text = 558
80.773	EXP	text_2: text = 577
80.794	EXP	text_2: text = 597
80.796	DATA	Keydown:  
80.815	EXP	text_2: text = 617
80.815	EXP	text_2: autoDraw = false
80.815	EXP	Feedback: text = 595
80.815	EXP	Feedback: autoDraw = true
81.811	EXP	Feedback: autoDraw = false
81.811	EXP	Feedback: autoDraw = false
81.811	EXP	text_3: autoDraw = true
84.595	EXP	text_3: autoDraw = false
84.595	EXP	text_3: autoDraw = false
84.595	EXP	text_2: autoDraw = true
84.595	EXP	text_2: text = 0
84.611	EXP	text_2: text = 19
84.631	EXP	text_2: text = 39
84.651	EXP	text_2: text = 59
84.672	EXP	text_2: text = 79
84.693	EXP	text_2: text = 100
84.71300000000001	EXP	text_2: text = 119
84.73	EXP	text_2: text = 139
84.751	EXP	text_2: text = 159
84.77	EXP	text_2: text = 179
84.789	EXP	text_2: text = 199
84.81	EXP	text_2: text = 218
84.83	EXP	text_2: text = 238
84.85	EXP	text_2: text = 259
84.87	EXP	text_2: text = 279
84.89	EXP	text_2: text = 298
84.91	EXP	text_2: text = 318
84.93	EXP	text_2: text = 338
84.949	EXP	text_2: text = 358
84.97	EXP	text_2: text = 378
84.99	EXP	text_2: text = 398
84.996	DATA	Keydown:  
85.012	EXP	text_2: text = 418
85.012	EXP	text_2: autoDraw = false
85.012	EXP	Feedback: text = 402
85.012	EXP	Feedback: autoDraw = true
86.007	EXP	Feedback: autoDraw = false
86.007	EXP	Feedback: autoDraw = false
86.007	EXP	text_3: autoDraw = true
87.859	DATA	Keydown:  
92.402	EXP	text_3: autoDraw = false
92.402	EXP	text_3: autoDraw = false
92.402	EXP	text_2: autoDraw = true
92.402	EXP	text_2: text = 0
92.418	EXP	text_2: text = 19
92.438	EXP	text_2: text = 38
92.458	EXP	text_2: text = 58
92.478	EXP	text_2: text = 79
92.498	EXP	text_2: text = 99
92.518	EXP	text_2: text = 118
92.538	EXP	text_2: text = 138
92.558	EXP	text_2: text = 159
92.577	EXP	text_2: text = 178
92.597	EXP	text_2: text = 198
92.617	EXP	text_2: text = 218
92.637	EXP	text_2: text = 238
92.657	EXP	text_2: text = 258
92.679	EXP	text_2: text = 279
92.69800000000001	EXP	text_2: text = 299
92.717	EXP	text_2: text = 318
92.737	EXP	text_2: text = 338
92.757	EXP	text_2: text = 358
92.777	EXP	text_2: text = 378
92.783	DATA	Keydown:  
92.799	EXP	text_2: text = 398
92.799	EXP	text_2: autoDraw = false
92.799	EXP	Feedback: text = 382
92.799	EXP	Feedback: autoDraw = true
93.794	EXP	Feedback: autoDraw = false
93.794	EXP	Feedback: autoDraw = false
93.794	EXP	text_3: autoDraw = true
98.712	DATA	Keydown:  
99.691	EXP	text_3: autoDraw = false
99.691	EXP	text_3: autoDraw = false
99.691	EXP	text_2: autoDraw = true
99.691	EXP	text_2: text = 0
99.706	EXP	text_2: text = 19
99.726	EXP	text_2: text = 40
99.746	EXP	text_2: text = 60
99.766	EXP	text_2: text = 79
99.785	EXP	text_2: text = 99
99.805	EXP	text_2: text = 119
99.825	EXP	text_2: text = 139
99.845	EXP	text_2: text = 159
99.865	EXP	text_2: text = 179
99.884	EXP	text_2: text = 198
99.905	EXP	text_2: text = 219
99.929	EXP	text_2: text = 244
99.94500000000001	EXP	text_2: text = 259
99.964	EXP	text_2: text = 279
99.988	EXP	text_2: text = 303
100.005	EXP	text_2: text = 318
100.031	EXP	text_2: text = 346
100.045	EXP	text_2: text = 359
100.066	EXP	text_2: text = 381
100.089	EXP	text_2: text = 404
100.104	EXP	text_2: text = 419
100.129	EXP	text_2: text = 445
100.143	EXP	text_2: text = 458
100.174	EXP	text_2: text = 490
100.182	EXP	text_2: text = 499
100.208	EXP	text_2: text = 525
100.211	DATA	Keydown:  
100.223	EXP	text_2: text = 537
100.223	EXP	text_2: autoDraw = false
100.223	EXP	Feedback: text = 520
100.223	EXP	Feedback: autoDraw = true
101.223	EXP	Feedback: autoDraw = false
101.223	EXP	Feedback: autoDraw = false
101.223	EXP	text_3: autoDraw = true
102.581	DATA	Keydown:  
107.813	DATA	Keydown:  
110.41	EXP	text_3: autoDraw = false
110.41	EXP	text_3: autoDraw = false
110.41	EXP	text_2: autoDraw = true
110.41	EXP	text_2: text = 0
110.427	EXP	text_2: text = 19
110.449	EXP	text_2: text = 40
110.468	EXP	text_2: text = 60
110.487	EXP	text_2: text = 79
110.508	EXP	text_2: text = 100
110.528	EXP	text_2: text = 119
110.548	EXP	text_2: text = 139
110.568	EXP	text_2: text = 160
110.587	EXP	text_2: text = 179
110.606	EXP	text_2: text = 199
110.627	EXP	text_2: text = 219
110.647	EXP	text_2: text = 239
110.666	EXP	text_2: text = 259
110.688	EXP	text_2: text = 279
110.709	EXP	text_2: text = 299
110.726	EXP	text_2: text = 319
110.747	EXP	text_2: text = 339
110.766	EXP	text_2: text = 358
110.776	DATA	Keydown:  
110.789	EXP	text_2: text = 378
110.789	EXP	text_2: autoDraw = false
110.789	EXP	Feedback: text = 366
110.789	EXP	Feedback: autoDraw = true
111.784	EXP	Feedback: autoDraw = false
111.784	EXP	Feedback: autoDraw = false
111.784	EXP	text_3: autoDraw = true
117.549	EXP	text_3: autoDraw = false
117.549	EXP	text_3: autoDraw = false
117.549	EXP	text_2: autoDraw = true
117.549	EXP	text_2: text = 0
117.559	EXP	text_2: text = 25
117.575	EXP	text_2: text = 39
117.596	EXP	text_2: text = 60
117.616	EXP	text_2: text = 80
117.635	EXP	text_2: text = 100
117.655	EXP	text_2: text = 119
117.675	EXP	text_2: text = 139
117.697	EXP	text_2: text = 160
117.715	EXP	text_2: text = 179
117.735	EXP	text_2: text = 199
117.755	EXP	text_2: text = 219
117.775	EXP	text_2: text = 239
117.796	EXP	text_2: text = 259
117.815	EXP	text_2: text = 279
117.83500000000001	EXP	text_2: text = 299
117.854	EXP	text_2: text = 319
117.875	EXP	text_2: text = 339
117.894	EXP	text_2: text = 359
117.915	EXP	text_2: text = 379
117.921	DATA	Keydown:  
117.937	EXP	text_2: text = 399
117.937	EXP	text_2: autoDraw = false
117.937	EXP	Feedback: text = 372
117.937	EXP	Feedback: autoDraw = true
118.934	EXP	Feedback: autoDraw = false
118.934	EXP	Feedback: autoDraw = false
118.934	EXP	text_3: autoDraw = true
126.89200000000001	DATA	Keydown:  
126.94000000000001	EXP	text_3: autoDraw = false
126.94000000000001	EXP	text_3: autoDraw = false
126.94000000000001	EXP	text_2: autoDraw = true
126.94000000000001	EXP	text_2: text = 0
126.95899999999999	EXP	text_2: text = 20
126.98	EXP	text_2: text = 41
126.99900000000001	EXP	text_2: text = 60
127.01899999999999	EXP	text_2: text = 80
127.039	EXP	text_2: text = 100
127.05900000000001	EXP	text_2: text = 121
127.079	EXP	text_2: text = 141
127.099	EXP	text_2: text = 161
127.11900000000001	EXP	text_2: text = 180
127.139	EXP	text_2: text = 200
127.159	EXP	text_2: text = 220
127.17999999999999	EXP	text_2: text = 240
127.199	EXP	text_2: text = 260
127.22000000000001	EXP	text_2: text = 280
127.23800000000001	EXP	text_2: text = 300
127.259	EXP	text_2: text = 320
127.266	DATA	Keydown:  
127.28000000000002	EXP	text_2: text = 340
127.28000000000002	EXP	text_2: autoDraw = false
127.28000000000002	EXP	Feedback: text = 327
127.28000000000002	EXP	Feedback: autoDraw = true
127.42999999999999	DATA	Keydown:  
127.639	DATA	Keydown:  
127.865	DATA	Keydown:  
128.047	DATA	Keydown:  
128.261	DATA	Keydown:  
128.27599999999998	EXP	Feedback: autoDraw = false
128.27599999999998	EXP	Feedback: autoDraw = false
128.27599999999998	EXP	text_3: autoDraw = true
128.45899999999997	DATA	Keydown:  
128.688	DATA	Keydown:  
128.878	DATA	Keydown:  
129.09599999999998	DATA	Keydown:  
129.28099999999998	DATA	Keydown:  
129.487	DATA	Keydown:  
129.69899999999998	DATA	Keydown:  
129.96099999999998	DATA	Keydown:  
130.176	DATA	Keydown:  
130.374	DATA	Keydown:  
130.58599999999998	DATA	Keydown:  
130.784	DATA	Keydown:  
130.957	DATA	Keydown:  
131.243	DATA	Keydown:  
131.456	DATA	Keydown:  
131.66299999999998	DATA	Keydown:  
131.87599999999998	DATA	Keydown:  
132.081	DATA	Keydown:  
132.296	DATA	Keydown:  
132.493	DATA	Keydown:  
132.69199999999998	DATA	Keydown:  
132.896	DATA	Keydown:  
133.095	DATA	Keydown:  
133.13299999999998	EXP	text_3: autoDraw = false
133.13299999999998	EXP	text_3: autoDraw = false
133.13299999999998	EXP	text_2: autoDraw = true
133.13299999999998	EXP	text_2: text = 0
133.152	EXP	text_2: text = 24
133.17399999999998	EXP	text_2: text = 45
133.19199999999998	EXP	text_2: text = 59
133.20899999999997	EXP	text_2: text = 79
133.24099999999999	EXP	text_2: text = 113
133.25099999999998	EXP	text_2: text = 123
133.277	EXP	text_2: text = 149
133.29	EXP	text_2: text = 160
133.29399999999998	DATA	Keydown:  
133.32299999999998	EXP	text_2: text = 191
133.32299999999998	EXP	text_2: autoDraw = false
133.32299999999998	EXP	Feedback: text = 161
133.32299999999998	EXP	Feedback: autoDraw = true
133.481	DATA	Keydown:  
133.67	DATA	Keydown:  
133.88799999999998	DATA	Keydown:  
134.088	DATA	Keydown:  
134.28799999999998	DATA	Keydown:  
134.32799999999997	EXP	Feedback: autoDraw = false
134.32799999999997	EXP	Feedback: autoDraw = false
134.32799999999997	EXP	text_3: autoDraw = true
134.488	DATA	Keydown:  
134.707	DATA	Keydown:  
134.95299999999997	DATA	Keydown:  
135.14999999999998	DATA	Keydown:  
135.31599999999997	DATA	Keydown:  
135.569	DATA	Keydown:  
135.785	DATA	Keydown:  
135.98899999999998	DATA	Keydown:  
136.20399999999998	DATA	Keydown:  
136.416	DATA	Keydown:  
136.623	DATA	Keydown:  
136.83499999999998	DATA	Keydown:  
137.065	DATA	Keydown:  
137.296	DATA	Keydown:  
137.48399999999998	DATA	Keydown:  
137.69	DATA	Keydown:  
137.82399999999998	EXP	text_3: autoDraw = false
137.82399999999998	EXP	text_3: autoDraw = false
137.82399999999998	EXP	text_2: autoDraw = true
137.82399999999998	EXP	text_2: text = 1
137.84099999999998	EXP	text_2: text = 20
137.861	EXP	text_2: text = 40
137.88199999999998	EXP	text_2: text = 60
137.90099999999998	EXP	text_2: text = 79
137.921	EXP	text_2: text = 99
137.926	DATA	Keydown:  
137.944	EXP	text_2: text = 119
137.944	EXP	text_2: autoDraw = false
137.944	EXP	Feedback: text = 102
137.944	EXP	Feedback: autoDraw = true
138.172	DATA	Keydown:  
138.381	DATA	Keydown:  
138.62099999999998	DATA	Keydown:  
138.85899999999998	DATA	Keydown:  
138.94	EXP	Feedback: autoDraw = false
138.94	EXP	Feedback: autoDraw = false
138.94	EXP	text_3: autoDraw = true
139.07899999999998	DATA	Keydown:  
139.28799999999998	DATA	Keydown:  
139.486	DATA	Keydown:  
139.702	DATA	Keydown:  
139.93699999999998	DATA	Keydown:  
140.159	DATA	Keydown:  
140.38	DATA	Keydown:  
140.618	DATA	Keydown:  
140.83999999999997	DATA	Keydown:  
141.075	DATA	Keydown:  
141.29899999999998	DATA	Keydown:  
141.55599999999998	DATA	Keydown:  
141.78199999999998	DATA	Keydown:  
142.015	DATA	Keydown:  
142.256	DATA	Keydown:  
142.45499999999998	DATA	Keydown:  
142.677	DATA	Keydown:  
142.893	DATA	Keydown:  
143.112	DATA	Keydown:  
143.326	DATA	Keydown:  
143.552	DATA	Keydown:  
143.753	DATA	Keydown:  
143.974	DATA	Keydown:  
144.19099999999997	DATA	Keydown:  
144.42999999999998	DATA	Keydown:  
144.69099999999997	DATA	Keydown:  
144.893	DATA	Keydown:  
145.149	DATA	Keydown:  
145.33599999999998	DATA	Keydown:  
145.58999999999997	DATA	Keydown:  
145.84799999999998	DATA	Keydown:  
146.13	DATA	Keydown:  
146.36499999999998	DATA	Keydown:  
146.612	DATA	Keydown:  
146.86599999999999	DATA	Keydown:  
147.135	DATA	Keydown:  
147.34799999999998	DATA	Keydown:  
147.69899999999998	DATA	Keydown:  
147.84699999999998	EXP	text_3: autoDraw = false
147.84699999999998	EXP	text_3: autoDraw = false
147.84699999999998	EXP	text_2: autoDraw = true
147.84699999999998	EXP	text_2: text = 0
147.86399999999998	EXP	text_2: text = 19
147.885	EXP	text_2: text = 40
147.905	EXP	text_2: text = 59
147.92399999999998	EXP	text_2: text = 79
147.93499999999997	DATA	Keydown:  
147.94699999999997	EXP	text_2: text = 100
147.94699999999997	EXP	text_2: autoDraw = false
147.94699999999997	EXP	Feedback: text = 88
147.94699999999997	EXP	Feedback: autoDraw = true
148.30399999999997	DATA	Keydown:  
148.52499999999998	DATA	Keydown:  
148.79199999999997	DATA	Keydown:  
148.94299999999998	EXP	Feedback: autoDraw = false
148.94299999999998	EXP	Feedback: autoDraw = false
148.94299999999998	EXP	text_3: autoDraw = true
149.01399999999998	DATA	Keydown:  
149.236	DATA	Keydown:  
149.462	DATA	Keydown:  
149.70299999999997	DATA	Keydown:  
149.964	DATA	Keydown:  
150.16799999999998	DATA	Keydown:  
150.39999999999998	DATA	Keydown:  
150.641	DATA	Keydown:  
150.85	DATA	Keydown:  
151.07199999999997	DATA	Keydown:  
151.301	DATA	Keydown:  
151.518	DATA	Keydown:  
151.75799999999998	DATA	Keydown:  
151.97799999999998	DATA	Keydown:  
152.18699999999998	DATA	Keydown:  
152.409	DATA	Keydown:  
152.66699999999997	DATA	Keydown:  
152.905	DATA	Keydown:  
153.137	DATA	Keydown:  
153.35999999999999	DATA	Keydown:  
153.581	DATA	Keydown:  
153.795	DATA	Keydown:  
154.017	DATA	Keydown:  
154.24599999999998	DATA	Keydown:  
154.47299999999998	DATA	Keydown:  
154.706	DATA	Keydown:  
154.97199999999998	DATA	Keydown:  
155.20399999999998	DATA	Keydown:  
155.432	DATA	Keydown:  
155.671	DATA	Keydown:  
155.951	DATA	Keydown:  
156.212	DATA	Keydown:  
156.47199999999998	DATA	Keydown:  
156.719	DATA	Keydown:  
156.94799999999998	DATA	Keydown:  
157.26999999999998	DATA	Keydown:  
157.391	EXP	text_3: autoDraw = false
157.391	EXP	text_3: autoDraw = false
157.391	EXP	text_2: autoDraw = true
157.391	EXP	text_2: text = 1
157.408	EXP	text_2: text = 20
157.42899999999997	EXP	text_2: text = 40
157.44899999999998	EXP	text_2: text = 59
157.468	EXP	text_2: text = 80
157.48899999999998	EXP	text_2: text = 100
157.509	EXP	text_2: text = 119
157.528	EXP	text_2: text = 139
157.54799999999997	EXP	text_2: text = 160
157.552	DATA	Keydown:  
157.571	EXP	text_2: text = 179
157.571	EXP	text_2: autoDraw = false
157.571	EXP	Feedback: text = 161
157.571	EXP	Feedback: autoDraw = true
157.82	DATA	Keydown:  
158.04799999999997	DATA	Keydown:  
158.295	DATA	Keydown:  
158.54899999999998	DATA	Keydown:  
158.56599999999997	EXP	Feedback: autoDraw = false
158.56599999999997	EXP	Feedback: autoDraw = false
158.56599999999997	EXP	text_3: autoDraw = true
158.78599999999997	DATA	Keydown:  
160.53099999999998	DATA	Keydown: u
160.863	DATA	Keydown:  
161.087	DATA	Keydown:  
161.563	DATA	Keydown:  
162.78	DATA	Keydown:  
163.85799999999998	DATA	Keydown:  
164.04999999999998	DATA	Keydown:  
164.297	DATA	Keydown:  
164.44	EXP	text_3: autoDraw = false
164.44	EXP	text_3: autoDraw = false
164.44	EXP	text_2: autoDraw = true
164.44	EXP	text_2: text = 1
164.456	EXP	text_2: text = 19
164.47699999999998	EXP	text_2: text = 40
164.49699999999999	EXP	text_2: text = 60
164.517	EXP	text_2: text = 80
164.52499999999998	DATA	Keydown:  
164.53699999999998	EXP	text_2: text = 99
164.53699999999998	EXP	text_2: autoDraw = false
164.53699999999998	EXP	Feedback: text = 85
164.53699999999998	EXP	Feedback: autoDraw = true
164.74699999999999	DATA	Keydown:  
164.95999999999998	DATA	Keydown:  
165.20499999999998	DATA	Keydown:  
165.415	DATA	Keydown:  
165.534	EXP	Feedback: autoDraw = false
165.534	EXP	Feedback: autoDraw = false
165.534	EXP	text_3: autoDraw = true
165.69699999999997	DATA	Keydown:  
165.91899999999998	DATA	Keydown:  
166.164	DATA	Keydown:  
166.433	DATA	Keydown:  
166.678	DATA	Keydown:  
166.892	DATA	Keydown:  
167.09199999999998	DATA	Keydown:  
167.319	DATA	Keydown:  
167.541	DATA	Keydown:  
167.79199999999997	DATA	Keydown:  
168.05499999999998	DATA	Keydown:  
168.38199999999998	DATA	Keydown:  
169.66799999999998	DATA	Keydown:  
170.01399999999998	DATA	Keydown:  
173.04199999999997	DATA	Keydown:  
173.22699999999998	DATA	Keydown:  
173.404	EXP	text_3: autoDraw = false
173.404	EXP	text_3: autoDraw = false
173.404	EXP	text_2: autoDraw = true
173.404	EXP	text_2: text = 0
173.422	EXP	text_2: text = 19
173.426	DATA	Keydown:  
173.444	EXP	text_2: text = 39
173.444	EXP	text_2: autoDraw = false
173.444	EXP	Feedback: text = 22
173.444	EXP	Feedback: autoDraw = true
173.631	DATA	Keydown:  
174.25199999999998	DATA	Keydown:  
174.44	EXP	Feedback: autoDraw = false
174.44	EXP	Feedback: autoDraw = false
174.44	EXP	text_3: autoDraw = true
175.384	DATA	Keydown:  
175.74099999999999	DATA	Keydown:  
176.53599999999997	DATA	Keydown:  
176.81599999999997	DATA	Keydown:  
177.08499999999998	DATA	Keydown:  
177.575	DATA	Keydown:  
179.363	EXP	text_3: autoDraw = false
179.363	EXP	text_3: autoDraw = false
179.363	EXP	text_2: autoDraw = true
179.363	EXP	text_2: text = 0
179.39	EXP	text_2: text = 27
179.41	EXP	text_2: text = 47
179.432	EXP	text_2: text = 68
179.452	EXP	text_2: text = 88
179.47199999999998	EXP	text_2: text = 108
179.493	EXP	text_2: text = 128
179.512	EXP	text_2: text = 148
179.533	EXP	text_2: text = 168
179.551	EXP	text_2: text = 187
179.57199999999997	EXP	text_2: text = 208
179.59199999999998	EXP	text_2: text = 228
179.612	EXP	text_2: text = 248
179.63	EXP	text_2: text = 268
179.65099999999998	EXP	text_2: text = 287
179.671	EXP	text_2: text = 308
179.69299999999998	EXP	text_2: text = 328
179.712	EXP	text_2: text = 348
179.72899999999998	EXP	text_2: text = 367
179.749	EXP	text_2: text = 387
179.76899999999998	EXP	text_2: text = 406
179.791	EXP	text_2: text = 427
179.81099999999998	EXP	text_2: text = 447
179.831	EXP	text_2: text = 467
179.851	EXP	text_2: text = 487
179.87099999999998	EXP	text_2: text = 507
179.89	EXP	text_2: text = 527
179.91099999999997	EXP	text_2: text = 547
179.93099999999998	EXP	text_2: text = 567
179.951	EXP	text_2: text = 587
179.97099999999998	EXP	text_2: text = 608
179.98999999999998	EXP	text_2: text = 627
180.01	EXP	text_2: text = 647
180.03099999999998	EXP	text_2: text = 667
180.051	EXP	text_2: text = 687
180.071	EXP	text_2: text = 707
180.09099999999998	EXP	text_2: text = 727
180.10999999999999	EXP	text_2: text = 747
180.13	EXP	text_2: text = 767
180.14	DATA	Keydown:  
180.154	EXP	text_2: text = 786
180.154	EXP	text_2: autoDraw = false
180.154	EXP	Feedback: text = 777
180.154	EXP	Feedback: autoDraw = true
180.338	DATA	Keydown:  
181.148	EXP	Feedback: autoDraw = false
181.148	EXP	Feedback: autoDraw = false
181.148	EXP	text_3: autoDraw = true
185.14499999999998	EXP	text_3: autoDraw = false
185.14499999999998	EXP	text_3: autoDraw = false
185.14499999999998	EXP	text_2: autoDraw = true
185.14499999999998	EXP	text_2: text = 0
185.16199999999998	EXP	text_2: text = 21
185.182	EXP	text_2: text = 40
185.202	EXP	text_2: text = 61
185.22199999999998	EXP	text_2: text = 80
185.24099999999999	EXP	text_2: text = 100
185.262	EXP	text_2: text = 120
185.28099999999998	EXP	text_2: text = 140
185.302	EXP	text_2: text = 160
185.32199999999997	EXP	text_2: text = 180
185.34099999999998	EXP	text_2: text = 200
185.362	EXP	text_2: text = 220
185.38199999999998	EXP	text_2: text = 240
185.40099999999998	EXP	text_2: text = 260
185.421	EXP	text_2: text = 280
185.44099999999997	EXP	text_2: text = 300
185.462	EXP	text_2: text = 320
185.487	EXP	text_2: text = 340
185.50099999999998	EXP	text_2: text = 359
185.521	EXP	text_2: text = 379
185.545	EXP	text_2: text = 405
185.56099999999998	EXP	text_2: text = 419
185.581	EXP	text_2: text = 440
185.60199999999998	EXP	text_2: text = 461
185.629	EXP	text_2: text = 489
185.641	EXP	text_2: text = 499
185.66299999999998	EXP	text_2: text = 523
185.688	EXP	text_2: text = 547
185.701	EXP	text_2: text = 559
185.726	EXP	text_2: text = 585
185.74099999999999	EXP	text_2: text = 599
185.774	EXP	text_2: text = 633
185.803	EXP	text_2: text = 663
185.83599999999998	EXP	text_2: text = 694
185.868	EXP	text_2: text = 727
185.88	EXP	text_2: text = 739
185.915	EXP	text_2: text = 773
185.95	EXP	text_2: text = 810
185.988	EXP	text_2: text = 849
185.99699999999999	EXP	text_2: text = 857
186.035	EXP	text_2: text = 895
186.059	EXP	text_2: text = 918
186.12199999999999	EXP	text_2: text = 980
186.141	EXP	text_2: text = 999
186.16	EXP	text_2: text = 1018
186.18099999999998	EXP	text_2: text = 1039
186.201	EXP	text_2: text = 1058
186.22099999999998	EXP	text_2: text = 1078
186.242	EXP	text_2: text = 1099
186.261	EXP	text_2: text = 1119
186.28199999999998	EXP	text_2: text = 1138
186.301	EXP	text_2: text = 1158
186.32199999999997	EXP	text_2: text = 1179
186.34199999999998	EXP	text_2: text = 1199
186.35999999999999	EXP	text_2: text = 1218
186.38	EXP	text_2: text = 1239
186.39999999999998	EXP	text_2: text = 1258
186.42	EXP	text_2: text = 1278
186.44	EXP	text_2: text = 1299
186.45899999999997	EXP	text_2: text = 1317
186.481	EXP	text_2: text = 1338
186.5	EXP	text_2: text = 1358
186.51999999999998	EXP	text_2: text = 1378
186.539	EXP	text_2: text = 1397
186.56099999999998	EXP	text_2: text = 1417
186.57899999999998	EXP	text_2: text = 1438
186.599	EXP	text_2: text = 1458
186.61999999999998	EXP	text_2: text = 1478
186.64	EXP	text_2: text = 1498
186.659	EXP	text_2: text = 1518
186.67999999999998	EXP	text_2: text = 1538
186.701	EXP	text_2: text = 1559
186.72099999999998	EXP	text_2: text = 1578
186.73899999999998	EXP	text_2: text = 1597
186.759	EXP	text_2: text = 1617
186.78	EXP	text_2: text = 1638
186.79899999999998	EXP	text_2: text = 1657
186.819	EXP	text_2: text = 1677
186.839	EXP	text_2: text = 1697
186.85999999999999	EXP	text_2: text = 1717
186.881	EXP	text_2: text = 1738
186.90099999999998	EXP	text_2: text = 1758
186.905	DATA	Keydown:  
186.922	EXP	text_2: text = 1777
186.922	EXP	text_2: autoDraw = false
186.922	EXP	Feedback: text = 1760
186.922	EXP	Feedback: autoDraw = true
187.916	EXP	Feedback: autoDraw = false
187.916	EXP	Feedback: autoDraw = false
187.916	EXP	text_3: autoDraw = true
191.76	DATA	Keydown:  
192.31699999999998	EXP	text_3: autoDraw = false
192.31699999999998	EXP	text_3: autoDraw = false
192.31699999999998	EXP	text_2: autoDraw = true
192.31699999999998	EXP	text_2: text = 0
192.32999999999998	EXP	text_2: text = 15
192.351	EXP	text_2: text = 36
192.37199999999999	EXP	text_2: text = 57
192.393	EXP	text_2: text = 79
192.415	EXP	text_2: text = 101
192.43099999999998	EXP	text_2: text = 116
192.45899999999997	EXP	text_2: text = 145
192.48899999999998	EXP	text_2: text = 174
192.51399999999998	EXP	text_2: text = 200
192.529	EXP	text_2: text = 215
192.557	EXP	text_2: text = 244
192.569	EXP	text_2: text = 254
192.599	EXP	text_2: text = 285
192.60899999999998	EXP	text_2: text = 295
192.641	EXP	text_2: text = 328
192.676	EXP	text_2: text = 362
192.69	EXP	text_2: text = 375
192.72799999999998	EXP	text_2: text = 415
192.767	EXP	text_2: text = 452
192.807	EXP	text_2: text = 493
192.82999999999998	EXP	text_2: text = 514
192.88799999999998	EXP	text_2: text = 575
192.893	DATA	Keydown:  
192.91099999999997	EXP	text_2: text = 593
192.91099999999997	EXP	text_2: autoDraw = false
192.91099999999997	EXP	Feedback: text = 576
192.91099999999997	EXP	Feedback: autoDraw = true
193.51399999999998	DATA	Keydown:  
193.90699999999998	EXP	Feedback: autoDraw = false
193.90699999999998	EXP	Feedback: autoDraw = false
193.90699999999998	EXP	text_3: autoDraw = true
196.72099999999998	DATA	Keydown:  
197.095	DATA	Keydown:  
198.07999999999998	DATA	Keydown:  
198.44	DATA	Keydown:  
199.28	DATA	Keydown:  
201.058	EXP	text_3: autoDraw = false
201.058	EXP	text_3: autoDraw = false
201.058	EXP	text_2: autoDraw = true
201.058	EXP	text_2: text = 0
201.075	EXP	text_2: text = 19
201.09599999999998	EXP	text_2: text = 40
201.11599999999999	EXP	text_2: text = 59
201.135	EXP	text_2: text = 80
201.155	EXP	text_2: text = 99
201.17399999999998	EXP	text_2: text = 119
201.196	EXP	text_2: text = 139
201.21499999999997	EXP	text_2: text = 159
201.23499999999999	EXP	text_2: text = 180
201.255	EXP	text_2: text = 199
201.27499999999998	EXP	text_2: text = 219
201.295	EXP	text_2: text = 238
201.315	EXP	text_2: text = 259
201.33499999999998	EXP	text_2: text = 279
201.35399999999998	EXP	text_2: text = 299
201.375	EXP	text_2: text = 319
201.39499999999998	EXP	text_2: text = 339
201.399	DATA	Keydown:  
201.41699999999997	EXP	text_2: text = 359
201.41699999999997	EXP	text_2: autoDraw = false
201.41699999999997	EXP	Feedback: text = 341
201.41699999999997	EXP	Feedback: autoDraw = true
201.676	DATA	Keydown:  
202.41199999999998	EXP	Feedback: autoDraw = false
202.41199999999998	EXP	Feedback: autoDraw = false
202.41199999999998	EXP	text_3: autoDraw = true
206.37699999999998	DATA	Keydown:  
207.887	EXP	text_3: autoDraw = false
207.887	EXP	text_3: autoDraw = false
207.887	EXP	text_2: autoDraw = true
207.887	EXP	text_2: text = 0
207.904	EXP	text_2: text = 20
207.92399999999998	EXP	text_2: text = 40
207.944	EXP	text_2: text = 61
207.964	EXP	text_2: text = 79
207.98399999999998	EXP	text_2: text = 100
208.005	EXP	text_2: text = 120
208.024	EXP	text_2: text = 140
208.04399999999998	EXP	text_2: text = 160
208.064	EXP	text_2: text = 180
208.083	EXP	text_2: text = 199
208.10299999999998	EXP	text_2: text = 220
208.124	EXP	text_2: text = 240
208.141	EXP	text_2: text = 259
208.16099999999997	EXP	text_2: text = 279
208.18099999999998	EXP	text_2: text = 299
208.18599999999998	DATA	Keydown:  
208.202	EXP	text_2: text = 319
208.202	EXP	text_2: autoDraw = false
208.202	EXP	Feedback: text = 299
208.202	EXP	Feedback: autoDraw = true
209.202	EXP	Feedback: autoDraw = false
209.202	EXP	Feedback: autoDraw = false
209.202	EXP	text_3: autoDraw = true
213.16799999999998	DATA	Keydown:  
213.49499999999998	DATA	Keydown:  
215.671	DATA	Keydown:  
215.97299999999998	DATA	Keydown:  
216.25799999999998	DATA	Keydown:  
216.712	DATA	Keydown:  
217.009	DATA	Keydown:  
217.315	DATA	Keydown:  
217.66699999999997	DATA	Keydown:  
218.01299999999998	DATA	Keydown:  
219.05399999999997	EXP	text_3: autoDraw = false
219.05399999999997	EXP	text_3: autoDraw = false
219.05399999999997	EXP	text_2: autoDraw = true
219.05399999999997	EXP	text_2: text = 0
219.06199999999998	EXP	text_2: text = 8
219.082	EXP	text_2: text = 28
219.105	EXP	text_2: text = 49
219.125	EXP	text_2: text = 69
219.14499999999998	EXP	text_2: text = 89
219.165	EXP	text_2: text = 109
219.18499999999997	EXP	text_2: text = 129
219.20399999999998	EXP	text_2: text = 149
219.225	EXP	text_2: text = 169
219.244	EXP	text_2: text = 189
219.265	EXP	text_2: text = 208
219.285	EXP	text_2: text = 228
219.30599999999998	EXP	text_2: text = 249
219.325	EXP	text_2: text = 269
219.344	EXP	text_2: text = 288
219.36499999999998	EXP	text_2: text = 308
219.385	EXP	text_2: text = 329
219.393	DATA	Keydown:  
219.40699999999998	EXP	text_2: text = 349
219.40699999999998	EXP	text_2: autoDraw = false
219.40699999999998	EXP	Feedback: text = 339
219.40699999999998	EXP	Feedback: autoDraw = true
220.40099999999998	EXP	Feedback: autoDraw = false
220.40099999999998	EXP	Feedback: autoDraw = false
220.40099999999998	EXP	text_3: autoDraw = true
221.601	DATA	Keydown:  
222.82199999999997	DATA	Keydown:  
223.88199999999998	DATA	Keydown:  
224.279	DATA	Keydown:  
225.028	DATA	Keydown:  
225.71699999999998	EXP	text_3: autoDraw = false
225.71699999999998	EXP	text_3: autoDraw = false
225.71699999999998	EXP	text_2: autoDraw = true
225.71699999999998	EXP	text_2: text = 0
225.732	EXP	text_2: text = 19
225.755	EXP	text_2: text = 39
225.774	EXP	text_2: text = 60
225.795	EXP	text_2: text = 80
225.814	EXP	text_2: text = 98
225.82399999999998	DATA	Keydown:  
225.83599999999998	EXP	text_2: text = 119
225.83599999999998	EXP	text_2: autoDraw = false
225.83599999999998	EXP	Feedback: text = 107
225.83599999999998	EXP	Feedback: autoDraw = true
226.165	DATA	Keydown:  
226.831	EXP	Feedback: autoDraw = false
226.831	EXP	Feedback: autoDraw = false
226.831	EXP	text_3: autoDraw = true
228.72899999999998	DATA	Keydown:  
228.99499999999998	DATA	Keydown:  
229.553	DATA	Keydown:  
231.34599999999998	DATA	Keydown:  
231.575	DATA	Keydown:  
232.07	DATA	Keydown:  
232.60399999999998	DATA	Keydown:  
233.152	DATA	Keydown:  
233.40599999999998	DATA	Keydown:  
233.68099999999998	DATA	Keydown:  
234.35899999999998	DATA	Keydown:  
234.91899999999998	DATA	Keydown:  
235.17999999999998	DATA	Keydown:  
235.438	DATA	Keydown:  
235.85999999999999	EXP	text_3: autoDraw = false
235.85999999999999	EXP	text_3: autoDraw = false
235.85999999999999	EXP	text_2: autoDraw = true
235.85999999999999	EXP	text_2: text = 0
235.87699999999998	EXP	text_2: text = 19
235.898	EXP	text_2: text = 39
235.91699999999997	EXP	text_2: text = 59
235.938	EXP	text_2: text = 79
235.957	EXP	text_2: text = 99
235.97799999999998	EXP	text_2: text = 119
235.99699999999999	EXP	text_2: text = 139
236.018	EXP	text_2: text = 159
236.03699999999998	EXP	text_2: text = 179
236.057	EXP	text_2: text = 199
236.077	EXP	text_2: text = 218
236.09699999999998	EXP	text_2: text = 239
236.11599999999999	EXP	text_2: text = 258
236.137	EXP	text_2: text = 279
236.15699999999998	EXP	text_2: text = 298
236.176	EXP	text_2: text = 318
236.196	EXP	text_2: text = 338
236.21599999999998	EXP	text_2: text = 358
236.236	EXP	text_2: text = 379
236.256	EXP	text_2: text = 398
236.262	DATA	Keydown:  
236.279	EXP	text_2: text = 418
236.279	EXP	text_2: autoDraw = false
236.279	EXP	Feedback: text = 402
236.279	EXP	Feedback: autoDraw = true
236.564	DATA	Keydown:  
237.274	EXP	Feedback: autoDraw = false
237.274	EXP	Feedback: autoDraw = false
237.274	EXP	text_3: autoDraw = true
238.78199999999998	DATA	Keydown:  
239.059	DATA	Keydown:  
239.551	DATA	Keydown:  
239.902	DATA	Keydown:  
241.95299999999997	DATA	Keydown:  
242.534	DATA	Keydown:  
244.02499999999998	EXP	text_3: autoDraw = false
244.02499999999998	EXP	text_3: autoDraw = false
244.02499999999998	EXP	text_2: autoDraw = true
244.02499999999998	EXP	text_2: text = 0
244.04299999999998	EXP	text_2: text = 19
244.064	EXP	text_2: text = 39
244.083	EXP	text_2: text = 59
244.10399999999998	EXP	text_2: text = 79
244.124	EXP	text_2: text = 99
244.143	EXP	text_2: text = 119
244.16299999999998	EXP	text_2: text = 139
244.183	EXP	text_2: text = 159
244.20299999999997	EXP	text_2: text = 179
244.22199999999998	EXP	text_2: text = 199
244.243	EXP	text_2: text = 219
244.262	EXP	text_2: text = 239
244.283	EXP	text_2: text = 259
244.302	EXP	text_2: text = 279
244.32199999999997	EXP	text_2: text = 299
244.344	EXP	text_2: text = 320
244.363	EXP	text_2: text = 338
244.38299999999998	EXP	text_2: text = 358
244.402	EXP	text_2: text = 379
244.422	EXP	text_2: text = 399
244.44199999999998	EXP	text_2: text = 419
244.462	EXP	text_2: text = 438
244.482	EXP	text_2: text = 458
244.50199999999998	EXP	text_2: text = 479
244.522	EXP	text_2: text = 499
244.54199999999997	EXP	text_2: text = 518
244.56199999999998	EXP	text_2: text = 539
244.582	EXP	text_2: text = 559
244.60199999999998	EXP	text_2: text = 579
244.62199999999999	EXP	text_2: text = 598
244.642	EXP	text_2: text = 618
244.66199999999998	EXP	text_2: text = 638
244.682	EXP	text_2: text = 659
244.702	DATA	Keydown:  
244.726	EXP	text_2: text = 699
244.726	EXP	text_2: autoDraw = false
244.726	EXP	Feedback: text = 677
244.726	EXP	Feedback: autoDraw = true
244.999	DATA	Keydown:  
245.72199999999998	EXP	Feedback: autoDraw = false
245.72199999999998	EXP	Feedback: autoDraw = false
245.72199999999998	EXP	text_3: autoDraw = true
249.237	EXP	text_3: autoDraw = false
249.237	EXP	text_3: autoDraw = false
249.237	EXP	text_2: autoDraw = true
249.237	EXP	text_2: text = 0
249.255	EXP	text_2: text = 19
249.27499999999998	EXP	text_2: text = 39
249.29399999999998	EXP	text_2: text = 59
249.314	EXP	text_2: text = 79
249.33399999999997	EXP	text_2: text = 99
249.35399999999998	EXP	text_2: text = 120
249.375	EXP	text_2: text = 139
249.39399999999998	EXP	text_2: text = 159
249.414	EXP	text_2: text = 180
249.434	EXP	text_2: text = 200
249.45399999999998	EXP	text_2: text = 219
249.474	EXP	text_2: text = 239
249.494	EXP	text_2: text = 259
249.51399999999998	EXP	text_2: text = 279
249.534	EXP	text_2: text = 299
249.55399999999997	EXP	text_2: text = 319
249.57399999999998	EXP	text_2: text = 339
249.593	EXP	text_2: text = 359
249.61399999999998	EXP	text_2: text = 379
249.634	EXP	text_2: text = 399
249.654	EXP	text_2: text = 419
249.67399999999998	EXP	text_2: text = 439
249.695	EXP	text_2: text = 459
249.71499999999997	EXP	text_2: text = 479
249.73399999999998	EXP	text_2: text = 498
249.754	EXP	text_2: text = 519
249.773	EXP	text_2: text = 538
249.79399999999998	EXP	text_2: text = 559
249.814	EXP	text_2: text = 579
249.83399999999997	EXP	text_2: text = 598
249.85399999999998	EXP	text_2: text = 618
249.873	EXP	text_2: text = 638
249.89399999999998	EXP	text_2: text = 659
249.914	EXP	text_2: text = 678
249.934	EXP	text_2: text = 699
249.95399999999998	EXP	text_2: text = 718
249.97299999999998	EXP	text_2: text = 738
249.994	EXP	text_2: text = 758
250.01399999999998	EXP	text_2: text = 778
250.033	EXP	text_2: text = 798
250.05399999999997	EXP	text_2: text = 818
250.07299999999998	EXP	text_2: text = 838
250.094	EXP	text_2: text = 858
250.113	EXP	text_2: text = 878
250.13299999999998	EXP	text_2: text = 898
250.153	EXP	text_2: text = 918
250.172	EXP	text_2: text = 938
250.194	EXP	text_2: text = 958
250.213	EXP	text_2: text = 978
250.231	EXP	text_2: text = 998
250.25099999999998	EXP	text_2: text = 1018
250.271	EXP	text_2: text = 1038
250.29	EXP	text_2: text = 1057
250.30999999999997	EXP	text_2: text = 1077
250.331	EXP	text_2: text = 1097
250.35	EXP	text_2: text = 1117
250.37199999999999	EXP	text_2: text = 1140
250.391	EXP	text_2: text = 1157
250.41099999999997	EXP	text_2: text = 1177
250.42999999999998	EXP	text_2: text = 1198
250.451	EXP	text_2: text = 1219
250.47199999999998	EXP	text_2: text = 1240
250.494	EXP	text_2: text = 1262
250.521	EXP	text_2: text = 1290
250.53	EXP	text_2: text = 1296
250.55499999999998	EXP	text_2: text = 1323
250.57199999999997	EXP	text_2: text = 1339
250.607	EXP	text_2: text = 1374
250.63	EXP	text_2: text = 1396
250.652	EXP	text_2: text = 1417
250.672	EXP	text_2: text = 1437
250.69299999999998	EXP	text_2: text = 1457
250.714	EXP	text_2: text = 1478
250.73299999999998	EXP	text_2: text = 1497
250.75199999999998	EXP	text_2: text = 1517
250.772	EXP	text_2: text = 1537
250.79299999999998	EXP	text_2: text = 1557
250.813	EXP	text_2: text = 1577
250.832	EXP	text_2: text = 1596
250.85199999999998	EXP	text_2: text = 1617
250.873	EXP	text_2: text = 1637
250.891	EXP	text_2: text = 1657
250.91199999999998	EXP	text_2: text = 1677
250.932	EXP	text_2: text = 1697
250.952	EXP	text_2: text = 1717
250.97199999999998	EXP	text_2: text = 1737
250.992	EXP	text_2: text = 1757
251.011	EXP	text_2: text = 1776
251.03199999999998	EXP	text_2: text = 1797
251.052	EXP	text_2: text = 1817
251.07299999999998	EXP	text_2: text = 1836
251.09199999999998	EXP	text_2: text = 1857
251.112	EXP	text_2: text = 1877
251.13199999999998	EXP	text_2: text = 1897
251.15099999999998	EXP	text_2: text = 1916
251.172	EXP	text_2: text = 1936
251.19199999999998	EXP	text_2: text = 1957
251.212	EXP	text_2: text = 1977
251.232	EXP	text_2: text = 1997
251.25099999999998	EXP	text_2: text = 2016
251.271	EXP	text_2: text = 2036
251.29199999999997	EXP	text_2: text = 2056
251.31099999999998	EXP	text_2: text = 2077
251.332	EXP	text_2: text = 2096
251.35199999999998	EXP	text_2: text = 2117
251.37099999999998	EXP	text_2: text = 2136
251.391	EXP	text_2: text = 2156
251.41099999999997	EXP	text_2: text = 2176
251.43099999999998	EXP	text_2: text = 2196
251.451	EXP	text_2: text = 2216
251.47	EXP	text_2: text = 2236
251.49099999999999	EXP	text_2: text = 2256
251.511	EXP	text_2: text = 2276
251.53099999999998	EXP	text_2: text = 2296
251.54999999999998	EXP	text_2: text = 2315
251.571	EXP	text_2: text = 2336
251.59099999999998	EXP	text_2: text = 2355
251.611	EXP	text_2: text = 2376
251.631	EXP	text_2: text = 2395
251.64999999999998	EXP	text_2: text = 2416
251.671	EXP	text_2: text = 2435
251.69199999999998	EXP	text_2: text = 2456
251.71099999999998	EXP	text_2: text = 2476
251.731	EXP	text_2: text = 2496
251.75099999999998	EXP	text_2: text = 2516
251.771	EXP	text_2: text = 2535
251.791	EXP	text_2: text = 2555
251.81099999999998	EXP	text_2: text = 2575
251.82999999999998	EXP	text_2: text = 2596
251.85	EXP	text_2: text = 2615
251.86999999999998	EXP	text_2: text = 2636
251.89	EXP	text_2: text = 2656
251.91	EXP	text_2: text = 2675
251.92999999999998	EXP	text_2: text = 2695
251.95	EXP	text_2: text = 2715
251.97	EXP	text_2: text = 2735
251.99099999999999	EXP	text_2: text = 2755
252.011	EXP	text_2: text = 2776
252.03	EXP	text_2: text = 2795
252.051	EXP	text_2: text = 2815
252.07	EXP	text_2: text = 2836
252.08999999999997	EXP	text_2: text = 2855
252.10999999999999	EXP	text_2: text = 2875
252.13	EXP	text_2: text = 2895
252.149	EXP	text_2: text = 2915
252.17	EXP	text_2: text = 2935
252.19099999999997	EXP	text_2: text = 2956
252.20999999999998	EXP	text_2: text = 2974
252.23	EXP	text_2: text = 2994
252.25	EXP	text_2: text = 3015
252.26999999999998	EXP	text_2: text = 3035
252.29	EXP	text_2: text = 3055
252.30999999999997	EXP	text_2: text = 3074
252.32999999999998	EXP	text_2: text = 3095
252.35	EXP	text_2: text = 3115
252.36999999999998	EXP	text_2: text = 3135
252.38899999999998	EXP	text_2: text = 3154
252.41	EXP	text_2: text = 3174
252.42899999999997	EXP	text_2: text = 3195
252.44899999999998	EXP	text_2: text = 3214
252.469	EXP	text_2: text = 3234
252.48999999999998	EXP	text_2: text = 3254
252.509	EXP	text_2: text = 3274
252.529	EXP	text_2: text = 3294
252.54899999999998	EXP	text_2: text = 3314
252.569	EXP	text_2: text = 3334
252.589	EXP	text_2: text = 3354
252.60899999999998	EXP	text_2: text = 3374
252.63	EXP	text_2: text = 3394
252.649	EXP	text_2: text = 3414
252.67	EXP	text_2: text = 3434
252.689	EXP	text_2: text = 3453
252.70899999999997	EXP	text_2: text = 3474
252.731	EXP	text_2: text = 3494
252.749	EXP	text_2: text = 3514
252.76899999999998	EXP	text_2: text = 3533
252.789	EXP	text_2: text = 3554
252.809	EXP	text_2: text = 3574
252.82799999999997	EXP	text_2: text = 3594
252.84799999999998	EXP	text_2: text = 3614
252.869	EXP	text_2: text = 3633
252.88899999999998	EXP	text_2: text = 3654
252.909	EXP	text_2: text = 3674
252.92899999999997	EXP	text_2: text = 3693
252.94799999999998	EXP	text_2: text = 3713
252.968	EXP	text_2: text = 3733
252.98899999999998	EXP	text_2: text = 3753
253.00799999999998	EXP	text_2: text = 3773
253.028	EXP	text_2: text = 3793
253.04799999999997	EXP	text_2: text = 3813
253.06799999999998	EXP	text_2: text = 3833
253.088	EXP	text_2: text = 3853
253.10899999999998	EXP	text_2: text = 3873
253.128	EXP	text_2: text = 3893
253.148	EXP	text_2: text = 3913
253.16899999999998	EXP	text_2: text = 3933
253.189	EXP	text_2: text = 3953
253.207	EXP	text_2: text = 3973
253.22799999999998	EXP	text_2: text = 3993
253.248	EXP	text_2: text = 4013
253.268	EXP	text_2: text = 4033
253.289	EXP	text_2: text = 4053
253.309	EXP	text_2: text = 4073
253.32899999999998	EXP	text_2: text = 4093
253.34799999999998	EXP	text_2: text = 4112
253.367	EXP	text_2: text = 4132
253.38799999999998	EXP	text_2: text = 4153
253.408	EXP	text_2: text = 4172
253.428	EXP	text_2: text = 4193
253.44699999999997	EXP	text_2: text = 4212
253.46699999999998	EXP	text_2: text = 4232
253.488	EXP	text_2: text = 4252
253.50799999999998	EXP	text_2: text = 4272
253.528	EXP	text_2: text = 4292
253.547	EXP	text_2: text = 4312
253.56799999999998	EXP	text_2: text = 4332
253.588	EXP	text_2: text = 4352
253.607	EXP	text_2: text = 4372
253.628	EXP	text_2: text = 4392
253.647	EXP	text_2: text = 4412
253.66699999999997	EXP	text_2: text = 4432
253.688	EXP	text_2: text = 4452
253.70899999999997	EXP	text_2: text = 4473
253.72799999999998	EXP	text_2: text = 4492
253.748	EXP	text_2: text = 4512
253.75199999999998	DATA	Keydown:  
253.76999999999998	EXP	text_2: text = 4532
253.76999999999998	EXP	text_2: autoDraw = false
253.76999999999998	EXP	Feedback: text = 4515
253.76999999999998	EXP	Feedback: autoDraw = true
254.76199999999997	EXP	Feedback: autoDraw = false
254.76199999999997	EXP	Feedback: autoDraw = false
254.76199999999997	EXP	text_3: autoDraw = true
259.04200000000003	EXP	text_3: autoDraw = false
259.04200000000003	EXP	text_3: autoDraw = false
259.04200000000003	EXP	text_2: autoDraw = true
259.04200000000003	EXP	text_2: text = 0
259.058	EXP	text_2: text = 20
259.079	EXP	text_2: text = 40
259.098	EXP	text_2: text = 61
259.117	EXP	text_2: text = 80
259.13800000000003	EXP	text_2: text = 100
259.158	EXP	text_2: text = 120
259.178	EXP	text_2: text = 140
259.19800000000004	EXP	text_2: text = 160
259.218	EXP	text_2: text = 180
259.238	EXP	text_2: text = 200
259.25800000000004	EXP	text_2: text = 219
259.278	EXP	text_2: text = 240
259.29900000000004	EXP	text_2: text = 259
259.317	EXP	text_2: text = 280
259.337	EXP	text_2: text = 299
259.358	EXP	text_2: text = 320
259.377	EXP	text_2: text = 339
259.398	EXP	text_2: text = 360
259.41700000000003	EXP	text_2: text = 379
259.437	EXP	text_2: text = 400
259.458	EXP	text_2: text = 419
259.478	EXP	text_2: text = 439
259.482	DATA	Keydown:  
259.50100000000003	EXP	text_2: text = 459
259.50100000000003	EXP	text_2: autoDraw = false
259.50100000000003	EXP	Feedback: text = 440
259.50100000000003	EXP	Feedback: autoDraw = true
260.498	EXP	Feedback: autoDraw = false
260.498	EXP	Feedback: autoDraw = false
260.498	EXP	text_3: autoDraw = true
261.981	DATA	Keydown:  
264.61400000000003	DATA	Keydown:  
264.995	EXP	text_3: autoDraw = false
264.995	EXP	text_3: autoDraw = false
264.995	EXP	text_2: autoDraw = true
264.995	EXP	text_2: text = 0
265.00800000000004	EXP	text_2: text = 16
265.029	EXP	text_2: text = 36
265.048	EXP	text_2: text = 56
265.06800000000004	EXP	text_2: text = 76
265.087	EXP	text_2: text = 96
265.107	EXP	text_2: text = 116
265.12800000000004	EXP	text_2: text = 135
265.148	EXP	text_2: text = 156
265.168	EXP	text_2: text = 176
265.189	EXP	text_2: text = 196
265.207	EXP	text_2: text = 216
265.228	EXP	text_2: text = 235
265.248	EXP	text_2: text = 256
265.26800000000003	EXP	text_2: text = 276
265.28700000000003	EXP	text_2: text = 295
265.309	EXP	text_2: text = 316
265.32800000000003	EXP	text_2: text = 335
265.34700000000004	EXP	text_2: text = 355
265.368	EXP	text_2: text = 375
265.387	EXP	text_2: text = 395
265.40700000000004	EXP	text_2: text = 416
265.427	EXP	text_2: text = 435
265.447	EXP	text_2: text = 455
265.46700000000004	EXP	text_2: text = 475
265.488	EXP	text_2: text = 496
265.50800000000004	EXP	text_2: text = 515
265.528	EXP	text_2: text = 535
265.548	EXP	text_2: text = 555
265.567	EXP	text_2: text = 575
265.587	EXP	text_2: text = 595
265.591	DATA	Keydown:  
265.61	EXP	text_2: text = 615
265.61	EXP	text_2: autoDraw = false
265.61	EXP	Feedback: text = 596
265.61	EXP	Feedback: autoDraw = true
266.605	EXP	Feedback: autoDraw = false
266.605	EXP	Feedback: autoDraw = false
266.605	EXP	text_3: autoDraw = true
267.40500000000003	DATA	Keydown:  
268.19300000000004	DATA	Keydown:  
272.721	EXP	text_3: autoDraw = false
272.721	EXP	text_3: autoDraw = false
272.721	EXP	text_2: autoDraw = true
272.721	EXP	text_2: text = 0
272.733	EXP	text_2: text = 19
272.754	EXP	text_2: text = 39
272.77500000000003	EXP	text_2: text = 59
272.795	EXP	text_2: text = 79
272.81600000000003	EXP	text_2: text = 99
272.83500000000004	EXP	text_2: text = 119
272.856	EXP	text_2: text = 139
272.875	EXP	text_2: text = 159
272.89500000000004	EXP	text_2: text = 179
272.914	EXP	text_2: text = 199
272.935	EXP	text_2: text = 219
272.95500000000004	EXP	text_2: text = 239
272.975	EXP	text_2: text = 259
272.995	EXP	text_2: text = 279
273.014	EXP	text_2: text = 299
273.035	EXP	text_2: text = 319
273.05400000000003	EXP	text_2: text = 338
273.075	EXP	text_2: text = 359
273.079	DATA	Keydown:  
273.09700000000004	EXP	text_2: text = 378
273.09700000000004	EXP	text_2: autoDraw = false
273.09700000000004	EXP	Feedback: text = 358
273.09700000000004	EXP	Feedback: autoDraw = true
274.09200000000004	EXP	Feedback: autoDraw = false
274.09200000000004	EXP	Feedback: autoDraw = false
274.09200000000004	EXP	text_3: autoDraw = true
274.736	DATA	Keydown:  
276.307	DATA	Keydown:  
276.59200000000004	EXP	text_3: autoDraw = false
276.59200000000004	EXP	text_3: autoDraw = false
276.59200000000004	EXP	text_2: autoDraw = true
276.59200000000004	EXP	text_2: text = 0
276.60900000000004	EXP	text_2: text = 18
276.62800000000004	EXP	text_2: text = 39
276.649	EXP	text_2: text = 58
276.677	EXP	text_2: text = 88
276.72700000000003	EXP	text_2: text = 137
276.748	EXP	text_2: text = 158
276.766	EXP	text_2: text = 178
276.786	EXP	text_2: text = 198
276.80600000000004	EXP	text_2: text = 218
276.826	EXP	text_2: text = 237
276.848	EXP	text_2: text = 258
276.868	EXP	text_2: text = 278
276.88800000000003	EXP	text_2: text = 298
276.908	EXP	text_2: text = 318
276.928	EXP	text_2: text = 338
276.949	EXP	text_2: text = 358
276.968	EXP	text_2: text = 378
276.988	EXP	text_2: text = 398
277.00800000000004	EXP	text_2: text = 417
277.028	EXP	text_2: text = 438
277.048	EXP	text_2: text = 458
277.06800000000004	EXP	text_2: text = 478
277.088	EXP	text_2: text = 498
277.108	EXP	text_2: text = 518
277.111	DATA	Keydown:  
277.13	EXP	text_2: text = 538
277.13	EXP	text_2: autoDraw = false
277.13	EXP	Feedback: text = 520
277.13	EXP	Feedback: autoDraw = true
278.125	EXP	Feedback: autoDraw = false
278.125	EXP	Feedback: autoDraw = false
278.125	EXP	text_3: autoDraw = true
282.182	EXP	text_3: autoDraw = false
282.182	EXP	text_3: autoDraw = false
282.182	EXP	text_2: autoDraw = true
282.182	EXP	text_2: text = 1
282.2	EXP	text_2: text = 20
282.22	EXP	text_2: text = 41
282.24	EXP	text_2: text = 60
282.259	EXP	text_2: text = 81
282.279	EXP	text_2: text = 100
282.29900000000004	EXP	text_2: text = 121
282.321	EXP	text_2: text = 141
282.337	EXP	text_2: text = 160
282.36	EXP	text_2: text = 181
282.38	EXP	text_2: text = 201
282.40200000000004	EXP	text_2: text = 220
282.422	EXP	text_2: text = 240
282.439	EXP	text_2: text = 260
282.459	EXP	text_2: text = 280
282.47900000000004	EXP	text_2: text = 301
282.499	EXP	text_2: text = 320
282.51800000000003	EXP	text_2: text = 340
282.523	DATA	Keydown:  
282.541	EXP	text_2: text = 360
282.541	EXP	text_2: autoDraw = false
282.541	EXP	Feedback: text = 341
282.541	EXP	Feedback: autoDraw = true
283.53700000000003	EXP	Feedback: autoDraw = false
283.53700000000003	EXP	Feedback: autoDraw = false
283.53700000000003	EXP	text_3: autoDraw = true
285.40200000000004	DATA	Keydown:  
286.832	DATA	Keydown:  
287.714	DATA	Keydown:  
290.569	DATA	Keydown:  
290.588	EXP	text_3: autoDraw = false
290.588	EXP	text_3: autoDraw = false
290.588	EXP	text_2: autoDraw = true
290.588	EXP	text_2: text = 0
290.605	EXP	text_2: text = 20
290.62600000000003	EXP	text_2: text = 39
290.64500000000004	EXP	text_2: text = 60
290.665	EXP	text_2: text = 79
290.687	EXP	text_2: text = 99
290.706	EXP	text_2: text = 119
290.726	EXP	text_2: text = 139
290.745	EXP	text_2: text = 159
290.766	EXP	text_2: text = 179
290.784	EXP	text_2: text = 199
290.80400000000003	EXP	text_2: text = 219
290.825	EXP	text_2: text = 239
290.844	EXP	text_2: text = 258
290.86400000000003	EXP	text_2: text = 279
290.884	EXP	text_2: text = 299
290.90500000000003	EXP	text_2: text = 319
290.92400000000004	EXP	text_2: text = 338
290.944	EXP	text_2: text = 359
290.966	EXP	text_2: text = 378
290.985	EXP	text_2: text = 399
291.004	EXP	text_2: text = 419
291.02500000000003	EXP	text_2: text = 438
291.04400000000004	EXP	text_2: text = 459
291.064	EXP	text_2: text = 478
291.084	EXP	text_2: text = 498
291.10400000000004	EXP	text_2: text = 519
291.10900000000004	DATA	Keydown:  
291.129	EXP	text_2: text = 540
291.129	EXP	text_2: autoDraw = false
291.129	EXP	Feedback: text = 521
291.129	EXP	Feedback: autoDraw = true
292.12100000000004	EXP	Feedback: autoDraw = false
292.12100000000004	EXP	Feedback: autoDraw = false
292.12100000000004	EXP	text_3: autoDraw = true
294.685	DATA	Keydown:  
299.51	DATA	Keydown:  
300.87600000000003	DATA	Keydown:  
301.63	EXP	text_3: autoDraw = false
301.63	EXP	text_3: autoDraw = false
301.63	EXP	text_2: autoDraw = true
301.63	EXP	text_2: text = 0
301.647	EXP	text_2: text = 20
301.66700000000003	EXP	text_2: text = 40
301.687	EXP	text_2: text = 59
301.708	EXP	text_2: text = 80
301.726	EXP	text_2: text = 100
301.747	EXP	text_2: text = 120
301.76800000000003	EXP	text_2: text = 140
301.78700000000003	EXP	text_2: text = 160
301.807	EXP	text_2: text = 180
301.826	EXP	text_2: text = 199
301.855	EXP	text_2: text = 220
301.86400000000003	EXP	text_2: text = 239
301.884	EXP	text_2: text = 258
301.904	EXP	text_2: text = 279
301.926	EXP	text_2: text = 299
301.946	EXP	text_2: text = 319
301.966	EXP	text_2: text = 339
301.986	EXP	text_2: text = 359
302.005	EXP	text_2: text = 379
302.026	EXP	text_2: text = 399
302.046	EXP	text_2: text = 419
302.06600000000003	EXP	text_2: text = 439
302.071	DATA	Keydown:  
302.087	EXP	text_2: text = 459
302.087	EXP	text_2: autoDraw = false
302.087	EXP	Feedback: text = 441
302.087	EXP	Feedback: autoDraw = true
303.083	EXP	Feedback: autoDraw = false
303.083	EXP	Feedback: autoDraw = false
303.083	EXP	text_3: autoDraw = true
304.194	DATA	Keydown:  
305.622	EXP	text_3: autoDraw = false
305.622	EXP	text_3: autoDraw = false
305.622	EXP	text_2: autoDraw = true
305.622	EXP	text_2: text = 0
305.641	EXP	text_2: text = 20
305.66	EXP	text_2: text = 40
305.68	EXP	text_2: text = 59
305.7	EXP	text_2: text = 79
305.72	EXP	text_2: text = 100
305.73900000000003	EXP	text_2: text = 119
305.759	EXP	text_2: text = 139
305.78000000000003	EXP	text_2: text = 159
305.8	EXP	text_2: text = 179
305.819	EXP	text_2: text = 199
305.84000000000003	EXP	text_2: text = 219
305.86	EXP	text_2: text = 239
305.879	EXP	text_2: text = 258
305.899	EXP	text_2: text = 279
305.91900000000004	EXP	text_2: text = 298
305.939	EXP	text_2: text = 319
305.959	EXP	text_2: text = 338
305.97900000000004	EXP	text_2: text = 359
305.999	EXP	text_2: text = 378
306.019	EXP	text_2: text = 398
306.039	EXP	text_2: text = 419
306.059	EXP	text_2: text = 439
306.067	DATA	Keydown:  
306.081	EXP	text_2: text = 459
306.081	EXP	text_2: autoDraw = false
306.081	EXP	Feedback: text = 445
306.081	EXP	Feedback: autoDraw = true
307.077	EXP	Feedback: autoDraw = false
307.077	EXP	Feedback: autoDraw = false
307.077	EXP	text_3: autoDraw = true
310.832	DATA	Keydown:  
313.456	DATA	Keydown:  
314.289	EXP	text_3: autoDraw = false
314.289	EXP	text_3: autoDraw = false
314.289	EXP	text_2: autoDraw = true
314.289	EXP	text_2: text = 0
314.305	EXP	text_2: text = 20
314.326	EXP	text_2: text = 39
314.344	EXP	text_2: text = 60
314.365	EXP	text_2: text = 79
314.385	EXP	text_2: text = 99
314.40500000000003	EXP	text_2: text = 119
314.425	EXP	text_2: text = 139
314.445	EXP	text_2: text = 159
314.46500000000003	EXP	text_2: text = 179
314.485	EXP	text_2: text = 199
314.504	EXP	text_2: text = 219
314.524	EXP	text_2: text = 239
314.545	EXP	text_2: text = 259
314.565	EXP	text_2: text = 279
314.58500000000004	EXP	text_2: text = 299
314.60400000000004	EXP	text_2: text = 319
314.625	EXP	text_2: text = 338
314.64500000000004	EXP	text_2: text = 359
314.664	EXP	text_2: text = 379
314.685	EXP	text_2: text = 399
314.70500000000004	EXP	text_2: text = 419
314.71500000000003	DATA	Keydown:  
314.726	EXP	text_2: text = 439
314.726	EXP	text_2: autoDraw = false
314.726	EXP	Feedback: text = 427
314.726	EXP	Feedback: autoDraw = true
315.724	EXP	Feedback: autoDraw = false
315.724	EXP	Feedback: autoDraw = false
315.724	EXP	text_3: autoDraw = true
317.682	DATA	Keydown:  
317.77700000000004	EXP	text_3: autoDraw = false
317.77700000000004	EXP	text_3: autoDraw = false
317.77700000000004	EXP	text_2: autoDraw = true
317.77700000000004	EXP	text_2: text = 0
317.79900000000004	EXP	text_2: text = 21
317.821	EXP	text_2: text = 41
317.84000000000003	EXP	text_2: text = 61
317.86	EXP	text_2: text = 80
317.879	EXP	text_2: text = 101
317.899	EXP	text_2: text = 120
317.91900000000004	EXP	text_2: text = 141
317.939	EXP	text_2: text = 160
317.959	EXP	text_2: text = 180
317.97900000000004	EXP	text_2: text = 201
317.999	EXP	text_2: text = 220
318.019	EXP	text_2: text = 240
318.038	EXP	text_2: text = 260
318.059	EXP	text_2: text = 281
318.079	EXP	text_2: text = 301
318.099	EXP	text_2: text = 320
318.119	EXP	text_2: text = 340
318.139	EXP	text_2: text = 360
318.159	EXP	text_2: text = 380
318.17900000000003	EXP	text_2: text = 399
318.19800000000004	EXP	text_2: text = 420
318.218	EXP	text_2: text = 440
318.238	EXP	text_2: text = 460
318.259	EXP	text_2: text = 480
318.278	EXP	text_2: text = 500
318.29900000000004	EXP	text_2: text = 519
318.319	EXP	text_2: text = 540
318.329	DATA	Keydown:  
318.34000000000003	EXP	text_2: text = 560
318.34000000000003	EXP	text_2: autoDraw = false
318.34000000000003	EXP	Feedback: text = 552
318.34000000000003	EXP	Feedback: autoDraw = true
318.982	DATA	Keydown:  
319.362	EXP	Feedback: autoDraw = false
319.362	EXP	Feedback: autoDraw = false
319.362	EXP	End_text: autoDraw = true
320.185	DATA	Keydown:  
338.07800000000003	DATA	Keydown:  
338.81	DATA	Keydown:  
339.584	DATA	Keydown:  
