5.326954999996815	EXP	Created Window = Window( name=Window, fullscr=true, color=#000000, units=height, waitBlanking=true, autoLog=true, size=[1366,657] )
22.314509999996517	DATA	Keydown: Shift
22.361925000004703	DATA	Keydown: D
22.608050000009825	DATA	Keydown: V
24.261014999996405	DATA	Keydown: undefined
26.60994500000379	EXP	Created text = TextStim( name=text, win=Window( name=Window, fullscr=true, color=#000000, ~), autoDraw=null, autoLog=true, units=height, ori=null, opacity=1, pos=[0,0], size=undefined, text=INSTRUCTIONS [EN]


A counter will appear and star~, font=Arial, color=#FFFFFF, contrast=1, height=0.03, bold=null, italic=null, alignHoriz=left, alignVert=center, wrapWidth=1, flipHoriz=null, flipVert=null )
26.620805000013206	EXP	Created text_3 = TextStim( name=text_3, win=Window( name=Window, fullscr=true, color=#000000, ~), autoDraw=null, autoLog=true, units=height, ori=null, opacity=1, pos=[0,0], size=undefined, text=null, font=Arial, color=#FFFFFF, contrast=1, height=0.1, bold=null, italic=null, alignHoriz=left, alignVert=center, wrapWidth=1, flipHoriz=null, flipVert=null )
26.648480000003474	EXP	Created text_2 = TextStim( name=text_2, win=Window( name=Window, fullscr=true, color=#000000, ~), autoDraw=null, autoLog=true, units=height, ori=null, opacity=1, pos=[0,0], size=undefined, text=default text, font=Arial, color=#ff0000, contrast=1, height=0.15, bold=null, italic=null, alignHoriz=left, alignVert=center, wrapWidth=1, flipHoriz=null, flipVert=null )
26.657955000002403	EXP	Created Feedback = TextStim( name=Feedback, win=Window( name=Window, fullscr=true, color=#000000, ~), autoDraw=null, autoLog=true, units=height, ori=null, opacity=1, pos=[0,0], size=undefined, text=default text, font=Arial, color=#ff0000, contrast=1, height=0.15, bold=null, italic=null, alignHoriz=left, alignVert=center, wrapWidth=1, flipHoriz=null, flipVert=null )
26.663629999995464	EXP	Created End_text = TextStim( name=End_text, win=Window( name=Window, fullscr=true, color=#000000, ~), autoDraw=null, autoLog=true, units=height, ori=null, opacity=1, pos=[0,0], size=undefined, text=This study aimed to look at procedural learning, i~, font=Arial, color=#FFFFFF, contrast=1, height=0.025, bold=null, italic=null, alignHoriz=left, alignVert=center, wrapWidth=1, flipHoriz=null, flipVert=null )
26.993740000005346	EXP	text: units = "height"
26.993740000005346	EXP	text: ori = 0
26.993740000005346	EXP	text: opacity = 1
26.993740000005346	EXP	text: pos = [0,0]
26.993740000005346	EXP	text: size = undefined
26.993740000005346	EXP	text: text = "INSTRUCTIONS [EN]\n\n\nA counter will appear and start counting at random times, press SPACE as fast as possible when it appears.\n\n\nPress SPACE to start\n\n-------\n\nInstruções [PT]\n\n\nUm cronómetro vai aparecer e começar a contar aleatoriamente, pressione a tecla SPACE assim que ele aparecer.\n\n\nPressiona SPACE para começar."
26.993740000005346	EXP	text: font = "Arial"
26.993740000005346	EXP	text: color = {"_hex":"#FFFFFF","_rgb":[1,1,1]}
26.993740000005346	EXP	text: contrast = 1
26.993740000005346	EXP	text: height = 0.03
26.993740000005346	EXP	text: bold = false
26.993740000005346	EXP	text: italic = false
26.993740000005346	EXP	text: alignHoriz = "left"
26.993740000005346	EXP	text: alignVert = "center"
26.993740000005346	EXP	text: wrapWidth = 1
26.993740000005346	EXP	text: flipHoriz = false
26.993740000005346	EXP	text: flipVert = false
26.993740000005346	EXP	text_3: units = "height"
26.993740000005346	EXP	text_3: ori = 0
26.993740000005346	EXP	text_3: opacity = 1
26.993740000005346	EXP	text_3: pos = [0,0]
26.993740000005346	EXP	text_3: size = undefined
26.993740000005346	EXP	text_3: text = ""
26.993740000005346	EXP	text_3: font = "Arial"
26.993740000005346	EXP	text_3: color = {"_hex":"#FFFFFF","_rgb":[1,1,1]}
26.993740000005346	EXP	text_3: contrast = 1
26.993740000005346	EXP	text_3: height = 0.1
26.993740000005346	EXP	text_3: bold = false
26.993740000005346	EXP	text_3: italic = false
26.993740000005346	EXP	text_3: alignHoriz = "left"
26.993740000005346	EXP	text_3: alignVert = "center"
26.993740000005346	EXP	text_3: wrapWidth = 1
26.993740000005346	EXP	text_3: flipHoriz = false
26.993740000005346	EXP	text_3: flipVert = false
26.993740000005346	EXP	text_2: units = "height"
26.993740000005346	EXP	text_2: ori = 0
26.993740000005346	EXP	text_2: opacity = 1
26.993740000005346	EXP	text_2: pos = [0,0]
26.993740000005346	EXP	text_2: size = undefined
26.993740000005346	EXP	text_2: text = "default text"
26.993740000005346	EXP	text_2: font = "Arial"
26.993740000005346	EXP	text_2: color = {"_rgb":[1,0,0]}
26.993740000005346	EXP	text_2: contrast = 1
26.993740000005346	EXP	text_2: height = 0.15
26.993740000005346	EXP	text_2: bold = false
26.993740000005346	EXP	text_2: italic = false
26.993740000005346	EXP	text_2: alignHoriz = "left"
26.993740000005346	EXP	text_2: alignVert = "center"
26.993740000005346	EXP	text_2: wrapWidth = 1
26.993740000005346	EXP	text_2: flipHoriz = false
26.993740000005346	EXP	text_2: flipVert = false
26.993740000005346	EXP	Feedback: units = "height"
26.993740000005346	EXP	Feedback: ori = 0
26.993740000005346	EXP	Feedback: opacity = 1
26.993740000005346	EXP	Feedback: pos = [0,0]
26.993740000005346	EXP	Feedback: size = undefined
26.993740000005346	EXP	Feedback: text = "default text"
26.993740000005346	EXP	Feedback: font = "Arial"
26.993740000005346	EXP	Feedback: color = {"_rgb":[1,0,0]}
26.993740000005346	EXP	Feedback: contrast = 1
26.993740000005346	EXP	Feedback: height = 0.15
26.993740000005346	EXP	Feedback: bold = false
26.993740000005346	EXP	Feedback: italic = false
26.993740000005346	EXP	Feedback: alignHoriz = "left"
26.993740000005346	EXP	Feedback: alignVert = "center"
26.993740000005346	EXP	Feedback: wrapWidth = 1
26.993740000005346	EXP	Feedback: flipHoriz = false
26.993740000005346	EXP	Feedback: flipVert = false
26.993740000005346	EXP	End_text: units = "height"
26.993740000005346	EXP	End_text: ori = 0
26.993740000005346	EXP	End_text: opacity = 1
26.993740000005346	EXP	End_text: pos = [0,0]
26.993740000005346	EXP	End_text: size = undefined
26.993740000005346	EXP	End_text: text = "This study aimed to look at procedural learning, i.e. our ability to extract patterns from the input that we are constantly receiving. This skill is thought to be essential for language and literacy acquisition and has been suggested as a possible underlying difficult in children with Language Impairments and Dyslexia. This study aims to improve the measures of procedural learning (the smiley face task) so that we can measure procedural learning more reliably and, in the future, analyse the performance of individuals with learning impairments.\nThank you for participating!\n\n----\n\nEste estudo tem como objectivo analisar a nossa capacidade de extrair padrões da informação que estamos constantemente a receber. Pensa-se que esta competência é essencial para a aquisição da linguagem e literacia e foi sugerido que dificuldades neste tipo de competências poderá estar relacionado com perturbações da linguagem e Dislexia. Este estudo tem como objectivo melhorar a estabilidade das medidas usadas para medir este tipo de memória (a tarefa da cara sorridente) de forma a poder medir de forma mais precisa e, no futuro, analisar a performance de indivíduos com perturbações da aprendizagem. \nMuito obrigada por ter participado!"
26.993740000005346	EXP	End_text: font = "Arial"
26.993740000005346	EXP	End_text: color = {"_hex":"#FFFFFF","_rgb":[1,1,1]}
26.993740000005346	EXP	End_text: contrast = 1
26.993740000005346	EXP	End_text: height = 0.025
26.993740000005346	EXP	End_text: bold = false
26.993740000005346	EXP	End_text: italic = false
26.993740000005346	EXP	End_text: alignHoriz = "left"
26.993740000005346	EXP	End_text: alignVert = "center"
26.993740000005346	EXP	End_text: wrapWidth = 1
26.993740000005346	EXP	End_text: flipHoriz = false
26.993740000005346	EXP	End_text: flipVert = false
26.993740000005346	EXP	text: autoDraw = true
42.59281999999075	DATA	Keydown:  
42.670725000003586	EXP	text: autoDraw = false
42.670725000003586	EXP	text_3: autoDraw = true
47.51560499999323	EXP	text_3: autoDraw = false
47.51560499999323	EXP	text_3: autoDraw = false
47.51560499999323	EXP	text_2: autoDraw = true
47.51560499999323	EXP	text_2: text = 1
47.54743499998585	EXP	text_2: text = 116
47.58329999999842	EXP	text_2: text = 149
47.613489999988815	EXP	text_2: text = 182
47.6488599999866	EXP	text_2: text = 215
47.68184500001371	EXP	text_2: text = 248
47.71437000000151	EXP	text_2: text = 282
47.73309500000323	EXP	text_2: text = 301
47.75394500000402	EXP	text_2: text = 322
47.796945000009146	EXP	text_2: text = 361
47.815915000013774	EXP	text_2: text = 384
47.82745499999146	DATA	Keydown:  
47.84747999999672	EXP	text_2: text = 406
47.84747999999672	EXP	text_2: autoDraw = false
47.84747999999672	EXP	Feedback: text = 313
47.84747999999672	EXP	Feedback: autoDraw = true
48.838669999997364	EXP	Feedback: autoDraw = false
48.838669999997364	EXP	Feedback: autoDraw = false
48.838669999997364	EXP	text_3: autoDraw = true
57.98160500000813	EXP	text_3: autoDraw = false
57.98160500000813	EXP	text_3: autoDraw = false
57.98160500000813	EXP	text_2: autoDraw = true
57.98160500000813	EXP	text_2: text = 0
58.00790999998571	EXP	text_2: text = 32
58.02546999999322	EXP	text_2: text = 49
58.04453499999363	EXP	text_2: text = 67
58.07559500000207	EXP	text_2: text = 100
58.09468999999808	EXP	text_2: text = 117
58.12692499998957	EXP	text_2: text = 150
58.146435000002384	EXP	text_2: text = 168
58.17700500000501	EXP	text_2: text = 200
58.1974549999868	EXP	text_2: text = 219
58.22768499999074	EXP	text_2: text = 250
58.247984999994515	EXP	text_2: text = 269
58.268364999996265	EXP	text_2: text = 289
58.34001499999431	EXP	text_2: text = 309
58.35965500000748	EXP	text_2: text = 383
58.3802999999898	EXP	text_2: text = 400
58.39188499999	DATA	Keydown:  
58.40972999998485	EXP	text_2: text = 427
58.40972999998485	EXP	text_2: autoDraw = false
58.40972999998485	EXP	Feedback: text = 411
58.40972999998485	EXP	Feedback: autoDraw = true
59.3996899999911	EXP	Feedback: autoDraw = false
59.3996899999911	EXP	Feedback: autoDraw = false
59.3996899999911	EXP	text_3: autoDraw = true
63.46334499999648	EXP	text_3: autoDraw = false
63.46334499999648	EXP	text_3: autoDraw = false
63.46334499999648	EXP	text_2: autoDraw = true
63.46334499999648	EXP	text_2: text = 0
63.49392999999691	EXP	text_2: text = 33
63.524674999993294	EXP	text_2: text = 66
63.54210500000045	EXP	text_2: text = 84
63.560330000007525	EXP	text_2: text = 101
63.59202000001096	EXP	text_2: text = 133
63.61119999998482	EXP	text_2: text = 151
63.62975500000175	EXP	text_2: text = 171
63.66746999998577	EXP	text_2: text = 189
63.68504000001121	EXP	text_2: text = 227
63.7041850000096	EXP	text_2: text = 244
63.72301499999594	EXP	text_2: text = 262
63.74221999998554	EXP	text_2: text = 282
63.76053500000853	EXP	text_2: text = 301
63.78769500000635	EXP	text_2: text = 328
63.80663999999524	EXP	text_2: text = 347
63.82537000000593	EXP	text_2: text = 364
63.84636500000488	EXP	text_2: text = 385
63.867869999987306	EXP	text_2: text = 405
63.87877499999013	DATA	Keydown:  
63.89640500000678	EXP	text_2: text = 431
63.89640500000678	EXP	text_2: autoDraw = false
63.89640500000678	EXP	Feedback: text = 416
63.89640500000678	EXP	Feedback: autoDraw = true
64.89104499999667	EXP	Feedback: autoDraw = false
64.89104499999667	EXP	Feedback: autoDraw = false
64.89104499999667	EXP	text_3: autoDraw = true
71.13553500000853	EXP	text_3: autoDraw = false
71.13553500000853	EXP	text_3: autoDraw = false
71.13553500000853	EXP	text_2: autoDraw = true
71.13553500000853	EXP	text_2: text = 0
71.16208499998902	EXP	text_2: text = 32
71.1803399999917	EXP	text_2: text = 49
71.19828000001144	EXP	text_2: text = 68
71.216459999996	EXP	text_2: text = 85
71.25042500000563	EXP	text_2: text = 119
71.28224000000046	EXP	text_2: text = 149
71.3019149999891	EXP	text_2: text = 170
71.33175000001211	EXP	text_2: text = 200
71.3503250000067	EXP	text_2: text = 219
71.36981500001275	EXP	text_2: text = 239
71.4070500000089	EXP	text_2: text = 258
71.42603000000236	EXP	text_2: text = 291
71.44423500000266	EXP	text_2: text = 313
71.4664000000048	EXP	text_2: text = 331
71.47664999999688	DATA	Keydown:  
71.49366000000737	EXP	text_2: text = 356
71.49366000000737	EXP	text_2: autoDraw = false
71.49366000000737	EXP	Feedback: text = 342
71.49366000000737	EXP	Feedback: autoDraw = true
72.48639499998535	EXP	Feedback: autoDraw = false
72.48639499998535	EXP	Feedback: autoDraw = false
72.48639499998535	EXP	text_3: autoDraw = true
78.49795499999891	EXP	text_3: autoDraw = false
78.49795499999891	EXP	text_3: autoDraw = false
78.49795499999891	EXP	text_2: autoDraw = true
78.49795499999891	EXP	text_2: text = 0
78.52128499999526	EXP	text_2: text = 33
78.55079999999725	EXP	text_2: text = 66
78.56735999998637	EXP	text_2: text = 84
78.58525999999256	EXP	text_2: text = 100
78.60411499999464	EXP	text_2: text = 118
78.63479999999981	EXP	text_2: text = 149
78.65283000000636	EXP	text_2: text = 167
78.67154999999912	EXP	text_2: text = 185
78.69072000001324	EXP	text_2: text = 205
78.72891499998514	EXP	text_2: text = 237
78.7487250000122	EXP	text_2: text = 263
78.79018000001088	EXP	text_2: text = 303
78.81031500000972	EXP	text_2: text = 324
78.82945499999914	EXP	text_2: text = 342
78.83921999999438	DATA	Keydown:  
78.85566999998991	EXP	text_2: text = 365
78.85566999998991	EXP	text_2: autoDraw = false
78.85566999998991	EXP	Feedback: text = 342
78.85566999998991	EXP	Feedback: autoDraw = true
79.84976000001188	EXP	Feedback: autoDraw = false
79.84976000001188	EXP	Feedback: autoDraw = false
79.84976000001188	EXP	text_3: autoDraw = true
88.87804000001051	EXP	text_3: autoDraw = false
88.87804000001051	EXP	text_3: autoDraw = false
88.87804000001051	EXP	text_2: autoDraw = true
88.87804000001051	EXP	text_2: text = 0
88.89540000000852	EXP	text_2: text = 22
88.91429499999504	EXP	text_2: text = 39
88.93214499999885	EXP	text_2: text = 60
88.95160000000033	EXP	text_2: text = 78
88.96927000000142	EXP	text_2: text = 98
88.98735999999917	EXP	text_2: text = 114
89.00779500001227	EXP	text_2: text = 134
89.04733000000124	EXP	text_2: text = 152
89.06589999998687	EXP	text_2: text = 193
89.08551000000443	EXP	text_2: text = 211
89.10500000001048	EXP	text_2: text = 233
89.12453500000993	EXP	text_2: text = 249
89.18676000001142	EXP	text_2: text = 311
89.21105000001262	EXP	text_2: text = 336
89.23476500000106	EXP	text_2: text = 361
89.27940500000841	EXP	text_2: text = 403
89.2991800000018	EXP	text_2: text = 426
89.32169499999145	EXP	text_2: text = 447
89.33272999999463	DATA	Keydown:  
89.35725000000093	EXP	text_2: text = 472
89.35725000000093	EXP	text_2: autoDraw = false
89.35725000000093	EXP	Feedback: text = 455
89.35725000000093	EXP	Feedback: autoDraw = true
90.35317499999655	EXP	Feedback: autoDraw = false
90.35317499999655	EXP	Feedback: autoDraw = false
90.35317499999655	EXP	text_3: autoDraw = true
95.13662000000477	EXP	text_3: autoDraw = false
95.13662000000477	EXP	text_3: autoDraw = false
95.13662000000477	EXP	text_2: autoDraw = true
95.13662000000477	EXP	text_2: text = 0
95.16352500001085	EXP	text_2: text = 33
95.18273500000942	EXP	text_2: text = 50
95.19899500001338	EXP	text_2: text = 69
95.21709499999997	EXP	text_2: text = 85
95.23324000000139	EXP	text_2: text = 103
95.25271500000963	EXP	text_2: text = 120
95.28261500000372	EXP	text_2: text = 150
95.3025900000066	EXP	text_2: text = 169
95.33318499999586	EXP	text_2: text = 200
95.35253500001272	EXP	text_2: text = 219
95.37072000000626	EXP	text_2: text = 238
95.40865500000655	EXP	text_2: text = 257
95.42678000000888	EXP	text_2: text = 294
95.44653499999549	EXP	text_2: text = 313
95.46494499998516	EXP	text_2: text = 332
95.48452999998699	EXP	text_2: text = 351
95.50326500000665	EXP	text_2: text = 371
95.522570000001	EXP	text_2: text = 390
95.5435099999886	EXP	text_2: text = 409
95.55353000000468	DATA	Keydown:  
95.57154500001343	EXP	text_2: text = 432
95.57154500001343	EXP	text_2: autoDraw = false
95.57154500001343	EXP	Feedback: text = 417
95.57154500001343	EXP	Feedback: autoDraw = true
96.56432499998482	EXP	Feedback: autoDraw = false
96.56432499998482	EXP	Feedback: autoDraw = false
96.56432499998482	EXP	text_3: autoDraw = true
98.83932999998797	EXP	text_3: autoDraw = false
98.83932999998797	EXP	text_3: autoDraw = false
98.83932999998797	EXP	text_2: autoDraw = true
98.83932999998797	EXP	text_2: text = 0
98.85568000000785	EXP	text_2: text = 24
98.87317000000621	EXP	text_2: text = 41
98.89110499998787	EXP	text_2: text = 58
98.90866499999538	EXP	text_2: text = 79
98.92681000000448	EXP	text_2: text = 95
98.94409500001348	EXP	text_2: text = 113
98.96480499999598	EXP	text_2: text = 132
98.98457999998936	EXP	text_2: text = 153
99.00364499998977	EXP	text_2: text = 170
99.02203500000178	EXP	text_2: text = 188
99.041189999989	EXP	text_2: text = 208
99.05999999999767	EXP	text_2: text = 228
99.0800300000119	EXP	text_2: text = 247
99.0992799999949	EXP	text_2: text = 267
99.11897999999928	EXP	text_2: text = 286
99.13675499998499	EXP	text_2: text = 305
99.15632999999798	EXP	text_2: text = 323
99.17445500000031	EXP	text_2: text = 342
99.1938599999994	EXP	text_2: text = 360
99.2043699999922	DATA	Keydown:  
99.22207499999786	EXP	text_2: text = 384
99.22207499999786	EXP	text_2: autoDraw = false
99.22207499999786	EXP	Feedback: text = 366
99.22207499999786	EXP	Feedback: autoDraw = true
100.21258500000113	EXP	Feedback: autoDraw = false
100.21258500000113	EXP	Feedback: autoDraw = false
100.21258500000113	EXP	text_3: autoDraw = true
103.57756499998504	EXP	text_3: autoDraw = false
103.57756499998504	EXP	text_3: autoDraw = false
103.57756499998504	EXP	text_2: autoDraw = true
103.57756499998504	EXP	text_2: text = 0
103.6055200000119	EXP	text_2: text = 33
103.6243850000028	EXP	text_2: text = 50
103.65511500000139	EXP	text_2: text = 83
103.67383499999414	EXP	text_2: text = 101
103.69163499999559	EXP	text_2: text = 118
103.72502499999246	EXP	text_2: text = 149
103.74256000001333	EXP	text_2: text = 169
103.77851000000373	EXP	text_2: text = 202
103.82799499999965	EXP	text_2: text = 233
103.86006000000634	EXP	text_2: text = 283
103.87857500000973	EXP	text_2: text = 305
103.91712999998708	EXP	text_2: text = 323
103.93473999999696	EXP	text_2: text = 361
103.95540499998606	EXP	text_2: text = 380
103.96869000000879	DATA	Keydown:  
103.98597000000882	EXP	text_2: text = 406
103.98597000000882	EXP	text_2: autoDraw = false
103.98597000000882	EXP	Feedback: text = 392
103.98597000000882	EXP	Feedback: autoDraw = true
104.98167000000831	EXP	Feedback: autoDraw = false
104.98167000000831	EXP	Feedback: autoDraw = false
104.98167000000831	EXP	text_3: autoDraw = true
112.0169149999856	EXP	text_3: autoDraw = false
112.0169149999856	EXP	text_3: autoDraw = false
112.0169149999856	EXP	text_2: autoDraw = true
112.0169149999856	EXP	text_2: text = 0
112.04482999999891	EXP	text_2: text = 32
112.0631149999972	EXP	text_2: text = 49
112.07991500000935	EXP	text_2: text = 67
112.09846499998821	EXP	text_2: text = 84
112.11457999999402	EXP	text_2: text = 102
112.13478500000201	EXP	text_2: text = 119
112.16449500000454	EXP	text_2: text = 150
112.18398500001058	EXP	text_2: text = 169
112.21354999998584	EXP	text_2: text = 200
112.23310499999207	EXP	text_2: text = 218
112.2723999999871	EXP	text_2: text = 237
112.30893999998807	EXP	text_2: text = 276
112.32715999998618	EXP	text_2: text = 313
112.3380349999934	DATA	Keydown:  
112.3564250000054	EXP	text_2: text = 335
112.3564250000054	EXP	text_2: autoDraw = false
112.3564250000054	EXP	Feedback: text = 322
112.3564250000054	EXP	Feedback: autoDraw = true
113.35128000000259	EXP	Feedback: autoDraw = false
113.35128000000259	EXP	Feedback: autoDraw = false
113.35128000000259	EXP	text_3: autoDraw = true
119.32229499999085	EXP	text_3: autoDraw = false
119.32229499999085	EXP	text_3: autoDraw = false
119.32229499999085	EXP	text_2: autoDraw = true
119.32229499999085	EXP	text_2: text = 0
119.34927499998594	EXP	text_2: text = 33
119.3665050000127	EXP	text_2: text = 50
119.38486499999999	EXP	text_2: text = 67
119.40133500000229	EXP	text_2: text = 85
119.41962500000955	EXP	text_2: text = 102
119.43792500000563	EXP	text_2: text = 121
119.46914500001003	EXP	text_2: text = 151
119.48720999999205	EXP	text_2: text = 170
119.51871500001289	EXP	text_2: text = 200
119.53719999999157	EXP	text_2: text = 220
119.55608000000939	EXP	text_2: text = 236
119.59178499999689	EXP	text_2: text = 258
119.61160500001279	EXP	text_2: text = 292
119.62982000000193	EXP	text_2: text = 312
119.64984999998705	EXP	text_2: text = 331
119.66837500000838	EXP	text_2: text = 351
119.68919500001357	EXP	text_2: text = 369
119.7003449999902	DATA	Keydown:  
119.7180900000094	EXP	text_2: text = 394
119.7180900000094	EXP	text_2: autoDraw = false
119.7180900000094	EXP	Feedback: text = 378
119.7180900000094	EXP	Feedback: autoDraw = true
120.70729500000016	EXP	Feedback: autoDraw = false
120.70729500000016	EXP	Feedback: autoDraw = false
120.70729500000016	EXP	text_3: autoDraw = true
126.82886499998858	EXP	text_3: autoDraw = false
126.82886499998858	EXP	text_3: autoDraw = false
126.82886499998858	EXP	text_2: autoDraw = true
126.82886499998858	EXP	text_2: text = 0
126.85427999999956	EXP	text_2: text = 33
126.87142499999027	EXP	text_2: text = 50
126.88891000000876	EXP	text_2: text = 68
126.90656000000308	EXP	text_2: text = 85
126.9256549999991	EXP	text_2: text = 103
126.95635500000208	EXP	text_2: text = 134
126.97606499999529	EXP	text_2: text = 153
127.00619499999448	EXP	text_2: text = 184
127.02655499998946	EXP	text_2: text = 202
127.05673999999999	EXP	text_2: text = 234
127.07628000000841	EXP	text_2: text = 253
127.09461500000907	EXP	text_2: text = 272
127.1336350000056	EXP	text_2: text = 290
127.15220000001136	EXP	text_2: text = 329
127.1714900000079	EXP	text_2: text = 347
127.18348499998683	DATA	Keydown:  
127.23220500000753	EXP	text_2: text = 372
127.23220500000753	EXP	text_2: autoDraw = false
127.23220500000753	EXP	Feedback: text = 355
127.23220500000753	EXP	Feedback: autoDraw = true
128.19898499999545	EXP	Feedback: autoDraw = false
128.19898499999545	EXP	Feedback: autoDraw = false
128.19898499999545	EXP	text_3: autoDraw = true
130.72044500001357	EXP	text_3: autoDraw = false
130.72044500001357	EXP	text_3: autoDraw = false
130.72044500001357	EXP	text_2: autoDraw = true
130.72044500001357	EXP	text_2: text = 0
130.7487700000056	EXP	text_2: text = 33
130.77272000000812	EXP	text_2: text = 54
130.7989799999923	EXP	text_2: text = 83
130.81777500000317	EXP	text_2: text = 100
130.83510500000557	EXP	text_2: text = 119
130.8537500000093	EXP	text_2: text = 136
130.88348499999847	EXP	text_2: text = 167
130.90281500000856	EXP	text_2: text = 185
130.9337200000009	EXP	text_2: text = 217
130.95376000000397	EXP	text_2: text = 235
130.9719749999931	EXP	text_2: text = 255
131.0095100000035	EXP	text_2: text = 274
131.0270550000132	EXP	text_2: text = 310
131.04675000000861	EXP	text_2: text = 328
131.06411999999546	EXP	text_2: text = 346
131.08428999999887	EXP	text_2: text = 365
131.09622000000672	DATA	Keydown:  
131.11413500001072	EXP	text_2: text = 391
131.11413500001072	EXP	text_2: autoDraw = false
131.11413500001072	EXP	Feedback: text = 377
131.11413500001072	EXP	Feedback: autoDraw = true
132.1039799999853	EXP	Feedback: autoDraw = false
132.1039799999853	EXP	Feedback: autoDraw = false
132.1039799999853	EXP	text_3: autoDraw = true
137.69112000000314	EXP	text_3: autoDraw = false
137.69112000000314	EXP	text_3: autoDraw = false
137.69112000000314	EXP	text_2: autoDraw = true
137.69112000000314	EXP	text_2: text = 0
137.7183950000035	EXP	text_2: text = 33
137.73508499999298	EXP	text_2: text = 50
137.75317499999073	EXP	text_2: text = 67
137.7782249999873	EXP	text_2: text = 88
137.80228999999235	EXP	text_2: text = 116
137.8211500000034	EXP	text_2: text = 133
137.83898500000942	EXP	text_2: text = 152
137.87140000000363	EXP	text_2: text = 183
137.88987000001362	EXP	text_2: text = 203
137.90932000000612	EXP	text_2: text = 221
137.96718499998678	EXP	text_2: text = 251
137.98769000000902	EXP	text_2: text = 299
138.01722999999765	EXP	text_2: text = 320
138.03732500001206	EXP	text_2: text = 347
138.05416999998852	EXP	text_2: text = 367
138.07584499998484	EXP	text_2: text = 386
138.08712000001105	DATA	Keydown:  
138.10480000000098	EXP	text_2: text = 410
138.10480000000098	EXP	text_2: autoDraw = false
138.10480000000098	EXP	Feedback: text = 396
138.10480000000098	EXP	Feedback: autoDraw = true
139.0952099999995	EXP	Feedback: autoDraw = false
139.0952099999995	EXP	Feedback: autoDraw = false
139.0952099999995	EXP	text_3: autoDraw = true
146.8342399999965	EXP	text_3: autoDraw = false
146.8342399999965	EXP	text_3: autoDraw = false
146.8342399999965	EXP	text_2: autoDraw = true
146.8342399999965	EXP	text_2: text = 0
146.8614349999989	EXP	text_2: text = 33
146.87913499999559	EXP	text_2: text = 50
146.89588500000536	EXP	text_2: text = 67
146.91417000000365	EXP	text_2: text = 84
146.93153000000166	EXP	text_2: text = 103
146.96366999999736	EXP	text_2: text = 133
146.98164499999257	EXP	text_2: text = 151
147.00242999999318	EXP	text_2: text = 170
147.02997000000323	EXP	text_2: text = 200
147.04927499999758	EXP	text_2: text = 218
147.06770499999402	EXP	text_2: text = 237
147.10572500000126	EXP	text_2: text = 255
147.12403499998618	EXP	text_2: text = 293
147.1394250000012	DATA	Keydown:  
147.1585550000018	EXP	text_2: text = 320
147.1585550000018	EXP	text_2: autoDraw = false
147.1585550000018	EXP	Feedback: text = 306
147.1585550000018	EXP	Feedback: autoDraw = true
148.152150000009	EXP	Feedback: autoDraw = false
148.152150000009	EXP	Feedback: autoDraw = false
148.152150000009	EXP	text_3: autoDraw = true
152.56759500000044	EXP	text_3: autoDraw = false
152.56759500000044	EXP	text_3: autoDraw = false
152.56759500000044	EXP	text_2: autoDraw = true
152.56759500000044	EXP	text_2: text = 0
152.59416000000783	EXP	text_2: text = 33
152.61129999998957	EXP	text_2: text = 50
152.62926499999594	EXP	text_2: text = 67
152.6470449999906	EXP	text_2: text = 86
152.6654550000094	EXP	text_2: text = 103
152.68416999999317	EXP	text_2: text = 122
152.72479499998735	EXP	text_2: text = 152
152.74321499999496	EXP	text_2: text = 179
152.805709999986	EXP	text_2: text = 219
152.82681500000763	EXP	text_2: text = 264
152.8646899999876	EXP	text_2: text = 299
152.88407000000007	EXP	text_2: text = 322
152.90287499999977	EXP	text_2: text = 338
152.92155999998795	EXP	text_2: text = 359
152.9406799999997	EXP	text_2: text = 377
152.95936999999685	EXP	text_2: text = 397
152.9709300000104	DATA	Keydown:  
152.98847999999998	EXP	text_2: text = 419
152.98847999999998	EXP	text_2: autoDraw = false
152.98847999999998	EXP	Feedback: text = 404
152.98847999999998	EXP	Feedback: autoDraw = true
153.9882449999859	EXP	Feedback: autoDraw = false
153.9882449999859	EXP	Feedback: autoDraw = false
153.9882449999859	EXP	text_3: autoDraw = true
160.97450000001118	EXP	text_3: autoDraw = false
160.97450000001118	EXP	text_3: autoDraw = false
160.97450000001118	EXP	text_2: autoDraw = true
160.97450000001118	EXP	text_2: text = 0
161.0014599999995	EXP	text_2: text = 32
161.01866000000155	EXP	text_2: text = 49
161.03779000000213	EXP	text_2: text = 67
161.05408999999054	EXP	text_2: text = 85
161.07248999999138	EXP	text_2: text = 102
161.10214500001166	EXP	text_2: text = 133
161.12109000000055	EXP	text_2: text = 150
161.13898499999777	EXP	text_2: text = 168
161.1900500000047	EXP	text_2: text = 200
161.20780500001274	EXP	text_2: text = 238
161.24577000000863	EXP	text_2: text = 269
161.27213500000653	EXP	text_2: text = 300
161.28261500000372	DATA	Keydown:  
161.29876999999397	EXP	text_2: text = 323
161.29876999999397	EXP	text_2: autoDraw = false
161.29876999999397	EXP	Feedback: text = 309
161.29876999999397	EXP	Feedback: autoDraw = true
162.30561000001035	EXP	Feedback: autoDraw = false
162.30561000001035	EXP	Feedback: autoDraw = false
162.30561000001035	EXP	text_3: autoDraw = true
169.5145649999904	EXP	text_3: autoDraw = false
169.5145649999904	EXP	text_3: autoDraw = false
169.5145649999904	EXP	text_2: autoDraw = true
169.5145649999904	EXP	text_2: text = 0
169.54218499999843	EXP	text_2: text = 33
169.55966500000795	EXP	text_2: text = 49
169.57738500001142	EXP	text_2: text = 67
169.59406999999192	EXP	text_2: text = 84
169.61105499998666	EXP	text_2: text = 102
169.62914000000455	EXP	text_2: text = 118
169.64750500000082	EXP	text_2: text = 136
169.67776500000036	EXP	text_2: text = 166
169.71213500000886	EXP	text_2: text = 200
169.7308550000016	EXP	text_2: text = 219
169.75263999999152	EXP	text_2: text = 239
169.79317499999888	EXP	text_2: text = 281
169.81291999999667	EXP	text_2: text = 302
169.83290000000852	EXP	text_2: text = 320
169.84353000001283	DATA	Keydown:  
169.86079499998596	EXP	text_2: text = 343
169.86079499998596	EXP	text_2: autoDraw = false
169.86079499998596	EXP	Feedback: text = 330
169.86079499998596	EXP	Feedback: autoDraw = true
170.84888499998488	EXP	Feedback: autoDraw = false
170.84888499998488	EXP	Feedback: autoDraw = false
170.84888499998488	EXP	text_3: autoDraw = true
180.49542500000098	EXP	text_3: autoDraw = false
180.49542500000098	EXP	text_3: autoDraw = false
180.49542500000098	EXP	text_2: autoDraw = true
180.49542500000098	EXP	text_2: text = 0
180.52301000000443	EXP	text_2: text = 33
180.5394099999976	EXP	text_2: text = 49
180.5567849999934	EXP	text_2: text = 66
180.57354000001214	EXP	text_2: text = 83
180.5896800000046	EXP	text_2: text = 100
180.61065499999677	EXP	text_2: text = 117
180.62724000000162	EXP	text_2: text = 136
180.64579499998945	EXP	text_2: text = 152
180.6750100000063	EXP	text_2: text = 184
180.69334500000696	EXP	text_2: text = 201
180.71066499999142	EXP	text_2: text = 219
180.72875999999815	EXP	text_2: text = 236
180.76102000000537	EXP	text_2: text = 267
180.7816499999899	EXP	text_2: text = 289
180.80471500000567	DATA	Keydown:  
180.82540000000154	EXP	text_2: text = 327
180.82540000000154	EXP	text_2: autoDraw = false
180.82540000000154	EXP	Feedback: text = 310
180.82540000000154	EXP	Feedback: autoDraw = true
181.82335500000045	EXP	Feedback: autoDraw = false
181.82335500000045	EXP	Feedback: autoDraw = false
181.82335500000045	EXP	text_3: autoDraw = true
186.10300999999163	EXP	text_3: autoDraw = false
186.10300999999163	EXP	text_3: autoDraw = false
186.10300999999163	EXP	text_2: autoDraw = true
186.10300999999163	EXP	text_2: text = 0
186.11871000000974	EXP	text_2: text = 20
186.13535999998567	EXP	text_2: text = 36
186.15190999998595	EXP	text_2: text = 52
186.16897500000778	EXP	text_2: text = 70
186.18619999999646	EXP	text_2: text = 86
186.2043399999966	EXP	text_2: text = 105
186.22106499999063	EXP	text_2: text = 122
186.23824000000604	EXP	text_2: text = 138
186.2549149999977	EXP	text_2: text = 155
186.27188499999465	EXP	text_2: text = 172
186.28833000001032	EXP	text_2: text = 188
186.3063700000057	EXP	text_2: text = 205
186.32316999998875	EXP	text_2: text = 224
186.34099500000593	EXP	text_2: text = 241
186.35818499999004	EXP	text_2: text = 260
186.3756899999862	EXP	text_2: text = 276
186.3915599999891	EXP	text_2: text = 290
186.40896500000963	EXP	text_2: text = 309
186.4263600000122	EXP	text_2: text = 328
186.44407999998657	EXP	text_2: text = 345
186.51219499998842	EXP	text_2: text = 412
186.53839000000153	EXP	text_2: text = 435
186.55748499999754	EXP	text_2: text = 458
186.5786650000082	DATA	Keydown:  
186.59607999998843	EXP	text_2: text = 491
186.59607999998843	EXP	text_2: autoDraw = false
186.59607999998843	EXP	Feedback: text = 476
186.59607999998843	EXP	Feedback: autoDraw = true
187.58309999998892	EXP	Feedback: autoDraw = false
187.58309999998892	EXP	Feedback: autoDraw = false
187.58309999998892	EXP	text_3: autoDraw = true
195.28691500000423	EXP	text_3: autoDraw = false
195.28691500000423	EXP	text_3: autoDraw = false
195.28691500000423	EXP	text_2: autoDraw = true
195.28691500000423	EXP	text_2: text = 0
195.31515000000945	EXP	text_2: text = 33
195.33160999999382	EXP	text_2: text = 50
195.3487899999891	EXP	text_2: text = 66
195.36523500000476	EXP	text_2: text = 83
195.38388999999734	EXP	text_2: text = 100
195.40359500001068	EXP	text_2: text = 120
195.4340749999974	EXP	text_2: text = 150
195.45085500000278	EXP	text_2: text = 167
195.4691950000124	EXP	text_2: text = 185
195.4861399999936	EXP	text_2: text = 202
195.50377000001026	EXP	text_2: text = 221
195.5341250000056	EXP	text_2: text = 250
195.55175499999314	EXP	text_2: text = 267
195.56931500000064	EXP	text_2: text = 286
195.58718500001123	EXP	text_2: text = 303
195.6172249999945	EXP	text_2: text = 334
195.63536499999464	EXP	text_2: text = 351
195.65226000000257	EXP	text_2: text = 369
195.66263000000617	DATA	Keydown:  
195.67735499999253	EXP	text_2: text = 389
195.67735499999253	EXP	text_2: autoDraw = false
195.67735499999253	EXP	Feedback: text = 376
195.67735499999253	EXP	Feedback: autoDraw = true
196.66570499999216	EXP	Feedback: autoDraw = false
196.66570499999216	EXP	Feedback: autoDraw = false
196.66570499999216	EXP	text_3: autoDraw = true
204.93183499999577	EXP	text_3: autoDraw = false
204.93183499999577	EXP	text_3: autoDraw = false
204.93183499999577	EXP	text_2: autoDraw = true
204.93183499999577	EXP	text_2: text = 0
204.95967999999993	EXP	text_2: text = 32
204.97592999998596	EXP	text_2: text = 49
204.9923800000106	EXP	text_2: text = 65
205.00919499999145	EXP	text_2: text = 82
205.02582999999868	EXP	text_2: text = 99
205.04271999999764	EXP	text_2: text = 116
205.06154500000412	EXP	text_2: text = 132
205.07826000000932	EXP	text_2: text = 150
205.0961449999886	EXP	text_2: text = 167
205.1134149999998	EXP	text_2: text = 185
205.13206000000355	EXP	text_2: text = 202
205.16094500001054	EXP	text_2: text = 233
205.18005500000436	EXP	text_2: text = 250
205.1967200000072	EXP	text_2: text = 268
205.215830000001	EXP	text_2: text = 285
205.2332849999948	EXP	text_2: text = 305
205.26832500001183	EXP	text_2: text = 338
205.29041499999585	EXP	text_2: text = 361
205.32032500000787	EXP	text_2: text = 385
205.3293999999878	DATA	Keydown:  
205.37649500000407	EXP	text_2: text = 410
205.37649500000407	EXP	text_2: autoDraw = false
205.37649500000407	EXP	Feedback: text = 398
205.37649500000407	EXP	Feedback: autoDraw = true
206.34449499999755	EXP	Feedback: autoDraw = false
206.34449499999755	EXP	Feedback: autoDraw = false
206.34449499999755	EXP	text_3: autoDraw = true
208.817784999992	EXP	text_3: autoDraw = false
208.817784999992	EXP	text_3: autoDraw = false
208.817784999992	EXP	text_2: autoDraw = true
208.817784999992	EXP	text_2: text = 0
208.83383499999763	EXP	text_2: text = 21
208.85111499999766	EXP	text_2: text = 37
208.8671500000055	EXP	text_2: text = 54
208.88380000001052	EXP	text_2: text = 70
208.9004750000022	EXP	text_2: text = 87
208.91739499999676	EXP	text_2: text = 104
208.93557000000146	EXP	text_2: text = 121
208.95219499999075	EXP	text_2: text = 138
208.9695350000111	EXP	text_2: text = 155
208.98587500001304	EXP	text_2: text = 172
209.00192999999854	EXP	text_2: text = 189
209.01939500001026	EXP	text_2: text = 205
209.03534500001115	EXP	text_2: text = 222
209.05303000001004	EXP	text_2: text = 238
209.0691050000023	EXP	text_2: text = 256
209.08808499999577	EXP	text_2: text = 273
209.10418500000378	EXP	text_2: text = 291
209.12045499999658	EXP	text_2: text = 306
209.13622499999474	EXP	text_2: text = 323
209.1531749999849	EXP	text_2: text = 339
209.1700000000128	EXP	text_2: text = 357
209.18781000000308	EXP	text_2: text = 374
209.2044600000081	EXP	text_2: text = 391
209.22124499999336	EXP	text_2: text = 407
209.23426999998628	DATA	Keydown:  
209.2511999999988	EXP	text_2: text = 432
209.2511999999988	EXP	text_2: autoDraw = false
209.2511999999988	EXP	Feedback: text = 417
209.2511999999988	EXP	Feedback: autoDraw = true
210.23762500000885	EXP	Feedback: autoDraw = false
210.23762500000885	EXP	Feedback: autoDraw = false
210.23762500000885	EXP	text_3: autoDraw = true
213.7325950000086	EXP	text_3: autoDraw = false
213.7325950000086	EXP	text_3: autoDraw = false
213.7325950000086	EXP	text_2: autoDraw = true
213.7325950000086	EXP	text_2: text = 0
213.7482350000064	EXP	text_2: text = 21
213.76808999999776	EXP	text_2: text = 36
213.78683500000625	EXP	text_2: text = 60
213.80451499999617	EXP	text_2: text = 77
213.82073000000673	EXP	text_2: text = 94
213.87111499998719	EXP	text_2: text = 115
213.8993649999902	EXP	text_2: text = 171
213.95851500000572	EXP	text_2: text = 229
213.98342000000412	EXP	text_2: text = 255
214.00419000000693	EXP	text_2: text = 275
214.0388399999938	EXP	text_2: text = 311
214.06025000000955	EXP	text_2: text = 330
214.0714900000021	DATA	Keydown:  
214.13016500000958	EXP	text_2: text = 371
214.13016500000958	EXP	text_2: autoDraw = false
214.13016500000958	EXP	Feedback: text = 339
214.13016500000958	EXP	Feedback: autoDraw = true
215.09458999999333	EXP	Feedback: autoDraw = false
215.09458999999333	EXP	Feedback: autoDraw = false
215.09458999999333	EXP	text_3: autoDraw = true
220.44169999999576	EXP	text_3: autoDraw = false
220.44169999999576	EXP	text_3: autoDraw = false
220.44169999999576	EXP	text_2: autoDraw = true
220.44169999999576	EXP	text_2: text = 0
220.47005000000354	EXP	text_2: text = 33
220.48670499998843	EXP	text_2: text = 50
220.50348499999382	EXP	text_2: text = 66
220.52127500000643	EXP	text_2: text = 83
220.53735999998753	EXP	text_2: text = 100
220.55602499999804	EXP	text_2: text = 117
220.57369499999913	EXP	text_2: text = 135
220.59172500000568	EXP	text_2: text = 152
220.6101450000133	EXP	text_2: text = 171
220.6380899999931	EXP	text_2: text = 200
220.65578000000096	EXP	text_2: text = 217
220.67384999999194	EXP	text_2: text = 234
220.69007000001147	EXP	text_2: text = 252
220.70794500000193	EXP	text_2: text = 268
220.72557999999844	EXP	text_2: text = 286
220.75815499998862	EXP	text_2: text = 317
220.77882999999565	EXP	text_2: text = 340
220.81255000000237	EXP	text_2: text = 357
220.83004000000074	EXP	text_2: text = 392
220.8483000000124	EXP	text_2: text = 409
220.86463999998523	EXP	text_2: text = 425
220.88227500001085	EXP	text_2: text = 442
220.89853999999468	EXP	text_2: text = 459
220.9101049999881	DATA	Keydown:  
220.92576000001281	EXP	text_2: text = 481
220.92576000001281	EXP	text_2: autoDraw = false
220.92576000001281	EXP	Feedback: text = 469
220.92576000001281	EXP	Feedback: autoDraw = true
221.92369500000495	EXP	Feedback: autoDraw = false
221.92369500000495	EXP	Feedback: autoDraw = false
221.92369500000495	EXP	text_3: autoDraw = true
227.9901050000044	EXP	text_3: autoDraw = false
227.9901050000044	EXP	text_3: autoDraw = false
227.9901050000044	EXP	text_2: autoDraw = true
227.9901050000044	EXP	text_2: text = 0
228.00498500000685	EXP	text_2: text = 21
228.0212499999907	EXP	text_2: text = 36
228.0379649999959	EXP	text_2: text = 52
228.0547699999879	EXP	text_2: text = 69
228.0715649999911	EXP	text_2: text = 86
228.08838500001002	EXP	text_2: text = 102
228.1052900000068	EXP	text_2: text = 120
228.12208999998984	EXP	text_2: text = 136
228.14090500000748	EXP	text_2: text = 156
228.1582150000031	EXP	text_2: text = 172
228.17492499999935	EXP	text_2: text = 190
228.19273000000976	EXP	text_2: text = 206
228.21061499998905	EXP	text_2: text = 226
228.22893000001204	EXP	text_2: text = 243
228.2457599999907	EXP	text_2: text = 261
228.26373000000603	EXP	text_2: text = 279
228.2814199999848	EXP	text_2: text = 297
228.30085999998846	EXP	text_2: text = 314
228.3103800000099	DATA	Keydown:  
228.32645500000217	EXP	text_2: text = 336
228.32645500000217	EXP	text_2: autoDraw = false
228.32645500000217	EXP	Feedback: text = 321
228.32645500000217	EXP	Feedback: autoDraw = true
229.3183250000002	EXP	Feedback: autoDraw = false
229.3183250000002	EXP	Feedback: autoDraw = false
229.3183250000002	EXP	text_3: autoDraw = true
237.8919750000059	EXP	text_3: autoDraw = false
237.8919750000059	EXP	text_3: autoDraw = false
237.8919750000059	EXP	text_2: autoDraw = true
237.8919750000059	EXP	text_2: text = 0
237.9201549999998	EXP	text_2: text = 33
237.9369599999918	EXP	text_2: text = 50
237.9533550000051	EXP	text_2: text = 67
237.96986499999184	EXP	text_2: text = 83
237.9872800000012	EXP	text_2: text = 100
238.005685000011	EXP	text_2: text = 116
238.0223399999959	EXP	text_2: text = 134
238.04047999999602	EXP	text_2: text = 151
238.05741999999736	EXP	text_2: text = 169
238.07564500000444	EXP	text_2: text = 186
238.10561999998754	EXP	text_2: text = 217
238.12360500000068	EXP	text_2: text = 235
238.14010499999858	EXP	text_2: text = 252
238.17275999998674	EXP	text_2: text = 284
238.1900500000047	EXP	text_2: text = 302
238.20321999999578	DATA	Keydown:  
238.22748500001035	EXP	text_2: text = 334
238.22748500001035	EXP	text_2: autoDraw = false
238.22748500001035	EXP	Feedback: text = 312
238.22748500001035	EXP	Feedback: autoDraw = true
239.2272599999851	EXP	Feedback: autoDraw = false
239.2272599999851	EXP	Feedback: autoDraw = false
239.2272599999851	EXP	text_3: autoDraw = true
246.8041399999929	EXP	text_3: autoDraw = false
246.8041399999929	EXP	text_3: autoDraw = false
246.8041399999929	EXP	text_2: autoDraw = true
246.8041399999929	EXP	text_2: text = 0
246.82905000000028	EXP	text_2: text = 33
246.8451650000061	EXP	text_2: text = 50
246.86283500000718	EXP	text_2: text = 67
246.8789800000086	EXP	text_2: text = 83
246.89655000000494	EXP	text_2: text = 100
246.91423500000383	EXP	text_2: text = 117
246.9320000000007	EXP	text_2: text = 134
246.94963499999722	EXP	text_2: text = 153
246.96804000000702	EXP	text_2: text = 170
246.99755500000902	EXP	text_2: text = 201
247.0155350000132	EXP	text_2: text = 218
247.03242000000319	EXP	text_2: text = 235
247.05035499998485	EXP	text_2: text = 253
247.06732000000193	EXP	text_2: text = 270
247.09859499998856	EXP	text_2: text = 301
247.11540999999852	EXP	text_2: text = 319
247.13396999999532	EXP	text_2: text = 336
247.16471000001184	EXP	text_2: text = 368
247.18306499999017	EXP	text_2: text = 385
247.19970999998623	EXP	text_2: text = 403
247.21138500000234	DATA	Keydown:  
247.2262800000026	EXP	text_2: text = 424
247.2262800000026	EXP	text_2: autoDraw = false
247.2262800000026	EXP	Feedback: text = 412
247.2262800000026	EXP	Feedback: autoDraw = true
248.22933000000194	EXP	Feedback: autoDraw = false
248.22933000000194	EXP	Feedback: autoDraw = false
248.22933000000194	EXP	text_3: autoDraw = true
252.61787499999627	EXP	text_3: autoDraw = false
252.61787499999627	EXP	text_3: autoDraw = false
252.61787499999627	EXP	text_2: autoDraw = true
252.61787499999627	EXP	text_2: text = 0
252.6450199999963	EXP	text_2: text = 33
252.66118500000448	EXP	text_2: text = 50
252.6785099999979	EXP	text_2: text = 66
252.6954599999881	EXP	text_2: text = 84
252.71205500001088	EXP	text_2: text = 100
252.72956000000704	EXP	text_2: text = 117
252.74774500000058	EXP	text_2: text = 133
252.7692650000099	EXP	text_2: text = 152
252.7981800000125	EXP	text_2: text = 184
252.81447000001208	EXP	text_2: text = 201
252.83301500001107	EXP	text_2: text = 218
252.84968499999377	EXP	text_2: text = 236
252.8675349999976	EXP	text_2: text = 253
252.88435000000754	EXP	text_2: text = 271
252.9170950000116	EXP	text_2: text = 288
252.93398999999044	EXP	text_2: text = 320
252.96517999999924	EXP	text_2: text = 351
252.98249500000384	EXP	text_2: text = 369
253.00145000001066	EXP	text_2: text = 386
253.01872500000172	EXP	text_2: text = 405
253.03001499999664	DATA	Keydown:  
253.0545400000119	EXP	text_2: text = 434
253.0545400000119	EXP	text_2: autoDraw = false
253.0545400000119	EXP	Feedback: text = 413
253.0545400000119	EXP	Feedback: autoDraw = true
254.0512849999941	EXP	Feedback: autoDraw = false
254.0512849999941	EXP	Feedback: autoDraw = false
254.0512849999941	EXP	text_3: autoDraw = true
259.8921799999953	EXP	text_3: autoDraw = false
259.8921799999953	EXP	text_3: autoDraw = false
259.8921799999953	EXP	text_2: autoDraw = true
259.8921799999953	EXP	text_2: text = 0
259.91615500001353	EXP	text_2: text = 33
259.9324149999884	EXP	text_2: text = 49
259.9496649999928	EXP	text_2: text = 66
259.9663650000002	EXP	text_2: text = 83
259.9846799999941	EXP	text_2: text = 100
260.00126499999897	EXP	text_2: text = 117
260.01882999998634	EXP	text_2: text = 133
260.03608499999973	EXP	text_2: text = 151
260.0541000000085	EXP	text_2: text = 168
260.08412499999395	EXP	text_2: text = 200
260.10224000000744	EXP	text_2: text = 216
260.11901500000386	EXP	text_2: text = 234
260.13788500000373	EXP	text_2: text = 252
260.15479500000947	EXP	text_2: text = 270
260.1854450000101	EXP	text_2: text = 300
260.2024600000004	EXP	text_2: text = 318
260.220490000007	EXP	text_2: text = 334
260.23759500001324	EXP	text_2: text = 352
260.248894999997	DATA	Keydown:  
260.26276000001235	EXP	text_2: text = 374
260.26276000001235	EXP	text_2: autoDraw = false
260.26276000001235	EXP	Feedback: text = 358
260.26276000001235	EXP	Feedback: autoDraw = true
261.26649499998894	EXP	Feedback: autoDraw = false
261.26649499998894	EXP	Feedback: autoDraw = false
261.26649499998894	EXP	text_3: autoDraw = true
269.6676800000132	EXP	text_3: autoDraw = false
269.6676800000132	EXP	text_3: autoDraw = false
269.6676800000132	EXP	text_2: autoDraw = true
269.6676800000132	EXP	text_2: text = 0
269.69375999999465	EXP	text_2: text = 33
269.70988000000943	EXP	text_2: text = 49
269.727905000007	EXP	text_2: text = 66
269.74359999998705	EXP	text_2: text = 82
269.76532499998575	EXP	text_2: text = 100
269.7961200000136	EXP	text_2: text = 133
269.8147250000038	EXP	text_2: text = 152
269.8312300000107	EXP	text_2: text = 168
269.8493749999907	EXP	text_2: text = 186
269.87944499999867	EXP	text_2: text = 217
269.8975999999966	EXP	text_2: text = 234
269.914850000001	EXP	text_2: text = 252
269.93288499998744	EXP	text_2: text = 269
269.9499150000047	EXP	text_2: text = 287
269.9960999999894	EXP	text_2: text = 304
270.01386499998625	EXP	text_2: text = 352
270.03210499999113	EXP	text_2: text = 368
270.04993999999715	EXP	text_2: text = 387
270.0681700000132	EXP	text_2: text = 404
270.08050000001094	DATA	Keydown:  
270.09524500000407	EXP	text_2: text = 427
270.09524500000407	EXP	text_2: autoDraw = false
270.09524500000407	EXP	Feedback: text = 413
270.09524500000407	EXP	Feedback: autoDraw = true
271.08394000001135	EXP	Feedback: autoDraw = false
271.08394000001135	EXP	Feedback: autoDraw = false
271.08394000001135	EXP	text_3: autoDraw = true
277.0022750000062	EXP	text_3: autoDraw = false
277.0022750000062	EXP	text_3: autoDraw = false
277.0022750000062	EXP	text_2: autoDraw = true
277.0022750000062	EXP	text_2: text = 0
277.0315300000075	EXP	text_2: text = 33
277.0493349999888	EXP	text_2: text = 50
277.0658199999889	EXP	text_2: text = 67
277.0836249999993	EXP	text_2: text = 84
277.0999399999855	EXP	text_2: text = 101
277.118530000007	EXP	text_2: text = 118
277.13555000000633	EXP	text_2: text = 137
277.1539749999938	EXP	text_2: text = 153
277.1827950000006	EXP	text_2: text = 184
277.20110499998555	EXP	text_2: text = 201
277.2182599999942	EXP	text_2: text = 219
277.2366800000018	EXP	text_2: text = 236
277.2541949999868	EXP	text_2: text = 253
277.28927999999723	EXP	text_2: text = 272
277.31795999998576	EXP	text_2: text = 318
277.33603000000585	EXP	text_2: text = 337
277.3660849999869	EXP	text_2: text = 355
277.374444999994	DATA	Keydown:  
277.391174999997	EXP	text_2: text = 386
277.391174999997	EXP	text_2: autoDraw = false
277.391174999997	EXP	Feedback: text = 373
277.391174999997	EXP	Feedback: autoDraw = true
278.38751500000944	EXP	Feedback: autoDraw = false
278.38751500000944	EXP	Feedback: autoDraw = false
278.38751500000944	EXP	text_3: autoDraw = true
287.66680000000633	EXP	text_3: autoDraw = false
287.66680000000633	EXP	text_3: autoDraw = false
287.66680000000633	EXP	text_2: autoDraw = true
287.66680000000633	EXP	text_2: text = 0
287.6947499999951	EXP	text_2: text = 33
287.7116999999853	EXP	text_2: text = 49
287.72821999998996	EXP	text_2: text = 66
287.7451599999913	EXP	text_2: text = 82
287.76223500000197	EXP	text_2: text = 99
287.78124499999103	EXP	text_2: text = 119
287.79779000001145	EXP	text_2: text = 134
287.8156299999973	EXP	text_2: text = 151
287.83286500000395	EXP	text_2: text = 169
287.850615000003	EXP	text_2: text = 186
287.88021500001196	EXP	text_2: text = 216
287.8983399999852	EXP	text_2: text = 234
287.9147499999963	EXP	text_2: text = 251
287.93301999999676	EXP	text_2: text = 269
287.9498050000111	EXP	text_2: text = 286
287.9675949999946	EXP	text_2: text = 303
287.9780800000008	DATA	Keydown:  
287.99397000001045	EXP	text_2: text = 325
287.99397000001045	EXP	text_2: autoDraw = false
287.99397000001045	EXP	Feedback: text = 312
287.99397000001045	EXP	Feedback: autoDraw = true
288.9950799999933	EXP	Feedback: autoDraw = false
288.9950799999933	EXP	Feedback: autoDraw = false
288.9950799999933	EXP	text_3: autoDraw = true
296.9179399999848	EXP	text_3: autoDraw = false
296.9179399999848	EXP	text_3: autoDraw = false
296.9179399999848	EXP	text_2: autoDraw = true
296.9179399999848	EXP	text_2: text = 0
296.9343200000003	EXP	text_2: text = 21
296.9508050000004	EXP	text_2: text = 37
296.9675050000078	EXP	text_2: text = 54
296.98417000001064	EXP	text_2: text = 71
297.00094500000705	EXP	text_2: text = 87
297.0178399999859	EXP	text_2: text = 104
297.0355949999939	EXP	text_2: text = 121
297.05183000001125	EXP	text_2: text = 139
297.06965499999933	EXP	text_2: text = 155
297.0859449999989	EXP	text_2: text = 173
297.10346499999287	EXP	text_2: text = 190
297.1195650000009	EXP	text_2: text = 206
297.13724000001093	EXP	text_2: text = 223
297.15393500000937	EXP	text_2: text = 240
297.17259000000195	EXP	text_2: text = 257
297.1892550000048	EXP	text_2: text = 276
297.2075199999963	EXP	text_2: text = 295
297.22406000000774	EXP	text_2: text = 310
297.2410000000091	EXP	text_2: text = 327
297.3010699999868	DATA	Keydown:  
297.32646000001114	EXP	text_2: text = 404
297.32646000001114	EXP	text_2: autoDraw = false
297.32646000001114	EXP	Feedback: text = 384
297.32646000001114	EXP	Feedback: autoDraw = true
298.31613500000094	EXP	Feedback: autoDraw = false
298.31613500000094	EXP	Feedback: autoDraw = false
298.31613500000094	EXP	text_3: autoDraw = true
301.25569499999983	EXP	text_3: autoDraw = false
301.25569499999983	EXP	text_3: autoDraw = false
301.25569499999983	EXP	text_2: autoDraw = true
301.25569499999983	EXP	text_2: text = 0
301.2834800000128	EXP	text_2: text = 33
301.3003800000006	EXP	text_2: text = 49
301.3167750000139	EXP	text_2: text = 66
301.3332100000116	EXP	text_2: text = 83
301.3505749999895	EXP	text_2: text = 99
301.36725000001024	EXP	text_2: text = 116
301.3870900000038	EXP	text_2: text = 133
301.4032850000076	EXP	text_2: text = 151
301.4214900000079	EXP	text_2: text = 168
301.4386400000076	EXP	text_2: text = 186
301.4698250000074	EXP	text_2: text = 216
301.48691499998677	EXP	text_2: text = 234
301.5075549999892	EXP	text_2: text = 252
301.53619000001345	EXP	text_2: text = 283
301.55491499998607	EXP	text_2: text = 300
301.57144999998854	EXP	text_2: text = 319
301.5898499999894	EXP	text_2: text = 336
301.6064750000078	EXP	text_2: text = 353
301.6454300000041	EXP	text_2: text = 371
301.654669999989	DATA	Keydown:  
301.67105000000447	EXP	text_2: text = 412
301.67105000000447	EXP	text_2: autoDraw = false
301.67105000000447	EXP	Feedback: text = 399
301.67105000000447	EXP	Feedback: autoDraw = true
302.6676999999909	EXP	Feedback: autoDraw = false
302.6676999999909	EXP	Feedback: autoDraw = false
302.6676999999909	EXP	text_3: autoDraw = true
305.62904999998864	EXP	text_3: autoDraw = false
305.62904999998864	EXP	text_3: autoDraw = false
305.62904999998864	EXP	text_2: autoDraw = true
305.62904999998864	EXP	text_2: text = 0
305.64415000000736	EXP	text_2: text = 22
305.6610299999884	EXP	text_2: text = 38
305.67671999998856	EXP	text_2: text = 55
305.69406999999774	EXP	text_2: text = 72
305.7095749999862	EXP	text_2: text = 87
305.7268299999996	EXP	text_2: text = 103
305.7435000000114	EXP	text_2: text = 121
305.763815000013	EXP	text_2: text = 137
305.7865699999966	EXP	text_2: text = 165
305.80505500000436	EXP	text_2: text = 182
305.82211000000825	EXP	text_2: text = 198
305.8402350000106	EXP	text_2: text = 216
305.8567650000041	EXP	text_2: text = 231
305.87568500000634	EXP	text_2: text = 251
305.89405999999144	EXP	text_2: text = 270
305.9127150000131	EXP	text_2: text = 288
305.93116000000737	EXP	text_2: text = 307
305.9517000000051	EXP	text_2: text = 326
305.9707599999965	EXP	text_2: text = 347
305.98058500001207	DATA	Keydown:  
305.9984800000093	EXP	text_2: text = 368
305.9984800000093	EXP	text_2: autoDraw = false
305.9984800000093	EXP	Feedback: text = 352
305.9984800000093	EXP	Feedback: autoDraw = true
306.9863699999987	EXP	Feedback: autoDraw = false
306.9863699999987	EXP	Feedback: autoDraw = false
306.9863699999987	EXP	text_3: autoDraw = true
312.5719000000099	EXP	text_3: autoDraw = false
312.5719000000099	EXP	text_3: autoDraw = false
312.5719000000099	EXP	text_2: autoDraw = true
312.5719000000099	EXP	text_2: text = 0
312.5996349999914	EXP	text_2: text = 33
312.6161999999895	EXP	text_2: text = 49
312.63347000000067	EXP	text_2: text = 66
312.6514749999915	EXP	text_2: text = 82
312.66748999999254	EXP	text_2: text = 100
312.68586500000674	EXP	text_2: text = 116
312.7026199999964	EXP	text_2: text = 133
312.7199799999944	EXP	text_2: text = 150
312.7374150000105	EXP	text_2: text = 169
312.755834999989	EXP	text_2: text = 186
312.7793149999925	EXP	text_2: text = 210
312.812654999987	EXP	text_2: text = 235
312.82952999998815	EXP	text_2: text = 261
312.8621850000054	EXP	text_2: text = 287
312.8795150000078	EXP	text_2: text = 309
312.9076449999993	EXP	text_2: text = 327
312.92563000001246	EXP	text_2: text = 356
312.9356400000106	DATA	Keydown:  
312.9516200000071	EXP	text_2: text = 377
312.9516200000071	EXP	text_2: autoDraw = false
312.9516200000071	EXP	Feedback: text = 364
312.9516200000071	EXP	Feedback: autoDraw = true
313.9386700000032	EXP	Feedback: autoDraw = false
313.9386700000032	EXP	Feedback: autoDraw = false
313.9386700000032	EXP	text_3: autoDraw = true
322.48376999999164	EXP	text_3: autoDraw = false
322.48376999999164	EXP	text_3: autoDraw = false
322.48376999999164	EXP	text_2: autoDraw = true
322.48376999999164	EXP	text_2: text = 0
322.51053500000853	EXP	text_2: text = 33
322.52792500000214	EXP	text_2: text = 49
322.5442599999951	EXP	text_2: text = 66
322.57944000000134	EXP	text_2: text = 100
322.5965600000054	EXP	text_2: text = 117
322.61446499999147	EXP	text_2: text = 134
322.63201999999	EXP	text_2: text = 152
322.6497350000136	EXP	text_2: text = 169
322.68025500001386	EXP	text_2: text = 200
322.69812499999534	EXP	text_2: text = 218
322.71473499998683	EXP	text_2: text = 236
322.7330249999941	EXP	text_2: text = 252
322.76584999999614	EXP	text_2: text = 284
322.78611499999533	EXP	text_2: text = 305
322.8324300000095	EXP	text_2: text = 338
322.8515699999989	EXP	text_2: text = 370
322.8666599999997	DATA	Keydown:  
322.89314999998896	EXP	text_2: text = 403
322.89314999998896	EXP	text_2: autoDraw = false
322.89314999998896	EXP	Feedback: text = 384
322.89314999998896	EXP	Feedback: autoDraw = true
323.8842449999938	EXP	Feedback: autoDraw = false
323.8842449999938	EXP	Feedback: autoDraw = false
323.8842449999938	EXP	text_3: autoDraw = true
329.38730000000214	EXP	text_3: autoDraw = false
329.38730000000214	EXP	text_3: autoDraw = false
329.38730000000214	EXP	text_2: autoDraw = true
329.38730000000214	EXP	text_2: text = 0
329.41315499998746	EXP	text_2: text = 33
329.43169999998645	EXP	text_2: text = 49
329.4475749999983	EXP	text_2: text = 66
329.465830000001	EXP	text_2: text = 83
329.4817350000085	EXP	text_2: text = 100
329.500555000006	EXP	text_2: text = 116
329.51756499998737	EXP	text_2: text = 134
329.5353799999866	EXP	text_2: text = 152
329.5517450000043	EXP	text_2: text = 169
329.56967999998596	EXP	text_2: text = 186
329.59942499999306	EXP	text_2: text = 217
329.61855499999365	EXP	text_2: text = 234
329.63641999999527	EXP	text_2: text = 253
329.66716499999166	EXP	text_2: text = 283
329.68476000000373	EXP	text_2: text = 301
329.70530000000144	EXP	text_2: text = 318
329.7230799999961	EXP	text_2: text = 339
329.7616949999938	EXP	text_2: text = 356
329.77840000001015	DATA	Keydown:  
329.79401000001235	EXP	text_2: text = 405
329.79401000001235	EXP	text_2: autoDraw = false
329.79401000001235	EXP	Feedback: text = 392
329.79401000001235	EXP	Feedback: autoDraw = true
330.78778499999316	EXP	Feedback: autoDraw = false
330.78778499999316	EXP	Feedback: autoDraw = false
330.78778499999316	EXP	text_3: autoDraw = true
337.4266549999884	EXP	text_3: autoDraw = false
337.4266549999884	EXP	text_3: autoDraw = false
337.4266549999884	EXP	text_2: autoDraw = true
337.4266549999884	EXP	text_2: text = 0
337.4538950000133	EXP	text_2: text = 33
337.4699799999944	EXP	text_2: text = 49
337.48633499999414	EXP	text_2: text = 66
337.50334500000463	EXP	text_2: text = 83
337.52189999999246	EXP	text_2: text = 100
337.5391349999991	EXP	text_2: text = 116
337.55807999998797	EXP	text_2: text = 134
337.5750549999939	EXP	text_2: text = 153
337.5936400000064	EXP	text_2: text = 170
337.6222499999858	EXP	text_2: text = 200
337.6402449999878	EXP	text_2: text = 217
337.65757999999914	EXP	text_2: text = 235
337.6756349999923	EXP	text_2: text = 252
337.7057050000003	EXP	text_2: text = 283
337.7234649999882	EXP	text_2: text = 301
337.74028500000713	EXP	text_2: text = 318
337.75828999999794	EXP	text_2: text = 335
337.78218000000925	EXP	text_2: text = 358
337.8185550000053	EXP	text_2: text = 377
337.83805500000017	EXP	text_2: text = 413
337.8461649999954	DATA	Keydown:  
337.8622000000032	EXP	text_2: text = 434
337.8622000000032	EXP	text_2: autoDraw = false
337.8622000000032	EXP	Feedback: text = 420
337.8622000000032	EXP	Feedback: autoDraw = true
338.85947500000475	EXP	Feedback: autoDraw = false
338.85947500000475	EXP	Feedback: autoDraw = false
338.85947500000475	EXP	text_3: autoDraw = true
347.9390499999863	EXP	text_3: autoDraw = false
347.9390499999863	EXP	text_3: autoDraw = false
347.9390499999863	EXP	text_2: autoDraw = true
347.9390499999863	EXP	text_2: text = 0
347.9660300000105	EXP	text_2: text = 33
347.9896149999986	EXP	text_2: text = 49
348.0170050000015	EXP	text_2: text = 83
348.0338950000005	EXP	text_2: text = 100
348.0524699999951	EXP	text_2: text = 117
348.0690600000089	EXP	text_2: text = 134
348.0860099999991	EXP	text_2: text = 151
348.10579000000143	EXP	text_2: text = 171
348.13602499998524	EXP	text_2: text = 200
348.15340499999	EXP	text_2: text = 218
348.17110000000685	EXP	text_2: text = 234
348.18869000000996	EXP	text_2: text = 253
348.2064250000112	EXP	text_2: text = 270
348.2364449999877	EXP	text_2: text = 301
348.2543899999873	EXP	text_2: text = 318
348.27126999999746	EXP	text_2: text = 336
348.2892400000128	EXP	text_2: text = 353
348.30569999999716	EXP	text_2: text = 370
348.3211949999968	DATA	Keydown:  
348.35029000000213	EXP	text_2: text = 406
348.35029000000213	EXP	text_2: autoDraw = false
348.35029000000213	EXP	Feedback: text = 383
348.35029000000213	EXP	Feedback: autoDraw = true
349.39974500000244	EXP	Feedback: autoDraw = false
349.39974500000244	EXP	Feedback: autoDraw = false
349.39974500000244	EXP	End_text: autoDraw = true
