0.10399999999999965	EXP	Created Window = Window( name=Window, fullscr=true, color=#000000, units=height, waitBlanking=true, autoLog=true, size=[1920,978] )
13.880999999999998	DATA	Keydown: n
14.200000000000001	DATA	Keydown: t
15.164	DATA	Keydown: 2
15.53	DATA	Keydown: 3
15.783	DATA	Keydown: 1
15.950000000000001	DATA	Keydown: 2
16.217	DATA	Keydown: 3
18.567999999999998	EXP	Created text = TextStim( name=text, win=Window( name=Window, fullscr=true, color=#000000, ~), autoDraw=null, autoLog=true, units=height, ori=null, opacity=1, pos=[0,0], size=undefined, text=INSTRUCTIONS [EN]


A counter will appear and star~, font=Arial, color=#FFFFFF, contrast=1, height=0.03, bold=null, italic=null, alignHoriz=left, alignVert=center, wrapWidth=1, flipHoriz=null, flipVert=null )
18.57	EXP	Created text_3 = TextStim( name=text_3, win=Window( name=Window, fullscr=true, color=#000000, ~), autoDraw=null, autoLog=true, units=height, ori=null, opacity=1, pos=[0,0], size=undefined, text=null, font=Arial, color=#FFFFFF, contrast=1, height=0.1, bold=null, italic=null, alignHoriz=left, alignVert=center, wrapWidth=1, flipHoriz=null, flipVert=null )
18.573	EXP	Created text_2 = TextStim( name=text_2, win=Window( name=Window, fullscr=true, color=#000000, ~), autoDraw=null, autoLog=true, units=height, ori=null, opacity=1, pos=[0,0], size=undefined, text=default text, font=Arial, color=#ff0000, contrast=1, height=0.15, bold=null, italic=null, alignHoriz=left, alignVert=center, wrapWidth=1, flipHoriz=null, flipVert=null )
18.575000000000003	EXP	Created Feedback = TextStim( name=Feedback, win=Window( name=Window, fullscr=true, color=#000000, ~), autoDraw=null, autoLog=true, units=height, ori=null, opacity=1, pos=[0,0], size=undefined, text=default text, font=Arial, color=#ff0000, contrast=1, height=0.15, bold=null, italic=null, alignHoriz=left, alignVert=center, wrapWidth=1, flipHoriz=null, flipVert=null )
18.576999999999998	EXP	Created End_text = TextStim( name=End_text, win=Window( name=Window, fullscr=true, color=#000000, ~), autoDraw=null, autoLog=true, units=height, ori=null, opacity=1, pos=[0,0], size=undefined, text=This study aimed to look at procedural learning, i~, font=Arial, color=#FFFFFF, contrast=1, height=0.025, bold=null, italic=null, alignHoriz=left, alignVert=center, wrapWidth=1, flipHoriz=null, flipVert=null )
18.656999999999996	EXP	text: units = "height"
18.656999999999996	EXP	text: ori = 0
18.656999999999996	EXP	text: opacity = 1
18.656999999999996	EXP	text: pos = [0,0]
18.656999999999996	EXP	text: size = undefined
18.656999999999996	EXP	text: text = "INSTRUCTIONS [EN]\n\n\nA counter will appear and start counting at random times, press SPACE as fast as possible when it appears.\n\n\nPress SPACE to start\n\n-------\n\nInstruções [PT]\n\n\nUm cronómetro vai aparecer e começar a contar aleatoriamente, pressione a tecla SPACE assim que ele aparecer.\n\n\nPressiona SPACE para começar."
18.656999999999996	EXP	text: font = "Arial"
18.656999999999996	EXP	text: color = {"_hex":"#FFFFFF","_rgb":[1,1,1]}
18.656999999999996	EXP	text: contrast = 1
18.656999999999996	EXP	text: height = 0.03
18.656999999999996	EXP	text: bold = false
18.656999999999996	EXP	text: italic = false
18.656999999999996	EXP	text: alignHoriz = "left"
18.656999999999996	EXP	text: alignVert = "center"
18.656999999999996	EXP	text: wrapWidth = 1
18.656999999999996	EXP	text: flipHoriz = false
18.656999999999996	EXP	text: flipVert = false
18.656999999999996	EXP	text_3: units = "height"
18.656999999999996	EXP	text_3: ori = 0
18.656999999999996	EXP	text_3: opacity = 1
18.656999999999996	EXP	text_3: pos = [0,0]
18.656999999999996	EXP	text_3: size = undefined
18.656999999999996	EXP	text_3: text = ""
18.656999999999996	EXP	text_3: font = "Arial"
18.656999999999996	EXP	text_3: color = {"_hex":"#FFFFFF","_rgb":[1,1,1]}
18.656999999999996	EXP	text_3: contrast = 1
18.656999999999996	EXP	text_3: height = 0.1
18.656999999999996	EXP	text_3: bold = false
18.656999999999996	EXP	text_3: italic = false
18.656999999999996	EXP	text_3: alignHoriz = "left"
18.656999999999996	EXP	text_3: alignVert = "center"
18.656999999999996	EXP	text_3: wrapWidth = 1
18.656999999999996	EXP	text_3: flipHoriz = false
18.656999999999996	EXP	text_3: flipVert = false
18.656999999999996	EXP	text_2: units = "height"
18.656999999999996	EXP	text_2: ori = 0
18.656999999999996	EXP	text_2: opacity = 1
18.656999999999996	EXP	text_2: pos = [0,0]
18.656999999999996	EXP	text_2: size = undefined
18.656999999999996	EXP	text_2: text = "default text"
18.656999999999996	EXP	text_2: font = "Arial"
18.656999999999996	EXP	text_2: color = {"_rgb":[1,0,0]}
18.656999999999996	EXP	text_2: contrast = 1
18.656999999999996	EXP	text_2: height = 0.15
18.656999999999996	EXP	text_2: bold = false
18.656999999999996	EXP	text_2: italic = false
18.656999999999996	EXP	text_2: alignHoriz = "left"
18.656999999999996	EXP	text_2: alignVert = "center"
18.656999999999996	EXP	text_2: wrapWidth = 1
18.656999999999996	EXP	text_2: flipHoriz = false
18.656999999999996	EXP	text_2: flipVert = false
18.656999999999996	EXP	Feedback: units = "height"
18.656999999999996	EXP	Feedback: ori = 0
18.656999999999996	EXP	Feedback: opacity = 1
18.656999999999996	EXP	Feedback: pos = [0,0]
18.656999999999996	EXP	Feedback: size = undefined
18.656999999999996	EXP	Feedback: text = "default text"
18.656999999999996	EXP	Feedback: font = "Arial"
18.656999999999996	EXP	Feedback: color = {"_rgb":[1,0,0]}
18.656999999999996	EXP	Feedback: contrast = 1
18.656999999999996	EXP	Feedback: height = 0.15
18.656999999999996	EXP	Feedback: bold = false
18.656999999999996	EXP	Feedback: italic = false
18.656999999999996	EXP	Feedback: alignHoriz = "left"
18.656999999999996	EXP	Feedback: alignVert = "center"
18.656999999999996	EXP	Feedback: wrapWidth = 1
18.656999999999996	EXP	Feedback: flipHoriz = false
18.656999999999996	EXP	Feedback: flipVert = false
18.656999999999996	EXP	End_text: units = "height"
18.656999999999996	EXP	End_text: ori = 0
18.656999999999996	EXP	End_text: opacity = 1
18.656999999999996	EXP	End_text: pos = [0,0]
18.656999999999996	EXP	End_text: size = undefined
18.656999999999996	EXP	End_text: text = "This study aimed to look at procedural learning, i.e. our ability to extract patterns from the input that we are constantly receiving. This skill is thought to be essential for language and literacy acquisition and has been suggested as a possible underlying difficult in children with Language Impairments and Dyslexia. This study aims to improve the measures of procedural learning (the smiley face task) so that we can measure procedural learning more reliably and, in the future, analyse the performance of individuals with learning impairments.\nThank you for participating!\n\n----\n\nEste estudo tem como objectivo analisar a nossa capacidade de extrair padrões da informação que estamos constantemente a receber. Pensa-se que esta competência é essencial para a aquisição da linguagem e literacia e foi sugerido que dificuldades neste tipo de competências poderá estar relacionado com perturbações da linguagem e Dislexia. Este estudo tem como objectivo melhorar a estabilidade das medidas usadas para medir este tipo de memória (a tarefa da cara sorridente) de forma a poder medir de forma mais precisa e, no futuro, analisar a performance de indivíduos com perturbações da aprendizagem. \nMuito obrigada por ter participado!"
18.656999999999996	EXP	End_text: font = "Arial"
18.656999999999996	EXP	End_text: color = {"_hex":"#FFFFFF","_rgb":[1,1,1]}
18.656999999999996	EXP	End_text: contrast = 1
18.656999999999996	EXP	End_text: height = 0.025
18.656999999999996	EXP	End_text: bold = false
18.656999999999996	EXP	End_text: italic = false
18.656999999999996	EXP	End_text: alignHoriz = "left"
18.656999999999996	EXP	End_text: alignVert = "center"
18.656999999999996	EXP	End_text: wrapWidth = 1
18.656999999999996	EXP	End_text: flipHoriz = false
18.656999999999996	EXP	End_text: flipVert = false
18.656999999999996	EXP	text: autoDraw = true
27.909999999999997	DATA	Keydown:  
27.939999999999998	EXP	text: autoDraw = false
27.939999999999998	EXP	text_3: autoDraw = true
37.217999999999996	EXP	text_3: autoDraw = false
37.217999999999996	EXP	text_3: autoDraw = false
37.217999999999996	EXP	text_2: autoDraw = true
37.217999999999996	EXP	text_2: text = 1
37.227	EXP	text_2: text = 47
37.248999999999995	EXP	text_2: text = 66
37.269	EXP	text_2: text = 83
37.281	EXP	text_2: text = 99
37.302	EXP	text_2: text = 117
37.314	EXP	text_2: text = 133
37.333999999999996	EXP	text_2: text = 150
37.348	EXP	text_2: text = 166
37.367	EXP	text_2: text = 184
37.381	EXP	text_2: text = 200
37.400999999999996	EXP	text_2: text = 217
37.415	EXP	text_2: text = 233
37.434	EXP	text_2: text = 250
37.448	EXP	text_2: text = 267
37.466	EXP	text_2: text = 283
37.480999999999995	EXP	text_2: text = 300
37.5	EXP	text_2: text = 317
37.515	EXP	text_2: text = 333
37.519	DATA	Keydown:  
37.534	EXP	text_2: text = 350
37.534	EXP	text_2: autoDraw = false
37.534	EXP	Feedback: text = 301
37.534	EXP	Feedback: autoDraw = true
38.535	EXP	Feedback: autoDraw = false
38.535	EXP	Feedback: autoDraw = false
38.535	EXP	text_3: autoDraw = true
47.291	EXP	text_3: autoDraw = false
47.291	EXP	text_3: autoDraw = false
47.291	EXP	text_2: autoDraw = true
47.291	EXP	text_2: text = 0
47.305	EXP	text_2: text = 17
47.321999999999996	EXP	text_2: text = 34
47.342	EXP	text_2: text = 50
47.355999999999995	EXP	text_2: text = 67
47.372	EXP	text_2: text = 83
47.388999999999996	EXP	text_2: text = 100
47.411	EXP	text_2: text = 124
47.434999999999995	EXP	text_2: text = 150
47.455	EXP	text_2: text = 167
47.476	EXP	text_2: text = 183
47.489	EXP	text_2: text = 200
47.504999999999995	EXP	text_2: text = 217
47.522	EXP	text_2: text = 234
47.541999999999994	EXP	text_2: text = 250
47.555	EXP	text_2: text = 267
47.576	EXP	text_2: text = 284
47.589	EXP	text_2: text = 301
47.591	DATA	Keydown:  
47.61	EXP	text_2: text = 317
47.61	EXP	text_2: autoDraw = false
47.61	EXP	Feedback: text = 301
47.61	EXP	Feedback: autoDraw = true
48.607	EXP	Feedback: autoDraw = false
48.607	EXP	Feedback: autoDraw = false
48.607	EXP	text_3: autoDraw = true
53.678999999999995	EXP	text_3: autoDraw = false
53.678999999999995	EXP	text_3: autoDraw = false
53.678999999999995	EXP	text_2: autoDraw = true
53.678999999999995	EXP	text_2: text = 0
53.695	EXP	text_2: text = 15
53.71	EXP	text_2: text = 32
53.728	EXP	text_2: text = 49
53.744	EXP	text_2: text = 66
53.762	EXP	text_2: text = 83
53.777	EXP	text_2: text = 99
53.796	EXP	text_2: text = 116
53.811	EXP	text_2: text = 132
53.83	EXP	text_2: text = 150
53.844	EXP	text_2: text = 166
53.863	EXP	text_2: text = 183
53.876999999999995	EXP	text_2: text = 199
53.897999999999996	EXP	text_2: text = 216
53.91	EXP	text_2: text = 233
53.93	EXP	text_2: text = 249
53.943	EXP	text_2: text = 266
53.946	DATA	Keydown:  
53.964	EXP	text_2: text = 283
53.964	EXP	text_2: autoDraw = false
53.964	EXP	Feedback: text = 267
53.964	EXP	Feedback: autoDraw = true
54.961	EXP	Feedback: autoDraw = false
54.961	EXP	Feedback: autoDraw = false
54.961	EXP	text_3: autoDraw = true
64.652	EXP	text_3: autoDraw = false
64.652	EXP	text_3: autoDraw = false
64.652	EXP	text_2: autoDraw = true
64.652	EXP	text_2: text = 0
64.671	EXP	text_2: text = 16
64.685	EXP	text_2: text = 33
64.705	EXP	text_2: text = 50
64.718	EXP	text_2: text = 66
64.738	EXP	text_2: text = 84
64.75200000000001	EXP	text_2: text = 100
64.771	EXP	text_2: text = 117
64.78500000000001	EXP	text_2: text = 133
64.802	EXP	text_2: text = 149
64.81800000000001	EXP	text_2: text = 167
64.83800000000001	EXP	text_2: text = 183
64.852	EXP	text_2: text = 201
64.86800000000001	EXP	text_2: text = 216
64.885	EXP	text_2: text = 234
64.902	EXP	text_2: text = 250
64.918	EXP	text_2: text = 267
64.938	EXP	text_2: text = 283
64.952	EXP	text_2: text = 301
64.968	EXP	text_2: text = 317
64.985	EXP	text_2: text = 334
65.001	EXP	text_2: text = 350
65.018	EXP	text_2: text = 367
65.02300000000001	DATA	Keydown:  
65.039	EXP	text_2: text = 384
65.039	EXP	text_2: autoDraw = false
65.039	EXP	Feedback: text = 371
65.039	EXP	Feedback: autoDraw = true
66.036	EXP	Feedback: autoDraw = false
66.036	EXP	Feedback: autoDraw = false
66.036	EXP	text_3: autoDraw = true
72.679	DATA	Keydown:  
75.96300000000001	EXP	text_3: autoDraw = false
75.96300000000001	EXP	text_3: autoDraw = false
75.96300000000001	EXP	text_2: autoDraw = true
75.96300000000001	EXP	text_2: text = 0
75.977	EXP	text_2: text = 17
75.99600000000001	EXP	text_2: text = 34
76.01	EXP	text_2: text = 50
76.02900000000001	EXP	text_2: text = 68
76.043	EXP	text_2: text = 83
76.063	EXP	text_2: text = 100
76.077	EXP	text_2: text = 117
76.093	EXP	text_2: text = 134
76.11	EXP	text_2: text = 150
76.13000000000001	EXP	text_2: text = 167
76.144	EXP	text_2: text = 183
76.16300000000001	EXP	text_2: text = 200
76.177	EXP	text_2: text = 217
76.19600000000001	EXP	text_2: text = 233
76.21000000000001	EXP	text_2: text = 251
76.227	EXP	text_2: text = 267
76.244	EXP	text_2: text = 284
76.26	EXP	text_2: text = 301
76.277	EXP	text_2: text = 317
76.29700000000001	EXP	text_2: text = 334
76.31	EXP	text_2: text = 350
76.313	DATA	Keydown:  
76.328	EXP	text_2: text = 367
76.328	EXP	text_2: autoDraw = false
76.328	EXP	Feedback: text = 350
76.328	EXP	Feedback: autoDraw = true
77.328	EXP	Feedback: autoDraw = false
77.328	EXP	Feedback: autoDraw = false
77.328	EXP	text_3: autoDraw = true
81.66900000000001	EXP	text_3: autoDraw = false
81.66900000000001	EXP	text_3: autoDraw = false
81.66900000000001	EXP	text_2: autoDraw = true
81.66900000000001	EXP	text_2: text = 0
81.679	EXP	text_2: text = 16
81.7	EXP	text_2: text = 33
81.71300000000001	EXP	text_2: text = 49
81.73400000000001	EXP	text_2: text = 66
81.747	EXP	text_2: text = 83
81.768	EXP	text_2: text = 99
81.78	EXP	text_2: text = 116
81.798	EXP	text_2: text = 133
81.81400000000001	EXP	text_2: text = 150
81.834	EXP	text_2: text = 167
81.84700000000001	EXP	text_2: text = 183
81.86800000000001	EXP	text_2: text = 200
81.88000000000001	EXP	text_2: text = 216
81.897	EXP	text_2: text = 232
81.914	EXP	text_2: text = 249
81.93400000000001	EXP	text_2: text = 266
81.947	EXP	text_2: text = 283
81.967	EXP	text_2: text = 299
81.98100000000001	EXP	text_2: text = 316
82	EXP	text_2: text = 333
82.01400000000001	EXP	text_2: text = 349
82.034	EXP	text_2: text = 367
82.04700000000001	EXP	text_2: text = 383
82.054	DATA	Keydown:  
82.06800000000001	EXP	text_2: text = 399
82.06800000000001	EXP	text_2: autoDraw = false
82.06800000000001	EXP	Feedback: text = 385
82.06800000000001	EXP	Feedback: autoDraw = true
83.06800000000001	EXP	Feedback: autoDraw = false
83.06800000000001	EXP	Feedback: autoDraw = false
83.06800000000001	EXP	text_3: autoDraw = true
91.34100000000001	EXP	text_3: autoDraw = false
91.34100000000001	EXP	text_3: autoDraw = false
91.34100000000001	EXP	text_2: autoDraw = true
91.34100000000001	EXP	text_2: text = 0
91.354	EXP	text_2: text = 17
91.37400000000001	EXP	text_2: text = 33
91.387	EXP	text_2: text = 50
91.408	EXP	text_2: text = 67
91.421	EXP	text_2: text = 83
91.44200000000001	EXP	text_2: text = 100
91.45400000000001	EXP	text_2: text = 117
91.474	EXP	text_2: text = 134
91.488	EXP	text_2: text = 150
91.507	EXP	text_2: text = 167
91.521	EXP	text_2: text = 183
91.539	EXP	text_2: text = 200
91.554	EXP	text_2: text = 217
91.575	EXP	text_2: text = 233
91.58800000000001	EXP	text_2: text = 250
91.608	EXP	text_2: text = 266
91.62100000000001	EXP	text_2: text = 284
91.64	EXP	text_2: text = 300
91.65400000000001	EXP	text_2: text = 317
91.656	DATA	Keydown:  
91.673	EXP	text_2: text = 333
91.673	EXP	text_2: autoDraw = false
91.673	EXP	Feedback: text = 315
91.673	EXP	Feedback: autoDraw = true
92.67500000000001	EXP	Feedback: autoDraw = false
92.67500000000001	EXP	Feedback: autoDraw = false
92.67500000000001	EXP	text_3: autoDraw = true
97.30900000000001	EXP	text_3: autoDraw = false
97.30900000000001	EXP	text_3: autoDraw = false
97.30900000000001	EXP	text_2: autoDraw = true
97.30900000000001	EXP	text_2: text = 0
97.328	EXP	text_2: text = 17
97.342	EXP	text_2: text = 34
97.361	EXP	text_2: text = 50
97.375	EXP	text_2: text = 67
97.394	EXP	text_2: text = 84
97.408	EXP	text_2: text = 100
97.42800000000001	EXP	text_2: text = 117
97.44200000000001	EXP	text_2: text = 133
97.46000000000001	EXP	text_2: text = 150
97.476	EXP	text_2: text = 167
97.495	EXP	text_2: text = 183
97.509	EXP	text_2: text = 200
97.527	EXP	text_2: text = 217
97.542	EXP	text_2: text = 233
97.561	EXP	text_2: text = 250
97.57600000000001	EXP	text_2: text = 267
97.596	EXP	text_2: text = 284
97.608	EXP	text_2: text = 300
97.628	EXP	text_2: text = 317
97.63000000000001	DATA	Keydown:  
97.643	EXP	text_2: text = 333
97.643	EXP	text_2: autoDraw = false
97.643	EXP	Feedback: text = 321
97.643	EXP	Feedback: autoDraw = true
98.643	EXP	Feedback: autoDraw = false
98.643	EXP	Feedback: autoDraw = false
98.643	EXP	text_3: autoDraw = true
107.75	EXP	text_3: autoDraw = false
107.75	EXP	text_3: autoDraw = false
107.75	EXP	text_2: autoDraw = true
107.75	EXP	text_2: text = 0
107.769	EXP	text_2: text = 17
107.783	EXP	text_2: text = 33
107.802	EXP	text_2: text = 50
107.816	EXP	text_2: text = 67
107.83500000000001	EXP	text_2: text = 84
107.85000000000001	EXP	text_2: text = 100
107.87	EXP	text_2: text = 118
107.88300000000001	EXP	text_2: text = 133
107.902	EXP	text_2: text = 150
107.91600000000001	EXP	text_2: text = 167
107.93700000000001	EXP	text_2: text = 183
107.949	EXP	text_2: text = 200
107.96900000000001	EXP	text_2: text = 217
107.983	EXP	text_2: text = 233
108.00200000000001	EXP	text_2: text = 250
108.016	EXP	text_2: text = 267
108.036	EXP	text_2: text = 284
108.049	EXP	text_2: text = 300
108.055	DATA	Keydown:  
108.069	EXP	text_2: text = 317
108.069	EXP	text_2: autoDraw = false
108.069	EXP	Feedback: text = 305
108.069	EXP	Feedback: autoDraw = true
109.069	EXP	Feedback: autoDraw = false
109.069	EXP	Feedback: autoDraw = false
109.069	EXP	text_3: autoDraw = true
118.69200000000001	EXP	text_3: autoDraw = false
118.69200000000001	EXP	text_3: autoDraw = false
118.69200000000001	EXP	text_2: autoDraw = true
118.69200000000001	EXP	text_2: text = 0
118.708	EXP	text_2: text = 17
118.72500000000001	EXP	text_2: text = 34
118.741	EXP	text_2: text = 50
118.75800000000001	EXP	text_2: text = 67
118.774	EXP	text_2: text = 84
118.79100000000001	EXP	text_2: text = 100
118.807	EXP	text_2: text = 117
118.824	EXP	text_2: text = 134
118.84100000000001	EXP	text_2: text = 151
118.858	EXP	text_2: text = 167
118.87400000000001	EXP	text_2: text = 184
118.891	EXP	text_2: text = 201
118.91000000000001	EXP	text_2: text = 217
118.92500000000001	EXP	text_2: text = 234
118.941	EXP	text_2: text = 250
118.958	EXP	text_2: text = 267
118.97800000000001	EXP	text_2: text = 284
118.98	DATA	Keydown:  
118.99300000000001	EXP	text_2: text = 300
118.99300000000001	EXP	text_2: autoDraw = false
118.99300000000001	EXP	Feedback: text = 288
118.99300000000001	EXP	Feedback: autoDraw = true
119.99000000000001	EXP	Feedback: autoDraw = false
119.99000000000001	EXP	Feedback: autoDraw = false
119.99000000000001	EXP	text_3: autoDraw = true
124.44600000000001	EXP	text_3: autoDraw = false
124.44600000000001	EXP	text_3: autoDraw = false
124.44600000000001	EXP	text_2: autoDraw = true
124.44600000000001	EXP	text_2: text = 0
124.464	EXP	text_2: text = 16
124.479	EXP	text_2: text = 33
124.498	EXP	text_2: text = 50
124.512	EXP	text_2: text = 66
124.531	EXP	text_2: text = 83
124.54400000000001	EXP	text_2: text = 100
124.56500000000001	EXP	text_2: text = 116
124.57900000000001	EXP	text_2: text = 132
124.598	EXP	text_2: text = 149
124.61200000000001	EXP	text_2: text = 166
124.631	EXP	text_2: text = 183
124.64500000000001	EXP	text_2: text = 199
124.665	EXP	text_2: text = 217
124.679	EXP	text_2: text = 233
124.699	EXP	text_2: text = 250
124.712	EXP	text_2: text = 267
124.72800000000001	EXP	text_2: text = 283
124.73400000000001	DATA	Keydown:  
124.748	EXP	text_2: text = 300
124.748	EXP	text_2: autoDraw = false
124.748	EXP	Feedback: text = 288
124.748	EXP	Feedback: autoDraw = true
125.746	EXP	Feedback: autoDraw = false
125.746	EXP	Feedback: autoDraw = false
125.746	EXP	text_3: autoDraw = true
134.587	EXP	text_3: autoDraw = false
134.587	EXP	text_3: autoDraw = false
134.587	EXP	text_2: autoDraw = true
134.587	EXP	text_2: text = 0
134.602	EXP	text_2: text = 16
134.619	EXP	text_2: text = 33
134.635	EXP	text_2: text = 50
134.652	EXP	text_2: text = 66
134.673	EXP	text_2: text = 84
134.68599999999998	EXP	text_2: text = 100
134.70499999999998	EXP	text_2: text = 117
134.719	EXP	text_2: text = 134
134.739	EXP	text_2: text = 150
134.75199999999998	EXP	text_2: text = 167
134.76899999999998	EXP	text_2: text = 184
134.78699999999998	EXP	text_2: text = 200
134.80599999999998	EXP	text_2: text = 217
134.819	EXP	text_2: text = 234
134.839	EXP	text_2: text = 250
134.85299999999998	EXP	text_2: text = 267
134.869	EXP	text_2: text = 284
134.87099999999998	DATA	Keydown:  
134.887	EXP	text_2: text = 300
134.887	EXP	text_2: autoDraw = false
134.887	EXP	Feedback: text = 284
134.887	EXP	Feedback: autoDraw = true
135.887	EXP	Feedback: autoDraw = false
135.887	EXP	Feedback: autoDraw = false
135.887	EXP	text_3: autoDraw = true
138.742	EXP	text_3: autoDraw = false
138.742	EXP	text_3: autoDraw = false
138.742	EXP	text_2: autoDraw = true
138.742	EXP	text_2: text = 0
138.756	EXP	text_2: text = 16
138.77499999999998	EXP	text_2: text = 33
138.789	EXP	text_2: text = 50
138.80599999999998	EXP	text_2: text = 67
138.822	EXP	text_2: text = 84
138.843	EXP	text_2: text = 100
138.856	EXP	text_2: text = 117
138.876	EXP	text_2: text = 134
138.88899999999998	EXP	text_2: text = 150
138.909	EXP	text_2: text = 167
138.922	EXP	text_2: text = 184
138.935	EXP	text_2: text = 200
138.956	EXP	text_2: text = 217
138.97199999999998	EXP	text_2: text = 234
138.988	EXP	text_2: text = 250
139.009	EXP	text_2: text = 267
139.022	EXP	text_2: text = 284
139.042	EXP	text_2: text = 301
139.05599999999998	EXP	text_2: text = 317
139.076	EXP	text_2: text = 334
139.089	EXP	text_2: text = 351
139.106	EXP	text_2: text = 367
139.12199999999999	EXP	text_2: text = 384
139.142	EXP	text_2: text = 400
139.155	EXP	text_2: text = 417
139.15699999999998	DATA	Keydown:  
139.177	EXP	text_2: text = 433
139.177	EXP	text_2: autoDraw = false
139.177	EXP	Feedback: text = 415
139.177	EXP	Feedback: autoDraw = true
140.176	EXP	Feedback: autoDraw = false
140.176	EXP	Feedback: autoDraw = false
140.176	EXP	text_3: autoDraw = true
147.364	EXP	text_3: autoDraw = false
147.364	EXP	text_3: autoDraw = false
147.364	EXP	text_2: autoDraw = true
147.364	EXP	text_2: text = 0
147.381	EXP	text_2: text = 17
147.39499999999998	EXP	text_2: text = 34
147.415	EXP	text_2: text = 51
147.429	EXP	text_2: text = 66
147.44199999999998	EXP	text_2: text = 83
147.462	EXP	text_2: text = 100
147.482	EXP	text_2: text = 117
147.495	EXP	text_2: text = 134
147.515	EXP	text_2: text = 151
147.528	EXP	text_2: text = 166
147.54899999999998	EXP	text_2: text = 184
147.563	EXP	text_2: text = 201
147.582	EXP	text_2: text = 217
147.595	EXP	text_2: text = 234
147.61499999999998	EXP	text_2: text = 250
147.628	EXP	text_2: text = 267
147.64499999999998	EXP	text_2: text = 284
147.66199999999998	EXP	text_2: text = 301
147.664	DATA	Keydown:  
147.683	EXP	text_2: text = 317
147.683	EXP	text_2: autoDraw = false
147.683	EXP	Feedback: text = 300
147.683	EXP	Feedback: autoDraw = true
148.682	EXP	Feedback: autoDraw = false
148.682	EXP	Feedback: autoDraw = false
148.682	EXP	text_3: autoDraw = true
157.804	EXP	text_3: autoDraw = false
157.804	EXP	text_3: autoDraw = false
157.804	EXP	text_2: autoDraw = true
157.804	EXP	text_2: text = 0
157.819	EXP	text_2: text = 16
157.83599999999998	EXP	text_2: text = 32
157.85299999999998	EXP	text_2: text = 49
157.869	EXP	text_2: text = 66
157.886	EXP	text_2: text = 82
157.89999999999998	EXP	text_2: text = 99
157.92	EXP	text_2: text = 116
157.93699999999998	EXP	text_2: text = 133
157.952	EXP	text_2: text = 149
157.97	EXP	text_2: text = 166
157.986	EXP	text_2: text = 183
158.003	EXP	text_2: text = 200
158.01899999999998	EXP	text_2: text = 216
158.03799999999998	EXP	text_2: text = 232
158.053	EXP	text_2: text = 249
158.07	EXP	text_2: text = 266
158.08599999999998	EXP	text_2: text = 283
158.105	EXP	text_2: text = 300
158.10999999999999	DATA	Keydown:  
158.12	EXP	text_2: text = 316
158.12	EXP	text_2: autoDraw = false
158.12	EXP	Feedback: text = 306
158.12	EXP	Feedback: autoDraw = true
159.12	EXP	Feedback: autoDraw = false
159.12	EXP	Feedback: autoDraw = false
159.12	EXP	text_3: autoDraw = true
166.046	EXP	text_3: autoDraw = false
166.046	EXP	text_3: autoDraw = false
166.046	EXP	text_2: autoDraw = true
166.046	EXP	text_2: text = 0
166.058	EXP	text_2: text = 17
166.07899999999998	EXP	text_2: text = 34
166.09199999999998	EXP	text_2: text = 51
166.112	EXP	text_2: text = 67
166.125	EXP	text_2: text = 83
166.14499999999998	EXP	text_2: text = 101
166.159	EXP	text_2: text = 117
166.178	EXP	text_2: text = 134
166.19199999999998	EXP	text_2: text = 151
166.212	EXP	text_2: text = 167
166.225	EXP	text_2: text = 184
166.242	EXP	text_2: text = 200
166.25799999999998	EXP	text_2: text = 217
166.27599999999998	EXP	text_2: text = 234
166.292	EXP	text_2: text = 251
166.31199999999998	EXP	text_2: text = 267
166.325	EXP	text_2: text = 284
166.34199999999998	EXP	text_2: text = 300
166.35	DATA	Keydown:  
166.35999999999999	EXP	text_2: text = 318
166.35999999999999	EXP	text_2: autoDraw = false
166.35999999999999	EXP	Feedback: text = 304
166.35999999999999	EXP	Feedback: autoDraw = true
167.35899999999998	EXP	Feedback: autoDraw = false
167.35899999999998	EXP	Feedback: autoDraw = false
167.35899999999998	EXP	text_3: autoDraw = true
171.35	EXP	text_3: autoDraw = false
171.35	EXP	text_3: autoDraw = false
171.35	EXP	text_2: autoDraw = true
171.35	EXP	text_2: text = 0
171.363	EXP	text_2: text = 17
171.38	EXP	text_2: text = 35
171.41299999999998	EXP	text_2: text = 67
171.428	EXP	text_2: text = 84
171.45	EXP	text_2: text = 101
171.463	EXP	text_2: text = 117
171.48399999999998	EXP	text_2: text = 134
171.49599999999998	EXP	text_2: text = 150
171.516	EXP	text_2: text = 176
171.529	EXP	text_2: text = 184
171.54299999999998	EXP	text_2: text = 201
171.563	EXP	text_2: text = 217
171.583	EXP	text_2: text = 234
171.596	EXP	text_2: text = 250
171.61599999999999	EXP	text_2: text = 267
171.629	EXP	text_2: text = 284
171.646	EXP	text_2: text = 300
171.648	DATA	Keydown:  
171.664	EXP	text_2: text = 317
171.664	EXP	text_2: autoDraw = false
171.664	EXP	Feedback: text = 298
171.664	EXP	Feedback: autoDraw = true
172.66299999999998	EXP	Feedback: autoDraw = false
172.66299999999998	EXP	Feedback: autoDraw = false
172.66299999999998	EXP	text_3: autoDraw = true
178.67	EXP	text_3: autoDraw = false
178.67	EXP	text_3: autoDraw = false
178.67	EXP	text_2: autoDraw = true
178.67	EXP	text_2: text = 0
178.68699999999998	EXP	text_2: text = 17
178.701	EXP	text_2: text = 34
178.721	EXP	text_2: text = 50
178.73399999999998	EXP	text_2: text = 67
178.754	EXP	text_2: text = 84
178.768	EXP	text_2: text = 100
178.78699999999998	EXP	text_2: text = 117
178.802	EXP	text_2: text = 134
178.82	EXP	text_2: text = 151
178.83499999999998	EXP	text_2: text = 167
178.85299999999998	EXP	text_2: text = 183
178.868	EXP	text_2: text = 201
178.886	EXP	text_2: text = 217
178.902	EXP	text_2: text = 234
178.92	EXP	text_2: text = 250
178.935	EXP	text_2: text = 267
178.95399999999998	EXP	text_2: text = 284
178.968	EXP	text_2: text = 300
178.988	EXP	text_2: text = 317
178.98999999999998	DATA	Keydown:  
179.003	EXP	text_2: text = 334
179.003	EXP	text_2: autoDraw = false
179.003	EXP	Feedback: text = 320
179.003	EXP	Feedback: autoDraw = true
180.003	EXP	Feedback: autoDraw = false
180.003	EXP	Feedback: autoDraw = false
180.003	EXP	text_3: autoDraw = true
183.75799999999998	EXP	text_3: autoDraw = false
183.75799999999998	EXP	text_3: autoDraw = false
183.75799999999998	EXP	text_2: autoDraw = true
183.75799999999998	EXP	text_2: text = 0
183.772	EXP	text_2: text = 16
183.789	EXP	text_2: text = 33
183.80599999999998	EXP	text_2: text = 50
183.82399999999998	EXP	text_2: text = 66
183.838	EXP	text_2: text = 82
183.858	EXP	text_2: text = 100
183.87199999999999	EXP	text_2: text = 116
183.891	EXP	text_2: text = 133
183.90599999999998	EXP	text_2: text = 150
183.91899999999998	EXP	text_2: text = 166
183.938	EXP	text_2: text = 183
183.958	EXP	text_2: text = 200
183.97199999999998	EXP	text_2: text = 216
183.992	EXP	text_2: text = 233
184.006	EXP	text_2: text = 249
184.021	EXP	text_2: text = 266
184.039	EXP	text_2: text = 282
184.059	EXP	text_2: text = 299
184.072	EXP	text_2: text = 316
184.07399999999998	DATA	Keydown:  
184.093	EXP	text_2: text = 333
184.093	EXP	text_2: autoDraw = false
184.093	EXP	Feedback: text = 316
184.093	EXP	Feedback: autoDraw = true
185.08499999999998	EXP	Feedback: autoDraw = false
185.08499999999998	EXP	Feedback: autoDraw = false
185.08499999999998	EXP	text_3: autoDraw = true
188.559	EXP	text_3: autoDraw = false
188.559	EXP	text_3: autoDraw = false
188.559	EXP	text_2: autoDraw = true
188.559	EXP	text_2: text = 0
188.575	EXP	text_2: text = 16
188.59199999999998	EXP	text_2: text = 33
188.608	EXP	text_2: text = 50
188.625	EXP	text_2: text = 67
188.641	EXP	text_2: text = 83
188.658	EXP	text_2: text = 99
188.67499999999998	EXP	text_2: text = 117
188.691	EXP	text_2: text = 133
188.709	EXP	text_2: text = 149
188.725	EXP	text_2: text = 167
188.742	EXP	text_2: text = 184
188.759	EXP	text_2: text = 200
188.77499999999998	EXP	text_2: text = 216
188.791	EXP	text_2: text = 233
188.809	EXP	text_2: text = 249
188.825	EXP	text_2: text = 266
188.84199999999998	EXP	text_2: text = 283
188.858	EXP	text_2: text = 300
188.875	EXP	text_2: text = 316
188.891	EXP	text_2: text = 333
188.909	EXP	text_2: text = 351
188.92499999999998	EXP	text_2: text = 366
188.928	DATA	Keydown:  
188.944	EXP	text_2: text = 383
188.944	EXP	text_2: autoDraw = false
188.944	EXP	Feedback: text = 369
188.944	EXP	Feedback: autoDraw = true
189.944	EXP	Feedback: autoDraw = false
189.944	EXP	Feedback: autoDraw = false
189.944	EXP	text_3: autoDraw = true
193.849	EXP	text_3: autoDraw = false
193.849	EXP	text_3: autoDraw = false
193.849	EXP	text_2: autoDraw = true
193.849	EXP	text_2: text = 0
193.862	EXP	text_2: text = 17
193.878	EXP	text_2: text = 33
193.896	EXP	text_2: text = 50
193.916	EXP	text_2: text = 67
193.929	EXP	text_2: text = 84
193.94799999999998	EXP	text_2: text = 100
193.962	EXP	text_2: text = 117
193.97899999999998	EXP	text_2: text = 134
193.99599999999998	EXP	text_2: text = 150
194.012	EXP	text_2: text = 167
194.03	EXP	text_2: text = 184
194.046	EXP	text_2: text = 201
194.06199999999998	EXP	text_2: text = 217
194.07899999999998	EXP	text_2: text = 233
194.096	EXP	text_2: text = 251
194.113	EXP	text_2: text = 267
194.129	EXP	text_2: text = 284
194.146	EXP	text_2: text = 300
194.16299999999998	EXP	text_2: text = 317
194.179	EXP	text_2: text = 334
194.182	DATA	Keydown:  
194.19899999999998	EXP	text_2: text = 351
194.19899999999998	EXP	text_2: autoDraw = false
194.19899999999998	EXP	Feedback: text = 333
194.19899999999998	EXP	Feedback: autoDraw = true
195.197	EXP	Feedback: autoDraw = false
195.197	EXP	Feedback: autoDraw = false
195.197	EXP	text_3: autoDraw = true
200.587	EXP	text_3: autoDraw = false
200.587	EXP	text_3: autoDraw = false
200.587	EXP	text_2: autoDraw = true
200.587	EXP	text_2: text = 0
200.6	EXP	text_2: text = 17
200.617	EXP	text_2: text = 34
200.634	EXP	text_2: text = 51
200.653	EXP	text_2: text = 67
200.667	EXP	text_2: text = 83
200.683	EXP	text_2: text = 101
200.7	EXP	text_2: text = 117
200.72	EXP	text_2: text = 134
200.73399999999998	EXP	text_2: text = 150
200.754	EXP	text_2: text = 167
200.767	EXP	text_2: text = 184
200.78699999999998	EXP	text_2: text = 200
200.801	EXP	text_2: text = 217
200.821	EXP	text_2: text = 233
200.834	EXP	text_2: text = 250
200.85	EXP	text_2: text = 267
200.868	EXP	text_2: text = 283
200.887	EXP	text_2: text = 300
200.90099999999998	EXP	text_2: text = 317
200.92	EXP	text_2: text = 334
200.922	DATA	Keydown:  
200.93599999999998	EXP	text_2: text = 351
200.93599999999998	EXP	text_2: autoDraw = false
200.93599999999998	EXP	Feedback: text = 336
200.93599999999998	EXP	Feedback: autoDraw = true
201.93099999999998	EXP	Feedback: autoDraw = false
201.93099999999998	EXP	Feedback: autoDraw = false
201.93099999999998	EXP	text_3: autoDraw = true
207.57299999999998	EXP	text_3: autoDraw = false
207.57299999999998	EXP	text_3: autoDraw = false
207.57299999999998	EXP	text_2: autoDraw = true
207.57299999999998	EXP	text_2: text = 0
207.589	EXP	text_2: text = 16
207.606	EXP	text_2: text = 33
207.62199999999999	EXP	text_2: text = 49
207.63799999999998	EXP	text_2: text = 67
207.65599999999998	EXP	text_2: text = 83
207.671	EXP	text_2: text = 99
207.688	EXP	text_2: text = 117
207.70499999999998	EXP	text_2: text = 133
207.72199999999998	EXP	text_2: text = 150
207.739	EXP	text_2: text = 167
207.756	EXP	text_2: text = 183
207.772	EXP	text_2: text = 200
207.789	EXP	text_2: text = 217
207.80599999999998	EXP	text_2: text = 234
207.822	EXP	text_2: text = 250
207.839	EXP	text_2: text = 266
207.856	EXP	text_2: text = 283
207.858	DATA	Keydown:  
207.87199999999999	EXP	text_2: text = 300
207.87199999999999	EXP	text_2: autoDraw = false
207.87199999999999	EXP	Feedback: text = 285
207.87199999999999	EXP	Feedback: autoDraw = true
208.875	EXP	Feedback: autoDraw = false
208.875	EXP	Feedback: autoDraw = false
208.875	EXP	text_3: autoDraw = true
211.612	EXP	text_3: autoDraw = false
211.612	EXP	text_3: autoDraw = false
211.612	EXP	text_2: autoDraw = true
211.612	EXP	text_2: text = 0
211.625	EXP	text_2: text = 16
211.64399999999998	EXP	text_2: text = 32
211.658	EXP	text_2: text = 49
211.679	EXP	text_2: text = 66
211.69199999999998	EXP	text_2: text = 82
211.712	EXP	text_2: text = 99
211.725	EXP	text_2: text = 116
211.745	EXP	text_2: text = 132
211.759	EXP	text_2: text = 149
211.778	EXP	text_2: text = 166
211.792	EXP	text_2: text = 183
211.81099999999998	EXP	text_2: text = 199
211.826	EXP	text_2: text = 215
211.843	EXP	text_2: text = 233
211.85899999999998	EXP	text_2: text = 249
211.87699999999998	EXP	text_2: text = 265
211.892	EXP	text_2: text = 283
211.91199999999998	EXP	text_2: text = 300
211.91299999999998	DATA	Keydown:  
211.926	EXP	text_2: text = 316
211.926	EXP	text_2: autoDraw = false
211.926	EXP	Feedback: text = 302
211.926	EXP	Feedback: autoDraw = true
212.926	EXP	Feedback: autoDraw = false
212.926	EXP	Feedback: autoDraw = false
212.926	EXP	text_3: autoDraw = true
218.518	EXP	text_3: autoDraw = false
218.518	EXP	text_3: autoDraw = false
218.518	EXP	text_2: autoDraw = true
218.518	EXP	text_2: text = 1
218.53	EXP	text_2: text = 17
218.551	EXP	text_2: text = 33
218.564	EXP	text_2: text = 50
218.57999999999998	EXP	text_2: text = 67
218.59699999999998	EXP	text_2: text = 84
218.617	EXP	text_2: text = 100
218.63	EXP	text_2: text = 117
218.64999999999998	EXP	text_2: text = 134
218.664	EXP	text_2: text = 150
218.684	EXP	text_2: text = 166
218.696	EXP	text_2: text = 184
218.71599999999998	EXP	text_2: text = 200
218.73	EXP	text_2: text = 217
218.75	EXP	text_2: text = 233
218.76399999999998	EXP	text_2: text = 250
218.784	EXP	text_2: text = 267
218.797	EXP	text_2: text = 284
218.81699999999998	EXP	text_2: text = 301
218.82999999999998	EXP	text_2: text = 317
218.85	EXP	text_2: text = 334
218.864	EXP	text_2: text = 350
218.885	EXP	text_2: text = 367
218.897	EXP	text_2: text = 384
218.91799999999998	EXP	text_2: text = 400
218.92	DATA	Keydown:  
218.93099999999998	EXP	text_2: text = 417
218.93099999999998	EXP	text_2: autoDraw = false
218.93099999999998	EXP	Feedback: text = 402
218.93099999999998	EXP	Feedback: autoDraw = true
219.93099999999998	EXP	Feedback: autoDraw = false
219.93099999999998	EXP	Feedback: autoDraw = false
219.93099999999998	EXP	text_3: autoDraw = true
222.554	EXP	text_3: autoDraw = false
222.554	EXP	text_3: autoDraw = false
222.554	EXP	text_2: autoDraw = true
222.554	EXP	text_2: text = 0
222.566	EXP	text_2: text = 17
222.583	EXP	text_2: text = 34
222.6	EXP	text_2: text = 50
222.62	EXP	text_2: text = 67
222.63299999999998	EXP	text_2: text = 83
222.653	EXP	text_2: text = 100
222.667	EXP	text_2: text = 117
222.684	EXP	text_2: text = 134
222.7	EXP	text_2: text = 150
222.72	EXP	text_2: text = 167
222.733	EXP	text_2: text = 184
222.754	EXP	text_2: text = 200
222.767	EXP	text_2: text = 217
222.786	EXP	text_2: text = 233
222.79999999999998	EXP	text_2: text = 251
222.816	EXP	text_2: text = 267
222.833	EXP	text_2: text = 284
222.85399999999998	EXP	text_2: text = 300
222.867	EXP	text_2: text = 317
222.884	EXP	text_2: text = 334
222.89999999999998	EXP	text_2: text = 351
222.917	EXP	text_2: text = 367
222.934	EXP	text_2: text = 384
222.953	EXP	text_2: text = 400
222.95499999999998	DATA	Keydown:  
222.968	EXP	text_2: text = 417
222.968	EXP	text_2: autoDraw = false
222.968	EXP	Feedback: text = 401
222.968	EXP	Feedback: autoDraw = true
223.96699999999998	EXP	Feedback: autoDraw = false
223.96699999999998	EXP	Feedback: autoDraw = false
223.96699999999998	EXP	text_3: autoDraw = true
226.957	EXP	text_3: autoDraw = false
226.957	EXP	text_3: autoDraw = false
226.957	EXP	text_2: autoDraw = true
226.957	EXP	text_2: text = 0
226.97	EXP	text_2: text = 16
226.986	EXP	text_2: text = 33
227.003	EXP	text_2: text = 50
227.01999999999998	EXP	text_2: text = 66
227.03699999999998	EXP	text_2: text = 83
227.053	EXP	text_2: text = 99
227.07	EXP	text_2: text = 116
227.08599999999998	EXP	text_2: text = 133
227.10399999999998	EXP	text_2: text = 149
227.12199999999999	EXP	text_2: text = 166
227.136	EXP	text_2: text = 183
227.153	EXP	text_2: text = 199
227.17	EXP	text_2: text = 216
227.18599999999998	EXP	text_2: text = 233
227.20399999999998	EXP	text_2: text = 250
227.22	EXP	text_2: text = 266
227.236	EXP	text_2: text = 283
227.253	EXP	text_2: text = 299
227.26899999999998	EXP	text_2: text = 316
227.286	EXP	text_2: text = 333
227.304	EXP	text_2: text = 349
227.32299999999998	EXP	text_2: text = 366
227.337	EXP	text_2: text = 383
227.35299999999998	EXP	text_2: text = 400
227.358	DATA	Keydown:  
227.373	EXP	text_2: text = 416
227.373	EXP	text_2: autoDraw = false
227.373	EXP	Feedback: text = 401
227.373	EXP	Feedback: autoDraw = true
228.37099999999998	EXP	Feedback: autoDraw = false
228.37099999999998	EXP	Feedback: autoDraw = false
228.37099999999998	EXP	text_3: autoDraw = true
237.51399999999998	EXP	text_3: autoDraw = false
237.51399999999998	EXP	text_3: autoDraw = false
237.51399999999998	EXP	text_2: autoDraw = true
237.51399999999998	EXP	text_2: text = 0
237.527	EXP	text_2: text = 17
237.545	EXP	text_2: text = 34
237.56	EXP	text_2: text = 50
237.578	EXP	text_2: text = 67
237.594	EXP	text_2: text = 84
237.612	EXP	text_2: text = 101
237.62699999999998	EXP	text_2: text = 117
237.646	EXP	text_2: text = 133
237.661	EXP	text_2: text = 150
237.67999999999998	EXP	text_2: text = 167
237.69299999999998	EXP	text_2: text = 184
237.713	EXP	text_2: text = 200
237.72799999999998	EXP	text_2: text = 217
237.74699999999999	EXP	text_2: text = 234
237.76	EXP	text_2: text = 250
237.78	EXP	text_2: text = 267
237.79399999999998	EXP	text_2: text = 284
237.813	EXP	text_2: text = 301
237.815	DATA	Keydown:  
237.828	EXP	text_2: text = 317
237.828	EXP	text_2: autoDraw = false
237.828	EXP	Feedback: text = 301
237.828	EXP	Feedback: autoDraw = true
238.82899999999998	EXP	Feedback: autoDraw = false
238.82899999999998	EXP	Feedback: autoDraw = false
238.82899999999998	EXP	text_3: autoDraw = true
245.486	EXP	text_3: autoDraw = false
245.486	EXP	text_3: autoDraw = false
245.486	EXP	text_2: autoDraw = true
245.486	EXP	text_2: text = 0
245.5	EXP	text_2: text = 15
245.51899999999998	EXP	text_2: text = 32
245.533	EXP	text_2: text = 48
245.552	EXP	text_2: text = 65
245.566	EXP	text_2: text = 82
245.58599999999998	EXP	text_2: text = 99
245.6	EXP	text_2: text = 115
245.62	EXP	text_2: text = 132
245.63299999999998	EXP	text_2: text = 149
245.652	EXP	text_2: text = 166
245.667	EXP	text_2: text = 182
245.68699999999998	EXP	text_2: text = 199
245.69899999999998	EXP	text_2: text = 215
245.72	EXP	text_2: text = 232
245.733	EXP	text_2: text = 248
245.754	EXP	text_2: text = 266
245.766	EXP	text_2: text = 282
245.786	EXP	text_2: text = 299
245.79899999999998	EXP	text_2: text = 315
245.819	EXP	text_2: text = 332
245.833	EXP	text_2: text = 349
245.85399999999998	EXP	text_2: text = 365
245.86599999999999	EXP	text_2: text = 382
245.87	DATA	Keydown:  
245.887	EXP	text_2: text = 399
245.887	EXP	text_2: autoDraw = false
245.887	EXP	Feedback: text = 384
245.887	EXP	Feedback: autoDraw = true
246.881	EXP	Feedback: autoDraw = false
246.881	EXP	Feedback: autoDraw = false
246.881	EXP	text_3: autoDraw = true
252.326	EXP	text_3: autoDraw = false
252.326	EXP	text_3: autoDraw = false
252.326	EXP	text_2: autoDraw = true
252.326	EXP	text_2: text = 0
252.337	EXP	text_2: text = 17
252.351	EXP	text_2: text = 33
252.37099999999998	EXP	text_2: text = 50
252.387	EXP	text_2: text = 66
252.405	EXP	text_2: text = 83
252.42499999999998	EXP	text_2: text = 100
252.438	EXP	text_2: text = 116
252.452	EXP	text_2: text = 133
252.47199999999998	EXP	text_2: text = 150
252.488	EXP	text_2: text = 166
252.505	EXP	text_2: text = 183
252.522	EXP	text_2: text = 200
252.54	EXP	text_2: text = 217
252.559	EXP	text_2: text = 233
252.572	EXP	text_2: text = 250
252.59099999999998	EXP	text_2: text = 267
252.605	EXP	text_2: text = 283
252.62199999999999	EXP	text_2: text = 301
252.63799999999998	EXP	text_2: text = 317
252.659	EXP	text_2: text = 334
252.661	DATA	Keydown:  
252.672	EXP	text_2: text = 350
252.672	EXP	text_2: autoDraw = false
252.672	EXP	Feedback: text = 335
252.672	EXP	Feedback: autoDraw = true
253.67199999999997	EXP	Feedback: autoDraw = false
253.67199999999997	EXP	Feedback: autoDraw = false
253.67199999999997	EXP	text_3: autoDraw = true
259.445	EXP	text_3: autoDraw = false
259.445	EXP	text_3: autoDraw = false
259.445	EXP	text_2: autoDraw = true
259.445	EXP	text_2: text = 0
259.461	EXP	text_2: text = 16
259.478	EXP	text_2: text = 33
259.493	EXP	text_2: text = 50
259.509	EXP	text_2: text = 66
259.526	EXP	text_2: text = 83
259.543	EXP	text_2: text = 100
259.56	EXP	text_2: text = 116
259.577	EXP	text_2: text = 133
259.593	EXP	text_2: text = 150
259.61	EXP	text_2: text = 167
259.627	EXP	text_2: text = 184
259.644	EXP	text_2: text = 199
259.65999999999997	EXP	text_2: text = 217
259.67699999999996	EXP	text_2: text = 233
259.694	EXP	text_2: text = 250
259.71	EXP	text_2: text = 266
259.727	EXP	text_2: text = 283
259.74399999999997	EXP	text_2: text = 300
259.76	EXP	text_2: text = 316
259.777	EXP	text_2: text = 333
259.794	EXP	text_2: text = 350
259.81	EXP	text_2: text = 367
259.82599999999996	EXP	text_2: text = 384
259.844	EXP	text_2: text = 401
259.86	EXP	text_2: text = 416
259.877	EXP	text_2: text = 433
259.894	EXP	text_2: text = 450
259.90999999999997	EXP	text_2: text = 467
259.92699999999996	EXP	text_2: text = 484
259.943	EXP	text_2: text = 500
259.961	EXP	text_2: text = 517
259.978	EXP	text_2: text = 534
259.99399999999997	EXP	text_2: text = 550
260.01	EXP	text_2: text = 567
260.027	EXP	text_2: text = 583
260.043	EXP	text_2: text = 600
260.06	EXP	text_2: text = 617
260.077	EXP	text_2: text = 633
260.093	EXP	text_2: text = 650
260.11	EXP	text_2: text = 666
260.127	EXP	text_2: text = 684
260.144	EXP	text_2: text = 700
260.15999999999997	EXP	text_2: text = 716
260.178	EXP	text_2: text = 733
260.193	EXP	text_2: text = 751
260.21	EXP	text_2: text = 767
260.227	EXP	text_2: text = 783
260.229	DATA	Keydown:  
260.246	EXP	text_2: text = 800
260.246	EXP	text_2: autoDraw = false
260.246	EXP	Feedback: text = 784
260.246	EXP	Feedback: autoDraw = true
261.247	EXP	Feedback: autoDraw = false
261.247	EXP	Feedback: autoDraw = false
261.247	EXP	text_3: autoDraw = true
265.332	EXP	text_3: autoDraw = false
265.332	EXP	text_3: autoDraw = false
265.332	EXP	text_2: autoDraw = true
265.332	EXP	text_2: text = 0
265.351	EXP	text_2: text = 17
265.364	EXP	text_2: text = 33
265.378	EXP	text_2: text = 50
265.39799999999997	EXP	text_2: text = 67
265.418	EXP	text_2: text = 84
265.432	EXP	text_2: text = 101
265.45099999999996	EXP	text_2: text = 118
265.464	EXP	text_2: text = 134
265.483	EXP	text_2: text = 151
265.498	EXP	text_2: text = 167
265.517	EXP	text_2: text = 184
265.531	EXP	text_2: text = 200
265.55	EXP	text_2: text = 217
265.565	EXP	text_2: text = 234
265.58299999999997	EXP	text_2: text = 251
265.598	EXP	text_2: text = 267
265.617	EXP	text_2: text = 284
265.61899999999997	DATA	Keydown:  
265.632	EXP	text_2: text = 301
265.632	EXP	text_2: autoDraw = false
265.632	EXP	Feedback: text = 287
265.632	EXP	Feedback: autoDraw = true
266.63	EXP	Feedback: autoDraw = false
266.63	EXP	Feedback: autoDraw = false
266.63	EXP	text_3: autoDraw = true
275.709	EXP	text_3: autoDraw = false
275.709	EXP	text_3: autoDraw = false
275.709	EXP	text_2: autoDraw = true
275.709	EXP	text_2: text = 0
275.722	EXP	text_2: text = 16
275.738	EXP	text_2: text = 33
275.755	EXP	text_2: text = 50
275.772	EXP	text_2: text = 67
275.788	EXP	text_2: text = 83
275.80899999999997	EXP	text_2: text = 100
275.822	EXP	text_2: text = 116
275.842	EXP	text_2: text = 133
275.856	EXP	text_2: text = 150
275.875	EXP	text_2: text = 167
275.889	EXP	text_2: text = 183
275.905	EXP	text_2: text = 200
275.92199999999997	EXP	text_2: text = 217
275.942	EXP	text_2: text = 234
275.955	EXP	text_2: text = 249
275.97499999999997	EXP	text_2: text = 266
275.988	EXP	text_2: text = 283
276.008	EXP	text_2: text = 300
276.01	DATA	Keydown:  
276.022	EXP	text_2: text = 317
276.022	EXP	text_2: autoDraw = false
276.022	EXP	Feedback: text = 301
276.022	EXP	Feedback: autoDraw = true
277.02299999999997	EXP	Feedback: autoDraw = false
277.02299999999997	EXP	Feedback: autoDraw = false
277.02299999999997	EXP	text_3: autoDraw = true
286.714	EXP	text_3: autoDraw = false
286.714	EXP	text_3: autoDraw = false
286.714	EXP	text_2: autoDraw = true
286.714	EXP	text_2: text = 0
286.731	EXP	text_2: text = 17
286.746	EXP	text_2: text = 34
286.765	EXP	text_2: text = 50
286.779	EXP	text_2: text = 67
286.799	EXP	text_2: text = 85
286.813	EXP	text_2: text = 101
286.83299999999997	EXP	text_2: text = 117
286.847	EXP	text_2: text = 134
286.86199999999997	EXP	text_2: text = 150
286.88	EXP	text_2: text = 168
286.9	EXP	text_2: text = 184
286.914	EXP	text_2: text = 201
286.93399999999997	EXP	text_2: text = 217
286.94599999999997	EXP	text_2: text = 234
286.968	EXP	text_2: text = 251
286.98	EXP	text_2: text = 268
286.997	EXP	text_2: text = 284
287.013	EXP	text_2: text = 301
287.03	EXP	text_2: text = 317
287.037	DATA	Keydown:  
287.04699999999997	EXP	text_2: text = 335
287.04699999999997	EXP	text_2: autoDraw = false
287.04699999999997	EXP	Feedback: text = 323
287.04699999999997	EXP	Feedback: autoDraw = true
288.04699999999997	EXP	Feedback: autoDraw = false
288.04699999999997	EXP	Feedback: autoDraw = false
288.04699999999997	EXP	text_3: autoDraw = true
292.084	EXP	text_3: autoDraw = false
292.084	EXP	text_3: autoDraw = false
292.084	EXP	text_2: autoDraw = true
292.084	EXP	text_2: text = 0
292.09999999999997	EXP	text_2: text = 17
292.117	EXP	text_2: text = 34
292.134	EXP	text_2: text = 50
292.151	EXP	text_2: text = 67
292.167	EXP	text_2: text = 83
292.183	EXP	text_2: text = 100
292.204	EXP	text_2: text = 117
292.217	EXP	text_2: text = 133
292.235	EXP	text_2: text = 150
292.25	EXP	text_2: text = 167
292.271	EXP	text_2: text = 184
292.284	EXP	text_2: text = 201
292.304	EXP	text_2: text = 217
292.317	EXP	text_2: text = 234
292.337	EXP	text_2: text = 250
292.351	EXP	text_2: text = 267
292.371	EXP	text_2: text = 284
292.383	EXP	text_2: text = 300
292.404	EXP	text_2: text = 317
292.417	EXP	text_2: text = 333
292.42199999999997	DATA	Keydown:  
292.438	EXP	text_2: text = 351
292.438	EXP	text_2: autoDraw = false
292.438	EXP	Feedback: text = 338
292.438	EXP	Feedback: autoDraw = true
293.431	EXP	Feedback: autoDraw = false
293.431	EXP	Feedback: autoDraw = false
293.431	EXP	text_3: autoDraw = true
300.676	EXP	text_3: autoDraw = false
300.676	EXP	text_3: autoDraw = false
300.676	EXP	text_2: autoDraw = true
300.676	EXP	text_2: text = 0
300.69	EXP	text_2: text = 17
300.709	EXP	text_2: text = 33
300.723	EXP	text_2: text = 49
300.743	EXP	text_2: text = 67
300.757	EXP	text_2: text = 83
300.776	EXP	text_2: text = 100
300.78999999999996	EXP	text_2: text = 116
300.81	EXP	text_2: text = 133
300.824	EXP	text_2: text = 150
300.843	EXP	text_2: text = 167
300.85699999999997	EXP	text_2: text = 183
300.873	EXP	text_2: text = 200
300.89	EXP	text_2: text = 216
300.907	EXP	text_2: text = 233
300.924	EXP	text_2: text = 250
300.94	EXP	text_2: text = 267
300.957	EXP	text_2: text = 283
300.974	EXP	text_2: text = 300
300.99	EXP	text_2: text = 317
300.997	DATA	Keydown:  
301.01	EXP	text_2: text = 333
301.01	EXP	text_2: autoDraw = false
301.01	EXP	Feedback: text = 321
301.01	EXP	Feedback: autoDraw = true
302.008	EXP	Feedback: autoDraw = false
302.008	EXP	Feedback: autoDraw = false
302.008	EXP	text_3: autoDraw = true
308.229	EXP	text_3: autoDraw = false
308.229	EXP	text_3: autoDraw = false
308.229	EXP	text_2: autoDraw = true
308.229	EXP	text_2: text = 0
308.245	EXP	text_2: text = 16
308.262	EXP	text_2: text = 32
308.27799999999996	EXP	text_2: text = 50
308.296	EXP	text_2: text = 66
308.312	EXP	text_2: text = 83
308.33	EXP	text_2: text = 99
308.346	EXP	text_2: text = 116
308.365	EXP	text_2: text = 133
308.378	EXP	text_2: text = 149
308.397	EXP	text_2: text = 166
308.412	EXP	text_2: text = 183
308.432	EXP	text_2: text = 200
308.445	EXP	text_2: text = 216
308.467	EXP	text_2: text = 233
308.479	EXP	text_2: text = 250
308.49899999999997	EXP	text_2: text = 266
308.513	EXP	text_2: text = 283
308.53	EXP	text_2: text = 300
308.54699999999997	EXP	text_2: text = 316
308.55	DATA	Keydown:  
308.56399999999996	EXP	text_2: text = 333
308.56399999999996	EXP	text_2: autoDraw = false
308.56399999999996	EXP	Feedback: text = 321
308.56399999999996	EXP	Feedback: autoDraw = true
309.565	EXP	Feedback: autoDraw = false
309.565	EXP	Feedback: autoDraw = false
309.565	EXP	text_3: autoDraw = true
314.317	EXP	text_3: autoDraw = false
314.317	EXP	text_3: autoDraw = false
314.317	EXP	text_2: autoDraw = true
314.317	EXP	text_2: text = 0
314.33299999999997	EXP	text_2: text = 17
314.34999999999997	EXP	text_2: text = 33
314.37	EXP	text_2: text = 50
314.383	EXP	text_2: text = 66
314.4	EXP	text_2: text = 84
314.416	EXP	text_2: text = 100
314.433	EXP	text_2: text = 116
314.45	EXP	text_2: text = 134
314.466	EXP	text_2: text = 150
314.483	EXP	text_2: text = 166
314.503	EXP	text_2: text = 183
314.517	EXP	text_2: text = 200
314.533	EXP	text_2: text = 217
314.549	EXP	text_2: text = 233
314.57	EXP	text_2: text = 250
314.584	EXP	text_2: text = 267
314.597	EXP	text_2: text = 283
314.621	DATA	Keydown:  
314.632	EXP	text_2: text = 317
314.632	EXP	text_2: autoDraw = false
314.632	EXP	Feedback: text = 304
314.632	EXP	Feedback: autoDraw = true
315.634	EXP	Feedback: autoDraw = false
315.634	EXP	Feedback: autoDraw = false
315.634	EXP	text_3: autoDraw = true
320.425	EXP	text_3: autoDraw = false
320.425	EXP	text_3: autoDraw = false
320.425	EXP	text_2: autoDraw = true
320.425	EXP	text_2: text = 0
320.437	EXP	text_2: text = 17
320.45799999999997	EXP	text_2: text = 34
320.471	EXP	text_2: text = 51
320.488	EXP	text_2: text = 68
320.504	EXP	text_2: text = 84
320.521	EXP	text_2: text = 101
320.538	EXP	text_2: text = 118
320.554	EXP	text_2: text = 134
320.57099999999997	EXP	text_2: text = 151
320.58799999999997	EXP	text_2: text = 168
320.605	EXP	text_2: text = 184
320.62399999999997	EXP	text_2: text = 201
320.638	EXP	text_2: text = 218
320.655	EXP	text_2: text = 234
320.671	EXP	text_2: text = 250
320.692	EXP	text_2: text = 268
320.704	EXP	text_2: text = 284
320.72499999999997	EXP	text_2: text = 300
320.738	EXP	text_2: text = 317
320.758	EXP	text_2: text = 334
320.76	DATA	Keydown:  
320.772	EXP	text_2: text = 351
320.772	EXP	text_2: autoDraw = false
320.772	EXP	Feedback: text = 335
320.772	EXP	Feedback: autoDraw = true
321.772	EXP	Feedback: autoDraw = false
321.772	EXP	Feedback: autoDraw = false
321.772	EXP	text_3: autoDraw = true
327.245	EXP	text_3: autoDraw = false
327.245	EXP	text_3: autoDraw = false
327.245	EXP	text_2: autoDraw = true
327.245	EXP	text_2: text = 0
327.262	EXP	text_2: text = 17
327.276	EXP	text_2: text = 34
327.296	EXP	text_2: text = 50
327.31	EXP	text_2: text = 67
327.329	EXP	text_2: text = 84
327.343	EXP	text_2: text = 100
327.363	EXP	text_2: text = 117
327.376	EXP	text_2: text = 133
327.396	EXP	text_2: text = 150
327.40999999999997	EXP	text_2: text = 166
327.423	EXP	text_2: text = 183
327.443	EXP	text_2: text = 200
327.462	EXP	text_2: text = 216
327.477	EXP	text_2: text = 233
327.496	EXP	text_2: text = 250
327.509	EXP	text_2: text = 267
327.529	EXP	text_2: text = 284
327.543	EXP	text_2: text = 300
327.548	DATA	Keydown:  
327.563	EXP	text_2: text = 317
327.563	EXP	text_2: autoDraw = false
327.563	EXP	Feedback: text = 303
327.563	EXP	Feedback: autoDraw = true
328.606	EXP	Feedback: autoDraw = false
328.606	EXP	Feedback: autoDraw = false
328.606	EXP	End_text: autoDraw = true
