0.12290000000000001	EXP	Created Window = Window( name=Window, fullscr=true, color=#000000, units=height, waitBlanking=true, autoLog=true, size=[2048,959] )
1.9491	DATA	Keydown: Shift
2.1958	DATA	Keydown: C
2.5930000000000004	DATA	Keydown: A
3.4644	DATA	Keydown: 3
3.6410000000000004	DATA	Keydown: 0
3.8517999999999994	DATA	Keydown: 8
3.9574000000000002	DATA	Keydown: 0
4.181000000000001	DATA	Keydown: 2
19.1404	EXP	Created text = TextStim( name=text, win=Window( name=Window, fullscr=true, color=#000000, ~), autoDraw=null, autoLog=true, units=height, ori=null, opacity=1, pos=[0,0], size=undefined, text=INSTRUCTIONS [EN]


A counter will appear and star~, font=Arial, color=#FFFFFF, contrast=1, height=0.03, bold=null, italic=null, alignHoriz=left, alignVert=center, wrapWidth=1, flipHoriz=null, flipVert=null )
19.1417	EXP	Created text_3 = TextStim( name=text_3, win=Window( name=Window, fullscr=true, color=#000000, ~), autoDraw=null, autoLog=true, units=height, ori=null, opacity=1, pos=[0,0], size=undefined, text=null, font=Arial, color=#FFFFFF, contrast=1, height=0.1, bold=null, italic=null, alignHoriz=left, alignVert=center, wrapWidth=1, flipHoriz=null, flipVert=null )
19.1429	EXP	Created text_2 = TextStim( name=text_2, win=Window( name=Window, fullscr=true, color=#000000, ~), autoDraw=null, autoLog=true, units=height, ori=null, opacity=1, pos=[0,0], size=undefined, text=default text, font=Arial, color=#ff0000, contrast=1, height=0.15, bold=null, italic=null, alignHoriz=left, alignVert=center, wrapWidth=1, flipHoriz=null, flipVert=null )
19.1444	EXP	Created Feedback = TextStim( name=Feedback, win=Window( name=Window, fullscr=true, color=#000000, ~), autoDraw=null, autoLog=true, units=height, ori=null, opacity=1, pos=[0,0], size=undefined, text=default text, font=Arial, color=#ff0000, contrast=1, height=0.15, bold=null, italic=null, alignHoriz=left, alignVert=center, wrapWidth=1, flipHoriz=null, flipVert=null )
19.146300000000003	EXP	Created End_text = TextStim( name=End_text, win=Window( name=Window, fullscr=true, color=#000000, ~), autoDraw=null, autoLog=true, units=height, ori=null, opacity=1, pos=[0,0], size=undefined, text=This study aimed to look at procedural learning, i~, font=Arial, color=#FFFFFF, contrast=1, height=0.025, bold=null, italic=null, alignHoriz=left, alignVert=center, wrapWidth=1, flipHoriz=null, flipVert=null )
19.183000000000003	EXP	text: units = "height"
19.183000000000003	EXP	text: ori = 0
19.183000000000003	EXP	text: opacity = 1
19.183000000000003	EXP	text: pos = [0,0]
19.183000000000003	EXP	text: size = undefined
19.183000000000003	EXP	text: text = "INSTRUCTIONS [EN]\n\n\nA counter will appear and start counting at random times, press SPACE as fast as possible when it appears.\n\n\nPress SPACE to start\n\n-------\n\nInstruções [PT]\n\n\nUm cronómetro vai aparecer e começar a contar aleatoriamente, pressione a tecla SPACE assim que ele aparecer.\n\n\nPressiona SPACE para começar."
19.183000000000003	EXP	text: font = "Arial"
19.183000000000003	EXP	text: color = {"_hex":"#FFFFFF","_rgb":[1,1,1]}
19.183000000000003	EXP	text: contrast = 1
19.183000000000003	EXP	text: height = 0.03
19.183000000000003	EXP	text: bold = false
19.183000000000003	EXP	text: italic = false
19.183000000000003	EXP	text: alignHoriz = "left"
19.183000000000003	EXP	text: alignVert = "center"
19.183000000000003	EXP	text: wrapWidth = 1
19.183000000000003	EXP	text: flipHoriz = false
19.183000000000003	EXP	text: flipVert = false
19.183000000000003	EXP	text_3: units = "height"
19.183000000000003	EXP	text_3: ori = 0
19.183000000000003	EXP	text_3: opacity = 1
19.183000000000003	EXP	text_3: pos = [0,0]
19.183000000000003	EXP	text_3: size = undefined
19.183000000000003	EXP	text_3: text = ""
19.183000000000003	EXP	text_3: font = "Arial"
19.183000000000003	EXP	text_3: color = {"_hex":"#FFFFFF","_rgb":[1,1,1]}
19.183000000000003	EXP	text_3: contrast = 1
19.183000000000003	EXP	text_3: height = 0.1
19.183000000000003	EXP	text_3: bold = false
19.183000000000003	EXP	text_3: italic = false
19.183000000000003	EXP	text_3: alignHoriz = "left"
19.183000000000003	EXP	text_3: alignVert = "center"
19.183000000000003	EXP	text_3: wrapWidth = 1
19.183000000000003	EXP	text_3: flipHoriz = false
19.183000000000003	EXP	text_3: flipVert = false
19.183000000000003	EXP	text_2: units = "height"
19.183000000000003	EXP	text_2: ori = 0
19.183000000000003	EXP	text_2: opacity = 1
19.183000000000003	EXP	text_2: pos = [0,0]
19.183000000000003	EXP	text_2: size = undefined
19.183000000000003	EXP	text_2: text = "default text"
19.183000000000003	EXP	text_2: font = "Arial"
19.183000000000003	EXP	text_2: color = {"_rgb":[1,0,0]}
19.183000000000003	EXP	text_2: contrast = 1
19.183000000000003	EXP	text_2: height = 0.15
19.183000000000003	EXP	text_2: bold = false
19.183000000000003	EXP	text_2: italic = false
19.183000000000003	EXP	text_2: alignHoriz = "left"
19.183000000000003	EXP	text_2: alignVert = "center"
19.183000000000003	EXP	text_2: wrapWidth = 1
19.183000000000003	EXP	text_2: flipHoriz = false
19.183000000000003	EXP	text_2: flipVert = false
19.183000000000003	EXP	Feedback: units = "height"
19.183000000000003	EXP	Feedback: ori = 0
19.183000000000003	EXP	Feedback: opacity = 1
19.183000000000003	EXP	Feedback: pos = [0,0]
19.183000000000003	EXP	Feedback: size = undefined
19.183000000000003	EXP	Feedback: text = "default text"
19.183000000000003	EXP	Feedback: font = "Arial"
19.183000000000003	EXP	Feedback: color = {"_rgb":[1,0,0]}
19.183000000000003	EXP	Feedback: contrast = 1
19.183000000000003	EXP	Feedback: height = 0.15
19.183000000000003	EXP	Feedback: bold = false
19.183000000000003	EXP	Feedback: italic = false
19.183000000000003	EXP	Feedback: alignHoriz = "left"
19.183000000000003	EXP	Feedback: alignVert = "center"
19.183000000000003	EXP	Feedback: wrapWidth = 1
19.183000000000003	EXP	Feedback: flipHoriz = false
19.183000000000003	EXP	Feedback: flipVert = false
19.183000000000003	EXP	End_text: units = "height"
19.183000000000003	EXP	End_text: ori = 0
19.183000000000003	EXP	End_text: opacity = 1
19.183000000000003	EXP	End_text: pos = [0,0]
19.183000000000003	EXP	End_text: size = undefined
19.183000000000003	EXP	End_text: text = "This study aimed to look at procedural learning, i.e. our ability to extract patterns from the input that we are constantly receiving. This skill is thought to be essential for language and literacy acquisition and has been suggested as a possible underlying difficult in children with Language Impairments and Dyslexia. This study aims to improve the measures of procedural learning (the smiley face task) so that we can measure procedural learning more reliably and, in the future, analyse the performance of individuals with learning impairments.\nThank you for participating!\n\n----\n\nEste estudo tem como objectivo analisar a nossa capacidade de extrair padrões da informação que estamos constantemente a receber. Pensa-se que esta competência é essencial para a aquisição da linguagem e literacia e foi sugerido que dificuldades neste tipo de competências poderá estar relacionado com perturbações da linguagem e Dislexia. Este estudo tem como objectivo melhorar a estabilidade das medidas usadas para medir este tipo de memória (a tarefa da cara sorridente) de forma a poder medir de forma mais precisa e, no futuro, analisar a performance de indivíduos com perturbações da aprendizagem. \nMuito obrigada por ter participado!"
19.183000000000003	EXP	End_text: font = "Arial"
19.183000000000003	EXP	End_text: color = {"_hex":"#FFFFFF","_rgb":[1,1,1]}
19.183000000000003	EXP	End_text: contrast = 1
19.183000000000003	EXP	End_text: height = 0.025
19.183000000000003	EXP	End_text: bold = false
19.183000000000003	EXP	End_text: italic = false
19.183000000000003	EXP	End_text: alignHoriz = "left"
19.183000000000003	EXP	End_text: alignVert = "center"
19.183000000000003	EXP	End_text: wrapWidth = 1
19.183000000000003	EXP	End_text: flipHoriz = false
19.183000000000003	EXP	End_text: flipVert = false
19.183000000000003	EXP	text: autoDraw = true
23.877000000000002	DATA	Keydown:  
23.8932	EXP	text: autoDraw = false
23.8932	EXP	text_3: autoDraw = true
33.198499999999996	DATA	Keydown:  
33.3454	EXP	text_3: autoDraw = false
33.3454	EXP	text_3: autoDraw = false
33.3454	EXP	text_2: autoDraw = true
33.3454	EXP	text_2: text = 0
33.3536	EXP	text_2: text = 29
33.378699999999995	EXP	text_2: text = 55
33.39169999999999	EXP	text_2: text = 66
33.4094	EXP	text_2: text = 83
33.4252	EXP	text_2: text = 99
33.4417	EXP	text_2: text = 116
33.45869999999999	EXP	text_2: text = 133
33.475199999999994	EXP	text_2: text = 149
33.4922	EXP	text_2: text = 166
33.5084	EXP	text_2: text = 182
33.52479999999999	EXP	text_2: text = 200
33.5417	EXP	text_2: text = 216
33.5588	EXP	text_2: text = 233
33.57529999999999	EXP	text_2: text = 249
33.59179999999999	EXP	text_2: text = 266
33.6085	EXP	text_2: text = 282
33.624900000000004	EXP	text_2: text = 299
33.641999999999996	EXP	text_2: text = 316
33.6581	EXP	text_2: text = 332
33.6751	EXP	text_2: text = 349
33.6915	EXP	text_2: text = 365
33.7085	EXP	text_2: text = 383
33.7251	EXP	text_2: text = 399
33.742799999999995	EXP	text_2: text = 416
33.7585	EXP	text_2: text = 432
33.7782	EXP	text_2: text = 454
33.7914	EXP	text_2: text = 465
33.8084	EXP	text_2: text = 482
33.824999999999996	EXP	text_2: text = 499
33.841	EXP	text_2: text = 515
33.869099999999996	EXP	text_2: text = 532
33.8767	EXP	text_2: text = 552
33.8929	EXP	text_2: text = 566
33.909699999999994	EXP	text_2: text = 582
33.924699999999994	EXP	text_2: text = 599
33.9417	EXP	text_2: text = 616
33.9579	EXP	text_2: text = 632
33.9744	EXP	text_2: text = 649
33.993	EXP	text_2: text = 669
33.996900000000004	DATA	Keydown:  
34.0087	EXP	text_2: text = 682
34.0087	EXP	text_2: autoDraw = false
34.0087	EXP	Feedback: text = 652
34.0087	EXP	Feedback: autoDraw = true
35.0075	EXP	Feedback: autoDraw = false
35.0075	EXP	Feedback: autoDraw = false
35.0075	EXP	text_3: autoDraw = true
39.65369999999999	EXP	text_3: autoDraw = false
39.65369999999999	EXP	text_3: autoDraw = false
39.65369999999999	EXP	text_2: autoDraw = true
39.65369999999999	EXP	text_2: text = 0
39.6686	EXP	text_2: text = 16
39.6881	EXP	text_2: text = 37
39.70179999999999	EXP	text_2: text = 49
39.7184	EXP	text_2: text = 66
39.735099999999996	EXP	text_2: text = 83
39.7517	EXP	text_2: text = 99
39.768699999999995	EXP	text_2: text = 116
39.7876	EXP	text_2: text = 137
39.80179999999999	EXP	text_2: text = 149
39.818400000000004	EXP	text_2: text = 166
39.8351	EXP	text_2: text = 182
39.851699999999994	EXP	text_2: text = 199
39.8686	EXP	text_2: text = 216
39.885299999999994	EXP	text_2: text = 232
39.9044	EXP	text_2: text = 254
39.918299999999995	EXP	text_2: text = 266
39.9351	EXP	text_2: text = 282
39.938	DATA	Keydown:  
39.954499999999996	EXP	text_2: text = 299
39.954499999999996	EXP	text_2: autoDraw = false
39.954499999999996	EXP	Feedback: text = 284
39.954499999999996	EXP	Feedback: autoDraw = true
40.9524	EXP	Feedback: autoDraw = false
40.9524	EXP	Feedback: autoDraw = false
40.9524	EXP	text_3: autoDraw = true
46.318400000000004	EXP	text_3: autoDraw = false
46.318400000000004	EXP	text_3: autoDraw = false
46.318400000000004	EXP	text_2: autoDraw = true
46.318400000000004	EXP	text_2: text = 0
46.330299999999994	EXP	text_2: text = 16
46.3464	EXP	text_2: text = 33
46.3624	EXP	text_2: text = 49
46.378699999999995	EXP	text_2: text = 66
46.407199999999996	EXP	text_2: text = 83
46.4145	EXP	text_2: text = 103
46.4296	EXP	text_2: text = 116
46.44579999999999	EXP	text_2: text = 133
46.46319999999999	EXP	text_2: text = 150
46.4785	EXP	text_2: text = 166
46.4978	EXP	text_2: text = 187
46.512699999999995	EXP	text_2: text = 199
46.5289	EXP	text_2: text = 216
46.5464	EXP	text_2: text = 232
46.562599999999996	EXP	text_2: text = 249
46.578599999999994	EXP	text_2: text = 266
46.5961	EXP	text_2: text = 284
46.598699999999994	DATA	Keydown:  
46.61279999999999	EXP	text_2: text = 299
46.61279999999999	EXP	text_2: autoDraw = false
46.61279999999999	EXP	Feedback: text = 284
46.61279999999999	EXP	Feedback: autoDraw = true
47.6114	EXP	Feedback: autoDraw = false
47.6114	EXP	Feedback: autoDraw = false
47.6114	EXP	text_3: autoDraw = true
52.081199999999995	EXP	text_3: autoDraw = false
52.081199999999995	EXP	text_3: autoDraw = false
52.081199999999995	EXP	text_2: autoDraw = true
52.081199999999995	EXP	text_2: text = 0
52.09119999999999	EXP	text_2: text = 17
52.1069	EXP	text_2: text = 32
52.1235	EXP	text_2: text = 50
52.14019999999999	EXP	text_2: text = 65
52.1568	EXP	text_2: text = 82
52.1729	EXP	text_2: text = 99
52.192299999999996	EXP	text_2: text = 120
52.206599999999995	EXP	text_2: text = 132
52.2235	EXP	text_2: text = 149
52.2401	EXP	text_2: text = 166
52.256299999999996	EXP	text_2: text = 182
52.273199999999996	EXP	text_2: text = 199
52.2902	EXP	text_2: text = 215
52.3091	EXP	text_2: text = 236
52.3231	EXP	text_2: text = 248
52.341	EXP	text_2: text = 265
52.3439	DATA	Keydown:  
52.357299999999995	EXP	text_2: text = 282
52.357299999999995	EXP	text_2: autoDraw = false
52.357299999999995	EXP	Feedback: text = 263
52.357299999999995	EXP	Feedback: autoDraw = true
53.357	EXP	Feedback: autoDraw = false
53.357	EXP	Feedback: autoDraw = false
53.357	EXP	text_3: autoDraw = true
53.8741	DATA	Keydown:  
56.258799999999994	EXP	text_3: autoDraw = false
56.258799999999994	EXP	text_3: autoDraw = false
56.258799999999994	EXP	text_2: autoDraw = true
56.258799999999994	EXP	text_2: text = 0
56.268499999999996	EXP	text_2: text = 16
56.2857	EXP	text_2: text = 32
56.3055	EXP	text_2: text = 54
56.319	EXP	text_2: text = 66
56.33579999999999	EXP	text_2: text = 84
56.352599999999995	EXP	text_2: text = 99
56.36879999999999	EXP	text_2: text = 116
56.3882	EXP	text_2: text = 136
56.4026	EXP	text_2: text = 149
56.4192	EXP	text_2: text = 166
56.43579999999999	EXP	text_2: text = 183
56.4525	EXP	text_2: text = 199
56.468799999999995	EXP	text_2: text = 215
56.485299999999995	EXP	text_2: text = 232
56.504799999999996	EXP	text_2: text = 253
56.5192	EXP	text_2: text = 266
56.535799999999995	EXP	text_2: text = 282
56.552299999999995	EXP	text_2: text = 299
56.569199999999995	EXP	text_2: text = 316
56.580799999999996	DATA	Keydown:  
56.58819999999999	EXP	text_2: text = 335
56.58819999999999	EXP	text_2: autoDraw = false
56.58819999999999	EXP	Feedback: text = 322
56.58819999999999	EXP	Feedback: autoDraw = true
57.5859	EXP	Feedback: autoDraw = false
57.5859	EXP	Feedback: autoDraw = false
57.5859	EXP	text_3: autoDraw = true
63.583600000000004	EXP	text_3: autoDraw = false
63.583600000000004	EXP	text_3: autoDraw = false
63.583600000000004	EXP	text_2: autoDraw = true
63.583600000000004	EXP	text_2: text = 0
63.5945	EXP	text_2: text = 16
63.61229999999999	EXP	text_2: text = 32
63.6285	EXP	text_2: text = 49
63.6455	EXP	text_2: text = 66
63.6619	EXP	text_2: text = 82
63.67819999999999	EXP	text_2: text = 99
63.6973	EXP	text_2: text = 120
63.7123	EXP	text_2: text = 133
63.728899999999996	EXP	text_2: text = 149
63.7453	EXP	text_2: text = 166
63.762299999999996	EXP	text_2: text = 183
63.7787	EXP	text_2: text = 199
63.795500000000004	EXP	text_2: text = 216
63.816199999999995	EXP	text_2: text = 239
63.8284	EXP	text_2: text = 249
63.8378	DATA	Keydown:  
63.8459	EXP	text_2: text = 266
63.8459	EXP	text_2: autoDraw = false
63.8459	EXP	Feedback: text = 254
63.8459	EXP	Feedback: autoDraw = true
64.8448	EXP	Feedback: autoDraw = false
64.8448	EXP	Feedback: autoDraw = false
64.8448	EXP	text_3: autoDraw = true
70.7732	EXP	text_3: autoDraw = false
70.7732	EXP	text_3: autoDraw = false
70.7732	EXP	text_2: autoDraw = true
70.7732	EXP	text_2: text = 0
70.788	EXP	text_2: text = 16
70.80739999999998	EXP	text_2: text = 38
70.82119999999999	EXP	text_2: text = 50
70.84060000000001	EXP	text_2: text = 71
70.85719999999999	EXP	text_2: text = 83
70.8712	EXP	text_2: text = 100
70.88810000000001	EXP	text_2: text = 116
70.9052	EXP	text_2: text = 135
70.9215	EXP	text_2: text = 150
70.94030000000001	EXP	text_2: text = 171
70.95439999999999	EXP	text_2: text = 183
70.9734	EXP	text_2: text = 204
70.98819999999999	EXP	text_2: text = 217
70.9927	DATA	Keydown:  
71.00489999999999	EXP	text_2: text = 233
71.00489999999999	EXP	text_2: autoDraw = false
71.00489999999999	EXP	Feedback: text = 220
71.00489999999999	EXP	Feedback: autoDraw = true
72.00489999999999	EXP	Feedback: autoDraw = false
72.00489999999999	EXP	Feedback: autoDraw = false
72.00489999999999	EXP	text_3: autoDraw = true
77.8175	EXP	text_3: autoDraw = false
77.8175	EXP	text_3: autoDraw = false
77.8175	EXP	text_2: autoDraw = true
77.8175	EXP	text_2: text = 0
77.831	EXP	text_2: text = 16
77.8502	EXP	text_2: text = 37
77.8642	EXP	text_2: text = 49
77.8833	EXP	text_2: text = 70
77.898	EXP	text_2: text = 83
77.9141	EXP	text_2: text = 99
77.9341	EXP	text_2: text = 121
77.948	EXP	text_2: text = 132
77.9646	EXP	text_2: text = 149
77.98089999999999	EXP	text_2: text = 166
77.99789999999999	EXP	text_2: text = 182
78.017	EXP	text_2: text = 200
78.03089999999999	EXP	text_2: text = 215
78.0476	EXP	text_2: text = 232
78.0655	EXP	text_2: text = 251
78.081	EXP	text_2: text = 265
78.1038	EXP	text_2: text = 290
78.1065	DATA	Keydown:  
78.1147	EXP	text_2: text = 299
78.1147	EXP	text_2: autoDraw = false
78.1147	EXP	Feedback: text = 289
78.1147	EXP	Feedback: autoDraw = true
79.1135	EXP	Feedback: autoDraw = false
79.1135	EXP	Feedback: autoDraw = false
79.1135	EXP	text_3: autoDraw = true
85.508	EXP	text_3: autoDraw = false
85.508	EXP	text_3: autoDraw = false
85.508	EXP	text_2: autoDraw = true
85.508	EXP	text_2: text = 0
85.5242	EXP	text_2: text = 17
85.5443	EXP	text_2: text = 39
85.5571	EXP	text_2: text = 50
85.5735	EXP	text_2: text = 67
85.59	EXP	text_2: text = 83
85.60669999999999	EXP	text_2: text = 100
85.6257	EXP	text_2: text = 121
85.64	EXP	text_2: text = 133
85.65910000000001	EXP	text_2: text = 154
85.67339999999998	EXP	text_2: text = 166
85.6901	EXP	text_2: text = 183
85.7091	EXP	text_2: text = 204
85.72330000000001	EXP	text_2: text = 216
85.7422	EXP	text_2: text = 237
85.7567	EXP	text_2: text = 250
85.7732	EXP	text_2: text = 266
85.792	EXP	text_2: text = 287
85.80669999999999	EXP	text_2: text = 300
85.82539999999999	EXP	text_2: text = 321
85.8398	EXP	text_2: text = 333
85.8566	EXP	text_2: text = 350
85.8592	DATA	Keydown:  
85.877	EXP	text_2: text = 371
85.877	EXP	text_2: autoDraw = false
85.877	EXP	Feedback: text = 351
85.877	EXP	Feedback: autoDraw = true
86.872	EXP	Feedback: autoDraw = false
86.872	EXP	Feedback: autoDraw = false
86.872	EXP	text_3: autoDraw = true
90.6539	EXP	text_3: autoDraw = false
90.6539	EXP	text_3: autoDraw = false
90.6539	EXP	text_2: autoDraw = true
90.6539	EXP	text_2: text = 0
90.6686	EXP	text_2: text = 16
90.6878	EXP	text_2: text = 38
90.70219999999999	EXP	text_2: text = 49
90.719	EXP	text_2: text = 66
90.7367	EXP	text_2: text = 85
90.752	EXP	text_2: text = 100
90.77069999999999	EXP	text_2: text = 120
90.785	EXP	text_2: text = 133
90.804	EXP	text_2: text = 154
90.8184	EXP	text_2: text = 166
90.835	EXP	text_2: text = 183
90.8539	EXP	text_2: text = 204
90.8681	EXP	text_2: text = 216
90.88719999999999	EXP	text_2: text = 237
90.89139999999999	DATA	Keydown:  
90.9024	EXP	text_2: text = 249
90.9024	EXP	text_2: autoDraw = false
90.9024	EXP	Feedback: text = 238
90.9024	EXP	Feedback: autoDraw = true
91.90060000000001	EXP	Feedback: autoDraw = false
91.90060000000001	EXP	Feedback: autoDraw = false
91.90060000000001	EXP	text_3: autoDraw = true
101.64569999999999	EXP	text_3: autoDraw = false
101.64569999999999	EXP	text_3: autoDraw = false
101.64569999999999	EXP	text_2: autoDraw = true
101.64569999999999	EXP	text_2: text = 0
101.6582	EXP	text_2: text = 16
101.67410000000001	EXP	text_2: text = 33
101.691	EXP	text_2: text = 50
101.70739999999999	EXP	text_2: text = 66
101.7243	EXP	text_2: text = 83
101.74069999999999	EXP	text_2: text = 99
101.7602	EXP	text_2: text = 121
101.7745	EXP	text_2: text = 133
101.7907	EXP	text_2: text = 149
101.81099999999999	EXP	text_2: text = 171
101.8239	EXP	text_2: text = 183
101.843	EXP	text_2: text = 204
101.8578	EXP	text_2: text = 216
101.87389999999999	EXP	text_2: text = 233
101.8935	EXP	text_2: text = 254
101.9072	EXP	text_2: text = 266
101.9127	DATA	Keydown:  
101.9278	EXP	text_2: text = 287
101.9278	EXP	text_2: autoDraw = false
101.9278	EXP	Feedback: text = 267
101.9278	EXP	Feedback: autoDraw = true
102.9242	EXP	Feedback: autoDraw = false
102.9242	EXP	Feedback: autoDraw = false
102.9242	EXP	text_3: autoDraw = true
106.5111	EXP	text_3: autoDraw = false
106.5111	EXP	text_3: autoDraw = false
106.5111	EXP	text_2: autoDraw = true
106.5111	EXP	text_2: text = 0
106.52239999999999	EXP	text_2: text = 20
106.5363	EXP	text_2: text = 32
106.5558	EXP	text_2: text = 54
106.5692	EXP	text_2: text = 66
106.5885	EXP	text_2: text = 87
106.6027	EXP	text_2: text = 99
106.6193	EXP	text_2: text = 115
106.6388	EXP	text_2: text = 137
106.6524	EXP	text_2: text = 149
106.6721	EXP	text_2: text = 170
106.6862	EXP	text_2: text = 182
106.7056	EXP	text_2: text = 204
106.7192	EXP	text_2: text = 215
106.7358	EXP	text_2: text = 232
106.7525	EXP	text_2: text = 249
106.76910000000001	EXP	text_2: text = 265
106.7862	EXP	text_2: text = 283
106.8026	EXP	text_2: text = 299
106.82169999999999	EXP	text_2: text = 320
106.83630000000001	EXP	text_2: text = 332
106.85719999999999	EXP	text_2: text = 353
106.8708	EXP	text_2: text = 367
106.8744	DATA	Keydown:  
106.8865	EXP	text_2: text = 382
106.8865	EXP	text_2: autoDraw = false
106.8865	EXP	Feedback: text = 364
106.8865	EXP	Feedback: autoDraw = true
107.8858	EXP	Feedback: autoDraw = false
107.8858	EXP	Feedback: autoDraw = false
107.8858	EXP	text_3: autoDraw = true
112.987	EXP	text_3: autoDraw = false
112.987	EXP	text_3: autoDraw = false
112.987	EXP	text_2: autoDraw = true
112.987	EXP	text_2: text = 0
112.99719999999999	EXP	text_2: text = 17
113.01339999999999	EXP	text_2: text = 32
113.0335	EXP	text_2: text = 55
113.0469	EXP	text_2: text = 66
113.0632	EXP	text_2: text = 82
113.081	EXP	text_2: text = 101
113.0961	EXP	text_2: text = 116
113.1154	EXP	text_2: text = 137
113.1302	EXP	text_2: text = 149
113.1464	EXP	text_2: text = 166
113.163	EXP	text_2: text = 183
113.1795	EXP	text_2: text = 199
113.1988	EXP	text_2: text = 220
113.2128	EXP	text_2: text = 232
113.232	EXP	text_2: text = 253
113.2463	EXP	text_2: text = 266
113.2626	EXP	text_2: text = 282
113.2819	EXP	text_2: text = 303
113.29599999999999	EXP	text_2: text = 315
113.3035	DATA	Keydown:  
113.3232	EXP	text_2: text = 341
113.3232	EXP	text_2: autoDraw = false
113.3232	EXP	Feedback: text = 317
113.3232	EXP	Feedback: autoDraw = true
114.31269999999999	EXP	Feedback: autoDraw = false
114.31269999999999	EXP	Feedback: autoDraw = false
114.31269999999999	EXP	text_3: autoDraw = true
117.6652	DATA	Keydown:  
122.77839999999999	EXP	text_3: autoDraw = false
122.77839999999999	EXP	text_3: autoDraw = false
122.77839999999999	EXP	text_2: autoDraw = true
122.77839999999999	EXP	text_2: text = 0
122.7872	EXP	text_2: text = 18
122.8039	EXP	text_2: text = 32
122.821	EXP	text_2: text = 51
122.8366	EXP	text_2: text = 66
122.856	EXP	text_2: text = 87
122.87039999999999	EXP	text_2: text = 100
122.8864	EXP	text_2: text = 116
122.907	EXP	text_2: text = 138
122.9201	EXP	text_2: text = 149
122.9369	EXP	text_2: text = 166
122.9533	EXP	text_2: text = 182
122.9697	EXP	text_2: text = 199
122.9892	EXP	text_2: text = 220
123.0029	EXP	text_2: text = 232
123.02239999999999	EXP	text_2: text = 253
123.037	EXP	text_2: text = 266
123.05369999999999	EXP	text_2: text = 282
123.0568	DATA	Keydown:  
123.0737	EXP	text_2: text = 303
123.0737	EXP	text_2: autoDraw = false
123.0737	EXP	Feedback: text = 278
123.0737	EXP	Feedback: autoDraw = true
124.06960000000001	EXP	Feedback: autoDraw = false
124.06960000000001	EXP	Feedback: autoDraw = false
124.06960000000001	EXP	text_3: autoDraw = true
129.3509	EXP	text_3: autoDraw = false
129.3509	EXP	text_3: autoDraw = false
129.3509	EXP	text_2: autoDraw = true
129.3509	EXP	text_2: text = 0
129.3633	EXP	text_2: text = 16
129.3825	EXP	text_2: text = 37
129.3966	EXP	text_2: text = 49
129.4159	EXP	text_2: text = 70
129.43019999999998	EXP	text_2: text = 83
129.4465	EXP	text_2: text = 99
129.4664	EXP	text_2: text = 121
129.4805	EXP	text_2: text = 132
129.49710000000002	EXP	text_2: text = 149
129.5135	EXP	text_2: text = 166
129.5302	EXP	text_2: text = 182
129.5496	EXP	text_2: text = 204
129.5631	EXP	text_2: text = 216
129.5798	EXP	text_2: text = 232
129.5967	EXP	text_2: text = 249
129.6136	EXP	text_2: text = 266
129.6327	EXP	text_2: text = 287
129.6464	EXP	text_2: text = 299
129.6632	EXP	text_2: text = 316
129.6799	EXP	text_2: text = 332
129.6967	EXP	text_2: text = 349
129.7121	DATA	Keydown:  
129.7172	EXP	text_2: text = 371
129.7172	EXP	text_2: autoDraw = false
129.7172	EXP	Feedback: text = 361
129.7172	EXP	Feedback: autoDraw = true
130.7119	EXP	Feedback: autoDraw = false
130.7119	EXP	Feedback: autoDraw = false
130.7119	EXP	text_3: autoDraw = true
135.3283	EXP	text_3: autoDraw = false
135.3283	EXP	text_3: autoDraw = false
135.3283	EXP	text_2: autoDraw = true
135.3283	EXP	text_2: text = 0
135.3408	EXP	text_2: text = 16
135.3603	EXP	text_2: text = 37
135.3741	EXP	text_2: text = 49
135.3934	EXP	text_2: text = 70
135.4079	EXP	text_2: text = 83
135.4239	EXP	text_2: text = 99
135.444	EXP	text_2: text = 121
135.4573	EXP	text_2: text = 133
135.4766	EXP	text_2: text = 154
135.4907	EXP	text_2: text = 166
135.50740000000002	EXP	text_2: text = 182
135.5268	EXP	text_2: text = 204
135.54059999999998	EXP	text_2: text = 216
135.5599	EXP	text_2: text = 237
135.57449999999997	EXP	text_2: text = 249
135.5907	EXP	text_2: text = 266
135.6104	EXP	text_2: text = 287
135.62390000000002	EXP	text_2: text = 299
135.634	DATA	Keydown:  
135.6438	EXP	text_2: text = 320
135.6438	EXP	text_2: autoDraw = false
135.6438	EXP	Feedback: text = 306
135.6438	EXP	Feedback: autoDraw = true
136.64049999999997	EXP	Feedback: autoDraw = false
136.64049999999997	EXP	Feedback: autoDraw = false
136.64049999999997	EXP	text_3: autoDraw = true
141.4708	EXP	text_3: autoDraw = false
141.4708	EXP	text_3: autoDraw = false
141.4708	EXP	text_2: autoDraw = true
141.4708	EXP	text_2: text = 0
141.4847	EXP	text_2: text = 16
141.5043	EXP	text_2: text = 37
141.51799999999997	EXP	text_2: text = 49
141.53730000000002	EXP	text_2: text = 70
141.55169999999998	EXP	text_2: text = 83
141.5681	EXP	text_2: text = 99
141.59380000000002	EXP	text_2: text = 127
141.6009	EXP	text_2: text = 133
141.61849999999998	EXP	text_2: text = 149
141.6353	EXP	text_2: text = 167
141.6515	EXP	text_2: text = 183
141.67090000000002	EXP	text_2: text = 204
141.68449999999998	EXP	text_2: text = 216
141.70340000000002	EXP	text_2: text = 237
141.7178	EXP	text_2: text = 249
141.7376	EXP	text_2: text = 271
141.7448	DATA	Keydown:  
141.7523	EXP	text_2: text = 283
141.7523	EXP	text_2: autoDraw = false
141.7523	EXP	Feedback: text = 274
141.7523	EXP	Feedback: autoDraw = true
142.75119999999998	EXP	Feedback: autoDraw = false
142.75119999999998	EXP	Feedback: autoDraw = false
142.75119999999998	EXP	text_3: autoDraw = true
144.8204	EXP	text_3: autoDraw = false
144.8204	EXP	text_3: autoDraw = false
144.8204	EXP	text_2: autoDraw = true
144.8204	EXP	text_2: text = 0
144.83149999999998	EXP	text_2: text = 16
144.8484	EXP	text_2: text = 33
144.8659	EXP	text_2: text = 51
144.8816	EXP	text_2: text = 66
144.9013	EXP	text_2: text = 88
144.91490000000002	EXP	text_2: text = 99
144.9316	EXP	text_2: text = 116
144.9511	EXP	text_2: text = 137
144.9646	EXP	text_2: text = 149
144.98399999999998	EXP	text_2: text = 170
144.99849999999998	EXP	text_2: text = 183
145.0145	EXP	text_2: text = 199
145.03449999999998	EXP	text_2: text = 221
145.0477	EXP	text_2: text = 232
145.0649	EXP	text_2: text = 249
145.0813	EXP	text_2: text = 266
145.0984	EXP	text_2: text = 283
145.1173	EXP	text_2: text = 304
145.1311	EXP	text_2: text = 316
145.15109999999998	EXP	text_2: text = 337
145.1651	EXP	text_2: text = 350
145.17149999999998	DATA	Keydown:  
145.182	EXP	text_2: text = 366
145.182	EXP	text_2: autoDraw = false
145.182	EXP	Feedback: text = 351
145.182	EXP	Feedback: autoDraw = true
146.1814	EXP	Feedback: autoDraw = false
146.1814	EXP	Feedback: autoDraw = false
146.1814	EXP	text_3: autoDraw = true
151.84359999999998	EXP	text_3: autoDraw = false
151.84359999999998	EXP	text_3: autoDraw = false
151.84359999999998	EXP	text_2: autoDraw = true
151.84359999999998	EXP	text_2: text = 0
151.8579	EXP	text_2: text = 16
151.8768	EXP	text_2: text = 37
151.891	EXP	text_2: text = 49
151.9108	EXP	text_2: text = 71
151.9249	EXP	text_2: text = 83
151.94099999999997	EXP	text_2: text = 99
151.9608	EXP	text_2: text = 121
151.9743	EXP	text_2: text = 133
151.9937	EXP	text_2: text = 154
152.0082	EXP	text_2: text = 167
152.0243	EXP	text_2: text = 183
152.04549999999997	EXP	text_2: text = 205
152.05769999999998	EXP	text_2: text = 216
152.0746	EXP	text_2: text = 233
152.0916	EXP	text_2: text = 250
152.09449999999998	DATA	Keydown:  
152.1087	EXP	text_2: text = 266
152.1087	EXP	text_2: autoDraw = false
152.1087	EXP	Feedback: text = 251
152.1087	EXP	Feedback: autoDraw = true
153.1076	EXP	Feedback: autoDraw = false
153.1076	EXP	Feedback: autoDraw = false
153.1076	EXP	text_3: autoDraw = true
162.9842	EXP	text_3: autoDraw = false
162.9842	EXP	text_3: autoDraw = false
162.9842	EXP	text_2: autoDraw = true
162.9842	EXP	text_2: text = 0
162.9967	EXP	text_2: text = 16
163.01659999999998	EXP	text_2: text = 37
163.0301	EXP	text_2: text = 49
163.0483	EXP	text_2: text = 66
163.06380000000001	EXP	text_2: text = 83
163.0802	EXP	text_2: text = 99
163.09959999999998	EXP	text_2: text = 120
163.1137	EXP	text_2: text = 133
163.1306	EXP	text_2: text = 149
163.1471	EXP	text_2: text = 166
163.1633	EXP	text_2: text = 183
163.18280000000001	EXP	text_2: text = 204
163.19709999999998	EXP	text_2: text = 216
163.2131	EXP	text_2: text = 232
163.2388	EXP	text_2: text = 258
163.2526	EXP	text_2: text = 272
163.2643	EXP	text_2: text = 282
163.2737	DATA	Keydown:  
163.27999999999997	EXP	text_2: text = 299
163.27999999999997	EXP	text_2: autoDraw = false
163.27999999999997	EXP	Feedback: text = 290
163.27999999999997	EXP	Feedback: autoDraw = true
164.27949999999998	EXP	Feedback: autoDraw = false
164.27949999999998	EXP	Feedback: autoDraw = false
164.27949999999998	EXP	text_3: autoDraw = true
169.8442	EXP	text_3: autoDraw = false
169.8442	EXP	text_3: autoDraw = false
169.8442	EXP	text_2: autoDraw = true
169.8442	EXP	text_2: text = 0
169.8567	EXP	text_2: text = 16
169.87609999999998	EXP	text_2: text = 37
169.89	EXP	text_2: text = 49
169.9093	EXP	text_2: text = 70
169.92419999999998	EXP	text_2: text = 83
169.9399	EXP	text_2: text = 99
169.9595	EXP	text_2: text = 120
169.9733	EXP	text_2: text = 132
169.9933	EXP	text_2: text = 154
170.00699999999998	EXP	text_2: text = 166
170.0234	EXP	text_2: text = 182
170.04340000000002	EXP	text_2: text = 204
170.0566	EXP	text_2: text = 215
170.0735	EXP	text_2: text = 232
170.0899	EXP	text_2: text = 249
170.10699999999997	EXP	text_2: text = 265
170.1265	EXP	text_2: text = 287
170.1398	EXP	text_2: text = 299
170.1593	EXP	text_2: text = 320
170.16230000000002	DATA	Keydown:  
170.1739	EXP	text_2: text = 332
170.1739	EXP	text_2: autoDraw = false
170.1739	EXP	Feedback: text = 318
170.1739	EXP	Feedback: autoDraw = true
171.17299999999997	EXP	Feedback: autoDraw = false
171.17299999999997	EXP	Feedback: autoDraw = false
171.17299999999997	EXP	text_3: autoDraw = true
177.22099999999997	EXP	text_3: autoDraw = false
177.22099999999997	EXP	text_3: autoDraw = false
177.22099999999997	EXP	text_2: autoDraw = true
177.22099999999997	EXP	text_2: text = 0
177.2328	EXP	text_2: text = 15
177.2529	EXP	text_2: text = 37
177.2661	EXP	text_2: text = 49
177.283	EXP	text_2: text = 65
177.2996	EXP	text_2: text = 82
177.31609999999998	EXP	text_2: text = 99
177.3355	EXP	text_2: text = 120
177.3493	EXP	text_2: text = 132
177.36899999999997	EXP	text_2: text = 153
177.38309999999998	EXP	text_2: text = 166
177.3993	EXP	text_2: text = 182
177.4196	EXP	text_2: text = 204
177.4331	EXP	text_2: text = 215
177.4496	EXP	text_2: text = 232
177.4662	EXP	text_2: text = 249
177.4826	EXP	text_2: text = 265
177.5022	EXP	text_2: text = 286
177.5054	DATA	Keydown:  
177.51649999999998	EXP	text_2: text = 298
177.51649999999998	EXP	text_2: autoDraw = false
177.51649999999998	EXP	Feedback: text = 284
177.51649999999998	EXP	Feedback: autoDraw = true
178.51590000000002	EXP	Feedback: autoDraw = false
178.51590000000002	EXP	Feedback: autoDraw = false
178.51590000000002	EXP	text_3: autoDraw = true
186.8932	EXP	text_3: autoDraw = false
186.8932	EXP	text_3: autoDraw = false
186.8932	EXP	text_2: autoDraw = true
186.8932	EXP	text_2: text = 0
186.9068	EXP	text_2: text = 16
186.9263	EXP	text_2: text = 38
186.9398	EXP	text_2: text = 50
186.9592	EXP	text_2: text = 71
186.9731	EXP	text_2: text = 83
186.9898	EXP	text_2: text = 100
187.00959999999998	EXP	text_2: text = 121
187.0231	EXP	text_2: text = 133
187.0429	EXP	text_2: text = 154
187.0566	EXP	text_2: text = 166
187.0733	EXP	text_2: text = 183
187.09290000000001	EXP	text_2: text = 204
187.1064	EXP	text_2: text = 216
187.1258	EXP	text_2: text = 237
187.1398	EXP	text_2: text = 249
187.1593	EXP	text_2: text = 271
187.1735	EXP	text_2: text = 283
187.18959999999998	EXP	text_2: text = 299
187.19949999999997	DATA	Keydown:  
187.20749999999998	EXP	text_2: text = 316
187.20749999999998	EXP	text_2: autoDraw = false
187.20749999999998	EXP	Feedback: text = 306
187.20749999999998	EXP	Feedback: autoDraw = true
188.20659999999998	EXP	Feedback: autoDraw = false
188.20659999999998	EXP	Feedback: autoDraw = false
188.20659999999998	EXP	text_3: autoDraw = true
198.03549999999998	EXP	text_3: autoDraw = false
198.03549999999998	EXP	text_3: autoDraw = false
198.03549999999998	EXP	text_2: autoDraw = true
198.03549999999998	EXP	text_2: text = 0
198.0464	EXP	text_2: text = 17
198.0627	EXP	text_2: text = 32
198.0894	EXP	text_2: text = 61
198.0993	EXP	text_2: text = 71
198.1123	EXP	text_2: text = 83
198.129	EXP	text_2: text = 99
198.1459	EXP	text_2: text = 116
198.1653	EXP	text_2: text = 137
198.1788	EXP	text_2: text = 149
198.1983	EXP	text_2: text = 171
198.21280000000001	EXP	text_2: text = 183
198.2292	EXP	text_2: text = 199
198.2482	EXP	text_2: text = 220
198.2623	EXP	text_2: text = 232
198.2809	EXP	text_2: text = 253
198.2958	EXP	text_2: text = 266
198.3062	DATA	Keydown:  
198.3129	EXP	text_2: text = 282
198.3129	EXP	text_2: autoDraw = false
198.3129	EXP	Feedback: text = 271
198.3129	EXP	Feedback: autoDraw = true
199.3121	EXP	Feedback: autoDraw = false
199.3121	EXP	Feedback: autoDraw = false
199.3121	EXP	text_3: autoDraw = true
207.37249999999997	EXP	text_3: autoDraw = false
207.37249999999997	EXP	text_3: autoDraw = false
207.37249999999997	EXP	text_2: autoDraw = true
207.37249999999997	EXP	text_2: text = 0
207.3876	EXP	text_2: text = 16
207.40619999999998	EXP	text_2: text = 38
207.41949999999997	EXP	text_2: text = 49
207.4393	EXP	text_2: text = 71
207.4535	EXP	text_2: text = 83
207.4701	EXP	text_2: text = 99
207.48649999999998	EXP	text_2: text = 116
207.5029	EXP	text_2: text = 132
207.5224	EXP	text_2: text = 154
207.5362	EXP	text_2: text = 166
207.5532	EXP	text_2: text = 182
207.57340000000002	EXP	text_2: text = 203
207.5866	EXP	text_2: text = 216
207.605	EXP	text_2: text = 236
207.6224	EXP	text_2: text = 250
207.6362	EXP	text_2: text = 266
207.6531	EXP	text_2: text = 282
207.66949999999997	EXP	text_2: text = 300
207.68640000000002	EXP	text_2: text = 316
207.7053	EXP	text_2: text = 337
207.7194	EXP	text_2: text = 349
207.7385	EXP	text_2: text = 370
207.753	EXP	text_2: text = 383
207.76930000000001	EXP	text_2: text = 399
207.7887	EXP	text_2: text = 420
207.8028	EXP	text_2: text = 432
207.8219	EXP	text_2: text = 454
207.8282	DATA	Keydown:  
207.839	EXP	text_2: text = 466
207.839	EXP	text_2: autoDraw = false
207.839	EXP	Feedback: text = 456
207.839	EXP	Feedback: autoDraw = true
208.8359	EXP	Feedback: autoDraw = false
208.8359	EXP	Feedback: autoDraw = false
208.8359	EXP	text_3: autoDraw = true
217.1311	EXP	text_3: autoDraw = false
217.1311	EXP	text_3: autoDraw = false
217.1311	EXP	text_2: autoDraw = true
217.1311	EXP	text_2: text = 0
217.1434	EXP	text_2: text = 15
217.1628	EXP	text_2: text = 36
217.17649999999998	EXP	text_2: text = 48
217.19549999999998	EXP	text_2: text = 69
217.2103	EXP	text_2: text = 82
217.22709999999998	EXP	text_2: text = 98
217.2459	EXP	text_2: text = 119
217.26	EXP	text_2: text = 132
217.2797	EXP	text_2: text = 153
217.2936	EXP	text_2: text = 165
217.3099	EXP	text_2: text = 182
217.32909999999998	EXP	text_2: text = 203
217.3431	EXP	text_2: text = 215
217.3623	EXP	text_2: text = 236
217.37640000000002	EXP	text_2: text = 248
217.3828	DATA	Keydown:  
217.39690000000002	EXP	text_2: text = 269
217.39690000000002	EXP	text_2: autoDraw = false
217.39690000000002	EXP	Feedback: text = 252
217.39690000000002	EXP	Feedback: autoDraw = true
218.3931	EXP	Feedback: autoDraw = false
218.3931	EXP	Feedback: autoDraw = false
218.3931	EXP	text_3: autoDraw = true
223.1058	EXP	text_3: autoDraw = false
223.1058	EXP	text_3: autoDraw = false
223.1058	EXP	text_2: autoDraw = true
223.1058	EXP	text_2: text = 0
223.1207	EXP	text_2: text = 17
223.1403	EXP	text_2: text = 38
223.1541	EXP	text_2: text = 50
223.17309999999998	EXP	text_2: text = 70
223.1873	EXP	text_2: text = 83
223.207	EXP	text_2: text = 104
223.22099999999997	EXP	text_2: text = 117
223.23749999999998	EXP	text_2: text = 133
223.2597	EXP	text_2: text = 154
223.2707	EXP	text_2: text = 166
223.2877	EXP	text_2: text = 183
223.30440000000001	EXP	text_2: text = 200
223.32059999999998	EXP	text_2: text = 216
223.33999999999997	EXP	text_2: text = 237
223.3543	EXP	text_2: text = 250
223.3655	DATA	Keydown:  
223.3723	EXP	text_2: text = 267
223.3723	EXP	text_2: autoDraw = false
223.3723	EXP	Feedback: text = 260
223.3723	EXP	Feedback: autoDraw = true
224.3707	EXP	Feedback: autoDraw = false
224.3707	EXP	Feedback: autoDraw = false
224.3707	EXP	text_3: autoDraw = true
226.8214	EXP	text_3: autoDraw = false
226.8214	EXP	text_3: autoDraw = false
226.8214	EXP	text_2: autoDraw = true
226.8214	EXP	text_2: text = 0
226.83399999999997	EXP	text_2: text = 16
226.8533	EXP	text_2: text = 37
226.8671	EXP	text_2: text = 49
226.8862	EXP	text_2: text = 71
226.9009	EXP	text_2: text = 83
226.91699999999997	EXP	text_2: text = 99
226.93749999999997	EXP	text_2: text = 122
226.9504	EXP	text_2: text = 133
226.9673	EXP	text_2: text = 149
226.98399999999998	EXP	text_2: text = 166
227.0003	EXP	text_2: text = 183
227.0198	EXP	text_2: text = 204
227.03359999999998	EXP	text_2: text = 216
227.0502	EXP	text_2: text = 232
227.0669	EXP	text_2: text = 249
227.0729	DATA	Keydown:  
227.08440000000002	EXP	text_2: text = 266
227.08440000000002	EXP	text_2: autoDraw = false
227.08440000000002	EXP	Feedback: text = 252
227.08440000000002	EXP	Feedback: autoDraw = true
228.0832	EXP	Feedback: autoDraw = false
228.0832	EXP	Feedback: autoDraw = false
228.0832	EXP	text_3: autoDraw = true
231.1495	EXP	text_3: autoDraw = false
231.1495	EXP	text_3: autoDraw = false
231.1495	EXP	text_2: autoDraw = true
231.1495	EXP	text_2: text = 0
231.1629	EXP	text_2: text = 15
231.18290000000002	EXP	text_2: text = 37
231.1962	EXP	text_2: text = 49
231.2131	EXP	text_2: text = 65
231.2298	EXP	text_2: text = 82
231.24609999999998	EXP	text_2: text = 99
231.2658	EXP	text_2: text = 120
231.2794	EXP	text_2: text = 132
231.2964	EXP	text_2: text = 148
231.3133	EXP	text_2: text = 165
231.3296	EXP	text_2: text = 182
231.3488	EXP	text_2: text = 203
231.3626	EXP	text_2: text = 215
231.38199999999998	EXP	text_2: text = 236
231.39659999999998	EXP	text_2: text = 248
231.4128	EXP	text_2: text = 265
231.4163	DATA	Keydown:  
231.4334	EXP	text_2: text = 286
231.4334	EXP	text_2: autoDraw = false
231.4334	EXP	Feedback: text = 267
231.4334	EXP	Feedback: autoDraw = true
232.4289	EXP	Feedback: autoDraw = false
232.4289	EXP	Feedback: autoDraw = false
232.4289	EXP	text_3: autoDraw = true
237.3458	EXP	text_3: autoDraw = false
237.3458	EXP	text_3: autoDraw = false
237.3458	EXP	text_2: autoDraw = true
237.3458	EXP	text_2: text = 0
237.35699999999997	EXP	text_2: text = 16
237.37359999999998	EXP	text_2: text = 33
237.39059999999998	EXP	text_2: text = 50
237.4069	EXP	text_2: text = 66
237.4261	EXP	text_2: text = 87
237.44	EXP	text_2: text = 99
237.4593	EXP	text_2: text = 120
237.4743	EXP	text_2: text = 133
237.49009999999998	EXP	text_2: text = 149
237.5093	EXP	text_2: text = 170
237.5234	EXP	text_2: text = 182
237.54319999999998	EXP	text_2: text = 204
237.557	EXP	text_2: text = 216
237.5735	EXP	text_2: text = 232
237.5896	DATA	Keydown:  
237.59499999999997	EXP	text_2: text = 255
237.59499999999997	EXP	text_2: autoDraw = false
237.59499999999997	EXP	Feedback: text = 244
237.59499999999997	EXP	Feedback: autoDraw = true
238.59109999999998	EXP	Feedback: autoDraw = false
238.59109999999998	EXP	Feedback: autoDraw = false
238.59109999999998	EXP	text_3: autoDraw = true
238.7466	DATA	Keydown:  
241.62349999999998	EXP	text_3: autoDraw = false
241.62349999999998	EXP	text_3: autoDraw = false
241.62349999999998	EXP	text_2: autoDraw = true
241.62349999999998	EXP	text_2: text = 0
241.6358	EXP	text_2: text = 15
241.65619999999998	EXP	text_2: text = 37
241.6691	EXP	text_2: text = 49
241.68599999999998	EXP	text_2: text = 65
241.7028	EXP	text_2: text = 82
241.719	EXP	text_2: text = 99
241.7386	EXP	text_2: text = 120
241.7523	EXP	text_2: text = 132
241.772	EXP	text_2: text = 153
241.78609999999998	EXP	text_2: text = 165
241.80259999999998	EXP	text_2: text = 182
241.8223	EXP	text_2: text = 204
241.8363	EXP	text_2: text = 215
241.85240000000002	EXP	text_2: text = 232
241.8692	EXP	text_2: text = 249
241.8801	DATA	Keydown:  
241.88699999999997	EXP	text_2: text = 266
241.88699999999997	EXP	text_2: autoDraw = false
241.88699999999997	EXP	Feedback: text = 257
241.88699999999997	EXP	Feedback: autoDraw = true
242.8852	EXP	Feedback: autoDraw = false
242.8852	EXP	Feedback: autoDraw = false
242.8852	EXP	text_3: autoDraw = true
247.31709999999998	EXP	text_3: autoDraw = false
247.31709999999998	EXP	text_3: autoDraw = false
247.31709999999998	EXP	text_2: autoDraw = true
247.31709999999998	EXP	text_2: text = 0
247.3303	EXP	text_2: text = 16
247.34990000000002	EXP	text_2: text = 38
247.3635	EXP	text_2: text = 49
247.3829	EXP	text_2: text = 71
247.3971	EXP	text_2: text = 83
247.4136	EXP	text_2: text = 100
247.432	EXP	text_2: text = 119
247.4468	EXP	text_2: text = 133
247.4674	EXP	text_2: text = 155
247.48059999999998	EXP	text_2: text = 166
247.4968	EXP	text_2: text = 183
247.51659999999998	EXP	text_2: text = 204
247.52999999999997	EXP	text_2: text = 216
247.5472	EXP	text_2: text = 233
247.5633	EXP	text_2: text = 250
247.5662	DATA	Keydown:  
247.5809	EXP	text_2: text = 266
247.5809	EXP	text_2: autoDraw = false
247.5809	EXP	Feedback: text = 249
247.5809	EXP	Feedback: autoDraw = true
248.5798	EXP	Feedback: autoDraw = false
248.5798	EXP	Feedback: autoDraw = false
248.5798	EXP	text_3: autoDraw = true
256.6072	EXP	text_3: autoDraw = false
256.6072	EXP	text_3: autoDraw = false
256.6072	EXP	text_2: autoDraw = true
256.6072	EXP	text_2: text = 0
256.6209	EXP	text_2: text = 16
256.6404	EXP	text_2: text = 37
256.6543	EXP	text_2: text = 49
256.6738	EXP	text_2: text = 71
256.6876	EXP	text_2: text = 83
256.7072	EXP	text_2: text = 104
256.72090000000003	EXP	text_2: text = 116
256.7377	EXP	text_2: text = 133
256.7573	EXP	text_2: text = 154
256.7712	EXP	text_2: text = 166
256.7883	EXP	text_2: text = 183
256.8048	EXP	text_2: text = 200
256.8209	EXP	text_2: text = 216
256.84049999999996	EXP	text_2: text = 237
256.8543	EXP	text_2: text = 249
256.8605	DATA	Keydown:  
256.8716	EXP	text_2: text = 266
256.8716	EXP	text_2: autoDraw = false
256.8716	EXP	Feedback: text = 253
256.8716	EXP	Feedback: autoDraw = true
257.8713	EXP	Feedback: autoDraw = false
257.8713	EXP	Feedback: autoDraw = false
257.8713	EXP	text_3: autoDraw = true
264.6195	EXP	text_3: autoDraw = false
264.6195	EXP	text_3: autoDraw = false
264.6195	EXP	text_2: autoDraw = true
264.6195	EXP	text_2: text = 0
264.6292	EXP	text_2: text = 16
264.6467	EXP	text_2: text = 33
264.6628	EXP	text_2: text = 51
264.6798	EXP	text_2: text = 66
264.6968	EXP	text_2: text = 83
264.7131	EXP	text_2: text = 99
264.7328	EXP	text_2: text = 121
264.7466	EXP	text_2: text = 133
264.76320000000004	EXP	text_2: text = 149
264.78909999999996	EXP	text_2: text = 176
264.7978	EXP	text_2: text = 185
264.81309999999996	EXP	text_2: text = 199
264.837	EXP	text_2: text = 224
264.8467	EXP	text_2: text = 233
264.8638	EXP	text_2: text = 249
264.88239999999996	EXP	text_2: text = 270
264.8891	DATA	Keydown:  
264.89709999999996	EXP	text_2: text = 282
264.89709999999996	EXP	text_2: autoDraw = false
264.89709999999996	EXP	Feedback: text = 270
264.89709999999996	EXP	Feedback: autoDraw = true
265.8953	EXP	Feedback: autoDraw = false
265.8953	EXP	Feedback: autoDraw = false
265.8953	EXP	text_3: autoDraw = true
267.15950000000003	DATA	Keydown:  
273.7416	EXP	text_3: autoDraw = false
273.7416	EXP	text_3: autoDraw = false
273.7416	EXP	text_2: autoDraw = true
273.7416	EXP	text_2: text = 0
273.7541	EXP	text_2: text = 16
273.7738	EXP	text_2: text = 37
273.7876	EXP	text_2: text = 49
273.80420000000003	EXP	text_2: text = 66
273.82120000000003	EXP	text_2: text = 83
273.83750000000003	EXP	text_2: text = 99
273.8568	EXP	text_2: text = 120
273.8707	EXP	text_2: text = 133
273.88989999999995	EXP	text_2: text = 154
273.90470000000004	EXP	text_2: text = 166
273.9207	EXP	text_2: text = 183
273.94039999999995	EXP	text_2: text = 204
273.9539	EXP	text_2: text = 216
273.9709	EXP	text_2: text = 233
273.9878	EXP	text_2: text = 250
274.0039	EXP	text_2: text = 266
274.024	EXP	text_2: text = 288
274.03770000000003	EXP	text_2: text = 299
274.0411	DATA	Keydown:  
274.0552	EXP	text_2: text = 316
274.0552	EXP	text_2: autoDraw = false
274.0552	EXP	Feedback: text = 300
274.0552	EXP	Feedback: autoDraw = true
275.053	EXP	Feedback: autoDraw = false
275.053	EXP	Feedback: autoDraw = false
275.053	EXP	text_3: autoDraw = true
282.5639	EXP	text_3: autoDraw = false
282.5639	EXP	text_3: autoDraw = false
282.5639	EXP	text_2: autoDraw = true
282.5639	EXP	text_2: text = 0
282.5789	EXP	text_2: text = 16
282.5987	EXP	text_2: text = 38
282.612	EXP	text_2: text = 50
282.629	EXP	text_2: text = 66
282.6455	EXP	text_2: text = 83
282.6626	EXP	text_2: text = 100
282.6822	EXP	text_2: text = 122
282.6958	EXP	text_2: text = 133
282.7124	EXP	text_2: text = 150
282.72900000000004	EXP	text_2: text = 167
282.7453	EXP	text_2: text = 183
282.76439999999996	EXP	text_2: text = 204
282.7786	EXP	text_2: text = 216
282.7978	EXP	text_2: text = 237
282.8115	EXP	text_2: text = 250
282.8211	DATA	Keydown:  
282.8288	EXP	text_2: text = 266
282.8288	EXP	text_2: autoDraw = false
282.8288	EXP	Feedback: text = 257
282.8288	EXP	Feedback: autoDraw = true
283.82800000000003	EXP	Feedback: autoDraw = false
283.82800000000003	EXP	Feedback: autoDraw = false
283.82800000000003	EXP	text_3: autoDraw = true
292.45439999999996	EXP	text_3: autoDraw = false
292.45439999999996	EXP	text_3: autoDraw = false
292.45439999999996	EXP	text_2: autoDraw = true
292.45439999999996	EXP	text_2: text = 0
292.46909999999997	EXP	text_2: text = 17
292.4883	EXP	text_2: text = 38
292.5023	EXP	text_2: text = 50
292.5193	EXP	text_2: text = 66
292.5361	EXP	text_2: text = 83
292.5535	EXP	text_2: text = 100
292.5694	EXP	text_2: text = 116
292.5867	EXP	text_2: text = 134
292.6026	EXP	text_2: text = 150
292.62170000000003	EXP	text_2: text = 171
292.6356	EXP	text_2: text = 183
292.6526	EXP	text_2: text = 200
292.6718	EXP	text_2: text = 221
292.6853	EXP	text_2: text = 233
292.6959	DATA	Keydown:  
292.7028	EXP	text_2: text = 250
292.7028	EXP	text_2: autoDraw = false
292.7028	EXP	Feedback: text = 242
292.7028	EXP	Feedback: autoDraw = true
292.9293	DATA	Keydown:  
293.7021	EXP	Feedback: autoDraw = false
293.7021	EXP	Feedback: autoDraw = false
293.7021	EXP	text_3: autoDraw = true
302.9957	EXP	text_3: autoDraw = false
302.9957	EXP	text_3: autoDraw = false
302.9957	EXP	text_2: autoDraw = true
302.9957	EXP	text_2: text = 0
303.0096	EXP	text_2: text = 16
303.0283	EXP	text_2: text = 38
303.0433	EXP	text_2: text = 49
303.05870000000004	EXP	text_2: text = 66
303.0756	EXP	text_2: text = 83
303.09189999999995	EXP	text_2: text = 99
303.11150000000003	EXP	text_2: text = 120
303.1253	EXP	text_2: text = 133
303.142	EXP	text_2: text = 149
303.15889999999996	EXP	text_2: text = 166
303.1751	EXP	text_2: text = 183
303.195	EXP	text_2: text = 204
303.2084	EXP	text_2: text = 216
303.2254	EXP	text_2: text = 233
303.2323	DATA	Keydown:  
303.2427	EXP	text_2: text = 249
303.2427	EXP	text_2: autoDraw = false
303.2427	EXP	Feedback: text = 237
303.2427	EXP	Feedback: autoDraw = true
304.24150000000003	EXP	Feedback: autoDraw = false
304.24150000000003	EXP	Feedback: autoDraw = false
304.24150000000003	EXP	text_3: autoDraw = true
311.7042	EXP	text_3: autoDraw = false
311.7042	EXP	text_3: autoDraw = false
311.7042	EXP	text_2: autoDraw = true
311.7042	EXP	text_2: text = 0
311.7167	EXP	text_2: text = 16
311.7394	EXP	text_2: text = 33
311.7498	EXP	text_2: text = 50
311.7666	EXP	text_2: text = 66
311.7836	EXP	text_2: text = 83
311.8	EXP	text_2: text = 100
311.8248	EXP	text_2: text = 125
311.83970000000005	EXP	text_2: text = 139
311.85139999999995	EXP	text_2: text = 149
311.87289999999996	EXP	text_2: text = 166
311.88320000000004	EXP	text_2: text = 183
311.90000000000003	EXP	text_2: text = 199
311.9168	EXP	text_2: text = 216
311.933	EXP	text_2: text = 233
311.9593	EXP	text_2: text = 259
311.9724	EXP	text_2: text = 272
311.9835	EXP	text_2: text = 283
312.0002	EXP	text_2: text = 299
312.0096	DATA	Keydown:  
312.0188	EXP	text_2: text = 316
312.0188	EXP	text_2: autoDraw = false
312.0188	EXP	Feedback: text = 306
312.0188	EXP	Feedback: autoDraw = true
313.0162	EXP	Feedback: autoDraw = false
313.0162	EXP	Feedback: autoDraw = false
313.0162	EXP	text_3: autoDraw = true
320.0795	EXP	text_3: autoDraw = false
320.0795	EXP	text_3: autoDraw = false
320.0795	EXP	text_2: autoDraw = true
320.0795	EXP	text_2: text = 0
320.0921	EXP	text_2: text = 16
320.10839999999996	EXP	text_2: text = 32
320.1259	EXP	text_2: text = 50
320.1418	EXP	text_2: text = 66
320.16170000000005	EXP	text_2: text = 87
320.175	EXP	text_2: text = 99
320.1919	EXP	text_2: text = 116
320.2086	EXP	text_2: text = 133
320.2251	EXP	text_2: text = 149
320.2445	EXP	text_2: text = 170
320.2583	EXP	text_2: text = 182
320.2778	EXP	text_2: text = 204
320.2921	EXP	text_2: text = 216
320.30809999999996	EXP	text_2: text = 232
320.32959999999997	EXP	text_2: text = 255
320.33270000000004	DATA	Keydown:  
320.34220000000004	EXP	text_2: text = 265
320.34220000000004	EXP	text_2: autoDraw = false
320.34220000000004	EXP	Feedback: text = 253
320.34220000000004	EXP	Feedback: autoDraw = true
321.3408	EXP	Feedback: autoDraw = false
321.3408	EXP	Feedback: autoDraw = false
321.3408	EXP	text_3: autoDraw = true
325.88939999999996	EXP	text_3: autoDraw = false
325.88939999999996	EXP	text_3: autoDraw = false
325.88939999999996	EXP	text_2: autoDraw = true
325.88939999999996	EXP	text_2: text = 0
325.9026	EXP	text_2: text = 16
325.9226	EXP	text_2: text = 38
325.93580000000003	EXP	text_2: text = 49
325.9528	EXP	text_2: text = 66
325.96939999999995	EXP	text_2: text = 83
325.9858	EXP	text_2: text = 99
326.0061	EXP	text_2: text = 121
326.01939999999996	EXP	text_2: text = 133
326.0361	EXP	text_2: text = 149
326.0531	EXP	text_2: text = 166
326.0694	EXP	text_2: text = 183
326.0887	EXP	text_2: text = 204
326.1027	EXP	text_2: text = 216
326.1191	EXP	text_2: text = 233
326.1388	EXP	text_2: text = 254
326.1523	EXP	text_2: text = 266
326.1557	DATA	Keydown:  
326.17	EXP	text_2: text = 283
326.17	EXP	text_2: autoDraw = false
326.17	EXP	Feedback: text = 266
326.17	EXP	Feedback: autoDraw = true
327.1914	EXP	Feedback: autoDraw = false
327.1914	EXP	Feedback: autoDraw = false
327.1914	EXP	End_text: autoDraw = true
346.0908	DATA	Keydown:  
