0.07043500000145286	EXP	Created Window = Window( name=Window, fullscr=true, color=#000000, units=height, waitBlanking=true, autoLog=true, size=[1202,766] )
3.0643449999624863	DATA	Keydown: Shift
3.1685649999417365	DATA	Keydown: R
3.262265000026673	DATA	Keydown: L
5.1800400000065565	DATA	Keydown: 8
5.560964999953285	DATA	Keydown: 4
5.801794999977574	DATA	Keydown: 3
5.979380000033416	DATA	Keydown: 4
10.298204999999143	EXP	Created text = TextStim( name=text, win=Window( name=Window, fullscr=true, color=#000000, ~), autoDraw=null, autoLog=true, units=height, ori=null, opacity=1, pos=[0,0], size=undefined, text=INSTRUCTIONS [EN]


A counter will appear and star~, font=Arial, color=#FFFFFF, contrast=1, height=0.03, bold=null, italic=null, alignHoriz=left, alignVert=center, wrapWidth=1, flipHoriz=null, flipVert=null )
10.301250000018626	EXP	Created text_3 = TextStim( name=text_3, win=Window( name=Window, fullscr=true, color=#000000, ~), autoDraw=null, autoLog=true, units=height, ori=null, opacity=1, pos=[0,0], size=undefined, text=null, font=Arial, color=#FFFFFF, contrast=1, height=0.1, bold=null, italic=null, alignHoriz=left, alignVert=center, wrapWidth=1, flipHoriz=null, flipVert=null )
10.30176499998197	EXP	Created text_2 = TextStim( name=text_2, win=Window( name=Window, fullscr=true, color=#000000, ~), autoDraw=null, autoLog=true, units=height, ori=null, opacity=1, pos=[0,0], size=undefined, text=default text, font=Arial, color=#ff0000, contrast=1, height=0.15, bold=null, italic=null, alignHoriz=left, alignVert=center, wrapWidth=1, flipHoriz=null, flipVert=null )
10.30231499997899	EXP	Created Feedback = TextStim( name=Feedback, win=Window( name=Window, fullscr=true, color=#000000, ~), autoDraw=null, autoLog=true, units=height, ori=null, opacity=1, pos=[0,0], size=undefined, text=default text, font=Arial, color=#ff0000, contrast=1, height=0.15, bold=null, italic=null, alignHoriz=left, alignVert=center, wrapWidth=1, flipHoriz=null, flipVert=null )
10.302825000020675	EXP	Created End_text = TextStim( name=End_text, win=Window( name=Window, fullscr=true, color=#000000, ~), autoDraw=null, autoLog=true, units=height, ori=null, opacity=1, pos=[0,0], size=undefined, text=This study aimed to look at procedural learning, i~, font=Arial, color=#FFFFFF, contrast=1, height=0.025, bold=null, italic=null, alignHoriz=left, alignVert=center, wrapWidth=1, flipHoriz=null, flipVert=null )
10.370950000011362	EXP	text: units = "height"
10.370950000011362	EXP	text: ori = 0
10.370950000011362	EXP	text: opacity = 1
10.370950000011362	EXP	text: pos = [0,0]
10.370950000011362	EXP	text: size = undefined
10.370950000011362	EXP	text: text = "INSTRUCTIONS [EN]\n\n\nA counter will appear and start counting at random times, press SPACE as fast as possible when it appears.\n\n\nPress SPACE to start\n\n-------\n\nInstruções [PT]\n\n\nUm cronómetro vai aparecer e começar a contar aleatoriamente, pressione a tecla SPACE assim que ele aparecer.\n\n\nPressiona SPACE para começar."
10.370950000011362	EXP	text: font = "Arial"
10.370950000011362	EXP	text: color = {"_hex":"#FFFFFF","_rgb":[1,1,1]}
10.370950000011362	EXP	text: contrast = 1
10.370950000011362	EXP	text: height = 0.03
10.370950000011362	EXP	text: bold = false
10.370950000011362	EXP	text: italic = false
10.370950000011362	EXP	text: alignHoriz = "left"
10.370950000011362	EXP	text: alignVert = "center"
10.370950000011362	EXP	text: wrapWidth = 1
10.370950000011362	EXP	text: flipHoriz = false
10.370950000011362	EXP	text: flipVert = false
10.370950000011362	EXP	text_3: units = "height"
10.370950000011362	EXP	text_3: ori = 0
10.370950000011362	EXP	text_3: opacity = 1
10.370950000011362	EXP	text_3: pos = [0,0]
10.370950000011362	EXP	text_3: size = undefined
10.370950000011362	EXP	text_3: text = ""
10.370950000011362	EXP	text_3: font = "Arial"
10.370950000011362	EXP	text_3: color = {"_hex":"#FFFFFF","_rgb":[1,1,1]}
10.370950000011362	EXP	text_3: contrast = 1
10.370950000011362	EXP	text_3: height = 0.1
10.370950000011362	EXP	text_3: bold = false
10.370950000011362	EXP	text_3: italic = false
10.370950000011362	EXP	text_3: alignHoriz = "left"
10.370950000011362	EXP	text_3: alignVert = "center"
10.370950000011362	EXP	text_3: wrapWidth = 1
10.370950000011362	EXP	text_3: flipHoriz = false
10.370950000011362	EXP	text_3: flipVert = false
10.370950000011362	EXP	text_2: units = "height"
10.370950000011362	EXP	text_2: ori = 0
10.370950000011362	EXP	text_2: opacity = 1
10.370950000011362	EXP	text_2: pos = [0,0]
10.370950000011362	EXP	text_2: size = undefined
10.370950000011362	EXP	text_2: text = "default text"
10.370950000011362	EXP	text_2: font = "Arial"
10.370950000011362	EXP	text_2: color = {"_rgb":[1,0,0]}
10.370950000011362	EXP	text_2: contrast = 1
10.370950000011362	EXP	text_2: height = 0.15
10.370950000011362	EXP	text_2: bold = false
10.370950000011362	EXP	text_2: italic = false
10.370950000011362	EXP	text_2: alignHoriz = "left"
10.370950000011362	EXP	text_2: alignVert = "center"
10.370950000011362	EXP	text_2: wrapWidth = 1
10.370950000011362	EXP	text_2: flipHoriz = false
10.370950000011362	EXP	text_2: flipVert = false
10.370950000011362	EXP	Feedback: units = "height"
10.370950000011362	EXP	Feedback: ori = 0
10.370950000011362	EXP	Feedback: opacity = 1
10.370950000011362	EXP	Feedback: pos = [0,0]
10.370950000011362	EXP	Feedback: size = undefined
10.370950000011362	EXP	Feedback: text = "default text"
10.370950000011362	EXP	Feedback: font = "Arial"
10.370950000011362	EXP	Feedback: color = {"_rgb":[1,0,0]}
10.370950000011362	EXP	Feedback: contrast = 1
10.370950000011362	EXP	Feedback: height = 0.15
10.370950000011362	EXP	Feedback: bold = false
10.370950000011362	EXP	Feedback: italic = false
10.370950000011362	EXP	Feedback: alignHoriz = "left"
10.370950000011362	EXP	Feedback: alignVert = "center"
10.370950000011362	EXP	Feedback: wrapWidth = 1
10.370950000011362	EXP	Feedback: flipHoriz = false
10.370950000011362	EXP	Feedback: flipVert = false
10.370950000011362	EXP	End_text: units = "height"
10.370950000011362	EXP	End_text: ori = 0
10.370950000011362	EXP	End_text: opacity = 1
10.370950000011362	EXP	End_text: pos = [0,0]
10.370950000011362	EXP	End_text: size = undefined
10.370950000011362	EXP	End_text: text = "This study aimed to look at procedural learning, i.e. our ability to extract patterns from the input that we are constantly receiving. This skill is thought to be essential for language and literacy acquisition and has been suggested as a possible underlying difficult in children with Language Impairments and Dyslexia. This study aims to improve the measures of procedural learning (the smiley face task) so that we can measure procedural learning more reliably and, in the future, analyse the performance of individuals with learning impairments.\nThank you for participating!\n\n----\n\nEste estudo tem como objectivo analisar a nossa capacidade de extrair padrões da informação que estamos constantemente a receber. Pensa-se que esta competência é essencial para a aquisição da linguagem e literacia e foi sugerido que dificuldades neste tipo de competências poderá estar relacionado com perturbações da linguagem e Dislexia. Este estudo tem como objectivo melhorar a estabilidade das medidas usadas para medir este tipo de memória (a tarefa da cara sorridente) de forma a poder medir de forma mais precisa e, no futuro, analisar a performance de indivíduos com perturbações da aprendizagem. \nMuito obrigada por ter participado!"
10.370950000011362	EXP	End_text: font = "Arial"
10.370950000011362	EXP	End_text: color = {"_hex":"#FFFFFF","_rgb":[1,1,1]}
10.370950000011362	EXP	End_text: contrast = 1
10.370950000011362	EXP	End_text: height = 0.025
10.370950000011362	EXP	End_text: bold = false
10.370950000011362	EXP	End_text: italic = false
10.370950000011362	EXP	End_text: alignHoriz = "left"
10.370950000011362	EXP	End_text: alignVert = "center"
10.370950000011362	EXP	End_text: wrapWidth = 1
10.370950000011362	EXP	End_text: flipHoriz = false
10.370950000011362	EXP	End_text: flipVert = false
10.370950000011362	EXP	text: autoDraw = true
18.674209999968298	DATA	Keydown:  
18.694024999975227	EXP	text: autoDraw = false
18.694024999975227	EXP	text_3: autoDraw = true
24.082704999949783	EXP	text_3: autoDraw = false
24.082704999949783	EXP	text_3: autoDraw = false
24.082704999949783	EXP	text_2: autoDraw = true
24.082704999949783	EXP	text_2: text = 0
24.10545499995351	EXP	text_2: text = 49
24.120624999981374	EXP	text_2: text = 64
24.13719499995932	EXP	text_2: text = 81
24.154495000024326	EXP	text_2: text = 97
24.17160999996122	EXP	text_2: text = 116
24.186594999977387	EXP	text_2: text = 132
24.203499999945052	EXP	text_2: text = 147
24.220659999991767	EXP	text_2: text = 164
24.238185000023805	EXP	text_2: text = 184
24.25349000003189	EXP	text_2: text = 198
24.270185000030324	EXP	text_2: text = 214
24.286874999990687	EXP	text_2: text = 231
24.30347000004258	EXP	text_2: text = 248
24.32014500000514	EXP	text_2: text = 265
24.33692000003066	EXP	text_2: text = 282
24.353089999989606	EXP	text_2: text = 297
24.357904999982566	DATA	Keydown:  
24.369564999942668	EXP	text_2: text = 314
24.369564999942668	EXP	text_2: autoDraw = false
24.369564999942668	EXP	Feedback: text = 275
24.369564999942668	EXP	Feedback: autoDraw = true
25.369749999954365	EXP	Feedback: autoDraw = false
25.369749999954365	EXP	Feedback: autoDraw = false
25.369749999954365	EXP	text_3: autoDraw = true
29.103939999942668	EXP	text_3: autoDraw = false
29.103939999942668	EXP	text_3: autoDraw = false
29.103939999942668	EXP	text_2: autoDraw = true
29.103939999942668	EXP	text_2: text = 0
29.12052500003483	EXP	text_2: text = 17
29.137104999972507	EXP	text_2: text = 33
29.15371999994386	EXP	text_2: text = 49
29.1706599999452	EXP	text_2: text = 66
29.18769000004977	EXP	text_2: text = 83
29.21573499997612	EXP	text_2: text = 104
29.236829999950714	EXP	text_2: text = 134
29.25329000002239	EXP	text_2: text = 149
29.269970000023022	EXP	text_2: text = 165
29.28670499997679	EXP	text_2: text = 183
29.303440000046976	EXP	text_2: text = 199
29.320189999998547	EXP	text_2: text = 216
29.33659500000067	EXP	text_2: text = 233
29.353460000013	EXP	text_2: text = 249
29.36989500001073	EXP	text_2: text = 266
29.386300000012852	EXP	text_2: text = 282
29.4030849999981	EXP	text_2: text = 300
29.419849999947473	EXP	text_2: text = 317
29.43599999998696	EXP	text_2: text = 332
29.453510000021197	EXP	text_2: text = 350
29.45779000001494	DATA	Keydown:  
29.470295000006445	EXP	text_2: text = 366
29.470295000006445	EXP	text_2: autoDraw = false
29.470295000006445	EXP	Feedback: text = 356
29.470295000006445	EXP	Feedback: autoDraw = true
30.47060000000056	EXP	Feedback: autoDraw = false
30.47060000000056	EXP	Feedback: autoDraw = false
30.47060000000056	EXP	text_3: autoDraw = true
34.45403999998234	EXP	text_3: autoDraw = false
34.45403999998234	EXP	text_3: autoDraw = false
34.45403999998234	EXP	text_2: autoDraw = true
34.45403999998234	EXP	text_2: text = 0
34.47075999993831	EXP	text_2: text = 17
34.48725000000559	EXP	text_2: text = 35
34.50397499999963	EXP	text_2: text = 50
34.52050500002224	EXP	text_2: text = 67
34.53687499999069	EXP	text_2: text = 84
34.55371999996714	EXP	text_2: text = 100
34.57030499994289	EXP	text_2: text = 117
34.58701499993913	EXP	text_2: text = 133
34.60393500002101	EXP	text_2: text = 150
34.62026999995578	EXP	text_2: text = 167
34.6370299999835	EXP	text_2: text = 183
34.65406500000972	EXP	text_2: text = 200
34.67076999996789	EXP	text_2: text = 217
34.687269999994896	EXP	text_2: text = 233
34.7039400000358	EXP	text_2: text = 250
34.721479999949224	EXP	text_2: text = 270
34.736144999973476	EXP	text_2: text = 285
34.73914499999955	DATA	Keydown:  
34.75260000000708	EXP	text_2: text = 299
34.75260000000708	EXP	text_2: autoDraw = false
34.75260000000708	EXP	Feedback: text = 285
34.75260000000708	EXP	Feedback: autoDraw = true
35.754094999982044	EXP	Feedback: autoDraw = false
35.754094999982044	EXP	Feedback: autoDraw = false
35.754094999982044	EXP	text_3: autoDraw = true
40.837449999991804	EXP	text_3: autoDraw = false
40.837449999991804	EXP	text_3: autoDraw = false
40.837449999991804	EXP	text_2: autoDraw = true
40.837449999991804	EXP	text_2: text = 0
40.85369499993976	EXP	text_2: text = 17
40.87054000003263	EXP	text_2: text = 34
40.887355000013486	EXP	text_2: text = 50
40.90389499999583	EXP	text_2: text = 67
40.92081999999937	EXP	text_2: text = 84
40.93703499995172	EXP	text_2: text = 100
40.954079999937676	EXP	text_2: text = 118
40.97082499996759	EXP	text_2: text = 134
40.987169999978505	EXP	text_2: text = 150
41.0041650000494	EXP	text_2: text = 167
41.02118000003975	EXP	text_2: text = 184
41.037200000020675	EXP	text_2: text = 200
41.053784999996424	EXP	text_2: text = 216
41.07056999998167	EXP	text_2: text = 233
41.08736000000499	EXP	text_2: text = 253
41.10270499996841	EXP	text_2: text = 266
41.119440000038594	EXP	text_2: text = 284
41.12562499998603	DATA	Keydown:  
41.1374450000003	EXP	text_2: text = 300
41.1374450000003	EXP	text_2: autoDraw = false
41.1374450000003	EXP	Feedback: text = 288
41.1374450000003	EXP	Feedback: autoDraw = true
42.13672499998938	EXP	Feedback: autoDraw = false
42.13672499998938	EXP	Feedback: autoDraw = false
42.13672499998938	EXP	text_3: autoDraw = true
46.63771000003908	EXP	text_3: autoDraw = false
46.63771000003908	EXP	text_3: autoDraw = false
46.63771000003908	EXP	text_2: autoDraw = true
46.63771000003908	EXP	text_2: text = 0
46.654080000007525	EXP	text_2: text = 16
46.67041000002064	EXP	text_2: text = 33
46.68687500001397	EXP	text_2: text = 49
46.704079999937676	EXP	text_2: text = 67
46.720239999936894	EXP	text_2: text = 83
46.737495000008494	EXP	text_2: text = 100
46.75378499994986	EXP	text_2: text = 116
46.770684999995865	EXP	text_2: text = 133
46.78704500000458	EXP	text_2: text = 152
46.80356499995105	EXP	text_2: text = 167
46.81988500000443	EXP	text_2: text = 184
46.836234999937005	EXP	text_2: text = 200
46.85415000002831	EXP	text_2: text = 219
46.86974500003271	EXP	text_2: text = 233
46.88678499998059	EXP	text_2: text = 250
46.903404999990016	EXP	text_2: text = 266
46.919589999946766	EXP	text_2: text = 283
46.93657499994151	EXP	text_2: text = 300
46.93851999996696	DATA	Keydown:  
46.95582999999169	EXP	text_2: text = 320
46.95582999999169	EXP	text_2: autoDraw = false
46.95582999999169	EXP	Feedback: text = 301
46.95582999999169	EXP	Feedback: autoDraw = true
47.95403999998234	EXP	Feedback: autoDraw = false
47.95403999998234	EXP	Feedback: autoDraw = false
47.95403999998234	EXP	text_3: autoDraw = true
53.12032999994699	EXP	text_3: autoDraw = false
53.12032999994699	EXP	text_3: autoDraw = false
53.12032999994699	EXP	text_2: autoDraw = true
53.12032999994699	EXP	text_2: text = 0
53.136664999998175	EXP	text_2: text = 17
53.153590000001714	EXP	text_2: text = 34
53.170189999975264	EXP	text_2: text = 50
53.186639999970794	EXP	text_2: text = 66
53.20349999994505	EXP	text_2: text = 83
53.22034999995958	EXP	text_2: text = 100
53.2369549999712	EXP	text_2: text = 117
53.25417500000913	EXP	text_2: text = 136
53.269094999996014	EXP	text_2: text = 151
53.285810000030324	EXP	text_2: text = 167
53.302825000020675	EXP	text_2: text = 183
53.32028500002343	EXP	text_2: text = 202
53.33632999996189	EXP	text_2: text = 216
53.35305000003427	EXP	text_2: text = 235
53.36991000000853	EXP	text_2: text = 250
53.3862449999433	EXP	text_2: text = 267
53.40321000001859	EXP	text_2: text = 284
53.40516500000376	DATA	Keydown:  
53.42070000001695	EXP	text_2: text = 303
53.42070000001695	EXP	text_2: autoDraw = false
53.42070000001695	EXP	Feedback: text = 285
53.42070000001695	EXP	Feedback: autoDraw = true
53.4524949999759	DATA	Keydown:  
54.419205000041984	EXP	Feedback: autoDraw = false
54.419205000041984	EXP	Feedback: autoDraw = false
54.419205000041984	EXP	text_3: autoDraw = true
61.970729999942705	EXP	text_3: autoDraw = false
61.970729999942705	EXP	text_3: autoDraw = false
61.970729999942705	EXP	text_2: autoDraw = true
61.970729999942705	EXP	text_2: text = 0
61.98680499999318	EXP	text_2: text = 16
62.0037650000304	EXP	text_2: text = 33
62.02046999998856	EXP	text_2: text = 49
62.03682000003755	EXP	text_2: text = 65
62.05374000000302	EXP	text_2: text = 83
62.06979999993928	EXP	text_2: text = 99
62.08667500002775	EXP	text_2: text = 115
62.103549999999814	EXP	text_2: text = 132
62.120480000041425	EXP	text_2: text = 149
62.136880000005476	EXP	text_2: text = 166
62.15356000000611	EXP	text_2: text = 183
62.170189999975264	EXP	text_2: text = 199
62.187129999976605	EXP	text_2: text = 216
62.20355999993626	EXP	text_2: text = 233
62.220910000032745	EXP	text_2: text = 249
62.23765999998432	EXP	text_2: text = 265
62.240009999950416	DATA	Keydown:  
62.25922999996692	EXP	text_2: text = 289
62.25922999996692	EXP	text_2: autoDraw = false
62.25922999996692	EXP	Feedback: text = 269
62.25922999996692	EXP	Feedback: autoDraw = true
62.260355000034906	DATA	Keydown:  
63.25342500000261	EXP	Feedback: autoDraw = false
63.25342500000261	EXP	Feedback: autoDraw = false
63.25342500000261	EXP	text_3: autoDraw = true
69.21991500002332	EXP	text_3: autoDraw = false
69.21991500002332	EXP	text_3: autoDraw = false
69.21991500002332	EXP	text_2: autoDraw = true
69.21991500002332	EXP	text_2: text = 0
69.2367099999683	EXP	text_2: text = 16
69.25338999996893	EXP	text_2: text = 33
69.26977000001352	EXP	text_2: text = 50
69.28702499996871	EXP	text_2: text = 66
69.30362499994226	EXP	text_2: text = 83
69.3205799999414	EXP	text_2: text = 101
69.33730500005186	EXP	text_2: text = 118
69.35352000000421	EXP	text_2: text = 133
69.3705899999477	EXP	text_2: text = 151
69.38716499996372	EXP	text_2: text = 167
69.40341999998782	EXP	text_2: text = 183
69.42005499999505	EXP	text_2: text = 200
69.43657000001986	EXP	text_2: text = 217
69.45336499996483	EXP	text_2: text = 234
69.46990000002552	EXP	text_2: text = 249
69.48910999996588	EXP	text_2: text = 268
69.49124000000302	DATA	Keydown:  
69.51466500002425	EXP	text_2: text = 286
69.51466500002425	EXP	text_2: autoDraw = false
69.51466500002425	EXP	Feedback: text = 271
69.51466500002425	EXP	Feedback: autoDraw = true
70.50216000003275	EXP	Feedback: autoDraw = false
70.50216000003275	EXP	Feedback: autoDraw = false
70.50216000003275	EXP	text_3: autoDraw = true
75.2366799999727	EXP	text_3: autoDraw = false
75.2366799999727	EXP	text_3: autoDraw = false
75.2366799999727	EXP	text_2: autoDraw = true
75.2366799999727	EXP	text_2: text = 0
75.25341500004288	EXP	text_2: text = 16
75.26989999995567	EXP	text_2: text = 32
75.28637500002515	EXP	text_2: text = 49
75.30333999998402	EXP	text_2: text = 66
75.32019500003662	EXP	text_2: text = 82
75.33706000004895	EXP	text_2: text = 100
75.35328499996103	EXP	text_2: text = 116
75.36991999996826	EXP	text_2: text = 133
75.38667000003625	EXP	text_2: text = 149
75.40353500004858	EXP	text_2: text = 166
75.40882000001147	DATA	Keydown:  
75.42077500000596	EXP	text_2: text = 183
75.42077500000596	EXP	text_2: autoDraw = false
75.42077500000596	EXP	Feedback: text = 172
75.42077500000596	EXP	Feedback: autoDraw = true
75.52054499997757	DATA	Keydown:  
76.4203999999445	EXP	Feedback: autoDraw = false
76.4203999999445	EXP	Feedback: autoDraw = false
76.4203999999445	EXP	text_3: autoDraw = true
79.42033999995328	EXP	text_3: autoDraw = false
79.42033999995328	EXP	text_3: autoDraw = false
79.42033999995328	EXP	text_2: autoDraw = true
79.42033999995328	EXP	text_2: text = 0
79.43648000003304	EXP	text_2: text = 16
79.45307000004686	EXP	text_2: text = 34
79.46992499998305	EXP	text_2: text = 50
79.48642500001006	EXP	text_2: text = 66
79.50325499998871	EXP	text_2: text = 84
79.51981500000693	EXP	text_2: text = 100
79.53682000003755	EXP	text_2: text = 117
79.55305999994744	EXP	text_2: text = 133
79.56931000004988	EXP	text_2: text = 149
79.58557500003371	EXP	text_2: text = 167
79.60273000004236	EXP	text_2: text = 182
79.61913000000641	EXP	text_2: text = 200
79.63616999995429	EXP	text_2: text = 216
79.65451000002213	EXP	text_2: text = 237
79.66926500003319	EXP	text_2: text = 250
79.68619000003673	EXP	text_2: text = 266
79.7026799999876	EXP	text_2: text = 283
79.7197950000409	EXP	text_2: text = 300
79.72202999994624	DATA	Keydown:  
79.73589000001084	EXP	text_2: text = 317
79.73589000001084	EXP	text_2: autoDraw = false
79.73589000001084	EXP	Feedback: text = 302
79.73589000001084	EXP	Feedback: autoDraw = true
80.73649999999907	EXP	Feedback: autoDraw = false
80.73649999999907	EXP	Feedback: autoDraw = false
80.73649999999907	EXP	text_3: autoDraw = true
88.08719999995083	EXP	text_3: autoDraw = false
88.08719999995083	EXP	text_3: autoDraw = false
88.08719999995083	EXP	text_2: autoDraw = true
88.08719999995083	EXP	text_2: text = 0
88.10318999993615	EXP	text_2: text = 16
88.12002999999095	EXP	text_2: text = 33
88.13639500003774	EXP	text_2: text = 50
88.1533150000032	EXP	text_2: text = 67
88.16965499997605	EXP	text_2: text = 84
88.18640000000596	EXP	text_2: text = 100
88.20389000000432	EXP	text_2: text = 117
88.21993000002112	EXP	text_2: text = 133
88.23627500003204	EXP	text_2: text = 151
88.25317000003997	EXP	text_2: text = 166
88.27023000002373	EXP	text_2: text = 184
88.2865949999541	EXP	text_2: text = 201
88.30310999997891	EXP	text_2: text = 217
88.31972499995027	EXP	text_2: text = 233
88.33652000001166	EXP	text_2: text = 250
88.35357000003569	EXP	text_2: text = 270
88.37109499995131	EXP	text_2: text = 283
88.37279000005219	DATA	Keydown:  
88.38531499996316	EXP	text_2: text = 300
88.38531499996316	EXP	text_2: autoDraw = false
88.38531499996316	EXP	Feedback: text = 286
88.38531499996316	EXP	Feedback: autoDraw = true
89.38651999994181	EXP	Feedback: autoDraw = false
89.38651999994181	EXP	Feedback: autoDraw = false
89.38651999994181	EXP	text_3: autoDraw = true
97.33693500002846	EXP	text_3: autoDraw = false
97.33693500002846	EXP	text_3: autoDraw = false
97.33693500002846	EXP	text_2: autoDraw = true
97.33693500002846	EXP	text_2: text = 0
97.35274999996182	EXP	text_2: text = 17
97.36996499996167	EXP	text_2: text = 34
97.38679499994032	EXP	text_2: text = 50
97.40287500002887	EXP	text_2: text = 67
97.41999500000384	EXP	text_2: text = 83
97.43596499995328	EXP	text_2: text = 100
97.45338500000071	EXP	text_2: text = 116
97.46977500000503	EXP	text_2: text = 133
97.48794499994256	EXP	text_2: text = 155
97.50254499993753	EXP	text_2: text = 166
97.51813500002027	EXP	text_2: text = 184
97.53555000002962	EXP	text_2: text = 199
97.55417999997735	EXP	text_2: text = 220
97.56895999994595	EXP	text_2: text = 233
97.58591499994509	EXP	text_2: text = 250
97.6024449999677	EXP	text_2: text = 267
97.61923499999102	EXP	text_2: text = 284
97.63696999999229	EXP	text_2: text = 300
97.63912499998696	DATA	Keydown:  
97.65373000002	EXP	text_2: text = 320
97.65373000002	EXP	text_2: autoDraw = false
97.65373000002	EXP	Feedback: text = 302
97.65373000002	EXP	Feedback: autoDraw = true
98.65287500002887	EXP	Feedback: autoDraw = false
98.65287500002887	EXP	Feedback: autoDraw = false
98.65287500002887	EXP	text_3: autoDraw = true
104.42030999995768	EXP	text_3: autoDraw = false
104.42030999995768	EXP	text_3: autoDraw = false
104.42030999995768	EXP	text_2: autoDraw = true
104.42030999995768	EXP	text_2: text = 0
104.43574500002433	EXP	text_2: text = 17
104.45286499999929	EXP	text_2: text = 33
104.46958499995526	EXP	text_2: text = 50
104.48666499997489	EXP	text_2: text = 66
104.5029799999902	EXP	text_2: text = 83
104.51964499999303	EXP	text_2: text = 100
104.53639999998268	EXP	text_2: text = 117
104.55298000003677	EXP	text_2: text = 134
104.57008500001393	EXP	text_2: text = 150
104.58630500000436	EXP	text_2: text = 167
104.6025999999838	EXP	text_2: text = 184
104.61949499999173	EXP	text_2: text = 201
104.63659000000916	EXP	text_2: text = 217
104.65280499996152	EXP	text_2: text = 233
104.67133499996271	EXP	text_2: text = 254
104.68550999998115	EXP	text_2: text = 268
104.70137999998406	EXP	text_2: text = 284
104.71855999995023	EXP	text_2: text = 301
104.73583000001963	EXP	text_2: text = 317
104.74884499993641	DATA	Keydown:  
104.75745999999344	EXP	text_2: text = 340
104.75745999999344	EXP	text_2: autoDraw = false
104.75745999999344	EXP	Feedback: text = 329
104.75745999999344	EXP	Feedback: autoDraw = true
105.75281999993604	EXP	Feedback: autoDraw = false
105.75281999993604	EXP	Feedback: autoDraw = false
105.75281999993604	EXP	text_3: autoDraw = true
111.23646000004373	DATA	Keydown:  
111.65301500004716	DATA	Keydown:  
111.73641999997199	EXP	text_3: autoDraw = false
111.73641999997199	EXP	text_3: autoDraw = false
111.73641999997199	EXP	text_2: autoDraw = true
111.73641999997199	EXP	text_2: text = 0
111.7527949999785	EXP	text_2: text = 17
111.76988499995787	EXP	text_2: text = 34
111.78599500004202	EXP	text_2: text = 50
111.80330999998841	EXP	text_2: text = 67
111.81937000004109	EXP	text_2: text = 83
111.83590499998536	EXP	text_2: text = 100
111.85314000002109	EXP	text_2: text = 117
111.86944999999832	EXP	text_2: text = 134
111.88652499997988	EXP	text_2: text = 150
111.90298999997322	EXP	text_2: text = 167
111.92149999993853	EXP	text_2: text = 188
111.93538499996066	EXP	text_2: text = 200
111.95189999998547	EXP	text_2: text = 216
111.96866500005126	EXP	text_2: text = 233
111.98661999998149	EXP	text_2: text = 254
112.00216000003275	EXP	text_2: text = 267
112.01890000002459	EXP	text_2: text = 284
112.0356750000501	EXP	text_2: text = 301
112.05223999998998	EXP	text_2: text = 317
112.06868499994744	EXP	text_2: text = 333
112.08534999995027	EXP	text_2: text = 350
112.10213000001386	EXP	text_2: text = 366
112.10413500003051	DATA	Keydown:  
112.12026500003412	EXP	text_2: text = 387
112.12026500003412	EXP	text_2: autoDraw = false
112.12026500003412	EXP	Feedback: text = 368
112.12026500003412	EXP	Feedback: autoDraw = true
113.11926499998663	EXP	Feedback: autoDraw = false
113.11926499998663	EXP	Feedback: autoDraw = false
113.11926499998663	EXP	text_3: autoDraw = true
121.53584000002593	EXP	text_3: autoDraw = false
121.53584000002593	EXP	text_3: autoDraw = false
121.53584000002593	EXP	text_2: autoDraw = true
121.53584000002593	EXP	text_2: text = 0
121.55245499999728	EXP	text_2: text = 17
121.56895500002429	EXP	text_2: text = 34
121.58634499995969	EXP	text_2: text = 50
121.60273499996401	EXP	text_2: text = 67
121.61921999999322	EXP	text_2: text = 83
121.63563499995507	EXP	text_2: text = 100
121.65256499999668	EXP	text_2: text = 117
121.6695550000295	EXP	text_2: text = 134
121.68625000002794	EXP	text_2: text = 151
121.70290499995463	EXP	text_2: text = 167
121.71926000004169	EXP	text_2: text = 184
121.73593500000425	EXP	text_2: text = 201
121.75330999994185	EXP	text_2: text = 217
121.76935499999672	EXP	text_2: text = 233
121.78573000000324	EXP	text_2: text = 250
121.78963000001386	DATA	Keydown:  
121.80272000003606	EXP	text_2: text = 266
121.80272000003606	EXP	text_2: autoDraw = false
121.80272000003606	EXP	Feedback: text = 254
121.80272000003606	EXP	Feedback: autoDraw = true
122.80250999995042	EXP	Feedback: autoDraw = false
122.80250999995042	EXP	Feedback: autoDraw = false
122.80250999995042	EXP	text_3: autoDraw = true
128.83611999999266	EXP	text_3: autoDraw = false
128.83611999999266	EXP	text_3: autoDraw = false
128.83611999999266	EXP	text_2: autoDraw = true
128.83611999999266	EXP	text_2: text = 0
128.85260999994352	EXP	text_2: text = 16
128.86886499996763	EXP	text_2: text = 32
128.88558500004	EXP	text_2: text = 50
128.9025949999923	EXP	text_2: text = 67
128.91937499993946	EXP	text_2: text = 82
128.93585000000894	EXP	text_2: text = 99
128.95259500003885	EXP	text_2: text = 116
128.97155499993823	EXP	text_2: text = 138
128.98513499996625	EXP	text_2: text = 151
129.00121499993838	EXP	text_2: text = 167
129.01847000000998	EXP	text_2: text = 183
129.03596999996807	EXP	text_2: text = 203
129.05191000003833	EXP	text_2: text = 216
129.06868000002578	EXP	text_2: text = 234
129.08560500002932	EXP	text_2: text = 250
129.10206499998458	EXP	text_2: text = 266
129.11875000002328	EXP	text_2: text = 283
129.13522499997634	EXP	text_2: text = 299
129.15209500002675	EXP	text_2: text = 316
129.1539900000207	DATA	Keydown:  
129.17071500001475	EXP	text_2: text = 337
129.17071500001475	EXP	text_2: autoDraw = false
129.17071500001475	EXP	Feedback: text = 318
129.17071500001475	EXP	Feedback: autoDraw = true
129.21869500004686	DATA	Keydown:  
130.16940500005148	EXP	Feedback: autoDraw = false
130.16940500005148	EXP	Feedback: autoDraw = false
130.16940500005148	EXP	text_3: autoDraw = true
133.00249999994412	EXP	text_3: autoDraw = false
133.00249999994412	EXP	text_3: autoDraw = false
133.00249999994412	EXP	text_2: autoDraw = true
133.00249999994412	EXP	text_2: text = 0
133.01930499996524	EXP	text_2: text = 17
133.03580499999225	EXP	text_2: text = 33
133.05269000004046	EXP	text_2: text = 50
133.06965499999933	EXP	text_2: text = 67
133.0857600000454	EXP	text_2: text = 83
133.1025699999882	EXP	text_2: text = 101
133.1191000000108	EXP	text_2: text = 116
133.13592000002973	EXP	text_2: text = 134
133.15228999999817	EXP	text_2: text = 150
133.1688650000142	EXP	text_2: text = 166
133.18573000002652	EXP	text_2: text = 183
133.2025099999737	EXP	text_2: text = 200
133.21901500003878	EXP	text_2: text = 216
133.23583999997936	EXP	text_2: text = 233
133.25294000003487	EXP	text_2: text = 250
133.26951000001281	EXP	text_2: text = 267
133.28606499999296	EXP	text_2: text = 284
133.30275000003166	EXP	text_2: text = 300
133.32045999995898	EXP	text_2: text = 317
133.3219200000167	DATA	Keydown:  
133.33565000002272	EXP	text_2: text = 333
133.33565000002272	EXP	text_2: autoDraw = false
133.33565000002272	EXP	Feedback: text = 320
133.33565000002272	EXP	Feedback: autoDraw = true
134.33603000000585	EXP	Feedback: autoDraw = false
134.33603000000585	EXP	Feedback: autoDraw = false
134.33603000000585	EXP	text_3: autoDraw = true
143.75337000004947	EXP	text_3: autoDraw = false
143.75337000004947	EXP	text_3: autoDraw = false
143.75337000004947	EXP	text_2: autoDraw = true
143.75337000004947	EXP	text_2: text = 0
143.76927499996964	EXP	text_2: text = 17
143.78567999997176	EXP	text_2: text = 34
143.8023449999746	EXP	text_2: text = 50
143.81877999997232	EXP	text_2: text = 68
143.83561499998905	EXP	text_2: text = 84
143.85224999999627	EXP	text_2: text = 100
143.8688850000035	EXP	text_2: text = 118
143.88554499996826	EXP	text_2: text = 135
143.90205999999307	EXP	text_2: text = 151
143.91805500001647	EXP	text_2: text = 168
143.93484999996144	EXP	text_2: text = 184
143.95214499998838	EXP	text_2: text = 201
143.9684450000059	EXP	text_2: text = 217
143.98507499997504	EXP	text_2: text = 234
144.00147999997716	EXP	text_2: text = 251
144.0213999999687	EXP	text_2: text = 271
144.02348500001244	DATA	Keydown:  
144.0331399999559	EXP	text_2: text = 284
144.0331399999559	EXP	text_2: autoDraw = false
144.0331399999559	EXP	Feedback: text = 270
144.0331399999559	EXP	Feedback: autoDraw = true
144.08954499999527	DATA	Keydown:  
145.0352600000333	EXP	Feedback: autoDraw = false
145.0352600000333	EXP	Feedback: autoDraw = false
145.0352600000333	EXP	text_3: autoDraw = true
153.5192950000055	EXP	text_3: autoDraw = false
153.5192950000055	EXP	text_3: autoDraw = false
153.5192950000055	EXP	text_2: autoDraw = true
153.5192950000055	EXP	text_2: text = 0
153.53569499996956	EXP	text_2: text = 16
153.5521749999607	EXP	text_2: text = 32
153.56873499997891	EXP	text_2: text = 49
153.58536499994807	EXP	text_2: text = 66
153.60205500002485	EXP	text_2: text = 83
153.6188400000101	EXP	text_2: text = 100
153.63543999998365	EXP	text_2: text = 116
153.6520999999484	EXP	text_2: text = 132
153.6688950000098	EXP	text_2: text = 151
153.6853200000478	EXP	text_2: text = 166
153.70088999997824	EXP	text_2: text = 183
153.71794500004034	EXP	text_2: text = 199
153.73722000000998	EXP	text_2: text = 220
153.75162500003353	EXP	text_2: text = 233
153.76853999996092	EXP	text_2: text = 249
153.78469500003848	EXP	text_2: text = 266
153.7874549999833	DATA	Keydown:  
153.80209000001196	EXP	text_2: text = 283
153.80209000001196	EXP	text_2: autoDraw = false
153.80209000001196	EXP	Feedback: text = 268
153.80209000001196	EXP	Feedback: autoDraw = true
153.8862599999411	DATA	Keydown:  
154.80158500000834	EXP	Feedback: autoDraw = false
154.80158500000834	EXP	Feedback: autoDraw = false
154.80158500000834	EXP	text_3: autoDraw = true
156.9853900000453	EXP	text_3: autoDraw = false
156.9853900000453	EXP	text_3: autoDraw = false
156.9853900000453	EXP	text_2: autoDraw = true
156.9853900000453	EXP	text_2: text = 0
157.0022749999771	EXP	text_2: text = 17
157.01893499994185	EXP	text_2: text = 33
157.0353050000267	EXP	text_2: text = 49
157.05204500001855	EXP	text_2: text = 66
157.06856499996502	EXP	text_2: text = 83
157.08542999997735	EXP	text_2: text = 100
157.10252499999478	EXP	text_2: text = 117
157.11915499996394	EXP	text_2: text = 133
157.13605500000995	EXP	text_2: text = 150
157.15206500003114	EXP	text_2: text = 167
157.1688650000142	EXP	text_2: text = 184
157.18550000002142	EXP	text_2: text = 200
157.20366999995895	EXP	text_2: text = 221
157.21825000003446	EXP	text_2: text = 234
157.234300000011	EXP	text_2: text = 251
157.25130999996327	EXP	text_2: text = 268
157.27066999999806	EXP	text_2: text = 288
157.28492999996524	EXP	text_2: text = 300
157.30138499999885	EXP	text_2: text = 317
157.31802000000607	EXP	text_2: text = 333
157.3365299999714	EXP	text_2: text = 351
157.3383250000188	DATA	Keydown:  
157.35152999998536	EXP	text_2: text = 366
157.35152999998536	EXP	text_2: autoDraw = false
157.35152999998536	EXP	Feedback: text = 353
157.35152999998536	EXP	Feedback: autoDraw = true
157.38919000001624	DATA	Keydown:  
158.35153500002343	EXP	Feedback: autoDraw = false
158.35153500002343	EXP	Feedback: autoDraw = false
158.35153500002343	EXP	text_3: autoDraw = true
163.8859699999448	EXP	text_3: autoDraw = false
163.8859699999448	EXP	text_3: autoDraw = false
163.8859699999448	EXP	text_2: autoDraw = true
163.8859699999448	EXP	text_2: text = 0
163.9020099999616	EXP	text_2: text = 16
163.91888500005007	EXP	text_2: text = 33
163.93518499995116	EXP	text_2: text = 50
163.95252000004984	EXP	text_2: text = 66
163.9687949999934	EXP	text_2: text = 82
163.9856800000416	EXP	text_2: text = 100
164.00219999998808	EXP	text_2: text = 117
164.0188499999931	EXP	text_2: text = 133
164.0355050000362	EXP	text_2: text = 149
164.05235000001267	EXP	text_2: text = 166
164.06885000003967	EXP	text_2: text = 183
164.0855450000381	EXP	text_2: text = 200
164.10242000001017	EXP	text_2: text = 216
164.11876500002109	EXP	text_2: text = 233
164.13567500002682	EXP	text_2: text = 249
164.15411999996286	EXP	text_2: text = 266
164.1562949999934	DATA	Keydown:  
164.17406999995	EXP	text_2: text = 287
164.17406999995	EXP	text_2: autoDraw = false
164.17406999995	EXP	Feedback: text = 270
164.17406999995	EXP	Feedback: autoDraw = true
164.19045500003267	DATA	Keydown:  
165.16853499994613	EXP	Feedback: autoDraw = false
165.16853499994613	EXP	Feedback: autoDraw = false
165.16853499994613	EXP	text_3: autoDraw = true
169.30296500003897	EXP	text_3: autoDraw = false
169.30296500003897	EXP	text_3: autoDraw = false
169.30296500003897	EXP	text_2: autoDraw = true
169.30296500003897	EXP	text_2: text = 0
169.3186599999899	EXP	text_2: text = 15
169.33525000000373	EXP	text_2: text = 32
169.35159500001464	EXP	text_2: text = 49
169.36858500004746	EXP	text_2: text = 65
169.38504500000272	EXP	text_2: text = 83
169.40201499999966	EXP	text_2: text = 98
169.41879000002518	EXP	text_2: text = 115
169.43543499999214	EXP	text_2: text = 132
169.45189000002574	EXP	text_2: text = 148
169.46874499996193	EXP	text_2: text = 165
169.48534999997355	EXP	text_2: text = 182
169.50208000000566	EXP	text_2: text = 198
169.5189000000246	EXP	text_2: text = 215
169.5354750000406	EXP	text_2: text = 232
169.5521749999607	EXP	text_2: text = 248
169.5686149999965	EXP	text_2: text = 265
169.585715000052	EXP	text_2: text = 282
169.5965149999829	DATA	Keydown:  
169.60657499998342	EXP	text_2: text = 304
169.60657499998342	EXP	text_2: autoDraw = false
169.60657499998342	EXP	Feedback: text = 294
169.60657499998342	EXP	Feedback: autoDraw = true
169.63428999995813	DATA	Keydown:  
170.6015999999363	EXP	Feedback: autoDraw = false
170.6015999999363	EXP	Feedback: autoDraw = false
170.6015999999363	EXP	text_3: autoDraw = true
175.41842999996152	EXP	text_3: autoDraw = false
175.41842999996152	EXP	text_3: autoDraw = false
175.41842999996152	EXP	text_2: autoDraw = true
175.41842999996152	EXP	text_2: text = 0
175.43484999996144	EXP	text_2: text = 16
175.45178999996278	EXP	text_2: text = 32
175.4683949999744	EXP	text_2: text = 49
175.48551000002772	EXP	text_2: text = 67
175.50185000000056	EXP	text_2: text = 83
175.51849000004586	EXP	text_2: text = 100
175.53501999995206	EXP	text_2: text = 117
175.5516849999549	EXP	text_2: text = 133
175.56837999995332	EXP	text_2: text = 150
175.58499999996275	EXP	text_2: text = 167
175.60188500001095	EXP	text_2: text = 182
175.61870500002988	EXP	text_2: text = 200
175.63709500001278	EXP	text_2: text = 221
175.65058999997564	EXP	text_2: text = 232
175.66729999997187	EXP	text_2: text = 250
175.68437000003178	EXP	text_2: text = 267
175.70287499995902	EXP	text_2: text = 286
175.71814000001177	EXP	text_2: text = 300
175.73484499996994	EXP	text_2: text = 316
175.7509850000497	EXP	text_2: text = 333
175.75404999998864	DATA	Keydown:  
175.7679749999661	EXP	text_2: text = 350
175.7679749999661	EXP	text_2: autoDraw = false
175.7679749999661	EXP	Feedback: text = 336
175.7679749999661	EXP	Feedback: autoDraw = true
176.7688199999975	EXP	Feedback: autoDraw = false
176.7688199999975	EXP	Feedback: autoDraw = false
176.7688199999975	EXP	text_3: autoDraw = true
185.0850100000389	EXP	text_3: autoDraw = false
185.0850100000389	EXP	text_3: autoDraw = false
185.0850100000389	EXP	text_2: autoDraw = true
185.0850100000389	EXP	text_2: text = 0
185.10157499997877	EXP	text_2: text = 16
185.11850999994203	EXP	text_2: text = 33
185.13538999995217	EXP	text_2: text = 50
185.15136999997776	EXP	text_2: text = 69
185.16811500000767	EXP	text_2: text = 84
185.1844750000164	EXP	text_2: text = 101
185.20087499998044	EXP	text_2: text = 117
185.21921500004828	EXP	text_2: text = 137
185.23482999997213	EXP	text_2: text = 151
185.25101000000723	EXP	text_2: text = 167
185.26781500002835	EXP	text_2: text = 184
185.28436499997042	EXP	text_2: text = 200
185.30128000001423	EXP	text_2: text = 216
185.31828000000678	EXP	text_2: text = 234
185.33443499996793	EXP	text_2: text = 251
185.35098999994807	EXP	text_2: text = 266
185.36771000002045	EXP	text_2: text = 283
185.38424000004306	EXP	text_2: text = 301
185.40129499998875	EXP	text_2: text = 317
185.41822500003036	EXP	text_2: text = 334
185.4199700000463	DATA	Keydown:  
185.43596999999136	EXP	text_2: text = 354
185.43596999999136	EXP	text_2: autoDraw = false
185.43596999999136	EXP	Feedback: text = 335
185.43596999999136	EXP	Feedback: autoDraw = true
185.51908500003628	DATA	Keydown:  
186.43477000005078	EXP	Feedback: autoDraw = false
186.43477000005078	EXP	Feedback: autoDraw = false
186.43477000005078	EXP	text_3: autoDraw = true
188.60186499997508	EXP	text_3: autoDraw = false
188.60186499997508	EXP	text_3: autoDraw = false
188.60186499997508	EXP	text_2: autoDraw = true
188.60186499997508	EXP	text_2: text = 0
188.61824999994133	EXP	text_2: text = 17
188.63497999997344	EXP	text_2: text = 33
188.65181499999017	EXP	text_2: text = 51
188.6689699999988	EXP	text_2: text = 67
188.6848900000332	EXP	text_2: text = 83
188.70192999998108	EXP	text_2: text = 100
188.71946499997284	EXP	text_2: text = 117
188.73551999998745	EXP	text_2: text = 133
188.75224499998149	EXP	text_2: text = 150
188.7684499999741	EXP	text_2: text = 166
188.78499499999452	EXP	text_2: text = 183
188.80203999998048	EXP	text_2: text = 201
188.8185700000031	EXP	text_2: text = 217
188.83540999994148	EXP	text_2: text = 233
188.85221000004094	EXP	text_2: text = 250
188.86864999996033	EXP	text_2: text = 267
188.88499000004958	EXP	text_2: text = 283
188.90301500004716	EXP	text_2: text = 304
188.91769000003114	EXP	text_2: text = 316
188.93426999996882	EXP	text_2: text = 333
188.9506650000112	EXP	text_2: text = 349
188.96901999996044	EXP	text_2: text = 370
188.98436500004027	EXP	text_2: text = 383
189.00170999998227	EXP	text_2: text = 400
189.01757000002544	EXP	text_2: text = 418
189.03437500004657	EXP	text_2: text = 433
189.05102999997325	EXP	text_2: text = 450
189.06807999999728	EXP	text_2: text = 467
189.0844100000104	EXP	text_2: text = 484
189.1011700000381	EXP	text_2: text = 500
189.11778500000946	EXP	text_2: text = 516
189.1347550000064	EXP	text_2: text = 533
189.15121000004	EXP	text_2: text = 550
189.16809000005014	EXP	text_2: text = 567
189.18464999995194	EXP	text_2: text = 583
189.20117000001483	EXP	text_2: text = 601
189.21776000002865	EXP	text_2: text = 616
189.2342850000132	EXP	text_2: text = 633
189.25093999993987	EXP	text_2: text = 653
189.26723999995738	EXP	text_2: text = 668
189.2840599999763	EXP	text_2: text = 684
189.30064999999013	EXP	text_2: text = 701
189.31839499995112	EXP	text_2: text = 720
189.33453500003088	EXP	text_2: text = 733
189.35139500000514	EXP	text_2: text = 750
189.36774999997579	EXP	text_2: text = 766
189.38471999997273	EXP	text_2: text = 783
189.40126499999315	EXP	text_2: text = 799
189.4180949999718	EXP	text_2: text = 817
189.43503499997314	EXP	text_2: text = 833
189.45165499998257	EXP	text_2: text = 851
189.4675949999364	EXP	text_2: text = 866
189.47922999993898	DATA	Keydown:  
189.4878500000341	EXP	text_2: text = 888
189.4878500000341	EXP	text_2: autoDraw = false
189.4878500000341	EXP	Feedback: text = 877
189.4878500000341	EXP	Feedback: autoDraw = true
189.58525000000373	DATA	Keydown:  
190.48544499999844	EXP	Feedback: autoDraw = false
190.48544499999844	EXP	Feedback: autoDraw = false
190.48544499999844	EXP	text_3: autoDraw = true
194.30218500003684	EXP	text_3: autoDraw = false
194.30218500003684	EXP	text_3: autoDraw = false
194.30218500003684	EXP	text_2: autoDraw = true
194.30218500003684	EXP	text_2: text = 0
194.31859499996062	EXP	text_2: text = 16
194.33505999995396	EXP	text_2: text = 33
194.35169000003953	EXP	text_2: text = 49
194.36856500001159	EXP	text_2: text = 67
194.3855250000488	EXP	text_2: text = 83
194.40132499998435	EXP	text_2: text = 100
194.41836000001058	EXP	text_2: text = 116
194.4347050000215	EXP	text_2: text = 133
194.45191499998327	EXP	text_2: text = 150
194.46829999994952	EXP	text_2: text = 165
194.48485999996774	EXP	text_2: text = 184
194.50141000002623	EXP	text_2: text = 200
194.5183749999851	EXP	text_2: text = 216
194.53527999995276	EXP	text_2: text = 233
194.55200000002515	EXP	text_2: text = 250
194.56853000004776	EXP	text_2: text = 267
194.58521499997005	EXP	text_2: text = 283
194.58829999994487	DATA	Keydown:  
194.6015399999451	EXP	text_2: text = 299
194.6015399999451	EXP	text_2: autoDraw = false
194.6015399999451	EXP	Feedback: text = 286
194.6015399999451	EXP	Feedback: autoDraw = true
194.6697700000368	DATA	Keydown:  
195.60369499993976	EXP	Feedback: autoDraw = false
195.60369499993976	EXP	Feedback: autoDraw = false
195.60369499993976	EXP	text_3: autoDraw = true
199.7183799999766	EXP	text_3: autoDraw = false
199.7183799999766	EXP	text_3: autoDraw = false
199.7183799999766	EXP	text_2: autoDraw = true
199.7183799999766	EXP	text_2: text = 0
199.73427000001539	EXP	text_2: text = 16
199.75149499997497	EXP	text_2: text = 33
199.76833500002977	EXP	text_2: text = 49
199.7849550000392	EXP	text_2: text = 65
199.80145000002813	EXP	text_2: text = 82
199.81786499998998	EXP	text_2: text = 99
199.83475000003818	EXP	text_2: text = 115
199.85379500000272	EXP	text_2: text = 138
199.8652449999936	EXP	text_2: text = 149
199.88385500002187	EXP	text_2: text = 166
199.90075499995146	EXP	text_2: text = 183
199.91874500003178	EXP	text_2: text = 202
199.93398500001058	EXP	text_2: text = 216
199.95109999994747	EXP	text_2: text = 233
199.96748500003014	EXP	text_2: text = 249
199.98413999995682	EXP	text_2: text = 267
200.00101999996696	EXP	text_2: text = 282
200.0030099999858	DATA	Keydown:  
200.0202499999432	EXP	text_2: text = 304
200.0202499999432	EXP	text_2: autoDraw = false
200.0202499999432	EXP	Feedback: text = 285
200.0202499999432	EXP	Feedback: autoDraw = true
200.03518000000622	DATA	Keydown:  
201.01790500001516	EXP	Feedback: autoDraw = false
201.01790500001516	EXP	Feedback: autoDraw = false
201.01790500001516	EXP	text_3: autoDraw = true
203.4353950000368	EXP	text_3: autoDraw = false
203.4353950000368	EXP	text_3: autoDraw = false
203.4353950000368	EXP	text_2: autoDraw = true
203.4353950000368	EXP	text_2: text = 0
203.45175500004552	EXP	text_2: text = 17
203.46840000001248	EXP	text_2: text = 34
203.48484499996994	EXP	text_2: text = 50
203.50167000002693	EXP	text_2: text = 68
203.51813999994192	EXP	text_2: text = 84
203.5349250000436	EXP	text_2: text = 100
203.55175500002224	EXP	text_2: text = 116
203.5681849999819	EXP	text_2: text = 133
203.58493999997154	EXP	text_2: text = 150
203.60141999996267	EXP	text_2: text = 166
203.61820499994792	EXP	text_2: text = 183
203.63476499996614	EXP	text_2: text = 200
203.65152499999385	EXP	text_2: text = 216
203.668554999982	EXP	text_2: text = 233
203.68480499996804	EXP	text_2: text = 250
203.70128499995917	EXP	text_2: text = 266
203.71861999994144	EXP	text_2: text = 284
203.7353450000519	EXP	text_2: text = 301
203.75158000004012	EXP	text_2: text = 317
203.76717000000644	EXP	text_2: text = 335
203.78364000003785	EXP	text_2: text = 350
203.78501999995206	DATA	Keydown:  
203.80043499998283	EXP	text_2: text = 369
203.80043499998283	EXP	text_2: autoDraw = false
203.80043499998283	EXP	Feedback: text = 350
203.80043499998283	EXP	Feedback: autoDraw = true
204.80149500002153	EXP	Feedback: autoDraw = false
204.80149500002153	EXP	Feedback: autoDraw = false
204.80149500002153	EXP	text_3: autoDraw = true
205.56946999998763	DATA	Keydown:  
210.23574999999255	EXP	text_3: autoDraw = false
210.23574999999255	EXP	text_3: autoDraw = false
210.23574999999255	EXP	text_2: autoDraw = true
210.23574999999255	EXP	text_2: text = 0
210.25133500003722	EXP	text_2: text = 15
210.26839500002097	EXP	text_2: text = 33
210.28532999998424	EXP	text_2: text = 50
210.30097999994177	EXP	text_2: text = 66
210.31787000002805	EXP	text_2: text = 83
210.3351000000257	EXP	text_2: text = 99
210.35122499999125	EXP	text_2: text = 116
210.36837000004016	EXP	text_2: text = 132
210.38476499996614	EXP	text_2: text = 149
210.40117500000633	EXP	text_2: text = 165
210.4180949999718	EXP	text_2: text = 182
210.43643000000156	EXP	text_2: text = 203
210.45005999994464	EXP	text_2: text = 216
210.46700499998406	EXP	text_2: text = 233
210.48372499994002	EXP	text_2: text = 250
210.50275500002317	EXP	text_2: text = 269
210.51670999999624	EXP	text_2: text = 282
210.51845500001218	DATA	Keydown:  
210.5344749999931	EXP	text_2: text = 300
210.5344749999931	EXP	text_2: autoDraw = false
210.5344749999931	EXP	Feedback: text = 283
210.5344749999931	EXP	Feedback: autoDraw = true
210.60140499996487	DATA	Keydown:  
211.5350150000304	EXP	Feedback: autoDraw = false
211.5350150000304	EXP	Feedback: autoDraw = false
211.5350150000304	EXP	text_3: autoDraw = true
220.7531949999975	EXP	text_3: autoDraw = false
220.7531949999975	EXP	text_3: autoDraw = false
220.7531949999975	EXP	text_2: autoDraw = true
220.7531949999975	EXP	text_2: text = 0
220.76774000003934	EXP	text_2: text = 15
220.78442000003997	EXP	text_2: text = 32
220.80113499995787	EXP	text_2: text = 49
220.81802000000607	EXP	text_2: text = 66
220.83467500004917	EXP	text_2: text = 82
220.85150999994949	EXP	text_2: text = 99
220.86800000001676	EXP	text_2: text = 116
220.8845250000013	EXP	text_2: text = 132
220.90107999998145	EXP	text_2: text = 149
220.91774499998428	EXP	text_2: text = 166
220.93449500005227	EXP	text_2: text = 183
220.95141500001773	EXP	text_2: text = 200
220.96825000003446	EXP	text_2: text = 216
220.98547499999404	EXP	text_2: text = 235
221.00058999995235	EXP	text_2: text = 248
221.0166250000475	EXP	text_2: text = 266
221.03357500000857	EXP	text_2: text = 282
221.05156499997247	EXP	text_2: text = 302
221.06745500001125	EXP	text_2: text = 316
221.06941999995615	DATA	Keydown:  
221.08378999994602	EXP	text_2: text = 332
221.08378999994602	EXP	text_2: autoDraw = false
221.08378999994602	EXP	Feedback: text = 316
221.08378999994602	EXP	Feedback: autoDraw = true
222.08384500001557	EXP	Feedback: autoDraw = false
222.08384500001557	EXP	Feedback: autoDraw = false
222.08384500001557	EXP	text_3: autoDraw = true
229.35161500005051	EXP	text_3: autoDraw = false
229.35161500005051	EXP	text_3: autoDraw = false
229.35161500005051	EXP	text_2: autoDraw = true
229.35161500005051	EXP	text_2: text = 0
229.3673799999524	EXP	text_2: text = 16
229.3841249999823	EXP	text_2: text = 33
229.40155499998946	EXP	text_2: text = 49
229.4176949999528	EXP	text_2: text = 66
229.43417499994393	EXP	text_2: text = 83
229.45071999996435	EXP	text_2: text = 99
229.46901999996044	EXP	text_2: text = 117
229.48492499999702	EXP	text_2: text = 136
229.50005000003148	EXP	text_2: text = 149
229.5163150000153	EXP	text_2: text = 167
229.53328500001226	EXP	text_2: text = 182
229.550595000037	EXP	text_2: text = 200
229.5687850000104	EXP	text_2: text = 220
229.5836699999636	EXP	text_2: text = 233
229.6008200000506	EXP	text_2: text = 249
229.61722999997437	EXP	text_2: text = 266
229.633834999986	EXP	text_2: text = 283
229.65037499996834	EXP	text_2: text = 300
229.6564950000029	DATA	Keydown:  
229.67101000004914	EXP	text_2: text = 321
229.67101000004914	EXP	text_2: autoDraw = false
229.67101000004914	EXP	Feedback: text = 305
229.67101000004914	EXP	Feedback: autoDraw = true
230.6676349999616	EXP	Feedback: autoDraw = false
230.6676349999616	EXP	Feedback: autoDraw = false
230.6676349999616	EXP	text_3: autoDraw = true
237.9688399999868	DATA	Keydown:  
238.0846700000111	EXP	text_3: autoDraw = false
238.0846700000111	EXP	text_3: autoDraw = false
238.0846700000111	EXP	text_2: autoDraw = true
238.0846700000111	EXP	text_2: text = 0
238.10086999996565	EXP	text_2: text = 17
238.11801999993622	EXP	text_2: text = 34
238.13445500005037	EXP	text_2: text = 49
238.1506100000115	EXP	text_2: text = 66
238.1679549999535	EXP	text_2: text = 84
238.184104999993	EXP	text_2: text = 100
238.20114000001922	EXP	text_2: text = 116
238.21754500002135	EXP	text_2: text = 133
238.23422999994364	EXP	text_2: text = 150
238.25136999995448	EXP	text_2: text = 166
238.26763999997638	EXP	text_2: text = 183
238.28420500003267	EXP	text_2: text = 199
238.30123999994248	EXP	text_2: text = 216
238.3177549999673	EXP	text_2: text = 234
238.33462999993935	EXP	text_2: text = 250
238.3524749999633	EXP	text_2: text = 269
238.3663650000235	EXP	text_2: text = 283
238.38341500004753	EXP	text_2: text = 300
238.39998999994714	EXP	text_2: text = 317
238.41802999994252	EXP	text_2: text = 336
238.43363999994472	EXP	text_2: text = 349
238.45068999996874	EXP	text_2: text = 367
238.4666900000302	EXP	text_2: text = 384
238.48390999995172	EXP	text_2: text = 400
238.5002150000073	EXP	text_2: text = 417
238.51679499994498	EXP	text_2: text = 434
238.5339099999983	EXP	text_2: text = 449
238.5502100000158	EXP	text_2: text = 466
238.56686000002082	EXP	text_2: text = 483
238.58410500001628	EXP	text_2: text = 500
238.5861899999436	DATA	Keydown:  
238.603535000002	EXP	text_2: text = 522
238.603535000002	EXP	text_2: autoDraw = false
238.603535000002	EXP	Feedback: text = 502
238.603535000002	EXP	Feedback: autoDraw = true
238.63370000000577	DATA	Keydown:  
239.6007100000279	EXP	Feedback: autoDraw = false
239.6007100000279	EXP	Feedback: autoDraw = false
239.6007100000279	EXP	text_3: autoDraw = true
249.2177049999591	EXP	text_3: autoDraw = false
249.2177049999591	EXP	text_3: autoDraw = false
249.2177049999591	EXP	text_2: autoDraw = true
249.2177049999591	EXP	text_2: text = 0
249.23422999994364	EXP	text_2: text = 17
249.25125500001013	EXP	text_2: text = 33
249.26779499999247	EXP	text_2: text = 50
249.2845850000158	EXP	text_2: text = 66
249.3008400000399	EXP	text_2: text = 83
249.31727999995928	EXP	text_2: text = 100
249.33426000003237	EXP	text_2: text = 116
249.35103999997955	EXP	text_2: text = 132
249.367484999937	EXP	text_2: text = 150
249.3841399999801	EXP	text_2: text = 166
249.40076999994926	EXP	text_2: text = 182
249.41730500000995	EXP	text_2: text = 200
249.4344600000186	EXP	text_2: text = 217
249.4506350000156	EXP	text_2: text = 232
249.4676599999657	EXP	text_2: text = 250
249.48545499995816	EXP	text_2: text = 270
249.50060499995016	EXP	text_2: text = 284
249.51601499994285	EXP	text_2: text = 300
249.53321000002325	EXP	text_2: text = 317
249.55345999996644	EXP	text_2: text = 337
249.55509000003804	DATA	Keydown:  
249.56672999996226	EXP	text_2: text = 350
249.56672999996226	EXP	text_2: autoDraw = false
249.56672999996226	EXP	Feedback: text = 337
249.56672999996226	EXP	Feedback: autoDraw = true
249.58409499994013	DATA	Keydown:  
250.56741999997757	EXP	Feedback: autoDraw = false
250.56741999997757	EXP	Feedback: autoDraw = false
250.56741999997757	EXP	text_3: autoDraw = true
256.26757000002544	EXP	text_3: autoDraw = false
256.26757000002544	EXP	text_3: autoDraw = false
256.26757000002544	EXP	text_2: autoDraw = true
256.26757000002544	EXP	text_2: text = 0
256.2842099999543	EXP	text_2: text = 17
256.3006550000282	EXP	text_2: text = 32
256.31732999999076	EXP	text_2: text = 50
256.33395500003826	EXP	text_2: text = 66
256.3508900000015	EXP	text_2: text = 84
256.36732499999925	EXP	text_2: text = 99
256.3844950000057	EXP	text_2: text = 119
256.4021049999865	EXP	text_2: text = 136
256.41633499995805	EXP	text_2: text = 150
256.43293000000995	EXP	text_2: text = 167
256.4507450000383	EXP	text_2: text = 183
256.4841299999971	EXP	text_2: text = 217
256.500149999978	EXP	text_2: text = 232
256.5169900000328	EXP	text_2: text = 250
256.53359500004444	EXP	text_2: text = 267
256.5504100000253	EXP	text_2: text = 283
256.56689999997616	EXP	text_2: text = 299
256.5832849999424	EXP	text_2: text = 316
256.6006500000367	EXP	text_2: text = 333
256.6024899999611	DATA	Keydown:  
256.6184699999867	EXP	text_2: text = 353
256.6184699999867	EXP	text_2: autoDraw = false
256.6184699999867	EXP	Feedback: text = 335
256.6184699999867	EXP	Feedback: autoDraw = true
256.6669400000246	DATA	Keydown:  
257.61694500001613	EXP	Feedback: autoDraw = false
257.61694500001613	EXP	Feedback: autoDraw = false
257.61694500001613	EXP	text_3: autoDraw = true
263.3010350000113	EXP	text_3: autoDraw = false
263.3010350000113	EXP	text_3: autoDraw = false
263.3010350000113	EXP	text_2: autoDraw = true
263.3010350000113	EXP	text_2: text = 0
263.3173099999549	EXP	text_2: text = 16
263.3340900000185	EXP	text_2: text = 33
263.35080999997444	EXP	text_2: text = 50
263.36735499999486	EXP	text_2: text = 66
263.3841099999845	EXP	text_2: text = 83
263.40046499995515	EXP	text_2: text = 100
263.41749000002164	EXP	text_2: text = 117
263.4361000000499	EXP	text_2: text = 138
263.4505249999929	EXP	text_2: text = 150
263.4664450000273	EXP	text_2: text = 167
263.483574999962	EXP	text_2: text = 183
263.5011950000189	EXP	text_2: text = 203
263.5170099999523	EXP	text_2: text = 217
263.53347000002395	EXP	text_2: text = 233
263.5498849999858	EXP	text_2: text = 250
263.5666800000472	EXP	text_2: text = 267
263.58305000001565	EXP	text_2: text = 284
263.6005550000118	EXP	text_2: text = 300
263.6166100000264	EXP	text_2: text = 316
263.6337099999655	EXP	text_2: text = 333
263.6503650000086	EXP	text_2: text = 350
263.66701500001363	EXP	text_2: text = 368
263.6685849999776	DATA	Keydown:  
263.68389500002377	EXP	text_2: text = 386
263.68389500002377	EXP	text_2: autoDraw = false
263.68389500002377	EXP	Feedback: text = 368
263.68389500002377	EXP	Feedback: autoDraw = true
263.7376899999799	DATA	Keydown:  
264.68428000004496	EXP	Feedback: autoDraw = false
264.68428000004496	EXP	Feedback: autoDraw = false
264.68428000004496	EXP	text_3: autoDraw = true
267.8677949999692	EXP	text_3: autoDraw = false
267.8677949999692	EXP	text_3: autoDraw = false
267.8677949999692	EXP	text_2: autoDraw = true
267.8677949999692	EXP	text_2: text = 0
267.8839600000065	EXP	text_2: text = 16
267.9010700000217	EXP	text_2: text = 33
267.91720999998506	EXP	text_2: text = 50
267.9340549999615	EXP	text_2: text = 67
267.95094999996945	EXP	text_2: text = 83
267.9672899999423	EXP	text_2: text = 100
267.98377000004984	EXP	text_2: text = 116
268.0003949999809	EXP	text_2: text = 133
268.0180399999954	EXP	text_2: text = 150
268.03388500004075	EXP	text_2: text = 166
268.05035499995574	EXP	text_2: text = 184
268.06728499999736	EXP	text_2: text = 200
268.0837199999951	EXP	text_2: text = 216
268.10063999996055	EXP	text_2: text = 234
268.1176099999575	EXP	text_2: text = 250
268.13526000001	EXP	text_2: text = 269
268.15018999995664	EXP	text_2: text = 284
268.1658049999969	EXP	text_2: text = 301
268.1673250000458	DATA	Keydown:  
268.18331500003114	EXP	text_2: text = 317
268.18331500003114	EXP	text_2: autoDraw = false
268.18331500003114	EXP	Feedback: text = 300
268.18331500003114	EXP	Feedback: autoDraw = true
268.25487499998417	DATA	Keydown:  
269.1830149999587	EXP	Feedback: autoDraw = false
269.1830149999587	EXP	Feedback: autoDraw = false
269.1830149999587	EXP	text_3: autoDraw = true
271.8172799999593	EXP	text_3: autoDraw = false
271.8172799999593	EXP	text_3: autoDraw = false
271.8172799999593	EXP	text_2: autoDraw = true
271.8172799999593	EXP	text_2: text = 0
271.83354000002146	EXP	text_2: text = 16
271.85049999994226	EXP	text_2: text = 33
271.8671349999495	EXP	text_2: text = 50
271.8835599999875	EXP	text_2: text = 67
271.90063499996904	EXP	text_2: text = 84
271.91705499996897	EXP	text_2: text = 101
271.93397500005085	EXP	text_2: text = 117
271.9511700000148	EXP	text_2: text = 137
271.96691499999724	EXP	text_2: text = 150
271.98236999998335	EXP	text_2: text = 166
271.9995499999495	EXP	text_2: text = 183
272.01706500002183	EXP	text_2: text = 203
272.0332649999764	EXP	text_2: text = 217
272.04990999994334	EXP	text_2: text = 234
272.0666049999418	EXP	text_2: text = 250
272.08299999998417	EXP	text_2: text = 266
272.10105499997735	EXP	text_2: text = 283
272.11656999995466	EXP	text_2: text = 300
272.1333099999465	EXP	text_2: text = 317
272.1355700000422	DATA	Keydown:  
272.1502099999925	EXP	text_2: text = 336
272.1502099999925	EXP	text_2: autoDraw = false
272.1502099999925	EXP	Feedback: text = 318
272.1502099999925	EXP	Feedback: autoDraw = true
272.2169549999526	DATA	Keydown:  
273.1506100000115	EXP	Feedback: autoDraw = false
273.1506100000115	EXP	Feedback: autoDraw = false
273.1506100000115	EXP	text_3: autoDraw = true
278.517194999964	EXP	text_3: autoDraw = false
278.517194999964	EXP	text_3: autoDraw = false
278.517194999964	EXP	text_2: autoDraw = true
278.517194999964	EXP	text_2: text = 0
278.53342500003055	EXP	text_2: text = 16
278.550120000029	EXP	text_2: text = 33
278.56678999995347	EXP	text_2: text = 50
278.58342999999877	EXP	text_2: text = 66
278.6004449999891	EXP	text_2: text = 83
278.61722000001464	EXP	text_2: text = 100
278.63367000001017	EXP	text_2: text = 116
278.6502699999837	EXP	text_2: text = 133
278.66740000003483	EXP	text_2: text = 150
278.68544999998994	EXP	text_2: text = 171
278.70045999996364	EXP	text_2: text = 184
278.7159250000259	EXP	text_2: text = 201
278.73265000001993	EXP	text_2: text = 218
278.7510300000431	EXP	text_2: text = 236
278.7664850000292	EXP	text_2: text = 250
278.7832299999427	EXP	text_2: text = 266
278.79937000002246	EXP	text_2: text = 283
278.80116999999154	DATA	Keydown:  
278.81630499998573	EXP	text_2: text = 299
278.81630499998573	EXP	text_2: autoDraw = false
278.81630499998573	EXP	Feedback: text = 284
278.81630499998573	EXP	Feedback: autoDraw = true
279.8166800000472	EXP	Feedback: autoDraw = false
279.8166800000472	EXP	Feedback: autoDraw = false
279.8166800000472	EXP	text_3: autoDraw = true
285.0336799999932	EXP	text_3: autoDraw = false
285.0336799999932	EXP	text_3: autoDraw = false
285.0336799999932	EXP	text_2: autoDraw = true
285.0336799999932	EXP	text_2: text = 0
285.0499950000085	EXP	text_2: text = 17
285.06685499998275	EXP	text_2: text = 33
285.0833649999695	EXP	text_2: text = 49
285.10045499994885	EXP	text_2: text = 67
285.11702999996487	EXP	text_2: text = 84
285.13361000001896	EXP	text_2: text = 99
285.15026499994565	EXP	text_2: text = 117
285.168229999952	EXP	text_2: text = 137
285.18264000001363	EXP	text_2: text = 149
285.1989749999484	EXP	text_2: text = 166
285.21646499994677	EXP	text_2: text = 183
285.23541500000283	EXP	text_2: text = 204
285.2495399999898	EXP	text_2: text = 216
285.2665300000226	EXP	text_2: text = 234
285.2830300000496	EXP	text_2: text = 251
285.299645000021	EXP	text_2: text = 267
285.31669000000693	EXP	text_2: text = 283
285.31925499998033	DATA	Keydown:  
285.3348049999913	EXP	text_2: text = 303
285.3348049999913	EXP	text_2: autoDraw = false
285.3348049999913	EXP	Feedback: text = 286
285.3348049999913	EXP	Feedback: autoDraw = true
285.39287500001956	DATA	Keydown:  
286.33336000004783	EXP	Feedback: autoDraw = false
286.33336000004783	EXP	Feedback: autoDraw = false
286.33336000004783	EXP	text_3: autoDraw = true
295.2669450000394	EXP	text_3: autoDraw = false
295.2669450000394	EXP	text_3: autoDraw = false
295.2669450000394	EXP	text_2: autoDraw = true
295.2669450000394	EXP	text_2: text = 0
295.2836449999595	EXP	text_2: text = 17
295.30010999995284	EXP	text_2: text = 33
295.3170349999564	EXP	text_2: text = 51
295.33336000004783	EXP	text_2: text = 67
295.3501150000375	EXP	text_2: text = 84
295.3664750000462	EXP	text_2: text = 101
295.38317000004463	EXP	text_2: text = 116
295.4006100000115	EXP	text_2: text = 134
295.41714999999385	EXP	text_2: text = 150
295.4342150000157	EXP	text_2: text = 168
295.45002999994904	EXP	text_2: text = 184
295.4669399999548	EXP	text_2: text = 201
295.48333499999717	EXP	text_2: text = 217
295.5001199999824	EXP	text_2: text = 233
295.5169450000394	EXP	text_2: text = 250
295.5345799999777	EXP	text_2: text = 270
295.5488999999361	EXP	text_2: text = 283
295.5577399999602	DATA	Keydown:  
295.5673399999505	EXP	text_2: text = 302
295.5673399999505	EXP	text_2: autoDraw = false
295.5673399999505	EXP	Feedback: text = 291
295.5673399999505	EXP	Feedback: autoDraw = true
296.5664300000062	EXP	Feedback: autoDraw = false
296.5664300000062	EXP	Feedback: autoDraw = false
296.5664300000062	EXP	text_3: autoDraw = true
303.76792000001296	EXP	text_3: autoDraw = false
303.76792000001296	EXP	text_3: autoDraw = false
303.76792000001296	EXP	text_2: autoDraw = true
303.76792000001296	EXP	text_2: text = 0
303.7837549999822	EXP	text_2: text = 16
303.7996549999807	EXP	text_2: text = 33
303.81613499997184	EXP	text_2: text = 49
303.83329500001855	EXP	text_2: text = 67
303.85128499998245	EXP	text_2: text = 84
303.86659999995027	EXP	text_2: text = 100
303.883509999956	EXP	text_2: text = 117
303.8999550000299	EXP	text_2: text = 133
303.91666999994777	EXP	text_2: text = 151
303.9338749999879	EXP	text_2: text = 167
303.9501150000142	EXP	text_2: text = 183
303.96675999998115	EXP	text_2: text = 200
303.98334999999497	EXP	text_2: text = 216
303.9998749999795	EXP	text_2: text = 234
304.0164700000314	EXP	text_2: text = 249
304.0334949999815	EXP	text_2: text = 266
304.050120000029	EXP	text_2: text = 283
304.0668750000186	EXP	text_2: text = 300
304.08335500000976	EXP	text_2: text = 316
304.0999450000236	EXP	text_2: text = 333
304.11826499993913	EXP	text_2: text = 353
304.13294999999925	EXP	text_2: text = 365
304.14864999998827	EXP	text_2: text = 382
304.16530500003137	EXP	text_2: text = 400
304.18280499998946	EXP	text_2: text = 416
304.20042999996804	EXP	text_2: text = 436
304.21626999997534	EXP	text_2: text = 449
304.23403000005055	EXP	text_2: text = 467
304.2359850000357	DATA	Keydown:  
304.2539650000399	EXP	text_2: text = 486
304.2539650000399	EXP	text_2: autoDraw = false
304.2539650000399	EXP	Feedback: text = 468
304.2539650000399	EXP	Feedback: autoDraw = true
305.2495699999854	EXP	Feedback: autoDraw = false
305.2495699999854	EXP	Feedback: autoDraw = false
305.2495699999854	EXP	text_3: autoDraw = true
307.4833599999547	DATA	Keydown:  
310.46678999997675	EXP	text_3: autoDraw = false
310.46678999997675	EXP	text_3: autoDraw = false
310.46678999997675	EXP	text_2: autoDraw = true
310.46678999997675	EXP	text_2: text = 0
310.48227999999654	EXP	text_2: text = 16
310.4989899999928	EXP	text_2: text = 34
310.5157350000227	EXP	text_2: text = 49
310.5324349999428	EXP	text_2: text = 67
310.54919000004884	EXP	text_2: text = 83
310.5658350000158	EXP	text_2: text = 100
310.58238999999594	EXP	text_2: text = 116
310.5995000000112	EXP	text_2: text = 136
310.6154000000097	EXP	text_2: text = 150
310.6318700000411	EXP	text_2: text = 167
310.6492249999428	EXP	text_2: text = 183
310.667754999944	EXP	text_2: text = 203
310.68247999995947	EXP	text_2: text = 216
310.69940000004135	EXP	text_2: text = 233
310.71595999994315	EXP	text_2: text = 249
310.73229499999434	EXP	text_2: text = 266
310.7492449999554	EXP	text_2: text = 283
310.7657200000249	EXP	text_2: text = 299
310.78293500002474	EXP	text_2: text = 317
310.7849550000392	DATA	Keydown:  
310.8001749999821	EXP	text_2: text = 336
310.8001749999821	EXP	text_2: autoDraw = false
310.8001749999821	EXP	Feedback: text = 319
310.8001749999821	EXP	Feedback: autoDraw = true
310.8667800000403	DATA	Keydown:  
311.799645000021	EXP	Feedback: autoDraw = false
311.799645000021	EXP	Feedback: autoDraw = false
311.799645000021	EXP	text_3: autoDraw = true
321.01806000003126	EXP	text_3: autoDraw = false
321.01806000003126	EXP	text_3: autoDraw = false
321.01806000003126	EXP	text_2: autoDraw = true
321.01806000003126	EXP	text_2: text = 0
321.0320350000402	EXP	text_2: text = 16
321.0494900000049	EXP	text_2: text = 33
321.06580999994185	EXP	text_2: text = 50
321.0827000000281	EXP	text_2: text = 66
321.0993099999614	EXP	text_2: text = 83
321.1160699999891	EXP	text_2: text = 99
321.1325449999422	EXP	text_2: text = 116
321.1496399999596	EXP	text_2: text = 134
321.1651800000109	EXP	text_2: text = 149
321.18215999996755	EXP	text_2: text = 167
321.19880000001285	EXP	text_2: text = 183
321.21684999996796	EXP	text_2: text = 202
321.23277000000235	EXP	text_2: text = 216
321.2490749999415	EXP	text_2: text = 233
321.26584999996703	EXP	text_2: text = 250
321.28228499996476	EXP	text_2: text = 266
321.29892500001006	EXP	text_2: text = 284
321.3157849999843	EXP	text_2: text = 299
321.3324100000318	EXP	text_2: text = 316
321.34880000003614	EXP	text_2: text = 332
321.3504299999913	DATA	Keydown:  
321.36675499996636	EXP	text_2: text = 352
321.36675499996636	EXP	text_2: autoDraw = false
321.36675499996636	EXP	Feedback: text = 332
321.36675499996636	EXP	Feedback: autoDraw = true
321.4489649999887	DATA	Keydown:  
322.37208999996074	EXP	Feedback: autoDraw = false
322.37208999996074	EXP	Feedback: autoDraw = false
322.37208999996074	EXP	End_text: autoDraw = true
