0.6613149999175221	EXP	Created Window = Window( name=Window, fullscr=true, color=#000000, units=height, waitBlanking=true, autoLog=true, size=[1366,608] )
52.50793999992311	DATA	Keydown: CapsLock
52.904695000033826	DATA	Keydown: A
53.33942499989644	DATA	Keydown: F
56.00562499999069	DATA	Keydown: 1
56.335309999994934	DATA	Keydown: 8
58.01058000000194	DATA	Keydown: 7
58.18846999993548	DATA	Keydown: 6
58.40641500009224	DATA	Keydown: 6
65.40369500010274	EXP	Created text = TextStim( name=text, win=Window( name=Window, fullscr=true, color=#000000, ~), autoDraw=null, autoLog=true, units=height, ori=null, opacity=1, pos=[0,0], size=undefined, text=INSTRUCTIONS [EN]


A counter will appear and star~, font=Arial, color=#FFFFFF, contrast=1, height=0.03, bold=null, italic=null, alignHoriz=left, alignVert=center, wrapWidth=1, flipHoriz=null, flipVert=null )
65.40996999992058	EXP	Created text_3 = TextStim( name=text_3, win=Window( name=Window, fullscr=true, color=#000000, ~), autoDraw=null, autoLog=true, units=height, ori=null, opacity=1, pos=[0,0], size=undefined, text=null, font=Arial, color=#FFFFFF, contrast=1, height=0.1, bold=null, italic=null, alignHoriz=left, alignVert=center, wrapWidth=1, flipHoriz=null, flipVert=null )
65.41521000000648	EXP	Created text_2 = TextStim( name=text_2, win=Window( name=Window, fullscr=true, color=#000000, ~), autoDraw=null, autoLog=true, units=height, ori=null, opacity=1, pos=[0,0], size=undefined, text=default text, font=Arial, color=#ff0000, contrast=1, height=0.15, bold=null, italic=null, alignHoriz=left, alignVert=center, wrapWidth=1, flipHoriz=null, flipVert=null )
65.42070499993861	EXP	Created Feedback = TextStim( name=Feedback, win=Window( name=Window, fullscr=true, color=#000000, ~), autoDraw=null, autoLog=true, units=height, ori=null, opacity=1, pos=[0,0], size=undefined, text=default text, font=Arial, color=#ff0000, contrast=1, height=0.15, bold=null, italic=null, alignHoriz=left, alignVert=center, wrapWidth=1, flipHoriz=null, flipVert=null )
65.43307500006631	EXP	Created End_text = TextStim( name=End_text, win=Window( name=Window, fullscr=true, color=#000000, ~), autoDraw=null, autoLog=true, units=height, ori=null, opacity=1, pos=[0,0], size=undefined, text=This is the end of the experiment!

Thank you for ~, font=Arial, color=#FFFFFF, contrast=1, height=0.04, bold=null, italic=null, alignHoriz=left, alignVert=center, wrapWidth=1, flipHoriz=null, flipVert=null )
66.40161500009708	EXP	text: units = "height"
66.40161500009708	EXP	text: ori = 0
66.40161500009708	EXP	text: opacity = 1
66.40161500009708	EXP	text: pos = [0,0]
66.40161500009708	EXP	text: size = undefined
66.40161500009708	EXP	text: text = "INSTRUCTIONS [EN]\n\n\nA counter will appear and start counting at random times, press SPACE as fast as possible when it appears.\n\n\nPress SPACE to start\n\n-------\n\nInstruções [PT]\n\n\nUm cronómetro vai aparecer e começar a contar aleatoriamente, pressione a tecla SPACE assim que ele aparecer.\n\n\nPressiona SPACE para começar."
66.40161500009708	EXP	text: font = "Arial"
66.40161500009708	EXP	text: color = {"_hex":"#FFFFFF","_rgb":[1,1,1]}
66.40161500009708	EXP	text: contrast = 1
66.40161500009708	EXP	text: height = 0.03
66.40161500009708	EXP	text: bold = false
66.40161500009708	EXP	text: italic = false
66.40161500009708	EXP	text: alignHoriz = "left"
66.40161500009708	EXP	text: alignVert = "center"
66.40161500009708	EXP	text: wrapWidth = 1
66.40161500009708	EXP	text: flipHoriz = false
66.40161500009708	EXP	text: flipVert = false
66.40161500009708	EXP	text_3: units = "height"
66.40161500009708	EXP	text_3: ori = 0
66.40161500009708	EXP	text_3: opacity = 1
66.40161500009708	EXP	text_3: pos = [0,0]
66.40161500009708	EXP	text_3: size = undefined
66.40161500009708	EXP	text_3: text = ""
66.40161500009708	EXP	text_3: font = "Arial"
66.40161500009708	EXP	text_3: color = {"_hex":"#FFFFFF","_rgb":[1,1,1]}
66.40161500009708	EXP	text_3: contrast = 1
66.40161500009708	EXP	text_3: height = 0.1
66.40161500009708	EXP	text_3: bold = false
66.40161500009708	EXP	text_3: italic = false
66.40161500009708	EXP	text_3: alignHoriz = "left"
66.40161500009708	EXP	text_3: alignVert = "center"
66.40161500009708	EXP	text_3: wrapWidth = 1
66.40161500009708	EXP	text_3: flipHoriz = false
66.40161500009708	EXP	text_3: flipVert = false
66.40161500009708	EXP	text_2: units = "height"
66.40161500009708	EXP	text_2: ori = 0
66.40161500009708	EXP	text_2: opacity = 1
66.40161500009708	EXP	text_2: pos = [0,0]
66.40161500009708	EXP	text_2: size = undefined
66.40161500009708	EXP	text_2: text = "default text"
66.40161500009708	EXP	text_2: font = "Arial"
66.40161500009708	EXP	text_2: color = {"_rgb":[1,0,0]}
66.40161500009708	EXP	text_2: contrast = 1
66.40161500009708	EXP	text_2: height = 0.15
66.40161500009708	EXP	text_2: bold = false
66.40161500009708	EXP	text_2: italic = false
66.40161500009708	EXP	text_2: alignHoriz = "left"
66.40161500009708	EXP	text_2: alignVert = "center"
66.40161500009708	EXP	text_2: wrapWidth = 1
66.40161500009708	EXP	text_2: flipHoriz = false
66.40161500009708	EXP	text_2: flipVert = false
66.40161500009708	EXP	Feedback: units = "height"
66.40161500009708	EXP	Feedback: ori = 0
66.40161500009708	EXP	Feedback: opacity = 1
66.40161500009708	EXP	Feedback: pos = [0,0]
66.40161500009708	EXP	Feedback: size = undefined
66.40161500009708	EXP	Feedback: text = "default text"
66.40161500009708	EXP	Feedback: font = "Arial"
66.40161500009708	EXP	Feedback: color = {"_rgb":[1,0,0]}
66.40161500009708	EXP	Feedback: contrast = 1
66.40161500009708	EXP	Feedback: height = 0.15
66.40161500009708	EXP	Feedback: bold = false
66.40161500009708	EXP	Feedback: italic = false
66.40161500009708	EXP	Feedback: alignHoriz = "left"
66.40161500009708	EXP	Feedback: alignVert = "center"
66.40161500009708	EXP	Feedback: wrapWidth = 1
66.40161500009708	EXP	Feedback: flipHoriz = false
66.40161500009708	EXP	Feedback: flipVert = false
66.40161500009708	EXP	End_text: units = "height"
66.40161500009708	EXP	End_text: ori = 0
66.40161500009708	EXP	End_text: opacity = 1
66.40161500009708	EXP	End_text: pos = [0,0]
66.40161500009708	EXP	End_text: size = undefined
66.40161500009708	EXP	End_text: text = "This is the end of the experiment!\n\nThank you for participating.\n\n\n------\n\n\nEste é o fim da experiência!\nObrigada por participar!"
66.40161500009708	EXP	End_text: font = "Arial"
66.40161500009708	EXP	End_text: color = {"_hex":"#FFFFFF","_rgb":[1,1,1]}
66.40161500009708	EXP	End_text: contrast = 1
66.40161500009708	EXP	End_text: height = 0.04
66.40161500009708	EXP	End_text: bold = false
66.40161500009708	EXP	End_text: italic = false
66.40161500009708	EXP	End_text: alignHoriz = "left"
66.40161500009708	EXP	End_text: alignVert = "center"
66.40161500009708	EXP	End_text: wrapWidth = 1
66.40161500009708	EXP	End_text: flipHoriz = false
66.40161500009708	EXP	End_text: flipVert = false
66.40161500009708	EXP	text: autoDraw = true
75.53174500004388	DATA	Keydown: Enter
77.07231499999762	DATA	Keydown:  
77.11010499997064	EXP	text: autoDraw = false
77.11010499997064	EXP	text_3: autoDraw = true
80.43372000008821	EXP	text_3: autoDraw = false
80.43372000008821	EXP	text_3: autoDraw = false
80.43372000008821	EXP	text_2: autoDraw = true
80.43372000008821	EXP	text_2: text = 1
80.45567999989726	EXP	text_2: text = 70
80.46835500001907	EXP	text_2: text = 83
80.48392500006594	EXP	text_2: text = 99
80.50091499998234	EXP	text_2: text = 116
80.51839999994263	EXP	text_2: text = 132
80.53463499993086	EXP	text_2: text = 149
80.55131000000983	EXP	text_2: text = 166
80.56786999991164	EXP	text_2: text = 182
80.58459999994375	EXP	text_2: text = 199
80.65201000007801	EXP	text_2: text = 216
80.67093000002205	EXP	text_2: text = 283
80.68912500003353	EXP	text_2: text = 301
80.70224500005133	EXP	text_2: text = 316
80.70656000007875	DATA	Keydown:  
80.72256499994546	EXP	text_2: text = 333
80.72256499994546	EXP	text_2: autoDraw = false
80.72256499994546	EXP	Feedback: text = 273
80.72256499994546	EXP	Feedback: autoDraw = true
81.72189499996603	EXP	Feedback: autoDraw = false
81.72189499996603	EXP	Feedback: autoDraw = false
81.72189499996603	EXP	text_3: autoDraw = true
90.48642500001006	EXP	text_3: autoDraw = false
90.48642500001006	EXP	text_3: autoDraw = false
90.48642500001006	EXP	text_2: autoDraw = true
90.48642500001006	EXP	text_2: text = 0
90.49934499990195	EXP	text_2: text = 16
90.51598499994725	EXP	text_2: text = 33
90.53264499991201	EXP	text_2: text = 49
90.54972000000998	EXP	text_2: text = 66
90.56624500011094	EXP	text_2: text = 83
90.58289499999955	EXP	text_2: text = 99
90.59920000005513	EXP	text_2: text = 116
90.61764500010759	EXP	text_2: text = 133
90.63332500006072	EXP	text_2: text = 149
90.65100000007078	EXP	text_2: text = 166
90.66740499995649	EXP	text_2: text = 183
90.68435500003397	EXP	text_2: text = 199
90.7114550000988	EXP	text_2: text = 216
90.73296499997377	EXP	text_2: text = 249
90.75033499998972	EXP	text_2: text = 266
90.75734000001103	DATA	Keydown:  
90.77093000011519	EXP	text_2: text = 283
90.77093000011519	EXP	text_2: autoDraw = false
90.77093000011519	EXP	Feedback: text = 271
90.77093000011519	EXP	Feedback: autoDraw = true
91.77022500010207	EXP	Feedback: autoDraw = false
91.77022500010207	EXP	Feedback: autoDraw = false
91.77022500010207	EXP	text_3: autoDraw = true
100.20322000002488	EXP	text_3: autoDraw = false
100.20322000002488	EXP	text_3: autoDraw = false
100.20322000002488	EXP	text_2: autoDraw = true
100.20322000002488	EXP	text_2: text = 0
100.21635000011884	EXP	text_2: text = 16
100.234375	EXP	text_2: text = 33
100.25000500003807	EXP	text_2: text = 50
100.26735499990173	EXP	text_2: text = 67
100.28311499999836	EXP	text_2: text = 83
100.30009500007145	EXP	text_2: text = 100
100.31737999990582	EXP	text_2: text = 117
100.33480000006966	EXP	text_2: text = 133
100.35143000003882	EXP	text_2: text = 150
100.36764999991283	EXP	text_2: text = 167
100.38366999989375	EXP	text_2: text = 183
100.40028499998152	EXP	text_2: text = 200
100.41706999996677	EXP	text_2: text = 216
100.43244000012055	EXP	text_2: text = 233
100.45036999997683	EXP	text_2: text = 250
100.45488499989733	DATA	Keydown:  
100.47051999997348	EXP	text_2: text = 268
100.47051999997348	EXP	text_2: autoDraw = false
100.47051999997348	EXP	Feedback: text = 252
100.47051999997348	EXP	Feedback: autoDraw = true
101.46782499994151	EXP	Feedback: autoDraw = false
101.46782499994151	EXP	Feedback: autoDraw = false
101.46782499994151	EXP	text_3: autoDraw = true
110.4564600000158	EXP	text_3: autoDraw = false
110.4564600000158	EXP	text_3: autoDraw = false
110.4564600000158	EXP	text_2: autoDraw = true
110.4564600000158	EXP	text_2: text = 0
110.4811950000003	EXP	text_2: text = 33
110.4978350000456	EXP	text_2: text = 49
110.51493000006303	EXP	text_2: text = 66
110.53053999994881	EXP	text_2: text = 83
110.57118500000797	EXP	text_2: text = 99
110.58327000006102	EXP	text_2: text = 133
110.62929500010796	EXP	text_2: text = 150
110.66308999992907	EXP	text_2: text = 200
110.68537500011735	EXP	text_2: text = 233
110.72007000003941	EXP	text_2: text = 250
110.72678999998607	DATA	Keydown:  
110.76425000000745	EXP	text_2: text = 286
110.76425000000745	EXP	text_2: autoDraw = false
110.76425000000745	EXP	Feedback: text = 275
110.76425000000745	EXP	Feedback: autoDraw = true
111.73331500007771	EXP	Feedback: autoDraw = false
111.73331500007771	EXP	Feedback: autoDraw = false
111.73331500007771	EXP	text_3: autoDraw = true
114.10306499991566	EXP	text_3: autoDraw = false
114.10306499991566	EXP	text_3: autoDraw = false
114.10306499991566	EXP	text_2: autoDraw = true
114.10306499991566	EXP	text_2: text = 0
114.1144749999512	EXP	text_2: text = 33
114.13171499990858	EXP	text_2: text = 49
114.14891500002705	EXP	text_2: text = 66
114.16507999994792	EXP	text_2: text = 83
114.18308499990962	EXP	text_2: text = 100
114.22239000000991	EXP	text_2: text = 117
114.29557500011288	EXP	text_2: text = 179
114.33139499998651	EXP	text_2: text = 235
114.3804999999702	EXP	text_2: text = 266
114.40916500007734	EXP	text_2: text = 316
114.43313500005752	EXP	text_2: text = 349
114.449685000116	EXP	text_2: text = 366
114.46667500003241	EXP	text_2: text = 383
114.48130999994464	EXP	text_2: text = 399
114.4855249999091	DATA	Keydown:  
114.50407500006258	EXP	text_2: text = 416
114.50407500006258	EXP	text_2: autoDraw = false
114.50407500006258	EXP	Feedback: text = 383
114.50407500006258	EXP	Feedback: autoDraw = true
115.49811000004411	EXP	Feedback: autoDraw = false
115.49811000004411	EXP	Feedback: autoDraw = false
115.49811000004411	EXP	text_3: autoDraw = true
124.13540500006638	EXP	text_3: autoDraw = false
124.13540500006638	EXP	text_3: autoDraw = false
124.13540500006638	EXP	text_2: autoDraw = true
124.13540500006638	EXP	text_2: text = 0
124.14803000004031	EXP	text_2: text = 17
124.16463500005193	EXP	text_2: text = 33
124.18117500003427	EXP	text_2: text = 50
124.1987149999477	EXP	text_2: text = 67
124.21603500004858	EXP	text_2: text = 83
124.23184500006028	EXP	text_2: text = 100
124.25004999991506	EXP	text_2: text = 117
124.26551000005566	EXP	text_2: text = 133
124.28448999999091	EXP	text_2: text = 151
124.29897000011988	EXP	text_2: text = 168
124.31658000010066	EXP	text_2: text = 184
124.33300499990582	EXP	text_2: text = 200
124.34843500005081	EXP	text_2: text = 217
124.36528500006534	EXP	text_2: text = 233
124.38225500006229	EXP	text_2: text = 250
124.39847999997437	EXP	text_2: text = 267
124.45971999992616	EXP	text_2: text = 301
124.46567500010133	DATA	Keydown:  
124.50790500012226	EXP	text_2: text = 352
124.50790500012226	EXP	text_2: autoDraw = false
124.50790500012226	EXP	Feedback: text = 331
124.50790500012226	EXP	Feedback: autoDraw = true
125.4824550000485	EXP	Feedback: autoDraw = false
125.4824550000485	EXP	Feedback: autoDraw = false
125.4824550000485	EXP	text_3: autoDraw = true
132.75347999995574	EXP	text_3: autoDraw = false
132.75347999995574	EXP	text_3: autoDraw = false
132.75347999995574	EXP	text_2: autoDraw = true
132.75347999995574	EXP	text_2: text = 0
132.76313000009395	EXP	text_2: text = 17
132.78052500006743	EXP	text_2: text = 34
132.79676500009373	EXP	text_2: text = 50
132.81402499997057	EXP	text_2: text = 67
132.82982499990612	EXP	text_2: text = 83
132.86646499997005	EXP	text_2: text = 100
132.88088000006974	EXP	text_2: text = 133
132.89715000009164	EXP	text_2: text = 150
132.91387999989092	EXP	text_2: text = 167
132.93229999998584	EXP	text_2: text = 183
132.94780500000343	EXP	text_2: text = 200
132.96504999999888	EXP	text_2: text = 217
132.97977499989793	EXP	text_2: text = 233
132.99827000009827	EXP	text_2: text = 250
133.0144549999386	EXP	text_2: text = 267
133.10187999997288	EXP	text_2: text = 311
133.10746000008658	DATA	Keydown:  
133.12063500005752	EXP	text_2: text = 369
133.12063500005752	EXP	text_2: autoDraw = false
133.12063500005752	EXP	Feedback: text = 358
133.12063500005752	EXP	Feedback: autoDraw = true
134.11413000011817	EXP	Feedback: autoDraw = false
134.11413000011817	EXP	Feedback: autoDraw = false
134.11413000011817	EXP	text_3: autoDraw = true
138.8496650001034	EXP	text_3: autoDraw = false
138.8496650001034	EXP	text_3: autoDraw = false
138.8496650001034	EXP	text_2: autoDraw = true
138.8496650001034	EXP	text_2: text = 0
138.86199499992654	EXP	text_2: text = 16
138.88003499992192	EXP	text_2: text = 33
138.8952800000552	EXP	text_2: text = 49
138.91351999994367	EXP	text_2: text = 66
138.9288800000213	EXP	text_2: text = 83
138.9462399999611	EXP	text_2: text = 99
139.004995000083	EXP	text_2: text = 116
139.03793999995105	EXP	text_2: text = 184
139.06841999990866	EXP	text_2: text = 216
139.0838099999819	EXP	text_2: text = 234
139.09848499996588	EXP	text_2: text = 250
139.11577500007115	EXP	text_2: text = 266
139.13165000011213	EXP	text_2: text = 283
139.16843999992125	EXP	text_2: text = 300
139.19154500006698	DATA	Keydown:  
139.2074549999088	EXP	text_2: text = 351
139.2074549999088	EXP	text_2: autoDraw = false
139.2074549999088	EXP	Feedback: text = 342
139.2074549999088	EXP	Feedback: autoDraw = true
140.19840999995358	EXP	Feedback: autoDraw = false
140.19840999995358	EXP	Feedback: autoDraw = false
140.19840999995358	EXP	text_3: autoDraw = true
142.2524099999573	EXP	text_3: autoDraw = false
142.2524099999573	EXP	text_3: autoDraw = false
142.2524099999573	EXP	text_2: autoDraw = true
142.2524099999573	EXP	text_2: text = 0
142.28043500008062	EXP	text_2: text = 33
142.29786500008777	EXP	text_2: text = 49
142.31335499999113	EXP	text_2: text = 66
142.33168000006117	EXP	text_2: text = 83
142.34771499992348	EXP	text_2: text = 99
142.3652449999936	EXP	text_2: text = 116
142.39681500010192	EXP	text_2: text = 133
142.41558000002988	EXP	text_2: text = 166
142.4323400000576	EXP	text_2: text = 183
142.449285000097	EXP	text_2: text = 199
142.46508500003256	EXP	text_2: text = 216
142.48329000012018	EXP	text_2: text = 233
142.49883499997668	EXP	text_2: text = 249
142.51643999991938	EXP	text_2: text = 266
142.53291999991052	EXP	text_2: text = 283
142.54811499989592	EXP	text_2: text = 299
142.56554499990307	EXP	text_2: text = 316
142.5838699999731	EXP	text_2: text = 333
142.5990949999541	EXP	text_2: text = 349
142.6167500000447	EXP	text_2: text = 366
142.64292000001296	EXP	text_2: text = 384
142.66427500010468	EXP	text_2: text = 416
142.6821850000415	EXP	text_2: text = 434
142.70216499990784	EXP	text_2: text = 453
142.71351499995217	EXP	text_2: text = 466
142.7466949999798	EXP	text_2: text = 499
142.78175500012003	EXP	text_2: text = 515
142.7861349999439	DATA	Keydown:  
142.79918499989435	EXP	text_2: text = 549
142.79918499989435	EXP	text_2: autoDraw = false
142.79918499989435	EXP	Feedback: text = 534
142.79918499989435	EXP	Feedback: autoDraw = true
143.79710999992676	EXP	Feedback: autoDraw = false
143.79710999992676	EXP	Feedback: autoDraw = false
143.79710999992676	EXP	text_3: autoDraw = true
151.09710499993525	EXP	text_3: autoDraw = false
151.09710499993525	EXP	text_3: autoDraw = false
151.09710499993525	EXP	text_2: autoDraw = true
151.09710499993525	EXP	text_2: text = 0
151.1111399999354	EXP	text_2: text = 16
151.12838999996893	EXP	text_2: text = 33
151.14431000011973	EXP	text_2: text = 50
151.16173000005074	EXP	text_2: text = 67
151.17778000002727	EXP	text_2: text = 83
151.19455499993637	EXP	text_2: text = 100
151.2117449999787	EXP	text_2: text = 116
151.22870000009425	EXP	text_2: text = 133
151.2453149999492	EXP	text_2: text = 150
151.26221000007354	EXP	text_2: text = 166
151.2780550001189	EXP	text_2: text = 183
151.2956149999518	EXP	text_2: text = 200
151.31140500004403	EXP	text_2: text = 216
151.32882499997504	EXP	text_2: text = 233
151.3452999999281	EXP	text_2: text = 250
151.38125499989837	EXP	text_2: text = 266
151.38480999995954	DATA	Keydown:  
151.39794500009157	EXP	text_2: text = 300
151.39794500009157	EXP	text_2: autoDraw = false
151.39794500009157	EXP	Feedback: text = 288
151.39794500009157	EXP	Feedback: autoDraw = true
152.3955699999351	EXP	Feedback: autoDraw = false
152.3955699999351	EXP	Feedback: autoDraw = false
152.3955699999351	EXP	text_3: autoDraw = true
162.4006399998907	EXP	text_3: autoDraw = false
162.4006399998907	EXP	text_3: autoDraw = false
162.4006399998907	EXP	text_2: autoDraw = true
162.4006399998907	EXP	text_2: text = 0
162.42880000011064	EXP	text_2: text = 33
162.44555999990553	EXP	text_2: text = 49
162.4623900000006	EXP	text_2: text = 66
162.47958000004292	EXP	text_2: text = 83
162.49665499990806	EXP	text_2: text = 100
162.5136549999006	EXP	text_2: text = 116
162.5295599999372	EXP	text_2: text = 133
162.5462599999737	EXP	text_2: text = 150
162.56495000002906	EXP	text_2: text = 166
162.5818300000392	EXP	text_2: text = 183
162.59844000008889	EXP	text_2: text = 199
162.61469499999657	EXP	text_2: text = 216
162.64530500001274	EXP	text_2: text = 249
162.66103500011377	EXP	text_2: text = 266
162.6668050000444	DATA	Keydown:  
162.68136500008404	EXP	text_2: text = 283
162.68136500008404	EXP	text_2: autoDraw = false
162.68136500008404	EXP	Feedback: text = 266
162.68136500008404	EXP	Feedback: autoDraw = true
163.679465000052	EXP	Feedback: autoDraw = false
163.679465000052	EXP	Feedback: autoDraw = false
163.679465000052	EXP	text_3: autoDraw = true
170.12954999995418	EXP	text_3: autoDraw = false
170.12954999995418	EXP	text_3: autoDraw = false
170.12954999995418	EXP	text_2: autoDraw = true
170.12954999995418	EXP	text_2: text = 0
170.14289500005543	EXP	text_2: text = 16
170.16002000006847	EXP	text_2: text = 33
170.17689500004053	EXP	text_2: text = 50
170.1944899999071	EXP	text_2: text = 66
170.2092100000009	EXP	text_2: text = 83
170.2267700000666	EXP	text_2: text = 100
170.244560000021	EXP	text_2: text = 117
170.26138000003994	EXP	text_2: text = 133
170.27808500011452	EXP	text_2: text = 150
170.29531499999575	EXP	text_2: text = 166
170.3106849999167	EXP	text_2: text = 183
170.32724000001326	EXP	text_2: text = 200
170.3447799999267	EXP	text_2: text = 217
170.36195000004955	EXP	text_2: text = 233
170.41268000006676	EXP	text_2: text = 250
170.41784000000916	DATA	Keydown:  
170.43308499990962	EXP	text_2: text = 300
170.43308499990962	EXP	text_2: autoDraw = false
170.43308499990962	EXP	Feedback: text = 289
170.43308499990962	EXP	Feedback: autoDraw = true
171.43001000001095	EXP	Feedback: autoDraw = false
171.43001000001095	EXP	Feedback: autoDraw = false
171.43001000001095	EXP	text_3: autoDraw = true
176.87903499999084	EXP	text_3: autoDraw = false
176.87903499999084	EXP	text_3: autoDraw = false
176.87903499999084	EXP	text_2: autoDraw = true
176.87903499999084	EXP	text_2: text = 0
176.8922349999193	EXP	text_2: text = 16
176.90897500002757	EXP	text_2: text = 33
176.92583000008017	EXP	text_2: text = 50
176.94193500000983	EXP	text_2: text = 66
176.95986500009894	EXP	text_2: text = 83
176.97564500011504	EXP	text_2: text = 100
176.99426500010304	EXP	text_2: text = 116
177.0096050000284	EXP	text_2: text = 133
177.0268099999521	EXP	text_2: text = 150
177.04315500007942	EXP	text_2: text = 166
177.06020499998704	EXP	text_2: text = 183
177.076330000069	EXP	text_2: text = 200
177.11540500004776	EXP	text_2: text = 216
177.12633999995887	EXP	text_2: text = 250
177.14399500004947	EXP	text_2: text = 267
177.15962000004947	EXP	text_2: text = 283
177.17776499991305	EXP	text_2: text = 300
177.19424999994226	EXP	text_2: text = 316
177.19937000004575	DATA	Keydown:  
177.22689999989234	EXP	text_2: text = 334
177.22689999989234	EXP	text_2: autoDraw = false
177.22689999989234	EXP	Feedback: text = 321
177.22689999989234	EXP	Feedback: autoDraw = true
178.20977999991737	EXP	Feedback: autoDraw = false
178.20977999991737	EXP	Feedback: autoDraw = false
178.20977999991737	EXP	text_3: autoDraw = true
188.14807000011206	EXP	text_3: autoDraw = false
188.14807000011206	EXP	text_3: autoDraw = false
188.14807000011206	EXP	text_2: autoDraw = true
188.14807000011206	EXP	text_2: text = 0
188.1585850000847	EXP	text_2: text = 16
188.17510499991477	EXP	text_2: text = 33
188.19216000009328	EXP	text_2: text = 50
188.2087050001137	EXP	text_2: text = 67
188.22533000004478	EXP	text_2: text = 83
188.2424900000915	EXP	text_2: text = 100
188.2596950000152	EXP	text_2: text = 117
188.27635499997996	EXP	text_2: text = 133
188.2932800000999	EXP	text_2: text = 150
188.30964499991387	EXP	text_2: text = 167
188.3270950000733	EXP	text_2: text = 183
188.34240500000305	EXP	text_2: text = 200
188.35949499998242	EXP	text_2: text = 217
188.37622500001453	EXP	text_2: text = 233
188.3936499999836	EXP	text_2: text = 250
188.40993000008166	EXP	text_2: text = 267
188.41892000008374	DATA	Keydown:  
188.42926000012085	EXP	text_2: text = 283
188.42926000012085	EXP	text_2: autoDraw = false
188.42926000012085	EXP	Feedback: text = 271
188.42926000012085	EXP	Feedback: autoDraw = true
189.4262649999	EXP	Feedback: autoDraw = false
189.4262649999	EXP	Feedback: autoDraw = false
189.4262649999	EXP	text_3: autoDraw = true
194.56350499996915	EXP	text_3: autoDraw = false
194.56350499996915	EXP	text_3: autoDraw = false
194.56350499996915	EXP	text_2: autoDraw = true
194.56350499996915	EXP	text_2: text = 0
194.57609000010416	EXP	text_2: text = 16
194.59183500008658	EXP	text_2: text = 33
194.60917000006884	EXP	text_2: text = 50
194.6256299999077	EXP	text_2: text = 66
194.6437450000085	EXP	text_2: text = 83
194.65795999998227	EXP	text_2: text = 99
194.67699999990873	EXP	text_2: text = 117
194.69405000004917	EXP	text_2: text = 134
194.71002000011504	EXP	text_2: text = 150
194.72592000011355	EXP	text_2: text = 166
194.74393000011332	EXP	text_2: text = 183
194.75849999999627	EXP	text_2: text = 199
194.77653999999166	EXP	text_2: text = 216
194.79300999990664	EXP	text_2: text = 233
194.81833499995992	EXP	text_2: text = 250
194.84221999999136	EXP	text_2: text = 283
194.86007499997504	EXP	text_2: text = 300
194.86513000004925	DATA	Keydown:  
194.8804250000976	EXP	text_2: text = 316
194.8804250000976	EXP	text_2: autoDraw = false
194.8804250000976	EXP	Feedback: text = 302
194.8804250000976	EXP	Feedback: autoDraw = true
195.87539499998093	EXP	Feedback: autoDraw = false
195.87539499998093	EXP	Feedback: autoDraw = false
195.87539499998093	EXP	text_3: autoDraw = true
201.9308800001163	EXP	text_3: autoDraw = false
201.9308800001163	EXP	text_3: autoDraw = false
201.9308800001163	EXP	text_2: autoDraw = true
201.9308800001163	EXP	text_2: text = 0
201.94087500008754	EXP	text_2: text = 16
201.95804499997757	EXP	text_2: text = 33
201.97506000008434	EXP	text_2: text = 50
201.99229500000365	EXP	text_2: text = 66
202.00784000009298	EXP	text_2: text = 83
202.02552499994636	EXP	text_2: text = 99
202.0415099998936	EXP	text_2: text = 116
202.05936999991536	EXP	text_2: text = 133
202.07557999994606	EXP	text_2: text = 149
202.0926300000865	EXP	text_2: text = 167
202.1086250001099	EXP	text_2: text = 183
202.1258300000336	EXP	text_2: text = 199
202.1415500000585	EXP	text_2: text = 216
202.15767000010237	EXP	text_2: text = 233
202.18439999991097	EXP	text_2: text = 249
202.24824000010267	EXP	text_2: text = 282
202.253395000007	DATA	Keydown:  
202.28090499993414	EXP	text_2: text = 349
202.28090499993414	EXP	text_2: autoDraw = false
202.28090499993414	EXP	Feedback: text = 323
202.28090499993414	EXP	Feedback: autoDraw = true
203.27506499993615	EXP	Feedback: autoDraw = false
203.27506499993615	EXP	Feedback: autoDraw = false
203.27506499993615	EXP	text_3: autoDraw = true
208.3427049999591	EXP	text_3: autoDraw = false
208.3427049999591	EXP	text_3: autoDraw = false
208.3427049999591	EXP	text_2: autoDraw = true
208.3427049999591	EXP	text_2: text = 0
208.35627499991097	EXP	text_2: text = 16
208.3734800000675	EXP	text_2: text = 33
208.3903500000015	EXP	text_2: text = 50
208.4063099999912	EXP	text_2: text = 66
208.42349499999546	EXP	text_2: text = 83
208.43988499999978	EXP	text_2: text = 100
208.50904499995522	EXP	text_2: text = 116
208.5246449999977	EXP	text_2: text = 183
208.54102999996394	EXP	text_2: text = 200
208.55948999989778	EXP	text_2: text = 216
208.57469499995932	EXP	text_2: text = 233
208.59202499990351	EXP	text_2: text = 250
208.60805999999866	EXP	text_2: text = 266
208.62440000008792	EXP	text_2: text = 283
208.64116499992087	EXP	text_2: text = 300
208.65022499999031	DATA	Keydown:  
208.66241000010632	EXP	text_2: text = 316
208.66241000010632	EXP	text_2: autoDraw = false
208.66241000010632	EXP	Feedback: text = 308
208.66241000010632	EXP	Feedback: autoDraw = true
209.6603850000538	EXP	Feedback: autoDraw = false
209.6603850000538	EXP	Feedback: autoDraw = false
209.6603850000538	EXP	text_3: autoDraw = true
218.30897499993443	EXP	text_3: autoDraw = false
218.30897499993443	EXP	text_3: autoDraw = false
218.30897499993443	EXP	text_2: autoDraw = true
218.30897499993443	EXP	text_2: text = 0
218.32300999993458	EXP	text_2: text = 16
218.33971500000916	EXP	text_2: text = 33
218.35634499997832	EXP	text_2: text = 50
218.37265500007197	EXP	text_2: text = 66
218.39017500006594	EXP	text_2: text = 83
218.40653500007465	EXP	text_2: text = 100
218.42451000004075	EXP	text_2: text = 116
218.43994499999098	EXP	text_2: text = 133
218.45866000000387	EXP	text_2: text = 150
218.4749549999833	EXP	text_2: text = 167
218.49127499992028	EXP	text_2: text = 183
218.50756500009447	EXP	text_2: text = 200
218.52542500011623	EXP	text_2: text = 216
218.54071000008844	EXP	text_2: text = 233
218.5581400000956	EXP	text_2: text = 250
218.5743800001219	EXP	text_2: text = 267
218.58023500000127	DATA	Keydown:  
218.5948900000658	EXP	text_2: text = 283
218.5948900000658	EXP	text_2: autoDraw = false
218.5948900000658	EXP	Feedback: text = 272
218.5948900000658	EXP	Feedback: autoDraw = true
219.59305000002496	EXP	Feedback: autoDraw = false
219.59305000002496	EXP	Feedback: autoDraw = false
219.59305000002496	EXP	text_3: autoDraw = true
224.59223500010557	EXP	text_3: autoDraw = false
224.59223500010557	EXP	text_3: autoDraw = false
224.59223500010557	EXP	text_2: autoDraw = true
224.59223500010557	EXP	text_2: text = 0
224.60621000011452	EXP	text_2: text = 16
224.62244999990799	EXP	text_2: text = 33
224.64008500007913	EXP	text_2: text = 50
224.65611000009812	EXP	text_2: text = 66
224.67371000000276	EXP	text_2: text = 83
224.6894350000657	EXP	text_2: text = 100
224.70715499995276	EXP	text_2: text = 116
224.7242350000888	EXP	text_2: text = 134
224.74065000005066	EXP	text_2: text = 150
224.75718499999493	EXP	text_2: text = 166
224.77332499995828	EXP	text_2: text = 183
224.79046500008553	EXP	text_2: text = 200
224.8079250000883	EXP	text_2: text = 216
224.82373999990523	EXP	text_2: text = 233
224.84111499995925	EXP	text_2: text = 250
224.8566250000149	EXP	text_2: text = 266
224.8736950000748	EXP	text_2: text = 283
224.88983000000007	EXP	text_2: text = 300
224.90636499994434	EXP	text_2: text = 317
224.9225349999033	EXP	text_2: text = 333
224.94451500009745	EXP	text_2: text = 350
224.95228999992833	DATA	Keydown:  
224.96708000008948	EXP	text_2: text = 373
224.96708000008948	EXP	text_2: autoDraw = false
224.96708000008948	EXP	Feedback: text = 360
224.96708000008948	EXP	Feedback: autoDraw = true
225.95755499997176	EXP	Feedback: autoDraw = false
225.95755499997176	EXP	Feedback: autoDraw = false
225.95755499997176	EXP	text_3: autoDraw = true
229.294874999905	EXP	text_3: autoDraw = false
229.294874999905	EXP	text_3: autoDraw = false
229.294874999905	EXP	text_2: autoDraw = true
229.294874999905	EXP	text_2: text = 0
229.30439499998465	EXP	text_2: text = 16
229.32199000008404	EXP	text_2: text = 33
229.34039500006475	EXP	text_2: text = 50
229.35608999989927	EXP	text_2: text = 66
229.37196499994025	EXP	text_2: text = 83
229.38938500010408	EXP	text_2: text = 99
229.40558000002056	EXP	text_2: text = 116
229.42412999994121	EXP	text_2: text = 133
229.43865999998525	EXP	text_2: text = 149
229.45628500008024	EXP	text_2: text = 166
229.47219499992207	EXP	text_2: text = 183
229.4890950000845	EXP	text_2: text = 199
229.50575500004925	EXP	text_2: text = 216
229.5226950000506	EXP	text_2: text = 233
229.53921500011347	EXP	text_2: text = 249
229.55643000011332	EXP	text_2: text = 266
229.57221999997273	EXP	text_2: text = 283
229.58943499997258	EXP	text_2: text = 299
229.5986349999439	DATA	Keydown:  
229.60953500005417	EXP	text_2: text = 317
229.60953500005417	EXP	text_2: autoDraw = false
229.60953500005417	EXP	Feedback: text = 304
229.60953500005417	EXP	Feedback: autoDraw = true
230.60589500004426	EXP	Feedback: autoDraw = false
230.60589500004426	EXP	Feedback: autoDraw = false
230.60589500004426	EXP	text_3: autoDraw = true
234.97475999989547	EXP	text_3: autoDraw = false
234.97475999989547	EXP	text_3: autoDraw = false
234.97475999989547	EXP	text_2: autoDraw = true
234.97475999989547	EXP	text_2: text = 0
234.98791499994695	EXP	text_2: text = 16
235.00530999992043	EXP	text_2: text = 33
235.0212950001005	EXP	text_2: text = 49
235.059060000116	EXP	text_2: text = 66
235.0712000001222	EXP	text_2: text = 99
235.08796499995515	EXP	text_2: text = 116
235.1052399999462	EXP	text_2: text = 133
235.12205499992706	EXP	text_2: text = 149
235.13776500010863	EXP	text_2: text = 166
235.156205000123	EXP	text_2: text = 183
235.1715850001201	EXP	text_2: text = 199
235.1891900000628	EXP	text_2: text = 216
235.21461999998428	EXP	text_2: text = 233
235.22748499992304	DATA	Keydown:  
235.24192499998026	EXP	text_2: text = 266
235.24192499998026	EXP	text_2: autoDraw = false
235.24192499998026	EXP	Feedback: text = 253
235.24192499998026	EXP	Feedback: autoDraw = true
236.23849999997765	EXP	Feedback: autoDraw = false
236.23849999997765	EXP	Feedback: autoDraw = false
236.23849999997765	EXP	text_3: autoDraw = true
241.19214499997906	EXP	text_3: autoDraw = false
241.19214499997906	EXP	text_3: autoDraw = false
241.19214499997906	EXP	text_2: autoDraw = true
241.19214499997906	EXP	text_2: text = 0
241.20387000008486	EXP	text_2: text = 17
241.22048999997787	EXP	text_2: text = 33
241.23772000009194	EXP	text_2: text = 50
241.25374999991618	EXP	text_2: text = 66
241.27021500002593	EXP	text_2: text = 83
241.28793499991298	EXP	text_2: text = 100
241.3048449999187	EXP	text_2: text = 116
241.3375450000167	EXP	text_2: text = 133
241.35556000005454	EXP	text_2: text = 166
241.3720350000076	EXP	text_2: text = 183
241.38895500008948	EXP	text_2: text = 200
241.40442000003532	EXP	text_2: text = 216
241.42317500011995	EXP	text_2: text = 233
241.43054999993183	DATA	Keydown:  
241.44256499991752	EXP	text_2: text = 250
241.44256499991752	EXP	text_2: autoDraw = false
241.44256499991752	EXP	Feedback: text = 239
241.44256499991752	EXP	Feedback: autoDraw = true
242.43815000005998	EXP	Feedback: autoDraw = false
242.43815000005998	EXP	Feedback: autoDraw = false
242.43815000005998	EXP	text_3: autoDraw = true
250.54163999995217	EXP	text_3: autoDraw = false
250.54163999995217	EXP	text_3: autoDraw = false
250.54163999995217	EXP	text_2: autoDraw = true
250.54163999995217	EXP	text_2: text = 0
250.55346000008285	EXP	text_2: text = 16
250.57097000000067	EXP	text_2: text = 33
250.58748500002548	EXP	text_2: text = 50
250.60404000012204	EXP	text_2: text = 66
250.6198799998965	EXP	text_2: text = 83
250.63798499992117	EXP	text_2: text = 100
250.6550700000953	EXP	text_2: text = 117
250.67192999995314	EXP	text_2: text = 133
250.68769000004977	EXP	text_2: text = 150
250.70528499991633	EXP	text_2: text = 166
250.74176000012085	EXP	text_2: text = 183
250.75506499991752	EXP	text_2: text = 216
250.78161499998532	EXP	text_2: text = 233
250.79817500011995	DATA	Keydown:  
250.8085199999623	EXP	text_2: text = 267
250.8085199999623	EXP	text_2: autoDraw = false
250.8085199999623	EXP	Feedback: text = 257
250.8085199999623	EXP	Feedback: autoDraw = true
251.80633000005037	EXP	Feedback: autoDraw = false
251.80633000005037	EXP	Feedback: autoDraw = false
251.80633000005037	EXP	text_3: autoDraw = true
259.2955350000411	DATA	Keydown:  
261.0549749999773	EXP	text_3: autoDraw = false
261.0549749999773	EXP	text_3: autoDraw = false
261.0549749999773	EXP	text_2: autoDraw = true
261.0549749999773	EXP	text_2: text = 0
261.068295000121	EXP	text_2: text = 16
261.0850100000389	EXP	text_2: text = 33
261.1020200001076	EXP	text_2: text = 50
261.11875499994494	EXP	text_2: text = 66
261.135435000062	EXP	text_2: text = 83
261.16920999996364	EXP	text_2: text = 117
261.1863200000953	EXP	text_2: text = 133
261.2037450000644	EXP	text_2: text = 150
261.21932499995455	EXP	text_2: text = 166
261.2503700000234	EXP	text_2: text = 183
261.3013500000816	EXP	text_2: text = 216
261.3056199999992	DATA	Keydown:  
261.3586699999869	EXP	text_2: text = 266
261.3586699999869	EXP	text_2: autoDraw = false
261.3586699999869	EXP	Feedback: text = 251
261.3586699999869	EXP	Feedback: autoDraw = true
262.32032499997877	EXP	Feedback: autoDraw = false
262.32032499997877	EXP	Feedback: autoDraw = false
262.32032499997877	EXP	text_3: autoDraw = true
268.2714500001166	EXP	text_3: autoDraw = false
268.2714500001166	EXP	text_3: autoDraw = false
268.2714500001166	EXP	text_2: autoDraw = true
268.2714500001166	EXP	text_2: text = 0
268.28530999994837	EXP	text_2: text = 17
268.3017750000581	EXP	text_2: text = 33
268.31845499994233	EXP	text_2: text = 50
268.3354849999305	EXP	text_2: text = 66
268.3515999999363	EXP	text_2: text = 83
268.3680400000885	EXP	text_2: text = 100
268.3861249999609	EXP	text_2: text = 116
268.40330999996513	EXP	text_2: text = 133
268.4303049999289	EXP	text_2: text = 150
268.47373500000685	EXP	text_2: text = 183
268.5156400001142	EXP	text_2: text = 216
268.56563999992795	EXP	text_2: text = 266
268.5701200000476	DATA	Keydown:  
268.5917249999475	EXP	text_2: text = 316
268.5917249999475	EXP	text_2: autoDraw = false
268.5917249999475	EXP	Feedback: text = 299
268.5917249999475	EXP	Feedback: autoDraw = true
269.58600999997	EXP	Feedback: autoDraw = false
269.58600999997	EXP	Feedback: autoDraw = false
269.58600999997	EXP	text_3: autoDraw = true
278.9721200000495	EXP	text_3: autoDraw = false
278.9721200000495	EXP	text_3: autoDraw = false
278.9721200000495	EXP	text_2: autoDraw = true
278.9721200000495	EXP	text_2: text = 0
278.98404500004835	EXP	text_2: text = 16
279.0023499999661	EXP	text_2: text = 33
279.0179149999749	EXP	text_2: text = 50
279.0356900000479	EXP	text_2: text = 66
279.05061500007287	EXP	text_2: text = 83
279.06921000010334	EXP	text_2: text = 100
279.08570499997586	EXP	text_2: text = 116
279.1018099999055	EXP	text_2: text = 133
279.13764999993145	EXP	text_2: text = 150
279.1518250000663	EXP	text_2: text = 183
279.1693549999036	EXP	text_2: text = 200
279.1862049999181	EXP	text_2: text = 217
279.20165499998257	EXP	text_2: text = 233
279.2120550000109	DATA	Keydown:  
279.2226350000128	EXP	text_2: text = 250
279.2226350000128	EXP	text_2: autoDraw = false
279.2226350000128	EXP	Feedback: text = 240
279.2226350000128	EXP	Feedback: autoDraw = true
280.2185800001025	EXP	Feedback: autoDraw = false
280.2185800001025	EXP	Feedback: autoDraw = false
280.2185800001025	EXP	text_3: autoDraw = true
289.05562500003725	EXP	text_3: autoDraw = false
289.05562500003725	EXP	text_3: autoDraw = false
289.05562500003725	EXP	text_2: autoDraw = true
289.05562500003725	EXP	text_2: text = 0
289.0667250000406	EXP	text_2: text = 17
289.08446500007994	EXP	text_2: text = 33
289.1009450000711	EXP	text_2: text = 50
289.1176499999128	EXP	text_2: text = 67
289.13569999998435	EXP	text_2: text = 84
289.1496999999508	EXP	text_2: text = 100
289.1683849999681	EXP	text_2: text = 116
289.18544999998994	EXP	text_2: text = 133
289.20230000000447	EXP	text_2: text = 151
289.2179950000718	EXP	text_2: text = 166
289.2350500000175	EXP	text_2: text = 183
289.25208500004373	EXP	text_2: text = 200
289.2676349999383	EXP	text_2: text = 216
289.28407000005245	EXP	text_2: text = 233
289.3007000000216	EXP	text_2: text = 250
289.30958999996074	DATA	Keydown:  
289.3211950000841	EXP	text_2: text = 267
289.3211950000841	EXP	text_2: autoDraw = false
289.3211950000841	EXP	Feedback: text = 254
289.3211950000841	EXP	Feedback: autoDraw = true
290.3197999999393	EXP	Feedback: autoDraw = false
290.3197999999393	EXP	Feedback: autoDraw = false
290.3197999999393	EXP	text_3: autoDraw = true
293.9702049999032	EXP	text_3: autoDraw = false
293.9702049999032	EXP	text_3: autoDraw = false
293.9702049999032	EXP	text_2: autoDraw = true
293.9702049999032	EXP	text_2: text = 0
293.9830499999225	EXP	text_2: text = 17
293.99967999989167	EXP	text_2: text = 33
294.0177450000774	EXP	text_2: text = 50
294.0334749999456	EXP	text_2: text = 66
294.0501500000246	EXP	text_2: text = 83
294.0668949999381	EXP	text_2: text = 100
294.0853949999437	EXP	text_2: text = 116
294.100689999992	EXP	text_2: text = 133
294.1329950001091	EXP	text_2: text = 150
294.15037499996834	EXP	text_2: text = 183
294.18259000009857	EXP	text_2: text = 199
294.2063200001139	EXP	text_2: text = 233
294.21836000005715	EXP	text_2: text = 250
294.26044000010006	EXP	text_2: text = 266
294.2930050001014	EXP	text_2: text = 316
294.30371499992907	DATA	Keydown:  
294.34823000011966	EXP	text_2: text = 350
294.34823000011966	EXP	text_2: autoDraw = false
294.34823000011966	EXP	Feedback: text = 334
294.34823000011966	EXP	Feedback: autoDraw = true
295.32017500000075	EXP	Feedback: autoDraw = false
295.32017500000075	EXP	Feedback: autoDraw = false
295.32017500000075	EXP	text_3: autoDraw = true
298.71990999998525	EXP	text_3: autoDraw = false
298.71990999998525	EXP	text_3: autoDraw = false
298.71990999998525	EXP	text_2: autoDraw = true
298.71990999998525	EXP	text_2: text = 0
298.73266500001773	EXP	text_2: text = 16
298.74976500007324	EXP	text_2: text = 33
298.76655500009656	EXP	text_2: text = 50
298.7829400000628	EXP	text_2: text = 66
298.7994850000832	EXP	text_2: text = 83
298.81649999995716	EXP	text_2: text = 100
298.8340499999467	EXP	text_2: text = 116
298.85269999993034	EXP	text_2: text = 134
298.8671800000593	EXP	text_2: text = 150
298.88458000007086	EXP	text_2: text = 166
298.90207999991253	EXP	text_2: text = 183
298.9174649999477	EXP	text_2: text = 200
298.935055000009	EXP	text_2: text = 216
298.9508950000163	EXP	text_2: text = 233
298.96754499990493	EXP	text_2: text = 250
298.98441500007175	EXP	text_2: text = 266
299.0583250001073	EXP	text_2: text = 283
299.06408999999985	DATA	Keydown:  
299.0938399999868	EXP	text_2: text = 367
299.0938399999868	EXP	text_2: autoDraw = false
299.0938399999868	EXP	Feedback: text = 345
299.0938399999868	EXP	Feedback: autoDraw = true
300.0833199999761	EXP	Feedback: autoDraw = false
300.0833199999761	EXP	Feedback: autoDraw = false
300.0833199999761	EXP	text_3: autoDraw = true
305.5883849998936	EXP	text_3: autoDraw = false
305.5883849998936	EXP	text_3: autoDraw = false
305.5883849998936	EXP	text_2: autoDraw = true
305.5883849998936	EXP	text_2: text = 0
305.59962500003166	EXP	text_2: text = 17
305.6153400000185	EXP	text_2: text = 33
305.6335100000724	EXP	text_2: text = 50
305.6494849999435	EXP	text_2: text = 67
305.66670499998145	EXP	text_2: text = 83
305.68261000001803	EXP	text_2: text = 100
305.70063000009395	EXP	text_2: text = 117
305.71688500000164	EXP	text_2: text = 134
305.7525200000964	EXP	text_2: text = 150
305.7663499999326	EXP	text_2: text = 183
305.7831850000657	EXP	text_2: text = 200
305.8183049999643	EXP	text_2: text = 216
305.8337950001005	EXP	text_2: text = 250
305.8511999999173	EXP	text_2: text = 268
305.87906499998644	DATA	Keydown:  
305.9085349999368	EXP	text_2: text = 317
305.9085349999368	EXP	text_2: autoDraw = false
305.9085349999368	EXP	Feedback: text = 291
305.9085349999368	EXP	Feedback: autoDraw = true
306.90011000004597	EXP	Feedback: autoDraw = false
306.90011000004597	EXP	Feedback: autoDraw = false
306.90011000004597	EXP	text_3: autoDraw = true
309.6102950000204	EXP	text_3: autoDraw = false
309.6102950000204	EXP	text_3: autoDraw = false
309.6102950000204	EXP	text_2: autoDraw = true
309.6102950000204	EXP	text_2: text = 0
309.63168999995105	EXP	text_2: text = 33
309.6483549999539	EXP	text_2: text = 49
309.6656649999786	EXP	text_2: text = 66
309.6816300000064	EXP	text_2: text = 83
309.7057250000071	EXP	text_2: text = 100
309.71669499995187	EXP	text_2: text = 117
309.73277000011876	EXP	text_2: text = 133
309.80074999993667	EXP	text_2: text = 150
309.8165750000626	EXP	text_2: text = 216
309.8326850000303	EXP	text_2: text = 233
309.8497999999672	EXP	text_2: text = 249
309.86587000009604	EXP	text_2: text = 266
309.88314999989234	EXP	text_2: text = 283
309.8992600000929	EXP	text_2: text = 299
309.91683500004	EXP	text_2: text = 316
309.92094499990344	DATA	Keydown:  
309.94635499990545	EXP	text_2: text = 333
309.94635499990545	EXP	text_2: autoDraw = false
309.94635499990545	EXP	Feedback: text = 311
309.94635499990545	EXP	Feedback: autoDraw = true
310.933260000078	EXP	Feedback: autoDraw = false
310.933260000078	EXP	Feedback: autoDraw = false
310.933260000078	EXP	text_3: autoDraw = true
317.28447000007145	EXP	text_3: autoDraw = false
317.28447000007145	EXP	text_3: autoDraw = false
317.28447000007145	EXP	text_2: autoDraw = true
317.28447000007145	EXP	text_2: text = 0
317.29751499998383	EXP	text_2: text = 16
317.3164349999279	EXP	text_2: text = 33
317.33111499994993	EXP	text_2: text = 49
317.34907500003465	EXP	text_2: text = 66
317.3644600000698	EXP	text_2: text = 83
317.38186000008136	EXP	text_2: text = 99
317.39773000008427	EXP	text_2: text = 116
317.41645499994047	EXP	text_2: text = 133
317.4316300000064	EXP	text_2: text = 149
317.4492399999872	EXP	text_2: text = 166
317.4644150000531	EXP	text_2: text = 183
317.4832850000821	EXP	text_2: text = 199
317.5089549999684	EXP	text_2: text = 216
317.5331300001126	EXP	text_2: text = 249
317.5488150001038	EXP	text_2: text = 266
317.6118050001096	EXP	text_2: text = 283
317.61596000008285	DATA	Keydown:  
317.6391400001012	EXP	text_2: text = 350
317.6391400001012	EXP	text_2: autoDraw = false
317.6391400001012	EXP	Feedback: text = 332
317.6391400001012	EXP	Feedback: autoDraw = true
318.63238500012085	EXP	Feedback: autoDraw = false
318.63238500012085	EXP	Feedback: autoDraw = false
318.63238500012085	EXP	text_3: autoDraw = true
322.9195550000295	EXP	text_3: autoDraw = false
322.9195550000295	EXP	text_3: autoDraw = false
322.9195550000295	EXP	text_2: autoDraw = true
322.9195550000295	EXP	text_2: text = 0
322.9295250000432	EXP	text_2: text = 33
322.94726500008255	EXP	text_2: text = 50
322.9642149999272	EXP	text_2: text = 67
322.9806300001219	EXP	text_2: text = 83
322.99821000010706	EXP	text_2: text = 100
323.01557500008494	EXP	text_2: text = 117
323.04812499997206	EXP	text_2: text = 133
323.07498500007205	EXP	text_2: text = 166
323.0981000000611	EXP	text_2: text = 200
323.1150299999863	EXP	text_2: text = 216
323.1311500000302	EXP	text_2: text = 233
323.1479400000535	EXP	text_2: text = 250
323.16534000006504	EXP	text_2: text = 266
323.1806300000753	EXP	text_2: text = 283
323.2215650000144	EXP	text_2: text = 300
323.22559499996714	DATA	Keydown:  
323.2565450000111	EXP	text_2: text = 350
323.2565450000111	EXP	text_2: autoDraw = false
323.2565450000111	EXP	Feedback: text = 306
323.2565450000111	EXP	Feedback: autoDraw = true
324.24812999996357	EXP	Feedback: autoDraw = false
324.24812999996357	EXP	Feedback: autoDraw = false
324.24812999996357	EXP	text_3: autoDraw = true
326.4340900001116	EXP	text_3: autoDraw = false
326.4340900001116	EXP	text_3: autoDraw = false
326.4340900001116	EXP	text_2: autoDraw = true
326.4340900001116	EXP	text_2: text = 0
326.44745999993756	EXP	text_2: text = 16
326.4648450000677	EXP	text_2: text = 33
326.4810550000984	EXP	text_2: text = 50
326.49900999991223	EXP	text_2: text = 66
326.5137149998918	EXP	text_2: text = 83
326.5312550000381	EXP	text_2: text = 100
326.5492100000847	EXP	text_2: text = 116
326.5755149999168	EXP	text_2: text = 133
326.6082049999386	EXP	text_2: text = 166
326.6324799999129	EXP	text_2: text = 200
326.6641200000886	EXP	text_2: text = 216
326.70842000003904	EXP	text_2: text = 250
326.74970500008203	EXP	text_2: text = 300
326.80532000004314	EXP	text_2: text = 333
326.80986499995925	DATA	Keydown:  
326.855685000075	EXP	text_2: text = 400
326.855685000075	EXP	text_2: autoDraw = false
326.855685000075	EXP	Feedback: text = 376
326.855685000075	EXP	Feedback: autoDraw = true
327.83240499999374	EXP	Feedback: autoDraw = false
327.83240499999374	EXP	Feedback: autoDraw = false
327.83240499999374	EXP	text_3: autoDraw = true
334.65042000007816	EXP	text_3: autoDraw = false
334.65042000007816	EXP	text_3: autoDraw = false
334.65042000007816	EXP	text_2: autoDraw = true
334.65042000007816	EXP	text_2: text = 0
334.6627799998969	EXP	text_2: text = 16
334.6800349999685	EXP	text_2: text = 33
334.6971050000284	EXP	text_2: text = 50
334.7170599999372	EXP	text_2: text = 66
334.72980499989353	EXP	text_2: text = 83
334.7475099998992	EXP	text_2: text = 100
334.7722050000448	EXP	text_2: text = 116
334.8179550000932	EXP	text_2: text = 150
334.8426600000821	EXP	text_2: text = 183
334.88505499996245	EXP	text_2: text = 216
334.8991549999919	EXP	text_2: text = 250
334.9043749999255	DATA	Keydown:  
334.92689500004053	EXP	text_2: text = 267
334.92689500004053	EXP	text_2: autoDraw = false
334.92689500004053	EXP	Feedback: text = 254
334.92689500004053	EXP	Feedback: autoDraw = true
335.9172149999067	EXP	Feedback: autoDraw = false
335.9172149999067	EXP	Feedback: autoDraw = false
335.9172149999067	EXP	text_3: autoDraw = true
344.7489450001158	EXP	text_3: autoDraw = false
344.7489450001158	EXP	text_3: autoDraw = false
344.7489450001158	EXP	text_2: autoDraw = true
344.7489450001158	EXP	text_2: text = 0
344.76203499990515	EXP	text_2: text = 16
344.77878500008956	EXP	text_2: text = 33
344.79688500007614	EXP	text_2: text = 50
344.8130399999209	EXP	text_2: text = 66
344.8297550000716	EXP	text_2: text = 83
344.8461050000042	EXP	text_2: text = 100
344.8649500000756	EXP	text_2: text = 116
344.88002000004053	EXP	text_2: text = 133
344.89657499990426	EXP	text_2: text = 150
344.9138700000476	EXP	text_2: text = 167
344.93106499989517	EXP	text_2: text = 183
344.94752499996684	EXP	text_2: text = 200
344.96460999990813	EXP	text_2: text = 217
344.9808249999769	EXP	text_2: text = 233
344.9976200000383	EXP	text_2: text = 250
345.01456000003964	EXP	text_2: text = 267
345.019420000026	DATA	Keydown:  
345.03509999997914	EXP	text_2: text = 283
345.03509999997914	EXP	text_2: autoDraw = false
345.03509999997914	EXP	Feedback: text = 271
345.03509999997914	EXP	Feedback: autoDraw = true
346.02977999998257	EXP	Feedback: autoDraw = false
346.02977999998257	EXP	Feedback: autoDraw = false
346.02977999998257	EXP	text_3: autoDraw = true
350.28197999997064	EXP	text_3: autoDraw = false
350.28197999997064	EXP	text_3: autoDraw = false
350.28197999997064	EXP	text_2: autoDraw = true
350.28197999997064	EXP	text_2: text = 0
350.2955400000792	EXP	text_2: text = 16
350.31208000006154	EXP	text_2: text = 33
350.32853000005707	EXP	text_2: text = 49
350.3460049999412	EXP	text_2: text = 66
350.3615600001067	EXP	text_2: text = 83
350.3798150001094	EXP	text_2: text = 100
350.3959399999585	EXP	text_2: text = 116
350.4134249999188	EXP	text_2: text = 133
350.4300299999304	EXP	text_2: text = 150
350.4477450000122	EXP	text_2: text = 167
350.4634000000078	EXP	text_2: text = 183
350.47947999997996	EXP	text_2: text = 200
350.49723999993876	EXP	text_2: text = 216
350.5142950001173	EXP	text_2: text = 233
350.52997000003234	EXP	text_2: text = 249
350.54845000011846	EXP	text_2: text = 266
350.5638850000687	EXP	text_2: text = 283
350.5809200000949	EXP	text_2: text = 300
350.59747499995865	EXP	text_2: text = 316
350.6330850000959	EXP	text_2: text = 333
350.63774499995634	DATA	Keydown:  
350.6497949999757	EXP	text_2: text = 366
350.6497949999757	EXP	text_2: autoDraw = false
350.6497949999757	EXP	Feedback: text = 356
350.6497949999757	EXP	Feedback: autoDraw = true
351.6471349999774	EXP	Feedback: autoDraw = false
351.6471349999774	EXP	Feedback: autoDraw = false
351.6471349999774	EXP	text_3: autoDraw = true
355.86606499995105	EXP	text_3: autoDraw = false
355.86606499995105	EXP	text_3: autoDraw = false
355.86606499995105	EXP	text_2: autoDraw = true
355.86606499995105	EXP	text_2: text = 0
355.8778150000144	EXP	text_2: text = 15
355.8956800000742	EXP	text_2: text = 32
355.91108500002883	EXP	text_2: text = 49
355.9293450000696	EXP	text_2: text = 65
355.94454500009306	EXP	text_2: text = 82
355.962109999964	EXP	text_2: text = 99
355.97802000003867	EXP	text_2: text = 115
355.9960799999535	EXP	text_2: text = 132
356.0121049999725	EXP	text_2: text = 149
356.0294949999079	EXP	text_2: text = 165
356.0458599999547	EXP	text_2: text = 182
356.0826749999542	EXP	text_2: text = 199
356.0951050000731	EXP	text_2: text = 232
356.12273499998264	EXP	text_2: text = 248
356.14548499998637	EXP	text_2: text = 282
356.16290000011213	EXP	text_2: text = 298
356.1794700000901	EXP	text_2: text = 315
356.2029099999927	EXP	text_2: text = 333
356.2138749998994	DATA	Keydown:  
356.2534300000407	EXP	text_2: text = 366
356.2534300000407	EXP	text_2: autoDraw = false
356.2534300000407	EXP	Feedback: text = 348
356.2534300000407	EXP	Feedback: autoDraw = true
357.23058500001207	EXP	Feedback: autoDraw = false
357.23058500001207	EXP	Feedback: autoDraw = false
357.23058500001207	EXP	text_3: autoDraw = true
363.2306999999564	EXP	text_3: autoDraw = false
363.2306999999564	EXP	text_3: autoDraw = false
363.2306999999564	EXP	text_2: autoDraw = true
363.2306999999564	EXP	text_2: text = 0
363.24494000012055	EXP	text_2: text = 16
363.2609949999023	EXP	text_2: text = 33
363.27784499991685	EXP	text_2: text = 50
363.2944600000046	EXP	text_2: text = 66
363.3121599999722	EXP	text_2: text = 83
363.32946999999695	EXP	text_2: text = 100
363.34564499999397	EXP	text_2: text = 116
363.362770000007	EXP	text_2: text = 134
363.38069000001997	EXP	text_2: text = 150
363.40012999996543	EXP	text_2: text = 166
363.4115500000771	EXP	text_2: text = 183
363.4287550000008	EXP	text_2: text = 200
363.44665000005625	EXP	text_2: text = 216
363.4656450001057	EXP	text_2: text = 233
363.47885500011034	EXP	text_2: text = 250
363.4970700000413	EXP	text_2: text = 267
363.5116650001146	EXP	text_2: text = 283
363.52989000012167	EXP	text_2: text = 300
363.54646999994293	EXP	text_2: text = 316
363.557104999898	DATA	Keydown:  
363.5682300000917	EXP	text_2: text = 335
363.5682300000917	EXP	text_2: autoDraw = false
363.5682300000917	EXP	Feedback: text = 327
363.5682300000917	EXP	Feedback: autoDraw = true
364.5626799999736	EXP	Feedback: autoDraw = false
364.5626799999736	EXP	Feedback: autoDraw = false
364.5626799999736	EXP	text_3: autoDraw = true
372.5475200000219	EXP	text_3: autoDraw = false
372.5475200000219	EXP	text_3: autoDraw = false
372.5475200000219	EXP	text_2: autoDraw = true
372.5475200000219	EXP	text_2: text = 0
372.5609450000338	EXP	text_2: text = 16
372.5769450000953	EXP	text_2: text = 33
372.5945049999282	EXP	text_2: text = 50
372.6098499998916	EXP	text_2: text = 66
372.626850000117	EXP	text_2: text = 83
372.6433099999558	EXP	text_2: text = 100
372.6612249999307	EXP	text_2: text = 116
372.67664499999955	EXP	text_2: text = 133
372.6965499999933	EXP	text_2: text = 150
372.71173499990255	EXP	text_2: text = 166
372.72820500005037	EXP	text_2: text = 183
372.74485999997705	EXP	text_2: text = 200
372.7623050000984	EXP	text_2: text = 216
372.77775499993004	EXP	text_2: text = 233
372.7950949999504	EXP	text_2: text = 250
372.81065999995917	EXP	text_2: text = 266
372.81841999990866	DATA	Keydown:  
372.83082000003196	EXP	text_2: text = 283
372.83082000003196	EXP	text_2: autoDraw = false
372.83082000003196	EXP	Feedback: text = 271
372.83082000003196	EXP	Feedback: autoDraw = true
373.83777999994345	EXP	Feedback: autoDraw = false
373.83777999994345	EXP	Feedback: autoDraw = false
373.83777999994345	EXP	text_3: autoDraw = true
379.68310000002384	EXP	text_3: autoDraw = false
379.68310000002384	EXP	text_3: autoDraw = false
379.68310000002384	EXP	text_2: autoDraw = true
379.68310000002384	EXP	text_2: text = 0
379.6930949999951	EXP	text_2: text = 16
379.7093599999789	EXP	text_2: text = 33
379.7260749998968	EXP	text_2: text = 49
379.74300500005484	EXP	text_2: text = 66
379.75891499989666	EXP	text_2: text = 83
379.776254999917	EXP	text_2: text = 100
379.793229999952	EXP	text_2: text = 117
379.812350000022	EXP	text_2: text = 133
379.8270449999254	EXP	text_2: text = 149
379.8437650001142	EXP	text_2: text = 166
379.85944500006735	EXP	text_2: text = 183
379.8768599999603	EXP	text_2: text = 200
379.89422499993816	EXP	text_2: text = 216
379.9098900000099	EXP	text_2: text = 233
379.92741500004195	EXP	text_2: text = 249
379.9433949999511	EXP	text_2: text = 266
379.960909999907	EXP	text_2: text = 283
379.964704999933	DATA	Keydown:  
379.98075499990955	EXP	text_2: text = 300
379.98075499990955	EXP	text_2: autoDraw = false
379.98075499990955	EXP	Feedback: text = 282
379.98075499990955	EXP	Feedback: autoDraw = true
381.00879499991424	EXP	Feedback: autoDraw = false
381.00879499991424	EXP	Feedback: autoDraw = false
381.00879499991424	EXP	End_text: autoDraw = true
