0.22657499999331776	EXP	Created Window = Window( name=Window, fullscr=true, color=#000000, units=height, waitBlanking=true, autoLog=true, size=[1536,722] )
3.9912199999962468	DATA	Keydown: CapsLock
4.741964999993797	DATA	Keydown: M
5.239629999996396	DATA	Keydown: R
6.162985000002664	DATA	Keydown: 8
6.734669999990729	DATA	Keydown: 4
6.917734999995446	DATA	Keydown: 4
7.139429999995627	DATA	Keydown: 1
7.351855000000796	DATA	Keydown: 4
12.291649999999208	DATA	Keydown: M
13.269585000001825	DATA	Keydown: R
15.720514999993611	DATA	Keydown: 8
18.02134500000102	DATA	Keydown: 4
18.235109999994165	DATA	Keydown: 4
18.440220000004047	DATA	Keydown: 1
18.668309999993653	DATA	Keydown: 3
24.622409999996307	EXP	Created text = TextStim( name=text, win=Window( name=Window, fullscr=true, color=#000000, ~), autoDraw=null, autoLog=true, units=height, ori=null, opacity=1, pos=[0,0], size=undefined, text=INSTRUCTIONS [EN]


A counter will appear and star~, font=Arial, color=#FFFFFF, contrast=1, height=0.03, bold=null, italic=null, alignHoriz=left, alignVert=center, wrapWidth=1, flipHoriz=null, flipVert=null )
24.62389999999141	EXP	Created text_3 = TextStim( name=text_3, win=Window( name=Window, fullscr=true, color=#000000, ~), autoDraw=null, autoLog=true, units=height, ori=null, opacity=1, pos=[0,0], size=undefined, text=null, font=Arial, color=#FFFFFF, contrast=1, height=0.1, bold=null, italic=null, alignHoriz=left, alignVert=center, wrapWidth=1, flipHoriz=null, flipVert=null )
24.624734999990324	EXP	Created text_2 = TextStim( name=text_2, win=Window( name=Window, fullscr=true, color=#000000, ~), autoDraw=null, autoLog=true, units=height, ori=null, opacity=1, pos=[0,0], size=undefined, text=default text, font=Arial, color=#ff0000, contrast=1, height=0.15, bold=null, italic=null, alignHoriz=left, alignVert=center, wrapWidth=1, flipHoriz=null, flipVert=null )
24.625539999993634	EXP	Created Feedback = TextStim( name=Feedback, win=Window( name=Window, fullscr=true, color=#000000, ~), autoDraw=null, autoLog=true, units=height, ori=null, opacity=1, pos=[0,0], size=undefined, text=default text, font=Arial, color=#ff0000, contrast=1, height=0.15, bold=null, italic=null, alignHoriz=left, alignVert=center, wrapWidth=1, flipHoriz=null, flipVert=null )
24.626164999994216	EXP	Created End_text = TextStim( name=End_text, win=Window( name=Window, fullscr=true, color=#000000, ~), autoDraw=null, autoLog=true, units=height, ori=null, opacity=1, pos=[0,0], size=undefined, text=This study aimed to look at procedural learning, i~, font=Arial, color=#FFFFFF, contrast=1, height=0.025, bold=null, italic=null, alignHoriz=left, alignVert=center, wrapWidth=1, flipHoriz=null, flipVert=null )
24.66689999999653	EXP	text: units = "height"
24.66689999999653	EXP	text: ori = 0
24.66689999999653	EXP	text: opacity = 1
24.66689999999653	EXP	text: pos = [0,0]
24.66689999999653	EXP	text: size = undefined
24.66689999999653	EXP	text: text = "INSTRUCTIONS [EN]\n\n\nA counter will appear and start counting at random times, press SPACE as fast as possible when it appears.\n\n\nPress SPACE to start\n\n-------\n\nInstruções [PT]\n\n\nUm cronómetro vai aparecer e começar a contar aleatoriamente, pressione a tecla SPACE assim que ele aparecer.\n\n\nPressiona SPACE para começar."
24.66689999999653	EXP	text: font = "Arial"
24.66689999999653	EXP	text: color = {"_hex":"#FFFFFF","_rgb":[1,1,1]}
24.66689999999653	EXP	text: contrast = 1
24.66689999999653	EXP	text: height = 0.03
24.66689999999653	EXP	text: bold = false
24.66689999999653	EXP	text: italic = false
24.66689999999653	EXP	text: alignHoriz = "left"
24.66689999999653	EXP	text: alignVert = "center"
24.66689999999653	EXP	text: wrapWidth = 1
24.66689999999653	EXP	text: flipHoriz = false
24.66689999999653	EXP	text: flipVert = false
24.66689999999653	EXP	text_3: units = "height"
24.66689999999653	EXP	text_3: ori = 0
24.66689999999653	EXP	text_3: opacity = 1
24.66689999999653	EXP	text_3: pos = [0,0]
24.66689999999653	EXP	text_3: size = undefined
24.66689999999653	EXP	text_3: text = ""
24.66689999999653	EXP	text_3: font = "Arial"
24.66689999999653	EXP	text_3: color = {"_hex":"#FFFFFF","_rgb":[1,1,1]}
24.66689999999653	EXP	text_3: contrast = 1
24.66689999999653	EXP	text_3: height = 0.1
24.66689999999653	EXP	text_3: bold = false
24.66689999999653	EXP	text_3: italic = false
24.66689999999653	EXP	text_3: alignHoriz = "left"
24.66689999999653	EXP	text_3: alignVert = "center"
24.66689999999653	EXP	text_3: wrapWidth = 1
24.66689999999653	EXP	text_3: flipHoriz = false
24.66689999999653	EXP	text_3: flipVert = false
24.66689999999653	EXP	text_2: units = "height"
24.66689999999653	EXP	text_2: ori = 0
24.66689999999653	EXP	text_2: opacity = 1
24.66689999999653	EXP	text_2: pos = [0,0]
24.66689999999653	EXP	text_2: size = undefined
24.66689999999653	EXP	text_2: text = "default text"
24.66689999999653	EXP	text_2: font = "Arial"
24.66689999999653	EXP	text_2: color = {"_rgb":[1,0,0]}
24.66689999999653	EXP	text_2: contrast = 1
24.66689999999653	EXP	text_2: height = 0.15
24.66689999999653	EXP	text_2: bold = false
24.66689999999653	EXP	text_2: italic = false
24.66689999999653	EXP	text_2: alignHoriz = "left"
24.66689999999653	EXP	text_2: alignVert = "center"
24.66689999999653	EXP	text_2: wrapWidth = 1
24.66689999999653	EXP	text_2: flipHoriz = false
24.66689999999653	EXP	text_2: flipVert = false
24.66689999999653	EXP	Feedback: units = "height"
24.66689999999653	EXP	Feedback: ori = 0
24.66689999999653	EXP	Feedback: opacity = 1
24.66689999999653	EXP	Feedback: pos = [0,0]
24.66689999999653	EXP	Feedback: size = undefined
24.66689999999653	EXP	Feedback: text = "default text"
24.66689999999653	EXP	Feedback: font = "Arial"
24.66689999999653	EXP	Feedback: color = {"_rgb":[1,0,0]}
24.66689999999653	EXP	Feedback: contrast = 1
24.66689999999653	EXP	Feedback: height = 0.15
24.66689999999653	EXP	Feedback: bold = false
24.66689999999653	EXP	Feedback: italic = false
24.66689999999653	EXP	Feedback: alignHoriz = "left"
24.66689999999653	EXP	Feedback: alignVert = "center"
24.66689999999653	EXP	Feedback: wrapWidth = 1
24.66689999999653	EXP	Feedback: flipHoriz = false
24.66689999999653	EXP	Feedback: flipVert = false
24.66689999999653	EXP	End_text: units = "height"
24.66689999999653	EXP	End_text: ori = 0
24.66689999999653	EXP	End_text: opacity = 1
24.66689999999653	EXP	End_text: pos = [0,0]
24.66689999999653	EXP	End_text: size = undefined
24.66689999999653	EXP	End_text: text = "This study aimed to look at procedural learning, i.e. our ability to extract patterns from the input that we are constantly receiving. This skill is thought to be essential for language and literacy acquisition and has been suggested as a possible underlying difficult in children with Language Impairments and Dyslexia. This study aims to improve the measures of procedural learning (the smiley face task) so that we can measure procedural learning more reliably and, in the future, analyse the performance of individuals with learning impairments.\nThank you for participating!\n\n----\n\nEste estudo tem como objectivo analisar a nossa capacidade de extrair padrões da informação que estamos constantemente a receber. Pensa-se que esta competência é essencial para a aquisição da linguagem e literacia e foi sugerido que dificuldades neste tipo de competências poderá estar relacionado com perturbações da linguagem e Dislexia. Este estudo tem como objectivo melhorar a estabilidade das medidas usadas para medir este tipo de memória (a tarefa da cara sorridente) de forma a poder medir de forma mais precisa e, no futuro, analisar a performance de indivíduos com perturbações da aprendizagem. \nMuito obrigada por ter participado!"
24.66689999999653	EXP	End_text: font = "Arial"
24.66689999999653	EXP	End_text: color = {"_hex":"#FFFFFF","_rgb":[1,1,1]}
24.66689999999653	EXP	End_text: contrast = 1
24.66689999999653	EXP	End_text: height = 0.025
24.66689999999653	EXP	End_text: bold = false
24.66689999999653	EXP	End_text: italic = false
24.66689999999653	EXP	End_text: alignHoriz = "left"
24.66689999999653	EXP	End_text: alignVert = "center"
24.66689999999653	EXP	End_text: wrapWidth = 1
24.66689999999653	EXP	End_text: flipHoriz = false
24.66689999999653	EXP	End_text: flipVert = false
24.66689999999653	EXP	text: autoDraw = true
29.569629999998142	DATA	Keydown:  
29.602039999997942	EXP	text: autoDraw = false
29.602039999997942	EXP	text_3: autoDraw = true
39.29925999999978	EXP	text_3: autoDraw = false
39.29925999999978	EXP	text_3: autoDraw = false
39.29925999999978	EXP	text_2: autoDraw = true
39.29925999999978	EXP	text_2: text = 0
39.31860499999311	EXP	text_2: text = 166
39.34205500000098	EXP	text_2: text = 186
39.36903000000166	EXP	text_2: text = 216
39.38641500000085	EXP	text_2: text = 233
39.402585000003455	EXP	text_2: text = 249
39.42289999999048	EXP	text_2: text = 266
39.45216499999515	EXP	text_2: text = 300
39.468800000002375	EXP	text_2: text = 317
39.48635500000091	EXP	text_2: text = 333
39.50070999999298	EXP	text_2: text = 349
39.518484999993234	EXP	text_2: text = 366
39.534050000002026	EXP	text_2: text = 383
39.537054999993416	DATA	Keydown:  
39.554904999997234	EXP	text_2: text = 400
39.554904999997234	EXP	text_2: autoDraw = false
39.554904999997234	EXP	Feedback: text = 238
39.554904999997234	EXP	Feedback: autoDraw = true
40.54862499999581	EXP	Feedback: autoDraw = false
40.54862499999581	EXP	Feedback: autoDraw = false
40.54862499999581	EXP	text_3: autoDraw = true
49.10074999999779	EXP	text_3: autoDraw = false
49.10074999999779	EXP	text_3: autoDraw = false
49.10074999999779	EXP	text_2: autoDraw = true
49.10074999999779	EXP	text_2: text = 0
49.11542499999632	EXP	text_2: text = 17
49.13266000000294	EXP	text_2: text = 33
49.150150000001304	EXP	text_2: text = 50
49.169624999994994	EXP	text_2: text = 67
49.18252499999653	EXP	text_2: text = 83
49.19987499999115	EXP	text_2: text = 101
49.21774999999616	EXP	text_2: text = 117
49.23346499999752	EXP	text_2: text = 133
49.25088500000129	EXP	text_2: text = 150
49.266145000001416	EXP	text_2: text = 167
49.283849999992526	EXP	text_2: text = 183
49.30042499999399	EXP	text_2: text = 200
49.316969999999856	EXP	text_2: text = 217
49.334479999990435	EXP	text_2: text = 233
49.33746500000416	DATA	Keydown:  
49.351660000000265	EXP	text_2: text = 250
49.351660000000265	EXP	text_2: autoDraw = false
49.351660000000265	EXP	Feedback: text = 237
49.351660000000265	EXP	Feedback: autoDraw = true
50.346214999997756	EXP	Feedback: autoDraw = false
50.346214999997756	EXP	Feedback: autoDraw = false
50.346214999997756	EXP	text_3: autoDraw = true
59.06578499999887	EXP	text_3: autoDraw = false
59.06578499999887	EXP	text_3: autoDraw = false
59.06578499999887	EXP	text_2: autoDraw = true
59.06578499999887	EXP	text_2: text = 0
59.08066500000132	EXP	text_2: text = 17
59.098125000004075	EXP	text_2: text = 33
59.114809999999125	EXP	text_2: text = 50
59.13199999999779	EXP	text_2: text = 66
59.14746999999625	EXP	text_2: text = 83
59.16495999999461	EXP	text_2: text = 100
59.18216499999107	EXP	text_2: text = 116
59.199714999995194	EXP	text_2: text = 134
59.216090000001714	EXP	text_2: text = 150
59.231944999992265	EXP	text_2: text = 167
59.249540000004345	EXP	text_2: text = 183
59.26588500000071	EXP	text_2: text = 200
59.283385000002454	EXP	text_2: text = 217
59.2989799999923	EXP	text_2: text = 233
59.316909999994095	EXP	text_2: text = 250
59.31982499999867	DATA	Keydown:  
59.33619999999064	EXP	text_2: text = 269
59.33619999999064	EXP	text_2: autoDraw = false
59.33619999999064	EXP	Feedback: text = 255
59.33619999999064	EXP	Feedback: autoDraw = true
60.3281100000022	EXP	Feedback: autoDraw = false
60.3281100000022	EXP	Feedback: autoDraw = false
60.3281100000022	EXP	text_3: autoDraw = true
65.06479999999283	EXP	text_3: autoDraw = false
65.06479999999283	EXP	text_3: autoDraw = false
65.06479999999283	EXP	text_2: autoDraw = true
65.06479999999283	EXP	text_2: text = 0
65.0819349999947	EXP	text_2: text = 17
65.09738999999536	EXP	text_2: text = 34
65.11423999999533	EXP	text_2: text = 50
65.13066999999864	EXP	text_2: text = 66
65.14800000000105	EXP	text_2: text = 83
65.16499499999918	EXP	text_2: text = 100
65.18155999999726	EXP	text_2: text = 117
65.19738499999221	EXP	text_2: text = 133
65.21458499999426	EXP	text_2: text = 150
65.2311650000047	EXP	text_2: text = 167
65.2479949999979	EXP	text_2: text = 183
65.26530499999353	EXP	text_2: text = 200
65.2827249999973	EXP	text_2: text = 217
65.29845499999647	EXP	text_2: text = 233
65.31710000000021	EXP	text_2: text = 250
65.32271999999648	DATA	Keydown:  
65.33283499999379	EXP	text_2: text = 267
65.33283499999379	EXP	text_2: autoDraw = false
65.33283499999379	EXP	Feedback: text = 258
65.33283499999379	EXP	Feedback: autoDraw = true
66.32768999999098	EXP	Feedback: autoDraw = false
66.32768999999098	EXP	Feedback: autoDraw = false
66.32768999999098	EXP	text_3: autoDraw = true
69.11383000000205	EXP	text_3: autoDraw = false
69.11383000000205	EXP	text_3: autoDraw = false
69.11383000000205	EXP	text_2: autoDraw = true
69.11383000000205	EXP	text_2: text = 0
69.13086499999918	EXP	text_2: text = 17
69.14594999999099	EXP	text_2: text = 33
69.16384999999718	EXP	text_2: text = 50
69.18000500000198	EXP	text_2: text = 66
69.19718999999168	EXP	text_2: text = 84
69.2135949999938	EXP	text_2: text = 100
69.23129999999946	EXP	text_2: text = 117
69.24741499999072	EXP	text_2: text = 133
69.26449000000139	EXP	text_2: text = 150
69.28128999999899	EXP	text_2: text = 167
69.29629499999282	EXP	text_2: text = 183
69.31386999999813	EXP	text_2: text = 200
69.33053999999538	EXP	text_2: text = 217
69.34811500000069	EXP	text_2: text = 233
69.39388000000326	EXP	text_2: text = 250
69.39661999999953	DATA	Keydown:  
69.41615499999898	EXP	text_2: text = 300
69.41615499999898	EXP	text_2: autoDraw = false
69.41615499999898	EXP	Feedback: text = 283
69.41615499999898	EXP	Feedback: autoDraw = true
70.40985999999975	EXP	Feedback: autoDraw = false
70.40985999999975	EXP	Feedback: autoDraw = false
70.40985999999975	EXP	text_3: autoDraw = true
74.06982999999309	DATA	Keydown:  
75.24861500000407	EXP	text_3: autoDraw = false
75.24861500000407	EXP	text_3: autoDraw = false
75.24861500000407	EXP	text_2: autoDraw = true
75.24861500000407	EXP	text_2: text = 0
75.2631049999909	EXP	text_2: text = 16
75.27900999999838	EXP	text_2: text = 33
75.29553499999747	EXP	text_2: text = 49
75.31205500000215	EXP	text_2: text = 66
75.32811999999103	EXP	text_2: text = 82
75.3457400000043	EXP	text_2: text = 99
75.36211499999627	EXP	text_2: text = 116
75.37923500000034	EXP	text_2: text = 133
75.39621999999508	EXP	text_2: text = 149
75.41314999999304	EXP	text_2: text = 166
75.43027499999152	EXP	text_2: text = 182
75.44550999999046	EXP	text_2: text = 199
75.4635500000004	EXP	text_2: text = 216
75.4797499999986	EXP	text_2: text = 233
75.51222000000416	EXP	text_2: text = 249
75.51510000000417	DATA	Keydown:  
75.53225999999268	EXP	text_2: text = 283
75.53225999999268	EXP	text_2: autoDraw = false
75.53225999999268	EXP	Feedback: text = 267
75.53225999999268	EXP	Feedback: autoDraw = true
76.52581999999529	EXP	Feedback: autoDraw = false
76.52581999999529	EXP	Feedback: autoDraw = false
76.52581999999529	EXP	text_3: autoDraw = true
81.31234499999846	EXP	text_3: autoDraw = false
81.31234499999846	EXP	text_3: autoDraw = false
81.31234499999846	EXP	text_2: autoDraw = true
81.31234499999846	EXP	text_2: text = 0
81.32943499999237	EXP	text_2: text = 17
81.34513999999035	EXP	text_2: text = 33
81.36153500000364	EXP	text_2: text = 50
81.37795500000357	EXP	text_2: text = 66
81.39549999999872	EXP	text_2: text = 83
81.41116999999213	EXP	text_2: text = 100
81.42833999999857	EXP	text_2: text = 116
81.445664999992	EXP	text_2: text = 133
81.46192499999597	EXP	text_2: text = 150
81.47967000000062	EXP	text_2: text = 166
81.49611999999615	EXP	text_2: text = 183
81.51322500000242	EXP	text_2: text = 200
81.51597999999649	DATA	Keydown:  
81.52950999999302	EXP	text_2: text = 216
81.52950999999302	EXP	text_2: autoDraw = false
81.52950999999302	EXP	Feedback: text = 204
81.52950999999302	EXP	Feedback: autoDraw = true
82.52454499999294	EXP	Feedback: autoDraw = false
82.52454499999294	EXP	Feedback: autoDraw = false
82.52454499999294	EXP	text_3: autoDraw = true
84.86168999999063	EXP	text_3: autoDraw = false
84.86168999999063	EXP	text_3: autoDraw = false
84.86168999999063	EXP	text_2: autoDraw = true
84.86168999999063	EXP	text_2: text = 0
84.87893999999505	EXP	text_2: text = 17
84.89458999999624	EXP	text_2: text = 33
84.91063499999291	EXP	text_2: text = 50
84.95756999999867	EXP	text_2: text = 66
84.97694999999658	EXP	text_2: text = 116
84.99572500000068	EXP	text_2: text = 133
85.01111500000115	EXP	text_2: text = 149
85.02814999999828	EXP	text_2: text = 166
85.04624499999045	EXP	text_2: text = 183
85.06274999999732	EXP	text_2: text = 201
85.08035999999265	EXP	text_2: text = 218
85.09670999999798	EXP	text_2: text = 235
85.11186000000453	EXP	text_2: text = 249
85.11671999999089	DATA	Keydown:  
85.12929499999154	EXP	text_2: text = 266
85.12929499999154	EXP	text_2: autoDraw = false
85.12929499999154	EXP	Feedback: text = 255
85.12929499999154	EXP	Feedback: autoDraw = true
86.1247699999949	EXP	Feedback: autoDraw = false
86.1247699999949	EXP	Feedback: autoDraw = false
86.1247699999949	EXP	text_3: autoDraw = true
89.9111750000011	EXP	text_3: autoDraw = false
89.9111750000011	EXP	text_3: autoDraw = false
89.9111750000011	EXP	text_2: autoDraw = true
89.9111750000011	EXP	text_2: text = 0
89.92642499999783	EXP	text_2: text = 16
89.9444899999944	EXP	text_2: text = 33
89.96153499999491	EXP	text_2: text = 50
89.97821499999554	EXP	text_2: text = 66
90.01856499999121	EXP	text_2: text = 83
90.04338999999163	EXP	text_2: text = 133
90.06093999999575	EXP	text_2: text = 149
90.07650999999896	EXP	text_2: text = 166
90.09410499999649	EXP	text_2: text = 183
90.11072499999136	EXP	text_2: text = 199
90.12769999999728	EXP	text_2: text = 216
90.14511499999207	EXP	text_2: text = 233
90.16191500000423	EXP	text_2: text = 250
90.17834499999299	EXP	text_2: text = 266
90.19469499999832	EXP	text_2: text = 283
90.21190500000375	EXP	text_2: text = 299
90.21644000000379	DATA	Keydown:  
90.23379499999282	EXP	text_2: text = 319
90.23379499999282	EXP	text_2: autoDraw = false
90.23379499999282	EXP	Feedback: text = 305
90.23379499999282	EXP	Feedback: autoDraw = true
91.22378499999468	EXP	Feedback: autoDraw = false
91.22378499999468	EXP	Feedback: autoDraw = false
91.22378499999468	EXP	text_3: autoDraw = true
94.47714000000269	EXP	text_3: autoDraw = false
94.47714000000269	EXP	text_3: autoDraw = false
94.47714000000269	EXP	text_2: autoDraw = true
94.47714000000269	EXP	text_2: text = 0
94.49401999999827	EXP	text_2: text = 16
94.50946499999554	EXP	text_2: text = 33
94.52593499999784	EXP	text_2: text = 49
94.54313999999431	EXP	text_2: text = 66
94.55943999999727	EXP	text_2: text = 83
94.57692999999563	EXP	text_2: text = 99
94.59361999999965	EXP	text_2: text = 116
94.6106199999922	EXP	text_2: text = 133
94.62798999999359	EXP	text_2: text = 149
94.64390999999887	EXP	text_2: text = 166
94.66090000000258	EXP	text_2: text = 183
94.67639999999665	EXP	text_2: text = 199
94.69503999999142	EXP	text_2: text = 216
94.7106300000014	EXP	text_2: text = 233
94.72811999999976	EXP	text_2: text = 250
94.74389499999234	EXP	text_2: text = 266
94.76088499999605	EXP	text_2: text = 283
94.77700499999628	EXP	text_2: text = 299
94.78285000000324	DATA	Keydown:  
94.79948499999591	EXP	text_2: text = 321
94.79948499999591	EXP	text_2: autoDraw = false
94.79948499999591	EXP	Feedback: text = 306
94.79948499999591	EXP	Feedback: autoDraw = true
95.78995500000019	EXP	Feedback: autoDraw = false
95.78995500000019	EXP	Feedback: autoDraw = false
95.78995500000019	EXP	text_3: autoDraw = true
99.07679999999527	EXP	text_3: autoDraw = false
99.07679999999527	EXP	text_3: autoDraw = false
99.07679999999527	EXP	text_2: autoDraw = true
99.07679999999527	EXP	text_2: text = 0
99.09174000000348	EXP	text_2: text = 17
99.1097049999953	EXP	text_2: text = 33
99.12539000000106	EXP	text_2: text = 50
99.14276000000245	EXP	text_2: text = 67
99.1591849999968	EXP	text_2: text = 83
99.17556999999215	EXP	text_2: text = 100
99.19383999999263	EXP	text_2: text = 117
99.21022999999695	EXP	text_2: text = 134
99.22778499999549	EXP	text_2: text = 150
99.24430999999458	EXP	text_2: text = 166
99.25976000000082	EXP	text_2: text = 183
99.27560999999696	EXP	text_2: text = 200
99.29374500000267	EXP	text_2: text = 216
99.31040000000212	EXP	text_2: text = 233
99.31621999999334	DATA	Keydown:  
99.32744500000263	EXP	text_2: text = 250
99.32744500000263	EXP	text_2: autoDraw = false
99.32744500000263	EXP	Feedback: text = 240
99.32744500000263	EXP	Feedback: autoDraw = true
100.32271999999648	EXP	Feedback: autoDraw = false
100.32271999999648	EXP	Feedback: autoDraw = false
100.32271999999648	EXP	text_3: autoDraw = true
103.40955499999109	EXP	text_3: autoDraw = false
103.40955499999109	EXP	text_3: autoDraw = false
103.40955499999109	EXP	text_2: autoDraw = true
103.40955499999109	EXP	text_2: text = 0
103.42594499999541	EXP	text_2: text = 17
103.44228999999177	EXP	text_2: text = 34
103.4588550000044	EXP	text_2: text = 50
103.47510499999044	EXP	text_2: text = 67
103.49144499999238	EXP	text_2: text = 83
103.5084649999917	EXP	text_2: text = 100
103.52549499999441	EXP	text_2: text = 117
103.54304000000411	EXP	text_2: text = 134
103.55915499999537	EXP	text_2: text = 150
103.57626000000164	EXP	text_2: text = 167
103.59268000000156	EXP	text_2: text = 183
103.60932499999763	EXP	text_2: text = 200
103.62614999999641	EXP	text_2: text = 217
103.64246999999159	EXP	text_2: text = 233
103.6591449999978	EXP	text_2: text = 250
103.66572000000451	DATA	Keydown:  
103.67663999999058	EXP	text_2: text = 267
103.67663999999058	EXP	text_2: autoDraw = false
103.67663999999058	EXP	Feedback: text = 256
103.67663999999058	EXP	Feedback: autoDraw = true
104.6716049999959	EXP	Feedback: autoDraw = false
104.6716049999959	EXP	Feedback: autoDraw = false
104.6716049999959	EXP	text_3: autoDraw = true
106.89168000000063	EXP	text_3: autoDraw = false
106.89168000000063	EXP	text_3: autoDraw = false
106.89168000000063	EXP	text_2: autoDraw = true
106.89168000000063	EXP	text_2: text = 0
106.90936999999394	EXP	text_2: text = 17
106.92687500000466	EXP	text_2: text = 34
106.94142499999725	EXP	text_2: text = 50
106.95818999999028	EXP	text_2: text = 67
106.9772149999917	EXP	text_2: text = 86
106.99345500000345	EXP	text_2: text = 102
107.00940500000434	EXP	text_2: text = 116
107.02651999999944	EXP	text_2: text = 134
107.04237500000454	EXP	text_2: text = 150
107.05834000000323	EXP	text_2: text = 166
107.07610999999451	EXP	text_2: text = 183
107.09243999999308	EXP	text_2: text = 200
107.10922499999288	EXP	text_2: text = 217
107.1253149999975	EXP	text_2: text = 233
107.12811999999394	DATA	Keydown:  
107.1430149999942	EXP	text_2: text = 250
107.1430149999942	EXP	text_2: autoDraw = false
107.1430149999942	EXP	Feedback: text = 237
107.1430149999942	EXP	Feedback: autoDraw = true
108.1377300000022	EXP	Feedback: autoDraw = false
108.1377300000022	EXP	Feedback: autoDraw = false
108.1377300000022	EXP	text_3: autoDraw = true
112.60700499999803	EXP	text_3: autoDraw = false
112.60700499999803	EXP	text_3: autoDraw = false
112.60700499999803	EXP	text_2: autoDraw = true
112.60700499999803	EXP	text_2: text = 0
112.62313999999606	EXP	text_2: text = 17
112.64109000000462	EXP	text_2: text = 34
112.65789000000223	EXP	text_2: text = 50
112.67522000000463	EXP	text_2: text = 67
112.69090000000142	EXP	text_2: text = 84
112.7076950000046	EXP	text_2: text = 101
112.72498499999347	EXP	text_2: text = 117
112.74197000000277	EXP	text_2: text = 133
112.75867500000459	EXP	text_2: text = 150
112.7752049999981	EXP	text_2: text = 167
112.79295000000275	EXP	text_2: text = 185
112.80812000000151	EXP	text_2: text = 200
112.82710500000394	EXP	text_2: text = 218
112.82986499999242	DATA	Keydown:  
112.84153999999398	EXP	text_2: text = 233
112.84153999999398	EXP	text_2: autoDraw = false
112.84153999999398	EXP	Feedback: text = 223
112.84153999999398	EXP	Feedback: autoDraw = true
113.83724999999686	EXP	Feedback: autoDraw = false
113.83724999999686	EXP	Feedback: autoDraw = false
113.83724999999686	EXP	text_3: autoDraw = true
119.84023999999044	EXP	text_3: autoDraw = false
119.84023999999044	EXP	text_3: autoDraw = false
119.84023999999044	EXP	text_2: autoDraw = true
119.84023999999044	EXP	text_2: text = 0
119.85803499999747	EXP	text_2: text = 16
119.87314499999047	EXP	text_2: text = 33
119.88955999999598	EXP	text_2: text = 49
119.90634000000136	EXP	text_2: text = 66
119.92267499999434	EXP	text_2: text = 83
119.93965499999467	EXP	text_2: text = 100
119.95685999999114	EXP	text_2: text = 116
119.9734749999916	EXP	text_2: text = 133
119.99021499999799	EXP	text_2: text = 150
120.00675499999488	EXP	text_2: text = 166
120.02328500000294	EXP	text_2: text = 183
120.04003000000375	EXP	text_2: text = 199
120.05719999999565	EXP	text_2: text = 216
120.07697500000359	EXP	text_2: text = 236
120.07980999999563	DATA	Keydown:  
120.0912299999909	EXP	text_2: text = 250
120.0912299999909	EXP	text_2: autoDraw = false
120.0912299999909	EXP	Feedback: text = 240
120.0912299999909	EXP	Feedback: autoDraw = true
121.08656499999051	EXP	Feedback: autoDraw = false
121.08656499999051	EXP	Feedback: autoDraw = false
121.08656499999051	EXP	text_3: autoDraw = true
123.25625999999465	EXP	text_3: autoDraw = false
123.25625999999465	EXP	text_3: autoDraw = false
123.25625999999465	EXP	text_2: autoDraw = true
123.25625999999465	EXP	text_2: text = 0
123.27163999999175	EXP	text_2: text = 17
123.28960499999812	EXP	text_2: text = 33
123.30628499999875	EXP	text_2: text = 50
123.32232999999542	EXP	text_2: text = 66
123.33883999999671	EXP	text_2: text = 83
123.35574499999348	EXP	text_2: text = 100
123.37227999999595	EXP	text_2: text = 116
123.39014499999757	EXP	text_2: text = 134
123.40725499999826	EXP	text_2: text = 150
123.42376999999397	EXP	text_2: text = 166
123.43974999999045	EXP	text_2: text = 183
123.45656999999483	EXP	text_2: text = 200
123.4731449999963	EXP	text_2: text = 217
123.49035999999614	EXP	text_2: text = 233
123.50693999999203	EXP	text_2: text = 250
123.52230499999132	EXP	text_2: text = 266
123.54008500000054	EXP	text_2: text = 283
123.55684499999916	EXP	text_2: text = 300
123.57354499999201	EXP	text_2: text = 317
123.58980000000156	EXP	text_2: text = 333
123.60584499999823	EXP	text_2: text = 349
123.61329999999725	DATA	Keydown:  
123.62952000000223	EXP	text_2: text = 371
123.62952000000223	EXP	text_2: autoDraw = false
123.62952000000223	EXP	Feedback: text = 357
123.62952000000223	EXP	Feedback: autoDraw = true
124.61788499999966	EXP	Feedback: autoDraw = false
124.61788499999966	EXP	Feedback: autoDraw = false
124.61788499999966	EXP	text_3: autoDraw = true
129.33899499999825	EXP	text_3: autoDraw = false
129.33899499999825	EXP	text_3: autoDraw = false
129.33899499999825	EXP	text_2: autoDraw = true
129.33899499999825	EXP	text_2: text = 0
129.35554499999853	EXP	text_2: text = 16
129.37119999999413	EXP	text_2: text = 33
129.3877999999968	EXP	text_2: text = 49
129.40441000000283	EXP	text_2: text = 66
129.42113999999128	EXP	text_2: text = 83
129.43777999999293	EXP	text_2: text = 100
129.45548000000417	EXP	text_2: text = 116
129.45864499999152	DATA	Keydown:  
129.4742200000037	EXP	text_2: text = 133
129.4742200000037	EXP	text_2: autoDraw = false
129.4742200000037	EXP	Feedback: text = 120
129.4742200000037	EXP	Feedback: autoDraw = true
130.46753999999783	EXP	Feedback: autoDraw = false
130.46753999999783	EXP	Feedback: autoDraw = false
130.46753999999783	EXP	text_3: autoDraw = true
136.89040499999828	DATA	Keydown:  
137.3875049999915	EXP	text_3: autoDraw = false
137.3875049999915	EXP	text_3: autoDraw = false
137.3875049999915	EXP	text_2: autoDraw = true
137.3875049999915	EXP	text_2: text = 0
137.4030550000025	EXP	text_2: text = 17
137.42119999999704	EXP	text_2: text = 33
137.4372999999905	EXP	text_2: text = 50
137.453754999995	EXP	text_2: text = 67
137.47047499999462	EXP	text_2: text = 83
137.48692999999912	EXP	text_2: text = 100
137.504694999996	EXP	text_2: text = 116
137.5197499999922	EXP	text_2: text = 133
137.53854999999749	EXP	text_2: text = 150
137.55399000000034	EXP	text_2: text = 166
137.57088499999372	EXP	text_2: text = 183
137.58814500000153	EXP	text_2: text = 200
137.60440499999095	EXP	text_2: text = 217
137.62170999999216	EXP	text_2: text = 233
137.63829999999143	EXP	text_2: text = 251
137.65787999999884	EXP	text_2: text = 270
137.67311000000336	EXP	text_2: text = 286
137.68812500000058	EXP	text_2: text = 301
137.69147499999963	DATA	Keydown:  
137.7081049999979	EXP	text_2: text = 319
137.7081049999979	EXP	text_2: autoDraw = false
137.7081049999979	EXP	Feedback: text = 304
137.7081049999979	EXP	Feedback: autoDraw = true
138.70055500000308	EXP	Feedback: autoDraw = false
138.70055500000308	EXP	Feedback: autoDraw = false
138.70055500000308	EXP	text_3: autoDraw = true
144.82052999999723	EXP	text_3: autoDraw = false
144.82052999999723	EXP	text_3: autoDraw = false
144.82052999999723	EXP	text_2: autoDraw = true
144.82052999999723	EXP	text_2: text = 0
144.83498499999405	EXP	text_2: text = 17
144.8532899999991	EXP	text_2: text = 33
144.86920499999542	EXP	text_2: text = 49
144.88661000000138	EXP	text_2: text = 66
144.90400500000396	EXP	text_2: text = 83
144.91980999999214	EXP	text_2: text = 100
144.93764999999257	EXP	text_2: text = 117
144.95367499999702	EXP	text_2: text = 133
144.9707300000009	EXP	text_2: text = 150
144.98651000000245	EXP	text_2: text = 166
145.00370499999553	EXP	text_2: text = 183
145.02131499999086	EXP	text_2: text = 200
145.03682999999728	EXP	text_2: text = 216
145.0536599999905	EXP	text_2: text = 233
145.07011499999498	EXP	text_2: text = 250
145.08789999999863	EXP	text_2: text = 266
145.09058999999252	DATA	Keydown:  
145.1044649999967	EXP	text_2: text = 283
145.1044649999967	EXP	text_2: autoDraw = false
145.1044649999967	EXP	Feedback: text = 270
145.1044649999967	EXP	Feedback: autoDraw = true
146.10029000000213	EXP	Feedback: autoDraw = false
146.10029000000213	EXP	Feedback: autoDraw = false
146.10029000000213	EXP	text_3: autoDraw = true
155.7523899999942	EXP	text_3: autoDraw = false
155.7523899999942	EXP	text_3: autoDraw = false
155.7523899999942	EXP	text_2: autoDraw = true
155.7523899999942	EXP	text_2: text = 0
155.76669499999844	EXP	text_2: text = 17
155.78405999999086	EXP	text_2: text = 33
155.8008850000042	EXP	text_2: text = 50
155.81814000000304	EXP	text_2: text = 67
155.8347550000035	EXP	text_2: text = 83
155.8512300000002	EXP	text_2: text = 100
155.86823999999615	EXP	text_2: text = 116
155.8848549999966	EXP	text_2: text = 133
155.90132999999332	EXP	text_2: text = 150
155.9178949999914	EXP	text_2: text = 167
155.93475000000035	EXP	text_2: text = 183
155.95132999999623	EXP	text_2: text = 200
155.95883999999205	DATA	Keydown:  
155.9688049999968	EXP	text_2: text = 216
155.9688049999968	EXP	text_2: autoDraw = false
155.9688049999968	EXP	Feedback: text = 207
155.9688049999968	EXP	Feedback: autoDraw = true
156.96414499999082	EXP	Feedback: autoDraw = false
156.96414499999082	EXP	Feedback: autoDraw = false
156.96414499999082	EXP	text_3: autoDraw = true
160.61740999999165	EXP	text_3: autoDraw = false
160.61740999999165	EXP	text_3: autoDraw = false
160.61740999999165	EXP	text_2: autoDraw = true
160.61740999999165	EXP	text_2: text = 0
160.63495999999577	EXP	text_2: text = 16
160.6505199999956	EXP	text_2: text = 33
160.6670599999925	EXP	text_2: text = 50
160.68394000000262	EXP	text_2: text = 67
160.7001900000032	EXP	text_2: text = 83
160.717604999998	EXP	text_2: text = 100
160.73339500000293	EXP	text_2: text = 116
160.75051499999245	EXP	text_2: text = 133
160.7673899999936	EXP	text_2: text = 150
160.78423000000475	EXP	text_2: text = 167
160.8018149999989	EXP	text_2: text = 183
160.81717500000377	EXP	text_2: text = 200
160.8347599999979	EXP	text_2: text = 216
160.8542749999906	EXP	text_2: text = 237
160.8570699999982	DATA	Keydown:  
160.87249999999767	EXP	text_2: text = 252
160.87249999999767	EXP	text_2: autoDraw = false
160.87249999999767	EXP	Feedback: text = 240
160.87249999999767	EXP	Feedback: autoDraw = true
161.8643149999989	EXP	Feedback: autoDraw = false
161.8643149999989	EXP	Feedback: autoDraw = false
161.8643149999989	EXP	text_3: autoDraw = true
169.41632499999832	EXP	text_3: autoDraw = false
169.41632499999832	EXP	text_3: autoDraw = false
169.41632499999832	EXP	text_2: autoDraw = true
169.41632499999832	EXP	text_2: text = 0
169.43218000000343	EXP	text_2: text = 17
169.44927499999176	EXP	text_2: text = 33
169.4658849999978	EXP	text_2: text = 50
169.48248500000045	EXP	text_2: text = 66
169.4991250000021	EXP	text_2: text = 83
169.51554999999644	EXP	text_2: text = 100
169.53320499999973	EXP	text_2: text = 116
169.5497800000012	EXP	text_2: text = 133
169.5662949999969	EXP	text_2: text = 150
169.58331999999064	EXP	text_2: text = 167
169.59945999999763	EXP	text_2: text = 183
169.6166649999941	EXP	text_2: text = 200
169.633204999991	EXP	text_2: text = 217
169.65144499999587	EXP	text_2: text = 233
169.6542000000045	DATA	Keydown:  
169.6680800000031	EXP	text_2: text = 250
169.6680800000031	EXP	text_2: autoDraw = false
169.6680800000031	EXP	Feedback: text = 238
169.6680800000031	EXP	Feedback: autoDraw = true
170.66277999999875	EXP	Feedback: autoDraw = false
170.66277999999875	EXP	Feedback: autoDraw = false
170.66277999999875	EXP	text_3: autoDraw = true
177.34842500000377	EXP	text_3: autoDraw = false
177.34842500000377	EXP	text_3: autoDraw = false
177.34842500000377	EXP	text_2: autoDraw = true
177.34842500000377	EXP	text_2: text = 0
177.36393999999564	EXP	text_2: text = 17
177.3822349999973	EXP	text_2: text = 33
177.39797999999428	EXP	text_2: text = 50
177.41569500000332	EXP	text_2: text = 67
177.43143499999132	EXP	text_2: text = 83
177.44791999999143	EXP	text_2: text = 100
177.4655150000035	EXP	text_2: text = 116
177.48141500000202	EXP	text_2: text = 133
177.49842000000353	EXP	text_2: text = 150
177.51606999999785	EXP	text_2: text = 167
177.53397499999846	EXP	text_2: text = 183
177.5492099999974	EXP	text_2: text = 200
177.56533499999205	EXP	text_2: text = 216
177.56921000000148	DATA	Keydown:  
177.58408000000054	EXP	text_2: text = 234
177.58408000000054	EXP	text_2: autoDraw = false
177.58408000000054	EXP	Feedback: text = 221
177.58408000000054	EXP	Feedback: autoDraw = true
178.57782999999472	EXP	Feedback: autoDraw = false
178.57782999999472	EXP	Feedback: autoDraw = false
178.57782999999472	EXP	text_3: autoDraw = true
185.96432499999355	EXP	text_3: autoDraw = false
185.96432499999355	EXP	text_3: autoDraw = false
185.96432499999355	EXP	text_2: autoDraw = true
185.96432499999355	EXP	text_2: text = 0
185.9792749999906	EXP	text_2: text = 17
185.99689500000386	EXP	text_2: text = 34
186.013890000002	EXP	text_2: text = 50
186.03009499999462	EXP	text_2: text = 67
186.0507249999937	EXP	text_2: text = 86
186.06491499999538	EXP	text_2: text = 101
186.08122999999614	EXP	text_2: text = 117
186.09874000000127	EXP	text_2: text = 134
186.11535999999614	EXP	text_2: text = 150
186.13117999999668	EXP	text_2: text = 167
186.14792499999749	EXP	text_2: text = 183
186.16447999999218	EXP	text_2: text = 200
186.18141999999352	EXP	text_2: text = 217
186.184104999993	DATA	Keydown:  
186.19946000000346	EXP	text_2: text = 233
186.19946000000346	EXP	text_2: autoDraw = false
186.19946000000346	EXP	Feedback: text = 220
186.19946000000346	EXP	Feedback: autoDraw = true
187.19349499999953	EXP	Feedback: autoDraw = false
187.19349499999953	EXP	Feedback: autoDraw = false
187.19349499999953	EXP	text_3: autoDraw = true
193.31321999999636	EXP	text_3: autoDraw = false
193.31321999999636	EXP	text_3: autoDraw = false
193.31321999999636	EXP	text_2: autoDraw = true
193.31321999999636	EXP	text_2: text = 0
193.32855999999447	EXP	text_2: text = 16
193.3454550000024	EXP	text_2: text = 33
193.36245000000054	EXP	text_2: text = 49
193.37935999999172	EXP	text_2: text = 66
193.39750999999524	EXP	text_2: text = 83
193.4129699999903	EXP	text_2: text = 100
193.43003000000317	EXP	text_2: text = 116
193.44724999999744	EXP	text_2: text = 133
193.46229500000481	EXP	text_2: text = 149
193.48032999999123	EXP	text_2: text = 166
193.4985650000017	EXP	text_2: text = 183
193.51287999999477	EXP	text_2: text = 199
193.53019999999378	EXP	text_2: text = 216
193.5477899999969	EXP	text_2: text = 233
193.56551499999478	EXP	text_2: text = 252
193.5810199999978	EXP	text_2: text = 268
193.58400000000256	DATA	Keydown:  
193.6000800000038	EXP	text_2: text = 283
193.6000800000038	EXP	text_2: autoDraw = false
193.6000800000038	EXP	Feedback: text = 271
193.6000800000038	EXP	Feedback: autoDraw = true
194.59303000000364	EXP	Feedback: autoDraw = false
194.59303000000364	EXP	Feedback: autoDraw = false
194.59303000000364	EXP	text_3: autoDraw = true
199.7283299999981	EXP	text_3: autoDraw = false
199.7283299999981	EXP	text_3: autoDraw = false
199.7283299999981	EXP	text_2: autoDraw = true
199.7283299999981	EXP	text_2: text = 0
199.74409999999625	EXP	text_2: text = 16
199.761010000002	EXP	text_2: text = 33
199.77854499999376	EXP	text_2: text = 50
199.79478999999992	EXP	text_2: text = 67
199.8128149999975	EXP	text_2: text = 84
199.82881500000076	EXP	text_2: text = 100
199.84583500000008	EXP	text_2: text = 117
199.86272499999905	EXP	text_2: text = 133
199.87920500000473	EXP	text_2: text = 150
199.8960850000003	EXP	text_2: text = 167
199.912049999999	EXP	text_2: text = 183
199.92923999999766	EXP	text_2: text = 200
199.94595999999729	EXP	text_2: text = 217
199.96308499999577	EXP	text_2: text = 233
199.97874500000034	EXP	text_2: text = 250
199.98144499999762	DATA	Keydown:  
199.9967650000035	EXP	text_2: text = 267
199.9967650000035	EXP	text_2: autoDraw = false
199.9967650000035	EXP	Feedback: text = 253
199.9967650000035	EXP	Feedback: autoDraw = true
200.9913499999966	EXP	Feedback: autoDraw = false
200.9913499999966	EXP	Feedback: autoDraw = false
200.9913499999966	EXP	text_3: autoDraw = true
207.97813499999756	EXP	text_3: autoDraw = false
207.97813499999756	EXP	text_3: autoDraw = false
207.97813499999756	EXP	text_2: autoDraw = true
207.97813499999756	EXP	text_2: text = 0
207.99299499999324	EXP	text_2: text = 17
208.0109450000018	EXP	text_2: text = 34
208.02711500000441	EXP	text_2: text = 50
208.04385499999626	EXP	text_2: text = 67
208.0607699999964	EXP	text_2: text = 84
208.07738000000245	EXP	text_2: text = 100
208.0952499999985	EXP	text_2: text = 117
208.11189499999455	EXP	text_2: text = 134
208.12751999999455	EXP	text_2: text = 150
208.1447099999932	EXP	text_2: text = 166
208.16166499999235	EXP	text_2: text = 184
208.17852499999572	EXP	text_2: text = 200
208.19430000000284	EXP	text_2: text = 217
208.19900500000222	DATA	Keydown:  
208.21122499999183	EXP	text_2: text = 233
208.21122499999183	EXP	text_2: autoDraw = false
208.21122499999183	EXP	Feedback: text = 221
208.21122499999183	EXP	Feedback: autoDraw = true
209.20707999999286	EXP	Feedback: autoDraw = false
209.20707999999286	EXP	Feedback: autoDraw = false
209.20707999999286	EXP	text_3: autoDraw = true
212.20732499999576	EXP	text_3: autoDraw = false
212.20732499999576	EXP	text_3: autoDraw = false
212.20732499999576	EXP	text_2: autoDraw = true
212.20732499999576	EXP	text_2: text = 0
212.22771999999532	EXP	text_2: text = 50
212.243094999998	EXP	text_2: text = 67
212.25946000000113	EXP	text_2: text = 83
212.2762700000021	EXP	text_2: text = 100
212.29341499999282	EXP	text_2: text = 116
212.31499499999336	EXP	text_2: text = 138
212.32988000000478	EXP	text_2: text = 152
212.3455549999926	EXP	text_2: text = 168
212.36160000000382	EXP	text_2: text = 183
212.37887499999488	EXP	text_2: text = 202
212.3947349999944	EXP	text_2: text = 216
212.4122950000019	EXP	text_2: text = 233
212.42711000000418	EXP	text_2: text = 250
212.444485	EXP	text_2: text = 267
212.46192000000156	EXP	text_2: text = 284
212.4774999999936	EXP	text_2: text = 300
212.49487500000396	EXP	text_2: text = 317
212.51030999999784	EXP	text_2: text = 333
212.52724500000477	EXP	text_2: text = 350
212.53029500000412	DATA	Keydown:  
212.54582499999378	EXP	text_2: text = 367
212.54582499999378	EXP	text_2: autoDraw = false
212.54582499999378	EXP	Feedback: text = 323
212.54582499999378	EXP	Feedback: autoDraw = true
213.54037999999127	EXP	Feedback: autoDraw = false
213.54037999999127	EXP	Feedback: autoDraw = false
213.54037999999127	EXP	text_3: autoDraw = true
216.12759999999253	EXP	text_3: autoDraw = false
216.12759999999253	EXP	text_3: autoDraw = false
216.12759999999253	EXP	text_2: autoDraw = true
216.12759999999253	EXP	text_2: text = 0
216.14435499999672	EXP	text_2: text = 16
216.15911999999662	EXP	text_2: text = 33
216.17630999999528	EXP	text_2: text = 49
216.19245000000228	EXP	text_2: text = 66
216.20991499999946	EXP	text_2: text = 83
216.22585000000254	EXP	text_2: text = 99
216.24407000000065	EXP	text_2: text = 117
216.26206999999704	EXP	text_2: text = 135
216.27709999999206	EXP	text_2: text = 149
216.2951999999932	EXP	text_2: text = 167
216.3107400000008	EXP	text_2: text = 183
216.32691499999783	EXP	text_2: text = 200
216.34330999999656	EXP	text_2: text = 216
216.36010499999975	EXP	text_2: text = 233
216.37709999999788	EXP	text_2: text = 250
216.38000499999907	DATA	Keydown:  
216.3955399999977	EXP	text_2: text = 267
216.3955399999977	EXP	text_2: autoDraw = false
216.3955399999977	EXP	Feedback: text = 253
216.3955399999977	EXP	Feedback: autoDraw = true
217.38918499999272	EXP	Feedback: autoDraw = false
217.38918499999272	EXP	Feedback: autoDraw = false
217.38918499999272	EXP	text_3: autoDraw = true
221.5923899999907	EXP	text_3: autoDraw = false
221.5923899999907	EXP	text_3: autoDraw = false
221.5923899999907	EXP	text_2: autoDraw = true
221.5923899999907	EXP	text_2: text = 0
221.60804999999527	EXP	text_2: text = 17
221.62541999999667	EXP	text_2: text = 33
221.6422900000034	EXP	text_2: text = 50
221.6599600000045	EXP	text_2: text = 67
221.67560999999114	EXP	text_2: text = 83
221.6929300000047	EXP	text_2: text = 100
221.70872500000405	EXP	text_2: text = 116
221.72617999999784	EXP	text_2: text = 133
221.74284500000067	EXP	text_2: text = 150
221.75946000000113	EXP	text_2: text = 167
221.77625999999873	EXP	text_2: text = 183
221.7954849999951	EXP	text_2: text = 203
221.81081500000437	EXP	text_2: text = 218
221.82918499999505	EXP	text_2: text = 236
221.84717999999702	EXP	text_2: text = 253
221.85008999999263	DATA	Keydown:  
221.8597049999953	EXP	text_2: text = 266
221.8597049999953	EXP	text_2: autoDraw = false
221.8597049999953	EXP	Feedback: text = 258
221.8597049999953	EXP	Feedback: autoDraw = true
222.8555800000031	EXP	Feedback: autoDraw = false
222.8555800000031	EXP	Feedback: autoDraw = false
222.8555800000031	EXP	text_3: autoDraw = true
230.5089399999997	EXP	text_3: autoDraw = false
230.5089399999997	EXP	text_3: autoDraw = false
230.5089399999997	EXP	text_2: autoDraw = true
230.5089399999997	EXP	text_2: text = 0
230.52298500000325	EXP	text_2: text = 17
230.5407899999991	EXP	text_2: text = 33
230.5576000000001	EXP	text_2: text = 50
230.5740700000024	EXP	text_2: text = 66
230.59126499999547	EXP	text_2: text = 83
230.60807000000204	EXP	text_2: text = 100
230.62451500000316	EXP	text_2: text = 116
230.6409299999941	EXP	text_2: text = 133
230.6577149999939	EXP	text_2: text = 149
230.67433999999776	EXP	text_2: text = 166
230.69117499999993	EXP	text_2: text = 183
230.70766499999445	EXP	text_2: text = 199
230.7103599999973	DATA	Keydown:  
230.7254399999947	EXP	text_2: text = 216
230.7254399999947	EXP	text_2: autoDraw = false
230.7254399999947	EXP	Feedback: text = 202
230.7254399999947	EXP	Feedback: autoDraw = true
231.72040999999444	EXP	Feedback: autoDraw = false
231.72040999999444	EXP	Feedback: autoDraw = false
231.72040999999444	EXP	text_3: autoDraw = true
234.87424499999906	EXP	text_3: autoDraw = false
234.87424499999906	EXP	text_3: autoDraw = false
234.87424499999906	EXP	text_2: autoDraw = true
234.87424499999906	EXP	text_2: text = 0
234.8911850000004	EXP	text_2: text = 18
234.90840000000026	EXP	text_2: text = 35
234.92311499999778	EXP	text_2: text = 49
234.94144500000402	EXP	text_2: text = 67
234.95628499999293	EXP	text_2: text = 83
234.97649499999534	EXP	text_2: text = 100
234.99009500000102	EXP	text_2: text = 116
235.00741999999445	EXP	text_2: text = 133
235.02476499999466	EXP	text_2: text = 150
235.0408199999947	EXP	text_2: text = 167
235.05779500000062	EXP	text_2: text = 183
235.0753299999924	EXP	text_2: text = 200
235.0909299999912	EXP	text_2: text = 216
235.10737499999232	EXP	text_2: text = 233
235.12516499999037	EXP	text_2: text = 250
235.1404499999917	EXP	text_2: text = 266
235.15770499999053	EXP	text_2: text = 283
235.1742099999974	EXP	text_2: text = 300
235.1907199999987	EXP	text_2: text = 316
235.19350500000292	DATA	Keydown:  
235.2084349999932	EXP	text_2: text = 333
235.2084349999932	EXP	text_2: autoDraw = false
235.2084349999932	EXP	Feedback: text = 319
235.2084349999932	EXP	Feedback: autoDraw = true
236.20320000000356	EXP	Feedback: autoDraw = false
236.20320000000356	EXP	Feedback: autoDraw = false
236.20320000000356	EXP	text_3: autoDraw = true
240.4727600000042	EXP	text_3: autoDraw = false
240.4727600000042	EXP	text_3: autoDraw = false
240.4727600000042	EXP	text_2: autoDraw = true
240.4727600000042	EXP	text_2: text = 0
240.4905049999943	EXP	text_2: text = 17
240.506469999993	EXP	text_2: text = 34
240.5225550000032	EXP	text_2: text = 50
240.53922999999486	EXP	text_2: text = 67
240.55671999999322	EXP	text_2: text = 84
240.57253499999933	EXP	text_2: text = 100
240.59017999999924	EXP	text_2: text = 117
240.60674499999732	EXP	text_2: text = 134
240.62372999999207	EXP	text_2: text = 150
240.6409399999975	EXP	text_2: text = 167
240.65755499999796	EXP	text_2: text = 184
240.67383499999414	EXP	text_2: text = 200
240.69154499999422	EXP	text_2: text = 217
240.70614500000374	EXP	text_2: text = 233
240.72342500000377	EXP	text_2: text = 250
240.72792999999365	DATA	Keydown:  
240.7407050000038	EXP	text_2: text = 267
240.7407050000038	EXP	text_2: autoDraw = false
240.7407050000038	EXP	Feedback: text = 255
240.7407050000038	EXP	Feedback: autoDraw = true
241.73604999999225	EXP	Feedback: autoDraw = false
241.73604999999225	EXP	Feedback: autoDraw = false
241.73604999999225	EXP	text_3: autoDraw = true
250.22170999999798	EXP	text_3: autoDraw = false
250.22170999999798	EXP	text_3: autoDraw = false
250.22170999999798	EXP	text_2: autoDraw = true
250.22170999999798	EXP	text_2: text = 0
250.23679999999877	EXP	text_2: text = 17
250.25456499999564	EXP	text_2: text = 33
250.27108999999473	EXP	text_2: text = 50
250.2879350000003	EXP	text_2: text = 67
250.30419500000426	EXP	text_2: text = 83
250.3215099999943	EXP	text_2: text = 100
250.33894000000146	EXP	text_2: text = 116
250.35580499999924	EXP	text_2: text = 134
250.37195499999507	EXP	text_2: text = 150
250.38884499999403	EXP	text_2: text = 167
250.40574000000197	EXP	text_2: text = 183
250.42215499999293	EXP	text_2: text = 200
250.43884499999695	EXP	text_2: text = 217
250.45502500000293	EXP	text_2: text = 233
250.47176000000036	EXP	text_2: text = 250
250.47447000000102	DATA	Keydown:  
250.48997500000405	EXP	text_2: text = 267
250.48997500000405	EXP	text_2: autoDraw = false
250.48997500000405	EXP	Feedback: text = 253
250.48997500000405	EXP	Feedback: autoDraw = true
251.48470000000088	EXP	Feedback: autoDraw = false
251.48470000000088	EXP	Feedback: autoDraw = false
251.48470000000088	EXP	text_3: autoDraw = true
256.72076499999093	EXP	text_3: autoDraw = false
256.72076499999093	EXP	text_3: autoDraw = false
256.72076499999093	EXP	text_2: autoDraw = true
256.72076499999093	EXP	text_2: text = 0
256.7355349999998	EXP	text_2: text = 16
256.75392999999167	EXP	text_2: text = 33
256.7702250000002	EXP	text_2: text = 50
256.78715499999817	EXP	text_2: text = 66
256.803224999996	EXP	text_2: text = 83
256.82076000000234	EXP	text_2: text = 99
256.83700499999395	EXP	text_2: text = 116
256.85517500000424	EXP	text_2: text = 133
256.8709200000012	EXP	text_2: text = 149
256.8874799999903	EXP	text_2: text = 166
256.90467499999795	EXP	text_2: text = 183
256.9214099999954	EXP	text_2: text = 200
256.93880499999796	EXP	text_2: text = 216
256.9536300000036	EXP	text_2: text = 233
256.9713999999949	EXP	text_2: text = 250
256.9740699999966	DATA	Keydown:  
256.9892899999977	EXP	text_2: text = 266
256.9892899999977	EXP	text_2: autoDraw = false
256.9892899999977	EXP	Feedback: text = 253
256.9892899999977	EXP	Feedback: autoDraw = true
257.98369999999704	EXP	Feedback: autoDraw = false
257.98369999999704	EXP	Feedback: autoDraw = false
257.98369999999704	EXP	text_3: autoDraw = true
266.636679999996	EXP	text_3: autoDraw = false
266.636679999996	EXP	text_3: autoDraw = false
266.636679999996	EXP	text_2: autoDraw = true
266.636679999996	EXP	text_2: text = 0
266.65123999999196	EXP	text_2: text = 16
266.6690899999958	EXP	text_2: text = 33
266.6860699999961	EXP	text_2: text = 50
266.702649999992	EXP	text_2: text = 66
266.719855000003	EXP	text_2: text = 83
266.7358850000019	EXP	text_2: text = 100
266.7538050000003	EXP	text_2: text = 116
266.76900000000023	EXP	text_2: text = 133
266.7865199999942	EXP	text_2: text = 150
266.8033699999942	EXP	text_2: text = 166
266.81987999999546	EXP	text_2: text = 183
266.83728500000143	EXP	text_2: text = 200
266.85376499999256	EXP	text_2: text = 216
266.8703099999984	EXP	text_2: text = 233
266.8730450000003	DATA	Keydown:  
266.8882400000002	EXP	text_2: text = 250
266.8882400000002	EXP	text_2: autoDraw = false
266.8882400000002	EXP	Feedback: text = 237
266.8882400000002	EXP	Feedback: autoDraw = true
267.8820049999922	EXP	Feedback: autoDraw = false
267.8820049999922	EXP	Feedback: autoDraw = false
267.8820049999922	EXP	text_3: autoDraw = true
276.0683049999934	EXP	text_3: autoDraw = false
276.0683049999934	EXP	text_3: autoDraw = false
276.0683049999934	EXP	text_2: autoDraw = true
276.0683049999934	EXP	text_2: text = 0
276.0833799999964	EXP	text_2: text = 16
276.1009899999917	EXP	text_2: text = 33
276.11725500000466	EXP	text_2: text = 49
276.1342599999916	EXP	text_2: text = 66
276.1508099999919	EXP	text_2: text = 83
276.16777	EXP	text_2: text = 99
276.184104999993	EXP	text_2: text = 116
276.2015850000025	EXP	text_2: text = 133
276.2188150000002	EXP	text_2: text = 150
276.2352249999967	EXP	text_2: text = 166
276.25190000000293	EXP	text_2: text = 183
276.26806000000215	EXP	text_2: text = 200
276.28569499999867	EXP	text_2: text = 216
276.3009699999966	EXP	text_2: text = 232
276.31877499999246	EXP	text_2: text = 249
276.32455499999924	DATA	Keydown:  
276.33640000000014	EXP	text_2: text = 266
276.33640000000014	EXP	text_2: autoDraw = false
276.33640000000014	EXP	Feedback: text = 256
276.33640000000014	EXP	Feedback: autoDraw = true
277.33205499999167	EXP	Feedback: autoDraw = false
277.33205499999167	EXP	Feedback: autoDraw = false
277.33205499999167	EXP	text_3: autoDraw = true
286.1837499999965	EXP	text_3: autoDraw = false
286.1837499999965	EXP	text_3: autoDraw = false
286.1837499999965	EXP	text_2: autoDraw = true
286.1837499999965	EXP	text_2: text = 0
286.1988649999985	EXP	text_2: text = 17
286.2167800000025	EXP	text_2: text = 34
286.2329299999983	EXP	text_2: text = 50
286.2500149999978	EXP	text_2: text = 67
286.2664700000023	EXP	text_2: text = 84
286.28282999999647	EXP	text_2: text = 100
286.3007649999927	EXP	text_2: text = 116
286.3162449999945	EXP	text_2: text = 133
286.33383999999205	EXP	text_2: text = 150
286.3512999999948	EXP	text_2: text = 167
286.3677400000015	EXP	text_2: text = 183
286.3840249999921	EXP	text_2: text = 200
286.40088000000105	EXP	text_2: text = 217
286.4167349999916	EXP	text_2: text = 233
286.4193799999921	DATA	Keydown:  
286.4354250000033	EXP	text_2: text = 251
286.4354250000033	EXP	text_2: autoDraw = false
286.4354250000033	EXP	Feedback: text = 236
286.4354250000033	EXP	Feedback: autoDraw = true
287.4291349999985	EXP	Feedback: autoDraw = false
287.4291349999985	EXP	Feedback: autoDraw = false
287.4291349999985	EXP	text_3: autoDraw = true
295.0324600000022	EXP	text_3: autoDraw = false
295.0324600000022	EXP	text_3: autoDraw = false
295.0324600000022	EXP	text_2: autoDraw = true
295.0324600000022	EXP	text_2: text = 0
295.04738499999803	EXP	text_2: text = 16
295.06523999999627	EXP	text_2: text = 33
295.08158499999263	EXP	text_2: text = 50
295.09828999999445	EXP	text_2: text = 66
295.1149349999905	EXP	text_2: text = 83
295.13162499999453	EXP	text_2: text = 99
295.14828999999736	EXP	text_2: text = 116
295.1660399999964	EXP	text_2: text = 133
295.1828099999984	EXP	text_2: text = 150
295.1990649999934	EXP	text_2: text = 167
295.21609999999055	EXP	text_2: text = 183
295.2320599999948	EXP	text_2: text = 199
295.24906999999075	EXP	text_2: text = 216
295.26546500000404	EXP	text_2: text = 233
295.28238999999303	EXP	text_2: text = 249
295.2851399999927	DATA	Keydown:  
295.3001399999921	EXP	text_2: text = 267
295.3001399999921	EXP	text_2: autoDraw = false
295.3001399999921	EXP	Feedback: text = 253
295.3001399999921	EXP	Feedback: autoDraw = true
296.29475000000093	EXP	Feedback: autoDraw = false
296.29475000000093	EXP	Feedback: autoDraw = false
296.29475000000093	EXP	text_3: autoDraw = true
299.46464999999444	EXP	text_3: autoDraw = false
299.46464999999444	EXP	text_3: autoDraw = false
299.46464999999444	EXP	text_2: autoDraw = true
299.46464999999444	EXP	text_2: text = 0
299.4820899999904	EXP	text_2: text = 17
299.4973299999983	EXP	text_2: text = 33
299.5144650000002	EXP	text_2: text = 50
299.5312600000034	EXP	text_2: text = 66
299.54845000000205	EXP	text_2: text = 83
299.5643299999938	EXP	text_2: text = 100
299.58181499999773	EXP	text_2: text = 116
299.59819000000425	EXP	text_2: text = 133
299.6159550000011	EXP	text_2: text = 150
299.6325849999994	EXP	text_2: text = 167
299.64869999999064	EXP	text_2: text = 183
299.6654200000048	EXP	text_2: text = 200
299.6820599999919	EXP	text_2: text = 216
299.69862999999896	EXP	text_2: text = 233
299.7161800000031	EXP	text_2: text = 250
299.7318749999977	EXP	text_2: text = 266
299.74819499999285	EXP	text_2: text = 283
299.75071999999636	DATA	Keydown:  
299.76832000000286	EXP	text_2: text = 300
299.76832000000286	EXP	text_2: autoDraw = false
299.76832000000286	EXP	Feedback: text = 286
299.76832000000286	EXP	Feedback: autoDraw = true
300.76084000000264	EXP	Feedback: autoDraw = false
300.76084000000264	EXP	Feedback: autoDraw = false
300.76084000000264	EXP	text_3: autoDraw = true
301.6965150000033	DATA	Keydown:  
309.7306949999911	EXP	text_3: autoDraw = false
309.7306949999911	EXP	text_3: autoDraw = false
309.7306949999911	EXP	text_2: autoDraw = true
309.7306949999911	EXP	text_2: text = 0
309.7450499999977	EXP	text_2: text = 15
309.7625049999915	EXP	text_2: text = 32
309.7798699999985	EXP	text_2: text = 49
309.79624499999045	EXP	text_2: text = 65
309.81236999999965	EXP	text_2: text = 82
309.82948499999475	EXP	text_2: text = 99
309.8477249999996	EXP	text_2: text = 115
309.86409000000276	EXP	text_2: text = 132
309.88036500000453	EXP	text_2: text = 149
309.89712500000314	EXP	text_2: text = 166
309.91365499999665	EXP	text_2: text = 182
309.92990499999723	EXP	text_2: text = 199
309.94724999999744	EXP	text_2: text = 216
309.96308000000136	EXP	text_2: text = 232
309.96575999999186	DATA	Keydown:  
309.98193999999785	EXP	text_2: text = 250
309.98193999999785	EXP	text_2: autoDraw = false
309.98193999999785	EXP	Feedback: text = 235
309.98193999999785	EXP	Feedback: autoDraw = true
310.9759999999951	EXP	Feedback: autoDraw = false
310.9759999999951	EXP	Feedback: autoDraw = false
310.9759999999951	EXP	text_3: autoDraw = true
319.72897999999986	EXP	text_3: autoDraw = false
319.72897999999986	EXP	text_3: autoDraw = false
319.72897999999986	EXP	text_2: autoDraw = true
319.72897999999986	EXP	text_2: text = 0
319.74416999999085	EXP	text_2: text = 17
319.7618300000031	EXP	text_2: text = 33
319.7783999999956	EXP	text_2: text = 49
319.7976550000021	EXP	text_2: text = 70
319.81238499999745	EXP	text_2: text = 84
319.8325150000019	EXP	text_2: text = 104
319.8460150000028	EXP	text_2: text = 116
319.86245499999495	EXP	text_2: text = 133
319.8789749999996	EXP	text_2: text = 150
319.89654499999597	EXP	text_2: text = 167
319.91201	EXP	text_2: text = 183
319.9290550000005	EXP	text_2: text = 200
319.94603999999526	EXP	text_2: text = 216
319.95028000000457	DATA	Keydown:  
319.9632899999997	EXP	text_2: text = 233
319.9632899999997	EXP	text_2: autoDraw = false
319.9632899999997	EXP	Feedback: text = 221
319.9632899999997	EXP	Feedback: autoDraw = true
320.9580149999965	EXP	Feedback: autoDraw = false
320.9580149999965	EXP	Feedback: autoDraw = false
320.9580149999965	EXP	text_3: autoDraw = true
325.29555500000424	EXP	text_3: autoDraw = false
325.29555500000424	EXP	text_3: autoDraw = false
325.29555500000424	EXP	text_2: autoDraw = true
325.29555500000424	EXP	text_2: text = 0
325.30998499999987	EXP	text_2: text = 17
325.3266000000003	EXP	text_2: text = 33
325.34404499999073	EXP	text_2: text = 50
325.36135999999533	EXP	text_2: text = 67
325.37701499999093	EXP	text_2: text = 83
325.39371999999275	EXP	text_2: text = 100
325.41166499999235	EXP	text_2: text = 117
325.4290150000015	EXP	text_2: text = 134
325.4444899999944	EXP	text_2: text = 150
325.4615550000017	EXP	text_2: text = 167
325.478495000003	EXP	text_2: text = 184
325.49491500000295	EXP	text_2: text = 200
325.5110649999988	EXP	text_2: text = 217
325.52822500000184	EXP	text_2: text = 233
325.545060000004	EXP	text_2: text = 250
325.5501099999965	DATA	Keydown:  
325.561904999995	EXP	text_2: text = 267
325.561904999995	EXP	text_2: autoDraw = false
325.561904999995	EXP	Feedback: text = 255
325.561904999995	EXP	Feedback: autoDraw = true
326.55776499999047	EXP	Feedback: autoDraw = false
326.55776499999047	EXP	Feedback: autoDraw = false
326.55776499999047	EXP	text_3: autoDraw = true
332.3333149999962	DATA	Keydown:  
335.15961999999126	EXP	text_3: autoDraw = false
335.15961999999126	EXP	text_3: autoDraw = false
335.15961999999126	EXP	text_2: autoDraw = true
335.15961999999126	EXP	text_2: text = 0
335.1788499999966	EXP	text_2: text = 17
335.1929850000015	EXP	text_2: text = 33
335.20875499999966	EXP	text_2: text = 50
335.226244999998	EXP	text_2: text = 66
335.24262000000454	EXP	text_2: text = 84
335.25969999999506	EXP	text_2: text = 100
335.2769350000017	EXP	text_2: text = 117
335.2936699999991	EXP	text_2: text = 133
335.31013499999244	EXP	text_2: text = 150
335.3270000000048	EXP	text_2: text = 167
335.3443649999972	EXP	text_2: text = 183
335.3596799999941	EXP	text_2: text = 200
335.3768049999926	EXP	text_2: text = 217
335.39292499999283	EXP	text_2: text = 233
335.4100749999925	EXP	text_2: text = 250
335.41278499999316	DATA	Keydown:  
335.4272950000013	EXP	text_2: text = 267
335.4272950000013	EXP	text_2: autoDraw = false
335.4272950000013	EXP	Feedback: text = 253
335.4272950000013	EXP	Feedback: autoDraw = true
336.4464250000019	EXP	Feedback: autoDraw = false
336.4464250000019	EXP	Feedback: autoDraw = false
336.4464250000019	EXP	End_text: autoDraw = true
