0.0791050000116229	EXP	Created Window = Window( name=Window, fullscr=true, color=#000000, units=height, waitBlanking=true, autoLog=true, size=[1517,694] )
2.7947750000166707	DATA	Keydown: Shift
2.896615000034217	DATA	Keydown: M
2.9673700000275858	DATA	Keydown: A
3.7938600000343286	DATA	Keydown: 2
4.304765000008047	DATA	Keydown: 5
4.384745000046678	DATA	Keydown: 0
4.5084200000273995	DATA	Keydown: 5
4.549340000026859	DATA	Keydown: 0
4.749345000018366	DATA	Keydown: 9
7.609345000004396	DATA	Keydown: Backspace
7.720130000030622	DATA	Keydown: Backspace
8.497465000022203	DATA	Keydown: 9
10.306850000051782	EXP	Created text = TextStim( name=text, win=Window( name=Window, fullscr=true, color=#000000, ~), autoDraw=null, autoLog=true, units=height, ori=null, opacity=1, pos=[0,0], size=undefined, text=INSTRUCTIONS [EN]


A counter will appear and star~, font=Arial, color=#FFFFFF, contrast=1, height=0.03, bold=null, italic=null, alignHoriz=left, alignVert=center, wrapWidth=1, flipHoriz=null, flipVert=null )
10.314745000039693	EXP	Created text_3 = TextStim( name=text_3, win=Window( name=Window, fullscr=true, color=#000000, ~), autoDraw=null, autoLog=true, units=height, ori=null, opacity=1, pos=[0,0], size=undefined, text=null, font=Arial, color=#FFFFFF, contrast=1, height=0.1, bold=null, italic=null, alignHoriz=left, alignVert=center, wrapWidth=1, flipHoriz=null, flipVert=null )
10.317705000052229	EXP	Created text_2 = TextStim( name=text_2, win=Window( name=Window, fullscr=true, color=#000000, ~), autoDraw=null, autoLog=true, units=height, ori=null, opacity=1, pos=[0,0], size=undefined, text=default text, font=Arial, color=#ff0000, contrast=1, height=0.15, bold=null, italic=null, alignHoriz=left, alignVert=center, wrapWidth=1, flipHoriz=null, flipVert=null )
10.320015000004787	EXP	Created Feedback = TextStim( name=Feedback, win=Window( name=Window, fullscr=true, color=#000000, ~), autoDraw=null, autoLog=true, units=height, ori=null, opacity=1, pos=[0,0], size=undefined, text=default text, font=Arial, color=#ff0000, contrast=1, height=0.15, bold=null, italic=null, alignHoriz=left, alignVert=center, wrapWidth=1, flipHoriz=null, flipVert=null )
10.321970000048168	EXP	Created End_text = TextStim( name=End_text, win=Window( name=Window, fullscr=true, color=#000000, ~), autoDraw=null, autoLog=true, units=height, ori=null, opacity=1, pos=[0,0], size=undefined, text=This study aimed to look at procedural learning, i~, font=Arial, color=#FFFFFF, contrast=1, height=0.025, bold=null, italic=null, alignHoriz=left, alignVert=center, wrapWidth=1, flipHoriz=null, flipVert=null )
10.3764749999973	EXP	text: units = "height"
10.3764749999973	EXP	text: ori = 0
10.3764749999973	EXP	text: opacity = 1
10.3764749999973	EXP	text: pos = [0,0]
10.3764749999973	EXP	text: size = undefined
10.3764749999973	EXP	text: text = "INSTRUCTIONS [EN]\n\n\nA counter will appear and start counting at random times, press SPACE as fast as possible when it appears.\n\n\nPress SPACE to start\n\n-------\n\nInstruções [PT]\n\n\nUm cronómetro vai aparecer e começar a contar aleatoriamente, pressione a tecla SPACE assim que ele aparecer.\n\n\nPressiona SPACE para começar."
10.3764749999973	EXP	text: font = "Arial"
10.3764749999973	EXP	text: color = {"_hex":"#FFFFFF","_rgb":[1,1,1]}
10.3764749999973	EXP	text: contrast = 1
10.3764749999973	EXP	text: height = 0.03
10.3764749999973	EXP	text: bold = false
10.3764749999973	EXP	text: italic = false
10.3764749999973	EXP	text: alignHoriz = "left"
10.3764749999973	EXP	text: alignVert = "center"
10.3764749999973	EXP	text: wrapWidth = 1
10.3764749999973	EXP	text: flipHoriz = false
10.3764749999973	EXP	text: flipVert = false
10.3764749999973	EXP	text_3: units = "height"
10.3764749999973	EXP	text_3: ori = 0
10.3764749999973	EXP	text_3: opacity = 1
10.3764749999973	EXP	text_3: pos = [0,0]
10.3764749999973	EXP	text_3: size = undefined
10.3764749999973	EXP	text_3: text = ""
10.3764749999973	EXP	text_3: font = "Arial"
10.3764749999973	EXP	text_3: color = {"_hex":"#FFFFFF","_rgb":[1,1,1]}
10.3764749999973	EXP	text_3: contrast = 1
10.3764749999973	EXP	text_3: height = 0.1
10.3764749999973	EXP	text_3: bold = false
10.3764749999973	EXP	text_3: italic = false
10.3764749999973	EXP	text_3: alignHoriz = "left"
10.3764749999973	EXP	text_3: alignVert = "center"
10.3764749999973	EXP	text_3: wrapWidth = 1
10.3764749999973	EXP	text_3: flipHoriz = false
10.3764749999973	EXP	text_3: flipVert = false
10.3764749999973	EXP	text_2: units = "height"
10.3764749999973	EXP	text_2: ori = 0
10.3764749999973	EXP	text_2: opacity = 1
10.3764749999973	EXP	text_2: pos = [0,0]
10.3764749999973	EXP	text_2: size = undefined
10.3764749999973	EXP	text_2: text = "default text"
10.3764749999973	EXP	text_2: font = "Arial"
10.3764749999973	EXP	text_2: color = {"_rgb":[1,0,0]}
10.3764749999973	EXP	text_2: contrast = 1
10.3764749999973	EXP	text_2: height = 0.15
10.3764749999973	EXP	text_2: bold = false
10.3764749999973	EXP	text_2: italic = false
10.3764749999973	EXP	text_2: alignHoriz = "left"
10.3764749999973	EXP	text_2: alignVert = "center"
10.3764749999973	EXP	text_2: wrapWidth = 1
10.3764749999973	EXP	text_2: flipHoriz = false
10.3764749999973	EXP	text_2: flipVert = false
10.3764749999973	EXP	Feedback: units = "height"
10.3764749999973	EXP	Feedback: ori = 0
10.3764749999973	EXP	Feedback: opacity = 1
10.3764749999973	EXP	Feedback: pos = [0,0]
10.3764749999973	EXP	Feedback: size = undefined
10.3764749999973	EXP	Feedback: text = "default text"
10.3764749999973	EXP	Feedback: font = "Arial"
10.3764749999973	EXP	Feedback: color = {"_rgb":[1,0,0]}
10.3764749999973	EXP	Feedback: contrast = 1
10.3764749999973	EXP	Feedback: height = 0.15
10.3764749999973	EXP	Feedback: bold = false
10.3764749999973	EXP	Feedback: italic = false
10.3764749999973	EXP	Feedback: alignHoriz = "left"
10.3764749999973	EXP	Feedback: alignVert = "center"
10.3764749999973	EXP	Feedback: wrapWidth = 1
10.3764749999973	EXP	Feedback: flipHoriz = false
10.3764749999973	EXP	Feedback: flipVert = false
10.3764749999973	EXP	End_text: units = "height"
10.3764749999973	EXP	End_text: ori = 0
10.3764749999973	EXP	End_text: opacity = 1
10.3764749999973	EXP	End_text: pos = [0,0]
10.3764749999973	EXP	End_text: size = undefined
10.3764749999973	EXP	End_text: text = "This study aimed to look at procedural learning, i.e. our ability to extract patterns from the input that we are constantly receiving. This skill is thought to be essential for language and literacy acquisition and has been suggested as a possible underlying difficult in children with Language Impairments and Dyslexia. This study aims to improve the measures of procedural learning (the smiley face task) so that we can measure procedural learning more reliably and, in the future, analyse the performance of individuals with learning impairments.\nThank you for participating!\n\n----\n\nEste estudo tem como objectivo analisar a nossa capacidade de extrair padrões da informação que estamos constantemente a receber. Pensa-se que esta competência é essencial para a aquisição da linguagem e literacia e foi sugerido que dificuldades neste tipo de competências poderá estar relacionado com perturbações da linguagem e Dislexia. Este estudo tem como objectivo melhorar a estabilidade das medidas usadas para medir este tipo de memória (a tarefa da cara sorridente) de forma a poder medir de forma mais precisa e, no futuro, analisar a performance de indivíduos com perturbações da aprendizagem. \nMuito obrigada por ter participado!"
10.3764749999973	EXP	End_text: font = "Arial"
10.3764749999973	EXP	End_text: color = {"_hex":"#FFFFFF","_rgb":[1,1,1]}
10.3764749999973	EXP	End_text: contrast = 1
10.3764749999973	EXP	End_text: height = 0.025
10.3764749999973	EXP	End_text: bold = false
10.3764749999973	EXP	End_text: italic = false
10.3764749999973	EXP	End_text: alignHoriz = "left"
10.3764749999973	EXP	End_text: alignVert = "center"
10.3764749999973	EXP	End_text: wrapWidth = 1
10.3764749999973	EXP	End_text: flipHoriz = false
10.3764749999973	EXP	End_text: flipVert = false
10.3764749999973	EXP	text: autoDraw = true
14.57622500002617	DATA	Mouse: 0 button down, pos=(654.4444756507874,253.333345413208)
14.628900000010617	DATA	Mouse: 0 button down, pos=(654.4444756507874,253.333345413208)
15.516230000008363	DATA	Keydown:  
15.61896000005072	EXP	text: autoDraw = false
15.61896000005072	EXP	text_3: autoDraw = true
19.135125000029802	EXP	text_3: autoDraw = false
19.135125000029802	EXP	text_3: autoDraw = false
19.135125000029802	EXP	text_2: autoDraw = true
19.135125000029802	EXP	text_2: text = 1
19.154015000036452	EXP	text_2: text = 61
19.186170000000857	EXP	text_2: text = 91
19.20927000005031	EXP	text_2: text = 116
19.240485000016633	EXP	text_2: text = 148
19.270350000006147	EXP	text_2: text = 173
19.301625000021886	EXP	text_2: text = 205
19.329480000014883	EXP	text_2: text = 234
19.359095000021625	EXP	text_2: text = 266
19.396480000053998	EXP	text_2: text = 303
19.422855000011623	EXP	text_2: text = 330
19.455295000050683	EXP	text_2: text = 363
19.47965000005206	EXP	text_2: text = 387
19.51472500001546	EXP	text_2: text = 422
19.54816500004381	EXP	text_2: text = 455
19.568015000026207	EXP	text_2: text = 476
19.600965000048745	EXP	text_2: text = 509
19.621305000036955	DATA	Keydown:  
19.627750000043306	EXP	text_2: text = 532
19.627750000043306	EXP	text_2: autoDraw = false
19.627750000043306	EXP	Feedback: text = 487
19.627750000043306	EXP	Feedback: autoDraw = true
19.81361500005005	DATA	Keydown:  
19.965555000002496	DATA	Keydown:  
20.12778999999864	DATA	Keydown:  
20.62774000002537	EXP	Feedback: autoDraw = false
20.62774000002537	EXP	Feedback: autoDraw = false
20.62774000002537	EXP	text_3: autoDraw = true
30.441735000000335	EXP	text_3: autoDraw = false
30.441735000000335	EXP	text_3: autoDraw = false
30.441735000000335	EXP	text_2: autoDraw = true
30.441735000000335	EXP	text_2: text = 0
30.458195000013802	EXP	text_2: text = 36
30.48566500004381	EXP	text_2: text = 63
30.501620000053663	EXP	text_2: text = 80
30.528365000034682	EXP	text_2: text = 105
30.549610000045504	EXP	text_2: text = 126
30.572675000003073	EXP	text_2: text = 151
30.5922600000049	EXP	text_2: text = 171
30.618550000013784	EXP	text_2: text = 194
30.64056500000879	EXP	text_2: text = 217
30.662665000010747	EXP	text_2: text = 241
30.686245000048075	EXP	text_2: text = 265
30.70793000003323	EXP	text_2: text = 286
30.728780000004917	EXP	text_2: text = 307
30.752825000032317	EXP	text_2: text = 331
30.773860000015702	EXP	text_2: text = 352
30.795630000007804	EXP	text_2: text = 374
30.820615000033285	EXP	text_2: text = 399
30.839150000014342	EXP	text_2: text = 418
30.86336499999743	EXP	text_2: text = 442
30.881425000028685	EXP	text_2: text = 460
30.907895000011194	EXP	text_2: text = 486
30.923609999998007	DATA	Keydown:  
30.928485000040382	EXP	text_2: text = 505
30.928485000040382	EXP	text_2: autoDraw = false
30.928485000040382	EXP	Feedback: text = 482
30.928485000040382	EXP	Feedback: autoDraw = true
31.91835000005085	EXP	Feedback: autoDraw = false
31.91835000005085	EXP	Feedback: autoDraw = false
31.91835000005085	EXP	text_3: autoDraw = true
34.95454500004416	EXP	text_3: autoDraw = false
34.95454500004416	EXP	text_3: autoDraw = false
34.95454500004416	EXP	text_2: autoDraw = true
34.95454500004416	EXP	text_2: text = 0
34.97795000002952	EXP	text_2: text = 31
34.998745000048075	EXP	text_2: text = 51
35.022565000050236	EXP	text_2: text = 75
35.04257500002859	EXP	text_2: text = 95
35.066335000039544	EXP	text_2: text = 119
35.0882200000342	EXP	text_2: text = 140
35.109620000002906	EXP	text_2: text = 162
35.13073000003351	EXP	text_2: text = 183
35.14709500002209	EXP	text_2: text = 199
35.17510500003118	EXP	text_2: text = 228
35.19170500000473	EXP	text_2: text = 244
35.20874000003096	EXP	text_2: text = 261
35.228440000035334	EXP	text_2: text = 281
35.25801000004867	EXP	text_2: text = 310
35.275150000001304	EXP	text_2: text = 328
35.291390000027604	EXP	text_2: text = 343
35.310205000045244	EXP	text_2: text = 362
35.3289400000358	EXP	text_2: text = 381
35.355380000022706	EXP	text_2: text = 408
35.37327500001993	DATA	Keydown:  
35.378485000052024	EXP	text_2: text = 429
35.378485000052024	EXP	text_2: autoDraw = false
35.378485000052024	EXP	Feedback: text = 419
35.378485000052024	EXP	Feedback: autoDraw = true
36.37695000000531	EXP	Feedback: autoDraw = false
36.37695000000531	EXP	Feedback: autoDraw = false
36.37695000000531	EXP	text_3: autoDraw = true
40.92271500005154	DATA	Keydown:  
45.80816500005312	EXP	text_3: autoDraw = false
45.80816500005312	EXP	text_3: autoDraw = false
45.80816500005312	EXP	text_2: autoDraw = true
45.80816500005312	EXP	text_2: text = 0
45.82362500001909	EXP	text_2: text = 17
45.85191000002669	EXP	text_2: text = 46
45.8688700000057	EXP	text_2: text = 63
45.89534500002628	EXP	text_2: text = 89
45.9119200000423	EXP	text_2: text = 106
45.9395750000258	EXP	text_2: text = 133
45.95621500001289	EXP	text_2: text = 150
45.983445000019856	EXP	text_2: text = 177
46.002035000012256	EXP	text_2: text = 196
46.02835000003688	EXP	text_2: text = 222
46.04447000002256	EXP	text_2: text = 238
46.07098499999847	EXP	text_2: text = 265
46.08755500003463	EXP	text_2: text = 281
46.112400000041816	EXP	text_2: text = 306
46.129885000002105	EXP	text_2: text = 324
46.1579250000068	EXP	text_2: text = 352
46.17435500002466	EXP	text_2: text = 368
46.20141500001773	EXP	text_2: text = 395
46.21878000005381	EXP	text_2: text = 412
46.23136500001419	DATA	Keydown:  
46.246880000049714	EXP	text_2: text = 439
46.246880000049714	EXP	text_2: autoDraw = false
46.246880000049714	EXP	Feedback: text = 423
46.246880000049714	EXP	Feedback: autoDraw = true
47.24505000002682	EXP	Feedback: autoDraw = false
47.24505000002682	EXP	Feedback: autoDraw = false
47.24505000002682	EXP	text_3: autoDraw = true
51.54082500003278	DATA	Keydown:  
54.44157500000438	EXP	text_3: autoDraw = false
54.44157500000438	EXP	text_3: autoDraw = false
54.44157500000438	EXP	text_2: autoDraw = true
54.44157500000438	EXP	text_2: text = 0
54.460575000033714	EXP	text_2: text = 22
54.48875499999849	EXP	text_2: text = 50
54.50648999999976	EXP	text_2: text = 68
54.532020000042394	EXP	text_2: text = 93
54.56510000000708	EXP	text_2: text = 126
54.587690000014845	EXP	text_2: text = 146
54.61441999999806	EXP	text_2: text = 175
54.63185500004329	EXP	text_2: text = 193
54.65799000003608	EXP	text_2: text = 219
54.676110000000335	EXP	text_2: text = 236
54.695300000021234	EXP	text_2: text = 255
54.72179000003962	EXP	text_2: text = 283
54.73927499999991	EXP	text_2: text = 300
54.765720000024885	EXP	text_2: text = 327
54.783070000004955	EXP	text_2: text = 344
54.80940000002738	EXP	text_2: text = 371
54.828255000000354	EXP	text_2: text = 389
54.845970000023954	EXP	text_2: text = 407
54.87460999999894	EXP	text_2: text = 436
54.89098500000546	EXP	text_2: text = 452
54.91816000000108	EXP	text_2: text = 479
54.93510000000242	EXP	text_2: text = 496
54.962955000053626	EXP	text_2: text = 524
54.97815999999875	DATA	Keydown:  
54.98279000003822	EXP	text_2: text = 542
54.98279000003822	EXP	text_2: autoDraw = false
54.98279000003822	EXP	Feedback: text = 537
54.98279000003822	EXP	Feedback: autoDraw = true
55.9837000000407	EXP	Feedback: autoDraw = false
55.9837000000407	EXP	Feedback: autoDraw = false
55.9837000000407	EXP	text_3: autoDraw = true
59.366250000020955	EXP	text_3: autoDraw = false
59.366250000020955	EXP	text_3: autoDraw = false
59.366250000020955	EXP	text_2: autoDraw = true
59.366250000020955	EXP	text_2: text = 0
59.39438000001246	EXP	text_2: text = 31
59.41186500003096	EXP	text_2: text = 49
59.4286200000206	EXP	text_2: text = 65
59.45760500000324	EXP	text_2: text = 94
59.474975000019185	EXP	text_2: text = 112
59.49960000003921	EXP	text_2: text = 136
59.51618500001496	EXP	text_2: text = 153
59.541980000038166	EXP	text_2: text = 179
59.55926000000909	EXP	text_2: text = 196
59.58426000003237	EXP	text_2: text = 221
59.60187500005122	EXP	text_2: text = 239
59.62832000001799	EXP	text_2: text = 265
59.64537000004202	EXP	text_2: text = 282
59.67145000002347	EXP	text_2: text = 308
59.688810000021476	EXP	text_2: text = 326
59.716395000054035	EXP	text_2: text = 353
59.73273500002688	EXP	text_2: text = 370
59.760890000034124	EXP	text_2: text = 398
59.779320000030566	EXP	text_2: text = 416
59.80438000004506	EXP	text_2: text = 441
59.821865000005346	EXP	text_2: text = 459
59.848050000029616	EXP	text_2: text = 485
59.86577000003308	EXP	text_2: text = 503
59.88328500004718	EXP	text_2: text = 520
59.91057000000728	EXP	text_2: text = 548
59.926000000035856	DATA	Keydown:  
59.93159500003094	EXP	text_2: text = 565
59.93159500003094	EXP	text_2: autoDraw = false
59.93159500003094	EXP	Feedback: text = 560
59.93159500003094	EXP	Feedback: autoDraw = true
60.93464500003029	EXP	Feedback: autoDraw = false
60.93464500003029	EXP	Feedback: autoDraw = false
60.93464500003029	EXP	text_3: autoDraw = true
63.10908000002382	DATA	Keydown:  
66.98859500000253	EXP	text_3: autoDraw = false
66.98859500000253	EXP	text_3: autoDraw = false
66.98859500000253	EXP	text_2: autoDraw = true
66.98859500000253	EXP	text_2: text = 0
67.01392500003567	EXP	text_2: text = 31
67.03279500000644	EXP	text_2: text = 50
67.05784000002313	EXP	text_2: text = 75
67.07591000001412	EXP	text_2: text = 93
67.09974500001408	EXP	text_2: text = 117
67.11803500005044	EXP	text_2: text = 135
67.14339000004111	EXP	text_2: text = 161
67.1612750000204	EXP	text_2: text = 179
67.1855650000507	EXP	text_2: text = 203
67.20300999999745	EXP	text_2: text = 220
67.23092000000179	EXP	text_2: text = 248
67.24711500003468	EXP	text_2: text = 264
67.27447000000393	EXP	text_2: text = 292
67.29236000002129	EXP	text_2: text = 310
67.31797500001267	EXP	text_2: text = 335
67.33420000004116	EXP	text_2: text = 351
67.36167500005104	EXP	text_2: text = 379
67.37910000002012	EXP	text_2: text = 396
67.39934000000358	EXP	text_2: text = 416
67.42815500003053	EXP	text_2: text = 445
67.44531000003917	EXP	text_2: text = 463
67.4621600000537	EXP	text_2: text = 479
67.48342500004219	EXP	text_2: text = 500
67.49918500002241	DATA	Keydown:  
67.51116000005277	EXP	text_2: text = 521
67.51116000005277	EXP	text_2: autoDraw = false
67.51116000005277	EXP	Feedback: text = 514
67.51116000005277	EXP	Feedback: autoDraw = true
68.50397000001976	EXP	Feedback: autoDraw = false
68.50397000001976	EXP	Feedback: autoDraw = false
68.50397000001976	EXP	text_3: autoDraw = true
70.89730000001146	EXP	text_3: autoDraw = false
70.89730000001146	EXP	text_3: autoDraw = false
70.89730000001146	EXP	text_2: autoDraw = true
70.89730000001146	EXP	text_2: text = 0
70.92334500001743	EXP	text_2: text = 30
70.94080000004033	EXP	text_2: text = 47
70.96552500000689	EXP	text_2: text = 72
70.98376000003191	EXP	text_2: text = 90
71.00976000004448	EXP	text_2: text = 116
71.03156000003219	EXP	text_2: text = 138
71.05198000004748	EXP	text_2: text = 159
71.07600000000093	EXP	text_2: text = 183
71.09582000004593	EXP	text_2: text = 203
71.1188250000123	EXP	text_2: text = 226
71.14133500005119	EXP	text_2: text = 248
71.16308500000741	EXP	text_2: text = 270
71.1824000000488	EXP	text_2: text = 289
71.19888000003994	EXP	text_2: text = 305
71.2254500000272	EXP	text_2: text = 332
71.24457999999868	EXP	text_2: text = 351
71.26871500001289	EXP	text_2: text = 375
71.28751500003273	EXP	text_2: text = 394
71.31320500001311	EXP	text_2: text = 420
71.33149500004947	EXP	text_2: text = 438
71.34910500003025	EXP	text_2: text = 455
71.37650000001304	EXP	text_2: text = 483
71.39457000000402	EXP	text_2: text = 501
71.42000500002177	EXP	text_2: text = 527
71.43835000001127	EXP	text_2: text = 545
71.46369000000414	EXP	text_2: text = 570
71.48259500000859	EXP	text_2: text = 589
71.49984500004211	EXP	text_2: text = 606
71.52855500002624	EXP	text_2: text = 635
71.54596000001766	EXP	text_2: text = 653
71.56155000004219	EXP	text_2: text = 668
71.58152500004508	EXP	text_2: text = 688
71.60004000004847	EXP	text_2: text = 706
71.62677500001155	EXP	text_2: text = 733
71.64497000002302	DATA	Keydown:  
71.64917000004789	EXP	text_2: text = 754
71.64917000004789	EXP	text_2: autoDraw = false
71.64917000004789	EXP	Feedback: text = 748
71.64917000004789	EXP	Feedback: autoDraw = true
72.65439500001958	EXP	Feedback: autoDraw = false
72.65439500001958	EXP	Feedback: autoDraw = false
72.65439500001958	EXP	text_3: autoDraw = true
80.76337000000058	DATA	Keydown:  
81.20557500002906	EXP	text_3: autoDraw = false
81.20557500002906	EXP	text_3: autoDraw = false
81.20557500002906	EXP	text_2: autoDraw = true
81.20557500002906	EXP	text_2: text = 0
81.22321500000544	EXP	text_2: text = 20
81.25139000004856	EXP	text_2: text = 49
81.26808000000892	EXP	text_2: text = 66
81.29333000001498	EXP	text_2: text = 91
81.31088000000454	EXP	text_2: text = 108
81.33697000000393	EXP	text_2: text = 135
81.35409500001697	EXP	text_2: text = 152
81.37933000002522	EXP	text_2: text = 177
81.39694500004407	EXP	text_2: text = 194
81.42458500002977	EXP	text_2: text = 222
81.44053500000155	EXP	text_2: text = 238
81.46902000001865	EXP	text_2: text = 267
81.48616500000935	EXP	text_2: text = 283
81.51217500003986	EXP	text_2: text = 310
81.52826500002993	EXP	text_2: text = 326
81.5556650000508	EXP	text_2: text = 353
81.57184500002768	EXP	text_2: text = 369
81.58877500001108	EXP	text_2: text = 386
81.60728000005474	EXP	text_2: text = 404
81.63560999999754	EXP	text_2: text = 433
81.65294500003802	EXP	text_2: text = 450
81.67624500003876	DATA	Keydown:  
81.68471000000136	EXP	text_2: text = 476
81.68471000000136	EXP	text_2: autoDraw = false
81.68471000000136	EXP	Feedback: text = 471
81.68471000000136	EXP	Feedback: autoDraw = true
82.1367850000388	DATA	Keydown:  
82.67728500004159	EXP	Feedback: autoDraw = false
82.67728500004159	EXP	Feedback: autoDraw = false
82.67728500004159	EXP	text_3: autoDraw = true
85.66307000000961	EXP	text_3: autoDraw = false
85.66307000000961	EXP	text_3: autoDraw = false
85.66307000000961	EXP	text_2: autoDraw = true
85.66307000000961	EXP	text_2: text = 0
85.67811999999685	EXP	text_2: text = 18
85.7073050000472	EXP	text_2: text = 46
85.723404999997	EXP	text_2: text = 63
85.74794000003021	EXP	text_2: text = 87
85.76871500001289	EXP	text_2: text = 106
85.79295000003185	EXP	text_2: text = 133
85.81278500001645	EXP	text_2: text = 152
85.83729500003392	EXP	text_2: text = 177
85.85691500001121	EXP	text_2: text = 196
85.8804700000328	EXP	text_2: text = 220
85.9058350000414	EXP	text_2: text = 245
85.92303500004346	EXP	text_2: text = 262
85.95356500003254	EXP	text_2: text = 293
85.98743500001729	EXP	text_2: text = 322
86.00574500003131	EXP	text_2: text = 341
86.03615500003798	EXP	text_2: text = 373
86.0525450000423	EXP	text_2: text = 391
86.07705500000156	EXP	text_2: text = 417
86.09470500005409	EXP	text_2: text = 434
86.12126000004355	EXP	text_2: text = 461
86.13693500001682	DATA	Keydown:  
86.14139000000432	EXP	text_2: text = 479
86.14139000000432	EXP	text_2: autoDraw = false
86.14139000000432	EXP	Feedback: text = 474
86.14139000000432	EXP	Feedback: autoDraw = true
87.15457500005141	EXP	Feedback: autoDraw = false
87.15457500005141	EXP	Feedback: autoDraw = false
87.15457500005141	EXP	text_3: autoDraw = true
93.4867100000265	DATA	Keydown:  
95.260510000051	EXP	text_3: autoDraw = false
95.260510000051	EXP	text_3: autoDraw = false
95.260510000051	EXP	text_2: autoDraw = true
95.260510000051	EXP	text_2: text = 0
95.28572500002338	EXP	text_2: text = 33
95.30574500001967	EXP	text_2: text = 53
95.33128500002204	EXP	text_2: text = 78
95.35185000003548	EXP	text_2: text = 99
95.37804999999935	EXP	text_2: text = 125
95.39988000004087	EXP	text_2: text = 147
95.42195000004722	EXP	text_2: text = 169
95.44804500002647	EXP	text_2: text = 195
95.46873000002233	EXP	text_2: text = 216
95.49585000000661	EXP	text_2: text = 243
95.51577500003623	EXP	text_2: text = 262
95.53327500005253	EXP	text_2: text = 280
95.56171000003815	EXP	text_2: text = 308
95.58381999999983	EXP	text_2: text = 331
95.60986500000581	EXP	text_2: text = 355
95.63096999999834	EXP	text_2: text = 377
95.654515000002	EXP	text_2: text = 401
95.67923000000883	EXP	text_2: text = 419
95.70003000000725	EXP	text_2: text = 447
95.7193950000219	DATA	Keydown:  
95.72665500000585	EXP	text_2: text = 470
95.72665500000585	EXP	text_2: autoDraw = false
95.72665500000585	EXP	Feedback: text = 461
95.72665500000585	EXP	Feedback: autoDraw = true
96.72725500003435	EXP	Feedback: autoDraw = false
96.72725500003435	EXP	Feedback: autoDraw = false
96.72725500003435	EXP	text_3: autoDraw = true
104.08618000004208	EXP	text_3: autoDraw = false
104.08618000004208	EXP	text_3: autoDraw = false
104.08618000004208	EXP	text_2: autoDraw = true
104.08618000004208	EXP	text_2: text = 0
104.11434500000905	EXP	text_2: text = 31
104.13145500002429	EXP	text_2: text = 48
104.15780500002438	EXP	text_2: text = 75
104.17388000001665	EXP	text_2: text = 91
104.20150000002468	EXP	text_2: text = 119
104.21774500003085	EXP	text_2: text = 135
104.23397500003921	EXP	text_2: text = 150
104.26027500000782	EXP	text_2: text = 177
104.28812500002095	EXP	text_2: text = 205
104.3042650000425	EXP	text_2: text = 221
104.33195500000147	EXP	text_2: text = 249
104.34952500002692	EXP	text_2: text = 267
104.3752300000051	EXP	text_2: text = 292
104.39146000001347	EXP	text_2: text = 309
104.41886000003433	EXP	text_2: text = 336
104.4353500000434	EXP	text_2: text = 353
104.45101000001887	EXP	text_2: text = 368
104.46971000003396	EXP	text_2: text = 386
104.48828500002855	EXP	text_2: text = 405
104.50962000002619	DATA	Keydown:  
104.51810500002466	EXP	text_2: text = 434
104.51810500002466	EXP	text_2: autoDraw = false
104.51810500002466	EXP	Feedback: text = 424
104.51810500002466	EXP	Feedback: autoDraw = true
105.51451500004623	EXP	Feedback: autoDraw = false
105.51451500004623	EXP	Feedback: autoDraw = false
105.51451500004623	EXP	text_3: autoDraw = true
111.56911500002025	EXP	text_3: autoDraw = false
111.56911500002025	EXP	text_3: autoDraw = false
111.56911500002025	EXP	text_2: autoDraw = true
111.56911500002025	EXP	text_2: text = 0
111.59578000003239	EXP	text_2: text = 30
111.61398000002373	EXP	text_2: text = 48
111.63989500002936	EXP	text_2: text = 74
111.65616500005126	EXP	text_2: text = 90
111.68308000004617	EXP	text_2: text = 117
111.69919500005199	EXP	text_2: text = 133
111.72590000001946	EXP	text_2: text = 160
111.74605500005418	EXP	text_2: text = 178
111.77231000002939	EXP	text_2: text = 206
111.78897000005236	EXP	text_2: text = 223
111.8156350000063	EXP	text_2: text = 250
111.83270500000799	EXP	text_2: text = 267
111.8585300000268	EXP	text_2: text = 293
111.87583500001347	EXP	text_2: text = 310
111.90271000005305	EXP	text_2: text = 337
111.92128500004765	EXP	text_2: text = 355
111.94777500000782	EXP	text_2: text = 382
111.96577500004787	EXP	text_2: text = 400
111.99183000001358	EXP	text_2: text = 426
112.00984500005143	EXP	text_2: text = 444
112.03617500001565	DATA	Keydown:  
112.04072500002803	EXP	text_2: text = 472
112.04072500002803	EXP	text_2: autoDraw = false
112.04072500002803	EXP	Feedback: text = 467
112.04072500002803	EXP	Feedback: autoDraw = true
113.04311000002781	EXP	Feedback: autoDraw = false
113.04311000002781	EXP	Feedback: autoDraw = false
113.04311000002781	EXP	text_3: autoDraw = true
115.30289000004996	EXP	text_3: autoDraw = false
115.30289000004996	EXP	text_3: autoDraw = false
115.30289000004996	EXP	text_2: autoDraw = true
115.30289000004996	EXP	text_2: text = 0
115.32043000002159	EXP	text_2: text = 23
115.35014500003308	EXP	text_2: text = 53
115.36691500002053	EXP	text_2: text = 70
115.38409500004491	EXP	text_2: text = 87
115.41372500004945	EXP	text_2: text = 117
115.43251000001328	EXP	text_2: text = 135
115.45864500000607	EXP	text_2: text = 161
115.48006000003079	EXP	text_2: text = 183
115.50459000002593	EXP	text_2: text = 207
115.5229700000491	EXP	text_2: text = 226
115.54836000001524	EXP	text_2: text = 251
115.56813500000862	EXP	text_2: text = 271
115.59148500004085	EXP	text_2: text = 294
115.61329500004649	EXP	text_2: text = 316
115.635970000003	EXP	text_2: text = 339
115.65503000002354	EXP	text_2: text = 358
115.68000500003109	EXP	text_2: text = 383
115.69777000002796	EXP	text_2: text = 400
115.7212250000448	EXP	text_2: text = 424
115.73930000001565	EXP	text_2: text = 442
115.7660700000124	EXP	text_2: text = 469
115.78328000003239	EXP	text_2: text = 486
115.80866500001866	EXP	text_2: text = 511
115.82612500002142	EXP	text_2: text = 529
115.85229500004789	EXP	text_2: text = 555
115.86811000003945	EXP	text_2: text = 571
115.88390500005335	EXP	text_2: text = 586
115.89973500004271	DATA	Keydown:  
115.9053600000334	EXP	text_2: text = 605
115.9053600000334	EXP	text_2: autoDraw = false
115.9053600000334	EXP	Feedback: text = 600
115.9053600000334	EXP	Feedback: autoDraw = true
116.89383500005351	EXP	Feedback: autoDraw = false
116.89383500005351	EXP	Feedback: autoDraw = false
116.89383500005351	EXP	text_3: autoDraw = true
118.89762500004144	DATA	Keydown:  
123.44177500001388	EXP	text_3: autoDraw = false
123.44177500001388	EXP	text_3: autoDraw = false
123.44177500001388	EXP	text_2: autoDraw = true
123.44177500001388	EXP	text_2: text = 0
123.46742000000086	EXP	text_2: text = 30
123.486035000009	EXP	text_2: text = 49
123.51240500004496	EXP	text_2: text = 73
123.52992000000086	EXP	text_2: text = 92
123.55303000001004	EXP	text_2: text = 116
123.5722250000108	EXP	text_2: text = 135
123.59660000004806	EXP	text_2: text = 159
123.61441999999806	EXP	text_2: text = 177
123.63813500001561	EXP	text_2: text = 201
123.65664000000106	EXP	text_2: text = 219
123.68115000001853	EXP	text_2: text = 244
123.69912000000477	EXP	text_2: text = 262
123.72259000001941	EXP	text_2: text = 285
123.74142500001471	EXP	text_2: text = 304
123.76775500003714	EXP	text_2: text = 330
123.7843850000063	EXP	text_2: text = 347
123.80931500002043	EXP	text_2: text = 372
123.82552000001306	DATA	Keydown:  
123.83205500000622	EXP	text_2: text = 390
123.83205500000622	EXP	text_2: autoDraw = false
123.83205500000622	EXP	Feedback: text = 384
123.83205500000622	EXP	Feedback: autoDraw = true
124.82657000003383	EXP	Feedback: autoDraw = false
124.82657000003383	EXP	Feedback: autoDraw = false
124.82657000003383	EXP	text_3: autoDraw = true
132.45637500000885	DATA	Keydown:  
133.8845250000013	EXP	text_3: autoDraw = false
133.8845250000013	EXP	text_3: autoDraw = false
133.8845250000013	EXP	text_2: autoDraw = true
133.8845250000013	EXP	text_2: text = 0
133.91205000004265	EXP	text_2: text = 32
133.93134500004817	EXP	text_2: text = 51
133.9482399999979	EXP	text_2: text = 67
133.9776300000376	EXP	text_2: text = 97
133.99383500003023	EXP	text_2: text = 113
134.02093500003684	EXP	text_2: text = 140
134.03766500001075	EXP	text_2: text = 157
134.06387000001268	EXP	text_2: text = 183
134.08151500002714	EXP	text_2: text = 201
134.09777000005124	EXP	text_2: text = 217
134.12531500001205	EXP	text_2: text = 244
134.1427750000148	EXP	text_2: text = 262
134.16801500000292	EXP	text_2: text = 287
134.1855199999991	EXP	text_2: text = 305
134.21332000003895	EXP	text_2: text = 333
134.2296300000162	EXP	text_2: text = 349
134.24764000001596	EXP	text_2: text = 367
134.2683300000499	EXP	text_2: text = 387
134.28934000001755	EXP	text_2: text = 409
134.31785500003025	DATA	Keydown:  
134.32704500004184	EXP	text_2: text = 442
134.32704500004184	EXP	text_2: autoDraw = false
134.32704500004184	EXP	Feedback: text = 434
134.32704500004184	EXP	Feedback: autoDraw = true
135.31743500003358	EXP	Feedback: autoDraw = false
135.31743500003358	EXP	Feedback: autoDraw = false
135.31743500003358	EXP	text_3: autoDraw = true
141.6957050000201	EXP	text_3: autoDraw = false
141.6957050000201	EXP	text_3: autoDraw = false
141.6957050000201	EXP	text_2: autoDraw = true
141.6957050000201	EXP	text_2: text = 0
141.72456000000238	EXP	text_2: text = 33
141.74160500004655	EXP	text_2: text = 50
141.76809500000672	EXP	text_2: text = 76
141.7846750000026	EXP	text_2: text = 93
141.79989000002388	EXP	text_2: text = 108
141.82933000003686	EXP	text_2: text = 138
141.84760000003735	EXP	text_2: text = 156
141.86487000004854	EXP	text_2: text = 172
141.89176000002772	EXP	text_2: text = 200
141.90917500003707	EXP	text_2: text = 218
141.93306500004837	EXP	text_2: text = 242
141.95134000002872	EXP	text_2: text = 260
141.97674500005087	EXP	text_2: text = 285
141.99470500001917	EXP	text_2: text = 303
142.01844500005245	EXP	text_2: text = 327
142.03815500001656	EXP	text_2: text = 346
142.06256500002928	EXP	text_2: text = 371
142.08190000004834	EXP	text_2: text = 390
142.10497500002384	EXP	text_2: text = 413
142.12594500003615	EXP	text_2: text = 434
142.14858000003733	EXP	text_2: text = 457
142.16870000003837	EXP	text_2: text = 477
142.19341000000713	EXP	text_2: text = 502
142.21083000005456	DATA	Keydown:  
142.21579500002554	EXP	text_2: text = 522
142.21579500002554	EXP	text_2: autoDraw = false
142.21579500002554	EXP	Feedback: text = 515
142.21579500002554	EXP	Feedback: autoDraw = true
143.21900500002084	EXP	Feedback: autoDraw = false
143.21900500002084	EXP	Feedback: autoDraw = false
143.21900500002084	EXP	text_3: autoDraw = true
147.95801500004018	EXP	text_3: autoDraw = false
147.95801500004018	EXP	text_3: autoDraw = false
147.95801500004018	EXP	text_2: autoDraw = true
147.95801500004018	EXP	text_2: text = 0
147.97401000000536	EXP	text_2: text = 19
148.00210000004154	EXP	text_2: text = 47
148.019895000034	EXP	text_2: text = 64
148.0464000000502	EXP	text_2: text = 91
148.06327500002226	EXP	text_2: text = 108
148.09212500002468	EXP	text_2: text = 137
148.10892500000773	EXP	text_2: text = 153
148.13616000005277	EXP	text_2: text = 181
148.1563900000183	EXP	text_2: text = 201
148.18020000000251	EXP	text_2: text = 225
148.19771500001661	EXP	text_2: text = 242
148.2244650000357	EXP	text_2: text = 269
148.24180499999784	EXP	text_2: text = 286
148.26819500001147	EXP	text_2: text = 312
148.2861050000065	EXP	text_2: text = 331
148.31271000002744	EXP	text_2: text = 357
148.32975000003353	EXP	text_2: text = 374
148.35712500003865	EXP	text_2: text = 402
148.37399000005098	EXP	text_2: text = 418
148.39094000001205	EXP	text_2: text = 435
148.4190500000259	EXP	text_2: text = 463
148.4387300000526	EXP	text_2: text = 483
148.45322500000475	DATA	Keydown:  
148.46676500001922	EXP	text_2: text = 509
148.46676500001922	EXP	text_2: autoDraw = false
148.46676500001922	EXP	Feedback: text = 495
148.46676500001922	EXP	Feedback: autoDraw = true
149.4705800000229	EXP	Feedback: autoDraw = false
149.4705800000229	EXP	Feedback: autoDraw = false
149.4705800000229	EXP	text_3: autoDraw = true
156.97944000002462	EXP	text_3: autoDraw = false
156.97944000002462	EXP	text_3: autoDraw = false
156.97944000002462	EXP	text_2: autoDraw = true
156.97944000002462	EXP	text_2: text = 0
157.01173000002746	EXP	text_2: text = 35
157.03135500004282	EXP	text_2: text = 55
157.04637500003446	EXP	text_2: text = 70
157.07441500003915	EXP	text_2: text = 98
157.09811000002082	EXP	text_2: text = 122
157.12372000003234	EXP	text_2: text = 147
157.14261500001885	EXP	text_2: text = 166
157.1694500000449	EXP	text_2: text = 193
157.18821000005119	EXP	text_2: text = 210
157.21453500003554	EXP	text_2: text = 238
157.2302450000425	EXP	text_2: text = 254
157.2578199999989	EXP	text_2: text = 282
157.27397999999812	EXP	text_2: text = 298
157.29946500004735	EXP	text_2: text = 323
157.3166500000516	EXP	text_2: text = 340
157.34381500002928	EXP	text_2: text = 367
157.36004500003764	EXP	text_2: text = 384
157.3864600000088	EXP	text_2: text = 410
157.40220000001136	DATA	Keydown:  
157.40899500000523	EXP	text_2: text = 429
157.40899500000523	EXP	text_2: autoDraw = false
157.40899500000523	EXP	Feedback: text = 423
157.40899500000523	EXP	Feedback: autoDraw = true
158.42279000004055	EXP	Feedback: autoDraw = false
158.42279000004055	EXP	Feedback: autoDraw = false
158.42279000004055	EXP	text_3: autoDraw = true
167.7723550000228	EXP	text_3: autoDraw = false
167.7723550000228	EXP	text_3: autoDraw = false
167.7723550000228	EXP	text_2: autoDraw = true
167.7723550000228	EXP	text_2: text = 0
167.79404000000795	EXP	text_2: text = 23
167.81478500005323	EXP	text_2: text = 44
167.83873499999754	EXP	text_2: text = 68
167.85802000004333	EXP	text_2: text = 87
167.88181000004988	EXP	text_2: text = 111
167.9007050000364	EXP	text_2: text = 128
167.92452500003856	EXP	text_2: text = 154
167.94233500002883	EXP	text_2: text = 172
167.95722500002012	EXP	text_2: text = 186
167.986835000047	EXP	text_2: text = 216
168.00308000005316	EXP	text_2: text = 232
168.02580500004115	EXP	text_2: text = 255
168.04261000000406	EXP	text_2: text = 272
168.05965000001015	EXP	text_2: text = 288
168.08627500000875	EXP	text_2: text = 315
168.1038450000342	EXP	text_2: text = 333
168.1263200000394	EXP	text_2: text = 356
168.14611500001047	EXP	text_2: text = 375
168.16319000005024	DATA	Keydown:  
168.17164000001503	EXP	text_2: text = 399
168.17164000001503	EXP	text_2: autoDraw = false
168.17164000001503	EXP	Feedback: text = 391
168.17164000001503	EXP	Feedback: autoDraw = true
169.16203000000678	EXP	Feedback: autoDraw = false
169.16203000000678	EXP	Feedback: autoDraw = false
169.16203000000678	EXP	text_3: autoDraw = true
175.33707500004675	EXP	text_3: autoDraw = false
175.33707500004675	EXP	text_3: autoDraw = false
175.33707500004675	EXP	text_2: autoDraw = true
175.33707500004675	EXP	text_2: text = 0
175.3557350000483	EXP	text_2: text = 21
175.38317000004463	EXP	text_2: text = 49
175.4010250000283	EXP	text_2: text = 67
175.42482000001473	EXP	text_2: text = 90
175.44422500004293	EXP	text_2: text = 110
175.47007500001928	EXP	text_2: text = 134
175.48849499999778	EXP	text_2: text = 154
175.51404999999795	EXP	text_2: text = 180
175.5302850000444	EXP	text_2: text = 196
175.54513500002213	EXP	text_2: text = 210
175.56242000003112	EXP	text_2: text = 227
175.59256000001915	EXP	text_2: text = 258
175.6084700000356	EXP	text_2: text = 274
175.63560999999754	EXP	text_2: text = 301
175.65244500001427	EXP	text_2: text = 318
175.67729000002146	EXP	text_2: text = 343
175.69199000002118	EXP	text_2: text = 358
175.71858500002418	EXP	text_2: text = 384
175.73748500004876	EXP	text_2: text = 402
175.76344000000972	EXP	text_2: text = 429
175.78008000005502	EXP	text_2: text = 446
175.79498000000603	EXP	text_2: text = 460
175.81811500003096	DATA	Keydown:  
175.82474000001093	EXP	text_2: text = 486
175.82474000001093	EXP	text_2: autoDraw = false
175.82474000001093	EXP	Feedback: text = 481
175.82474000001093	EXP	Feedback: autoDraw = true
176.8135900000343	EXP	Feedback: autoDraw = false
176.8135900000343	EXP	Feedback: autoDraw = false
176.8135900000343	EXP	text_3: autoDraw = true
180.27540000004228	EXP	text_3: autoDraw = false
180.27540000004228	EXP	text_3: autoDraw = false
180.27540000004228	EXP	text_2: autoDraw = true
180.27540000004228	EXP	text_2: text = 0
180.30485500005307	EXP	text_2: text = 33
180.32226000004448	EXP	text_2: text = 51
180.34681499999715	EXP	text_2: text = 75
180.36213000002317	EXP	text_2: text = 91
180.3770900000236	EXP	text_2: text = 105
180.40736000001198	EXP	text_2: text = 136
180.42958000005456	EXP	text_2: text = 152
180.44878000003519	EXP	text_2: text = 177
180.4756950000301	EXP	text_2: text = 204
180.49272500001825	EXP	text_2: text = 221
180.50747000001138	EXP	text_2: text = 235
180.52625000005355	EXP	text_2: text = 253
180.54555000003893	EXP	text_2: text = 273
180.5731150000356	EXP	text_2: text = 301
180.5896800000337	EXP	text_2: text = 318
180.61664500000188	EXP	text_2: text = 345
180.63298000005307	EXP	text_2: text = 361
180.6474300000118	EXP	text_2: text = 376
180.6766400000197	EXP	text_2: text = 405
180.6973350000335	EXP	text_2: text = 426
180.7246650000452	EXP	text_2: text = 453
180.75309500005096	EXP	text_2: text = 481
180.7730600000359	EXP	text_2: text = 501
180.79936000000453	EXP	text_2: text = 528
180.8145750000258	DATA	Keydown:  
180.8189700000221	EXP	text_2: text = 546
180.8189700000221	EXP	text_2: autoDraw = false
180.8189700000221	EXP	Feedback: text = 539
180.8189700000221	EXP	Feedback: autoDraw = true
181.8202450000099	EXP	Feedback: autoDraw = false
181.8202450000099	EXP	Feedback: autoDraw = false
181.8202450000099	EXP	text_3: autoDraw = true
191.58020500000566	EXP	text_3: autoDraw = false
191.58020500000566	EXP	text_3: autoDraw = false
191.58020500000566	EXP	text_2: autoDraw = true
191.58020500000566	EXP	text_2: text = 0
191.60288000002038	EXP	text_2: text = 22
191.62393000000156	EXP	text_2: text = 46
191.6439900000114	EXP	text_2: text = 66
191.66375000000698	EXP	text_2: text = 85
191.69129000004614	EXP	text_2: text = 113
191.7098700000206	EXP	text_2: text = 131
191.72797500004526	EXP	text_2: text = 149
191.75630500004627	EXP	text_2: text = 178
191.77583500003675	EXP	text_2: text = 197
191.80467500002123	EXP	text_2: text = 225
191.8290300000226	EXP	text_2: text = 251
191.84794000000693	EXP	text_2: text = 269
191.87415000004694	EXP	text_2: text = 296
191.89167500002077	EXP	text_2: text = 313
191.90818000002764	EXP	text_2: text = 330
191.92678000003798	EXP	text_2: text = 348
191.95537999999942	EXP	text_2: text = 377
191.97280000004685	EXP	text_2: text = 394
191.9981100000441	EXP	text_2: text = 420
192.0130900000222	DATA	Keydown:  
192.0167300000321	EXP	text_2: text = 437
192.0167300000321	EXP	text_2: autoDraw = false
192.0167300000321	EXP	Feedback: text = 433
192.0167300000321	EXP	Feedback: autoDraw = true
193.01609000004828	EXP	Feedback: autoDraw = false
193.01609000004828	EXP	Feedback: autoDraw = false
193.01609000004828	EXP	text_3: autoDraw = true
200.42236000002595	EXP	text_3: autoDraw = false
200.42236000002595	EXP	text_3: autoDraw = false
200.42236000002595	EXP	text_2: autoDraw = true
200.42236000002595	EXP	text_2: text = 0
200.4398200000287	EXP	text_2: text = 28
200.464420000033	EXP	text_2: text = 53
200.48258500004886	EXP	text_2: text = 71
200.50067999999737	EXP	text_2: text = 89
200.5277150000329	EXP	text_2: text = 116
200.54906000004848	EXP	text_2: text = 137
200.5681250000489	EXP	text_2: text = 156
200.59572000004118	EXP	text_2: text = 184
200.61260000005132	EXP	text_2: text = 201
200.62857500003884	EXP	text_2: text = 217
200.657910000009	EXP	text_2: text = 246
200.67512000002898	EXP	text_2: text = 263
200.70044500002405	EXP	text_2: text = 289
200.71645000000717	EXP	text_2: text = 305
200.7434700000449	EXP	text_2: text = 332
200.7610150000546	EXP	text_2: text = 350
200.78499500005273	EXP	text_2: text = 374
200.80375000002095	EXP	text_2: text = 392
200.82848500000546	EXP	text_2: text = 417
200.8473450000165	EXP	text_2: text = 436
200.87060000002384	EXP	text_2: text = 459
200.885110000032	DATA	Keydown:  
200.8926050000009	EXP	text_2: text = 477
200.8926050000009	EXP	text_2: autoDraw = false
200.8926050000009	EXP	Feedback: text = 463
200.8926050000009	EXP	Feedback: autoDraw = true
201.8834050000296	EXP	Feedback: autoDraw = false
201.8834050000296	EXP	Feedback: autoDraw = false
201.8834050000296	EXP	text_3: autoDraw = true
204.88524500001222	EXP	text_3: autoDraw = false
204.88524500001222	EXP	text_3: autoDraw = false
204.88524500001222	EXP	text_2: autoDraw = true
204.88524500001222	EXP	text_2: text = 0
204.91330000001471	EXP	text_2: text = 31
204.9317100000335	EXP	text_2: text = 49
204.9480250000488	EXP	text_2: text = 65
204.97706500004278	EXP	text_2: text = 95
204.99429000000237	EXP	text_2: text = 112
205.01964000001317	EXP	text_2: text = 137
205.0357350000413	EXP	text_2: text = 153
205.0628700000234	EXP	text_2: text = 180
205.0786500000395	EXP	text_2: text = 196
205.10499000002164	EXP	text_2: text = 222
205.12178000004496	EXP	text_2: text = 239
205.14895000000251	EXP	text_2: text = 266
205.1651300000376	EXP	text_2: text = 283
205.18074500001967	EXP	text_2: text = 298
205.1993900000234	EXP	text_2: text = 317
205.22804000001634	EXP	text_2: text = 345
205.24460000003455	EXP	text_2: text = 362
205.26855000003707	EXP	text_2: text = 386
205.28336500003934	EXP	text_2: text = 401
205.31107500003418	EXP	text_2: text = 428
205.3236700000125	DATA	Keydown:  
205.32956500002183	EXP	text_2: text = 445
205.32956500002183	EXP	text_2: autoDraw = false
205.32956500002183	EXP	Feedback: text = 439
205.32956500002183	EXP	Feedback: autoDraw = true
206.3289850000292	EXP	Feedback: autoDraw = false
206.3289850000292	EXP	Feedback: autoDraw = false
206.3289850000292	EXP	text_3: autoDraw = true
212.57797500002198	EXP	text_3: autoDraw = false
212.57797500002198	EXP	text_3: autoDraw = false
212.57797500002198	EXP	text_2: autoDraw = true
212.57797500002198	EXP	text_2: text = 0
212.60270500002662	EXP	text_2: text = 31
212.6218650000519	EXP	text_2: text = 50
212.64611500001047	EXP	text_2: text = 74
212.6649750000215	EXP	text_2: text = 93
212.6887600000482	EXP	text_2: text = 117
212.71034000004875	EXP	text_2: text = 138
212.73180500004673	EXP	text_2: text = 160
212.7532750000246	EXP	text_2: text = 181
212.7768100000103	EXP	text_2: text = 205
212.79661000001943	EXP	text_2: text = 224
212.8190750000067	EXP	text_2: text = 247
212.83881500002462	EXP	text_2: text = 267
212.86349000001792	EXP	text_2: text = 291
212.8821300000418	EXP	text_2: text = 310
212.90638500003843	EXP	text_2: text = 334
212.92620000004536	EXP	text_2: text = 353
212.95177000004333	EXP	text_2: text = 379
212.96737500000745	EXP	text_2: text = 395
212.9833600000129	EXP	text_2: text = 411
213.01285500003723	EXP	text_2: text = 441
213.02818000002299	DATA	Keydown:  
213.03239000000758	EXP	text_2: text = 459
213.03239000000758	EXP	text_2: autoDraw = false
213.03239000000758	EXP	Feedback: text = 450
213.03239000000758	EXP	Feedback: autoDraw = true
214.0316050000256	EXP	Feedback: autoDraw = false
214.0316050000256	EXP	Feedback: autoDraw = false
214.0316050000256	EXP	text_3: autoDraw = true
217.50341500004288	EXP	text_3: autoDraw = false
217.50341500004288	EXP	text_3: autoDraw = false
217.50341500004288	EXP	text_2: autoDraw = true
217.50341500004288	EXP	text_2: text = 0
217.53379000001587	EXP	text_2: text = 33
217.5570300000254	EXP	text_2: text = 56
217.59398500004318	EXP	text_2: text = 93
217.61979500000598	EXP	text_2: text = 119
217.64607499999693	EXP	text_2: text = 145
217.6647800000501	EXP	text_2: text = 164
217.689960000047	EXP	text_2: text = 189
217.70841500000097	EXP	text_2: text = 208
217.7331750000012	EXP	text_2: text = 233
217.75785500003258	EXP	text_2: text = 256
217.78390500001842	EXP	text_2: text = 283
217.80457000003662	EXP	text_2: text = 304
217.82678000000305	EXP	text_2: text = 326
217.85309500002768	EXP	text_2: text = 352
217.87305500003276	EXP	text_2: text = 372
217.8993050000281	EXP	text_2: text = 399
217.92061500001	EXP	text_2: text = 420
217.93887000001268	DATA	Keydown:  
217.94440500001656	EXP	text_2: text = 441
217.94440500001656	EXP	text_2: autoDraw = false
217.94440500001656	EXP	Feedback: text = 436
217.94440500001656	EXP	Feedback: autoDraw = true
218.947610000032	EXP	Feedback: autoDraw = false
218.947610000032	EXP	Feedback: autoDraw = false
218.947610000032	EXP	text_3: autoDraw = true
225.1696000000229	DATA	Keydown: Control
225.49256000004243	EXP	text_3: autoDraw = false
225.49256000004243	EXP	text_3: autoDraw = false
225.49256000004243	EXP	text_2: autoDraw = true
225.49256000004243	EXP	text_2: text = 0
225.5139500000514	EXP	text_2: text = 20
225.53960000001825	EXP	text_2: text = 49
225.56478000001516	EXP	text_2: text = 74
225.58237000001827	EXP	text_2: text = 92
225.6083300000173	EXP	text_2: text = 118
225.6264749999973	EXP	text_2: text = 135
225.6526700000395	EXP	text_2: text = 162
225.67093500000192	EXP	text_2: text = 180
225.68843999999808	EXP	text_2: text = 197
225.7066900000209	EXP	text_2: text = 216
225.72472500003641	EXP	text_2: text = 233
225.7549149999977	EXP	text_2: text = 264
225.77637500001583	EXP	text_2: text = 284
225.7992900000536	EXP	text_2: text = 308
225.82173000002513	EXP	text_2: text = 331
225.84146500000497	EXP	text_2: text = 351
225.86910500004888	EXP	text_2: text = 376
225.88774500001455	EXP	text_2: text = 397
225.9192200000398	EXP	text_2: text = 428
225.9402800000389	EXP	text_2: text = 449
225.96562000003178	EXP	text_2: text = 475
226.00313000002643	EXP	text_2: text = 505
226.01956500002416	EXP	text_2: text = 529
226.03482000000076	EXP	text_2: text = 543
226.0571700000437	EXP	text_2: text = 566
226.0862850000267	EXP	text_2: text = 595
226.1026450000354	EXP	text_2: text = 612
226.11996500001987	EXP	text_2: text = 629
226.13908000005176	EXP	text_2: text = 648
226.16871500003617	EXP	text_2: text = 678
226.18629000004148	EXP	text_2: text = 695
226.2038800000446	EXP	text_2: text = 712
226.22646000003442	EXP	text_2: text = 735
226.25430000002962	EXP	text_2: text = 763
226.2722950000316	EXP	text_2: text = 781
226.30063500005053	EXP	text_2: text = 809
226.31992999999784	EXP	text_2: text = 829
226.34514500002842	EXP	text_2: text = 854
226.36227000004146	EXP	text_2: text = 871
226.3908550000051	EXP	text_2: text = 900
226.41331000003265	EXP	text_2: text = 922
226.43422500003362	EXP	text_2: text = 943
226.45657000003848	EXP	text_2: text = 966
226.50060500000836	EXP	text_2: text = 1010
226.55497500003548	EXP	text_2: text = 1063
226.63592000002973	EXP	text_2: text = 1139
226.6600900000194	EXP	text_2: text = 1169
226.67805500002578	EXP	text_2: text = 1187
226.71038500004215	EXP	text_2: text = 1220
226.73463000002084	EXP	text_2: text = 1240
226.75956500001485	EXP	text_2: text = 1262
226.78643500001635	EXP	text_2: text = 1295
226.81288000004133	EXP	text_2: text = 1322
226.83977500000037	EXP	text_2: text = 1349
226.8644900000072	EXP	text_2: text = 1374
226.88601000001654	EXP	text_2: text = 1393
226.91085500002373	EXP	text_2: text = 1420
226.92857000004733	EXP	text_2: text = 1438
226.95704000000842	EXP	text_2: text = 1466
226.97412000002805	EXP	text_2: text = 1483
226.99087999999756	EXP	text_2: text = 1499
227.0119850000483	EXP	text_2: text = 1521
227.03995000000577	EXP	text_2: text = 1549
227.05830000003334	EXP	text_2: text = 1567
227.07381500001065	EXP	text_2: text = 1582
227.0950550000416	EXP	text_2: text = 1604
227.12257000000682	DATA	Keydown:  
227.12723500002176	EXP	text_2: text = 1634
227.12723500002176	EXP	text_2: autoDraw = false
227.12723500002176	EXP	Feedback: text = 1630
227.12723500002176	EXP	Feedback: autoDraw = true
227.3391100000008	DATA	Keydown:  
228.13255500001833	EXP	Feedback: autoDraw = false
228.13255500001833	EXP	Feedback: autoDraw = false
228.13255500001833	EXP	text_3: autoDraw = true
230.9302350000362	EXP	text_3: autoDraw = false
230.9302350000362	EXP	text_3: autoDraw = false
230.9302350000362	EXP	text_2: autoDraw = true
230.9302350000362	EXP	text_2: text = 0
230.9579500000109	EXP	text_2: text = 31
230.97728500002995	EXP	text_2: text = 51
230.99366000003647	EXP	text_2: text = 67
231.0208200000343	EXP	text_2: text = 94
231.03869500005385	EXP	text_2: text = 112
231.0615150000085	EXP	text_2: text = 135
231.08119500003522	EXP	text_2: text = 154
231.10606499999994	EXP	text_2: text = 179
231.12360500002978	EXP	text_2: text = 197
231.1492300000391	EXP	text_2: text = 222
231.16585000004852	EXP	text_2: text = 239
231.19320500001777	EXP	text_2: text = 266
231.2096550000133	EXP	text_2: text = 283
231.22911000001477	EXP	text_2: text = 301
231.25581000000238	EXP	text_2: text = 329
231.27314500004286	EXP	text_2: text = 346
231.29217000002973	DATA	Keydown:  
231.30139500001678	EXP	text_2: text = 373
231.30139500001678	EXP	text_2: autoDraw = false
231.30139500001678	EXP	Feedback: text = 362
231.30139500001678	EXP	Feedback: autoDraw = true
232.30049000005238	EXP	Feedback: autoDraw = false
232.30049000005238	EXP	Feedback: autoDraw = false
232.30049000005238	EXP	text_3: autoDraw = true
233.0989750000299	DATA	Keydown:  
234.8300300000119	EXP	text_3: autoDraw = false
234.8300300000119	EXP	text_3: autoDraw = false
234.8300300000119	EXP	text_2: autoDraw = true
234.8300300000119	EXP	text_2: text = 0
234.84825500001898	EXP	text_2: text = 20
234.87534500000766	EXP	text_2: text = 47
234.89134000003105	EXP	text_2: text = 63
234.9062950000516	EXP	text_2: text = 78
234.92440499999793	EXP	text_2: text = 96
234.94251500000246	EXP	text_2: text = 114
234.96961500000907	EXP	text_2: text = 141
234.98787000001175	EXP	text_2: text = 160
235.01021000003675	EXP	text_2: text = 182
235.0291600000346	EXP	text_2: text = 201
235.05479500000365	EXP	text_2: text = 226
235.0707500000135	EXP	text_2: text = 242
235.0933200000436	EXP	text_2: text = 265
235.1123700000462	EXP	text_2: text = 284
235.12865000002785	EXP	text_2: text = 300
235.14506000000983	EXP	text_2: text = 316
235.1743500000448	EXP	text_2: text = 346
235.19318000000203	EXP	text_2: text = 365
235.21497000003	EXP	text_2: text = 387
235.23867000004975	EXP	text_2: text = 410
235.25766500004102	EXP	text_2: text = 429
235.2788400000427	EXP	text_2: text = 451
235.30008000001544	EXP	text_2: text = 472
235.3251450000098	EXP	text_2: text = 497
235.34016500000143	DATA	Keydown:  
235.34741000004578	EXP	text_2: text = 517
235.34741000004578	EXP	text_2: autoDraw = false
235.34741000004578	EXP	Feedback: text = 510
235.34741000004578	EXP	Feedback: autoDraw = true
236.34825000003912	EXP	Feedback: autoDraw = false
236.34825000003912	EXP	Feedback: autoDraw = false
236.34825000003912	EXP	text_3: autoDraw = true
240.51696000003722	EXP	text_3: autoDraw = false
240.51696000003722	EXP	text_3: autoDraw = false
240.51696000003722	EXP	text_2: autoDraw = true
240.51696000003722	EXP	text_2: text = 0
240.53462500002934	EXP	text_2: text = 21
240.56312000000617	EXP	text_2: text = 50
240.57990500004962	EXP	text_2: text = 67
240.6055500000366	EXP	text_2: text = 92
240.62181000004057	EXP	text_2: text = 109
240.6492600000347	EXP	text_2: text = 136
240.66512499999953	EXP	text_2: text = 152
240.68081500002882	EXP	text_2: text = 167
240.70035500003723	EXP	text_2: text = 187
240.72818000003463	EXP	text_2: text = 215
240.74649500002852	EXP	text_2: text = 233
240.77113500004634	EXP	text_2: text = 258
240.78848000004655	EXP	text_2: text = 275
240.81412000005366	EXP	text_2: text = 301
240.8326750000124	EXP	text_2: text = 319
240.85695500002475	EXP	text_2: text = 344
240.87548000004608	EXP	text_2: text = 362
240.90172500000335	EXP	text_2: text = 389
240.91864500002703	EXP	text_2: text = 405
240.9348250000039	EXP	text_2: text = 421
240.9524650000385	DATA	Keydown:  
240.9646500000381	EXP	text_2: text = 450
240.9646500000381	EXP	text_2: autoDraw = false
240.9646500000381	EXP	Feedback: text = 436
240.9646500000381	EXP	Feedback: autoDraw = true
241.97172000003047	EXP	Feedback: autoDraw = false
241.97172000003047	EXP	Feedback: autoDraw = false
241.97172000003047	EXP	text_3: autoDraw = true
246.82658000005176	EXP	text_3: autoDraw = false
246.82658000005176	EXP	text_3: autoDraw = false
246.82658000005176	EXP	text_2: autoDraw = true
246.82658000005176	EXP	text_2: text = 0
246.84454000002006	EXP	text_2: text = 19
246.87103999999817	EXP	text_2: text = 46
246.8908250000095	EXP	text_2: text = 65
246.91458500002045	EXP	text_2: text = 89
246.9333700000425	EXP	text_2: text = 106
246.95877500000643	EXP	text_2: text = 134
246.9768299999996	EXP	text_2: text = 151
247.00153000000864	EXP	text_2: text = 176
247.02127500000643	EXP	text_2: text = 195
247.0462600000319	EXP	text_2: text = 221
247.06432000000495	EXP	text_2: text = 239
247.08941000001505	EXP	text_2: text = 264
247.10888000001432	EXP	text_2: text = 283
247.13353500002995	EXP	text_2: text = 308
247.15140000003157	EXP	text_2: text = 326
247.1789100000169	EXP	text_2: text = 354
247.19522500003222	EXP	text_2: text = 370
247.2225600000238	EXP	text_2: text = 397
247.24262000003364	EXP	text_2: text = 417
247.26453000004403	DATA	Keydown:  
247.27586500003235	EXP	text_2: text = 443
247.27586500003235	EXP	text_2: autoDraw = false
247.27586500003235	EXP	Feedback: text = 438
247.27586500003235	EXP	Feedback: autoDraw = true
248.26774999999907	EXP	Feedback: autoDraw = false
248.26774999999907	EXP	Feedback: autoDraw = false
248.26774999999907	EXP	text_3: autoDraw = true
256.6837250000099	EXP	text_3: autoDraw = false
256.6837250000099	EXP	text_3: autoDraw = false
256.6837250000099	EXP	text_2: autoDraw = true
256.6837250000099	EXP	text_2: text = 0
256.70536000002176	EXP	text_2: text = 24
256.7296000000206	EXP	text_2: text = 49
256.75163500005146	EXP	text_2: text = 71
256.77216500003124	EXP	text_2: text = 91
256.79665500001283	EXP	text_2: text = 116
256.81456500000786	EXP	text_2: text = 134
256.83864000003086	EXP	text_2: text = 158
256.85692500002915	EXP	text_2: text = 176
256.882665000041	EXP	text_2: text = 202
256.89967000001343	EXP	text_2: text = 219
256.9237500000163	EXP	text_2: text = 243
256.9413250000216	EXP	text_2: text = 261
256.96849500003736	EXP	text_2: text = 287
256.98440000001574	EXP	text_2: text = 304
257.0005050000036	EXP	text_2: text = 319
257.01560500002233	DATA	Keydown:  
257.0214200000046	EXP	text_2: text = 338
257.0214200000046	EXP	text_2: autoDraw = false
257.0214200000046	EXP	Feedback: text = 332
257.0214200000046	EXP	Feedback: autoDraw = true
258.01538500003517	EXP	Feedback: autoDraw = false
258.01538500003517	EXP	Feedback: autoDraw = false
258.01538500003517	EXP	text_3: autoDraw = true
261.5792800000054	EXP	text_3: autoDraw = false
261.5792800000054	EXP	text_3: autoDraw = false
261.5792800000054	EXP	text_2: autoDraw = true
261.5792800000054	EXP	text_2: text = 0
261.5940150000388	EXP	text_2: text = 17
261.621695000038	EXP	text_2: text = 45
261.638030000031	EXP	text_2: text = 61
261.6567700000014	EXP	text_2: text = 79
261.67477000004146	EXP	text_2: text = 98
261.70287000003736	EXP	text_2: text = 126
261.7194850000087	EXP	text_2: text = 143
261.74495500000194	EXP	text_2: text = 168
261.7638750000042	EXP	text_2: text = 187
261.7901800000109	EXP	text_2: text = 213
261.80804000003263	EXP	text_2: text = 231
261.8357600000454	EXP	text_2: text = 259
261.853460000013	EXP	text_2: text = 277
261.8793750000186	EXP	text_2: text = 302
261.89728500001365	EXP	text_2: text = 320
261.92581500002416	EXP	text_2: text = 349
261.94234500004677	EXP	text_2: text = 365
261.9710550000309	EXP	text_2: text = 394
261.9892749999999	EXP	text_2: text = 412
262.0047600000398	EXP	text_2: text = 427
262.03207000001566	EXP	text_2: text = 455
262.0510850000428	EXP	text_2: text = 473
262.07102000003215	EXP	text_2: text = 493
262.08952000003774	DATA	Keydown:  
262.09598500002176	EXP	text_2: text = 517
262.09598500002176	EXP	text_2: autoDraw = false
262.09598500002176	EXP	Feedback: text = 510
262.09598500002176	EXP	Feedback: autoDraw = true
263.0930000000517	EXP	Feedback: autoDraw = false
263.0930000000517	EXP	Feedback: autoDraw = false
263.0930000000517	EXP	text_3: autoDraw = true
265.93786000000546	EXP	text_3: autoDraw = false
265.93786000000546	EXP	text_3: autoDraw = false
265.93786000000546	EXP	text_2: autoDraw = true
265.93786000000546	EXP	text_2: text = 0
265.9634050000459	EXP	text_2: text = 31
265.9810450000223	EXP	text_2: text = 49
266.00624499999685	EXP	text_2: text = 74
266.0245800000266	EXP	text_2: text = 92
266.04860500001814	EXP	text_2: text = 116
266.0695350000169	EXP	text_2: text = 137
266.0909050000482	EXP	text_2: text = 158
266.11238000000594	EXP	text_2: text = 180
266.1284450000385	EXP	text_2: text = 196
266.15667500003474	EXP	text_2: text = 224
266.1739950000192	EXP	text_2: text = 242
266.18978000001516	EXP	text_2: text = 257
266.2192700000014	EXP	text_2: text = 285
266.2441950000357	EXP	text_2: text = 312
266.26137500000186	EXP	text_2: text = 329
266.2872400000342	EXP	text_2: text = 355
266.3041550000198	EXP	text_2: text = 372
266.32832000002963	EXP	text_2: text = 396
266.3436900000088	DATA	Keydown:  
266.3478650000179	EXP	text_2: text = 414
266.3478650000179	EXP	text_2: autoDraw = false
266.3478650000179	EXP	Feedback: text = 406
266.3478650000179	EXP	Feedback: autoDraw = true
267.34770500002196	EXP	Feedback: autoDraw = false
267.34770500002196	EXP	Feedback: autoDraw = false
267.34770500002196	EXP	text_3: autoDraw = true
275.12834000005387	EXP	text_3: autoDraw = false
275.12834000005387	EXP	text_3: autoDraw = false
275.12834000005387	EXP	text_2: autoDraw = true
275.12834000005387	EXP	text_2: text = 0
275.1469700000016	EXP	text_2: text = 22
275.1741350000375	EXP	text_2: text = 49
275.19178000005195	EXP	text_2: text = 67
275.2154950000113	EXP	text_2: text = 91
275.2329299999983	EXP	text_2: text = 108
275.260660000029	EXP	text_2: text = 136
275.27767999999924	EXP	text_2: text = 153
275.3015650000307	EXP	text_2: text = 177
275.3190950000426	EXP	text_2: text = 194
275.3450400000438	EXP	text_2: text = 220
275.36185500002466	EXP	text_2: text = 237
275.3870600000373	EXP	text_2: text = 262
275.40464500000235	EXP	text_2: text = 280
275.4311050000251	EXP	text_2: text = 306
275.44722000003094	EXP	text_2: text = 323
275.46310500003165	EXP	text_2: text = 338
275.4804100000183	EXP	text_2: text = 355
275.5098800000269	EXP	text_2: text = 385
275.52660500002094	EXP	text_2: text = 402
275.5512700000545	EXP	text_2: text = 427
275.56880500004627	EXP	text_2: text = 444
275.59500500001013	EXP	text_2: text = 470
275.61159500002395	EXP	text_2: text = 487
275.6375500000431	EXP	text_2: text = 513
275.6537950000493	DATA	Keydown:  
275.65937500004657	EXP	text_2: text = 531
275.65937500004657	EXP	text_2: autoDraw = false
275.65937500004657	EXP	Feedback: text = 526
275.65937500004657	EXP	Feedback: autoDraw = true
276.6569850000087	EXP	Feedback: autoDraw = false
276.6569850000087	EXP	Feedback: autoDraw = false
276.6569850000087	EXP	text_3: autoDraw = true
286.02131999999983	EXP	text_3: autoDraw = false
286.02131999999983	EXP	text_3: autoDraw = false
286.02131999999983	EXP	text_2: autoDraw = true
286.02131999999983	EXP	text_2: text = 0
286.04762000002665	EXP	text_2: text = 32
286.06453500001226	EXP	text_2: text = 48
286.09150000003865	EXP	text_2: text = 75
286.1083150000195	EXP	text_2: text = 92
286.12393500003964	EXP	text_2: text = 107
286.1438199999975	EXP	text_2: text = 127
286.1714000000502	EXP	text_2: text = 155
286.1886700000032	EXP	text_2: text = 173
286.21505500003695	EXP	text_2: text = 199
286.23203000001376	EXP	text_2: text = 216
286.25985500001116	EXP	text_2: text = 244
286.276135000051	EXP	text_2: text = 260
286.29318000003695	EXP	text_2: text = 276
286.3117300000158	EXP	text_2: text = 295
286.34087000001455	EXP	text_2: text = 325
286.35800000000745	EXP	text_2: text = 342
286.38393500004895	EXP	text_2: text = 368
286.40037500002654	EXP	text_2: text = 384
286.4278200000408	EXP	text_2: text = 412
286.4439200000488	EXP	text_2: text = 428
286.45989500003634	EXP	text_2: text = 443
286.47777500003576	DATA	Keydown:  
286.48246500000823	EXP	text_2: text = 464
286.48246500000823	EXP	text_2: autoDraw = false
286.48246500000823	EXP	Feedback: text = 457
286.48246500000823	EXP	Feedback: autoDraw = true
287.4853000000003	EXP	Feedback: autoDraw = false
287.4853000000003	EXP	Feedback: autoDraw = false
287.4853000000003	EXP	text_3: autoDraw = true
295.73434000002453	EXP	text_3: autoDraw = false
295.73434000002453	EXP	text_3: autoDraw = false
295.73434000002453	EXP	text_2: autoDraw = true
295.73434000002453	EXP	text_2: text = 0
295.7624000000069	EXP	text_2: text = 31
295.7791800000123	EXP	text_2: text = 47
295.804300000018	EXP	text_2: text = 73
295.8222999999998	EXP	text_2: text = 91
295.84798000002047	EXP	text_2: text = 116
295.86508000001777	EXP	text_2: text = 133
295.8910900000483	EXP	text_2: text = 159
295.9076200000127	EXP	text_2: text = 176
295.9344250000431	EXP	text_2: text = 203
295.9513850000221	EXP	text_2: text = 220
295.96786500001326	EXP	text_2: text = 236
295.9958550000447	EXP	text_2: text = 264
296.013655000017	EXP	text_2: text = 282
296.0391450000461	EXP	text_2: text = 307
296.0553700000164	EXP	text_2: text = 324
296.0832850000006	EXP	text_2: text = 352
296.0994800000335	EXP	text_2: text = 368
296.1249350000289	EXP	text_2: text = 393
296.1477050000103	EXP	text_2: text = 413
296.17518500000006	EXP	text_2: text = 443
296.1901700000162	DATA	Keydown:  
296.20142500003567	EXP	text_2: text = 467
296.20142500003567	EXP	text_2: autoDraw = false
296.20142500003567	EXP	Feedback: text = 456
296.20142500003567	EXP	Feedback: autoDraw = true
297.2018550000503	EXP	Feedback: autoDraw = false
297.2018550000503	EXP	Feedback: autoDraw = false
297.2018550000503	EXP	text_3: autoDraw = true
305.5420400000294	EXP	text_3: autoDraw = false
305.5420400000294	EXP	text_3: autoDraw = false
305.5420400000294	EXP	text_2: autoDraw = true
305.5420400000294	EXP	text_2: text = 0
305.5602100000251	EXP	text_2: text = 21
305.58967000001576	EXP	text_2: text = 50
305.6061300000292	EXP	text_2: text = 67
305.63235000002896	EXP	text_2: text = 93
305.64725500001805	DATA	Keydown:  
305.65418500005035	EXP	text_2: text = 110
305.65418500005035	EXP	text_2: autoDraw = false
305.65418500005035	EXP	Feedback: text = 105
305.65418500005035	EXP	Feedback: autoDraw = true
306.05141500005266	DATA	Keydown:  
306.6477100000484	EXP	Feedback: autoDraw = false
306.6477100000484	EXP	Feedback: autoDraw = false
306.6477100000484	EXP	text_3: autoDraw = true
316.14000000001397	EXP	text_3: autoDraw = false
316.14000000001397	EXP	text_3: autoDraw = false
316.14000000001397	EXP	text_2: autoDraw = true
316.14000000001397	EXP	text_2: text = 0
316.16159000003245	EXP	text_2: text = 23
316.1837050000322	EXP	text_2: text = 45
316.2042300000321	EXP	text_2: text = 65
316.226340000052	EXP	text_2: text = 87
316.24473500001477	EXP	text_2: text = 104
316.27003000001423	EXP	text_2: text = 131
316.2873850000324	EXP	text_2: text = 148
316.3119950000546	EXP	text_2: text = 173
316.3292200000142	EXP	text_2: text = 190
316.3553500000271	EXP	text_2: text = 216
316.3743050000048	EXP	text_2: text = 235
316.39043500000844	EXP	text_2: text = 251
316.41870500001824	EXP	text_2: text = 280
316.43540500005474	EXP	text_2: text = 296
316.46140000002924	EXP	text_2: text = 322
316.4777250000043	EXP	text_2: text = 339
316.50441500003217	EXP	text_2: text = 365
316.52168500004336	EXP	text_2: text = 383
316.53826500003925	EXP	text_2: text = 399
316.56676500005415	EXP	text_2: text = 428
316.5866200000164	EXP	text_2: text = 448
316.6110500000068	EXP	text_2: text = 472
316.6293050000095	EXP	text_2: text = 490
316.6552250000532	EXP	text_2: text = 516
316.67222000000766	EXP	text_2: text = 533
316.6880200000014	DATA	Keydown:  
316.70061500003794	EXP	text_2: text = 559
316.70061500003794	EXP	text_2: autoDraw = false
316.70061500003794	EXP	Feedback: text = 548
316.70061500003794	EXP	Feedback: autoDraw = true
317.7260950000491	EXP	Feedback: autoDraw = false
317.7260950000491	EXP	Feedback: autoDraw = false
317.7260950000491	EXP	End_text: autoDraw = true
320.332779999997	DATA	Keydown:  
321.1720600000117	DATA	Mouse: 0 button down, pos=(636.6666970252991,237.77778911590576)
321.2562650000327	DATA	Mouse: 0 button down, pos=(636.6666970252991,237.77778911590576)
322.80574999999953	DATA	Mouse: wheel shift=(0,166.66665649414062), pos=(703.3333668708801,312.22223711013794)
322.85195000004023	DATA	Mouse: wheel shift=(0,166.66665649414062), pos=(703.3333668708801,312.22223711013794)
