0.06341000006068498	EXP	Created Window = Window( name=Window, fullscr=true, color=#000000, units=height, waitBlanking=true, autoLog=true, size=[1280,578] )
2.1067000000039116	DATA	Keydown: a
2.319694999954663	DATA	Keydown: m
3.2408249999862164	DATA	Keydown: 8
3.3863050000509247	DATA	Keydown: 8
3.524749999982305	DATA	Keydown: 8
4.459780000033788	DATA	Keydown: 0
4.664394999970682	DATA	Keydown: 7
9.35268500004895	EXP	Created text = TextStim( name=text, win=Window( name=Window, fullscr=true, color=#000000, ~), autoDraw=null, autoLog=true, units=height, ori=null, opacity=1, pos=[0,0], size=undefined, text=INSTRUCTIONS [EN]


A counter will appear and star~, font=Arial, color=#FFFFFF, contrast=1, height=0.03, bold=null, italic=null, alignHoriz=left, alignVert=center, wrapWidth=1, flipHoriz=null, flipVert=null )
9.354270000010729	EXP	Created text_3 = TextStim( name=text_3, win=Window( name=Window, fullscr=true, color=#000000, ~), autoDraw=null, autoLog=true, units=height, ori=null, opacity=1, pos=[0,0], size=undefined, text=null, font=Arial, color=#FFFFFF, contrast=1, height=0.1, bold=null, italic=null, alignHoriz=left, alignVert=center, wrapWidth=1, flipHoriz=null, flipVert=null )
9.355169999995269	EXP	Created text_2 = TextStim( name=text_2, win=Window( name=Window, fullscr=true, color=#000000, ~), autoDraw=null, autoLog=true, units=height, ori=null, opacity=1, pos=[0,0], size=undefined, text=default text, font=Arial, color=#ff0000, contrast=1, height=0.15, bold=null, italic=null, alignHoriz=left, alignVert=center, wrapWidth=1, flipHoriz=null, flipVert=null )
9.355940000037663	EXP	Created Feedback = TextStim( name=Feedback, win=Window( name=Window, fullscr=true, color=#000000, ~), autoDraw=null, autoLog=true, units=height, ori=null, opacity=1, pos=[0,0], size=undefined, text=default text, font=Arial, color=#ff0000, contrast=1, height=0.15, bold=null, italic=null, alignHoriz=left, alignVert=center, wrapWidth=1, flipHoriz=null, flipVert=null )
9.356455000001006	EXP	Created End_text = TextStim( name=End_text, win=Window( name=Window, fullscr=true, color=#000000, ~), autoDraw=null, autoLog=true, units=height, ori=null, opacity=1, pos=[0,0], size=undefined, text=This study aimed to look at procedural learning, i~, font=Arial, color=#FFFFFF, contrast=1, height=0.025, bold=null, italic=null, alignHoriz=left, alignVert=center, wrapWidth=1, flipHoriz=null, flipVert=null )
9.40148500003852	EXP	text: units = "height"
9.40148500003852	EXP	text: ori = 0
9.40148500003852	EXP	text: opacity = 1
9.40148500003852	EXP	text: pos = [0,0]
9.40148500003852	EXP	text: size = undefined
9.40148500003852	EXP	text: text = "INSTRUCTIONS [EN]\n\n\nA counter will appear and start counting at random times, press SPACE as fast as possible when it appears.\n\n\nPress SPACE to start\n\n-------\n\nInstruções [PT]\n\n\nUm cronómetro vai aparecer e começar a contar aleatoriamente, pressione a tecla SPACE assim que ele aparecer.\n\n\nPressiona SPACE para começar."
9.40148500003852	EXP	text: font = "Arial"
9.40148500003852	EXP	text: color = {"_hex":"#FFFFFF","_rgb":[1,1,1]}
9.40148500003852	EXP	text: contrast = 1
9.40148500003852	EXP	text: height = 0.03
9.40148500003852	EXP	text: bold = false
9.40148500003852	EXP	text: italic = false
9.40148500003852	EXP	text: alignHoriz = "left"
9.40148500003852	EXP	text: alignVert = "center"
9.40148500003852	EXP	text: wrapWidth = 1
9.40148500003852	EXP	text: flipHoriz = false
9.40148500003852	EXP	text: flipVert = false
9.40148500003852	EXP	text_3: units = "height"
9.40148500003852	EXP	text_3: ori = 0
9.40148500003852	EXP	text_3: opacity = 1
9.40148500003852	EXP	text_3: pos = [0,0]
9.40148500003852	EXP	text_3: size = undefined
9.40148500003852	EXP	text_3: text = ""
9.40148500003852	EXP	text_3: font = "Arial"
9.40148500003852	EXP	text_3: color = {"_hex":"#FFFFFF","_rgb":[1,1,1]}
9.40148500003852	EXP	text_3: contrast = 1
9.40148500003852	EXP	text_3: height = 0.1
9.40148500003852	EXP	text_3: bold = false
9.40148500003852	EXP	text_3: italic = false
9.40148500003852	EXP	text_3: alignHoriz = "left"
9.40148500003852	EXP	text_3: alignVert = "center"
9.40148500003852	EXP	text_3: wrapWidth = 1
9.40148500003852	EXP	text_3: flipHoriz = false
9.40148500003852	EXP	text_3: flipVert = false
9.40148500003852	EXP	text_2: units = "height"
9.40148500003852	EXP	text_2: ori = 0
9.40148500003852	EXP	text_2: opacity = 1
9.40148500003852	EXP	text_2: pos = [0,0]
9.40148500003852	EXP	text_2: size = undefined
9.40148500003852	EXP	text_2: text = "default text"
9.40148500003852	EXP	text_2: font = "Arial"
9.40148500003852	EXP	text_2: color = {"_rgb":[1,0,0]}
9.40148500003852	EXP	text_2: contrast = 1
9.40148500003852	EXP	text_2: height = 0.15
9.40148500003852	EXP	text_2: bold = false
9.40148500003852	EXP	text_2: italic = false
9.40148500003852	EXP	text_2: alignHoriz = "left"
9.40148500003852	EXP	text_2: alignVert = "center"
9.40148500003852	EXP	text_2: wrapWidth = 1
9.40148500003852	EXP	text_2: flipHoriz = false
9.40148500003852	EXP	text_2: flipVert = false
9.40148500003852	EXP	Feedback: units = "height"
9.40148500003852	EXP	Feedback: ori = 0
9.40148500003852	EXP	Feedback: opacity = 1
9.40148500003852	EXP	Feedback: pos = [0,0]
9.40148500003852	EXP	Feedback: size = undefined
9.40148500003852	EXP	Feedback: text = "default text"
9.40148500003852	EXP	Feedback: font = "Arial"
9.40148500003852	EXP	Feedback: color = {"_rgb":[1,0,0]}
9.40148500003852	EXP	Feedback: contrast = 1
9.40148500003852	EXP	Feedback: height = 0.15
9.40148500003852	EXP	Feedback: bold = false
9.40148500003852	EXP	Feedback: italic = false
9.40148500003852	EXP	Feedback: alignHoriz = "left"
9.40148500003852	EXP	Feedback: alignVert = "center"
9.40148500003852	EXP	Feedback: wrapWidth = 1
9.40148500003852	EXP	Feedback: flipHoriz = false
9.40148500003852	EXP	Feedback: flipVert = false
9.40148500003852	EXP	End_text: units = "height"
9.40148500003852	EXP	End_text: ori = 0
9.40148500003852	EXP	End_text: opacity = 1
9.40148500003852	EXP	End_text: pos = [0,0]
9.40148500003852	EXP	End_text: size = undefined
9.40148500003852	EXP	End_text: text = "This study aimed to look at procedural learning, i.e. our ability to extract patterns from the input that we are constantly receiving. This skill is thought to be essential for language and literacy acquisition and has been suggested as a possible underlying difficult in children with Language Impairments and Dyslexia. This study aims to improve the measures of procedural learning (the smiley face task) so that we can measure procedural learning more reliably and, in the future, analyse the performance of individuals with learning impairments.\nThank you for participating!\n\n----\n\nEste estudo tem como objectivo analisar a nossa capacidade de extrair padrões da informação que estamos constantemente a receber. Pensa-se que esta competência é essencial para a aquisição da linguagem e literacia e foi sugerido que dificuldades neste tipo de competências poderá estar relacionado com perturbações da linguagem e Dislexia. Este estudo tem como objectivo melhorar a estabilidade das medidas usadas para medir este tipo de memória (a tarefa da cara sorridente) de forma a poder medir de forma mais precisa e, no futuro, analisar a performance de indivíduos com perturbações da aprendizagem. \nMuito obrigada por ter participado!"
9.40148500003852	EXP	End_text: font = "Arial"
9.40148500003852	EXP	End_text: color = {"_hex":"#FFFFFF","_rgb":[1,1,1]}
9.40148500003852	EXP	End_text: contrast = 1
9.40148500003852	EXP	End_text: height = 0.025
9.40148500003852	EXP	End_text: bold = false
9.40148500003852	EXP	End_text: italic = false
9.40148500003852	EXP	End_text: alignHoriz = "left"
9.40148500003852	EXP	End_text: alignVert = "center"
9.40148500003852	EXP	End_text: wrapWidth = 1
9.40148500003852	EXP	End_text: flipHoriz = false
9.40148500003852	EXP	End_text: flipVert = false
9.40148500003852	EXP	text: autoDraw = true
13.35464499995578	DATA	Keydown:  
13.372354999999516	EXP	text: autoDraw = false
13.372354999999516	EXP	text_3: autoDraw = true
19.705350000062026	EXP	text_3: autoDraw = false
19.705350000062026	EXP	text_3: autoDraw = false
19.705350000062026	EXP	text_2: autoDraw = true
19.705350000062026	EXP	text_2: text = 0
19.714290000032634	EXP	text_2: text = 49
19.73141999996733	EXP	text_2: text = 66
19.753370000049472	EXP	text_2: text = 84
19.767254999955185	EXP	text_2: text = 101
19.782970000058413	EXP	text_2: text = 116
19.79859000002034	EXP	text_2: text = 133
19.815120000042953	EXP	text_2: text = 149
19.83129999996163	EXP	text_2: text = 166
19.84794000000693	EXP	text_2: text = 182
19.865274999989197	EXP	text_2: text = 200
19.881674999953248	EXP	text_2: text = 216
19.897684999974445	EXP	text_2: text = 232
19.91492000001017	EXP	text_2: text = 249
19.931025000056252	EXP	text_2: text = 265
19.94818499998655	EXP	text_2: text = 282
19.9651699999813	EXP	text_2: text = 299
19.981404999969527	EXP	text_2: text = 316
19.99861500004772	EXP	text_2: text = 333
20.015030000009574	EXP	text_2: text = 349
20.031760000041686	EXP	text_2: text = 366
20.032879999955185	DATA	Keydown:  
20.05070500005968	EXP	text_2: text = 384
20.05070500005968	EXP	text_2: autoDraw = false
20.05070500005968	EXP	Feedback: text = 328
20.05070500005968	EXP	Feedback: autoDraw = true
21.049454999971204	EXP	Feedback: autoDraw = false
21.049454999971204	EXP	Feedback: autoDraw = false
21.049454999971204	EXP	text_3: autoDraw = true
24.930264999973588	EXP	text_3: autoDraw = false
24.930264999973588	EXP	text_3: autoDraw = false
24.930264999973588	EXP	text_2: autoDraw = true
24.930264999973588	EXP	text_2: text = 0
24.94651999999769	EXP	text_2: text = 17
24.963789999950677	EXP	text_2: text = 33
24.980270000058226	EXP	text_2: text = 50
24.99689499998931	EXP	text_2: text = 67
25.01355000003241	EXP	text_2: text = 83
25.030144999967888	EXP	text_2: text = 100
25.050410000025295	EXP	text_2: text = 118
25.06710500002373	EXP	text_2: text = 135
25.081735000014305	EXP	text_2: text = 150
25.097249999991618	EXP	text_2: text = 167
25.113884999998845	EXP	text_2: text = 183
25.13008999999147	EXP	text_2: text = 200
25.14674500003457	EXP	text_2: text = 216
25.1637950000586	EXP	text_2: text = 233
25.18013500003144	EXP	text_2: text = 249
25.19692000001669	EXP	text_2: text = 266
25.214015000034124	EXP	text_2: text = 283
25.230349999968894	EXP	text_2: text = 300
25.232180000049993	DATA	Keydown:  
25.247824999969453	EXP	text_2: text = 316
25.247824999969453	EXP	text_2: autoDraw = false
25.247824999969453	EXP	Feedback: text = 302
25.247824999969453	EXP	Feedback: autoDraw = true
26.24737500003539	EXP	Feedback: autoDraw = false
26.24737500003539	EXP	Feedback: autoDraw = false
26.24737500003539	EXP	text_3: autoDraw = true
34.3148349999683	EXP	text_3: autoDraw = false
34.3148349999683	EXP	text_3: autoDraw = false
34.3148349999683	EXP	text_2: autoDraw = true
34.3148349999683	EXP	text_2: text = 0
34.32885000004899	EXP	text_2: text = 16
34.345845000003465	EXP	text_2: text = 32
34.36239500006195	EXP	text_2: text = 49
34.38002499996219	EXP	text_2: text = 67
34.39610500005074	EXP	text_2: text = 83
34.411450000014156	EXP	text_2: text = 100
34.428165000048466	EXP	text_2: text = 116
34.44500499998685	EXP	text_2: text = 133
34.463624999974854	EXP	text_2: text = 149
34.48077000002377	EXP	text_2: text = 167
34.49654500000179	EXP	text_2: text = 182
34.51114499999676	EXP	text_2: text = 199
34.52774000004865	EXP	text_2: text = 215
34.54509999998845	EXP	text_2: text = 233
34.56163500004914	EXP	text_2: text = 250
34.578029999975115	EXP	text_2: text = 266
34.594279999961145	EXP	text_2: text = 282
34.61187000002246	EXP	text_2: text = 300
34.62815500004217	EXP	text_2: text = 316
34.6444050000282	EXP	text_2: text = 332
34.65486000000965	DATA	Keydown:  
34.6621949999826	EXP	text_2: text = 349
34.6621949999826	EXP	text_2: autoDraw = false
34.6621949999826	EXP	Feedback: text = 340
34.6621949999826	EXP	Feedback: autoDraw = true
35.660535000031814	EXP	Feedback: autoDraw = false
35.660535000031814	EXP	Feedback: autoDraw = false
35.660535000031814	EXP	text_3: autoDraw = true
45.04381000006106	EXP	text_3: autoDraw = false
45.04381000006106	EXP	text_3: autoDraw = false
45.04381000006106	EXP	text_2: autoDraw = true
45.04381000006106	EXP	text_2: text = 0
45.05920000001788	EXP	text_2: text = 17
45.07671000005212	EXP	text_2: text = 34
45.09250999998767	EXP	text_2: text = 50
45.10891499998979	EXP	text_2: text = 67
45.125910000060685	EXP	text_2: text = 83
45.143685000017285	EXP	text_2: text = 101
45.159785000025295	EXP	text_2: text = 117
45.17710500000976	EXP	text_2: text = 135
45.192769999965094	EXP	text_2: text = 150
45.20958500006236	EXP	text_2: text = 167
45.22753999999259	EXP	text_2: text = 185
45.2432399999816	EXP	text_2: text = 201
45.2626600000076	EXP	text_2: text = 217
45.27520999999251	EXP	text_2: text = 234
45.292430000030436	EXP	text_2: text = 250
45.30821000004653	EXP	text_2: text = 267
45.32550499995705	EXP	text_2: text = 284
45.3418300000485	EXP	text_2: text = 300
45.35845000005793	EXP	text_2: text = 317
45.37554999999702	EXP	text_2: text = 333
45.38514499994926	DATA	Keydown:  
45.391545000020415	EXP	text_2: text = 350
45.391545000020415	EXP	text_2: autoDraw = false
45.391545000020415	EXP	Feedback: text = 341
45.391545000020415	EXP	Feedback: autoDraw = true
46.39304500003345	EXP	Feedback: autoDraw = false
46.39304500003345	EXP	Feedback: autoDraw = false
46.39304500003345	EXP	text_3: autoDraw = true
53.67663000000175	EXP	text_3: autoDraw = false
53.67663000000175	EXP	text_3: autoDraw = false
53.67663000000175	EXP	text_2: autoDraw = true
53.67663000000175	EXP	text_2: text = 0
53.69005500001367	EXP	text_2: text = 15
53.7077350000618	EXP	text_2: text = 33
53.72322000004351	EXP	text_2: text = 49
53.740734999999404	EXP	text_2: text = 66
53.75714999996126	EXP	text_2: text = 82
53.773715000017546	EXP	text_2: text = 99
53.79072000004817	EXP	text_2: text = 116
53.80673499999102	EXP	text_2: text = 131
53.82398500002455	EXP	text_2: text = 149
53.83967500005383	EXP	text_2: text = 166
53.855905000003986	EXP	text_2: text = 182
53.87341000000015	EXP	text_2: text = 198
53.89011000003666	EXP	text_2: text = 215
53.9068650000263	EXP	text_2: text = 231
53.92346499999985	EXP	text_2: text = 249
53.94037500000559	EXP	text_2: text = 265
53.956744999974035	EXP	text_2: text = 283
53.97317999997176	EXP	text_2: text = 299
53.976825000019744	DATA	Keydown:  
53.99003500002436	EXP	text_2: text = 315
53.99003500002436	EXP	text_2: autoDraw = false
53.99003500002436	EXP	Feedback: text = 300
53.99003500002436	EXP	Feedback: autoDraw = true
54.98959999997169	EXP	Feedback: autoDraw = false
54.98959999997169	EXP	Feedback: autoDraw = false
54.98959999997169	EXP	text_3: autoDraw = true
64.54132499999832	EXP	text_3: autoDraw = false
64.54132499999832	EXP	text_3: autoDraw = false
64.54132499999832	EXP	text_2: autoDraw = true
64.54132499999832	EXP	text_2: text = 0
64.55527999997139	EXP	text_2: text = 17
64.57122000004165	EXP	text_2: text = 33
64.5880650000181	EXP	text_2: text = 51
64.60382499999832	EXP	text_2: text = 67
64.62036000005901	EXP	text_2: text = 83
64.63695499999449	EXP	text_2: text = 100
64.65376500005368	EXP	text_2: text = 116
64.67051500000525	EXP	text_2: text = 132
64.6868699999759	EXP	text_2: text = 150
64.70376000006218	EXP	text_2: text = 166
64.72036499995738	EXP	text_2: text = 183
64.73708999995142	EXP	text_2: text = 200
64.75370500003919	EXP	text_2: text = 216
64.77027500001714	EXP	text_2: text = 233
64.78696000005584	EXP	text_2: text = 249
64.80352499999572	EXP	text_2: text = 266
64.80489999998827	DATA	Keydown:  
64.82115500001237	EXP	text_2: text = 283
64.82115500001237	EXP	text_2: autoDraw = false
64.82115500001237	EXP	Feedback: text = 264
64.82115500001237	EXP	Feedback: autoDraw = true
65.82057500001974	EXP	Feedback: autoDraw = false
65.82057500001974	EXP	Feedback: autoDraw = false
65.82057500001974	EXP	text_3: autoDraw = true
68.79147499997634	EXP	text_3: autoDraw = false
68.79147499997634	EXP	text_3: autoDraw = false
68.79147499997634	EXP	text_2: autoDraw = true
68.79147499997634	EXP	text_2: text = 0
68.80478500004392	EXP	text_2: text = 16
68.82287000003271	EXP	text_2: text = 33
68.83649000001606	EXP	text_2: text = 48
68.85313499998301	EXP	text_2: text = 65
68.8699300000444	EXP	text_2: text = 82
68.88686500000767	EXP	text_2: text = 99
68.90402500005439	EXP	text_2: text = 116
68.9210299999686	EXP	text_2: text = 133
68.93737000005785	EXP	text_2: text = 149
68.95475000003353	EXP	text_2: text = 165
68.96974500000942	EXP	text_2: text = 183
68.98643499996979	EXP	text_2: text = 198
69.00303500005975	EXP	text_2: text = 215
69.01962999999523	EXP	text_2: text = 231
69.03599000000395	EXP	text_2: text = 250
69.05293500004336	EXP	text_2: text = 267
69.06938000000082	EXP	text_2: text = 282
69.08587499998976	EXP	text_2: text = 298
69.10261000005994	EXP	text_2: text = 315
69.1192700000247	EXP	text_2: text = 332
69.13610999996308	EXP	text_2: text = 349
69.1524849999696	EXP	text_2: text = 365
69.16954499995336	EXP	text_2: text = 381
69.18646500003524	EXP	text_2: text = 399
69.20288500003517	EXP	text_2: text = 416
69.20775499998126	DATA	Keydown:  
69.21944000001531	EXP	text_2: text = 431
69.21944000001531	EXP	text_2: autoDraw = false
69.21944000001531	EXP	Feedback: text = 417
69.21944000001531	EXP	Feedback: autoDraw = true
70.21943000005558	EXP	Feedback: autoDraw = false
70.21943000005558	EXP	Feedback: autoDraw = false
70.21943000005558	EXP	text_3: autoDraw = true
74.17291500000283	EXP	text_3: autoDraw = false
74.17291500000283	EXP	text_3: autoDraw = false
74.17291500000283	EXP	text_2: autoDraw = true
74.17291500000283	EXP	text_2: text = 0
74.1855500000529	EXP	text_2: text = 17
74.20126500003971	EXP	text_2: text = 32
74.21827499999199	EXP	text_2: text = 50
74.23522999999113	EXP	text_2: text = 67
74.25124999997206	EXP	text_2: text = 82
74.26801500003785	EXP	text_2: text = 99
74.2848450000165	EXP	text_2: text = 116
74.30268500000238	EXP	text_2: text = 133
74.31796000001486	EXP	text_2: text = 149
74.33490500005428	EXP	text_2: text = 166
74.351340000052	EXP	text_2: text = 182
74.36849500006065	EXP	text_2: text = 199
74.38502499996684	EXP	text_2: text = 216
74.40132499998435	EXP	text_2: text = 232
74.41815499996301	EXP	text_2: text = 249
74.43485499999952	EXP	text_2: text = 266
74.45157999999356	EXP	text_2: text = 282
74.46739999996498	EXP	text_2: text = 300
74.46864500001539	DATA	Keydown:  
74.48462500004098	EXP	text_2: text = 316
74.48462500004098	EXP	text_2: autoDraw = false
74.48462500004098	EXP	Feedback: text = 296
74.48462500004098	EXP	Feedback: autoDraw = true
75.48484000004828	EXP	Feedback: autoDraw = false
75.48484000004828	EXP	Feedback: autoDraw = false
75.48484000004828	EXP	text_3: autoDraw = true
82.91813000000548	EXP	text_3: autoDraw = false
82.91813000000548	EXP	text_3: autoDraw = false
82.91813000000548	EXP	text_2: autoDraw = true
82.91813000000548	EXP	text_2: text = 0
82.9332899999572	EXP	text_2: text = 17
82.94966499996372	EXP	text_2: text = 33
82.96695499995258	EXP	text_2: text = 50
82.98284499999136	EXP	text_2: text = 66
82.99964000005275	EXP	text_2: text = 82
83.01670000003651	EXP	text_2: text = 100
83.03322500002105	EXP	text_2: text = 116
83.04955999995582	EXP	text_2: text = 133
83.06698000000324	EXP	text_2: text = 150
83.0836549999658	EXP	text_2: text = 167
83.09990000003017	EXP	text_2: text = 183
83.11635499994736	EXP	text_2: text = 199
83.13303999998607	EXP	text_2: text = 216
83.15005499997642	EXP	text_2: text = 233
83.1667750000488	EXP	text_2: text = 250
83.18384499999229	EXP	text_2: text = 267
83.18584499997087	DATA	Keydown:  
83.20060500002	EXP	text_2: text = 282
83.20060500002	EXP	text_2: autoDraw = false
83.20060500002	EXP	Feedback: text = 268
83.20060500002	EXP	Feedback: autoDraw = true
84.19928499998059	EXP	Feedback: autoDraw = false
84.19928499998059	EXP	Feedback: autoDraw = false
84.19928499998059	EXP	text_3: autoDraw = true
92.81650499999523	EXP	text_3: autoDraw = false
92.81650499999523	EXP	text_3: autoDraw = false
92.81650499999523	EXP	text_2: autoDraw = true
92.81650499999523	EXP	text_2: text = 0
92.83197000005748	EXP	text_2: text = 17
92.8492799999658	EXP	text_2: text = 35
92.86412499996368	EXP	text_2: text = 50
92.88034999999218	EXP	text_2: text = 66
92.89708500006236	EXP	text_2: text = 83
92.91393499996047	EXP	text_2: text = 100
92.93030000000726	EXP	text_2: text = 116
92.94703499996103	EXP	text_2: text = 132
92.96400499995798	EXP	text_2: text = 150
92.98094999999739	EXP	text_2: text = 167
92.99770499998704	EXP	text_2: text = 184
93.01402000000235	EXP	text_2: text = 200
93.03093000000808	EXP	text_2: text = 217
93.04752999998163	EXP	text_2: text = 233
93.06487500004005	EXP	text_2: text = 251
93.08123000001069	EXP	text_2: text = 267
93.08969499997329	DATA	Keydown:  
93.09803500003181	EXP	text_2: text = 283
93.09803500003181	EXP	text_2: autoDraw = false
93.09803500003181	EXP	Feedback: text = 273
93.09803500003181	EXP	Feedback: autoDraw = true
94.09754999994766	EXP	Feedback: autoDraw = false
94.09754999994766	EXP	Feedback: autoDraw = false
94.09754999994766	EXP	text_3: autoDraw = true
97.21609999996144	EXP	text_3: autoDraw = false
97.21609999996144	EXP	text_3: autoDraw = false
97.21609999996144	EXP	text_2: autoDraw = true
97.21609999996144	EXP	text_2: text = 0
97.23131000006106	EXP	text_2: text = 17
97.24988999997731	EXP	text_2: text = 34
97.26314000005368	EXP	text_2: text = 50
97.27974000002723	EXP	text_2: text = 66
97.29660500003956	EXP	text_2: text = 84
97.31266499997582	EXP	text_2: text = 99
97.33012499997858	EXP	text_2: text = 117
97.34615999995731	EXP	text_2: text = 132
97.3637400000589	EXP	text_2: text = 150
97.38000500004273	EXP	text_2: text = 167
97.39603499998339	EXP	text_2: text = 183
97.41317499999423	EXP	text_2: text = 200
97.43047000002116	EXP	text_2: text = 217
97.44669000001159	EXP	text_2: text = 233
97.46302499994636	EXP	text_2: text = 249
97.47958000004292	EXP	text_2: text = 266
97.49600000004284	EXP	text_2: text = 282
97.49825499998406	DATA	Keydown:  
97.51428000000305	EXP	text_2: text = 300
97.51428000000305	EXP	text_2: autoDraw = false
97.51428000000305	EXP	Feedback: text = 282
97.51428000000305	EXP	Feedback: autoDraw = true
98.51595000002999	EXP	Feedback: autoDraw = false
98.51595000002999	EXP	Feedback: autoDraw = false
98.51595000002999	EXP	text_3: autoDraw = true
107.89694500004407	EXP	text_3: autoDraw = false
107.89694500004407	EXP	text_3: autoDraw = false
107.89694500004407	EXP	text_2: autoDraw = true
107.89694500004407	EXP	text_2: text = 0
107.91136999998707	EXP	text_2: text = 17
107.92712000000756	EXP	text_2: text = 33
107.94412500003818	EXP	text_2: text = 50
107.96019999997225	EXP	text_2: text = 66
107.97724999999627	EXP	text_2: text = 83
107.99392999999691	EXP	text_2: text = 100
108.0102650000481	EXP	text_2: text = 116
108.02643500000704	EXP	text_2: text = 132
108.04301000002306	EXP	text_2: text = 149
108.06070999999065	EXP	text_2: text = 167
108.07677499996498	EXP	text_2: text = 183
108.0933199999854	EXP	text_2: text = 200
108.10971999994945	EXP	text_2: text = 216
108.12777000002097	EXP	text_2: text = 234
108.14294000004884	EXP	text_2: text = 249
108.1608900000574	EXP	text_2: text = 267
108.17645000002813	EXP	text_2: text = 283
108.19305000000168	EXP	text_2: text = 299
108.20972000004258	EXP	text_2: text = 316
108.22702500002924	EXP	text_2: text = 333
108.22883999999613	DATA	Keydown:  
108.2436999999918	EXP	text_2: text = 349
108.2436999999918	EXP	text_2: autoDraw = false
108.2436999999918	EXP	Feedback: text = 332
108.2436999999918	EXP	Feedback: autoDraw = true
109.24341999995522	EXP	Feedback: autoDraw = false
109.24341999995522	EXP	Feedback: autoDraw = false
109.24341999995522	EXP	text_3: autoDraw = true
118.99299499997869	EXP	text_3: autoDraw = false
118.99299499997869	EXP	text_3: autoDraw = false
118.99299499997869	EXP	text_2: autoDraw = true
118.99299499997869	EXP	text_2: text = 0
119.00745499995537	EXP	text_2: text = 16
119.02590000000782	EXP	text_2: text = 34
119.04082500003278	EXP	text_2: text = 49
119.05783499998506	EXP	text_2: text = 66
119.07407500001136	EXP	text_2: text = 83
119.09143499995116	EXP	text_2: text = 100
119.10817000002135	EXP	text_2: text = 116
119.12424999999348	EXP	text_2: text = 132
119.14167499996256	EXP	text_2: text = 151
119.15699000004679	EXP	text_2: text = 166
119.1742699999595	EXP	text_2: text = 183
119.1907099999953	EXP	text_2: text = 199
119.20787000004202	EXP	text_2: text = 217
119.22367500001565	EXP	text_2: text = 232
119.2406750000082	EXP	text_2: text = 249
119.25696999998763	EXP	text_2: text = 266
119.27353500004392	EXP	text_2: text = 282
119.29027999995742	EXP	text_2: text = 299
119.30827000003774	EXP	text_2: text = 317
119.32366500003263	EXP	text_2: text = 332
119.34022000001278	EXP	text_2: text = 349
119.34447000001092	DATA	Keydown:  
119.35886999999639	EXP	text_2: text = 367
119.35886999999639	EXP	text_2: autoDraw = false
119.35886999999639	EXP	Feedback: text = 352
119.35886999999639	EXP	Feedback: autoDraw = true
120.35931500000879	EXP	Feedback: autoDraw = false
120.35931500000879	EXP	Feedback: autoDraw = false
120.35931500000879	EXP	text_3: autoDraw = true
127.46033499995247	EXP	text_3: autoDraw = false
127.46033499995247	EXP	text_3: autoDraw = false
127.46033499995247	EXP	text_2: autoDraw = true
127.46033499995247	EXP	text_2: text = 0
127.47204500006046	EXP	text_2: text = 16
127.48881500004791	EXP	text_2: text = 34
127.50505999999586	EXP	text_2: text = 49
127.52156000002287	EXP	text_2: text = 66
127.53839999996126	EXP	text_2: text = 83
127.55503499996848	EXP	text_2: text = 100
127.57183499995153	EXP	text_2: text = 115
127.58820999995805	EXP	text_2: text = 132
127.60498000006191	EXP	text_2: text = 150
127.62240999995265	EXP	text_2: text = 166
127.64066000003368	EXP	text_2: text = 183
127.6590149999829	EXP	text_2: text = 201
127.67357500002254	EXP	text_2: text = 216
127.68885499995667	EXP	text_2: text = 233
127.70665499998722	EXP	text_2: text = 250
127.72193999995943	EXP	text_2: text = 266
127.7385400000494	EXP	text_2: text = 283
127.74924999999348	DATA	Keydown:  
127.75557499995921	EXP	text_2: text = 299
127.75557499995921	EXP	text_2: autoDraw = false
127.75557499995921	EXP	Feedback: text = 291
127.75557499995921	EXP	Feedback: autoDraw = true
128.75517999997828	EXP	Feedback: autoDraw = false
128.75517999997828	EXP	Feedback: autoDraw = false
128.75517999997828	EXP	text_3: autoDraw = true
134.15766999998596	EXP	text_3: autoDraw = false
134.15766999998596	EXP	text_3: autoDraw = false
134.15766999998596	EXP	text_2: autoDraw = true
134.15766999998596	EXP	text_2: text = 0
134.17084000003524	EXP	text_2: text = 16
134.18761999998242	EXP	text_2: text = 32
134.20486000005621	EXP	text_2: text = 50
134.22097500006203	EXP	text_2: text = 65
134.2373849999858	EXP	text_2: text = 82
134.2546550000552	EXP	text_2: text = 100
134.2706799999578	EXP	text_2: text = 115
134.2872699999716	EXP	text_2: text = 132
134.3039100000169	EXP	text_2: text = 149
134.32204999995884	EXP	text_2: text = 167
134.33772499999031	EXP	text_2: text = 183
134.35423499997705	EXP	text_2: text = 199
134.37022000004072	EXP	text_2: text = 215
134.38719499995932	EXP	text_2: text = 233
134.4034550000215	EXP	text_2: text = 249
134.42010500002652	EXP	text_2: text = 266
134.43723499996122	EXP	text_2: text = 283
134.45359499996994	EXP	text_2: text = 299
134.46322499995586	DATA	Keydown:  
134.47060000000056	EXP	text_2: text = 315
134.47060000000056	EXP	text_2: autoDraw = false
134.47060000000056	EXP	Feedback: text = 307
134.47060000000056	EXP	Feedback: autoDraw = true
135.4697200000519	EXP	Feedback: autoDraw = false
135.4697200000519	EXP	Feedback: autoDraw = false
135.4697200000519	EXP	text_3: autoDraw = true
141.75344999996014	EXP	text_3: autoDraw = false
141.75344999996014	EXP	text_3: autoDraw = false
141.75344999996014	EXP	text_2: autoDraw = true
141.75344999996014	EXP	text_2: text = 0
141.76939499995206	EXP	text_2: text = 18
141.78604000003543	EXP	text_2: text = 34
141.80242500000168	EXP	text_2: text = 50
141.81925000005867	EXP	text_2: text = 67
141.83533999999054	EXP	text_2: text = 83
141.85210000001825	EXP	text_2: text = 100
141.86930500005838	EXP	text_2: text = 117
141.88629000005312	EXP	text_2: text = 134
141.90280000003986	EXP	text_2: text = 151
141.91877500002738	EXP	text_2: text = 167
141.93591500003822	EXP	text_2: text = 184
141.96749499998987	EXP	text_2: text = 216
141.98429499997292	EXP	text_2: text = 233
142.00078000000212	EXP	text_2: text = 250
142.0212649999885	EXP	text_2: text = 268
142.03720000002068	EXP	text_2: text = 284
142.0542050000513	EXP	text_2: text = 301
142.07030999998096	EXP	text_2: text = 317
142.08031500002835	DATA	Keydown:  
142.08590499998536	EXP	text_2: text = 333
142.08590499998536	EXP	text_2: autoDraw = false
142.08590499998536	EXP	Feedback: text = 327
142.08590499998536	EXP	Feedback: autoDraw = true
143.08492000005208	EXP	Feedback: autoDraw = false
143.08492000005208	EXP	Feedback: autoDraw = false
143.08492000005208	EXP	text_3: autoDraw = true
145.72204500006046	EXP	text_3: autoDraw = false
145.72204500006046	EXP	text_3: autoDraw = false
145.72204500006046	EXP	text_2: autoDraw = true
145.72204500006046	EXP	text_2: text = 0
145.7346499999985	EXP	text_2: text = 16
145.7504450000124	EXP	text_2: text = 32
145.76716499996837	EXP	text_2: text = 49
145.7840599999763	EXP	text_2: text = 66
145.8004100000253	EXP	text_2: text = 82
145.81707500002813	EXP	text_2: text = 99
145.833714999957	EXP	text_2: text = 116
145.85048999998253	EXP	text_2: text = 132
145.86718499998096	EXP	text_2: text = 149
145.88381000002846	EXP	text_2: text = 166
145.90119999996386	EXP	text_2: text = 183
145.91714000003412	EXP	text_2: text = 199
145.93452500004787	EXP	text_2: text = 217
145.95088000001851	EXP	text_2: text = 233
145.96717499999795	EXP	text_2: text = 249
145.98379500000738	EXP	text_2: text = 265
146.00078000000212	EXP	text_2: text = 283
146.01704499998596	EXP	text_2: text = 299
146.019895000034	DATA	Keydown:  
146.03539500001352	EXP	text_2: text = 317
146.03539500001352	EXP	text_2: autoDraw = false
146.03539500001352	EXP	Feedback: text = 298
146.03539500001352	EXP	Feedback: autoDraw = true
147.03433000005316	EXP	Feedback: autoDraw = false
147.03433000005316	EXP	Feedback: autoDraw = false
147.03433000005316	EXP	text_3: autoDraw = true
151.434505000012	EXP	text_3: autoDraw = false
151.434505000012	EXP	text_3: autoDraw = false
151.434505000012	EXP	text_2: autoDraw = true
151.434505000012	EXP	text_2: text = 0
151.45013999997173	EXP	text_2: text = 17
151.466705000028	EXP	text_2: text = 33
151.4842199999839	EXP	text_2: text = 51
151.4996950000059	EXP	text_2: text = 66
151.51742499996908	EXP	text_2: text = 84
151.5331999999471	EXP	text_2: text = 100
151.55108000000473	EXP	text_2: text = 118
151.56643999996595	EXP	text_2: text = 133
151.5839299999643	EXP	text_2: text = 150
151.60001000005286	EXP	text_2: text = 166
151.61679999995977	EXP	text_2: text = 183
151.6342050000094	EXP	text_2: text = 201
151.6500750000123	EXP	text_2: text = 216
151.66746000002604	EXP	text_2: text = 234
151.68398500001058	EXP	text_2: text = 250
151.70002500002738	EXP	text_2: text = 266
151.71566500002518	EXP	text_2: text = 283
151.72219999996014	DATA	Keydown:  
151.73324500001036	EXP	text_2: text = 300
151.73324500001036	EXP	text_2: autoDraw = false
151.73324500001036	EXP	Feedback: text = 288
151.73324500001036	EXP	Feedback: autoDraw = true
152.73349000001326	EXP	Feedback: autoDraw = false
152.73349000001326	EXP	Feedback: autoDraw = false
152.73349000001326	EXP	text_3: autoDraw = true
155.3515850000549	EXP	text_3: autoDraw = false
155.3515850000549	EXP	text_3: autoDraw = false
155.3515850000549	EXP	text_2: autoDraw = true
155.3515850000549	EXP	text_2: text = 0
155.37548499996774	EXP	text_2: text = 28
155.39766500005499	EXP	text_2: text = 49
155.41420999995898	EXP	text_2: text = 66
155.43085500004236	EXP	text_2: text = 82
155.44773999997415	EXP	text_2: text = 99
155.46441000001505	EXP	text_2: text = 116
155.48114000004716	EXP	text_2: text = 132
155.49987000005785	EXP	text_2: text = 149
155.51723999995738	EXP	text_2: text = 167
155.53368500003126	EXP	text_2: text = 183
155.54983000003267	EXP	text_2: text = 199
155.56463999999687	EXP	text_2: text = 216
155.581520000007	EXP	text_2: text = 233
155.59845499997027	EXP	text_2: text = 249
155.61476999998558	EXP	text_2: text = 265
155.63135499996133	EXP	text_2: text = 283
155.64797499997076	EXP	text_2: text = 299
155.66489500005264	EXP	text_2: text = 316
155.68137999996543	EXP	text_2: text = 332
155.6983150000451	EXP	text_2: text = 349
155.71510499995202	EXP	text_2: text = 366
155.7313500000164	EXP	text_2: text = 382
155.74889000004623	EXP	text_2: text = 400
155.75686500000302	DATA	Keydown:  
155.76526500005275	EXP	text_2: text = 416
155.76526500005275	EXP	text_2: autoDraw = false
155.76526500005275	EXP	Feedback: text = 405
155.76526500005275	EXP	Feedback: autoDraw = true
156.76529000001028	EXP	Feedback: autoDraw = false
156.76529000001028	EXP	Feedback: autoDraw = false
156.76529000001028	EXP	text_3: autoDraw = true
166.46400499995798	EXP	text_3: autoDraw = false
166.46400499995798	EXP	text_3: autoDraw = false
166.46400499995798	EXP	text_2: autoDraw = true
166.46400499995798	EXP	text_2: text = 0
166.47987499996088	EXP	text_2: text = 17
166.49658499995712	EXP	text_2: text = 34
166.51256499998271	EXP	text_2: text = 50
166.52965000004042	EXP	text_2: text = 67
166.54595499997959	EXP	text_2: text = 84
166.56383999995887	EXP	text_2: text = 101
166.58042500005104	EXP	text_2: text = 118
166.59652500005905	EXP	text_2: text = 134
166.6130500000436	EXP	text_2: text = 150
166.63101500004996	EXP	text_2: text = 168
166.6459849999519	EXP	text_2: text = 183
166.6630850000074	EXP	text_2: text = 200
166.68040499999188	EXP	text_2: text = 218
166.69605999998748	EXP	text_2: text = 233
166.71336499997415	EXP	text_2: text = 251
166.7299049999565	EXP	text_2: text = 267
166.74602500000037	EXP	text_2: text = 283
166.76386499998625	EXP	text_2: text = 301
166.77394500002265	DATA	Keydown:  
166.78093500004616	EXP	text_2: text = 317
166.78093500004616	EXP	text_2: autoDraw = false
166.78093500004616	EXP	Feedback: text = 310
166.78093500004616	EXP	Feedback: autoDraw = true
167.77899500005879	EXP	Feedback: autoDraw = false
167.77899500005879	EXP	Feedback: autoDraw = false
167.77899500005879	EXP	text_3: autoDraw = true
176.81475500005763	EXP	text_3: autoDraw = false
176.81475500005763	EXP	text_3: autoDraw = false
176.81475500005763	EXP	text_2: autoDraw = true
176.81475500005763	EXP	text_2: text = 0
176.82802999997512	EXP	text_2: text = 16
176.84368000004906	EXP	text_2: text = 33
176.86017999995966	EXP	text_2: text = 49
176.8770899999654	EXP	text_2: text = 67
176.8932049999712	EXP	text_2: text = 82
176.91049999999814	EXP	text_2: text = 100
176.92694999999367	EXP	text_2: text = 116
176.94302000000607	EXP	text_2: text = 132
176.95984999998473	EXP	text_2: text = 148
176.9766000000527	EXP	text_2: text = 165
176.9936400000006	EXP	text_2: text = 183
177.01014499994926	EXP	text_2: text = 199
177.02682999998797	EXP	text_2: text = 216
177.0431249999674	EXP	text_2: text = 232
177.05974499997683	EXP	text_2: text = 248
177.07643000001553	EXP	text_2: text = 266
177.09409999998752	EXP	text_2: text = 283
177.09585000004154	DATA	Keydown:  
177.11048999999184	EXP	text_2: text = 298
177.11048999999184	EXP	text_2: autoDraw = false
177.11048999999184	EXP	Feedback: text = 281
177.11048999999184	EXP	Feedback: autoDraw = true
178.1104800000321	EXP	Feedback: autoDraw = false
178.1104800000321	EXP	Feedback: autoDraw = false
178.1104800000321	EXP	text_3: autoDraw = true
187.72597499995027	EXP	text_3: autoDraw = false
187.72597499995027	EXP	text_3: autoDraw = false
187.72597499995027	EXP	text_2: autoDraw = true
187.72597499995027	EXP	text_2: text = 0
187.74132999998983	EXP	text_2: text = 17
187.75812500005122	EXP	text_2: text = 33
187.77410999999847	EXP	text_2: text = 50
187.7913750000298	EXP	text_2: text = 66
187.8084449999733	EXP	text_2: text = 84
187.82478000002448	EXP	text_2: text = 100
187.8412600000156	EXP	text_2: text = 116
187.85817500005942	EXP	text_2: text = 134
187.87422500003595	EXP	text_2: text = 149
187.89185999997426	EXP	text_2: text = 167
187.9075550000416	EXP	text_2: text = 183
187.92454000003636	EXP	text_2: text = 200
187.9407900000224	EXP	text_2: text = 217
187.95756999996956	EXP	text_2: text = 234
187.97412000002805	EXP	text_2: text = 250
187.9910450000316	EXP	text_2: text = 268
188.00697999994736	EXP	text_2: text = 283
188.00835999997798	DATA	Keydown:  
188.02378499996848	EXP	text_2: text = 299
188.02378499996848	EXP	text_2: autoDraw = false
188.02378499996848	EXP	Feedback: text = 283
188.02378499996848	EXP	Feedback: autoDraw = true
189.02445000002626	EXP	Feedback: autoDraw = false
189.02445000002626	EXP	Feedback: autoDraw = false
189.02445000002626	EXP	text_3: autoDraw = true
196.38996000005864	EXP	text_3: autoDraw = false
196.38996000005864	EXP	text_3: autoDraw = false
196.38996000005864	EXP	text_2: autoDraw = true
196.38996000005864	EXP	text_2: text = 0
196.404605000047	EXP	text_2: text = 15
196.42131000000518	EXP	text_2: text = 33
196.438300000038	EXP	text_2: text = 50
196.45475000003353	EXP	text_2: text = 66
196.4714849999873	EXP	text_2: text = 83
196.48810499999672	EXP	text_2: text = 99
196.5050849999534	EXP	text_2: text = 116
196.52142000000458	EXP	text_2: text = 133
196.53810999996495	EXP	text_2: text = 149
196.5549250000622	EXP	text_2: text = 166
196.57138500001747	EXP	text_2: text = 183
196.58810499997344	EXP	text_2: text = 199
196.60545999999158	EXP	text_2: text = 216
196.62172000005376	EXP	text_2: text = 233
196.63809999998193	EXP	text_2: text = 249
196.65476499998476	EXP	text_2: text = 266
196.6716599999927	EXP	text_2: text = 283
196.68787999998312	EXP	text_2: text = 298
196.70534500002395	EXP	text_2: text = 316
196.7211449999595	EXP	text_2: text = 332
196.73264499998186	DATA	Keydown:  
196.7382150000194	EXP	text_2: text = 349
196.7382150000194	EXP	text_2: autoDraw = false
196.7382150000194	EXP	Feedback: text = 343
196.7382150000194	EXP	Feedback: autoDraw = true
197.73791999998502	EXP	Feedback: autoDraw = false
197.73791999998502	EXP	Feedback: autoDraw = false
197.73791999998502	EXP	text_3: autoDraw = true
202.47278499999084	EXP	text_3: autoDraw = false
202.47278499999084	EXP	text_3: autoDraw = false
202.47278499999084	EXP	text_2: autoDraw = true
202.47278499999084	EXP	text_2: text = 0
202.48841999995057	EXP	text_2: text = 18
202.50510499998927	EXP	text_2: text = 34
202.5214149999665	EXP	text_2: text = 51
202.5379200000316	EXP	text_2: text = 67
202.55427500000224	EXP	text_2: text = 83
202.57131499995012	EXP	text_2: text = 100
202.58758499997202	EXP	text_2: text = 117
202.60577000002377	EXP	text_2: text = 135
202.62089000002015	EXP	text_2: text = 150
202.63873000000603	EXP	text_2: text = 168
202.65490500000305	EXP	text_2: text = 184
202.67106500000227	EXP	text_2: text = 200
202.6884700000519	EXP	text_2: text = 217
202.70453999994788	EXP	text_2: text = 233
202.72154000005685	EXP	text_2: text = 250
202.73827500001062	EXP	text_2: text = 267
202.75433999998495	EXP	text_2: text = 283
202.76980999996886	EXP	text_2: text = 300
202.78708499995992	EXP	text_2: text = 316
202.80564000003505	EXP	text_2: text = 334
202.8232400000561	EXP	text_2: text = 351
202.83726000005845	EXP	text_2: text = 367
202.83880000002682	DATA	Keydown:  
202.85421000001952	EXP	text_2: text = 383
202.85421000001952	EXP	text_2: autoDraw = false
202.85421000001952	EXP	Feedback: text = 366
202.85421000001952	EXP	Feedback: autoDraw = true
203.85396500001661	EXP	Feedback: autoDraw = false
203.85396500001661	EXP	Feedback: autoDraw = false
203.85396500001661	EXP	text_3: autoDraw = true
208.28980000002775	EXP	text_3: autoDraw = false
208.28980000002775	EXP	text_3: autoDraw = false
208.28980000002775	EXP	text_2: autoDraw = true
208.28980000002775	EXP	text_2: text = 0
208.30281500006095	EXP	text_2: text = 15
208.32043500000145	EXP	text_2: text = 32
208.33565999998245	EXP	text_2: text = 48
208.35256499995012	EXP	text_2: text = 65
208.36932000005618	EXP	text_2: text = 82
208.38541999994777	EXP	text_2: text = 98
208.40165000001434	EXP	text_2: text = 115
208.41882999998052	EXP	text_2: text = 132
208.43492499995045	EXP	text_2: text = 148
208.45194499997888	EXP	text_2: text = 166
208.4687200000044	EXP	text_2: text = 183
208.48496499995235	EXP	text_2: text = 198
208.50159999995958	EXP	text_2: text = 216
208.51911999995355	EXP	text_2: text = 232
208.535045000026	EXP	text_2: text = 248
208.55177500005811	EXP	text_2: text = 266
208.5689700000221	EXP	text_2: text = 282
208.5847599999979	EXP	text_2: text = 299
208.60213500005193	EXP	text_2: text = 316
208.61930999998003	EXP	text_2: text = 332
208.63517500006128	EXP	text_2: text = 348
208.6518399999477	EXP	text_2: text = 365
208.66108500002883	DATA	Keydown:  
208.66916499997023	EXP	text_2: text = 382
208.66916499997023	EXP	text_2: autoDraw = false
208.66916499997023	EXP	Feedback: text = 371
208.66916499997023	EXP	Feedback: autoDraw = true
209.66887499997392	EXP	Feedback: autoDraw = false
209.66887499997392	EXP	Feedback: autoDraw = false
209.66887499997392	EXP	text_3: autoDraw = true
216.08629500004463	EXP	text_3: autoDraw = false
216.08629500004463	EXP	text_3: autoDraw = false
216.08629500004463	EXP	text_2: autoDraw = true
216.08629500004463	EXP	text_2: text = 0
216.10135999997146	EXP	text_2: text = 17
216.1176099999575	EXP	text_2: text = 33
216.13363000005484	EXP	text_2: text = 49
216.15031000005547	EXP	text_2: text = 65
216.16742499999236	EXP	text_2: text = 83
216.18371500005014	EXP	text_2: text = 99
216.20045500004198	EXP	text_2: text = 115
216.21783500001766	EXP	text_2: text = 134
216.23403000005055	EXP	text_2: text = 150
216.2504600000102	EXP	text_2: text = 166
216.26762000005692	EXP	text_2: text = 183
216.28394500003196	EXP	text_2: text = 199
216.30043000006117	EXP	text_2: text = 216
216.31713500001933	EXP	text_2: text = 233
216.33378500002436	EXP	text_2: text = 249
216.3504800000228	EXP	text_2: text = 265
216.36698499997146	EXP	text_2: text = 282
216.38416000001598	EXP	text_2: text = 299
216.40063000004739	EXP	text_2: text = 316
216.4170350000495	EXP	text_2: text = 333
216.43368500005454	EXP	text_2: text = 349
216.45100000000093	EXP	text_2: text = 367
216.45270500006154	DATA	Keydown:  
216.46791000000667	EXP	text_2: text = 382
216.46791000000667	EXP	text_2: autoDraw = false
216.46791000000667	EXP	Feedback: text = 367
216.46791000000667	EXP	Feedback: autoDraw = true
217.46709499997087	EXP	Feedback: autoDraw = false
217.46709499997087	EXP	Feedback: autoDraw = false
217.46709499997087	EXP	text_3: autoDraw = true
223.60291000001598	EXP	text_3: autoDraw = false
223.60291000001598	EXP	text_3: autoDraw = false
223.60291000001598	EXP	text_2: autoDraw = true
223.60291000001598	EXP	text_2: text = 0
223.6167350000469	EXP	text_2: text = 16
223.63318500004243	EXP	text_2: text = 33
223.6496449999977	EXP	text_2: text = 50
223.66549499996472	EXP	text_2: text = 66
223.6821250000503	EXP	text_2: text = 83
223.6991749999579	EXP	text_2: text = 100
223.71548999997322	EXP	text_2: text = 116
223.73218000005	EXP	text_2: text = 132
223.74928500002716	EXP	text_2: text = 149
223.7660400000168	EXP	text_2: text = 167
223.78279500000644	EXP	text_2: text = 183
223.79923000000417	EXP	text_2: text = 200
223.81624499999452	EXP	text_2: text = 217
223.83308999997098	EXP	text_2: text = 234
223.84946000005584	EXP	text_2: text = 250
223.86600499995984	EXP	text_2: text = 266
223.88274499995168	EXP	text_2: text = 283
223.89972500002477	EXP	text_2: text = 300
223.9153599999845	EXP	text_2: text = 315
223.93245500000194	EXP	text_2: text = 333
223.94949499994982	EXP	text_2: text = 350
223.96634499996435	EXP	text_2: text = 367
223.98218499997165	EXP	text_2: text = 382
223.9997549999971	EXP	text_2: text = 400
224.0168400000548	EXP	text_2: text = 417
224.03252999996766	EXP	text_2: text = 433
224.04899000003934	EXP	text_2: text = 449
224.0658500000136	EXP	text_2: text = 466
224.082320000045	EXP	text_2: text = 482
224.10212000005413	DATA	Keydown:  
224.1145049999468	EXP	text_2: text = 516
224.1145049999468	EXP	text_2: autoDraw = false
224.1145049999468	EXP	Feedback: text = 499
224.1145049999468	EXP	Feedback: autoDraw = true
225.11473999998998	EXP	Feedback: autoDraw = false
225.11473999998998	EXP	Feedback: autoDraw = false
225.11473999998998	EXP	text_3: autoDraw = true
229.46395000000484	EXP	text_3: autoDraw = false
229.46395000000484	EXP	text_3: autoDraw = false
229.46395000000484	EXP	text_2: autoDraw = true
229.46395000000484	EXP	text_2: text = 0
229.47985000000335	EXP	text_2: text = 16
229.49655000003986	EXP	text_2: text = 33
229.51311000005808	EXP	text_2: text = 50
229.52980999997817	EXP	text_2: text = 66
229.54700500005856	EXP	text_2: text = 83
229.56302999996115	EXP	text_2: text = 100
229.58033999998588	EXP	text_2: text = 117
229.5994349999819	EXP	text_2: text = 133
229.61708500003442	EXP	text_2: text = 151
229.64742499997374	EXP	text_2: text = 184
229.66344499995466	EXP	text_2: text = 201
229.67974499997217	EXP	text_2: text = 216
229.69649999996182	EXP	text_2: text = 233
229.71288999996614	EXP	text_2: text = 250
229.72959500004072	EXP	text_2: text = 266
229.7459599999711	EXP	text_2: text = 283
229.7471249999944	DATA	Keydown:  
229.76298999995925	EXP	text_2: text = 299
229.76298999995925	EXP	text_2: autoDraw = false
229.76298999995925	EXP	Feedback: text = 283
229.76298999995925	EXP	Feedback: autoDraw = true
230.763905000058	EXP	Feedback: autoDraw = false
230.763905000058	EXP	Feedback: autoDraw = false
230.763905000058	EXP	text_3: autoDraw = true
236.19782000000123	EXP	text_3: autoDraw = false
236.19782000000123	EXP	text_3: autoDraw = false
236.19782000000123	EXP	text_2: autoDraw = true
236.19782000000123	EXP	text_2: text = 0
236.21218499995302	EXP	text_2: text = 16
236.2301199999638	EXP	text_2: text = 34
236.2460649999557	EXP	text_2: text = 50
236.26337000005879	EXP	text_2: text = 67
236.279530000058	EXP	text_2: text = 83
236.29646500002127	EXP	text_2: text = 100
236.3131450000219	EXP	text_2: text = 117
236.32952999998815	EXP	text_2: text = 133
236.34614000003785	EXP	text_2: text = 150
236.36317999998573	EXP	text_2: text = 166
236.37893999996595	EXP	text_2: text = 182
236.3966449999716	EXP	text_2: text = 199
236.41301999997813	EXP	text_2: text = 216
236.42985499999486	EXP	text_2: text = 233
236.44671000004746	EXP	text_2: text = 250
236.4491299999645	DATA	Keydown:  
236.46398000000045	EXP	text_2: text = 266
236.46398000000045	EXP	text_2: autoDraw = false
236.46398000000045	EXP	Feedback: text = 251
236.46398000000045	EXP	Feedback: autoDraw = true
237.4620799999684	EXP	Feedback: autoDraw = false
237.4620799999684	EXP	Feedback: autoDraw = false
237.4620799999684	EXP	text_3: autoDraw = true
239.916360000032	EXP	text_3: autoDraw = false
239.916360000032	EXP	text_3: autoDraw = false
239.916360000032	EXP	text_2: autoDraw = true
239.916360000032	EXP	text_2: text = 0
239.92848999996204	EXP	text_2: text = 17
239.94590000004973	EXP	text_2: text = 33
239.9621749999933	EXP	text_2: text = 50
239.97864999994636	EXP	text_2: text = 66
239.99659999995492	EXP	text_2: text = 84
240.0127700000303	EXP	text_2: text = 101
240.02961500000674	EXP	text_2: text = 117
240.04577500000596	EXP	text_2: text = 133
240.06174999999348	EXP	text_2: text = 150
240.07784000004176	EXP	text_2: text = 166
240.09546500002034	EXP	text_2: text = 184
240.11112500005402	EXP	text_2: text = 200
240.12854499998502	EXP	text_2: text = 217
240.14505499997176	EXP	text_2: text = 234
240.16116999997757	EXP	text_2: text = 250
240.17868999997154	EXP	text_2: text = 267
240.19510999997146	EXP	text_2: text = 284
240.2111149999546	EXP	text_2: text = 300
240.22769500000868	EXP	text_2: text = 316
240.2449300000444	EXP	text_2: text = 334
240.26106000004802	EXP	text_2: text = 350
240.27770500001498	EXP	text_2: text = 366
240.2950150000397	EXP	text_2: text = 384
240.29685000004247	DATA	Keydown:  
240.3124400000088	EXP	text_2: text = 401
240.3124400000088	EXP	text_2: autoDraw = false
240.3124400000088	EXP	Feedback: text = 383
240.3124400000088	EXP	Feedback: autoDraw = true
241.31423000001814	EXP	Feedback: autoDraw = false
241.31423000001814	EXP	Feedback: autoDraw = false
241.31423000001814	EXP	text_3: autoDraw = true
245.27824999997392	EXP	text_3: autoDraw = false
245.27824999997392	EXP	text_3: autoDraw = false
245.27824999997392	EXP	text_2: autoDraw = true
245.27824999997392	EXP	text_2: text = 0
245.2934200000018	EXP	text_2: text = 17
245.30975999997463	EXP	text_2: text = 33
245.32670500001404	EXP	text_2: text = 50
245.343675000011	EXP	text_2: text = 67
245.3597450000234	EXP	text_2: text = 83
245.37638000003062	EXP	text_2: text = 99
245.3934199999785	EXP	text_2: text = 116
245.4101850000443	EXP	text_2: text = 133
245.42870000004768	EXP	text_2: text = 152
245.44440499995835	EXP	text_2: text = 168
245.45986499998253	EXP	text_2: text = 183
245.47762500005774	EXP	text_2: text = 201
245.49380499997642	EXP	text_2: text = 217
245.5101700000232	EXP	text_2: text = 233
245.52639000001363	EXP	text_2: text = 249
245.5431999999564	EXP	text_2: text = 266
245.5502850000048	DATA	Keydown:  
245.5591349999886	EXP	text_2: text = 283
245.5591349999886	EXP	text_2: autoDraw = false
245.5591349999886	EXP	Feedback: text = 272
245.5591349999886	EXP	Feedback: autoDraw = true
246.56006499996874	EXP	Feedback: autoDraw = false
246.56006499996874	EXP	Feedback: autoDraw = false
246.56006499996874	EXP	text_3: autoDraw = true
252.12746999994852	EXP	text_3: autoDraw = false
252.12746999994852	EXP	text_3: autoDraw = false
252.12746999994852	EXP	text_2: autoDraw = true
252.12746999994852	EXP	text_2: text = 0
252.14156000001822	EXP	text_2: text = 15
252.1586749999551	EXP	text_2: text = 32
252.17487999994773	EXP	text_2: text = 49
252.19163999997545	EXP	text_2: text = 65
252.20833000005223	EXP	text_2: text = 82
252.22559499996714	EXP	text_2: text = 99
252.24191500002053	EXP	text_2: text = 116
252.25835000001825	EXP	text_2: text = 132
252.27567999996245	EXP	text_2: text = 149
252.29220999998506	EXP	text_2: text = 166
252.3085799999535	EXP	text_2: text = 182
252.32544499996584	EXP	text_2: text = 199
252.3418300000485	EXP	text_2: text = 216
252.3590649999678	EXP	text_2: text = 232
252.37548000004608	EXP	text_2: text = 249
252.3924699999625	EXP	text_2: text = 266
252.40864999999758	EXP	text_2: text = 282
252.42487999994773	EXP	text_2: text = 298
252.43626500002574	DATA	Keydown:  
252.44524000003003	EXP	text_2: text = 316
252.44524000003003	EXP	text_2: autoDraw = false
252.44524000003003	EXP	Feedback: text = 309
252.44524000003003	EXP	Feedback: autoDraw = true
253.4417100000428	EXP	Feedback: autoDraw = false
253.4417100000428	EXP	Feedback: autoDraw = false
253.4417100000428	EXP	text_3: autoDraw = true
260.2743799999589	EXP	text_3: autoDraw = false
260.2743799999589	EXP	text_3: autoDraw = false
260.2743799999589	EXP	text_2: autoDraw = true
260.2743799999589	EXP	text_2: text = 0
260.28954000002705	EXP	text_2: text = 16
260.30663999996614	EXP	text_2: text = 33
260.324580000015	EXP	text_2: text = 51
260.34083999996074	EXP	text_2: text = 68
260.3561650000047	EXP	text_2: text = 83
260.37332999997307	EXP	text_2: text = 100
260.39077000005636	EXP	text_2: text = 117
260.40628999995533	EXP	text_2: text = 133
260.4233050000621	EXP	text_2: text = 150
260.44030500005465	EXP	text_2: text = 167
260.4564399999799	EXP	text_2: text = 183
260.47285999997985	EXP	text_2: text = 200
260.4901349999709	EXP	text_2: text = 217
260.50685999996495	EXP	text_2: text = 233
260.52524999994785	DATA	Keydown:  
260.52994999999646	EXP	text_2: text = 257
260.52994999999646	EXP	text_2: autoDraw = false
260.52994999999646	EXP	Feedback: text = 251
260.52994999999646	EXP	Feedback: autoDraw = true
261.5227500000037	EXP	Feedback: autoDraw = false
261.5227500000037	EXP	Feedback: autoDraw = false
261.5227500000037	EXP	text_3: autoDraw = true
266.60657000006177	EXP	text_3: autoDraw = false
266.60657000006177	EXP	text_3: autoDraw = false
266.60657000006177	EXP	text_2: autoDraw = true
266.60657000006177	EXP	text_2: text = 0
266.6213149999967	EXP	text_2: text = 16
266.63864999997895	EXP	text_2: text = 33
266.65478500002064	EXP	text_2: text = 50
266.6717850000132	EXP	text_2: text = 67
266.68796999996994	EXP	text_2: text = 83
266.70478999998886	EXP	text_2: text = 100
266.7223099999828	EXP	text_2: text = 117
266.73887000000104	EXP	text_2: text = 134
266.75523500004783	EXP	text_2: text = 150
266.7718149999855	EXP	text_2: text = 167
266.78754000004847	EXP	text_2: text = 183
266.8047899999656	EXP	text_2: text = 201
266.82085000001825	EXP	text_2: text = 216
266.83755000005476	EXP	text_2: text = 233
266.85427000001073	EXP	text_2: text = 250
266.8708499999484	EXP	text_2: text = 266
266.8875400000252	EXP	text_2: text = 283
266.9049449999584	EXP	text_2: text = 301
266.92120500002056	EXP	text_2: text = 317
266.9373050000286	EXP	text_2: text = 333
266.954769999953	EXP	text_2: text = 351
266.97068999998737	EXP	text_2: text = 366
266.98763999994844	EXP	text_2: text = 383
267.00421499996446	EXP	text_2: text = 400
267.0217100000009	EXP	text_2: text = 417
267.0375500000082	EXP	text_2: text = 433
267.0542350000469	EXP	text_2: text = 450
267.070934999967	EXP	text_2: text = 466
267.08874499995727	EXP	text_2: text = 484
267.10435999999754	EXP	text_2: text = 499
267.1212550000055	EXP	text_2: text = 516
267.1379100000486	EXP	text_2: text = 533
267.1396449999884	DATA	Keydown:  
267.1549899999518	EXP	text_2: text = 550
267.1549899999518	EXP	text_2: autoDraw = false
267.1549899999518	EXP	Feedback: text = 533
267.1549899999518	EXP	Feedback: autoDraw = true
268.1549100000411	EXP	Feedback: autoDraw = false
268.1549100000411	EXP	Feedback: autoDraw = false
268.1549100000411	EXP	text_3: autoDraw = true
274.024310000008	EXP	text_3: autoDraw = false
274.024310000008	EXP	text_3: autoDraw = false
274.024310000008	EXP	text_2: autoDraw = true
274.024310000008	EXP	text_2: text = 0
274.0361849999754	EXP	text_2: text = 15
274.05226000002585	EXP	text_2: text = 32
274.06892999995034	EXP	text_2: text = 49
274.0858350000344	EXP	text_2: text = 65
274.10230000002775	EXP	text_2: text = 82
274.1191300000064	EXP	text_2: text = 99
274.1357850000495	EXP	text_2: text = 115
274.15307999996	EXP	text_2: text = 133
274.1694350000471	EXP	text_2: text = 150
274.1859499999555	EXP	text_2: text = 166
274.20256500004325	EXP	text_2: text = 183
274.21906499995384	EXP	text_2: text = 199
274.23565499996766	EXP	text_2: text = 215
274.2562199999811	EXP	text_2: text = 234
274.2713549999753	EXP	text_2: text = 249
274.2888550000498	EXP	text_2: text = 267
274.30489000002854	EXP	text_2: text = 283
274.3132500000065	DATA	Keydown:  
274.3212549999589	EXP	text_2: text = 299
274.3212549999589	EXP	text_2: autoDraw = false
274.3212549999589	EXP	Feedback: text = 289
274.3212549999589	EXP	Feedback: autoDraw = true
275.32083500002045	EXP	Feedback: autoDraw = false
275.32083500002045	EXP	Feedback: autoDraw = false
275.32083500002045	EXP	text_3: autoDraw = true
280.4677950000623	EXP	text_3: autoDraw = false
280.4677950000623	EXP	text_3: autoDraw = false
280.4677950000623	EXP	text_2: autoDraw = true
280.4677950000623	EXP	text_2: text = 0
280.4843450000044	EXP	text_2: text = 18
280.5008099999977	EXP	text_2: text = 34
280.51761500001885	EXP	text_2: text = 50
280.5342500000261	EXP	text_2: text = 67
280.55118499998935	EXP	text_2: text = 84
280.5677249999717	EXP	text_2: text = 100
280.58446499996353	EXP	text_2: text = 117
280.60143999999855	EXP	text_2: text = 134
280.61780500004534	EXP	text_2: text = 150
280.63434999994934	EXP	text_2: text = 167
280.6510250000283	EXP	text_2: text = 184
280.6678949999623	EXP	text_2: text = 201
280.6843799999915	EXP	text_2: text = 217
280.70130499999505	EXP	text_2: text = 234
280.7177049999591	EXP	text_2: text = 250
280.7193850000622	DATA	Keydown:  
280.73520999995526	EXP	text_2: text = 267
280.73520999995526	EXP	text_2: autoDraw = false
280.73520999995526	EXP	Feedback: text = 252
280.73520999995526	EXP	Feedback: autoDraw = true
281.7347300000256	EXP	Feedback: autoDraw = false
281.7347300000256	EXP	Feedback: autoDraw = false
281.7347300000256	EXP	text_3: autoDraw = true
286.38496499997564	EXP	text_3: autoDraw = false
286.38496499997564	EXP	text_3: autoDraw = false
286.38496499997564	EXP	text_2: autoDraw = true
286.38496499997564	EXP	text_2: text = 0
286.40080499998294	EXP	text_2: text = 17
286.41766999999527	EXP	text_2: text = 34
286.43325000000186	EXP	text_2: text = 50
286.4499650000362	EXP	text_2: text = 66
286.466630000039	EXP	text_2: text = 83
286.4848100000527	EXP	text_2: text = 101
286.4999649999663	EXP	text_2: text = 116
286.51731000002474	EXP	text_2: text = 134
286.5332049999852	EXP	text_2: text = 150
286.5512350000208	EXP	text_2: text = 168
286.56662499997765	EXP	text_2: text = 183
286.5850250000367	EXP	text_2: text = 201
286.6004200000316	EXP	text_2: text = 216
286.61653999995906	EXP	text_2: text = 233
286.63448500004597	EXP	text_2: text = 251
286.6499149999581	EXP	text_2: text = 266
286.6522399999667	DATA	Keydown:  
286.66784000000916	EXP	text_2: text = 283
286.66784000000916	EXP	text_2: autoDraw = false
286.66784000000916	EXP	Feedback: text = 268
286.66784000000916	EXP	Feedback: autoDraw = true
287.66637999995146	EXP	Feedback: autoDraw = false
287.66637999995146	EXP	Feedback: autoDraw = false
287.66637999995146	EXP	text_3: autoDraw = true
296.4658050000435	EXP	text_3: autoDraw = false
296.4658050000435	EXP	text_3: autoDraw = false
296.4658050000435	EXP	text_2: autoDraw = true
296.4658050000435	EXP	text_2: text = 0
296.481455000001	EXP	text_2: text = 17
296.4992599999532	EXP	text_2: text = 35
296.51439000002574	EXP	text_2: text = 50
296.530999999959	EXP	text_2: text = 67
296.5479950000299	EXP	text_2: text = 83
296.5648049999727	EXP	text_2: text = 100
296.58105000003707	EXP	text_2: text = 116
296.5978650000179	EXP	text_2: text = 133
296.6149849999929	EXP	text_2: text = 150
296.63217999995686	EXP	text_2: text = 167
296.64850999997	EXP	text_2: text = 184
296.6650999999838	EXP	text_2: text = 200
296.6820750000188	EXP	text_2: text = 217
296.6984249999514	EXP	text_2: text = 234
296.7146949999733	EXP	text_2: text = 250
296.7324700000463	EXP	text_2: text = 268
296.7383850000333	DATA	Keydown:  
296.74962500005495	EXP	text_2: text = 284
296.74962500005495	EXP	text_2: autoDraw = false
296.74962500005495	EXP	Feedback: text = 273
296.74962500005495	EXP	Feedback: autoDraw = true
297.74762499995995	EXP	Feedback: autoDraw = false
297.74762499995995	EXP	Feedback: autoDraw = false
297.74762499995995	EXP	text_3: autoDraw = true
303.8141599999508	EXP	text_3: autoDraw = false
303.8141599999508	EXP	text_3: autoDraw = false
303.8141599999508	EXP	text_2: autoDraw = true
303.8141599999508	EXP	text_2: text = 0
303.82906999997795	EXP	text_2: text = 16
303.84560000000056	EXP	text_2: text = 33
303.86182500002906	EXP	text_2: text = 49
303.8781350000063	EXP	text_2: text = 66
303.89528499997687	EXP	text_2: text = 84
303.91180500003975	EXP	text_2: text = 99
303.928190000006	EXP	text_2: text = 116
303.9449999999488	EXP	text_2: text = 133
303.96196500002407	EXP	text_2: text = 149
303.97863499994855	EXP	text_2: text = 166
303.995435000048	EXP	text_2: text = 183
304.01228499994613	EXP	text_2: text = 200
304.02858499996364	EXP	text_2: text = 216
304.04535999998916	EXP	text_2: text = 233
304.0621950000059	EXP	text_2: text = 250
304.0787199999904	EXP	text_2: text = 266
304.09525000001304	EXP	text_2: text = 283
304.1033199999947	DATA	Keydown:  
304.1127550000092	EXP	text_2: text = 300
304.1127550000092	EXP	text_2: autoDraw = false
304.1127550000092	EXP	Feedback: text = 289
304.1127550000092	EXP	Feedback: autoDraw = true
305.1161850000499	EXP	Feedback: autoDraw = false
305.1161850000499	EXP	Feedback: autoDraw = false
305.1161850000499	EXP	text_3: autoDraw = true
312.24586000002455	EXP	text_3: autoDraw = false
312.24586000002455	EXP	text_3: autoDraw = false
312.24586000002455	EXP	text_2: autoDraw = true
312.24586000002455	EXP	text_2: text = 0
312.2609099999536	EXP	text_2: text = 17
312.2772750000004	EXP	text_2: text = 33
312.2943750000559	EXP	text_2: text = 50
312.31072499998845	EXP	text_2: text = 66
312.32716500002425	EXP	text_2: text = 83
312.3438000000315	EXP	text_2: text = 99
312.36043999996036	EXP	text_2: text = 116
312.37647000001743	EXP	text_2: text = 133
312.39296500000637	EXP	text_2: text = 150
312.4093550000107	EXP	text_2: text = 166
312.42648000002373	EXP	text_2: text = 182
312.4430649999995	EXP	text_2: text = 199
312.4596700000111	EXP	text_2: text = 216
312.47632000001613	EXP	text_2: text = 233
312.49325000005774	EXP	text_2: text = 250
312.5095849999925	EXP	text_2: text = 266
312.52621999999974	EXP	text_2: text = 283
312.5440350000281	EXP	text_2: text = 301
312.5606850000331	EXP	text_2: text = 317
312.57656499999575	EXP	text_2: text = 333
312.58290999999736	DATA	Keydown:  
312.5939050000161	EXP	text_2: text = 349
312.5939050000161	EXP	text_2: autoDraw = false
312.5939050000161	EXP	Feedback: text = 337
312.5939050000161	EXP	Feedback: autoDraw = true
313.6079900000477	EXP	Feedback: autoDraw = false
313.6079900000477	EXP	Feedback: autoDraw = false
313.6079900000477	EXP	End_text: autoDraw = true
328.61247000005096	DATA	Keydown:  
