0.06995999999344349	EXP	Created Window = Window( name=Window, fullscr=true, color=#000000, units=height, waitBlanking=true, autoLog=true, size=[2111,1012] )
2.7050649999873713	DATA	Keydown: Shift
2.9185349999461323	DATA	Keydown: D
3.0759649999672547	DATA	Keydown: D
4.766244999947958	DATA	Keydown: undefined
7.489390000002459	EXP	Created text = TextStim( name=text, win=Window( name=Window, fullscr=true, color=#000000, ~), autoDraw=null, autoLog=true, units=height, ori=null, opacity=1, pos=[0,0], size=undefined, text=INSTRUCTIONS [EN]


A counter will appear and star~, font=Arial, color=#FFFFFF, contrast=1, height=0.03, bold=null, italic=null, alignHoriz=left, alignVert=center, wrapWidth=1, flipHoriz=null, flipVert=null )
7.49031499994453	EXP	Created text_3 = TextStim( name=text_3, win=Window( name=Window, fullscr=true, color=#000000, ~), autoDraw=null, autoLog=true, units=height, ori=null, opacity=1, pos=[0,0], size=undefined, text=null, font=Arial, color=#FFFFFF, contrast=1, height=0.1, bold=null, italic=null, alignHoriz=left, alignVert=center, wrapWidth=1, flipHoriz=null, flipVert=null )
7.490819999948144	EXP	Created text_2 = TextStim( name=text_2, win=Window( name=Window, fullscr=true, color=#000000, ~), autoDraw=null, autoLog=true, units=height, ori=null, opacity=1, pos=[0,0], size=undefined, text=default text, font=Arial, color=#ff0000, contrast=1, height=0.15, bold=null, italic=null, alignHoriz=left, alignVert=center, wrapWidth=1, flipHoriz=null, flipVert=null )
7.4913500000257045	EXP	Created Feedback = TextStim( name=Feedback, win=Window( name=Window, fullscr=true, color=#000000, ~), autoDraw=null, autoLog=true, units=height, ori=null, opacity=1, pos=[0,0], size=undefined, text=default text, font=Arial, color=#ff0000, contrast=1, height=0.15, bold=null, italic=null, alignHoriz=left, alignVert=center, wrapWidth=1, flipHoriz=null, flipVert=null )
7.491745000006631	EXP	Created End_text = TextStim( name=End_text, win=Window( name=Window, fullscr=true, color=#000000, ~), autoDraw=null, autoLog=true, units=height, ori=null, opacity=1, pos=[0,0], size=undefined, text=This study aimed to look at procedural learning, i~, font=Arial, color=#FFFFFF, contrast=1, height=0.025, bold=null, italic=null, alignHoriz=left, alignVert=center, wrapWidth=1, flipHoriz=null, flipVert=null )
7.5528299999423325	EXP	text: units = "height"
7.5528299999423325	EXP	text: ori = 0
7.5528299999423325	EXP	text: opacity = 1
7.5528299999423325	EXP	text: pos = [0,0]
7.5528299999423325	EXP	text: size = undefined
7.5528299999423325	EXP	text: text = "INSTRUCTIONS [EN]\n\n\nA counter will appear and start counting at random times, press SPACE as fast as possible when it appears.\n\n\nPress SPACE to start\n\n-------\n\nInstruções [PT]\n\n\nUm cronómetro vai aparecer e começar a contar aleatoriamente, pressione a tecla SPACE assim que ele aparecer.\n\n\nPressiona SPACE para começar."
7.5528299999423325	EXP	text: font = "Arial"
7.5528299999423325	EXP	text: color = {"_hex":"#FFFFFF","_rgb":[1,1,1]}
7.5528299999423325	EXP	text: contrast = 1
7.5528299999423325	EXP	text: height = 0.03
7.5528299999423325	EXP	text: bold = false
7.5528299999423325	EXP	text: italic = false
7.5528299999423325	EXP	text: alignHoriz = "left"
7.5528299999423325	EXP	text: alignVert = "center"
7.5528299999423325	EXP	text: wrapWidth = 1
7.5528299999423325	EXP	text: flipHoriz = false
7.5528299999423325	EXP	text: flipVert = false
7.5528299999423325	EXP	text_3: units = "height"
7.5528299999423325	EXP	text_3: ori = 0
7.5528299999423325	EXP	text_3: opacity = 1
7.5528299999423325	EXP	text_3: pos = [0,0]
7.5528299999423325	EXP	text_3: size = undefined
7.5528299999423325	EXP	text_3: text = ""
7.5528299999423325	EXP	text_3: font = "Arial"
7.5528299999423325	EXP	text_3: color = {"_hex":"#FFFFFF","_rgb":[1,1,1]}
7.5528299999423325	EXP	text_3: contrast = 1
7.5528299999423325	EXP	text_3: height = 0.1
7.5528299999423325	EXP	text_3: bold = false
7.5528299999423325	EXP	text_3: italic = false
7.5528299999423325	EXP	text_3: alignHoriz = "left"
7.5528299999423325	EXP	text_3: alignVert = "center"
7.5528299999423325	EXP	text_3: wrapWidth = 1
7.5528299999423325	EXP	text_3: flipHoriz = false
7.5528299999423325	EXP	text_3: flipVert = false
7.5528299999423325	EXP	text_2: units = "height"
7.5528299999423325	EXP	text_2: ori = 0
7.5528299999423325	EXP	text_2: opacity = 1
7.5528299999423325	EXP	text_2: pos = [0,0]
7.5528299999423325	EXP	text_2: size = undefined
7.5528299999423325	EXP	text_2: text = "default text"
7.5528299999423325	EXP	text_2: font = "Arial"
7.5528299999423325	EXP	text_2: color = {"_rgb":[1,0,0]}
7.5528299999423325	EXP	text_2: contrast = 1
7.5528299999423325	EXP	text_2: height = 0.15
7.5528299999423325	EXP	text_2: bold = false
7.5528299999423325	EXP	text_2: italic = false
7.5528299999423325	EXP	text_2: alignHoriz = "left"
7.5528299999423325	EXP	text_2: alignVert = "center"
7.5528299999423325	EXP	text_2: wrapWidth = 1
7.5528299999423325	EXP	text_2: flipHoriz = false
7.5528299999423325	EXP	text_2: flipVert = false
7.5528299999423325	EXP	Feedback: units = "height"
7.5528299999423325	EXP	Feedback: ori = 0
7.5528299999423325	EXP	Feedback: opacity = 1
7.5528299999423325	EXP	Feedback: pos = [0,0]
7.5528299999423325	EXP	Feedback: size = undefined
7.5528299999423325	EXP	Feedback: text = "default text"
7.5528299999423325	EXP	Feedback: font = "Arial"
7.5528299999423325	EXP	Feedback: color = {"_rgb":[1,0,0]}
7.5528299999423325	EXP	Feedback: contrast = 1
7.5528299999423325	EXP	Feedback: height = 0.15
7.5528299999423325	EXP	Feedback: bold = false
7.5528299999423325	EXP	Feedback: italic = false
7.5528299999423325	EXP	Feedback: alignHoriz = "left"
7.5528299999423325	EXP	Feedback: alignVert = "center"
7.5528299999423325	EXP	Feedback: wrapWidth = 1
7.5528299999423325	EXP	Feedback: flipHoriz = false
7.5528299999423325	EXP	Feedback: flipVert = false
7.5528299999423325	EXP	End_text: units = "height"
7.5528299999423325	EXP	End_text: ori = 0
7.5528299999423325	EXP	End_text: opacity = 1
7.5528299999423325	EXP	End_text: pos = [0,0]
7.5528299999423325	EXP	End_text: size = undefined
7.5528299999423325	EXP	End_text: text = "This study aimed to look at procedural learning, i.e. our ability to extract patterns from the input that we are constantly receiving. This skill is thought to be essential for language and literacy acquisition and has been suggested as a possible underlying difficult in children with Language Impairments and Dyslexia. This study aims to improve the measures of procedural learning (the smiley face task) so that we can measure procedural learning more reliably and, in the future, analyse the performance of individuals with learning impairments.\nThank you for participating!\n\n----\n\nEste estudo tem como objectivo analisar a nossa capacidade de extrair padrões da informação que estamos constantemente a receber. Pensa-se que esta competência é essencial para a aquisição da linguagem e literacia e foi sugerido que dificuldades neste tipo de competências poderá estar relacionado com perturbações da linguagem e Dislexia. Este estudo tem como objectivo melhorar a estabilidade das medidas usadas para medir este tipo de memória (a tarefa da cara sorridente) de forma a poder medir de forma mais precisa e, no futuro, analisar a performance de indivíduos com perturbações da aprendizagem. \nMuito obrigada por ter participado!"
7.5528299999423325	EXP	End_text: font = "Arial"
7.5528299999423325	EXP	End_text: color = {"_hex":"#FFFFFF","_rgb":[1,1,1]}
7.5528299999423325	EXP	End_text: contrast = 1
7.5528299999423325	EXP	End_text: height = 0.025
7.5528299999423325	EXP	End_text: bold = false
7.5528299999423325	EXP	End_text: italic = false
7.5528299999423325	EXP	End_text: alignHoriz = "left"
7.5528299999423325	EXP	End_text: alignVert = "center"
7.5528299999423325	EXP	End_text: wrapWidth = 1
7.5528299999423325	EXP	End_text: flipHoriz = false
7.5528299999423325	EXP	End_text: flipVert = false
7.5528299999423325	EXP	text: autoDraw = true
10.312264999956824	DATA	Keydown:  
10.332605000003241	EXP	text: autoDraw = false
10.332605000003241	EXP	text_3: autoDraw = true
15.784059999976307	EXP	text_3: autoDraw = false
15.784059999976307	EXP	text_3: autoDraw = false
15.784059999976307	EXP	text_2: autoDraw = true
15.784059999976307	EXP	text_2: text = 0
15.79418500000611	EXP	text_2: text = 49
15.811110000009649	EXP	text_2: text = 67
15.829554999945685	EXP	text_2: text = 85
15.844429999939166	EXP	text_2: text = 99
15.861034999950789	EXP	text_2: text = 115
15.877779999980703	EXP	text_2: text = 132
15.894409999949858	EXP	text_2: text = 150
15.911054999916814	EXP	text_2: text = 165
15.927764999913052	EXP	text_2: text = 182
15.944479999947362	EXP	text_2: text = 200
15.96117999998387	EXP	text_2: text = 216
15.97778999991715	EXP	text_2: text = 233
15.994534999947064	EXP	text_2: text = 249
16.011149999918416	EXP	text_2: text = 266
16.027724999934435	EXP	text_2: text = 282
16.044514999957755	EXP	text_2: text = 299
16.061029999982566	EXP	text_2: text = 315
16.078005000017583	EXP	text_2: text = 333
16.081669999985024	DATA	Keydown:  
16.09588999999687	EXP	text_2: text = 350
16.09588999999687	EXP	text_2: autoDraw = false
16.09588999999687	EXP	Feedback: text = 298
16.09588999999687	EXP	Feedback: autoDraw = true
17.09532500000205	EXP	Feedback: autoDraw = false
17.09532500000205	EXP	Feedback: autoDraw = false
17.09532500000205	EXP	text_3: autoDraw = true
24.43481999996584	EXP	text_3: autoDraw = false
24.43481999996584	EXP	text_3: autoDraw = false
24.43481999996584	EXP	text_2: autoDraw = true
24.43481999996584	EXP	text_2: text = 0
24.45138500002213	EXP	text_2: text = 17
24.46823499992024	EXP	text_2: text = 33
24.484844999969937	EXP	text_2: text = 50
24.501494999974966	EXP	text_2: text = 67
24.518139999941923	EXP	text_2: text = 84
24.534809999982826	EXP	text_2: text = 100
24.55149999994319	EXP	text_2: text = 117
24.568194999941625	EXP	text_2: text = 133
24.584979999926873	EXP	text_2: text = 149
24.601599999936298	EXP	text_2: text = 166
24.6182549999794	EXP	text_2: text = 184
24.634934999980032	EXP	text_2: text = 200
24.65159499994479	EXP	text_2: text = 217
24.66830000001937	EXP	text_2: text = 233
24.68490499991458	EXP	text_2: text = 250
24.70173500000965	EXP	text_2: text = 267
24.712189999991097	DATA	Keydown:  
24.719604999991134	EXP	text_2: text = 284
24.719604999991134	EXP	text_2: autoDraw = false
24.719604999991134	EXP	Feedback: text = 277
24.719604999991134	EXP	Feedback: autoDraw = true
25.719010000000708	EXP	Feedback: autoDraw = false
25.719010000000708	EXP	Feedback: autoDraw = false
25.719010000000708	EXP	text_3: autoDraw = true
28.88878499995917	EXP	text_3: autoDraw = false
28.88878499995917	EXP	text_3: autoDraw = false
28.88878499995917	EXP	text_2: autoDraw = true
28.88878499995917	EXP	text_2: text = 0
28.905120000010356	EXP	text_2: text = 17
28.92180000001099	EXP	text_2: text = 34
28.938574999920093	EXP	text_2: text = 51
28.955220000003465	EXP	text_2: text = 66
28.971795000019483	EXP	text_2: text = 83
28.98852499993518	EXP	text_2: text = 100
29.005219999933615	EXP	text_2: text = 117
29.02183999994304	EXP	text_2: text = 134
29.038515000022016	EXP	text_2: text = 151
29.055255000013858	EXP	text_2: text = 167
29.07200499996543	EXP	text_2: text = 185
29.088555000023916	EXP	text_2: text = 201
29.105284999939613	EXP	text_2: text = 217
29.121915000025183	EXP	text_2: text = 234
29.13857499998994	EXP	text_2: text = 251
29.15537499997299	EXP	text_2: text = 267
29.171979999984615	EXP	text_2: text = 284
29.18866500002332	EXP	text_2: text = 301
29.205364999943413	EXP	text_2: text = 318
29.22213999996893	EXP	text_2: text = 333
29.233529999968596	DATA	Keydown:  
29.239240000024438	EXP	text_2: text = 350
29.239240000024438	EXP	text_2: autoDraw = false
29.239240000024438	EXP	Feedback: text = 345
29.239240000024438	EXP	Feedback: autoDraw = true
30.23941499995999	EXP	Feedback: autoDraw = false
30.23941499995999	EXP	Feedback: autoDraw = false
30.23941499995999	EXP	text_3: autoDraw = true
39.3973550000228	EXP	text_3: autoDraw = false
39.3973550000228	EXP	text_3: autoDraw = false
39.3973550000228	EXP	text_2: autoDraw = true
39.3973550000228	EXP	text_2: text = 0
39.41375499998685	EXP	text_2: text = 17
39.430440000025555	EXP	text_2: text = 33
39.44705499999691	EXP	text_2: text = 50
39.46379499998875	EXP	text_2: text = 67
39.48050499998499	EXP	text_2: text = 83
39.49712999991607	EXP	text_2: text = 100
39.51385999994818	EXP	text_2: text = 117
39.53071500000078	EXP	text_2: text = 134
39.54720999998972	EXP	text_2: text = 150
39.56386999995448	EXP	text_2: text = 167
39.580784999998286	EXP	text_2: text = 184
39.59734999993816	EXP	text_2: text = 200
39.61398000002373	EXP	text_2: text = 217
39.63063000002876	EXP	text_2: text = 234
39.647259999997914	EXP	text_2: text = 250
39.663999999989755	EXP	text_2: text = 267
39.67573499993887	DATA	Keydown:  
39.682715000002645	EXP	text_2: text = 285
39.682715000002645	EXP	text_2: autoDraw = false
39.682715000002645	EXP	Feedback: text = 278
39.682715000002645	EXP	Feedback: autoDraw = true
40.6813550000079	EXP	Feedback: autoDraw = false
40.6813550000079	EXP	Feedback: autoDraw = false
40.6813550000079	EXP	text_3: autoDraw = true
50.22309500002302	EXP	text_3: autoDraw = false
50.22309500002302	EXP	text_3: autoDraw = false
50.22309500002302	EXP	text_2: autoDraw = true
50.22309500002302	EXP	text_2: text = 0
50.239369999966584	EXP	text_2: text = 16
50.25617499998771	EXP	text_2: text = 33
50.272709999931976	EXP	text_2: text = 49
50.28944500000216	EXP	text_2: text = 67
50.306140000000596	EXP	text_2: text = 83
50.32282499992289	EXP	text_2: text = 99
50.33944499993231	EXP	text_2: text = 116
50.356239999993704	EXP	text_2: text = 133
50.372904999996535	EXP	text_2: text = 150
50.38966999994591	EXP	text_2: text = 166
50.40625	EXP	text_2: text = 183
50.42288500000723	EXP	text_2: text = 200
50.43942499998957	EXP	text_2: text = 216
50.45931499998551	EXP	text_2: text = 237
50.47292500000913	EXP	text_2: text = 250
50.489594999933615	EXP	text_2: text = 266
50.50627499993425	EXP	text_2: text = 283
50.51025499997195	DATA	Keydown:  
50.523594999918714	EXP	text_2: text = 300
50.523594999918714	EXP	text_2: autoDraw = false
50.523594999918714	EXP	Feedback: text = 287
50.523594999918714	EXP	Feedback: autoDraw = true
51.523700000019744	EXP	Feedback: autoDraw = false
51.523700000019744	EXP	Feedback: autoDraw = false
51.523700000019744	EXP	text_3: autoDraw = true
55.07678499992471	EXP	text_3: autoDraw = false
55.07678499992471	EXP	text_3: autoDraw = false
55.07678499992471	EXP	text_2: autoDraw = true
55.07678499992471	EXP	text_2: text = 0
55.09339499997441	EXP	text_2: text = 17
55.110044999979436	EXP	text_2: text = 33
55.12680999992881	EXP	text_2: text = 50
55.14345500001218	EXP	text_2: text = 67
55.160009999992326	EXP	text_2: text = 83
55.17683499993291	EXP	text_2: text = 100
55.193525000009686	EXP	text_2: text = 117
55.210399999981746	EXP	text_2: text = 133
55.226825000019744	EXP	text_2: text = 150
55.24381999997422	EXP	text_2: text = 167
55.26027500000782	EXP	text_2: text = 184
55.2768399999477	EXP	text_2: text = 200
55.293605000013486	EXP	text_2: text = 217
55.30775999999605	EXP	text_2: text = 233
55.32696999993641	EXP	text_2: text = 250
55.34361999994144	EXP	text_2: text = 267
55.360319999977946	EXP	text_2: text = 284
55.37680999992881	EXP	text_2: text = 300
55.379985000006855	DATA	Keydown:  
55.393969999975525	EXP	text_2: text = 317
55.393969999975525	EXP	text_2: autoDraw = false
55.393969999975525	EXP	Feedback: text = 303
55.393969999975525	EXP	Feedback: autoDraw = true
56.39434999995865	EXP	Feedback: autoDraw = false
56.39434999995865	EXP	Feedback: autoDraw = false
56.39434999995865	EXP	text_3: autoDraw = true
63.05012499995064	EXP	text_3: autoDraw = false
63.05012499995064	EXP	text_3: autoDraw = false
63.05012499995064	EXP	text_2: autoDraw = true
63.05012499995064	EXP	text_2: text = 0
63.06720499997027	EXP	text_2: text = 18
63.083144999924116	EXP	text_2: text = 33
63.09996499994304	EXP	text_2: text = 51
63.11648999992758	EXP	text_2: text = 66
63.133224999997765	EXP	text_2: text = 84
63.14992499991786	EXP	text_2: text = 101
63.16663999995217	EXP	text_2: text = 117
63.1833349999506	EXP	text_2: text = 134
63.20020999992266	EXP	text_2: text = 150
63.216729999985546	EXP	text_2: text = 167
63.23340999998618	EXP	text_2: text = 183
63.25011999998242	EXP	text_2: text = 200
63.266839999938384	EXP	text_2: text = 216
63.28345999994781	EXP	text_2: text = 233
63.30005999992136	EXP	text_2: text = 250
63.316969999927096	EXP	text_2: text = 267
63.333600000012666	EXP	text_2: text = 283
63.350184999988414	EXP	text_2: text = 300
63.36690499994438	EXP	text_2: text = 317
63.38356999994721	EXP	text_2: text = 334
63.384740000008605	DATA	Keydown:  
63.400309999939054	EXP	text_2: text = 350
63.400309999939054	EXP	text_2: autoDraw = false
63.400309999939054	EXP	Feedback: text = 335
63.400309999939054	EXP	Feedback: autoDraw = true
64.40093000000343	EXP	Feedback: autoDraw = false
64.40093000000343	EXP	Feedback: autoDraw = false
64.40093000000343	EXP	text_3: autoDraw = true
72.42443499993533	EXP	text_3: autoDraw = false
72.42443499993533	EXP	text_3: autoDraw = false
72.42443499993533	EXP	text_2: autoDraw = true
72.42443499993533	EXP	text_2: text = 0
72.43821499997284	EXP	text_2: text = 16
72.45777500001714	EXP	text_2: text = 33
72.47432999999728	EXP	text_2: text = 50
72.4911500000162	EXP	text_2: text = 66
72.50793500000145	EXP	text_2: text = 83
72.52440999995451	EXP	text_2: text = 100
72.54115499998443	EXP	text_2: text = 117
72.55779499991331	EXP	text_2: text = 133
72.57473999995273	EXP	text_2: text = 150
72.59110499999952	EXP	text_2: text = 167
72.6077899999218	EXP	text_2: text = 183
72.62450499995612	EXP	text_2: text = 200
72.64136499993037	EXP	text_2: text = 216
72.65764500002842	EXP	text_2: text = 233
72.67446499993093	EXP	text_2: text = 251
72.69123999995645	EXP	text_2: text = 267
72.69498999998905	DATA	Keydown:  
72.70827499998268	EXP	text_2: text = 284
72.70827499998268	EXP	text_2: autoDraw = false
72.70827499998268	EXP	Feedback: text = 271
72.70827499998268	EXP	Feedback: autoDraw = true
73.70857499993872	EXP	Feedback: autoDraw = false
73.70857499993872	EXP	Feedback: autoDraw = false
73.70857499993872	EXP	text_3: autoDraw = true
83.06652499991469	EXP	text_3: autoDraw = false
83.06652499991469	EXP	text_3: autoDraw = false
83.06652499991469	EXP	text_2: autoDraw = true
83.06652499991469	EXP	text_2: text = 0
83.08316499995999	EXP	text_2: text = 16
83.09979499992914	EXP	text_2: text = 33
83.11641499993857	EXP	text_2: text = 50
83.13263000000734	EXP	text_2: text = 66
83.14980000001378	EXP	text_2: text = 83
83.16646500001661	EXP	text_2: text = 100
83.18313000001945	EXP	text_2: text = 117
83.19987499993294	EXP	text_2: text = 134
83.21656999993138	EXP	text_2: text = 150
83.23321500001475	EXP	text_2: text = 167
83.24989500001539	EXP	text_2: text = 183
83.26660500001162	EXP	text_2: text = 200
83.28324999997858	EXP	text_2: text = 217
83.29995999997482	EXP	text_2: text = 233
83.31673500000034	EXP	text_2: text = 249
83.33338500000536	EXP	text_2: text = 267
83.34993000002578	EXP	text_2: text = 283
83.36664499994367	EXP	text_2: text = 300
83.38339500001166	EXP	text_2: text = 317
83.39997999998741	EXP	text_2: text = 333
83.4066800000146	DATA	Keydown:  
83.41695500002243	EXP	text_2: text = 351
83.41695500002243	EXP	text_2: autoDraw = false
83.41695500002243	EXP	Feedback: text = 340
83.41695500002243	EXP	Feedback: autoDraw = true
84.41736500000115	EXP	Feedback: autoDraw = false
84.41736500000115	EXP	Feedback: autoDraw = false
84.41736500000115	EXP	text_3: autoDraw = true
86.6032150000101	EXP	text_3: autoDraw = false
86.6032150000101	EXP	text_3: autoDraw = false
86.6032150000101	EXP	text_2: autoDraw = true
86.6032150000101	EXP	text_2: text = 0
86.61942999996245	EXP	text_2: text = 16
86.63595999998506	EXP	text_2: text = 33
86.65264500002377	EXP	text_2: text = 50
86.6693100000266	EXP	text_2: text = 67
86.68598499998916	EXP	text_2: text = 83
86.70271500002127	EXP	text_2: text = 100
86.71940499998163	EXP	text_2: text = 117
86.73614499997348	EXP	text_2: text = 133
86.75277000002097	EXP	text_2: text = 150
86.76940999994986	EXP	text_2: text = 167
86.7861349999439	EXP	text_2: text = 183
86.80291500000749	EXP	text_2: text = 200
86.81955000001471	EXP	text_2: text = 216
86.83612999995239	EXP	text_2: text = 234
86.85286999994423	EXP	text_2: text = 250
86.86956999998074	EXP	text_2: text = 266
86.8861999999499	EXP	text_2: text = 283
86.902854999993	EXP	text_2: text = 300
86.91964500001632	EXP	text_2: text = 317
86.93622999999207	EXP	text_2: text = 334
86.9529099999927	EXP	text_2: text = 351
86.96958999999333	EXP	text_2: text = 367
86.9863099999493	EXP	text_2: text = 383
87.00303000002168	EXP	text_2: text = 401
87.01969500002451	EXP	text_2: text = 416
87.02082500001416	DATA	Keydown:  
87.03687499999069	EXP	text_2: text = 433
87.03687499999069	EXP	text_2: autoDraw = false
87.03687499999069	EXP	Feedback: text = 418
87.03687499999069	EXP	Feedback: autoDraw = true
88.037565000006	EXP	Feedback: autoDraw = false
88.037565000006	EXP	Feedback: autoDraw = false
88.037565000006	EXP	text_3: autoDraw = true
96.97814000002109	EXP	text_3: autoDraw = false
96.97814000002109	EXP	text_3: autoDraw = false
96.97814000002109	EXP	text_2: autoDraw = true
96.97814000002109	EXP	text_2: text = 0
96.99451999994926	EXP	text_2: text = 16
97.01114999991842	EXP	text_2: text = 34
97.02780499996152	EXP	text_2: text = 50
97.0445700000273	EXP	text_2: text = 67
97.061299999943	EXP	text_2: text = 83
97.07796499994583	EXP	text_2: text = 100
97.09457999991719	EXP	text_2: text = 117
97.11148999992292	EXP	text_2: text = 133
97.12797499995213	EXP	text_2: text = 150
97.14465499995276	EXP	text_2: text = 167
97.16132999991532	EXP	text_2: text = 184
97.17842499993276	EXP	text_2: text = 201
97.19482999993488	EXP	text_2: text = 216
97.2114199999487	EXP	text_2: text = 233
97.22802499996033	EXP	text_2: text = 250
97.24468999996316	EXP	text_2: text = 267
97.26136999996379	EXP	text_2: text = 284
97.27816500002518	EXP	text_2: text = 300
97.29472999996506	EXP	text_2: text = 317
97.31158999993932	EXP	text_2: text = 333
97.3131450000219	DATA	Keydown:  
97.32884999993257	EXP	text_2: text = 350
97.32884999993257	EXP	text_2: autoDraw = false
97.32884999993257	EXP	Feedback: text = 335
97.32884999993257	EXP	Feedback: autoDraw = true
98.32883499993477	EXP	Feedback: autoDraw = false
98.32883499993477	EXP	Feedback: autoDraw = false
98.32883499993477	EXP	text_3: autoDraw = true
107.70428499998525	EXP	text_3: autoDraw = false
107.70428499998525	EXP	text_3: autoDraw = false
107.70428499998525	EXP	text_2: autoDraw = true
107.70428499998525	EXP	text_2: text = 0
107.72003500000574	EXP	text_2: text = 16
107.73666499997489	EXP	text_2: text = 33
107.7534100000048	EXP	text_2: text = 49
107.77006999996956	EXP	text_2: text = 67
107.786764999968	EXP	text_2: text = 83
107.80346999992616	EXP	text_2: text = 99
107.82007499993779	EXP	text_2: text = 117
107.8367599999765	EXP	text_2: text = 133
107.85350999992806	EXP	text_2: text = 150
107.87017000000924	EXP	text_2: text = 166
107.88689500000328	EXP	text_2: text = 183
107.9034850000171	EXP	text_2: text = 200
107.92037499998696	EXP	text_2: text = 216
107.93695000000298	EXP	text_2: text = 233
107.95374499994796	EXP	text_2: text = 250
107.97033999999985	EXP	text_2: text = 266
107.9714999999851	DATA	Keydown:  
107.98717500001658	EXP	text_2: text = 282
107.98717500001658	EXP	text_2: autoDraw = false
107.98717500001658	EXP	Feedback: text = 267
107.98717500001658	EXP	Feedback: autoDraw = true
108.98763500002678	EXP	Feedback: autoDraw = false
108.98763500002678	EXP	Feedback: autoDraw = false
108.98763500002678	EXP	text_3: autoDraw = true
118.26223499991465	EXP	text_3: autoDraw = false
118.26223499991465	EXP	text_3: autoDraw = false
118.26223499991465	EXP	text_2: autoDraw = true
118.26223499991465	EXP	text_2: text = 0
118.27873499994166	EXP	text_2: text = 17
118.29540499998257	EXP	text_2: text = 34
118.3121149999788	EXP	text_2: text = 51
118.32873499998823	EXP	text_2: text = 67
118.34544499998447	EXP	text_2: text = 84
118.36219499993604	EXP	text_2: text = 101
118.37887000001501	EXP	text_2: text = 118
118.39554499997757	EXP	text_2: text = 134
118.41221500001848	EXP	text_2: text = 151
118.42884499998763	EXP	text_2: text = 168
118.4455499999458	EXP	text_2: text = 184
118.46230000001378	EXP	text_2: text = 201
118.4789050000254	EXP	text_2: text = 218
118.49589499994181	EXP	text_2: text = 234
118.51235999993514	EXP	text_2: text = 251
118.52902499993797	EXP	text_2: text = 267
118.54564999998547	EXP	text_2: text = 284
118.56239999993704	EXP	text_2: text = 301
118.57897999999113	EXP	text_2: text = 317
118.59574999997858	EXP	text_2: text = 334
118.59884499991313	DATA	Keydown:  
118.6129550000187	EXP	text_2: text = 351
118.6129550000187	EXP	text_2: autoDraw = false
118.6129550000187	EXP	Feedback: text = 337
118.6129550000187	EXP	Feedback: autoDraw = true
119.61306499992497	EXP	Feedback: autoDraw = false
119.61306499992497	EXP	Feedback: autoDraw = false
119.61306499992497	EXP	text_3: autoDraw = true
128.85440499999095	EXP	text_3: autoDraw = false
128.85440499999095	EXP	text_3: autoDraw = false
128.85440499999095	EXP	text_2: autoDraw = true
128.85440499999095	EXP	text_2: text = 0
128.87079999991693	EXP	text_2: text = 16
128.8874599999981	EXP	text_2: text = 33
128.90409999992698	EXP	text_2: text = 50
128.92076499992982	EXP	text_2: text = 67
128.93750499992166	EXP	text_2: text = 83
128.95418000000063	EXP	text_2: text = 100
128.9709899999434	EXP	text_2: text = 117
128.98751499992795	EXP	text_2: text = 133
129.004239999922	EXP	text_2: text = 150
129.02090000000317	EXP	text_2: text = 167
129.03759999992326	EXP	text_2: text = 183
129.0542799999239	EXP	text_2: text = 200
129.0709799999604	EXP	text_2: text = 217
129.08767499995884	EXP	text_2: text = 234
129.10433000000194	EXP	text_2: text = 250
129.1210499999579	EXP	text_2: text = 267
129.13769999996293	EXP	text_2: text = 284
129.1544049999211	EXP	text_2: text = 300
129.17229499993846	EXP	text_2: text = 317
129.17538499995135	DATA	Keydown:  
129.19054500001948	EXP	text_2: text = 334
129.19054500001948	EXP	text_2: autoDraw = false
129.19054500001948	EXP	Feedback: text = 321
129.19054500001948	EXP	Feedback: autoDraw = true
130.18851499992888	EXP	Feedback: autoDraw = false
130.18851499992888	EXP	Feedback: autoDraw = false
130.18851499992888	EXP	text_3: autoDraw = true
134.87580499995966	EXP	text_3: autoDraw = false
134.87580499995966	EXP	text_3: autoDraw = false
134.87580499995966	EXP	text_2: autoDraw = true
134.87580499995966	EXP	text_2: text = 0
134.89234000002034	EXP	text_2: text = 16
134.9091400000034	EXP	text_2: text = 34
134.9258849999169	EXP	text_2: text = 49
134.94254499999806	EXP	text_2: text = 66
134.95917499996722	EXP	text_2: text = 83
134.97601999994367	EXP	text_2: text = 99
134.9925149999326	EXP	text_2: text = 117
135.0091099999845	EXP	text_2: text = 133
135.02596999995876	EXP	text_2: text = 151
135.04255999997258	EXP	text_2: text = 167
135.0592900000047	EXP	text_2: text = 183
135.07597000000533	EXP	text_2: text = 200
135.09257500001695	EXP	text_2: text = 216
135.10941499995533	EXP	text_2: text = 233
135.12618499994278	EXP	text_2: text = 250
135.142744999961	EXP	text_2: text = 267
135.15937999996822	EXP	text_2: text = 284
135.1761749999132	EXP	text_2: text = 301
135.19276000000536	EXP	text_2: text = 317
135.20956999994814	EXP	text_2: text = 334
135.22620499995537	EXP	text_2: text = 350
135.242809999967	EXP	text_2: text = 367
135.2594650000101	EXP	text_2: text = 384
135.27610999997705	EXP	text_2: text = 400
135.2929099999601	EXP	text_2: text = 417
135.30941999994684	EXP	text_2: text = 434
135.32628499995917	EXP	text_2: text = 450
135.34286500001326	EXP	text_2: text = 467
135.34395999996923	DATA	Keydown:  
135.3600200000219	EXP	text_2: text = 484
135.3600200000219	EXP	text_2: autoDraw = false
135.3600200000219	EXP	Feedback: text = 468
135.3600200000219	EXP	Feedback: autoDraw = true
136.360219999915	EXP	Feedback: autoDraw = false
136.360219999915	EXP	Feedback: autoDraw = false
136.360219999915	EXP	text_3: autoDraw = true
140.96441999997478	EXP	text_3: autoDraw = false
140.96441999997478	EXP	text_3: autoDraw = false
140.96441999997478	EXP	text_2: autoDraw = true
140.96441999997478	EXP	text_2: text = 0
140.98063499992713	EXP	text_2: text = 16
140.99751999997534	EXP	text_2: text = 33
141.01418499997817	EXP	text_2: text = 49
141.03084499994293	EXP	text_2: text = 66
141.04747999995016	EXP	text_2: text = 83
141.0641749999486	EXP	text_2: text = 100
141.0808899999829	EXP	text_2: text = 117
141.0975300000282	EXP	text_2: text = 133
141.11427999997977	EXP	text_2: text = 150
141.13093999994453	EXP	text_2: text = 166
141.14882499992382	EXP	text_2: text = 184
141.16424999991432	EXP	text_2: text = 200
141.18102499993984	EXP	text_2: text = 216
141.19773499993607	EXP	text_2: text = 233
141.21435000002384	EXP	text_2: text = 249
141.23097499995492	EXP	text_2: text = 267
141.24769999994896	EXP	text_2: text = 284
141.2642549999291	EXP	text_2: text = 299
141.28102999995463	EXP	text_2: text = 317
141.2977800000226	EXP	text_2: text = 333
141.31443000002764	EXP	text_2: text = 350
141.3312450000085	EXP	text_2: text = 367
141.3480199999176	EXP	text_2: text = 383
141.3646599999629	EXP	text_2: text = 400
141.3813000000082	EXP	text_2: text = 417
141.38244499999564	DATA	Keydown:  
141.39833999995608	EXP	text_2: text = 433
141.39833999995608	EXP	text_2: autoDraw = false
141.39833999995608	EXP	Feedback: text = 418
141.39833999995608	EXP	Feedback: autoDraw = true
142.3990449999692	EXP	Feedback: autoDraw = false
142.3990449999692	EXP	Feedback: autoDraw = false
142.3990449999692	EXP	text_3: autoDraw = true
150.32186499994714	EXP	text_3: autoDraw = false
150.32186499994714	EXP	text_3: autoDraw = false
150.32186499994714	EXP	text_2: autoDraw = true
150.32186499994714	EXP	text_2: text = 0
150.33841500000563	EXP	text_2: text = 17
150.35512500000186	EXP	text_2: text = 34
150.37185499991756	EXP	text_2: text = 50
150.38852499995846	EXP	text_2: text = 67
150.40525499999058	EXP	text_2: text = 84
150.4219199999934	EXP	text_2: text = 100
150.43845999997575	EXP	text_2: text = 116
150.45525499992073	EXP	text_2: text = 134
150.4719150000019	EXP	text_2: text = 150
150.48858999996446	EXP	text_2: text = 167
150.5053149999585	EXP	text_2: text = 184
150.52200499991886	EXP	text_2: text = 201
150.53879000002053	EXP	text_2: text = 216
150.55531999992672	EXP	text_2: text = 233
150.57209499995224	EXP	text_2: text = 250
150.58870500000194	EXP	text_2: text = 267
150.60537499992643	EXP	text_2: text = 284
150.6220350000076	EXP	text_2: text = 301
150.63873000000603	EXP	text_2: text = 317
150.655449999962	EXP	text_2: text = 334
150.66243499994744	DATA	Keydown:  
150.6734249999281	EXP	text_2: text = 351
150.6734249999281	EXP	text_2: autoDraw = false
150.6734249999281	EXP	Feedback: text = 341
150.6734249999281	EXP	Feedback: autoDraw = true
151.67285999993328	EXP	Feedback: autoDraw = false
151.67285999993328	EXP	Feedback: autoDraw = false
151.67285999993328	EXP	text_3: autoDraw = true
154.29181500000414	EXP	text_3: autoDraw = false
154.29181500000414	EXP	text_3: autoDraw = false
154.29181500000414	EXP	text_2: autoDraw = true
154.29181500000414	EXP	text_2: text = 0
154.30845000001136	EXP	text_2: text = 17
154.3252499999944	EXP	text_2: text = 34
154.34182500001043	EXP	text_2: text = 50
154.35850999993272	EXP	text_2: text = 66
154.3751700000139	EXP	text_2: text = 84
154.3920049999142	EXP	text_2: text = 100
154.4085099999793	EXP	text_2: text = 117
154.42521999997552	EXP	text_2: text = 134
154.44197499996517	EXP	text_2: text = 150
154.4586699999636	EXP	text_2: text = 167
154.4753700000001	EXP	text_2: text = 184
154.49193499993999	EXP	text_2: text = 200
154.5087399999611	EXP	text_2: text = 217
154.52536999993026	EXP	text_2: text = 235
154.5419899999397	EXP	text_2: text = 251
154.5587199999718	EXP	text_2: text = 267
154.57526999991387	EXP	text_2: text = 284
154.5921049999306	EXP	text_2: text = 300
154.60873500001617	EXP	text_2: text = 317
154.62536499998532	EXP	text_2: text = 335
154.6420849999413	EXP	text_2: text = 351
154.65876499994192	EXP	text_2: text = 367
154.67542999994475	EXP	text_2: text = 384
154.69209999998566	EXP	text_2: text = 401
154.70886499993503	EXP	text_2: text = 417
154.72581999993417	EXP	text_2: text = 434
154.73572999995667	DATA	Keydown:  
154.7428249999648	EXP	text_2: text = 451
154.7428249999648	EXP	text_2: autoDraw = false
154.7428249999648	EXP	Feedback: text = 444
154.7428249999648	EXP	Feedback: autoDraw = true
155.74290499999188	EXP	Feedback: autoDraw = false
155.74290499999188	EXP	Feedback: autoDraw = false
155.74290499999188	EXP	text_3: autoDraw = true
165.1182249999838	EXP	text_3: autoDraw = false
165.1182249999838	EXP	text_3: autoDraw = false
165.1182249999838	EXP	text_2: autoDraw = true
165.1182249999838	EXP	text_2: text = 0
165.13419999997132	EXP	text_2: text = 18
165.15072999999393	EXP	text_2: text = 33
165.16734499996528	EXP	text_2: text = 50
165.18411499995273	EXP	text_2: text = 67
165.20074499992188	EXP	text_2: text = 83
165.21739999996498	EXP	text_2: text = 100
165.2341449999949	EXP	text_2: text = 117
165.25078499992378	EXP	text_2: text = 133
165.26753499999177	EXP	text_2: text = 150
165.28421999991406	EXP	text_2: text = 166
165.3008999999147	EXP	text_2: text = 183
165.31762500002515	EXP	text_2: text = 200
165.33437499997672	EXP	text_2: text = 217
165.35106499993708	EXP	text_2: text = 234
165.36783000000287	EXP	text_2: text = 250
165.38441499997862	EXP	text_2: text = 267
165.40108500001952	EXP	text_2: text = 283
165.41773500002455	EXP	text_2: text = 301
165.4344249999849	EXP	text_2: text = 317
165.45108999998774	EXP	text_2: text = 334
165.457914999919	DATA	Keydown:  
165.46917499997653	EXP	text_2: text = 350
165.46917499997653	EXP	text_2: autoDraw = false
165.46917499997653	EXP	Feedback: text = 340
165.46917499997653	EXP	Feedback: autoDraw = true
166.46832999994513	EXP	Feedback: autoDraw = false
166.46832999994513	EXP	Feedback: autoDraw = false
166.46832999994513	EXP	text_3: autoDraw = true
169.55474499997217	EXP	text_3: autoDraw = false
169.55474499997217	EXP	text_3: autoDraw = false
169.55474499997217	EXP	text_2: autoDraw = true
169.55474499997217	EXP	text_2: text = 0
169.57108000002336	EXP	text_2: text = 17
169.5877300000284	EXP	text_2: text = 33
169.60427999997046	EXP	text_2: text = 50
169.62109999998938	EXP	text_2: text = 67
169.63792499992996	EXP	text_2: text = 84
169.65460000000894	EXP	text_2: text = 100
169.67123999993782	EXP	text_2: text = 117
169.68782999995165	EXP	text_2: text = 133
169.70445499999914	EXP	text_2: text = 150
169.7211149999639	EXP	text_2: text = 167
169.73777999996673	EXP	text_2: text = 184
169.75488999998197	EXP	text_2: text = 201
169.7711999999592	EXP	text_2: text = 217
169.7878100000089	EXP	text_2: text = 234
169.80449000000954	EXP	text_2: text = 251
169.82115999993403	EXP	text_2: text = 267
169.8380350000225	EXP	text_2: text = 284
169.85987499996554	EXP	text_2: text = 300
169.8712349999696	EXP	text_2: text = 317
169.87784999993164	DATA	Keydown:  
169.88941499998327	EXP	text_2: text = 334
169.88941499998327	EXP	text_2: autoDraw = false
169.88941499998327	EXP	Feedback: text = 323
169.88941499998327	EXP	Feedback: autoDraw = true
170.8887199999299	EXP	Feedback: autoDraw = false
170.8887199999299	EXP	Feedback: autoDraw = false
170.8887199999299	EXP	text_3: autoDraw = true
175.9763699999312	EXP	text_3: autoDraw = false
175.9763699999312	EXP	text_3: autoDraw = false
175.9763699999312	EXP	text_2: autoDraw = true
175.9763699999312	EXP	text_2: text = 0
175.99295999994501	EXP	text_2: text = 17
176.0097250000108	EXP	text_2: text = 33
176.02634999994189	EXP	text_2: text = 50
176.04302500002086	EXP	text_2: text = 66
176.0597200000193	EXP	text_2: text = 83
176.07655999995768	EXP	text_2: text = 101
176.0931349999737	EXP	text_2: text = 117
176.10970499995165	EXP	text_2: text = 134
176.1265349999303	EXP	text_2: text = 149
176.14315000001807	EXP	text_2: text = 167
176.15986999997403	EXP	text_2: text = 183
176.17673499998637	EXP	text_2: text = 201
176.19322499993723	EXP	text_2: text = 217
176.20985999994446	EXP	text_2: text = 233
176.22649999998976	EXP	text_2: text = 250
176.24323000002187	EXP	text_2: text = 267
176.2598950000247	EXP	text_2: text = 284
176.26096500002313	DATA	Keydown:  
176.27714999997988	EXP	text_2: text = 300
176.27714999997988	EXP	text_2: autoDraw = false
176.27714999997988	EXP	Feedback: text = 285
176.27714999997988	EXP	Feedback: autoDraw = true
177.27724999992643	EXP	Feedback: autoDraw = false
177.27724999992643	EXP	Feedback: autoDraw = false
177.27724999992643	EXP	text_3: autoDraw = true
183.86632999998983	EXP	text_3: autoDraw = false
183.86632999998983	EXP	text_3: autoDraw = false
183.86632999998983	EXP	text_2: autoDraw = true
183.86632999998983	EXP	text_2: text = 0
183.88266999996267	EXP	text_2: text = 16
183.89943500002846	EXP	text_2: text = 34
183.9162050000159	EXP	text_2: text = 50
183.93293999996968	EXP	text_2: text = 67
183.94958000001498	EXP	text_2: text = 83
183.96642499999143	EXP	text_2: text = 99
183.9829299999401	EXP	text_2: text = 116
183.99966500001028	EXP	text_2: text = 133
184.01634999993257	EXP	text_2: text = 150
184.032894999953	EXP	text_2: text = 166
184.04987999994773	EXP	text_2: text = 184
184.066370000015	EXP	text_2: text = 200
184.0830399999395	EXP	text_2: text = 217
184.1000200000126	EXP	text_2: text = 233
184.11640499997884	EXP	text_2: text = 250
184.13306999998167	EXP	text_2: text = 267
184.1497799999779	EXP	text_2: text = 284
184.16640999994706	EXP	text_2: text = 300
184.1830149999587	EXP	text_2: text = 316
184.2000199999893	EXP	text_2: text = 333
184.21649999998044	EXP	text_2: text = 350
184.2332199999364	EXP	text_2: text = 366
184.24988499993924	EXP	text_2: text = 383
184.2665300000226	EXP	text_2: text = 400
184.26762499997858	DATA	Keydown:  
184.28347999998368	EXP	text_2: text = 417
184.28347999998368	EXP	text_2: autoDraw = false
184.28347999998368	EXP	Feedback: text = 401
184.28347999998368	EXP	Feedback: autoDraw = true
185.2844599999953	EXP	Feedback: autoDraw = false
185.2844599999953	EXP	Feedback: autoDraw = false
185.2844599999953	EXP	text_3: autoDraw = true
191.53950999991503	EXP	text_3: autoDraw = false
191.53950999991503	EXP	text_3: autoDraw = false
191.53950999991503	EXP	text_2: autoDraw = true
191.53950999991503	EXP	text_2: text = 0
191.55570499994792	EXP	text_2: text = 16
191.5724850000115	EXP	text_2: text = 34
191.5892149999272	EXP	text_2: text = 50
191.60589499992784	EXP	text_2: text = 67
191.62248000002	EXP	text_2: text = 83
191.63915499998257	EXP	text_2: text = 100
191.65588999993633	EXP	text_2: text = 118
191.67255499993917	EXP	text_2: text = 134
191.6893249999266	EXP	text_2: text = 151
191.7059799999697	EXP	text_2: text = 167
191.72286999993958	EXP	text_2: text = 183
191.7393049999373	EXP	text_2: text = 200
191.75599999993574	EXP	text_2: text = 216
191.77269499993417	EXP	text_2: text = 233
191.7894249999663	EXP	text_2: text = 250
191.80597500002477	EXP	text_2: text = 267
191.82279000000563	EXP	text_2: text = 284
191.83945500000846	EXP	text_2: text = 300
191.85612499993294	EXP	text_2: text = 318
191.87274999998044	EXP	text_2: text = 334
191.88942000002135	EXP	text_2: text = 350
191.90616999997292	EXP	text_2: text = 367
191.9227049999172	EXP	text_2: text = 383
191.93951499997638	EXP	text_2: text = 401
191.9415700000245	DATA	Keydown:  
191.95628499996383	EXP	text_2: text = 417
191.95628499996383	EXP	text_2: autoDraw = false
191.95628499996383	EXP	Feedback: text = 402
191.95628499996383	EXP	Feedback: autoDraw = true
192.95692499994766	EXP	Feedback: autoDraw = false
192.95692499994766	EXP	Feedback: autoDraw = false
192.95692499994766	EXP	text_3: autoDraw = true
195.22562499996275	EXP	text_3: autoDraw = false
195.22562499996275	EXP	text_3: autoDraw = false
195.22562499996275	EXP	text_2: autoDraw = true
195.22562499996275	EXP	text_2: text = 0
195.2421499999473	EXP	text_2: text = 17
195.25885999994352	EXP	text_2: text = 33
195.27559999993537	EXP	text_2: text = 50
195.2921899999492	EXP	text_2: text = 67
195.3089499999769	EXP	text_2: text = 83
195.32555499998853	EXP	text_2: text = 100
195.3423649999313	EXP	text_2: text = 117
195.35904499993194	EXP	text_2: text = 133
195.37569999997504	EXP	text_2: text = 150
195.39234000002034	EXP	text_2: text = 166
195.40899499994703	EXP	text_2: text = 183
195.42571999994107	EXP	text_2: text = 200
195.44238999998197	EXP	text_2: text = 217
195.4590249999892	EXP	text_2: text = 234
195.4757250000257	EXP	text_2: text = 250
195.49245999997947	EXP	text_2: text = 267
195.50914500001818	EXP	text_2: text = 284
195.52585500001442	EXP	text_2: text = 300
195.5423849999206	EXP	text_2: text = 316
195.55154999997467	DATA	Keydown:  
195.55936999991536	EXP	text_2: text = 333
195.55936999991536	EXP	text_2: autoDraw = false
195.55936999991536	EXP	Feedback: text = 326
195.55936999991536	EXP	Feedback: autoDraw = true
196.55985999992117	EXP	Feedback: autoDraw = false
196.55985999992117	EXP	Feedback: autoDraw = false
196.55985999992117	EXP	text_3: autoDraw = true
203.2490299999481	EXP	text_3: autoDraw = false
203.2490299999481	EXP	text_3: autoDraw = false
203.2490299999481	EXP	text_2: autoDraw = true
203.2490299999481	EXP	text_2: text = 0
203.26543000002857	EXP	text_2: text = 17
203.28215999994427	EXP	text_2: text = 33
203.29880500002764	EXP	text_2: text = 50
203.31551999994554	EXP	text_2: text = 67
203.33220499998424	EXP	text_2: text = 83
203.34889999998268	EXP	text_2: text = 100
203.36568499996793	EXP	text_2: text = 117
203.38225499994587	EXP	text_2: text = 133
203.3989199999487	EXP	text_2: text = 150
203.41561499994714	EXP	text_2: text = 167
203.43231499998365	EXP	text_2: text = 183
203.448929999955	EXP	text_2: text = 200
203.46584999992047	EXP	text_2: text = 216
203.48237999994308	EXP	text_2: text = 233
203.49901999998838	EXP	text_2: text = 250
203.5169749999186	EXP	text_2: text = 269
203.5323399999179	EXP	text_2: text = 284
203.548994999961	EXP	text_2: text = 300
203.56582999997772	EXP	text_2: text = 316
203.58244499994908	EXP	text_2: text = 333
203.59915999998339	EXP	text_2: text = 350
203.61585499998182	EXP	text_2: text = 367
203.63251499994658	EXP	text_2: text = 384
203.6491799999494	EXP	text_2: text = 400
203.66579999995884	EXP	text_2: text = 417
203.68252999999095	EXP	text_2: text = 433
203.68718000000808	DATA	Keydown:  
203.70022499992047	EXP	text_2: text = 450
203.70022499992047	EXP	text_2: autoDraw = false
203.70022499992047	EXP	Feedback: text = 438
203.70022499992047	EXP	Feedback: autoDraw = true
204.7000499999849	EXP	Feedback: autoDraw = false
204.7000499999849	EXP	Feedback: autoDraw = false
204.7000499999849	EXP	text_3: autoDraw = true
207.552864999976	EXP	text_3: autoDraw = false
207.552864999976	EXP	text_3: autoDraw = false
207.552864999976	EXP	text_2: autoDraw = true
207.552864999976	EXP	text_2: text = 0
207.56901999993715	EXP	text_2: text = 16
207.58571000001393	EXP	text_2: text = 33
207.6023699999787	EXP	text_2: text = 50
207.61899999994785	EXP	text_2: text = 66
207.63568499998655	EXP	text_2: text = 83
207.6523949999828	EXP	text_2: text = 100
207.66906999994535	EXP	text_2: text = 117
207.68581499997526	EXP	text_2: text = 134
207.70245999994222	EXP	text_2: text = 150
207.71909999998752	EXP	text_2: text = 167
207.7357549999142	EXP	text_2: text = 184
207.75251499994192	EXP	text_2: text = 200
207.7691900000209	EXP	text_2: text = 217
207.78587999998126	EXP	text_2: text = 233
207.802864999976	EXP	text_2: text = 251
207.81931499997154	EXP	text_2: text = 266
207.83596499997657	EXP	text_2: text = 283
207.8524899999611	EXP	text_2: text = 299
207.8692850000225	EXP	text_2: text = 317
207.8858899999177	EXP	text_2: text = 334
207.90275000000838	EXP	text_2: text = 350
207.91935999994166	EXP	text_2: text = 366
207.93599999998696	EXP	text_2: text = 383
207.95265999995172	EXP	text_2: text = 400
207.96102499996778	DATA	Keydown:  
207.97050499997567	EXP	text_2: text = 417
207.97050499997567	EXP	text_2: autoDraw = false
207.97050499997567	EXP	Feedback: text = 408
207.97050499997567	EXP	Feedback: autoDraw = true
208.97008999995887	EXP	Feedback: autoDraw = false
208.97008999995887	EXP	Feedback: autoDraw = false
208.97008999995887	EXP	text_3: autoDraw = true
218.27833999996074	EXP	text_3: autoDraw = false
218.27833999996074	EXP	text_3: autoDraw = false
218.27833999996074	EXP	text_2: autoDraw = true
218.27833999996074	EXP	text_2: text = 0
218.29457499994896	EXP	text_2: text = 16
218.31114999996498	EXP	text_2: text = 33
218.32780999992974	EXP	text_2: text = 49
218.34450999996625	EXP	text_2: text = 66
218.36118999996688	EXP	text_2: text = 83
218.37790999992285	EXP	text_2: text = 100
218.3946199999191	EXP	text_2: text = 117
218.41136000002734	EXP	text_2: text = 133
218.42799499991816	EXP	text_2: text = 149
218.44466999999713	EXP	text_2: text = 166
218.4612649999326	EXP	text_2: text = 183
218.47801999992225	EXP	text_2: text = 200
218.49466500000563	EXP	text_2: text = 216
218.51137500000186	EXP	text_2: text = 233
218.52800499997102	EXP	text_2: text = 250
218.5447549999226	EXP	text_2: text = 267
218.5613949999679	EXP	text_2: text = 283
218.5781100000022	EXP	text_2: text = 300
218.59475499996915	EXP	text_2: text = 317
218.611419999972	EXP	text_2: text = 333
218.6283500000136	EXP	text_2: text = 350
218.62970499997027	DATA	Keydown:  
218.64593499992043	EXP	text_2: text = 367
218.64593499992043	EXP	text_2: autoDraw = false
218.64593499992043	EXP	Feedback: text = 351
218.64593499992043	EXP	Feedback: autoDraw = true
219.6455249999417	EXP	Feedback: autoDraw = false
219.6455249999417	EXP	Feedback: autoDraw = false
219.6455249999417	EXP	text_3: autoDraw = true
224.26618499995675	EXP	text_3: autoDraw = false
224.26618499995675	EXP	text_3: autoDraw = false
224.26618499995675	EXP	text_2: autoDraw = true
224.26618499995675	EXP	text_2: text = 0
224.2828149999259	EXP	text_2: text = 17
224.29950500000268	EXP	text_2: text = 33
224.3160650000209	EXP	text_2: text = 49
224.33278499997687	EXP	text_2: text = 67
224.34948500001337	EXP	text_2: text = 83
224.36611499998253	EXP	text_2: text = 100
224.38286000001244	EXP	text_2: text = 117
224.39957499993034	EXP	text_2: text = 133
224.41633499995805	EXP	text_2: text = 150
224.4329499999294	EXP	text_2: text = 166
224.449729999993	EXP	text_2: text = 183
224.46629499993287	EXP	text_2: text = 200
224.48297000001185	EXP	text_2: text = 217
224.4996599999722	EXP	text_2: text = 233
224.51636999996845	EXP	text_2: text = 250
224.53310499992222	EXP	text_2: text = 267
224.5497500000056	EXP	text_2: text = 283
224.56644500000402	EXP	text_2: text = 300
224.58309500000905	EXP	text_2: text = 317
224.59970000002068	EXP	text_2: text = 334
224.61644499993417	EXP	text_2: text = 350
224.6330649999436	EXP	text_2: text = 367
224.64982499997132	EXP	text_2: text = 384
224.666435000021	EXP	text_2: text = 400
224.68317500001285	EXP	text_2: text = 416
224.6998499999754	EXP	text_2: text = 434
224.71649999998044	EXP	text_2: text = 450
224.7176099999342	DATA	Keydown:  
224.7340199999744	EXP	text_2: text = 467
224.7340199999744	EXP	text_2: autoDraw = false
224.7340199999744	EXP	Feedback: text = 451
224.7340199999744	EXP	Feedback: autoDraw = true
225.73393500002567	EXP	Feedback: autoDraw = false
225.73393500002567	EXP	Feedback: autoDraw = false
225.73393500002567	EXP	text_3: autoDraw = true
229.92129500000738	EXP	text_3: autoDraw = false
229.92129500000738	EXP	text_3: autoDraw = false
229.92129500000738	EXP	text_2: autoDraw = true
229.92129500000738	EXP	text_2: text = 0
229.93741999997292	EXP	text_2: text = 16
229.95410500001162	EXP	text_2: text = 33
229.9707899999339	EXP	text_2: text = 50
229.98742000001948	EXP	text_2: text = 67
230.00413999997545	EXP	text_2: text = 84
230.0207999999402	EXP	text_2: text = 100
230.03760499996133	EXP	text_2: text = 117
230.05421999993268	EXP	text_2: text = 133
230.0708699999377	EXP	text_2: text = 150
230.08751500002109	EXP	text_2: text = 167
230.1042899999302	EXP	text_2: text = 183
230.12098000000697	EXP	text_2: text = 200
230.1376000000164	EXP	text_2: text = 217
230.15446999995038	EXP	text_2: text = 232
230.17120500002056	EXP	text_2: text = 249
230.1876700000139	EXP	text_2: text = 266
230.20433500001673	EXP	text_2: text = 283
230.22103000001516	EXP	text_2: text = 300
230.2376299999887	EXP	text_2: text = 317
230.25438499997836	EXP	text_2: text = 333
230.27123999991454	EXP	text_2: text = 351
230.28784499992616	EXP	text_2: text = 367
230.30429999995977	EXP	text_2: text = 383
230.3210399999516	EXP	text_2: text = 400
230.32853499997873	DATA	Keydown:  
230.33874499995727	EXP	text_2: text = 417
230.33874499995727	EXP	text_2: autoDraw = false
230.33874499995727	EXP	Feedback: text = 407
230.33874499995727	EXP	Feedback: autoDraw = true
231.3384799999185	EXP	Feedback: autoDraw = false
231.3384799999185	EXP	Feedback: autoDraw = false
231.3384799999185	EXP	text_3: autoDraw = true
241.01333999994677	EXP	text_3: autoDraw = false
241.01333999994677	EXP	text_3: autoDraw = false
241.01333999994677	EXP	text_2: autoDraw = true
241.01333999994677	EXP	text_2: text = 0
241.03009000001475	EXP	text_2: text = 17
241.04660499992315	EXP	text_2: text = 35
241.06332499999553	EXP	text_2: text = 51
241.08000499999616	EXP	text_2: text = 67
241.09667999995872	EXP	text_2: text = 84
241.11334499996156	EXP	text_2: text = 101
241.1308199999621	EXP	text_2: text = 119
241.14670499996282	EXP	text_2: text = 135
241.16340499999933	EXP	text_2: text = 151
241.18004000000656	EXP	text_2: text = 167
241.19669499993324	EXP	text_2: text = 184
241.21341999992728	EXP	text_2: text = 201
241.2301349999616	EXP	text_2: text = 217
241.24671999993734	EXP	text_2: text = 234
241.26341499993578	EXP	text_2: text = 251
241.2801299999701	EXP	text_2: text = 268
241.29690999991726	EXP	text_2: text = 284
241.29827000002842	DATA	Keydown:  
241.31375500001013	EXP	text_2: text = 301
241.31375500001013	EXP	text_2: autoDraw = false
241.31375500001013	EXP	Feedback: text = 285
241.31375500001013	EXP	Feedback: autoDraw = true
242.3142799999332	EXP	Feedback: autoDraw = false
242.3142799999332	EXP	Feedback: autoDraw = false
242.3142799999332	EXP	text_3: autoDraw = true
251.65551499999128	EXP	text_3: autoDraw = false
251.65551499999128	EXP	text_3: autoDraw = false
251.65551499999128	EXP	text_2: autoDraw = true
251.65551499999128	EXP	text_2: text = 0
251.6720600000117	EXP	text_2: text = 17
251.68871000001673	EXP	text_2: text = 34
251.70536999998149	EXP	text_2: text = 51
251.72210999997333	EXP	text_2: text = 67
251.73877499997616	EXP	text_2: text = 84
251.7554249999812	EXP	text_2: text = 100
251.77214499993715	EXP	text_2: text = 117
251.78634499991313	EXP	text_2: text = 133
251.80544999998529	EXP	text_2: text = 150
251.8220699999947	EXP	text_2: text = 167
251.83883000002243	EXP	text_2: text = 185
251.85570999991614	EXP	text_2: text = 200
251.87232999992557	EXP	text_2: text = 217
251.88891500001773	EXP	text_2: text = 233
251.90555499994662	EXP	text_2: text = 250
251.92223999998532	EXP	text_2: text = 267
251.93900000001304	EXP	text_2: text = 284
251.9556749999756	EXP	text_2: text = 300
251.97222499991767	EXP	text_2: text = 317
251.98894499999005	EXP	text_2: text = 334
252.00570500001777	EXP	text_2: text = 351
252.00894999993034	DATA	Keydown:  
252.02277499996126	EXP	text_2: text = 367
252.02277499996126	EXP	text_2: autoDraw = false
252.02277499996126	EXP	Feedback: text = 353
252.02277499996126	EXP	Feedback: autoDraw = true
253.02448000002187	EXP	Feedback: autoDraw = false
253.02448000002187	EXP	Feedback: autoDraw = false
253.02448000002187	EXP	text_3: autoDraw = true
258.6785549999913	EXP	text_3: autoDraw = false
258.6785549999913	EXP	text_3: autoDraw = false
258.6785549999913	EXP	text_2: autoDraw = true
258.6785549999913	EXP	text_2: text = 0
258.69441999995615	EXP	text_2: text = 17
258.7110949999187	EXP	text_2: text = 33
258.7277549999999	EXP	text_2: text = 50
258.7444699999178	EXP	text_2: text = 66
258.76117499999236	EXP	text_2: text = 84
258.77781499992125	EXP	text_2: text = 100
258.7945850000251	EXP	text_2: text = 117
258.81121499999426	EXP	text_2: text = 133
258.8279450000264	EXP	text_2: text = 150
258.8447649999289	EXP	text_2: text = 166
258.8612599999178	EXP	text_2: text = 184
258.87801999994554	EXP	text_2: text = 200
258.8947850000113	EXP	text_2: text = 217
258.9112599999644	EXP	text_2: text = 232
258.92796499992255	EXP	text_2: text = 250
258.9447950000176	EXP	text_2: text = 266
258.9614499999443	EXP	text_2: text = 283
258.97812999994494	EXP	text_2: text = 300
258.99476999999024	EXP	text_2: text = 316
259.01138999999966	EXP	text_2: text = 333
259.02807999996	EXP	text_2: text = 351
259.038959999918	DATA	Keydown:  
259.0457649999298	EXP	text_2: text = 366
259.0457649999298	EXP	text_2: autoDraw = false
259.0457649999298	EXP	Feedback: text = 360
259.0457649999298	EXP	Feedback: autoDraw = true
260.045524999965	EXP	Feedback: autoDraw = false
260.045524999965	EXP	Feedback: autoDraw = false
260.045524999965	EXP	text_3: autoDraw = true
268.31998999998905	EXP	text_3: autoDraw = false
268.31998999998905	EXP	text_3: autoDraw = false
268.31998999998905	EXP	text_2: autoDraw = true
268.31998999998905	EXP	text_2: text = 0
268.33571999997366	EXP	text_2: text = 16
268.3524299999699	EXP	text_2: text = 33
268.36909499997273	EXP	text_2: text = 50
268.3856900000246	EXP	text_2: text = 66
268.4030849999981	EXP	text_2: text = 84
268.41922499996144	EXP	text_2: text = 100
268.43593999999575	EXP	text_2: text = 116
268.4526049999986	EXP	text_2: text = 133
268.46935499995016	EXP	text_2: text = 149
268.4859549999237	EXP	text_2: text = 166
268.50257499993313	EXP	text_2: text = 183
268.51923999993596	EXP	text_2: text = 199
268.53601999999955	EXP	text_2: text = 216
268.5525849999394	EXP	text_2: text = 232
268.5693200000096	EXP	text_2: text = 250
268.5859599999385	EXP	text_2: text = 267
268.60263999993913	EXP	text_2: text = 283
268.6146699999226	DATA	Keydown:  
268.6206049999455	EXP	text_2: text = 300
268.6206049999455	EXP	text_2: autoDraw = false
268.6206049999455	EXP	Feedback: text = 295
268.6206049999455	EXP	Feedback: autoDraw = true
269.6200549999485	EXP	Feedback: autoDraw = false
269.6200549999485	EXP	Feedback: autoDraw = false
269.6200549999485	EXP	text_3: autoDraw = true
276.5092500000028	EXP	text_3: autoDraw = false
276.5092500000028	EXP	text_3: autoDraw = false
276.5092500000028	EXP	text_2: autoDraw = true
276.5092500000028	EXP	text_2: text = 0
276.525810000021	EXP	text_2: text = 17
276.5423399999272	EXP	text_2: text = 33
276.5592600000091	EXP	text_2: text = 50
276.5757599999197	EXP	text_2: text = 66
276.5925949999364	EXP	text_2: text = 83
276.609124999959	EXP	text_2: text = 100
276.6259350000182	EXP	text_2: text = 117
276.64260000002105	EXP	text_2: text = 133
276.6594599999953	EXP	text_2: text = 149
276.676039999933	EXP	text_2: text = 167
276.6926949999761	EXP	text_2: text = 183
276.70942999992985	EXP	text_2: text = 200
276.7261249999283	EXP	text_2: text = 216
276.7427299999399	EXP	text_2: text = 233
276.75940999994054	EXP	text_2: text = 250
276.7760850000195	EXP	text_2: text = 267
276.7927249999484	EXP	text_2: text = 284
276.80955999996513	EXP	text_2: text = 300
276.82616499997675	EXP	text_2: text = 317
276.8430549999466	EXP	text_2: text = 334
276.85974999994505	EXP	text_2: text = 351
276.87629499996547	EXP	text_2: text = 367
276.89292000001296	EXP	text_2: text = 384
276.90960499993525	EXP	text_2: text = 401
276.9262549999403	EXP	text_2: text = 417
276.9430949999951	EXP	text_2: text = 433
276.95964499993715	EXP	text_2: text = 450
276.97629999998026	EXP	text_2: text = 467
276.9928999999538	EXP	text_2: text = 484
277.00960999995004	EXP	text_2: text = 500
277.02630999998655	EXP	text_2: text = 517
277.02882999996655	DATA	Keydown:  
277.04308500001207	EXP	text_2: text = 534
277.04308500001207	EXP	text_2: autoDraw = false
277.04308500001207	EXP	Feedback: text = 520
277.04308500001207	EXP	Feedback: autoDraw = true
278.04379499994684	EXP	Feedback: autoDraw = false
278.04379499994684	EXP	Feedback: autoDraw = false
278.04379499994684	EXP	text_3: autoDraw = true
285.4165400000056	EXP	text_3: autoDraw = false
285.4165400000056	EXP	text_3: autoDraw = false
285.4165400000056	EXP	text_2: autoDraw = true
285.4165400000056	EXP	text_2: text = 0
285.4331949999323	EXP	text_2: text = 16
285.44773999997415	EXP	text_2: text = 33
285.4668749999255	EXP	text_2: text = 50
285.4834699999774	EXP	text_2: text = 67
285.50017499993555	EXP	text_2: text = 84
285.51668000000063	EXP	text_2: text = 101
285.53338999999687	EXP	text_2: text = 117
285.5501299999887	EXP	text_2: text = 134
285.5666949999286	EXP	text_2: text = 150
285.5833749999292	EXP	text_2: text = 167
285.6000350000104	EXP	text_2: text = 183
285.61679999995977	EXP	text_2: text = 200
285.63341000000946	EXP	text_2: text = 217
285.6500399999786	EXP	text_2: text = 233
285.66680999996606	EXP	text_2: text = 250
285.6834749999689	EXP	text_2: text = 267
285.70008999994025	EXP	text_2: text = 284
285.71688500000164	EXP	text_2: text = 300
285.7335099999327	EXP	text_2: text = 317
285.7501700000139	EXP	text_2: text = 333
285.76696999999695	EXP	text_2: text = 351
285.7835499999346	EXP	text_2: text = 367
285.80022999993525	EXP	text_2: text = 383
285.81679499999154	EXP	text_2: text = 400
285.833714999957	EXP	text_2: text = 417
285.8392349999631	DATA	Keydown:  
285.8504299999913	EXP	text_2: text = 434
285.8504299999913	EXP	text_2: autoDraw = false
285.8504299999913	EXP	Feedback: text = 423
285.8504299999913	EXP	Feedback: autoDraw = true
286.85088499996345	EXP	Feedback: autoDraw = false
286.85088499996345	EXP	Feedback: autoDraw = false
286.85088499996345	EXP	text_3: autoDraw = true
296.24220500001684	EXP	text_3: autoDraw = false
296.24220500001684	EXP	text_3: autoDraw = false
296.24220500001684	EXP	text_2: autoDraw = true
296.24220500001684	EXP	text_2: text = 0
296.25876499991864	EXP	text_2: text = 17
296.27536999993026	EXP	text_2: text = 33
296.29217999998946	EXP	text_2: text = 50
296.30883499991614	EXP	text_2: text = 67
296.3254350000061	EXP	text_2: text = 83
296.3421949999174	EXP	text_2: text = 100
296.3588949999539	EXP	text_2: text = 117
296.3755050000036	EXP	text_2: text = 133
296.3922199999215	EXP	text_2: text = 150
296.4088950000005	EXP	text_2: text = 167
296.42561499995645	EXP	text_2: text = 183
296.44238000002224	EXP	text_2: text = 200
296.45901499991305	EXP	text_2: text = 217
296.4756749999942	EXP	text_2: text = 233
296.49244499998167	EXP	text_2: text = 250
296.50931999995373	EXP	text_2: text = 267
296.52584999997634	EXP	text_2: text = 283
296.5425449999748	EXP	text_2: text = 300
296.5593349999981	EXP	text_2: text = 317
296.57574999995995	EXP	text_2: text = 334
296.59260500001255	EXP	text_2: text = 350
296.5956699999515	DATA	Keydown:  
296.6101699999999	EXP	text_2: text = 367
296.6101699999999	EXP	text_2: autoDraw = false
296.6101699999999	EXP	Feedback: text = 354
296.6101699999999	EXP	Feedback: autoDraw = true
297.61125499999616	EXP	Feedback: autoDraw = false
297.61125499999616	EXP	Feedback: autoDraw = false
297.61125499999616	EXP	text_3: autoDraw = true
305.5166350000072	EXP	text_3: autoDraw = false
305.5166350000072	EXP	text_3: autoDraw = false
305.5166350000072	EXP	text_2: autoDraw = true
305.5166350000072	EXP	text_2: text = 0
305.53308500000276	EXP	text_2: text = 17
305.5498549999902	EXP	text_2: text = 33
305.5667849999154	EXP	text_2: text = 49
305.5831449999241	EXP	text_2: text = 67
305.59986999991816	EXP	text_2: text = 83
305.6165049999254	EXP	text_2: text = 100
305.6332449999172	EXP	text_2: text = 117
305.6499649999896	EXP	text_2: text = 133
305.66647499997634	EXP	text_2: text = 150
305.68311500002164	EXP	text_2: text = 166
305.70013499993365	EXP	text_2: text = 183
305.71663499996066	EXP	text_2: text = 200
305.7332999999635	EXP	text_2: text = 216
305.7500599999912	EXP	text_2: text = 234
305.7667299999157	EXP	text_2: text = 250
305.7833349999273	EXP	text_2: text = 267
305.80001499992795	EXP	text_2: text = 283
305.8166750000091	EXP	text_2: text = 300
305.83337000000756	EXP	text_2: text = 317
305.8500749999657	EXP	text_2: text = 333
305.86675499996636	EXP	text_2: text = 350
305.8834599999245	EXP	text_2: text = 367
305.90038499992806	EXP	text_2: text = 384
305.90157500002533	DATA	Keydown:  
305.91768499999307	EXP	text_2: text = 400
305.91768499999307	EXP	text_2: autoDraw = false
305.91768499999307	EXP	Feedback: text = 385
305.91768499999307	EXP	Feedback: autoDraw = true
306.9181399999652	EXP	Feedback: autoDraw = false
306.9181399999652	EXP	Feedback: autoDraw = false
306.9181399999652	EXP	text_3: autoDraw = true
314.35725000000093	EXP	text_3: autoDraw = false
314.35725000000093	EXP	text_3: autoDraw = false
314.35725000000093	EXP	text_2: autoDraw = true
314.35725000000093	EXP	text_2: text = 0
314.37375000002794	EXP	text_2: text = 17
314.3907299999846	EXP	text_2: text = 35
314.407200000016	EXP	text_2: text = 50
314.42376999999397	EXP	text_2: text = 67
314.4405450000195	EXP	text_2: text = 83
314.45707999996375	EXP	text_2: text = 100
314.47379499999806	EXP	text_2: text = 117
314.4906000000192	EXP	text_2: text = 133
314.5072500000242	EXP	text_2: text = 150
314.5238249999238	EXP	text_2: text = 167
314.5406049999874	EXP	text_2: text = 183
314.5571099999361	EXP	text_2: text = 200
314.5740999999689	EXP	text_2: text = 216
314.5906749999849	EXP	text_2: text = 234
314.60733499994967	EXP	text_2: text = 250
314.62399499991443	EXP	text_2: text = 266
314.6406699999934	EXP	text_2: text = 283
314.65734499995597	EXP	text_2: text = 300
314.673994999961	EXP	text_2: text = 317
314.69068499992136	EXP	text_2: text = 334
314.7073049999308	EXP	text_2: text = 350
314.7240349999629	EXP	text_2: text = 367
314.7308699999703	DATA	Keydown:  
314.7410399999935	EXP	text_2: text = 383
314.7410399999935	EXP	text_2: autoDraw = false
314.7410399999935	EXP	Feedback: text = 374
314.7410399999935	EXP	Feedback: autoDraw = true
315.7501250000205	EXP	Feedback: autoDraw = false
315.7501250000205	EXP	Feedback: autoDraw = false
315.7501250000205	EXP	End_text: autoDraw = true
326.9851299999282	DATA	Keydown:  
328.34008499991614	DATA	Mouse: 0 button down, pos=(1498.6328125,277.03125)
328.39590000000317	DATA	Mouse: 0 button down, pos=(1498.6328125,277.03125)
333.2583299999824	DATA	Mouse: 0 button down, pos=(1568.7109375,690.921875)
333.35707999998704	DATA	Mouse: 0 button down, pos=(1568.7109375,690.921875)
