0.08148499997332692	EXP	Created Window = Window( name=Window, fullscr=true, color=#000000, units=height, waitBlanking=true, autoLog=true, size=[1536,754] )
3.5340749999741092	DATA	Keydown: Shift
3.9041049999650568	DATA	Keydown: L
4.431684999959543	DATA	Keydown: R
5.566794999991544	DATA	Keydown: 9
5.881504999939352	DATA	Keydown: 8
6.044424999970943	DATA	Keydown: 8
6.457034999970347	DATA	Keydown: 2
6.720509999897331	DATA	Keydown: 4
16.042449999949895	EXP	Created text = TextStim( name=text, win=Window( name=Window, fullscr=true, color=#000000, ~), autoDraw=null, autoLog=true, units=height, ori=null, opacity=1, pos=[0,0], size=undefined, text=INSTRUCTIONS [EN]


A counter will appear and star~, font=Arial, color=#FFFFFF, contrast=1, height=0.03, bold=null, italic=null, alignHoriz=left, alignVert=center, wrapWidth=1, flipHoriz=null, flipVert=null )
16.044314999948256	EXP	Created text_3 = TextStim( name=text_3, win=Window( name=Window, fullscr=true, color=#000000, ~), autoDraw=null, autoLog=true, units=height, ori=null, opacity=1, pos=[0,0], size=undefined, text=null, font=Arial, color=#FFFFFF, contrast=1, height=0.1, bold=null, italic=null, alignHoriz=left, alignVert=center, wrapWidth=1, flipHoriz=null, flipVert=null )
16.045114999986254	EXP	Created text_2 = TextStim( name=text_2, win=Window( name=Window, fullscr=true, color=#000000, ~), autoDraw=null, autoLog=true, units=height, ori=null, opacity=1, pos=[0,0], size=undefined, text=default text, font=Arial, color=#ff0000, contrast=1, height=0.15, bold=null, italic=null, alignHoriz=left, alignVert=center, wrapWidth=1, flipHoriz=null, flipVert=null )
16.046234999899752	EXP	Created Feedback = TextStim( name=Feedback, win=Window( name=Window, fullscr=true, color=#000000, ~), autoDraw=null, autoLog=true, units=height, ori=null, opacity=1, pos=[0,0], size=undefined, text=default text, font=Arial, color=#ff0000, contrast=1, height=0.15, bold=null, italic=null, alignHoriz=left, alignVert=center, wrapWidth=1, flipHoriz=null, flipVert=null )
16.04833499994129	EXP	Created End_text = TextStim( name=End_text, win=Window( name=Window, fullscr=true, color=#000000, ~), autoDraw=null, autoLog=true, units=height, ori=null, opacity=1, pos=[0,0], size=undefined, text=This study aimed to look at procedural learning, i~, font=Arial, color=#FFFFFF, contrast=1, height=0.025, bold=null, italic=null, alignHoriz=left, alignVert=center, wrapWidth=1, flipHoriz=null, flipVert=null )
16.181909999926575	EXP	text: units = "height"
16.181909999926575	EXP	text: ori = 0
16.181909999926575	EXP	text: opacity = 1
16.181909999926575	EXP	text: pos = [0,0]
16.181909999926575	EXP	text: size = undefined
16.181909999926575	EXP	text: text = "INSTRUCTIONS [EN]\n\n\nA counter will appear and start counting at random times, press SPACE as fast as possible when it appears.\n\n\nPress SPACE to start\n\n-------\n\nInstruções [PT]\n\n\nUm cronómetro vai aparecer e começar a contar aleatoriamente, pressione a tecla SPACE assim que ele aparecer.\n\n\nPressiona SPACE para começar."
16.181909999926575	EXP	text: font = "Arial"
16.181909999926575	EXP	text: color = {"_hex":"#FFFFFF","_rgb":[1,1,1]}
16.181909999926575	EXP	text: contrast = 1
16.181909999926575	EXP	text: height = 0.03
16.181909999926575	EXP	text: bold = false
16.181909999926575	EXP	text: italic = false
16.181909999926575	EXP	text: alignHoriz = "left"
16.181909999926575	EXP	text: alignVert = "center"
16.181909999926575	EXP	text: wrapWidth = 1
16.181909999926575	EXP	text: flipHoriz = false
16.181909999926575	EXP	text: flipVert = false
16.181909999926575	EXP	text_3: units = "height"
16.181909999926575	EXP	text_3: ori = 0
16.181909999926575	EXP	text_3: opacity = 1
16.181909999926575	EXP	text_3: pos = [0,0]
16.181909999926575	EXP	text_3: size = undefined
16.181909999926575	EXP	text_3: text = ""
16.181909999926575	EXP	text_3: font = "Arial"
16.181909999926575	EXP	text_3: color = {"_hex":"#FFFFFF","_rgb":[1,1,1]}
16.181909999926575	EXP	text_3: contrast = 1
16.181909999926575	EXP	text_3: height = 0.1
16.181909999926575	EXP	text_3: bold = false
16.181909999926575	EXP	text_3: italic = false
16.181909999926575	EXP	text_3: alignHoriz = "left"
16.181909999926575	EXP	text_3: alignVert = "center"
16.181909999926575	EXP	text_3: wrapWidth = 1
16.181909999926575	EXP	text_3: flipHoriz = false
16.181909999926575	EXP	text_3: flipVert = false
16.181909999926575	EXP	text_2: units = "height"
16.181909999926575	EXP	text_2: ori = 0
16.181909999926575	EXP	text_2: opacity = 1
16.181909999926575	EXP	text_2: pos = [0,0]
16.181909999926575	EXP	text_2: size = undefined
16.181909999926575	EXP	text_2: text = "default text"
16.181909999926575	EXP	text_2: font = "Arial"
16.181909999926575	EXP	text_2: color = {"_rgb":[1,0,0]}
16.181909999926575	EXP	text_2: contrast = 1
16.181909999926575	EXP	text_2: height = 0.15
16.181909999926575	EXP	text_2: bold = false
16.181909999926575	EXP	text_2: italic = false
16.181909999926575	EXP	text_2: alignHoriz = "left"
16.181909999926575	EXP	text_2: alignVert = "center"
16.181909999926575	EXP	text_2: wrapWidth = 1
16.181909999926575	EXP	text_2: flipHoriz = false
16.181909999926575	EXP	text_2: flipVert = false
16.181909999926575	EXP	Feedback: units = "height"
16.181909999926575	EXP	Feedback: ori = 0
16.181909999926575	EXP	Feedback: opacity = 1
16.181909999926575	EXP	Feedback: pos = [0,0]
16.181909999926575	EXP	Feedback: size = undefined
16.181909999926575	EXP	Feedback: text = "default text"
16.181909999926575	EXP	Feedback: font = "Arial"
16.181909999926575	EXP	Feedback: color = {"_rgb":[1,0,0]}
16.181909999926575	EXP	Feedback: contrast = 1
16.181909999926575	EXP	Feedback: height = 0.15
16.181909999926575	EXP	Feedback: bold = false
16.181909999926575	EXP	Feedback: italic = false
16.181909999926575	EXP	Feedback: alignHoriz = "left"
16.181909999926575	EXP	Feedback: alignVert = "center"
16.181909999926575	EXP	Feedback: wrapWidth = 1
16.181909999926575	EXP	Feedback: flipHoriz = false
16.181909999926575	EXP	Feedback: flipVert = false
16.181909999926575	EXP	End_text: units = "height"
16.181909999926575	EXP	End_text: ori = 0
16.181909999926575	EXP	End_text: opacity = 1
16.181909999926575	EXP	End_text: pos = [0,0]
16.181909999926575	EXP	End_text: size = undefined
16.181909999926575	EXP	End_text: text = "This study aimed to look at procedural learning, i.e. our ability to extract patterns from the input that we are constantly receiving. This skill is thought to be essential for language and literacy acquisition and has been suggested as a possible underlying difficult in children with Language Impairments and Dyslexia. This study aims to improve the measures of procedural learning (the smiley face task) so that we can measure procedural learning more reliably and, in the future, analyse the performance of individuals with learning impairments.\nThank you for participating!\n\n----\n\nEste estudo tem como objectivo analisar a nossa capacidade de extrair padrões da informação que estamos constantemente a receber. Pensa-se que esta competência é essencial para a aquisição da linguagem e literacia e foi sugerido que dificuldades neste tipo de competências poderá estar relacionado com perturbações da linguagem e Dislexia. Este estudo tem como objectivo melhorar a estabilidade das medidas usadas para medir este tipo de memória (a tarefa da cara sorridente) de forma a poder medir de forma mais precisa e, no futuro, analisar a performance de indivíduos com perturbações da aprendizagem. \nMuito obrigada por ter participado!"
16.181909999926575	EXP	End_text: font = "Arial"
16.181909999926575	EXP	End_text: color = {"_hex":"#FFFFFF","_rgb":[1,1,1]}
16.181909999926575	EXP	End_text: contrast = 1
16.181909999926575	EXP	End_text: height = 0.025
16.181909999926575	EXP	End_text: bold = false
16.181909999926575	EXP	End_text: italic = false
16.181909999926575	EXP	End_text: alignHoriz = "left"
16.181909999926575	EXP	End_text: alignVert = "center"
16.181909999926575	EXP	End_text: wrapWidth = 1
16.181909999926575	EXP	End_text: flipHoriz = false
16.181909999926575	EXP	End_text: flipVert = false
16.181909999926575	EXP	text: autoDraw = true
28.728284999961033	DATA	Keydown:  
28.75545499997679	EXP	text: autoDraw = false
28.75545499997679	EXP	text_3: autoDraw = true
38.0496249999851	EXP	text_3: autoDraw = false
38.0496249999851	EXP	text_3: autoDraw = false
38.0496249999851	EXP	text_2: autoDraw = true
38.0496249999851	EXP	text_2: text = 0
38.057990000001155	EXP	text_2: text = 110
38.076654999982566	EXP	text_2: text = 120
38.09321500000078	EXP	text_2: text = 136
38.11037499993108	EXP	text_2: text = 152
38.126844999962486	EXP	text_2: text = 169
38.14348999992944	EXP	text_2: text = 186
38.160219999961555	EXP	text_2: text = 202
38.175444999942556	EXP	text_2: text = 218
38.19229999999516	EXP	text_2: text = 234
38.210069999913685	EXP	text_2: text = 251
38.22565499995835	EXP	text_2: text = 268
38.24210499995388	EXP	text_2: text = 283
38.2588799999794	EXP	text_2: text = 300
38.275499999988824	EXP	text_2: text = 317
38.293424999923445	EXP	text_2: text = 334
38.30879499996081	EXP	text_2: text = 351
38.32543999992777	EXP	text_2: text = 366
38.34230999997817	EXP	text_2: text = 383
38.358879999956116	EXP	text_2: text = 400
38.37554999999702	EXP	text_2: text = 417
38.39220999996178	EXP	text_2: text = 433
38.40883999993093	EXP	text_2: text = 450
38.42558499996085	EXP	text_2: text = 467
38.44225999992341	EXP	text_2: text = 483
38.458904999890365	EXP	text_2: text = 500
38.475559999933466	EXP	text_2: text = 521
38.492274999967776	EXP	text_2: text = 536
38.50877999991644	EXP	text_2: text = 550
38.52560499997344	EXP	text_2: text = 567
38.54213499999605	EXP	text_2: text = 589
38.55886999994982	EXP	text_2: text = 600
38.57550999999512	EXP	text_2: text = 617
38.592164999921806	EXP	text_2: text = 633
38.60895499994513	EXP	text_2: text = 650
38.625539999920875	EXP	text_2: text = 667
38.642204999923706	EXP	text_2: text = 683
38.65886999992654	EXP	text_2: text = 700
38.67553499992937	EXP	text_2: text = 717
38.6921849999344	EXP	text_2: text = 734
38.70885999989696	EXP	text_2: text = 750
38.72554999997374	EXP	text_2: text = 767
38.74224499997217	EXP	text_2: text = 784
38.74505999998655	DATA	Keydown:  
38.7590949999867	EXP	text_2: text = 802
38.7590949999867	EXP	text_2: autoDraw = false
38.7590949999867	EXP	Feedback: text = 696
38.7590949999867	EXP	Feedback: autoDraw = true
39.57691999990493	DATA	Keydown:  
39.75863499997649	EXP	Feedback: autoDraw = false
39.75863499997649	EXP	Feedback: autoDraw = false
39.75863499997649	EXP	text_3: autoDraw = true
43.94805499992799	DATA	Keydown:  
47.31132999993861	EXP	text_3: autoDraw = false
47.31132999993861	EXP	text_3: autoDraw = false
47.31132999993861	EXP	text_2: autoDraw = true
47.31132999993861	EXP	text_2: text = 0
47.32698499993421	EXP	text_2: text = 16
47.34341999993194	EXP	text_2: text = 33
47.36043000000063	EXP	text_2: text = 50
47.37660999991931	EXP	text_2: text = 66
47.393429999938235	EXP	text_2: text = 83
47.410494999960065	EXP	text_2: text = 100
47.426794999977574	EXP	text_2: text = 116
47.443684999947436	EXP	text_2: text = 133
47.46022999996785	EXP	text_2: text = 150
47.47731999994721	EXP	text_2: text = 166
47.493169999914244	EXP	text_2: text = 183
47.510499999974854	EXP	text_2: text = 200
47.5268849999411	EXP	text_2: text = 216
47.54389499989338	EXP	text_2: text = 233
47.5606849999167	EXP	text_2: text = 250
47.57898999995086	EXP	text_2: text = 266
47.59668999991845	EXP	text_2: text = 286
47.610579999978654	EXP	text_2: text = 300
47.66320999991149	EXP	text_2: text = 316
47.66499499999918	DATA	Keydown:  
47.676669999957085	EXP	text_2: text = 366
47.676669999957085	EXP	text_2: autoDraw = false
47.676669999957085	EXP	Feedback: text = 354
47.676669999957085	EXP	Feedback: autoDraw = true
48.58867499988992	DATA	Keydown:  
48.67603999993298	EXP	Feedback: autoDraw = false
48.67603999993298	EXP	Feedback: autoDraw = false
48.67603999993298	EXP	text_3: autoDraw = true
51.17981499992311	DATA	Keydown:  
52.426404999918304	EXP	text_3: autoDraw = false
52.426404999918304	EXP	text_3: autoDraw = false
52.426404999918304	EXP	text_2: autoDraw = true
52.426404999918304	EXP	text_2: text = 0
52.44190999993589	EXP	text_2: text = 17
52.4590549999848	EXP	text_2: text = 33
52.475759999942966	EXP	text_2: text = 50
52.492894999915734	EXP	text_2: text = 67
52.50905499991495	EXP	text_2: text = 83
52.525859999936074	EXP	text_2: text = 100
52.54296999995131	EXP	text_2: text = 117
52.55948999989778	EXP	text_2: text = 133
52.57546999992337	EXP	text_2: text = 150
52.59219999995548	EXP	text_2: text = 166
52.609564999933355	EXP	text_2: text = 183
52.62587499991059	EXP	text_2: text = 200
52.642339999903925	EXP	text_2: text = 217
52.65951499994844	EXP	text_2: text = 233
52.67582000000402	EXP	text_2: text = 250
52.69274999992922	EXP	text_2: text = 267
52.70105999999214	DATA	Keydown:  
52.70983999990858	EXP	text_2: text = 283
52.70983999990858	EXP	text_2: autoDraw = false
52.70983999990858	EXP	Feedback: text = 275
52.70983999990858	EXP	Feedback: autoDraw = true
53.55797500000335	DATA	Keydown:  
53.70857499993872	EXP	Feedback: autoDraw = false
53.70857499993872	EXP	Feedback: autoDraw = false
53.70857499993872	EXP	text_3: autoDraw = true
63.491509999963455	EXP	text_3: autoDraw = false
63.491509999963455	EXP	text_3: autoDraw = false
63.491509999963455	EXP	text_2: autoDraw = true
63.491509999963455	EXP	text_2: text = 0
63.50768999999855	EXP	text_2: text = 17
63.5244899999816	EXP	text_2: text = 33
63.54103500000201	EXP	text_2: text = 50
63.557874999940395	EXP	text_2: text = 67
63.574439999996684	EXP	text_2: text = 83
63.591199999907985	EXP	text_2: text = 100
63.60847999993712	EXP	text_2: text = 117
63.62550500000361	EXP	text_2: text = 133
63.64113999996334	EXP	text_2: text = 150
63.65785999991931	EXP	text_2: text = 167
63.67458499991335	EXP	text_2: text = 183
63.69086999993306	EXP	text_2: text = 200
63.70797499991022	EXP	text_2: text = 217
63.724469999899156	EXP	text_2: text = 233
63.7278299999889	DATA	Keydown:  
63.74192999990191	EXP	text_2: text = 250
63.74192999990191	EXP	text_2: autoDraw = false
63.74192999990191	EXP	Feedback: text = 236
63.74192999990191	EXP	Feedback: autoDraw = true
64.7404600000009	EXP	Feedback: autoDraw = false
64.7404600000009	EXP	Feedback: autoDraw = false
64.7404600000009	EXP	text_3: autoDraw = true
64.75882499990985	DATA	Keydown:  
67.45802999997977	EXP	text_3: autoDraw = false
67.45802999997977	EXP	text_3: autoDraw = false
67.45802999997977	EXP	text_2: autoDraw = true
67.45802999997977	EXP	text_2: text = 0
67.47395499993581	EXP	text_2: text = 17
67.4914549998939	EXP	text_2: text = 33
67.5078799999319	EXP	text_2: text = 50
67.52492999995593	EXP	text_2: text = 67
67.54122499993537	EXP	text_2: text = 83
67.55779499991331	EXP	text_2: text = 100
67.57421999995131	EXP	text_2: text = 117
67.591274999897	EXP	text_2: text = 133
67.60751999996137	EXP	text_2: text = 150
67.62444499996491	EXP	text_2: text = 167
67.64140500000212	EXP	text_2: text = 183
67.65824999997858	EXP	text_2: text = 200
67.67448999988846	EXP	text_2: text = 217
67.69083499989938	EXP	text_2: text = 233
67.70800499990582	EXP	text_2: text = 250
67.70968499989249	DATA	Keydown:  
67.72490499995183	EXP	text_2: text = 267
67.72490499995183	EXP	text_2: autoDraw = false
67.72490499995183	EXP	Feedback: text = 252
67.72490499995183	EXP	Feedback: autoDraw = true
68.54177499993239	DATA	Keydown:  
68.72311499994248	EXP	Feedback: autoDraw = false
68.72311499994248	EXP	Feedback: autoDraw = false
68.72311499994248	EXP	text_3: autoDraw = true
78.69035499996971	EXP	text_3: autoDraw = false
78.69035499996971	EXP	text_3: autoDraw = false
78.69035499996971	EXP	text_2: autoDraw = true
78.69035499996971	EXP	text_2: text = 0
78.7060749999946	EXP	text_2: text = 16
78.72345499997027	EXP	text_2: text = 33
78.7396449999651	EXP	text_2: text = 50
78.76909499999601	EXP	text_2: text = 66
78.79007499990985	EXP	text_2: text = 100
78.80650499998592	EXP	text_2: text = 116
78.82327499997336	EXP	text_2: text = 133
78.8399999999674	EXP	text_2: text = 150
78.85681999998633	EXP	text_2: text = 166
78.87325999990571	EXP	text_2: text = 183
78.88430499995593	DATA	Keydown:  
78.89012999995612	EXP	text_2: text = 200
78.89012999995612	EXP	text_2: autoDraw = false
78.89012999995612	EXP	Feedback: text = 194
78.89012999995612	EXP	Feedback: autoDraw = true
79.6920449999161	DATA	Keydown:  
79.8890099999262	EXP	Feedback: autoDraw = false
79.8890099999262	EXP	Feedback: autoDraw = false
79.8890099999262	EXP	text_3: autoDraw = true
82.07470499991905	EXP	text_3: autoDraw = false
82.07470499991905	EXP	text_3: autoDraw = false
82.07470499991905	EXP	text_2: autoDraw = true
82.07470499991905	EXP	text_2: text = 0
82.0895399999572	EXP	text_2: text = 17
82.10615999996662	EXP	text_2: text = 33
82.122999999905	EXP	text_2: text = 50
82.14007999992464	EXP	text_2: text = 67
82.15605999995023	EXP	text_2: text = 83
82.17291500000283	EXP	text_2: text = 100
82.2355549999047	EXP	text_2: text = 117
82.2561449999921	EXP	text_2: text = 183
82.2726599999005	EXP	text_2: text = 200
82.29964999994263	EXP	text_2: text = 217
82.30970499990508	EXP	text_2: text = 237
82.32367499999236	EXP	text_2: text = 250
82.34069999994244	EXP	text_2: text = 267
82.35269499989226	DATA	Keydown:  
82.35817999998108	EXP	text_2: text = 284
82.35817999998108	EXP	text_2: autoDraw = false
82.35817999998108	EXP	Feedback: text = 280
82.35817999998108	EXP	Feedback: autoDraw = true
82.84373999992386	DATA	Keydown:  
83.35587499989197	EXP	Feedback: autoDraw = false
83.35587499989197	EXP	Feedback: autoDraw = false
83.35587499989197	EXP	text_3: autoDraw = true
88.8583599999547	DATA	Keydown:  
90.19016999995802	EXP	text_3: autoDraw = false
90.19016999995802	EXP	text_3: autoDraw = false
90.19016999995802	EXP	text_2: autoDraw = true
90.19016999995802	EXP	text_2: text = 0
90.20642999990378	EXP	text_2: text = 16
90.22382999991532	EXP	text_2: text = 33
90.23957499989774	EXP	text_2: text = 50
90.25653499993496	EXP	text_2: text = 66
90.27268499997444	EXP	text_2: text = 83
90.32843999995384	EXP	text_2: text = 100
90.33903499995358	EXP	text_2: text = 149
90.35573999991175	EXP	text_2: text = 166
90.37232999992557	EXP	text_2: text = 182
90.38953499996569	EXP	text_2: text = 199
90.40563999989536	EXP	text_2: text = 216
90.42205999989528	EXP	text_2: text = 232
90.4388499999186	EXP	text_2: text = 249
90.45542499993462	EXP	text_2: text = 266
90.47198499995284	EXP	text_2: text = 282
90.48345499997959	DATA	Keydown:  
90.4897049999563	EXP	text_2: text = 299
90.4897049999563	EXP	text_2: autoDraw = false
90.4897049999563	EXP	Feedback: text = 293
90.4897049999563	EXP	Feedback: autoDraw = true
91.08847499999683	DATA	Keydown:  
91.48843499994837	EXP	Feedback: autoDraw = false
91.48843499994837	EXP	Feedback: autoDraw = false
91.48843499994837	EXP	text_3: autoDraw = true
95.32206499995664	EXP	text_3: autoDraw = false
95.32206499995664	EXP	text_3: autoDraw = false
95.32206499995664	EXP	text_2: autoDraw = true
95.32206499995664	EXP	text_2: text = 0
95.33833499997854	EXP	text_2: text = 17
95.3554099999601	EXP	text_2: text = 33
95.371679999982	EXP	text_2: text = 50
95.38818499993067	EXP	text_2: text = 67
95.40498499991372	EXP	text_2: text = 83
95.49555999995209	EXP	text_2: text = 100
95.50525999988895	EXP	text_2: text = 183
95.52173499995843	EXP	text_2: text = 200
95.54091499990318	EXP	text_2: text = 218
95.55629499990027	EXP	text_2: text = 233
95.571809999994	EXP	text_2: text = 250
95.58864499989431	EXP	text_2: text = 267
95.60568999999668	EXP	text_2: text = 283
95.62170499993954	EXP	text_2: text = 300
95.62807999993674	DATA	Keydown:  
95.63897499989253	EXP	text_2: text = 317
95.63897499989253	EXP	text_2: autoDraw = false
95.63897499989253	EXP	Feedback: text = 306
95.63897499989253	EXP	Feedback: autoDraw = true
96.24018999992404	DATA	Keydown:  
96.63789499993436	EXP	Feedback: autoDraw = false
96.63789499993436	EXP	Feedback: autoDraw = false
96.63789499993436	EXP	text_3: autoDraw = true
106.25422000000253	EXP	text_3: autoDraw = false
106.25422000000253	EXP	text_3: autoDraw = false
106.25422000000253	EXP	text_2: autoDraw = true
106.25422000000253	EXP	text_2: text = 0
106.27082999993581	EXP	text_2: text = 17
106.28747499990277	EXP	text_2: text = 33
106.30345499992836	EXP	text_2: text = 50
106.32066999992821	EXP	text_2: text = 67
106.33719499991275	EXP	text_2: text = 83
106.35390999994706	EXP	text_2: text = 100
106.37068999989424	EXP	text_2: text = 117
106.3870749999769	EXP	text_2: text = 133
106.40437999996357	EXP	text_2: text = 150
106.42058499995619	EXP	text_2: text = 167
106.43740499997512	EXP	text_2: text = 183
106.45380999997724	EXP	text_2: text = 200
106.47095999994781	EXP	text_2: text = 217
106.48714499990456	EXP	text_2: text = 233
106.5040999999037	EXP	text_2: text = 250
106.52048999990802	EXP	text_2: text = 267
106.524059999967	DATA	Keydown:  
106.60119499999564	EXP	text_2: text = 283
106.60119499999564	EXP	text_2: autoDraw = false
106.60119499999564	EXP	Feedback: text = 270
106.60119499999564	EXP	Feedback: autoDraw = true
107.108574999962	DATA	Keydown:  
107.53779499989469	EXP	Feedback: autoDraw = false
107.53779499989469	EXP	Feedback: autoDraw = false
107.53779499989469	EXP	text_3: autoDraw = true
113.08699499990325	EXP	text_3: autoDraw = false
113.08699499990325	EXP	text_3: autoDraw = false
113.08699499990325	EXP	text_2: autoDraw = true
113.08699499990325	EXP	text_2: text = 0
113.10378499992657	EXP	text_2: text = 17
113.12037999997847	EXP	text_2: text = 33
113.13762999989558	EXP	text_2: text = 50
113.15359999996144	EXP	text_2: text = 67
113.16976999992039	EXP	text_2: text = 83
113.1867149999598	EXP	text_2: text = 100
113.20395499991719	EXP	text_2: text = 117
113.22015499998815	EXP	text_2: text = 133
113.23740999994334	EXP	text_2: text = 150
113.25324999995064	EXP	text_2: text = 167
113.2701699999161	EXP	text_2: text = 183
113.2867949999636	EXP	text_2: text = 200
113.30342499993276	EXP	text_2: text = 217
113.31973999994807	EXP	text_2: text = 233
113.33679999993183	EXP	text_2: text = 250
113.35357999999542	EXP	text_2: text = 267
113.37023999996018	EXP	text_2: text = 283
113.38710499997251	EXP	text_2: text = 300
113.40426999994088	EXP	text_2: text = 317
113.42027999996208	EXP	text_2: text = 333
113.42416499997489	DATA	Keydown:  
113.43795499997213	EXP	text_2: text = 350
113.43795499997213	EXP	text_2: autoDraw = false
113.43795499997213	EXP	Feedback: text = 337
113.43795499997213	EXP	Feedback: autoDraw = true
113.92301999998745	DATA	Keydown:  
114.43621499999426	EXP	Feedback: autoDraw = false
114.43621499999426	EXP	Feedback: autoDraw = false
114.43621499999426	EXP	text_3: autoDraw = true
117.50344499992207	EXP	text_3: autoDraw = false
117.50344499992207	EXP	text_3: autoDraw = false
117.50344499992207	EXP	text_2: autoDraw = true
117.50344499992207	EXP	text_2: text = 0
117.51999499998055	EXP	text_2: text = 17
117.5365949999541	EXP	text_2: text = 33
117.55290999996942	EXP	text_2: text = 50
117.56958999997005	EXP	text_2: text = 67
117.58613999991212	EXP	text_2: text = 83
117.6032899999991	EXP	text_2: text = 100
117.61982499994338	EXP	text_2: text = 117
117.637304999982	EXP	text_2: text = 133
117.65327999996953	EXP	text_2: text = 150
117.6695849999087	EXP	text_2: text = 167
117.69669499993324	EXP	text_2: text = 183
117.70328999997582	EXP	text_2: text = 200
117.72102499997709	EXP	text_2: text = 217
117.73741499998141	EXP	text_2: text = 234
117.75384499994107	EXP	text_2: text = 250
117.77044999995269	EXP	text_2: text = 267
117.7874249999877	EXP	text_2: text = 284
117.78891000000294	DATA	Keydown:  
117.8043699999107	EXP	text_2: text = 301
117.8043699999107	EXP	text_2: autoDraw = false
117.8043699999107	EXP	Feedback: text = 286
117.8043699999107	EXP	Feedback: autoDraw = true
118.29856999998447	DATA	Keydown:  
118.80355499999132	EXP	Feedback: autoDraw = false
118.80355499999132	EXP	Feedback: autoDraw = false
118.80355499999132	EXP	text_3: autoDraw = true
122.8702499999199	EXP	text_3: autoDraw = false
122.8702499999199	EXP	text_3: autoDraw = false
122.8702499999199	EXP	text_2: autoDraw = true
122.8702499999199	EXP	text_2: text = 0
122.88635499996599	EXP	text_2: text = 16
122.90319999994244	EXP	text_2: text = 33
122.91990499990061	EXP	text_2: text = 50
122.93632499990053	EXP	text_2: text = 66
122.95331999997143	EXP	text_2: text = 83
122.96974499989301	EXP	text_2: text = 100
122.98674500000197	EXP	text_2: text = 116
123.00312999996822	EXP	text_2: text = 133
123.01977999997325	EXP	text_2: text = 150
123.03656999999657	EXP	text_2: text = 166
123.05328499991447	EXP	text_2: text = 183
123.06994499999564	EXP	text_2: text = 199
123.08630499988794	EXP	text_2: text = 216
123.10351499996614	EXP	text_2: text = 233
123.12039999989793	EXP	text_2: text = 250
123.12193999998271	DATA	Keydown:  
123.13734999997541	EXP	text_2: text = 266
123.13734999997541	EXP	text_2: autoDraw = false
123.13734999997541	EXP	Feedback: text = 252
123.13734999997541	EXP	Feedback: autoDraw = true
123.71431499999017	DATA	Keydown:  
124.13584000000264	EXP	Feedback: autoDraw = false
124.13584000000264	EXP	Feedback: autoDraw = false
124.13584000000264	EXP	text_3: autoDraw = true
132.18653999990784	EXP	text_3: autoDraw = false
132.18653999990784	EXP	text_3: autoDraw = false
132.18653999990784	EXP	text_2: autoDraw = true
132.18653999990784	EXP	text_2: text = 0
132.2026949999854	EXP	text_2: text = 17
132.21916999993846	EXP	text_2: text = 33
132.2360649999464	EXP	text_2: text = 50
132.25299999990966	EXP	text_2: text = 66
132.26933499996085	EXP	text_2: text = 83
132.28613999998197	EXP	text_2: text = 100
132.3034199998947	EXP	text_2: text = 117
132.319259999902	EXP	text_2: text = 133
132.33546999993268	EXP	text_2: text = 150
132.35332999995444	EXP	text_2: text = 167
132.36928499990609	EXP	text_2: text = 183
132.38594999990892	EXP	text_2: text = 200
132.40319499990437	EXP	text_2: text = 216
132.40721999993548	DATA	Keydown:  
132.42006999999285	EXP	text_2: text = 233
132.42006999999285	EXP	text_2: autoDraw = false
132.42006999999285	EXP	Feedback: text = 221
132.42006999999285	EXP	Feedback: autoDraw = true
133.22207999997772	DATA	Keydown:  
133.41866499988828	EXP	Feedback: autoDraw = false
133.41866499988828	EXP	Feedback: autoDraw = false
133.41866499988828	EXP	text_3: autoDraw = true
135.5864649999421	EXP	text_3: autoDraw = false
135.5864649999421	EXP	text_3: autoDraw = false
135.5864649999421	EXP	text_2: autoDraw = true
135.5864649999421	EXP	text_2: text = 0
135.60303999995813	EXP	text_2: text = 17
135.61939499992877	EXP	text_2: text = 33
135.63576499989722	EXP	text_2: text = 50
135.65293999994174	EXP	text_2: text = 66
135.66895999992266	EXP	text_2: text = 83
135.68641999992542	EXP	text_2: text = 100
135.70277999993414	EXP	text_2: text = 116
135.7194099999033	EXP	text_2: text = 133
135.73618999996688	EXP	text_2: text = 150
135.75303499994334	EXP	text_2: text = 167
135.76957999996375	EXP	text_2: text = 183
135.78589499997906	EXP	text_2: text = 200
135.80262999993283	EXP	text_2: text = 216
135.81863999995403	EXP	text_2: text = 233
135.8373750000028	EXP	text_2: text = 250
135.8530299999984	EXP	text_2: text = 266
135.86987499997485	EXP	text_2: text = 283
135.88632499997038	EXP	text_2: text = 300
135.90308999991976	EXP	text_2: text = 316
135.90548999991734	DATA	Keydown:  
135.9201049999101	EXP	text_2: text = 333
135.9201049999101	EXP	text_2: autoDraw = false
135.9201049999101	EXP	Feedback: text = 319
135.9201049999101	EXP	Feedback: autoDraw = true
136.46927000000142	DATA	Keydown:  
136.91837999993004	EXP	Feedback: autoDraw = false
136.91837999993004	EXP	Feedback: autoDraw = false
136.91837999993004	EXP	text_3: autoDraw = true
146.48481499997433	EXP	text_3: autoDraw = false
146.48481499997433	EXP	text_3: autoDraw = false
146.48481499997433	EXP	text_2: autoDraw = true
146.48481499997433	EXP	text_2: text = 0
146.50109999999404	EXP	text_2: text = 17
146.5177149999654	EXP	text_2: text = 33
146.53447999991477	EXP	text_2: text = 50
146.55120999994688	EXP	text_2: text = 66
146.56777999992482	EXP	text_2: text = 83
146.58429499994963	EXP	text_2: text = 100
146.60132999997586	EXP	text_2: text = 116
146.6178249999648	EXP	text_2: text = 133
146.6345250000013	EXP	text_2: text = 150
146.65123499999754	EXP	text_2: text = 166
146.6680949999718	EXP	text_2: text = 183
146.68456999992486	EXP	text_2: text = 200
146.7008049999131	EXP	text_2: text = 216
146.7179649999598	EXP	text_2: text = 233
146.73454499989748	EXP	text_2: text = 250
146.7512249998981	EXP	text_2: text = 267
146.76793499989435	EXP	text_2: text = 283
146.78449999995064	EXP	text_2: text = 300
146.79253499989863	DATA	Keydown:  
146.80256999994162	EXP	text_2: text = 317
146.80256999994162	EXP	text_2: autoDraw = false
146.80256999994162	EXP	Feedback: text = 308
146.80256999994162	EXP	Feedback: autoDraw = true
147.37050499999896	DATA	Keydown:  
147.80067499994766	EXP	Feedback: autoDraw = false
147.80067499994766	EXP	Feedback: autoDraw = false
147.80067499994766	EXP	text_3: autoDraw = true
151.16784499993082	EXP	text_3: autoDraw = false
151.16784499993082	EXP	text_3: autoDraw = false
151.16784499993082	EXP	text_2: autoDraw = true
151.16784499993082	EXP	text_2: text = 0
151.1841349999886	EXP	text_2: text = 16
151.2010349999182	EXP	text_2: text = 33
151.21735999989323	EXP	text_2: text = 50
151.23479499993846	EXP	text_2: text = 67
151.25101499992888	EXP	text_2: text = 83
151.26736499997787	EXP	text_2: text = 100
151.28480499994475	EXP	text_2: text = 116
151.30083999992348	EXP	text_2: text = 133
151.31766499998048	EXP	text_2: text = 150
151.33521499997005	EXP	text_2: text = 166
151.3507849999005	EXP	text_2: text = 183
151.36790999991354	EXP	text_2: text = 200
151.38417999993544	EXP	text_2: text = 216
151.4014549999265	EXP	text_2: text = 233
151.4174799999455	EXP	text_2: text = 250
151.43445999990217	EXP	text_2: text = 266
151.45084499998484	EXP	text_2: text = 283
151.46748499991372	EXP	text_2: text = 300
151.47845499997493	DATA	Keydown:  
151.48482999997213	EXP	text_2: text = 316
151.48482999997213	EXP	text_2: autoDraw = false
151.48482999997213	EXP	Feedback: text = 311
151.48482999997213	EXP	Feedback: autoDraw = true
152.03741499991156	DATA	Keydown:  
152.48369499994442	EXP	Feedback: autoDraw = false
152.48369499994442	EXP	Feedback: autoDraw = false
152.48369499994442	EXP	text_3: autoDraw = true
158.93404999992345	EXP	text_3: autoDraw = false
158.93404999992345	EXP	text_3: autoDraw = false
158.93404999992345	EXP	text_2: autoDraw = true
158.93404999992345	EXP	text_2: text = 0
158.95138999994379	EXP	text_2: text = 17
158.96748499991372	EXP	text_2: text = 33
158.98374999989755	EXP	text_2: text = 50
158.99996999988798	EXP	text_2: text = 66
159.0166049998952	EXP	text_2: text = 83
159.03321999998298	EXP	text_2: text = 100
159.05043499998283	EXP	text_2: text = 116
159.0669999999227	EXP	text_2: text = 133
159.0833949999651	EXP	text_2: text = 150
159.10049999994226	EXP	text_2: text = 167
159.1167949999217	EXP	text_2: text = 183
159.13408999994863	EXP	text_2: text = 200
159.15034499997273	EXP	text_2: text = 216
159.15181999991182	DATA	Keydown:  
159.1675699999323	EXP	text_2: text = 233
159.1675699999323	EXP	text_2: autoDraw = false
159.1675699999323	EXP	Feedback: text = 218
159.1675699999323	EXP	Feedback: autoDraw = true
159.98460999992676	DATA	Keydown:  
160.16592499997932	EXP	Feedback: autoDraw = false
160.16592499997932	EXP	Feedback: autoDraw = false
160.16592499997932	EXP	text_3: autoDraw = true
163.58296999998856	EXP	text_3: autoDraw = false
163.58296999998856	EXP	text_3: autoDraw = false
163.58296999998856	EXP	text_2: autoDraw = true
163.58296999998856	EXP	text_2: text = 0
163.59957999992184	EXP	text_2: text = 16
163.6161499998998	EXP	text_2: text = 33
163.633109999937	EXP	text_2: text = 50
163.64993999991566	EXP	text_2: text = 67
163.66625499993097	EXP	text_2: text = 83
163.6830299999565	EXP	text_2: text = 100
163.69973499991465	EXP	text_2: text = 116
163.71639499999583	EXP	text_2: text = 133
163.73321499989834	EXP	text_2: text = 150
163.74978999991436	EXP	text_2: text = 167
163.76643499999773	EXP	text_2: text = 183
163.78400499990676	EXP	text_2: text = 200
163.79980499995872	EXP	text_2: text = 216
163.81635999993887	EXP	text_2: text = 233
163.83315999992192	EXP	text_2: text = 250
163.85031499993056	EXP	text_2: text = 267
163.86647499992978	EXP	text_2: text = 283
163.86795499990694	DATA	Keydown:  
163.88324499991722	EXP	text_2: text = 300
163.88324499991722	EXP	text_2: autoDraw = false
163.88324499991722	EXP	Feedback: text = 285
163.88324499991722	EXP	Feedback: autoDraw = true
164.36954999994487	DATA	Keydown:  
164.88212500000373	EXP	Feedback: autoDraw = false
164.88212500000373	EXP	Feedback: autoDraw = false
164.88212500000373	EXP	text_3: autoDraw = true
174.46540499990806	EXP	text_3: autoDraw = false
174.46540499990806	EXP	text_3: autoDraw = false
174.46540499990806	EXP	text_2: autoDraw = true
174.46540499990806	EXP	text_2: text = 0
174.48173999995925	EXP	text_2: text = 16
174.4986599999247	EXP	text_2: text = 34
174.5153350000037	EXP	text_2: text = 50
174.53166999993846	EXP	text_2: text = 66
174.5485349999508	EXP	text_2: text = 83
174.5650799999712	EXP	text_2: text = 100
174.5823149998905	EXP	text_2: text = 117
174.59904000000097	EXP	text_2: text = 133
174.61535499989986	EXP	text_2: text = 150
174.63229999993928	EXP	text_2: text = 167
174.6490899999626	EXP	text_2: text = 183
174.6650999999838	EXP	text_2: text = 200
174.68215499992948	EXP	text_2: text = 217
174.69916499999817	EXP	text_2: text = 233
174.71535999991465	EXP	text_2: text = 250
174.73225999996066	EXP	text_2: text = 266
174.7419299999019	DATA	Keydown:  
174.74914499989245	EXP	text_2: text = 283
174.74914499989245	EXP	text_2: autoDraw = false
174.74914499989245	EXP	Feedback: text = 277
174.74914499989245	EXP	Feedback: autoDraw = true
175.5027049999917	DATA	Keydown:  
175.7481549999211	EXP	Feedback: autoDraw = false
175.7481549999211	EXP	Feedback: autoDraw = false
175.7481549999211	EXP	text_3: autoDraw = true
179.44840999995358	EXP	text_3: autoDraw = false
179.44840999995358	EXP	text_3: autoDraw = false
179.44840999995358	EXP	text_2: autoDraw = true
179.44840999995358	EXP	text_2: text = 0
179.46461999998428	EXP	text_2: text = 17
179.48141999996733	EXP	text_2: text = 33
179.49820499995258	EXP	text_2: text = 50
179.5148399999598	EXP	text_2: text = 67
179.53134999994654	EXP	text_2: text = 83
179.54839999997057	EXP	text_2: text = 100
179.5651899999939	EXP	text_2: text = 117
179.58240499999374	EXP	text_2: text = 133
179.59938499995042	EXP	text_2: text = 150
179.61504999990575	EXP	text_2: text = 167
179.63165999995545	EXP	text_2: text = 183
179.64821999997366	EXP	text_2: text = 200
179.6649299999699	EXP	text_2: text = 217
179.68117499991786	EXP	text_2: text = 233
179.6983749999199	EXP	text_2: text = 250
179.70589999994263	DATA	Keydown:  
179.71528499992564	EXP	text_2: text = 267
179.71528499992564	EXP	text_2: autoDraw = false
179.71528499992564	EXP	Feedback: text = 258
179.71528499992564	EXP	Feedback: autoDraw = true
180.71396500000264	EXP	Feedback: autoDraw = false
180.71396500000264	EXP	Feedback: autoDraw = false
180.71396500000264	EXP	text_3: autoDraw = true
180.78248999989592	DATA	Keydown:  
183.2819399998989	EXP	text_3: autoDraw = false
183.2819399998989	EXP	text_3: autoDraw = false
183.2819399998989	EXP	text_2: autoDraw = true
183.2819399998989	EXP	text_2: text = 0
183.29865999997128	EXP	text_2: text = 16
183.31420999998227	EXP	text_2: text = 33
183.3311349999858	EXP	text_2: text = 49
183.34789999993518	EXP	text_2: text = 66
183.36481999990065	EXP	text_2: text = 83
183.38227499998175	EXP	text_2: text = 99
183.39829499996267	EXP	text_2: text = 116
183.41501499991864	EXP	text_2: text = 133
183.4314149999991	EXP	text_2: text = 149
183.44787999999244	EXP	text_2: text = 166
183.46464999997988	EXP	text_2: text = 183
183.48125999991316	EXP	text_2: text = 199
183.49811499996576	EXP	text_2: text = 216
183.51461999991443	EXP	text_2: text = 233
183.53094499988947	EXP	text_2: text = 250
183.54821499995887	EXP	text_2: text = 267
183.54974499996752	DATA	Keydown:  
183.56502999993972	EXP	text_2: text = 283
183.56502999993972	EXP	text_2: autoDraw = false
183.56502999993972	EXP	Feedback: text = 268
183.56502999993972	EXP	Feedback: autoDraw = true
184.31779499992263	DATA	Keydown:  
184.5636499999091	EXP	Feedback: autoDraw = false
184.5636499999091	EXP	Feedback: autoDraw = false
184.5636499999091	EXP	text_3: autoDraw = true
194.2638699999079	EXP	text_3: autoDraw = false
194.2638699999079	EXP	text_3: autoDraw = false
194.2638699999079	EXP	text_2: autoDraw = true
194.2638699999079	EXP	text_2: text = 0
194.28022499999497	EXP	text_2: text = 17
194.29727999994066	EXP	text_2: text = 33
194.3135599999223	EXP	text_2: text = 50
194.32998999999836	EXP	text_2: text = 66
194.3465899999719	EXP	text_2: text = 83
194.36367999995127	EXP	text_2: text = 100
194.38039999990724	EXP	text_2: text = 117
194.39705999998841	EXP	text_2: text = 133
194.41455499990843	EXP	text_2: text = 150
194.43057499988936	EXP	text_2: text = 167
194.4470399999991	EXP	text_2: text = 183
194.46427499991842	EXP	text_2: text = 200
194.48036999988835	EXP	text_2: text = 217
194.49715499999002	EXP	text_2: text = 233
194.5140849999152	EXP	text_2: text = 250
194.52039499999955	DATA	Keydown:  
194.53104499995243	EXP	text_2: text = 266
194.53104499995243	EXP	text_2: autoDraw = false
194.53104499995243	EXP	Feedback: text = 257
194.53104499995243	EXP	Feedback: autoDraw = true
195.48607499990612	DATA	Keydown:  
195.5296799999196	EXP	Feedback: autoDraw = false
195.5296799999196	EXP	Feedback: autoDraw = false
195.5296799999196	EXP	text_3: autoDraw = true
199.14592999999877	DATA	Keydown:  
201.61349499993958	EXP	text_3: autoDraw = false
201.61349499993958	EXP	text_3: autoDraw = false
201.61349499993958	EXP	text_2: autoDraw = true
201.61349499993958	EXP	text_2: text = 0
201.62968999997247	EXP	text_2: text = 16
201.64638999989256	EXP	text_2: text = 33
201.66468999988865	EXP	text_2: text = 50
201.67945999989752	EXP	text_2: text = 66
201.69641499989666	EXP	text_2: text = 83
201.71339499996975	EXP	text_2: text = 100
201.72993999999017	EXP	text_2: text = 116
201.74647499993443	EXP	text_2: text = 133
201.76311499997973	EXP	text_2: text = 150
201.77961499989033	EXP	text_2: text = 166
201.79604999988806	EXP	text_2: text = 183
201.81296999996994	EXP	text_2: text = 199
201.82937999989372	EXP	text_2: text = 216
201.8462849999778	EXP	text_2: text = 233
201.8636449999176	EXP	text_2: text = 250
201.86505499994382	DATA	Keydown:  
201.88035499991383	EXP	text_2: text = 266
201.88035499991383	EXP	text_2: autoDraw = false
201.88035499991383	EXP	Feedback: text = 252
201.88035499991383	EXP	Feedback: autoDraw = true
202.87899999995716	EXP	Feedback: autoDraw = false
202.87899999995716	EXP	Feedback: autoDraw = false
202.87899999995716	EXP	text_3: autoDraw = true
211.69672499992885	EXP	text_3: autoDraw = false
211.69672499992885	EXP	text_3: autoDraw = false
211.69672499992885	EXP	text_2: autoDraw = true
211.69672499992885	EXP	text_2: text = 0
211.7118949999567	EXP	text_2: text = 16
211.72857999999542	EXP	text_2: text = 33
211.74622499989346	EXP	text_2: text = 49
211.76197499991395	EXP	text_2: text = 66
211.77879999997094	EXP	text_2: text = 83
211.7955499999225	EXP	text_2: text = 100
211.81207499990705	EXP	text_2: text = 116
211.82928499998525	EXP	text_2: text = 133
211.84546499990392	EXP	text_2: text = 149
211.86266499990597	EXP	text_2: text = 166
211.87872999999672	EXP	text_2: text = 183
211.8963699999731	EXP	text_2: text = 199
211.9124099999899	EXP	text_2: text = 216
211.92878499999642	EXP	text_2: text = 233
211.94578499998897	EXP	text_2: text = 250
211.95214999991003	DATA	Keydown:  
211.96222999994643	EXP	text_2: text = 266
211.96222999994643	EXP	text_2: autoDraw = false
211.96222999994643	EXP	Feedback: text = 256
211.96222999994643	EXP	Feedback: autoDraw = true
212.4179699999513	DATA	Keydown:  
212.9621749999933	EXP	Feedback: autoDraw = false
212.9621749999933	EXP	Feedback: autoDraw = false
212.9621749999933	EXP	text_3: autoDraw = true
221.79558999999426	EXP	text_3: autoDraw = false
221.79558999999426	EXP	text_3: autoDraw = false
221.79558999999426	EXP	text_2: autoDraw = true
221.79558999999426	EXP	text_2: text = 0
221.8107599999057	EXP	text_2: text = 16
221.82805499993265	EXP	text_2: text = 33
221.84432499995455	EXP	text_2: text = 50
221.8610349999508	EXP	text_2: text = 66
221.87817499996163	EXP	text_2: text = 83
221.894464999903	EXP	text_2: text = 100
221.91099000000395	EXP	text_2: text = 116
221.9278499999782	EXP	text_2: text = 133
221.94524499995168	EXP	text_2: text = 150
221.96098499989603	EXP	text_2: text = 166
221.9781049999874	EXP	text_2: text = 183
221.99450499995146	EXP	text_2: text = 200
222.0112149999477	EXP	text_2: text = 216
222.02753999992274	EXP	text_2: text = 233
222.044399999897	EXP	text_2: text = 250
222.0573499999009	DATA	Keydown:  
222.06239499989897	EXP	text_2: text = 267
222.06239499989897	EXP	text_2: autoDraw = false
222.06239499989897	EXP	Feedback: text = 263
222.06239499989897	EXP	Feedback: autoDraw = true
222.8856449999148	DATA	Keydown:  
223.0605299999006	EXP	Feedback: autoDraw = false
223.0605299999006	EXP	Feedback: autoDraw = false
223.0605299999006	EXP	text_3: autoDraw = true
226.47823499992955	EXP	text_3: autoDraw = false
226.47823499992955	EXP	text_3: autoDraw = false
226.47823499992955	EXP	text_2: autoDraw = true
226.47823499992955	EXP	text_2: text = 0
226.49399499990977	EXP	text_2: text = 16
226.51072999997996	EXP	text_2: text = 33
226.52750999992713	EXP	text_2: text = 50
226.54380999994464	EXP	text_2: text = 66
226.56088999996427	EXP	text_2: text = 83
226.57735999999568	EXP	text_2: text = 100
226.5948849999113	EXP	text_2: text = 116
226.61246499989647	EXP	text_2: text = 133
226.62821499991696	EXP	text_2: text = 150
226.64532999997027	EXP	text_2: text = 166
226.66086999990512	EXP	text_2: text = 183
226.6776949999621	EXP	text_2: text = 200
226.69413999991957	EXP	text_2: text = 216
226.7108649999136	EXP	text_2: text = 233
226.72714999993332	EXP	text_2: text = 249
226.74445499991998	EXP	text_2: text = 266
226.76107999996748	EXP	text_2: text = 283
226.77750999992713	EXP	text_2: text = 300
226.7952899999218	EXP	text_2: text = 316
226.79692999995314	DATA	Keydown:  
226.81196999992244	EXP	text_2: text = 333
226.81196999992244	EXP	text_2: autoDraw = false
226.81196999992244	EXP	Feedback: text = 319
226.81196999992244	EXP	Feedback: autoDraw = true
227.66539499990176	DATA	Keydown:  
227.8110399999423	EXP	Feedback: autoDraw = false
227.8110399999423	EXP	Feedback: autoDraw = false
227.8110399999423	EXP	text_3: autoDraw = true
234.99364499992225	EXP	text_3: autoDraw = false
234.99364499992225	EXP	text_3: autoDraw = false
234.99364499992225	EXP	text_2: autoDraw = true
234.99364499992225	EXP	text_2: text = 0
235.00966499990318	EXP	text_2: text = 16
235.02651999995578	EXP	text_2: text = 33
235.0431249999674	EXP	text_2: text = 50
235.06000499997754	EXP	text_2: text = 66
235.0762349999277	EXP	text_2: text = 83
235.0933649999788	EXP	text_2: text = 100
235.11015999992378	EXP	text_2: text = 116
235.12630000000354	EXP	text_2: text = 133
235.14362499990966	EXP	text_2: text = 150
235.15998999995645	EXP	text_2: text = 167
235.1768499999307	EXP	text_2: text = 183
235.19311999995261	EXP	text_2: text = 200
235.21007999998983	EXP	text_2: text = 216
235.22869999997783	EXP	text_2: text = 233
235.24433499993756	EXP	text_2: text = 250
235.24764999991748	DATA	Keydown:  
235.2629500000039	EXP	text_2: text = 267
235.2629500000039	EXP	text_2: autoDraw = false
235.2629500000039	EXP	Feedback: text = 254
235.2629500000039	EXP	Feedback: autoDraw = true
236.16339499992318	DATA	Keydown:  
236.2590649999911	EXP	Feedback: autoDraw = false
236.2590649999911	EXP	Feedback: autoDraw = false
236.2590649999911	EXP	text_3: autoDraw = true
239.6264899999369	EXP	text_3: autoDraw = false
239.6264899999369	EXP	text_3: autoDraw = false
239.6264899999369	EXP	text_2: autoDraw = true
239.6264899999369	EXP	text_2: text = 0
239.64242999989074	EXP	text_2: text = 16
239.65989999996964	EXP	text_2: text = 33
239.6760199998971	EXP	text_2: text = 50
239.6923699999461	EXP	text_2: text = 66
239.709514999995	EXP	text_2: text = 83
239.72621999995317	EXP	text_2: text = 100
239.74357499997132	EXP	text_2: text = 116
239.75958999991417	EXP	text_2: text = 133
239.77633999998216	EXP	text_2: text = 150
239.79262999992352	EXP	text_2: text = 166
239.80988999991678	EXP	text_2: text = 183
239.82599499996286	EXP	text_2: text = 200
239.8428099999437	EXP	text_2: text = 216
239.85958499996923	EXP	text_2: text = 233
239.87635999999475	EXP	text_2: text = 250
239.89283999998588	EXP	text_2: text = 266
239.90948499995284	EXP	text_2: text = 283
239.91447499999776	DATA	Keydown:  
239.92684499989264	EXP	text_2: text = 300
239.92684499989264	EXP	text_2: autoDraw = false
239.92684499989264	EXP	Feedback: text = 288
239.92684499989264	EXP	Feedback: autoDraw = true
240.54767999995966	DATA	Keydown:  
240.92565499991179	EXP	Feedback: autoDraw = false
240.92565499991179	EXP	Feedback: autoDraw = false
240.92565499991179	EXP	text_3: autoDraw = true
242.9465049999999	DATA	Keydown:  
249.65867999999318	EXP	text_3: autoDraw = false
249.65867999999318	EXP	text_3: autoDraw = false
249.65867999999318	EXP	text_2: autoDraw = true
249.65867999999318	EXP	text_2: text = 0
249.67497999989428	EXP	text_2: text = 16
249.69145499996375	EXP	text_2: text = 33
249.70834499993362	EXP	text_2: text = 50
249.72495999990497	EXP	text_2: text = 66
249.7419799999334	EXP	text_2: text = 83
249.75849999999627	EXP	text_2: text = 100
249.77554499998223	EXP	text_2: text = 116
249.7919099999126	EXP	text_2: text = 133
249.80841999989934	EXP	text_2: text = 150
249.82516499992926	EXP	text_2: text = 166
249.8414599999087	EXP	text_2: text = 183
249.85848999989685	EXP	text_2: text = 200
249.87509999994654	EXP	text_2: text = 216
249.89178499998525	EXP	text_2: text = 233
249.89720999996644	DATA	Keydown:  
249.90914499992505	EXP	text_2: text = 250
249.90914499992505	EXP	text_2: autoDraw = false
249.90914499992505	EXP	Feedback: text = 239
249.90914499992505	EXP	Feedback: autoDraw = true
250.64151999994647	DATA	Keydown:  
250.90752999996766	EXP	Feedback: autoDraw = false
250.90752999996766	EXP	Feedback: autoDraw = false
250.90752999996766	EXP	text_3: autoDraw = true
254.69171499996446	EXP	text_3: autoDraw = false
254.69171499996446	EXP	text_3: autoDraw = false
254.69171499996446	EXP	text_2: autoDraw = true
254.69171499996446	EXP	text_2: text = 0
254.7079349999549	EXP	text_2: text = 16
254.72454999992624	EXP	text_2: text = 33
254.74131499999203	EXP	text_2: text = 50
254.75808999990113	EXP	text_2: text = 66
254.77498999994714	EXP	text_2: text = 84
254.79105499992147	EXP	text_2: text = 100
254.8085199999623	EXP	text_2: text = 117
254.82528499991167	EXP	text_2: text = 133
254.84179999993648	EXP	text_2: text = 150
254.85812499991152	EXP	text_2: text = 166
254.87459499994293	EXP	text_2: text = 183
254.89162999996915	EXP	text_2: text = 200
254.9083099999698	EXP	text_2: text = 216
254.9249149999814	EXP	text_2: text = 233
254.94185499998275	EXP	text_2: text = 250
254.9587649999885	EXP	text_2: text = 267
254.96028999995906	DATA	Keydown:  
254.97528999997303	EXP	text_2: text = 283
254.97528999997303	EXP	text_2: autoDraw = false
254.97528999997303	EXP	Feedback: text = 269
254.97528999997303	EXP	Feedback: autoDraw = true
255.71536499995273	DATA	Keydown:  
255.97477999993134	EXP	Feedback: autoDraw = false
255.97477999993134	EXP	Feedback: autoDraw = false
255.97477999993134	EXP	text_3: autoDraw = true
265.7918349999236	EXP	text_3: autoDraw = false
265.7918349999236	EXP	text_3: autoDraw = false
265.7918349999236	EXP	text_2: autoDraw = true
265.7918349999236	EXP	text_2: text = 0
265.806660000002	EXP	text_2: text = 17
265.82373499998357	EXP	text_2: text = 33
265.8406599999871	EXP	text_2: text = 50
265.8578399999533	EXP	text_2: text = 66
265.8739549999591	EXP	text_2: text = 83
265.8906199999619	EXP	text_2: text = 100
265.9075349998893	EXP	text_2: text = 117
265.92346499999985	EXP	text_2: text = 133
265.94094499992207	EXP	text_2: text = 150
265.9571049999213	EXP	text_2: text = 166
265.97396499989554	EXP	text_2: text = 183
265.99067999992985	EXP	text_2: text = 200
266.00792000000365	EXP	text_2: text = 217
266.0092199998908	DATA	Keydown:  
266.02461999992374	EXP	text_2: text = 234
266.02461999992374	EXP	text_2: autoDraw = false
266.02461999992374	EXP	Feedback: text = 219
266.02461999992374	EXP	Feedback: autoDraw = true
267.0063099999679	DATA	Keydown:  
267.023259999929	EXP	Feedback: autoDraw = false
267.023259999929	EXP	Feedback: autoDraw = false
267.023259999929	EXP	text_3: autoDraw = true
272.05699499999173	EXP	text_3: autoDraw = false
272.05699499999173	EXP	text_3: autoDraw = false
272.05699499999173	EXP	text_2: autoDraw = true
272.05699499999173	EXP	text_2: text = 0
272.0732399999397	EXP	text_2: text = 16
272.08972999989055	EXP	text_2: text = 33
272.10649499995634	EXP	text_2: text = 50
272.12271999998484	EXP	text_2: text = 66
272.1401949999854	EXP	text_2: text = 83
272.15653499995824	EXP	text_2: text = 100
272.1733949999325	EXP	text_2: text = 117
272.1903699999675	EXP	text_2: text = 133
272.20616999990307	EXP	text_2: text = 150
272.2231749999337	EXP	text_2: text = 166
272.24014499993064	EXP	text_2: text = 183
272.2569249999942	EXP	text_2: text = 200
272.27280499995686	EXP	text_2: text = 216
272.2819399998989	DATA	Keydown:  
272.29031999991275	EXP	text_2: text = 233
272.29031999991275	EXP	text_2: autoDraw = false
272.29031999991275	EXP	Feedback: text = 225
272.29031999991275	EXP	Feedback: autoDraw = true
273.01449499989394	DATA	Keydown:  
273.28919999999925	EXP	Feedback: autoDraw = false
273.28919999999925	EXP	Feedback: autoDraw = false
273.28919999999925	EXP	text_3: autoDraw = true
277.19002499990165	EXP	text_3: autoDraw = false
277.19002499990165	EXP	text_3: autoDraw = false
277.19002499990165	EXP	text_2: autoDraw = true
277.19002499990165	EXP	text_2: text = 0
277.20590999990236	EXP	text_2: text = 16
277.2227599999169	EXP	text_2: text = 33
277.2396949999966	EXP	text_2: text = 50
277.25660999992397	EXP	text_2: text = 67
277.2727999999188	EXP	text_2: text = 83
277.28995499992743	EXP	text_2: text = 100
277.30678999994416	EXP	text_2: text = 116
277.32270999997854	EXP	text_2: text = 133
277.339004999958	EXP	text_2: text = 149
277.35622999991756	EXP	text_2: text = 166
277.3728349999292	EXP	text_2: text = 183
277.38938499998767	EXP	text_2: text = 200
277.4067399998894	EXP	text_2: text = 216
277.4103849999374	DATA	Keydown:  
277.4237299999222	EXP	text_2: text = 233
277.4237299999222	EXP	text_2: autoDraw = false
277.4237299999222	EXP	Feedback: text = 220
277.4237299999222	EXP	Feedback: autoDraw = true
278.0930399999488	DATA	Keydown:  
278.42196999990847	EXP	Feedback: autoDraw = false
278.42196999990847	EXP	Feedback: autoDraw = false
278.42196999990847	EXP	text_3: autoDraw = true
283.4737299999688	EXP	text_3: autoDraw = false
283.4737299999688	EXP	text_3: autoDraw = false
283.4737299999688	EXP	text_2: autoDraw = true
283.4737299999688	EXP	text_2: text = 0
283.4888899999205	EXP	text_2: text = 16
283.5060349999694	EXP	text_2: text = 33
283.5223649999825	EXP	text_2: text = 50
283.5389899999136	EXP	text_2: text = 66
283.5553599999985	EXP	text_2: text = 83
283.57242999994196	EXP	text_2: text = 99
283.59541499998886	EXP	text_2: text = 123
283.6056749999989	EXP	text_2: text = 133
283.62329999997746	EXP	text_2: text = 150
283.6387499999255	EXP	text_2: text = 166
283.6559849999612	EXP	text_2: text = 183
283.67232999997213	EXP	text_2: text = 199
283.67387999990024	DATA	Keydown:  
283.6898999999976	EXP	text_2: text = 216
283.6898999999976	EXP	text_2: autoDraw = false
283.6898999999976	EXP	Feedback: text = 201
283.6898999999976	EXP	Feedback: autoDraw = true
284.68856999999844	EXP	Feedback: autoDraw = false
284.68856999999844	EXP	Feedback: autoDraw = false
284.68856999999844	EXP	text_3: autoDraw = true
284.75507499999367	DATA	Keydown:  
289.3908249998931	DATA	Keydown:  
291.44676999992225	DATA	Keydown:  
293.0373799999943	EXP	text_3: autoDraw = false
293.0373799999943	EXP	text_3: autoDraw = false
293.0373799999943	EXP	text_2: autoDraw = true
293.0373799999943	EXP	text_2: text = 0
293.0541399999056	EXP	text_2: text = 17
293.0707749999128	EXP	text_2: text = 33
293.0875599998981	EXP	text_2: text = 50
293.1035849999171	EXP	text_2: text = 67
293.1211249999469	EXP	text_2: text = 83
293.13700499990955	EXP	text_2: text = 100
293.1540199998999	EXP	text_2: text = 117
293.1708399999188	EXP	text_2: text = 133
293.18739999993704	EXP	text_2: text = 150
293.2045699999435	EXP	text_2: text = 167
293.22065999999177	EXP	text_2: text = 183
293.2391999999527	EXP	text_2: text = 200
293.2483199998969	DATA	Keydown:  
293.2627849999117	EXP	text_2: text = 224
293.2627849999117	EXP	text_2: autoDraw = false
293.2627849999117	EXP	Feedback: text = 211
293.2627849999117	EXP	Feedback: autoDraw = true
293.9887649999	DATA	Keydown:  
294.2534999999916	EXP	Feedback: autoDraw = false
294.2534999999916	EXP	Feedback: autoDraw = false
294.2534999999916	EXP	text_3: autoDraw = true
298.25453999999445	EXP	text_3: autoDraw = false
298.25453999999445	EXP	text_3: autoDraw = false
298.25453999999445	EXP	text_2: autoDraw = true
298.25453999999445	EXP	text_2: text = 0
298.2697549998993	EXP	text_2: text = 17
298.28710999991745	EXP	text_2: text = 33
298.30369999993127	EXP	text_2: text = 50
298.32033999997657	EXP	text_2: text = 67
298.33682499988936	EXP	text_2: text = 83
298.3537799998885	EXP	text_2: text = 100
298.370954999933	EXP	text_2: text = 117
298.38712499989197	EXP	text_2: text = 133
298.40352499997243	EXP	text_2: text = 150
298.41998999996576	EXP	text_2: text = 167
298.43721499992535	EXP	text_2: text = 183
298.4534149999963	EXP	text_2: text = 200
298.4706999999471	EXP	text_2: text = 217
298.4874649998965	EXP	text_2: text = 233
298.50448999996297	EXP	text_2: text = 250
298.52141999988817	EXP	text_2: text = 267
298.5364899999695	EXP	text_2: text = 283
298.5538349999115	EXP	text_2: text = 300
298.55580499989446	DATA	Keydown:  
298.5723949999083	EXP	text_2: text = 317
298.5723949999083	EXP	text_2: autoDraw = false
298.5723949999083	EXP	Feedback: text = 302
298.5723949999083	EXP	Feedback: autoDraw = true
299.40929999994114	DATA	Keydown:  
299.56954499997664	EXP	Feedback: autoDraw = false
299.56954499997664	EXP	Feedback: autoDraw = false
299.56954499997664	EXP	text_3: autoDraw = true
306.3864099999191	EXP	text_3: autoDraw = false
306.3864099999191	EXP	text_3: autoDraw = false
306.3864099999191	EXP	text_2: autoDraw = true
306.3864099999191	EXP	text_2: text = 0
306.402454999974	EXP	text_2: text = 17
306.4196599998977	EXP	text_2: text = 33
306.4359899999108	EXP	text_2: text = 50
306.45274499990046	EXP	text_2: text = 67
306.4695649999194	EXP	text_2: text = 83
306.48636499990243	EXP	text_2: text = 100
306.50358499994036	EXP	text_2: text = 117
306.519314999925	EXP	text_2: text = 133
306.5362299999688	EXP	text_2: text = 150
306.55248999991454	EXP	text_2: text = 167
306.56967999995686	EXP	text_2: text = 183
306.5861249999143	EXP	text_2: text = 200
306.5978499999037	DATA	Keydown:  
306.60350999992806	EXP	text_2: text = 217
306.60350999992806	EXP	text_2: autoDraw = false
306.60350999992806	EXP	Feedback: text = 212
306.60350999992806	EXP	Feedback: autoDraw = true
307.237664999906	DATA	Keydown:  
307.60182499990333	EXP	Feedback: autoDraw = false
307.60182499990333	EXP	Feedback: autoDraw = false
307.60182499990333	EXP	text_3: autoDraw = true
310.1859899999108	EXP	text_3: autoDraw = false
310.1859899999108	EXP	text_3: autoDraw = false
310.1859899999108	EXP	text_2: autoDraw = true
310.1859899999108	EXP	text_2: text = 0
310.20213499991223	EXP	text_2: text = 17
310.21922999992967	EXP	text_2: text = 33
310.2360299999127	EXP	text_2: text = 50
310.25283499993384	EXP	text_2: text = 67
310.2691399999894	EXP	text_2: text = 83
310.2860849999124	EXP	text_2: text = 100
310.3026799999643	EXP	text_2: text = 117
310.31986499996856	EXP	text_2: text = 133
310.3360399999656	EXP	text_2: text = 150
310.35237499990035	EXP	text_2: text = 167
310.3692999999039	EXP	text_2: text = 183
310.38577499997336	EXP	text_2: text = 200
310.40252499992494	EXP	text_2: text = 217
310.4188949998934	EXP	text_2: text = 233
310.42821499996353	DATA	Keydown:  
310.4365899999393	EXP	text_2: text = 250
310.4365899999393	EXP	text_2: autoDraw = false
310.4365899999393	EXP	Feedback: text = 242
310.4365899999393	EXP	Feedback: autoDraw = true
311.02146999991965	DATA	Keydown:  
311.4346699999878	EXP	Feedback: autoDraw = false
311.4346699999878	EXP	Feedback: autoDraw = false
311.4346699999878	EXP	text_3: autoDraw = true
314.33539999998175	EXP	text_3: autoDraw = false
314.33539999998175	EXP	text_3: autoDraw = false
314.33539999998175	EXP	text_2: autoDraw = true
314.33539999998175	EXP	text_2: text = 0
314.3518899999326	EXP	text_2: text = 17
314.3684199999552	EXP	text_2: text = 33
314.38557499996386	EXP	text_2: text = 50
314.4020099999616	EXP	text_2: text = 67
314.41854499990586	EXP	text_2: text = 83
314.4358899999643	EXP	text_2: text = 100
314.4522049999796	EXP	text_2: text = 117
314.46875499992166	EXP	text_2: text = 133
314.4858199999435	EXP	text_2: text = 150
314.50215999991633	EXP	text_2: text = 167
314.5181149999844	EXP	text_2: text = 183
314.53558999998495	EXP	text_2: text = 200
314.5523399999365	EXP	text_2: text = 217
314.56851499993354	EXP	text_2: text = 233
314.58527499996126	EXP	text_2: text = 250
314.6023649999406	EXP	text_2: text = 267
314.6125999999931	DATA	Keydown:  
314.61913499992806	EXP	text_2: text = 283
314.61913499992806	EXP	text_2: autoDraw = false
314.61913499992806	EXP	Feedback: text = 277
314.61913499992806	EXP	Feedback: autoDraw = true
315.2777449999703	DATA	Keydown:  
315.6181050000014	EXP	Feedback: autoDraw = false
315.6181050000014	EXP	Feedback: autoDraw = false
315.6181050000014	EXP	text_3: autoDraw = true
320.2351099998923	EXP	text_3: autoDraw = false
320.2351099998923	EXP	text_3: autoDraw = false
320.2351099998923	EXP	text_2: autoDraw = true
320.2351099998923	EXP	text_2: text = 0
320.25135999999475	EXP	text_2: text = 17
320.2679749999661	EXP	text_2: text = 33
320.2848449999001	EXP	text_2: text = 50
320.3012799998978	EXP	text_2: text = 67
320.31805499992333	EXP	text_2: text = 83
320.3346199999796	EXP	text_2: text = 100
320.3517499999143	EXP	text_2: text = 117
320.3683949999977	EXP	text_2: text = 133
320.38483999995515	EXP	text_2: text = 150
320.4018549999455	EXP	text_2: text = 167
320.4183399999747	EXP	text_2: text = 183
320.4240099999588	DATA	Keydown:  
320.43549499998335	EXP	text_2: text = 200
320.43549499998335	EXP	text_2: autoDraw = false
320.43549499998335	EXP	Feedback: text = 189
320.43549499998335	EXP	Feedback: autoDraw = true
321.43387999990955	EXP	Feedback: autoDraw = false
321.43387999990955	EXP	Feedback: autoDraw = false
321.43387999990955	EXP	text_3: autoDraw = true
321.7670699999435	DATA	Keydown:  
325.58450499991886	EXP	text_3: autoDraw = false
325.58450499991886	EXP	text_3: autoDraw = false
325.58450499991886	EXP	text_2: autoDraw = true
325.58450499991886	EXP	text_2: text = 0
325.6008599998895	EXP	text_2: text = 17
325.61755499988794	EXP	text_2: text = 33
325.634309999994	EXP	text_2: text = 50
325.65087999997195	EXP	text_2: text = 67
325.6677149999887	EXP	text_2: text = 83
325.68421499989927	EXP	text_2: text = 100
325.7016149999108	EXP	text_2: text = 117
325.71790999989025	EXP	text_2: text = 133
325.734524999978	EXP	text_2: text = 150
325.75114499998745	EXP	text_2: text = 167
325.76790499989875	EXP	text_2: text = 183
325.78463499993086	EXP	text_2: text = 200
325.801189999911	EXP	text_2: text = 217
325.8175849999534	EXP	text_2: text = 233
325.8346399998991	EXP	text_2: text = 250
325.84464499994647	DATA	Keydown:  
325.85146999999415	EXP	text_2: text = 267
325.85146999999415	EXP	text_2: autoDraw = false
325.85146999999415	EXP	Feedback: text = 260
325.85146999999415	EXP	Feedback: autoDraw = true
326.3758299999172	DATA	Keydown:  
326.85028999997303	EXP	Feedback: autoDraw = false
326.85028999997303	EXP	Feedback: autoDraw = false
326.85028999997303	EXP	text_3: autoDraw = true
333.0836899999995	EXP	text_3: autoDraw = false
333.0836899999995	EXP	text_3: autoDraw = false
333.0836899999995	EXP	text_2: autoDraw = true
333.0836899999995	EXP	text_2: text = 0
333.0999849999789	EXP	text_2: text = 17
333.11680499999784	EXP	text_2: text = 33
333.1332149999216	EXP	text_2: text = 50
333.15010999992955	EXP	text_2: text = 67
333.1667249999009	EXP	text_2: text = 83
333.1834449999733	EXP	text_2: text = 100
333.2003099999856	EXP	text_2: text = 117
333.21701999998186	EXP	text_2: text = 133
333.2337899999693	EXP	text_2: text = 150
333.2505399999209	EXP	text_2: text = 167
333.26691999996547	EXP	text_2: text = 183
333.2835249999771	EXP	text_2: text = 200
333.29402499995194	DATA	Keydown:  
333.3008999999147	EXP	text_2: text = 217
333.3008999999147	EXP	text_2: autoDraw = false
333.3008999999147	EXP	Feedback: text = 210
333.3008999999147	EXP	Feedback: autoDraw = true
333.8448699999135	DATA	Keydown:  
334.3184449999826	EXP	Feedback: autoDraw = false
334.3184449999826	EXP	Feedback: autoDraw = false
334.3184449999826	EXP	End_text: autoDraw = true
