0.020285000000058062	EXP	Created Window = Window( name=Window, fullscr=true, color=#000000, units=height, waitBlanking=true, autoLog=true, size=[1920,937] )
2.4270550000001094	DATA	Keydown: undefined
7.656255000000328	EXP	Created text = TextStim( name=text, win=Window( name=Window, fullscr=true, color=#000000, ~), autoDraw=null, autoLog=true, units=height, ori=null, opacity=1, pos=[0,0], size=undefined, text=INSTRUCTIONS [EN]


A counter will appear and star~, font=Arial, color=#FFFFFF, contrast=1, height=0.03, bold=null, italic=null, alignHoriz=left, alignVert=center, wrapWidth=1, flipHoriz=null, flipVert=null )
7.657100000000355	EXP	Created text_3 = TextStim( name=text_3, win=Window( name=Window, fullscr=true, color=#000000, ~), autoDraw=null, autoLog=true, units=height, ori=null, opacity=1, pos=[0,0], size=undefined, text=null, font=Arial, color=#FFFFFF, contrast=1, height=0.1, bold=null, italic=null, alignHoriz=left, alignVert=center, wrapWidth=1, flipHoriz=null, flipVert=null )
7.65762500000028	EXP	Created text_2 = TextStim( name=text_2, win=Window( name=Window, fullscr=true, color=#000000, ~), autoDraw=null, autoLog=true, units=height, ori=null, opacity=1, pos=[0,0], size=undefined, text=default text, font=Arial, color=#ff0000, contrast=1, height=0.15, bold=null, italic=null, alignHoriz=left, alignVert=center, wrapWidth=1, flipHoriz=null, flipVert=null )
7.658100000000104	EXP	Created Feedback = TextStim( name=Feedback, win=Window( name=Window, fullscr=true, color=#000000, ~), autoDraw=null, autoLog=true, units=height, ori=null, opacity=1, pos=[0,0], size=undefined, text=default text, font=Arial, color=#ff0000, contrast=1, height=0.15, bold=null, italic=null, alignHoriz=left, alignVert=center, wrapWidth=1, flipHoriz=null, flipVert=null )
7.6585150000000795	EXP	Created End_text = TextStim( name=End_text, win=Window( name=Window, fullscr=true, color=#000000, ~), autoDraw=null, autoLog=true, units=height, ori=null, opacity=1, pos=[0,0], size=undefined, text=This study aimed to look at procedural learning, i~, font=Arial, color=#FFFFFF, contrast=1, height=0.025, bold=null, italic=null, alignHoriz=left, alignVert=center, wrapWidth=1, flipHoriz=null, flipVert=null )
7.674380000000383	EXP	text: units = "height"
7.674380000000383	EXP	text: ori = 0
7.674380000000383	EXP	text: opacity = 1
7.674380000000383	EXP	text: pos = [0,0]
7.674380000000383	EXP	text: size = undefined
7.674380000000383	EXP	text: text = "INSTRUCTIONS [EN]\n\n\nA counter will appear and start counting at random times, press SPACE as fast as possible when it appears.\n\n\nPress SPACE to start\n\n-------\n\nInstruções [PT]\n\n\nUm cronómetro vai aparecer e começar a contar aleatoriamente, pressione a tecla SPACE assim que ele aparecer.\n\n\nPressiona SPACE para começar."
7.674380000000383	EXP	text: font = "Arial"
7.674380000000383	EXP	text: color = {"_hex":"#FFFFFF","_rgb":[1,1,1]}
7.674380000000383	EXP	text: contrast = 1
7.674380000000383	EXP	text: height = 0.03
7.674380000000383	EXP	text: bold = false
7.674380000000383	EXP	text: italic = false
7.674380000000383	EXP	text: alignHoriz = "left"
7.674380000000383	EXP	text: alignVert = "center"
7.674380000000383	EXP	text: wrapWidth = 1
7.674380000000383	EXP	text: flipHoriz = false
7.674380000000383	EXP	text: flipVert = false
7.674380000000383	EXP	text_3: units = "height"
7.674380000000383	EXP	text_3: ori = 0
7.674380000000383	EXP	text_3: opacity = 1
7.674380000000383	EXP	text_3: pos = [0,0]
7.674380000000383	EXP	text_3: size = undefined
7.674380000000383	EXP	text_3: text = ""
7.674380000000383	EXP	text_3: font = "Arial"
7.674380000000383	EXP	text_3: color = {"_hex":"#FFFFFF","_rgb":[1,1,1]}
7.674380000000383	EXP	text_3: contrast = 1
7.674380000000383	EXP	text_3: height = 0.1
7.674380000000383	EXP	text_3: bold = false
7.674380000000383	EXP	text_3: italic = false
7.674380000000383	EXP	text_3: alignHoriz = "left"
7.674380000000383	EXP	text_3: alignVert = "center"
7.674380000000383	EXP	text_3: wrapWidth = 1
7.674380000000383	EXP	text_3: flipHoriz = false
7.674380000000383	EXP	text_3: flipVert = false
7.674380000000383	EXP	text_2: units = "height"
7.674380000000383	EXP	text_2: ori = 0
7.674380000000383	EXP	text_2: opacity = 1
7.674380000000383	EXP	text_2: pos = [0,0]
7.674380000000383	EXP	text_2: size = undefined
7.674380000000383	EXP	text_2: text = "default text"
7.674380000000383	EXP	text_2: font = "Arial"
7.674380000000383	EXP	text_2: color = {"_rgb":[1,0,0]}
7.674380000000383	EXP	text_2: contrast = 1
7.674380000000383	EXP	text_2: height = 0.15
7.674380000000383	EXP	text_2: bold = false
7.674380000000383	EXP	text_2: italic = false
7.674380000000383	EXP	text_2: alignHoriz = "left"
7.674380000000383	EXP	text_2: alignVert = "center"
7.674380000000383	EXP	text_2: wrapWidth = 1
7.674380000000383	EXP	text_2: flipHoriz = false
7.674380000000383	EXP	text_2: flipVert = false
7.674380000000383	EXP	Feedback: units = "height"
7.674380000000383	EXP	Feedback: ori = 0
7.674380000000383	EXP	Feedback: opacity = 1
7.674380000000383	EXP	Feedback: pos = [0,0]
7.674380000000383	EXP	Feedback: size = undefined
7.674380000000383	EXP	Feedback: text = "default text"
7.674380000000383	EXP	Feedback: font = "Arial"
7.674380000000383	EXP	Feedback: color = {"_rgb":[1,0,0]}
7.674380000000383	EXP	Feedback: contrast = 1
7.674380000000383	EXP	Feedback: height = 0.15
7.674380000000383	EXP	Feedback: bold = false
7.674380000000383	EXP	Feedback: italic = false
7.674380000000383	EXP	Feedback: alignHoriz = "left"
7.674380000000383	EXP	Feedback: alignVert = "center"
7.674380000000383	EXP	Feedback: wrapWidth = 1
7.674380000000383	EXP	Feedback: flipHoriz = false
7.674380000000383	EXP	Feedback: flipVert = false
7.674380000000383	EXP	End_text: units = "height"
7.674380000000383	EXP	End_text: ori = 0
7.674380000000383	EXP	End_text: opacity = 1
7.674380000000383	EXP	End_text: pos = [0,0]
7.674380000000383	EXP	End_text: size = undefined
7.674380000000383	EXP	End_text: text = "This study aimed to look at procedural learning, i.e. our ability to extract patterns from the input that we are constantly receiving. This skill is thought to be essential for language and literacy acquisition and has been suggested as a possible underlying difficult in children with Language Impairments and Dyslexia. This study aims to improve the measures of procedural learning (the smiley face task) so that we can measure procedural learning more reliably and, in the future, analyse the performance of individuals with learning impairments.\nThank you for participating!\n\n----\n\nEste estudo tem como objectivo analisar a nossa capacidade de extrair padrões da informação que estamos constantemente a receber. Pensa-se que esta competência é essencial para a aquisição da linguagem e literacia e foi sugerido que dificuldades neste tipo de competências poderá estar relacionado com perturbações da linguagem e Dislexia. Este estudo tem como objectivo melhorar a estabilidade das medidas usadas para medir este tipo de memória (a tarefa da cara sorridente) de forma a poder medir de forma mais precisa e, no futuro, analisar a performance de indivíduos com perturbações da aprendizagem. \nMuito obrigada por ter participado!"
7.674380000000383	EXP	End_text: font = "Arial"
7.674380000000383	EXP	End_text: color = {"_hex":"#FFFFFF","_rgb":[1,1,1]}
7.674380000000383	EXP	End_text: contrast = 1
7.674380000000383	EXP	End_text: height = 0.025
7.674380000000383	EXP	End_text: bold = false
7.674380000000383	EXP	End_text: italic = false
7.674380000000383	EXP	End_text: alignHoriz = "left"
7.674380000000383	EXP	End_text: alignVert = "center"
7.674380000000383	EXP	End_text: wrapWidth = 1
7.674380000000383	EXP	End_text: flipHoriz = false
7.674380000000383	EXP	End_text: flipVert = false
7.674380000000383	EXP	text: autoDraw = true
15.78505000000041	DATA	Keydown:  
15.80277500000011	EXP	text: autoDraw = false
15.80277500000011	EXP	text_3: autoDraw = true
18.00260500000013	EXP	text_3: autoDraw = false
18.00260500000013	EXP	text_3: autoDraw = false
18.00260500000013	EXP	text_2: autoDraw = true
18.00260500000013	EXP	text_2: text = 0
18.027450000000044	EXP	text_2: text = 34
18.044230000000425	EXP	text_2: text = 50
18.060245000000123	EXP	text_2: text = 67
18.07737000000043	EXP	text_2: text = 84
18.093315000000075	EXP	text_2: text = 100
18.11127000000033	EXP	text_2: text = 118
18.127380000000358	EXP	text_2: text = 134
18.143310000000383	EXP	text_2: text = 150
18.16068000000041	EXP	text_2: text = 167
18.177779999999984	EXP	text_2: text = 184
18.194355000000087	EXP	text_2: text = 201
18.211405000000013	EXP	text_2: text = 218
18.22852499999999	EXP	text_2: text = 235
18.24451500000032	EXP	text_2: text = 251
18.261025000000245	EXP	text_2: text = 267
18.277270000000044	EXP	text_2: text = 284
18.29443500000025	EXP	text_2: text = 301
18.310505000000376	EXP	text_2: text = 317
18.32667500000025	EXP	text_2: text = 333
18.33362500000021	DATA	Keydown:  
18.344820000000254	EXP	text_2: text = 350
18.344820000000254	EXP	text_2: autoDraw = false
18.344820000000254	EXP	Feedback: text = 331
18.344820000000254	EXP	Feedback: autoDraw = true
19.344265000000178	EXP	Feedback: autoDraw = false
19.344265000000178	EXP	Feedback: autoDraw = false
19.344265000000178	EXP	text_3: autoDraw = true
24.707600000000184	EXP	text_3: autoDraw = false
24.707600000000184	EXP	text_3: autoDraw = false
24.707600000000184	EXP	text_2: autoDraw = true
24.707600000000184	EXP	text_2: text = 0
24.723540000000412	EXP	text_2: text = 17
24.740180000000237	EXP	text_2: text = 33
24.757770000000164	EXP	text_2: text = 51
24.773845000000165	EXP	text_2: text = 67
24.791045000000395	EXP	text_2: text = 84
24.806100000000242	EXP	text_2: text = 99
24.82311000000027	EXP	text_2: text = 116
24.840160000000196	EXP	text_2: text = 133
24.857195000000047	EXP	text_2: text = 150
24.873475000000326	EXP	text_2: text = 167
24.8903650000002	EXP	text_2: text = 183
24.906920000000355	EXP	text_2: text = 200
24.923350000000028	EXP	text_2: text = 216
24.940725000000384	EXP	text_2: text = 234
24.956150000000434	EXP	text_2: text = 249
24.962945000000218	DATA	Keydown:  
24.97407000000021	EXP	text_2: text = 266
24.97407000000021	EXP	text_2: autoDraw = false
24.97407000000021	EXP	Feedback: text = 255
24.97407000000021	EXP	Feedback: autoDraw = true
25.973785000000134	EXP	Feedback: autoDraw = false
25.973785000000134	EXP	Feedback: autoDraw = false
25.973785000000134	EXP	text_3: autoDraw = true
32.75308000000041	EXP	text_3: autoDraw = false
32.75308000000041	EXP	text_3: autoDraw = false
32.75308000000041	EXP	text_2: autoDraw = true
32.75308000000041	EXP	text_2: text = 0
32.768335000000214	EXP	text_2: text = 16
32.78479000000015	EXP	text_2: text = 32
32.80079500000011	EXP	text_2: text = 48
32.81862500000033	EXP	text_2: text = 66
32.83499000000029	EXP	text_2: text = 83
32.85198500000024	EXP	text_2: text = 100
32.869030000000286	EXP	text_2: text = 117
32.88501000000041	EXP	text_2: text = 133
32.9009600000004	EXP	text_2: text = 149
32.91825000000018	EXP	text_2: text = 166
32.93506999999999	EXP	text_2: text = 183
32.952070000000276	EXP	text_2: text = 200
32.9685300000001	EXP	text_2: text = 216
32.984525000000296	EXP	text_2: text = 232
33.00175500000023	EXP	text_2: text = 249
33.018825000000106	EXP	text_2: text = 266
33.026935000000314	DATA	Keydown:  
33.03554500000019	EXP	text_2: text = 283
33.03554500000019	EXP	text_2: autoDraw = false
33.03554500000019	EXP	Feedback: text = 274
33.03554500000019	EXP	Feedback: autoDraw = true
34.03451500000028	EXP	Feedback: autoDraw = false
34.03451500000028	EXP	Feedback: autoDraw = false
34.03451500000028	EXP	text_3: autoDraw = true
36.61573000000044	EXP	text_3: autoDraw = false
36.61573000000044	EXP	text_3: autoDraw = false
36.61573000000044	EXP	text_2: autoDraw = true
36.61573000000044	EXP	text_2: text = 0
36.6330350000003	EXP	text_2: text = 18
36.648310000000045	EXP	text_2: text = 33
36.665405000000185	EXP	text_2: text = 50
36.68256500000007	EXP	text_2: text = 67
36.69849000000023	EXP	text_2: text = 83
36.71570500000008	EXP	text_2: text = 101
36.73352500000009	EXP	text_2: text = 118
36.748540000000055	EXP	text_2: text = 133
36.765925000000145	EXP	text_2: text = 151
36.781825000000026	EXP	text_2: text = 167
36.7999850000001	EXP	text_2: text = 185
36.81616500000018	EXP	text_2: text = 201
36.833315000000304	EXP	text_2: text = 218
36.848375000000026	EXP	text_2: text = 233
36.86530500000026	EXP	text_2: text = 250
36.88259500000004	EXP	text_2: text = 267
36.89962000000014	EXP	text_2: text = 285
36.9150850000001	EXP	text_2: text = 300
36.933170000000246	EXP	text_2: text = 318
36.95010500000034	EXP	text_2: text = 335
36.956625000000265	DATA	Keydown:  
36.965675000000374	EXP	text_2: text = 350
36.965675000000374	EXP	text_2: autoDraw = false
36.965675000000374	EXP	Feedback: text = 341
36.965675000000374	EXP	Feedback: autoDraw = true
37.96611500000017	EXP	Feedback: autoDraw = false
37.96611500000017	EXP	Feedback: autoDraw = false
37.96611500000017	EXP	text_3: autoDraw = true
45.89436500000011	EXP	text_3: autoDraw = false
45.89436500000011	EXP	text_3: autoDraw = false
45.89436500000011	EXP	text_2: autoDraw = true
45.89436500000011	EXP	text_2: text = 0
45.90930500000013	EXP	text_2: text = 16
45.92665500000021	EXP	text_2: text = 33
45.94367000000012	EXP	text_2: text = 50
45.95967000000019	EXP	text_2: text = 66
45.97668000000021	EXP	text_2: text = 83
45.99379	EXP	text_2: text = 100
46.009775	EXP	text_2: text = 116
46.02669000000015	EXP	text_2: text = 133
46.043690000000424	EXP	text_2: text = 150
46.060715000000066	EXP	text_2: text = 167
46.079445000000305	EXP	text_2: text = 186
46.0970000000002	EXP	text_2: text = 203
46.112795000000006	EXP	text_2: text = 219
46.12899500000003	EXP	text_2: text = 235
46.14442000000009	EXP	text_2: text = 251
46.15939500000014	EXP	text_2: text = 266
46.17687500000011	EXP	text_2: text = 283
46.192795000000395	EXP	text_2: text = 299
46.20989000000009	EXP	text_2: text = 316
46.22158500000023	DATA	Keydown:  
46.226420000000424	EXP	text_2: text = 332
46.226420000000424	EXP	text_2: autoDraw = false
46.226420000000424	EXP	Feedback: text = 327
46.226420000000424	EXP	Feedback: autoDraw = true
47.22600000000012	EXP	Feedback: autoDraw = false
47.22600000000012	EXP	Feedback: autoDraw = false
47.22600000000012	EXP	text_3: autoDraw = true
52.556135000000275	EXP	text_3: autoDraw = false
52.556135000000275	EXP	text_3: autoDraw = false
52.556135000000275	EXP	text_2: autoDraw = true
52.556135000000275	EXP	text_2: text = 0
52.572445000000236	EXP	text_2: text = 17
52.58944500000006	EXP	text_2: text = 34
52.60545000000002	EXP	text_2: text = 50
52.62244500000043	EXP	text_2: text = 67
52.63937000000033	EXP	text_2: text = 84
52.656435000000336	EXP	text_2: text = 101
52.672245000000196	EXP	text_2: text = 117
52.68925500000023	EXP	text_2: text = 134
52.706335000000315	EXP	text_2: text = 151
52.72244	EXP	text_2: text = 167
52.739340000000084	EXP	text_2: text = 184
52.75654500000019	EXP	text_2: text = 201
52.77260000000024	EXP	text_2: text = 217
52.789605000000385	EXP	text_2: text = 234
52.8056300000003	EXP	text_2: text = 250
52.822410000000225	EXP	text_2: text = 267
52.83838000000014	EXP	text_2: text = 283
52.85582000000023	EXP	text_2: text = 300
52.87299000000029	EXP	text_2: text = 317
52.88779000000023	DATA	Keydown:  
52.88945000000013	EXP	text_2: text = 333
52.88945000000013	EXP	text_2: autoDraw = false
52.88945000000013	EXP	Feedback: text = 332
52.88945000000013	EXP	Feedback: autoDraw = true
53.889580000000024	EXP	Feedback: autoDraw = false
53.889580000000024	EXP	Feedback: autoDraw = false
53.889580000000024	EXP	text_3: autoDraw = true
60.18433500000037	EXP	text_3: autoDraw = false
60.18433500000037	EXP	text_3: autoDraw = false
60.18433500000037	EXP	text_2: autoDraw = true
60.18433500000037	EXP	text_2: text = 0
60.20078000000012	EXP	text_2: text = 17
60.21779000000016	EXP	text_2: text = 34
60.2337550000002	EXP	text_2: text = 50
60.250890000000254	EXP	text_2: text = 67
60.26773000000002	EXP	text_2: text = 84
60.2837800000002	EXP	text_2: text = 100
60.30076000000008	EXP	text_2: text = 117
60.317810000000016	EXP	text_2: text = 134
60.33477500000026	EXP	text_2: text = 151
60.35082500000044	EXP	text_2: text = 167
60.36781000000018	EXP	text_2: text = 184
60.38483000000043	EXP	text_2: text = 201
60.400705000000016	EXP	text_2: text = 217
60.416880000000226	EXP	text_2: text = 233
60.43394500000023	EXP	text_2: text = 250
60.45096000000012	EXP	text_2: text = 267
60.467925000000385	EXP	text_2: text = 284
60.48492500000021	EXP	text_2: text = 301
60.502440000000206	EXP	text_2: text = 319
60.517825000000364	EXP	text_2: text = 334
60.52454500000022	DATA	Keydown:  
60.53466500000013	EXP	text_2: text = 350
60.53466500000013	EXP	text_2: autoDraw = false
60.53466500000013	EXP	Feedback: text = 340
60.53466500000013	EXP	Feedback: autoDraw = true
61.534740000000056	EXP	Feedback: autoDraw = false
61.534740000000056	EXP	Feedback: autoDraw = false
61.534740000000056	EXP	text_3: autoDraw = true
68.86391000000003	EXP	text_3: autoDraw = false
68.86391000000003	EXP	text_3: autoDraw = false
68.86391000000003	EXP	text_2: autoDraw = true
68.86391000000003	EXP	text_2: text = 0
68.87947500000018	EXP	text_2: text = 16
68.89654000000019	EXP	text_2: text = 33
68.91161000000012	EXP	text_2: text = 48
68.92870500000026	EXP	text_2: text = 65
68.94589000000042	EXP	text_2: text = 82
68.96226999999999	EXP	text_2: text = 99
68.97864500000016	EXP	text_2: text = 115
68.99575000000004	EXP	text_2: text = 132
69.01187500000015	EXP	text_2: text = 148
69.02898000000006	EXP	text_2: text = 166
69.0452150000001	EXP	text_2: text = 182
69.06313	EXP	text_2: text = 200
69.07963000000018	EXP	text_2: text = 216
69.09607500000037	EXP	text_2: text = 233
69.1130250000001	EXP	text_2: text = 250
69.12925000000041	EXP	text_2: text = 266
69.14631000000008	EXP	text_2: text = 283
69.16236000000026	EXP	text_2: text = 299
69.17131000000018	DATA	Keydown:  
69.17904000000044	EXP	text_2: text = 315
69.17904000000044	EXP	text_2: autoDraw = false
69.17904000000044	EXP	Feedback: text = 307
69.17904000000044	EXP	Feedback: autoDraw = true
70.17899000000034	EXP	Feedback: autoDraw = false
70.17899000000034	EXP	Feedback: autoDraw = false
70.17899000000034	EXP	text_3: autoDraw = true
78.57414500000004	EXP	text_3: autoDraw = false
78.57414500000004	EXP	text_3: autoDraw = false
78.57414500000004	EXP	text_2: autoDraw = true
78.57414500000004	EXP	text_2: text = 0
78.58957500000042	EXP	text_2: text = 16
78.60659000000034	EXP	text_2: text = 33
78.62256000000025	EXP	text_2: text = 49
78.63960000000043	EXP	text_2: text = 66
78.65556000000016	EXP	text_2: text = 82
78.672595	EXP	text_2: text = 99
78.6897100000001	EXP	text_2: text = 116
78.70559500000037	EXP	text_2: text = 132
78.72266000000037	EXP	text_2: text = 149
78.73978500000021	EXP	text_2: text = 166
78.75574500000039	EXP	text_2: text = 182
78.77270500000033	EXP	text_2: text = 199
78.78971500000034	EXP	text_2: text = 216
78.80569000000013	EXP	text_2: text = 232
78.82275000000028	EXP	text_2: text = 249
78.83967500000018	EXP	text_2: text = 266
78.85648000000037	EXP	text_2: text = 283
78.87337999999998	EXP	text_2: text = 299
78.88718500000004	DATA	Keydown:  
78.88947000000007	EXP	text_2: text = 315
78.88947000000007	EXP	text_2: autoDraw = false
78.88947000000007	EXP	Feedback: text = 313
78.88947000000007	EXP	Feedback: autoDraw = true
79.88986500000009	EXP	Feedback: autoDraw = false
79.88986500000009	EXP	Feedback: autoDraw = false
79.88986500000009	EXP	text_3: autoDraw = true
85.58706500000017	EXP	text_3: autoDraw = false
85.58706500000017	EXP	text_3: autoDraw = false
85.58706500000017	EXP	text_2: autoDraw = true
85.58706500000017	EXP	text_2: text = 0
85.60136500000044	EXP	text_2: text = 15
85.61813500000017	EXP	text_2: text = 32
85.63530500000024	EXP	text_2: text = 49
85.6524400000003	EXP	text_2: text = 66
85.66778000000022	EXP	text_2: text = 81
85.68477500000017	EXP	text_2: text = 98
85.7050750000003	EXP	text_2: text = 119
85.72191000000021	EXP	text_2: text = 135
85.73731000000043	EXP	text_2: text = 151
85.75202000000036	EXP	text_2: text = 165
85.76849500000026	EXP	text_2: text = 182
85.78606500000024	EXP	text_2: text = 200
85.80107500000032	EXP	text_2: text = 215
85.8190850000001	EXP	text_2: text = 233
85.83313500000031	DATA	Keydown:  
85.83626500000037	EXP	text_2: text = 249
85.83626500000037	EXP	text_2: autoDraw = false
85.83626500000037	EXP	Feedback: text = 246
85.83626500000037	EXP	Feedback: autoDraw = true
86.83583000000044	EXP	Feedback: autoDraw = false
86.83583000000044	EXP	Feedback: autoDraw = false
86.83583000000044	EXP	text_3: autoDraw = true
91.58272000000034	EXP	text_3: autoDraw = false
91.58272000000034	EXP	text_3: autoDraw = false
91.58272000000034	EXP	text_2: autoDraw = true
91.58272000000034	EXP	text_2: text = 0
91.59859000000006	EXP	text_2: text = 16
91.61458000000037	EXP	text_2: text = 32
91.63176500000009	EXP	text_2: text = 50
91.64785000000028	EXP	text_2: text = 66
91.66495000000032	EXP	text_2: text = 83
91.68092000000024	EXP	text_2: text = 99
91.69912500000011	EXP	text_2: text = 117
91.71445000000041	EXP	text_2: text = 132
91.73153	EXP	text_2: text = 149
91.74750000000039	EXP	text_2: text = 165
91.76456500000039	EXP	text_2: text = 182
91.78050500000018	EXP	text_2: text = 198
91.79754000000003	EXP	text_2: text = 215
91.81459500000028	EXP	text_2: text = 232
91.83054500000026	EXP	text_2: text = 248
91.84762500000033	EXP	text_2: text = 265
91.86462500000016	EXP	text_2: text = 282
91.88160000000016	EXP	text_2: text = 299
91.89761000000044	EXP	text_2: text = 315
91.91452500000014	EXP	text_2: text = 332
91.92883500000016	DATA	Keydown:  
91.93234000000031	EXP	text_2: text = 349
91.93234000000031	EXP	text_2: autoDraw = false
91.93234000000031	EXP	Feedback: text = 346
91.93234000000031	EXP	Feedback: autoDraw = true
92.93085500000007	EXP	Feedback: autoDraw = false
92.93085500000007	EXP	Feedback: autoDraw = false
92.93085500000007	EXP	text_3: autoDraw = true
101.52670000000035	EXP	text_3: autoDraw = false
101.52670000000035	EXP	text_3: autoDraw = false
101.52670000000035	EXP	text_2: autoDraw = true
101.52670000000035	EXP	text_2: text = 0
101.54163500000004	EXP	text_2: text = 15
101.55809500000032	EXP	text_2: text = 32
101.57506499999998	EXP	text_2: text = 49
101.59114500000032	EXP	text_2: text = 65
101.6091250000004	EXP	text_2: text = 83
101.6251400000001	EXP	text_2: text = 99
101.64114000000018	EXP	text_2: text = 115
101.65808500000004	EXP	text_2: text = 132
101.67518500000006	EXP	text_2: text = 149
101.6922000000004	EXP	text_2: text = 166
101.70923000000039	EXP	text_2: text = 183
101.72523000000001	EXP	text_2: text = 199
101.74220500000001	EXP	text_2: text = 216
101.75824000000013	EXP	text_2: text = 232
101.77530500000013	EXP	text_2: text = 249
101.79231000000027	EXP	text_2: text = 266
101.80929000000013	EXP	text_2: text = 283
101.82428500000015	EXP	text_2: text = 298
101.83100000000013	DATA	Keydown:  
101.84360000000015	EXP	text_2: text = 317
101.84360000000015	EXP	text_2: autoDraw = false
101.84360000000015	EXP	Feedback: text = 304
101.84360000000015	EXP	Feedback: autoDraw = true
102.8420600000004	EXP	Feedback: autoDraw = false
102.8420600000004	EXP	Feedback: autoDraw = false
102.8420600000004	EXP	text_3: autoDraw = true
108.60515000000034	EXP	text_3: autoDraw = false
108.60515000000034	EXP	text_3: autoDraw = false
108.60515000000034	EXP	text_2: autoDraw = true
108.60515000000034	EXP	text_2: text = 0
108.6204700000003	EXP	text_2: text = 16
108.63784500000018	EXP	text_2: text = 33
108.65484500000001	EXP	text_2: text = 50
108.67103500000032	EXP	text_2: text = 66
108.6869800000004	EXP	text_2: text = 82
108.7044050000004	EXP	text_2: text = 100
108.72077000000036	EXP	text_2: text = 116
108.73678500000004	EXP	text_2: text = 132
108.75472500000024	EXP	text_2: text = 150
108.77094000000034	EXP	text_2: text = 166
108.78710500000035	EXP	text_2: text = 183
108.8051750000004	EXP	text_2: text = 201
108.82014500000014	EXP	text_2: text = 216
108.83726000000024	EXP	text_2: text = 233
108.85465500000011	EXP	text_2: text = 250
108.87067500000012	EXP	text_2: text = 266
108.88784000000034	EXP	text_2: text = 283
108.90478500000017	EXP	text_2: text = 300
108.91475500000024	DATA	Keydown:  
108.92153000000008	EXP	text_2: text = 316
108.92153000000008	EXP	text_2: autoDraw = false
108.92153000000008	EXP	Feedback: text = 310
108.92153000000008	EXP	Feedback: autoDraw = true
109.92089500000021	EXP	Feedback: autoDraw = false
109.92089500000021	EXP	Feedback: autoDraw = false
109.92089500000021	EXP	text_3: autoDraw = true
116.68367000000035	EXP	text_3: autoDraw = false
116.68367000000035	EXP	text_3: autoDraw = false
116.68367000000035	EXP	text_2: autoDraw = true
116.68367000000035	EXP	text_2: text = 0
116.69910000000027	EXP	text_2: text = 16
116.71524	EXP	text_2: text = 32
116.73332500000014	EXP	text_2: text = 50
116.74870500000043	EXP	text_2: text = 66
116.76572000000034	EXP	text_2: text = 83
116.78182000000015	EXP	text_2: text = 99
116.79923500000041	EXP	text_2: text = 116
116.81631500000003	EXP	text_2: text = 133
116.83224000000018	EXP	text_2: text = 149
116.85025500000027	EXP	text_2: text = 167
116.8656600000004	EXP	text_2: text = 183
116.88221000000021	EXP	text_2: text = 199
116.89924000000019	EXP	text_2: text = 216
116.91625500000009	EXP	text_2: text = 233
116.93162000000031	EXP	text_2: text = 248
116.94928000000027	EXP	text_2: text = 266
116.96524	EXP	text_2: text = 282
116.98031500000025	DATA	Keydown:  
116.98296500000016	EXP	text_2: text = 299
116.98296500000016	EXP	text_2: autoDraw = false
116.98296500000016	EXP	Feedback: text = 297
116.98296500000016	EXP	Feedback: autoDraw = true
117.9827250000003	EXP	Feedback: autoDraw = false
117.9827250000003	EXP	Feedback: autoDraw = false
117.9827250000003	EXP	text_3: autoDraw = true
125.39356000000043	EXP	text_3: autoDraw = false
125.39356000000043	EXP	text_3: autoDraw = false
125.39356000000043	EXP	text_2: autoDraw = true
125.39356000000043	EXP	text_2: text = 0
125.41111	EXP	text_2: text = 18
125.42821500000036	EXP	text_2: text = 35
125.44361500000014	EXP	text_2: text = 51
125.45973000000004	EXP	text_2: text = 67
125.47679500000004	EXP	text_2: text = 84
125.49486500000012	EXP	text_2: text = 102
125.50993000000017	EXP	text_2: text = 117
125.52808000000005	EXP	text_2: text = 135
125.54415500000005	EXP	text_2: text = 151
125.5636400000003	EXP	text_2: text = 171
125.57816500000035	EXP	text_2: text = 185
125.59352500000023	EXP	text_2: text = 200
125.60945000000038	EXP	text_2: text = 216
125.62692500000003	EXP	text_2: text = 234
125.6440050000001	EXP	text_2: text = 251
125.66094500000008	EXP	text_2: text = 268
125.6761550000001	EXP	text_2: text = 283
125.69317500000034	EXP	text_2: text = 300
125.71062000000029	EXP	text_2: text = 318
125.72765000000027	EXP	text_2: text = 335
125.73426000000016	DATA	Keydown:  
125.74427000000016	EXP	text_2: text = 351
125.74427000000016	EXP	text_2: autoDraw = false
125.74427000000016	EXP	Feedback: text = 341
125.74427000000016	EXP	Feedback: autoDraw = true
126.74298000000044	EXP	Feedback: autoDraw = false
126.74298000000044	EXP	Feedback: autoDraw = false
126.74298000000044	EXP	text_3: autoDraw = true
135.20456499999997	EXP	text_3: autoDraw = false
135.20456499999997	EXP	text_3: autoDraw = false
135.20456499999997	EXP	text_2: autoDraw = true
135.20456499999997	EXP	text_2: text = 0
135.22205000000034	EXP	text_2: text = 18
135.23849000000018	EXP	text_2: text = 34
135.25360500000033	EXP	text_2: text = 50
135.27173000000036	EXP	text_2: text = 68
135.28865500000032	EXP	text_2: text = 85
135.30363000000034	EXP	text_2: text = 100
135.32065500000044	EXP	text_2: text = 117
135.33783500000027	EXP	text_2: text = 134
135.3547950000002	EXP	text_2: text = 151
135.37193500000012	EXP	text_2: text = 168
135.38683000000037	EXP	text_2: text = 183
135.40380500000038	EXP	text_2: text = 200
135.42077500000005	EXP	text_2: text = 217
135.4379600000002	EXP	text_2: text = 234
135.45346000000018	EXP	text_2: text = 249
135.47043500000018	EXP	text_2: text = 266
135.48753500000018	EXP	text_2: text = 284
135.50474500000018	EXP	text_2: text = 301
135.5217150000003	EXP	text_2: text = 318
135.53779500000022	EXP	text_2: text = 334
135.5536900000002	EXP	text_2: text = 350
135.57082000000037	EXP	text_2: text = 367
135.58779000000004	EXP	text_2: text = 384
135.60524000000032	EXP	text_2: text = 401
135.62018000000035	EXP	text_2: text = 416
135.63736500000005	EXP	text_2: text = 433
135.65372500000015	EXP	text_2: text = 450
135.66899499999997	DATA	Keydown:  
135.6716250000004	EXP	text_2: text = 467
135.6716250000004	EXP	text_2: autoDraw = false
135.6716250000004	EXP	Feedback: text = 464
135.6716250000004	EXP	Feedback: autoDraw = true
136.67047000000002	EXP	Feedback: autoDraw = false
136.67047000000002	EXP	Feedback: autoDraw = false
136.67047000000002	EXP	text_3: autoDraw = true
141.33493000000044	EXP	text_3: autoDraw = false
141.33493000000044	EXP	text_3: autoDraw = false
141.33493000000044	EXP	text_2: autoDraw = true
141.33493000000044	EXP	text_2: text = 0
141.34978500000034	EXP	text_2: text = 15
141.36739500000022	EXP	text_2: text = 33
141.3836250000004	EXP	text_2: text = 49
141.3996500000003	EXP	text_2: text = 65
141.4167650000004	EXP	text_2: text = 82
141.43477500000017	EXP	text_2: text = 100
141.44982000000027	EXP	text_2: text = 115
141.46703000000025	EXP	text_2: text = 133
141.48417500000005	EXP	text_2: text = 150
141.50025000000005	EXP	text_2: text = 166
141.51806500000023	EXP	text_2: text = 184
141.53444000000036	EXP	text_2: text = 200
141.55231000000003	EXP	text_2: text = 218
141.56856500000004	EXP	text_2: text = 234
141.5831350000003	EXP	text_2: text = 249
141.60059500000034	EXP	text_2: text = 266
141.61680000000024	EXP	text_2: text = 282
141.63429000000042	EXP	text_2: text = 300
141.6500600000004	DATA	Keydown:  
141.65181500000017	EXP	text_2: text = 317
141.65181500000017	EXP	text_2: autoDraw = false
141.65181500000017	EXP	Feedback: text = 315
141.65181500000017	EXP	Feedback: autoDraw = true
142.65000500000042	EXP	Feedback: autoDraw = false
142.65000500000042	EXP	Feedback: autoDraw = false
142.65000500000042	EXP	text_3: autoDraw = true
145.66610500000027	EXP	text_3: autoDraw = false
145.66610500000027	EXP	text_3: autoDraw = false
145.66610500000027	EXP	text_2: autoDraw = true
145.66610500000027	EXP	text_2: text = 0
145.68035500000045	EXP	text_2: text = 15
145.6983250000003	EXP	text_2: text = 33
145.7143600000004	EXP	text_2: text = 49
145.73032000000012	EXP	text_2: text = 65
145.7483900000002	EXP	text_2: text = 83
145.76440500000035	EXP	text_2: text = 99
145.7804000000001	EXP	text_2: text = 115
145.7984650000003	EXP	text_2: text = 133
145.8155300000003	EXP	text_2: text = 150
145.8315550000002	EXP	text_2: text = 166
145.8475000000003	EXP	text_2: text = 182
145.8635250000002	EXP	text_2: text = 198
145.88048500000014	EXP	text_2: text = 215
145.8985600000001	EXP	text_2: text = 233
145.91403500000024	EXP	text_2: text = 248
145.93056500000012	EXP	text_2: text = 265
145.94757500000014	EXP	text_2: text = 282
145.96355500000027	EXP	text_2: text = 298
145.98158000000012	EXP	text_2: text = 316
145.98965000000044	DATA	Keydown:  
145.99757	EXP	text_2: text = 331
145.99757	EXP	text_2: autoDraw = false
145.99757	EXP	Feedback: text = 324
145.99757	EXP	Feedback: autoDraw = true
146.99827000000008	EXP	Feedback: autoDraw = false
146.99827000000008	EXP	Feedback: autoDraw = false
146.99827000000008	EXP	text_3: autoDraw = true
155.80852500000034	EXP	text_3: autoDraw = false
155.80852500000034	EXP	text_3: autoDraw = false
155.80852500000034	EXP	text_2: autoDraw = true
155.80852500000034	EXP	text_2: text = 0
155.82564000000002	EXP	text_2: text = 18
155.84173000000007	EXP	text_2: text = 34
155.85771000000025	EXP	text_2: text = 50
155.87481500000013	EXP	text_2: text = 67
155.891885	EXP	text_2: text = 84
155.90886500000033	EXP	text_2: text = 101
155.92398000000003	EXP	text_2: text = 116
155.94099000000006	EXP	text_2: text = 133
155.959065	EXP	text_2: text = 151
155.9743950000002	EXP	text_2: text = 166
155.99157000000014	EXP	text_2: text = 184
156.00856000000022	EXP	text_2: text = 201
156.02563000000012	EXP	text_2: text = 218
156.04158000000007	EXP	text_2: text = 234
156.05796500000042	EXP	text_2: text = 250
156.07388000000037	EXP	text_2: text = 266
156.09191500000043	EXP	text_2: text = 284
156.09852500000034	DATA	Keydown:  
156.10863500000005	EXP	text_2: text = 300
156.10863500000005	EXP	text_2: autoDraw = false
156.10863500000005	EXP	Feedback: text = 290
156.10863500000005	EXP	Feedback: autoDraw = true
157.1100550000001	EXP	Feedback: autoDraw = false
157.1100550000001	EXP	Feedback: autoDraw = false
157.1100550000001	EXP	text_3: autoDraw = true
162.8707400000003	EXP	text_3: autoDraw = false
162.8707400000003	EXP	text_3: autoDraw = false
162.8707400000003	EXP	text_2: autoDraw = true
162.8707400000003	EXP	text_2: text = 0
162.88702500000045	EXP	text_2: text = 17
162.9029950000004	EXP	text_2: text = 33
162.92104000000018	EXP	text_2: text = 51
162.93804	EXP	text_2: text = 68
162.95407000000023	EXP	text_2: text = 84
162.97087500000043	EXP	text_2: text = 101
162.988065	EXP	text_2: text = 118
163.00342	EXP	text_2: text = 133
163.0197250000001	EXP	text_2: text = 149
163.03615000000036	EXP	text_2: text = 166
163.05310500000041	EXP	text_2: text = 183
163.07000000000016	EXP	text_2: text = 200
163.08705500000042	EXP	text_2: text = 217
163.1029600000002	EXP	text_2: text = 233
163.12106500000027	EXP	text_2: text = 251
163.13719500000025	EXP	text_2: text = 267
163.15333500000042	EXP	text_2: text = 283
163.17051000000038	EXP	text_2: text = 300
163.18692500000043	EXP	text_2: text = 317
163.20423500000015	EXP	text_2: text = 334
163.22029500000008	EXP	text_2: text = 350
163.23642000000018	EXP	text_2: text = 366
163.25466000000006	EXP	text_2: text = 384
163.2706250000001	EXP	text_2: text = 400
163.28772500000014	EXP	text_2: text = 417
163.29826500000036	DATA	Keydown:  
163.3037750000003	EXP	text_2: text = 433
163.3037750000003	EXP	text_2: autoDraw = false
163.3037750000003	EXP	Feedback: text = 428
163.3037750000003	EXP	Feedback: autoDraw = true
164.30356000000026	EXP	Feedback: autoDraw = false
164.30356000000026	EXP	Feedback: autoDraw = false
164.30356000000026	EXP	text_3: autoDraw = true
167.7180900000003	EXP	text_3: autoDraw = false
167.7180900000003	EXP	text_3: autoDraw = false
167.7180900000003	EXP	text_2: autoDraw = true
167.7180900000003	EXP	text_2: text = 0
167.734285	EXP	text_2: text = 17
167.75071000000023	EXP	text_2: text = 33
167.7667550000001	EXP	text_2: text = 49
167.78381000000036	EXP	text_2: text = 66
167.80084000000033	EXP	text_2: text = 83
167.81811500000003	EXP	text_2: text = 101
167.8350700000001	EXP	text_2: text = 118
167.85022000000023	EXP	text_2: text = 133
167.8666250000001	EXP	text_2: text = 149
167.88367000000017	EXP	text_2: text = 166
167.90079000000014	EXP	text_2: text = 183
167.91667500000037	EXP	text_2: text = 199
167.93476000000013	EXP	text_2: text = 217
167.94979000000012	EXP	text_2: text = 232
167.96657000000005	EXP	text_2: text = 249
167.98466000000008	EXP	text_2: text = 267
168.00162	EXP	text_2: text = 284
168.01690500000043	EXP	text_2: text = 299
168.03404	EXP	text_2: text = 316
168.05137000000013	EXP	text_2: text = 334
168.06737500000008	EXP	text_2: text = 350
168.07853000000023	DATA	Keydown:  
168.0852100000002	EXP	text_2: text = 367
168.0852100000002	EXP	text_2: autoDraw = false
168.0852100000002	EXP	Feedback: text = 360
168.0852100000002	EXP	Feedback: autoDraw = true
169.08316500000004	EXP	Feedback: autoDraw = false
169.08316500000004	EXP	Feedback: autoDraw = false
169.08316500000004	EXP	text_3: autoDraw = true
172.96522500000037	EXP	text_3: autoDraw = false
172.96522500000037	EXP	text_3: autoDraw = false
172.96522500000037	EXP	text_2: autoDraw = true
172.96522500000037	EXP	text_2: text = 0
172.98048000000017	EXP	text_2: text = 16
172.99651500000027	EXP	text_2: text = 32
173.01350500000035	EXP	text_2: text = 49
173.03061000000025	EXP	text_2: text = 66
173.0476500000004	EXP	text_2: text = 83
173.06378000000043	EXP	text_2: text = 99
173.08068500000036	EXP	text_2: text = 116
173.09760000000006	EXP	text_2: text = 133
173.1136850000003	EXP	text_2: text = 149
173.1306750000003	EXP	text_2: text = 166
173.1476950000001	EXP	text_2: text = 183
173.16471	EXP	text_2: text = 200
173.17980000000034	EXP	text_2: text = 215
173.1966950000001	EXP	text_2: text = 232
173.2137600000001	EXP	text_2: text = 249
173.23077500000045	EXP	text_2: text = 266
173.24781500000017	EXP	text_2: text = 283
173.26479500000005	EXP	text_2: text = 300
173.27971500000012	EXP	text_2: text = 315
173.2880150000001	DATA	Keydown:  
173.29743000000008	EXP	text_2: text = 332
173.29743000000008	EXP	text_2: autoDraw = false
173.29743000000008	EXP	Feedback: text = 323
173.29743000000008	EXP	Feedback: autoDraw = true
174.29800000000023	EXP	Feedback: autoDraw = false
174.29800000000023	EXP	Feedback: autoDraw = false
174.29800000000023	EXP	text_3: autoDraw = true
177.2620850000003	EXP	text_3: autoDraw = false
177.2620850000003	EXP	text_3: autoDraw = false
177.2620850000003	EXP	text_2: autoDraw = true
177.2620850000003	EXP	text_2: text = 0
177.27741500000002	EXP	text_2: text = 16
177.29442000000017	EXP	text_2: text = 33
177.31064000000015	EXP	text_2: text = 49
177.32761500000015	EXP	text_2: text = 66
177.34481000000005	EXP	text_2: text = 83
177.3617750000003	EXP	text_2: text = 100
177.37723500000038	EXP	text_2: text = 116
177.3941850000001	EXP	text_2: text = 133
177.41155000000026	EXP	text_2: text = 150
177.42857000000006	EXP	text_2: text = 167
177.4446750000002	EXP	text_2: text = 183
177.46159000000034	EXP	text_2: text = 200
177.47783500000014	EXP	text_2: text = 216
177.4950100000001	EXP	text_2: text = 233
177.51200500000004	EXP	text_2: text = 250
177.52840000000015	EXP	text_2: text = 267
177.54440000000022	EXP	text_2: text = 283
177.56144500000028	EXP	text_2: text = 300
177.57513000000017	DATA	Keydown:  
177.577945	EXP	text_2: text = 316
177.577945	EXP	text_2: autoDraw = false
177.577945	EXP	Feedback: text = 313
177.577945	EXP	Feedback: autoDraw = true
178.57818000000046	EXP	Feedback: autoDraw = false
178.57818000000046	EXP	Feedback: autoDraw = false
178.57818000000046	EXP	text_3: autoDraw = true
180.64358000000038	EXP	text_3: autoDraw = false
180.64358000000038	EXP	text_3: autoDraw = false
180.64358000000038	EXP	text_2: autoDraw = true
180.64358000000038	EXP	text_2: text = 0
180.65894000000026	EXP	text_2: text = 16
180.6761250000004	EXP	text_2: text = 33
180.693475	EXP	text_2: text = 50
180.70871000000034	EXP	text_2: text = 66
180.72612000000026	EXP	text_2: text = 83
180.7431800000004	EXP	text_2: text = 100
180.76017000000002	EXP	text_2: text = 117
180.77615000000014	EXP	text_2: text = 133
180.79326000000037	EXP	text_2: text = 150
180.81007500000032	EXP	text_2: text = 167
180.82511000000022	EXP	text_2: text = 182
180.84213500000033	EXP	text_2: text = 199
180.8591150000002	EXP	text_2: text = 216
180.87514000000013	EXP	text_2: text = 232
180.89219000000003	EXP	text_2: text = 249
180.90916500000003	EXP	text_2: text = 266
180.925205	EXP	text_2: text = 282
180.9422000000004	EXP	text_2: text = 299
180.9569550000001	DATA	Keydown:  
180.96401500000002	EXP	text_2: text = 320
180.96401500000002	EXP	text_2: autoDraw = false
180.96401500000002	EXP	Feedback: text = 313
180.96401500000002	EXP	Feedback: autoDraw = true
181.9587150000002	EXP	Feedback: autoDraw = false
181.9587150000002	EXP	Feedback: autoDraw = false
181.9587150000002	EXP	text_3: autoDraw = true
187.15589500000033	EXP	text_3: autoDraw = false
187.15589500000033	EXP	text_3: autoDraw = false
187.15589500000033	EXP	text_2: autoDraw = true
187.15589500000033	EXP	text_2: text = 0
187.17283000000043	EXP	text_2: text = 17
187.18778500000008	EXP	text_2: text = 32
187.2053350000001	EXP	text_2: text = 50
187.22230500000023	EXP	text_2: text = 67
187.23873000000003	EXP	text_2: text = 83
187.25508000000036	EXP	text_2: text = 100
187.27224000000024	EXP	text_2: text = 117
187.2891050000003	EXP	text_2: text = 134
187.3043950000001	EXP	text_2: text = 149
187.3213950000004	EXP	text_2: text = 166
187.33958500000017	EXP	text_2: text = 184
187.35559000000012	EXP	text_2: text = 200
187.37155500000017	EXP	text_2: text = 216
187.38862500000005	EXP	text_2: text = 233
187.4046000000003	EXP	text_2: text = 249
187.42190500000015	EXP	text_2: text = 267
187.43257500000027	DATA	Keydown:  
187.4390400000002	EXP	text_2: text = 283
187.4390400000002	EXP	text_2: autoDraw = false
187.4390400000002	EXP	Feedback: text = 277
187.4390400000002	EXP	Feedback: autoDraw = true
188.43837500000018	EXP	Feedback: autoDraw = false
188.43837500000018	EXP	Feedback: autoDraw = false
188.43837500000018	EXP	text_3: autoDraw = true
198.04915000000028	EXP	text_3: autoDraw = false
198.04915000000028	EXP	text_3: autoDraw = false
198.04915000000028	EXP	text_2: autoDraw = true
198.04915000000028	EXP	text_2: text = 0
198.06470500000023	EXP	text_2: text = 16
198.08161500000006	EXP	text_2: text = 33
198.09957500000016	EXP	text_2: text = 51
198.1145650000003	EXP	text_2: text = 66
198.13169500000006	EXP	text_2: text = 83
198.14777000000004	EXP	text_2: text = 99
198.1642850000003	EXP	text_2: text = 116
198.1815200000001	EXP	text_2: text = 133
198.19887500000004	EXP	text_2: text = 150
198.21524500000032	EXP	text_2: text = 167
198.2311200000004	EXP	text_2: text = 182
198.24823500000002	EXP	text_2: text = 200
198.26529500000015	EXP	text_2: text = 217
198.2823150000004	EXP	text_2: text = 234
198.29853	EXP	text_2: text = 250
198.3149000000003	EXP	text_2: text = 266
198.33214500000028	EXP	text_2: text = 284
198.3386700000001	DATA	Keydown:  
198.34882000000016	EXP	text_2: text = 300
198.34882000000016	EXP	text_2: autoDraw = false
198.34882000000016	EXP	Feedback: text = 290
198.34882000000016	EXP	Feedback: autoDraw = true
199.34879500000034	EXP	Feedback: autoDraw = false
199.34879500000034	EXP	Feedback: autoDraw = false
199.34879500000034	EXP	text_3: autoDraw = true
202.8969000000002	EXP	text_3: autoDraw = false
202.8969000000002	EXP	text_3: autoDraw = false
202.8969000000002	EXP	text_2: autoDraw = true
202.8969000000002	EXP	text_2: text = 0
202.9113550000002	EXP	text_2: text = 15
202.9283150000001	EXP	text_2: text = 32
202.94541000000024	EXP	text_2: text = 49
202.96127500000011	EXP	text_2: text = 65
202.9794350000002	EXP	text_2: text = 83
202.99548000000004	EXP	text_2: text = 99
203.01246000000037	EXP	text_2: text = 116
203.02848500000027	EXP	text_2: text = 132
203.04457500000035	EXP	text_2: text = 148
203.06173500000023	EXP	text_2: text = 165
203.07861500000035	EXP	text_2: text = 182
203.0947600000004	EXP	text_2: text = 198
203.11207000000013	EXP	text_2: text = 216
203.12840500000038	EXP	text_2: text = 232
203.1444650000003	EXP	text_2: text = 248
203.16185000000044	EXP	text_2: text = 266
203.1787850000001	EXP	text_2: text = 282
203.19515	EXP	text_2: text = 299
203.21357000000035	EXP	text_2: text = 317
203.22399500000026	DATA	Keydown:  
203.2294000000002	EXP	text_2: text = 332
203.2294000000002	EXP	text_2: autoDraw = false
203.2294000000002	EXP	Feedback: text = 327
203.2294000000002	EXP	Feedback: autoDraw = true
204.2286750000003	EXP	Feedback: autoDraw = false
204.2286750000003	EXP	Feedback: autoDraw = false
204.2286750000003	EXP	text_3: autoDraw = true
212.60663500000013	EXP	text_3: autoDraw = false
212.60663500000013	EXP	text_3: autoDraw = false
212.60663500000013	EXP	text_2: autoDraw = true
212.60663500000013	EXP	text_2: text = 0
212.62275500000035	EXP	text_2: text = 17
212.63876000000027	EXP	text_2: text = 33
212.65527500000007	EXP	text_2: text = 49
212.67326500000036	EXP	text_2: text = 67
212.6894500000003	EXP	text_2: text = 83
212.70544500000005	EXP	text_2: text = 99
212.72242500000038	EXP	text_2: text = 116
212.73865000000023	EXP	text_2: text = 133
212.7561400000004	EXP	text_2: text = 150
212.77323000000024	EXP	text_2: text = 167
212.78934500000014	EXP	text_2: text = 183
212.80654000000004	EXP	text_2: text = 200
212.82358000000025	EXP	text_2: text = 217
212.83879000000024	EXP	text_2: text = 233
212.85588000000007	EXP	text_2: text = 250
212.87323000000015	EXP	text_2: text = 267
212.89015500000005	EXP	text_2: text = 284
212.90498000000025	DATA	Keydown:  
212.9075600000001	EXP	text_2: text = 300
212.9075600000001	EXP	text_2: autoDraw = false
212.9075600000001	EXP	Feedback: text = 298
212.9075600000001	EXP	Feedback: autoDraw = true
213.90669500000013	EXP	Feedback: autoDraw = false
213.90669500000013	EXP	Feedback: autoDraw = false
213.90669500000013	EXP	text_3: autoDraw = true
221.25088000000005	EXP	text_3: autoDraw = false
221.25088000000005	EXP	text_3: autoDraw = false
221.25088000000005	EXP	text_2: autoDraw = true
221.25088000000005	EXP	text_2: text = 0
221.2678850000002	EXP	text_2: text = 17
221.28407500000003	EXP	text_2: text = 34
221.30017000000043	EXP	text_2: text = 50
221.31730000000016	EXP	text_2: text = 67
221.3337800000004	EXP	text_2: text = 83
221.34987500000034	EXP	text_2: text = 99
221.3679300000003	EXP	text_2: text = 118
221.38498000000027	EXP	text_2: text = 135
221.40105000000037	EXP	text_2: text = 151
221.41701000000012	EXP	text_2: text = 167
221.43437500000027	EXP	text_2: text = 184
221.45037500000032	EXP	text_2: text = 200
221.46773000000033	EXP	text_2: text = 217
221.48409000000038	EXP	text_2: text = 234
221.50026500000013	EXP	text_2: text = 250
221.51757000000043	EXP	text_2: text = 267
221.53357000000005	EXP	text_2: text = 283
221.55060000000003	EXP	text_2: text = 300
221.5572000000002	DATA	Keydown:  
221.56725000000003	EXP	text_2: text = 316
221.56725000000003	EXP	text_2: autoDraw = false
221.56725000000003	EXP	Feedback: text = 306
221.56725000000003	EXP	Feedback: autoDraw = true
222.56811500000003	EXP	Feedback: autoDraw = false
222.56811500000003	EXP	Feedback: autoDraw = false
222.56811500000003	EXP	text_3: autoDraw = true
228.5140550000001	EXP	text_3: autoDraw = false
228.5140550000001	EXP	text_3: autoDraw = false
228.5140550000001	EXP	text_2: autoDraw = true
228.5140550000001	EXP	text_2: text = 0
228.52952000000008	EXP	text_2: text = 16
228.54556500000032	EXP	text_2: text = 32
228.56263500000023	EXP	text_2: text = 49
228.57878500000015	EXP	text_2: text = 65
228.5952400000001	EXP	text_2: text = 82
228.6124850000001	EXP	text_2: text = 99
228.62860500000033	EXP	text_2: text = 115
228.64652000000024	EXP	text_2: text = 133
228.66362000000026	EXP	text_2: text = 150
228.67954500000042	EXP	text_2: text = 166
228.69565000000011	EXP	text_2: text = 182
228.71289500000012	EXP	text_2: text = 199
228.72989000000007	EXP	text_2: text = 216
228.74707000000035	EXP	text_2: text = 234
228.76307000000043	EXP	text_2: text = 250
228.77922000000038	EXP	text_2: text = 266
228.79528000000028	EXP	text_2: text = 282
228.81329000000005	EXP	text_2: text = 300
228.83230500000036	EXP	text_2: text = 319
228.84702000000016	EXP	text_2: text = 333
228.85350000000017	DATA	Keydown:  
228.86263000000008	EXP	text_2: text = 349
228.86263000000008	EXP	text_2: autoDraw = false
228.86263000000008	EXP	Feedback: text = 340
228.86263000000008	EXP	Feedback: autoDraw = true
229.86251000000038	EXP	Feedback: autoDraw = false
229.86251000000038	EXP	Feedback: autoDraw = false
229.86251000000038	EXP	text_3: autoDraw = true
236.42555000000038	EXP	text_3: autoDraw = false
236.42555000000038	EXP	text_3: autoDraw = false
236.42555000000038	EXP	text_2: autoDraw = true
236.42555000000038	EXP	text_2: text = 0
236.44190500000013	EXP	text_2: text = 17
236.45713000000023	EXP	text_2: text = 32
236.4744450000003	EXP	text_2: text = 49
236.49045000000024	EXP	text_2: text = 65
236.5079050000004	EXP	text_2: text = 83
236.52509500000042	EXP	text_2: text = 100
236.54119500000024	EXP	text_2: text = 116
236.5582900000004	EXP	text_2: text = 133
236.57436000000007	EXP	text_2: text = 149
236.5916450000004	EXP	text_2: text = 167
236.60863000000018	EXP	text_2: text = 184
236.62489000000005	EXP	text_2: text = 200
236.64104500000033	EXP	text_2: text = 216
236.65836000000036	EXP	text_2: text = 233
236.67534000000023	EXP	text_2: text = 250
236.69127500000013	EXP	text_2: text = 266
236.7083150000003	EXP	text_2: text = 283
236.72540500000014	EXP	text_2: text = 300
236.73155000000045	DATA	Keydown:  
236.7409600000001	EXP	text_2: text = 315
236.7409600000001	EXP	text_2: autoDraw = false
236.7409600000001	EXP	Feedback: text = 306
236.7409600000001	EXP	Feedback: autoDraw = true
237.74153000000024	EXP	Feedback: autoDraw = false
237.74153000000024	EXP	Feedback: autoDraw = false
237.74153000000024	EXP	text_3: autoDraw = true
240.55547000000024	EXP	text_3: autoDraw = false
240.55547000000024	EXP	text_3: autoDraw = false
240.55547000000024	EXP	text_2: autoDraw = true
240.55547000000024	EXP	text_2: text = 0
240.57252500000004	EXP	text_2: text = 18
240.58950000000004	EXP	text_2: text = 35
240.60553000000027	EXP	text_2: text = 51
240.62163500000042	EXP	text_2: text = 67
240.63794000000007	EXP	text_2: text = 83
240.65506000000005	EXP	text_2: text = 100
240.67209	EXP	text_2: text = 117
240.6891300000002	EXP	text_2: text = 134
240.7052950000002	EXP	text_2: text = 150
240.72248500000023	EXP	text_2: text = 168
240.7377500000002	EXP	text_2: text = 183
240.75482500000044	EXP	text_2: text = 200
240.7720900000004	EXP	text_2: text = 217
240.78931000000009	EXP	text_2: text = 234
240.80527500000017	EXP	text_2: text = 250
240.8221950000002	EXP	text_2: text = 267
240.8384900000001	EXP	text_2: text = 284
240.85549000000037	EXP	text_2: text = 301
240.87245500000017	EXP	text_2: text = 318
240.87884500000018	DATA	Keydown:  
240.89005000000043	EXP	text_2: text = 335
240.89005000000043	EXP	text_2: autoDraw = false
240.89005000000043	EXP	Feedback: text = 323
240.89005000000043	EXP	Feedback: autoDraw = true
241.88796	EXP	Feedback: autoDraw = false
241.88796	EXP	Feedback: autoDraw = false
241.88796	EXP	text_3: autoDraw = true
250.6168300000004	EXP	text_3: autoDraw = false
250.6168300000004	EXP	text_3: autoDraw = false
250.6168300000004	EXP	text_2: autoDraw = true
250.6168300000004	EXP	text_2: text = 0
250.63247	EXP	text_2: text = 16
250.64962000000017	EXP	text_2: text = 33
250.6667550000002	EXP	text_2: text = 50
250.68191500000012	EXP	text_2: text = 66
250.69901500000014	EXP	text_2: text = 83
250.71597500000007	EXP	text_2: text = 100
250.73221500000045	EXP	text_2: text = 116
250.74926500000038	EXP	text_2: text = 133
250.76620500000035	EXP	text_2: text = 150
250.78223000000025	EXP	text_2: text = 166
250.79853500000036	EXP	text_2: text = 182
250.81495500000028	EXP	text_2: text = 199
250.8321050000004	EXP	text_2: text = 216
250.84913500000042	EXP	text_2: text = 233
250.865045	EXP	text_2: text = 249
250.88309500000014	EXP	text_2: text = 267
250.8895150000003	DATA	Keydown:  
250.89981500000022	EXP	text_2: text = 283
250.89981500000022	EXP	text_2: autoDraw = false
250.89981500000022	EXP	Feedback: text = 273
250.89981500000022	EXP	Feedback: autoDraw = true
251.8982500000002	EXP	Feedback: autoDraw = false
251.8982500000002	EXP	Feedback: autoDraw = false
251.8982500000002	EXP	text_3: autoDraw = true
255.7460600000004	EXP	text_3: autoDraw = false
255.7460600000004	EXP	text_3: autoDraw = false
255.7460600000004	EXP	text_2: autoDraw = true
255.7460600000004	EXP	text_2: text = 0
255.76285000000007	EXP	text_2: text = 17
255.7792400000003	EXP	text_2: text = 34
255.79524500000025	EXP	text_2: text = 50
255.81252500000028	EXP	text_2: text = 67
255.8295850000004	EXP	text_2: text = 84
255.84678500000018	EXP	text_2: text = 101
255.8627650000003	EXP	text_2: text = 117
255.87885500000039	EXP	text_2: text = 133
255.89516000000003	EXP	text_2: text = 150
255.9121750000004	EXP	text_2: text = 167
255.92923500000006	EXP	text_2: text = 184
255.94574000000011	EXP	text_2: text = 200
255.96286500000042	EXP	text_2: text = 217
255.9788150000004	EXP	text_2: text = 233
255.99513500000012	EXP	text_2: text = 250
256.0123950000002	EXP	text_2: text = 267
256.02856500000007	EXP	text_2: text = 283
256.04570500000045	EXP	text_2: text = 300
256.06264500000043	EXP	text_2: text = 317
256.07861500000035	EXP	text_2: text = 333
256.09019000000035	DATA	Keydown:  
256.0966900000003	EXP	text_2: text = 351
256.0966900000003	EXP	text_2: autoDraw = false
256.0966900000003	EXP	Feedback: text = 344
256.0966900000003	EXP	Feedback: autoDraw = true
257.09553000000005	EXP	Feedback: autoDraw = false
257.09553000000005	EXP	Feedback: autoDraw = false
257.09553000000005	EXP	text_3: autoDraw = true
261.9256400000004	EXP	text_3: autoDraw = false
261.9256400000004	EXP	text_3: autoDraw = false
261.9256400000004	EXP	text_2: autoDraw = true
261.9256400000004	EXP	text_2: text = 0
261.94182	EXP	text_2: text = 17
261.95821000000024	EXP	text_2: text = 33
261.97631500000034	EXP	text_2: text = 51
261.99224500000037	EXP	text_2: text = 67
262.0093800000004	EXP	text_2: text = 84
262.0262550000002	EXP	text_2: text = 101
262.04129500000045	EXP	text_2: text = 116
262.0591900000004	EXP	text_2: text = 133
262.07451500000025	EXP	text_2: text = 149
262.0915850000001	EXP	text_2: text = 166
262.10890500000005	EXP	text_2: text = 184
262.125305	EXP	text_2: text = 200
262.1412400000004	EXP	text_2: text = 216
262.1577650000004	EXP	text_2: text = 233
262.17555500000026	EXP	text_2: text = 250
262.19257500000003	EXP	text_2: text = 267
262.20957000000044	EXP	text_2: text = 284
262.2245350000003	EXP	text_2: text = 299
262.24193000000014	EXP	text_2: text = 317
262.25828	EXP	text_2: text = 333
262.2742750000002	EXP	text_2: text = 349
262.29233500000015	EXP	text_2: text = 367
262.3083700000002	EXP	text_2: text = 383
262.32423500000004	EXP	text_2: text = 399
262.34247000000005	EXP	text_2: text = 417
262.34873000000016	DATA	Keydown:  
262.3582000000001	EXP	text_2: text = 432
262.3582000000001	EXP	text_2: autoDraw = false
262.3582000000001	EXP	Feedback: text = 423
262.3582000000001	EXP	Feedback: autoDraw = true
263.3580000000002	EXP	Feedback: autoDraw = false
263.3580000000002	EXP	Feedback: autoDraw = false
263.3580000000002	EXP	text_3: autoDraw = true
266.5059000000001	EXP	text_3: autoDraw = false
266.5059000000001	EXP	text_3: autoDraw = false
266.5059000000001	EXP	text_2: autoDraw = true
266.5059000000001	EXP	text_2: text = 0
266.5232900000001	EXP	text_2: text = 18
266.5395850000005	EXP	text_2: text = 34
266.55699500000037	EXP	text_2: text = 52
266.5718300000003	EXP	text_2: text = 67
266.589105	EXP	text_2: text = 84
266.60621500000025	EXP	text_2: text = 101
266.6234000000004	EXP	text_2: text = 118
266.6394650000002	EXP	text_2: text = 134
266.6565400000004	EXP	text_2: text = 151
266.6726600000002	EXP	text_2: text = 167
266.6886850000001	EXP	text_2: text = 183
266.70672000000013	EXP	text_2: text = 201
266.72206000000006	EXP	text_2: text = 217
266.7392450000002	EXP	text_2: text = 234
266.75626500000044	EXP	text_2: text = 251
266.772465	EXP	text_2: text = 267
266.78835500000014	EXP	text_2: text = 283
266.8055400000003	EXP	text_2: text = 300
266.82015500000034	DATA	Keydown:  
266.82306000000017	EXP	text_2: text = 317
266.82306000000017	EXP	text_2: autoDraw = false
266.82306000000017	EXP	Feedback: text = 314
266.82306000000017	EXP	Feedback: autoDraw = true
267.82276	EXP	Feedback: autoDraw = false
267.82276	EXP	Feedback: autoDraw = false
267.82276	EXP	text_3: autoDraw = true
270.33645000000024	EXP	text_3: autoDraw = false
270.33645000000024	EXP	text_3: autoDraw = false
270.33645000000024	EXP	text_2: autoDraw = true
270.33645000000024	EXP	text_2: text = 0
270.3527600000002	EXP	text_2: text = 17
270.3699450000003	EXP	text_2: text = 34
270.38625500000035	EXP	text_2: text = 50
270.4033750000003	EXP	text_2: text = 67
270.42052500000045	EXP	text_2: text = 85
270.4358950000001	EXP	text_2: text = 100
270.45289	EXP	text_2: text = 117
270.46973000000025	EXP	text_2: text = 134
270.48680000000013	EXP	text_2: text = 151
270.50273500000003	EXP	text_2: text = 167
270.51981000000023	EXP	text_2: text = 184
270.53672000000006	EXP	text_2: text = 201
270.5531100000003	EXP	text_2: text = 217
270.56915000000026	EXP	text_2: text = 233
270.5865950000002	EXP	text_2: text = 251
270.60378000000037	EXP	text_2: text = 268
270.6208250000004	EXP	text_2: text = 285
270.6370850000003	EXP	text_2: text = 301
270.64328000000023	DATA	Keydown:  
270.65363000000025	EXP	text_2: text = 317
270.65363000000025	EXP	text_2: autoDraw = false
270.65363000000025	EXP	Feedback: text = 307
270.65363000000025	EXP	Feedback: autoDraw = true
271.65412000000015	EXP	Feedback: autoDraw = false
271.65412000000015	EXP	Feedback: autoDraw = false
271.65412000000015	EXP	text_3: autoDraw = true
276.34973000000036	EXP	text_3: autoDraw = false
276.34973000000036	EXP	text_3: autoDraw = false
276.34973000000036	EXP	text_2: autoDraw = true
276.34973000000036	EXP	text_2: text = 0
276.36598500000036	EXP	text_2: text = 17
276.3830750000002	EXP	text_2: text = 34
276.400075	EXP	text_2: text = 51
276.4171000000001	EXP	text_2: text = 68
276.43312000000014	EXP	text_2: text = 84
276.4501400000004	EXP	text_2: text = 101
276.46618000000035	EXP	text_2: text = 117
276.48327500000005	EXP	text_2: text = 134
276.4991850000001	EXP	text_2: text = 150
276.51728	EXP	text_2: text = 168
276.5333350000001	EXP	text_2: text = 184
276.55028500000026	EXP	text_2: text = 201
276.5662950000001	EXP	text_2: text = 217
276.58226000000013	EXP	text_2: text = 233
276.59933	EXP	text_2: text = 250
276.61539500000026	EXP	text_2: text = 266
276.63223500000004	EXP	text_2: text = 283
276.64965500000017	EXP	text_2: text = 300
276.66591500000004	EXP	text_2: text = 317
276.6782850000004	DATA	Keydown:  
276.6836700000003	EXP	text_2: text = 334
276.6836700000003	EXP	text_2: autoDraw = false
276.6836700000003	EXP	Feedback: text = 329
276.6836700000003	EXP	Feedback: autoDraw = true
277.68214000000035	EXP	Feedback: autoDraw = false
277.68214000000035	EXP	Feedback: autoDraw = false
277.68214000000035	EXP	text_3: autoDraw = true
281.5296350000003	EXP	text_3: autoDraw = false
281.5296350000003	EXP	text_3: autoDraw = false
281.5296350000003	EXP	text_2: autoDraw = true
281.5296350000003	EXP	text_2: text = 0
281.5455900000002	EXP	text_2: text = 16
281.56263000000035	EXP	text_2: text = 33
281.57978500000036	EXP	text_2: text = 51
281.59706000000006	EXP	text_2: text = 68
281.6131300000002	EXP	text_2: text = 84
281.63011	EXP	text_2: text = 101
281.6454950000002	EXP	text_2: text = 116
281.6635250000004	EXP	text_2: text = 134
281.68050500000027	EXP	text_2: text = 151
281.69659500000034	EXP	text_2: text = 167
281.71292500000027	EXP	text_2: text = 184
281.72995500000025	EXP	text_2: text = 201
281.74593000000004	EXP	text_2: text = 217
281.7629500000003	EXP	text_2: text = 234
281.77894499999996	EXP	text_2: text = 250
281.7970850000001	EXP	text_2: text = 268
281.8135000000002	EXP	text_2: text = 284
281.8288050000001	EXP	text_2: text = 300
281.84542500000043	DATA	Keydown:  
281.8471400000003	EXP	text_2: text = 317
281.8471400000003	EXP	text_2: autoDraw = false
281.8471400000003	EXP	Feedback: text = 316
281.8471400000003	EXP	Feedback: autoDraw = true
282.84609000000046	EXP	Feedback: autoDraw = false
282.84609000000046	EXP	Feedback: autoDraw = false
282.84609000000046	EXP	text_3: autoDraw = true
289.0426900000002	EXP	text_3: autoDraw = false
289.0426900000002	EXP	text_3: autoDraw = false
289.0426900000002	EXP	text_2: autoDraw = true
289.0426900000002	EXP	text_2: text = 0
289.0590450000004	EXP	text_2: text = 17
289.0750400000002	EXP	text_2: text = 33
289.09203000000025	EXP	text_2: text = 50
289.1090300000001	EXP	text_2: text = 67
289.1260400000001	EXP	text_2: text = 84
289.1409150000004	EXP	text_2: text = 99
289.1580250000002	EXP	text_2: text = 116
289.17422000000033	EXP	text_2: text = 132
289.19218500000034	EXP	text_2: text = 150
289.2092150000003	EXP	text_2: text = 167
289.2253950000004	EXP	text_2: text = 183
289.24165500000026	EXP	text_2: text = 200
289.25903000000017	EXP	text_2: text = 217
289.27507000000014	EXP	text_2: text = 233
289.2912150000002	EXP	text_2: text = 249
289.3081400000001	EXP	text_2: text = 266
289.3253850000001	EXP	text_2: text = 283
289.33373500000016	DATA	Keydown:  
289.34288000000015	EXP	text_2: text = 300
289.34288000000015	EXP	text_2: autoDraw = false
289.34288000000015	EXP	Feedback: text = 291
289.34288000000015	EXP	Feedback: autoDraw = true
290.34184000000005	EXP	Feedback: autoDraw = false
290.34184000000005	EXP	Feedback: autoDraw = false
290.34184000000005	EXP	text_3: autoDraw = true
300.18460000000005	EXP	text_3: autoDraw = false
300.18460000000005	EXP	text_3: autoDraw = false
300.18460000000005	EXP	text_2: autoDraw = true
300.18460000000005	EXP	text_2: text = 0
300.2015800000004	EXP	text_2: text = 17
300.21776000000045	EXP	text_2: text = 34
300.2357500000003	EXP	text_2: text = 52
300.2517600000001	EXP	text_2: text = 68
300.26809000000003	EXP	text_2: text = 84
300.28507000000036	EXP	text_2: text = 101
300.3012950000002	EXP	text_2: text = 117
300.3172550000004	EXP	text_2: text = 133
300.3342150000003	EXP	text_2: text = 150
300.35130000000026	EXP	text_2: text = 167
300.367295	EXP	text_2: text = 183
300.3843800000004	EXP	text_2: text = 200
300.40057000000024	EXP	text_2: text = 216
300.4181000000003	EXP	text_2: text = 234
300.43550000000005	EXP	text_2: text = 251
300.45158500000025	EXP	text_2: text = 267
300.4669250000002	DATA	Keydown:  
300.469055	EXP	text_2: text = 284
300.469055	EXP	text_2: autoDraw = false
300.469055	EXP	Feedback: text = 282
300.469055	EXP	Feedback: autoDraw = true
301.4676550000004	EXP	Feedback: autoDraw = false
301.4676550000004	EXP	Feedback: autoDraw = false
301.4676550000004	EXP	text_3: autoDraw = true
305.09906	EXP	text_3: autoDraw = false
305.09906	EXP	text_3: autoDraw = false
305.09906	EXP	text_2: autoDraw = true
305.09906	EXP	text_2: text = 0
305.1149750000004	EXP	text_2: text = 16
305.13108500000044	EXP	text_2: text = 33
305.14912000000004	EXP	text_2: text = 51
305.1654550000003	EXP	text_2: text = 67
305.18157500000007	EXP	text_2: text = 83
305.1985800000002	EXP	text_2: text = 100
305.21471500000007	EXP	text_2: text = 116
305.2307450000003	EXP	text_2: text = 132
305.2488450000001	EXP	text_2: text = 150
305.2641050000002	EXP	text_2: text = 166
305.2829200000001	EXP	text_2: text = 184
305.2977100000003	EXP	text_2: text = 199
305.3151750000002	EXP	text_2: text = 217
305.33222000000023	EXP	text_2: text = 234
305.3482600000002	EXP	text_2: text = 250
305.36556500000006	EXP	text_2: text = 267
305.38262500000013	EXP	text_2: text = 284
305.39788000000044	EXP	text_2: text = 299
305.41484500000024	EXP	text_2: text = 316
305.4319700000001	EXP	text_2: text = 333
305.44802000000027	EXP	text_2: text = 349
305.464015	EXP	text_2: text = 365
305.4820950000003	EXP	text_2: text = 384
305.48846500000036	DATA	Keydown:  
305.4997400000002	EXP	text_2: text = 401
305.4997400000002	EXP	text_2: autoDraw = false
305.4997400000002	EXP	Feedback: text = 390
305.4997400000002	EXP	Feedback: autoDraw = true
306.4978000000001	EXP	Feedback: autoDraw = false
306.4978000000001	EXP	Feedback: autoDraw = false
306.4978000000001	EXP	text_3: autoDraw = true
314.17642000000023	EXP	text_3: autoDraw = false
314.17642000000023	EXP	text_3: autoDraw = false
314.17642000000023	EXP	text_2: autoDraw = true
314.17642000000023	EXP	text_2: text = 0
314.1935000000003	EXP	text_2: text = 18
314.208525	EXP	text_2: text = 33
314.22589000000016	EXP	text_2: text = 50
314.2430400000003	EXP	text_2: text = 67
314.2590600000003	EXP	text_2: text = 83
314.2760750000002	EXP	text_2: text = 100
314.29275000000007	EXP	text_2: text = 117
314.3101100000004	EXP	text_2: text = 134
314.32612500000005	EXP	text_2: text = 150
314.3427850000003	EXP	text_2: text = 167
314.35883500000045	EXP	text_2: text = 183
314.37584000000015	EXP	text_2: text = 200
314.39300000000003	EXP	text_2: text = 217
314.40903000000026	EXP	text_2: text = 233
314.4251650000001	EXP	text_2: text = 249
314.4421150000003	EXP	text_2: text = 266
314.45931000000024	EXP	text_2: text = 283
314.47625500000004	EXP	text_2: text = 300
314.4932450000001	EXP	text_2: text = 317
314.50837	EXP	text_2: text = 332
314.5149800000004	DATA	Keydown:  
314.52663500000017	EXP	text_2: text = 350
314.52663500000017	EXP	text_2: autoDraw = false
314.52663500000017	EXP	Feedback: text = 339
314.52663500000017	EXP	Feedback: autoDraw = true
315.52600500000017	EXP	Feedback: autoDraw = false
315.52600500000017	EXP	Feedback: autoDraw = false
315.52600500000017	EXP	text_3: autoDraw = true
324.13759500000015	EXP	text_3: autoDraw = false
324.13759500000015	EXP	text_3: autoDraw = false
324.13759500000015	EXP	text_2: autoDraw = true
324.13759500000015	EXP	text_2: text = 0
324.1536100000003	EXP	text_2: text = 17
324.1695600000003	EXP	text_2: text = 32
324.18672000000015	EXP	text_2: text = 50
324.2030550000004	EXP	text_2: text = 66
324.21907500000043	EXP	text_2: text = 82
324.23705500000005	EXP	text_2: text = 100
324.25354500000003	EXP	text_2: text = 116
324.2696000000001	EXP	text_2: text = 133
324.28677000000016	EXP	text_2: text = 150
324.30401500000016	EXP	text_2: text = 167
324.31898	EXP	text_2: text = 182
324.33599000000004	EXP	text_2: text = 199
324.35337500000014	EXP	text_2: text = 216
324.36940500000037	EXP	text_2: text = 232
324.3874500000002	EXP	text_2: text = 250
324.4024350000004	EXP	text_2: text = 265
324.40908000000036	DATA	Keydown:  
324.42019500000015	EXP	text_2: text = 283
324.42019500000015	EXP	text_2: autoDraw = false
324.42019500000015	EXP	Feedback: text = 272
324.42019500000015	EXP	Feedback: autoDraw = true
325.42514500000016	EXP	Feedback: autoDraw = false
325.42514500000016	EXP	Feedback: autoDraw = false
325.42514500000016	EXP	End_text: autoDraw = true
340.8585400000002	DATA	Mouse: wheel shift=(0,-100), pos=(1919,1054)
340.89229000000023	DATA	Mouse: wheel shift=(0,-100), pos=(1919,1048)
340.90839500000044	DATA	Mouse: wheel shift=(0,-100), pos=(1919,1047)
341.9855600000001	DATA	Mouse: 0 button down, pos=(913,482)
342.09839500000044	DATA	Mouse: 0 button down, pos=(913,482)
