0.0763499999884516	EXP	Created Window = Window( name=Window, fullscr=true, color=#000000, units=height, waitBlanking=true, autoLog=true, size=[1536,754] )
3.5997150000184774	DATA	Keydown: Shift
4.0825000000186265	DATA	Keydown: Shift
4.11568499985151	DATA	Keydown: Shift
4.149209999945015	DATA	Keydown: Shift
4.182220000075176	DATA	Keydown: Shift
4.199259999906644	DATA	Keydown: Shift
4.2320749999489635	DATA	Keydown: Shift
4.259069999912754	DATA	Keydown: Shift
4.271584999980405	DATA	Keydown: L
4.491080000065267	DATA	Keydown: R
10.011105000041425	DATA	Keydown: undefined
16.7354949999135	EXP	Created text = TextStim( name=text, win=Window( name=Window, fullscr=true, color=#000000, ~), autoDraw=null, autoLog=true, units=height, ori=null, opacity=1, pos=[0,0], size=undefined, text=INSTRUCTIONS [EN]


A counter will appear and star~, font=Arial, color=#FFFFFF, contrast=1, height=0.03, bold=null, italic=null, alignHoriz=left, alignVert=center, wrapWidth=1, flipHoriz=null, flipVert=null )
16.737800000002608	EXP	Created text_3 = TextStim( name=text_3, win=Window( name=Window, fullscr=true, color=#000000, ~), autoDraw=null, autoLog=true, units=height, ori=null, opacity=1, pos=[0,0], size=undefined, text=null, font=Arial, color=#FFFFFF, contrast=1, height=0.1, bold=null, italic=null, alignHoriz=left, alignVert=center, wrapWidth=1, flipHoriz=null, flipVert=null )
16.73930500005372	EXP	Created text_2 = TextStim( name=text_2, win=Window( name=Window, fullscr=true, color=#000000, ~), autoDraw=null, autoLog=true, units=height, ori=null, opacity=1, pos=[0,0], size=undefined, text=default text, font=Arial, color=#ff0000, contrast=1, height=0.15, bold=null, italic=null, alignHoriz=left, alignVert=center, wrapWidth=1, flipHoriz=null, flipVert=null )
16.74102000007406	EXP	Created Feedback = TextStim( name=Feedback, win=Window( name=Window, fullscr=true, color=#000000, ~), autoDraw=null, autoLog=true, units=height, ori=null, opacity=1, pos=[0,0], size=undefined, text=default text, font=Arial, color=#ff0000, contrast=1, height=0.15, bold=null, italic=null, alignHoriz=left, alignVert=center, wrapWidth=1, flipHoriz=null, flipVert=null )
16.742700000060722	EXP	Created End_text = TextStim( name=End_text, win=Window( name=Window, fullscr=true, color=#000000, ~), autoDraw=null, autoLog=true, units=height, ori=null, opacity=1, pos=[0,0], size=undefined, text=This study aimed to look at procedural learning, i~, font=Arial, color=#FFFFFF, contrast=1, height=0.025, bold=null, italic=null, alignHoriz=left, alignVert=center, wrapWidth=1, flipHoriz=null, flipVert=null )
16.862075000070035	EXP	text: units = "height"
16.862075000070035	EXP	text: ori = 0
16.862075000070035	EXP	text: opacity = 1
16.862075000070035	EXP	text: pos = [0,0]
16.862075000070035	EXP	text: size = undefined
16.862075000070035	EXP	text: text = "INSTRUCTIONS [EN]\n\n\nA counter will appear and start counting at random times, press SPACE as fast as possible when it appears.\n\n\nPress SPACE to start\n\n-------\n\nInstruções [PT]\n\n\nUm cronómetro vai aparecer e começar a contar aleatoriamente, pressione a tecla SPACE assim que ele aparecer.\n\n\nPressiona SPACE para começar."
16.862075000070035	EXP	text: font = "Arial"
16.862075000070035	EXP	text: color = {"_hex":"#FFFFFF","_rgb":[1,1,1]}
16.862075000070035	EXP	text: contrast = 1
16.862075000070035	EXP	text: height = 0.03
16.862075000070035	EXP	text: bold = false
16.862075000070035	EXP	text: italic = false
16.862075000070035	EXP	text: alignHoriz = "left"
16.862075000070035	EXP	text: alignVert = "center"
16.862075000070035	EXP	text: wrapWidth = 1
16.862075000070035	EXP	text: flipHoriz = false
16.862075000070035	EXP	text: flipVert = false
16.862075000070035	EXP	text_3: units = "height"
16.862075000070035	EXP	text_3: ori = 0
16.862075000070035	EXP	text_3: opacity = 1
16.862075000070035	EXP	text_3: pos = [0,0]
16.862075000070035	EXP	text_3: size = undefined
16.862075000070035	EXP	text_3: text = ""
16.862075000070035	EXP	text_3: font = "Arial"
16.862075000070035	EXP	text_3: color = {"_hex":"#FFFFFF","_rgb":[1,1,1]}
16.862075000070035	EXP	text_3: contrast = 1
16.862075000070035	EXP	text_3: height = 0.1
16.862075000070035	EXP	text_3: bold = false
16.862075000070035	EXP	text_3: italic = false
16.862075000070035	EXP	text_3: alignHoriz = "left"
16.862075000070035	EXP	text_3: alignVert = "center"
16.862075000070035	EXP	text_3: wrapWidth = 1
16.862075000070035	EXP	text_3: flipHoriz = false
16.862075000070035	EXP	text_3: flipVert = false
16.862075000070035	EXP	text_2: units = "height"
16.862075000070035	EXP	text_2: ori = 0
16.862075000070035	EXP	text_2: opacity = 1
16.862075000070035	EXP	text_2: pos = [0,0]
16.862075000070035	EXP	text_2: size = undefined
16.862075000070035	EXP	text_2: text = "default text"
16.862075000070035	EXP	text_2: font = "Arial"
16.862075000070035	EXP	text_2: color = {"_rgb":[1,0,0]}
16.862075000070035	EXP	text_2: contrast = 1
16.862075000070035	EXP	text_2: height = 0.15
16.862075000070035	EXP	text_2: bold = false
16.862075000070035	EXP	text_2: italic = false
16.862075000070035	EXP	text_2: alignHoriz = "left"
16.862075000070035	EXP	text_2: alignVert = "center"
16.862075000070035	EXP	text_2: wrapWidth = 1
16.862075000070035	EXP	text_2: flipHoriz = false
16.862075000070035	EXP	text_2: flipVert = false
16.862075000070035	EXP	Feedback: units = "height"
16.862075000070035	EXP	Feedback: ori = 0
16.862075000070035	EXP	Feedback: opacity = 1
16.862075000070035	EXP	Feedback: pos = [0,0]
16.862075000070035	EXP	Feedback: size = undefined
16.862075000070035	EXP	Feedback: text = "default text"
16.862075000070035	EXP	Feedback: font = "Arial"
16.862075000070035	EXP	Feedback: color = {"_rgb":[1,0,0]}
16.862075000070035	EXP	Feedback: contrast = 1
16.862075000070035	EXP	Feedback: height = 0.15
16.862075000070035	EXP	Feedback: bold = false
16.862075000070035	EXP	Feedback: italic = false
16.862075000070035	EXP	Feedback: alignHoriz = "left"
16.862075000070035	EXP	Feedback: alignVert = "center"
16.862075000070035	EXP	Feedback: wrapWidth = 1
16.862075000070035	EXP	Feedback: flipHoriz = false
16.862075000070035	EXP	Feedback: flipVert = false
16.862075000070035	EXP	End_text: units = "height"
16.862075000070035	EXP	End_text: ori = 0
16.862075000070035	EXP	End_text: opacity = 1
16.862075000070035	EXP	End_text: pos = [0,0]
16.862075000070035	EXP	End_text: size = undefined
16.862075000070035	EXP	End_text: text = "This study aimed to look at procedural learning, i.e. our ability to extract patterns from the input that we are constantly receiving. This skill is thought to be essential for language and literacy acquisition and has been suggested as a possible underlying difficult in children with Language Impairments and Dyslexia. This study aims to improve the measures of procedural learning (the smiley face task) so that we can measure procedural learning more reliably and, in the future, analyse the performance of individuals with learning impairments.\nThank you for participating!\n\n----\n\nEste estudo tem como objectivo analisar a nossa capacidade de extrair padrões da informação que estamos constantemente a receber. Pensa-se que esta competência é essencial para a aquisição da linguagem e literacia e foi sugerido que dificuldades neste tipo de competências poderá estar relacionado com perturbações da linguagem e Dislexia. Este estudo tem como objectivo melhorar a estabilidade das medidas usadas para medir este tipo de memória (a tarefa da cara sorridente) de forma a poder medir de forma mais precisa e, no futuro, analisar a performance de indivíduos com perturbações da aprendizagem. \nMuito obrigada por ter participado!"
16.862075000070035	EXP	End_text: font = "Arial"
16.862075000070035	EXP	End_text: color = {"_hex":"#FFFFFF","_rgb":[1,1,1]}
16.862075000070035	EXP	End_text: contrast = 1
16.862075000070035	EXP	End_text: height = 0.025
16.862075000070035	EXP	End_text: bold = false
16.862075000070035	EXP	End_text: italic = false
16.862075000070035	EXP	End_text: alignHoriz = "left"
16.862075000070035	EXP	End_text: alignVert = "center"
16.862075000070035	EXP	End_text: wrapWidth = 1
16.862075000070035	EXP	End_text: flipHoriz = false
16.862075000070035	EXP	End_text: flipVert = false
16.862075000070035	EXP	text: autoDraw = true
36.82805999997072	DATA	Keydown:  
36.8528599999845	EXP	text: autoDraw = false
36.8528599999845	EXP	text_3: autoDraw = true
39.53419500007294	EXP	text_3: autoDraw = false
39.53419500007294	EXP	text_3: autoDraw = false
39.53419500007294	EXP	text_2: autoDraw = true
39.53419500007294	EXP	text_2: text = 0
39.54680499993265	EXP	text_2: text = 49
39.56323500000872	EXP	text_2: text = 65
39.57982499990612	EXP	text_2: text = 82
39.59645999991335	EXP	text_2: text = 99
39.61102499999106	EXP	text_2: text = 115
39.62813499988988	EXP	text_2: text = 132
39.645504999905825	EXP	text_2: text = 149
39.660810000030324	EXP	text_2: text = 165
39.67723000003025	EXP	text_2: text = 182
39.69432000000961	EXP	text_2: text = 199
39.71081499988213	EXP	text_2: text = 215
39.727544999914244	EXP	text_2: text = 232
39.74411999993026	EXP	text_2: text = 249
39.76101000001654	EXP	text_2: text = 265
39.77733499999158	EXP	text_2: text = 282
39.793665000004694	EXP	text_2: text = 299
39.810709999874234	EXP	text_2: text = 315
39.82728499989025	EXP	text_2: text = 332
39.844164999900386	EXP	text_2: text = 349
39.86083999997936	EXP	text_2: text = 365
39.87755999993533	EXP	text_2: text = 382
39.894109999993816	EXP	text_2: text = 399
39.89663499989547	DATA	Keydown:  
39.9145299999509	EXP	text_2: text = 416
39.9145299999509	EXP	text_2: autoDraw = false
39.9145299999509	EXP	Feedback: text = 363
39.9145299999509	EXP	Feedback: autoDraw = true
40.54591999994591	DATA	Keydown:  
40.91047999984585	EXP	Feedback: autoDraw = false
40.91047999984585	EXP	Feedback: autoDraw = false
40.91047999984585	EXP	text_3: autoDraw = true
47.14394999993965	EXP	text_3: autoDraw = false
47.14394999993965	EXP	text_3: autoDraw = false
47.14394999993965	EXP	text_2: autoDraw = true
47.14394999993965	EXP	text_2: text = 0
47.159814999904484	EXP	text_2: text = 17
47.178554999874905	EXP	text_2: text = 33
47.19408999988809	EXP	text_2: text = 51
47.209959999891	EXP	text_2: text = 67
47.22637000004761	EXP	text_2: text = 83
47.243280000053346	EXP	text_2: text = 100
47.260514999972656	EXP	text_2: text = 117
47.2768399999477	EXP	text_2: text = 133
47.29348500003107	EXP	text_2: text = 150
47.309420000063255	EXP	text_2: text = 167
47.3265750000719	EXP	text_2: text = 183
47.34339000005275	EXP	text_2: text = 200
47.36001499998383	EXP	text_2: text = 217
47.36199499992654	DATA	Keydown:  
47.377295000012964	EXP	text_2: text = 233
47.377295000012964	EXP	text_2: autoDraw = false
47.377295000012964	EXP	Feedback: text = 218
47.377295000012964	EXP	Feedback: autoDraw = true
48.37612499995157	EXP	Feedback: autoDraw = false
48.37612499995157	EXP	Feedback: autoDraw = false
48.37612499995157	EXP	text_3: autoDraw = true
48.50554499984719	DATA	Keydown:  
51.49298999994062	EXP	text_3: autoDraw = false
51.49298999994062	EXP	text_3: autoDraw = false
51.49298999994062	EXP	text_2: autoDraw = true
51.49298999994062	EXP	text_2: text = 0
51.50970499985851	EXP	text_2: text = 17
51.52661499986425	EXP	text_2: text = 33
51.54287000000477	EXP	text_2: text = 50
51.5593200000003	EXP	text_2: text = 67
51.579239999875426	EXP	text_2: text = 86
51.59300999995321	EXP	text_2: text = 100
51.60996999987401	EXP	text_2: text = 117
51.6261499999091	EXP	text_2: text = 133
51.64320499985479	EXP	text_2: text = 150
51.6598000000231	EXP	text_2: text = 167
51.676329999929294	EXP	text_2: text = 183
51.6928149999585	EXP	text_2: text = 200
51.697840000037104	DATA	Keydown:  
51.710394999943674	EXP	text_2: text = 217
51.710394999943674	EXP	text_2: autoDraw = false
51.710394999943674	EXP	Feedback: text = 205
51.710394999943674	EXP	Feedback: autoDraw = true
52.70947999996133	EXP	Feedback: autoDraw = false
52.70947999996133	EXP	Feedback: autoDraw = false
52.70947999996133	EXP	text_3: autoDraw = true
62.15947000007145	EXP	text_3: autoDraw = false
62.15947000007145	EXP	text_3: autoDraw = false
62.15947000007145	EXP	text_2: autoDraw = true
62.15947000007145	EXP	text_2: text = 0
62.17473999992944	EXP	text_2: text = 17
62.19451499986462	EXP	text_2: text = 33
62.20797499991022	EXP	text_2: text = 50
62.22502000001259	EXP	text_2: text = 67
62.24258499988355	EXP	text_2: text = 83
62.258604999864474	EXP	text_2: text = 100
62.27567999996245	EXP	text_2: text = 117
62.29196999990381	EXP	text_2: text = 133
62.308634999906644	EXP	text_2: text = 150
62.32511499989778	EXP	text_2: text = 166
62.34192500007339	EXP	text_2: text = 183
62.35871499986388	EXP	text_2: text = 200
62.37595500005409	EXP	text_2: text = 216
62.39244499988854	EXP	text_2: text = 233
62.39571000006981	DATA	Keydown:  
62.40963499993086	EXP	text_2: text = 250
62.40963499993086	EXP	text_2: autoDraw = false
62.40963499993086	EXP	Feedback: text = 237
62.40963499993086	EXP	Feedback: autoDraw = true
63.25768500007689	DATA	Keydown:  
63.40786499995738	EXP	Feedback: autoDraw = false
63.40786499995738	EXP	Feedback: autoDraw = false
63.40786499995738	EXP	text_3: autoDraw = true
68.45863000000827	EXP	text_3: autoDraw = false
68.45863000000827	EXP	text_3: autoDraw = false
68.45863000000827	EXP	text_2: autoDraw = true
68.45863000000827	EXP	text_2: text = 0
68.47441500006244	EXP	text_2: text = 17
68.49131499999203	EXP	text_2: text = 33
68.50774999987334	EXP	text_2: text = 50
68.52453499985859	EXP	text_2: text = 66
68.54111999995075	EXP	text_2: text = 83
68.5580899999477	EXP	text_2: text = 100
68.574329999974	EXP	text_2: text = 117
68.5915850000456	EXP	text_2: text = 133
68.6103099999018	EXP	text_2: text = 150
68.62467999989167	EXP	text_2: text = 167
68.64189999992959	EXP	text_2: text = 183
68.65789499995299	EXP	text_2: text = 200
68.67529499996454	EXP	text_2: text = 217
68.6913250000216	EXP	text_2: text = 233
68.70873499987647	EXP	text_2: text = 250
68.72505500004627	EXP	text_2: text = 267
68.727184999967	DATA	Keydown:  
68.74202999984846	EXP	text_2: text = 283
68.74202999984846	EXP	text_2: autoDraw = false
68.74202999984846	EXP	Feedback: text = 269
68.74202999984846	EXP	Feedback: autoDraw = true
69.62389499996789	DATA	Keydown:  
69.74055500002578	EXP	Feedback: autoDraw = false
69.74055500002578	EXP	Feedback: autoDraw = false
69.74055500002578	EXP	text_3: autoDraw = true
73.64179999986663	EXP	text_3: autoDraw = false
73.64179999986663	EXP	text_3: autoDraw = false
73.64179999986663	EXP	text_2: autoDraw = true
73.64179999986663	EXP	text_2: text = 0
73.65740999998525	EXP	text_2: text = 17
73.67457999987528	EXP	text_2: text = 33
73.69149999995716	EXP	text_2: text = 50
73.70805999985896	EXP	text_2: text = 67
73.72447500005364	EXP	text_2: text = 83
73.74148999992758	EXP	text_2: text = 100
73.75781499990262	EXP	text_2: text = 117
73.77468500006944	EXP	text_2: text = 133
73.79104000004008	EXP	text_2: text = 150
73.80807500006631	EXP	text_2: text = 167
73.82409999985248	EXP	text_2: text = 183
73.84116499987431	EXP	text_2: text = 200
73.84630499989726	DATA	Keydown:  
73.85868999990635	EXP	text_2: text = 217
73.85868999990635	EXP	text_2: autoDraw = false
73.85868999990635	EXP	Feedback: text = 205
73.85868999990635	EXP	Feedback: autoDraw = true
74.85672499984503	EXP	Feedback: autoDraw = false
74.85672499984503	EXP	Feedback: autoDraw = false
74.85672499984503	EXP	text_3: autoDraw = true
79.44074500002898	EXP	text_3: autoDraw = false
79.44074500002898	EXP	text_3: autoDraw = false
79.44074500002898	EXP	text_2: autoDraw = true
79.44074500002898	EXP	text_2: text = 0
79.45734500000253	EXP	text_2: text = 17
79.47420000005513	EXP	text_2: text = 33
79.4905499999877	EXP	text_2: text = 50
79.50740999984555	EXP	text_2: text = 67
79.52399999997579	EXP	text_2: text = 83
79.54042500001378	EXP	text_2: text = 100
79.55777499987744	EXP	text_2: text = 117
79.57400500006042	EXP	text_2: text = 133
79.5910300000105	EXP	text_2: text = 150
79.607374999905	EXP	text_2: text = 167
79.62326999986544	EXP	text_2: text = 183
79.64358499995433	EXP	text_2: text = 203
79.65450499998406	DATA	Keydown:  
79.65899499994703	EXP	text_2: text = 218
79.65899499994703	EXP	text_2: autoDraw = false
79.65899499994703	EXP	Feedback: text = 214
79.65899499994703	EXP	Feedback: autoDraw = true
80.65660999994725	EXP	Feedback: autoDraw = false
80.65660999994725	EXP	Feedback: autoDraw = false
80.65660999994725	EXP	text_3: autoDraw = true
83.64066000003368	EXP	text_3: autoDraw = false
83.64066000003368	EXP	text_3: autoDraw = false
83.64066000003368	EXP	text_2: autoDraw = true
83.64066000003368	EXP	text_2: text = 0
83.65648999996483	EXP	text_2: text = 17
83.67329999990761	EXP	text_2: text = 33
83.68968000006862	EXP	text_2: text = 50
83.70672499993816	EXP	text_2: text = 67
83.72377499984577	EXP	text_2: text = 83
83.74010999989696	EXP	text_2: text = 100
83.75699499994516	EXP	text_2: text = 117
83.77325499989092	EXP	text_2: text = 133
83.78996500000358	EXP	text_2: text = 150
83.80651000002399	EXP	text_2: text = 167
83.8230550000444	EXP	text_2: text = 183
83.83960499987006	EXP	text_2: text = 200
83.85696000000462	EXP	text_2: text = 217
83.8686999999918	DATA	Keydown:  
83.87416499992833	EXP	text_2: text = 233
83.87416499992833	EXP	text_2: autoDraw = false
83.87416499992833	EXP	Feedback: text = 228
83.87416499992833	EXP	Feedback: autoDraw = true
84.87241000006907	EXP	Feedback: autoDraw = false
84.87241000006907	EXP	Feedback: autoDraw = false
84.87241000006907	EXP	text_3: autoDraw = true
89.72359999991022	EXP	text_3: autoDraw = false
89.72359999991022	EXP	text_3: autoDraw = false
89.72359999991022	EXP	text_2: autoDraw = true
89.72359999991022	EXP	text_2: text = 0
89.73979000002146	EXP	text_2: text = 17
89.75597499986179	EXP	text_2: text = 33
89.77290500001982	EXP	text_2: text = 50
89.7899599999655	EXP	text_2: text = 67
89.80644499999471	EXP	text_2: text = 83
89.8231599999126	EXP	text_2: text = 100
89.83996000001207	EXP	text_2: text = 117
89.85603499994613	EXP	text_2: text = 133
89.87351999990642	EXP	text_2: text = 150
89.88924499996938	EXP	text_2: text = 167
89.90639499993995	EXP	text_2: text = 183
89.92292999988422	EXP	text_2: text = 200
89.93980999989435	EXP	text_2: text = 217
89.95674999989569	EXP	text_2: text = 233
89.96461999998428	DATA	Keydown:  
89.97365000005811	EXP	text_2: text = 250
89.97365000005811	EXP	text_2: autoDraw = false
89.97365000005811	EXP	Feedback: text = 241
89.97365000005811	EXP	Feedback: autoDraw = true
90.97227000002749	EXP	Feedback: autoDraw = false
90.97227000002749	EXP	Feedback: autoDraw = false
90.97227000002749	EXP	text_3: autoDraw = true
95.58902499987744	EXP	text_3: autoDraw = false
95.58902499987744	EXP	text_3: autoDraw = false
95.58902499987744	EXP	text_2: autoDraw = true
95.58902499987744	EXP	text_2: text = 0
95.60562499985099	EXP	text_2: text = 17
95.62223999993876	EXP	text_2: text = 33
95.63846999988891	EXP	text_2: text = 50
95.65528999990784	EXP	text_2: text = 67
95.67200500005856	EXP	text_2: text = 83
95.68923999997787	EXP	text_2: text = 100
95.70604499988258	EXP	text_2: text = 117
95.72222499991767	EXP	text_2: text = 133
95.73913499992341	EXP	text_2: text = 150
95.75555499992333	EXP	text_2: text = 167
95.77248000004329	EXP	text_2: text = 183
95.78850999986753	EXP	text_2: text = 200
95.80543499998748	EXP	text_2: text = 217
95.82368999999017	EXP	text_2: text = 233
95.82579999999143	DATA	Keydown:  
95.83964499994181	EXP	text_2: text = 250
95.83964499994181	EXP	text_2: autoDraw = false
95.83964499994181	EXP	Feedback: text = 237
95.83964499994181	EXP	Feedback: autoDraw = true
96.83813000004739	EXP	Feedback: autoDraw = false
96.83813000004739	EXP	Feedback: autoDraw = false
96.83813000004739	EXP	text_3: autoDraw = true
100.91742999991402	DATA	Keydown:  
102.72167499992065	EXP	text_3: autoDraw = false
102.72167499992065	EXP	text_3: autoDraw = false
102.72167499992065	EXP	text_2: autoDraw = true
102.72167499992065	EXP	text_2: text = 0
102.73800999997184	EXP	text_2: text = 16
102.7548400000669	EXP	text_2: text = 33
102.77148999995552	EXP	text_2: text = 50
102.78836999996565	EXP	text_2: text = 66
102.80511000007391	EXP	text_2: text = 83
102.82141499989666	EXP	text_2: text = 100
102.83852500002831	EXP	text_2: text = 116
102.85448500001803	EXP	text_2: text = 133
102.87211999995634	EXP	text_2: text = 150
102.88844499993138	EXP	text_2: text = 167
102.90489499992691	EXP	text_2: text = 183
102.92191000003368	EXP	text_2: text = 200
102.92375999991782	DATA	Keydown:  
102.9394199999515	EXP	text_2: text = 217
102.9394199999515	EXP	text_2: autoDraw = false
102.9394199999515	EXP	Feedback: text = 202
102.9394199999515	EXP	Feedback: autoDraw = true
103.93799000000581	EXP	Feedback: autoDraw = false
103.93799000000581	EXP	Feedback: autoDraw = false
103.93799000000581	EXP	text_3: autoDraw = true
108.58838999993168	EXP	text_3: autoDraw = false
108.58838999993168	EXP	text_3: autoDraw = false
108.58838999993168	EXP	text_2: autoDraw = true
108.58838999993168	EXP	text_2: text = 0
108.60445500002243	EXP	text_2: text = 17
108.62159999995492	EXP	text_2: text = 33
108.63785000005737	EXP	text_2: text = 50
108.65405000001192	EXP	text_2: text = 67
108.67096000001766	EXP	text_2: text = 83
108.68741000001319	EXP	text_2: text = 100
108.7047550000716	EXP	text_2: text = 117
108.72133499989286	EXP	text_2: text = 133
108.73933500004932	EXP	text_2: text = 150
108.75478499988094	EXP	text_2: text = 167
108.77160999993794	EXP	text_2: text = 183
108.78783499985002	EXP	text_2: text = 200
108.80479500000365	EXP	text_2: text = 217
108.80636999988928	DATA	Keydown:  
108.82174999988638	EXP	text_2: text = 233
108.82174999988638	EXP	text_2: autoDraw = false
108.82174999988638	EXP	Feedback: text = 218
108.82174999988638	EXP	Feedback: autoDraw = true
109.82076500006951	EXP	Feedback: autoDraw = false
109.82076500006951	EXP	Feedback: autoDraw = false
109.82076500006951	EXP	text_3: autoDraw = true
116.30373000004329	EXP	text_3: autoDraw = false
116.30373000004329	EXP	text_3: autoDraw = false
116.30373000004329	EXP	text_2: autoDraw = true
116.30373000004329	EXP	text_2: text = 0
116.32082000002265	EXP	text_2: text = 17
116.33648999989964	EXP	text_2: text = 33
116.35352499992587	EXP	text_2: text = 50
116.37072500004433	EXP	text_2: text = 67
116.3874150000047	EXP	text_2: text = 83
116.40437999996357	EXP	text_2: text = 100
116.42078499984927	EXP	text_2: text = 117
116.43720000004396	EXP	text_2: text = 133
116.45350999990478	EXP	text_2: text = 150
116.47161999996752	EXP	text_2: text = 167
116.48640000005253	EXP	text_2: text = 183
116.50430999998935	EXP	text_2: text = 200
116.52069999999367	EXP	text_2: text = 217
116.5231049999129	DATA	Keydown:  
116.53796999994665	EXP	text_2: text = 233
116.53796999994665	EXP	text_2: autoDraw = false
116.53796999994665	EXP	Feedback: text = 219
116.53796999994665	EXP	Feedback: autoDraw = true
117.53624999988824	EXP	Feedback: autoDraw = false
117.53624999988824	EXP	Feedback: autoDraw = false
117.53624999988824	EXP	text_3: autoDraw = true
121.9539550000336	EXP	text_3: autoDraw = false
121.9539550000336	EXP	text_3: autoDraw = false
121.9539550000336	EXP	text_2: autoDraw = true
121.9539550000336	EXP	text_2: text = 0
121.97008999995887	EXP	text_2: text = 16
121.9871549999807	EXP	text_2: text = 33
122.0031500000041	EXP	text_2: text = 50
122.01988999987952	EXP	text_2: text = 67
122.03719999990426	EXP	text_2: text = 83
122.05364999989979	EXP	text_2: text = 100
122.07006499986164	EXP	text_2: text = 116
122.08687500003725	EXP	text_2: text = 133
122.10392999998294	EXP	text_2: text = 150
122.11978000006638	EXP	text_2: text = 166
122.13684000005014	EXP	text_2: text = 183
122.15390500007197	EXP	text_2: text = 200
122.16986999986693	EXP	text_2: text = 216
122.18677500006743	EXP	text_2: text = 233
122.21652999985963	DATA	Keydown:  
122.22465500002727	EXP	text_2: text = 268
122.22465500002727	EXP	text_2: autoDraw = false
122.22465500002727	EXP	Feedback: text = 263
122.22465500002727	EXP	Feedback: autoDraw = true
123.21937499986961	EXP	Feedback: autoDraw = false
123.21937499986961	EXP	Feedback: autoDraw = false
123.21937499986961	EXP	text_3: autoDraw = true
128.6869299998507	EXP	text_3: autoDraw = false
128.6869299998507	EXP	text_3: autoDraw = false
128.6869299998507	EXP	text_2: autoDraw = true
128.6869299998507	EXP	text_2: text = 0
128.7031399998814	EXP	text_2: text = 17
128.71941499994136	EXP	text_2: text = 33
128.73594000004232	EXP	text_2: text = 50
128.75295499991626	EXP	text_2: text = 67
128.77004499989562	EXP	text_2: text = 83
128.78608500002883	EXP	text_2: text = 100
128.80350499995984	EXP	text_2: text = 117
128.81952499994077	EXP	text_2: text = 133
128.83587499987334	EXP	text_2: text = 150
128.8533199999947	EXP	text_2: text = 167
128.86893999995664	EXP	text_2: text = 183
128.88608499988914	EXP	text_2: text = 200
128.90308499988168	EXP	text_2: text = 216
128.91218500002287	DATA	Keydown:  
128.92060499987565	EXP	text_2: text = 233
128.92060499987565	EXP	text_2: autoDraw = false
128.92060499987565	EXP	Feedback: text = 225
128.92060499987565	EXP	Feedback: autoDraw = true
129.91834499989636	EXP	Feedback: autoDraw = false
129.91834499989636	EXP	Feedback: autoDraw = false
129.91834499989636	EXP	text_3: autoDraw = true
138.41902499995194	EXP	text_3: autoDraw = false
138.41902499995194	EXP	text_3: autoDraw = false
138.41902499995194	EXP	text_2: autoDraw = true
138.41902499995194	EXP	text_2: text = 0
138.43647499987856	EXP	text_2: text = 17
138.45203999988735	EXP	text_2: text = 33
138.4689149998594	EXP	text_2: text = 50
138.4855549999047	EXP	text_2: text = 66
138.50217500003055	EXP	text_2: text = 83
138.5186499999836	EXP	text_2: text = 100
138.539240000071	EXP	text_2: text = 120
138.55454499996267	EXP	text_2: text = 136
138.56869499990717	EXP	text_2: text = 150
138.58557999995537	EXP	text_2: text = 166
138.60189000004902	EXP	text_2: text = 183
138.6187449998688	EXP	text_2: text = 200
138.63523999997415	EXP	text_2: text = 216
138.6515800000634	EXP	text_2: text = 233
138.65859499992803	DATA	Keydown:  
138.66895999992266	EXP	text_2: text = 250
138.66895999992266	EXP	text_2: autoDraw = false
138.66895999992266	EXP	Feedback: text = 240
138.66895999992266	EXP	Feedback: autoDraw = true
139.66798999998719	EXP	Feedback: autoDraw = false
139.66798999998719	EXP	Feedback: autoDraw = false
139.66798999998719	EXP	text_3: autoDraw = true
148.40140499989502	EXP	text_3: autoDraw = false
148.40140499989502	EXP	text_3: autoDraw = false
148.40140499989502	EXP	text_2: autoDraw = true
148.40140499989502	EXP	text_2: text = 0
148.41742999991402	EXP	text_2: text = 17
148.43405999988317	EXP	text_2: text = 33
148.45073499996215	EXP	text_2: text = 50
148.4674249999225	EXP	text_2: text = 67
148.48414999991655	EXP	text_2: text = 83
148.50093999993987	EXP	text_2: text = 100
148.51787999994121	EXP	text_2: text = 117
148.5345550000202	EXP	text_2: text = 133
148.55107499985024	EXP	text_2: text = 150
148.56764000002295	EXP	text_2: text = 167
148.58397500007413	EXP	text_2: text = 183
148.6011699999217	EXP	text_2: text = 200
148.61726500000805	EXP	text_2: text = 217
148.63422999996692	EXP	text_2: text = 233
148.6510699999053	EXP	text_2: text = 250
148.66818000003695	EXP	text_2: text = 267
148.67143499990925	DATA	Keydown:  
148.68523499998264	EXP	text_2: text = 283
148.68523499998264	EXP	text_2: autoDraw = false
148.68523499998264	EXP	Feedback: text = 270
148.68523499998264	EXP	Feedback: autoDraw = true
149.68314499990083	EXP	Feedback: autoDraw = false
149.68314499990083	EXP	Feedback: autoDraw = false
149.68314499990083	EXP	text_3: autoDraw = true
154.72025000001304	DATA	Keydown:  
159.56731999991462	EXP	text_3: autoDraw = false
159.56731999991462	EXP	text_3: autoDraw = false
159.56731999991462	EXP	text_2: autoDraw = true
159.56731999991462	EXP	text_2: text = 0
159.5827949999366	EXP	text_2: text = 17
159.59987000003457	EXP	text_2: text = 33
159.61645999993198	EXP	text_2: text = 50
159.6332650000695	EXP	text_2: text = 67
159.65034499997273	EXP	text_2: text = 83
159.6665099998936	EXP	text_2: text = 100
159.68390499986708	EXP	text_2: text = 117
159.6998049998656	EXP	text_2: text = 133
159.71685500000603	EXP	text_2: text = 150
159.73315500002354	EXP	text_2: text = 167
159.7498599998653	EXP	text_2: text = 183
159.76640999992378	EXP	text_2: text = 200
159.78307999996468	EXP	text_2: text = 217
159.8006199998781	EXP	text_2: text = 233
159.8032349999994	DATA	Keydown:  
159.81756499991752	EXP	text_2: text = 250
159.81756499991752	EXP	text_2: autoDraw = false
159.81756499991752	EXP	Feedback: text = 236
159.81756499991752	EXP	Feedback: autoDraw = true
160.8158350000158	EXP	Feedback: autoDraw = false
160.8158350000158	EXP	Feedback: autoDraw = false
160.8158350000158	EXP	text_3: autoDraw = true
167.88313500001095	EXP	text_3: autoDraw = false
167.88313500001095	EXP	text_3: autoDraw = false
167.88313500001095	EXP	text_2: autoDraw = true
167.88313500001095	EXP	text_2: text = 0
167.89883499988355	EXP	text_2: text = 17
167.91583999991417	EXP	text_2: text = 33
167.9325349999126	EXP	text_2: text = 50
167.94900999986567	EXP	text_2: text = 67
167.9655999999959	EXP	text_2: text = 83
167.9830499999225	EXP	text_2: text = 100
167.99993499997072	EXP	text_2: text = 117
168.01627500005998	EXP	text_2: text = 133
168.03311499999836	EXP	text_2: text = 150
168.0491349999793	EXP	text_2: text = 167
168.06607499998063	EXP	text_2: text = 183
168.08224499993958	EXP	text_2: text = 200
168.09926499985158	EXP	text_2: text = 217
168.11621499992907	EXP	text_2: text = 233
168.12785999989137	DATA	Keydown:  
168.13425499992445	EXP	text_2: text = 250
168.13425499992445	EXP	text_2: autoDraw = false
168.13425499992445	EXP	Feedback: text = 245
168.13425499992445	EXP	Feedback: autoDraw = true
168.7609699999448	DATA	Keydown:  
169.1323150000535	EXP	Feedback: autoDraw = false
169.1323150000535	EXP	Feedback: autoDraw = false
169.1323150000535	EXP	text_3: autoDraw = true
177.0154549998697	EXP	text_3: autoDraw = false
177.0154549998697	EXP	text_3: autoDraw = false
177.0154549998697	EXP	text_2: autoDraw = true
177.0154549998697	EXP	text_2: text = 0
177.0313849998638	EXP	text_2: text = 16
177.048669999931	EXP	text_2: text = 33
177.06544000003487	EXP	text_2: text = 50
177.0817950000055	EXP	text_2: text = 66
177.0988499999512	EXP	text_2: text = 83
177.11489999992773	EXP	text_2: text = 100
177.13176999986172	EXP	text_2: text = 116
177.14876999985427	EXP	text_2: text = 133
177.16521500004455	EXP	text_2: text = 150
177.18261000001803	EXP	text_2: text = 166
177.19873000006191	EXP	text_2: text = 183
177.2318199998699	EXP	text_2: text = 210
177.24882499990053	EXP	text_2: text = 233
177.26600000006147	EXP	text_2: text = 250
177.26799499988556	DATA	Keydown:  
177.28383499989286	EXP	text_2: text = 267
177.28383499989286	EXP	text_2: autoDraw = false
177.28383499989286	EXP	Feedback: text = 253
177.28383499989286	EXP	Feedback: autoDraw = true
178.28091500001028	EXP	Feedback: autoDraw = false
178.28091500001028	EXP	Feedback: autoDraw = false
178.28091500001028	EXP	text_3: autoDraw = true
182.33184999995865	EXP	text_3: autoDraw = false
182.33184999995865	EXP	text_3: autoDraw = false
182.33184999995865	EXP	text_2: autoDraw = true
182.33184999995865	EXP	text_2: text = 0
182.3480799999088	EXP	text_2: text = 17
182.36430500005372	EXP	text_2: text = 33
182.38187499996275	EXP	text_2: text = 50
182.39755999995396	EXP	text_2: text = 67
182.4152400000021	EXP	text_2: text = 83
182.4317850000225	EXP	text_2: text = 100
182.4480250000488	EXP	text_2: text = 117
182.46454499987885	EXP	text_2: text = 133
182.48157000006177	EXP	text_2: text = 150
182.4981849999167	EXP	text_2: text = 167
182.5143349999562	EXP	text_2: text = 183
182.53116500005126	EXP	text_2: text = 200
182.54816999984905	EXP	text_2: text = 217
182.56520000007004	EXP	text_2: text = 233
182.58145499997772	EXP	text_2: text = 250
182.5978550000582	EXP	text_2: text = 267
182.61436000000685	EXP	text_2: text = 283
182.63118500006385	EXP	text_2: text = 300
182.64789999998175	EXP	text_2: text = 317
182.65005499986	DATA	Keydown:  
182.66487500001676	EXP	text_2: text = 333
182.66487500001676	EXP	text_2: autoDraw = false
182.66487500001676	EXP	Feedback: text = 318
182.66487500001676	EXP	Feedback: autoDraw = true
183.60610500001349	DATA	Keydown:  
183.666285000043	EXP	Feedback: autoDraw = false
183.666285000043	EXP	Feedback: autoDraw = false
183.666285000043	EXP	text_3: autoDraw = true
193.19724999996834	EXP	text_3: autoDraw = false
193.19724999996834	EXP	text_3: autoDraw = false
193.19724999996834	EXP	text_2: autoDraw = true
193.19724999996834	EXP	text_2: text = 0
193.2129249998834	EXP	text_2: text = 17
193.23040000000037	EXP	text_2: text = 33
193.24659999995492	EXP	text_2: text = 50
193.26376999984495	EXP	text_2: text = 67
193.28040499985218	EXP	text_2: text = 83
193.2967649998609	EXP	text_2: text = 100
193.3140199999325	EXP	text_2: text = 117
193.33070999989286	EXP	text_2: text = 133
193.3467299998738	EXP	text_2: text = 150
193.36318999994546	EXP	text_2: text = 167
193.38026000000536	EXP	text_2: text = 183
193.39712499990128	EXP	text_2: text = 200
193.41391999996267	EXP	text_2: text = 217
193.43001500004902	EXP	text_2: text = 233
193.4469899998512	EXP	text_2: text = 250
193.4635399999097	EXP	text_2: text = 266
193.47255000006407	DATA	Keydown:  
193.48102000006475	EXP	text_2: text = 283
193.48102000006475	EXP	text_2: autoDraw = false
193.48102000006475	EXP	Feedback: text = 276
193.48102000006475	EXP	Feedback: autoDraw = true
194.4796249999199	EXP	Feedback: autoDraw = false
194.4796249999199	EXP	Feedback: autoDraw = false
194.4796249999199	EXP	text_3: autoDraw = true
196.86389999999665	EXP	text_3: autoDraw = false
196.86389999999665	EXP	text_3: autoDraw = false
196.86389999999665	EXP	text_2: autoDraw = true
196.86389999999665	EXP	text_2: text = 0
196.8796850000508	EXP	text_2: text = 17
196.89656000002287	EXP	text_2: text = 33
196.91271000006236	EXP	text_2: text = 50
196.93015999998897	EXP	text_2: text = 67
196.9466699999757	EXP	text_2: text = 83
196.9634499999229	EXP	text_2: text = 100
196.9803349999711	EXP	text_2: text = 117
196.99651500000618	EXP	text_2: text = 133
197.01305499998853	EXP	text_2: text = 150
197.02979999990202	EXP	text_2: text = 167
197.04645000002347	EXP	text_2: text = 183
197.06291999993846	EXP	text_2: text = 200
197.08000999991782	EXP	text_2: text = 217
197.0960399999749	EXP	text_2: text = 233
197.1138150000479	EXP	text_2: text = 250
197.1300699999556	EXP	text_2: text = 267
197.14656500006095	EXP	text_2: text = 283
197.16344999987632	EXP	text_2: text = 300
197.18001500004902	EXP	text_2: text = 317
197.196484999964	EXP	text_2: text = 333
197.21318500000052	EXP	text_2: text = 350
197.24413999984972	EXP	text_2: text = 377
197.26295999996364	EXP	text_2: text = 400
197.2669450000394	DATA	Keydown:  
197.28125	EXP	text_2: text = 417
197.28125	EXP	text_2: autoDraw = false
197.28125	EXP	Feedback: text = 403
197.28125	EXP	Feedback: autoDraw = true
198.2785749998875	EXP	Feedback: autoDraw = false
198.2785749998875	EXP	Feedback: autoDraw = false
198.2785749998875	EXP	text_3: autoDraw = true
200.00588499987498	DATA	Keydown:  
201.213160000043	EXP	text_3: autoDraw = false
201.213160000043	EXP	text_3: autoDraw = false
201.213160000043	EXP	text_2: autoDraw = true
201.213160000043	EXP	text_2: text = 0
201.2293700000737	EXP	text_2: text = 17
201.24576999992132	EXP	text_2: text = 33
201.26242000004277	EXP	text_2: text = 50
201.27921499987133	EXP	text_2: text = 67
201.29612000007182	EXP	text_2: text = 83
201.31270499993116	EXP	text_2: text = 100
201.32977499999106	EXP	text_2: text = 117
201.3463149999734	EXP	text_2: text = 133
201.3622899998445	EXP	text_2: text = 150
201.37929499987513	EXP	text_2: text = 167
201.3963099999819	EXP	text_2: text = 183
201.41324999998324	EXP	text_2: text = 200
201.42981999996118	EXP	text_2: text = 217
201.4462699999567	EXP	text_2: text = 233
201.46302999998443	EXP	text_2: text = 250
201.47935999999754	EXP	text_2: text = 267
201.4875849999953	DATA	Keydown:  
201.49693999998271	EXP	text_2: text = 283
201.49693999998271	EXP	text_2: autoDraw = false
201.49693999998271	EXP	Feedback: text = 275
201.49693999998271	EXP	Feedback: autoDraw = true
202.06770999985747	DATA	Keydown:  
202.49497999995947	EXP	Feedback: autoDraw = false
202.49497999995947	EXP	Feedback: autoDraw = false
202.49497999995947	EXP	text_3: autoDraw = true
209.38029500003904	EXP	text_3: autoDraw = false
209.38029500003904	EXP	text_3: autoDraw = false
209.38029500003904	EXP	text_2: autoDraw = true
209.38029500003904	EXP	text_2: text = 0
209.39613500004634	EXP	text_2: text = 17
209.41261500003748	EXP	text_2: text = 33
209.42946999985725	EXP	text_2: text = 50
209.4466099999845	EXP	text_2: text = 66
209.46343000000343	EXP	text_2: text = 84
209.4797050000634	EXP	text_2: text = 100
209.49656999995932	EXP	text_2: text = 116
209.5127049998846	EXP	text_2: text = 133
209.52988999988884	EXP	text_2: text = 150
209.5463199999649	EXP	text_2: text = 167
209.56289499998093	EXP	text_2: text = 183
209.57990999985486	EXP	text_2: text = 200
209.59611000004224	EXP	text_2: text = 217
209.60914499987848	DATA	Keydown:  
209.6138450000435	EXP	text_2: text = 234
209.6138450000435	EXP	text_2: autoDraw = false
209.6138450000435	EXP	Feedback: text = 229
209.6138450000435	EXP	Feedback: autoDraw = true
210.61211499990895	EXP	Feedback: autoDraw = false
210.61211499990895	EXP	Feedback: autoDraw = false
210.61211499990895	EXP	text_3: autoDraw = true
214.72995999990962	EXP	text_3: autoDraw = false
214.72995999990962	EXP	text_3: autoDraw = false
214.72995999990962	EXP	text_2: autoDraw = true
214.72995999990962	EXP	text_2: text = 0
214.74563500005752	EXP	text_2: text = 17
214.76252499991097	EXP	text_2: text = 33
214.77879499993287	EXP	text_2: text = 50
214.7957349999342	EXP	text_2: text = 66
214.8128400000278	EXP	text_2: text = 83
214.82879499997944	EXP	text_2: text = 100
214.84577000001445	EXP	text_2: text = 116
214.8623549998738	EXP	text_2: text = 133
214.8790400000289	EXP	text_2: text = 150
214.896214999957	EXP	text_2: text = 166
214.91240000003017	EXP	text_2: text = 183
214.9292649999261	EXP	text_2: text = 200
214.94815499987453	EXP	text_2: text = 219
214.9633450000547	EXP	text_2: text = 233
214.97982000000775	EXP	text_2: text = 250
214.99580999999307	EXP	text_2: text = 267
214.99785499996506	DATA	Keydown:  
215.01362999994308	EXP	text_2: text = 283
215.01362999994308	EXP	text_2: autoDraw = false
215.01362999994308	EXP	Feedback: text = 268
215.01362999994308	EXP	Feedback: autoDraw = true
216.01163499988616	EXP	Feedback: autoDraw = false
216.01163499988616	EXP	Feedback: autoDraw = false
216.01163499988616	EXP	text_3: autoDraw = true
219.79495000001043	EXP	text_3: autoDraw = false
219.79495000001043	EXP	text_3: autoDraw = false
219.79495000001043	EXP	text_2: autoDraw = true
219.79495000001043	EXP	text_2: text = 0
219.81171500007622	EXP	text_2: text = 16
219.82813500007614	EXP	text_2: text = 33
219.84522999986075	EXP	text_2: text = 50
219.8622299998533	EXP	text_2: text = 67
219.87840000004508	EXP	text_2: text = 83
219.89566999999806	EXP	text_2: text = 100
219.9120099998545	EXP	text_2: text = 117
219.9286350000184	EXP	text_2: text = 133
219.94519999995828	EXP	text_2: text = 150
219.96238499996252	EXP	text_2: text = 167
219.97815999994054	EXP	text_2: text = 183
219.99530999991111	EXP	text_2: text = 200
220.00047999992967	DATA	Keydown:  
220.01262499997392	EXP	text_2: text = 217
220.01262499997392	EXP	text_2: autoDraw = false
220.01262499997392	EXP	Feedback: text = 206
220.01262499997392	EXP	Feedback: autoDraw = true
221.01104500005022	EXP	Feedback: autoDraw = false
221.01104500005022	EXP	Feedback: autoDraw = false
221.01104500005022	EXP	text_3: autoDraw = true
228.07842499995604	EXP	text_3: autoDraw = false
228.07842499995604	EXP	text_3: autoDraw = false
228.07842499995604	EXP	text_2: autoDraw = true
228.07842499995604	EXP	text_2: text = 0
228.0947650000453	EXP	text_2: text = 17
228.11161999986507	EXP	text_2: text = 33
228.12811499997042	EXP	text_2: text = 50
228.1445549998898	EXP	text_2: text = 67
228.16173499985598	EXP	text_2: text = 83
228.17816499993205	EXP	text_2: text = 100
228.1946300000418	EXP	text_2: text = 117
228.21120000001974	EXP	text_2: text = 133
228.22821999993175	EXP	text_2: text = 150
228.24502000003122	EXP	text_2: text = 166
228.26154999993742	EXP	text_2: text = 183
228.2782250000164	EXP	text_2: text = 200
228.2949049999006	EXP	text_2: text = 216
228.31098499987274	EXP	text_2: text = 233
228.32788500003517	EXP	text_2: text = 250
228.34596999990754	EXP	text_2: text = 267
228.36091999989003	EXP	text_2: text = 283
228.3715099999681	DATA	Keydown:  
228.37936999998055	EXP	text_2: text = 300
228.37936999998055	EXP	text_2: autoDraw = false
228.37936999998055	EXP	Feedback: text = 293
228.37936999998055	EXP	Feedback: autoDraw = true
229.37950000003912	EXP	Feedback: autoDraw = false
229.37950000003912	EXP	Feedback: autoDraw = false
229.37950000003912	EXP	text_3: autoDraw = true
231.3945750000421	EXP	text_3: autoDraw = false
231.3945750000421	EXP	text_3: autoDraw = false
231.3945750000421	EXP	text_2: autoDraw = true
231.3945750000421	EXP	text_2: text = 0
231.4113799999468	EXP	text_2: text = 17
231.42745000007562	EXP	text_2: text = 33
231.44409499992616	EXP	text_2: text = 50
231.46136499987915	EXP	text_2: text = 67
231.47814000002109	EXP	text_2: text = 83
231.49457999994047	EXP	text_2: text = 100
231.51130999997258	EXP	text_2: text = 117
231.52817000006326	EXP	text_2: text = 133
231.5446500000544	EXP	text_2: text = 150
231.56138499989174	EXP	text_2: text = 167
231.57749499985948	EXP	text_2: text = 183
231.59408499998972	EXP	text_2: text = 200
231.61082999990322	EXP	text_2: text = 216
231.62823499995284	EXP	text_2: text = 233
231.64427499985322	EXP	text_2: text = 250
231.661039999919	EXP	text_2: text = 267
231.6774999999907	EXP	text_2: text = 283
231.69405499985442	EXP	text_2: text = 300
231.71148499986157	EXP	text_2: text = 317
231.72732000006363	EXP	text_2: text = 333
231.74489500001073	EXP	text_2: text = 350
231.76062499987893	EXP	text_2: text = 366
231.77803499996662	EXP	text_2: text = 383
231.7945250000339	EXP	text_2: text = 400
231.8115449999459	EXP	text_2: text = 417
231.829725000076	EXP	text_2: text = 434
231.84486499987543	EXP	text_2: text = 450
231.86162499990314	EXP	text_2: text = 467
231.87749499990605	EXP	text_2: text = 483
231.89474999997765	EXP	text_2: text = 500
231.89637500001118	DATA	Keydown:  
231.9121949998662	EXP	text_2: text = 517
231.9121949998662	EXP	text_2: autoDraw = false
231.9121949998662	EXP	Feedback: text = 502
231.9121949998662	EXP	Feedback: autoDraw = true
232.90965499985032	EXP	Feedback: autoDraw = false
232.90965499985032	EXP	Feedback: autoDraw = false
232.90965499985032	EXP	text_3: autoDraw = true
236.55223999987356	DATA	Keydown:  
239.99378499994054	EXP	text_3: autoDraw = false
239.99378499994054	EXP	text_3: autoDraw = false
239.99378499994054	EXP	text_2: autoDraw = true
239.99378499994054	EXP	text_2: text = 0
240.0096749998629	EXP	text_2: text = 17
240.02719000005163	EXP	text_2: text = 33
240.0437849999871	EXP	text_2: text = 50
240.06047999998555	EXP	text_2: text = 67
240.07718000002205	EXP	text_2: text = 83
240.093394999858	EXP	text_2: text = 100
240.11091499985196	EXP	text_2: text = 117
240.1263349999208	EXP	text_2: text = 133
240.14376499992795	EXP	text_2: text = 150
240.16093000001274	EXP	text_2: text = 167
240.17730499990284	EXP	text_2: text = 183
240.19319000001997	EXP	text_2: text = 200
240.21138500003144	EXP	text_2: text = 217
240.2290900000371	EXP	text_2: text = 235
240.24325499986298	EXP	text_2: text = 250
240.24958999990486	DATA	Keydown:  
240.26114999991842	EXP	text_2: text = 267
240.26114999991842	EXP	text_2: autoDraw = false
240.26114999991842	EXP	Feedback: text = 256
240.26114999991842	EXP	Feedback: autoDraw = true
241.25976499984972	EXP	Feedback: autoDraw = false
241.25976499984972	EXP	Feedback: autoDraw = false
241.25976499984972	EXP	text_3: autoDraw = true
250.5264900000766	EXP	text_3: autoDraw = false
250.5264900000766	EXP	text_3: autoDraw = false
250.5264900000766	EXP	text_2: autoDraw = true
250.5264900000766	EXP	text_2: text = 0
250.54185999999754	EXP	text_2: text = 16
250.5590749999974	EXP	text_2: text = 33
250.5759900000412	EXP	text_2: text = 50
250.59192000003532	EXP	text_2: text = 66
250.6111399999354	EXP	text_2: text = 83
250.62606499996036	EXP	text_2: text = 100
250.64262000005692	EXP	text_2: text = 116
250.659289999865	EXP	text_2: text = 133
250.67549000005238	EXP	text_2: text = 150
250.6927249999717	EXP	text_2: text = 166
250.70930500002578	EXP	text_2: text = 183
250.72564999992028	EXP	text_2: text = 200
250.74239000002854	EXP	text_2: text = 217
250.75914500001818	EXP	text_2: text = 233
250.7758849998936	EXP	text_2: text = 250
250.79282499989495	EXP	text_2: text = 266
250.81003499985673	DATA	Keydown:  
250.81508999993093	EXP	text_2: text = 288
250.81508999993093	EXP	text_2: autoDraw = false
250.81508999993093	EXP	Feedback: text = 284
250.81508999993093	EXP	Feedback: autoDraw = true
251.80852500000037	EXP	Feedback: autoDraw = false
251.80852500000037	EXP	Feedback: autoDraw = false
251.80852500000037	EXP	text_3: autoDraw = true
255.2926499999594	EXP	text_3: autoDraw = false
255.2926499999594	EXP	text_3: autoDraw = false
255.2926499999594	EXP	text_2: autoDraw = true
255.2926499999594	EXP	text_2: text = 0
255.30872999993153	EXP	text_2: text = 16
255.3252649998758	EXP	text_2: text = 33
255.34218999999575	EXP	text_2: text = 50
255.35868499986827	EXP	text_2: text = 66
255.37568000005558	EXP	text_2: text = 83
255.39162499993108	EXP	text_2: text = 100
255.40882000001147	EXP	text_2: text = 116
255.42559499992058	EXP	text_2: text = 133
255.44213499990292	EXP	text_2: text = 150
255.4594349998515	EXP	text_2: text = 167
255.4750599998515	EXP	text_2: text = 183
255.4920699999202	EXP	text_2: text = 200
255.5085549999494	EXP	text_2: text = 216
255.52548999991268	EXP	text_2: text = 233
255.54173499997705	EXP	text_2: text = 250
255.55868000001647	EXP	text_2: text = 267
255.57557999994606	EXP	text_2: text = 283
255.59204000001773	EXP	text_2: text = 300
255.60904000001028	EXP	text_2: text = 316
255.61477499990724	DATA	Keydown:  
255.62596999993548	EXP	text_2: text = 333
255.62596999993548	EXP	text_2: autoDraw = false
255.62596999993548	EXP	Feedback: text = 322
255.62596999993548	EXP	Feedback: autoDraw = true
256.6247199999634	EXP	Feedback: autoDraw = false
256.6247199999634	EXP	Feedback: autoDraw = false
256.6247199999634	EXP	text_3: autoDraw = true
262.2193700000644	DATA	Keydown:  
262.5918600000441	EXP	text_3: autoDraw = false
262.5918600000441	EXP	text_3: autoDraw = false
262.5918600000441	EXP	text_2: autoDraw = true
262.5918600000441	EXP	text_2: text = 0
262.60767499986105	EXP	text_2: text = 16
262.62433500005864	EXP	text_2: text = 33
262.64121500006877	EXP	text_2: text = 50
262.6578450000379	EXP	text_2: text = 67
262.6742599999998	EXP	text_2: text = 83
262.69168499996886	EXP	text_2: text = 100
262.7076999999117	EXP	text_2: text = 116
262.72533499985	EXP	text_2: text = 133
262.7410099999979	EXP	text_2: text = 150
262.75792000000365	EXP	text_2: text = 167
262.77471000002697	EXP	text_2: text = 183
262.7911749999039	EXP	text_2: text = 200
262.80850999988616	EXP	text_2: text = 217
262.82391000003554	EXP	text_2: text = 233
262.84166499995627	EXP	text_2: text = 250
262.8587449998595	EXP	text_2: text = 267
262.8605549999047	DATA	Keydown:  
262.8756599999033	EXP	text_2: text = 283
262.8756599999033	EXP	text_2: autoDraw = false
262.8756599999033	EXP	Feedback: text = 269
262.8756599999033	EXP	Feedback: autoDraw = true
263.87393500003964	EXP	Feedback: autoDraw = false
263.87393500003964	EXP	Feedback: autoDraw = false
263.87393500003964	EXP	text_3: autoDraw = true
265.9915149998851	EXP	text_3: autoDraw = false
265.9915149998851	EXP	text_3: autoDraw = false
265.9915149998851	EXP	text_2: autoDraw = true
265.9915149998851	EXP	text_2: text = 0
266.0075999998953	EXP	text_2: text = 17
266.02416999987327	EXP	text_2: text = 33
266.041079999879	EXP	text_2: text = 50
266.05823499988765	EXP	text_2: text = 67
266.07395499991253	EXP	text_2: text = 83
266.0909249999095	EXP	text_2: text = 100
266.10825999989174	EXP	text_2: text = 117
266.12431499990635	EXP	text_2: text = 133
266.1419599999208	EXP	text_2: text = 150
266.15814499999397	EXP	text_2: text = 167
266.17461499990895	EXP	text_2: text = 183
266.1909049998503	EXP	text_2: text = 200
266.2077599999029	EXP	text_2: text = 216
266.2243449999951	EXP	text_2: text = 233
266.2413250000682	EXP	text_2: text = 250
266.25753499986604	EXP	text_2: text = 266
266.27426499989815	EXP	text_2: text = 283
266.2905899998732	EXP	text_2: text = 300
266.3086149999872	EXP	text_2: text = 317
266.3251000000164	EXP	text_2: text = 334
266.32683999999426	DATA	Keydown:  
266.3419349999167	EXP	text_2: text = 350
266.3419349999167	EXP	text_2: autoDraw = false
266.3419349999167	EXP	Feedback: text = 335
266.3419349999167	EXP	Feedback: autoDraw = true
267.33990500005893	EXP	Feedback: autoDraw = false
267.33990500005893	EXP	Feedback: autoDraw = false
267.33990500005893	EXP	text_3: autoDraw = true
267.5233100000769	DATA	Keydown:  
272.3570550000295	EXP	text_3: autoDraw = false
272.3570550000295	EXP	text_3: autoDraw = false
272.3570550000295	EXP	text_2: autoDraw = true
272.3570550000295	EXP	text_2: text = 0
272.37342499988154	EXP	text_2: text = 17
272.3896399999503	EXP	text_2: text = 33
272.4062550000381	EXP	text_2: text = 50
272.4232049998827	EXP	text_2: text = 67
272.43986000004224	EXP	text_2: text = 83
272.4565049998928	EXP	text_2: text = 100
272.4730149998795	EXP	text_2: text = 116
272.48988500004634	EXP	text_2: text = 133
272.50670500006527	EXP	text_2: text = 150
272.523259999929	EXP	text_2: text = 166
272.54009000002407	EXP	text_2: text = 183
272.5561999999918	EXP	text_2: text = 200
272.5729900000151	EXP	text_2: text = 217
272.5896149999462	EXP	text_2: text = 233
272.6066550000105	EXP	text_2: text = 250
272.6228199999314	EXP	text_2: text = 266
272.6332650000695	DATA	Keydown:  
272.6407449999824	EXP	text_2: text = 283
272.6407449999824	EXP	text_2: autoDraw = false
272.6407449999824	EXP	Feedback: text = 276
272.6407449999824	EXP	Feedback: autoDraw = true
273.63913000002503	EXP	Feedback: autoDraw = false
273.63913000002503	EXP	Feedback: autoDraw = false
273.63913000002503	EXP	text_3: autoDraw = true
281.6562299998477	EXP	text_3: autoDraw = false
281.6562299998477	EXP	text_3: autoDraw = false
281.6562299998477	EXP	text_2: autoDraw = true
281.6562299998477	EXP	text_2: text = 0
281.67210999992676	EXP	text_2: text = 17
281.6886100000702	EXP	text_2: text = 33
281.705869999947	EXP	text_2: text = 50
281.7222649999894	EXP	text_2: text = 66
281.7387699999381	EXP	text_2: text = 83
281.7558049999643	EXP	text_2: text = 100
281.77218999993056	EXP	text_2: text = 117
281.7892100000754	EXP	text_2: text = 133
281.8053550000768	EXP	text_2: text = 150
281.8221899999771	EXP	text_2: text = 166
281.8392799999565	EXP	text_2: text = 183
281.8557949999813	EXP	text_2: text = 200
281.8607900000643	DATA	Keydown:  
281.8728749998845	EXP	text_2: text = 217
281.8728749998845	EXP	text_2: autoDraw = false
281.8728749998845	EXP	Feedback: text = 205
281.8728749998845	EXP	Feedback: autoDraw = true
282.871754999971	EXP	Feedback: autoDraw = false
282.871754999971	EXP	Feedback: autoDraw = false
282.871754999971	EXP	text_3: autoDraw = true
285.3053550000768	EXP	text_3: autoDraw = false
285.3053550000768	EXP	text_3: autoDraw = false
285.3053550000768	EXP	text_2: autoDraw = true
285.3053550000768	EXP	text_2: text = 0
285.32184499991126	EXP	text_2: text = 17
285.33860999997705	EXP	text_2: text = 33
285.35577000002377	EXP	text_2: text = 50
285.37170500005595	EXP	text_2: text = 67
285.39193499996327	EXP	text_2: text = 87
285.4083199999295	EXP	text_2: text = 102
285.42280499986373	EXP	text_2: text = 117
285.4382949999999	EXP	text_2: text = 133
285.4556950000115	EXP	text_2: text = 150
285.47249000007287	EXP	text_2: text = 167
285.4884299999103	EXP	text_2: text = 183
285.50511000002734	EXP	text_2: text = 200
285.52178000006825	EXP	text_2: text = 217
285.5391649999656	EXP	text_2: text = 233
285.55514499987476	EXP	text_2: text = 250
285.5721199999098	EXP	text_2: text = 267
285.5887849999126	EXP	text_2: text = 283
285.60560499993153	EXP	text_2: text = 300
285.62232999992557	EXP	text_2: text = 317
285.63376499991864	DATA	Keydown:  
285.6391499999445	EXP	text_2: text = 333
285.6391499999445	EXP	text_2: autoDraw = false
285.6391499999445	EXP	Feedback: text = 329
285.6391499999445	EXP	Feedback: autoDraw = true
286.42384999990463	DATA	Keydown:  
286.6375199998729	EXP	Feedback: autoDraw = false
286.6375199998729	EXP	Feedback: autoDraw = false
286.6375199998729	EXP	text_3: autoDraw = true
289.62356500001624	DATA	Keydown:  
292.022014999995	EXP	text_3: autoDraw = false
292.022014999995	EXP	text_3: autoDraw = false
292.022014999995	EXP	text_2: autoDraw = true
292.022014999995	EXP	text_2: text = 0
292.03783499985	EXP	text_2: text = 17
292.0546899999026	EXP	text_2: text = 33
292.0714999998454	EXP	text_2: text = 50
292.08801000006497	EXP	text_2: text = 67
292.1045200000517	EXP	text_2: text = 83
292.12121000001207	EXP	text_2: text = 100
292.1381649998948	EXP	text_2: text = 117
292.1556700000074	EXP	text_2: text = 133
292.1712449998595	EXP	text_2: text = 150
292.1879149999004	EXP	text_2: text = 167
292.20465500000864	EXP	text_2: text = 183
292.2227099998854	EXP	text_2: text = 200
292.2304849999491	DATA	Keydown:  
292.23918000003323	EXP	text_2: text = 217
292.23918000003323	EXP	text_2: autoDraw = false
292.23918000003323	EXP	Feedback: text = 209
292.23918000003323	EXP	Feedback: autoDraw = true
293.23756500007585	EXP	Feedback: autoDraw = false
293.23756500007585	EXP	Feedback: autoDraw = false
293.23756500007585	EXP	text_3: autoDraw = true
293.7507350000087	DATA	Keydown:  
295.75443500000983	EXP	text_3: autoDraw = false
295.75443500000983	EXP	text_3: autoDraw = false
295.75443500000983	EXP	text_2: autoDraw = true
295.75443500000983	EXP	text_2: text = 0
295.77110500005074	EXP	text_2: text = 17
295.7873449998442	EXP	text_2: text = 33
295.80462499987334	EXP	text_2: text = 50
295.82098499988206	EXP	text_2: text = 66
295.83822500007227	EXP	text_2: text = 83
295.8546750000678	EXP	text_2: text = 100
295.8712999999989	EXP	text_2: text = 116
295.88903500000015	EXP	text_2: text = 133
295.9041750000324	EXP	text_2: text = 150
295.92112999991514	EXP	text_2: text = 166
295.9374849998858	EXP	text_2: text = 183
295.95506499987096	EXP	text_2: text = 200
295.97101500001736	EXP	text_2: text = 216
295.9878299999982	EXP	text_2: text = 233
296.00462999986485	EXP	text_2: text = 250
296.0215699998662	EXP	text_2: text = 266
296.03803499997593	EXP	text_2: text = 283
296.0546649999451	EXP	text_2: text = 300
296.06284500006586	DATA	Keydown:  
296.0720450000372	EXP	text_2: text = 317
296.0720450000372	EXP	text_2: autoDraw = false
296.0720450000372	EXP	Feedback: text = 309
296.0720450000372	EXP	Feedback: autoDraw = true
297.0695199999027	EXP	Feedback: autoDraw = false
297.0695199999027	EXP	Feedback: autoDraw = false
297.0695199999027	EXP	text_3: autoDraw = true
304.12085499987006	EXP	text_3: autoDraw = false
304.12085499987006	EXP	text_3: autoDraw = false
304.12085499987006	EXP	text_2: autoDraw = true
304.12085499987006	EXP	text_2: text = 0
304.1370449999813	EXP	text_2: text = 17
304.1535650000442	EXP	text_2: text = 33
304.17031499999575	EXP	text_2: text = 50
304.18717000004835	EXP	text_2: text = 67
304.2038799999282	EXP	text_2: text = 83
304.22040500002913	EXP	text_2: text = 100
304.2379550000187	EXP	text_2: text = 116
304.2539349999279	EXP	text_2: text = 133
304.2704449999146	EXP	text_2: text = 150
304.28698999993503	EXP	text_2: text = 167
304.3034250000492	EXP	text_2: text = 183
304.3205599999055	EXP	text_2: text = 200
304.33682999992743	EXP	text_2: text = 217
304.3541349999141	EXP	text_2: text = 233
304.37054000003263	EXP	text_2: text = 250
304.3871949999593	EXP	text_2: text = 266
304.4042849999387	EXP	text_2: text = 283
304.4064350000117	DATA	Keydown:  
304.42142000002787	EXP	text_2: text = 300
304.42142000002787	EXP	text_2: autoDraw = false
304.42142000002787	EXP	Feedback: text = 286
304.42142000002787	EXP	Feedback: autoDraw = true
305.41931500006467	EXP	Feedback: autoDraw = false
305.41931500006467	EXP	Feedback: autoDraw = false
305.41931500006467	EXP	text_3: autoDraw = true
307.14055499993265	DATA	Keydown:  
313.9877100000158	EXP	text_3: autoDraw = false
313.9877100000158	EXP	text_3: autoDraw = false
313.9877100000158	EXP	text_2: autoDraw = true
313.9877100000158	EXP	text_2: text = 0
314.0027049998753	EXP	text_2: text = 17
314.01941499998793	EXP	text_2: text = 33
314.035845000064	EXP	text_2: text = 50
314.0535699999891	EXP	text_2: text = 67
314.0692399998661	EXP	text_2: text = 83
314.08614999987185	EXP	text_2: text = 100
314.10259000002407	EXP	text_2: text = 117
314.1196349998936	EXP	text_2: text = 133
314.13581999996677	EXP	text_2: text = 150
314.15256999991834	EXP	text_2: text = 167
314.16931500006467	EXP	text_2: text = 183
314.18597500002943	EXP	text_2: text = 200
314.20283999992535	EXP	text_2: text = 217
314.2190999998711	EXP	text_2: text = 233
314.23623999999836	EXP	text_2: text = 250
314.2524749999866	EXP	text_2: text = 267
314.27331499988213	EXP	text_2: text = 287
314.28972500003874	EXP	text_2: text = 304
314.3024949999526	EXP	text_2: text = 316
314.3196600000374	EXP	text_2: text = 333
314.33605499984697	EXP	text_2: text = 350
314.35293999989517	EXP	text_2: text = 367
314.3692999999039	EXP	text_2: text = 383
314.37437499989755	DATA	Keydown:  
314.3867549998686	EXP	text_2: text = 400
314.3867549998686	EXP	text_2: autoDraw = false
314.3867549998686	EXP	Feedback: text = 387
314.3867549998686	EXP	Feedback: autoDraw = true
315.38581999996677	EXP	Feedback: autoDraw = false
315.38581999996677	EXP	Feedback: autoDraw = false
315.38581999996677	EXP	text_3: autoDraw = true
323.73537999996915	EXP	text_3: autoDraw = false
323.73537999996915	EXP	text_3: autoDraw = false
323.73537999996915	EXP	text_2: autoDraw = true
323.73537999996915	EXP	text_2: text = 0
323.7512749999296	EXP	text_2: text = 17
323.7683149999939	EXP	text_2: text = 33
323.78547999984585	EXP	text_2: text = 50
323.8022549999878	EXP	text_2: text = 67
323.81850000005215	EXP	text_2: text = 83
323.83551999996416	EXP	text_2: text = 100
323.8520249999128	EXP	text_2: text = 117
323.86819999990985	EXP	text_2: text = 133
323.88525499985553	EXP	text_2: text = 150
323.902160000056	EXP	text_2: text = 167
323.91861000005156	EXP	text_2: text = 183
323.935349999927	EXP	text_2: text = 200
323.9522049999796	EXP	text_2: text = 217
323.9689700000454	EXP	text_2: text = 233
323.977584999986	DATA	Keydown:  
323.9854649999179	EXP	text_2: text = 250
323.9854649999179	EXP	text_2: autoDraw = false
323.9854649999179	EXP	Feedback: text = 243
323.9854649999179	EXP	Feedback: autoDraw = true
324.98427499993704	EXP	Feedback: autoDraw = false
324.98427499993704	EXP	Feedback: autoDraw = false
324.98427499993704	EXP	text_3: autoDraw = true
325.37905999994837	DATA	Keydown:  
330.85229499987327	EXP	text_3: autoDraw = false
330.85229499987327	EXP	text_3: autoDraw = false
330.85229499987327	EXP	text_2: autoDraw = true
330.85229499987327	EXP	text_2: text = 0
330.86749499989673	EXP	text_2: text = 16
330.88431499991566	EXP	text_2: text = 33
330.901254999917	EXP	text_2: text = 50
330.9176149999257	EXP	text_2: text = 66
330.9350250000134	EXP	text_2: text = 83
330.9508849999402	EXP	text_2: text = 100
330.9687200000044	EXP	text_2: text = 117
330.98396999994293	EXP	text_2: text = 133
331.0010549998842	EXP	text_2: text = 150
331.01801500003785	EXP	text_2: text = 166
331.0347700000275	EXP	text_2: text = 183
331.0516550000757	EXP	text_2: text = 200
331.0680299999658	EXP	text_2: text = 217
331.0849200000521	EXP	text_2: text = 233
331.100940000033	EXP	text_2: text = 250
331.1180999998469	EXP	text_2: text = 267
331.1345549998805	EXP	text_2: text = 283
331.1392449999694	DATA	Keydown:  
331.1522349999286	EXP	text_2: text = 300
331.1522349999286	EXP	text_2: autoDraw = false
331.1522349999286	EXP	Feedback: text = 287
331.1522349999286	EXP	Feedback: autoDraw = true
332.15243000001647	EXP	Feedback: autoDraw = false
332.15243000001647	EXP	Feedback: autoDraw = false
332.15243000001647	EXP	text_3: autoDraw = true
338.65120500000194	EXP	text_3: autoDraw = false
338.65120500000194	EXP	text_3: autoDraw = false
338.65120500000194	EXP	text_2: autoDraw = true
338.65120500000194	EXP	text_2: text = 0
338.6670500000473	EXP	text_2: text = 17
338.6844699999783	EXP	text_2: text = 33
338.70032000006177	EXP	text_2: text = 50
338.7177049999591	EXP	text_2: text = 67
338.7336049999576	EXP	text_2: text = 83
338.75050999992527	EXP	text_2: text = 100
338.7676949999295	EXP	text_2: text = 117
338.78395000007004	EXP	text_2: text = 133
338.8005750000011	EXP	text_2: text = 150
338.81783999991603	EXP	text_2: text = 167
338.83394999988377	EXP	text_2: text = 183
338.85090499999933	EXP	text_2: text = 200
338.8671049999539	EXP	text_2: text = 217
338.88442999986	EXP	text_2: text = 233
338.8863649999257	DATA	Keydown:  
338.9011599998921	EXP	text_2: text = 250
338.9011599998921	EXP	text_2: autoDraw = false
338.9011599998921	EXP	Feedback: text = 235
338.9011599998921	EXP	Feedback: autoDraw = true
339.91632999992	EXP	Feedback: autoDraw = false
339.91632999992	EXP	Feedback: autoDraw = false
339.91632999992	EXP	End_text: autoDraw = true
344.83666999987327	DATA	Keydown:  
