0.04800000000000004	EXP	Created Window = Window( name=Window, fullscr=true, color=#000000, units=height, waitBlanking=true, autoLog=true, size=[1007,678] )
4.827	DATA	Keydown: Shift
4.976	DATA	Keydown: L
5.113	DATA	Keydown: P
8.524	DATA	Keydown: 0
8.695	DATA	Keydown: 2
9.046	DATA	Keydown: 6
9.235	DATA	Keydown: 7
9.369	DATA	Keydown: 5
22.14	EXP	Created text = TextStim( name=text, win=Window( name=Window, fullscr=true, color=#000000, ~), autoDraw=null, autoLog=true, units=height, ori=null, opacity=1, pos=[0,0], size=undefined, text=INSTRUCTIONS [EN]


A counter will appear and star~, font=Arial, color=#FFFFFF, contrast=1, height=0.03, bold=null, italic=null, alignHoriz=left, alignVert=center, wrapWidth=1, flipHoriz=null, flipVert=null )
22.145	EXP	Created text_3 = TextStim( name=text_3, win=Window( name=Window, fullscr=true, color=#000000, ~), autoDraw=null, autoLog=true, units=height, ori=null, opacity=1, pos=[0,0], size=undefined, text=null, font=Arial, color=#FFFFFF, contrast=1, height=0.1, bold=null, italic=null, alignHoriz=left, alignVert=center, wrapWidth=1, flipHoriz=null, flipVert=null )
22.147	EXP	Created text_2 = TextStim( name=text_2, win=Window( name=Window, fullscr=true, color=#000000, ~), autoDraw=null, autoLog=true, units=height, ori=null, opacity=1, pos=[0,0], size=undefined, text=default text, font=Arial, color=#ff0000, contrast=1, height=0.15, bold=null, italic=null, alignHoriz=left, alignVert=center, wrapWidth=1, flipHoriz=null, flipVert=null )
22.148	EXP	Created Feedback = TextStim( name=Feedback, win=Window( name=Window, fullscr=true, color=#000000, ~), autoDraw=null, autoLog=true, units=height, ori=null, opacity=1, pos=[0,0], size=undefined, text=default text, font=Arial, color=#ff0000, contrast=1, height=0.15, bold=null, italic=null, alignHoriz=left, alignVert=center, wrapWidth=1, flipHoriz=null, flipVert=null )
22.149	EXP	Created End_text = TextStim( name=End_text, win=Window( name=Window, fullscr=true, color=#000000, ~), autoDraw=null, autoLog=true, units=height, ori=null, opacity=1, pos=[0,0], size=undefined, text=This study aimed to look at procedural learning, i~, font=Arial, color=#FFFFFF, contrast=1, height=0.025, bold=null, italic=null, alignHoriz=left, alignVert=center, wrapWidth=1, flipHoriz=null, flipVert=null )
22.19	EXP	text: units = "height"
22.19	EXP	text: ori = 0
22.19	EXP	text: opacity = 1
22.19	EXP	text: pos = [0,0]
22.19	EXP	text: size = undefined
22.19	EXP	text: text = "INSTRUCTIONS [EN]\n\n\nA counter will appear and start counting at random times, press SPACE as fast as possible when it appears.\n\n\nPress SPACE to start\n\n-------\n\nInstruções [PT]\n\n\nUm cronómetro vai aparecer e começar a contar aleatoriamente, pressione a tecla SPACE assim que ele aparecer.\n\n\nPressiona SPACE para começar."
22.19	EXP	text: font = "Arial"
22.19	EXP	text: color = {"_hex":"#FFFFFF","_rgb":[1,1,1]}
22.19	EXP	text: contrast = 1
22.19	EXP	text: height = 0.03
22.19	EXP	text: bold = false
22.19	EXP	text: italic = false
22.19	EXP	text: alignHoriz = "left"
22.19	EXP	text: alignVert = "center"
22.19	EXP	text: wrapWidth = 1
22.19	EXP	text: flipHoriz = false
22.19	EXP	text: flipVert = false
22.19	EXP	text_3: units = "height"
22.19	EXP	text_3: ori = 0
22.19	EXP	text_3: opacity = 1
22.19	EXP	text_3: pos = [0,0]
22.19	EXP	text_3: size = undefined
22.19	EXP	text_3: text = ""
22.19	EXP	text_3: font = "Arial"
22.19	EXP	text_3: color = {"_hex":"#FFFFFF","_rgb":[1,1,1]}
22.19	EXP	text_3: contrast = 1
22.19	EXP	text_3: height = 0.1
22.19	EXP	text_3: bold = false
22.19	EXP	text_3: italic = false
22.19	EXP	text_3: alignHoriz = "left"
22.19	EXP	text_3: alignVert = "center"
22.19	EXP	text_3: wrapWidth = 1
22.19	EXP	text_3: flipHoriz = false
22.19	EXP	text_3: flipVert = false
22.19	EXP	text_2: units = "height"
22.19	EXP	text_2: ori = 0
22.19	EXP	text_2: opacity = 1
22.19	EXP	text_2: pos = [0,0]
22.19	EXP	text_2: size = undefined
22.19	EXP	text_2: text = "default text"
22.19	EXP	text_2: font = "Arial"
22.19	EXP	text_2: color = {"_rgb":[1,0,0]}
22.19	EXP	text_2: contrast = 1
22.19	EXP	text_2: height = 0.15
22.19	EXP	text_2: bold = false
22.19	EXP	text_2: italic = false
22.19	EXP	text_2: alignHoriz = "left"
22.19	EXP	text_2: alignVert = "center"
22.19	EXP	text_2: wrapWidth = 1
22.19	EXP	text_2: flipHoriz = false
22.19	EXP	text_2: flipVert = false
22.19	EXP	Feedback: units = "height"
22.19	EXP	Feedback: ori = 0
22.19	EXP	Feedback: opacity = 1
22.19	EXP	Feedback: pos = [0,0]
22.19	EXP	Feedback: size = undefined
22.19	EXP	Feedback: text = "default text"
22.19	EXP	Feedback: font = "Arial"
22.19	EXP	Feedback: color = {"_rgb":[1,0,0]}
22.19	EXP	Feedback: contrast = 1
22.19	EXP	Feedback: height = 0.15
22.19	EXP	Feedback: bold = false
22.19	EXP	Feedback: italic = false
22.19	EXP	Feedback: alignHoriz = "left"
22.19	EXP	Feedback: alignVert = "center"
22.19	EXP	Feedback: wrapWidth = 1
22.19	EXP	Feedback: flipHoriz = false
22.19	EXP	Feedback: flipVert = false
22.19	EXP	End_text: units = "height"
22.19	EXP	End_text: ori = 0
22.19	EXP	End_text: opacity = 1
22.19	EXP	End_text: pos = [0,0]
22.19	EXP	End_text: size = undefined
22.19	EXP	End_text: text = "This study aimed to look at procedural learning, i.e. our ability to extract patterns from the input that we are constantly receiving. This skill is thought to be essential for language and literacy acquisition and has been suggested as a possible underlying difficult in children with Language Impairments and Dyslexia. This study aims to improve the measures of procedural learning (the smiley face task) so that we can measure procedural learning more reliably and, in the future, analyse the performance of individuals with learning impairments.\nThank you for participating!\n\n----\n\nEste estudo tem como objectivo analisar a nossa capacidade de extrair padrões da informação que estamos constantemente a receber. Pensa-se que esta competência é essencial para a aquisição da linguagem e literacia e foi sugerido que dificuldades neste tipo de competências poderá estar relacionado com perturbações da linguagem e Dislexia. Este estudo tem como objectivo melhorar a estabilidade das medidas usadas para medir este tipo de memória (a tarefa da cara sorridente) de forma a poder medir de forma mais precisa e, no futuro, analisar a performance de indivíduos com perturbações da aprendizagem. \nMuito obrigada por ter participado!"
22.19	EXP	End_text: font = "Arial"
22.19	EXP	End_text: color = {"_hex":"#FFFFFF","_rgb":[1,1,1]}
22.19	EXP	End_text: contrast = 1
22.19	EXP	End_text: height = 0.025
22.19	EXP	End_text: bold = false
22.19	EXP	End_text: italic = false
22.19	EXP	End_text: alignHoriz = "left"
22.19	EXP	End_text: alignVert = "center"
22.19	EXP	End_text: wrapWidth = 1
22.19	EXP	End_text: flipHoriz = false
22.19	EXP	End_text: flipVert = false
22.19	EXP	text: autoDraw = true
36.527	DATA	Keydown:  
36.56	EXP	text: autoDraw = false
36.56	EXP	text_3: autoDraw = true
41.870000000000005	EXP	text_3: autoDraw = false
41.870000000000005	EXP	text_3: autoDraw = false
41.870000000000005	EXP	text_2: autoDraw = true
41.870000000000005	EXP	text_2: text = 0
41.88100000000001	EXP	text_2: text = 30
41.894000000000005	EXP	text_2: text = 42
41.910000000000004	EXP	text_2: text = 55
41.926	EXP	text_2: text = 70
41.940000000000005	EXP	text_2: text = 86
41.95	EXP	text_2: text = 100
41.965	EXP	text_2: text = 114
41.982000000000006	EXP	text_2: text = 131
41.998000000000005	EXP	text_2: text = 147
42.015	EXP	text_2: text = 164
42.033	EXP	text_2: text = 181
42.050000000000004	EXP	text_2: text = 197
42.065000000000005	EXP	text_2: text = 214
42.081	EXP	text_2: text = 230
42.098000000000006	EXP	text_2: text = 247
42.115	EXP	text_2: text = 264
42.133	EXP	text_2: text = 281
42.150000000000006	EXP	text_2: text = 297
42.165000000000006	EXP	text_2: text = 314
42.181000000000004	EXP	text_2: text = 330
42.2	EXP	text_2: text = 348
42.215	EXP	text_2: text = 364
42.232000000000006	EXP	text_2: text = 380
42.236000000000004	DATA	Keydown:  
42.251000000000005	EXP	text_2: text = 397
42.251000000000005	EXP	text_2: autoDraw = false
42.251000000000005	EXP	Feedback: text = 366
42.251000000000005	EXP	Feedback: autoDraw = true
43.248000000000005	EXP	Feedback: autoDraw = false
43.248000000000005	EXP	Feedback: autoDraw = false
43.248000000000005	EXP	text_3: autoDraw = true
50.75600000000001	EXP	text_3: autoDraw = false
50.75600000000001	EXP	text_3: autoDraw = false
50.75600000000001	EXP	text_2: autoDraw = true
50.75600000000001	EXP	text_2: text = 0
50.769000000000005	EXP	text_2: text = 16
50.787000000000006	EXP	text_2: text = 33
50.804	EXP	text_2: text = 50
50.82000000000001	EXP	text_2: text = 66
50.837	EXP	text_2: text = 83
50.853	EXP	text_2: text = 100
50.870000000000005	EXP	text_2: text = 116
50.887	EXP	text_2: text = 133
50.904	EXP	text_2: text = 150
50.919000000000004	EXP	text_2: text = 166
50.937000000000005	EXP	text_2: text = 183
50.953	EXP	text_2: text = 200
50.970000000000006	EXP	text_2: text = 216
50.987	EXP	text_2: text = 233
51.00300000000001	EXP	text_2: text = 250
51.021	EXP	text_2: text = 266
51.036	EXP	text_2: text = 283
51.038000000000004	DATA	Keydown:  
51.053000000000004	EXP	text_2: text = 299
51.053000000000004	EXP	text_2: autoDraw = false
51.053000000000004	EXP	Feedback: text = 282
51.053000000000004	EXP	Feedback: autoDraw = true
52.050000000000004	EXP	Feedback: autoDraw = false
52.050000000000004	EXP	Feedback: autoDraw = false
52.050000000000004	EXP	text_3: autoDraw = true
56.508	EXP	text_3: autoDraw = false
56.508	EXP	text_3: autoDraw = false
56.508	EXP	text_2: autoDraw = true
56.508	EXP	text_2: text = 0
56.522000000000006	EXP	text_2: text = 16
56.539	EXP	text_2: text = 33
56.556000000000004	EXP	text_2: text = 49
56.57300000000001	EXP	text_2: text = 66
56.588	EXP	text_2: text = 82
56.606	EXP	text_2: text = 100
56.62200000000001	EXP	text_2: text = 115
56.64	EXP	text_2: text = 133
56.656000000000006	EXP	text_2: text = 149
56.673	EXP	text_2: text = 166
56.690000000000005	EXP	text_2: text = 183
56.705000000000005	EXP	text_2: text = 199
56.723000000000006	EXP	text_2: text = 216
56.739000000000004	EXP	text_2: text = 233
56.757000000000005	EXP	text_2: text = 249
56.773	EXP	text_2: text = 266
56.790000000000006	EXP	text_2: text = 283
56.792	DATA	Keydown:  
56.80800000000001	EXP	text_2: text = 299
56.80800000000001	EXP	text_2: autoDraw = false
56.80800000000001	EXP	Feedback: text = 284
56.80800000000001	EXP	Feedback: autoDraw = true
57.803000000000004	EXP	Feedback: autoDraw = false
57.803000000000004	EXP	Feedback: autoDraw = false
57.803000000000004	EXP	text_3: autoDraw = true
67.314	EXP	text_3: autoDraw = false
67.314	EXP	text_3: autoDraw = false
67.314	EXP	text_2: autoDraw = true
67.314	EXP	text_2: text = 0
67.327	EXP	text_2: text = 16
67.345	EXP	text_2: text = 33
67.362	EXP	text_2: text = 49
67.377	EXP	text_2: text = 66
67.395	EXP	text_2: text = 83
67.411	EXP	text_2: text = 99
67.428	EXP	text_2: text = 116
67.443	EXP	text_2: text = 133
67.462	EXP	text_2: text = 149
67.478	EXP	text_2: text = 166
67.494	EXP	text_2: text = 183
67.512	EXP	text_2: text = 199
67.52799999999999	EXP	text_2: text = 216
67.544	EXP	text_2: text = 233
67.562	EXP	text_2: text = 250
67.57799999999999	EXP	text_2: text = 266
67.594	EXP	text_2: text = 283
67.599	DATA	Keydown:  
67.612	EXP	text_2: text = 299
67.612	EXP	text_2: autoDraw = false
67.612	EXP	Feedback: text = 286
67.612	EXP	Feedback: autoDraw = true
68.609	EXP	Feedback: autoDraw = false
68.609	EXP	Feedback: autoDraw = false
68.609	EXP	text_3: autoDraw = true
73.39399999999999	EXP	text_3: autoDraw = false
73.39399999999999	EXP	text_3: autoDraw = false
73.39399999999999	EXP	text_2: autoDraw = true
73.39399999999999	EXP	text_2: text = 0
73.404	EXP	text_2: text = 21
73.414	EXP	text_2: text = 31
73.429	EXP	text_2: text = 46
73.446	EXP	text_2: text = 63
73.463	EXP	text_2: text = 80
73.481	EXP	text_2: text = 97
73.496	EXP	text_2: text = 113
73.51299999999999	EXP	text_2: text = 129
73.53099999999999	EXP	text_2: text = 147
73.547	EXP	text_2: text = 163
73.563	EXP	text_2: text = 180
73.582	EXP	text_2: text = 197
73.597	EXP	text_2: text = 214
73.613	EXP	text_2: text = 230
73.631	EXP	text_2: text = 247
73.648	EXP	text_2: text = 264
73.664	EXP	text_2: text = 280
73.67999999999999	EXP	text_2: text = 296
73.698	EXP	text_2: text = 313
73.715	EXP	text_2: text = 331
73.731	EXP	text_2: text = 347
73.74799999999999	EXP	text_2: text = 364
73.765	EXP	text_2: text = 380
73.77	DATA	Keydown:  
73.78399999999999	EXP	text_2: text = 397
73.78399999999999	EXP	text_2: autoDraw = false
73.78399999999999	EXP	Feedback: text = 377
73.78399999999999	EXP	Feedback: autoDraw = true
74.782	EXP	Feedback: autoDraw = false
74.782	EXP	Feedback: autoDraw = false
74.782	EXP	text_3: autoDraw = true
77.752	EXP	text_3: autoDraw = false
77.752	EXP	text_3: autoDraw = false
77.752	EXP	text_2: autoDraw = true
77.752	EXP	text_2: text = 0
77.765	EXP	text_2: text = 16
77.783	EXP	text_2: text = 33
77.8	EXP	text_2: text = 50
77.815	EXP	text_2: text = 66
77.832	EXP	text_2: text = 82
77.85	EXP	text_2: text = 100
77.865	EXP	text_2: text = 116
77.883	EXP	text_2: text = 133
77.89999999999999	EXP	text_2: text = 150
77.916	EXP	text_2: text = 166
77.932	EXP	text_2: text = 183
77.949	EXP	text_2: text = 200
77.966	EXP	text_2: text = 216
77.984	EXP	text_2: text = 233
77.99799999999999	EXP	text_2: text = 249
78.01599999999999	EXP	text_2: text = 266
78.033	EXP	text_2: text = 283
78.03699999999999	DATA	Keydown:  
78.051	EXP	text_2: text = 300
78.051	EXP	text_2: autoDraw = false
78.051	EXP	Feedback: text = 285
78.051	EXP	Feedback: autoDraw = true
79.047	EXP	Feedback: autoDraw = false
79.047	EXP	Feedback: autoDraw = false
79.047	EXP	text_3: autoDraw = true
87.356	EXP	text_3: autoDraw = false
87.356	EXP	text_3: autoDraw = false
87.356	EXP	text_2: autoDraw = true
87.356	EXP	text_2: text = 0
87.37	EXP	text_2: text = 16
87.38799999999999	EXP	text_2: text = 33
87.404	EXP	text_2: text = 49
87.42099999999999	EXP	text_2: text = 66
87.437	EXP	text_2: text = 83
87.45299999999999	EXP	text_2: text = 99
87.471	EXP	text_2: text = 116
87.488	EXP	text_2: text = 133
87.505	EXP	text_2: text = 149
87.521	EXP	text_2: text = 166
87.53699999999999	EXP	text_2: text = 183
87.55499999999999	EXP	text_2: text = 200
87.571	EXP	text_2: text = 216
87.588	EXP	text_2: text = 233
87.604	EXP	text_2: text = 249
87.622	EXP	text_2: text = 266
87.637	EXP	text_2: text = 283
87.655	EXP	text_2: text = 299
87.65899999999999	DATA	Keydown:  
87.67099999999999	EXP	text_2: text = 315
87.67099999999999	EXP	text_2: autoDraw = false
87.67099999999999	EXP	Feedback: text = 303
87.67099999999999	EXP	Feedback: autoDraw = true
88.669	EXP	Feedback: autoDraw = false
88.669	EXP	Feedback: autoDraw = false
88.669	EXP	text_3: autoDraw = true
98.06099999999999	EXP	text_3: autoDraw = false
98.06099999999999	EXP	text_3: autoDraw = false
98.06099999999999	EXP	text_2: autoDraw = true
98.06099999999999	EXP	text_2: text = 0
98.075	EXP	text_2: text = 16
98.093	EXP	text_2: text = 33
98.109	EXP	text_2: text = 49
98.126	EXP	text_2: text = 66
98.143	EXP	text_2: text = 83
98.15899999999999	EXP	text_2: text = 99
98.176	EXP	text_2: text = 116
98.192	EXP	text_2: text = 133
98.21	EXP	text_2: text = 149
98.225	EXP	text_2: text = 166
98.243	EXP	text_2: text = 183
98.259	EXP	text_2: text = 199
98.277	EXP	text_2: text = 216
98.29299999999999	EXP	text_2: text = 233
98.31	EXP	text_2: text = 249
98.326	EXP	text_2: text = 266
98.343	EXP	text_2: text = 283
98.36	EXP	text_2: text = 299
98.376	EXP	text_2: text = 316
98.392	EXP	text_2: text = 333
98.41	EXP	text_2: text = 350
98.414	DATA	Keydown:  
98.426	EXP	text_2: text = 365
98.426	EXP	text_2: autoDraw = false
98.426	EXP	Feedback: text = 353
98.426	EXP	Feedback: autoDraw = true
99.42999999999999	EXP	Feedback: autoDraw = false
99.42999999999999	EXP	Feedback: autoDraw = false
99.42999999999999	EXP	text_3: autoDraw = true
105.723	EXP	text_3: autoDraw = false
105.723	EXP	text_3: autoDraw = false
105.723	EXP	text_2: autoDraw = true
105.723	EXP	text_2: text = 0
105.737	EXP	text_2: text = 22
105.748	EXP	text_2: text = 36
105.762	EXP	text_2: text = 50
105.779	EXP	text_2: text = 66
105.797	EXP	text_2: text = 83
105.813	EXP	text_2: text = 100
105.83	EXP	text_2: text = 117
105.846	EXP	text_2: text = 133
105.863	EXP	text_2: text = 150
105.88	EXP	text_2: text = 167
105.89699999999999	EXP	text_2: text = 183
105.913	EXP	text_2: text = 200
105.92999999999999	EXP	text_2: text = 217
105.946	EXP	text_2: text = 233
105.964	EXP	text_2: text = 250
105.98	EXP	text_2: text = 267
105.996	EXP	text_2: text = 283
106.01299999999999	EXP	text_2: text = 300
106.02799999999999	EXP	text_2: text = 316
106.04599999999999	EXP	text_2: text = 333
106.062	EXP	text_2: text = 350
106.068	DATA	Keydown:  
106.08099999999999	EXP	text_2: text = 366
106.08099999999999	EXP	text_2: autoDraw = false
106.08099999999999	EXP	Feedback: text = 345
106.08099999999999	EXP	Feedback: autoDraw = true
107.077	EXP	Feedback: autoDraw = false
107.077	EXP	Feedback: autoDraw = false
107.077	EXP	text_3: autoDraw = true
115.52	EXP	text_3: autoDraw = false
115.52	EXP	text_3: autoDraw = false
115.52	EXP	text_2: autoDraw = true
115.52	EXP	text_2: text = 0
115.533	EXP	text_2: text = 16
115.551	EXP	text_2: text = 33
115.567	EXP	text_2: text = 50
115.585	EXP	text_2: text = 66
115.6	EXP	text_2: text = 83
115.617	EXP	text_2: text = 100
115.634	EXP	text_2: text = 116
115.651	EXP	text_2: text = 133
115.667	EXP	text_2: text = 150
115.685	EXP	text_2: text = 166
115.7	EXP	text_2: text = 183
115.718	EXP	text_2: text = 200
115.734	EXP	text_2: text = 216
115.751	EXP	text_2: text = 233
115.767	EXP	text_2: text = 250
115.783	EXP	text_2: text = 266
115.79899999999999	EXP	text_2: text = 282
115.816	EXP	text_2: text = 299
115.82	DATA	Keydown:  
115.835	EXP	text_2: text = 316
115.835	EXP	text_2: autoDraw = false
115.835	EXP	Feedback: text = 302
115.835	EXP	Feedback: autoDraw = true
116.832	EXP	Feedback: autoDraw = false
116.832	EXP	Feedback: autoDraw = false
116.832	EXP	text_3: autoDraw = true
122.40599999999999	EXP	text_3: autoDraw = false
122.40599999999999	EXP	text_3: autoDraw = false
122.40599999999999	EXP	text_2: autoDraw = true
122.40599999999999	EXP	text_2: text = 0
122.42	EXP	text_2: text = 16
122.437	EXP	text_2: text = 33
122.45299999999999	EXP	text_2: text = 49
122.471	EXP	text_2: text = 66
122.487	EXP	text_2: text = 83
122.503	EXP	text_2: text = 99
122.521	EXP	text_2: text = 116
122.536	EXP	text_2: text = 132
122.55499999999999	EXP	text_2: text = 149
122.57	EXP	text_2: text = 166
122.588	EXP	text_2: text = 183
122.604	EXP	text_2: text = 199
122.621	EXP	text_2: text = 216
122.638	EXP	text_2: text = 233
122.654	EXP	text_2: text = 249
122.67099999999999	EXP	text_2: text = 266
122.688	EXP	text_2: text = 283
122.705	EXP	text_2: text = 299
122.721	EXP	text_2: text = 316
122.737	EXP	text_2: text = 333
122.754	EXP	text_2: text = 349
122.77	EXP	text_2: text = 365
122.771	DATA	Keydown:  
122.78699999999999	EXP	text_2: text = 382
122.78699999999999	EXP	text_2: autoDraw = false
122.78699999999999	EXP	Feedback: text = 365
122.78699999999999	EXP	Feedback: autoDraw = true
123.783	EXP	Feedback: autoDraw = false
123.783	EXP	Feedback: autoDraw = false
123.783	EXP	text_3: autoDraw = true
133.406	EXP	text_3: autoDraw = false
133.406	EXP	text_3: autoDraw = false
133.406	EXP	text_2: autoDraw = true
133.406	EXP	text_2: text = 0
133.418	EXP	text_2: text = 23
133.42800000000003	EXP	text_2: text = 33
133.442	EXP	text_2: text = 47
133.459	EXP	text_2: text = 63
133.476	EXP	text_2: text = 80
133.49300000000002	EXP	text_2: text = 97
133.50900000000001	EXP	text_2: text = 114
133.526	EXP	text_2: text = 130
133.543	EXP	text_2: text = 147
133.55900000000003	EXP	text_2: text = 163
133.57600000000002	EXP	text_2: text = 180
133.59300000000002	EXP	text_2: text = 197
133.609	EXP	text_2: text = 214
133.627	EXP	text_2: text = 230
133.643	EXP	text_2: text = 247
133.66000000000003	EXP	text_2: text = 263
133.67600000000002	EXP	text_2: text = 280
133.693	EXP	text_2: text = 297
133.71	EXP	text_2: text = 314
133.715	DATA	Keydown:  
133.728	EXP	text_2: text = 330
133.728	EXP	text_2: autoDraw = false
133.728	EXP	Feedback: text = 309
133.728	EXP	Feedback: autoDraw = true
134.726	EXP	Feedback: autoDraw = false
134.726	EXP	Feedback: autoDraw = false
134.726	EXP	text_3: autoDraw = true
140.148	EXP	text_3: autoDraw = false
140.148	EXP	text_3: autoDraw = false
140.148	EXP	text_2: autoDraw = true
140.148	EXP	text_2: text = 0
140.162	EXP	text_2: text = 17
140.17800000000003	EXP	text_2: text = 33
140.19600000000003	EXP	text_2: text = 50
140.21300000000002	EXP	text_2: text = 67
140.229	EXP	text_2: text = 83
140.244	EXP	text_2: text = 99
140.263	EXP	text_2: text = 117
140.27700000000002	EXP	text_2: text = 133
140.29700000000003	EXP	text_2: text = 150
140.312	EXP	text_2: text = 167
140.328	EXP	text_2: text = 183
140.347	EXP	text_2: text = 200
140.36200000000002	EXP	text_2: text = 217
140.37900000000002	EXP	text_2: text = 233
140.395	EXP	text_2: text = 250
140.412	EXP	text_2: text = 267
140.43	EXP	text_2: text = 283
140.447	EXP	text_2: text = 300
140.45000000000002	DATA	Keydown:  
140.46300000000002	EXP	text_2: text = 316
140.46300000000002	EXP	text_2: autoDraw = false
140.46300000000002	EXP	Feedback: text = 302
140.46300000000002	EXP	Feedback: autoDraw = true
141.46	EXP	Feedback: autoDraw = false
141.46	EXP	Feedback: autoDraw = false
141.46	EXP	text_3: autoDraw = true
151.08700000000002	EXP	text_3: autoDraw = false
151.08700000000002	EXP	text_3: autoDraw = false
151.08700000000002	EXP	text_2: autoDraw = true
151.08700000000002	EXP	text_2: text = 0
151.10000000000002	EXP	text_2: text = 16
151.11800000000002	EXP	text_2: text = 33
151.13400000000001	EXP	text_2: text = 49
151.151	EXP	text_2: text = 66
151.168	EXP	text_2: text = 83
151.185	EXP	text_2: text = 99
151.20000000000002	EXP	text_2: text = 116
151.217	EXP	text_2: text = 133
151.234	EXP	text_2: text = 149
151.251	EXP	text_2: text = 166
151.26600000000002	EXP	text_2: text = 182
151.28500000000003	EXP	text_2: text = 200
151.30100000000002	EXP	text_2: text = 216
151.318	EXP	text_2: text = 233
151.334	EXP	text_2: text = 249
151.352	EXP	text_2: text = 266
151.36800000000002	EXP	text_2: text = 283
151.37	DATA	Keydown:  
151.38400000000001	EXP	text_2: text = 299
151.38400000000001	EXP	text_2: autoDraw = false
151.38400000000001	EXP	Feedback: text = 283
151.38400000000001	EXP	Feedback: autoDraw = true
152.381	EXP	Feedback: autoDraw = false
152.381	EXP	Feedback: autoDraw = false
152.381	EXP	text_3: autoDraw = true
155.50500000000002	EXP	text_3: autoDraw = false
155.50500000000002	EXP	text_3: autoDraw = false
155.50500000000002	EXP	text_2: autoDraw = true
155.50500000000002	EXP	text_2: text = 0
155.519	EXP	text_2: text = 16
155.53500000000003	EXP	text_2: text = 32
155.554	EXP	text_2: text = 49
155.57000000000002	EXP	text_2: text = 66
155.585	EXP	text_2: text = 82
155.604	EXP	text_2: text = 99
155.619	EXP	text_2: text = 116
155.63600000000002	EXP	text_2: text = 132
155.65300000000002	EXP	text_2: text = 149
155.668	EXP	text_2: text = 165
155.685	EXP	text_2: text = 182
155.704	EXP	text_2: text = 200
155.71900000000002	EXP	text_2: text = 216
155.73700000000002	EXP	text_2: text = 233
155.75500000000002	EXP	text_2: text = 249
155.769	EXP	text_2: text = 266
155.787	EXP	text_2: text = 283
155.80300000000003	EXP	text_2: text = 299
155.82000000000002	EXP	text_2: text = 316
155.836	EXP	text_2: text = 332
155.851	EXP	text_2: text = 348
155.853	DATA	Keydown:  
155.871	EXP	text_2: text = 366
155.871	EXP	text_2: autoDraw = false
155.871	EXP	Feedback: text = 348
155.871	EXP	Feedback: autoDraw = true
156.86700000000002	EXP	Feedback: autoDraw = false
156.86700000000002	EXP	Feedback: autoDraw = false
156.86700000000002	EXP	text_3: autoDraw = true
165.07000000000002	EXP	text_3: autoDraw = false
165.07000000000002	EXP	text_3: autoDraw = false
165.07000000000002	EXP	text_2: autoDraw = true
165.07000000000002	EXP	text_2: text = 0
165.08100000000002	EXP	text_2: text = 21
165.091	EXP	text_2: text = 32
165.10600000000002	EXP	text_2: text = 46
165.125	EXP	text_2: text = 65
165.14100000000002	EXP	text_2: text = 80
165.157	EXP	text_2: text = 97
165.174	EXP	text_2: text = 113
165.19000000000003	EXP	text_2: text = 130
165.20800000000003	EXP	text_2: text = 147
165.22400000000002	EXP	text_2: text = 163
165.24200000000002	EXP	text_2: text = 180
165.258	EXP	text_2: text = 197
165.275	EXP	text_2: text = 213
165.29100000000003	EXP	text_2: text = 230
165.30700000000002	EXP	text_2: text = 247
165.32500000000002	EXP	text_2: text = 264
165.34	EXP	text_2: text = 280
165.358	EXP	text_2: text = 297
165.375	EXP	text_2: text = 313
165.39000000000001	EXP	text_2: text = 329
165.393	DATA	Keydown:  
165.41000000000003	EXP	text_2: text = 346
165.41000000000003	EXP	text_2: autoDraw = false
165.41000000000003	EXP	Feedback: text = 325
165.41000000000003	EXP	Feedback: autoDraw = true
166.40900000000002	EXP	Feedback: autoDraw = false
166.40900000000002	EXP	Feedback: autoDraw = false
166.40900000000002	EXP	text_3: autoDraw = true
170.876	DATA	Keydown:  
173.04700000000003	EXP	text_3: autoDraw = false
173.04700000000003	EXP	text_3: autoDraw = false
173.04700000000003	EXP	text_2: autoDraw = true
173.04700000000003	EXP	text_2: text = 0
173.06	EXP	text_2: text = 17
173.07700000000003	EXP	text_2: text = 33
173.09500000000003	EXP	text_2: text = 50
173.11200000000002	EXP	text_2: text = 67
173.127	EXP	text_2: text = 83
173.14600000000002	EXP	text_2: text = 100
173.162	EXP	text_2: text = 117
173.17600000000002	EXP	text_2: text = 132
173.19500000000002	EXP	text_2: text = 150
173.21	EXP	text_2: text = 166
173.228	EXP	text_2: text = 183
173.245	EXP	text_2: text = 200
173.263	EXP	text_2: text = 217
173.27700000000002	EXP	text_2: text = 233
173.29600000000002	EXP	text_2: text = 250
173.311	EXP	text_2: text = 267
173.329	EXP	text_2: text = 283
173.34300000000002	EXP	text_2: text = 299
173.34500000000003	DATA	Keydown:  
173.363	EXP	text_2: text = 317
173.363	EXP	text_2: autoDraw = false
173.363	EXP	Feedback: text = 298
173.363	EXP	Feedback: autoDraw = true
174.359	EXP	Feedback: autoDraw = false
174.359	EXP	Feedback: autoDraw = false
174.359	EXP	text_3: autoDraw = true
182.501	EXP	text_3: autoDraw = false
182.501	EXP	text_3: autoDraw = false
182.501	EXP	text_2: autoDraw = true
182.501	EXP	text_2: text = 0
182.51500000000001	EXP	text_2: text = 16
182.532	EXP	text_2: text = 33
182.549	EXP	text_2: text = 49
182.56500000000003	EXP	text_2: text = 66
182.58200000000002	EXP	text_2: text = 82
182.59900000000002	EXP	text_2: text = 99
182.615	EXP	text_2: text = 116
182.633	EXP	text_2: text = 133
182.649	EXP	text_2: text = 149
182.66600000000003	EXP	text_2: text = 166
182.68200000000002	EXP	text_2: text = 183
182.699	EXP	text_2: text = 199
182.717	EXP	text_2: text = 216
182.73200000000003	EXP	text_2: text = 233
182.75	EXP	text_2: text = 250
182.76500000000001	EXP	text_2: text = 266
182.78300000000002	EXP	text_2: text = 283
182.787	DATA	Keydown:  
182.8	EXP	text_2: text = 298
182.8	EXP	text_2: autoDraw = false
182.8	EXP	Feedback: text = 286
182.8	EXP	Feedback: autoDraw = true
183.79700000000003	EXP	Feedback: autoDraw = false
183.79700000000003	EXP	Feedback: autoDraw = false
183.79700000000003	EXP	text_3: autoDraw = true
187.92000000000002	EXP	text_3: autoDraw = false
187.92000000000002	EXP	text_3: autoDraw = false
187.92000000000002	EXP	text_2: autoDraw = true
187.92000000000002	EXP	text_2: text = 0
187.93400000000003	EXP	text_2: text = 16
187.95200000000003	EXP	text_2: text = 33
187.96800000000002	EXP	text_2: text = 50
187.985	EXP	text_2: text = 66
188.002	EXP	text_2: text = 83
188.02	EXP	text_2: text = 100
188.03300000000002	EXP	text_2: text = 115
188.05200000000002	EXP	text_2: text = 133
188.068	EXP	text_2: text = 150
188.084	EXP	text_2: text = 165
188.10100000000003	EXP	text_2: text = 182
188.119	EXP	text_2: text = 200
188.13500000000002	EXP	text_2: text = 216
188.151	EXP	text_2: text = 233
188.169	EXP	text_2: text = 249
188.185	EXP	text_2: text = 266
188.20200000000003	EXP	text_2: text = 283
188.22000000000003	EXP	text_2: text = 300
188.222	DATA	Keydown:  
188.23600000000002	EXP	text_2: text = 315
188.23600000000002	EXP	text_2: autoDraw = false
188.23600000000002	EXP	Feedback: text = 302
188.23600000000002	EXP	Feedback: autoDraw = true
189.239	EXP	Feedback: autoDraw = false
189.239	EXP	Feedback: autoDraw = false
189.239	EXP	text_3: autoDraw = true
198.46800000000002	EXP	text_3: autoDraw = false
198.46800000000002	EXP	text_3: autoDraw = false
198.46800000000002	EXP	text_2: autoDraw = true
198.46800000000002	EXP	text_2: text = 0
198.483	EXP	text_2: text = 23
198.5	EXP	text_2: text = 41
198.51100000000002	EXP	text_2: text = 54
198.523	EXP	text_2: text = 66
198.538	EXP	text_2: text = 81
198.55700000000002	EXP	text_2: text = 99
198.574	EXP	text_2: text = 116
198.592	EXP	text_2: text = 132
198.60500000000002	EXP	text_2: text = 148
198.62300000000002	EXP	text_2: text = 166
198.639	EXP	text_2: text = 181
198.655	EXP	text_2: text = 198
198.673	EXP	text_2: text = 215
198.68900000000002	EXP	text_2: text = 232
198.70600000000002	EXP	text_2: text = 249
198.722	EXP	text_2: text = 265
198.73800000000003	EXP	text_2: text = 281
198.74	DATA	Keydown:  
198.757	EXP	text_2: text = 298
198.757	EXP	text_2: autoDraw = false
198.757	EXP	Feedback: text = 275
198.757	EXP	Feedback: autoDraw = true
199.75300000000001	EXP	Feedback: autoDraw = false
199.75300000000001	EXP	Feedback: autoDraw = false
199.75300000000001	EXP	text_3: autoDraw = true
208.614	EXP	text_3: autoDraw = false
208.614	EXP	text_3: autoDraw = false
208.614	EXP	text_2: autoDraw = true
208.614	EXP	text_2: text = 0
208.627	EXP	text_2: text = 16
208.644	EXP	text_2: text = 33
208.66000000000003	EXP	text_2: text = 49
208.679	EXP	text_2: text = 67
208.69500000000002	EXP	text_2: text = 83
208.71200000000002	EXP	text_2: text = 100
208.729	EXP	text_2: text = 116
208.745	EXP	text_2: text = 133
208.76000000000002	EXP	text_2: text = 149
208.77900000000005	EXP	text_2: text = 167
208.79500000000002	EXP	text_2: text = 183
208.811	EXP	text_2: text = 200
208.828	EXP	text_2: text = 216
208.84500000000003	EXP	text_2: text = 233
208.86200000000002	EXP	text_2: text = 249
208.87900000000002	EXP	text_2: text = 267
208.88400000000001	DATA	Keydown:  
208.89600000000002	EXP	text_2: text = 282
208.89600000000002	EXP	text_2: autoDraw = false
208.89600000000002	EXP	Feedback: text = 270
208.89600000000002	EXP	Feedback: autoDraw = true
209.893	EXP	Feedback: autoDraw = false
209.893	EXP	Feedback: autoDraw = false
209.893	EXP	text_3: autoDraw = true
214.383	EXP	text_3: autoDraw = false
214.383	EXP	text_3: autoDraw = false
214.383	EXP	text_2: autoDraw = true
214.383	EXP	text_2: text = 0
214.39600000000002	EXP	text_2: text = 17
214.41400000000002	EXP	text_2: text = 33
214.431	EXP	text_2: text = 50
214.447	EXP	text_2: text = 67
214.46400000000003	EXP	text_2: text = 83
214.48100000000002	EXP	text_2: text = 100
214.49800000000002	EXP	text_2: text = 117
214.51500000000001	EXP	text_2: text = 133
214.531	EXP	text_2: text = 150
214.54600000000002	EXP	text_2: text = 166
214.56500000000003	EXP	text_2: text = 183
214.58100000000002	EXP	text_2: text = 199
214.596	EXP	text_2: text = 216
214.615	EXP	text_2: text = 233
214.63000000000002	EXP	text_2: text = 250
214.64700000000002	EXP	text_2: text = 267
214.66400000000002	EXP	text_2: text = 282
214.668	DATA	Keydown:  
214.681	EXP	text_2: text = 299
214.681	EXP	text_2: autoDraw = false
214.681	EXP	Feedback: text = 285
214.681	EXP	Feedback: autoDraw = true
215.679	EXP	Feedback: autoDraw = false
215.679	EXP	Feedback: autoDraw = false
215.679	EXP	text_3: autoDraw = true
217.984	EXP	text_3: autoDraw = false
217.984	EXP	text_3: autoDraw = false
217.984	EXP	text_2: autoDraw = true
217.984	EXP	text_2: text = 0
218.00000000000003	EXP	text_2: text = 16
218.01500000000001	EXP	text_2: text = 33
218.03300000000002	EXP	text_2: text = 50
218.05	EXP	text_2: text = 67
218.06400000000002	EXP	text_2: text = 83
218.08300000000003	EXP	text_2: text = 100
218.09900000000002	EXP	text_2: text = 117
218.115	EXP	text_2: text = 133
218.13400000000001	EXP	text_2: text = 150
218.15	EXP	text_2: text = 167
218.16500000000002	EXP	text_2: text = 183
218.18300000000002	EXP	text_2: text = 200
218.199	EXP	text_2: text = 217
218.216	EXP	text_2: text = 233
218.234	EXP	text_2: text = 250
218.24900000000002	EXP	text_2: text = 267
218.26500000000001	EXP	text_2: text = 283
218.28300000000002	EXP	text_2: text = 300
218.299	EXP	text_2: text = 317
218.317	EXP	text_2: text = 333
218.33200000000002	EXP	text_2: text = 350
218.352	EXP	text_2: text = 367
218.365	EXP	text_2: text = 382
218.36700000000002	DATA	Keydown:  
218.383	EXP	text_2: text = 399
218.383	EXP	text_2: autoDraw = false
218.383	EXP	Feedback: text = 383
218.383	EXP	Feedback: autoDraw = true
219.387	EXP	Feedback: autoDraw = false
219.387	EXP	Feedback: autoDraw = false
219.387	EXP	text_3: autoDraw = true
226.23100000000002	EXP	text_3: autoDraw = false
226.23100000000002	EXP	text_3: autoDraw = false
226.23100000000002	EXP	text_2: autoDraw = true
226.23100000000002	EXP	text_2: text = 0
226.247	EXP	text_2: text = 23
226.26100000000002	EXP	text_2: text = 38
226.27200000000002	EXP	text_2: text = 52
226.28500000000003	EXP	text_2: text = 65
226.30300000000003	EXP	text_2: text = 83
226.31900000000002	EXP	text_2: text = 99
226.336	EXP	text_2: text = 116
226.354	EXP	text_2: text = 133
226.37	EXP	text_2: text = 149
226.38700000000003	EXP	text_2: text = 166
226.40300000000002	EXP	text_2: text = 182
226.42000000000002	EXP	text_2: text = 199
226.437	EXP	text_2: text = 216
226.45200000000003	EXP	text_2: text = 232
226.47000000000003	EXP	text_2: text = 249
226.48600000000002	EXP	text_2: text = 265
226.50300000000001	EXP	text_2: text = 282
226.519	EXP	text_2: text = 298
226.538	EXP	text_2: text = 316
226.55200000000002	EXP	text_2: text = 332
226.555	DATA	Keydown:  
226.57100000000003	EXP	text_2: text = 348
226.57100000000003	EXP	text_2: autoDraw = false
226.57100000000003	EXP	Feedback: text = 326
226.57100000000003	EXP	Feedback: autoDraw = true
227.567	EXP	Feedback: autoDraw = false
227.567	EXP	Feedback: autoDraw = false
227.567	EXP	text_3: autoDraw = true
233.42600000000002	EXP	text_3: autoDraw = false
233.42600000000002	EXP	text_3: autoDraw = false
233.42600000000002	EXP	text_2: autoDraw = true
233.42600000000002	EXP	text_2: text = 0
233.43900000000002	EXP	text_2: text = 16
233.45700000000002	EXP	text_2: text = 33
233.473	EXP	text_2: text = 50
233.49	EXP	text_2: text = 66
233.50500000000002	EXP	text_2: text = 82
233.524	EXP	text_2: text = 100
233.53900000000002	EXP	text_2: text = 115
233.55700000000002	EXP	text_2: text = 133
233.573	EXP	text_2: text = 150
233.591	EXP	text_2: text = 166
233.60600000000002	EXP	text_2: text = 182
233.62400000000002	EXP	text_2: text = 200
233.64100000000002	EXP	text_2: text = 216
233.656	EXP	text_2: text = 232
233.67200000000003	EXP	text_2: text = 249
233.68900000000002	EXP	text_2: text = 266
233.705	EXP	text_2: text = 282
233.71200000000002	DATA	Keydown:  
233.727	EXP	text_2: text = 299
233.727	EXP	text_2: autoDraw = false
233.727	EXP	Feedback: text = 286
233.727	EXP	Feedback: autoDraw = true
234.721	EXP	Feedback: autoDraw = false
234.721	EXP	Feedback: autoDraw = false
234.721	EXP	text_3: autoDraw = true
241.28	EXP	text_3: autoDraw = false
241.28	EXP	text_3: autoDraw = false
241.28	EXP	text_2: autoDraw = true
241.28	EXP	text_2: text = 0
241.292	EXP	text_2: text = 16
241.31	EXP	text_2: text = 33
241.32700000000003	EXP	text_2: text = 49
241.342	EXP	text_2: text = 65
241.36100000000002	EXP	text_2: text = 83
241.376	EXP	text_2: text = 99
241.394	EXP	text_2: text = 116
241.411	EXP	text_2: text = 133
241.42800000000003	EXP	text_2: text = 149
241.443	EXP	text_2: text = 166
241.461	EXP	text_2: text = 183
241.477	EXP	text_2: text = 199
241.495	EXP	text_2: text = 216
241.51000000000002	EXP	text_2: text = 233
241.52800000000002	EXP	text_2: text = 249
241.544	EXP	text_2: text = 266
241.549	DATA	Keydown:  
241.572	EXP	text_2: text = 282
241.572	EXP	text_2: autoDraw = false
241.572	EXP	Feedback: text = 269
241.572	EXP	Feedback: autoDraw = true
242.55800000000002	EXP	Feedback: autoDraw = false
242.55800000000002	EXP	Feedback: autoDraw = false
242.55800000000002	EXP	text_3: autoDraw = true
246.062	EXP	text_3: autoDraw = false
246.062	EXP	text_3: autoDraw = false
246.062	EXP	text_2: autoDraw = true
246.062	EXP	text_2: text = 0
246.079	EXP	text_2: text = 17
246.09400000000002	EXP	text_2: text = 34
246.11200000000002	EXP	text_2: text = 51
246.127	EXP	text_2: text = 66
246.14600000000002	EXP	text_2: text = 84
246.163	EXP	text_2: text = 101
246.179	EXP	text_2: text = 118
246.19600000000003	EXP	text_2: text = 134
246.21300000000002	EXP	text_2: text = 151
246.229	EXP	text_2: text = 167
246.246	EXP	text_2: text = 184
246.263	EXP	text_2: text = 201
246.27900000000005	EXP	text_2: text = 217
246.29600000000002	EXP	text_2: text = 234
246.31400000000002	EXP	text_2: text = 251
246.329	EXP	text_2: text = 268
246.347	EXP	text_2: text = 284
246.36100000000002	EXP	text_2: text = 301
246.36800000000002	DATA	Keydown:  
246.38000000000002	EXP	text_2: text = 317
246.38000000000002	EXP	text_2: autoDraw = false
246.38000000000002	EXP	Feedback: text = 306
246.38000000000002	EXP	Feedback: autoDraw = true
247.377	EXP	Feedback: autoDraw = false
247.377	EXP	Feedback: autoDraw = false
247.377	EXP	text_3: autoDraw = true
253.895	EXP	text_3: autoDraw = false
253.895	EXP	text_3: autoDraw = false
253.895	EXP	text_2: autoDraw = true
253.895	EXP	text_2: text = 1
253.906	EXP	text_2: text = 22
253.91600000000003	EXP	text_2: text = 31
253.93200000000002	EXP	text_2: text = 47
253.95000000000002	EXP	text_2: text = 64
253.965	EXP	text_2: text = 80
253.983	EXP	text_2: text = 97
253.99900000000002	EXP	text_2: text = 114
254.01500000000001	EXP	text_2: text = 130
254.03400000000002	EXP	text_2: text = 147
254.05100000000002	EXP	text_2: text = 166
254.06500000000003	EXP	text_2: text = 180
254.084	EXP	text_2: text = 197
254.10000000000002	EXP	text_2: text = 214
254.116	EXP	text_2: text = 230
254.13500000000002	EXP	text_2: text = 247
254.14900000000003	EXP	text_2: text = 264
254.16500000000002	EXP	text_2: text = 280
254.18300000000002	EXP	text_2: text = 297
254.20100000000002	EXP	text_2: text = 314
254.215	EXP	text_2: text = 330
254.233	EXP	text_2: text = 347
254.251	EXP	text_2: text = 364
254.25500000000002	DATA	Keydown:  
254.27	EXP	text_2: text = 380
254.27	EXP	text_2: autoDraw = false
254.27	EXP	Feedback: text = 361
254.27	EXP	Feedback: autoDraw = true
255.26800000000003	EXP	Feedback: autoDraw = false
255.26800000000003	EXP	Feedback: autoDraw = false
255.26800000000003	EXP	text_3: autoDraw = true
263.707	EXP	text_3: autoDraw = false
263.707	EXP	text_3: autoDraw = false
263.707	EXP	text_2: autoDraw = true
263.707	EXP	text_2: text = 0
263.72	EXP	text_2: text = 16
263.738	EXP	text_2: text = 33
263.754	EXP	text_2: text = 49
263.771	EXP	text_2: text = 66
263.788	EXP	text_2: text = 83
263.805	EXP	text_2: text = 100
263.821	EXP	text_2: text = 116
263.838	EXP	text_2: text = 133
263.85400000000004	EXP	text_2: text = 149
263.87100000000004	EXP	text_2: text = 166
263.88800000000003	EXP	text_2: text = 183
263.90500000000003	EXP	text_2: text = 200
263.921	EXP	text_2: text = 216
263.937	EXP	text_2: text = 232
263.95500000000004	EXP	text_2: text = 250
263.97200000000004	EXP	text_2: text = 266
263.988	EXP	text_2: text = 283
263.99100000000004	DATA	Keydown:  
264.00600000000003	EXP	text_2: text = 299
264.00600000000003	EXP	text_2: autoDraw = false
264.00600000000003	EXP	Feedback: text = 284
264.00600000000003	EXP	Feedback: autoDraw = true
265.00100000000003	EXP	Feedback: autoDraw = false
265.00100000000003	EXP	Feedback: autoDraw = false
265.00100000000003	EXP	text_3: autoDraw = true
271.96000000000004	EXP	text_3: autoDraw = false
271.96000000000004	EXP	text_3: autoDraw = false
271.96000000000004	EXP	text_2: autoDraw = true
271.96000000000004	EXP	text_2: text = 0
271.974	EXP	text_2: text = 16
271.99100000000004	EXP	text_2: text = 33
272.00600000000003	EXP	text_2: text = 48
272.02500000000003	EXP	text_2: text = 66
272.041	EXP	text_2: text = 83
272.059	EXP	text_2: text = 99
272.075	EXP	text_2: text = 116
272.09200000000004	EXP	text_2: text = 133
272.107	EXP	text_2: text = 149
272.12600000000003	EXP	text_2: text = 166
272.142	EXP	text_2: text = 183
272.157	EXP	text_2: text = 199
272.17400000000004	EXP	text_2: text = 215
272.19300000000004	EXP	text_2: text = 233
272.208	EXP	text_2: text = 249
272.226	EXP	text_2: text = 266
272.24100000000004	EXP	text_2: text = 283
272.26	EXP	text_2: text = 300
272.274	EXP	text_2: text = 315
272.27500000000003	DATA	Keydown:  
272.291	EXP	text_2: text = 332
272.291	EXP	text_2: autoDraw = false
272.291	EXP	Feedback: text = 315
272.291	EXP	Feedback: autoDraw = true
273.29	EXP	Feedback: autoDraw = false
273.29	EXP	Feedback: autoDraw = false
273.29	EXP	text_3: autoDraw = true
281.72700000000003	EXP	text_3: autoDraw = false
281.72700000000003	EXP	text_3: autoDraw = false
281.72700000000003	EXP	text_2: autoDraw = true
281.72700000000003	EXP	text_2: text = 0
281.738	EXP	text_2: text = 22
281.748	EXP	text_2: text = 32
281.762	EXP	text_2: text = 46
281.779	EXP	text_2: text = 62
281.797	EXP	text_2: text = 81
281.812	EXP	text_2: text = 96
281.83000000000004	EXP	text_2: text = 112
281.846	EXP	text_2: text = 129
281.863	EXP	text_2: text = 146
281.879	EXP	text_2: text = 162
281.896	EXP	text_2: text = 180
281.913	EXP	text_2: text = 196
281.92900000000003	EXP	text_2: text = 212
281.947	EXP	text_2: text = 229
281.963	EXP	text_2: text = 246
281.97900000000004	EXP	text_2: text = 262
281.998	EXP	text_2: text = 280
282.012	EXP	text_2: text = 295
282.029	EXP	text_2: text = 312
282.047	EXP	text_2: text = 329
282.062	EXP	text_2: text = 346
282.08000000000004	EXP	text_2: text = 362
282.095	EXP	text_2: text = 380
282.099	DATA	Keydown:  
282.11600000000004	EXP	text_2: text = 396
282.11600000000004	EXP	text_2: autoDraw = false
282.11600000000004	EXP	Feedback: text = 374
282.11600000000004	EXP	Feedback: autoDraw = true
283.11400000000003	EXP	Feedback: autoDraw = false
283.11400000000003	EXP	Feedback: autoDraw = false
283.11400000000003	EXP	text_3: autoDraw = true
288.16700000000003	EXP	text_3: autoDraw = false
288.16700000000003	EXP	text_3: autoDraw = false
288.16700000000003	EXP	text_2: autoDraw = true
288.16700000000003	EXP	text_2: text = 0
288.183	EXP	text_2: text = 17
288.199	EXP	text_2: text = 34
288.216	EXP	text_2: text = 50
288.233	EXP	text_2: text = 67
288.249	EXP	text_2: text = 83
288.26500000000004	EXP	text_2: text = 100
288.283	EXP	text_2: text = 117
288.29900000000004	EXP	text_2: text = 134
288.315	EXP	text_2: text = 150
288.334	EXP	text_2: text = 167
288.349	EXP	text_2: text = 183
288.36600000000004	EXP	text_2: text = 200
288.385	EXP	text_2: text = 217
288.399	EXP	text_2: text = 233
288.41700000000003	EXP	text_2: text = 250
288.433	EXP	text_2: text = 267
288.45	EXP	text_2: text = 284
288.466	EXP	text_2: text = 300
288.483	EXP	text_2: text = 317
288.5	EXP	text_2: text = 334
288.516	EXP	text_2: text = 349
288.517	DATA	Keydown:  
288.532	EXP	text_2: text = 366
288.532	EXP	text_2: autoDraw = false
288.532	EXP	Feedback: text = 350
288.532	EXP	Feedback: autoDraw = true
289.53000000000003	EXP	Feedback: autoDraw = false
289.53000000000003	EXP	Feedback: autoDraw = false
289.53000000000003	EXP	text_3: autoDraw = true
298.923	EXP	text_3: autoDraw = false
298.923	EXP	text_3: autoDraw = false
298.923	EXP	text_2: autoDraw = true
298.923	EXP	text_2: text = 0
298.938	EXP	text_2: text = 16
298.95500000000004	EXP	text_2: text = 33
298.97	EXP	text_2: text = 49
298.988	EXP	text_2: text = 66
299.004	EXP	text_2: text = 83
299.02	EXP	text_2: text = 99
299.03700000000003	EXP	text_2: text = 116
299.05600000000004	EXP	text_2: text = 133
299.071	EXP	text_2: text = 149
299.088	EXP	text_2: text = 166
299.105	EXP	text_2: text = 183
299.12100000000004	EXP	text_2: text = 199
299.13800000000003	EXP	text_2: text = 216
299.15500000000003	EXP	text_2: text = 233
299.172	EXP	text_2: text = 249
299.188	EXP	text_2: text = 266
299.20500000000004	EXP	text_2: text = 283
299.22	EXP	text_2: text = 298
299.23900000000003	EXP	text_2: text = 316
299.254	EXP	text_2: text = 332
299.25800000000004	DATA	Keydown:  
299.271	EXP	text_2: text = 348
299.271	EXP	text_2: autoDraw = false
299.271	EXP	Feedback: text = 335
299.271	EXP	Feedback: autoDraw = true
300.26800000000003	EXP	Feedback: autoDraw = false
300.26800000000003	EXP	Feedback: autoDraw = false
300.26800000000003	EXP	text_3: autoDraw = true
309.82300000000004	EXP	text_3: autoDraw = false
309.82300000000004	EXP	text_3: autoDraw = false
309.82300000000004	EXP	text_2: autoDraw = true
309.82300000000004	EXP	text_2: text = 0
309.833	EXP	text_2: text = 22
309.844	EXP	text_2: text = 32
309.858	EXP	text_2: text = 46
309.877	EXP	text_2: text = 63
309.89300000000003	EXP	text_2: text = 80
309.91200000000003	EXP	text_2: text = 97
309.925	EXP	text_2: text = 113
309.94300000000004	EXP	text_2: text = 130
309.961	EXP	text_2: text = 148
309.976	EXP	text_2: text = 163
309.993	EXP	text_2: text = 180
310.01	EXP	text_2: text = 197
310.028	EXP	text_2: text = 213
310.043	EXP	text_2: text = 230
310.06	EXP	text_2: text = 247
310.07800000000003	EXP	text_2: text = 263
310.091	EXP	text_2: text = 279
310.112	EXP	text_2: text = 297
310.12600000000003	EXP	text_2: text = 313
310.14300000000003	EXP	text_2: text = 330
310.16	EXP	text_2: text = 347
310.17600000000004	EXP	text_2: text = 363
310.195	EXP	text_2: text = 380
310.209	EXP	text_2: text = 396
310.212	DATA	Keydown:  
310.228	EXP	text_2: text = 412
310.228	EXP	text_2: autoDraw = false
310.228	EXP	Feedback: text = 392
310.228	EXP	Feedback: autoDraw = true
311.225	EXP	Feedback: autoDraw = false
311.225	EXP	Feedback: autoDraw = false
311.225	EXP	text_3: autoDraw = true
314.13	EXP	text_3: autoDraw = false
314.13	EXP	text_3: autoDraw = false
314.13	EXP	text_2: autoDraw = true
314.13	EXP	text_2: text = 0
314.144	EXP	text_2: text = 17
314.161	EXP	text_2: text = 34
314.178	EXP	text_2: text = 50
314.195	EXP	text_2: text = 67
314.211	EXP	text_2: text = 84
314.22700000000003	EXP	text_2: text = 100
314.245	EXP	text_2: text = 117
314.262	EXP	text_2: text = 134
314.278	EXP	text_2: text = 150
314.296	EXP	text_2: text = 167
314.312	EXP	text_2: text = 184
314.32800000000003	EXP	text_2: text = 200
314.345	EXP	text_2: text = 217
314.362	EXP	text_2: text = 234
314.37800000000004	EXP	text_2: text = 250
314.396	EXP	text_2: text = 267
314.411	EXP	text_2: text = 284
314.42900000000003	EXP	text_2: text = 300
314.444	EXP	text_2: text = 316
314.462	EXP	text_2: text = 334
314.464	DATA	Keydown:  
314.47900000000004	EXP	text_2: text = 350
314.47900000000004	EXP	text_2: autoDraw = false
314.47900000000004	EXP	Feedback: text = 334
314.47900000000004	EXP	Feedback: autoDraw = true
315.475	EXP	Feedback: autoDraw = false
315.475	EXP	Feedback: autoDraw = false
315.475	EXP	text_3: autoDraw = true
324.71700000000004	EXP	text_3: autoDraw = false
324.71700000000004	EXP	text_3: autoDraw = false
324.71700000000004	EXP	text_2: autoDraw = true
324.71700000000004	EXP	text_2: text = 0
324.733	EXP	text_2: text = 18
324.749	EXP	text_2: text = 34
324.766	EXP	text_2: text = 51
324.783	EXP	text_2: text = 68
324.8	EXP	text_2: text = 84
324.817	EXP	text_2: text = 101
324.834	EXP	text_2: text = 117
324.85	EXP	text_2: text = 134
324.867	EXP	text_2: text = 151
324.884	EXP	text_2: text = 168
324.90000000000003	EXP	text_2: text = 184
324.91700000000003	EXP	text_2: text = 201
324.934	EXP	text_2: text = 217
324.949	EXP	text_2: text = 234
324.96700000000004	EXP	text_2: text = 251
324.98400000000004	EXP	text_2: text = 268
325	EXP	text_2: text = 284
325.00300000000004	DATA	Keydown:  
325.016	EXP	text_2: text = 300
325.016	EXP	text_2: autoDraw = false
325.016	EXP	Feedback: text = 286
325.016	EXP	Feedback: autoDraw = true
326.014	EXP	Feedback: autoDraw = false
326.014	EXP	Feedback: autoDraw = false
326.014	EXP	text_3: autoDraw = true
335.958	EXP	text_3: autoDraw = false
335.958	EXP	text_3: autoDraw = false
335.958	EXP	text_2: autoDraw = true
335.958	EXP	text_2: text = 0
335.971	EXP	text_2: text = 16
335.98900000000003	EXP	text_2: text = 33
336.004	EXP	text_2: text = 49
336.022	EXP	text_2: text = 66
336.038	EXP	text_2: text = 83
336.05400000000003	EXP	text_2: text = 99
336.074	EXP	text_2: text = 116
336.088	EXP	text_2: text = 132
336.106	EXP	text_2: text = 149
336.124	EXP	text_2: text = 166
336.13800000000003	EXP	text_2: text = 182
336.156	EXP	text_2: text = 200
336.172	EXP	text_2: text = 216
336.19	EXP	text_2: text = 233
336.204	EXP	text_2: text = 249
336.223	EXP	text_2: text = 266
336.23900000000003	EXP	text_2: text = 283
336.24100000000004	DATA	Keydown:  
336.25800000000004	EXP	text_2: text = 300
336.25800000000004	EXP	text_2: autoDraw = false
336.25800000000004	EXP	Feedback: text = 283
336.25800000000004	EXP	Feedback: autoDraw = true
337.285	EXP	Feedback: autoDraw = false
337.285	EXP	Feedback: autoDraw = false
337.285	EXP	End_text: autoDraw = true
352.396	DATA	Keydown:  
