0.11898500006645918	EXP	Created Window = Window( name=Window, fullscr=true, color=#000000, units=height, waitBlanking=true, autoLog=true, size=[661,721] )
4.370055000064895	DATA	Keydown: Shift
4.467524999985471	DATA	Keydown: M
4.671184999984689	DATA	Keydown: W
6.004354999982752	DATA	Keydown: 3
6.250750000006519	DATA	Keydown: 3
7.1706799999810755	DATA	Keydown: 6
7.320674999966286	DATA	Keydown: 6
7.487025000038557	DATA	Keydown: 7
10.664059999980964	EXP	Created text = TextStim( name=text, win=Window( name=Window, fullscr=true, color=#000000, ~), autoDraw=null, autoLog=true, units=height, ori=null, opacity=1, pos=[0,0], size=undefined, text=INSTRUCTIONS [EN]


A counter will appear and star~, font=Arial, color=#FFFFFF, contrast=1, height=0.03, bold=null, italic=null, alignHoriz=left, alignVert=center, wrapWidth=1, flipHoriz=null, flipVert=null )
10.666225000051782	EXP	Created text_3 = TextStim( name=text_3, win=Window( name=Window, fullscr=true, color=#000000, ~), autoDraw=null, autoLog=true, units=height, ori=null, opacity=1, pos=[0,0], size=undefined, text=null, font=Arial, color=#FFFFFF, contrast=1, height=0.1, bold=null, italic=null, alignHoriz=left, alignVert=center, wrapWidth=1, flipHoriz=null, flipVert=null )
10.668180000036955	EXP	Created text_2 = TextStim( name=text_2, win=Window( name=Window, fullscr=true, color=#000000, ~), autoDraw=null, autoLog=true, units=height, ori=null, opacity=1, pos=[0,0], size=undefined, text=default text, font=Arial, color=#ff0000, contrast=1, height=0.15, bold=null, italic=null, alignHoriz=left, alignVert=center, wrapWidth=1, flipHoriz=null, flipVert=null )
10.66910000005737	EXP	Created Feedback = TextStim( name=Feedback, win=Window( name=Window, fullscr=true, color=#000000, ~), autoDraw=null, autoLog=true, units=height, ori=null, opacity=1, pos=[0,0], size=undefined, text=default text, font=Arial, color=#ff0000, contrast=1, height=0.15, bold=null, italic=null, alignHoriz=left, alignVert=center, wrapWidth=1, flipHoriz=null, flipVert=null )
10.669974999967963	EXP	Created End_text = TextStim( name=End_text, win=Window( name=Window, fullscr=true, color=#000000, ~), autoDraw=null, autoLog=true, units=height, ori=null, opacity=1, pos=[0,0], size=undefined, text=This study aimed to look at procedural learning, i~, font=Arial, color=#FFFFFF, contrast=1, height=0.025, bold=null, italic=null, alignHoriz=left, alignVert=center, wrapWidth=1, flipHoriz=null, flipVert=null )
10.7440700000152	EXP	text: units = "height"
10.7440700000152	EXP	text: ori = 0
10.7440700000152	EXP	text: opacity = 1
10.7440700000152	EXP	text: pos = [0,0]
10.7440700000152	EXP	text: size = undefined
10.7440700000152	EXP	text: text = "INSTRUCTIONS [EN]\n\n\nA counter will appear and start counting at random times, press SPACE as fast as possible when it appears.\n\n\nPress SPACE to start\n\n-------\n\nInstruções [PT]\n\n\nUm cronómetro vai aparecer e começar a contar aleatoriamente, pressione a tecla SPACE assim que ele aparecer.\n\n\nPressiona SPACE para começar."
10.7440700000152	EXP	text: font = "Arial"
10.7440700000152	EXP	text: color = {"_hex":"#FFFFFF","_rgb":[1,1,1]}
10.7440700000152	EXP	text: contrast = 1
10.7440700000152	EXP	text: height = 0.03
10.7440700000152	EXP	text: bold = false
10.7440700000152	EXP	text: italic = false
10.7440700000152	EXP	text: alignHoriz = "left"
10.7440700000152	EXP	text: alignVert = "center"
10.7440700000152	EXP	text: wrapWidth = 1
10.7440700000152	EXP	text: flipHoriz = false
10.7440700000152	EXP	text: flipVert = false
10.7440700000152	EXP	text_3: units = "height"
10.7440700000152	EXP	text_3: ori = 0
10.7440700000152	EXP	text_3: opacity = 1
10.7440700000152	EXP	text_3: pos = [0,0]
10.7440700000152	EXP	text_3: size = undefined
10.7440700000152	EXP	text_3: text = ""
10.7440700000152	EXP	text_3: font = "Arial"
10.7440700000152	EXP	text_3: color = {"_hex":"#FFFFFF","_rgb":[1,1,1]}
10.7440700000152	EXP	text_3: contrast = 1
10.7440700000152	EXP	text_3: height = 0.1
10.7440700000152	EXP	text_3: bold = false
10.7440700000152	EXP	text_3: italic = false
10.7440700000152	EXP	text_3: alignHoriz = "left"
10.7440700000152	EXP	text_3: alignVert = "center"
10.7440700000152	EXP	text_3: wrapWidth = 1
10.7440700000152	EXP	text_3: flipHoriz = false
10.7440700000152	EXP	text_3: flipVert = false
10.7440700000152	EXP	text_2: units = "height"
10.7440700000152	EXP	text_2: ori = 0
10.7440700000152	EXP	text_2: opacity = 1
10.7440700000152	EXP	text_2: pos = [0,0]
10.7440700000152	EXP	text_2: size = undefined
10.7440700000152	EXP	text_2: text = "default text"
10.7440700000152	EXP	text_2: font = "Arial"
10.7440700000152	EXP	text_2: color = {"_rgb":[1,0,0]}
10.7440700000152	EXP	text_2: contrast = 1
10.7440700000152	EXP	text_2: height = 0.15
10.7440700000152	EXP	text_2: bold = false
10.7440700000152	EXP	text_2: italic = false
10.7440700000152	EXP	text_2: alignHoriz = "left"
10.7440700000152	EXP	text_2: alignVert = "center"
10.7440700000152	EXP	text_2: wrapWidth = 1
10.7440700000152	EXP	text_2: flipHoriz = false
10.7440700000152	EXP	text_2: flipVert = false
10.7440700000152	EXP	Feedback: units = "height"
10.7440700000152	EXP	Feedback: ori = 0
10.7440700000152	EXP	Feedback: opacity = 1
10.7440700000152	EXP	Feedback: pos = [0,0]
10.7440700000152	EXP	Feedback: size = undefined
10.7440700000152	EXP	Feedback: text = "default text"
10.7440700000152	EXP	Feedback: font = "Arial"
10.7440700000152	EXP	Feedback: color = {"_rgb":[1,0,0]}
10.7440700000152	EXP	Feedback: contrast = 1
10.7440700000152	EXP	Feedback: height = 0.15
10.7440700000152	EXP	Feedback: bold = false
10.7440700000152	EXP	Feedback: italic = false
10.7440700000152	EXP	Feedback: alignHoriz = "left"
10.7440700000152	EXP	Feedback: alignVert = "center"
10.7440700000152	EXP	Feedback: wrapWidth = 1
10.7440700000152	EXP	Feedback: flipHoriz = false
10.7440700000152	EXP	Feedback: flipVert = false
10.7440700000152	EXP	End_text: units = "height"
10.7440700000152	EXP	End_text: ori = 0
10.7440700000152	EXP	End_text: opacity = 1
10.7440700000152	EXP	End_text: pos = [0,0]
10.7440700000152	EXP	End_text: size = undefined
10.7440700000152	EXP	End_text: text = "This study aimed to look at procedural learning, i.e. our ability to extract patterns from the input that we are constantly receiving. This skill is thought to be essential for language and literacy acquisition and has been suggested as a possible underlying difficult in children with Language Impairments and Dyslexia. This study aims to improve the measures of procedural learning (the smiley face task) so that we can measure procedural learning more reliably and, in the future, analyse the performance of individuals with learning impairments.\nThank you for participating!\n\n----\n\nEste estudo tem como objectivo analisar a nossa capacidade de extrair padrões da informação que estamos constantemente a receber. Pensa-se que esta competência é essencial para a aquisição da linguagem e literacia e foi sugerido que dificuldades neste tipo de competências poderá estar relacionado com perturbações da linguagem e Dislexia. Este estudo tem como objectivo melhorar a estabilidade das medidas usadas para medir este tipo de memória (a tarefa da cara sorridente) de forma a poder medir de forma mais precisa e, no futuro, analisar a performance de indivíduos com perturbações da aprendizagem. \nMuito obrigada por ter participado!"
10.7440700000152	EXP	End_text: font = "Arial"
10.7440700000152	EXP	End_text: color = {"_hex":"#FFFFFF","_rgb":[1,1,1]}
10.7440700000152	EXP	End_text: contrast = 1
10.7440700000152	EXP	End_text: height = 0.025
10.7440700000152	EXP	End_text: bold = false
10.7440700000152	EXP	End_text: italic = false
10.7440700000152	EXP	End_text: alignHoriz = "left"
10.7440700000152	EXP	End_text: alignVert = "center"
10.7440700000152	EXP	End_text: wrapWidth = 1
10.7440700000152	EXP	End_text: flipHoriz = false
10.7440700000152	EXP	End_text: flipVert = false
10.7440700000152	EXP	text: autoDraw = true
17.33871000004001	DATA	Keydown:  
17.361709999968298	EXP	text: autoDraw = false
17.361709999968298	EXP	text_3: autoDraw = true
26.01534000004176	EXP	text_3: autoDraw = false
26.01534000004176	EXP	text_3: autoDraw = false
26.01534000004176	EXP	text_2: autoDraw = true
26.01534000004176	EXP	text_2: text = 0
26.042920000036247	EXP	text_2: text = 65
26.059439999982715	EXP	text_2: text = 81
26.075949999969453	EXP	text_2: text = 97
26.094185000052676	EXP	text_2: text = 115
26.107124999980442	EXP	text_2: text = 131
26.12711500003934	EXP	text_2: text = 150
26.141745000029914	EXP	text_2: text = 166
26.160965000046417	EXP	text_2: text = 184
26.17787000001408	EXP	text_2: text = 201
26.19479500001762	EXP	text_2: text = 217
26.208650000044145	EXP	text_2: text = 231
26.224700000020675	EXP	text_2: text = 248
26.243099999963306	EXP	text_2: text = 269
26.258200000040233	EXP	text_2: text = 282
26.276689999969676	EXP	text_2: text = 302
26.29232500004582	EXP	text_2: text = 315
26.30699499999173	EXP	text_2: text = 332
26.324454999994487	EXP	text_2: text = 348
26.346795000019483	EXP	text_2: text = 367
26.356389999971725	DATA	Keydown:  
26.371870000031777	EXP	text_2: text = 393
26.371870000031777	EXP	text_2: autoDraw = false
26.371870000031777	EXP	Feedback: text = 343
26.371870000031777	EXP	Feedback: autoDraw = true
27.364075000048615	EXP	Feedback: autoDraw = false
27.364075000048615	EXP	Feedback: autoDraw = false
27.364075000048615	EXP	text_3: autoDraw = true
30.447775000007823	DATA	Mouse: 0 button down, pos=(321.34765625,300.75)
30.51588000007905	DATA	Mouse: 0 button down, pos=(321.34765625,301.00390625)
37.08183500007726	EXP	text_3: autoDraw = false
37.08183500007726	EXP	text_3: autoDraw = false
37.08183500007726	EXP	text_2: autoDraw = true
37.08183500007726	EXP	text_2: text = 0
37.096035000053234	EXP	text_2: text = 16
37.114234999986365	EXP	text_2: text = 33
37.129509999998845	EXP	text_2: text = 50
37.146565000060946	EXP	text_2: text = 66
37.16291499999352	EXP	text_2: text = 83
37.17943999997806	EXP	text_2: text = 100
37.19726499996614	EXP	text_2: text = 117
37.21281499997713	EXP	text_2: text = 132
37.22947999997996	EXP	text_2: text = 150
37.248230000026524	EXP	text_2: text = 168
37.265095000038855	EXP	text_2: text = 186
37.28215500002261	EXP	text_2: text = 200
37.29743000003509	EXP	text_2: text = 217
37.313335000071675	EXP	text_2: text = 233
37.32945499999914	EXP	text_2: text = 250
37.34587499999907	EXP	text_2: text = 268
37.36528000002727	EXP	text_2: text = 283
37.37942000001203	EXP	text_2: text = 300
37.39708000002429	EXP	text_2: text = 317
37.41513500001747	EXP	text_2: text = 337
37.43304000003263	EXP	text_2: text = 350
37.4486250000773	EXP	text_2: text = 369
37.46556000004057	EXP	text_2: text = 385
37.48328499996569	EXP	text_2: text = 400
37.48550000006799	DATA	Keydown:  
37.498305000015534	EXP	text_2: text = 416
37.498305000015534	EXP	text_2: autoDraw = false
37.498305000015534	EXP	Feedback: text = 404
37.498305000015534	EXP	Feedback: autoDraw = true
38.49588499998208	EXP	Feedback: autoDraw = false
38.49588499998208	EXP	Feedback: autoDraw = false
38.49588499998208	EXP	text_3: autoDraw = true
44.88441000005696	EXP	text_3: autoDraw = false
44.88441000005696	EXP	text_3: autoDraw = false
44.88441000005696	EXP	text_2: autoDraw = true
44.88441000005696	EXP	text_2: text = 0
44.90006999997422	EXP	text_2: text = 17
44.92026000004262	EXP	text_2: text = 33
44.93589500000235	EXP	text_2: text = 51
44.95156499999575	EXP	text_2: text = 66
44.96611500007566	EXP	text_2: text = 82
44.98322499997448	EXP	text_2: text = 99
45.00030000007246	EXP	text_2: text = 116
45.01584999996703	EXP	text_2: text = 133
45.03460500005167	EXP	text_2: text = 150
45.04913000005763	EXP	text_2: text = 166
45.06793000001926	EXP	text_2: text = 183
45.085100000025705	EXP	text_2: text = 200
45.101140000042506	EXP	text_2: text = 217
45.11961000005249	EXP	text_2: text = 234
45.13378000003286	EXP	text_2: text = 251
45.150215000030585	EXP	text_2: text = 266
45.16677000001073	EXP	text_2: text = 283
45.18809000006877	EXP	text_2: text = 300
45.18985500000417	DATA	Keydown:  
45.203229999984615	EXP	text_2: text = 317
45.203229999984615	EXP	text_2: autoDraw = false
45.203229999984615	EXP	Feedback: text = 306
45.203229999984615	EXP	Feedback: autoDraw = true
46.20142499997746	EXP	Feedback: autoDraw = false
46.20142499997746	EXP	Feedback: autoDraw = false
46.20142499997746	EXP	text_3: autoDraw = true
51.810255000018515	DATA	Keydown:  
55.04106000007596	EXP	text_3: autoDraw = false
55.04106000007596	EXP	text_3: autoDraw = false
55.04106000007596	EXP	text_2: autoDraw = true
55.04106000007596	EXP	text_2: text = 0
55.0546500000637	EXP	text_2: text = 15
55.07124499999918	EXP	text_2: text = 32
55.0905700000003	EXP	text_2: text = 50
55.104370000073686	EXP	text_2: text = 65
55.1205150000751	EXP	text_2: text = 82
55.1422550000716	EXP	text_2: text = 98
55.154270000057295	EXP	text_2: text = 115
55.17399500007741	EXP	text_2: text = 133
55.188070000032894	EXP	text_2: text = 149
55.20504000002984	EXP	text_2: text = 167
55.22120500006713	EXP	text_2: text = 182
55.23906499997247	EXP	text_2: text = 201
55.25789000000805	EXP	text_2: text = 217
55.27245499996934	EXP	text_2: text = 234
55.28827000001911	EXP	text_2: text = 249
55.30763499997556	EXP	text_2: text = 269
55.322240000008605	EXP	text_2: text = 283
55.34042999998201	EXP	text_2: text = 302
55.356455000001006	EXP	text_2: text = 318
55.37307500001043	EXP	text_2: text = 332
55.38870000001043	EXP	text_2: text = 349
55.40637500002049	EXP	text_2: text = 365
55.42405000003055	EXP	text_2: text = 382
55.44041500007734	EXP	text_2: text = 399
55.45564000005834	EXP	text_2: text = 416
55.479780000052415	EXP	text_2: text = 436
55.5075450000586	EXP	text_2: text = 470
55.523340000072494	EXP	text_2: text = 482
55.53930000006221	EXP	text_2: text = 500
55.55388999998104	EXP	text_2: text = 515
55.571624999982305	EXP	text_2: text = 532
55.578835000051185	DATA	Keydown:  
55.5922300000675	EXP	text_2: text = 554
55.5922300000675	EXP	text_2: autoDraw = false
55.5922300000675	EXP	Feedback: text = 538
55.5922300000675	EXP	Feedback: autoDraw = true
56.58879499998875	EXP	Feedback: autoDraw = false
56.58879499998875	EXP	Feedback: autoDraw = false
56.58879499998875	EXP	text_3: autoDraw = true
58.97611499996856	EXP	text_3: autoDraw = false
58.97611499996856	EXP	text_3: autoDraw = false
58.97611499996856	EXP	text_2: autoDraw = true
58.97611499996856	EXP	text_2: text = 0
58.98982000001706	EXP	text_2: text = 15
59.00758500001393	EXP	text_2: text = 34
59.02300499996636	EXP	text_2: text = 48
59.04135000007227	EXP	text_2: text = 66
59.05853500007652	EXP	text_2: text = 82
59.07252000004519	EXP	text_2: text = 99
59.09211500000674	EXP	text_2: text = 116
59.10660499997903	EXP	text_2: text = 132
59.12421999999788	EXP	text_2: text = 149
59.139755000011064	EXP	text_2: text = 165
59.15692500001751	EXP	text_2: text = 182
59.17345000000205	EXP	text_2: text = 199
59.18964500003494	EXP	text_2: text = 215
59.209084999980405	EXP	text_2: text = 233
59.225100000039674	EXP	text_2: text = 251
59.23926499998197	EXP	text_2: text = 265
59.25982000003569	EXP	text_2: text = 282
59.277514999965206	EXP	text_2: text = 302
59.28914500004612	EXP	text_2: text = 315
59.308105000061914	EXP	text_2: text = 332
59.3236250000773	EXP	text_2: text = 350
59.340870000072755	EXP	text_2: text = 365
59.35712499998044	EXP	text_2: text = 382
59.374055000022054	EXP	text_2: text = 399
59.391470000031404	EXP	text_2: text = 417
59.40775999997277	EXP	text_2: text = 434
59.42497499997262	EXP	text_2: text = 448
59.43989000003785	EXP	text_2: text = 466
59.45651499996893	EXP	text_2: text = 482
59.45944500004407	DATA	Keydown:  
59.4756950000301	EXP	text_2: text = 498
59.4756950000301	EXP	text_2: autoDraw = false
59.4756950000301	EXP	Feedback: text = 483
59.4756950000301	EXP	Feedback: autoDraw = true
60.47203000006266	EXP	Feedback: autoDraw = false
60.47203000006266	EXP	Feedback: autoDraw = false
60.47203000006266	EXP	text_3: autoDraw = true
69.99669499997981	EXP	text_3: autoDraw = false
69.99669499997981	EXP	text_3: autoDraw = false
69.99669499997981	EXP	text_2: autoDraw = true
69.99669499997981	EXP	text_2: text = 0
70.01098500005901	EXP	text_2: text = 16
70.02876000001561	EXP	text_2: text = 33
70.04477500007488	EXP	text_2: text = 50
70.06402499997057	EXP	text_2: text = 66
70.0785400000168	EXP	text_2: text = 83
70.09435999998823	EXP	text_2: text = 99
70.11290000006557	EXP	text_2: text = 116
70.12814000004437	EXP	text_2: text = 133
70.14701000007335	EXP	text_2: text = 149
70.16057499998715	EXP	text_2: text = 166
70.1790350000374	EXP	text_2: text = 183
70.19399499997962	EXP	text_2: text = 200
70.21238500007894	EXP	text_2: text = 218
70.23042500007432	EXP	text_2: text = 232
70.24322000006214	EXP	text_2: text = 250
70.26150500006042	EXP	text_2: text = 266
70.28532500006258	EXP	text_2: text = 283
70.31594000000041	EXP	text_2: text = 322
70.32782000000589	EXP	text_2: text = 333
70.3515550000593	EXP	text_2: text = 352
70.35372000001371	DATA	Keydown:  
70.38065000006463	EXP	text_2: text = 386
70.38065000006463	EXP	text_2: autoDraw = false
70.38065000006463	EXP	Feedback: text = 357
70.38065000006463	EXP	Feedback: autoDraw = true
71.37728000001516	EXP	Feedback: autoDraw = false
71.37728000001516	EXP	Feedback: autoDraw = false
71.37728000001516	EXP	text_3: autoDraw = true
79.38358500006143	EXP	text_3: autoDraw = false
79.38358500006143	EXP	text_3: autoDraw = false
79.38358500006143	EXP	text_2: autoDraw = true
79.38358500006143	EXP	text_2: text = 0
79.40141000004951	EXP	text_2: text = 16
79.41668000002392	EXP	text_2: text = 35
79.43244000000414	EXP	text_2: text = 50
79.45144500001334	EXP	text_2: text = 67
79.46613499999512	EXP	text_2: text = 84
79.48422500002198	EXP	text_2: text = 101
79.50134499999695	EXP	text_2: text = 119
79.51621999999043	EXP	text_2: text = 135
79.53298999997787	EXP	text_2: text = 151
79.55004500003997	EXP	text_2: text = 169
79.5696750000352	EXP	text_2: text = 184
79.5842100000009	EXP	text_2: text = 199
79.59976500004996	EXP	text_2: text = 216
79.62893999996595	EXP	text_2: text = 239
79.63108000007924	DATA	Keydown:  
79.65358499996364	EXP	text_2: text = 271
79.65358499996364	EXP	text_2: autoDraw = false
79.65358499996364	EXP	Feedback: text = 248
79.65358499996364	EXP	Feedback: autoDraw = true
80.65094500000123	EXP	Feedback: autoDraw = false
80.65094500000123	EXP	Feedback: autoDraw = false
80.65094500000123	EXP	text_3: autoDraw = true
83.43570999999065	EXP	text_3: autoDraw = false
83.43570999999065	EXP	text_3: autoDraw = false
83.43570999999065	EXP	text_2: autoDraw = true
83.43570999999065	EXP	text_2: text = 0
83.45319999998901	EXP	text_2: text = 16
83.46828500006814	EXP	text_2: text = 32
83.48496999999043	EXP	text_2: text = 50
83.50263000000268	EXP	text_2: text = 67
83.51803500007372	EXP	text_2: text = 85
83.53471999999601	EXP	text_2: text = 100
83.55177000002004	EXP	text_2: text = 116
83.56871500005946	EXP	text_2: text = 134
83.58636000007391	EXP	text_2: text = 150
83.60060000000522	EXP	text_2: text = 166
83.62108499999158	EXP	text_2: text = 184
83.6370449999813	EXP	text_2: text = 204
83.65038999996614	EXP	text_2: text = 216
83.6672200000612	EXP	text_2: text = 233
83.68568500003312	EXP	text_2: text = 250
83.70599000004586	EXP	text_2: text = 266
83.70737499999814	DATA	Keydown:  
83.71897499996703	EXP	text_2: text = 283
83.71897499996703	EXP	text_2: autoDraw = false
83.71897499996703	EXP	Feedback: text = 272
83.71897499996703	EXP	Feedback: autoDraw = true
84.71795500000007	EXP	Feedback: autoDraw = false
84.71795500000007	EXP	Feedback: autoDraw = false
84.71795500000007	EXP	text_3: autoDraw = true
88.55533500004094	EXP	text_3: autoDraw = false
88.55533500004094	EXP	text_3: autoDraw = false
88.55533500004094	EXP	text_2: autoDraw = true
88.55533500004094	EXP	text_2: text = 0
88.57012499996927	EXP	text_2: text = 16
88.58884500002023	EXP	text_2: text = 33
88.60317999997642	EXP	text_2: text = 50
88.62392000004184	EXP	text_2: text = 67
88.63725500006694	EXP	text_2: text = 83
88.65380500000902	EXP	text_2: text = 100
88.67087999999058	EXP	text_2: text = 116
88.68759500002488	EXP	text_2: text = 133
88.70487500005402	EXP	text_2: text = 151
88.72076000005472	EXP	text_2: text = 167
88.73682500002906	EXP	text_2: text = 183
88.75667999999132	EXP	text_2: text = 203
88.76978500001132	EXP	text_2: text = 217
88.78880500001833	EXP	text_2: text = 234
88.80539500003215	EXP	text_2: text = 253
88.81198500003666	DATA	Keydown:  
88.8217650000006	EXP	text_2: text = 268
88.8217650000006	EXP	text_2: autoDraw = false
88.8217650000006	EXP	Feedback: text = 257
88.8217650000006	EXP	Feedback: autoDraw = true
89.82061000005342	EXP	Feedback: autoDraw = false
89.82061000005342	EXP	Feedback: autoDraw = false
89.82061000005342	EXP	text_3: autoDraw = true
92.87277000001632	DATA	Keydown:  
95.0817350000143	DATA	Keydown:  
98.16414500004612	DATA	Keydown:  
99.06171500007622	EXP	text_3: autoDraw = false
99.06171500007622	EXP	text_3: autoDraw = false
99.06171500007622	EXP	text_2: autoDraw = true
99.06171500007622	EXP	text_2: text = 0
99.07408499997109	EXP	text_2: text = 16
99.09510500007309	EXP	text_2: text = 33
99.10867500002496	EXP	text_2: text = 49
99.12491500005126	EXP	text_2: text = 66
99.14399999997113	EXP	text_2: text = 83
99.15908000001218	EXP	text_2: text = 100
99.17739500000607	EXP	text_2: text = 117
99.19538499996997	EXP	text_2: text = 137
99.21229499997571	EXP	text_2: text = 152
99.22940499999095	EXP	text_2: text = 166
99.2421050000703	EXP	text_2: text = 183
99.26316500001121	EXP	text_2: text = 201
99.27531499997713	EXP	text_2: text = 216
99.29339999996591	EXP	text_2: text = 235
99.3112100000726	EXP	text_2: text = 254
99.32543500000611	EXP	text_2: text = 266
99.34334000002127	EXP	text_2: text = 286
99.360975000076	EXP	text_2: text = 303
99.37595000001602	EXP	text_2: text = 316
99.39561500004493	EXP	text_2: text = 338
99.41044999996666	EXP	text_2: text = 350
99.41191500006244	DATA	Keydown:  
99.43028500000946	EXP	text_2: text = 371
99.43028500000946	EXP	text_2: autoDraw = false
99.43028500000946	EXP	Feedback: text = 350
99.43028500000946	EXP	Feedback: autoDraw = true
100.4267000000691	EXP	Feedback: autoDraw = false
100.4267000000691	EXP	Feedback: autoDraw = false
100.4267000000691	EXP	text_3: autoDraw = true
105.01468000002205	DATA	Keydown:  
107.68309499998577	EXP	text_3: autoDraw = false
107.68309499998577	EXP	text_3: autoDraw = false
107.68309499998577	EXP	text_2: autoDraw = true
107.68309499998577	EXP	text_2: text = 0
107.6966249999823	EXP	text_2: text = 16
107.71354500006419	EXP	text_2: text = 32
107.72955499996897	EXP	text_2: text = 49
107.74675000004936	EXP	text_2: text = 66
107.7643350000726	EXP	text_2: text = 81
107.77942000003532	EXP	text_2: text = 99
107.79731499997433	EXP	text_2: text = 118
107.81501999998	EXP	text_2: text = 136
107.83045500004664	EXP	text_2: text = 150
107.84903000004124	EXP	text_2: text = 171
107.86432000005152	EXP	text_2: text = 182
107.8800400000764	EXP	text_2: text = 199
107.89702999999281	EXP	text_2: text = 217
107.91396000003442	EXP	text_2: text = 233
107.93291500001214	EXP	text_2: text = 251
107.94672500004526	EXP	text_2: text = 265
107.96311500004958	EXP	text_2: text = 282
107.98341500002425	EXP	text_2: text = 304
107.99717500002589	EXP	text_2: text = 316
108.01509500003885	EXP	text_2: text = 334
108.03180500003509	EXP	text_2: text = 349
108.04720500006806	EXP	text_2: text = 366
108.06273500004318	EXP	text_2: text = 382
108.08030000003055	EXP	text_2: text = 400
108.0981150000589	EXP	text_2: text = 416
108.11427500005811	EXP	text_2: text = 433
108.1293800000567	EXP	text_2: text = 449
108.14881499996409	EXP	text_2: text = 466
108.16370500007179	EXP	text_2: text = 483
108.18153499998152	EXP	text_2: text = 499
108.19691000005696	EXP	text_2: text = 516
108.21379499998875	EXP	text_2: text = 532
108.2320100000361	EXP	text_2: text = 550
108.24228500004392	DATA	Keydown:  
108.25000500003807	EXP	text_2: text = 570
108.25000500003807	EXP	text_2: autoDraw = false
108.25000500003807	EXP	Feedback: text = 559
108.25000500003807	EXP	Feedback: autoDraw = true
109.24820999999065	EXP	Feedback: autoDraw = false
109.24820999999065	EXP	Feedback: autoDraw = false
109.24820999999065	EXP	text_3: autoDraw = true
113.06951499998104	DATA	Keydown:  
113.57122000004165	DATA	Keydown:  
114.23998000007123	DATA	Keydown:  
114.649059999967	DATA	Keydown:  
114.90168000000995	DATA	Keydown:  
115.05582500004675	DATA	Keydown:  
115.20162499998696	DATA	Keydown:  
115.33256500004791	DATA	Keydown:  
115.76849499996752	DATA	Keydown:  
116.27503000001889	DATA	Keydown:  
116.62115000002086	EXP	text_3: autoDraw = false
116.62115000002086	EXP	text_3: autoDraw = false
116.62115000002086	EXP	text_2: autoDraw = true
116.62115000002086	EXP	text_2: text = 0
116.63202999997884	EXP	text_2: text = 16
116.6528999999864	EXP	text_2: text = 34
116.66667499998584	EXP	text_2: text = 50
116.68483000004198	EXP	text_2: text = 66
116.70263499999419	EXP	text_2: text = 85
116.71708500001114	EXP	text_2: text = 99
116.73531999997795	EXP	text_2: text = 117
116.75025500007905	EXP	text_2: text = 133
116.76790500001516	EXP	text_2: text = 149
116.78615499997977	EXP	text_2: text = 167
116.80037000006996	EXP	text_2: text = 184
116.81918500002939	EXP	text_2: text = 200
116.83541000005789	EXP	text_2: text = 219
116.85239000001457	EXP	text_2: text = 234
116.86962000001222	EXP	text_2: text = 252
116.8827150000725	EXP	text_2: text = 266
116.90029999997932	EXP	text_2: text = 282
116.91758000000846	EXP	text_2: text = 299
116.93309499998577	EXP	text_2: text = 316
116.95238500006963	EXP	text_2: text = 333
116.96819499996491	EXP	text_2: text = 351
116.98647500004154	EXP	text_2: text = 368
117.00048000004608	EXP	text_2: text = 383
117.01787500001956	EXP	text_2: text = 400
117.036764999968	EXP	text_2: text = 417
117.05180999997538	EXP	text_2: text = 434
117.06975999998394	EXP	text_2: text = 450
117.08423000003677	EXP	text_2: text = 467
117.10164000000805	EXP	text_2: text = 483
117.11921500007156	EXP	text_2: text = 501
117.13352500007022	EXP	text_2: text = 516
117.1540700000478	EXP	text_2: text = 533
117.16725000005681	EXP	text_2: text = 550
117.18469000002369	EXP	text_2: text = 567
117.20230500004254	EXP	text_2: text = 583
117.20509000006132	DATA	Keydown:  
117.21843999996781	EXP	text_2: text = 600
117.21843999996781	EXP	text_2: autoDraw = false
117.21843999996781	EXP	Feedback: text = 584
117.21843999996781	EXP	Feedback: autoDraw = true
118.21762500004843	EXP	Feedback: autoDraw = false
118.21762500004843	EXP	Feedback: autoDraw = false
118.21762500004843	EXP	text_3: autoDraw = true
121.03916000004392	EXP	text_3: autoDraw = false
121.03916000004392	EXP	text_3: autoDraw = false
121.03916000004392	EXP	text_2: autoDraw = true
121.03916000004392	EXP	text_2: text = 0
121.05214000004344	EXP	text_2: text = 15
121.07412000000477	EXP	text_2: text = 37
121.08483000006527	EXP	text_2: text = 49
121.10197499999776	EXP	text_2: text = 66
121.12130500003695	EXP	text_2: text = 83
121.13803999999072	EXP	text_2: text = 103
121.15432500001043	EXP	text_2: text = 116
121.16905000002589	EXP	text_2: text = 133
121.18601499998476	EXP	text_2: text = 150
121.20244500006083	EXP	text_2: text = 166
121.21990999998525	EXP	text_2: text = 185
121.2381250000326	EXP	text_2: text = 200
121.25826500006951	EXP	text_2: text = 216
121.27075500006322	EXP	text_2: text = 236
121.28703999996651	EXP	text_2: text = 250
121.30356999998912	EXP	text_2: text = 267
121.3221500000218	EXP	text_2: text = 283
121.33678000001237	EXP	text_2: text = 300
121.3524599999655	EXP	text_2: text = 316
121.37251000001561	EXP	text_2: text = 337
121.38523000001442	EXP	text_2: text = 349
121.40497999999207	EXP	text_2: text = 366
121.41975000000093	EXP	text_2: text = 383
121.43596000003163	EXP	text_2: text = 400
121.4560899999924	EXP	text_2: text = 416
121.4689500000095	EXP	text_2: text = 433
121.4882000000216	EXP	text_2: text = 450
121.502919999999	EXP	text_2: text = 466
121.51973000005819	EXP	text_2: text = 483
121.53661000006832	EXP	text_2: text = 500
121.55293500004336	EXP	text_2: text = 517
121.57183000002988	EXP	text_2: text = 533
121.58714000007603	EXP	text_2: text = 551
121.60275000007823	EXP	text_2: text = 566
121.61993499996606	EXP	text_2: text = 583
121.63945999997668	EXP	text_2: text = 600
121.65428000001702	EXP	text_2: text = 616
121.6693400000222	EXP	text_2: text = 633
121.68693500000518	EXP	text_2: text = 651
121.7027399999788	EXP	text_2: text = 667
121.71958999999333	EXP	text_2: text = 683
121.74043999996502	EXP	text_2: text = 700
121.75393999996595	EXP	text_2: text = 716
121.7702050000662	EXP	text_2: text = 735
121.79003000003286	EXP	text_2: text = 749
121.80519500002265	EXP	text_2: text = 766
121.82232999999542	EXP	text_2: text = 783
121.836115000071	EXP	text_2: text = 799
121.85343999997713	EXP	text_2: text = 816
121.87009500002023	EXP	text_2: text = 834
121.88673999998719	EXP	text_2: text = 851
121.9046850000741	EXP	text_2: text = 866
121.92041000002064	EXP	text_2: text = 885
121.93588500004262	EXP	text_2: text = 899
121.95464000001084	EXP	text_2: text = 917
121.97067499998957	EXP	text_2: text = 933
121.98823500005528	EXP	text_2: text = 951
122.0033650000114	EXP	text_2: text = 967
122.02191999997012	EXP	text_2: text = 984
122.02369499998167	DATA	Keydown:  
122.0375350000104	EXP	text_2: text = 1000
122.0375350000104	EXP	text_2: autoDraw = false
122.0375350000104	EXP	Feedback: text = 985
122.0375350000104	EXP	Feedback: autoDraw = true
123.03903500002343	EXP	Feedback: autoDraw = false
123.03903500002343	EXP	Feedback: autoDraw = false
123.03903500002343	EXP	text_3: autoDraw = true
125.97227999998722	EXP	text_3: autoDraw = false
125.97227999998722	EXP	text_3: autoDraw = false
125.97227999998722	EXP	text_2: autoDraw = true
125.97227999998722	EXP	text_2: text = 0
125.99269500002265	EXP	text_2: text = 16
126.00505500007421	EXP	text_2: text = 32
126.02069500007201	EXP	text_2: text = 49
126.03992500004824	EXP	text_2: text = 66
126.05326000007335	EXP	text_2: text = 82
126.07132500002626	EXP	text_2: text = 99
126.08917000005022	EXP	text_2: text = 117
126.10453500004951	EXP	text_2: text = 132
126.1235100000631	EXP	text_2: text = 149
126.13760999997612	EXP	text_2: text = 165
126.15759499999695	EXP	text_2: text = 183
126.17144000006374	EXP	text_2: text = 199
126.18926500005182	EXP	text_2: text = 216
126.2062750000041	EXP	text_2: text = 235
126.22172500006855	EXP	text_2: text = 250
126.23846000002231	EXP	text_2: text = 266
126.25494500005152	EXP	text_2: text = 282
126.27136000001337	EXP	text_2: text = 299
126.29055000003427	EXP	text_2: text = 316
126.30472500005271	EXP	text_2: text = 333
126.32757500000298	EXP	text_2: text = 351
126.35519500006922	EXP	text_2: text = 384
126.37309999996796	EXP	text_2: text = 400
126.38884999998845	EXP	text_2: text = 416
126.4058649999788	EXP	text_2: text = 433
126.4223200000124	EXP	text_2: text = 450
126.43757499998901	EXP	text_2: text = 466
126.45927500003017	EXP	text_2: text = 486
126.46590499999002	DATA	Keydown:  
126.4934249999933	EXP	text_2: text = 521
126.4934249999933	EXP	text_2: autoDraw = false
126.4934249999933	EXP	Feedback: text = 494
126.4934249999933	EXP	Feedback: autoDraw = true
127.49020000000019	EXP	Feedback: autoDraw = false
127.49020000000019	EXP	Feedback: autoDraw = false
127.49020000000019	EXP	text_3: autoDraw = true
129.87785000004806	EXP	text_3: autoDraw = false
129.87785000004806	EXP	text_3: autoDraw = false
129.87785000004806	EXP	text_2: autoDraw = true
129.87785000004806	EXP	text_2: text = 0
129.89107500005048	EXP	text_2: text = 16
129.907050000038	EXP	text_2: text = 33
129.92540499998722	EXP	text_2: text = 49
129.9399899999844	EXP	text_2: text = 66
129.95657500007655	EXP	text_2: text = 82
129.97393500001635	EXP	text_2: text = 101
129.9909350000089	EXP	text_2: text = 118
130.00747499999125	EXP	text_2: text = 133
130.02415499999188	EXP	text_2: text = 151
130.04084500006866	EXP	text_2: text = 165
130.0570300000254	EXP	text_2: text = 183
130.07263499998953	EXP	text_2: text = 199
130.09140500007197	EXP	text_2: text = 216
130.10646500007715	EXP	text_2: text = 233
130.12323000002652	EXP	text_2: text = 249
130.1413800000446	EXP	text_2: text = 268
130.1571750000585	EXP	text_2: text = 282
130.17504500003997	EXP	text_2: text = 299
130.1934749999782	EXP	text_2: text = 319
130.20319500006735	DATA	Keydown:  
130.21706499997526	EXP	text_2: text = 338
130.21706499997526	EXP	text_2: autoDraw = false
130.21706499997526	EXP	Feedback: text = 325
130.21706499997526	EXP	Feedback: autoDraw = true
131.2073650000384	EXP	Feedback: autoDraw = false
131.2073650000384	EXP	Feedback: autoDraw = false
131.2073650000384	EXP	text_3: autoDraw = true
134.34531999996398	EXP	text_3: autoDraw = false
134.34531999996398	EXP	text_3: autoDraw = false
134.34531999996398	EXP	text_2: autoDraw = true
134.34531999996398	EXP	text_2: text = 0
134.3596649999963	EXP	text_2: text = 15
134.3760600000387	EXP	text_2: text = 32
134.39274000003934	EXP	text_2: text = 50
134.40859000000637	EXP	text_2: text = 66
134.4267450000625	EXP	text_2: text = 83
134.44107000005897	EXP	text_2: text = 99
134.46146999998018	EXP	text_2: text = 116
134.4752350000199	EXP	text_2: text = 132
134.49272500001825	EXP	text_2: text = 149
134.5104200000642	EXP	text_2: text = 166
134.52571000007447	EXP	text_2: text = 182
134.54317000007723	EXP	text_2: text = 200
134.559505000012	EXP	text_2: text = 215
134.57637000002433	EXP	text_2: text = 233
134.5942900000373	EXP	text_2: text = 250
134.6078550000675	EXP	text_2: text = 265
134.62780500005465	EXP	text_2: text = 282
134.64114500000142	EXP	text_2: text = 298
134.66194500005804	EXP	text_2: text = 316
134.66320000006817	DATA	Keydown:  
134.67725499998778	EXP	text_2: text = 332
134.67725499998778	EXP	text_2: autoDraw = false
134.67725499998778	EXP	Feedback: text = 318
134.67725499998778	EXP	Feedback: autoDraw = true
135.6798500000732	EXP	Feedback: autoDraw = false
135.6798500000732	EXP	Feedback: autoDraw = false
135.6798500000732	EXP	text_3: autoDraw = true
141.89633500005584	DATA	Keydown:  
143.9966349999886	DATA	Keydown:  
144.96812500001397	DATA	Keydown:  
145.4332750000758	EXP	text_3: autoDraw = false
145.4332750000758	EXP	text_3: autoDraw = false
145.4332750000758	EXP	text_2: autoDraw = true
145.4332750000758	EXP	text_2: text = 0
145.4481950000627	EXP	text_2: text = 17
145.46655999997165	EXP	text_2: text = 34
145.48082000005525	EXP	text_2: text = 50
145.49722500005737	EXP	text_2: text = 68
145.51690499996766	EXP	text_2: text = 85
145.53008499997668	EXP	text_2: text = 101
145.54774000006728	EXP	text_2: text = 117
145.5644350000657	EXP	text_2: text = 133
145.5820750000421	EXP	text_2: text = 152
145.60045500006527	EXP	text_2: text = 167
145.6153799999738	EXP	text_2: text = 184
145.6340349999955	EXP	text_2: text = 201
145.64717999997083	EXP	text_2: text = 217
145.66537000006065	EXP	text_2: text = 234
145.68329499999527	EXP	text_2: text = 251
145.70241000002716	EXP	text_2: text = 269
145.72976000001654	EXP	text_2: text = 300
145.74764000007417	EXP	text_2: text = 317
145.7639650000492	EXP	text_2: text = 334
145.78367000003345	EXP	text_2: text = 352
145.7861050000647	DATA	Keydown:  
145.80140500003472	EXP	text_2: text = 368
145.80140500003472	EXP	text_2: autoDraw = false
145.80140500003472	EXP	Feedback: text = 353
145.80140500003472	EXP	Feedback: autoDraw = true
146.7974000000395	EXP	Feedback: autoDraw = false
146.7974000000395	EXP	Feedback: autoDraw = false
146.7974000000395	EXP	text_3: autoDraw = true
156.12265500007197	DATA	Keydown:  
156.4059450000059	EXP	text_3: autoDraw = false
156.4059450000059	EXP	text_3: autoDraw = false
156.4059450000059	EXP	text_2: autoDraw = true
156.4059450000059	EXP	text_2: text = 0
156.41898000007495	EXP	text_2: text = 16
156.43646500003524	EXP	text_2: text = 35
156.4528799999971	EXP	text_2: text = 50
156.4695800000336	EXP	text_2: text = 67
156.48634499998298	EXP	text_2: text = 83
156.50183500000276	EXP	text_2: text = 100
156.52066000003833	EXP	text_2: text = 116
156.53702000004705	EXP	text_2: text = 133
156.5536350000184	EXP	text_2: text = 151
156.57024000003003	EXP	text_2: text = 166
156.58517500001471	EXP	text_2: text = 183
156.60345499997493	EXP	text_2: text = 200
156.6188250000123	EXP	text_2: text = 216
156.6362000000663	EXP	text_2: text = 233
156.65673499996774	EXP	text_2: text = 250
156.6695400000317	EXP	text_2: text = 266
156.68933500000276	EXP	text_2: text = 284
156.70339000003878	EXP	text_2: text = 300
156.7214099999983	EXP	text_2: text = 317
156.7375699999975	EXP	text_2: text = 333
156.75250000006054	EXP	text_2: text = 350
156.76999499998055	EXP	text_2: text = 367
156.78671000001486	EXP	text_2: text = 383
156.80192500003614	EXP	text_2: text = 400
156.80650499998592	DATA	Keydown:  
156.8226700000232	EXP	text_2: text = 417
156.8226700000232	EXP	text_2: autoDraw = false
156.8226700000232	EXP	Feedback: text = 401
156.8226700000232	EXP	Feedback: autoDraw = true
157.81998999998905	EXP	Feedback: autoDraw = false
157.81998999998905	EXP	Feedback: autoDraw = false
157.81998999998905	EXP	text_3: autoDraw = true
160.9558599999873	EXP	text_3: autoDraw = false
160.9558599999873	EXP	text_3: autoDraw = false
160.9558599999873	EXP	text_2: autoDraw = true
160.9558599999873	EXP	text_2: text = 0
160.97245000000112	EXP	text_2: text = 17
160.9888000000501	EXP	text_2: text = 33
161.0058849999914	EXP	text_2: text = 52
161.02418499998748	EXP	text_2: text = 67
161.03813000000082	EXP	text_2: text = 83
161.05619500007015	EXP	text_2: text = 100
161.0739000000758	EXP	text_2: text = 118
161.0876050000079	EXP	text_2: text = 134
161.10643000004347	EXP	text_2: text = 150
161.1216949999798	EXP	text_2: text = 167
161.1387850000756	EXP	text_2: text = 183
161.15502000006381	EXP	text_2: text = 200
161.171474999981	EXP	text_2: text = 217
161.1907549999887	EXP	text_2: text = 233
161.20802500005811	EXP	text_2: text = 250
161.22647500003222	EXP	text_2: text = 270
161.24294000002556	EXP	text_2: text = 290
161.25675000005867	EXP	text_2: text = 300
161.2745199999772	EXP	text_2: text = 322
161.28937999997288	EXP	text_2: text = 335
161.3067700000247	EXP	text_2: text = 353
161.32195999997202	EXP	text_2: text = 367
161.3377750000218	EXP	text_2: text = 383
161.357730000047	EXP	text_2: text = 401
161.37128000007942	EXP	text_2: text = 417
161.3897949999664	EXP	text_2: text = 434
161.41503500007093	EXP	text_2: text = 450
161.4168650000356	DATA	Keydown:  
161.44133000005968	EXP	text_2: text = 483
161.44133000005968	EXP	text_2: autoDraw = false
161.44133000005968	EXP	Feedback: text = 461
161.44133000005968	EXP	Feedback: autoDraw = true
162.438225000049	EXP	Feedback: autoDraw = false
162.438225000049	EXP	Feedback: autoDraw = false
162.438225000049	EXP	text_3: autoDraw = true
164.8065550000174	DATA	Keydown:  
166.50899500004016	DATA	Keydown:  
170.34651000006124	DATA	Keydown:  
171.40995000000112	EXP	text_3: autoDraw = false
171.40995000000112	EXP	text_3: autoDraw = false
171.40995000000112	EXP	text_2: autoDraw = true
171.40995000000112	EXP	text_2: text = 0
171.42691000003833	EXP	text_2: text = 17
171.44400500005577	EXP	text_2: text = 34
171.46139499999117	EXP	text_2: text = 49
171.47593499999493	EXP	text_2: text = 66
171.49443000007886	EXP	text_2: text = 86
171.51167999999598	EXP	text_2: text = 100
171.52783000003546	EXP	text_2: text = 117
171.54540499998257	EXP	text_2: text = 137
171.55822000000626	EXP	text_2: text = 149
171.57750000001397	EXP	text_2: text = 168
171.59507999999914	EXP	text_2: text = 185
171.61016500007827	EXP	text_2: text = 200
171.63049500004854	EXP	text_2: text = 216
171.6446500000311	EXP	text_2: text = 235
171.66606499999762	EXP	text_2: text = 252
171.69757000007667	EXP	text_2: text = 285
171.69890499999747	DATA	Keydown:  
171.71181000000797	EXP	text_2: text = 300
171.71181000000797	EXP	text_2: autoDraw = false
171.71181000000797	EXP	Feedback: text = 289
171.71181000000797	EXP	Feedback: autoDraw = true
172.71165000007022	EXP	Feedback: autoDraw = false
172.71165000007022	EXP	Feedback: autoDraw = false
172.71165000007022	EXP	text_3: autoDraw = true
177.38581000000704	DATA	Mouse: 0 button down, pos=(344.23046875,437.9609375)
177.49704499996733	DATA	Mouse: 0 button down, pos=(336.390625,433.1171875)
182.09924000001047	EXP	text_3: autoDraw = false
182.09924000001047	EXP	text_3: autoDraw = false
182.09924000001047	EXP	text_2: autoDraw = true
182.09924000001047	EXP	text_2: text = 0
182.1163050000323	EXP	text_2: text = 16
182.13286999997217	EXP	text_2: text = 34
182.14914500003215	EXP	text_2: text = 50
182.16499499999918	EXP	text_2: text = 67
182.18309499998577	EXP	text_2: text = 84
182.1983950000722	EXP	text_2: text = 100
182.21642499999143	EXP	text_2: text = 117
182.2323350000661	EXP	text_2: text = 134
182.24819499999285	EXP	text_2: text = 151
182.26699000003282	EXP	text_2: text = 168
182.28046000003815	EXP	text_2: text = 184
182.30279500002507	EXP	text_2: text = 201
182.31711499998346	EXP	text_2: text = 218
182.33198999997694	EXP	text_2: text = 234
182.34986000007484	EXP	text_2: text = 250
182.36568499996793	EXP	text_2: text = 268
182.3824200000381	EXP	text_2: text = 283
182.3980150000425	EXP	text_2: text = 301
182.41610999999102	EXP	text_2: text = 318
182.43319000001065	EXP	text_2: text = 334
182.44897500006482	EXP	text_2: text = 351
182.4666150000412	EXP	text_2: text = 367
182.48190500005148	EXP	text_2: text = 384
182.48719500005245	DATA	Keydown:  
182.499124999973	EXP	text_2: text = 400
182.499124999973	EXP	text_2: autoDraw = false
182.499124999973	EXP	Feedback: text = 388
182.499124999973	EXP	Feedback: autoDraw = true
183.4995399999898	EXP	Feedback: autoDraw = false
183.4995399999898	EXP	Feedback: autoDraw = false
183.4995399999898	EXP	text_3: autoDraw = true
186.41847500007134	DATA	Keydown:  
188.00280500005465	EXP	text_3: autoDraw = false
188.00280500005465	EXP	text_3: autoDraw = false
188.00280500005465	EXP	text_2: autoDraw = true
188.00280500005465	EXP	text_2: text = 0
188.02081500005443	EXP	text_2: text = 15
188.0352450000355	EXP	text_2: text = 32
188.0533750000177	EXP	text_2: text = 48
188.06763499998488	EXP	text_2: text = 64
188.08475000003818	EXP	text_2: text = 81
188.10220500000287	EXP	text_2: text = 99
188.1188550000079	EXP	text_2: text = 114
188.1383850000566	EXP	text_2: text = 136
188.15236000006553	EXP	text_2: text = 148
188.1689400000032	EXP	text_2: text = 166
188.18621499999426	EXP	text_2: text = 185
188.20111000002362	EXP	text_2: text = 198
188.22005000000354	EXP	text_2: text = 219
188.23498499998823	EXP	text_2: text = 231
188.2517050000606	EXP	text_2: text = 248
188.25760999997146	DATA	Keydown:  
188.268945000018	EXP	text_2: text = 265
188.268945000018	EXP	text_2: autoDraw = false
188.268945000018	EXP	Feedback: text = 255
188.268945000018	EXP	Feedback: autoDraw = true
189.26873500004876	EXP	Feedback: autoDraw = false
189.26873500004876	EXP	Feedback: autoDraw = false
189.26873500004876	EXP	text_3: autoDraw = true
193.44253500003833	DATA	Keydown:  
196.17494499997701	DATA	Keydown:  
196.840280000004	EXP	text_3: autoDraw = false
196.840280000004	EXP	text_3: autoDraw = false
196.840280000004	EXP	text_2: autoDraw = true
196.840280000004	EXP	text_2: text = 0
196.85678999999072	EXP	text_2: text = 15
196.8714499999769	EXP	text_2: text = 32
196.8883500000229	EXP	text_2: text = 48
196.90697999997064	EXP	text_2: text = 66
196.92318499996327	EXP	text_2: text = 83
196.94087000004947	EXP	text_2: text = 100
196.95602000004146	EXP	text_2: text = 116
196.97281000006478	EXP	text_2: text = 132
196.98927999997977	EXP	text_2: text = 148
197.0058849999914	EXP	text_2: text = 165
197.0233100000769	EXP	text_2: text = 182
197.03896000003442	EXP	text_2: text = 198
197.0565550000174	EXP	text_2: text = 216
197.07419000007212	EXP	text_2: text = 232
197.0883600000525	EXP	text_2: text = 249
197.10649500007275	EXP	text_2: text = 265
197.1123549999902	DATA	Keydown:  
197.12338500004262	EXP	text_2: text = 283
197.12338500004262	EXP	text_2: autoDraw = false
197.12338500004262	EXP	Feedback: text = 272
197.12338500004262	EXP	Feedback: autoDraw = true
198.12106500007212	EXP	Feedback: autoDraw = false
198.12106500007212	EXP	Feedback: autoDraw = false
198.12106500007212	EXP	text_3: autoDraw = true
202.79273500002455	EXP	text_3: autoDraw = false
202.79273500002455	EXP	text_3: autoDraw = false
202.79273500002455	EXP	text_2: autoDraw = true
202.79273500002455	EXP	text_2: text = 0
202.8086599999806	EXP	text_2: text = 16
202.82446500007063	EXP	text_2: text = 34
202.84214500000235	EXP	text_2: text = 52
202.8602200000314	EXP	text_2: text = 67
202.8743999999715	EXP	text_2: text = 83
202.89271000004373	EXP	text_2: text = 101
202.91048500000034	EXP	text_2: text = 118
202.9247800000012	EXP	text_2: text = 134
202.94329500000458	EXP	text_2: text = 150
202.95842999999877	EXP	text_2: text = 168
202.97441000002436	EXP	text_2: text = 183
202.99320000002626	EXP	text_2: text = 202
203.0075300000608	EXP	text_2: text = 217
203.027854999993	EXP	text_2: text = 234
203.0411750000203	EXP	text_2: text = 249
203.0593949999893	EXP	text_2: text = 268
203.07882000005338	EXP	text_2: text = 285
203.09200499998406	EXP	text_2: text = 301
203.09531999996398	DATA	Keydown:  
203.11118999996688	EXP	text_2: text = 317
203.11118999996688	EXP	text_2: autoDraw = false
203.11118999996688	EXP	Feedback: text = 303
203.11118999996688	EXP	Feedback: autoDraw = true
204.1090199999744	EXP	Feedback: autoDraw = false
204.1090199999744	EXP	Feedback: autoDraw = false
204.1090199999744	EXP	text_3: autoDraw = true
207.32718999998178	EXP	text_3: autoDraw = false
207.32718999998178	EXP	text_3: autoDraw = false
207.32718999998178	EXP	text_2: autoDraw = true
207.32718999998178	EXP	text_2: text = 0
207.3447650000453	EXP	text_2: text = 17
207.36369000002742	EXP	text_2: text = 33
207.3765850000782	EXP	text_2: text = 50
207.39401000004727	EXP	text_2: text = 67
207.41287500003818	EXP	text_2: text = 83
207.42644499999005	EXP	text_2: text = 99
207.44664500001818	EXP	text_2: text = 117
207.45957000006456	EXP	text_2: text = 133
207.4778599999845	EXP	text_2: text = 151
207.49438000004739	EXP	text_2: text = 169
207.51021500001661	EXP	text_2: text = 184
207.52963000000454	EXP	text_2: text = 202
207.54517499997746	EXP	text_2: text = 217
207.56091000000015	EXP	text_2: text = 233
207.57738500006963	EXP	text_2: text = 250
207.59414499998093	EXP	text_2: text = 267
207.61355999996886	EXP	text_2: text = 286
207.62742999999318	EXP	text_2: text = 301
207.6449100000318	EXP	text_2: text = 317
207.66111500002444	EXP	text_2: text = 333
207.67665000003763	EXP	text_2: text = 350
207.697685000021	EXP	text_2: text = 367
207.69900999998208	DATA	Keydown:  
207.7121899999911	EXP	text_2: text = 383
207.7121899999911	EXP	text_2: autoDraw = false
207.7121899999911	EXP	Feedback: text = 372
207.7121899999911	EXP	Feedback: autoDraw = true
208.70949000003748	EXP	Feedback: autoDraw = false
208.70949000003748	EXP	Feedback: autoDraw = false
208.70949000003748	EXP	text_3: autoDraw = true
215.11755500000436	EXP	text_3: autoDraw = false
215.11755500000436	EXP	text_3: autoDraw = false
215.11755500000436	EXP	text_2: autoDraw = true
215.11755500000436	EXP	text_2: text = 0
215.13667999999598	EXP	text_2: text = 16
215.1501200000057	EXP	text_2: text = 33
215.16582500003278	EXP	text_2: text = 49
215.1848450000398	EXP	text_2: text = 66
215.19951000006404	EXP	text_2: text = 84
215.2160000000149	EXP	text_2: text = 99
215.2315650000237	EXP	text_2: text = 115
215.24921999999788	EXP	text_2: text = 132
215.26532999996562	EXP	text_2: text = 149
215.2839699999895	EXP	text_2: text = 166
215.29940500005614	EXP	text_2: text = 183
215.32888499996625	EXP	text_2: text = 199
215.351740000071	EXP	text_2: text = 227
215.3741099999752	EXP	text_2: text = 247
215.3901649999898	EXP	text_2: text = 270
215.41619999997783	EXP	text_2: text = 291
215.43822999997064	EXP	text_2: text = 313
215.4642350000795	EXP	text_2: text = 338
215.49148500000592	EXP	text_2: text = 362
215.51354000007268	EXP	text_2: text = 389
215.5345250000246	EXP	text_2: text = 412
215.55129500001203	EXP	text_2: text = 430
215.56818000006024	EXP	text_2: text = 448
215.58492000005208	EXP	text_2: text = 464
215.6032000000123	EXP	text_2: text = 480
215.62051000003703	EXP	text_2: text = 499
215.64615000004414	EXP	text_2: text = 517
215.6501200000057	DATA	Keydown:  
215.6640250000637	EXP	text_2: text = 545
215.6640250000637	EXP	text_2: autoDraw = false
215.6640250000637	EXP	Feedback: text = 533
215.6640250000637	EXP	Feedback: autoDraw = true
216.64679500006605	EXP	Feedback: autoDraw = false
216.64679500006605	EXP	Feedback: autoDraw = false
216.64679500006605	EXP	text_3: autoDraw = true
219.33708500000648	DATA	Keydown:  
221.75257000001147	DATA	Keydown:  
223.06942000007257	EXP	text_3: autoDraw = false
223.06942000007257	EXP	text_3: autoDraw = false
223.06942000007257	EXP	text_2: autoDraw = true
223.06942000007257	EXP	text_2: text = 0
223.08435999997891	EXP	text_2: text = 16
223.10011500003748	EXP	text_2: text = 33
223.11702999996487	EXP	text_2: text = 49
223.13560999999754	EXP	text_2: text = 66
223.15639999997802	EXP	text_2: text = 83
223.1691250000149	EXP	text_2: text = 100
223.1854400000302	EXP	text_2: text = 116
223.20082500006538	EXP	text_2: text = 133
223.21820500004105	EXP	text_2: text = 149
223.23441500007175	EXP	text_2: text = 166
223.2521049999632	EXP	text_2: text = 183
223.26792500005104	EXP	text_2: text = 199
223.2848450000165	EXP	text_2: text = 217
223.30183500004932	EXP	text_2: text = 233
223.31822000001557	EXP	text_2: text = 250
223.3348550000228	EXP	text_2: text = 267
223.35269500000868	EXP	text_2: text = 286
223.36794500006363	EXP	text_2: text = 299
223.38484000007156	EXP	text_2: text = 317
223.40055999998003	EXP	text_2: text = 333
223.4170650000451	EXP	text_2: text = 349
223.43384000007063	EXP	text_2: text = 368
223.45130499999505	EXP	text_2: text = 382
223.46808500005864	EXP	text_2: text = 400
223.48432000004686	EXP	text_2: text = 417
223.5009400000563	EXP	text_2: text = 433
223.51767500001006	EXP	text_2: text = 450
223.53376000002027	EXP	text_2: text = 466
223.55269000004046	EXP	text_2: text = 483
223.5677699999651	EXP	text_2: text = 499
223.5852850000374	EXP	text_2: text = 517
223.6031199999852	EXP	text_2: text = 533
223.61707999999635	EXP	text_2: text = 550
223.6348050000379	EXP	text_2: text = 567
223.6520400000736	EXP	text_2: text = 583
223.66914999997243	EXP	text_2: text = 599
223.68507000000682	EXP	text_2: text = 616
223.70146999997087	EXP	text_2: text = 634
223.71808000002056	EXP	text_2: text = 650
223.7339299999876	EXP	text_2: text = 667
223.7518600000767	EXP	text_2: text = 683
223.76745000004303	EXP	text_2: text = 700
223.78815999999642	EXP	text_2: text = 716
223.81939499999862	EXP	text_2: text = 751
223.834514999995	EXP	text_2: text = 767
223.85349500004668	EXP	text_2: text = 783
223.87129000003915	EXP	text_2: text = 805
223.8856150000356	EXP	text_2: text = 816
223.90292500006035	EXP	text_2: text = 834
223.91847000003327	EXP	text_2: text = 849
223.93446999997832	EXP	text_2: text = 867
223.93964500003494	DATA	Mouse: 0 button down, pos=(371.76171875,699.6796875)
223.95198000001255	EXP	text_2: text = 883
223.9683949999744	EXP	text_2: text = 900
223.98427000001539	EXP	text_2: text = 917
224.0006900000153	EXP	text_2: text = 933
224.01811000006273	EXP	text_2: text = 951
224.03366000007372	EXP	text_2: text = 966
224.0402199999662	DATA	Mouse: 0 button down, pos=(371.46875,700.546875)
224.05128000001423	EXP	text_2: text = 983
224.0692750000162	EXP	text_2: text = 1000
224.08504999999423	EXP	text_2: text = 1017
224.1012350000674	EXP	text_2: text = 1033
224.11773499997798	EXP	text_2: text = 1050
224.13490000006277	EXP	text_2: text = 1067
224.15143500000704	EXP	text_2: text = 1083
224.1626099999994	DATA	Keydown:  
224.17165500007104	EXP	text_2: text = 1103
224.17165500007104	EXP	text_2: autoDraw = false
224.17165500007104	EXP	Feedback: text = 1093
224.17165500007104	EXP	Feedback: autoDraw = true
225.16995000001043	EXP	Feedback: autoDraw = false
225.16995000001043	EXP	Feedback: autoDraw = false
225.16995000001043	EXP	text_3: autoDraw = true
229.60721499996725	EXP	text_3: autoDraw = false
229.60721499996725	EXP	text_3: autoDraw = false
229.60721499996725	EXP	text_2: autoDraw = true
229.60721499996725	EXP	text_2: text = 0
229.6220500000054	EXP	text_2: text = 16
229.63828499999363	EXP	text_2: text = 33
229.6544250000734	EXP	text_2: text = 49
229.67073000001255	EXP	text_2: text = 66
229.68832000007387	EXP	text_2: text = 83
229.70419499999844	EXP	text_2: text = 100
229.72160000004806	EXP	text_2: text = 117
229.7375100000063	EXP	text_2: text = 133
229.7532900000224	EXP	text_2: text = 149
229.7713849999709	EXP	text_2: text = 166
229.78821999998763	EXP	text_2: text = 184
229.8045100000454	EXP	text_2: text = 199
229.8215799999889	EXP	text_2: text = 216
229.83799999998882	EXP	text_2: text = 234
229.85567000007723	EXP	text_2: text = 250
229.8719249999849	EXP	text_2: text = 268
229.88840499997605	EXP	text_2: text = 283
229.9040850000456	EXP	text_2: text = 300
229.92076500004623	EXP	text_2: text = 317
229.93891999998596	EXP	text_2: text = 333
229.9538150000153	EXP	text_2: text = 350
229.9735450000735	EXP	text_2: text = 367
229.98808999999892	EXP	text_2: text = 382
230.00493000005372	EXP	text_2: text = 402
230.022265000036	EXP	text_2: text = 418
230.04210500000045	EXP	text_2: text = 436
230.04371500003617	DATA	Keydown:  
230.05779500002973	EXP	text_2: text = 449
230.05779500002973	EXP	text_2: autoDraw = false
230.05779500002973	EXP	Feedback: text = 437
230.05779500002973	EXP	Feedback: autoDraw = true
231.0558949999977	EXP	Feedback: autoDraw = false
231.0558949999977	EXP	Feedback: autoDraw = false
231.0558949999977	EXP	text_3: autoDraw = true
233.55746500007808	DATA	Keydown:  
234.29203999997117	EXP	text_3: autoDraw = false
234.29203999997117	EXP	text_3: autoDraw = false
234.29203999997117	EXP	text_2: autoDraw = true
234.29203999997117	EXP	text_2: text = 0
234.30608500004746	EXP	text_2: text = 16
234.32291500002611	EXP	text_2: text = 33
234.34050499997102	EXP	text_2: text = 49
234.35498499998357	EXP	text_2: text = 66
234.3752450000029	EXP	text_2: text = 83
234.38939000002574	EXP	text_2: text = 99
234.40690499998163	EXP	text_2: text = 117
234.42408000002615	EXP	text_2: text = 133
234.43945499998517	EXP	text_2: text = 149
234.45923500007484	EXP	text_2: text = 167
234.47253500006627	EXP	text_2: text = 183
234.49080500006676	EXP	text_2: text = 200
234.50575500004925	EXP	text_2: text = 216
234.52439999999478	EXP	text_2: text = 235
234.54095000005327	EXP	text_2: text = 253
234.55673499999102	EXP	text_2: text = 266
234.57411000004504	EXP	text_2: text = 284
234.5905849999981	EXP	text_2: text = 299
234.6067000000039	EXP	text_2: text = 317
234.6247399999993	EXP	text_2: text = 337
234.6412850000197	EXP	text_2: text = 350
234.65775000001304	EXP	text_2: text = 367
234.67507500003558	EXP	text_2: text = 382
234.6909750000341	EXP	text_2: text = 400
234.70828999998048	EXP	text_2: text = 416
234.7233000000706	EXP	text_2: text = 433
234.72869999997783	DATA	Keydown:  
234.74303000001237	EXP	text_2: text = 453
234.74303000001237	EXP	text_2: autoDraw = false
234.74303000001237	EXP	Feedback: text = 437
234.74303000001237	EXP	Feedback: autoDraw = true
235.74086500005797	EXP	Feedback: autoDraw = false
235.74086500005797	EXP	Feedback: autoDraw = false
235.74086500005797	EXP	text_3: autoDraw = true
238.002994999988	DATA	Keydown:  
239.77685000002384	EXP	text_3: autoDraw = false
239.77685000002384	EXP	text_3: autoDraw = false
239.77685000002384	EXP	text_2: autoDraw = true
239.77685000002384	EXP	text_2: text = 0
239.79294000007212	EXP	text_2: text = 17
239.80868500005454	EXP	text_2: text = 33
239.82706000003964	EXP	text_2: text = 51
239.8420000000624	EXP	text_2: text = 67
239.8603600000497	EXP	text_2: text = 84
239.875725000049	EXP	text_2: text = 100
239.8929749999661	EXP	text_2: text = 116
239.91064999997616	EXP	text_2: text = 134
239.92601499997545	EXP	text_2: text = 150
239.94425000005867	EXP	text_2: text = 170
239.95993999997154	EXP	text_2: text = 185
239.9773549999809	EXP	text_2: text = 202
239.99453500006348	EXP	text_2: text = 217
240.008434999967	EXP	text_2: text = 233
240.02872499998193	EXP	text_2: text = 255
240.04202499997336	EXP	text_2: text = 266
240.0613799999701	EXP	text_2: text = 288
240.07966000004672	EXP	text_2: text = 300
240.0811049999902	DATA	Keydown:  
240.09543500002474	EXP	text_2: text = 320
240.09543500002474	EXP	text_2: autoDraw = false
240.09543500002474	EXP	Feedback: text = 304
240.09543500002474	EXP	Feedback: autoDraw = true
241.09437000006437	EXP	Feedback: autoDraw = false
241.09437000006437	EXP	Feedback: autoDraw = false
241.09437000006437	EXP	text_3: autoDraw = true
245.52989000000525	DATA	Keydown:  
248.96493000001647	EXP	text_3: autoDraw = false
248.96493000001647	EXP	text_3: autoDraw = false
248.96493000001647	EXP	text_2: autoDraw = true
248.96493000001647	EXP	text_2: text = 0
248.98141500004567	EXP	text_2: text = 16
248.99653999996372	EXP	text_2: text = 33
249.01342500001192	EXP	text_2: text = 50
249.03069000004325	EXP	text_2: text = 67
249.0454150000587	EXP	text_2: text = 83
249.06422499998007	EXP	text_2: text = 100
249.08149500004947	EXP	text_2: text = 119
249.09861500002444	EXP	text_2: text = 134
249.1151649999665	EXP	text_2: text = 151
249.13063000002876	EXP	text_2: text = 167
249.14849000005051	EXP	text_2: text = 186
249.1634100000374	EXP	text_2: text = 201
249.1824150000466	EXP	text_2: text = 217
249.1974550000159	EXP	text_2: text = 235
249.21444999997038	EXP	text_2: text = 251
249.2307199999923	EXP	text_2: text = 267
249.24632000003476	EXP	text_2: text = 284
249.26479000004474	EXP	text_2: text = 300
249.28134500002488	EXP	text_2: text = 316
249.298550000065	EXP	text_2: text = 333
249.3139600000577	EXP	text_2: text = 351
249.33073000004515	EXP	text_2: text = 367
249.34791000001132	EXP	text_2: text = 385
249.36270499997772	EXP	text_2: text = 400
249.38104500004556	EXP	text_2: text = 417
249.39685000001919	EXP	text_2: text = 434
249.41266500006896	EXP	text_2: text = 449
249.43123500002548	EXP	text_2: text = 468
249.44903999997769	EXP	text_2: text = 483
249.45124500000384	DATA	Keydown:  
249.46900000004098	EXP	text_2: text = 505
249.46900000004098	EXP	text_2: autoDraw = false
249.46900000004098	EXP	Feedback: text = 486
249.46900000004098	EXP	Feedback: autoDraw = true
250.46412000001874	EXP	Feedback: autoDraw = false
250.46412000001874	EXP	Feedback: autoDraw = false
250.46412000001874	EXP	text_3: autoDraw = true
254.6846900000237	EXP	text_3: autoDraw = false
254.6846900000237	EXP	text_3: autoDraw = false
254.6846900000237	EXP	text_2: autoDraw = true
254.6846900000237	EXP	text_2: text = 0
254.70016500004567	EXP	text_2: text = 14
254.71620999998413	EXP	text_2: text = 30
254.73210500006098	EXP	text_2: text = 47
254.7505050000036	EXP	text_2: text = 65
254.76439500006381	EXP	text_2: text = 81
254.7846600000048	EXP	text_2: text = 98
254.7981200000504	EXP	text_2: text = 113
254.81590000004508	EXP	text_2: text = 130
254.83311999996658	EXP	text_2: text = 147
254.8487750000786	EXP	text_2: text = 164
254.86895000003278	EXP	text_2: text = 181
254.88230499997735	EXP	text_2: text = 197
254.90083000005689	EXP	text_2: text = 214
254.914715000079	EXP	text_2: text = 230
254.9334449999733	EXP	text_2: text = 247
254.94879000005312	EXP	text_2: text = 263
254.96674499998335	EXP	text_2: text = 281
254.98538500000723	EXP	text_2: text = 298
254.99947000003885	EXP	text_2: text = 314
255.01724499999546	EXP	text_2: text = 331
255.0349250000436	EXP	text_2: text = 350
255.04885500005912	EXP	text_2: text = 364
255.06848000001628	EXP	text_2: text = 381
255.08345000003465	EXP	text_2: text = 398
255.1007100000279	EXP	text_2: text = 414
255.11715499998536	EXP	text_2: text = 431
255.13221000006888	EXP	text_2: text = 447
255.1515050000744	EXP	text_2: text = 465
255.16669500002172	EXP	text_2: text = 481
255.1842900000047	EXP	text_2: text = 498
255.1994849999901	EXP	text_2: text = 514
255.215429999982	EXP	text_2: text = 530
255.23538500000723	EXP	text_2: text = 548
255.24878500006162	EXP	text_2: text = 564
255.26791000005323	EXP	text_2: text = 581
255.28242499998305	EXP	text_2: text = 598
255.30145999998786	EXP	text_2: text = 613
255.31581499997992	EXP	text_2: text = 630
255.33254500001203	EXP	text_2: text = 648
255.3506050000433	EXP	text_2: text = 664
255.36566999997012	EXP	text_2: text = 680
255.38556500000414	EXP	text_2: text = 698
255.40071000007447	EXP	text_2: text = 715
255.40894500003196	DATA	Keydown:  
255.41970500000753	EXP	text_2: text = 734
255.41970500000753	EXP	text_2: autoDraw = false
255.41970500000753	EXP	Feedback: text = 724
255.41970500000753	EXP	Feedback: autoDraw = true
256.42294499999844	EXP	Feedback: autoDraw = false
256.42294499999844	EXP	Feedback: autoDraw = false
256.42294499999844	EXP	text_3: autoDraw = true
260.65593500004616	DATA	Keydown:  
264.2560499999672	EXP	text_3: autoDraw = false
264.2560499999672	EXP	text_3: autoDraw = false
264.2560499999672	EXP	text_2: autoDraw = true
264.2560499999672	EXP	text_2: text = 0
264.27162500005215	EXP	text_2: text = 13
264.2877800000133	EXP	text_2: text = 31
264.3047850000439	EXP	text_2: text = 47
264.3201950000366	EXP	text_2: text = 64
264.33718000003137	EXP	text_2: text = 80
264.3551650000736	EXP	text_2: text = 98
264.3711749999784	EXP	text_2: text = 114
264.3914050000021	EXP	text_2: text = 131
264.403655000031	EXP	text_2: text = 146
264.4209099999862	EXP	text_2: text = 164
264.4370399999898	EXP	text_2: text = 180
264.4541050000116	EXP	text_2: text = 197
264.4715899999719	EXP	text_2: text = 214
264.4882950000465	EXP	text_2: text = 230
264.50468000001274	EXP	text_2: text = 246
264.52298999996856	EXP	text_2: text = 266
264.53685000003316	EXP	text_2: text = 280
264.5540800000308	EXP	text_2: text = 297
264.57134500006214	EXP	text_2: text = 314
264.5878700000467	EXP	text_2: text = 330
264.60477500001434	EXP	text_2: text = 348
264.62034999998286	EXP	text_2: text = 364
264.63868500001263	EXP	text_2: text = 380
264.6533800000325	EXP	text_2: text = 397
264.67249999998603	EXP	text_2: text = 414
264.68780000007246	EXP	text_2: text = 431
264.70620500005316	EXP	text_2: text = 447
264.720500000054	EXP	text_2: text = 464
264.73713500006124	EXP	text_2: text = 481
264.75592000002507	EXP	text_2: text = 498
264.7700200000545	EXP	text_2: text = 514
264.79113500006497	EXP	text_2: text = 531
264.7924200000707	DATA	Keydown:  
264.80554500001017	EXP	text_2: text = 547
264.80554500001017	EXP	text_2: autoDraw = false
264.80554500001017	EXP	Feedback: text = 536
264.80554500001017	EXP	Feedback: autoDraw = true
265.8050950000761	EXP	Feedback: autoDraw = false
265.8050950000761	EXP	Feedback: autoDraw = false
265.8050950000761	EXP	text_3: autoDraw = true
271.67734000005294	EXP	text_3: autoDraw = false
271.67734000005294	EXP	text_3: autoDraw = false
271.67734000005294	EXP	text_2: autoDraw = true
271.67734000005294	EXP	text_2: text = 0
271.690419999999	EXP	text_2: text = 16
271.710090000066	EXP	text_2: text = 34
271.7234350000508	EXP	text_2: text = 48
271.7422749999678	EXP	text_2: text = 66
271.75878000003286	EXP	text_2: text = 83
271.77338999998756	EXP	text_2: text = 99
271.793004999985	EXP	text_2: text = 116
271.8094399999827	EXP	text_2: text = 136
271.82467500003986	EXP	text_2: text = 149
271.8406599999871	EXP	text_2: text = 165
271.8581150000682	EXP	text_2: text = 183
271.875950000016	EXP	text_2: text = 199
271.8916400000453	EXP	text_2: text = 216
271.9093049999792	EXP	text_2: text = 233
271.92423500004224	EXP	text_2: text = 250
271.9407300000312	EXP	text_2: text = 265
271.95746499998495	EXP	text_2: text = 282
271.97338500001933	EXP	text_2: text = 299
271.99196000001393	EXP	text_2: text = 316
272.0086499999743	EXP	text_2: text = 332
272.02442000003066	EXP	text_2: text = 349
272.04253500001505	EXP	text_2: text = 366
272.0587700000033	EXP	text_2: text = 382
272.06452000001445	DATA	Keydown:  
272.0769700000528	EXP	text_2: text = 402
272.0769700000528	EXP	text_2: autoDraw = false
272.0769700000528	EXP	Feedback: text = 387
272.0769700000528	EXP	Feedback: autoDraw = true
273.0752349999966	EXP	Feedback: autoDraw = false
273.0752349999966	EXP	Feedback: autoDraw = false
273.0752349999966	EXP	text_3: autoDraw = true
275.4309549999889	DATA	Keydown:  
275.9284250000492	EXP	text_3: autoDraw = false
275.9284250000492	EXP	text_3: autoDraw = false
275.9284250000492	EXP	text_2: autoDraw = true
275.9284250000492	EXP	text_2: text = 0
275.9423850000603	EXP	text_2: text = 16
275.96051000000443	EXP	text_2: text = 33
275.9753100000089	EXP	text_2: text = 49
275.9956500000553	EXP	text_2: text = 67
276.00826000003144	EXP	text_2: text = 82
276.02781500003766	EXP	text_2: text = 100
276.03278000000864	DATA	Keydown:  
276.0443900000537	EXP	text_2: text = 117
276.0443900000537	EXP	text_2: autoDraw = false
276.0443900000537	EXP	Feedback: text = 104
276.0443900000537	EXP	Feedback: autoDraw = true
277.04243000003044	EXP	Feedback: autoDraw = false
277.04243000003044	EXP	Feedback: autoDraw = false
277.04243000003044	EXP	text_3: autoDraw = true
282.012229999993	DATA	Keydown:  
282.51489500002936	DATA	Keydown:  
282.5972799999872	DATA	Keydown:  
282.6801700000651	DATA	Keydown:  
282.76193000003695	DATA	Keydown:  
282.8457349999808	DATA	Keydown:  
282.9289550000103	DATA	Keydown:  
283.0126249999739	DATA	Keydown:  
283.09623000002466	DATA	Keydown:  
283.17796500003897	DATA	Keydown:  
283.2618899999652	DATA	Keydown:  
283.34597000002395	DATA	Keydown:  
283.43027000001166	DATA	Keydown:  
283.5132699999958	DATA	Keydown:  
283.5975750000216	DATA	Keydown:  
283.67986000003293	DATA	Keydown:  
283.7627499999944	DATA	Keydown:  
283.8468499999726	DATA	Keydown:  
283.9301400000695	DATA	Keydown:  
284.0131500000134	DATA	Keydown:  
284.09561499999836	DATA	Keydown:  
284.17965499998536	DATA	Keydown:  
284.26195000007283	DATA	Keydown:  
284.3472349999938	DATA	Keydown:  
284.4302049999824	DATA	Keydown:  
284.5146149999928	DATA	Keydown:  
284.5977249999996	DATA	Keydown:  
284.68107000004966	DATA	Keydown:  
286.0155800000066	EXP	text_3: autoDraw = false
286.0155800000066	EXP	text_3: autoDraw = false
286.0155800000066	EXP	text_2: autoDraw = true
286.0155800000066	EXP	text_2: text = 0
286.0302050000755	EXP	text_2: text = 15
286.04853999998886	EXP	text_2: text = 33
286.0646200000774	EXP	text_2: text = 48
286.0827050000662	EXP	text_2: text = 65
286.0971099999733	EXP	text_2: text = 82
286.1157250000397	EXP	text_2: text = 99
286.13055500003975	EXP	text_2: text = 115
286.1480500000762	EXP	text_2: text = 132
286.16467500000726	EXP	text_2: text = 148
286.1806050000014	EXP	text_2: text = 165
286.19989000004716	EXP	text_2: text = 182
286.2136650000466	EXP	text_2: text = 197
286.23094000003766	EXP	text_2: text = 215
286.24852999998257	EXP	text_2: text = 232
286.2648150000023	EXP	text_2: text = 250
286.2826800000621	EXP	text_2: text = 265
286.2979950000299	EXP	text_2: text = 282
286.31756500003394	EXP	text_2: text = 303
286.3301249999786	EXP	text_2: text = 314
286.3481600000523	EXP	text_2: text = 332
286.3659700000426	EXP	text_2: text = 348
286.3807800000068	EXP	text_2: text = 364
286.3995049999794	EXP	text_2: text = 381
286.41423500003293	EXP	text_2: text = 399
286.4311199999647	EXP	text_2: text = 416
286.4496199999703	EXP	text_2: text = 432
286.4577350000618	DATA	Keydown:  
286.46854500006884	EXP	text_2: text = 452
286.46854500006884	EXP	text_2: autoDraw = false
286.46854500006884	EXP	Feedback: text = 442
286.46854500006884	EXP	Feedback: autoDraw = true
287.4638000000268	EXP	Feedback: autoDraw = false
287.4638000000268	EXP	Feedback: autoDraw = false
287.4638000000268	EXP	text_3: autoDraw = true
289.7832150000613	EXP	text_3: autoDraw = false
289.7832150000613	EXP	text_3: autoDraw = false
289.7832150000613	EXP	text_2: autoDraw = true
289.7832150000613	EXP	text_2: text = 0
289.800820000004	EXP	text_2: text = 17
289.81688499997836	EXP	text_2: text = 35
289.8335799999768	EXP	text_2: text = 51
289.84999500005506	EXP	text_2: text = 66
289.87097000004724	EXP	text_2: text = 84
289.8861400000751	EXP	text_2: text = 104
289.90347500005737	EXP	text_2: text = 120
289.92188500007614	EXP	text_2: text = 138
289.9371149999788	EXP	text_2: text = 154
289.9700100000482	EXP	text_2: text = 185
289.98609000002034	EXP	text_2: text = 202
290.0013200000394	EXP	text_2: text = 217
290.0172350000357	EXP	text_2: text = 233
290.0353800000157	EXP	text_2: text = 254
290.050595000037	EXP	text_2: text = 268
290.0680600000778	EXP	text_2: text = 286
290.08506000007037	EXP	text_2: text = 303
290.1008150000125	EXP	text_2: text = 317
290.1191749999998	EXP	text_2: text = 335
290.1341000000248	EXP	text_2: text = 350
290.15049500006717	EXP	text_2: text = 369
290.166210000054	EXP	text_2: text = 384
290.18585999996867	EXP	text_2: text = 403
290.20376499998383	EXP	text_2: text = 422
290.2194600000512	EXP	text_2: text = 434
290.2338549999986	EXP	text_2: text = 451
290.25080500007607	EXP	text_2: text = 469
290.26795500004664	EXP	text_2: text = 483
290.28457500005607	EXP	text_2: text = 503
290.30553000001237	EXP	text_2: text = 519
290.31089500000235	DATA	Keydown:  
290.33480000006966	EXP	text_2: text = 552
290.33480000006966	EXP	text_2: autoDraw = false
290.33480000006966	EXP	Feedback: text = 528
290.33480000006966	EXP	Feedback: autoDraw = true
291.33276000001933	EXP	Feedback: autoDraw = false
291.33276000001933	EXP	Feedback: autoDraw = false
291.33276000001933	EXP	text_3: autoDraw = true
299.00782499997877	DATA	Keydown:  
299.82347499998286	EXP	text_3: autoDraw = false
299.82347499998286	EXP	text_3: autoDraw = false
299.82347499998286	EXP	text_2: autoDraw = true
299.82347499998286	EXP	text_2: text = 0
299.8364050000673	EXP	text_2: text = 13
299.8555349999806	EXP	text_2: text = 31
299.8702500000363	EXP	text_2: text = 47
299.89012500003446	EXP	text_2: text = 64
299.9045600000536	EXP	text_2: text = 83
299.92220500006806	EXP	text_2: text = 99
299.93685000005644	EXP	text_2: text = 114
299.9538900000043	EXP	text_2: text = 131
299.9713749999646	EXP	text_2: text = 147
299.9879349999828	EXP	text_2: text = 165
300.0059299999848	EXP	text_2: text = 181
300.02202500007115	EXP	text_2: text = 198
300.0380150000565	EXP	text_2: text = 214
300.05660999997053	EXP	text_2: text = 232
300.0722450000467	EXP	text_2: text = 248
300.08961000002455	EXP	text_2: text = 264
300.090979999979	DATA	Keydown:  
300.10542000003625	EXP	text_2: text = 280
300.10542000003625	EXP	text_2: autoDraw = false
300.10542000003625	EXP	Feedback: text = 268
300.10542000003625	EXP	Feedback: autoDraw = true
301.10490000003483	EXP	Feedback: autoDraw = false
301.10490000003483	EXP	Feedback: autoDraw = false
301.10490000003483	EXP	text_3: autoDraw = true
306.0758350000251	EXP	text_3: autoDraw = false
306.0758350000251	EXP	text_3: autoDraw = false
306.0758350000251	EXP	text_2: autoDraw = true
306.0758350000251	EXP	text_2: text = 0
306.09181000001263	EXP	text_2: text = 16
306.10747499996796	EXP	text_2: text = 33
306.1240300000645	EXP	text_2: text = 49
306.1421600000467	EXP	text_2: text = 66
306.1593550000107	EXP	text_2: text = 84
306.17418500001077	EXP	text_2: text = 99
306.19139499997254	EXP	text_2: text = 118
306.20908000005875	EXP	text_2: text = 134
306.2248050000053	EXP	text_2: text = 150
306.23938000004273	EXP	text_2: text = 166
306.25819500000216	EXP	text_2: text = 185
306.2721250000177	EXP	text_2: text = 200
306.29238500003703	EXP	text_2: text = 216
306.30705499998294	EXP	text_2: text = 232
306.3271449999884	EXP	text_2: text = 249
306.3288900000043	DATA	Keydown:  
306.3410650000442	EXP	text_2: text = 266
306.3410650000442	EXP	text_2: autoDraw = false
306.3410650000442	EXP	Feedback: text = 253
306.3410650000442	EXP	Feedback: autoDraw = true
307.33993500005454	EXP	Feedback: autoDraw = false
307.33993500005454	EXP	Feedback: autoDraw = false
307.33993500005454	EXP	text_3: autoDraw = true
310.77766000002157	EXP	text_3: autoDraw = false
310.77766000002157	EXP	text_3: autoDraw = false
310.77766000002157	EXP	text_2: autoDraw = true
310.77766000002157	EXP	text_2: text = 0
310.7924999999814	EXP	text_2: text = 17
310.8114249999635	EXP	text_2: text = 33
310.8267900000792	EXP	text_2: text = 49
310.8421500000404	EXP	text_2: text = 67
310.8602200000314	EXP	text_2: text = 85
310.87497500004247	EXP	text_2: text = 100
310.89399999997113	EXP	text_2: text = 117
310.9091049999697	EXP	text_2: text = 133
310.9265300000552	EXP	text_2: text = 150
310.943014999968	EXP	text_2: text = 166
310.95900500006974	EXP	text_2: text = 184
310.97675999999046	EXP	text_2: text = 200
310.99134499998763	EXP	text_2: text = 216
311.0111250000773	EXP	text_2: text = 234
311.01669499999844	DATA	Keydown:  
311.0288100000471	EXP	text_2: text = 254
311.0288100000471	EXP	text_2: autoDraw = false
311.0288100000471	EXP	Feedback: text = 239
311.0288100000471	EXP	Feedback: autoDraw = true
312.02500500006136	EXP	Feedback: autoDraw = false
312.02500500006136	EXP	Feedback: autoDraw = false
312.02500500006136	EXP	text_3: autoDraw = true
319.71461000002455	EXP	text_3: autoDraw = false
319.71461000002455	EXP	text_3: autoDraw = false
319.71461000002455	EXP	text_2: autoDraw = true
319.71461000002455	EXP	text_2: text = 0
319.73073000006843	EXP	text_2: text = 17
319.7490150000667	EXP	text_2: text = 33
319.7642449999694	EXP	text_2: text = 50
319.7807599999942	EXP	text_2: text = 67
319.79646500002127	EXP	text_2: text = 83
319.81462499999907	EXP	text_2: text = 100
319.8301999999676	EXP	text_2: text = 116
319.84854999999516	EXP	text_2: text = 133
319.8637500000186	EXP	text_2: text = 149
319.8820650000125	EXP	text_2: text = 167
319.8965249999892	EXP	text_2: text = 183
319.91340499999933	EXP	text_2: text = 199
319.9315550000174	EXP	text_2: text = 216
319.9462550000753	EXP	text_2: text = 232
319.9656899999827	EXP	text_2: text = 250
319.9807949999813	EXP	text_2: text = 267
320.0022749999771	EXP	text_2: text = 286
320.0037449999945	DATA	Keydown:  
320.0151649999898	EXP	text_2: text = 301
320.0151649999898	EXP	text_2: autoDraw = false
320.0151649999898	EXP	Feedback: text = 289
320.0151649999898	EXP	Feedback: autoDraw = true
321.0241950000636	EXP	Feedback: autoDraw = false
321.0241950000636	EXP	Feedback: autoDraw = false
321.0241950000636	EXP	End_text: autoDraw = true
333.7411200000206	DATA	Keydown:  
334.92182000004686	DATA	Mouse: 0 button down, pos=(325.55859375,495.05859375)
335.02272999996785	DATA	Mouse: 0 button down, pos=(325.55859375,495.05859375)
339.07509000005666	DATA	Mouse: 0 button down, pos=(521.18359375,254.74609375)
339.1583099999698	DATA	Mouse: 0 button down, pos=(521.18359375,255.64453125)
339.5006300000241	DATA	Mouse: wheel shift=(0,1), pos=(521.18359375,255.64453125)
339.5171799999662	DATA	Mouse: wheel shift=(5,26), pos=(521.18359375,255.64453125)
339.5315699999919	DATA	Mouse: wheel shift=(3,38), pos=(521.18359375,255.64453125)
339.548444999964	DATA	Mouse: wheel shift=(-1,30), pos=(521.18359375,255.64453125)
339.56443999998737	DATA	Mouse: wheel shift=(0,63), pos=(521.18359375,255.64453125)
339.5831349999644	DATA	Mouse: wheel shift=(0,85), pos=(521.18359375,255.64453125)
339.59924000001047	DATA	Mouse: wheel shift=(0,90), pos=(521.18359375,255.64453125)
339.61473999999	DATA	Mouse: wheel shift=(0,88), pos=(521.18359375,255.64453125)
339.63361000001896	DATA	Mouse: wheel shift=(0,86), pos=(521.18359375,255.64453125)
339.6486000000732	DATA	Mouse: wheel shift=(0,83), pos=(521.18359375,255.64453125)
339.66503000003286	DATA	Mouse: wheel shift=(0,79), pos=(521.18359375,255.64453125)
339.6810500000138	DATA	Mouse: wheel shift=(0,79), pos=(521.18359375,255.64453125)
339.6979500000598	DATA	Mouse: wheel shift=(0,74), pos=(521.18359375,255.64453125)
339.7164750000229	DATA	Mouse: wheel shift=(0,70), pos=(521.18359375,255.64453125)
339.7312150000362	DATA	Mouse: wheel shift=(0,64), pos=(521.18359375,255.64453125)
339.74856500001624	DATA	Mouse: wheel shift=(0,60), pos=(521.18359375,255.64453125)
339.7654300000286	DATA	Mouse: wheel shift=(0,57), pos=(521.18359375,255.64453125)
339.7845400000224	DATA	Mouse: wheel shift=(0,53), pos=(521.18359375,255.64453125)
339.79806499998085	DATA	Mouse: wheel shift=(0,49), pos=(521.18359375,255.64453125)
339.81550500006415	DATA	Mouse: wheel shift=(0,45), pos=(521.18359375,255.64453125)
339.8333199999761	DATA	Mouse: wheel shift=(0,41), pos=(521.18359375,255.64453125)
339.8413350000046	DATA	Keydown:  
339.8482400000794	DATA	Mouse: wheel shift=(0,39), pos=(521.18359375,255.64453125)
339.8668700000271	DATA	Mouse: wheel shift=(0,35), pos=(521.18359375,255.64453125)
339.8812049999833	DATA	Mouse: wheel shift=(0,33), pos=(521.18359375,255.64453125)
339.9002150000306	DATA	Mouse: wheel shift=(0,30), pos=(521.18359375,255.64453125)
339.9150050000753	DATA	Mouse: wheel shift=(0,28), pos=(521.18359375,255.64453125)
339.9315700000152	DATA	Mouse: wheel shift=(0,26), pos=(521.18359375,255.64453125)
339.94806500000414	DATA	Mouse: wheel shift=(0,22), pos=(521.18359375,255.64453125)
339.96701999998186	DATA	Mouse: wheel shift=(0,21), pos=(521.18359375,255.64453125)
339.98036000004504	DATA	Mouse: wheel shift=(0,19), pos=(521.18359375,255.64453125)
339.99849999998696	DATA	Mouse: wheel shift=(0,17), pos=(521.18359375,255.64453125)
340.01459000003524	DATA	Mouse: wheel shift=(0,16), pos=(521.18359375,255.64453125)
340.0316449999809	DATA	Mouse: wheel shift=(0,14), pos=(521.18359375,255.64453125)
340.04845000000205	DATA	Mouse: wheel shift=(0,13), pos=(521.18359375,255.64453125)
340.06804000004195	DATA	Mouse: wheel shift=(0,12), pos=(521.18359375,255.64453125)
340.08529499999713	DATA	Mouse: wheel shift=(0,11), pos=(521.18359375,255.64453125)
340.0980100000743	DATA	Mouse: wheel shift=(0,10), pos=(521.18359375,255.64453125)
340.1076100000646	DATA	Keydown:  
340.11505500006024	DATA	Mouse: wheel shift=(0,9), pos=(521.18359375,255.64453125)
340.1337000000058	DATA	Mouse: wheel shift=(0,8), pos=(521.18359375,255.64453125)
340.15255500003695	DATA	Mouse: wheel shift=(0,8), pos=(521.18359375,255.64453125)
340.1647750000702	DATA	Mouse: wheel shift=(0,7), pos=(521.18359375,255.64453125)
340.1823050000239	DATA	Mouse: wheel shift=(0,7), pos=(521.18359375,255.64453125)
340.19851999997627	DATA	Mouse: wheel shift=(0,6), pos=(521.18359375,255.64453125)
340.2168150000507	DATA	Mouse: wheel shift=(0,6), pos=(521.18359375,255.64453125)
340.2313500000164	DATA	Mouse: wheel shift=(0,5), pos=(521.18359375,255.64453125)
340.24819499999285	DATA	Mouse: wheel shift=(0,5), pos=(521.18359375,255.64453125)
340.26734000002034	DATA	Mouse: wheel shift=(0,5), pos=(521.18359375,255.64453125)
340.2834900000598	DATA	Mouse: wheel shift=(0,4), pos=(521.18359375,255.64453125)
340.29850999999326	DATA	Mouse: wheel shift=(0,4), pos=(521.18359375,255.64453125)
340.3098549999995	DATA	Mouse: wheel shift=(0,4), pos=(521.18359375,255.64453125)
340.30992500006687	DATA	Keydown:  
340.3313499999931	DATA	Mouse: wheel shift=(0,3), pos=(521.18359375,255.64453125)
340.348345000064	DATA	Mouse: wheel shift=(0,3), pos=(521.18359375,255.64453125)
340.3650449999841	DATA	Mouse: wheel shift=(0,3), pos=(521.18359375,255.64453125)
340.3837749999948	DATA	Mouse: wheel shift=(0,2), pos=(521.18359375,255.64453125)
340.39839500002563	DATA	Mouse: wheel shift=(0,2), pos=(521.18359375,255.64453125)
340.4148050000658	DATA	Mouse: wheel shift=(0,2), pos=(521.18359375,255.64453125)
340.4317400000291	DATA	Mouse: wheel shift=(0,2), pos=(521.18359375,255.64453125)
340.44846500002313	DATA	Mouse: wheel shift=(0,2), pos=(521.18359375,255.64453125)
340.46704999997746	DATA	Mouse: wheel shift=(0,1), pos=(521.18359375,255.64453125)
340.481455000001	DATA	Mouse: wheel shift=(0,1), pos=(521.18359375,255.64453125)
340.48963500000536	DATA	Keydown:  
340.49875999998767	DATA	Mouse: wheel shift=(0,1), pos=(521.18359375,255.64453125)
340.51515500003006	DATA	Mouse: wheel shift=(0,1), pos=(521.18359375,255.64453125)
340.5325750000775	DATA	Mouse: wheel shift=(0,1), pos=(521.18359375,255.64453125)
340.5593499999959	DATA	Mouse: wheel shift=(0,1), pos=(521.18359375,255.64453125)
340.58189500006847	DATA	Mouse: wheel shift=(0,1), pos=(521.18359375,255.64453125)
340.5984849999659	DATA	Mouse: wheel shift=(0,1), pos=(521.18359375,255.64453125)
340.6447850000113	DATA	Keydown:  
