0.6819999999999999	EXP	Created Window = Window( name=Window, fullscr=true, color=#000000, units=height, waitBlanking=true, autoLog=true, size=[1536,750] )
6.595000000000001	DATA	Keydown: Shift
7.061	DATA	Keydown: B
7.719000000000001	DATA	Keydown: D
8.874	DATA	Keydown: I
11.102	DATA	Keydown: 8
12.248000000000001	DATA	Keydown: 5
12.778	DATA	Keydown: 1
12.94	DATA	Keydown: 1
13.267000000000001	DATA	Keydown: 5
23.363999999999997	EXP	Created text = TextStim( name=text, win=Window( name=Window, fullscr=true, color=#000000, ~), autoDraw=null, autoLog=true, units=height, ori=null, opacity=1, pos=[0,0], size=undefined, text=INSTRUCTIONS [EN]


A counter will appear and star~, font=Arial, color=#FFFFFF, contrast=1, height=0.03, bold=null, italic=null, alignHoriz=left, alignVert=center, wrapWidth=1, flipHoriz=null, flipVert=null )
23.416999999999998	EXP	Created text_3 = TextStim( name=text_3, win=Window( name=Window, fullscr=true, color=#000000, ~), autoDraw=null, autoLog=true, units=height, ori=null, opacity=1, pos=[0,0], size=undefined, text=null, font=Arial, color=#FFFFFF, contrast=1, height=0.1, bold=null, italic=null, alignHoriz=left, alignVert=center, wrapWidth=1, flipHoriz=null, flipVert=null )
23.459	EXP	Created text_2 = TextStim( name=text_2, win=Window( name=Window, fullscr=true, color=#000000, ~), autoDraw=null, autoLog=true, units=height, ori=null, opacity=1, pos=[0,0], size=undefined, text=default text, font=Arial, color=#ff0000, contrast=1, height=0.15, bold=null, italic=null, alignHoriz=left, alignVert=center, wrapWidth=1, flipHoriz=null, flipVert=null )
23.467	EXP	Created Feedback = TextStim( name=Feedback, win=Window( name=Window, fullscr=true, color=#000000, ~), autoDraw=null, autoLog=true, units=height, ori=null, opacity=1, pos=[0,0], size=undefined, text=default text, font=Arial, color=#ff0000, contrast=1, height=0.15, bold=null, italic=null, alignHoriz=left, alignVert=center, wrapWidth=1, flipHoriz=null, flipVert=null )
23.476	EXP	Created End_text = TextStim( name=End_text, win=Window( name=Window, fullscr=true, color=#000000, ~), autoDraw=null, autoLog=true, units=height, ori=null, opacity=1, pos=[0,0], size=undefined, text=This study aimed to look at procedural learning, i~, font=Arial, color=#FFFFFF, contrast=1, height=0.025, bold=null, italic=null, alignHoriz=left, alignVert=center, wrapWidth=1, flipHoriz=null, flipVert=null )
23.608999999999998	EXP	text: units = "height"
23.608999999999998	EXP	text: ori = 0
23.608999999999998	EXP	text: opacity = 1
23.608999999999998	EXP	text: pos = [0,0]
23.608999999999998	EXP	text: size = undefined
23.608999999999998	EXP	text: text = "INSTRUCTIONS [EN]\n\n\nA counter will appear and start counting at random times, press SPACE as fast as possible when it appears.\n\n\nPress SPACE to start\n\n-------\n\nInstruções [PT]\n\n\nUm cronómetro vai aparecer e começar a contar aleatoriamente, pressione a tecla SPACE assim que ele aparecer.\n\n\nPressiona SPACE para começar."
23.608999999999998	EXP	text: font = "Arial"
23.608999999999998	EXP	text: color = {"_hex":"#FFFFFF","_rgb":[1,1,1]}
23.608999999999998	EXP	text: contrast = 1
23.608999999999998	EXP	text: height = 0.03
23.608999999999998	EXP	text: bold = false
23.608999999999998	EXP	text: italic = false
23.608999999999998	EXP	text: alignHoriz = "left"
23.608999999999998	EXP	text: alignVert = "center"
23.608999999999998	EXP	text: wrapWidth = 1
23.608999999999998	EXP	text: flipHoriz = false
23.608999999999998	EXP	text: flipVert = false
23.608999999999998	EXP	text_3: units = "height"
23.608999999999998	EXP	text_3: ori = 0
23.608999999999998	EXP	text_3: opacity = 1
23.608999999999998	EXP	text_3: pos = [0,0]
23.608999999999998	EXP	text_3: size = undefined
23.608999999999998	EXP	text_3: text = ""
23.608999999999998	EXP	text_3: font = "Arial"
23.608999999999998	EXP	text_3: color = {"_hex":"#FFFFFF","_rgb":[1,1,1]}
23.608999999999998	EXP	text_3: contrast = 1
23.608999999999998	EXP	text_3: height = 0.1
23.608999999999998	EXP	text_3: bold = false
23.608999999999998	EXP	text_3: italic = false
23.608999999999998	EXP	text_3: alignHoriz = "left"
23.608999999999998	EXP	text_3: alignVert = "center"
23.608999999999998	EXP	text_3: wrapWidth = 1
23.608999999999998	EXP	text_3: flipHoriz = false
23.608999999999998	EXP	text_3: flipVert = false
23.608999999999998	EXP	text_2: units = "height"
23.608999999999998	EXP	text_2: ori = 0
23.608999999999998	EXP	text_2: opacity = 1
23.608999999999998	EXP	text_2: pos = [0,0]
23.608999999999998	EXP	text_2: size = undefined
23.608999999999998	EXP	text_2: text = "default text"
23.608999999999998	EXP	text_2: font = "Arial"
23.608999999999998	EXP	text_2: color = {"_rgb":[1,0,0]}
23.608999999999998	EXP	text_2: contrast = 1
23.608999999999998	EXP	text_2: height = 0.15
23.608999999999998	EXP	text_2: bold = false
23.608999999999998	EXP	text_2: italic = false
23.608999999999998	EXP	text_2: alignHoriz = "left"
23.608999999999998	EXP	text_2: alignVert = "center"
23.608999999999998	EXP	text_2: wrapWidth = 1
23.608999999999998	EXP	text_2: flipHoriz = false
23.608999999999998	EXP	text_2: flipVert = false
23.608999999999998	EXP	Feedback: units = "height"
23.608999999999998	EXP	Feedback: ori = 0
23.608999999999998	EXP	Feedback: opacity = 1
23.608999999999998	EXP	Feedback: pos = [0,0]
23.608999999999998	EXP	Feedback: size = undefined
23.608999999999998	EXP	Feedback: text = "default text"
23.608999999999998	EXP	Feedback: font = "Arial"
23.608999999999998	EXP	Feedback: color = {"_rgb":[1,0,0]}
23.608999999999998	EXP	Feedback: contrast = 1
23.608999999999998	EXP	Feedback: height = 0.15
23.608999999999998	EXP	Feedback: bold = false
23.608999999999998	EXP	Feedback: italic = false
23.608999999999998	EXP	Feedback: alignHoriz = "left"
23.608999999999998	EXP	Feedback: alignVert = "center"
23.608999999999998	EXP	Feedback: wrapWidth = 1
23.608999999999998	EXP	Feedback: flipHoriz = false
23.608999999999998	EXP	Feedback: flipVert = false
23.608999999999998	EXP	End_text: units = "height"
23.608999999999998	EXP	End_text: ori = 0
23.608999999999998	EXP	End_text: opacity = 1
23.608999999999998	EXP	End_text: pos = [0,0]
23.608999999999998	EXP	End_text: size = undefined
23.608999999999998	EXP	End_text: text = "This study aimed to look at procedural learning, i.e. our ability to extract patterns from the input that we are constantly receiving. This skill is thought to be essential for language and literacy acquisition and has been suggested as a possible underlying difficult in children with Language Impairments and Dyslexia. This study aims to improve the measures of procedural learning (the smiley face task) so that we can measure procedural learning more reliably and, in the future, analyse the performance of individuals with learning impairments.\nThank you for participating!\n\n----\n\nEste estudo tem como objectivo analisar a nossa capacidade de extrair padrões da informação que estamos constantemente a receber. Pensa-se que esta competência é essencial para a aquisição da linguagem e literacia e foi sugerido que dificuldades neste tipo de competências poderá estar relacionado com perturbações da linguagem e Dislexia. Este estudo tem como objectivo melhorar a estabilidade das medidas usadas para medir este tipo de memória (a tarefa da cara sorridente) de forma a poder medir de forma mais precisa e, no futuro, analisar a performance de indivíduos com perturbações da aprendizagem. \nMuito obrigada por ter participado!"
23.608999999999998	EXP	End_text: font = "Arial"
23.608999999999998	EXP	End_text: color = {"_hex":"#FFFFFF","_rgb":[1,1,1]}
23.608999999999998	EXP	End_text: contrast = 1
23.608999999999998	EXP	End_text: height = 0.025
23.608999999999998	EXP	End_text: bold = false
23.608999999999998	EXP	End_text: italic = false
23.608999999999998	EXP	End_text: alignHoriz = "left"
23.608999999999998	EXP	End_text: alignVert = "center"
23.608999999999998	EXP	End_text: wrapWidth = 1
23.608999999999998	EXP	End_text: flipHoriz = false
23.608999999999998	EXP	End_text: flipVert = false
23.608999999999998	EXP	text: autoDraw = true
29.145999999999997	DATA	Keydown:  
29.24	EXP	text: autoDraw = false
29.24	EXP	text_3: autoDraw = true
34.686	EXP	text_3: autoDraw = false
34.686	EXP	text_3: autoDraw = false
34.686	EXP	text_2: autoDraw = true
34.686	EXP	text_2: text = 2
34.718	EXP	text_2: text = 58
34.746	EXP	text_2: text = 84
34.791000000000004	EXP	text_2: text = 130
34.809000000000005	EXP	text_2: text = 149
34.841	EXP	text_2: text = 174
34.871	EXP	text_2: text = 212
34.914	EXP	text_2: text = 249
34.947	EXP	text_2: text = 275
34.969	EXP	text_2: text = 304
35.007000000000005	EXP	text_2: text = 343
35.046	EXP	text_2: text = 364
35.094	EXP	text_2: text = 425
35.115	EXP	text_2: text = 451
35.121	DATA	Keydown:  
35.151	EXP	text_2: text = 475
35.151	EXP	text_2: autoDraw = false
35.151	EXP	Feedback: text = 436
35.151	EXP	Feedback: autoDraw = true
36.138000000000005	EXP	Feedback: autoDraw = false
36.138000000000005	EXP	Feedback: autoDraw = false
36.138000000000005	EXP	text_3: autoDraw = true
39.969	EXP	text_3: autoDraw = false
39.969	EXP	text_3: autoDraw = false
39.969	EXP	text_2: autoDraw = true
39.969	EXP	text_2: text = 0
40.013000000000005	EXP	text_2: text = 56
40.049	EXP	text_2: text = 88
40.085	EXP	text_2: text = 140
40.114000000000004	EXP	text_2: text = 164
40.146	EXP	text_2: text = 189
40.185	EXP	text_2: text = 242
40.217000000000006	EXP	text_2: text = 265
40.25	EXP	text_2: text = 308
40.269000000000005	EXP	text_2: text = 328
40.299	EXP	text_2: text = 351
40.314	DATA	Keydown:  
40.336000000000006	EXP	text_2: text = 393
40.336000000000006	EXP	text_2: autoDraw = false
40.336000000000006	EXP	Feedback: text = 345
40.336000000000006	EXP	Feedback: autoDraw = true
41.332	EXP	Feedback: autoDraw = false
41.332	EXP	Feedback: autoDraw = false
41.332	EXP	text_3: autoDraw = true
46.696000000000005	EXP	text_3: autoDraw = false
46.696000000000005	EXP	text_3: autoDraw = false
46.696000000000005	EXP	text_2: autoDraw = true
46.696000000000005	EXP	text_2: text = 0
46.730000000000004	EXP	text_2: text = 43
46.756	EXP	text_2: text = 59
46.777	EXP	text_2: text = 86
46.800000000000004	EXP	text_2: text = 107
46.829	EXP	text_2: text = 141
46.865	EXP	text_2: text = 176
46.882000000000005	EXP	text_2: text = 195
46.915	EXP	text_2: text = 221
46.946000000000005	EXP	text_2: text = 261
46.967000000000006	EXP	text_2: text = 275
46.994	EXP	text_2: text = 301
47.042	EXP	text_2: text = 344
47.078	EXP	text_2: text = 374
47.115	EXP	text_2: text = 426
47.120000000000005	DATA	Keydown:  
47.137	EXP	text_2: text = 447
47.137	EXP	text_2: autoDraw = false
47.137	EXP	Feedback: text = 425
47.137	EXP	Feedback: autoDraw = true
48.138000000000005	EXP	Feedback: autoDraw = false
48.138000000000005	EXP	Feedback: autoDraw = false
48.138000000000005	EXP	text_3: autoDraw = true
55.010000000000005	EXP	text_3: autoDraw = false
55.010000000000005	EXP	text_3: autoDraw = false
55.010000000000005	EXP	text_2: autoDraw = true
55.010000000000005	EXP	text_2: text = 0
55.039	EXP	text_2: text = 41
55.071000000000005	EXP	text_2: text = 64
55.092000000000006	EXP	text_2: text = 99
55.123000000000005	EXP	text_2: text = 128
55.153000000000006	EXP	text_2: text = 148
55.187000000000005	EXP	text_2: text = 186
55.237	EXP	text_2: text = 241
55.260000000000005	EXP	text_2: text = 262
55.295	EXP	text_2: text = 299
55.325	EXP	text_2: text = 330
55.347	DATA	Keydown:  
55.369	EXP	text_2: text = 369
55.369	EXP	text_2: autoDraw = false
55.369	EXP	Feedback: text = 337
55.369	EXP	Feedback: autoDraw = true
56.36	EXP	Feedback: autoDraw = false
56.36	EXP	Feedback: autoDraw = false
56.36	EXP	text_3: autoDraw = true
59.432	EXP	text_3: autoDraw = false
59.432	EXP	text_3: autoDraw = false
59.432	EXP	text_2: autoDraw = true
59.432	EXP	text_2: text = 0
59.46	EXP	text_2: text = 50
59.497	EXP	text_2: text = 82
59.532000000000004	EXP	text_2: text = 109
59.562000000000005	EXP	text_2: text = 153
59.59	EXP	text_2: text = 175
59.629000000000005	EXP	text_2: text = 220
59.655	EXP	text_2: text = 239
59.685	EXP	text_2: text = 260
59.716	DATA	Keydown:  
59.731	EXP	text_2: text = 316
59.731	EXP	text_2: autoDraw = false
59.731	EXP	Feedback: text = 285
59.731	EXP	Feedback: autoDraw = true
60.73700000000001	EXP	Feedback: autoDraw = false
60.73700000000001	EXP	Feedback: autoDraw = false
60.73700000000001	EXP	text_3: autoDraw = true
69.837	EXP	text_3: autoDraw = false
69.837	EXP	text_3: autoDraw = false
69.837	EXP	text_2: autoDraw = true
69.837	EXP	text_2: text = 1
69.886	EXP	text_2: text = 62
69.9	EXP	text_2: text = 79
69.924	EXP	text_2: text = 100
69.95400000000001	EXP	text_2: text = 123
70.031	EXP	text_2: text = 197
70.075	EXP	text_2: text = 227
70.104	EXP	text_2: text = 276
70.167	DATA	Keydown:  
70.181	EXP	text_2: text = 354
70.181	EXP	text_2: autoDraw = false
70.181	EXP	Feedback: text = 330
70.181	EXP	Feedback: autoDraw = true
71.169	EXP	Feedback: autoDraw = false
71.169	EXP	Feedback: autoDraw = false
71.169	EXP	text_3: autoDraw = true
73.98100000000001	DATA	Keydown:  
77.661	EXP	text_3: autoDraw = false
77.661	EXP	text_3: autoDraw = false
77.661	EXP	text_2: autoDraw = true
77.661	EXP	text_2: text = 0
77.688	EXP	text_2: text = 25
77.715	EXP	text_2: text = 59
77.74600000000001	EXP	text_2: text = 87
77.766	EXP	text_2: text = 109
77.8	EXP	text_2: text = 144
77.821	EXP	text_2: text = 167
77.85600000000001	EXP	text_2: text = 190
77.888	EXP	text_2: text = 227
77.906	EXP	text_2: text = 253
77.94	EXP	text_2: text = 275
77.965	EXP	text_2: text = 310
77.992	EXP	text_2: text = 334
77.99900000000001	DATA	Keydown:  
78.052	EXP	text_2: text = 359
78.052	EXP	text_2: autoDraw = false
78.052	EXP	Feedback: text = 338
78.052	EXP	Feedback: autoDraw = true
79.045	EXP	Feedback: autoDraw = false
79.045	EXP	Feedback: autoDraw = false
79.045	EXP	text_3: autoDraw = true
81.778	EXP	text_3: autoDraw = false
81.778	EXP	text_3: autoDraw = false
81.778	EXP	text_2: autoDraw = true
81.778	EXP	text_2: text = 1
81.813	EXP	text_2: text = 49
81.831	EXP	text_2: text = 68
81.852	EXP	text_2: text = 87
81.892	EXP	text_2: text = 117
81.914	EXP	text_2: text = 146
81.941	EXP	text_2: text = 172
81.964	EXP	text_2: text = 193
81.998	EXP	text_2: text = 230
82.055	EXP	text_2: text = 284
82.09100000000001	EXP	text_2: text = 317
82.11200000000001	EXP	text_2: text = 347
82.142	EXP	text_2: text = 373
82.18	EXP	text_2: text = 416
82.20400000000001	EXP	text_2: text = 436
82.214	DATA	Keydown:  
82.245	EXP	text_2: text = 462
82.245	EXP	text_2: autoDraw = false
82.245	EXP	Feedback: text = 436
82.245	EXP	Feedback: autoDraw = true
83.227	EXP	Feedback: autoDraw = false
83.227	EXP	Feedback: autoDraw = false
83.227	EXP	text_3: autoDraw = true
87.929	EXP	text_3: autoDraw = false
87.929	EXP	text_3: autoDraw = false
87.929	EXP	text_2: autoDraw = true
87.929	EXP	text_2: text = 0
87.949	EXP	text_2: text = 36
87.979	EXP	text_2: text = 59
88.038	EXP	text_2: text = 97
88.058	EXP	text_2: text = 145
88.108	EXP	text_2: text = 180
88.147	EXP	text_2: text = 232
88.169	EXP	text_2: text = 252
88.19200000000001	EXP	text_2: text = 273
88.221	EXP	text_2: text = 300
88.245	EXP	text_2: text = 330
88.267	EXP	text_2: text = 354
88.299	EXP	text_2: text = 376
88.32600000000001	EXP	text_2: text = 414
88.34100000000001	DATA	Keydown:  
88.36200000000001	EXP	text_2: text = 444
88.36200000000001	EXP	text_2: autoDraw = false
88.36200000000001	EXP	Feedback: text = 412
88.36200000000001	EXP	Feedback: autoDraw = true
89.383	EXP	Feedback: autoDraw = false
89.383	EXP	Feedback: autoDraw = false
89.383	EXP	text_3: autoDraw = true
96.49000000000001	EXP	text_3: autoDraw = false
96.49000000000001	EXP	text_3: autoDraw = false
96.49000000000001	EXP	text_2: autoDraw = true
96.49000000000001	EXP	text_2: text = 0
96.52	EXP	text_2: text = 41
96.559	EXP	text_2: text = 79
96.583	EXP	text_2: text = 100
96.614	EXP	text_2: text = 125
96.641	EXP	text_2: text = 161
96.67	EXP	text_2: text = 186
96.708	EXP	text_2: text = 229
96.723	EXP	text_2: text = 248
96.759	EXP	text_2: text = 279
96.788	EXP	text_2: text = 306
96.822	EXP	text_2: text = 346
96.837	DATA	Keydown:  
96.864	EXP	text_2: text = 373
96.864	EXP	text_2: autoDraw = false
96.864	EXP	Feedback: text = 347
96.864	EXP	Feedback: autoDraw = true
97.84100000000001	EXP	Feedback: autoDraw = false
97.84100000000001	EXP	Feedback: autoDraw = false
97.84100000000001	EXP	text_3: autoDraw = true
107.325	EXP	text_3: autoDraw = false
107.325	EXP	text_3: autoDraw = false
107.325	EXP	text_2: autoDraw = true
107.325	EXP	text_2: text = 1
107.377	EXP	text_2: text = 71
107.4	EXP	text_2: text = 94
107.431	EXP	text_2: text = 122
107.492	EXP	text_2: text = 181
107.598	EXP	text_2: text = 289
107.63	EXP	text_2: text = 315
107.675	DATA	Keydown:  
107.69500000000001	EXP	text_2: text = 382
107.69500000000001	EXP	text_2: autoDraw = false
107.69500000000001	EXP	Feedback: text = 350
107.69500000000001	EXP	Feedback: autoDraw = true
108.68	EXP	Feedback: autoDraw = false
108.68	EXP	Feedback: autoDraw = false
108.68	EXP	text_3: autoDraw = true
115.592	EXP	text_3: autoDraw = false
115.592	EXP	text_3: autoDraw = false
115.592	EXP	text_2: autoDraw = true
115.592	EXP	text_2: text = 0
115.613	EXP	text_2: text = 30
115.648	EXP	text_2: text = 67
115.671	EXP	text_2: text = 88
115.7	EXP	text_2: text = 111
115.729	EXP	text_2: text = 147
115.757	EXP	text_2: text = 166
115.776	EXP	text_2: text = 192
115.807	EXP	text_2: text = 213
115.83	EXP	text_2: text = 247
115.86	EXP	text_2: text = 270
115.896	EXP	text_2: text = 295
115.93	EXP	text_2: text = 348
115.94	DATA	Keydown:  
115.96000000000001	EXP	text_2: text = 370
115.96000000000001	EXP	text_2: autoDraw = false
115.96000000000001	EXP	Feedback: text = 349
115.96000000000001	EXP	Feedback: autoDraw = true
116.94800000000001	EXP	Feedback: autoDraw = false
116.94800000000001	EXP	Feedback: autoDraw = false
116.94800000000001	EXP	text_3: autoDraw = true
123.152	EXP	text_3: autoDraw = false
123.152	EXP	text_3: autoDraw = false
123.152	EXP	text_2: autoDraw = true
123.152	EXP	text_2: text = 0
123.19800000000001	EXP	text_2: text = 27
123.22800000000001	EXP	text_2: text = 79
123.253	EXP	text_2: text = 105
123.277	EXP	text_2: text = 124
123.31	EXP	text_2: text = 162
123.337	EXP	text_2: text = 191
123.35900000000001	EXP	text_2: text = 209
123.393	EXP	text_2: text = 247
123.412	EXP	text_2: text = 265
123.432	EXP	text_2: text = 288
123.479	EXP	text_2: text = 331
123.501	EXP	text_2: text = 350
123.507	DATA	Keydown:  
123.527	EXP	text_2: text = 374
123.527	EXP	text_2: autoDraw = false
123.527	EXP	Feedback: text = 355
123.527	EXP	Feedback: autoDraw = true
124.528	EXP	Feedback: autoDraw = false
124.528	EXP	Feedback: autoDraw = false
124.528	EXP	text_3: autoDraw = true
132.869	EXP	text_3: autoDraw = false
132.869	EXP	text_3: autoDraw = false
132.869	EXP	text_2: autoDraw = true
132.869	EXP	text_2: text = 0
132.89999999999998	EXP	text_2: text = 26
132.94	EXP	text_2: text = 79
132.963	EXP	text_2: text = 101
132.987	EXP	text_2: text = 121
133.036	EXP	text_2: text = 159
133.064	EXP	text_2: text = 199
133.09799999999998	EXP	text_2: text = 224
133.12099999999998	EXP	text_2: text = 260
133.149	EXP	text_2: text = 286
133.18099999999998	EXP	text_2: text = 308
133.207	EXP	text_2: text = 343
133.237	EXP	text_2: text = 376
133.279	EXP	text_2: text = 405
133.30499999999998	EXP	text_2: text = 445
133.337	EXP	text_2: text = 473
133.367	EXP	text_2: text = 495
133.40599999999998	EXP	text_2: text = 546
133.422	EXP	text_2: text = 564
133.45299999999997	EXP	text_2: text = 584
133.48399999999998	EXP	text_2: text = 610
133.512	EXP	text_2: text = 643
133.535	EXP	text_2: text = 672
133.559	EXP	text_2: text = 694
133.588	EXP	text_2: text = 727
133.60799999999998	EXP	text_2: text = 750
133.63799999999998	EXP	text_2: text = 770
133.67	EXP	text_2: text = 810
133.702	EXP	text_2: text = 830
133.71099999999998	DATA	Keydown:  
133.74099999999999	EXP	text_2: text = 880
133.74099999999999	EXP	text_2: autoDraw = false
133.74099999999999	EXP	Feedback: text = 843
133.74099999999999	EXP	Feedback: autoDraw = true
134.73899999999998	EXP	Feedback: autoDraw = false
134.73899999999998	EXP	Feedback: autoDraw = false
134.73899999999998	EXP	text_3: autoDraw = true
142.867	EXP	text_3: autoDraw = false
142.867	EXP	text_3: autoDraw = false
142.867	EXP	text_2: autoDraw = true
142.867	EXP	text_2: text = 0
142.891	EXP	text_2: text = 24
142.946	EXP	text_2: text = 89
142.96599999999998	EXP	text_2: text = 104
142.99499999999998	EXP	text_2: text = 129
143.041	EXP	text_2: text = 158
143.13899999999998	EXP	text_2: text = 280
143.158	EXP	text_2: text = 295
143.182	EXP	text_2: text = 316
143.20999999999998	EXP	text_2: text = 338
143.277	EXP	text_2: text = 417
143.28699999999998	DATA	Keydown:  
143.34799999999998	EXP	text_2: text = 485
143.34799999999998	EXP	text_2: autoDraw = false
143.34799999999998	EXP	Feedback: text = 421
143.34799999999998	EXP	Feedback: autoDraw = true
144.337	EXP	Feedback: autoDraw = false
144.337	EXP	Feedback: autoDraw = false
144.337	EXP	text_3: autoDraw = true
147.331	EXP	text_3: autoDraw = false
147.331	EXP	text_3: autoDraw = false
147.331	EXP	text_2: autoDraw = true
147.331	EXP	text_2: text = 1
147.368	EXP	text_2: text = 46
147.391	EXP	text_2: text = 65
147.416	EXP	text_2: text = 86
147.44899999999998	EXP	text_2: text = 124
147.47199999999998	EXP	text_2: text = 149
147.509	EXP	text_2: text = 171
147.53	EXP	text_2: text = 207
147.56	EXP	text_2: text = 234
147.57999999999998	EXP	text_2: text = 255
147.61499999999998	EXP	text_2: text = 293
147.631	EXP	text_2: text = 310
147.672	EXP	text_2: text = 343
147.677	DATA	Keydown:  
147.696	EXP	text_2: text = 368
147.696	EXP	text_2: autoDraw = false
147.696	EXP	Feedback: text = 346
147.696	EXP	Feedback: autoDraw = true
148.684	EXP	Feedback: autoDraw = false
148.684	EXP	Feedback: autoDraw = false
148.684	EXP	text_3: autoDraw = true
153.28699999999998	EXP	text_3: autoDraw = false
153.28699999999998	EXP	text_3: autoDraw = false
153.28699999999998	EXP	text_2: autoDraw = true
153.28699999999998	EXP	text_2: text = 0
153.309	EXP	text_2: text = 27
153.33399999999997	EXP	text_2: text = 49
153.362	EXP	text_2: text = 80
153.39	EXP	text_2: text = 103
153.41	EXP	text_2: text = 128
153.445	EXP	text_2: text = 166
153.45999999999998	EXP	text_2: text = 183
153.49599999999998	EXP	text_2: text = 216
153.51899999999998	EXP	text_2: text = 234
153.545	EXP	text_2: text = 257
153.557	DATA	Keydown:  
153.57899999999998	EXP	text_2: text = 296
153.57899999999998	EXP	text_2: autoDraw = false
153.57899999999998	EXP	Feedback: text = 271
153.57899999999998	EXP	Feedback: autoDraw = true
154.57799999999997	EXP	Feedback: autoDraw = false
154.57799999999997	EXP	Feedback: autoDraw = false
154.57799999999997	EXP	text_3: autoDraw = true
158.088	EXP	text_3: autoDraw = false
158.088	EXP	text_3: autoDraw = false
158.088	EXP	text_2: autoDraw = true
158.088	EXP	text_2: text = 0
158.10899999999998	EXP	text_2: text = 32
158.137	EXP	text_2: text = 52
158.16	EXP	text_2: text = 84
158.17999999999998	EXP	text_2: text = 108
158.20999999999998	EXP	text_2: text = 130
158.242	EXP	text_2: text = 167
158.26299999999998	EXP	text_2: text = 192
158.29899999999998	EXP	text_2: text = 211
158.325	EXP	text_2: text = 250
158.356	EXP	text_2: text = 277
158.378	EXP	text_2: text = 303
158.403	EXP	text_2: text = 327
158.42999999999998	EXP	text_2: text = 347
158.45899999999997	EXP	text_2: text = 383
158.48899999999998	EXP	text_2: text = 412
158.524	EXP	text_2: text = 433
158.535	DATA	Keydown:  
158.575	EXP	text_2: text = 502
158.575	EXP	text_2: autoDraw = false
158.575	EXP	Feedback: text = 447
158.575	EXP	Feedback: autoDraw = true
159.57399999999998	EXP	Feedback: autoDraw = false
159.57399999999998	EXP	Feedback: autoDraw = false
159.57399999999998	EXP	text_3: autoDraw = true
166.98399999999998	EXP	text_3: autoDraw = false
166.98399999999998	EXP	text_3: autoDraw = false
166.98399999999998	EXP	text_2: autoDraw = true
166.98399999999998	EXP	text_2: text = 0
167.028	EXP	text_2: text = 26
167.05499999999998	EXP	text_2: text = 84
167.089	EXP	text_2: text = 106
167.107	EXP	text_2: text = 132
167.136	EXP	text_2: text = 155
167.158	EXP	text_2: text = 180
167.188	EXP	text_2: text = 213
167.218	EXP	text_2: text = 240
167.238	EXP	text_2: text = 261
167.27499999999998	EXP	text_2: text = 300
167.289	EXP	text_2: text = 318
167.31199999999998	EXP	text_2: text = 340
167.34699999999998	EXP	text_2: text = 362
167.379	EXP	text_2: text = 396
167.384	DATA	Keydown:  
167.403	EXP	text_2: text = 423
167.403	EXP	text_2: autoDraw = false
167.403	EXP	Feedback: text = 400
167.403	EXP	Feedback: autoDraw = true
168.384	EXP	Feedback: autoDraw = false
168.384	EXP	Feedback: autoDraw = false
168.384	EXP	text_3: autoDraw = true
173.46499999999997	EXP	text_3: autoDraw = false
173.46499999999997	EXP	text_3: autoDraw = false
173.46499999999997	EXP	text_2: autoDraw = true
173.46499999999997	EXP	text_2: text = 0
173.49499999999998	EXP	text_2: text = 34
173.52499999999998	EXP	text_2: text = 61
173.565	EXP	text_2: text = 96
173.60999999999999	EXP	text_2: text = 143
173.636	EXP	text_2: text = 177
173.667	EXP	text_2: text = 213
173.689	EXP	text_2: text = 237
173.718	EXP	text_2: text = 256
173.75199999999998	EXP	text_2: text = 296
173.773	EXP	text_2: text = 319
173.797	EXP	text_2: text = 340
173.83499999999998	EXP	text_2: text = 379
173.85999999999999	EXP	text_2: text = 403
173.885	EXP	text_2: text = 424
173.898	DATA	Keydown:  
173.921	EXP	text_2: text = 462
173.921	EXP	text_2: autoDraw = false
173.921	EXP	Feedback: text = 433
173.921	EXP	Feedback: autoDraw = true
174.91799999999998	EXP	Feedback: autoDraw = false
174.91799999999998	EXP	Feedback: autoDraw = false
174.91799999999998	EXP	text_3: autoDraw = true
177.131	EXP	text_3: autoDraw = false
177.131	EXP	text_3: autoDraw = false
177.131	EXP	text_2: autoDraw = true
177.131	EXP	text_2: text = 0
177.15099999999998	EXP	text_2: text = 28
177.183	EXP	text_2: text = 62
177.20899999999997	EXP	text_2: text = 82
177.23	EXP	text_2: text = 108
177.259	EXP	text_2: text = 127
177.28199999999998	EXP	text_2: text = 161
177.31199999999998	EXP	text_2: text = 188
177.331	EXP	text_2: text = 209
177.36599999999999	EXP	text_2: text = 228
177.39999999999998	EXP	text_2: text = 278
177.421	EXP	text_2: text = 299
177.44699999999997	EXP	text_2: text = 323
177.47699999999998	EXP	text_2: text = 343
177.48399999999998	DATA	Keydown:  
177.51999999999998	EXP	text_2: text = 382
177.51999999999998	EXP	text_2: autoDraw = false
177.51999999999998	EXP	Feedback: text = 353
177.51999999999998	EXP	Feedback: autoDraw = true
178.492	EXP	Feedback: autoDraw = false
178.492	EXP	Feedback: autoDraw = false
178.492	EXP	text_3: autoDraw = true
184.36999999999998	EXP	text_3: autoDraw = false
184.36999999999998	EXP	text_3: autoDraw = false
184.36999999999998	EXP	text_2: autoDraw = true
184.36999999999998	EXP	text_2: text = 0
184.39499999999998	EXP	text_2: text = 41
184.42	EXP	text_2: text = 60
184.44699999999997	EXP	text_2: text = 88
184.48	EXP	text_2: text = 124
184.50799999999998	EXP	text_2: text = 148
184.546	EXP	text_2: text = 172
184.57899999999998	EXP	text_2: text = 224
184.60799999999998	EXP	text_2: text = 250
184.628	EXP	text_2: text = 271
184.664	EXP	text_2: text = 309
184.688	EXP	text_2: text = 328
184.694	DATA	Keydown:  
184.72299999999998	EXP	text_2: text = 353
184.72299999999998	EXP	text_2: autoDraw = false
184.72299999999998	EXP	Feedback: text = 324
184.72299999999998	EXP	Feedback: autoDraw = true
185.7	EXP	Feedback: autoDraw = false
185.7	EXP	Feedback: autoDraw = false
185.7	EXP	text_3: autoDraw = true
194.10999999999999	EXP	text_3: autoDraw = false
194.10999999999999	EXP	text_3: autoDraw = false
194.10999999999999	EXP	text_2: autoDraw = true
194.10999999999999	EXP	text_2: text = 0
194.146	EXP	text_2: text = 34
194.177	EXP	text_2: text = 58
194.20899999999997	EXP	text_2: text = 99
194.23899999999998	EXP	text_2: text = 121
194.27599999999998	EXP	text_2: text = 167
194.29299999999998	EXP	text_2: text = 186
194.32199999999997	EXP	text_2: text = 206
194.35799999999998	EXP	text_2: text = 250
194.384	EXP	text_2: text = 269
194.40699999999998	EXP	text_2: text = 292
194.44199999999998	EXP	text_2: text = 333
194.47199999999998	EXP	text_2: text = 361
194.47799999999998	DATA	Keydown:  
194.515	EXP	text_2: text = 399
194.515	EXP	text_2: autoDraw = false
194.515	EXP	Feedback: text = 371
194.515	EXP	Feedback: autoDraw = true
195.509	EXP	Feedback: autoDraw = false
195.509	EXP	Feedback: autoDraw = false
195.509	EXP	text_3: autoDraw = true
202.24499999999998	EXP	text_3: autoDraw = false
202.24499999999998	EXP	text_3: autoDraw = false
202.24499999999998	EXP	text_2: autoDraw = true
202.24499999999998	EXP	text_2: text = 0
202.268	EXP	text_2: text = 23
202.29999999999998	EXP	text_2: text = 44
202.32199999999997	EXP	text_2: text = 79
202.33999999999997	EXP	text_2: text = 103
202.37099999999998	EXP	text_2: text = 123
202.409	EXP	text_2: text = 163
202.43599999999998	EXP	text_2: text = 189
202.45899999999997	EXP	text_2: text = 218
202.487	EXP	text_2: text = 248
202.515	EXP	text_2: text = 270
202.539	DATA	Keydown:  
202.55499999999998	EXP	text_2: text = 316
202.55499999999998	EXP	text_2: autoDraw = false
202.55499999999998	EXP	Feedback: text = 294
202.55499999999998	EXP	Feedback: autoDraw = true
203.551	EXP	Feedback: autoDraw = false
203.551	EXP	Feedback: autoDraw = false
203.551	EXP	text_3: autoDraw = true
210.045	EXP	text_3: autoDraw = false
210.045	EXP	text_3: autoDraw = false
210.045	EXP	text_2: autoDraw = true
210.045	EXP	text_2: text = 0
210.07899999999998	EXP	text_2: text = 33
210.099	EXP	text_2: text = 68
210.131	EXP	text_2: text = 97
210.159	EXP	text_2: text = 122
210.178	EXP	text_2: text = 144
210.2	EXP	text_2: text = 164
210.23399999999998	EXP	text_2: text = 201
210.262	EXP	text_2: text = 228
210.284	EXP	text_2: text = 249
210.307	DATA	Keydown:  
210.321	EXP	text_2: text = 289
210.321	EXP	text_2: autoDraw = false
210.321	EXP	Feedback: text = 263
210.321	EXP	Feedback: autoDraw = true
211.31599999999997	EXP	Feedback: autoDraw = false
211.31599999999997	EXP	Feedback: autoDraw = false
211.31599999999997	EXP	text_3: autoDraw = true
216.25	EXP	text_3: autoDraw = false
216.25	EXP	text_3: autoDraw = false
216.25	EXP	text_2: autoDraw = true
216.25	EXP	text_2: text = 0
216.28099999999998	EXP	text_2: text = 39
216.309	EXP	text_2: text = 65
216.339	EXP	text_2: text = 87
216.36499999999998	EXP	text_2: text = 122
216.39	EXP	text_2: text = 147
216.42	EXP	text_2: text = 169
216.446	EXP	text_2: text = 206
216.47	EXP	text_2: text = 229
216.50699999999998	EXP	text_2: text = 249
216.528	EXP	text_2: text = 284
216.54	DATA	Keydown:  
216.57199999999997	EXP	text_2: text = 323
216.57199999999997	EXP	text_2: autoDraw = false
216.57199999999997	EXP	Feedback: text = 291
216.57199999999997	EXP	Feedback: autoDraw = true
217.56599999999997	EXP	Feedback: autoDraw = false
217.56599999999997	EXP	Feedback: autoDraw = false
217.56599999999997	EXP	text_3: autoDraw = true
220.981	EXP	text_3: autoDraw = false
220.981	EXP	text_3: autoDraw = false
220.981	EXP	text_2: autoDraw = true
220.981	EXP	text_2: text = 0
220.999	EXP	text_2: text = 19
221.04299999999998	EXP	text_2: text = 42
221.07799999999997	EXP	text_2: text = 96
221.09599999999998	EXP	text_2: text = 118
221.123	EXP	text_2: text = 138
221.15599999999998	EXP	text_2: text = 162
221.178	EXP	text_2: text = 196
221.207	EXP	text_2: text = 223
221.22899999999998	EXP	text_2: text = 251
221.261	EXP	text_2: text = 281
221.26899999999998	DATA	Keydown:  
221.289	EXP	text_2: text = 302
221.289	EXP	text_2: autoDraw = false
221.289	EXP	Feedback: text = 289
221.289	EXP	Feedback: autoDraw = true
222.27499999999998	EXP	Feedback: autoDraw = false
222.27499999999998	EXP	Feedback: autoDraw = false
222.27499999999998	EXP	text_3: autoDraw = true
231.50199999999998	EXP	text_3: autoDraw = false
231.50199999999998	EXP	text_3: autoDraw = false
231.50199999999998	EXP	text_2: autoDraw = true
231.50199999999998	EXP	text_2: text = 0
231.523	EXP	text_2: text = 31
231.55599999999998	EXP	text_2: text = 63
231.588	EXP	text_2: text = 91
231.607	EXP	text_2: text = 114
231.63799999999998	EXP	text_2: text = 147
231.66199999999998	EXP	text_2: text = 169
231.689	EXP	text_2: text = 192
231.72199999999998	EXP	text_2: text = 233
231.73999999999998	EXP	text_2: text = 252
231.762	EXP	text_2: text = 273
231.79299999999998	EXP	text_2: text = 292
231.82199999999997	EXP	text_2: text = 331
231.85199999999998	EXP	text_2: text = 354
231.873	EXP	text_2: text = 379
231.88899999999998	DATA	Keydown:  
231.91	EXP	text_2: text = 415
231.91	EXP	text_2: autoDraw = false
231.91	EXP	Feedback: text = 387
231.91	EXP	Feedback: autoDraw = true
232.904	EXP	Feedback: autoDraw = false
232.904	EXP	Feedback: autoDraw = false
232.904	EXP	text_3: autoDraw = true
235.381	EXP	text_3: autoDraw = false
235.381	EXP	text_3: autoDraw = false
235.381	EXP	text_2: autoDraw = true
235.381	EXP	text_2: text = 1
235.402	EXP	text_2: text = 28
235.434	EXP	text_2: text = 57
235.45499999999998	EXP	text_2: text = 82
235.481	EXP	text_2: text = 104
235.506	EXP	text_2: text = 126
235.53699999999998	EXP	text_2: text = 165
235.558	EXP	text_2: text = 188
235.588	EXP	text_2: text = 208
235.617	EXP	text_2: text = 237
235.637	EXP	text_2: text = 265
235.661	EXP	text_2: text = 289
235.69799999999998	EXP	text_2: text = 312
235.708	DATA	Keydown:  
235.72699999999998	EXP	text_2: text = 348
235.72699999999998	EXP	text_2: autoDraw = false
235.72699999999998	EXP	Feedback: text = 327
235.72699999999998	EXP	Feedback: autoDraw = true
236.726	EXP	Feedback: autoDraw = false
236.726	EXP	Feedback: autoDraw = false
236.726	EXP	text_3: autoDraw = true
243.647	EXP	text_3: autoDraw = false
243.647	EXP	text_3: autoDraw = false
243.647	EXP	text_2: autoDraw = true
243.647	EXP	text_2: text = 0
243.682	EXP	text_2: text = 50
243.702	EXP	text_2: text = 65
243.731	EXP	text_2: text = 89
243.76899999999998	EXP	text_2: text = 133
243.789	EXP	text_2: text = 152
243.81699999999998	EXP	text_2: text = 176
243.85	EXP	text_2: text = 216
243.87599999999998	EXP	text_2: text = 235
243.89499999999998	EXP	text_2: text = 258
243.933	EXP	text_2: text = 299
243.952	EXP	text_2: text = 317
243.97899999999998	EXP	text_2: text = 341
244.021	EXP	text_2: text = 368
244.028	DATA	Keydown:  
244.058	EXP	text_2: text = 415
244.058	EXP	text_2: autoDraw = false
244.058	EXP	Feedback: text = 381
244.058	EXP	Feedback: autoDraw = true
245.07299999999998	EXP	Feedback: autoDraw = false
245.07299999999998	EXP	Feedback: autoDraw = false
245.07299999999998	EXP	text_3: autoDraw = true
251.684	EXP	text_3: autoDraw = false
251.684	EXP	text_3: autoDraw = false
251.684	EXP	text_2: autoDraw = true
251.684	EXP	text_2: text = 0
251.7	EXP	text_2: text = 19
251.72899999999998	EXP	text_2: text = 40
251.76299999999998	EXP	text_2: text = 83
251.78199999999998	EXP	text_2: text = 100
251.81199999999998	EXP	text_2: text = 123
251.84199999999998	EXP	text_2: text = 148
251.862	EXP	text_2: text = 180
251.88899999999998	EXP	text_2: text = 205
251.91199999999998	EXP	text_2: text = 225
251.94199999999998	EXP	text_2: text = 252
251.96499999999997	EXP	text_2: text = 281
251.988	EXP	text_2: text = 306
252.052	EXP	text_2: text = 338
252.058	DATA	Keydown:  
252.08999999999997	EXP	text_2: text = 397
252.08999999999997	EXP	text_2: autoDraw = false
252.08999999999997	EXP	Feedback: text = 374
252.08999999999997	EXP	Feedback: autoDraw = true
253.09299999999996	EXP	Feedback: autoDraw = false
253.09299999999996	EXP	Feedback: autoDraw = false
253.09299999999996	EXP	text_3: autoDraw = true
256.695	EXP	text_3: autoDraw = false
256.695	EXP	text_3: autoDraw = false
256.695	EXP	text_2: autoDraw = true
256.695	EXP	text_2: text = 0
256.711	EXP	text_2: text = 20
256.736	EXP	text_2: text = 41
256.76599999999996	EXP	text_2: text = 63
256.795	EXP	text_2: text = 104
256.817	EXP	text_2: text = 124
256.851	EXP	text_2: text = 145
256.885	EXP	text_2: text = 183
256.918	EXP	text_2: text = 223
256.94599999999997	EXP	text_2: text = 249
256.96999999999997	EXP	text_2: text = 274
257.012	EXP	text_2: text = 296
257.021	DATA	Keydown:  
257.056	EXP	text_2: text = 360
257.056	EXP	text_2: autoDraw = false
257.056	EXP	Feedback: text = 326
257.056	EXP	Feedback: autoDraw = true
258.07599999999996	EXP	Feedback: autoDraw = false
258.07599999999996	EXP	Feedback: autoDraw = false
258.07599999999996	EXP	text_3: autoDraw = true
263.405	EXP	text_3: autoDraw = false
263.405	EXP	text_3: autoDraw = false
263.405	EXP	text_2: autoDraw = true
263.405	EXP	text_2: text = 0
263.43899999999996	EXP	text_2: text = 47
263.461	EXP	text_2: text = 65
263.481	EXP	text_2: text = 88
263.518	EXP	text_2: text = 108
263.53999999999996	EXP	text_2: text = 145
263.561	EXP	text_2: text = 169
263.59	EXP	text_2: text = 190
263.621	EXP	text_2: text = 216
263.657	EXP	text_2: text = 265
263.679	EXP	text_2: text = 288
263.70799999999997	EXP	text_2: text = 309
263.717	DATA	Keydown:  
263.74899999999997	EXP	text_2: text = 345
263.74899999999997	EXP	text_2: autoDraw = false
263.74899999999997	EXP	Feedback: text = 312
263.74899999999997	EXP	Feedback: autoDraw = true
264.74199999999996	EXP	Feedback: autoDraw = false
264.74199999999996	EXP	Feedback: autoDraw = false
264.74199999999996	EXP	text_3: autoDraw = true
273.642	EXP	text_3: autoDraw = false
273.642	EXP	text_3: autoDraw = false
273.642	EXP	text_2: autoDraw = true
273.642	EXP	text_2: text = 0
273.65999999999997	EXP	text_2: text = 24
273.691	EXP	text_2: text = 44
273.719	EXP	text_2: text = 80
273.741	EXP	text_2: text = 104
273.769	EXP	text_2: text = 125
273.801	EXP	text_2: text = 163
273.83099999999996	EXP	text_2: text = 193
273.851	EXP	text_2: text = 211
273.895	EXP	text_2: text = 247
273.916	EXP	text_2: text = 275
273.94599999999997	EXP	text_2: text = 297
273.971	EXP	text_2: text = 330
273.99	EXP	text_2: text = 355
274.03999999999996	EXP	text_2: text = 376
274.04699999999997	DATA	Keydown:  
274.079	EXP	text_2: text = 430
274.079	EXP	text_2: autoDraw = false
274.079	EXP	Feedback: text = 405
274.079	EXP	Feedback: autoDraw = true
275.08	EXP	Feedback: autoDraw = false
275.08	EXP	Feedback: autoDraw = false
275.08	EXP	text_3: autoDraw = true
281.558	EXP	text_3: autoDraw = false
281.558	EXP	text_3: autoDraw = false
281.558	EXP	text_2: autoDraw = true
281.558	EXP	text_2: text = 0
281.59999999999997	EXP	text_2: text = 48
281.621	EXP	text_2: text = 65
281.65999999999997	EXP	text_2: text = 89
281.699	EXP	text_2: text = 140
281.74199999999996	EXP	text_2: text = 185
281.767	EXP	text_2: text = 210
281.817	EXP	text_2: text = 258
281.844	EXP	text_2: text = 282
281.87	EXP	text_2: text = 309
281.92	DATA	Keydown:  
281.935	EXP	text_2: text = 380
281.935	EXP	text_2: autoDraw = false
281.935	EXP	Feedback: text = 362
281.935	EXP	Feedback: autoDraw = true
282.941	EXP	Feedback: autoDraw = false
282.941	EXP	Feedback: autoDraw = false
282.941	EXP	text_3: autoDraw = true
285.866	EXP	text_3: autoDraw = false
285.866	EXP	text_3: autoDraw = false
285.866	EXP	text_2: autoDraw = true
285.866	EXP	text_2: text = 0
285.896	EXP	text_2: text = 39
285.929	EXP	text_2: text = 78
285.96	EXP	text_2: text = 101
285.996	EXP	text_2: text = 147
286.037	EXP	text_2: text = 174
286.077	EXP	text_2: text = 208
286.102	EXP	text_2: text = 244
286.14	EXP	text_2: text = 278
286.176	EXP	text_2: text = 309
286.20599999999996	EXP	text_2: text = 345
286.238	EXP	text_2: text = 377
286.25	DATA	Keydown:  
286.277	EXP	text_2: text = 412
286.277	EXP	text_2: autoDraw = false
286.277	EXP	Feedback: text = 384
286.277	EXP	Feedback: autoDraw = true
287.255	EXP	Feedback: autoDraw = false
287.255	EXP	Feedback: autoDraw = false
287.255	EXP	text_3: autoDraw = true
292.96799999999996	EXP	text_3: autoDraw = false
292.96799999999996	EXP	text_3: autoDraw = false
292.96799999999996	EXP	text_2: autoDraw = true
292.96799999999996	EXP	text_2: text = 0
293.02299999999997	EXP	text_2: text = 67
293.079	EXP	text_2: text = 129
293.109	EXP	text_2: text = 184
293.144	EXP	text_2: text = 205
293.176	EXP	text_2: text = 244
293.20599999999996	EXP	text_2: text = 272
293.235	EXP	text_2: text = 300
293.257	EXP	text_2: text = 329
293.294	EXP	text_2: text = 363
293.325	EXP	text_2: text = 389
293.335	DATA	Keydown:  
293.36899999999997	EXP	text_2: text = 433
293.36899999999997	EXP	text_2: autoDraw = false
293.36899999999997	EXP	Feedback: text = 367
293.36899999999997	EXP	Feedback: autoDraw = true
294.371	EXP	Feedback: autoDraw = false
294.371	EXP	Feedback: autoDraw = false
294.371	EXP	text_3: autoDraw = true
302.416	EXP	text_3: autoDraw = false
302.416	EXP	text_3: autoDraw = false
302.416	EXP	text_2: autoDraw = true
302.416	EXP	text_2: text = 0
302.436	EXP	text_2: text = 24
302.479	EXP	text_2: text = 60
302.501	EXP	text_2: text = 87
302.52299999999997	EXP	text_2: text = 107
302.556	EXP	text_2: text = 144
302.589	EXP	text_2: text = 171
302.631	EXP	text_2: text = 209
302.671	EXP	text_2: text = 262
302.68899999999996	EXP	text_2: text = 282
302.71999999999997	EXP	text_2: text = 301
302.75399999999996	EXP	text_2: text = 347
302.771	EXP	text_2: text = 363
302.806	EXP	text_2: text = 395
302.812	DATA	Keydown:  
302.827	EXP	text_2: text = 416
302.827	EXP	text_2: autoDraw = false
302.827	EXP	Feedback: text = 397
302.827	EXP	Feedback: autoDraw = true
303.836	EXP	Feedback: autoDraw = false
303.836	EXP	Feedback: autoDraw = false
303.836	EXP	text_3: autoDraw = true
308.317	EXP	text_3: autoDraw = false
308.317	EXP	text_3: autoDraw = false
308.317	EXP	text_2: autoDraw = true
308.317	EXP	text_2: text = 0
308.34999999999997	EXP	text_2: text = 34
308.392	EXP	text_2: text = 80
308.419	EXP	text_2: text = 101
308.457	EXP	text_2: text = 142
308.48699999999997	EXP	text_2: text = 170
308.52	EXP	text_2: text = 210
308.56	EXP	text_2: text = 236
308.596	EXP	text_2: text = 272
308.632	EXP	text_2: text = 313
308.707	EXP	text_2: text = 343
308.726	DATA	Keydown:  
308.756	EXP	text_2: text = 446
308.756	EXP	text_2: autoDraw = false
308.756	EXP	Feedback: text = 409
308.756	EXP	Feedback: autoDraw = true
309.743	EXP	Feedback: autoDraw = false
309.743	EXP	Feedback: autoDraw = false
309.743	EXP	text_3: autoDraw = true
314.08099999999996	EXP	text_3: autoDraw = false
314.08099999999996	EXP	text_3: autoDraw = false
314.08099999999996	EXP	text_2: autoDraw = true
314.08099999999996	EXP	text_2: text = 0
314.12	EXP	text_2: text = 55
314.151	EXP	text_2: text = 82
314.19	EXP	text_2: text = 118
314.226	EXP	text_2: text = 149
314.25	EXP	text_2: text = 185
314.28499999999997	EXP	text_2: text = 211
314.316	EXP	text_2: text = 247
314.359	EXP	text_2: text = 286
314.394	EXP	text_2: text = 317
314.43	EXP	text_2: text = 352
314.438	DATA	Keydown:  
314.471	EXP	text_2: text = 405
314.471	EXP	text_2: autoDraw = false
314.471	EXP	Feedback: text = 359
314.471	EXP	Feedback: autoDraw = true
315.466	EXP	Feedback: autoDraw = false
315.466	EXP	Feedback: autoDraw = false
315.466	EXP	text_3: autoDraw = true
317.549	EXP	text_3: autoDraw = false
317.549	EXP	text_3: autoDraw = false
317.549	EXP	text_2: autoDraw = true
317.549	EXP	text_2: text = 0
317.582	EXP	text_2: text = 37
317.615	EXP	text_2: text = 71
317.658	EXP	text_2: text = 98
317.707	EXP	text_2: text = 162
317.729	EXP	text_2: text = 184
317.764	EXP	text_2: text = 215
317.80899999999997	EXP	text_2: text = 260
317.841	EXP	text_2: text = 285
317.889	EXP	text_2: text = 343
317.914	EXP	text_2: text = 366
317.929	DATA	Keydown:  
317.95	EXP	text_2: text = 406
317.95	EXP	text_2: autoDraw = false
317.95	EXP	Feedback: text = 380
317.95	EXP	Feedback: autoDraw = true
318.955	EXP	Feedback: autoDraw = false
318.955	EXP	Feedback: autoDraw = false
318.955	EXP	text_3: autoDraw = true
323.339	EXP	text_3: autoDraw = false
323.339	EXP	text_3: autoDraw = false
323.339	EXP	text_2: autoDraw = true
323.339	EXP	text_2: text = 0
323.36199999999997	EXP	text_2: text = 30
323.40299999999996	EXP	text_2: text = 66
323.425	EXP	text_2: text = 95
323.462	EXP	text_2: text = 125
323.51099999999997	EXP	text_2: text = 167
323.541	EXP	text_2: text = 206
323.572	EXP	text_2: text = 236
323.604	EXP	text_2: text = 267
323.625	EXP	text_2: text = 295
323.64	DATA	Keydown:  
323.67	EXP	text_2: text = 333
323.67	EXP	text_2: autoDraw = false
323.67	EXP	Feedback: text = 301
323.67	EXP	Feedback: autoDraw = true
324.654	EXP	Feedback: autoDraw = false
324.654	EXP	Feedback: autoDraw = false
324.654	EXP	text_3: autoDraw = true
326.967	EXP	text_3: autoDraw = false
326.967	EXP	text_3: autoDraw = false
326.967	EXP	text_2: autoDraw = true
326.967	EXP	text_2: text = 0
326.996	EXP	text_2: text = 22
327.036	EXP	text_2: text = 60
327.073	EXP	text_2: text = 92
327.108	EXP	text_2: text = 145
327.137	EXP	text_2: text = 166
327.157	EXP	text_2: text = 189
327.197	EXP	text_2: text = 228
327.211	EXP	text_2: text = 248
327.23199999999997	EXP	text_2: text = 269
327.255	DATA	Keydown:  
327.27799999999996	EXP	text_2: text = 312
327.27799999999996	EXP	text_2: autoDraw = false
327.27799999999996	EXP	Feedback: text = 288
327.27799999999996	EXP	Feedback: autoDraw = true
328.272	EXP	Feedback: autoDraw = false
328.272	EXP	Feedback: autoDraw = false
328.272	EXP	text_3: autoDraw = true
332.66499999999996	EXP	text_3: autoDraw = false
332.66499999999996	EXP	text_3: autoDraw = false
332.66499999999996	EXP	text_2: autoDraw = true
332.66499999999996	EXP	text_2: text = 0
332.688	EXP	text_2: text = 20
332.719	EXP	text_2: text = 41
332.767	EXP	text_2: text = 106
332.78999999999996	EXP	text_2: text = 124
332.813	EXP	text_2: text = 148
332.839	EXP	text_2: text = 170
332.90299999999996	EXP	text_2: text = 241
332.925	EXP	text_2: text = 258
332.955	EXP	text_2: text = 283
332.961	DATA	Keydown:  
332.995	EXP	text_2: text = 327
332.995	EXP	text_2: autoDraw = false
332.995	EXP	Feedback: text = 296
332.995	EXP	Feedback: autoDraw = true
334.045	EXP	Feedback: autoDraw = false
334.045	EXP	Feedback: autoDraw = false
334.045	EXP	End_text: autoDraw = true
345.114	DATA	Keydown:  
346.416	DATA	Mouse: 0 button down, pos=(810,313)
346.579	DATA	Mouse: 0 button down, pos=(810,313)
352.74199999999996	DATA	Mouse: 0 button down, pos=(792,382)
352.972	DATA	Mouse: 0 button down, pos=(792,382)
