0.06000000000000005	EXP	Created Window = Window( name=Window, fullscr=true, color=#000000, units=height, waitBlanking=true, autoLog=true, size=[1280,625] )
0.873	DATA	Keydown: Shift
2.016	DATA	Keydown: Shift
2.1310000000000002	DATA	Keydown: F
2.207	DATA	Keydown: S
2.9800000000000004	DATA	Keydown: 4
3.0710000000000006	DATA	Keydown: 1
3.202	DATA	Keydown: 2
3.255	DATA	Keydown: 4
3.417	DATA	Keydown: 3
3.691	DATA	Keydown: Tab
7.308000000000001	EXP	Created text = TextStim( name=text, win=Window( name=Window, fullscr=true, color=#000000, ~), autoDraw=null, autoLog=true, units=height, ori=null, opacity=1, pos=[0,0], size=undefined, text=INSTRUCTIONS [EN]


A counter will appear and star~, font=Arial, color=#FFFFFF, contrast=1, height=0.03, bold=null, italic=null, alignHoriz=left, alignVert=center, wrapWidth=1, flipHoriz=null, flipVert=null )
7.311000000000001	EXP	Created text_3 = TextStim( name=text_3, win=Window( name=Window, fullscr=true, color=#000000, ~), autoDraw=null, autoLog=true, units=height, ori=null, opacity=1, pos=[0,0], size=undefined, text=null, font=Arial, color=#FFFFFF, contrast=1, height=0.1, bold=null, italic=null, alignHoriz=left, alignVert=center, wrapWidth=1, flipHoriz=null, flipVert=null )
7.313	EXP	Created text_2 = TextStim( name=text_2, win=Window( name=Window, fullscr=true, color=#000000, ~), autoDraw=null, autoLog=true, units=height, ori=null, opacity=1, pos=[0,0], size=undefined, text=default text, font=Arial, color=#ff0000, contrast=1, height=0.15, bold=null, italic=null, alignHoriz=left, alignVert=center, wrapWidth=1, flipHoriz=null, flipVert=null )
7.314000000000001	EXP	Created Feedback = TextStim( name=Feedback, win=Window( name=Window, fullscr=true, color=#000000, ~), autoDraw=null, autoLog=true, units=height, ori=null, opacity=1, pos=[0,0], size=undefined, text=default text, font=Arial, color=#ff0000, contrast=1, height=0.15, bold=null, italic=null, alignHoriz=left, alignVert=center, wrapWidth=1, flipHoriz=null, flipVert=null )
7.316	EXP	Created End_text = TextStim( name=End_text, win=Window( name=Window, fullscr=true, color=#000000, ~), autoDraw=null, autoLog=true, units=height, ori=null, opacity=1, pos=[0,0], size=undefined, text=This study aimed to look at procedural learning, i~, font=Arial, color=#FFFFFF, contrast=1, height=0.025, bold=null, italic=null, alignHoriz=left, alignVert=center, wrapWidth=1, flipHoriz=null, flipVert=null )
7.354	EXP	text: units = "height"
7.354	EXP	text: ori = 0
7.354	EXP	text: opacity = 1
7.354	EXP	text: pos = [0,0]
7.354	EXP	text: size = undefined
7.354	EXP	text: text = "INSTRUCTIONS [EN]\n\n\nA counter will appear and start counting at random times, press SPACE as fast as possible when it appears.\n\n\nPress SPACE to start\n\n-------\n\nInstruções [PT]\n\n\nUm cronómetro vai aparecer e começar a contar aleatoriamente, pressione a tecla SPACE assim que ele aparecer.\n\n\nPressiona SPACE para começar."
7.354	EXP	text: font = "Arial"
7.354	EXP	text: color = {"_hex":"#FFFFFF","_rgb":[1,1,1]}
7.354	EXP	text: contrast = 1
7.354	EXP	text: height = 0.03
7.354	EXP	text: bold = false
7.354	EXP	text: italic = false
7.354	EXP	text: alignHoriz = "left"
7.354	EXP	text: alignVert = "center"
7.354	EXP	text: wrapWidth = 1
7.354	EXP	text: flipHoriz = false
7.354	EXP	text: flipVert = false
7.354	EXP	text_3: units = "height"
7.354	EXP	text_3: ori = 0
7.354	EXP	text_3: opacity = 1
7.354	EXP	text_3: pos = [0,0]
7.354	EXP	text_3: size = undefined
7.354	EXP	text_3: text = ""
7.354	EXP	text_3: font = "Arial"
7.354	EXP	text_3: color = {"_hex":"#FFFFFF","_rgb":[1,1,1]}
7.354	EXP	text_3: contrast = 1
7.354	EXP	text_3: height = 0.1
7.354	EXP	text_3: bold = false
7.354	EXP	text_3: italic = false
7.354	EXP	text_3: alignHoriz = "left"
7.354	EXP	text_3: alignVert = "center"
7.354	EXP	text_3: wrapWidth = 1
7.354	EXP	text_3: flipHoriz = false
7.354	EXP	text_3: flipVert = false
7.354	EXP	text_2: units = "height"
7.354	EXP	text_2: ori = 0
7.354	EXP	text_2: opacity = 1
7.354	EXP	text_2: pos = [0,0]
7.354	EXP	text_2: size = undefined
7.354	EXP	text_2: text = "default text"
7.354	EXP	text_2: font = "Arial"
7.354	EXP	text_2: color = {"_rgb":[1,0,0]}
7.354	EXP	text_2: contrast = 1
7.354	EXP	text_2: height = 0.15
7.354	EXP	text_2: bold = false
7.354	EXP	text_2: italic = false
7.354	EXP	text_2: alignHoriz = "left"
7.354	EXP	text_2: alignVert = "center"
7.354	EXP	text_2: wrapWidth = 1
7.354	EXP	text_2: flipHoriz = false
7.354	EXP	text_2: flipVert = false
7.354	EXP	Feedback: units = "height"
7.354	EXP	Feedback: ori = 0
7.354	EXP	Feedback: opacity = 1
7.354	EXP	Feedback: pos = [0,0]
7.354	EXP	Feedback: size = undefined
7.354	EXP	Feedback: text = "default text"
7.354	EXP	Feedback: font = "Arial"
7.354	EXP	Feedback: color = {"_rgb":[1,0,0]}
7.354	EXP	Feedback: contrast = 1
7.354	EXP	Feedback: height = 0.15
7.354	EXP	Feedback: bold = false
7.354	EXP	Feedback: italic = false
7.354	EXP	Feedback: alignHoriz = "left"
7.354	EXP	Feedback: alignVert = "center"
7.354	EXP	Feedback: wrapWidth = 1
7.354	EXP	Feedback: flipHoriz = false
7.354	EXP	Feedback: flipVert = false
7.354	EXP	End_text: units = "height"
7.354	EXP	End_text: ori = 0
7.354	EXP	End_text: opacity = 1
7.354	EXP	End_text: pos = [0,0]
7.354	EXP	End_text: size = undefined
7.354	EXP	End_text: text = "This study aimed to look at procedural learning, i.e. our ability to extract patterns from the input that we are constantly receiving. This skill is thought to be essential for language and literacy acquisition and has been suggested as a possible underlying difficult in children with Language Impairments and Dyslexia. This study aims to improve the measures of procedural learning (the smiley face task) so that we can measure procedural learning more reliably and, in the future, analyse the performance of individuals with learning impairments.\nThank you for participating!\n\n----\n\nEste estudo tem como objectivo analisar a nossa capacidade de extrair padrões da informação que estamos constantemente a receber. Pensa-se que esta competência é essencial para a aquisição da linguagem e literacia e foi sugerido que dificuldades neste tipo de competências poderá estar relacionado com perturbações da linguagem e Dislexia. Este estudo tem como objectivo melhorar a estabilidade das medidas usadas para medir este tipo de memória (a tarefa da cara sorridente) de forma a poder medir de forma mais precisa e, no futuro, analisar a performance de indivíduos com perturbações da aprendizagem. \nMuito obrigada por ter participado!"
7.354	EXP	End_text: font = "Arial"
7.354	EXP	End_text: color = {"_hex":"#FFFFFF","_rgb":[1,1,1]}
7.354	EXP	End_text: contrast = 1
7.354	EXP	End_text: height = 0.025
7.354	EXP	End_text: bold = false
7.354	EXP	End_text: italic = false
7.354	EXP	End_text: alignHoriz = "left"
7.354	EXP	End_text: alignVert = "center"
7.354	EXP	End_text: wrapWidth = 1
7.354	EXP	End_text: flipHoriz = false
7.354	EXP	End_text: flipVert = false
7.354	EXP	text: autoDraw = true
11.228	DATA	Keydown:  
11.258999999999999	EXP	text: autoDraw = false
11.258999999999999	EXP	text_3: autoDraw = true
14.017	EXP	text_3: autoDraw = false
14.017	EXP	text_3: autoDraw = false
14.017	EXP	text_2: autoDraw = true
14.017	EXP	text_2: text = 0
14.030999999999999	EXP	text_2: text = 23
14.056999999999999	EXP	text_2: text = 49
14.072999999999999	EXP	text_2: text = 65
14.091	EXP	text_2: text = 82
14.106999999999998	EXP	text_2: text = 98
14.124999999999998	EXP	text_2: text = 116
14.141	EXP	text_2: text = 132
14.158	EXP	text_2: text = 149
14.173999999999998	EXP	text_2: text = 166
14.19	EXP	text_2: text = 181
14.208	EXP	text_2: text = 199
14.220999999999998	EXP	text_2: text = 215
14.237	EXP	text_2: text = 232
14.252999999999998	EXP	text_2: text = 248
14.270999999999999	EXP	text_2: text = 266
14.278999999999998	DATA	Keydown:  
14.287999999999998	EXP	text_2: text = 282
14.287999999999998	EXP	text_2: autoDraw = false
14.287999999999998	EXP	Feedback: text = 262
14.287999999999998	EXP	Feedback: autoDraw = true
15.284999999999998	EXP	Feedback: autoDraw = false
15.284999999999998	EXP	Feedback: autoDraw = false
15.284999999999998	EXP	text_3: autoDraw = true
23.217000000000002	EXP	text_3: autoDraw = false
23.217000000000002	EXP	text_3: autoDraw = false
23.217000000000002	EXP	text_2: autoDraw = true
23.217000000000002	EXP	text_2: text = 0
23.231	EXP	text_2: text = 16
23.248	EXP	text_2: text = 33
23.265	EXP	text_2: text = 50
23.281000000000002	EXP	text_2: text = 66
23.298000000000002	EXP	text_2: text = 83
23.315	EXP	text_2: text = 99
23.331	EXP	text_2: text = 115
23.349	EXP	text_2: text = 133
23.365000000000002	EXP	text_2: text = 149
23.382	EXP	text_2: text = 167
23.398	EXP	text_2: text = 183
23.414	EXP	text_2: text = 200
23.431	EXP	text_2: text = 215
23.447000000000003	EXP	text_2: text = 232
23.465	EXP	text_2: text = 249
23.481	EXP	text_2: text = 266
23.498	EXP	text_2: text = 283
23.515	EXP	text_2: text = 299
23.522000000000002	DATA	Keydown:  
23.531000000000002	EXP	text_2: text = 316
23.531000000000002	EXP	text_2: autoDraw = false
23.531000000000002	EXP	Feedback: text = 306
23.531000000000002	EXP	Feedback: autoDraw = true
24.528000000000002	EXP	Feedback: autoDraw = false
24.528000000000002	EXP	Feedback: autoDraw = false
24.528000000000002	EXP	text_3: autoDraw = true
29.335	EXP	text_3: autoDraw = false
29.335	EXP	text_3: autoDraw = false
29.335	EXP	text_2: autoDraw = true
29.335	EXP	text_2: text = 0
29.35	EXP	text_2: text = 15
29.367	EXP	text_2: text = 32
29.383000000000003	EXP	text_2: text = 48
29.400000000000002	EXP	text_2: text = 65
29.417	EXP	text_2: text = 81
29.434	EXP	text_2: text = 98
29.450000000000003	EXP	text_2: text = 115
29.468	EXP	text_2: text = 133
29.483	EXP	text_2: text = 148
29.5	EXP	text_2: text = 164
29.517	EXP	text_2: text = 182
29.533	EXP	text_2: text = 198
29.55	EXP	text_2: text = 215
29.566000000000003	EXP	text_2: text = 231
29.583000000000002	EXP	text_2: text = 248
29.587	DATA	Keydown:  
29.601000000000003	EXP	text_2: text = 265
29.601000000000003	EXP	text_2: autoDraw = false
29.601000000000003	EXP	Feedback: text = 253
29.601000000000003	EXP	Feedback: autoDraw = true
30.598	EXP	Feedback: autoDraw = false
30.598	EXP	Feedback: autoDraw = false
30.598	EXP	text_3: autoDraw = true
37.249	EXP	text_3: autoDraw = false
37.249	EXP	text_3: autoDraw = false
37.249	EXP	text_2: autoDraw = true
37.249	EXP	text_2: text = 0
37.265	EXP	text_2: text = 16
37.282000000000004	EXP	text_2: text = 32
37.299	EXP	text_2: text = 49
37.315	EXP	text_2: text = 66
37.332	EXP	text_2: text = 82
37.348	EXP	text_2: text = 98
37.365	EXP	text_2: text = 115
37.382	EXP	text_2: text = 132
37.398	EXP	text_2: text = 149
37.415	EXP	text_2: text = 166
37.431000000000004	EXP	text_2: text = 183
37.447	EXP	text_2: text = 199
37.465	EXP	text_2: text = 215
37.481	EXP	text_2: text = 232
37.499	EXP	text_2: text = 249
37.515	EXP	text_2: text = 265
37.531	EXP	text_2: text = 282
37.548	EXP	text_2: text = 298
37.565	EXP	text_2: text = 315
37.581	EXP	text_2: text = 332
37.598	EXP	text_2: text = 348
37.599000000000004	DATA	Keydown:  
37.614000000000004	EXP	text_2: text = 365
37.614000000000004	EXP	text_2: autoDraw = false
37.614000000000004	EXP	Feedback: text = 350
37.614000000000004	EXP	Feedback: autoDraw = true
38.612	EXP	Feedback: autoDraw = false
38.612	EXP	Feedback: autoDraw = false
38.612	EXP	text_3: autoDraw = true
44.932	EXP	text_3: autoDraw = false
44.932	EXP	text_3: autoDraw = false
44.932	EXP	text_2: autoDraw = true
44.932	EXP	text_2: text = 0
44.947	EXP	text_2: text = 17
44.964	EXP	text_2: text = 33
44.981	EXP	text_2: text = 50
44.997	EXP	text_2: text = 66
45.013	EXP	text_2: text = 84
45.03	EXP	text_2: text = 100
45.047000000000004	EXP	text_2: text = 116
45.064	EXP	text_2: text = 133
45.08	EXP	text_2: text = 150
45.097	EXP	text_2: text = 166
45.114000000000004	EXP	text_2: text = 184
45.13	EXP	text_2: text = 199
45.147	EXP	text_2: text = 216
45.163000000000004	EXP	text_2: text = 233
45.18	EXP	text_2: text = 249
45.196	EXP	text_2: text = 266
45.213	EXP	text_2: text = 283
45.230000000000004	EXP	text_2: text = 299
45.246	EXP	text_2: text = 315
45.263	EXP	text_2: text = 332
45.267	DATA	Keydown:  
45.281	EXP	text_2: text = 350
45.281	EXP	text_2: autoDraw = false
45.281	EXP	Feedback: text = 336
45.281	EXP	Feedback: autoDraw = true
46.277	EXP	Feedback: autoDraw = false
46.277	EXP	Feedback: autoDraw = false
46.277	EXP	text_3: autoDraw = true
49.952	EXP	text_3: autoDraw = false
49.952	EXP	text_3: autoDraw = false
49.952	EXP	text_2: autoDraw = true
49.952	EXP	text_2: text = 0
49.969	EXP	text_2: text = 16
49.985	EXP	text_2: text = 32
50.001	EXP	text_2: text = 49
50.018	EXP	text_2: text = 66
50.035000000000004	EXP	text_2: text = 83
50.051	EXP	text_2: text = 100
50.069	EXP	text_2: text = 116
50.085	EXP	text_2: text = 133
50.102000000000004	EXP	text_2: text = 150
50.117000000000004	EXP	text_2: text = 165
50.136	EXP	text_2: text = 183
50.151	EXP	text_2: text = 198
50.169000000000004	EXP	text_2: text = 216
50.185	EXP	text_2: text = 232
50.201	EXP	text_2: text = 248
50.218	EXP	text_2: text = 266
50.234	EXP	text_2: text = 283
50.242000000000004	DATA	Keydown:  
50.252	EXP	text_2: text = 299
50.252	EXP	text_2: autoDraw = false
50.252	EXP	Feedback: text = 290
50.252	EXP	Feedback: autoDraw = true
51.249	EXP	Feedback: autoDraw = false
51.249	EXP	Feedback: autoDraw = false
51.249	EXP	text_3: autoDraw = true
60.676	EXP	text_3: autoDraw = false
60.676	EXP	text_3: autoDraw = false
60.676	EXP	text_2: autoDraw = true
60.676	EXP	text_2: text = 0
60.693	EXP	text_2: text = 18
60.71	EXP	text_2: text = 34
60.727000000000004	EXP	text_2: text = 51
60.743	EXP	text_2: text = 67
60.759	EXP	text_2: text = 83
60.776	EXP	text_2: text = 100
60.793	EXP	text_2: text = 117
60.81	EXP	text_2: text = 133
60.826	EXP	text_2: text = 150
60.843	EXP	text_2: text = 167
60.86	EXP	text_2: text = 183
60.876	EXP	text_2: text = 199
60.893	EXP	text_2: text = 217
60.909	EXP	text_2: text = 233
60.926	EXP	text_2: text = 249
60.943	EXP	text_2: text = 266
60.959	EXP	text_2: text = 283
60.963	DATA	Keydown:  
60.976	EXP	text_2: text = 300
60.976	EXP	text_2: autoDraw = false
60.976	EXP	Feedback: text = 287
60.976	EXP	Feedback: autoDraw = true
61.974000000000004	EXP	Feedback: autoDraw = false
61.974000000000004	EXP	Feedback: autoDraw = false
61.974000000000004	EXP	text_3: autoDraw = true
66.015	EXP	text_3: autoDraw = false
66.015	EXP	text_3: autoDraw = false
66.015	EXP	text_2: autoDraw = true
66.015	EXP	text_2: text = 0
66.03099999999999	EXP	text_2: text = 17
66.047	EXP	text_2: text = 32
66.065	EXP	text_2: text = 50
66.08099999999999	EXP	text_2: text = 66
66.097	EXP	text_2: text = 83
66.11399999999999	EXP	text_2: text = 100
66.131	EXP	text_2: text = 117
66.14699999999999	EXP	text_2: text = 133
66.163	EXP	text_2: text = 149
66.17999999999999	EXP	text_2: text = 166
66.19699999999999	EXP	text_2: text = 183
66.214	EXP	text_2: text = 200
66.231	EXP	text_2: text = 216
66.246	EXP	text_2: text = 232
66.26299999999999	EXP	text_2: text = 248
66.274	DATA	Keydown:  
66.28099999999999	EXP	text_2: text = 267
66.28099999999999	EXP	text_2: autoDraw = false
66.28099999999999	EXP	Feedback: text = 259
66.28099999999999	EXP	Feedback: autoDraw = true
67.277	EXP	Feedback: autoDraw = false
67.277	EXP	Feedback: autoDraw = false
67.277	EXP	text_3: autoDraw = true
69.722	EXP	text_3: autoDraw = false
69.722	EXP	text_3: autoDraw = false
69.722	EXP	text_2: autoDraw = true
69.722	EXP	text_2: text = 0
69.738	EXP	text_2: text = 16
69.756	EXP	text_2: text = 33
69.771	EXP	text_2: text = 49
69.788	EXP	text_2: text = 67
69.80499999999999	EXP	text_2: text = 82
69.82199999999999	EXP	text_2: text = 99
69.839	EXP	text_2: text = 117
69.856	EXP	text_2: text = 133
69.872	EXP	text_2: text = 150
69.88799999999999	EXP	text_2: text = 165
69.90499999999999	EXP	text_2: text = 183
69.92099999999999	EXP	text_2: text = 199
69.939	EXP	text_2: text = 216
69.955	EXP	text_2: text = 233
69.97099999999999	EXP	text_2: text = 249
69.987	EXP	text_2: text = 266
70.005	EXP	text_2: text = 283
70.02199999999999	EXP	text_2: text = 300
70.03899999999999	EXP	text_2: text = 316
70.05499999999999	EXP	text_2: text = 333
70.071	EXP	text_2: text = 348
70.08699999999999	EXP	text_2: text = 365
70.10499999999999	EXP	text_2: text = 382
70.122	EXP	text_2: text = 399
70.137	EXP	text_2: text = 415
70.154	EXP	text_2: text = 432
70.17099999999999	EXP	text_2: text = 448
70.18799999999999	EXP	text_2: text = 466
70.193	DATA	Keydown:  
70.205	EXP	text_2: text = 482
70.205	EXP	text_2: autoDraw = false
70.205	EXP	Feedback: text = 471
70.205	EXP	Feedback: autoDraw = true
71.202	EXP	Feedback: autoDraw = false
71.202	EXP	Feedback: autoDraw = false
71.202	EXP	text_3: autoDraw = true
75.29199999999999	EXP	text_3: autoDraw = false
75.29199999999999	EXP	text_3: autoDraw = false
75.29199999999999	EXP	text_2: autoDraw = true
75.29199999999999	EXP	text_2: text = 0
75.309	EXP	text_2: text = 17
75.326	EXP	text_2: text = 34
75.342	EXP	text_2: text = 50
75.359	EXP	text_2: text = 67
75.375	EXP	text_2: text = 83
75.392	EXP	text_2: text = 100
75.40899999999999	EXP	text_2: text = 117
75.425	EXP	text_2: text = 132
75.442	EXP	text_2: text = 149
75.45899999999999	EXP	text_2: text = 166
75.473	EXP	text_2: text = 182
75.491	EXP	text_2: text = 200
75.508	EXP	text_2: text = 216
75.524	EXP	text_2: text = 233
75.541	EXP	text_2: text = 249
75.55799999999999	EXP	text_2: text = 266
75.574	EXP	text_2: text = 282
75.592	EXP	text_2: text = 299
75.60799999999999	EXP	text_2: text = 315
75.625	EXP	text_2: text = 332
75.631	DATA	Keydown:  
75.64099999999999	EXP	text_2: text = 348
75.64099999999999	EXP	text_2: autoDraw = false
75.64099999999999	EXP	Feedback: text = 339
75.64099999999999	EXP	Feedback: autoDraw = true
76.637	EXP	Feedback: autoDraw = false
76.637	EXP	Feedback: autoDraw = false
76.637	EXP	text_3: autoDraw = true
79.51599999999999	EXP	text_3: autoDraw = false
79.51599999999999	EXP	text_3: autoDraw = false
79.51599999999999	EXP	text_2: autoDraw = true
79.51599999999999	EXP	text_2: text = 0
79.53299999999999	EXP	text_2: text = 18
79.54899999999999	EXP	text_2: text = 33
79.565	EXP	text_2: text = 50
79.582	EXP	text_2: text = 67
79.59899999999999	EXP	text_2: text = 83
79.615	EXP	text_2: text = 100
79.63199999999999	EXP	text_2: text = 116
79.648	EXP	text_2: text = 133
79.666	EXP	text_2: text = 150
79.68199999999999	EXP	text_2: text = 166
79.699	EXP	text_2: text = 183
79.71499999999999	EXP	text_2: text = 201
79.731	EXP	text_2: text = 216
79.74799999999999	EXP	text_2: text = 233
79.76599999999999	EXP	text_2: text = 251
79.782	EXP	text_2: text = 266
79.79899999999999	EXP	text_2: text = 283
79.81599999999999	EXP	text_2: text = 300
79.832	EXP	text_2: text = 317
79.833	DATA	Keydown:  
79.84899999999999	EXP	text_2: text = 333
79.84899999999999	EXP	text_2: autoDraw = false
79.84899999999999	EXP	Feedback: text = 317
79.84899999999999	EXP	Feedback: autoDraw = true
80.845	EXP	Feedback: autoDraw = false
80.845	EXP	Feedback: autoDraw = false
80.845	EXP	text_3: autoDraw = true
89.57499999999999	EXP	text_3: autoDraw = false
89.57499999999999	EXP	text_3: autoDraw = false
89.57499999999999	EXP	text_2: autoDraw = true
89.57499999999999	EXP	text_2: text = 0
89.591	EXP	text_2: text = 16
89.60799999999999	EXP	text_2: text = 33
89.625	EXP	text_2: text = 50
89.642	EXP	text_2: text = 66
89.65899999999999	EXP	text_2: text = 84
89.67399999999999	EXP	text_2: text = 99
89.692	EXP	text_2: text = 116
89.708	EXP	text_2: text = 133
89.726	EXP	text_2: text = 150
89.74199999999999	EXP	text_2: text = 166
89.759	EXP	text_2: text = 183
89.774	EXP	text_2: text = 199
89.791	EXP	text_2: text = 216
89.80799999999999	EXP	text_2: text = 233
89.82499999999999	EXP	text_2: text = 249
89.841	EXP	text_2: text = 266
89.85799999999999	EXP	text_2: text = 283
89.875	EXP	text_2: text = 300
89.884	DATA	Keydown:  
89.89099999999999	EXP	text_2: text = 316
89.89099999999999	EXP	text_2: autoDraw = false
89.89099999999999	EXP	Feedback: text = 309
89.89099999999999	EXP	Feedback: autoDraw = true
90.889	EXP	Feedback: autoDraw = false
90.889	EXP	Feedback: autoDraw = false
90.889	EXP	text_3: autoDraw = true
93.874	EXP	text_3: autoDraw = false
93.874	EXP	text_3: autoDraw = false
93.874	EXP	text_2: autoDraw = true
93.874	EXP	text_2: text = 0
93.881	EXP	text_2: text = 8
93.902	EXP	text_2: text = 31
93.92399999999999	EXP	text_2: text = 52
93.931	EXP	text_2: text = 59
93.963	EXP	text_2: text = 92
93.988	EXP	text_2: text = 116
93.99799999999999	EXP	text_2: text = 126
94.02499999999999	EXP	text_2: text = 154
94.06299999999999	EXP	text_2: text = 192
94.08099999999999	EXP	text_2: text = 208
94.098	EXP	text_2: text = 225
94.115	EXP	text_2: text = 242
94.131	EXP	text_2: text = 258
94.148	EXP	text_2: text = 275
94.16399999999999	EXP	text_2: text = 291
94.18199999999999	EXP	text_2: text = 309
94.198	EXP	text_2: text = 325
94.204	DATA	Keydown:  
94.21499999999999	EXP	text_2: text = 341
94.21499999999999	EXP	text_2: autoDraw = false
94.21499999999999	EXP	Feedback: text = 330
94.21499999999999	EXP	Feedback: autoDraw = true
95.21199999999999	EXP	Feedback: autoDraw = false
95.21199999999999	EXP	Feedback: autoDraw = false
95.21199999999999	EXP	text_3: autoDraw = true
97.33999999999999	EXP	text_3: autoDraw = false
97.33999999999999	EXP	text_3: autoDraw = false
97.33999999999999	EXP	text_2: autoDraw = true
97.33999999999999	EXP	text_2: text = 0
97.357	EXP	text_2: text = 17
97.37299999999999	EXP	text_2: text = 33
97.39	EXP	text_2: text = 50
97.40599999999999	EXP	text_2: text = 67
97.42299999999999	EXP	text_2: text = 83
97.44	EXP	text_2: text = 100
97.457	EXP	text_2: text = 116
97.473	EXP	text_2: text = 133
97.48899999999999	EXP	text_2: text = 149
97.50699999999999	EXP	text_2: text = 166
97.523	EXP	text_2: text = 182
97.541	EXP	text_2: text = 200
97.55699999999999	EXP	text_2: text = 216
97.573	EXP	text_2: text = 232
97.58999999999999	EXP	text_2: text = 249
97.606	EXP	text_2: text = 266
97.62299999999999	EXP	text_2: text = 283
97.639	EXP	text_2: text = 299
97.65599999999999	EXP	text_2: text = 316
97.67299999999999	EXP	text_2: text = 333
97.689	EXP	text_2: text = 350
97.70599999999999	EXP	text_2: text = 366
97.72399999999999	EXP	text_2: text = 382
97.725	DATA	Keydown:  
97.74	EXP	text_2: text = 399
97.74	EXP	text_2: autoDraw = false
97.74	EXP	Feedback: text = 385
97.74	EXP	Feedback: autoDraw = true
98.737	EXP	Feedback: autoDraw = false
98.737	EXP	Feedback: autoDraw = false
98.737	EXP	text_3: autoDraw = true
106.02	EXP	text_3: autoDraw = false
106.02	EXP	text_3: autoDraw = false
106.02	EXP	text_2: autoDraw = true
106.02	EXP	text_2: text = 0
106.03699999999999	EXP	text_2: text = 16
106.053	EXP	text_2: text = 33
106.07	EXP	text_2: text = 50
106.08699999999999	EXP	text_2: text = 67
106.10199999999999	EXP	text_2: text = 82
106.11999999999999	EXP	text_2: text = 100
106.136	EXP	text_2: text = 116
106.152	EXP	text_2: text = 132
106.16999999999999	EXP	text_2: text = 149
106.18599999999999	EXP	text_2: text = 166
106.204	EXP	text_2: text = 183
106.219	EXP	text_2: text = 199
106.237	EXP	text_2: text = 216
106.253	EXP	text_2: text = 233
106.27	EXP	text_2: text = 250
106.276	DATA	Keydown:  
106.285	EXP	text_2: text = 265
106.285	EXP	text_2: autoDraw = false
106.285	EXP	Feedback: text = 256
106.285	EXP	Feedback: autoDraw = true
107.28399999999999	EXP	Feedback: autoDraw = false
107.28399999999999	EXP	Feedback: autoDraw = false
107.28399999999999	EXP	text_3: autoDraw = true
111.806	EXP	text_3: autoDraw = false
111.806	EXP	text_3: autoDraw = false
111.806	EXP	text_2: autoDraw = true
111.806	EXP	text_2: text = 0
111.823	EXP	text_2: text = 17
111.83999999999999	EXP	text_2: text = 34
111.857	EXP	text_2: text = 50
111.87299999999999	EXP	text_2: text = 67
111.889	EXP	text_2: text = 83
111.90599999999999	EXP	text_2: text = 100
111.92299999999999	EXP	text_2: text = 116
111.939	EXP	text_2: text = 133
111.95599999999999	EXP	text_2: text = 150
111.972	EXP	text_2: text = 166
111.98899999999999	EXP	text_2: text = 182
112.006	EXP	text_2: text = 200
112.02199999999999	EXP	text_2: text = 216
112.03999999999999	EXP	text_2: text = 233
112.05499999999999	EXP	text_2: text = 249
112.07199999999999	EXP	text_2: text = 266
112.077	DATA	Keydown:  
112.088	EXP	text_2: text = 283
112.088	EXP	text_2: autoDraw = false
112.088	EXP	Feedback: text = 271
112.088	EXP	Feedback: autoDraw = true
113.086	EXP	Feedback: autoDraw = false
113.086	EXP	Feedback: autoDraw = false
113.086	EXP	text_3: autoDraw = true
121.832	EXP	text_3: autoDraw = false
121.832	EXP	text_3: autoDraw = false
121.832	EXP	text_2: autoDraw = true
121.832	EXP	text_2: text = 0
121.84899999999999	EXP	text_2: text = 17
121.866	EXP	text_2: text = 33
121.883	EXP	text_2: text = 50
121.899	EXP	text_2: text = 67
121.916	EXP	text_2: text = 83
121.93199999999999	EXP	text_2: text = 100
121.949	EXP	text_2: text = 117
121.966	EXP	text_2: text = 133
121.982	EXP	text_2: text = 149
121.99799999999999	EXP	text_2: text = 166
122.01599999999999	EXP	text_2: text = 184
122.032	EXP	text_2: text = 200
122.04899999999999	EXP	text_2: text = 217
122.06599999999999	EXP	text_2: text = 233
122.083	EXP	text_2: text = 250
122.098	EXP	text_2: text = 266
122.1	DATA	Keydown:  
122.115	EXP	text_2: text = 283
122.115	EXP	text_2: autoDraw = false
122.115	EXP	Feedback: text = 268
122.115	EXP	Feedback: autoDraw = true
123.113	EXP	Feedback: autoDraw = false
123.113	EXP	Feedback: autoDraw = false
123.113	EXP	text_3: autoDraw = true
126.539	EXP	text_3: autoDraw = false
126.539	EXP	text_3: autoDraw = false
126.539	EXP	text_2: autoDraw = true
126.539	EXP	text_2: text = 0
126.55399999999999	EXP	text_2: text = 15
126.57099999999998	EXP	text_2: text = 32
126.58899999999998	EXP	text_2: text = 49
126.604	EXP	text_2: text = 65
126.622	EXP	text_2: text = 82
126.63799999999999	EXP	text_2: text = 98
126.65399999999998	EXP	text_2: text = 115
126.67	EXP	text_2: text = 132
126.687	EXP	text_2: text = 148
126.704	EXP	text_2: text = 165
126.722	EXP	text_2: text = 182
126.73799999999999	EXP	text_2: text = 198
126.754	EXP	text_2: text = 215
126.771	EXP	text_2: text = 232
126.788	EXP	text_2: text = 248
126.80399999999999	EXP	text_2: text = 265
126.82099999999998	EXP	text_2: text = 282
126.83800000000001	EXP	text_2: text = 298
126.855	EXP	text_2: text = 315
126.871	EXP	text_2: text = 331
126.873	DATA	Keydown:  
126.88699999999999	EXP	text_2: text = 348
126.88699999999999	EXP	text_2: autoDraw = false
126.88699999999999	EXP	Feedback: text = 334
126.88699999999999	EXP	Feedback: autoDraw = true
127.885	EXP	Feedback: autoDraw = false
127.885	EXP	Feedback: autoDraw = false
127.885	EXP	text_3: autoDraw = true
130.636	DATA	Keydown:  
131.06	EXP	text_3: autoDraw = false
131.06	EXP	text_3: autoDraw = false
131.06	EXP	text_2: autoDraw = true
131.06	EXP	text_2: text = 0
131.077	EXP	text_2: text = 17
131.094	EXP	text_2: text = 33
131.11100000000002	EXP	text_2: text = 51
131.127	EXP	text_2: text = 66
131.144	EXP	text_2: text = 84
131.161	EXP	text_2: text = 101
131.178	EXP	text_2: text = 118
131.193	EXP	text_2: text = 133
131.21	EXP	text_2: text = 150
131.227	EXP	text_2: text = 166
131.244	EXP	text_2: text = 183
131.26000000000002	EXP	text_2: text = 200
131.27700000000002	EXP	text_2: text = 217
131.293	EXP	text_2: text = 232
131.31	EXP	text_2: text = 249
131.327	EXP	text_2: text = 266
131.345	EXP	text_2: text = 284
131.36100000000002	EXP	text_2: text = 300
131.377	EXP	text_2: text = 317
131.393	EXP	text_2: text = 333
131.395	DATA	Keydown:  
131.41	EXP	text_2: text = 349
131.41	EXP	text_2: autoDraw = false
131.41	EXP	Feedback: text = 335
131.41	EXP	Feedback: autoDraw = true
132.406	EXP	Feedback: autoDraw = false
132.406	EXP	Feedback: autoDraw = false
132.406	EXP	text_3: autoDraw = true
141.419	EXP	text_3: autoDraw = false
141.419	EXP	text_3: autoDraw = false
141.419	EXP	text_2: autoDraw = true
141.419	EXP	text_2: text = 0
141.436	EXP	text_2: text = 17
141.453	EXP	text_2: text = 34
141.47	EXP	text_2: text = 51
141.48600000000002	EXP	text_2: text = 67
141.50300000000001	EXP	text_2: text = 83
141.52	EXP	text_2: text = 101
141.536	EXP	text_2: text = 117
141.55200000000002	EXP	text_2: text = 133
141.56900000000002	EXP	text_2: text = 150
141.58700000000002	EXP	text_2: text = 167
141.603	EXP	text_2: text = 183
141.619	EXP	text_2: text = 200
141.636	EXP	text_2: text = 216
141.65200000000002	EXP	text_2: text = 233
141.668	EXP	text_2: text = 250
141.686	EXP	text_2: text = 266
141.703	EXP	text_2: text = 283
141.71800000000002	EXP	text_2: text = 299
141.735	EXP	text_2: text = 316
141.75300000000001	EXP	text_2: text = 333
141.769	EXP	text_2: text = 350
141.786	EXP	text_2: text = 367
141.803	EXP	text_2: text = 383
141.818	EXP	text_2: text = 399
141.821	DATA	Keydown:  
141.835	EXP	text_2: text = 416
141.835	EXP	text_2: autoDraw = false
141.835	EXP	Feedback: text = 402
141.835	EXP	Feedback: autoDraw = true
142.833	EXP	Feedback: autoDraw = false
142.833	EXP	Feedback: autoDraw = false
142.833	EXP	text_3: autoDraw = true
145.51000000000002	EXP	text_3: autoDraw = false
145.51000000000002	EXP	text_3: autoDraw = false
145.51000000000002	EXP	text_2: autoDraw = true
145.51000000000002	EXP	text_2: text = 0
145.526	EXP	text_2: text = 16
145.544	EXP	text_2: text = 33
145.559	EXP	text_2: text = 49
145.57600000000002	EXP	text_2: text = 66
145.59300000000002	EXP	text_2: text = 84
145.61100000000002	EXP	text_2: text = 100
145.626	EXP	text_2: text = 116
145.643	EXP	text_2: text = 133
145.66	EXP	text_2: text = 150
145.67600000000002	EXP	text_2: text = 167
145.693	EXP	text_2: text = 184
145.711	EXP	text_2: text = 203
145.73000000000002	EXP	text_2: text = 221
145.75	EXP	text_2: text = 240
145.75900000000001	EXP	text_2: text = 249
145.779	EXP	text_2: text = 271
145.803	EXP	text_2: text = 293
145.805	DATA	Keydown:  
145.828	EXP	text_2: text = 318
145.828	EXP	text_2: autoDraw = false
145.828	EXP	Feedback: text = 295
145.828	EXP	Feedback: autoDraw = true
146.824	EXP	Feedback: autoDraw = false
146.824	EXP	Feedback: autoDraw = false
146.824	EXP	text_3: autoDraw = true
154.92100000000002	EXP	text_3: autoDraw = false
154.92100000000002	EXP	text_3: autoDraw = false
154.92100000000002	EXP	text_2: autoDraw = true
154.92100000000002	EXP	text_2: text = 0
154.93900000000002	EXP	text_2: text = 17
154.955	EXP	text_2: text = 33
154.97	EXP	text_2: text = 50
154.988	EXP	text_2: text = 66
155.00400000000002	EXP	text_2: text = 83
155.02	EXP	text_2: text = 99
155.037	EXP	text_2: text = 116
155.054	EXP	text_2: text = 133
155.072	EXP	text_2: text = 150
155.08800000000002	EXP	text_2: text = 167
155.104	EXP	text_2: text = 182
155.121	EXP	text_2: text = 200
155.138	EXP	text_2: text = 216
155.15300000000002	EXP	text_2: text = 232
155.17100000000002	EXP	text_2: text = 250
155.18800000000002	EXP	text_2: text = 266
155.205	EXP	text_2: text = 283
155.22	EXP	text_2: text = 299
155.238	EXP	text_2: text = 316
155.25400000000002	EXP	text_2: text = 332
155.27100000000002	EXP	text_2: text = 349
155.287	EXP	text_2: text = 366
155.28900000000002	DATA	Keydown:  
155.303	EXP	text_2: text = 382
155.303	EXP	text_2: autoDraw = false
155.303	EXP	Feedback: text = 368
155.303	EXP	Feedback: autoDraw = true
156.30100000000002	EXP	Feedback: autoDraw = false
156.30100000000002	EXP	Feedback: autoDraw = false
156.30100000000002	EXP	text_3: autoDraw = true
159.70000000000002	DATA	Keydown:  
160.16	DATA	Keydown:  
166.145	EXP	text_3: autoDraw = false
166.145	EXP	text_3: autoDraw = false
166.145	EXP	text_2: autoDraw = true
166.145	EXP	text_2: text = 0
166.161	EXP	text_2: text = 17
166.178	EXP	text_2: text = 34
166.19400000000002	EXP	text_2: text = 50
166.21200000000002	EXP	text_2: text = 67
166.227	EXP	text_2: text = 83
166.245	EXP	text_2: text = 101
166.262	EXP	text_2: text = 117
166.27800000000002	EXP	text_2: text = 134
166.294	EXP	text_2: text = 150
166.31	EXP	text_2: text = 167
166.328	EXP	text_2: text = 183
166.344	EXP	text_2: text = 200
166.36100000000002	EXP	text_2: text = 217
166.37800000000001	EXP	text_2: text = 233
166.395	EXP	text_2: text = 250
166.41	EXP	text_2: text = 266
166.428	EXP	text_2: text = 284
166.44400000000002	EXP	text_2: text = 300
166.461	EXP	text_2: text = 315
166.478	EXP	text_2: text = 333
166.484	DATA	Keydown:  
166.494	EXP	text_2: text = 350
166.494	EXP	text_2: autoDraw = false
166.494	EXP	Feedback: text = 339
166.494	EXP	Feedback: autoDraw = true
167.49200000000002	EXP	Feedback: autoDraw = false
167.49200000000002	EXP	Feedback: autoDraw = false
167.49200000000002	EXP	text_3: autoDraw = true
173.645	EXP	text_3: autoDraw = false
173.645	EXP	text_3: autoDraw = false
173.645	EXP	text_2: autoDraw = true
173.645	EXP	text_2: text = 0
173.661	EXP	text_2: text = 16
173.67700000000002	EXP	text_2: text = 32
173.69400000000002	EXP	text_2: text = 49
173.711	EXP	text_2: text = 66
173.727	EXP	text_2: text = 83
173.744	EXP	text_2: text = 99
173.76000000000002	EXP	text_2: text = 117
173.77700000000002	EXP	text_2: text = 133
173.794	EXP	text_2: text = 148
173.81	EXP	text_2: text = 166
173.828	EXP	text_2: text = 183
173.84300000000002	EXP	text_2: text = 199
173.86	EXP	text_2: text = 216
173.877	EXP	text_2: text = 232
173.893	EXP	text_2: text = 249
173.91	EXP	text_2: text = 265
173.92700000000002	EXP	text_2: text = 282
173.94400000000002	EXP	text_2: text = 299
173.94500000000002	DATA	Keydown:  
173.959	EXP	text_2: text = 315
173.959	EXP	text_2: autoDraw = false
173.959	EXP	Feedback: text = 300
173.959	EXP	Feedback: autoDraw = true
174.95700000000002	EXP	Feedback: autoDraw = false
174.95700000000002	EXP	Feedback: autoDraw = false
174.95700000000002	EXP	text_3: autoDraw = true
178.76600000000002	EXP	text_3: autoDraw = false
178.76600000000002	EXP	text_3: autoDraw = false
178.76600000000002	EXP	text_2: autoDraw = true
178.76600000000002	EXP	text_2: text = 0
178.781	EXP	text_2: text = 16
178.798	EXP	text_2: text = 33
178.815	EXP	text_2: text = 50
178.83100000000002	EXP	text_2: text = 66
178.848	EXP	text_2: text = 83
178.865	EXP	text_2: text = 99
178.882	EXP	text_2: text = 117
178.89700000000002	EXP	text_2: text = 133
178.91500000000002	EXP	text_2: text = 149
178.931	EXP	text_2: text = 166
178.947	EXP	text_2: text = 182
178.964	EXP	text_2: text = 199
178.982	EXP	text_2: text = 217
178.99800000000002	EXP	text_2: text = 233
179.014	EXP	text_2: text = 250
179.031	EXP	text_2: text = 265
179.032	DATA	Keydown:  
179.048	EXP	text_2: text = 283
179.048	EXP	text_2: autoDraw = false
179.048	EXP	Feedback: text = 266
179.048	EXP	Feedback: autoDraw = true
180.04600000000002	EXP	Feedback: autoDraw = false
180.04600000000002	EXP	Feedback: autoDraw = false
180.04600000000002	EXP	text_3: autoDraw = true
184.22	DATA	Keydown:  
186.297	EXP	text_3: autoDraw = false
186.297	EXP	text_3: autoDraw = false
186.297	EXP	text_2: autoDraw = true
186.297	EXP	text_2: text = 0
186.31400000000002	EXP	text_2: text = 17
186.33100000000002	EXP	text_2: text = 34
186.347	EXP	text_2: text = 50
186.363	EXP	text_2: text = 66
186.38	EXP	text_2: text = 83
186.39700000000002	EXP	text_2: text = 100
186.413	EXP	text_2: text = 116
186.43	EXP	text_2: text = 133
186.447	EXP	text_2: text = 149
186.46300000000002	EXP	text_2: text = 166
186.48000000000002	EXP	text_2: text = 183
186.497	EXP	text_2: text = 200
186.513	EXP	text_2: text = 215
186.53	EXP	text_2: text = 233
186.547	EXP	text_2: text = 250
186.55100000000002	DATA	Keydown:  
186.56300000000002	EXP	text_2: text = 266
186.56300000000002	EXP	text_2: autoDraw = false
186.56300000000002	EXP	Feedback: text = 254
186.56300000000002	EXP	Feedback: autoDraw = true
187.561	EXP	Feedback: autoDraw = false
187.561	EXP	Feedback: autoDraw = false
187.561	EXP	text_3: autoDraw = true
193.53	EXP	text_3: autoDraw = false
193.53	EXP	text_3: autoDraw = false
193.53	EXP	text_2: autoDraw = true
193.53	EXP	text_2: text = 0
193.547	EXP	text_2: text = 17
193.56300000000002	EXP	text_2: text = 33
193.58100000000002	EXP	text_2: text = 50
193.596	EXP	text_2: text = 66
193.614	EXP	text_2: text = 83
193.63	EXP	text_2: text = 101
193.648	EXP	text_2: text = 119
193.663	EXP	text_2: text = 134
193.68	EXP	text_2: text = 150
193.696	EXP	text_2: text = 166
193.71200000000002	EXP	text_2: text = 183
193.73000000000002	EXP	text_2: text = 200
193.746	EXP	text_2: text = 217
193.763	EXP	text_2: text = 233
193.78	EXP	text_2: text = 249
193.797	EXP	text_2: text = 266
193.81300000000002	EXP	text_2: text = 282
193.82000000000002	DATA	Keydown:  
193.829	EXP	text_2: text = 299
193.829	EXP	text_2: autoDraw = false
193.829	EXP	Feedback: text = 290
193.829	EXP	Feedback: autoDraw = true
194.827	EXP	Feedback: autoDraw = false
194.827	EXP	Feedback: autoDraw = false
194.827	EXP	text_3: autoDraw = true
199.84900000000002	EXP	text_3: autoDraw = false
199.84900000000002	EXP	text_3: autoDraw = false
199.84900000000002	EXP	text_2: autoDraw = true
199.84900000000002	EXP	text_2: text = 0
199.865	EXP	text_2: text = 17
199.882	EXP	text_2: text = 33
199.899	EXP	text_2: text = 50
199.91500000000002	EXP	text_2: text = 67
199.93200000000002	EXP	text_2: text = 84
199.949	EXP	text_2: text = 101
199.966	EXP	text_2: text = 117
199.981	EXP	text_2: text = 133
199.99800000000002	EXP	text_2: text = 150
200.01500000000001	EXP	text_2: text = 167
200.032	EXP	text_2: text = 183
200.048	EXP	text_2: text = 200
200.065	EXP	text_2: text = 217
200.08200000000002	EXP	text_2: text = 234
200.098	EXP	text_2: text = 249
200.115	EXP	text_2: text = 266
200.131	EXP	text_2: text = 283
200.149	EXP	text_2: text = 300
200.16500000000002	EXP	text_2: text = 317
200.181	EXP	text_2: text = 333
200.18800000000002	DATA	Keydown:  
200.197	EXP	text_2: text = 349
200.197	EXP	text_2: autoDraw = false
200.197	EXP	Feedback: text = 340
200.197	EXP	Feedback: autoDraw = true
201.19500000000002	EXP	Feedback: autoDraw = false
201.19500000000002	EXP	Feedback: autoDraw = false
201.19500000000002	EXP	text_3: autoDraw = true
210.042	EXP	text_3: autoDraw = false
210.042	EXP	text_3: autoDraw = false
210.042	EXP	text_2: autoDraw = true
210.042	EXP	text_2: text = 0
210.05800000000002	EXP	text_2: text = 16
210.07500000000002	EXP	text_2: text = 34
210.092	EXP	text_2: text = 50
210.108	EXP	text_2: text = 66
210.124	EXP	text_2: text = 82
210.14100000000002	EXP	text_2: text = 100
210.157	EXP	text_2: text = 116
210.175	EXP	text_2: text = 133
210.192	EXP	text_2: text = 150
210.208	EXP	text_2: text = 167
210.225	EXP	text_2: text = 184
210.24	EXP	text_2: text = 199
210.257	EXP	text_2: text = 216
210.274	EXP	text_2: text = 233
210.291	EXP	text_2: text = 250
210.30800000000002	EXP	text_2: text = 266
210.324	EXP	text_2: text = 282
210.341	EXP	text_2: text = 299
210.357	EXP	text_2: text = 316
210.374	EXP	text_2: text = 333
210.376	DATA	Keydown:  
210.39000000000001	EXP	text_2: text = 349
210.39000000000001	EXP	text_2: autoDraw = false
210.39000000000001	EXP	Feedback: text = 334
210.39000000000001	EXP	Feedback: autoDraw = true
211.389	EXP	Feedback: autoDraw = false
211.389	EXP	Feedback: autoDraw = false
211.389	EXP	text_3: autoDraw = true
219.054	EXP	text_3: autoDraw = false
219.054	EXP	text_3: autoDraw = false
219.054	EXP	text_2: autoDraw = true
219.054	EXP	text_2: text = 0
219.07000000000002	EXP	text_2: text = 16
219.08800000000002	EXP	text_2: text = 33
219.104	EXP	text_2: text = 50
219.12	EXP	text_2: text = 66
219.137	EXP	text_2: text = 82
219.15300000000002	EXP	text_2: text = 99
219.17000000000002	EXP	text_2: text = 115
219.186	EXP	text_2: text = 132
219.203	EXP	text_2: text = 149
219.219	EXP	text_2: text = 165
219.237	EXP	text_2: text = 183
219.25300000000001	EXP	text_2: text = 199
219.27	EXP	text_2: text = 216
219.287	EXP	text_2: text = 232
219.303	EXP	text_2: text = 249
219.31900000000002	EXP	text_2: text = 265
219.336	EXP	text_2: text = 282
219.352	EXP	text_2: text = 298
219.359	DATA	Keydown:  
219.369	EXP	text_2: text = 315
219.369	EXP	text_2: autoDraw = false
219.369	EXP	Feedback: text = 305
219.369	EXP	Feedback: autoDraw = true
220.36700000000002	EXP	Feedback: autoDraw = false
220.36700000000002	EXP	Feedback: autoDraw = false
220.36700000000002	EXP	text_3: autoDraw = true
224.124	EXP	text_3: autoDraw = false
224.124	EXP	text_3: autoDraw = false
224.124	EXP	text_2: autoDraw = true
224.124	EXP	text_2: text = 0
224.142	EXP	text_2: text = 17
224.15800000000002	EXP	text_2: text = 34
224.175	EXP	text_2: text = 50
224.191	EXP	text_2: text = 67
224.209	EXP	text_2: text = 84
224.225	EXP	text_2: text = 100
224.241	EXP	text_2: text = 117
224.258	EXP	text_2: text = 134
224.274	EXP	text_2: text = 150
224.29000000000002	EXP	text_2: text = 167
224.30700000000002	EXP	text_2: text = 184
224.32500000000002	EXP	text_2: text = 200
224.34	EXP	text_2: text = 216
224.358	EXP	text_2: text = 233
224.374	EXP	text_2: text = 250
224.39100000000002	EXP	text_2: text = 266
224.407	EXP	text_2: text = 283
224.424	EXP	text_2: text = 300
224.441	EXP	text_2: text = 316
224.45700000000002	EXP	text_2: text = 333
224.47400000000002	EXP	text_2: text = 349
224.49	EXP	text_2: text = 365
224.507	EXP	text_2: text = 383
224.523	EXP	text_2: text = 399
224.526	DATA	Keydown:  
224.54000000000002	EXP	text_2: text = 416
224.54000000000002	EXP	text_2: autoDraw = false
224.54000000000002	EXP	Feedback: text = 402
224.54000000000002	EXP	Feedback: autoDraw = true
225.538	EXP	Feedback: autoDraw = false
225.538	EXP	Feedback: autoDraw = false
225.538	EXP	text_3: autoDraw = true
231.109	EXP	text_3: autoDraw = false
231.109	EXP	text_3: autoDraw = false
231.109	EXP	text_2: autoDraw = true
231.109	EXP	text_2: text = 0
231.124	EXP	text_2: text = 16
231.14100000000002	EXP	text_2: text = 33
231.15900000000002	EXP	text_2: text = 50
231.175	EXP	text_2: text = 66
231.191	EXP	text_2: text = 82
231.208	EXP	text_2: text = 100
231.226	EXP	text_2: text = 116
231.241	EXP	text_2: text = 133
231.258	EXP	text_2: text = 149
231.275	EXP	text_2: text = 167
231.292	EXP	text_2: text = 183
231.30700000000002	EXP	text_2: text = 199
231.32500000000002	EXP	text_2: text = 217
231.342	EXP	text_2: text = 233
231.358	EXP	text_2: text = 250
231.375	EXP	text_2: text = 266
231.39100000000002	EXP	text_2: text = 283
231.40800000000002	EXP	text_2: text = 300
231.424	EXP	text_2: text = 315
231.441	EXP	text_2: text = 332
231.45700000000002	EXP	text_2: text = 349
231.47400000000002	EXP	text_2: text = 366
231.491	EXP	text_2: text = 383
231.507	EXP	text_2: text = 400
231.50900000000001	DATA	Keydown:  
231.523	EXP	text_2: text = 415
231.523	EXP	text_2: autoDraw = false
231.523	EXP	Feedback: text = 400
231.523	EXP	Feedback: autoDraw = true
232.52200000000002	EXP	Feedback: autoDraw = false
232.52200000000002	EXP	Feedback: autoDraw = false
232.52200000000002	EXP	text_3: autoDraw = true
238.74	EXP	text_3: autoDraw = false
238.74	EXP	text_3: autoDraw = false
238.74	EXP	text_2: autoDraw = true
238.74	EXP	text_2: text = 0
238.757	EXP	text_2: text = 17
238.774	EXP	text_2: text = 33
238.79000000000002	EXP	text_2: text = 50
238.806	EXP	text_2: text = 66
238.824	EXP	text_2: text = 83
238.841	EXP	text_2: text = 101
238.858	EXP	text_2: text = 119
238.87300000000002	EXP	text_2: text = 133
238.89000000000001	EXP	text_2: text = 149
238.906	EXP	text_2: text = 167
238.923	EXP	text_2: text = 183
238.93900000000002	EXP	text_2: text = 199
238.95600000000002	EXP	text_2: text = 216
238.97400000000002	EXP	text_2: text = 233
238.99	EXP	text_2: text = 250
239.007	EXP	text_2: text = 267
239.023	EXP	text_2: text = 283
239.041	EXP	text_2: text = 300
239.056	EXP	text_2: text = 316
239.073	EXP	text_2: text = 332
239.089	EXP	text_2: text = 349
239.106	EXP	text_2: text = 366
239.108	DATA	Keydown:  
239.12300000000002	EXP	text_2: text = 383
239.12300000000002	EXP	text_2: autoDraw = false
239.12300000000002	EXP	Feedback: text = 368
239.12300000000002	EXP	Feedback: autoDraw = true
240.121	EXP	Feedback: autoDraw = false
240.121	EXP	Feedback: autoDraw = false
240.121	EXP	text_3: autoDraw = true
243.13	EXP	text_3: autoDraw = false
243.13	EXP	text_3: autoDraw = false
243.13	EXP	text_2: autoDraw = true
243.13	EXP	text_2: text = 0
243.14700000000002	EXP	text_2: text = 17
243.163	EXP	text_2: text = 34
243.18	EXP	text_2: text = 50
243.197	EXP	text_2: text = 67
243.21300000000002	EXP	text_2: text = 84
243.229	EXP	text_2: text = 100
243.247	EXP	text_2: text = 117
243.263	EXP	text_2: text = 133
243.28	EXP	text_2: text = 151
243.29600000000002	EXP	text_2: text = 167
243.31400000000002	EXP	text_2: text = 184
243.329	EXP	text_2: text = 200
243.346	EXP	text_2: text = 217
243.363	EXP	text_2: text = 233
243.37900000000002	EXP	text_2: text = 250
243.39600000000002	EXP	text_2: text = 267
243.413	EXP	text_2: text = 283
243.43	EXP	text_2: text = 300
243.446	EXP	text_2: text = 316
243.46300000000002	EXP	text_2: text = 334
243.48000000000002	EXP	text_2: text = 351
243.496	EXP	text_2: text = 366
243.512	EXP	text_2: text = 383
243.529	EXP	text_2: text = 400
243.54600000000002	EXP	text_2: text = 416
243.56300000000002	EXP	text_2: text = 433
243.568	DATA	Keydown:  
243.579	EXP	text_2: text = 450
243.579	EXP	text_2: autoDraw = false
243.579	EXP	Feedback: text = 438
243.579	EXP	Feedback: autoDraw = true
244.578	EXP	Feedback: autoDraw = false
244.578	EXP	Feedback: autoDraw = false
244.578	EXP	text_3: autoDraw = true
249.41500000000002	EXP	text_3: autoDraw = false
249.41500000000002	EXP	text_3: autoDraw = false
249.41500000000002	EXP	text_2: autoDraw = true
249.41500000000002	EXP	text_2: text = 0
249.431	EXP	text_2: text = 16
249.448	EXP	text_2: text = 33
249.465	EXP	text_2: text = 49
249.481	EXP	text_2: text = 66
249.49800000000002	EXP	text_2: text = 83
249.514	EXP	text_2: text = 99
249.532	EXP	text_2: text = 117
249.548	EXP	text_2: text = 133
249.566	EXP	text_2: text = 150
249.58200000000002	EXP	text_2: text = 166
249.598	EXP	text_2: text = 184
249.616	EXP	text_2: text = 200
249.631	EXP	text_2: text = 216
249.64700000000002	EXP	text_2: text = 232
249.66400000000002	EXP	text_2: text = 249
249.681	EXP	text_2: text = 265
249.698	EXP	text_2: text = 282
249.715	EXP	text_2: text = 299
249.719	DATA	Keydown:  
249.731	EXP	text_2: text = 316
249.731	EXP	text_2: autoDraw = false
249.731	EXP	Feedback: text = 304
249.731	EXP	Feedback: autoDraw = true
250.728	EXP	Feedback: autoDraw = false
250.728	EXP	Feedback: autoDraw = false
250.728	EXP	text_3: autoDraw = true
255.103	DATA	Keydown:  
258.943	EXP	text_3: autoDraw = false
258.943	EXP	text_3: autoDraw = false
258.943	EXP	text_2: autoDraw = true
258.943	EXP	text_2: text = 0
258.959	EXP	text_2: text = 16
258.976	EXP	text_2: text = 33
258.993	EXP	text_2: text = 50
259.01	EXP	text_2: text = 66
259.026	EXP	text_2: text = 83
259.04200000000003	EXP	text_2: text = 99
259.059	EXP	text_2: text = 115
259.076	EXP	text_2: text = 132
259.093	EXP	text_2: text = 150
259.109	EXP	text_2: text = 166
259.12600000000003	EXP	text_2: text = 183
259.142	EXP	text_2: text = 199
259.159	EXP	text_2: text = 216
259.175	EXP	text_2: text = 233
259.192	EXP	text_2: text = 249
259.209	EXP	text_2: text = 265
259.225	EXP	text_2: text = 283
259.242	EXP	text_2: text = 298
259.259	EXP	text_2: text = 315
259.264	DATA	Keydown:  
259.276	EXP	text_2: text = 332
259.276	EXP	text_2: autoDraw = false
259.276	EXP	Feedback: text = 321
259.276	EXP	Feedback: autoDraw = true
260.273	EXP	Feedback: autoDraw = false
260.273	EXP	Feedback: autoDraw = false
260.273	EXP	text_3: autoDraw = true
265.76	EXP	text_3: autoDraw = false
265.76	EXP	text_3: autoDraw = false
265.76	EXP	text_2: autoDraw = true
265.76	EXP	text_2: text = 0
265.777	EXP	text_2: text = 17
265.793	EXP	text_2: text = 34
265.81	EXP	text_2: text = 51
265.827	EXP	text_2: text = 67
265.843	EXP	text_2: text = 84
265.859	EXP	text_2: text = 100
265.877	EXP	text_2: text = 117
265.89300000000003	EXP	text_2: text = 134
265.91	EXP	text_2: text = 151
265.926	EXP	text_2: text = 167
265.942	EXP	text_2: text = 183
265.959	EXP	text_2: text = 201
265.976	EXP	text_2: text = 217
265.992	EXP	text_2: text = 233
266.01	EXP	text_2: text = 249
266.026	EXP	text_2: text = 267
266.043	EXP	text_2: text = 283
266.059	EXP	text_2: text = 300
266.077	EXP	text_2: text = 317
266.093	EXP	text_2: text = 333
266.11	EXP	text_2: text = 350
266.125	EXP	text_2: text = 366
266.14300000000003	EXP	text_2: text = 384
266.151	DATA	Keydown:  
266.158	EXP	text_2: text = 400
266.158	EXP	text_2: autoDraw = false
266.158	EXP	Feedback: text = 391
266.158	EXP	Feedback: autoDraw = true
267.157	EXP	Feedback: autoDraw = false
267.157	EXP	Feedback: autoDraw = false
267.157	EXP	text_3: autoDraw = true
273.459	EXP	text_3: autoDraw = false
273.459	EXP	text_3: autoDraw = false
273.459	EXP	text_2: autoDraw = true
273.459	EXP	text_2: text = 1
273.475	EXP	text_2: text = 17
273.492	EXP	text_2: text = 33
273.509	EXP	text_2: text = 51
273.52500000000003	EXP	text_2: text = 66
273.54200000000003	EXP	text_2: text = 83
273.559	EXP	text_2: text = 101
273.575	EXP	text_2: text = 117
273.592	EXP	text_2: text = 134
273.609	EXP	text_2: text = 150
273.625	EXP	text_2: text = 166
273.642	EXP	text_2: text = 183
273.658	EXP	text_2: text = 200
273.675	EXP	text_2: text = 216
273.692	EXP	text_2: text = 233
273.708	EXP	text_2: text = 250
273.724	EXP	text_2: text = 266
273.741	EXP	text_2: text = 283
273.743	DATA	Keydown:  
273.757	EXP	text_2: text = 299
273.757	EXP	text_2: autoDraw = false
273.757	EXP	Feedback: text = 284
273.757	EXP	Feedback: autoDraw = true
274.75600000000003	EXP	Feedback: autoDraw = false
274.75600000000003	EXP	Feedback: autoDraw = false
274.75600000000003	EXP	text_3: autoDraw = true
282.838	EXP	text_3: autoDraw = false
282.838	EXP	text_3: autoDraw = false
282.838	EXP	text_2: autoDraw = true
282.838	EXP	text_2: text = 0
282.854	EXP	text_2: text = 14
282.869	EXP	text_2: text = 30
282.887	EXP	text_2: text = 48
282.903	EXP	text_2: text = 64
282.92	EXP	text_2: text = 80
282.937	EXP	text_2: text = 97
282.95300000000003	EXP	text_2: text = 114
282.968	EXP	text_2: text = 129
282.986	EXP	text_2: text = 146
283.003	EXP	text_2: text = 164
283.019	EXP	text_2: text = 179
283.036	EXP	text_2: text = 197
283.053	EXP	text_2: text = 213
283.069	EXP	text_2: text = 230
283.086	EXP	text_2: text = 246
283.10200000000003	EXP	text_2: text = 263
283.104	DATA	Keydown:  
283.119	EXP	text_2: text = 279
283.119	EXP	text_2: autoDraw = false
283.119	EXP	Feedback: text = 266
283.119	EXP	Feedback: autoDraw = true
284.116	EXP	Feedback: autoDraw = false
284.116	EXP	Feedback: autoDraw = false
284.116	EXP	text_3: autoDraw = true
288.34000000000003	EXP	text_3: autoDraw = false
288.34000000000003	EXP	text_3: autoDraw = false
288.34000000000003	EXP	text_2: autoDraw = true
288.34000000000003	EXP	text_2: text = 0
288.357	EXP	text_2: text = 16
288.374	EXP	text_2: text = 33
288.39	EXP	text_2: text = 50
288.407	EXP	text_2: text = 66
288.42400000000004	EXP	text_2: text = 83
288.44	EXP	text_2: text = 99
288.457	EXP	text_2: text = 117
288.474	EXP	text_2: text = 133
288.49	EXP	text_2: text = 149
288.507	EXP	text_2: text = 166
288.523	EXP	text_2: text = 183
288.54	EXP	text_2: text = 199
288.556	EXP	text_2: text = 216
288.574	EXP	text_2: text = 233
288.59000000000003	EXP	text_2: text = 249
288.606	EXP	text_2: text = 265
288.623	EXP	text_2: text = 283
288.639	EXP	text_2: text = 299
288.656	EXP	text_2: text = 316
288.66200000000003	DATA	Keydown:  
288.673	EXP	text_2: text = 332
288.673	EXP	text_2: autoDraw = false
288.673	EXP	Feedback: text = 322
288.673	EXP	Feedback: autoDraw = true
289.671	EXP	Feedback: autoDraw = false
289.671	EXP	Feedback: autoDraw = false
289.671	EXP	text_3: autoDraw = true
292.232	EXP	text_3: autoDraw = false
292.232	EXP	text_3: autoDraw = false
292.232	EXP	text_2: autoDraw = true
292.232	EXP	text_2: text = 0
292.247	EXP	text_2: text = 16
292.265	EXP	text_2: text = 32
292.28000000000003	EXP	text_2: text = 49
292.297	EXP	text_2: text = 66
292.315	EXP	text_2: text = 83
292.331	EXP	text_2: text = 100
292.348	EXP	text_2: text = 116
292.363	EXP	text_2: text = 133
292.38100000000003	EXP	text_2: text = 149
292.397	EXP	text_2: text = 166
292.414	EXP	text_2: text = 182
292.43	EXP	text_2: text = 199
292.446	EXP	text_2: text = 216
292.463	EXP	text_2: text = 232
292.48	EXP	text_2: text = 249
292.496	EXP	text_2: text = 265
292.51300000000003	EXP	text_2: text = 282
292.53000000000003	EXP	text_2: text = 299
292.548	EXP	text_2: text = 316
292.564	EXP	text_2: text = 333
292.581	EXP	text_2: text = 350
292.597	EXP	text_2: text = 366
292.599	DATA	Keydown:  
292.613	EXP	text_2: text = 382
292.613	EXP	text_2: autoDraw = false
292.613	EXP	Feedback: text = 367
292.613	EXP	Feedback: autoDraw = true
293.63100000000003	EXP	Feedback: autoDraw = false
293.63100000000003	EXP	Feedback: autoDraw = false
293.63100000000003	EXP	text_3: autoDraw = true
300.246	EXP	text_3: autoDraw = false
300.246	EXP	text_3: autoDraw = false
300.246	EXP	text_2: autoDraw = true
300.246	EXP	text_2: text = 0
300.262	EXP	text_2: text = 16
300.279	EXP	text_2: text = 34
300.295	EXP	text_2: text = 50
300.312	EXP	text_2: text = 67
300.32800000000003	EXP	text_2: text = 83
300.345	EXP	text_2: text = 100
300.362	EXP	text_2: text = 116
300.379	EXP	text_2: text = 134
300.395	EXP	text_2: text = 150
300.41200000000003	EXP	text_2: text = 167
300.428	EXP	text_2: text = 183
300.445	EXP	text_2: text = 200
300.461	EXP	text_2: text = 216
300.47700000000003	EXP	text_2: text = 233
300.495	EXP	text_2: text = 250
300.512	EXP	text_2: text = 266
300.528	EXP	text_2: text = 283
300.545	EXP	text_2: text = 300
300.56100000000004	EXP	text_2: text = 316
300.563	DATA	Keydown:  
300.57800000000003	EXP	text_2: text = 333
300.57800000000003	EXP	text_2: autoDraw = false
300.57800000000003	EXP	Feedback: text = 317
300.57800000000003	EXP	Feedback: autoDraw = true
301.575	EXP	Feedback: autoDraw = false
301.575	EXP	Feedback: autoDraw = false
301.575	EXP	text_3: autoDraw = true
311.519	EXP	text_3: autoDraw = false
311.519	EXP	text_3: autoDraw = false
311.519	EXP	text_2: autoDraw = true
311.519	EXP	text_2: text = 0
311.535	EXP	text_2: text = 17
311.552	EXP	text_2: text = 33
311.569	EXP	text_2: text = 49
311.58500000000004	EXP	text_2: text = 67
311.60200000000003	EXP	text_2: text = 84
311.619	EXP	text_2: text = 100
311.636	EXP	text_2: text = 116
311.652	EXP	text_2: text = 134
311.668	EXP	text_2: text = 151
311.685	EXP	text_2: text = 167
311.702	EXP	text_2: text = 183
311.718	EXP	text_2: text = 200
311.735	EXP	text_2: text = 216
311.752	EXP	text_2: text = 233
311.76800000000003	EXP	text_2: text = 250
311.785	EXP	text_2: text = 266
311.801	EXP	text_2: text = 283
311.818	EXP	text_2: text = 300
311.834	EXP	text_2: text = 316
311.85200000000003	EXP	text_2: text = 333
311.868	EXP	text_2: text = 350
311.884	EXP	text_2: text = 366
311.901	EXP	text_2: text = 383
311.906	DATA	Keydown:  
311.91700000000003	EXP	text_2: text = 399
311.91700000000003	EXP	text_2: autoDraw = false
311.91700000000003	EXP	Feedback: text = 387
311.91700000000003	EXP	Feedback: autoDraw = true
312.935	EXP	Feedback: autoDraw = false
312.935	EXP	Feedback: autoDraw = false
312.935	EXP	End_text: autoDraw = true
322.731	DATA	Keydown:  
324.497	DATA	Mouse: 0 button down, pos=(638,265)
324.639	DATA	Mouse: 0 button down, pos=(638,265)
330.867	DATA	Mouse: 0 button down, pos=(712,225)
331.095	DATA	Mouse: 0 button down, pos=(712,225)
331.096	DATA	Mouse: 0 button down, pos=(712,225)
331.096	DATA	Mouse: 0 button down, pos=(712,225)
331.40500000000003	DATA	Mouse: 0 button down, pos=(712,225)
331.426	DATA	Mouse: 0 button down, pos=(712,225)
331.611	DATA	Mouse: 0 button down, pos=(712,225)
331.63800000000003	DATA	Mouse: 0 button down, pos=(712,225)
