0.17310000001452863	EXP	Created Window = Window( name=Window, fullscr=true, color=#000000, units=height, waitBlanking=true, autoLog=true, size=[1366,695] )
3.4546100000152364	DATA	Keydown: 1
3.6944350000703707	DATA	Keydown: 2
4.331450000056066	DATA	Keydown: 6
4.498400000040419	DATA	Keydown: 0
4.683665000018664	DATA	Keydown: 6
7.804789999965578	EXP	Created text = TextStim( name=text, win=Window( name=Window, fullscr=true, color=#000000, ~), autoDraw=null, autoLog=true, units=height, ori=null, opacity=1, pos=[0,0], size=undefined, text=INSTRUCTIONS [EN]


A counter will appear and star~, font=Arial, color=#FFFFFF, contrast=1, height=0.03, bold=null, italic=null, alignHoriz=left, alignVert=center, wrapWidth=1, flipHoriz=null, flipVert=null )
7.81793000001926	EXP	Created text_3 = TextStim( name=text_3, win=Window( name=Window, fullscr=true, color=#000000, ~), autoDraw=null, autoLog=true, units=height, ori=null, opacity=1, pos=[0,0], size=undefined, text=null, font=Arial, color=#FFFFFF, contrast=1, height=0.1, bold=null, italic=null, alignHoriz=left, alignVert=center, wrapWidth=1, flipHoriz=null, flipVert=null )
7.822920000064187	EXP	Created text_2 = TextStim( name=text_2, win=Window( name=Window, fullscr=true, color=#000000, ~), autoDraw=null, autoLog=true, units=height, ori=null, opacity=1, pos=[0,0], size=undefined, text=default text, font=Arial, color=#ff0000, contrast=1, height=0.15, bold=null, italic=null, alignHoriz=left, alignVert=center, wrapWidth=1, flipHoriz=null, flipVert=null )
7.832419999991544	EXP	Created Feedback = TextStim( name=Feedback, win=Window( name=Window, fullscr=true, color=#000000, ~), autoDraw=null, autoLog=true, units=height, ori=null, opacity=1, pos=[0,0], size=undefined, text=default text, font=Arial, color=#ff0000, contrast=1, height=0.15, bold=null, italic=null, alignHoriz=left, alignVert=center, wrapWidth=1, flipHoriz=null, flipVert=null )
7.834655000013299	EXP	Created End_text = TextStim( name=End_text, win=Window( name=Window, fullscr=true, color=#000000, ~), autoDraw=null, autoLog=true, units=height, ori=null, opacity=1, pos=[0,0], size=undefined, text=This study aimed to look at procedural learning, i~, font=Arial, color=#FFFFFF, contrast=1, height=0.025, bold=null, italic=null, alignHoriz=left, alignVert=center, wrapWidth=1, flipHoriz=null, flipVert=null )
7.9171949999872595	EXP	text: units = "height"
7.9171949999872595	EXP	text: ori = 0
7.9171949999872595	EXP	text: opacity = 1
7.9171949999872595	EXP	text: pos = [0,0]
7.9171949999872595	EXP	text: size = undefined
7.9171949999872595	EXP	text: text = "INSTRUCTIONS [EN]\n\n\nA counter will appear and start counting at random times, press SPACE as fast as possible when it appears.\n\n\nPress SPACE to start\n\n-------\n\nInstruções [PT]\n\n\nUm cronómetro vai aparecer e começar a contar aleatoriamente, pressione a tecla SPACE assim que ele aparecer.\n\n\nPressiona SPACE para começar."
7.9171949999872595	EXP	text: font = "Arial"
7.9171949999872595	EXP	text: color = {"_hex":"#FFFFFF","_rgb":[1,1,1]}
7.9171949999872595	EXP	text: contrast = 1
7.9171949999872595	EXP	text: height = 0.03
7.9171949999872595	EXP	text: bold = false
7.9171949999872595	EXP	text: italic = false
7.9171949999872595	EXP	text: alignHoriz = "left"
7.9171949999872595	EXP	text: alignVert = "center"
7.9171949999872595	EXP	text: wrapWidth = 1
7.9171949999872595	EXP	text: flipHoriz = false
7.9171949999872595	EXP	text: flipVert = false
7.9171949999872595	EXP	text_3: units = "height"
7.9171949999872595	EXP	text_3: ori = 0
7.9171949999872595	EXP	text_3: opacity = 1
7.9171949999872595	EXP	text_3: pos = [0,0]
7.9171949999872595	EXP	text_3: size = undefined
7.9171949999872595	EXP	text_3: text = ""
7.9171949999872595	EXP	text_3: font = "Arial"
7.9171949999872595	EXP	text_3: color = {"_hex":"#FFFFFF","_rgb":[1,1,1]}
7.9171949999872595	EXP	text_3: contrast = 1
7.9171949999872595	EXP	text_3: height = 0.1
7.9171949999872595	EXP	text_3: bold = false
7.9171949999872595	EXP	text_3: italic = false
7.9171949999872595	EXP	text_3: alignHoriz = "left"
7.9171949999872595	EXP	text_3: alignVert = "center"
7.9171949999872595	EXP	text_3: wrapWidth = 1
7.9171949999872595	EXP	text_3: flipHoriz = false
7.9171949999872595	EXP	text_3: flipVert = false
7.9171949999872595	EXP	text_2: units = "height"
7.9171949999872595	EXP	text_2: ori = 0
7.9171949999872595	EXP	text_2: opacity = 1
7.9171949999872595	EXP	text_2: pos = [0,0]
7.9171949999872595	EXP	text_2: size = undefined
7.9171949999872595	EXP	text_2: text = "default text"
7.9171949999872595	EXP	text_2: font = "Arial"
7.9171949999872595	EXP	text_2: color = {"_rgb":[1,0,0]}
7.9171949999872595	EXP	text_2: contrast = 1
7.9171949999872595	EXP	text_2: height = 0.15
7.9171949999872595	EXP	text_2: bold = false
7.9171949999872595	EXP	text_2: italic = false
7.9171949999872595	EXP	text_2: alignHoriz = "left"
7.9171949999872595	EXP	text_2: alignVert = "center"
7.9171949999872595	EXP	text_2: wrapWidth = 1
7.9171949999872595	EXP	text_2: flipHoriz = false
7.9171949999872595	EXP	text_2: flipVert = false
7.9171949999872595	EXP	Feedback: units = "height"
7.9171949999872595	EXP	Feedback: ori = 0
7.9171949999872595	EXP	Feedback: opacity = 1
7.9171949999872595	EXP	Feedback: pos = [0,0]
7.9171949999872595	EXP	Feedback: size = undefined
7.9171949999872595	EXP	Feedback: text = "default text"
7.9171949999872595	EXP	Feedback: font = "Arial"
7.9171949999872595	EXP	Feedback: color = {"_rgb":[1,0,0]}
7.9171949999872595	EXP	Feedback: contrast = 1
7.9171949999872595	EXP	Feedback: height = 0.15
7.9171949999872595	EXP	Feedback: bold = false
7.9171949999872595	EXP	Feedback: italic = false
7.9171949999872595	EXP	Feedback: alignHoriz = "left"
7.9171949999872595	EXP	Feedback: alignVert = "center"
7.9171949999872595	EXP	Feedback: wrapWidth = 1
7.9171949999872595	EXP	Feedback: flipHoriz = false
7.9171949999872595	EXP	Feedback: flipVert = false
7.9171949999872595	EXP	End_text: units = "height"
7.9171949999872595	EXP	End_text: ori = 0
7.9171949999872595	EXP	End_text: opacity = 1
7.9171949999872595	EXP	End_text: pos = [0,0]
7.9171949999872595	EXP	End_text: size = undefined
7.9171949999872595	EXP	End_text: text = "This study aimed to look at procedural learning, i.e. our ability to extract patterns from the input that we are constantly receiving. This skill is thought to be essential for language and literacy acquisition and has been suggested as a possible underlying difficult in children with Language Impairments and Dyslexia. This study aims to improve the measures of procedural learning (the smiley face task) so that we can measure procedural learning more reliably and, in the future, analyse the performance of individuals with learning impairments.\nThank you for participating!\n\n----\n\nEste estudo tem como objectivo analisar a nossa capacidade de extrair padrões da informação que estamos constantemente a receber. Pensa-se que esta competência é essencial para a aquisição da linguagem e literacia e foi sugerido que dificuldades neste tipo de competências poderá estar relacionado com perturbações da linguagem e Dislexia. Este estudo tem como objectivo melhorar a estabilidade das medidas usadas para medir este tipo de memória (a tarefa da cara sorridente) de forma a poder medir de forma mais precisa e, no futuro, analisar a performance de indivíduos com perturbações da aprendizagem. \nMuito obrigada por ter participado!"
7.9171949999872595	EXP	End_text: font = "Arial"
7.9171949999872595	EXP	End_text: color = {"_hex":"#FFFFFF","_rgb":[1,1,1]}
7.9171949999872595	EXP	End_text: contrast = 1
7.9171949999872595	EXP	End_text: height = 0.025
7.9171949999872595	EXP	End_text: bold = false
7.9171949999872595	EXP	End_text: italic = false
7.9171949999872595	EXP	End_text: alignHoriz = "left"
7.9171949999872595	EXP	End_text: alignVert = "center"
7.9171949999872595	EXP	End_text: wrapWidth = 1
7.9171949999872595	EXP	End_text: flipHoriz = false
7.9171949999872595	EXP	End_text: flipVert = false
7.9171949999872595	EXP	text: autoDraw = true
9.676310000009835	DATA	Keydown:  
9.70043500000611	EXP	text: autoDraw = false
9.70043500000611	EXP	text_3: autoDraw = true
15.183695000014268	DATA	Mouse: 0 button down, pos=(720,377)
15.343510000035167	DATA	Mouse: 0 button down, pos=(720,377)
17.542430000030436	EXP	text_3: autoDraw = false
17.542430000030436	EXP	text_3: autoDraw = false
17.542430000030436	EXP	text_2: autoDraw = true
17.542430000030436	EXP	text_2: text = 1
17.564710000064224	EXP	text_2: text = 48
17.58059000002686	EXP	text_2: text = 65
17.597109999973327	EXP	text_2: text = 81
17.613970000064	EXP	text_2: text = 98
17.630834999959916	EXP	text_2: text = 115
17.648849999997765	EXP	text_2: text = 131
17.66491000005044	EXP	text_2: text = 148
17.681165000074543	EXP	text_2: text = 165
17.698899999959394	EXP	text_2: text = 182
17.7149849999696	EXP	text_2: text = 198
17.731840000022203	EXP	text_2: text = 215
17.748894999967888	EXP	text_2: text = 232
17.764975000056438	EXP	text_2: text = 248
17.78101500007324	EXP	text_2: text = 265
17.79845500004012	EXP	text_2: text = 282
17.809015000006184	DATA	Keydown:  
17.82007000001613	EXP	text_2: text = 299
17.82007000001613	EXP	text_2: autoDraw = false
17.82007000001613	EXP	Feedback: text = 267
17.82007000001613	EXP	Feedback: autoDraw = true
18.816835000063293	EXP	Feedback: autoDraw = false
18.816835000063293	EXP	Feedback: autoDraw = false
18.816835000063293	EXP	text_3: autoDraw = true
23.217245000065304	EXP	text_3: autoDraw = false
23.217245000065304	EXP	text_3: autoDraw = false
23.217245000065304	EXP	text_2: autoDraw = true
23.217245000065304	EXP	text_2: text = 0
23.230059999972582	EXP	text_2: text = 16
23.2472350000171	EXP	text_2: text = 33
23.26396500004921	EXP	text_2: text = 49
23.280595000018366	EXP	text_2: text = 66
23.298659999971278	EXP	text_2: text = 83
23.3135300000431	EXP	text_2: text = 100
23.33163999998942	EXP	text_2: text = 116
23.348160000052303	EXP	text_2: text = 133
23.364709999994375	EXP	text_2: text = 149
23.380759999970905	EXP	text_2: text = 166
23.398834999999963	EXP	text_2: text = 183
23.41486000001896	EXP	text_2: text = 199
23.43148500006646	EXP	text_2: text = 216
23.44782999996096	EXP	text_2: text = 233
23.46483499999158	EXP	text_2: text = 249
23.481990000000224	EXP	text_2: text = 266
23.49888500000816	EXP	text_2: text = 283
23.514139999984764	EXP	text_2: text = 299
23.531810000073165	EXP	text_2: text = 316
23.5483050000621	EXP	text_2: text = 333
23.56498999998439	EXP	text_2: text = 349
23.581020000041462	EXP	text_2: text = 366
23.599210000014864	EXP	text_2: text = 383
23.61418000003323	EXP	text_2: text = 399
23.632035000016913	EXP	text_2: text = 416
23.66876000002958	EXP	text_2: text = 434
23.68171000003349	EXP	text_2: text = 467
23.697524999966845	EXP	text_2: text = 483
23.73430000001099	EXP	text_2: text = 517
23.74852500006091	EXP	text_2: text = 533
23.766545000020415	EXP	text_2: text = 550
23.781859999988228	EXP	text_2: text = 566
23.799145000055432	EXP	text_2: text = 583
23.815900000045076	EXP	text_2: text = 600
23.832629999960773	EXP	text_2: text = 616
23.848824999993667	EXP	text_2: text = 633
23.86700500000734	EXP	text_2: text = 651
23.881780000054277	EXP	text_2: text = 666
23.899590000044554	EXP	text_2: text = 683
23.915445000049658	EXP	text_2: text = 700
23.93212000001222	EXP	text_2: text = 716
23.949220000067726	EXP	text_2: text = 733
23.965489999973215	EXP	text_2: text = 749
23.98190999997314	EXP	text_2: text = 767
23.999880000017583	EXP	text_2: text = 784
24.015529999975115	EXP	text_2: text = 800
24.033019999973476	EXP	text_2: text = 817
24.05018000002019	EXP	text_2: text = 834
24.065975000034086	EXP	text_2: text = 850
24.082174999988638	EXP	text_2: text = 867
24.100790000054985	EXP	text_2: text = 883
24.115790000068955	EXP	text_2: text = 900
24.133299999986775	EXP	text_2: text = 917
24.148425000021234	EXP	text_2: text = 933
24.16561000002548	EXP	text_2: text = 950
24.182370000053197	EXP	text_2: text = 966
24.2001600000076	EXP	text_2: text = 983
24.215304999961518	EXP	text_2: text = 1000
24.23298500000965	EXP	text_2: text = 1016
24.25	EXP	text_2: text = 1033
24.265885000000708	EXP	text_2: text = 1050
24.282385000027716	EXP	text_2: text = 1066
24.298545000026934	EXP	text_2: text = 1083
24.316400000010617	EXP	text_2: text = 1100
24.33278000005521	EXP	text_2: text = 1116
24.349415000062436	EXP	text_2: text = 1133
24.367259999969974	EXP	text_2: text = 1150
24.381960000027902	EXP	text_2: text = 1167
24.399899999960326	EXP	text_2: text = 1183
24.41531000006944	EXP	text_2: text = 1200
24.43289499997627	EXP	text_2: text = 1217
24.44946000003256	EXP	text_2: text = 1233
24.466039999970235	EXP	text_2: text = 1250
24.498080000048503	EXP	text_2: text = 1283
24.514689999981783	EXP	text_2: text = 1299
24.53462499997113	EXP	text_2: text = 1317
24.547619999968447	EXP	text_2: text = 1332
24.563545000040904	EXP	text_2: text = 1349
24.58044000004884	EXP	text_2: text = 1366
24.59796499996446	EXP	text_2: text = 1383
24.614910000003874	EXP	text_2: text = 1399
24.631294999970123	EXP	text_2: text = 1416
24.648509999969974	EXP	text_2: text = 1433
24.664965000003576	EXP	text_2: text = 1450
24.68226999999024	EXP	text_2: text = 1466
24.697790000005625	EXP	text_2: text = 1483
24.701669999980368	DATA	Keydown:  
24.717960000038147	EXP	text_2: text = 1500
24.717960000038147	EXP	text_2: autoDraw = false
24.717960000038147	EXP	Feedback: text = 1485
24.717960000038147	EXP	Feedback: autoDraw = true
25.715330000035465	EXP	Feedback: autoDraw = false
25.715330000035465	EXP	Feedback: autoDraw = false
25.715330000035465	EXP	text_3: autoDraw = true
28.66847500007134	DATA	Keydown:  
29.163659999961965	DATA	Keydown:  
30.29995500005316	EXP	text_3: autoDraw = false
30.29995500005316	EXP	text_3: autoDraw = false
30.29995500005316	EXP	text_2: autoDraw = true
30.29995500005316	EXP	text_2: text = 0
30.31292499997653	EXP	text_2: text = 16
30.33074000000488	EXP	text_2: text = 33
30.347034999984317	EXP	text_2: text = 50
30.3629550000187	EXP	text_2: text = 66
30.380535000003874	EXP	text_2: text = 83
30.3963399999775	EXP	text_2: text = 100
30.414125000010245	EXP	text_2: text = 116
30.43095000006724	EXP	text_2: text = 133
30.447690000059083	EXP	text_2: text = 150
30.464095000061207	EXP	text_2: text = 167
30.481215000036173	EXP	text_2: text = 183
30.496845000074245	EXP	text_2: text = 199
30.514094999991357	EXP	text_2: text = 216
30.522130000055768	DATA	Keydown:  
30.53332499996759	EXP	text_2: text = 233
30.53332499996759	EXP	text_2: autoDraw = false
30.53332499996759	EXP	Feedback: text = 222
30.53332499996759	EXP	Feedback: autoDraw = true
31.530870000016876	EXP	Feedback: autoDraw = false
31.530870000016876	EXP	Feedback: autoDraw = false
31.530870000016876	EXP	text_3: autoDraw = true
36.3977850000374	EXP	text_3: autoDraw = false
36.3977850000374	EXP	text_3: autoDraw = false
36.3977850000374	EXP	text_2: autoDraw = true
36.3977850000374	EXP	text_2: text = 0
36.412450000061654	EXP	text_2: text = 16
36.43008499999996	EXP	text_2: text = 33
36.446055000065826	EXP	text_2: text = 50
36.4632500000298	EXP	text_2: text = 66
36.47929499996826	EXP	text_2: text = 83
36.496580000035465	EXP	text_2: text = 100
36.51328499999363	EXP	text_2: text = 116
36.53060000005644	EXP	text_2: text = 133
36.546570000005886	EXP	text_2: text = 150
36.564245000015944	EXP	text_2: text = 167
36.58024999999907	EXP	text_2: text = 183
36.59683499997482	EXP	text_2: text = 199
36.61345499998424	EXP	text_2: text = 216
36.61687999998685	DATA	Keydown:  
36.63265499996487	EXP	text_2: text = 234
36.63265499996487	EXP	text_2: autoDraw = false
36.63265499996487	EXP	Feedback: text = 219
36.63265499996487	EXP	Feedback: autoDraw = true
37.629784999997355	EXP	Feedback: autoDraw = false
37.629784999997355	EXP	Feedback: autoDraw = false
37.629784999997355	EXP	text_3: autoDraw = true
43.183190000010654	EXP	text_3: autoDraw = false
43.183190000010654	EXP	text_3: autoDraw = false
43.183190000010654	EXP	text_2: autoDraw = true
43.183190000010654	EXP	text_2: text = 0
43.19614500005264	EXP	text_2: text = 16
43.21318500000052	EXP	text_2: text = 33
43.23167999996804	EXP	text_2: text = 50
43.24724499997683	EXP	text_2: text = 67
43.26395000005141	EXP	text_2: text = 82
43.27982499997597	EXP	text_2: text = 99
43.298019999987446	EXP	text_2: text = 117
43.31429000000935	EXP	text_2: text = 133
43.330975000048056	EXP	text_2: text = 149
43.34779000002891	EXP	text_2: text = 167
43.36445500003174	EXP	text_2: text = 183
43.38036000006832	EXP	text_2: text = 199
43.39811000006739	EXP	text_2: text = 217
43.413565000053495	EXP	text_2: text = 233
43.42064000002574	DATA	Keydown:  
43.43367499997839	EXP	text_2: text = 250
43.43367499997839	EXP	text_2: autoDraw = false
43.43367499997839	EXP	Feedback: text = 238
43.43367499997839	EXP	Feedback: autoDraw = true
44.43163999996614	EXP	Feedback: autoDraw = false
44.43163999996614	EXP	Feedback: autoDraw = false
44.43163999996614	EXP	text_3: autoDraw = true
46.63343000004534	EXP	text_3: autoDraw = false
46.63343000004534	EXP	text_3: autoDraw = false
46.63343000004534	EXP	text_2: autoDraw = true
46.63343000004534	EXP	text_2: text = 0
46.646384999970905	EXP	text_2: text = 15
46.66327500005718	EXP	text_2: text = 32
46.680765000055544	EXP	text_2: text = 49
46.696540000033565	EXP	text_2: text = 66
46.71470999997109	EXP	text_2: text = 83
46.72984499996528	EXP	text_2: text = 99
46.7472650000127	EXP	text_2: text = 115
46.76364000001922	EXP	text_2: text = 132
46.780370000051335	EXP	text_2: text = 148
46.797395000001416	EXP	text_2: text = 166
46.814744999981485	EXP	text_2: text = 182
46.829460000037216	EXP	text_2: text = 199
46.847234999993816	EXP	text_2: text = 216
46.863400000031106	EXP	text_2: text = 232
46.881915000034496	EXP	text_2: text = 249
46.89751000003889	EXP	text_2: text = 266
46.91474500007462	EXP	text_2: text = 282
46.93096000002697	EXP	text_2: text = 299
46.94838499999605	EXP	text_2: text = 316
46.962874999968335	EXP	text_2: text = 332
46.98132000002079	EXP	text_2: text = 349
46.99704000004567	EXP	text_2: text = 366
47.01453499996569	EXP	text_2: text = 382
47.030305000022054	EXP	text_2: text = 399
47.047819999977946	EXP	text_2: text = 415
47.06437999999616	EXP	text_2: text = 432
47.081925000064075	EXP	text_2: text = 450
47.09701500006486	EXP	text_2: text = 465
47.11472499999218	EXP	text_2: text = 482
47.1315150000155	EXP	text_2: text = 499
47.14742000005208	EXP	text_2: text = 515
47.164149999967776	EXP	text_2: text = 533
47.19673500000499	EXP	text_2: text = 566
47.21513500006404	EXP	text_2: text = 583
47.22938500007149	EXP	text_2: text = 598
47.24515500001144	EXP	text_2: text = 615
47.262405000044964	EXP	text_2: text = 631
47.279289999976754	EXP	text_2: text = 648
47.295805000001565	EXP	text_2: text = 665
47.31255999999121	EXP	text_2: text = 681
47.32967500004452	EXP	text_2: text = 699
47.34637499996461	EXP	text_2: text = 715
47.36290499998722	EXP	text_2: text = 732
47.379835000028834	EXP	text_2: text = 749
47.3965549999848	EXP	text_2: text = 765
47.40640500001609	DATA	Keydown:  
47.41554000007454	EXP	text_2: text = 782
47.41554000007454	EXP	text_2: autoDraw = false
47.41554000007454	EXP	Feedback: text = 773
47.41554000007454	EXP	Feedback: autoDraw = true
48.411809999961406	EXP	Feedback: autoDraw = false
48.411809999961406	EXP	Feedback: autoDraw = false
48.411809999961406	EXP	text_3: autoDraw = true
52.33087000006344	EXP	text_3: autoDraw = false
52.33087000006344	EXP	text_3: autoDraw = false
52.33087000006344	EXP	text_2: autoDraw = true
52.33087000006344	EXP	text_2: text = 0
52.344894999987446	EXP	text_2: text = 17
52.362309999996796	EXP	text_2: text = 33
52.37790500000119	EXP	text_2: text = 50
52.396015000063926	EXP	text_2: text = 67
52.41133500006981	EXP	text_2: text = 83
52.42836999997962	EXP	text_2: text = 100
52.44541000004392	EXP	text_2: text = 116
52.46195000002626	EXP	text_2: text = 133
52.47819499997422	EXP	text_2: text = 150
52.496264999965206	EXP	text_2: text = 167
52.51222500007134	EXP	text_2: text = 183
52.52876999997534	EXP	text_2: text = 200
52.545255000004545	EXP	text_2: text = 217
52.56243000004906	EXP	text_2: text = 233
52.57886500004679	EXP	text_2: text = 250
52.595695000025444	EXP	text_2: text = 266
52.59953999996651	DATA	Keydown:  
52.617380000068806	EXP	text_2: text = 283
52.617380000068806	EXP	text_2: autoDraw = false
52.617380000068806	EXP	Feedback: text = 269
52.617380000068806	EXP	Feedback: autoDraw = true
53.61348000005819	EXP	Feedback: autoDraw = false
53.61348000005819	EXP	Feedback: autoDraw = false
53.61348000005819	EXP	text_3: autoDraw = true
58.74754999997094	EXP	text_3: autoDraw = false
58.74754999997094	EXP	text_3: autoDraw = false
58.74754999997094	EXP	text_2: autoDraw = true
58.74754999997094	EXP	text_2: text = 0
58.76196500007063	EXP	text_2: text = 16
58.77946500002872	EXP	text_2: text = 32
58.79468499997165	EXP	text_2: text = 49
58.81483000004664	EXP	text_2: text = 67
58.828485000063665	EXP	text_2: text = 83
58.8462999999756	EXP	text_2: text = 99
58.86189000005834	EXP	text_2: text = 116
58.879169999971054	EXP	text_2: text = 133
58.89549000002444	EXP	text_2: text = 150
58.9142250000732	EXP	text_2: text = 167
58.929465000052005	EXP	text_2: text = 183
58.94715999998152	EXP	text_2: text = 200
58.96404500002973	EXP	text_2: text = 217
58.98022000002675	EXP	text_2: text = 233
58.98345000005793	DATA	Keydown:  
58.998970000073314	EXP	text_2: text = 250
58.998970000073314	EXP	text_2: autoDraw = false
58.998970000073314	EXP	Feedback: text = 236
58.998970000073314	EXP	Feedback: autoDraw = true
59.99578500003554	EXP	Feedback: autoDraw = false
59.99578500003554	EXP	Feedback: autoDraw = false
59.99578500003554	EXP	text_3: autoDraw = true
62.43029499996919	EXP	text_3: autoDraw = false
62.43029499996919	EXP	text_3: autoDraw = false
62.43029499996919	EXP	text_2: autoDraw = true
62.43029499996919	EXP	text_2: text = 0
62.44451000005938	EXP	text_2: text = 16
62.46284499997273	EXP	text_2: text = 34
62.478149999980815	EXP	text_2: text = 50
62.4964499999769	EXP	text_2: text = 67
62.51196500007063	EXP	text_2: text = 83
62.53003999998327	EXP	text_2: text = 100
62.54699000006076	EXP	text_2: text = 117
62.56340500002261	EXP	text_2: text = 134
62.57958000001963	EXP	text_2: text = 150
62.596460000029765	EXP	text_2: text = 167
62.61269500001799	EXP	text_2: text = 183
62.63069000001997	EXP	text_2: text = 200
62.645750000025146	EXP	text_2: text = 217
62.663975000032224	EXP	text_2: text = 233
62.679675000021234	EXP	text_2: text = 250
62.69650499999989	EXP	text_2: text = 266
62.6999599999981	DATA	Keydown:  
62.71571500005666	EXP	text_2: text = 284
62.71571500005666	EXP	text_2: autoDraw = false
62.71571500005666	EXP	Feedback: text = 270
62.71571500005666	EXP	Feedback: autoDraw = true
63.711490000016056	EXP	Feedback: autoDraw = false
63.711490000016056	EXP	Feedback: autoDraw = false
63.711490000016056	EXP	text_3: autoDraw = true
66.74424500006717	DATA	Keydown:  
70.29963500006124	DATA	Mouse: 0 button down, pos=(820,310)
71.12986500002444	EXP	text_3: autoDraw = false
71.12986500002444	EXP	text_3: autoDraw = false
71.12986500002444	EXP	text_2: autoDraw = true
71.12986500002444	EXP	text_2: text = 0
71.14521500002593	EXP	text_2: text = 17
71.16175500000827	EXP	text_2: text = 33
71.17708499997389	EXP	text_2: text = 49
71.195015000063	EXP	text_2: text = 66
71.2111300000688	EXP	text_2: text = 83
71.22855500003789	EXP	text_2: text = 99
71.24599500000477	EXP	text_2: text = 117
71.26197500003036	EXP	text_2: text = 133
71.27788000006694	EXP	text_2: text = 149
71.29539500002284	EXP	text_2: text = 166
71.31125000002794	EXP	text_2: text = 183
71.32912999996915	EXP	text_2: text = 200
71.34573000005912	EXP	text_2: text = 217
71.36263500002678	EXP	text_2: text = 233
71.36577000003308	DATA	Keydown:  
71.38120000006165	EXP	text_2: text = 250
71.38120000006165	EXP	text_2: autoDraw = false
71.38120000006165	EXP	Feedback: text = 236
71.38120000006165	EXP	Feedback: autoDraw = true
71.44720000005327	DATA	Mouse: 0 button down, pos=(820,310)
72.37765999999829	EXP	Feedback: autoDraw = false
72.37765999999829	EXP	Feedback: autoDraw = false
72.37765999999829	EXP	text_3: autoDraw = true
75.32963000005111	EXP	text_3: autoDraw = false
75.32963000005111	EXP	text_3: autoDraw = false
75.32963000005111	EXP	text_2: autoDraw = true
75.32963000005111	EXP	text_2: text = 0
75.3439500000095	EXP	text_2: text = 17
75.36123999999836	EXP	text_2: text = 32
75.37675499997567	EXP	text_2: text = 49
75.39605500001926	EXP	text_2: text = 67
75.41078500007279	EXP	text_2: text = 83
75.42788500001188	EXP	text_2: text = 99
75.4438599999994	EXP	text_2: text = 116
75.4617599999765	EXP	text_2: text = 133
75.47755499999039	EXP	text_2: text = 149
75.49578500003554	EXP	text_2: text = 166
75.51158499997109	EXP	text_2: text = 183
75.52783500007354	EXP	text_2: text = 200
75.54491499997675	EXP	text_2: text = 216
75.55171000002883	DATA	Keydown:  
75.56445499998517	EXP	text_2: text = 234
75.56445499998517	EXP	text_2: autoDraw = false
75.56445499998517	EXP	Feedback: text = 222
75.56445499998517	EXP	Feedback: autoDraw = true
76.56092499999795	EXP	Feedback: autoDraw = false
76.56092499999795	EXP	Feedback: autoDraw = false
76.56092499999795	EXP	text_3: autoDraw = true
78.71081499999855	DATA	Keydown:  
83.16170499997679	DATA	Keydown:  
84.42790999996942	DATA	Keydown:  
85.56177500006743	EXP	text_3: autoDraw = false
85.56177500006743	EXP	text_3: autoDraw = false
85.56177500006743	EXP	text_2: autoDraw = true
85.56177500006743	EXP	text_2: text = 0
85.57498500007205	EXP	text_2: text = 16
85.59109000000171	EXP	text_2: text = 33
85.60959999996703	EXP	text_2: text = 50
85.62565000005998	EXP	text_2: text = 67
85.64292000001296	EXP	text_2: text = 83
85.65873000002466	EXP	text_2: text = 100
85.67624499998055	EXP	text_2: text = 117
85.69273000000976	EXP	text_2: text = 133
85.70934499998111	EXP	text_2: text = 150
85.72660000005271	EXP	text_2: text = 167
85.74299499997869	EXP	text_2: text = 183
85.75023500004318	DATA	Keydown:  
85.76233499997761	EXP	text_2: text = 200
85.76233499997761	EXP	text_2: autoDraw = false
85.76233499997761	EXP	Feedback: text = 189
85.76233499997761	EXP	Feedback: autoDraw = true
86.76236000005156	EXP	Feedback: autoDraw = false
86.76236000005156	EXP	Feedback: autoDraw = false
86.76236000005156	EXP	text_3: autoDraw = true
89.39474999997765	EXP	text_3: autoDraw = false
89.39474999997765	EXP	text_3: autoDraw = false
89.39474999997765	EXP	text_2: autoDraw = true
89.39474999997765	EXP	text_2: text = 0
89.40796500002034	EXP	text_2: text = 17
89.42541500006337	EXP	text_2: text = 33
89.4417100000428	EXP	text_2: text = 50
89.45912999997381	EXP	text_2: text = 66
89.47494500002358	EXP	text_2: text = 83
89.49264499999117	EXP	text_2: text = 100
89.50897500000428	EXP	text_2: text = 116
89.52543499995954	EXP	text_2: text = 133
89.54303000005893	EXP	text_2: text = 150
89.5601500000339	EXP	text_2: text = 167
89.57594000000972	EXP	text_2: text = 183
89.5924450000748	EXP	text_2: text = 199
89.60885499999858	EXP	text_2: text = 216
89.62613500002772	EXP	text_2: text = 233
89.64314499998	EXP	text_2: text = 250
89.65905500005465	EXP	text_2: text = 266
89.67515500006266	EXP	text_2: text = 283
89.69273500004783	EXP	text_2: text = 299
89.70914000004996	EXP	text_2: text = 316
89.72646999999415	EXP	text_2: text = 333
89.74163499998394	EXP	text_2: text = 350
89.7588499999838	EXP	text_2: text = 366
89.7757050000364	EXP	text_2: text = 383
89.79287500004284	EXP	text_2: text = 399
89.79639999999199	DATA	Keydown:  
89.82562500005588	EXP	text_2: text = 416
89.82562500005588	EXP	text_2: autoDraw = false
89.82562500005588	EXP	Feedback: text = 402
89.82562500005588	EXP	Feedback: autoDraw = true
90.80870000005234	EXP	Feedback: autoDraw = false
90.80870000005234	EXP	Feedback: autoDraw = false
90.80870000005234	EXP	text_3: autoDraw = true
94.91035000002012	EXP	text_3: autoDraw = false
94.91035000002012	EXP	text_3: autoDraw = false
94.91035000002012	EXP	text_2: autoDraw = true
94.91035000002012	EXP	text_2: text = 0
94.92442000005394	EXP	text_2: text = 17
94.94131999998353	EXP	text_2: text = 33
94.95754500001203	EXP	text_2: text = 50
94.97458999999799	EXP	text_2: text = 67
94.99140000005718	EXP	text_2: text = 83
95.00812000001315	EXP	text_2: text = 100
95.02539500000421	EXP	text_2: text = 116
95.04121499997564	EXP	text_2: text = 133
95.05903000000399	EXP	text_2: text = 150
95.07555000006687	EXP	text_2: text = 166
95.09238499996718	EXP	text_2: text = 183
95.10797999997158	EXP	text_2: text = 199
95.12572999997064	EXP	text_2: text = 216
95.14242000004742	EXP	text_2: text = 233
95.15840499999467	EXP	text_2: text = 249
95.17538500006776	EXP	text_2: text = 266
95.19285500003025	EXP	text_2: text = 283
95.19653000007384	DATA	Keydown:  
95.21227000001818	EXP	text_2: text = 300
95.21227000001818	EXP	text_2: autoDraw = false
95.21227000001818	EXP	Feedback: text = 286
95.21227000001818	EXP	Feedback: autoDraw = true
96.207720000064	EXP	Feedback: autoDraw = false
96.207720000064	EXP	Feedback: autoDraw = false
96.207720000064	EXP	text_3: autoDraw = true
100.15988000005018	EXP	text_3: autoDraw = false
100.15988000005018	EXP	text_3: autoDraw = false
100.15988000005018	EXP	text_2: autoDraw = true
100.15988000005018	EXP	text_2: text = 0
100.17385000002105	EXP	text_2: text = 16
100.19140500004869	EXP	text_2: text = 33
100.20681000000332	EXP	text_2: text = 49
100.22427500004414	EXP	text_2: text = 66
100.24111000006087	EXP	text_2: text = 83
100.25836500001606	EXP	text_2: text = 100
100.27519499999471	EXP	text_2: text = 116
100.29197999997996	EXP	text_2: text = 133
100.30775999999605	EXP	text_2: text = 150
100.32463000004645	EXP	text_2: text = 166
100.3416150000412	EXP	text_2: text = 183
100.35836499999277	EXP	text_2: text = 199
100.3746299999766	EXP	text_2: text = 216
100.39219000004232	EXP	text_2: text = 233
100.40747500001453	EXP	text_2: text = 249
100.44258000003174	EXP	text_2: text = 283
100.45738999999594	EXP	text_2: text = 299
100.47645000007469	EXP	text_2: text = 317
100.49074499995913	EXP	text_2: text = 333
100.50801500002854	EXP	text_2: text = 349
100.52466500003356	EXP	text_2: text = 366
100.54159499995876	EXP	text_2: text = 383
100.5578450000612	EXP	text_2: text = 399
100.57457000005525	EXP	text_2: text = 416
100.5920600000536	EXP	text_2: text = 433
100.60812500002794	EXP	text_2: text = 449
100.62467499997001	EXP	text_2: text = 466
100.64162999996915	EXP	text_2: text = 483
100.65821000002325	EXP	text_2: text = 500
100.67523499997333	EXP	text_2: text = 516
100.69117999996524	EXP	text_2: text = 533
100.70825999998488	EXP	text_2: text = 549
100.72511500003748	EXP	text_2: text = 566
100.74161000002641	EXP	text_2: text = 583
100.74465000000782	DATA	Keydown:  
100.76086499996018	EXP	text_2: text = 600
100.76086499996018	EXP	text_2: autoDraw = false
100.76086499996018	EXP	Feedback: text = 585
100.76086499996018	EXP	Feedback: autoDraw = true
100.97857999999542	DATA	Keydown:  
101.1629950000206	DATA	Keydown:  
101.31280000007246	DATA	Keydown:  
101.44394999998622	DATA	Keydown:  
101.56829500000458	DATA	Keydown:  
101.75782000005711	EXP	Feedback: autoDraw = false
101.75782000005711	EXP	Feedback: autoDraw = false
101.75782000005711	EXP	text_3: autoDraw = true
109.61184999998659	DATA	Keydown:  
111.52526000002399	EXP	text_3: autoDraw = false
111.52526000002399	EXP	text_3: autoDraw = false
111.52526000002399	EXP	text_2: autoDraw = true
111.52526000002399	EXP	text_2: text = 0
111.53961500001606	EXP	text_2: text = 17
111.55589499999769	EXP	text_2: text = 33
111.57307000004221	EXP	text_2: text = 50
111.59039000002667	EXP	text_2: text = 67
111.60623000003397	EXP	text_2: text = 83
111.62335500004701	EXP	text_2: text = 100
111.64078999997582	EXP	text_2: text = 116
111.6566650000168	EXP	text_2: text = 133
111.67324000003282	EXP	text_2: text = 150
111.69264500006102	EXP	text_2: text = 167
111.70700000005309	EXP	text_2: text = 183
111.70999999996275	DATA	Keydown:  
111.72692499996629	EXP	text_2: text = 200
111.72692499996629	EXP	text_2: autoDraw = false
111.72692499996629	EXP	Feedback: text = 185
111.72692499996629	EXP	Feedback: autoDraw = true
112.7231600000523	EXP	Feedback: autoDraw = false
112.7231600000523	EXP	Feedback: autoDraw = false
112.7231600000523	EXP	text_3: autoDraw = true
117.22590499999933	EXP	text_3: autoDraw = false
117.22590499999933	EXP	text_3: autoDraw = false
117.22590499999933	EXP	text_2: autoDraw = true
117.22590499999933	EXP	text_2: text = 0
117.23949000006542	EXP	text_2: text = 16
117.25558500003535	EXP	text_2: text = 33
117.27214999997523	EXP	text_2: text = 50
117.28951999999117	EXP	text_2: text = 66
117.30568500002846	EXP	text_2: text = 83
117.32348000002094	EXP	text_2: text = 100
117.3397399999667	EXP	text_2: text = 116
117.35602000006475	EXP	text_2: text = 133
117.37338999996427	EXP	text_2: text = 150
117.39008000004105	EXP	text_2: text = 167
117.4066650000168	EXP	text_2: text = 183
117.42379000002984	EXP	text_2: text = 200
117.43967500003055	EXP	text_2: text = 217
117.45679500000551	EXP	text_2: text = 233
117.45996500004549	DATA	Keydown:  
117.47541499999352	EXP	text_2: text = 250
117.47541499999352	EXP	text_2: autoDraw = false
117.47541499999352	EXP	Feedback: text = 234
117.47541499999352	EXP	Feedback: autoDraw = true
118.4729750000406	EXP	Feedback: autoDraw = false
118.4729750000406	EXP	Feedback: autoDraw = false
118.4729750000406	EXP	text_3: autoDraw = true
122.0411900000181	EXP	text_3: autoDraw = false
122.0411900000181	EXP	text_3: autoDraw = false
122.0411900000181	EXP	text_2: autoDraw = true
122.0411900000181	EXP	text_2: text = 0
122.05553000001237	EXP	text_2: text = 17
122.07235999999102	EXP	text_2: text = 33
122.08891000004951	EXP	text_2: text = 50
122.1056249999674	EXP	text_2: text = 66
122.1222800000105	EXP	text_2: text = 83
122.13880000007339	EXP	text_2: text = 99
122.15570000000298	EXP	text_2: text = 116
122.1728600000497	EXP	text_2: text = 133
122.18939000007231	EXP	text_2: text = 149
122.2060749999946	EXP	text_2: text = 166
122.22345000004862	EXP	text_2: text = 183
122.23886499996297	EXP	text_2: text = 200
122.25577499996871	EXP	text_2: text = 216
122.27249500004109	EXP	text_2: text = 233
122.2755200000247	DATA	Keydown:  
122.29265499999747	EXP	text_2: text = 250
122.29265499999747	EXP	text_2: autoDraw = false
122.29265499999747	EXP	Feedback: text = 235
122.29265499999747	EXP	Feedback: autoDraw = true
123.28953499998897	EXP	Feedback: autoDraw = false
123.28953499998897	EXP	Feedback: autoDraw = false
123.28953499998897	EXP	text_3: autoDraw = true
127.72496999998111	EXP	text_3: autoDraw = false
127.72496999998111	EXP	text_3: autoDraw = false
127.72496999998111	EXP	text_2: autoDraw = true
127.72496999998111	EXP	text_2: text = 0
127.73862499999814	EXP	text_2: text = 17
127.75537500006612	EXP	text_2: text = 34
127.77278999995906	EXP	text_2: text = 50
127.7882400000235	EXP	text_2: text = 67
127.80523499997798	EXP	text_2: text = 83
127.8221650000196	EXP	text_2: text = 100
127.83923000004143	EXP	text_2: text = 116
127.85551999998279	EXP	text_2: text = 133
127.87311000004411	EXP	text_2: text = 150
127.88919000001624	EXP	text_2: text = 167
127.90595000004396	EXP	text_2: text = 183
127.92258000001311	EXP	text_2: text = 200
127.93993500003126	EXP	text_2: text = 217
127.95510999998078	EXP	text_2: text = 233
127.95857000001706	DATA	Keydown:  
127.97516999999061	EXP	text_2: text = 250
127.97516999999061	EXP	text_2: autoDraw = false
127.97516999999061	EXP	Feedback: text = 234
127.97516999999061	EXP	Feedback: autoDraw = true
128.9727450000355	EXP	Feedback: autoDraw = false
128.9727450000355	EXP	Feedback: autoDraw = false
128.9727450000355	EXP	text_3: autoDraw = true
136.66018999996595	EXP	text_3: autoDraw = false
136.66018999996595	EXP	text_3: autoDraw = false
136.66018999996595	EXP	text_2: autoDraw = true
136.66018999996595	EXP	text_2: text = 0
136.67394000000786	EXP	text_2: text = 17
136.69002500001807	EXP	text_2: text = 34
136.70620500005316	EXP	text_2: text = 50
136.72294000000693	EXP	text_2: text = 67
136.73960500000976	EXP	text_2: text = 83
136.75646499998402	EXP	text_2: text = 101
136.77462000004016	EXP	text_2: text = 118
136.78968000004534	EXP	text_2: text = 133
136.80671999999322	EXP	text_2: text = 150
136.8238399999682	EXP	text_2: text = 167
136.84045500005595	EXP	text_2: text = 184
136.8570100000361	EXP	text_2: text = 200
136.8730050000595	EXP	text_2: text = 217
136.89087999996264	EXP	text_2: text = 234
136.89436500007287	DATA	Keydown:  
136.9098450000165	EXP	text_2: text = 252
136.9098450000165	EXP	text_2: autoDraw = false
136.9098450000165	EXP	Feedback: text = 234
136.9098450000165	EXP	Feedback: autoDraw = true
137.90629000007175	EXP	Feedback: autoDraw = false
137.90629000007175	EXP	Feedback: autoDraw = false
137.90629000007175	EXP	text_3: autoDraw = true
146.5069300000323	EXP	text_3: autoDraw = false
146.5069300000323	EXP	text_3: autoDraw = false
146.5069300000323	EXP	text_2: autoDraw = true
146.5069300000323	EXP	text_2: text = 0
146.51964499999303	EXP	text_2: text = 16
146.53661499998998	EXP	text_2: text = 33
146.5532799999928	EXP	text_2: text = 50
146.57042500004172	EXP	text_2: text = 66
146.5867899999721	EXP	text_2: text = 83
146.6032600000035	EXP	text_2: text = 100
146.62144500005525	EXP	text_2: text = 116
146.63983000000007	EXP	text_2: text = 133
146.65430499997456	EXP	text_2: text = 150
146.67154999997	EXP	text_2: text = 167
146.68728000007104	EXP	text_2: text = 183
146.7049699999625	EXP	text_2: text = 200
146.72091000003275	EXP	text_2: text = 217
146.72414000006393	DATA	Keydown:  
146.7399199999636	EXP	text_2: text = 233
146.7399199999636	EXP	text_2: autoDraw = false
146.7399199999636	EXP	Feedback: text = 217
146.7399199999636	EXP	Feedback: autoDraw = true
147.7372500000056	EXP	Feedback: autoDraw = false
147.7372500000056	EXP	Feedback: autoDraw = false
147.7372500000056	EXP	text_3: autoDraw = true
156.08836499997415	EXP	text_3: autoDraw = false
156.08836499997415	EXP	text_3: autoDraw = false
156.08836499997415	EXP	text_2: autoDraw = true
156.08836499997415	EXP	text_2: text = 0
156.10245500004385	EXP	text_2: text = 16
156.1194250000408	EXP	text_2: text = 33
156.13591499999166	EXP	text_2: text = 50
156.1522099999711	EXP	text_2: text = 66
156.16884499997832	EXP	text_2: text = 83
156.18633000005502	EXP	text_2: text = 100
156.20291500003077	EXP	text_2: text = 116
156.21987999998964	EXP	text_2: text = 133
156.23730499995872	EXP	text_2: text = 150
156.2535200000275	EXP	text_2: text = 167
156.27022499998566	EXP	text_2: text = 183
156.28645999997389	EXP	text_2: text = 200
156.29226999997627	DATA	Keydown:  
156.30650499998592	EXP	text_2: text = 217
156.30650499998592	EXP	text_2: autoDraw = false
156.30650499998592	EXP	Feedback: text = 204
156.30650499998592	EXP	Feedback: autoDraw = true
157.30313999997452	EXP	Feedback: autoDraw = false
157.30313999997452	EXP	Feedback: autoDraw = false
157.30313999997452	EXP	text_3: autoDraw = true
161.8244699999923	DATA	Keydown:  
164.1872999999905	EXP	text_3: autoDraw = false
164.1872999999905	EXP	text_3: autoDraw = false
164.1872999999905	EXP	text_2: autoDraw = true
164.1872999999905	EXP	text_2: text = 0
164.20192000002135	EXP	text_2: text = 17
164.21799999999348	EXP	text_2: text = 33
164.23566999996547	EXP	text_2: text = 50
164.25173500005621	EXP	text_2: text = 66
164.26815000001807	EXP	text_2: text = 83
164.29046499996912	EXP	text_2: text = 105
164.3042650000425	EXP	text_2: text = 118
164.31976500002202	EXP	text_2: text = 133
164.34071500005666	EXP	text_2: text = 153
164.35325499996543	EXP	text_2: text = 167
164.3705900000641	EXP	text_2: text = 183
164.38719499995932	EXP	text_2: text = 201
164.39176000002772	DATA	Keydown:  
164.4061099999817	EXP	text_2: text = 217
164.4061099999817	EXP	text_2: autoDraw = false
164.4061099999817	EXP	Feedback: text = 205
164.4061099999817	EXP	Feedback: autoDraw = true
165.40618499997072	EXP	Feedback: autoDraw = false
165.40618499997072	EXP	Feedback: autoDraw = false
165.40618499997072	EXP	text_3: autoDraw = true
172.80541000002995	EXP	text_3: autoDraw = false
172.80541000002995	EXP	text_3: autoDraw = false
172.80541000002995	EXP	text_2: autoDraw = true
172.80541000002995	EXP	text_2: text = 0
172.8193350000074	EXP	text_2: text = 16
172.83607499999925	EXP	text_2: text = 32
172.85230999998748	EXP	text_2: text = 49
172.87119500001427	EXP	text_2: text = 67
172.88563999999315	EXP	text_2: text = 82
172.90344999998342	EXP	text_2: text = 99
172.92029999999795	EXP	text_2: text = 116
172.9374700000044	EXP	text_2: text = 132
172.95393499999773	EXP	text_2: text = 149
172.9714099999983	EXP	text_2: text = 166
172.98603999998886	EXP	text_2: text = 182
173.00390000001062	EXP	text_2: text = 199
173.01990499999374	EXP	text_2: text = 216
173.0376249999972	EXP	text_2: text = 232
173.04083000007086	DATA	Keydown:  
173.05686500004958	EXP	text_2: text = 250
173.05686500004958	EXP	text_2: autoDraw = false
173.05686500004958	EXP	Feedback: text = 236
173.05686500004958	EXP	Feedback: autoDraw = true
174.053515000036	EXP	Feedback: autoDraw = false
174.053515000036	EXP	Feedback: autoDraw = false
174.053515000036	EXP	text_3: autoDraw = true
180.63774500007275	EXP	text_3: autoDraw = false
180.63774500007275	EXP	text_3: autoDraw = false
180.63774500007275	EXP	text_2: autoDraw = true
180.63774500007275	EXP	text_2: text = 0
180.65157500002533	EXP	text_2: text = 16
180.6694650000427	EXP	text_2: text = 32
180.6857650000602	EXP	text_2: text = 50
180.70293000002857	EXP	text_2: text = 66
180.71758499997668	EXP	text_2: text = 82
180.7366949999705	EXP	text_2: text = 100
180.75243500003126	EXP	text_2: text = 116
180.76965999999084	EXP	text_2: text = 133
180.78597500000615	EXP	text_2: text = 150
180.80382999998983	EXP	text_2: text = 166
180.82094000000507	EXP	text_2: text = 183
180.8366049999604	EXP	text_2: text = 200
180.85310000006575	EXP	text_2: text = 216
180.86913500004448	EXP	text_2: text = 232
180.87389000004623	DATA	Keydown:  
180.8888600000646	EXP	text_2: text = 250
180.8888600000646	EXP	text_2: autoDraw = false
180.8888600000646	EXP	Feedback: text = 236
180.8888600000646	EXP	Feedback: autoDraw = true
181.88694500003476	EXP	Feedback: autoDraw = false
181.88694500003476	EXP	Feedback: autoDraw = false
181.88694500003476	EXP	text_3: autoDraw = true
189.30640999996103	EXP	text_3: autoDraw = false
189.30640999996103	EXP	text_3: autoDraw = false
189.30640999996103	EXP	text_2: autoDraw = true
189.30640999996103	EXP	text_2: text = 0
189.3197200000286	EXP	text_2: text = 16
189.33634999999776	EXP	text_2: text = 34
189.35376500000712	EXP	text_2: text = 51
189.37007499998435	EXP	text_2: text = 67
189.38682000001427	EXP	text_2: text = 83
189.40298500005156	EXP	text_2: text = 100
189.42076000000816	EXP	text_2: text = 117
189.43868999998085	EXP	text_2: text = 134
189.45447500003502	EXP	text_2: text = 150
189.47145000007004	EXP	text_2: text = 167
189.4870949999895	EXP	text_2: text = 184
189.50328000006266	EXP	text_2: text = 200
189.51904000004288	EXP	text_2: text = 216
189.53703500004485	EXP	text_2: text = 233
189.553190000006	EXP	text_2: text = 250
189.57024000003003	EXP	text_2: text = 267
189.58613499999046	EXP	text_2: text = 283
189.59016000002157	DATA	Keydown:  
189.60561500000767	EXP	text_2: text = 300
189.60561500000767	EXP	text_2: autoDraw = false
189.60561500000767	EXP	Feedback: text = 284
189.60561500000767	EXP	Feedback: autoDraw = true
190.60237500001676	EXP	Feedback: autoDraw = false
190.60237500001676	EXP	Feedback: autoDraw = false
190.60237500001676	EXP	text_3: autoDraw = true
196.80402999999933	EXP	text_3: autoDraw = false
196.80402999999933	EXP	text_3: autoDraw = false
196.80402999999933	EXP	text_2: autoDraw = true
196.80402999999933	EXP	text_2: text = 0
196.81723499996588	EXP	text_2: text = 15
196.83395999995992	EXP	text_2: text = 32
196.85113500000443	EXP	text_2: text = 49
196.86735499999486	EXP	text_2: text = 66
196.88370500004385	EXP	text_2: text = 82
196.90113000001293	EXP	text_2: text = 99
196.91732000000775	EXP	text_2: text = 116
196.9340099999681	EXP	text_2: text = 132
196.95238999999128	EXP	text_2: text = 150
196.9682249999605	EXP	text_2: text = 166
196.98554000002332	EXP	text_2: text = 182
197.00190000003204	EXP	text_2: text = 200
197.01856500003487	EXP	text_2: text = 215
197.0353850000538	EXP	text_2: text = 233
197.05240000004414	EXP	text_2: text = 249
197.06758999999147	EXP	text_2: text = 266
197.08559000003152	EXP	text_2: text = 283
197.1015850000549	EXP	text_2: text = 299
197.119085000013	EXP	text_2: text = 316
197.1354000000283	EXP	text_2: text = 333
197.1513350000605	EXP	text_2: text = 349
197.16931500006467	EXP	text_2: text = 366
197.1853350000456	EXP	text_2: text = 382
197.2011900000507	EXP	text_2: text = 399
197.219475000049	EXP	text_2: text = 416
197.23441500007175	EXP	text_2: text = 432
197.25202999997418	EXP	text_2: text = 449
197.25576500000898	DATA	Keydown:  
197.27084500005003	EXP	text_2: text = 466
197.27084500005003	EXP	text_2: autoDraw = false
197.27084500005003	EXP	Feedback: text = 452
197.27084500005003	EXP	Feedback: autoDraw = true
198.2685749999946	EXP	Feedback: autoDraw = false
198.2685749999946	EXP	Feedback: autoDraw = false
198.2685749999946	EXP	text_3: autoDraw = true
204.6326200000476	DATA	Keydown:  
206.0829950000625	DATA	Keydown:  
206.11705500003882	EXP	text_3: autoDraw = false
206.11705500003882	EXP	text_3: autoDraw = false
206.11705500003882	EXP	text_2: autoDraw = true
206.11705500003882	EXP	text_2: text = 0
206.1316700000316	EXP	text_2: text = 16
206.14850000001024	EXP	text_2: text = 33
206.16536500002258	EXP	text_2: text = 50
206.1824750000378	EXP	text_2: text = 67
206.19840500003193	EXP	text_2: text = 83
206.21518000005744	EXP	text_2: text = 100
206.23326500004623	EXP	text_2: text = 116
206.24895000003744	EXP	text_2: text = 133
206.26621999999043	EXP	text_2: text = 150
206.2829400000628	EXP	text_2: text = 166
206.29983500007074	EXP	text_2: text = 183
206.3163250000216	EXP	text_2: text = 200
206.33392500004265	EXP	text_2: text = 217
206.3379249999998	DATA	Keydown:  
206.35401999996975	EXP	text_2: text = 233
206.35401999996975	EXP	text_2: autoDraw = false
206.35401999996975	EXP	Feedback: text = 221
206.35401999996975	EXP	Feedback: autoDraw = true
207.3494199999841	EXP	Feedback: autoDraw = false
207.3494199999841	EXP	Feedback: autoDraw = false
207.3494199999841	EXP	text_3: autoDraw = true
212.56726499996148	EXP	text_3: autoDraw = false
212.56726499996148	EXP	text_3: autoDraw = false
212.56726499996148	EXP	text_2: autoDraw = true
212.56726499996148	EXP	text_2: text = 0
212.581119999988	EXP	text_2: text = 16
212.59771000000183	EXP	text_2: text = 33
212.61525000003166	EXP	text_2: text = 50
212.63112000003457	EXP	text_2: text = 66
212.64889499999117	EXP	text_2: text = 83
212.6653899999801	EXP	text_2: text = 100
212.68274499999825	EXP	text_2: text = 116
212.69850499997847	EXP	text_2: text = 133
212.7160950000398	EXP	text_2: text = 150
212.73149500007275	EXP	text_2: text = 166
212.7496449999744	EXP	text_2: text = 183
212.76497000001837	EXP	text_2: text = 200
212.78288499999326	EXP	text_2: text = 216
212.79844000004232	EXP	text_2: text = 233
212.8152499999851	EXP	text_2: text = 250
212.83223499997985	EXP	text_2: text = 266
212.84919500001706	EXP	text_2: text = 283
212.86513000004925	EXP	text_2: text = 300
212.8826500000432	EXP	text_2: text = 316
212.89845500001684	EXP	text_2: text = 333
212.90504500002135	DATA	Keydown:  
212.9182649999857	EXP	text_2: text = 350
212.9182649999857	EXP	text_2: autoDraw = false
212.9182649999857	EXP	Feedback: text = 338
212.9182649999857	EXP	Feedback: autoDraw = true
213.91532000002917	EXP	Feedback: autoDraw = false
213.91532000002917	EXP	Feedback: autoDraw = false
213.91532000002917	EXP	text_3: autoDraw = true
221.9711299999617	DATA	Keydown:  
223.19936500000767	EXP	text_3: autoDraw = false
223.19936500000767	EXP	text_3: autoDraw = false
223.19936500000767	EXP	text_2: autoDraw = true
223.19936500000767	EXP	text_2: text = 0
223.21374999999534	EXP	text_2: text = 17
223.23008500004653	EXP	text_2: text = 33
223.2471099999966	EXP	text_2: text = 49
223.26427000004333	EXP	text_2: text = 67
223.28098499996122	EXP	text_2: text = 83
223.2969049999956	EXP	text_2: text = 100
223.315419999999	EXP	text_2: text = 117
223.3306749999756	EXP	text_2: text = 133
223.3484050000552	EXP	text_2: text = 150
223.364045000053	EXP	text_2: text = 166
223.38175499998033	EXP	text_2: text = 183
223.39725000003818	EXP	text_2: text = 200
223.4149899999611	EXP	text_2: text = 216
223.4310149999801	EXP	text_2: text = 233
223.44848999998067	EXP	text_2: text = 250
223.46387500001583	EXP	text_2: text = 266
223.48152500006836	EXP	text_2: text = 283
223.49796499998774	EXP	text_2: text = 300
223.51488000003155	EXP	text_2: text = 316
223.5213699999731	DATA	Keydown:  
223.5338899999624	EXP	text_2: text = 333
223.5338899999624	EXP	text_2: autoDraw = false
223.5338899999624	EXP	Feedback: text = 322
223.5338899999624	EXP	Feedback: autoDraw = true
224.53162999998312	EXP	Feedback: autoDraw = false
224.53162999998312	EXP	Feedback: autoDraw = false
224.53162999998312	EXP	text_3: autoDraw = true
228.60189000004902	EXP	text_3: autoDraw = false
228.60189000004902	EXP	text_3: autoDraw = false
228.60189000004902	EXP	text_2: autoDraw = true
228.60189000004902	EXP	text_2: text = 0
228.61384999996517	EXP	text_2: text = 17
228.63266500004102	EXP	text_2: text = 33
228.64769000001252	EXP	text_2: text = 49
228.6654199999757	EXP	text_2: text = 66
228.68173499999102	EXP	text_2: text = 83
228.69824499997776	EXP	text_2: text = 100
228.71573499997612	EXP	text_2: text = 116
228.73247499996796	EXP	text_2: text = 133
228.749124999973	EXP	text_2: text = 150
228.76607500005048	EXP	text_2: text = 167
228.78272999997716	EXP	text_2: text = 183
228.79961500002537	EXP	text_2: text = 200
228.81505500001367	EXP	text_2: text = 217
228.8329950000625	EXP	text_2: text = 233
228.8489899999695	EXP	text_2: text = 250
228.88599500001874	EXP	text_2: text = 287
228.89898499997798	EXP	text_2: text = 301
228.91602500004228	EXP	text_2: text = 316
228.93626500002574	EXP	text_2: text = 337
228.94936500000767	EXP	text_2: text = 350
228.96516500005964	EXP	text_2: text = 366
228.98207999998704	EXP	text_2: text = 383
228.99855000001844	EXP	text_2: text = 400
229.01574499998242	EXP	text_2: text = 416
229.0322350000497	EXP	text_2: text = 433
229.04883500002325	EXP	text_2: text = 449
229.06581000005826	EXP	text_2: text = 466
229.08168499998283	EXP	text_2: text = 483
229.09854000003543	EXP	text_2: text = 499
229.1154300000053	EXP	text_2: text = 516
229.1316050000023	EXP	text_2: text = 533
229.1503950000042	EXP	text_2: text = 550
229.16501500003505	EXP	text_2: text = 566
229.18228000006638	EXP	text_2: text = 583
229.19828000001144	EXP	text_2: text = 600
229.21590000006836	EXP	text_2: text = 617
229.2326250000624	EXP	text_2: text = 634
229.25022000004537	EXP	text_2: text = 650
229.2650849999627	EXP	text_2: text = 666
229.28374500002246	EXP	text_2: text = 684
229.30044500005897	EXP	text_2: text = 700
229.31617999996524	EXP	text_2: text = 716
229.33259000000544	EXP	text_2: text = 734
229.3494499999797	EXP	text_2: text = 750
229.36615999997593	EXP	text_2: text = 767
229.38195499998983	EXP	text_2: text = 783
229.39824000000954	EXP	text_2: text = 800
229.4165450000437	EXP	text_2: text = 817
229.43206500005908	EXP	text_2: text = 833
229.44992000004277	EXP	text_2: text = 850
229.46505500003695	EXP	text_2: text = 866
229.48306500003673	EXP	text_2: text = 883
229.49847500002943	EXP	text_2: text = 899
229.51600000006147	EXP	text_2: text = 917
229.53234999999404	EXP	text_2: text = 933
229.56724500004202	EXP	text_2: text = 969
229.57996000000276	EXP	text_2: text = 982
229.59733999997843	EXP	text_2: text = 999
229.6144750000676	EXP	text_2: text = 1016
229.6337399999611	EXP	text_2: text = 1034
229.64776500000153	EXP	text_2: text = 1050
229.66411999997217	EXP	text_2: text = 1066
229.6800499999663	EXP	text_2: text = 1082
229.6974850000115	EXP	text_2: text = 1099
229.71410500002094	EXP	text_2: text = 1116
229.7315149999922	EXP	text_2: text = 1133
229.74779499997385	EXP	text_2: text = 1149
229.76392499997746	EXP	text_2: text = 1166
229.78076500003226	EXP	text_2: text = 1183
229.79785500001162	EXP	text_2: text = 1199
229.8135450000409	EXP	text_2: text = 1216
229.83059500006493	EXP	text_2: text = 1233
229.84680000005756	EXP	text_2: text = 1249
229.86517500004265	EXP	text_2: text = 1266
229.8811599999899	EXP	text_2: text = 1283
229.89786999998614	EXP	text_2: text = 1299
229.9138550000498	EXP	text_2: text = 1316
229.9307549999794	EXP	text_2: text = 1333
229.947685000021	EXP	text_2: text = 1349
229.96505500003695	EXP	text_2: text = 1366
229.98046500002965	EXP	text_2: text = 1383
229.99770000006538	EXP	text_2: text = 1400
230.01442999998108	EXP	text_2: text = 1416
230.03130000003148	EXP	text_2: text = 1432
230.0480450000614	EXP	text_2: text = 1450
230.06423999997787	EXP	text_2: text = 1466
230.08071000000928	EXP	text_2: text = 1483
230.09826500003692	EXP	text_2: text = 1500
230.11430500005372	EXP	text_2: text = 1516
230.11768500006292	DATA	Keydown:  
230.13288499996997	EXP	text_2: text = 1533
230.13288499996997	EXP	text_2: autoDraw = false
230.13288499996997	EXP	Feedback: text = 1519
230.13288499996997	EXP	Feedback: autoDraw = true
231.1344950000057	EXP	Feedback: autoDraw = false
231.1344950000057	EXP	Feedback: autoDraw = false
231.1344950000057	EXP	text_3: autoDraw = true
239.84978499996942	EXP	text_3: autoDraw = false
239.84978499996942	EXP	text_3: autoDraw = false
239.84978499996942	EXP	text_2: autoDraw = true
239.84978499996942	EXP	text_2: text = 0
239.8621399999829	EXP	text_2: text = 16
239.87858500005677	EXP	text_2: text = 33
239.89593500003684	EXP	text_2: text = 50
239.912965000025	EXP	text_2: text = 66
239.9288500000257	EXP	text_2: text = 83
239.94648000004236	EXP	text_2: text = 100
239.9623900000006	EXP	text_2: text = 116
239.9799500000663	EXP	text_2: text = 133
239.99566999997478	EXP	text_2: text = 150
240.01384000002872	EXP	text_2: text = 166
240.0294700000668	EXP	text_2: text = 183
240.04674000001978	EXP	text_2: text = 200
240.06299500004388	EXP	text_2: text = 216
240.08015000005253	EXP	text_2: text = 233
240.09583500004373	EXP	text_2: text = 250
240.11458000005223	EXP	text_2: text = 266
240.12997999996878	EXP	text_2: text = 283
240.14691500004847	EXP	text_2: text = 300
240.16277499997523	EXP	text_2: text = 316
240.16582500003278	DATA	Keydown:  
240.18255999998655	EXP	text_2: text = 333
240.18255999998655	EXP	text_2: autoDraw = false
240.18255999998655	EXP	Feedback: text = 318
240.18255999998655	EXP	Feedback: autoDraw = true
241.1795100000454	EXP	Feedback: autoDraw = false
241.1795100000454	EXP	Feedback: autoDraw = false
241.1795100000454	EXP	text_3: autoDraw = true
248.32903500006068	DATA	Keydown:  
248.545080000069	DATA	Keydown:  
248.73967000003904	DATA	Keydown:  
248.95052000007126	DATA	Keydown:  
249.16775000002235	DATA	Keydown:  
249.38792500004638	DATA	Keydown:  
249.58235499996226	DATA	Keydown:  
249.96614999999292	DATA	Keydown:  
250.25180500000715	EXP	text_3: autoDraw = false
250.25180500000715	EXP	text_3: autoDraw = false
250.25180500000715	EXP	text_2: autoDraw = true
250.25180500000715	EXP	text_2: text = 0
250.2660100000212	EXP	text_2: text = 19
250.27919999998994	EXP	text_2: text = 33
250.29641000006814	EXP	text_2: text = 50
250.31444500002544	EXP	text_2: text = 68
250.33012000005692	EXP	text_2: text = 83
250.34778000006918	EXP	text_2: text = 100
250.3634800000582	EXP	text_2: text = 116
250.37987499998417	EXP	text_2: text = 133
250.39659500005655	EXP	text_2: text = 150
250.4137050000718	EXP	text_2: text = 166
250.43083500000648	EXP	text_2: text = 183
250.4476700000232	EXP	text_2: text = 200
250.46452999999747	EXP	text_2: text = 216
250.480504999985	EXP	text_2: text = 233
250.49742999998853	EXP	text_2: text = 249
250.5132300000405	EXP	text_2: text = 266
250.53148999996483	EXP	text_2: text = 283
250.54660500003956	EXP	text_2: text = 299
250.5648199999705	EXP	text_2: text = 316
250.58094000001438	EXP	text_2: text = 333
250.59935500007123	EXP	text_2: text = 351
250.61430500005372	EXP	text_2: text = 368
250.63127999997232	EXP	text_2: text = 382
250.6497949999757	EXP	text_2: text = 403
250.66405000002123	EXP	text_2: text = 418
250.67990500002634	EXP	text_2: text = 433
250.69657500006724	EXP	text_2: text = 449
250.7137600000715	EXP	text_2: text = 466
250.7308699999703	EXP	text_2: text = 482
250.74698000005446	EXP	text_2: text = 499
250.76500500005204	EXP	text_2: text = 517
250.78058500005864	EXP	text_2: text = 533
250.78379000001587	DATA	Keydown:  
250.79956000007223	EXP	text_2: text = 550
250.79956000007223	EXP	text_2: autoDraw = false
250.79956000007223	EXP	Feedback: text = 532
250.79956000007223	EXP	Feedback: autoDraw = true
251.79708000004757	EXP	Feedback: autoDraw = false
251.79708000004757	EXP	Feedback: autoDraw = false
251.79708000004757	EXP	text_3: autoDraw = true
255.38202500005718	EXP	text_3: autoDraw = false
255.38202500005718	EXP	text_3: autoDraw = false
255.38202500005718	EXP	text_2: autoDraw = true
255.38202500005718	EXP	text_2: text = 0
255.39591500000097	EXP	text_2: text = 16
255.41373000002932	EXP	text_2: text = 34
255.42974499997217	EXP	text_2: text = 50
255.44654500007164	EXP	text_2: text = 67
255.4626799999969	EXP	text_2: text = 84
255.47979999997187	EXP	text_2: text = 100
255.49632500007283	EXP	text_2: text = 116
255.51376000000164	EXP	text_2: text = 133
255.52976499998476	EXP	text_2: text = 150
255.54795999999624	EXP	text_2: text = 167
255.56335499999113	EXP	text_2: text = 183
255.5810749999946	EXP	text_2: text = 200
255.5962099999888	EXP	text_2: text = 216
255.6144600000698	EXP	text_2: text = 233
255.63034000003245	EXP	text_2: text = 250
255.64803499996196	EXP	text_2: text = 267
255.66359000001103	EXP	text_2: text = 283
255.68107499997132	EXP	text_2: text = 300
255.6964699999662	EXP	text_2: text = 316
255.7140050000744	EXP	text_2: text = 333
255.73005500005092	EXP	text_2: text = 349
255.76204000005964	EXP	text_2: text = 382
255.77816500002518	EXP	text_2: text = 399
255.79793999996036	EXP	text_2: text = 417
255.81128000002354	EXP	text_2: text = 432
255.82864500000142	EXP	text_2: text = 449
255.84466499998234	EXP	text_2: text = 466
255.86238000006415	EXP	text_2: text = 482
255.87826500006486	EXP	text_2: text = 499
255.89552500005811	EXP	text_2: text = 516
255.91174500004854	EXP	text_2: text = 533
255.92898500000592	EXP	text_2: text = 549
255.94542999996338	EXP	text_2: text = 566
255.96209000004455	EXP	text_2: text = 583
255.9776449999772	EXP	text_2: text = 599
255.9955300000729	EXP	text_2: text = 616
256.0117350000655	EXP	text_2: text = 633
256.0295150000602	EXP	text_2: text = 649
256.0451350000221	EXP	text_2: text = 666
256.06237000005785	EXP	text_2: text = 682
256.0781750000315	EXP	text_2: text = 699
256.09606000001077	EXP	text_2: text = 716
256.11248500004876	EXP	text_2: text = 733
256.1285050000297	EXP	text_2: text = 749
256.1454049999593	EXP	text_2: text = 766
256.1624999999767	EXP	text_2: text = 783
256.17966000002343	EXP	text_2: text = 800
256.19563500001095	EXP	text_2: text = 816
256.21153500000946	EXP	text_2: text = 832
256.2288399999961	EXP	text_2: text = 850
256.24558500002604	EXP	text_2: text = 866
256.2625949999783	EXP	text_2: text = 883
256.2776900000172	EXP	text_2: text = 899
256.29985000006855	EXP	text_2: text = 918
256.3164749999996	EXP	text_2: text = 935
256.33293999999296	EXP	text_2: text = 951
256.347470000037	EXP	text_2: text = 969
256.363320000004	EXP	text_2: text = 983
256.3762450000504	DATA	Keydown:  
256.3877199999988	EXP	text_2: text = 1004
256.3877199999988	EXP	text_2: autoDraw = false
256.3877199999988	EXP	Feedback: text = 994
256.3877199999988	EXP	Feedback: autoDraw = true
257.3786100000143	EXP	Feedback: autoDraw = false
257.3786100000143	EXP	Feedback: autoDraw = false
257.3786100000143	EXP	text_3: autoDraw = true
260.8470199999865	EXP	text_3: autoDraw = false
260.8470199999865	EXP	text_3: autoDraw = false
260.8470199999865	EXP	text_2: autoDraw = true
260.8470199999865	EXP	text_2: text = 0
260.86066000000574	EXP	text_2: text = 17
260.8776899999939	EXP	text_2: text = 33
260.8942200000165	EXP	text_2: text = 50
260.91160500003025	EXP	text_2: text = 66
260.9271900000749	EXP	text_2: text = 83
260.94511500000954	EXP	text_2: text = 100
260.96132000000216	EXP	text_2: text = 116
260.9783700000262	EXP	text_2: text = 133
260.9947150000371	EXP	text_2: text = 150
261.01196000003256	EXP	text_2: text = 167
261.0284250000259	EXP	text_2: text = 183
261.04560499999207	EXP	text_2: text = 199
261.06169500004034	EXP	text_2: text = 216
261.07733500003815	EXP	text_2: text = 233
261.09466499998234	EXP	text_2: text = 250
261.1121549999807	EXP	text_2: text = 266
261.1274250000715	EXP	text_2: text = 283
261.1457400000654	EXP	text_2: text = 300
261.1617850000039	EXP	text_2: text = 316
261.17870499996934	EXP	text_2: text = 333
261.19500499998685	EXP	text_2: text = 350
261.2139850000385	EXP	text_2: text = 366
261.2277699999977	EXP	text_2: text = 383
261.2456800000509	EXP	text_2: text = 400
261.26057499996386	EXP	text_2: text = 416
261.2787000000244	EXP	text_2: text = 433
261.29501999996137	EXP	text_2: text = 450
261.31183500005864	EXP	text_2: text = 466
261.32791500003077	EXP	text_2: text = 483
261.3448550000321	EXP	text_2: text = 500
261.36148500000127	EXP	text_2: text = 516
261.37835500005167	EXP	text_2: text = 533
261.39456499996595	EXP	text_2: text = 550
261.41168500005733	EXP	text_2: text = 566
261.4280550000258	EXP	text_2: text = 583
261.44560500001535	EXP	text_2: text = 600
261.46103000000585	EXP	text_2: text = 617
261.4786150000291	EXP	text_2: text = 633
261.4941200000467	EXP	text_2: text = 649
261.5118449999718	EXP	text_2: text = 666
261.5280100000091	EXP	text_2: text = 683
261.5452499999665	EXP	text_2: text = 699
261.5615199999884	EXP	text_2: text = 716
261.57958000001963	EXP	text_2: text = 733
261.5947950000409	EXP	text_2: text = 750
261.61126000003424	EXP	text_2: text = 766
261.6280600000173	EXP	text_2: text = 783
261.6455100000603	EXP	text_2: text = 800
261.6617499999702	EXP	text_2: text = 816
261.6972400000086	EXP	text_2: text = 852
261.71100999997	EXP	text_2: text = 866
261.7315050000325	EXP	text_2: text = 884
261.74491999996826	EXP	text_2: text = 900
261.76268499996513	EXP	text_2: text = 916
261.78296500002034	EXP	text_2: text = 933
261.79636500007473	EXP	text_2: text = 950
261.812900000019	EXP	text_2: text = 967
261.82897999999113	EXP	text_2: text = 983
261.8459799999837	EXP	text_2: text = 1000
261.8630000000121	EXP	text_2: text = 1017
261.8799349999754	EXP	text_2: text = 1033
261.89611500001047	EXP	text_2: text = 1050
261.913290000055	EXP	text_2: text = 1067
261.9295550000388	EXP	text_2: text = 1083
261.9461949999677	EXP	text_2: text = 1100
261.9632950000232	EXP	text_2: text = 1117
261.9797849999741	EXP	text_2: text = 1133
261.9956200000597	EXP	text_2: text = 1151
262.01343000005	EXP	text_2: text = 1167
262.02899999998044	EXP	text_2: text = 1183
262.04638000007253	EXP	text_2: text = 1200
262.0626700000139	EXP	text_2: text = 1217
262.08027000003494	EXP	text_2: text = 1233
262.0958399999654	EXP	text_2: text = 1250
262.1133499999996	EXP	text_2: text = 1266
262.1297649999615	EXP	text_2: text = 1283
262.14714500005357	EXP	text_2: text = 1301
262.1629050000338	EXP	text_2: text = 1317
262.17986999999266	EXP	text_2: text = 1333
262.19573999999557	EXP	text_2: text = 1349
262.213785000029	EXP	text_2: text = 1367
262.22996999998577	EXP	text_2: text = 1384
262.2464400000172	EXP	text_2: text = 1400
262.2629100000486	EXP	text_2: text = 1417
262.2805899999803	EXP	text_2: text = 1434
262.2956750000594	EXP	text_2: text = 1450
262.3131750000175	EXP	text_2: text = 1466
262.33071500004735	EXP	text_2: text = 1484
262.336959999986	DATA	Keydown:  
262.34820000000764	EXP	text_2: text = 1500
262.34820000000764	EXP	text_2: autoDraw = false
262.34820000000764	EXP	Feedback: text = 1490
262.34820000000764	EXP	Feedback: autoDraw = true
262.5310049999971	DATA	Keydown:  
263.3598700000439	EXP	Feedback: autoDraw = false
263.3598700000439	EXP	Feedback: autoDraw = false
263.3598700000439	EXP	text_3: autoDraw = true
266.34814999997616	EXP	text_3: autoDraw = false
266.34814999997616	EXP	text_3: autoDraw = false
266.34814999997616	EXP	text_2: autoDraw = true
266.34814999997616	EXP	text_2: text = 0
266.36130500002764	EXP	text_2: text = 16
266.37933999998495	EXP	text_2: text = 35
266.39453499997035	EXP	text_2: text = 49
266.412639999995	EXP	text_2: text = 67
266.4300649999641	EXP	text_2: text = 84
266.44513999996707	EXP	text_2: text = 100
266.4628200000152	EXP	text_2: text = 117
266.478710000054	EXP	text_2: text = 133
266.4971249999944	EXP	text_2: text = 150
266.51305000006687	EXP	text_2: text = 167
266.52956499997526	EXP	text_2: text = 183
266.54521000001114	EXP	text_2: text = 200
266.5640650000423	EXP	text_2: text = 218
266.5779399999883	EXP	text_2: text = 233
266.59674000006635	EXP	text_2: text = 250
266.6130300000077	EXP	text_2: text = 266
266.62913999997545	EXP	text_2: text = 283
266.6458349999739	EXP	text_2: text = 300
266.6626450000331	EXP	text_2: text = 316
266.67956499999855	EXP	text_2: text = 333
266.69625000003725	EXP	text_2: text = 350
266.7123549999669	EXP	text_2: text = 366
266.7291400000686	EXP	text_2: text = 383
266.74624500004575	EXP	text_2: text = 400
266.76227000006475	EXP	text_2: text = 416
266.7793000000529	EXP	text_2: text = 434
266.7967199999839	EXP	text_2: text = 451
266.8122999999905	EXP	text_2: text = 466
266.83042500005104	EXP	text_2: text = 484
266.8452550000511	EXP	text_2: text = 500
266.86314500006847	EXP	text_2: text = 516
266.86650999996345	DATA	Keydown:  
266.88247499999125	EXP	text_2: text = 534
266.88247499999125	EXP	text_2: autoDraw = false
266.88247499999125	EXP	Feedback: text = 519
266.88247499999125	EXP	Feedback: autoDraw = true
267.878795000026	EXP	Feedback: autoDraw = false
267.878795000026	EXP	Feedback: autoDraw = false
267.878795000026	EXP	text_3: autoDraw = true
276.59354000003077	DATA	Keydown:  
277.4278949999716	DATA	Keydown:  
277.6299300000537	EXP	text_3: autoDraw = false
277.6299300000537	EXP	text_3: autoDraw = false
277.6299300000537	EXP	text_2: autoDraw = true
277.6299300000537	EXP	text_2: text = 0
277.6426849999698	EXP	text_2: text = 16
277.66073000000324	EXP	text_2: text = 33
277.6776199999731	EXP	text_2: text = 50
277.69390000007115	EXP	text_2: text = 66
277.71130500000436	EXP	text_2: text = 84
277.7282750000013	EXP	text_2: text = 100
277.7443900000071	EXP	text_2: text = 116
277.7628300000215	EXP	text_2: text = 133
277.77787500002887	EXP	text_2: text = 149
277.79578000004403	EXP	text_2: text = 166
277.8125	EXP	text_2: text = 184
277.82941999996547	EXP	text_2: text = 199
277.84446499997284	EXP	text_2: text = 216
277.8620499999961	EXP	text_2: text = 233
277.8785500000231	EXP	text_2: text = 249
277.8956000000471	EXP	text_2: text = 266
277.9053100000601	DATA	Keydown:  
277.9166700000642	EXP	text_2: text = 285
277.9166700000642	EXP	text_2: autoDraw = false
277.9166700000642	EXP	Feedback: text = 276
277.9166700000642	EXP	Feedback: autoDraw = true
278.91072499996517	EXP	Feedback: autoDraw = false
278.91072499996517	EXP	Feedback: autoDraw = false
278.91072499996517	EXP	text_3: autoDraw = true
284.0800600000657	EXP	text_3: autoDraw = false
284.0800600000657	EXP	text_3: autoDraw = false
284.0800600000657	EXP	text_2: autoDraw = true
284.0800600000657	EXP	text_2: text = 0
284.0933700000169	EXP	text_2: text = 16
284.11063999996986	EXP	text_2: text = 33
284.12712499999907	EXP	text_2: text = 49
284.14376500004437	EXP	text_2: text = 66
284.1604250000091	EXP	text_2: text = 83
284.17723999999	EXP	text_2: text = 99
284.1931549999863	EXP	text_2: text = 116
284.21093499998096	EXP	text_2: text = 133
284.2272450000746	EXP	text_2: text = 149
284.2457449999638	EXP	text_2: text = 166
284.2606200000737	EXP	text_2: text = 183
284.2779749999754	EXP	text_2: text = 199
284.2931099999696	EXP	text_2: text = 216
284.3111450000433	EXP	text_2: text = 232
284.32692000002135	EXP	text_2: text = 249
284.34434000006877	EXP	text_2: text = 266
284.3607149999589	EXP	text_2: text = 283
284.3780849999748	EXP	text_2: text = 299
284.3945400000084	EXP	text_2: text = 316
284.41182000003755	EXP	text_2: text = 333
284.44281000003684	EXP	text_2: text = 365
284.4594700000016	EXP	text_2: text = 383
284.47865000006277	EXP	text_2: text = 401
284.4938850000035	EXP	text_2: text = 416
284.50950499996543	EXP	text_2: text = 432
284.52655499998946	EXP	text_2: text = 449
284.54292000003625	EXP	text_2: text = 466
284.5600850000046	EXP	text_2: text = 482
284.57660999998916	EXP	text_2: text = 499
284.5931649999693	EXP	text_2: text = 515
284.60904999997	EXP	text_2: text = 532
284.6272899999749	EXP	text_2: text = 549
284.64313500002027	EXP	text_2: text = 565
284.6604150000494	EXP	text_2: text = 582
284.6760850000428	EXP	text_2: text = 599
284.6931099999929	EXP	text_2: text = 615
284.709915000014	EXP	text_2: text = 632
284.7269249999663	EXP	text_2: text = 649
284.743134999997	EXP	text_2: text = 666
284.7602200000547	EXP	text_2: text = 682
284.7764700000407	EXP	text_2: text = 699
284.794205000042	EXP	text_2: text = 716
284.7975850000512	DATA	Keydown:  
284.81263000005856	EXP	text_2: text = 733
284.81263000005856	EXP	text_2: autoDraw = false
284.81263000005856	EXP	Feedback: text = 718
284.81263000005856	EXP	Feedback: autoDraw = true
285.8096249999944	EXP	Feedback: autoDraw = false
285.8096249999944	EXP	Feedback: autoDraw = false
285.8096249999944	EXP	text_3: autoDraw = true
288.49653500004206	DATA	Keydown:  
292.6780499999877	EXP	text_3: autoDraw = false
292.6780499999877	EXP	text_3: autoDraw = false
292.6780499999877	EXP	text_2: autoDraw = true
292.6780499999877	EXP	text_2: text = 0
292.6928900000639	EXP	text_2: text = 16
292.7094499999657	EXP	text_2: text = 33
292.7265050000278	EXP	text_2: text = 50
292.74364500003867	EXP	text_2: text = 67
292.75906000006944	EXP	text_2: text = 83
292.7754600000335	EXP	text_2: text = 100
292.7934449999593	EXP	text_2: text = 116
292.809830000042	EXP	text_2: text = 133
292.826405000058	EXP	text_2: text = 150
292.84440499998163	EXP	text_2: text = 166
292.8598200000124	EXP	text_2: text = 183
292.878069999977	EXP	text_2: text = 200
292.893544999999	EXP	text_2: text = 216
292.91163500002585	EXP	text_2: text = 233
292.9270650000544	EXP	text_2: text = 250
292.943564999965	EXP	text_2: text = 266
292.9597899999935	EXP	text_2: text = 283
292.9772349999985	EXP	text_2: text = 300
292.9938049999764	EXP	text_2: text = 316
293.01173000002746	EXP	text_2: text = 333
293.02668000000995	EXP	text_2: text = 349
293.0585500000743	EXP	text_2: text = 383
293.0788650000468	EXP	text_2: text = 402
293.09236000000965	EXP	text_2: text = 416
293.10866000002716	EXP	text_2: text = 432
293.1255100000417	EXP	text_2: text = 449
293.1416050000116	EXP	text_2: text = 466
293.15965499996673	EXP	text_2: text = 483
293.1754100000253	EXP	text_2: text = 499
293.19307000003755	EXP	text_2: text = 516
293.20826500002295	EXP	text_2: text = 533
293.2258950000396	EXP	text_2: text = 549
293.241815000074	EXP	text_2: text = 566
293.259384999983	EXP	text_2: text = 583
293.2755500000203	EXP	text_2: text = 599
293.2931749999989	EXP	text_2: text = 616
293.3092999999644	EXP	text_2: text = 633
293.32590499997605	EXP	text_2: text = 650
293.34206499997526	EXP	text_2: text = 666
293.3585650000023	EXP	text_2: text = 682
293.3756000000285	EXP	text_2: text = 700
293.39312500006054	EXP	text_2: text = 716
293.39649000007194	DATA	Keydown:  
293.4116550000617	EXP	text_2: text = 733
293.4116550000617	EXP	text_2: autoDraw = false
293.4116550000617	EXP	Feedback: text = 719
293.4116550000617	EXP	Feedback: autoDraw = true
294.4086349999998	EXP	Feedback: autoDraw = false
294.4086349999998	EXP	Feedback: autoDraw = false
294.4086349999998	EXP	text_3: autoDraw = true
300.9103650000179	DATA	Keydown:  
301.1074400000507	DATA	Keydown:  
301.3021449999651	DATA	Keydown:  
301.4981100000441	DATA	Keydown:  
301.6753299999982	DATA	Keydown:  
301.85086999996565	DATA	Keydown:  
302.0328750000335	DATA	Keydown:  
302.20894000004046	DATA	Keydown:  
302.39094000007026	DATA	Keydown:  
302.57427500002086	DATA	Keydown:  
302.74590500001796	DATA	Keydown:  
302.9246099999873	DATA	Keydown:  
303.0749000000069	DATA	Keydown:  
303.2581149999751	DATA	Keydown:  
303.47363000002224	DATA	Keydown:  
303.65263000002597	DATA	Keydown:  
303.8098250000039	DATA	Keydown:  
303.8439550000476	EXP	text_3: autoDraw = false
303.8439550000476	EXP	text_3: autoDraw = false
303.8439550000476	EXP	text_2: autoDraw = true
303.8439550000476	EXP	text_2: text = 0
303.85861500003375	EXP	text_2: text = 16
303.87428500002716	EXP	text_2: text = 33
303.89258500002325	EXP	text_2: text = 50
303.90789000003133	EXP	text_2: text = 66
303.9249500000151	EXP	text_2: text = 82
303.9426900000544	EXP	text_2: text = 99
303.957870000042	EXP	text_2: text = 115
303.97638000000734	EXP	text_2: text = 133
303.9929000000702	EXP	text_2: text = 150
304.0097250000108	EXP	text_2: text = 166
304.0125850000186	DATA	Keydown:  
304.0287650000537	EXP	text_2: text = 183
304.0287650000537	EXP	text_2: autoDraw = false
304.0287650000537	EXP	Feedback: text = 169
304.0287650000537	EXP	Feedback: autoDraw = true
304.1752250000136	DATA	Keydown:  
305.02555999998003	EXP	Feedback: autoDraw = false
305.02555999998003	EXP	Feedback: autoDraw = false
305.02555999998003	EXP	text_3: autoDraw = true
307.1446400000714	EXP	text_3: autoDraw = false
307.1446400000714	EXP	text_3: autoDraw = false
307.1446400000714	EXP	text_2: autoDraw = true
307.1446400000714	EXP	text_2: text = 0
307.15789999999106	EXP	text_2: text = 16
307.1768249999732	EXP	text_2: text = 34
307.20762000000104	EXP	text_2: text = 66
307.2236699999776	EXP	text_2: text = 82
307.2410099999979	EXP	text_2: text = 100
307.2576699999627	EXP	text_2: text = 115
307.2741950000636	EXP	text_2: text = 132
307.2912400000496	EXP	text_2: text = 149
307.3072950000642	EXP	text_2: text = 165
307.32478500006255	EXP	text_2: text = 182
307.3416800000705	EXP	text_2: text = 199
307.35813499998767	EXP	text_2: text = 216
307.3739850000711	EXP	text_2: text = 232
307.3919950000709	EXP	text_2: text = 249
307.40717999998014	EXP	text_2: text = 266
307.42480000003707	EXP	text_2: text = 282
307.44185499998275	EXP	text_2: text = 299
307.45783500000834	EXP	text_2: text = 316
307.47422500001267	EXP	text_2: text = 332
307.49161999998614	EXP	text_2: text = 349
307.50767500000075	EXP	text_2: text = 366
307.523584999959	EXP	text_2: text = 382
307.5411450000247	EXP	text_2: text = 399
307.55802500003483	EXP	text_2: text = 415
307.5748100000201	EXP	text_2: text = 432
307.592799999984	EXP	text_2: text = 449
307.6073450000258	EXP	text_2: text = 465
307.6248200000264	EXP	text_2: text = 482
307.64116999995895	EXP	text_2: text = 499
307.65798000001814	EXP	text_2: text = 515
307.6739000000525	EXP	text_2: text = 532
307.6920450000325	EXP	text_2: text = 549
307.7079000000376	EXP	text_2: text = 566
307.7254149999935	EXP	text_2: text = 583
307.7411050000228	EXP	text_2: text = 599
307.7598350000335	EXP	text_2: text = 616
307.77514499996323	EXP	text_2: text = 633
307.79594500001986	EXP	text_2: text = 653
307.8079650000436	EXP	text_2: text = 666
307.8254650000017	EXP	text_2: text = 682
307.8422450000653	EXP	text_2: text = 699
307.85958499996923	EXP	text_2: text = 716
307.87545499997213	EXP	text_2: text = 732
307.8937300000107	EXP	text_2: text = 750
307.90867000003345	EXP	text_2: text = 766
307.92582999996375	EXP	text_2: text = 782
307.94275000004563	EXP	text_2: text = 799
307.9597800000338	EXP	text_2: text = 816
307.97541000007186	EXP	text_2: text = 833
307.9932249999838	EXP	text_2: text = 849
308.00908500002697	EXP	text_2: text = 866
308.0267049999675	EXP	text_2: text = 883
308.0428949999623	EXP	text_2: text = 899
308.0592249999754	EXP	text_2: text = 916
308.0758050000295	EXP	text_2: text = 933
308.0931349999737	EXP	text_2: text = 949
308.1089899999788	EXP	text_2: text = 966
308.12652499997057	EXP	text_2: text = 983
308.1421900000423	EXP	text_2: text = 999
308.1592149999924	EXP	text_2: text = 1016
308.17634999996517	EXP	text_2: text = 1033
308.19298000005074	EXP	text_2: text = 1049
308.2095050000353	EXP	text_2: text = 1066
308.22677499998827	EXP	text_2: text = 1083
308.24170999997295	EXP	text_2: text = 1099
308.26058999996167	EXP	text_2: text = 1117
308.2754249999998	EXP	text_2: text = 1132
308.2928499999689	EXP	text_2: text = 1149
308.3096150000347	EXP	text_2: text = 1166
308.3272049999796	EXP	text_2: text = 1183
308.34328500006814	EXP	text_2: text = 1199
308.36057999997865	EXP	text_2: text = 1217
308.3767699999735	EXP	text_2: text = 1234
308.39278500003275	EXP	text_2: text = 1249
308.41281999996863	EXP	text_2: text = 1270
308.4257750000106	EXP	text_2: text = 1283
308.4422499999637	EXP	text_2: text = 1300
308.4599000000162	EXP	text_2: text = 1316
308.47528999997303	EXP	text_2: text = 1332
308.4926700000651	EXP	text_2: text = 1349
308.50883000006434	EXP	text_2: text = 1366
308.52697500004433	EXP	text_2: text = 1383
308.54221500002313	EXP	text_2: text = 1399
308.55865000002086	EXP	text_2: text = 1416
308.5750199999893	EXP	text_2: text = 1433
308.59342000004835	EXP	text_2: text = 1449
308.6098400000483	EXP	text_2: text = 1466
308.6267950000474	EXP	text_2: text = 1483
308.6423949999735	EXP	text_2: text = 1499
308.65976000006776	EXP	text_2: text = 1516
308.67585999995936	EXP	text_2: text = 1533
308.69356000004336	EXP	text_2: text = 1549
308.70923000003677	EXP	text_2: text = 1566
308.72630500001833	EXP	text_2: text = 1583
308.7425349999685	EXP	text_2: text = 1599
308.7600150000071	EXP	text_2: text = 1616
308.77572500007227	EXP	text_2: text = 1633
308.80385999998543	EXP	text_2: text = 1659
308.82372500002384	EXP	text_2: text = 1682
308.84409500006586	EXP	text_2: text = 1700
308.85814000002574	EXP	text_2: text = 1716
308.87617499998305	EXP	text_2: text = 1732
308.89204499998596	EXP	text_2: text = 1749
308.9032900000457	DATA	Mouse: 0 button down, pos=(820,310)
308.91084999998566	EXP	text_2: text = 1768
308.9256250000326	EXP	text_2: text = 1782
308.94370000006165	EXP	text_2: text = 1800
308.9590249999892	EXP	text_2: text = 1816
308.9765100000659	EXP	text_2: text = 1833
308.9934699999867	EXP	text_2: text = 1850
309.0096050000284	EXP	text_2: text = 1866
309.02589499996975	EXP	text_2: text = 1883
309.0438899999717	EXP	text_2: text = 1900
309.0591949999798	EXP	text_2: text = 1916
309.07604499999434	EXP	text_2: text = 1933
309.0921650000382	EXP	text_2: text = 1949
309.0967650000239	DATA	Mouse: 0 button down, pos=(820,310)
309.110175000038	EXP	text_2: text = 1966
309.1248350000242	EXP	text_2: text = 1982
309.12927999999374	DATA	Keydown:  
309.1467999999877	EXP	text_2: text = 2000
309.1467999999877	EXP	text_2: autoDraw = false
309.1467999999877	EXP	Feedback: text = 1985
309.1467999999877	EXP	Feedback: autoDraw = true
310.16537000006065	EXP	Feedback: autoDraw = false
310.16537000006065	EXP	Feedback: autoDraw = false
310.16537000006065	EXP	End_text: autoDraw = true
320.14645500003826	DATA	Mouse: 0 button down, pos=(505,548)
320.23580999998376	DATA	Mouse: 0 button down, pos=(505,548)
321.161764999968	DATA	Keydown:  
