2.0082949999996345	EXP	Created Window = Window( name=Window, fullscr=true, color=#000000, units=height, waitBlanking=true, autoLog=true, size=[1298,665] )
5.564405000004626	DATA	Keydown: undefined
9.222874999999476	EXP	Created text = TextStim( name=text, win=Window( name=Window, fullscr=true, color=#000000, ~), autoDraw=null, autoLog=true, units=height, ori=null, opacity=1, pos=[0,0], size=undefined, text=INSTRUCTIONS [EN]


A counter will appear and star~, font=Arial, color=#FFFFFF, contrast=1, height=0.03, bold=null, italic=null, alignHoriz=left, alignVert=center, wrapWidth=1, flipHoriz=null, flipVert=null )
9.230524999999034	EXP	Created text_3 = TextStim( name=text_3, win=Window( name=Window, fullscr=true, color=#000000, ~), autoDraw=null, autoLog=true, units=height, ori=null, opacity=1, pos=[0,0], size=undefined, text=null, font=Arial, color=#FFFFFF, contrast=1, height=0.1, bold=null, italic=null, alignHoriz=left, alignVert=center, wrapWidth=1, flipHoriz=null, flipVert=null )
9.233465000004799	EXP	Created text_2 = TextStim( name=text_2, win=Window( name=Window, fullscr=true, color=#000000, ~), autoDraw=null, autoLog=true, units=height, ori=null, opacity=1, pos=[0,0], size=undefined, text=default text, font=Arial, color=#ff0000, contrast=1, height=0.15, bold=null, italic=null, alignHoriz=left, alignVert=center, wrapWidth=1, flipHoriz=null, flipVert=null )
9.236595000002126	EXP	Created Feedback = TextStim( name=Feedback, win=Window( name=Window, fullscr=true, color=#000000, ~), autoDraw=null, autoLog=true, units=height, ori=null, opacity=1, pos=[0,0], size=undefined, text=default text, font=Arial, color=#ff0000, contrast=1, height=0.15, bold=null, italic=null, alignHoriz=left, alignVert=center, wrapWidth=1, flipHoriz=null, flipVert=null )
9.239000000001397	EXP	Created End_text = TextStim( name=End_text, win=Window( name=Window, fullscr=true, color=#000000, ~), autoDraw=null, autoLog=true, units=height, ori=null, opacity=1, pos=[0,0], size=undefined, text=This study aimed to look at procedural learning, i~, font=Arial, color=#FFFFFF, contrast=1, height=0.025, bold=null, italic=null, alignHoriz=left, alignVert=center, wrapWidth=1, flipHoriz=null, flipVert=null )
9.34966500000155	EXP	text: units = "height"
9.34966500000155	EXP	text: ori = 0
9.34966500000155	EXP	text: opacity = 1
9.34966500000155	EXP	text: pos = [0,0]
9.34966500000155	EXP	text: size = undefined
9.34966500000155	EXP	text: text = "INSTRUCTIONS [EN]\n\n\nA counter will appear and start counting at random times, press SPACE as fast as possible when it appears.\n\n\nPress SPACE to start\n\n-------\n\nInstruções [PT]\n\n\nUm cronómetro vai aparecer e começar a contar aleatoriamente, pressione a tecla SPACE assim que ele aparecer.\n\n\nPressiona SPACE para começar."
9.34966500000155	EXP	text: font = "Arial"
9.34966500000155	EXP	text: color = {"_hex":"#FFFFFF","_rgb":[1,1,1]}
9.34966500000155	EXP	text: contrast = 1
9.34966500000155	EXP	text: height = 0.03
9.34966500000155	EXP	text: bold = false
9.34966500000155	EXP	text: italic = false
9.34966500000155	EXP	text: alignHoriz = "left"
9.34966500000155	EXP	text: alignVert = "center"
9.34966500000155	EXP	text: wrapWidth = 1
9.34966500000155	EXP	text: flipHoriz = false
9.34966500000155	EXP	text: flipVert = false
9.34966500000155	EXP	text_3: units = "height"
9.34966500000155	EXP	text_3: ori = 0
9.34966500000155	EXP	text_3: opacity = 1
9.34966500000155	EXP	text_3: pos = [0,0]
9.34966500000155	EXP	text_3: size = undefined
9.34966500000155	EXP	text_3: text = ""
9.34966500000155	EXP	text_3: font = "Arial"
9.34966500000155	EXP	text_3: color = {"_hex":"#FFFFFF","_rgb":[1,1,1]}
9.34966500000155	EXP	text_3: contrast = 1
9.34966500000155	EXP	text_3: height = 0.1
9.34966500000155	EXP	text_3: bold = false
9.34966500000155	EXP	text_3: italic = false
9.34966500000155	EXP	text_3: alignHoriz = "left"
9.34966500000155	EXP	text_3: alignVert = "center"
9.34966500000155	EXP	text_3: wrapWidth = 1
9.34966500000155	EXP	text_3: flipHoriz = false
9.34966500000155	EXP	text_3: flipVert = false
9.34966500000155	EXP	text_2: units = "height"
9.34966500000155	EXP	text_2: ori = 0
9.34966500000155	EXP	text_2: opacity = 1
9.34966500000155	EXP	text_2: pos = [0,0]
9.34966500000155	EXP	text_2: size = undefined
9.34966500000155	EXP	text_2: text = "default text"
9.34966500000155	EXP	text_2: font = "Arial"
9.34966500000155	EXP	text_2: color = {"_rgb":[1,0,0]}
9.34966500000155	EXP	text_2: contrast = 1
9.34966500000155	EXP	text_2: height = 0.15
9.34966500000155	EXP	text_2: bold = false
9.34966500000155	EXP	text_2: italic = false
9.34966500000155	EXP	text_2: alignHoriz = "left"
9.34966500000155	EXP	text_2: alignVert = "center"
9.34966500000155	EXP	text_2: wrapWidth = 1
9.34966500000155	EXP	text_2: flipHoriz = false
9.34966500000155	EXP	text_2: flipVert = false
9.34966500000155	EXP	Feedback: units = "height"
9.34966500000155	EXP	Feedback: ori = 0
9.34966500000155	EXP	Feedback: opacity = 1
9.34966500000155	EXP	Feedback: pos = [0,0]
9.34966500000155	EXP	Feedback: size = undefined
9.34966500000155	EXP	Feedback: text = "default text"
9.34966500000155	EXP	Feedback: font = "Arial"
9.34966500000155	EXP	Feedback: color = {"_rgb":[1,0,0]}
9.34966500000155	EXP	Feedback: contrast = 1
9.34966500000155	EXP	Feedback: height = 0.15
9.34966500000155	EXP	Feedback: bold = false
9.34966500000155	EXP	Feedback: italic = false
9.34966500000155	EXP	Feedback: alignHoriz = "left"
9.34966500000155	EXP	Feedback: alignVert = "center"
9.34966500000155	EXP	Feedback: wrapWidth = 1
9.34966500000155	EXP	Feedback: flipHoriz = false
9.34966500000155	EXP	Feedback: flipVert = false
9.34966500000155	EXP	End_text: units = "height"
9.34966500000155	EXP	End_text: ori = 0
9.34966500000155	EXP	End_text: opacity = 1
9.34966500000155	EXP	End_text: pos = [0,0]
9.34966500000155	EXP	End_text: size = undefined
9.34966500000155	EXP	End_text: text = "This study aimed to look at procedural learning, i.e. our ability to extract patterns from the input that we are constantly receiving. This skill is thought to be essential for language and literacy acquisition and has been suggested as a possible underlying difficult in children with Language Impairments and Dyslexia. This study aims to improve the measures of procedural learning (the smiley face task) so that we can measure procedural learning more reliably and, in the future, analyse the performance of individuals with learning impairments.\nThank you for participating!\n\n----\n\nEste estudo tem como objectivo analisar a nossa capacidade de extrair padrões da informação que estamos constantemente a receber. Pensa-se que esta competência é essencial para a aquisição da linguagem e literacia e foi sugerido que dificuldades neste tipo de competências poderá estar relacionado com perturbações da linguagem e Dislexia. Este estudo tem como objectivo melhorar a estabilidade das medidas usadas para medir este tipo de memória (a tarefa da cara sorridente) de forma a poder medir de forma mais precisa e, no futuro, analisar a performance de indivíduos com perturbações da aprendizagem. \nMuito obrigada por ter participado!"
9.34966500000155	EXP	End_text: font = "Arial"
9.34966500000155	EXP	End_text: color = {"_hex":"#FFFFFF","_rgb":[1,1,1]}
9.34966500000155	EXP	End_text: contrast = 1
9.34966500000155	EXP	End_text: height = 0.025
9.34966500000155	EXP	End_text: bold = false
9.34966500000155	EXP	End_text: italic = false
9.34966500000155	EXP	End_text: alignHoriz = "left"
9.34966500000155	EXP	End_text: alignVert = "center"
9.34966500000155	EXP	End_text: wrapWidth = 1
9.34966500000155	EXP	End_text: flipHoriz = false
9.34966500000155	EXP	End_text: flipVert = false
9.34966500000155	EXP	text: autoDraw = true
13.779360000000452	DATA	Keydown:  
13.827805000000808	EXP	text: autoDraw = false
13.827805000000808	EXP	text_3: autoDraw = true
17.178540000000794	EXP	text_3: autoDraw = false
17.178540000000794	EXP	text_3: autoDraw = false
17.178540000000794	EXP	text_2: autoDraw = true
17.178540000000794	EXP	text_2: text = 0
17.206174999999348	EXP	text_2: text = 73
17.232309999999416	EXP	text_2: text = 99
17.247580000002927	EXP	text_2: text = 114
17.266490000001795	EXP	text_2: text = 132
17.283190000001923	EXP	text_2: text = 147
17.300320000002102	EXP	text_2: text = 164
17.316460000001825	EXP	text_2: text = 180
17.33226999999897	EXP	text_2: text = 197
17.350290000002133	EXP	text_2: text = 214
17.36664000000019	EXP	text_2: text = 230
17.38314000000537	EXP	text_2: text = 248
17.400305000002845	EXP	text_2: text = 266
17.416120000001683	EXP	text_2: text = 280
17.433414999999513	EXP	text_2: text = 297
17.439185000002908	DATA	Keydown:  
17.454665000004752	EXP	text_2: text = 314
17.454665000004752	EXP	text_2: autoDraw = false
17.454665000004752	EXP	Feedback: text = 261
17.454665000004752	EXP	Feedback: autoDraw = true
18.454210000003513	EXP	Feedback: autoDraw = false
18.454210000003513	EXP	Feedback: autoDraw = false
18.454210000003513	EXP	text_3: autoDraw = true
20.901369999999588	EXP	text_3: autoDraw = false
20.901369999999588	EXP	text_3: autoDraw = false
20.901369999999588	EXP	text_2: autoDraw = true
20.901369999999588	EXP	text_2: text = 0
20.91556000000128	EXP	text_2: text = 18
20.93246999999974	EXP	text_2: text = 35
20.94801500000176	EXP	text_2: text = 49
20.965470000002824	EXP	text_2: text = 66
20.98243000000366	EXP	text_2: text = 84
20.998820000000705	EXP	text_2: text = 100
21.015375000002678	EXP	text_2: text = 118
21.032044999999925	EXP	text_2: text = 134
21.049010000002454	EXP	text_2: text = 150
21.06573500000377	EXP	text_2: text = 168
21.082090000003518	EXP	text_2: text = 183
21.098845000000438	EXP	text_2: text = 199
21.115730000004987	EXP	text_2: text = 218
21.132109999998647	EXP	text_2: text = 234
21.149575000003097	EXP	text_2: text = 250
21.16524500000378	EXP	text_2: text = 266
21.18162999999913	EXP	text_2: text = 283
21.19877500000439	EXP	text_2: text = 300
21.215155000005325	EXP	text_2: text = 316
21.232284999998228	EXP	text_2: text = 335
21.249080000001413	EXP	text_2: text = 351
21.264745000000403	EXP	text_2: text = 366
21.28228500000114	EXP	text_2: text = 385
21.299250000003667	EXP	text_2: text = 401
21.31141999999818	DATA	Keydown:  
21.32115999999951	EXP	text_2: text = 421
21.32115999999951	EXP	text_2: autoDraw = false
21.32115999999951	EXP	Feedback: text = 411
21.32115999999951	EXP	Feedback: autoDraw = true
22.315880000001926	EXP	Feedback: autoDraw = false
22.315880000001926	EXP	Feedback: autoDraw = false
22.315880000001926	EXP	text_3: autoDraw = true
26.734049999999115	EXP	text_3: autoDraw = false
26.734049999999115	EXP	text_3: autoDraw = false
26.734049999999115	EXP	text_2: autoDraw = true
26.734049999999115	EXP	text_2: text = 0
26.74756999999954	EXP	text_2: text = 15
26.76461500000005	EXP	text_2: text = 32
26.781600000002072	EXP	text_2: text = 50
26.79730500000005	EXP	text_2: text = 65
26.813975000004575	EXP	text_2: text = 81
26.831120000002556	EXP	text_2: text = 99
26.8474950000018	EXP	text_2: text = 115
26.864314999998896	EXP	text_2: text = 133
26.881270000005316	EXP	text_2: text = 149
26.89766000000236	EXP	text_2: text = 164
26.914544999999634	EXP	text_2: text = 183
26.930810000005295	EXP	text_2: text = 197
26.99268000000302	DATA	Keydown:  
27.00332000000344	EXP	text_2: text = 269
27.00332000000344	EXP	text_2: autoDraw = false
27.00332000000344	EXP	Feedback: text = 259
27.00332000000344	EXP	Feedback: autoDraw = true
27.99926499999856	EXP	Feedback: autoDraw = false
27.99926499999856	EXP	Feedback: autoDraw = false
27.99926499999856	EXP	text_3: autoDraw = true
32.59933000000456	EXP	text_3: autoDraw = false
32.59933000000456	EXP	text_3: autoDraw = false
32.59933000000456	EXP	text_2: autoDraw = true
32.59933000000456	EXP	text_2: text = 0
32.612034999998286	EXP	text_2: text = 14
32.6296250000014	EXP	text_2: text = 33
32.64640000000509	EXP	text_2: text = 50
32.662640000002284	EXP	text_2: text = 65
32.679235000003246	EXP	text_2: text = 82
32.696210000001884	EXP	text_2: text = 100
32.712915000003704	EXP	text_2: text = 115
32.72952500000247	EXP	text_2: text = 132
32.746375000002445	EXP	text_2: text = 150
32.76292000000103	EXP	text_2: text = 165
32.77982999999949	EXP	text_2: text = 183
32.79606500000227	EXP	text_2: text = 198
32.81221500000538	EXP	text_2: text = 215
32.82998000000225	EXP	text_2: text = 234
32.84580000000278	EXP	text_2: text = 248
32.862874999998894	EXP	text_2: text = 265
32.87096500000189	DATA	Keydown:  
32.88365500000509	EXP	text_2: text = 284
32.88365500000509	EXP	text_2: autoDraw = false
32.88365500000509	EXP	Feedback: text = 272
32.88365500000509	EXP	Feedback: autoDraw = true
33.9803000000029	EXP	Feedback: autoDraw = false
33.9803000000029	EXP	Feedback: autoDraw = false
33.9803000000029	EXP	text_3: autoDraw = true
38.847710000001825	EXP	text_3: autoDraw = false
38.847710000001825	EXP	text_3: autoDraw = false
38.847710000001825	EXP	text_2: autoDraw = true
38.847710000001825	EXP	text_2: text = 0
38.86002000000008	EXP	text_2: text = 15
38.878154999998515	EXP	text_2: text = 31
38.89470000000438	EXP	text_2: text = 49
38.91184500000236	EXP	text_2: text = 66
38.927535000002536	EXP	text_2: text = 81
38.94555499999842	EXP	text_2: text = 100
38.96225000000413	EXP	text_2: text = 116
38.978524999998626	EXP	text_2: text = 132
38.99567999999999	EXP	text_2: text = 148
39.019789999998466	EXP	text_2: text = 166
39.04518000000098	EXP	text_2: text = 199
39.062040000004345	EXP	text_2: text = 216
39.07677500000136	EXP	text_2: text = 232
39.095359999999346	EXP	text_2: text = 249
39.11179000000266	EXP	text_2: text = 267
39.118569999998726	DATA	Keydown:  
39.131939999999304	EXP	text_2: text = 282
39.131939999999304	EXP	text_2: autoDraw = false
39.131939999999304	EXP	Feedback: text = 271
39.131939999999304	EXP	Feedback: autoDraw = true
40.129805000004126	EXP	Feedback: autoDraw = false
40.129805000004126	EXP	Feedback: autoDraw = false
40.129805000004126	EXP	text_3: autoDraw = true
47.41205500000069	EXP	text_3: autoDraw = false
47.41205500000069	EXP	text_3: autoDraw = false
47.41205500000069	EXP	text_2: autoDraw = true
47.41205500000069	EXP	text_2: text = 0
47.42609000000084	EXP	text_2: text = 16
47.44291000000521	EXP	text_2: text = 33
47.459569999999076	EXP	text_2: text = 48
47.47619500000292	EXP	text_2: text = 65
47.49334500000259	EXP	text_2: text = 83
47.50959000000148	EXP	text_2: text = 98
47.526120000002265	EXP	text_2: text = 115
47.54338999999891	EXP	text_2: text = 134
47.559720000004745	EXP	text_2: text = 150
47.576639999999315	EXP	text_2: text = 166
47.59331000000384	EXP	text_2: text = 183
47.60948500000086	EXP	text_2: text = 198
47.62636000000202	EXP	text_2: text = 215
47.64251000000513	EXP	text_2: text = 232
47.659780000001774	EXP	text_2: text = 249
47.67807000000175	EXP	text_2: text = 268
47.68406500000128	DATA	Keydown:  
47.69636000000173	EXP	text_2: text = 283
47.69636000000173	EXP	text_2: autoDraw = false
47.69636000000173	EXP	Feedback: text = 272
47.69636000000173	EXP	Feedback: autoDraw = true
48.690340000001015	EXP	Feedback: autoDraw = false
48.690340000001015	EXP	Feedback: autoDraw = false
48.690340000001015	EXP	text_3: autoDraw = true
53.56075000000419	EXP	text_3: autoDraw = false
53.56075000000419	EXP	text_3: autoDraw = false
53.56075000000419	EXP	text_2: autoDraw = true
53.56075000000419	EXP	text_2: text = 0
53.57472000000416	EXP	text_2: text = 17
53.59151500000007	EXP	text_2: text = 34
53.6087800000023	EXP	text_2: text = 52
53.62503500000457	EXP	text_2: text = 66
53.64156500000536	EXP	text_2: text = 84
53.658155000004626	EXP	text_2: text = 101
53.674980000003416	EXP	text_2: text = 117
53.69192499999917	EXP	text_2: text = 135
53.70922000000428	EXP	text_2: text = 152
53.725265000000945	EXP	text_2: text = 166
53.74066999999923	EXP	text_2: text = 182
53.758020000001125	EXP	text_2: text = 200
53.77516000000469	EXP	text_2: text = 217
53.79305000000022	EXP	text_2: text = 235
53.809540000002016	EXP	text_2: text = 252
53.82641000000149	EXP	text_2: text = 269
53.83317000000534	DATA	Keydown:  
53.84772000000521	EXP	text_2: text = 287
53.84772000000521	EXP	text_2: autoDraw = false
53.84772000000521	EXP	Feedback: text = 273
53.84772000000521	EXP	Feedback: autoDraw = true
54.84318500000518	EXP	Feedback: autoDraw = false
54.84318500000518	EXP	Feedback: autoDraw = false
54.84318500000518	EXP	text_3: autoDraw = true
57.5491949999996	DATA	Mouse: 0 button down, pos=(762,767)
57.76164499999868	DATA	Mouse: 0 button down, pos=(762,767)
57.85315000000264	DATA	Mouse: 0 button down, pos=(762,767)
57.85446000000229	DATA	Mouse: 0 button down, pos=(762,767)
57.94264000000112	DATA	Mouse: 0 button down, pos=(762,767)
58.16408500000398	DATA	Mouse: 0 button down, pos=(762,767)
59.02607500000158	DATA	Mouse: 0 button down, pos=(762,767)
59.21007500000269	DATA	Mouse: 0 button down, pos=(762,767)
59.2117900000012	DATA	Mouse: 0 button down, pos=(762,767)
59.213620000002265	DATA	Mouse: 0 button down, pos=(762,767)
59.53661500000453	DATA	Mouse: 0 button down, pos=(762,767)
59.58280000000377	DATA	Mouse: 0 button down, pos=(762,767)
59.586654999999155	DATA	Mouse: 0 button down, pos=(762,767)
59.588205000000016	DATA	Mouse: 0 button down, pos=(762,767)
60.02944500000012	DATA	Mouse: 0 button down, pos=(762,767)
60.235585000002175	DATA	Mouse: 0 button down, pos=(762,767)
60.23766500000056	DATA	Mouse: 0 button down, pos=(762,767)
60.23967000000266	DATA	Mouse: 0 button down, pos=(762,767)
60.392540000000736	DATA	Mouse: 0 button down, pos=(762,767)
60.65510500000528	DATA	Mouse: 0 button down, pos=(762,767)
60.65669500000513	DATA	Mouse: 0 button down, pos=(762,767)
60.65737000000081	DATA	Mouse: 0 button down, pos=(762,767)
60.77548999999999	DATA	Mouse: 0 button down, pos=(762,767)
61.01092500000232	DATA	Mouse: 0 button down, pos=(762,767)
61.01264000000083	DATA	Mouse: 0 button down, pos=(762,767)
61.0132550000053	DATA	Mouse: 0 button down, pos=(762,767)
61.143950000005134	DATA	Mouse: 0 button down, pos=(762,767)
61.211654999999155	DATA	Mouse: 0 button down, pos=(762,767)
61.21305500000017	DATA	Mouse: 0 button down, pos=(762,767)
61.21373500000482	DATA	Mouse: 0 button down, pos=(762,767)
61.311280000001716	DATA	Mouse: 0 button down, pos=(762,767)
61.36241500000324	DATA	Mouse: 0 button down, pos=(762,767)
61.364150000001246	DATA	Mouse: 0 button down, pos=(762,767)
61.36667999999918	DATA	Mouse: 0 button down, pos=(762,767)
61.402240000003076	DATA	Mouse: 0 button down, pos=(762,767)
61.49319000000105	EXP	text_3: autoDraw = false
61.49319000000105	EXP	text_3: autoDraw = false
61.49319000000105	EXP	text_2: autoDraw = true
61.49319000000105	EXP	text_2: text = 0
61.5063650000011	EXP	text_2: text = 15
61.52297499999986	EXP	text_2: text = 31
61.53990500000509	EXP	text_2: text = 48
61.556280000004335	EXP	text_2: text = 64
61.573615000001155	EXP	text_2: text = 83
61.59009000000515	EXP	text_2: text = 100
61.604855000005045	DATA	Mouse: 0 button down, pos=(762,767)
61.606494999999995	DATA	Mouse: 0 button down, pos=(762,767)
61.60743000000366	DATA	Mouse: 0 button down, pos=(762,767)
61.6128050000043	EXP	text_2: text = 123
61.63926000000356	EXP	text_2: text = 148
61.65585000000283	EXP	text_2: text = 166
61.67272999999841	EXP	text_2: text = 182
61.68847000000096	EXP	text_2: text = 198
61.69727000000421	DATA	Mouse: 0 button down, pos=(762,767)
61.70577500000218	EXP	text_2: text = 215
61.722555000000284	EXP	text_2: text = 233
61.738515000004554	EXP	text_2: text = 248
61.790249999998196	EXP	text_2: text = 266
61.797615000003134	DATA	Keydown:  
61.80202000000281	DATA	Mouse: 0 button down, pos=(762,767)
61.812580000005255	EXP	text_2: text = 320
61.812580000005255	EXP	text_2: autoDraw = false
61.812580000005255	EXP	Feedback: text = 306
61.812580000005255	EXP	Feedback: autoDraw = true
62.80959499999881	EXP	Feedback: autoDraw = false
62.80959499999881	EXP	Feedback: autoDraw = false
62.80959499999881	EXP	text_3: autoDraw = true
68.92508000000089	EXP	text_3: autoDraw = false
68.92508000000089	EXP	text_3: autoDraw = false
68.92508000000089	EXP	text_2: autoDraw = true
68.92508000000089	EXP	text_2: text = 0
68.93866500000149	EXP	text_2: text = 15
68.95495500000106	EXP	text_2: text = 31
68.97210500000074	EXP	text_2: text = 49
68.98838999999862	EXP	text_2: text = 64
69.00515499999892	EXP	text_2: text = 82
69.02102000000014	EXP	text_2: text = 97
69.03824500000337	EXP	text_2: text = 114
69.05556500000239	EXP	text_2: text = 133
69.07162000000244	EXP	text_2: text = 148
69.08813499999815	EXP	text_2: text = 164
69.10521000000153	EXP	text_2: text = 182
69.12140000000363	EXP	text_2: text = 197
69.13870000000315	EXP	text_2: text = 215
69.15548000000126	EXP	text_2: text = 231
69.17182999999932	EXP	text_2: text = 248
69.18880000000354	EXP	text_2: text = 265
69.20132500000182	DATA	Keydown:  
69.21145000000251	EXP	text_2: text = 285
69.21145000000251	EXP	text_2: autoDraw = false
69.21145000000251	EXP	Feedback: text = 277
69.21145000000251	EXP	Feedback: autoDraw = true
70.20854500000132	EXP	Feedback: autoDraw = false
70.20854500000132	EXP	Feedback: autoDraw = false
70.20854500000132	EXP	text_3: autoDraw = true
78.10557500000141	EXP	text_3: autoDraw = false
78.10557500000141	EXP	text_3: autoDraw = false
78.10557500000141	EXP	text_2: autoDraw = true
78.10557500000141	EXP	text_2: text = 0
78.11955999999918	EXP	text_2: text = 17
78.1362550000049	EXP	text_2: text = 32
78.15262000000075	EXP	text_2: text = 49
78.16915000000154	EXP	text_2: text = 65
78.18611500000407	EXP	text_2: text = 83
78.20319000000018	EXP	text_2: text = 100
78.22009000000253	EXP	text_2: text = 116
78.23593000000255	EXP	text_2: text = 132
78.25327000000107	EXP	text_2: text = 150
78.26918000000296	EXP	text_2: text = 165
78.28633500000433	EXP	text_2: text = 183
78.30335500000365	EXP	text_2: text = 201
78.31898000000365	EXP	text_2: text = 216
78.3364800000054	EXP	text_2: text = 233
78.35281499999837	EXP	text_2: text = 249
78.36492500000168	DATA	Keydown:  
78.37442500000179	EXP	text_2: text = 269
78.37442500000179	EXP	text_2: autoDraw = false
78.37442500000179	EXP	Feedback: text = 260
78.37442500000179	EXP	Feedback: autoDraw = true
79.36993000000075	EXP	Feedback: autoDraw = false
79.36993000000075	EXP	Feedback: autoDraw = false
79.36993000000075	EXP	text_3: autoDraw = true
84.88719000000128	EXP	text_3: autoDraw = false
84.88719000000128	EXP	text_3: autoDraw = false
84.88719000000128	EXP	text_2: autoDraw = true
84.88719000000128	EXP	text_2: text = 0
84.90129000000161	EXP	text_2: text = 15
84.9178150000007	EXP	text_2: text = 32
84.93448999999964	EXP	text_2: text = 50
84.94999500000267	EXP	text_2: text = 65
84.96770500000275	EXP	text_2: text = 82
84.98455500000273	EXP	text_2: text = 100
85.001145000002	EXP	text_2: text = 116
85.01806999999826	EXP	text_2: text = 133
85.03366000000096	EXP	text_2: text = 148
85.05103000000236	EXP	text_2: text = 165
85.06805500000337	EXP	text_2: text = 183
85.08375499999966	EXP	text_2: text = 198
85.10111999999936	EXP	text_2: text = 215
85.11837000000378	EXP	text_2: text = 233
85.13539999999921	EXP	text_2: text = 251
85.15102499999921	EXP	text_2: text = 266
85.16737500000454	EXP	text_2: text = 281
85.17692000000534	DATA	Keydown:  
85.18804000000091	EXP	text_2: text = 301
85.18804000000091	EXP	text_2: autoDraw = false
85.18804000000091	EXP	Feedback: text = 290
85.18804000000091	EXP	Feedback: autoDraw = true
86.18548500000179	EXP	Feedback: autoDraw = false
86.18548500000179	EXP	Feedback: autoDraw = false
86.18548500000179	EXP	text_3: autoDraw = true
88.40298500000063	EXP	text_3: autoDraw = false
88.40298500000063	EXP	text_3: autoDraw = false
88.40298500000063	EXP	text_2: autoDraw = true
88.40298500000063	EXP	text_2: text = 0
88.41603000000032	EXP	text_2: text = 14
88.4331250000032	EXP	text_2: text = 31
88.45026000000507	EXP	text_2: text = 49
88.4663950000031	EXP	text_2: text = 65
88.48395000000164	EXP	text_2: text = 83
88.50030500000139	EXP	text_2: text = 100
88.51714500000526	EXP	text_2: text = 115
88.53384000000369	EXP	text_2: text = 132
88.55048499999975	EXP	text_2: text = 149
88.56702500000392	EXP	text_2: text = 165
88.58419500000309	EXP	text_2: text = 183
88.59966500000155	EXP	text_2: text = 198
88.61651500000153	EXP	text_2: text = 215
88.63420000000042	EXP	text_2: text = 233
88.68120500000077	EXP	text_2: text = 248
88.70189499999833	EXP	text_2: text = 301
88.707484999999	DATA	Keydown:  
88.72862500000338	EXP	text_2: text = 322
88.72862500000338	EXP	text_2: autoDraw = false
88.72862500000338	EXP	Feedback: text = 305
88.72862500000338	EXP	Feedback: autoDraw = true
89.71626500000275	EXP	Feedback: autoDraw = false
89.71626500000275	EXP	Feedback: autoDraw = false
89.71626500000275	EXP	text_3: autoDraw = true
96.2346400000024	EXP	text_3: autoDraw = false
96.2346400000024	EXP	text_3: autoDraw = false
96.2346400000024	EXP	text_2: autoDraw = true
96.2346400000024	EXP	text_2: text = 0
96.24916500000108	EXP	text_2: text = 17
96.26530500000081	EXP	text_2: text = 32
96.28248500000336	EXP	text_2: text = 49
96.29816500000015	EXP	text_2: text = 64
96.31520000000455	EXP	text_2: text = 82
96.33138000000326	EXP	text_2: text = 98
96.34838000000309	EXP	text_2: text = 114
96.36587000000145	EXP	text_2: text = 133
96.38148000000365	EXP	text_2: text = 148
96.39887000000454	EXP	text_2: text = 165
96.41564500000095	EXP	text_2: text = 183
96.43138000000181	EXP	text_2: text = 198
96.44905999999901	EXP	text_2: text = 216
96.46560000000318	EXP	text_2: text = 233
96.48219000000245	EXP	text_2: text = 248
96.49001500000304	DATA	Keydown:  
96.5017399999997	EXP	text_2: text = 266
96.5017399999997	EXP	text_2: autoDraw = false
96.5017399999997	EXP	Feedback: text = 256
96.5017399999997	EXP	Feedback: autoDraw = true
97.50267500000336	EXP	Feedback: autoDraw = false
97.50267500000336	EXP	Feedback: autoDraw = false
97.50267500000336	EXP	text_3: autoDraw = true
107.28225000000384	EXP	text_3: autoDraw = false
107.28225000000384	EXP	text_3: autoDraw = false
107.28225000000384	EXP	text_2: autoDraw = true
107.28225000000384	EXP	text_2: text = 0
107.29540999999881	EXP	text_2: text = 15
107.31326500000432	EXP	text_2: text = 31
107.3298450000002	EXP	text_2: text = 49
107.34569500000362	EXP	text_2: text = 64
107.36269000000175	EXP	text_2: text = 81
107.38012500000332	EXP	text_2: text = 99
107.39661999999953	EXP	text_2: text = 115
107.41342499999882	EXP	text_2: text = 132
107.42920500000037	EXP	text_2: text = 147
107.44574999999895	EXP	text_2: text = 164
107.4629649999988	EXP	text_2: text = 182
107.47930500000075	EXP	text_2: text = 198
107.49586999999883	EXP	text_2: text = 214
107.51343500000075	EXP	text_2: text = 233
107.52925500000129	EXP	text_2: text = 248
107.54609999999957	EXP	text_2: text = 265
107.56414500000392	EXP	text_2: text = 283
107.56894499999908	DATA	Keydown:  
107.58219000000099	EXP	text_2: text = 299
107.58219000000099	EXP	text_2: autoDraw = false
107.58219000000099	EXP	Feedback: text = 287
107.58219000000099	EXP	Feedback: autoDraw = true
108.14343999999983	DATA	Mouse: wheel shift=(212.49998474121094,0), pos=(762,767)
108.5815350000048	EXP	Feedback: autoDraw = false
108.5815350000048	EXP	Feedback: autoDraw = false
108.5815350000048	EXP	text_3: autoDraw = true
115.74783500000194	EXP	text_3: autoDraw = false
115.74783500000194	EXP	text_3: autoDraw = false
115.74783500000194	EXP	text_2: autoDraw = true
115.74783500000194	EXP	text_2: text = 0
115.7612799999988	EXP	text_2: text = 17
115.77736500000174	EXP	text_2: text = 32
115.79475000000093	EXP	text_2: text = 49
115.81170500000007	EXP	text_2: text = 67
115.82823500000086	EXP	text_2: text = 84
115.84509500000422	EXP	text_2: text = 100
115.86114500000258	EXP	text_2: text = 115
115.87849000000278	EXP	text_2: text = 133
115.89524000000529	EXP	text_2: text = 151
115.91051000000152	EXP	text_2: text = 165
115.92842999999993	EXP	text_2: text = 184
115.94486999999936	EXP	text_2: text = 200
115.96080000000075	EXP	text_2: text = 215
115.97826999999961	EXP	text_2: text = 232
115.99518000000535	EXP	text_2: text = 250
116.01133000000118	EXP	text_2: text = 266
116.02939500000502	EXP	text_2: text = 284
116.03426000000036	DATA	Keydown:  
116.04704499999934	EXP	text_2: text = 299
116.04704499999934	EXP	text_2: autoDraw = false
116.04704499999934	EXP	Feedback: text = 287
116.04704499999934	EXP	Feedback: autoDraw = true
116.08844500000123	DATA	Mouse: wheel shift=(-7.5,0), pos=(762,767)
116.20763499999885	DATA	Mouse: wheel shift=(94.99999237060547,0), pos=(762,767)
116.22272000000521	DATA	Mouse: wheel shift=(22.499998092651367,0), pos=(762,767)
116.24003500000254	DATA	Mouse: wheel shift=(7.5,0), pos=(762,767)
116.25701500000287	DATA	Mouse: wheel shift=(17.499998092651367,0), pos=(762,767)
116.28986499999883	DATA	Mouse: wheel shift=(27.5,0), pos=(762,767)
116.30627000000095	DATA	Mouse: wheel shift=(7.5,0), pos=(762,767)
116.32400500000222	DATA	Mouse: wheel shift=(12.5,0), pos=(762,767)
116.34029500000179	DATA	Mouse: wheel shift=(5,0), pos=(762,767)
116.38992500000313	DATA	Mouse: wheel shift=(2.5,0), pos=(762,767)
117.04814500000066	EXP	Feedback: autoDraw = false
117.04814500000066	EXP	Feedback: autoDraw = false
117.04814500000066	EXP	text_3: autoDraw = true
122.69547500000044	EXP	text_3: autoDraw = false
122.69547500000044	EXP	text_3: autoDraw = false
122.69547500000044	EXP	text_2: autoDraw = true
122.69547500000044	EXP	text_2: text = 0
122.70783500000107	EXP	text_2: text = 16
122.72587000000203	EXP	text_2: text = 32
122.74331499999971	EXP	text_2: text = 51
122.75987500000338	EXP	text_2: text = 67
122.77674500000285	EXP	text_2: text = 82
122.79347499999858	EXP	text_2: text = 101
122.80985499999952	EXP	text_2: text = 115
122.82654000000184	EXP	text_2: text = 133
122.84361999999965	EXP	text_2: text = 151
122.8593250000049	EXP	text_2: text = 165
122.8770050000021	EXP	text_2: text = 183
122.89371499999834	EXP	text_2: text = 200
122.90989999999874	EXP	text_2: text = 216
122.92659000000276	EXP	text_2: text = 232
122.94357500000478	EXP	text_2: text = 250
122.95973000000231	EXP	text_2: text = 266
122.97667999999976	EXP	text_2: text = 283
122.99319500000274	EXP	text_2: text = 299
123.00514000000112	DATA	Keydown:  
123.01471999999922	EXP	text_2: text = 319
123.01471999999922	EXP	text_2: autoDraw = false
123.01471999999922	EXP	Feedback: text = 310
123.01471999999922	EXP	Feedback: autoDraw = true
124.01060000000143	EXP	Feedback: autoDraw = false
124.01060000000143	EXP	Feedback: autoDraw = false
124.01060000000143	EXP	text_3: autoDraw = true
129.2774550000031	EXP	text_3: autoDraw = false
129.2774550000031	EXP	text_3: autoDraw = false
129.2774550000031	EXP	text_2: autoDraw = true
129.2774550000031	EXP	text_2: text = 0
129.29014499999903	EXP	text_2: text = 15
129.30853999999817	EXP	text_2: text = 31
129.3251999999993	EXP	text_2: text = 48
129.34271000000444	EXP	text_2: text = 67
129.35830500000156	EXP	text_2: text = 81
129.3752999999997	EXP	text_2: text = 98
129.3952100000024	EXP	text_2: text = 117
129.40916500000458	EXP	text_2: text = 132
129.4252850000048	EXP	text_2: text = 148
129.44107000000076	EXP	text_2: text = 164
129.45816000000195	EXP	text_2: text = 182
129.47525999999925	EXP	text_2: text = 199
129.49109500000486	EXP	text_2: text = 215
129.50843000000168	EXP	text_2: text = 232
129.525450000001	EXP	text_2: text = 250
129.54234500000166	EXP	text_2: text = 265
129.54699999999866	DATA	Keydown:  
129.56149000000005	EXP	text_2: text = 283
129.56149000000005	EXP	text_2: autoDraw = false
129.56149000000005	EXP	Feedback: text = 270
129.56149000000005	EXP	Feedback: autoDraw = true
129.8723450000034	DATA	Keydown: Control
129.8729650000023	DATA	Mouse: wheel shift=(0,100), pos=(762,767)
130.23921500000142	DATA	Mouse: wheel shift=(-270,0), pos=(762,767)
130.2566250000018	DATA	Mouse: wheel shift=(-175,0), pos=(762,767)
130.5590149999989	EXP	Feedback: autoDraw = false
130.5590149999989	EXP	Feedback: autoDraw = false
130.5590149999989	EXP	text_3: autoDraw = true
137.16961000000447	EXP	text_3: autoDraw = false
137.16961000000447	EXP	text_3: autoDraw = false
137.16961000000447	EXP	text_2: autoDraw = true
137.16961000000447	EXP	text_2: text = 0
137.1894500000053	EXP	text_2: text = 33
137.20637500000157	EXP	text_2: text = 48
137.2239750000008	EXP	text_2: text = 67
137.23935500000516	EXP	text_2: text = 82
137.25763000000006	EXP	text_2: text = 98
137.27351500000077	EXP	text_2: text = 115
137.2907200000045	EXP	text_2: text = 133
137.30647000000317	EXP	text_2: text = 148
137.32418000000325	EXP	text_2: text = 167
137.34064000000217	EXP	text_2: text = 183
137.35652000000118	EXP	text_2: text = 198
137.38937000000442	EXP	text_2: text = 232
137.4059600000037	EXP	text_2: text = 248
137.4236000000019	EXP	text_2: text = 266
137.44056500000443	EXP	text_2: text = 283
137.44624000000476	DATA	Keydown:  
137.45820000000094	EXP	text_2: text = 298
137.45820000000094	EXP	text_2: autoDraw = false
137.45820000000094	EXP	Feedback: text = 278
137.45820000000094	EXP	Feedback: autoDraw = true
138.45762000000104	EXP	Feedback: autoDraw = false
138.45762000000104	EXP	Feedback: autoDraw = false
138.45762000000104	EXP	text_3: autoDraw = true
146.90833500000008	EXP	text_3: autoDraw = false
146.90833500000008	EXP	text_3: autoDraw = false
146.90833500000008	EXP	text_2: autoDraw = true
146.90833500000008	EXP	text_2: text = 0
146.92253500000515	EXP	text_2: text = 18
146.93938000000344	EXP	text_2: text = 36
146.95489500000258	EXP	text_2: text = 50
146.9724900000001	EXP	text_2: text = 67
146.98909000000276	EXP	text_2: text = 85
147.00495000000228	EXP	text_2: text = 100
147.02128500000254	EXP	text_2: text = 117
147.03831000000355	EXP	text_2: text = 134
147.05540499999915	EXP	text_2: text = 152
147.0725850000017	EXP	text_2: text = 168
147.0882200000051	EXP	text_2: text = 184
147.12021500000264	EXP	text_2: text = 201
147.15388499999972	EXP	text_2: text = 236
147.17159000000538	EXP	text_2: text = 268
147.17728999999963	DATA	Keydown:  
147.20115500000247	EXP	text_2: text = 295
147.20115500000247	EXP	text_2: autoDraw = false
147.20115500000247	EXP	Feedback: text = 270
147.20115500000247	EXP	Feedback: autoDraw = true
148.18919499999902	EXP	Feedback: autoDraw = false
148.18919499999902	EXP	Feedback: autoDraw = false
148.18919499999902	EXP	text_3: autoDraw = true
150.3399950000021	EXP	text_3: autoDraw = false
150.3399950000021	EXP	text_3: autoDraw = false
150.3399950000021	EXP	text_2: autoDraw = true
150.3399950000021	EXP	text_2: text = 0
150.35227999999915	EXP	text_2: text = 16
150.37107000000105	EXP	text_2: text = 34
150.38674000000174	EXP	text_2: text = 49
150.40413999999873	EXP	text_2: text = 66
150.421245000005	EXP	text_2: text = 85
150.43725000000268	EXP	text_2: text = 99
150.45418500000233	EXP	text_2: text = 118
150.47037999999884	EXP	text_2: text = 132
150.48810999999841	EXP	text_2: text = 150
150.50428000000102	EXP	text_2: text = 167
150.52088999999978	EXP	text_2: text = 184
150.5379099999991	EXP	text_2: text = 200
150.55508499999996	EXP	text_2: text = 218
150.5703450000001	EXP	text_2: text = 232
150.58784000000014	EXP	text_2: text = 249
150.60440499999822	EXP	text_2: text = 267
150.62089500000002	EXP	text_2: text = 282
150.6380649999992	EXP	text_2: text = 299
150.6538950000031	EXP	text_2: text = 315
150.67053000000305	EXP	text_2: text = 332
150.68860000000132	EXP	text_2: text = 350
150.70445499999914	EXP	text_2: text = 367
150.72091000000364	EXP	text_2: text = 382
150.73880500000087	EXP	text_2: text = 402
150.74433000000136	DATA	Keydown:  
150.75688000000082	EXP	text_2: text = 416
150.75688000000082	EXP	text_2: autoDraw = false
150.75688000000082	EXP	Feedback: text = 405
150.75688000000082	EXP	Feedback: autoDraw = true
151.75517499999842	EXP	Feedback: autoDraw = false
151.75517499999842	EXP	Feedback: autoDraw = false
151.75517499999842	EXP	text_3: autoDraw = true
152.26608000000124	DATA	Mouse: 0 button down, pos=(846.6667070388794,852.222330676188)
154.4898200000025	EXP	text_3: autoDraw = false
154.4898200000025	EXP	text_3: autoDraw = false
154.4898200000025	EXP	text_2: autoDraw = true
154.4898200000025	EXP	text_2: text = 0
154.50366500000382	EXP	text_2: text = 15
154.52013499999885	EXP	text_2: text = 31
154.53562000000238	EXP	text_2: text = 47
154.55376999999862	EXP	text_2: text = 67
154.57033500000398	EXP	text_2: text = 83
154.58682000000408	EXP	text_2: text = 98
154.60334000000148	EXP	text_2: text = 116
154.61945500000002	EXP	text_2: text = 131
154.6368050000019	EXP	text_2: text = 148
154.65358500000002	EXP	text_2: text = 166
154.66941999999835	EXP	text_2: text = 181
154.68654500000412	EXP	text_2: text = 198
154.70352500000445	EXP	text_2: text = 216
154.71953500000382	EXP	text_2: text = 231
154.7369650000037	EXP	text_2: text = 250
154.7534650000016	EXP	text_2: text = 266
154.76978500000405	EXP	text_2: text = 281
154.78746500000125	EXP	text_2: text = 298
154.79213000000163	DATA	Keydown:  
154.80564500000037	EXP	text_2: text = 315
154.80564500000037	EXP	text_2: autoDraw = false
154.80564500000037	EXP	Feedback: text = 303
154.80564500000037	EXP	Feedback: autoDraw = true
154.89156500000536	DATA	Mouse: 0 button down, pos=(846.6667070388794,852.222330676188)
155.80511000000115	EXP	Feedback: autoDraw = false
155.80511000000115	EXP	Feedback: autoDraw = false
155.80511000000115	EXP	text_3: autoDraw = true
165.02036000000226	EXP	text_3: autoDraw = false
165.02036000000226	EXP	text_3: autoDraw = false
165.02036000000226	EXP	text_2: autoDraw = true
165.02036000000226	EXP	text_2: text = 0
165.03425000000425	EXP	text_2: text = 17
165.05042500000127	EXP	text_2: text = 33
165.06758000000264	EXP	text_2: text = 51
165.08459500000026	EXP	text_2: text = 68
165.10020500000246	EXP	text_2: text = 83
165.11785000000236	EXP	text_2: text = 101
165.13459000000148	EXP	text_2: text = 118
165.15149000000383	EXP	text_2: text = 133
165.16795999999886	EXP	text_2: text = 151
165.18473000000085	EXP	text_2: text = 168
165.20094500000414	EXP	text_2: text = 184
165.21852000000217	EXP	text_2: text = 201
165.23455500000273	EXP	text_2: text = 216
165.2511250000025	EXP	text_2: text = 234
165.26830999999947	EXP	text_2: text = 252
165.31318499999907	EXP	text_2: text = 274
165.32112000000052	DATA	Keydown:  
165.34565500000463	EXP	text_2: text = 319
165.34565500000463	EXP	text_2: autoDraw = false
165.34565500000463	EXP	Feedback: text = 301
165.34565500000463	EXP	Feedback: autoDraw = true
166.3359350000028	EXP	Feedback: autoDraw = false
166.3359350000028	EXP	Feedback: autoDraw = false
166.3359350000028	EXP	text_3: autoDraw = true
171.8523600000044	EXP	text_3: autoDraw = false
171.8523600000044	EXP	text_3: autoDraw = false
171.8523600000044	EXP	text_2: autoDraw = true
171.8523600000044	EXP	text_2: text = 0
171.86641000000236	EXP	text_2: text = 18
171.8819350000049	EXP	text_2: text = 32
171.89966500000446	EXP	text_2: text = 50
171.91632499999832	EXP	text_2: text = 67
171.93235000000277	EXP	text_2: text = 82
171.94955499999924	EXP	text_2: text = 100
171.96592500000406	EXP	text_2: text = 116
171.98281000000134	EXP	text_2: text = 133
171.99964000000182	EXP	text_2: text = 149
172.0159649999987	EXP	text_2: text = 166
172.0329800000036	EXP	text_2: text = 183
172.0497000000032	EXP	text_2: text = 201
172.06608000000415	EXP	text_2: text = 215
172.083630000001	EXP	text_2: text = 233
172.09954500000458	EXP	text_2: text = 250
172.11642500000016	EXP	text_2: text = 266
172.13303499999893	EXP	text_2: text = 282
172.13877499999944	DATA	Keydown:  
172.15516000000207	EXP	text_2: text = 303
172.15516000000207	EXP	text_2: autoDraw = false
172.15516000000207	EXP	Feedback: text = 287
172.15516000000207	EXP	Feedback: autoDraw = true
173.1498900000006	EXP	Feedback: autoDraw = false
173.1498900000006	EXP	Feedback: autoDraw = false
173.1498900000006	EXP	text_3: autoDraw = true
177.5335550000018	EXP	text_3: autoDraw = false
177.5335550000018	EXP	text_3: autoDraw = false
177.5335550000018	EXP	text_2: autoDraw = true
177.5335550000018	EXP	text_2: text = 0
177.5483400000012	EXP	text_2: text = 18
177.5639599999995	EXP	text_2: text = 33
177.58139500000107	EXP	text_2: text = 50
177.59823500000493	EXP	text_2: text = 68
177.6142250000048	EXP	text_2: text = 83
177.63205500000186	EXP	text_2: text = 100
177.6480950000041	EXP	text_2: text = 117
177.6657950000008	EXP	text_2: text = 135
177.6811349999989	EXP	text_2: text = 150
177.6984450000018	EXP	text_2: text = 167
177.7152950000018	EXP	text_2: text = 185
177.73167000000103	EXP	text_2: text = 200
177.74842000000353	EXP	text_2: text = 217
177.76557999999932	EXP	text_2: text = 235
177.7815499999997	EXP	text_2: text = 250
177.79848499999935	EXP	text_2: text = 267
177.81669500000135	EXP	text_2: text = 283
177.82142000000022	DATA	Keydown:  
177.83861500000057	EXP	text_2: text = 305
177.83861500000057	EXP	text_2: autoDraw = false
177.83861500000057	EXP	Feedback: text = 288
177.83861500000057	EXP	Feedback: autoDraw = true
178.83240500000102	EXP	Feedback: autoDraw = false
178.83240500000102	EXP	Feedback: autoDraw = false
178.83240500000102	EXP	text_3: autoDraw = true
187.3824950000053	EXP	text_3: autoDraw = false
187.3824950000053	EXP	text_3: autoDraw = false
187.3824950000053	EXP	text_2: autoDraw = true
187.3824950000053	EXP	text_2: text = 0
187.39656000000105	EXP	text_2: text = 17
187.4120250000051	EXP	text_2: text = 32
187.4299450000035	EXP	text_2: text = 50
187.44541000000027	EXP	text_2: text = 65
187.4625950000045	EXP	text_2: text = 82
187.47957500000484	EXP	text_2: text = 100
187.49558000000252	EXP	text_2: text = 115
187.51260000000184	EXP	text_2: text = 132
187.52976499999932	EXP	text_2: text = 150
187.54615500000364	EXP	text_2: text = 166
187.56291000000056	EXP	text_2: text = 182
187.57994500000495	EXP	text_2: text = 201
187.59558000000106	EXP	text_2: text = 215
187.61336999999912	EXP	text_2: text = 234
187.62892999999895	EXP	text_2: text = 248
187.64646500000526	EXP	text_2: text = 267
187.66312499999913	EXP	text_2: text = 283
187.67989500000112	EXP	text_2: text = 299
187.69582000000082	EXP	text_2: text = 315
187.71328000000358	EXP	text_2: text = 333
187.7293950000021	EXP	text_2: text = 349
187.7468000000008	EXP	text_2: text = 366
187.76339000000007	EXP	text_2: text = 383
187.76826000000437	DATA	Keydown:  
187.78221499999927	EXP	text_2: text = 398
187.78221499999927	EXP	text_2: autoDraw = false
187.78221499999927	EXP	Feedback: text = 386
187.78221499999927	EXP	Feedback: autoDraw = true
188.25186499999836	DATA	Keydown: Control
188.2528600000005	DATA	Mouse: wheel shift=(0,-100), pos=(846.6667070388794,852.222330676188)
188.41340499999933	DATA	Mouse: wheel shift=(-47.499996185302734,0), pos=(846.6667070388794,852.222330676188)
188.49152000000322	DATA	Mouse: wheel shift=(-15,0), pos=(846.6667070388794,852.222330676188)
188.78029999999853	EXP	Feedback: autoDraw = false
188.78029999999853	EXP	Feedback: autoDraw = false
188.78029999999853	EXP	text_3: autoDraw = true
197.6959199999983	EXP	text_3: autoDraw = false
197.6959199999983	EXP	text_3: autoDraw = false
197.6959199999983	EXP	text_2: autoDraw = true
197.6959199999983	EXP	text_2: text = 0
197.70944500000041	EXP	text_2: text = 15
197.7271099999998	EXP	text_2: text = 34
197.7436149999994	EXP	text_2: text = 49
197.76056000000244	EXP	text_2: text = 65
197.7763449999984	EXP	text_2: text = 81
197.79355500000383	EXP	text_2: text = 98
197.81053999999858	EXP	text_2: text = 116
197.82652500000404	EXP	text_2: text = 131
197.8437300000005	EXP	text_2: text = 149
197.86103500000172	EXP	text_2: text = 166
197.87617500000488	EXP	text_2: text = 181
197.89385000000038	EXP	text_2: text = 199
197.91038000000117	EXP	text_2: text = 216
197.92723000000115	EXP	text_2: text = 231
197.9438399999999	EXP	text_2: text = 249
197.9594750000033	EXP	text_2: text = 264
197.97777000000497	EXP	text_2: text = 283
197.982895000001	DATA	Keydown:  
197.996785000003	EXP	text_2: text = 300
197.996785000003	EXP	text_2: autoDraw = false
197.996785000003	EXP	Feedback: text = 287
197.996785000003	EXP	Feedback: autoDraw = true
198.9944800000012	EXP	Feedback: autoDraw = false
198.9944800000012	EXP	Feedback: autoDraw = false
198.9944800000012	EXP	text_3: autoDraw = true
204.2786150000029	EXP	text_3: autoDraw = false
204.2786150000029	EXP	text_3: autoDraw = false
204.2786150000029	EXP	text_2: autoDraw = true
204.2786150000029	EXP	text_2: text = 0
204.31573500000377	EXP	text_2: text = 41
204.34180000000197	EXP	text_2: text = 67
204.35813500000222	EXP	text_2: text = 82
204.37482499999896	EXP	text_2: text = 100
204.39111000000412	EXP	text_2: text = 115
204.40875999999844	EXP	text_2: text = 133
204.42512500000157	EXP	text_2: text = 150
204.44138499999826	EXP	text_2: text = 166
204.45877499999915	EXP	text_2: text = 183
204.47527000000264	EXP	text_2: text = 200
204.49124999999913	EXP	text_2: text = 216
204.50875000000087	EXP	text_2: text = 233
204.52523500000098	EXP	text_2: text = 250
204.54177000000345	EXP	text_2: text = 266
204.55818	EXP	text_2: text = 283
204.5677050000013	DATA	Keydown:  
204.57882500000414	EXP	text_2: text = 300
204.57882500000414	EXP	text_2: autoDraw = false
204.57882500000414	EXP	Feedback: text = 290
204.57882500000414	EXP	Feedback: autoDraw = true
205.57679500000086	EXP	Feedback: autoDraw = false
205.57679500000086	EXP	Feedback: autoDraw = false
205.57679500000086	EXP	text_3: autoDraw = true
207.74355500000092	EXP	text_3: autoDraw = false
207.74355500000092	EXP	text_3: autoDraw = false
207.74355500000092	EXP	text_2: autoDraw = true
207.74355500000092	EXP	text_2: text = 0
207.75850999999966	EXP	text_2: text = 15
207.77464999999938	EXP	text_2: text = 32
207.79110500000388	EXP	text_2: text = 48
207.80860000000393	EXP	text_2: text = 67
207.82418500000495	EXP	text_2: text = 82
207.84180000000197	EXP	text_2: text = 100
207.85747000000265	EXP	text_2: text = 114
207.87501500000508	EXP	text_2: text = 132
207.89142500000162	EXP	text_2: text = 149
207.9079899999997	EXP	text_2: text = 165
207.92492499999935	EXP	text_2: text = 182
207.94170999999915	EXP	text_2: text = 201
207.95769999999902	EXP	text_2: text = 215
207.97486000000208	EXP	text_2: text = 232
207.99178499999834	EXP	text_2: text = 250
208.00802000000112	EXP	text_2: text = 265
208.0251350000035	EXP	text_2: text = 283
208.04185000000143	EXP	text_2: text = 300
208.05857000000105	EXP	text_2: text = 316
208.06708000000071	DATA	Keydown:  
208.10145000000193	EXP	text_2: text = 334
208.10145000000193	EXP	text_2: autoDraw = false
208.10145000000193	EXP	Feedback: text = 324
208.10145000000193	EXP	Feedback: autoDraw = true
209.0743100000036	EXP	Feedback: autoDraw = false
209.0743100000036	EXP	Feedback: autoDraw = false
209.0743100000036	EXP	text_3: autoDraw = true
215.57562999999936	EXP	text_3: autoDraw = false
215.57562999999936	EXP	text_3: autoDraw = false
215.57562999999936	EXP	text_2: autoDraw = true
215.57562999999936	EXP	text_2: text = 0
215.5900049999982	EXP	text_2: text = 19
215.6064200000037	EXP	text_2: text = 35
215.62329500000487	EXP	text_2: text = 50
215.63960500000394	EXP	text_2: text = 68
215.65602500000386	EXP	text_2: text = 83
215.67261000000144	EXP	text_2: text = 101
215.69049000000086	EXP	text_2: text = 118
215.7059500000032	EXP	text_2: text = 134
215.7234099999987	EXP	text_2: text = 150
215.74017000000458	EXP	text_2: text = 168
215.7560100000046	EXP	text_2: text = 183
215.7734300000011	EXP	text_2: text = 201
215.78982000000542	EXP	text_2: text = 218
215.80688500000542	EXP	text_2: text = 234
215.82326499999908	EXP	text_2: text = 250
215.8399649999992	EXP	text_2: text = 266
215.84589499999856	DATA	Keydown:  
215.85924000000523	EXP	text_2: text = 283
215.85924000000523	EXP	text_2: autoDraw = false
215.85924000000523	EXP	Feedback: text = 271
215.85924000000523	EXP	Feedback: autoDraw = true
216.85892500000045	EXP	Feedback: autoDraw = false
216.85892500000045	EXP	Feedback: autoDraw = false
216.85892500000045	EXP	text_3: autoDraw = true
220.89130000000296	EXP	text_3: autoDraw = false
220.89130000000296	EXP	text_3: autoDraw = false
220.89130000000296	EXP	text_2: autoDraw = true
220.89130000000296	EXP	text_2: text = 0
220.90548000000126	EXP	text_2: text = 16
220.92146000000503	EXP	text_2: text = 31
220.9386250000025	EXP	text_2: text = 48
220.95560500000283	EXP	text_2: text = 67
220.9719000000041	EXP	text_2: text = 81
220.98883000000205	EXP	text_2: text = 99
221.00508000000264	EXP	text_2: text = 115
221.02215499999875	EXP	text_2: text = 132
221.03899000000092	EXP	text_2: text = 149
221.05589500000497	EXP	text_2: text = 166
221.07111499999883	EXP	text_2: text = 181
221.0890900000013	EXP	text_2: text = 198
221.10513000000356	EXP	text_2: text = 215
221.12220499999967	EXP	text_2: text = 233
221.13956500000495	EXP	text_2: text = 249
221.1553350000031	EXP	text_2: text = 264
221.15998499999841	DATA	Keydown:  
221.17496499999834	EXP	text_2: text = 283
221.17496499999834	EXP	text_2: autoDraw = false
221.17496499999834	EXP	Feedback: text = 269
221.17496499999834	EXP	Feedback: autoDraw = true
222.17229000000225	EXP	Feedback: autoDraw = false
222.17229000000225	EXP	Feedback: autoDraw = false
222.17229000000225	EXP	text_3: autoDraw = true
224.40726500000164	EXP	text_3: autoDraw = false
224.40726500000164	EXP	text_3: autoDraw = false
224.40726500000164	EXP	text_2: autoDraw = true
224.40726500000164	EXP	text_2: text = 0
224.42134500000247	EXP	text_2: text = 14
224.42753500000254	DATA	Mouse: 0 button down, pos=(736,761)
224.4377800000002	EXP	text_2: text = 31
224.45439500000066	EXP	text_2: text = 49
224.4710550000018	EXP	text_2: text = 65
224.48806000000332	EXP	text_2: text = 81
224.505465000002	EXP	text_2: text = 100
224.5216500000024	EXP	text_2: text = 115
224.53826500000287	EXP	text_2: text = 133
224.55446500000107	EXP	text_2: text = 148
224.57138000000123	EXP	text_2: text = 165
224.58831500000088	EXP	text_2: text = 183
224.60464000000502	EXP	text_2: text = 198
224.6212599999999	EXP	text_2: text = 215
224.63785500000085	EXP	text_2: text = 233
224.65492000000086	EXP	text_2: text = 248
224.67251499999838	EXP	text_2: text = 267
224.6885850000035	EXP	text_2: text = 284
224.6967300000033	DATA	Keydown:  
224.70780000000377	EXP	text_2: text = 301
224.70780000000377	EXP	text_2: autoDraw = false
224.70780000000377	EXP	Feedback: text = 290
224.70780000000377	EXP	Feedback: autoDraw = true
224.76031000000512	DATA	Mouse: 0 button down, pos=(736,761)
225.70491500000207	EXP	Feedback: autoDraw = false
225.70491500000207	EXP	Feedback: autoDraw = false
225.70491500000207	EXP	text_3: autoDraw = true
228.88852000000043	DATA	Keydown:  
231.37217000000237	EXP	text_3: autoDraw = false
231.37217000000237	EXP	text_3: autoDraw = false
231.37217000000237	EXP	text_2: autoDraw = true
231.37217000000237	EXP	text_2: text = 0
231.38664499999868	EXP	text_2: text = 17
231.40230000000156	EXP	text_2: text = 31
231.41935000000376	EXP	text_2: text = 48
231.4368450000038	EXP	text_2: text = 67
231.45288000000437	EXP	text_2: text = 81
231.47110000000248	EXP	text_2: text = 101
231.48705999999947	EXP	text_2: text = 117
231.50459499999852	EXP	text_2: text = 134
231.52008999999816	EXP	text_2: text = 150
231.53632500000094	EXP	text_2: text = 165
231.55310000000463	EXP	text_2: text = 182
231.57012499999837	EXP	text_2: text = 199
231.586175000004	EXP	text_2: text = 215
231.60341999999946	EXP	text_2: text = 234
231.62043500000436	EXP	text_2: text = 249
231.63708500000212	EXP	text_2: text = 265
231.64250500000344	DATA	Keydown:  
231.69017000000167	EXP	text_2: text = 284
231.69017000000167	EXP	text_2: autoDraw = false
231.69017000000167	EXP	Feedback: text = 271
231.69017000000167	EXP	Feedback: autoDraw = true
232.65688000000227	EXP	Feedback: autoDraw = false
232.65688000000227	EXP	Feedback: autoDraw = false
232.65688000000227	EXP	text_3: autoDraw = true
237.98974499999895	DATA	Keydown:  
242.48593999999866	EXP	text_3: autoDraw = false
242.48593999999866	EXP	text_3: autoDraw = false
242.48593999999866	EXP	text_2: autoDraw = true
242.48593999999866	EXP	text_2: text = 0
242.5005600000004	EXP	text_2: text = 16
242.5173300000024	EXP	text_2: text = 33
242.5340750000032	EXP	text_2: text = 50
242.55011000000377	EXP	text_2: text = 64
242.56721500000276	EXP	text_2: text = 81
242.58470500000112	EXP	text_2: text = 99
242.5998550000004	EXP	text_2: text = 114
242.61753000000317	EXP	text_2: text = 131
242.63445499999943	EXP	text_2: text = 150
242.6504849999983	EXP	text_2: text = 164
242.6677800000034	EXP	text_2: text = 182
242.68444499999896	EXP	text_2: text = 200
242.70064999999886	EXP	text_2: text = 214
242.71749999999884	EXP	text_2: text = 233
242.73394499999995	EXP	text_2: text = 248
242.75096499999927	EXP	text_2: text = 265
242.76456500000495	DATA	Keydown:  
242.77350000000297	EXP	text_2: text = 286
242.77350000000297	EXP	text_2: autoDraw = false
242.77350000000297	EXP	Feedback: text = 279
242.77350000000297	EXP	Feedback: autoDraw = true
243.76804000000266	EXP	Feedback: autoDraw = false
243.76804000000266	EXP	Feedback: autoDraw = false
243.76804000000266	EXP	text_3: autoDraw = true
249.15484000000288	EXP	text_3: autoDraw = false
249.15484000000288	EXP	text_3: autoDraw = false
249.15484000000288	EXP	text_2: autoDraw = true
249.15484000000288	EXP	text_2: text = 0
249.1666550000009	EXP	text_2: text = 17
249.18248999999923	EXP	text_2: text = 31
249.1990650000007	EXP	text_2: text = 48
249.21570500000234	EXP	text_2: text = 65
249.23288999999932	EXP	text_2: text = 83
249.24923000000126	EXP	text_2: text = 98
249.26578500000323	EXP	text_2: text = 114
249.28249000000505	EXP	text_2: text = 132
249.2985600000029	EXP	text_2: text = 147
249.31648000000132	EXP	text_2: text = 166
249.33307500000228	EXP	text_2: text = 183
249.34911999999895	EXP	text_2: text = 198
249.36615000000165	EXP	text_2: text = 215
249.38200000000506	EXP	text_2: text = 231
249.39941499999986	EXP	text_2: text = 248
249.4160950000005	EXP	text_2: text = 265
249.43299000000115	EXP	text_2: text = 282
249.4490450000012	EXP	text_2: text = 298
249.46620999999868	EXP	text_2: text = 316
249.48283000000083	EXP	text_2: text = 331
249.53259500000422	DATA	Keydown:  
249.54936000000453	EXP	text_2: text = 395
249.54936000000453	EXP	text_2: autoDraw = false
249.54936000000453	EXP	Feedback: text = 381
249.54936000000453	EXP	Feedback: autoDraw = true
250.54996000000392	EXP	Feedback: autoDraw = false
250.54996000000392	EXP	Feedback: autoDraw = false
250.54996000000392	EXP	text_3: autoDraw = true
259.98188500000106	EXP	text_3: autoDraw = false
259.98188500000106	EXP	text_3: autoDraw = false
259.98188500000106	EXP	text_2: autoDraw = true
259.98188500000106	EXP	text_2: text = 0
259.9955950000003	EXP	text_2: text = 16
260.01231499999994	EXP	text_2: text = 32
260.02961000000505	EXP	text_2: text = 50
260.04551000000356	EXP	text_2: text = 66
260.06264999999985	EXP	text_2: text = 83
260.0795150000049	EXP	text_2: text = 100
260.09874500000296	EXP	text_2: text = 116
260.11177999999927	EXP	text_2: text = 132
260.1296450000009	EXP	text_2: text = 149
260.14707500000077	EXP	text_2: text = 166
260.16393000000244	EXP	text_2: text = 183
260.17981000000145	EXP	text_2: text = 199
260.19692500000383	EXP	text_2: text = 216
260.2137450000009	EXP	text_2: text = 233
260.23196499999904	EXP	text_2: text = 251
260.2479099999982	EXP	text_2: text = 266
260.26453500000207	EXP	text_2: text = 283
260.27736500000174	DATA	Keydown:  
260.2860900000014	EXP	text_2: text = 304
260.2860900000014	EXP	text_2: autoDraw = false
260.2860900000014	EXP	Feedback: text = 296
260.2860900000014	EXP	Feedback: autoDraw = true
261.2811500000025	EXP	Feedback: autoDraw = false
261.2811500000025	EXP	Feedback: autoDraw = false
261.2811500000025	EXP	text_3: autoDraw = true
268.0673800000004	EXP	text_3: autoDraw = false
268.0673800000004	EXP	text_3: autoDraw = false
268.0673800000004	EXP	text_2: autoDraw = true
268.0673800000004	EXP	text_2: text = 0
268.07942500000354	EXP	text_2: text = 17
268.09446000000025	EXP	text_2: text = 31
268.11150500000076	EXP	text_2: text = 48
268.1290850000005	EXP	text_2: text = 67
268.1444300000003	EXP	text_2: text = 81
268.1617450000049	EXP	text_2: text = 98
268.1787450000047	EXP	text_2: text = 116
268.195335000004	EXP	text_2: text = 132
268.2121550000011	EXP	text_2: text = 149
268.22812500000146	EXP	text_2: text = 164
268.24523500000214	EXP	text_2: text = 182
268.2620500000048	EXP	text_2: text = 199
268.2782750000042	EXP	text_2: text = 214
268.2950800000035	EXP	text_2: text = 231
268.31180000000313	EXP	text_2: text = 249
268.3280999999988	EXP	text_2: text = 264
268.3452050000051	EXP	text_2: text = 281
268.35832500000106	DATA	Keydown:  
268.36676000000443	EXP	text_2: text = 301
268.36676000000443	EXP	text_2: autoDraw = false
268.36676000000443	EXP	Feedback: text = 294
268.36676000000443	EXP	Feedback: autoDraw = true
269.36211500000354	EXP	Feedback: autoDraw = false
269.36211500000354	EXP	Feedback: autoDraw = false
269.36211500000354	EXP	text_3: autoDraw = true
278.6116949999996	EXP	text_3: autoDraw = false
278.6116949999996	EXP	text_3: autoDraw = false
278.6116949999996	EXP	text_2: autoDraw = true
278.6116949999996	EXP	text_2: text = 0
278.62397500000225	EXP	text_2: text = 16
278.6429900000003	EXP	text_2: text = 34
278.65931999999884	EXP	text_2: text = 49
278.6758550000013	EXP	text_2: text = 67
278.6929799999998	EXP	text_2: text = 84
278.70904000000155	EXP	text_2: text = 99
278.7268100000001	EXP	text_2: text = 118
278.7424000000028	EXP	text_2: text = 132
278.7598599999983	EXP	text_2: text = 151
278.7777150000038	EXP	text_2: text = 168
278.79349999999977	EXP	text_2: text = 183
278.8096650000007	EXP	text_2: text = 200
278.82653500000015	EXP	text_2: text = 217
278.8424950000044	EXP	text_2: text = 232
278.86037999999826	EXP	text_2: text = 251
278.87707500000397	EXP	text_2: text = 268
278.892915000004	EXP	text_2: text = 283
278.9097150000016	EXP	text_2: text = 301
278.92578499999945	EXP	text_2: text = 316
278.9438200000004	EXP	text_2: text = 333
278.9487350000054	DATA	Keydown:  
278.9632350000029	EXP	text_2: text = 351
278.9632350000029	EXP	text_2: autoDraw = false
278.9632350000029	EXP	Feedback: text = 337
278.9632350000029	EXP	Feedback: autoDraw = true
279.9603400000051	EXP	Feedback: autoDraw = false
279.9603400000051	EXP	Feedback: autoDraw = false
279.9603400000051	EXP	text_3: autoDraw = true
288.6125400000019	EXP	text_3: autoDraw = false
288.6125400000019	EXP	text_3: autoDraw = false
288.6125400000019	EXP	text_2: autoDraw = true
288.6125400000019	EXP	text_2: text = 0
288.6252800000002	EXP	text_2: text = 19
288.64100999999937	EXP	text_2: text = 33
288.65729000000283	EXP	text_2: text = 50
288.67408499999874	EXP	text_2: text = 67
288.69078499999887	EXP	text_2: text = 84
288.7066500000001	EXP	text_2: text = 99
288.7241800000047	EXP	text_2: text = 117
288.74113999999827	EXP	text_2: text = 135
288.7578399999984	EXP	text_2: text = 149
288.7743100000007	EXP	text_2: text = 167
288.7907699999996	EXP	text_2: text = 183
288.8072200000024	EXP	text_2: text = 199
288.82445500000176	EXP	text_2: text = 218
288.84012000000075	EXP	text_2: text = 232
288.85756499999843	EXP	text_2: text = 250
288.87462999999843	EXP	text_2: text = 266
288.8905700000032	EXP	text_2: text = 282
288.9076649999988	EXP	text_2: text = 300
288.9143699999986	DATA	Keydown:  
288.9271450000015	EXP	text_2: text = 317
288.9271450000015	EXP	text_2: autoDraw = false
288.9271450000015	EXP	Feedback: text = 302
288.9271450000015	EXP	Feedback: autoDraw = true
289.9252550000019	EXP	Feedback: autoDraw = false
289.9252550000019	EXP	Feedback: autoDraw = false
289.9252550000019	EXP	text_3: autoDraw = true
294.6087699999989	EXP	text_3: autoDraw = false
294.6087699999989	EXP	text_3: autoDraw = false
294.6087699999989	EXP	text_2: autoDraw = true
294.6087699999989	EXP	text_2: text = 0
294.6218200000003	EXP	text_2: text = 14
294.6394849999997	EXP	text_2: text = 31
294.6564849999995	EXP	text_2: text = 50
294.67206499999884	EXP	text_2: text = 64
294.6895050000021	EXP	text_2: text = 81
294.70753500000137	EXP	text_2: text = 100
294.7228250000044	EXP	text_2: text = 115
294.7392699999982	EXP	text_2: text = 131
294.75617500000226	EXP	text_2: text = 148
294.7730550000051	EXP	text_2: text = 166
294.7890299999999	EXP	text_2: text = 181
294.80630499999825	EXP	text_2: text = 198
294.82302000000345	EXP	text_2: text = 216
294.8391049999991	EXP	text_2: text = 231
294.85636499999964	EXP	text_2: text = 250
294.87229500000103	EXP	text_2: text = 264
294.8896999999997	EXP	text_2: text = 282
294.90635499999917	EXP	text_2: text = 300
294.924675000002	EXP	text_2: text = 318
294.9294450000016	DATA	Keydown:  
294.94309000000067	EXP	text_2: text = 333
294.94309000000067	EXP	text_2: autoDraw = false
294.94309000000067	EXP	Feedback: text = 321
294.94309000000067	EXP	Feedback: autoDraw = true
295.9403700000039	EXP	Feedback: autoDraw = false
295.9403700000039	EXP	Feedback: autoDraw = false
295.9403700000039	EXP	text_3: autoDraw = true
303.7652600000001	EXP	text_3: autoDraw = false
303.7652600000001	EXP	text_3: autoDraw = false
303.7652600000001	EXP	text_2: autoDraw = true
303.7652600000001	EXP	text_2: text = 0
303.78749999999854	EXP	text_2: text = 26
303.80391000000236	EXP	text_2: text = 43
303.8203399999984	EXP	text_2: text = 58
303.838029999999	EXP	text_2: text = 77
303.85307000000466	EXP	text_2: text = 91
303.87068	EXP	text_2: text = 110
303.8877550000034	EXP	text_2: text = 126
303.90318500000285	EXP	text_2: text = 141
303.9200850000052	EXP	text_2: text = 159
303.93644499999937	EXP	text_2: text = 175
303.95415000000503	EXP	text_2: text = 193
303.9702400000024	EXP	text_2: text = 209
303.9872350000005	EXP	text_2: text = 226
304.0038050000003	EXP	text_2: text = 243
304.02004000000306	EXP	text_2: text = 259
304.0368000000017	EXP	text_2: text = 276
304.049245000002	DATA	Keydown:  
304.0581500000044	EXP	text_2: text = 295
304.0581500000044	EXP	text_2: autoDraw = false
304.0581500000044	EXP	Feedback: text = 284
304.0581500000044	EXP	Feedback: autoDraw = true
305.0553050000017	EXP	Feedback: autoDraw = false
305.0553050000017	EXP	Feedback: autoDraw = false
305.0553050000017	EXP	text_3: autoDraw = true
309.2046100000007	EXP	text_3: autoDraw = false
309.2046100000007	EXP	text_3: autoDraw = false
309.2046100000007	EXP	text_2: autoDraw = true
309.2046100000007	EXP	text_2: text = 0
309.21880500000407	EXP	text_2: text = 17
309.2350200000001	EXP	text_2: text = 33
309.2519900000043	EXP	text_2: text = 49
309.2693450000006	EXP	text_2: text = 67
309.2849449999994	EXP	text_2: text = 82
309.3023900000044	EXP	text_2: text = 100
309.3191050000023	EXP	text_2: text = 117
309.3356300000014	EXP	text_2: text = 133
309.35225999999966	EXP	text_2: text = 150
309.369494999999	EXP	text_2: text = 167
309.3862550000049	EXP	text_2: text = 183
309.40261000000464	EXP	text_2: text = 200
309.418365000005	EXP	text_2: text = 216
309.43585500000336	EXP	text_2: text = 233
309.45262500000536	EXP	text_2: text = 250
309.4684850000049	EXP	text_2: text = 266
309.48568499999965	EXP	text_2: text = 283
309.50354000000516	EXP	text_2: text = 300
309.50912999999855	DATA	Keydown:  
309.5214200000046	EXP	text_2: text = 316
309.5214200000046	EXP	text_2: autoDraw = false
309.5214200000046	EXP	Feedback: text = 305
309.5214200000046	EXP	Feedback: autoDraw = true
310.5205950000018	EXP	Feedback: autoDraw = false
310.5205950000018	EXP	Feedback: autoDraw = false
310.5205950000018	EXP	text_3: autoDraw = true
313.67143000000215	EXP	text_3: autoDraw = false
313.67143000000215	EXP	text_3: autoDraw = false
313.67143000000215	EXP	text_2: autoDraw = true
313.67143000000215	EXP	text_2: text = 0
313.6857100000052	EXP	text_2: text = 17
313.70242500000313	EXP	text_2: text = 32
313.7181750000018	EXP	text_2: text = 48
313.7360600000029	EXP	text_2: text = 67
313.7523550000042	EXP	text_2: text = 82
313.7688249999992	EXP	text_2: text = 100
313.7858449999985	EXP	text_2: text = 116
313.8022800000035	EXP	text_2: text = 131
313.81873500000074	EXP	text_2: text = 149
313.83581000000413	EXP	text_2: text = 166
313.85168500000145	EXP	text_2: text = 181
313.86900500000047	EXP	text_2: text = 198
313.8856850000011	EXP	text_2: text = 217
313.904730000002	EXP	text_2: text = 235
313.9207200000019	EXP	text_2: text = 252
313.93768000000273	EXP	text_2: text = 268
313.9678100000019	EXP	text_2: text = 284
313.9912600000025	EXP	text_2: text = 315
314.00042000000394	DATA	Keydown:  
314.0303800000038	EXP	text_2: text = 358
314.0303800000038	EXP	text_2: autoDraw = false
314.0303800000038	EXP	Feedback: text = 329
314.0303800000038	EXP	Feedback: autoDraw = true
315.05159000000276	EXP	Feedback: autoDraw = false
315.05159000000276	EXP	Feedback: autoDraw = false
315.05159000000276	EXP	End_text: autoDraw = true
329.5011500000037	DATA	Keydown:  
333.55935500000487	DATA	Mouse: 0 button down, pos=(637,767)
333.63298000000214	DATA	Keydown:  
333.7688200000048	DATA	Mouse: 0 button down, pos=(637,767)
334.6259449999998	DATA	Mouse: 0 button down, pos=(615,363)
334.73571500000253	DATA	Mouse: 0 button down, pos=(615,363)
