0.035255000009783544	EXP	Created Window = Window( name=Window, fullscr=true, color=#000000, units=height, waitBlanking=true, autoLog=true, size=[1680,907] )
2.5646950000082143	DATA	Keydown: j
2.672325000006822	DATA	Keydown: t
3.793919999996433	DATA	Keydown: undefined
3.797915000002831	DATA	Keydown: Tab
4.372264999998151	DATA	Keydown: ArrowDown
4.814375000001746	DATA	Keydown: ArrowDown
5.231490000005579	DATA	Keydown: Tab
6.640735000008135	EXP	Created text = TextStim( name=text, win=Window( name=Window, fullscr=true, color=#000000, ~), autoDraw=null, autoLog=true, units=height, ori=null, opacity=1, pos=[0,0], size=undefined, text=INSTRUCTIONS [EN]


A counter will appear and star~, font=Arial, color=#FFFFFF, contrast=1, height=0.03, bold=null, italic=null, alignHoriz=left, alignVert=center, wrapWidth=1, flipHoriz=null, flipVert=null )
6.641889999998966	EXP	Created text_3 = TextStim( name=text_3, win=Window( name=Window, fullscr=true, color=#000000, ~), autoDraw=null, autoLog=true, units=height, ori=null, opacity=1, pos=[0,0], size=undefined, text=null, font=Arial, color=#FFFFFF, contrast=1, height=0.1, bold=null, italic=null, alignHoriz=left, alignVert=center, wrapWidth=1, flipHoriz=null, flipVert=null )
6.642715000009048	EXP	Created text_2 = TextStim( name=text_2, win=Window( name=Window, fullscr=true, color=#000000, ~), autoDraw=null, autoLog=true, units=height, ori=null, opacity=1, pos=[0,0], size=undefined, text=default text, font=Arial, color=#ff0000, contrast=1, height=0.15, bold=null, italic=null, alignHoriz=left, alignVert=center, wrapWidth=1, flipHoriz=null, flipVert=null )
6.643425000002026	EXP	Created Feedback = TextStim( name=Feedback, win=Window( name=Window, fullscr=true, color=#000000, ~), autoDraw=null, autoLog=true, units=height, ori=null, opacity=1, pos=[0,0], size=undefined, text=default text, font=Arial, color=#ff0000, contrast=1, height=0.15, bold=null, italic=null, alignHoriz=left, alignVert=center, wrapWidth=1, flipHoriz=null, flipVert=null )
6.644075000003795	EXP	Created End_text = TextStim( name=End_text, win=Window( name=Window, fullscr=true, color=#000000, ~), autoDraw=null, autoLog=true, units=height, ori=null, opacity=1, pos=[0,0], size=undefined, text=This study aimed to look at procedural learning, i~, font=Arial, color=#FFFFFF, contrast=1, height=0.025, bold=null, italic=null, alignHoriz=left, alignVert=center, wrapWidth=1, flipHoriz=null, flipVert=null )
6.665835000007064	EXP	text: units = "height"
6.665835000007064	EXP	text: ori = 0
6.665835000007064	EXP	text: opacity = 1
6.665835000007064	EXP	text: pos = [0,0]
6.665835000007064	EXP	text: size = undefined
6.665835000007064	EXP	text: text = "INSTRUCTIONS [EN]\n\n\nA counter will appear and start counting at random times, press SPACE as fast as possible when it appears.\n\n\nPress SPACE to start\n\n-------\n\nInstruções [PT]\n\n\nUm cronómetro vai aparecer e começar a contar aleatoriamente, pressione a tecla SPACE assim que ele aparecer.\n\n\nPressiona SPACE para começar."
6.665835000007064	EXP	text: font = "Arial"
6.665835000007064	EXP	text: color = {"_hex":"#FFFFFF","_rgb":[1,1,1]}
6.665835000007064	EXP	text: contrast = 1
6.665835000007064	EXP	text: height = 0.03
6.665835000007064	EXP	text: bold = false
6.665835000007064	EXP	text: italic = false
6.665835000007064	EXP	text: alignHoriz = "left"
6.665835000007064	EXP	text: alignVert = "center"
6.665835000007064	EXP	text: wrapWidth = 1
6.665835000007064	EXP	text: flipHoriz = false
6.665835000007064	EXP	text: flipVert = false
6.665835000007064	EXP	text_3: units = "height"
6.665835000007064	EXP	text_3: ori = 0
6.665835000007064	EXP	text_3: opacity = 1
6.665835000007064	EXP	text_3: pos = [0,0]
6.665835000007064	EXP	text_3: size = undefined
6.665835000007064	EXP	text_3: text = ""
6.665835000007064	EXP	text_3: font = "Arial"
6.665835000007064	EXP	text_3: color = {"_hex":"#FFFFFF","_rgb":[1,1,1]}
6.665835000007064	EXP	text_3: contrast = 1
6.665835000007064	EXP	text_3: height = 0.1
6.665835000007064	EXP	text_3: bold = false
6.665835000007064	EXP	text_3: italic = false
6.665835000007064	EXP	text_3: alignHoriz = "left"
6.665835000007064	EXP	text_3: alignVert = "center"
6.665835000007064	EXP	text_3: wrapWidth = 1
6.665835000007064	EXP	text_3: flipHoriz = false
6.665835000007064	EXP	text_3: flipVert = false
6.665835000007064	EXP	text_2: units = "height"
6.665835000007064	EXP	text_2: ori = 0
6.665835000007064	EXP	text_2: opacity = 1
6.665835000007064	EXP	text_2: pos = [0,0]
6.665835000007064	EXP	text_2: size = undefined
6.665835000007064	EXP	text_2: text = "default text"
6.665835000007064	EXP	text_2: font = "Arial"
6.665835000007064	EXP	text_2: color = {"_rgb":[1,0,0]}
6.665835000007064	EXP	text_2: contrast = 1
6.665835000007064	EXP	text_2: height = 0.15
6.665835000007064	EXP	text_2: bold = false
6.665835000007064	EXP	text_2: italic = false
6.665835000007064	EXP	text_2: alignHoriz = "left"
6.665835000007064	EXP	text_2: alignVert = "center"
6.665835000007064	EXP	text_2: wrapWidth = 1
6.665835000007064	EXP	text_2: flipHoriz = false
6.665835000007064	EXP	text_2: flipVert = false
6.665835000007064	EXP	Feedback: units = "height"
6.665835000007064	EXP	Feedback: ori = 0
6.665835000007064	EXP	Feedback: opacity = 1
6.665835000007064	EXP	Feedback: pos = [0,0]
6.665835000007064	EXP	Feedback: size = undefined
6.665835000007064	EXP	Feedback: text = "default text"
6.665835000007064	EXP	Feedback: font = "Arial"
6.665835000007064	EXP	Feedback: color = {"_rgb":[1,0,0]}
6.665835000007064	EXP	Feedback: contrast = 1
6.665835000007064	EXP	Feedback: height = 0.15
6.665835000007064	EXP	Feedback: bold = false
6.665835000007064	EXP	Feedback: italic = false
6.665835000007064	EXP	Feedback: alignHoriz = "left"
6.665835000007064	EXP	Feedback: alignVert = "center"
6.665835000007064	EXP	Feedback: wrapWidth = 1
6.665835000007064	EXP	Feedback: flipHoriz = false
6.665835000007064	EXP	Feedback: flipVert = false
6.665835000007064	EXP	End_text: units = "height"
6.665835000007064	EXP	End_text: ori = 0
6.665835000007064	EXP	End_text: opacity = 1
6.665835000007064	EXP	End_text: pos = [0,0]
6.665835000007064	EXP	End_text: size = undefined
6.665835000007064	EXP	End_text: text = "This study aimed to look at procedural learning, i.e. our ability to extract patterns from the input that we are constantly receiving. This skill is thought to be essential for language and literacy acquisition and has been suggested as a possible underlying difficult in children with Language Impairments and Dyslexia. This study aims to improve the measures of procedural learning (the smiley face task) so that we can measure procedural learning more reliably and, in the future, analyse the performance of individuals with learning impairments.\nThank you for participating!\n\n----\n\nEste estudo tem como objectivo analisar a nossa capacidade de extrair padrões da informação que estamos constantemente a receber. Pensa-se que esta competência é essencial para a aquisição da linguagem e literacia e foi sugerido que dificuldades neste tipo de competências poderá estar relacionado com perturbações da linguagem e Dislexia. Este estudo tem como objectivo melhorar a estabilidade das medidas usadas para medir este tipo de memória (a tarefa da cara sorridente) de forma a poder medir de forma mais precisa e, no futuro, analisar a performance de indivíduos com perturbações da aprendizagem. \nMuito obrigada por ter participado!"
6.665835000007064	EXP	End_text: font = "Arial"
6.665835000007064	EXP	End_text: color = {"_hex":"#FFFFFF","_rgb":[1,1,1]}
6.665835000007064	EXP	End_text: contrast = 1
6.665835000007064	EXP	End_text: height = 0.025
6.665835000007064	EXP	End_text: bold = false
6.665835000007064	EXP	End_text: italic = false
6.665835000007064	EXP	End_text: alignHoriz = "left"
6.665835000007064	EXP	End_text: alignVert = "center"
6.665835000007064	EXP	End_text: wrapWidth = 1
6.665835000007064	EXP	End_text: flipHoriz = false
6.665835000007064	EXP	End_text: flipVert = false
6.665835000007064	EXP	text: autoDraw = true
9.098815000004834	DATA	Keydown:  
9.105530000000726	EXP	text: autoDraw = false
9.105530000000726	EXP	text_3: autoDraw = true
15.681620000003022	EXP	text_3: autoDraw = false
15.681620000003022	EXP	text_3: autoDraw = false
15.681620000003022	EXP	text_2: autoDraw = true
15.681620000003022	EXP	text_2: text = 0
15.70046999999613	EXP	text_2: text = 32
15.718520000009448	EXP	text_2: text = 50
15.734440000000177	EXP	text_2: text = 66
15.750500000009197	EXP	text_2: text = 82
15.767480000009527	EXP	text_2: text = 99
15.785499999998137	EXP	text_2: text = 117
15.801510000004782	EXP	text_2: text = 133
15.818465000003926	EXP	text_2: text = 150
15.835470000005444	EXP	text_2: text = 167
15.85149500000989	EXP	text_2: text = 183
15.868465000006836	EXP	text_2: text = 200
15.885510000007343	EXP	text_2: text = 217
15.900380000006407	EXP	text_2: text = 232
15.918480000007548	EXP	text_2: text = 250
15.935284999999567	EXP	text_2: text = 267
15.951444999998785	EXP	text_2: text = 283
15.9684350000025	EXP	text_2: text = 300
15.974069999996573	DATA	Keydown:  
15.986254999996163	EXP	text_2: text = 317
15.986254999996163	EXP	text_2: autoDraw = false
15.986254999996163	EXP	Feedback: text = 293
15.986254999996163	EXP	Feedback: autoDraw = true
16.98675500000536	EXP	Feedback: autoDraw = false
16.98675500000536	EXP	Feedback: autoDraw = false
16.98675500000536	EXP	text_3: autoDraw = true
23.16941499999666	EXP	text_3: autoDraw = false
23.16941499999666	EXP	text_3: autoDraw = false
23.16941499999666	EXP	text_2: autoDraw = true
23.16941499999666	EXP	text_2: text = 0
23.18477000000712	EXP	text_2: text = 16
23.20075000000361	EXP	text_2: text = 32
23.218764999997802	EXP	text_2: text = 50
23.23371000000043	EXP	text_2: text = 65
23.251665000003413	EXP	text_2: text = 83
23.268739999999525	EXP	text_2: text = 100
23.2847299999994	EXP	text_2: text = 116
23.301755000007688	EXP	text_2: text = 133
23.318720000010217	EXP	text_2: text = 150
23.335720000002766	EXP	text_2: text = 167
23.35073000000557	EXP	text_2: text = 182
23.368765000006533	EXP	text_2: text = 200
23.38473000000522	EXP	text_2: text = 216
23.400815000000875	EXP	text_2: text = 232
23.418915000002016	EXP	text_2: text = 250
23.43377000000328	EXP	text_2: text = 265
23.45183000000543	EXP	text_2: text = 283
23.468865000002552	EXP	text_2: text = 300
23.482835000002524	DATA	Keydown:  
23.48535499999707	EXP	text_2: text = 316
23.48535499999707	EXP	text_2: autoDraw = false
23.48535499999707	EXP	Feedback: text = 313
23.48535499999707	EXP	Feedback: autoDraw = true
24.484949999998207	EXP	Feedback: autoDraw = false
24.484949999998207	EXP	Feedback: autoDraw = false
24.484949999998207	EXP	text_3: autoDraw = true
29.60265000000072	EXP	text_3: autoDraw = false
29.60265000000072	EXP	text_3: autoDraw = false
29.60265000000072	EXP	text_2: autoDraw = true
29.60265000000072	EXP	text_2: text = 0
29.61898500000825	EXP	text_2: text = 17
29.633929999996326	EXP	text_2: text = 32
29.651960000002873	EXP	text_2: text = 50
29.66912500000035	EXP	text_2: text = 67
29.684940000006463	EXP	text_2: text = 83
29.701995000010356	EXP	text_2: text = 100
29.719039999996312	EXP	text_2: text = 117
29.73504500000854	EXP	text_2: text = 133
29.751994999998715	EXP	text_2: text = 150
29.767990000007558	EXP	text_2: text = 166
29.78399999999965	EXP	text_2: text = 182
29.801935000010417	EXP	text_2: text = 200
29.817840000003343	EXP	text_2: text = 216
29.83490499999607	EXP	text_2: text = 233
29.850895000010496	EXP	text_2: text = 249
29.868954999998095	EXP	text_2: text = 267
29.876740000006976	DATA	Keydown:  
29.885450000001583	EXP	text_2: text = 283
29.885450000001583	EXP	text_2: autoDraw = false
29.885450000001583	EXP	Feedback: text = 274
29.885450000001583	EXP	Feedback: autoDraw = true
30.884755000006407	EXP	Feedback: autoDraw = false
30.884755000006407	EXP	Feedback: autoDraw = false
30.884755000006407	EXP	text_3: autoDraw = true
40.418725000010454	EXP	text_3: autoDraw = false
40.418725000010454	EXP	text_3: autoDraw = false
40.418725000010454	EXP	text_2: autoDraw = true
40.418725000010454	EXP	text_2: text = 0
40.43503000000783	EXP	text_2: text = 17
40.45201000000816	EXP	text_2: text = 34
40.4690649999975	EXP	text_2: text = 51
40.485035000005155	EXP	text_2: text = 67
40.50214500000584	EXP	text_2: text = 84
40.51915999999619	EXP	text_2: text = 101
40.53512500000943	EXP	text_2: text = 117
40.55208000000857	EXP	text_2: text = 134
40.5691450000013	EXP	text_2: text = 151
40.585070000001	EXP	text_2: text = 167
40.602035000003525	EXP	text_2: text = 184
40.61912499999744	EXP	text_2: text = 201
40.63502000000153	EXP	text_2: text = 217
40.65098500000022	EXP	text_2: text = 233
40.66915000000154	EXP	text_2: text = 251
40.685055000009015	EXP	text_2: text = 267
40.70193999999901	EXP	text_2: text = 284
40.71914500001003	EXP	text_2: text = 301
40.72732000000542	DATA	Keydown:  
40.73557000000437	EXP	text_2: text = 317
40.73557000000437	EXP	text_2: autoDraw = false
40.73557000000437	EXP	Feedback: text = 309
40.73557000000437	EXP	Feedback: autoDraw = true
41.735780000002705	EXP	Feedback: autoDraw = false
41.735780000002705	EXP	Feedback: autoDraw = false
41.735780000002705	EXP	text_3: autoDraw = true
50.901425000003655	EXP	text_3: autoDraw = false
50.901425000003655	EXP	text_3: autoDraw = false
50.901425000003655	EXP	text_2: autoDraw = true
50.901425000003655	EXP	text_2: text = 0
50.91873499999929	EXP	text_2: text = 18
50.934699999997974	EXP	text_2: text = 34
50.95074500000919	EXP	text_2: text = 50
50.96885499999917	EXP	text_2: text = 68
50.98593999999866	EXP	text_2: text = 85
51.00181500001054	EXP	text_2: text = 101
51.01892499999667	EXP	text_2: text = 118
51.03475500000059	EXP	text_2: text = 134
51.051854999997886	EXP	text_2: text = 151
51.067855000001146	EXP	text_2: text = 167
51.0859150000033	EXP	text_2: text = 185
51.100774999998976	EXP	text_2: text = 200
51.11886499999673	EXP	text_2: text = 218
51.13585500000045	EXP	text_2: text = 235
51.151794999997946	EXP	text_2: text = 251
51.16775999999663	EXP	text_2: text = 267
51.18311500000709	DATA	Keydown:  
51.18530500000634	EXP	text_2: text = 284
51.18530500000634	EXP	text_2: autoDraw = false
51.18530500000634	EXP	Feedback: text = 282
51.18530500000634	EXP	Feedback: autoDraw = true
52.185525000008056	EXP	Feedback: autoDraw = false
52.185525000008056	EXP	Feedback: autoDraw = false
52.185525000008056	EXP	text_3: autoDraw = true
55.35204500000691	EXP	text_3: autoDraw = false
55.35204500000691	EXP	text_3: autoDraw = false
55.35204500000691	EXP	text_2: autoDraw = true
55.35204500000691	EXP	text_2: text = 0
55.36857500000042	EXP	text_2: text = 17
55.385430000009364	EXP	text_2: text = 34
55.40249500000209	EXP	text_2: text = 51
55.417505000004894	EXP	text_2: text = 66
55.43549000000348	EXP	text_2: text = 84
55.452470000003814	EXP	text_2: text = 101
55.467485000001034	EXP	text_2: text = 116
55.48551500000758	EXP	text_2: text = 134
55.50254500001029	EXP	text_2: text = 151
55.51834999999846	EXP	text_2: text = 167
55.535445000001346	EXP	text_2: text = 184
55.551545000009355	EXP	text_2: text = 200
55.56739999999991	EXP	text_2: text = 216
55.585485000003246	EXP	text_2: text = 234
55.602429999999	EXP	text_2: text = 251
55.61847000000125	EXP	text_2: text = 267
55.63551000000734	EXP	text_2: text = 284
55.65251500000886	EXP	text_2: text = 301
55.66747500000929	EXP	text_2: text = 316
55.68555000000924	EXP	text_2: text = 334
55.70257500000298	EXP	text_2: text = 351
55.71448999999848	DATA	Keydown:  
55.71816499999841	EXP	text_2: text = 366
55.71816499999841	EXP	text_2: autoDraw = false
55.71816499999841	EXP	Feedback: text = 363
55.71816499999841	EXP	Feedback: autoDraw = true
56.720100000005914	EXP	Feedback: autoDraw = false
56.720100000005914	EXP	Feedback: autoDraw = false
56.720100000005914	EXP	text_3: autoDraw = true
65.6015400000033	EXP	text_3: autoDraw = false
65.6015400000033	EXP	text_3: autoDraw = false
65.6015400000033	EXP	text_2: autoDraw = true
65.6015400000033	EXP	text_2: text = 0
65.61780000000726	EXP	text_2: text = 17
65.63582500000484	EXP	text_2: text = 35
65.65091500000563	EXP	text_2: text = 50
65.66886499999964	EXP	text_2: text = 68
65.6857799999998	EXP	text_2: text = 85
65.70183499999985	EXP	text_2: text = 101
65.71885499999917	EXP	text_2: text = 118
65.73473500000546	EXP	text_2: text = 134
65.75083499999892	EXP	text_2: text = 150
65.76893500000006	EXP	text_2: text = 168
65.78595000000496	EXP	text_2: text = 185
65.80189499999688	EXP	text_2: text = 201
65.81892499999958	EXP	text_2: text = 218
65.83590499999991	EXP	text_2: text = 235
65.85082500000135	EXP	text_2: text = 250
65.86880999999994	EXP	text_2: text = 268
65.8859000000084	EXP	text_2: text = 285
65.891140000007	DATA	Keydown:  
65.90243499999633	EXP	text_2: text = 301
65.90243499999633	EXP	text_2: autoDraw = false
65.90243499999633	EXP	Feedback: text = 290
65.90243499999633	EXP	Feedback: autoDraw = true
66.90215000000899	EXP	Feedback: autoDraw = false
66.90215000000899	EXP	Feedback: autoDraw = false
66.90215000000899	EXP	text_3: autoDraw = true
75.66933000000427	EXP	text_3: autoDraw = false
75.66933000000427	EXP	text_3: autoDraw = false
75.66933000000427	EXP	text_2: autoDraw = true
75.66933000000427	EXP	text_2: text = 0
75.6846050000022	EXP	text_2: text = 16
75.70266000000993	EXP	text_2: text = 34
75.71873000000778	EXP	text_2: text = 50
75.73568500000692	EXP	text_2: text = 67
75.75273500000185	EXP	text_2: text = 84
75.76868000000832	EXP	text_2: text = 100
75.78579999999783	EXP	text_2: text = 117
75.80277000000933	EXP	text_2: text = 134
75.81780000000435	EXP	text_2: text = 149
75.83575500000734	EXP	text_2: text = 167
75.85283000000345	EXP	text_2: text = 184
75.86875500000315	EXP	text_2: text = 200
75.88578500000585	EXP	text_2: text = 217
75.90270500000042	EXP	text_2: text = 234
75.91043499999796	DATA	Keydown:  
75.91928000000189	EXP	text_2: text = 250
75.91928000000189	EXP	text_2: autoDraw = false
75.91928000000189	EXP	Feedback: text = 241
75.91928000000189	EXP	Feedback: autoDraw = true
76.9184099999984	EXP	Feedback: autoDraw = false
76.9184099999984	EXP	Feedback: autoDraw = false
76.9184099999984	EXP	text_3: autoDraw = true
81.86826000000292	EXP	text_3: autoDraw = false
81.86826000000292	EXP	text_3: autoDraw = false
81.86826000000292	EXP	text_2: autoDraw = true
81.86826000000292	EXP	text_2: text = 0
81.88587500000722	EXP	text_2: text = 18
81.90279000000737	EXP	text_2: text = 35
81.91880500000843	EXP	text_2: text = 51
81.93575499999861	EXP	text_2: text = 68
81.95094999999856	EXP	text_2: text = 83
81.96782499999972	EXP	text_2: text = 100
81.98578499999712	EXP	text_2: text = 118
82.00186000000394	EXP	text_2: text = 134
82.01867499999935	EXP	text_2: text = 151
82.03565000000526	EXP	text_2: text = 168
82.05268000000797	EXP	text_2: text = 185
82.06763499999943	EXP	text_2: text = 200
82.0858600000065	EXP	text_2: text = 218
82.10284000000684	EXP	text_2: text = 235
82.11882499999774	EXP	text_2: text = 251
82.1356850000011	EXP	text_2: text = 268
82.14888500000234	DATA	Keydown:  
82.15323500000522	EXP	text_2: text = 285
82.15323500000522	EXP	text_2: autoDraw = false
82.15323500000522	EXP	Feedback: text = 281
82.15323500000522	EXP	Feedback: autoDraw = true
83.15282000000298	EXP	Feedback: autoDraw = false
83.15282000000298	EXP	Feedback: autoDraw = false
83.15282000000298	EXP	text_3: autoDraw = true
90.66968500000075	EXP	text_3: autoDraw = false
90.66968500000075	EXP	text_3: autoDraw = false
90.66968500000075	EXP	text_2: autoDraw = true
90.66968500000075	EXP	text_2: text = 0
90.68623500000103	EXP	text_2: text = 17
90.70220500000869	EXP	text_2: text = 33
90.71909500000766	EXP	text_2: text = 50
90.73619999999937	EXP	text_2: text = 67
90.75215000000026	EXP	text_2: text = 83
90.76920500000415	EXP	text_2: text = 100
90.78619500000787	EXP	text_2: text = 117
90.80212000000756	EXP	text_2: text = 133
90.81922000000486	EXP	text_2: text = 150
90.83613500000502	EXP	text_2: text = 167
90.8521550000005	EXP	text_2: text = 183
90.8691550000076	EXP	text_2: text = 200
90.88616999999795	EXP	text_2: text = 217
90.90101500001037	EXP	text_2: text = 232
90.91913000000932	EXP	text_2: text = 250
90.92999000000418	DATA	Keydown:  
90.93558000000485	EXP	text_2: text = 266
90.93558000000485	EXP	text_2: autoDraw = false
90.93558000000485	EXP	Feedback: text = 260
90.93558000000485	EXP	Feedback: autoDraw = true
91.93734000000404	EXP	Feedback: autoDraw = false
91.93734000000404	EXP	Feedback: autoDraw = false
91.93734000000404	EXP	text_3: autoDraw = true
99.76927000000433	EXP	text_3: autoDraw = false
99.76927000000433	EXP	text_3: autoDraw = false
99.76927000000433	EXP	text_2: autoDraw = true
99.76927000000433	EXP	text_2: text = 0
99.784645000007	EXP	text_2: text = 16
99.80275499999698	EXP	text_2: text = 34
99.81962000000931	EXP	text_2: text = 51
99.83565500000259	EXP	text_2: text = 67
99.85271000000648	EXP	text_2: text = 84
99.86877500000992	EXP	text_2: text = 100
99.88572000000568	EXP	text_2: text = 117
99.90275000000838	EXP	text_2: text = 134
99.9177800000034	EXP	text_2: text = 149
99.93460000000778	EXP	text_2: text = 166
99.95275500000571	EXP	text_2: text = 184
99.96775500000513	EXP	text_2: text = 199
99.98570000000473	EXP	text_2: text = 217
100.00281000000541	EXP	text_2: text = 234
100.01857500000915	EXP	text_2: text = 250
100.03582499999902	EXP	text_2: text = 267
100.04093499999726	DATA	Keydown:  
100.05330500000855	EXP	text_2: text = 284
100.05330500000855	EXP	text_2: autoDraw = false
100.05330500000855	EXP	Feedback: text = 272
100.05330500000855	EXP	Feedback: autoDraw = true
101.05363500000385	EXP	Feedback: autoDraw = false
101.05363500000385	EXP	Feedback: autoDraw = false
101.05363500000385	EXP	text_3: autoDraw = true
108.9030000000057	EXP	text_3: autoDraw = false
108.9030000000057	EXP	text_3: autoDraw = false
108.9030000000057	EXP	text_2: autoDraw = true
108.9030000000057	EXP	text_2: text = 0
108.919510000007	EXP	text_2: text = 17
108.93524000000616	EXP	text_2: text = 33
108.95139499999641	EXP	text_2: text = 49
108.96933500000159	EXP	text_2: text = 67
108.98548499999742	EXP	text_2: text = 83
109.00244999999995	EXP	text_2: text = 100
109.01943000000028	EXP	text_2: text = 117
109.0364899999986	EXP	text_2: text = 134
109.05305000000226	EXP	text_2: text = 150
109.06947000000218	EXP	text_2: text = 167
109.08458500000415	EXP	text_2: text = 182
109.10143500000413	EXP	text_2: text = 199
109.1194300000061	EXP	text_2: text = 217
109.13642500000424	EXP	text_2: text = 234
109.15239000000292	EXP	text_2: text = 250
109.16837500000838	EXP	text_2: text = 266
109.18642500000715	EXP	text_2: text = 284
109.20138500000758	EXP	text_2: text = 299
109.21830999999656	EXP	text_2: text = 316
109.22376999999688	DATA	Keydown:  
109.23732000000018	EXP	text_2: text = 334
109.23732000000018	EXP	text_2: autoDraw = false
109.23732000000018	EXP	Feedback: text = 321
109.23732000000018	EXP	Feedback: autoDraw = true
110.2354650000052	EXP	Feedback: autoDraw = false
110.2354650000052	EXP	Feedback: autoDraw = false
110.2354650000052	EXP	text_3: autoDraw = true
119.32007500001055	EXP	text_3: autoDraw = false
119.32007500001055	EXP	text_3: autoDraw = false
119.32007500001055	EXP	text_2: autoDraw = true
119.32007500001055	EXP	text_2: text = 0
119.33653500000946	EXP	text_2: text = 17
119.35145000000193	EXP	text_2: text = 32
119.3685550000082	EXP	text_2: text = 49
119.3865000000078	EXP	text_2: text = 67
119.40246500000649	EXP	text_2: text = 83
119.41933499999868	EXP	text_2: text = 100
119.43640500000038	EXP	text_2: text = 117
119.45237500000803	EXP	text_2: text = 133
119.46839999999793	EXP	text_2: text = 149
119.48640000000887	EXP	text_2: text = 167
119.50241000000096	EXP	text_2: text = 183
119.5193200000067	EXP	text_2: text = 200
119.53638000000501	EXP	text_2: text = 217
119.55245000000286	EXP	text_2: text = 233
119.56844000000274	EXP	text_2: text = 249
119.58652500000608	EXP	text_2: text = 267
119.6000800000038	DATA	Keydown:  
119.60296499999822	EXP	text_2: text = 283
119.60296499999822	EXP	text_2: autoDraw = false
119.60296499999822	EXP	Feedback: text = 280
119.60296499999822	EXP	Feedback: autoDraw = true
120.60317000000214	EXP	Feedback: autoDraw = false
120.60317000000214	EXP	Feedback: autoDraw = false
120.60317000000214	EXP	text_3: autoDraw = true
127.53663000000233	EXP	text_3: autoDraw = false
127.53663000000233	EXP	text_3: autoDraw = false
127.53663000000233	EXP	text_2: autoDraw = true
127.53663000000233	EXP	text_2: text = 0
127.55304500000784	EXP	text_2: text = 17
127.56808500000625	EXP	text_2: text = 32
127.58613500000502	EXP	text_2: text = 50
127.60306999999739	EXP	text_2: text = 67
127.61808000000019	EXP	text_2: text = 82
127.63604500000656	EXP	text_2: text = 100
127.65316000000166	EXP	text_2: text = 117
127.66904000000795	EXP	text_2: text = 133
127.68603500000609	EXP	text_2: text = 150
127.70304500000202	EXP	text_2: text = 167
127.71910000000207	EXP	text_2: text = 183
127.73606999999902	EXP	text_2: text = 200
127.75304000001051	EXP	text_2: text = 217
127.76806000000215	EXP	text_2: text = 232
127.78505500000028	EXP	text_2: text = 249
127.80207000000519	EXP	text_2: text = 266
127.8113250000024	DATA	Keydown:  
127.81880500000261	EXP	text_2: text = 282
127.81880500000261	EXP	text_2: autoDraw = false
127.81880500000261	EXP	Feedback: text = 275
127.81880500000261	EXP	Feedback: autoDraw = true
128.8199650000024	EXP	Feedback: autoDraw = false
128.8199650000024	EXP	Feedback: autoDraw = false
128.8199650000024	EXP	text_3: autoDraw = true
133.8365599999961	EXP	text_3: autoDraw = false
133.8365599999961	EXP	text_3: autoDraw = false
133.8365599999961	EXP	text_2: autoDraw = true
133.8365599999961	EXP	text_2: text = 0
133.85199999999895	EXP	text_2: text = 16
133.87011000000348	EXP	text_2: text = 34
133.88605500000995	EXP	text_2: text = 50
133.9029850000079	EXP	text_2: text = 67
133.91998500000045	EXP	text_2: text = 84
133.93593500000134	EXP	text_2: text = 100
133.953125	EXP	text_2: text = 117
133.96812499999942	EXP	text_2: text = 132
133.9860650000046	EXP	text_2: text = 150
134.0031100000051	EXP	text_2: text = 167
134.0181900000025	EXP	text_2: text = 182
134.03612499999872	EXP	text_2: text = 200
134.05301000000327	EXP	text_2: text = 217
134.06807999999728	EXP	text_2: text = 232
134.08603000000585	EXP	text_2: text = 250
134.1030299999984	EXP	text_2: text = 267
134.1180699999968	EXP	text_2: text = 282
134.13495500000136	EXP	text_2: text = 299
134.15299499999674	EXP	text_2: text = 317
134.16184000000067	DATA	Keydown:  
134.17060500000662	EXP	text_2: text = 334
134.17060500000662	EXP	text_2: autoDraw = false
134.17060500000662	EXP	Feedback: text = 325
134.17060500000662	EXP	Feedback: autoDraw = true
135.1689849999966	EXP	Feedback: autoDraw = false
135.1689849999966	EXP	Feedback: autoDraw = false
135.1689849999966	EXP	text_3: autoDraw = true
145.11989499999618	EXP	text_3: autoDraw = false
145.11989499999618	EXP	text_3: autoDraw = false
145.11989499999618	EXP	text_2: autoDraw = true
145.11989499999618	EXP	text_2: text = 0
145.1362749999971	EXP	text_2: text = 17
145.15338000000338	EXP	text_2: text = 34
145.16932500000985	EXP	text_2: text = 50
145.18632999999681	EXP	text_2: text = 67
145.20333499999833	EXP	text_2: text = 84
145.21825000000536	EXP	text_2: text = 99
145.23530500000925	EXP	text_2: text = 116
145.2523349999974	EXP	text_2: text = 133
145.26933999999892	EXP	text_2: text = 150
145.28681000000506	EXP	text_2: text = 167
145.3034750000079	EXP	text_2: text = 184
145.3193850000098	EXP	text_2: text = 200
145.33630500000436	EXP	text_2: text = 217
145.3533299999981	EXP	text_2: text = 234
145.36931500000355	EXP	text_2: text = 250
145.38623499999812	EXP	text_2: text = 267
145.3914700000023	DATA	Keydown:  
145.402740000005	EXP	text_2: text = 283
145.402740000005	EXP	text_2: autoDraw = false
145.402740000005	EXP	Feedback: text = 272
145.402740000005	EXP	Feedback: autoDraw = true
146.40237500000512	EXP	Feedback: autoDraw = false
146.40237500000512	EXP	Feedback: autoDraw = false
146.40237500000512	EXP	text_3: autoDraw = true
149.15371500000765	EXP	text_3: autoDraw = false
149.15371500000765	EXP	text_3: autoDraw = false
149.15371500000765	EXP	text_2: autoDraw = true
149.15371500000765	EXP	text_2: text = 0
149.170100000003	EXP	text_2: text = 17
149.1860549999983	EXP	text_2: text = 33
149.2031100000022	EXP	text_2: text = 50
149.2201650000061	EXP	text_2: text = 67
149.23506000000634	EXP	text_2: text = 82
149.25302000000374	EXP	text_2: text = 100
149.27010999999766	EXP	text_2: text = 117
149.28605500000413	EXP	text_2: text = 133
149.30202499999723	EXP	text_2: text = 149
149.32009000000835	EXP	text_2: text = 167
149.3349450000096	EXP	text_2: text = 182
149.35302000000956	EXP	text_2: text = 200
149.36901500000386	EXP	text_2: text = 216
149.38603000000876	EXP	text_2: text = 233
149.40308000000368	EXP	text_2: text = 250
149.420060000004	EXP	text_2: text = 267
149.43586500000674	DATA	Keydown:  
149.43722000000707	EXP	text_2: text = 283
149.43722000000707	EXP	text_2: autoDraw = false
149.43722000000707	EXP	Feedback: text = 282
149.43722000000707	EXP	Feedback: autoDraw = true
150.43648499999836	EXP	Feedback: autoDraw = false
150.43648499999836	EXP	Feedback: autoDraw = false
150.43648499999836	EXP	text_3: autoDraw = true
158.63753500000166	EXP	text_3: autoDraw = false
158.63753500000166	EXP	text_3: autoDraw = false
158.63753500000166	EXP	text_2: autoDraw = true
158.63753500000166	EXP	text_2: text = 0
158.65287000000535	EXP	text_2: text = 16
158.66989000000467	EXP	text_2: text = 33
158.6868400000094	EXP	text_2: text = 50
158.70188500000222	EXP	text_2: text = 65
158.71993000000657	EXP	text_2: text = 83
158.7368950000091	EXP	text_2: text = 100
158.75179000000935	EXP	text_2: text = 115
158.76881000000867	EXP	text_2: text = 132
158.78682000000845	EXP	text_2: text = 150
158.8028350000095	EXP	text_2: text = 166
158.81979500000307	EXP	text_2: text = 183
158.83686500000476	EXP	text_2: text = 200
158.8517700000084	EXP	text_2: text = 215
158.86986500000057	EXP	text_2: text = 233
158.88693000000785	EXP	text_2: text = 250
158.90288999999757	EXP	text_2: text = 266
158.9198000000033	EXP	text_2: text = 283
158.92481500000576	DATA	Keydown:  
158.93752000000677	EXP	text_2: text = 300
158.93752000000677	EXP	text_2: autoDraw = false
158.93752000000677	EXP	Feedback: text = 287
158.93752000000677	EXP	Feedback: autoDraw = true
159.93652000000293	EXP	Feedback: autoDraw = false
159.93652000000293	EXP	Feedback: autoDraw = false
159.93652000000293	EXP	text_3: autoDraw = true
169.71934500000498	EXP	text_3: autoDraw = false
169.71934500000498	EXP	text_3: autoDraw = false
169.71934500000498	EXP	text_2: autoDraw = true
169.71934500000498	EXP	text_2: text = 0
169.7358099999983	EXP	text_2: text = 17
169.75182000000495	EXP	text_2: text = 33
169.76889000000665	EXP	text_2: text = 50
169.78694499999983	EXP	text_2: text = 68
169.80280000000494	EXP	text_2: text = 84
169.819920000009	EXP	text_2: text = 101
169.83693499999936	EXP	text_2: text = 118
169.85288500000024	EXP	text_2: text = 134
169.86990000000515	EXP	text_2: text = 151
169.88693500000227	EXP	text_2: text = 168
169.90288000000874	EXP	text_2: text = 184
169.91887999999744	EXP	text_2: text = 200
169.93703500000993	EXP	text_2: text = 218
169.95289500000945	EXP	text_2: text = 234
169.9689950000029	EXP	text_2: text = 250
169.98705999999947	EXP	text_2: text = 268
170.00296500000695	EXP	text_2: text = 284
170.01983000000473	EXP	text_2: text = 301
170.03704500000458	EXP	text_2: text = 318
170.04971500000102	DATA	Keydown:  
170.05344499999774	EXP	text_2: text = 334
170.05344499999774	EXP	text_2: autoDraw = false
170.05344499999774	EXP	Feedback: text = 330
170.05344499999774	EXP	Feedback: autoDraw = true
171.05277500000375	EXP	Feedback: autoDraw = false
171.05277500000375	EXP	Feedback: autoDraw = false
171.05277500000375	EXP	text_3: autoDraw = true
176.15413500000432	EXP	text_3: autoDraw = false
176.15413500000432	EXP	text_3: autoDraw = false
176.15413500000432	EXP	text_2: autoDraw = true
176.15413500000432	EXP	text_2: text = 0
176.16969000000972	EXP	text_2: text = 16
176.18674000000465	EXP	text_2: text = 33
176.20375500000955	EXP	text_2: text = 50
176.2186650000076	EXP	text_2: text = 65
176.2367499999964	EXP	text_2: text = 83
176.25360500000534	EXP	text_2: text = 100
176.269650000002	EXP	text_2: text = 116
176.2866900000081	EXP	text_2: text = 133
176.30368500000623	EXP	text_2: text = 150
176.31969499999832	EXP	text_2: text = 166
176.33667000000423	EXP	text_2: text = 183
176.35366500000237	EXP	text_2: text = 200
176.36966500000563	EXP	text_2: text = 216
176.38672500000393	EXP	text_2: text = 233
176.4036400000041	EXP	text_2: text = 250
176.41964500000176	EXP	text_2: text = 266
176.4366100000043	EXP	text_2: text = 283
176.44212000000698	DATA	Keydown:  
176.4542400000064	EXP	text_2: text = 300
176.4542400000064	EXP	text_2: autoDraw = false
176.4542400000064	EXP	Feedback: text = 288
176.4542400000064	EXP	Feedback: autoDraw = true
177.45446500000253	EXP	Feedback: autoDraw = false
177.45446500000253	EXP	Feedback: autoDraw = false
177.45446500000253	EXP	text_3: autoDraw = true
182.75241000000096	EXP	text_3: autoDraw = false
182.75241000000096	EXP	text_3: autoDraw = false
182.75241000000096	EXP	text_2: autoDraw = true
182.75241000000096	EXP	text_2: text = 0
182.76871000000392	EXP	text_2: text = 17
182.78572500000882	EXP	text_2: text = 34
182.80189000000246	EXP	text_2: text = 50
182.81868500000564	EXP	text_2: text = 67
182.83677999999782	EXP	text_2: text = 85
182.85176499999943	EXP	text_2: text = 100
182.86984500000835	EXP	text_2: text = 118
182.88679499999853	EXP	text_2: text = 135
182.9027150000038	EXP	text_2: text = 151
182.91873000000487	EXP	text_2: text = 167
182.93645500000275	EXP	text_2: text = 185
182.95265000000654	EXP	text_2: text = 201
182.96877000000677	EXP	text_2: text = 217
182.986665000004	EXP	text_2: text = 235
183.0026599999983	EXP	text_2: text = 251
183.0121599999984	DATA	Keydown:  
183.01932500000112	EXP	text_2: text = 267
183.01932500000112	EXP	text_2: autoDraw = false
183.01932500000112	EXP	Feedback: text = 260
183.01932500000112	EXP	Feedback: autoDraw = true
184.02059000000008	EXP	Feedback: autoDraw = false
184.02059000000008	EXP	Feedback: autoDraw = false
184.02059000000008	EXP	text_3: autoDraw = true
190.00361500000872	EXP	text_3: autoDraw = false
190.00361500000872	EXP	text_3: autoDraw = false
190.00361500000872	EXP	text_2: autoDraw = true
190.00361500000872	EXP	text_2: text = 0
190.02006500000425	EXP	text_2: text = 17
190.03695500000322	EXP	text_2: text = 34
190.0519750000094	EXP	text_2: text = 49
190.0702200000087	EXP	text_2: text = 67
190.0870600000053	EXP	text_2: text = 84
190.10310500000196	EXP	text_2: text = 100
190.12021000000823	EXP	text_2: text = 117
190.1370450000104	EXP	text_2: text = 134
190.15301999999792	EXP	text_2: text = 150
190.17000500000722	EXP	text_2: text = 167
190.18707500000892	EXP	text_2: text = 184
190.20312000000558	EXP	text_2: text = 200
190.22009000000253	EXP	text_2: text = 217
190.237294999999	EXP	text_2: text = 234
190.2520050000021	EXP	text_2: text = 249
190.26917500000854	EXP	text_2: text = 266
190.27466500000446	DATA	Keydown:  
190.28773500000534	EXP	text_2: text = 284
190.28773500000534	EXP	text_2: autoDraw = false
190.28773500000534	EXP	Feedback: text = 271
190.28773500000534	EXP	Feedback: autoDraw = true
191.2861899999989	EXP	Feedback: autoDraw = false
191.2861899999989	EXP	Feedback: autoDraw = false
191.2861899999989	EXP	text_3: autoDraw = true
200.75307500000054	EXP	text_3: autoDraw = false
200.75307500000054	EXP	text_3: autoDraw = false
200.75307500000054	EXP	text_2: autoDraw = true
200.75307500000054	EXP	text_2: text = 0
200.7695650000096	EXP	text_2: text = 17
200.78669999999693	EXP	text_2: text = 34
200.80367999999726	EXP	text_2: text = 51
200.82073500000115	EXP	text_2: text = 68
200.83673999999883	EXP	text_2: text = 84
200.8536000000022	EXP	text_2: text = 101
200.86873000000196	EXP	text_2: text = 116
200.88674000000174	EXP	text_2: text = 134
200.90372000000207	EXP	text_2: text = 151
200.91869000000588	EXP	text_2: text = 166
200.93671500000346	EXP	text_2: text = 184
200.95354000000225	EXP	text_2: text = 201
200.9706850000075	EXP	text_2: text = 218
200.98573000000033	EXP	text_2: text = 233
201.0036950000067	EXP	text_2: text = 251
201.01875499999733	EXP	text_2: text = 266
201.02790500000992	DATA	Keydown:  
201.0363500000094	EXP	text_2: text = 283
201.0363500000094	EXP	text_2: autoDraw = false
201.0363500000094	EXP	Feedback: text = 275
201.0363500000094	EXP	Feedback: autoDraw = true
202.036380000005	EXP	Feedback: autoDraw = false
202.036380000005	EXP	Feedback: autoDraw = false
202.036380000005	EXP	text_3: autoDraw = true
206.7209850000072	EXP	text_3: autoDraw = false
206.7209850000072	EXP	text_3: autoDraw = false
206.7209850000072	EXP	text_2: autoDraw = true
206.7209850000072	EXP	text_2: text = 0
206.7355499999976	EXP	text_2: text = 15
206.7534050000104	EXP	text_2: text = 33
206.77057000000787	EXP	text_2: text = 50
206.786380000005	EXP	text_2: text = 66
206.80352500001027	EXP	text_2: text = 83
206.8204950000072	EXP	text_2: text = 100
206.83544000000984	EXP	text_2: text = 115
206.85339499999827	EXP	text_2: text = 133
206.87046499999997	EXP	text_2: text = 150
206.8854250000004	EXP	text_2: text = 165
206.90339500000118	EXP	text_2: text = 183
206.9204299999983	EXP	text_2: text = 200
206.9354350000067	EXP	text_2: text = 215
206.95247499999823	EXP	text_2: text = 232
206.9704250000068	EXP	text_2: text = 250
206.98563999999897	EXP	text_2: text = 265
207.0034050000104	EXP	text_2: text = 283
207.02038000000175	EXP	text_2: text = 300
207.02926000001025	DATA	Keydown:  
207.03814499999862	EXP	text_2: text = 317
207.03814499999862	EXP	text_2: autoDraw = false
207.03814499999862	EXP	Feedback: text = 308
207.03814499999862	EXP	Feedback: autoDraw = true
208.03825500000676	EXP	Feedback: autoDraw = false
208.03825500000676	EXP	Feedback: autoDraw = false
208.03825500000676	EXP	text_3: autoDraw = true
211.53743500000564	EXP	text_3: autoDraw = false
211.53743500000564	EXP	text_3: autoDraw = false
211.53743500000564	EXP	text_2: autoDraw = true
211.53743500000564	EXP	text_2: text = 0
211.55383000000438	EXP	text_2: text = 17
211.56984500000544	EXP	text_2: text = 33
211.58578500000294	EXP	text_2: text = 49
211.6038600000029	EXP	text_2: text = 67
211.61985000000277	EXP	text_2: text = 83
211.63686500000767	EXP	text_2: text = 100
211.65383500000462	EXP	text_2: text = 117
211.67088499999954	EXP	text_2: text = 134
211.6868550000072	EXP	text_2: text = 150
211.70385000000533	EXP	text_2: text = 167
211.72085500000685	EXP	text_2: text = 184
211.73681499999657	EXP	text_2: text = 200
211.75382500000705	EXP	text_2: text = 217
211.76894000000902	EXP	text_2: text = 232
211.78684500000963	EXP	text_2: text = 250
211.8028750000085	EXP	text_2: text = 266
211.8197599999985	EXP	text_2: text = 283
211.83686500000476	EXP	text_2: text = 300
211.85033000000112	DATA	Keydown:  
211.8535450000054	EXP	text_2: text = 316
211.8535450000054	EXP	text_2: autoDraw = false
211.8535450000054	EXP	Feedback: text = 313
211.8535450000054	EXP	Feedback: autoDraw = true
212.8538499999995	EXP	Feedback: autoDraw = false
212.8538499999995	EXP	Feedback: autoDraw = false
212.8538499999995	EXP	text_3: autoDraw = true
221.67082500000834	EXP	text_3: autoDraw = false
221.67082500000834	EXP	text_3: autoDraw = false
221.67082500000834	EXP	text_2: autoDraw = true
221.67082500000834	EXP	text_2: text = 0
221.6872100000037	EXP	text_2: text = 17
221.7022500000021	EXP	text_2: text = 32
221.7198250000074	EXP	text_2: text = 49
221.73734000000695	EXP	text_2: text = 67
221.75235500000417	EXP	text_2: text = 82
221.77024500000698	EXP	text_2: text = 100
221.7873249999975	EXP	text_2: text = 117
221.80423999999766	EXP	text_2: text = 134
221.81932500000403	EXP	text_2: text = 149
221.8373350000038	EXP	text_2: text = 167
221.8523300000088	EXP	text_2: text = 182
221.86930500000017	EXP	text_2: text = 199
221.8873200000089	EXP	text_2: text = 217
221.90228999999817	EXP	text_2: text = 232
221.92031000000134	EXP	text_2: text = 250
221.93616500000644	DATA	Keydown:  
221.93730499999947	EXP	text_2: text = 266
221.93730499999947	EXP	text_2: autoDraw = false
221.93730499999947	EXP	Feedback: text = 265
221.93730499999947	EXP	Feedback: autoDraw = true
222.9371000000101	EXP	Feedback: autoDraw = false
222.9371000000101	EXP	Feedback: autoDraw = false
222.9371000000101	EXP	text_3: autoDraw = true
230.63797999999952	EXP	text_3: autoDraw = false
230.63797999999952	EXP	text_3: autoDraw = false
230.63797999999952	EXP	text_2: autoDraw = true
230.63797999999952	EXP	text_2: text = 0
230.65339000000677	EXP	text_2: text = 16
230.6704100000061	EXP	text_2: text = 33
230.6874550000066	EXP	text_2: text = 50
230.70239500000025	EXP	text_2: text = 65
230.72041999999783	EXP	text_2: text = 83
230.73746499999834	EXP	text_2: text = 100
230.7534250000026	EXP	text_2: text = 116
230.77034000000276	EXP	text_2: text = 133
230.78747000001022	EXP	text_2: text = 150
230.80341500000213	EXP	text_2: text = 166
230.8203349999967	EXP	text_2: text = 183
230.8373450000072	EXP	text_2: text = 200
230.85332000000926	EXP	text_2: text = 216
230.8703899999964	EXP	text_2: text = 233
230.88741000001028	EXP	text_2: text = 250
230.90239000000292	EXP	text_2: text = 265
230.9203600000037	EXP	text_2: text = 283
230.92553500000213	DATA	Keydown:  
230.93821999999636	EXP	text_2: text = 300
230.93821999999636	EXP	text_2: autoDraw = false
230.93821999999636	EXP	Feedback: text = 288
230.93821999999636	EXP	Feedback: autoDraw = true
231.93706500000553	EXP	Feedback: autoDraw = false
231.93706500000553	EXP	Feedback: autoDraw = false
231.93706500000553	EXP	text_3: autoDraw = true
238.3868599999987	EXP	text_3: autoDraw = false
238.3868599999987	EXP	text_3: autoDraw = false
238.3868599999987	EXP	text_2: autoDraw = true
238.3868599999987	EXP	text_2: text = 0
238.4024849999987	EXP	text_2: text = 16
238.41935999999987	EXP	text_2: text = 33
238.4374850000022	EXP	text_2: text = 51
238.45247499999823	EXP	text_2: text = 66
238.47040500000003	EXP	text_2: text = 84
238.48741500001051	EXP	text_2: text = 101
238.50238499999978	EXP	text_2: text = 116
238.52042000000074	EXP	text_2: text = 134
238.53735500000766	EXP	text_2: text = 151
238.55245000000286	EXP	text_2: text = 166
238.56936999999743	EXP	text_2: text = 183
238.58745500000077	EXP	text_2: text = 201
238.60242000001017	EXP	text_2: text = 216
238.61935500000254	EXP	text_2: text = 233
238.6374050000013	EXP	text_2: text = 251
238.6524800000043	EXP	text_2: text = 266
238.67040499999712	EXP	text_2: text = 284
238.675860000003	DATA	Keydown:  
238.68795000000682	EXP	text_2: text = 301
238.68795000000682	EXP	text_2: autoDraw = false
238.68795000000682	EXP	Feedback: text = 289
238.68795000000682	EXP	Feedback: autoDraw = true
239.68820499999856	EXP	Feedback: autoDraw = false
239.68820499999856	EXP	Feedback: autoDraw = false
239.68820499999856	EXP	text_3: autoDraw = true
241.98791999999958	EXP	text_3: autoDraw = false
241.98791999999958	EXP	text_3: autoDraw = false
241.98791999999958	EXP	text_2: autoDraw = true
241.98791999999958	EXP	text_2: text = 0
242.00438500000746	EXP	text_2: text = 17
242.0203049999982	EXP	text_2: text = 33
242.03736000000208	EXP	text_2: text = 50
242.05427999999665	EXP	text_2: text = 67
242.0702799999999	EXP	text_2: text = 83
242.08724999999686	EXP	text_2: text = 100
242.10432500000752	EXP	text_2: text = 117
242.12028000000282	EXP	text_2: text = 133
242.13729500000773	EXP	text_2: text = 150
242.1542300000001	EXP	text_2: text = 167
242.17028500000015	EXP	text_2: text = 183
242.18614000000525	EXP	text_2: text = 199
242.20421999999962	EXP	text_2: text = 217
242.22033999999985	EXP	text_2: text = 233
242.23738500000036	EXP	text_2: text = 250
242.2542850000027	EXP	text_2: text = 267
242.2701950000046	EXP	text_2: text = 283
242.2872800000041	EXP	text_2: text = 300
242.30419500000426	EXP	text_2: text = 317
242.31914000000688	EXP	text_2: text = 332
242.33723499999905	EXP	text_2: text = 350
242.35420500001055	EXP	text_2: text = 367
242.3691550000076	EXP	text_2: text = 382
242.38722499999858	EXP	text_2: text = 400
242.39844000000448	DATA	Keydown:  
242.40548500001023	EXP	text_2: text = 418
242.40548500001023	EXP	text_2: autoDraw = false
242.40548500001023	EXP	Feedback: text = 411
242.40548500001023	EXP	Feedback: autoDraw = true
243.40455000000657	EXP	Feedback: autoDraw = false
243.40455000000657	EXP	Feedback: autoDraw = false
243.40455000000657	EXP	text_3: autoDraw = true
245.55320999999822	EXP	text_3: autoDraw = false
245.55320999999822	EXP	text_3: autoDraw = false
245.55320999999822	EXP	text_2: autoDraw = true
245.55320999999822	EXP	text_2: text = 0
245.5705600000074	EXP	text_2: text = 18
245.58750500000315	EXP	text_2: text = 35
245.60249000000476	EXP	text_2: text = 50
245.6205350000091	EXP	text_2: text = 68
245.63753500000166	EXP	text_2: text = 85
245.65348999999696	EXP	text_2: text = 101
245.67056500000763	EXP	text_2: text = 118
245.6875549999968	EXP	text_2: text = 135
245.70330999999715	EXP	text_2: text = 150
245.72031499999866	EXP	text_2: text = 168
245.7375150000007	EXP	text_2: text = 185
245.7525350000069	EXP	text_2: text = 200
245.7704400000075	EXP	text_2: text = 218
245.78744500000903	EXP	text_2: text = 235
245.8034600000101	EXP	text_2: text = 251
245.82063000000198	EXP	text_2: text = 268
245.83757000000332	EXP	text_2: text = 285
245.84313999999722	DATA	Keydown:  
245.8532750000013	EXP	text_2: text = 300
245.8532750000013	EXP	text_2: autoDraw = false
245.8532750000013	EXP	Feedback: text = 290
245.8532750000013	EXP	Feedback: autoDraw = true
246.8535850000044	EXP	Feedback: autoDraw = false
246.8535850000044	EXP	Feedback: autoDraw = false
246.8535850000044	EXP	text_3: autoDraw = true
254.42147000000114	EXP	text_3: autoDraw = false
254.42147000000114	EXP	text_3: autoDraw = false
254.42147000000114	EXP	text_2: autoDraw = true
254.42147000000114	EXP	text_2: text = 0
254.43693500000518	EXP	text_2: text = 16
254.45393499999773	EXP	text_2: text = 33
254.47088500000245	EXP	text_2: text = 50
254.4858099999983	EXP	text_2: text = 65
254.50379000000248	EXP	text_2: text = 83
254.52083000000857	EXP	text_2: text = 100
254.53679500000726	EXP	text_2: text = 116
254.553820000001	EXP	text_2: text = 133
254.57092500000726	EXP	text_2: text = 150
254.58678500000678	EXP	text_2: text = 166
254.6038150000095	EXP	text_2: text = 183
254.62081999999646	EXP	text_2: text = 200
254.63596500000858	EXP	text_2: text = 215
254.65383999999904	EXP	text_2: text = 233
254.6709850000043	EXP	text_2: text = 250
254.6859700000059	EXP	text_2: text = 265
254.6975800000073	DATA	Keydown:  
254.70432000000437	EXP	text_2: text = 283
254.70432000000437	EXP	text_2: autoDraw = false
254.70432000000437	EXP	Feedback: text = 276
254.70432000000437	EXP	Feedback: autoDraw = true
255.70385499999975	EXP	Feedback: autoDraw = false
255.70385499999975	EXP	Feedback: autoDraw = false
255.70385499999975	EXP	text_3: autoDraw = true
258.40498500000103	EXP	text_3: autoDraw = false
258.40498500000103	EXP	text_3: autoDraw = false
258.40498500000103	EXP	text_2: autoDraw = true
258.40498500000103	EXP	text_2: text = 0
258.42046000000846	EXP	text_2: text = 16
258.43731500000285	EXP	text_2: text = 33
258.4544500000047	EXP	text_2: text = 50
258.470490000007	EXP	text_2: text = 66
258.48743999999715	EXP	text_2: text = 83
258.5043650000007	EXP	text_2: text = 100
258.5204999999987	EXP	text_2: text = 116
258.53637499999604	EXP	text_2: text = 132
258.5543900000048	EXP	text_2: text = 150
258.5694250000088	EXP	text_2: text = 165
258.58749499999976	EXP	text_2: text = 183
258.6044350000011	EXP	text_2: text = 200
258.6204149999976	EXP	text_2: text = 216
258.63746500000707	EXP	text_2: text = 233
258.6544900000008	EXP	text_2: text = 250
258.67055500000424	EXP	text_2: text = 266
258.68020499999693	DATA	Keydown:  
258.68783000000985	EXP	text_2: text = 283
258.68783000000985	EXP	text_2: autoDraw = false
258.68783000000985	EXP	Feedback: text = 275
258.68783000000985	EXP	Feedback: autoDraw = true
259.6881399999984	EXP	Feedback: autoDraw = false
259.6881399999984	EXP	Feedback: autoDraw = false
259.6881399999984	EXP	text_3: autoDraw = true
263.9380749999982	EXP	text_3: autoDraw = false
263.9380749999982	EXP	text_3: autoDraw = false
263.9380749999982	EXP	text_2: autoDraw = true
263.9380749999982	EXP	text_2: text = 0
263.9534249999997	EXP	text_2: text = 16
263.9705050000048	EXP	text_2: text = 33
263.9876199999999	EXP	text_2: text = 50
264.0045550000068	EXP	text_2: text = 67
264.02055500001006	EXP	text_2: text = 83
264.037605000005	EXP	text_2: text = 100
264.0535050000035	EXP	text_2: text = 116
264.06950500000676	EXP	text_2: text = 132
264.0873649999994	EXP	text_2: text = 150
264.10336500000267	EXP	text_2: text = 166
264.11939500000153	EXP	text_2: text = 182
264.1363649999985	EXP	text_2: text = 199
264.1533150000032	EXP	text_2: text = 216
264.17027000000235	EXP	text_2: text = 233
264.18729000000167	EXP	text_2: text = 250
264.20330500000273	EXP	text_2: text = 266
264.218789999999	DATA	Keydown:  
264.2208099999989	EXP	text_2: text = 283
264.2208099999989	EXP	text_2: autoDraw = false
264.2208099999989	EXP	Feedback: text = 281
264.2208099999989	EXP	Feedback: autoDraw = true
265.22143000000506	EXP	Feedback: autoDraw = false
265.22143000000506	EXP	Feedback: autoDraw = false
265.22143000000506	EXP	text_3: autoDraw = true
267.98787500000617	EXP	text_3: autoDraw = false
267.98787500000617	EXP	text_3: autoDraw = false
267.98787500000617	EXP	text_2: autoDraw = true
267.98787500000617	EXP	text_2: text = 0
268.00273000000743	EXP	text_2: text = 16
268.0207000000082	EXP	text_2: text = 34
268.0366800000047	EXP	text_2: text = 50
268.05382500000997	EXP	text_2: text = 67
268.0708050000103	EXP	text_2: text = 84
268.08780000000843	EXP	text_2: text = 101
268.10374500000034	EXP	text_2: text = 117
268.12069500000507	EXP	text_2: text = 134
268.13668000001053	EXP	text_2: text = 150
268.1538200000068	EXP	text_2: text = 167
268.1707100000058	EXP	text_2: text = 184
268.1877600000007	EXP	text_2: text = 201
268.2037500000006	EXP	text_2: text = 217
268.22069499999634	EXP	text_2: text = 234
268.2378699999972	EXP	text_2: text = 251
268.2527950000076	EXP	text_2: text = 266
268.26166000000376	DATA	Keydown:  
268.2702600000048	EXP	text_2: text = 283
268.2702600000048	EXP	text_2: autoDraw = false
268.2702600000048	EXP	Feedback: text = 274
268.2702600000048	EXP	Feedback: autoDraw = true
269.27156999999715	EXP	Feedback: autoDraw = false
269.27156999999715	EXP	Feedback: autoDraw = false
269.27156999999715	EXP	text_3: autoDraw = true
274.75383000000147	EXP	text_3: autoDraw = false
274.75383000000147	EXP	text_3: autoDraw = false
274.75383000000147	EXP	text_2: autoDraw = true
274.75383000000147	EXP	text_2: text = 0
274.77035500000056	EXP	text_2: text = 17
274.78743500000564	EXP	text_2: text = 34
274.80444000000716	EXP	text_2: text = 51
274.82046000000264	EXP	text_2: text = 67
274.83746000000974	EXP	text_2: text = 84
274.8544099999999	EXP	text_2: text = 101
274.87044500000775	EXP	text_2: text = 117
274.8874599999981	EXP	text_2: text = 134
274.904435000004	EXP	text_2: text = 151
274.9204449999961	EXP	text_2: text = 167
274.9374400000088	EXP	text_2: text = 184
274.9527600000001	EXP	text_2: text = 199
274.9700750000047	EXP	text_2: text = 216
274.98742499999935	EXP	text_2: text = 234
274.99278500000946	DATA	Keydown:  
275.00423500000034	EXP	text_2: text = 250
275.00423500000034	EXP	text_2: autoDraw = false
275.00423500000034	EXP	Feedback: text = 239
275.00423500000034	EXP	Feedback: autoDraw = true
276.00394999999844	EXP	Feedback: autoDraw = false
276.00394999999844	EXP	Feedback: autoDraw = false
276.00394999999844	EXP	text_3: autoDraw = true
282.3044300000038	EXP	text_3: autoDraw = false
282.3044300000038	EXP	text_3: autoDraw = false
282.3044300000038	EXP	text_2: autoDraw = true
282.3044300000038	EXP	text_2: text = 0
282.3210700000054	EXP	text_2: text = 17
282.3380150000012	EXP	text_2: text = 34
282.35405999999784	EXP	text_2: text = 50
282.37098000000697	EXP	text_2: text = 67
282.3880400000053	EXP	text_2: text = 84
282.4039699999994	EXP	text_2: text = 100
282.4209899999987	EXP	text_2: text = 117
282.436910000004	EXP	text_2: text = 133
282.45283000000927	EXP	text_2: text = 149
282.4709750000038	EXP	text_2: text = 167
282.48798000000534	EXP	text_2: text = 184
282.50389999999607	EXP	text_2: text = 200
282.52095000000554	EXP	text_2: text = 217
282.53800500000943	EXP	text_2: text = 234
282.5529200000019	EXP	text_2: text = 249
282.56928999999946	DATA	Keydown:  
282.57127000000037	EXP	text_2: text = 267
282.57127000000037	EXP	text_2: autoDraw = false
282.57127000000037	EXP	Feedback: text = 265
282.57127000000037	EXP	Feedback: autoDraw = true
283.5720500000025	EXP	Feedback: autoDraw = false
283.5720500000025	EXP	Feedback: autoDraw = false
283.5720500000025	EXP	text_3: autoDraw = true
292.1039000000019	EXP	text_3: autoDraw = false
292.1039000000019	EXP	text_3: autoDraw = false
292.1039000000019	EXP	text_2: autoDraw = true
292.1039000000019	EXP	text_2: text = 0
292.1214650000038	EXP	text_2: text = 18
292.13633000000846	EXP	text_2: text = 33
292.1543099999981	EXP	text_2: text = 51
292.1713949999976	EXP	text_2: text = 68
292.1863650000014	EXP	text_2: text = 83
292.2044200000091	EXP	text_2: text = 101
292.2213199999969	EXP	text_2: text = 118
292.2363500000065	EXP	text_2: text = 133
292.2542749999993	EXP	text_2: text = 151
292.2713800000056	EXP	text_2: text = 168
292.28735500000766	EXP	text_2: text = 184
292.3043650000036	EXP	text_2: text = 201
292.32127500000934	EXP	text_2: text = 218
292.336255000002	EXP	text_2: text = 233
292.35435999999754	EXP	text_2: text = 251
292.36030500000925	DATA	Keydown:  
292.3718999999983	EXP	text_2: text = 268
292.3718999999983	EXP	text_2: autoDraw = false
292.3718999999983	EXP	Feedback: text = 256
292.3718999999983	EXP	Feedback: autoDraw = true
293.3720500000054	EXP	Feedback: autoDraw = false
293.3720500000054	EXP	Feedback: autoDraw = false
293.3720500000054	EXP	text_3: autoDraw = true
299.43792500000563	EXP	text_3: autoDraw = false
299.43792500000563	EXP	text_3: autoDraw = false
299.43792500000563	EXP	text_2: autoDraw = true
299.43792500000563	EXP	text_2: text = 0
299.45300500000303	EXP	text_2: text = 16
299.46997000000556	EXP	text_2: text = 33
299.4868850000057	EXP	text_2: text = 50
299.50296500000695	EXP	text_2: text = 66
299.5209449999966	EXP	text_2: text = 84
299.53686000000744	EXP	text_2: text = 100
299.5530399999989	EXP	text_2: text = 116
299.5709449999995	EXP	text_2: text = 134
299.5879149999964	EXP	text_2: text = 151
299.60491500000353	EXP	text_2: text = 168
299.61994499999855	EXP	text_2: text = 183
299.6367800000007	EXP	text_2: text = 200
299.65295499999775	EXP	text_2: text = 216
299.6710100000055	EXP	text_2: text = 234
299.6879800000024	EXP	text_2: text = 251
299.703085000001	EXP	text_2: text = 266
299.7210300000006	EXP	text_2: text = 284
299.73742499999935	DATA	Keydown:  
299.73910500000056	EXP	text_2: text = 301
299.73910500000056	EXP	text_2: autoDraw = false
299.73910500000056	EXP	Feedback: text = 300
299.73910500000056	EXP	Feedback: autoDraw = true
300.73768000000564	EXP	Feedback: autoDraw = false
300.73768000000564	EXP	Feedback: autoDraw = false
300.73768000000564	EXP	text_3: autoDraw = true
309.93868000000657	EXP	text_3: autoDraw = false
309.93868000000657	EXP	text_3: autoDraw = false
309.93868000000657	EXP	text_2: autoDraw = true
309.93868000000657	EXP	text_2: text = 0
309.95322500000475	EXP	text_2: text = 15
309.9702899999975	EXP	text_2: text = 32
309.9883300000074	EXP	text_2: text = 50
310.0031350000063	EXP	text_2: text = 65
310.0214500000002	EXP	text_2: text = 83
310.03724499999953	EXP	text_2: text = 99
310.0543800000014	EXP	text_2: text = 116
310.0714549999975	EXP	text_2: text = 133
310.0883150000009	EXP	text_2: text = 150
310.10430500000075	EXP	text_2: text = 166
310.12130500000785	EXP	text_2: text = 183
310.13831000000937	EXP	text_2: text = 200
310.15427500000806	EXP	text_2: text = 216
310.171245000005	EXP	text_2: text = 233
310.1882949999999	EXP	text_2: text = 250
310.2042150000052	EXP	text_2: text = 266
310.2213150000025	EXP	text_2: text = 283
310.23712499999965	DATA	Keydown:  
310.23844500000996	EXP	text_2: text = 299
310.23844500000996	EXP	text_2: autoDraw = false
310.23844500000996	EXP	Feedback: text = 298
310.23844500000996	EXP	Feedback: autoDraw = true
311.24289500000305	EXP	Feedback: autoDraw = false
311.24289500000305	EXP	Feedback: autoDraw = false
311.24289500000305	EXP	End_text: autoDraw = true
324.9341950000089	DATA	Mouse: 0 button down, pos=(1007,503)
325.01051000000734	DATA	Mouse: 0 button down, pos=(1007,503)
