2.670739999972284	EXP	Created Window = Window( name=Window, fullscr=true, color=#000000, units=height, waitBlanking=true, autoLog=true, size=[1366,657] )
8.873839999898337	DATA	Keydown: Shift
9.154764999984764	DATA	Keydown: M
9.903849999886006	DATA	Keydown: 5
10.18449499993585	DATA	Keydown: 6
10.292149999993853	DATA	Keydown: 6
10.573524999897927	DATA	Keydown: 7
10.741739999968559	DATA	Keydown: 9
13.487604999914765	DATA	Keydown: Backspace
13.623814999940805	DATA	Keydown: Backspace
13.755064999917522	DATA	Keydown: Backspace
14.090849999920465	DATA	Keydown: Backspace
14.533979999949224	DATA	Keydown: 7
14.652964999899268	DATA	Keydown: 7
14.900909999967553	DATA	Keydown: 6
15.084284999989904	DATA	Keydown: 9
20.07738499995321	EXP	Created text = TextStim( name=text, win=Window( name=Window, fullscr=true, color=#000000, ~), autoDraw=null, autoLog=true, units=height, ori=null, opacity=1, pos=[0,0], size=undefined, text=INSTRUCTIONS [EN]


A counter will appear and star~, font=Arial, color=#FFFFFF, contrast=1, height=0.03, bold=null, italic=null, alignHoriz=left, alignVert=center, wrapWidth=1, flipHoriz=null, flipVert=null )
20.078734999988228	EXP	Created text_3 = TextStim( name=text_3, win=Window( name=Window, fullscr=true, color=#000000, ~), autoDraw=null, autoLog=true, units=height, ori=null, opacity=1, pos=[0,0], size=undefined, text=null, font=Arial, color=#FFFFFF, contrast=1, height=0.1, bold=null, italic=null, alignHoriz=left, alignVert=center, wrapWidth=1, flipHoriz=null, flipVert=null )
20.07950999995228	EXP	Created text_2 = TextStim( name=text_2, win=Window( name=Window, fullscr=true, color=#000000, ~), autoDraw=null, autoLog=true, units=height, ori=null, opacity=1, pos=[0,0], size=undefined, text=default text, font=Arial, color=#ff0000, contrast=1, height=0.15, bold=null, italic=null, alignHoriz=left, alignVert=center, wrapWidth=1, flipHoriz=null, flipVert=null )
20.081349999993108	EXP	Created Feedback = TextStim( name=Feedback, win=Window( name=Window, fullscr=true, color=#000000, ~), autoDraw=null, autoLog=true, units=height, ori=null, opacity=1, pos=[0,0], size=undefined, text=default text, font=Arial, color=#ff0000, contrast=1, height=0.15, bold=null, italic=null, alignHoriz=left, alignVert=center, wrapWidth=1, flipHoriz=null, flipVert=null )
20.08934499998577	EXP	Created End_text = TextStim( name=End_text, win=Window( name=Window, fullscr=true, color=#000000, ~), autoDraw=null, autoLog=true, units=height, ori=null, opacity=1, pos=[0,0], size=undefined, text=This study aimed to look at procedural learning, i~, font=Arial, color=#FFFFFF, contrast=1, height=0.025, bold=null, italic=null, alignHoriz=left, alignVert=center, wrapWidth=1, flipHoriz=null, flipVert=null )
20.429079999914393	EXP	text: units = "height"
20.429079999914393	EXP	text: ori = 0
20.429079999914393	EXP	text: opacity = 1
20.429079999914393	EXP	text: pos = [0,0]
20.429079999914393	EXP	text: size = undefined
20.429079999914393	EXP	text: text = "INSTRUCTIONS [EN]\n\n\nA counter will appear and start counting at random times, press SPACE as fast as possible when it appears.\n\n\nPress SPACE to start\n\n-------\n\nInstruções [PT]\n\n\nUm cronómetro vai aparecer e começar a contar aleatoriamente, pressione a tecla SPACE assim que ele aparecer.\n\n\nPressiona SPACE para começar."
20.429079999914393	EXP	text: font = "Arial"
20.429079999914393	EXP	text: color = {"_hex":"#FFFFFF","_rgb":[1,1,1]}
20.429079999914393	EXP	text: contrast = 1
20.429079999914393	EXP	text: height = 0.03
20.429079999914393	EXP	text: bold = false
20.429079999914393	EXP	text: italic = false
20.429079999914393	EXP	text: alignHoriz = "left"
20.429079999914393	EXP	text: alignVert = "center"
20.429079999914393	EXP	text: wrapWidth = 1
20.429079999914393	EXP	text: flipHoriz = false
20.429079999914393	EXP	text: flipVert = false
20.429079999914393	EXP	text_3: units = "height"
20.429079999914393	EXP	text_3: ori = 0
20.429079999914393	EXP	text_3: opacity = 1
20.429079999914393	EXP	text_3: pos = [0,0]
20.429079999914393	EXP	text_3: size = undefined
20.429079999914393	EXP	text_3: text = ""
20.429079999914393	EXP	text_3: font = "Arial"
20.429079999914393	EXP	text_3: color = {"_hex":"#FFFFFF","_rgb":[1,1,1]}
20.429079999914393	EXP	text_3: contrast = 1
20.429079999914393	EXP	text_3: height = 0.1
20.429079999914393	EXP	text_3: bold = false
20.429079999914393	EXP	text_3: italic = false
20.429079999914393	EXP	text_3: alignHoriz = "left"
20.429079999914393	EXP	text_3: alignVert = "center"
20.429079999914393	EXP	text_3: wrapWidth = 1
20.429079999914393	EXP	text_3: flipHoriz = false
20.429079999914393	EXP	text_3: flipVert = false
20.429079999914393	EXP	text_2: units = "height"
20.429079999914393	EXP	text_2: ori = 0
20.429079999914393	EXP	text_2: opacity = 1
20.429079999914393	EXP	text_2: pos = [0,0]
20.429079999914393	EXP	text_2: size = undefined
20.429079999914393	EXP	text_2: text = "default text"
20.429079999914393	EXP	text_2: font = "Arial"
20.429079999914393	EXP	text_2: color = {"_rgb":[1,0,0]}
20.429079999914393	EXP	text_2: contrast = 1
20.429079999914393	EXP	text_2: height = 0.15
20.429079999914393	EXP	text_2: bold = false
20.429079999914393	EXP	text_2: italic = false
20.429079999914393	EXP	text_2: alignHoriz = "left"
20.429079999914393	EXP	text_2: alignVert = "center"
20.429079999914393	EXP	text_2: wrapWidth = 1
20.429079999914393	EXP	text_2: flipHoriz = false
20.429079999914393	EXP	text_2: flipVert = false
20.429079999914393	EXP	Feedback: units = "height"
20.429079999914393	EXP	Feedback: ori = 0
20.429079999914393	EXP	Feedback: opacity = 1
20.429079999914393	EXP	Feedback: pos = [0,0]
20.429079999914393	EXP	Feedback: size = undefined
20.429079999914393	EXP	Feedback: text = "default text"
20.429079999914393	EXP	Feedback: font = "Arial"
20.429079999914393	EXP	Feedback: color = {"_rgb":[1,0,0]}
20.429079999914393	EXP	Feedback: contrast = 1
20.429079999914393	EXP	Feedback: height = 0.15
20.429079999914393	EXP	Feedback: bold = false
20.429079999914393	EXP	Feedback: italic = false
20.429079999914393	EXP	Feedback: alignHoriz = "left"
20.429079999914393	EXP	Feedback: alignVert = "center"
20.429079999914393	EXP	Feedback: wrapWidth = 1
20.429079999914393	EXP	Feedback: flipHoriz = false
20.429079999914393	EXP	Feedback: flipVert = false
20.429079999914393	EXP	End_text: units = "height"
20.429079999914393	EXP	End_text: ori = 0
20.429079999914393	EXP	End_text: opacity = 1
20.429079999914393	EXP	End_text: pos = [0,0]
20.429079999914393	EXP	End_text: size = undefined
20.429079999914393	EXP	End_text: text = "This study aimed to look at procedural learning, i.e. our ability to extract patterns from the input that we are constantly receiving. This skill is thought to be essential for language and literacy acquisition and has been suggested as a possible underlying difficult in children with Language Impairments and Dyslexia. This study aims to improve the measures of procedural learning (the smiley face task) so that we can measure procedural learning more reliably and, in the future, analyse the performance of individuals with learning impairments.\nThank you for participating!\n\n----\n\nEste estudo tem como objectivo analisar a nossa capacidade de extrair padrões da informação que estamos constantemente a receber. Pensa-se que esta competência é essencial para a aquisição da linguagem e literacia e foi sugerido que dificuldades neste tipo de competências poderá estar relacionado com perturbações da linguagem e Dislexia. Este estudo tem como objectivo melhorar a estabilidade das medidas usadas para medir este tipo de memória (a tarefa da cara sorridente) de forma a poder medir de forma mais precisa e, no futuro, analisar a performance de indivíduos com perturbações da aprendizagem. \nMuito obrigada por ter participado!"
20.429079999914393	EXP	End_text: font = "Arial"
20.429079999914393	EXP	End_text: color = {"_hex":"#FFFFFF","_rgb":[1,1,1]}
20.429079999914393	EXP	End_text: contrast = 1
20.429079999914393	EXP	End_text: height = 0.025
20.429079999914393	EXP	End_text: bold = false
20.429079999914393	EXP	End_text: italic = false
20.429079999914393	EXP	End_text: alignHoriz = "left"
20.429079999914393	EXP	End_text: alignVert = "center"
20.429079999914393	EXP	End_text: wrapWidth = 1
20.429079999914393	EXP	End_text: flipHoriz = false
20.429079999914393	EXP	End_text: flipVert = false
20.429079999914393	EXP	text: autoDraw = true
23.403999999980442	DATA	Keydown:  
23.438019999885	EXP	text: autoDraw = false
23.438019999885	EXP	text_3: autoDraw = true
28.89779499999713	EXP	text_3: autoDraw = false
28.89779499999713	EXP	text_3: autoDraw = false
28.89779499999713	EXP	text_2: autoDraw = true
28.89779499999713	EXP	text_2: text = 1
28.9293399999151	EXP	text_2: text = 127
28.9508949998999	EXP	text_2: text = 149
28.967019999981858	EXP	text_2: text = 165
28.98413499991875	EXP	text_2: text = 182
29.00042499997653	EXP	text_2: text = 198
29.017249999917112	EXP	text_2: text = 215
29.033699999912642	EXP	text_2: text = 232
29.050929999910295	EXP	text_2: text = 249
29.067654999904335	EXP	text_2: text = 265
29.08401499991305	EXP	text_2: text = 282
29.100569999893196	EXP	text_2: text = 298
29.117084999918006	EXP	text_2: text = 315
29.13418999989517	EXP	text_2: text = 332
29.15046999999322	EXP	text_2: text = 348
29.167184999911115	EXP	text_2: text = 365
29.18406999995932	EXP	text_2: text = 382
29.20045999996364	EXP	text_2: text = 398
29.217209999915212	EXP	text_2: text = 415
29.234029999934137	EXP	text_2: text = 432
29.250889999908395	EXP	text_2: text = 448
29.262149999965914	DATA	Keydown:  
29.26943499990739	EXP	text_2: text = 465
29.26943499990739	EXP	text_2: autoDraw = false
29.26943499990739	EXP	Feedback: text = 365
29.26943499990739	EXP	Feedback: autoDraw = true
30.272084999945946	EXP	Feedback: autoDraw = false
30.272084999945946	EXP	Feedback: autoDraw = false
30.272084999945946	EXP	text_3: autoDraw = true
36.48853499989491	EXP	text_3: autoDraw = false
36.48853499989491	EXP	text_3: autoDraw = false
36.48853499989491	EXP	text_2: autoDraw = true
36.48853499989491	EXP	text_2: text = 0
36.50314999988768	EXP	text_2: text = 16
36.5188049999997	EXP	text_2: text = 33
36.53669999993872	EXP	text_2: text = 50
36.55264999996871	EXP	text_2: text = 66
36.56954499997664	EXP	text_2: text = 83
36.585884999949485	EXP	text_2: text = 99
36.60268999997061	EXP	text_2: text = 116
36.62044499989133	EXP	text_2: text = 133
36.63585500000045	EXP	text_2: text = 149
36.652459999895655	EXP	text_2: text = 166
36.66940499993507	EXP	text_2: text = 183
36.686104999971576	EXP	text_2: text = 200
36.70274999993853	EXP	text_2: text = 216
36.718779999995604	EXP	text_2: text = 233
36.734129999997094	EXP	text_2: text = 249
36.73928499990143	DATA	Keydown:  
36.75324499991257	EXP	text_2: text = 266
36.75324499991257	EXP	text_2: autoDraw = false
36.75324499991257	EXP	Feedback: text = 251
36.75324499991257	EXP	Feedback: autoDraw = true
37.754294999991544	EXP	Feedback: autoDraw = false
37.754294999991544	EXP	Feedback: autoDraw = false
37.754294999991544	EXP	text_3: autoDraw = true
46.420289999921806	EXP	text_3: autoDraw = false
46.420289999921806	EXP	text_3: autoDraw = false
46.420289999921806	EXP	text_2: autoDraw = true
46.420289999921806	EXP	text_2: text = 0
46.43507999996655	EXP	text_2: text = 16
46.46808999998029	EXP	text_2: text = 49
46.48485499992967	EXP	text_2: text = 66
46.501279999967664	EXP	text_2: text = 83
46.51776499999687	EXP	text_2: text = 99
46.534329999936745	EXP	text_2: text = 116
46.551469999947585	EXP	text_2: text = 133
46.56796499993652	EXP	text_2: text = 149
46.58468999993056	EXP	text_2: text = 166
46.60012999991886	EXP	text_2: text = 182
46.61730499996338	EXP	text_2: text = 199
46.63452999992296	EXP	text_2: text = 216
46.646809999947436	DATA	Keydown:  
46.653474999940954	EXP	text_2: text = 233
46.653474999940954	EXP	text_2: autoDraw = false
46.653474999940954	EXP	Feedback: text = 227
46.653474999940954	EXP	Feedback: autoDraw = true
47.65344999998342	EXP	Feedback: autoDraw = false
47.65344999998342	EXP	Feedback: autoDraw = false
47.65344999998342	EXP	text_3: autoDraw = true
56.60793499997817	EXP	text_3: autoDraw = false
56.60793499997817	EXP	text_3: autoDraw = false
56.60793499997817	EXP	text_2: autoDraw = true
56.60793499997817	EXP	text_2: text = 0
56.621134999906644	EXP	text_2: text = 15
56.63766999996733	EXP	text_2: text = 32
56.6520699999528	EXP	text_2: text = 49
56.66891999996733	EXP	text_2: text = 65
56.68535499996506	EXP	text_2: text = 82
56.702564999926835	EXP	text_2: text = 99
56.71875	EXP	text_2: text = 115
56.735804999945685	EXP	text_2: text = 132
56.75200999993831	EXP	text_2: text = 148
56.76872499997262	EXP	text_2: text = 165
56.78566499997396	EXP	text_2: text = 182
56.80238499992993	EXP	text_2: text = 199
56.81926999997813	EXP	text_2: text = 216
56.82552999991458	DATA	Keydown:  
56.83770999999251	EXP	text_2: text = 232
56.83770999999251	EXP	text_2: autoDraw = false
56.83770999999251	EXP	Feedback: text = 218
56.83770999999251	EXP	Feedback: autoDraw = true
57.84142499999143	EXP	Feedback: autoDraw = false
57.84142499999143	EXP	Feedback: autoDraw = false
57.84142499999143	EXP	text_3: autoDraw = true
67.05621999991126	EXP	text_3: autoDraw = false
67.05621999991126	EXP	text_3: autoDraw = false
67.05621999991126	EXP	text_2: autoDraw = true
67.05621999991126	EXP	text_2: text = 0
67.0699349999195	EXP	text_2: text = 16
67.08654499996919	EXP	text_2: text = 33
67.10341499990318	EXP	text_2: text = 49
67.11998499999754	EXP	text_2: text = 66
67.13655499997549	EXP	text_2: text = 83
67.15412499988452	EXP	text_2: text = 99
67.16915999993216	EXP	text_2: text = 116
67.18516499991529	EXP	text_2: text = 133
67.20168499997817	EXP	text_2: text = 149
67.21797499991953	EXP	text_2: text = 166
67.23519999999553	EXP	text_2: text = 183
67.25242999999318	EXP	text_2: text = 200
67.26854999992065	EXP	text_2: text = 216
67.2851799998898	EXP	text_2: text = 233
67.28778999997303	DATA	Keydown:  
67.30417999997735	EXP	text_2: text = 250
67.30417999997735	EXP	text_2: autoDraw = false
67.30417999997735	EXP	Feedback: text = 232
67.30417999997735	EXP	Feedback: autoDraw = true
68.30824499996379	EXP	Feedback: autoDraw = false
68.30824499996379	EXP	Feedback: autoDraw = false
68.30824499996379	EXP	text_3: autoDraw = true
72.92423499992583	EXP	text_3: autoDraw = false
72.92423499992583	EXP	text_3: autoDraw = false
72.92423499992583	EXP	text_2: autoDraw = true
72.92423499992583	EXP	text_2: text = 0
72.93806999991648	EXP	text_2: text = 17
72.9535999998916	EXP	text_2: text = 33
72.96958999999333	EXP	text_2: text = 50
72.98618499992881	EXP	text_2: text = 66
73.00264500000048	EXP	text_2: text = 83
73.01945499994326	EXP	text_2: text = 100
73.03638999990653	EXP	text_2: text = 117
73.05258499993943	EXP	text_2: text = 133
73.06935499992687	EXP	text_2: text = 150
73.08610499999486	EXP	text_2: text = 167
73.10268499993253	EXP	text_2: text = 183
73.11996499996167	EXP	text_2: text = 200
73.13614999991842	EXP	text_2: text = 216
73.152854999993	EXP	text_2: text = 233
73.16909499990288	EXP	text_2: text = 250
73.18595499999356	EXP	text_2: text = 266
73.20277499989606	EXP	text_2: text = 284
73.21927999996115	EXP	text_2: text = 300
73.22904499992728	DATA	Keydown:  
73.23796999990009	EXP	text_2: text = 317
73.23796999990009	EXP	text_2: autoDraw = false
73.23796999990009	EXP	Feedback: text = 305
73.23796999990009	EXP	Feedback: autoDraw = true
74.23761499999091	EXP	Feedback: autoDraw = false
74.23761499999091	EXP	Feedback: autoDraw = false
74.23761499999091	EXP	text_3: autoDraw = true
79.5547849999275	EXP	text_3: autoDraw = false
79.5547849999275	EXP	text_3: autoDraw = false
79.5547849999275	EXP	text_2: autoDraw = true
79.5547849999275	EXP	text_2: text = 0
79.56919999991078	EXP	text_2: text = 16
79.58645999990404	EXP	text_2: text = 33
79.60272499988787	EXP	text_2: text = 50
79.61937999993097	EXP	text_2: text = 66
79.63614499999676	EXP	text_2: text = 83
79.6526999999769	EXP	text_2: text = 100
79.66966999997385	EXP	text_2: text = 116
79.68653499998618	EXP	text_2: text = 133
79.70330499997362	EXP	text_2: text = 150
79.72018999990541	EXP	text_2: text = 167
79.73623999999836	EXP	text_2: text = 183
79.75155499996617	EXP	text_2: text = 200
79.76852499996312	EXP	text_2: text = 216
79.78477999998722	EXP	text_2: text = 233
79.7914499999024	DATA	Keydown:  
79.80317999992985	EXP	text_2: text = 249
79.80317999992985	EXP	text_2: autoDraw = false
79.80317999992985	EXP	Feedback: text = 237
79.80317999992985	EXP	Feedback: autoDraw = true
80.80205999989994	EXP	Feedback: autoDraw = false
80.80205999989994	EXP	Feedback: autoDraw = false
80.80205999989994	EXP	text_3: autoDraw = true
89.89025999989826	EXP	text_3: autoDraw = false
89.89025999989826	EXP	text_3: autoDraw = false
89.89025999989826	EXP	text_2: autoDraw = true
89.89025999989826	EXP	text_2: text = 0
89.90314999991097	EXP	text_2: text = 16
89.92031999991741	EXP	text_2: text = 33
89.93688999989536	EXP	text_2: text = 50
89.95162999990862	EXP	text_2: text = 65
89.96844999992754	EXP	text_2: text = 82
89.98500499990769	EXP	text_2: text = 99
90.00136999995448	EXP	text_2: text = 115
90.01773999992292	EXP	text_2: text = 132
90.03482499998063	EXP	text_2: text = 148
90.05202499998268	EXP	text_2: text = 166
90.06863999995403	EXP	text_2: text = 182
90.08532999991439	EXP	text_2: text = 199
90.10406499996316	EXP	text_2: text = 216
90.1206349999411	EXP	text_2: text = 233
90.13668499991763	EXP	text_2: text = 249
90.15472499991301	EXP	text_2: text = 267
90.15926499990746	DATA	Keydown:  
90.17455999995582	EXP	text_2: text = 283
90.17455999995582	EXP	text_2: autoDraw = false
90.17455999995582	EXP	Feedback: text = 269
90.17455999995582	EXP	Feedback: autoDraw = true
91.17160499992315	EXP	Feedback: autoDraw = false
91.17160499992315	EXP	Feedback: autoDraw = false
91.17160499992315	EXP	text_3: autoDraw = true
94.40457999997307	EXP	text_3: autoDraw = false
94.40457999997307	EXP	text_3: autoDraw = false
94.40457999997307	EXP	text_2: autoDraw = true
94.40457999997307	EXP	text_2: text = 0
94.41918999992777	EXP	text_2: text = 16
94.43574499990791	EXP	text_2: text = 32
94.45235999999568	EXP	text_2: text = 49
94.46890999993775	EXP	text_2: text = 66
94.48563999996986	EXP	text_2: text = 83
94.50251999998	EXP	text_2: text = 99
94.51868999993894	EXP	text_2: text = 116
94.53625999996439	EXP	text_2: text = 133
94.55272999999579	EXP	text_2: text = 150
94.56903999997303	EXP	text_2: text = 166
94.58503999991808	EXP	text_2: text = 182
94.60275499999989	EXP	text_2: text = 199
94.61872999998741	EXP	text_2: text = 216
94.63775999995414	EXP	text_2: text = 234
94.65543999988586	EXP	text_2: text = 249
94.66874499991536	EXP	text_2: text = 266
94.68576999998186	EXP	text_2: text = 283
94.70263999991585	EXP	text_2: text = 299
94.71926499996334	EXP	text_2: text = 316
94.73592999996617	EXP	text_2: text = 333
94.75166999991052	EXP	text_2: text = 350
94.77638999989722	EXP	text_2: text = 365
94.78498999995645	EXP	text_2: text = 382
94.80130999989342	EXP	text_2: text = 399
94.80983499996364	DATA	Keydown:  
94.81945999991149	EXP	text_2: text = 416
94.81945999991149	EXP	text_2: autoDraw = false
94.81945999991149	EXP	Feedback: text = 405
94.81945999991149	EXP	Feedback: autoDraw = true
95.82328999997117	EXP	Feedback: autoDraw = false
95.82328999997117	EXP	Feedback: autoDraw = false
95.82328999997117	EXP	text_3: autoDraw = true
104.9527549999766	EXP	text_3: autoDraw = false
104.9527549999766	EXP	text_3: autoDraw = false
104.9527549999766	EXP	text_2: autoDraw = true
104.9527549999766	EXP	text_2: text = 0
104.96822999999858	EXP	text_2: text = 16
104.98445999994874	EXP	text_2: text = 33
105.00347999995574	EXP	text_2: text = 50
105.0197549998993	EXP	text_2: text = 67
105.03480999998283	EXP	text_2: text = 84
105.05111499992199	EXP	text_2: text = 100
105.06830999988597	EXP	text_2: text = 117
105.08458999998402	EXP	text_2: text = 133
105.1024749999633	EXP	text_2: text = 150
105.11860999988858	EXP	text_2: text = 167
105.13515499990899	EXP	text_2: text = 183
105.15216499997769	EXP	text_2: text = 200
105.16834999993443	EXP	text_2: text = 216
105.18532499996945	EXP	text_2: text = 233
105.2023099999642	EXP	text_2: text = 251
105.20512499997858	DATA	Keydown:  
105.22100499994121	EXP	text_2: text = 267
105.22100499994121	EXP	text_2: autoDraw = false
105.22100499994121	EXP	Feedback: text = 253
105.22100499994121	EXP	Feedback: autoDraw = true
106.21915999997873	EXP	Feedback: autoDraw = false
106.21915999997873	EXP	Feedback: autoDraw = false
106.21915999997873	EXP	text_3: autoDraw = true
112.5900149999652	EXP	text_3: autoDraw = false
112.5900149999652	EXP	text_3: autoDraw = false
112.5900149999652	EXP	text_2: autoDraw = true
112.5900149999652	EXP	text_2: text = 0
112.60343499993905	EXP	text_2: text = 16
112.61890499992296	EXP	text_2: text = 33
112.63523999997415	EXP	text_2: text = 49
112.6514099999331	EXP	text_2: text = 66
112.66827499994542	EXP	text_2: text = 82
112.68438999995124	EXP	text_2: text = 99
112.70143999997526	EXP	text_2: text = 115
112.71811499993782	EXP	text_2: text = 132
112.73477999994066	EXP	text_2: text = 149
112.75237499992363	EXP	text_2: text = 167
112.76937999995425	EXP	text_2: text = 182
112.787164999987	EXP	text_2: text = 200
112.80418999993708	EXP	text_2: text = 216
112.82034499989823	EXP	text_2: text = 233
112.83612499991432	EXP	text_2: text = 249
112.85320999997202	EXP	text_2: text = 266
112.86167499993462	DATA	Keydown:  
112.87320499995258	EXP	text_2: text = 283
112.87320499995258	EXP	text_2: autoDraw = false
112.87320499995258	EXP	Feedback: text = 272
112.87320499995258	EXP	Feedback: autoDraw = true
113.86922499991488	EXP	Feedback: autoDraw = false
113.86922499991488	EXP	Feedback: autoDraw = false
113.86922499991488	EXP	text_3: autoDraw = true
121.92245499999262	EXP	text_3: autoDraw = false
121.92245499999262	EXP	text_3: autoDraw = false
121.92245499999262	EXP	text_2: autoDraw = true
121.92245499999262	EXP	text_2: text = 0
121.9365299999481	EXP	text_2: text = 16
121.9542599999113	EXP	text_2: text = 34
121.96989499998745	EXP	text_2: text = 50
121.98719999997411	EXP	text_2: text = 67
122.00354999990668	EXP	text_2: text = 83
122.01997999998275	EXP	text_2: text = 100
122.0367949999636	EXP	text_2: text = 116
122.05355499999132	EXP	text_2: text = 133
122.06955999997444	EXP	text_2: text = 149
122.08688999991864	EXP	text_2: text = 166
122.10424999997485	EXP	text_2: text = 184
122.12031999998726	EXP	text_2: text = 200
122.13535999995656	EXP	text_2: text = 217
122.1516849999316	EXP	text_2: text = 232
122.1585999999661	DATA	Keydown:  
122.17004999995697	EXP	text_2: text = 250
122.17004999995697	EXP	text_2: autoDraw = false
122.17004999995697	EXP	Feedback: text = 236
122.17004999995697	EXP	Feedback: autoDraw = true
123.17037999990862	EXP	Feedback: autoDraw = false
123.17037999990862	EXP	Feedback: autoDraw = false
123.17037999990862	EXP	text_3: autoDraw = true
128.8578349999152	EXP	text_3: autoDraw = false
128.8578349999152	EXP	text_3: autoDraw = false
128.8578349999152	EXP	text_2: autoDraw = true
128.8578349999152	EXP	text_2: text = 0
128.87194499990437	EXP	text_2: text = 17
128.88827999995556	EXP	text_2: text = 33
128.9046049999306	EXP	text_2: text = 49
128.92186999996193	EXP	text_2: text = 67
128.93813999998383	EXP	text_2: text = 83
128.95474499999546	EXP	text_2: text = 100
128.97184999997262	EXP	text_2: text = 116
128.9879999998957	EXP	text_2: text = 133
129.00547999993432	EXP	text_2: text = 150
129.0210299999453	EXP	text_2: text = 166
129.03982999990694	EXP	text_2: text = 184
129.05451499996707	EXP	text_2: text = 199
129.07129999995232	EXP	text_2: text = 216
129.08772499999031	EXP	text_2: text = 233
129.10257499990985	EXP	text_2: text = 249
129.11938499996904	EXP	text_2: text = 266
129.12441999989096	DATA	Keydown:  
129.1381799998926	EXP	text_2: text = 282
129.1381799998926	EXP	text_2: autoDraw = false
129.1381799998926	EXP	Feedback: text = 267
129.1381799998926	EXP	Feedback: autoDraw = true
130.13779499998782	EXP	Feedback: autoDraw = false
130.13779499998782	EXP	Feedback: autoDraw = false
130.13779499998782	EXP	text_3: autoDraw = true
133.85590499988757	EXP	text_3: autoDraw = false
133.85590499988757	EXP	text_3: autoDraw = false
133.85590499988757	EXP	text_2: autoDraw = true
133.85590499988757	EXP	text_2: text = 0
133.86955499998294	EXP	text_2: text = 17
133.8862599999411	EXP	text_2: text = 33
133.90294999990147	EXP	text_2: text = 50
133.91924999991897	EXP	text_2: text = 67
133.93564999999944	EXP	text_2: text = 83
133.9529849999817	EXP	text_2: text = 100
133.96909499994945	EXP	text_2: text = 116
133.98580499994569	EXP	text_2: text = 133
134.00287999992725	EXP	text_2: text = 150
134.0201699999161	EXP	text_2: text = 167
134.03619999997318	EXP	text_2: text = 183
134.05273999995552	EXP	text_2: text = 200
134.06902499997523	EXP	text_2: text = 216
134.08624499989673	EXP	text_2: text = 233
134.10282499995083	EXP	text_2: text = 250
134.11925999994855	EXP	text_2: text = 266
134.12789999996312	DATA	Keydown:  
134.1381949998904	EXP	text_2: text = 283
134.1381949998904	EXP	text_2: autoDraw = false
134.1381949998904	EXP	Feedback: text = 272
134.1381949998904	EXP	Feedback: autoDraw = true
135.13723499991465	EXP	Feedback: autoDraw = false
135.13723499991465	EXP	Feedback: autoDraw = false
135.13723499991465	EXP	text_3: autoDraw = true
143.80343999993056	EXP	text_3: autoDraw = false
143.80343999993056	EXP	text_3: autoDraw = false
143.80343999993056	EXP	text_2: autoDraw = true
143.80343999993056	EXP	text_2: text = 0
143.81808499991894	EXP	text_2: text = 16
143.83503999991808	EXP	text_2: text = 33
143.85138999996707	EXP	text_2: text = 49
143.8683299999684	EXP	text_2: text = 66
143.8849699998973	EXP	text_2: text = 83
143.90115999989212	EXP	text_2: text = 99
143.91808999993373	EXP	text_2: text = 116
143.93510499992408	EXP	text_2: text = 133
143.95083999994677	EXP	text_2: text = 149
143.9683199999854	EXP	text_2: text = 166
143.98537999996915	EXP	text_2: text = 183
144.0014099999098	EXP	text_2: text = 199
144.0179899999639	EXP	text_2: text = 216
144.03515999997035	EXP	text_2: text = 232
144.05163999996148	EXP	text_2: text = 249
144.06356499996036	DATA	Keydown:  
144.07022999995388	EXP	text_2: text = 267
144.07022999995388	EXP	text_2: autoDraw = false
144.07022999995388	EXP	Feedback: text = 260
144.07022999995388	EXP	Feedback: autoDraw = true
145.07171499996912	EXP	Feedback: autoDraw = false
145.07171499996912	EXP	Feedback: autoDraw = false
145.07171499996912	EXP	text_3: autoDraw = true
148.57225999992806	EXP	text_3: autoDraw = false
148.57225999992806	EXP	text_3: autoDraw = false
148.57225999992806	EXP	text_2: autoDraw = true
148.57225999992806	EXP	text_2: text = 0
148.58731499989517	EXP	text_2: text = 16
148.6028749999823	EXP	text_2: text = 33
148.62000999995507	EXP	text_2: text = 50
148.63637999992352	EXP	text_2: text = 66
148.65282999991905	EXP	text_2: text = 82
148.67044999997597	EXP	text_2: text = 99
148.68639999988955	EXP	text_2: text = 116
148.70345999998972	EXP	text_2: text = 133
148.71970999997575	EXP	text_2: text = 149
148.7363099999493	EXP	text_2: text = 166
148.75318499992136	EXP	text_2: text = 183
148.7700949999271	EXP	text_2: text = 199
148.78661999991164	EXP	text_2: text = 216
148.80313499993645	EXP	text_2: text = 233
148.81969499995466	EXP	text_2: text = 249
148.82340999995358	DATA	Keydown:  
148.83834499993827	EXP	text_2: text = 266
148.83834499993827	EXP	text_2: autoDraw = false
148.83834499993827	EXP	Feedback: text = 251
148.83834499993827	EXP	Feedback: autoDraw = true
149.83756999997422	EXP	Feedback: autoDraw = false
149.83756999997422	EXP	Feedback: autoDraw = false
149.83756999997422	EXP	text_3: autoDraw = true
155.4053899999708	EXP	text_3: autoDraw = false
155.4053899999708	EXP	text_3: autoDraw = false
155.4053899999708	EXP	text_2: autoDraw = true
155.4053899999708	EXP	text_2: text = 0
155.4201349999057	EXP	text_2: text = 16
155.4364399999613	EXP	text_2: text = 33
155.45304499997292	EXP	text_2: text = 50
155.46973999997135	EXP	text_2: text = 66
155.4865999999456	EXP	text_2: text = 83
155.50341999996454	EXP	text_2: text = 100
155.52047499991022	EXP	text_2: text = 116
155.53672999993432	EXP	text_2: text = 133
155.5532349999994	EXP	text_2: text = 150
155.5697799999034	EXP	text_2: text = 166
155.58565999998245	EXP	text_2: text = 183
155.60319999989588	EXP	text_2: text = 199
155.6197149999207	EXP	text_2: text = 216
155.63662499992643	EXP	text_2: text = 233
155.65294999990147	EXP	text_2: text = 249
155.66963999997824	EXP	text_2: text = 266
155.68684499990195	EXP	text_2: text = 283
155.6903399999719	DATA	Keydown:  
155.70564999990165	EXP	text_2: text = 300
155.70564999990165	EXP	text_2: autoDraw = false
155.70564999990165	EXP	Feedback: text = 285
155.70564999990165	EXP	Feedback: autoDraw = true
156.7042899999069	EXP	Feedback: autoDraw = false
156.7042899999069	EXP	Feedback: autoDraw = false
156.7042899999069	EXP	text_3: autoDraw = true
159.9400349999778	EXP	text_3: autoDraw = false
159.9400349999778	EXP	text_3: autoDraw = false
159.9400349999778	EXP	text_2: autoDraw = true
159.9400349999778	EXP	text_2: text = 0
159.95346499991138	EXP	text_2: text = 15
159.97033999999985	EXP	text_2: text = 32
159.98687499994412	EXP	text_2: text = 49
160.00476499996148	EXP	text_2: text = 66
160.01971499994397	EXP	text_2: text = 83
160.0353499999037	EXP	text_2: text = 98
160.05222499999218	EXP	text_2: text = 115
160.06883499992546	EXP	text_2: text = 132
160.0856999999378	EXP	text_2: text = 149
160.10217499989085	EXP	text_2: text = 165
160.1187449999852	EXP	text_2: text = 182
160.13549999997485	EXP	text_2: text = 199
160.15246499993373	EXP	text_2: text = 215
160.16879499994684	EXP	text_2: text = 232
160.18565999995917	EXP	text_2: text = 249
160.20217999990564	EXP	text_2: text = 266
160.21903499995824	EXP	text_2: text = 282
160.221744999988	DATA	Keydown:  
160.23724499996752	EXP	text_2: text = 299
160.23724499996752	EXP	text_2: autoDraw = false
160.23724499996752	EXP	Feedback: text = 282
160.23724499996752	EXP	Feedback: autoDraw = true
161.23660999990534	EXP	Feedback: autoDraw = false
161.23660999990534	EXP	Feedback: autoDraw = false
161.23660999990534	EXP	text_3: autoDraw = true
167.09043499990366	EXP	text_3: autoDraw = false
167.09043499990366	EXP	text_3: autoDraw = false
167.09043499990366	EXP	text_2: autoDraw = true
167.09043499990366	EXP	text_2: text = 0
167.1028449999867	EXP	text_2: text = 16
167.11950499995146	EXP	text_2: text = 32
167.1363999999594	EXP	text_2: text = 49
167.15273499989416	EXP	text_2: text = 66
167.16944999992847	EXP	text_2: text = 82
167.18666499992833	EXP	text_2: text = 99
167.20285499992315	EXP	text_2: text = 116
167.21898999996483	EXP	text_2: text = 133
167.2359249999281	EXP	text_2: text = 149
167.2520249999361	EXP	text_2: text = 165
167.26868499990087	EXP	text_2: text = 183
167.28541999997105	EXP	text_2: text = 199
167.30198499991093	EXP	text_2: text = 216
167.31860999995843	EXP	text_2: text = 232
167.33716999995522	EXP	text_2: text = 249
167.35199499991722	EXP	text_2: text = 266
167.355654999963	DATA	Keydown:  
167.37038499990012	EXP	text_2: text = 283
167.37038499990012	EXP	text_2: autoDraw = false
167.37038499990012	EXP	Feedback: text = 267
167.37038499990012	EXP	Feedback: autoDraw = true
168.3718200000003	EXP	Feedback: autoDraw = false
168.3718200000003	EXP	Feedback: autoDraw = false
168.3718200000003	EXP	text_3: autoDraw = true
172.96016999997664	EXP	text_3: autoDraw = false
172.96016999997664	EXP	text_3: autoDraw = false
172.96016999997664	EXP	text_2: autoDraw = true
172.96016999997664	EXP	text_2: text = 0
172.9860349999508	EXP	text_2: text = 32
173.00387999997474	EXP	text_2: text = 49
173.02044499991462	EXP	text_2: text = 65
173.03638999990653	EXP	text_2: text = 82
173.05293499992695	EXP	text_2: text = 99
173.0701799999224	EXP	text_2: text = 115
173.08665999991354	EXP	text_2: text = 132
173.1034899998922	EXP	text_2: text = 149
173.12055499991402	EXP	text_2: text = 166
173.13715499988757	EXP	text_2: text = 182
173.15288999991026	EXP	text_2: text = 199
173.1696599998977	EXP	text_2: text = 215
173.18664999993052	EXP	text_2: text = 232
173.203569999896	EXP	text_2: text = 249
173.20705999992788	DATA	Keydown:  
173.2224349998869	EXP	text_2: text = 265
173.2224349998869	EXP	text_2: autoDraw = false
173.2224349998869	EXP	Feedback: text = 248
173.2224349998869	EXP	Feedback: autoDraw = true
174.22136999992654	EXP	Feedback: autoDraw = false
174.22136999992654	EXP	Feedback: autoDraw = false
174.22136999992654	EXP	text_3: autoDraw = true
182.9106249999022	EXP	text_3: autoDraw = false
182.9106249999022	EXP	text_3: autoDraw = false
182.9106249999022	EXP	text_2: autoDraw = true
182.9106249999022	EXP	text_2: text = 0
182.9394349999493	EXP	text_2: text = 33
182.95567999989726	EXP	text_2: text = 50
182.97265999997035	EXP	text_2: text = 67
182.9890599999344	EXP	text_2: text = 83
183.006834999891	EXP	text_2: text = 100
183.0224149998976	EXP	text_2: text = 117
183.03732999996282	EXP	text_2: text = 133
183.05374999996275	EXP	text_2: text = 150
183.07073999999557	EXP	text_2: text = 167
183.08693999995012	EXP	text_2: text = 183
183.10439999995288	EXP	text_2: text = 200
183.11884499993175	EXP	text_2: text = 217
183.1353999999119	EXP	text_2: text = 233
183.15203499991912	EXP	text_2: text = 249
183.16818999999668	EXP	text_2: text = 266
183.18523499998264	EXP	text_2: text = 283
183.1966699999757	DATA	Keydown:  
183.20307499996852	EXP	text_2: text = 299
183.20307499996852	EXP	text_2: autoDraw = false
183.20307499996852	EXP	Feedback: text = 286
183.20307499996852	EXP	Feedback: autoDraw = true
184.20597499993164	EXP	Feedback: autoDraw = false
184.20597499993164	EXP	Feedback: autoDraw = false
184.20597499993164	EXP	text_3: autoDraw = true
188.70632499991916	EXP	text_3: autoDraw = false
188.70632499991916	EXP	text_3: autoDraw = false
188.70632499991916	EXP	text_2: autoDraw = true
188.70632499991916	EXP	text_2: text = 0
188.72254999994766	EXP	text_2: text = 16
188.7371399999829	EXP	text_2: text = 33
188.75425999995787	EXP	text_2: text = 50
188.77041999995708	EXP	text_2: text = 66
188.78712499991525	EXP	text_2: text = 83
188.80371999996714	EXP	text_2: text = 99
188.82107499998529	EXP	text_2: text = 117
188.83763999992516	EXP	text_2: text = 133
188.85323999996763	EXP	text_2: text = 150
188.8705749999499	EXP	text_2: text = 166
188.88732999993954	EXP	text_2: text = 183
188.90406999993138	EXP	text_2: text = 200
188.9202449999284	EXP	text_2: text = 216
188.93717999989167	EXP	text_2: text = 233
188.95377499994356	EXP	text_2: text = 250
188.97052499989513	EXP	text_2: text = 266
188.98747499997262	EXP	text_2: text = 283
189.00376499991398	EXP	text_2: text = 300
189.02033999993	EXP	text_2: text = 316
189.03822999994736	EXP	text_2: text = 333
189.04928999999538	DATA	Keydown:  
189.05791499989573	EXP	text_2: text = 351
189.05791499989573	EXP	text_2: autoDraw = false
189.05791499989573	EXP	Feedback: text = 343
189.05791499989573	EXP	Feedback: autoDraw = true
190.05288499989547	EXP	Feedback: autoDraw = false
190.05288499989547	EXP	Feedback: autoDraw = false
190.05288499989547	EXP	text_3: autoDraw = true
193.15687499998603	EXP	text_3: autoDraw = false
193.15687499998603	EXP	text_3: autoDraw = false
193.15687499998603	EXP	text_2: autoDraw = true
193.15687499998603	EXP	text_2: text = 0
193.1709499999415	EXP	text_2: text = 16
193.18722499988507	EXP	text_2: text = 33
193.2043349999003	EXP	text_2: text = 50
193.22038999991491	EXP	text_2: text = 66
193.23768999997992	EXP	text_2: text = 83
193.25628999993205	EXP	text_2: text = 101
193.32333499996457	EXP	text_2: text = 116
193.33989999990445	EXP	text_2: text = 184
193.35608999989927	EXP	text_2: text = 200
193.3727549999021	EXP	text_2: text = 217
193.38935999991372	EXP	text_2: text = 233
193.40588499989826	EXP	text_2: text = 250
193.42044999997597	EXP	text_2: text = 266
193.4245649999939	DATA	Keydown:  
193.438894999912	EXP	text_2: text = 283
193.438894999912	EXP	text_2: autoDraw = false
193.438894999912	EXP	Feedback: text = 268
193.438894999912	EXP	Feedback: autoDraw = true
194.44480499997735	EXP	Feedback: autoDraw = false
194.44480499997735	EXP	Feedback: autoDraw = false
194.44480499997735	EXP	text_3: autoDraw = true
203.88572999997996	EXP	text_3: autoDraw = false
203.88572999997996	EXP	text_3: autoDraw = false
203.88572999997996	EXP	text_2: autoDraw = true
203.88572999997996	EXP	text_2: text = 0
203.90124999999534	EXP	text_2: text = 17
203.91764499992132	EXP	text_2: text = 33
203.93458499992266	EXP	text_2: text = 50
203.9508349999087	EXP	text_2: text = 67
203.96790999989025	EXP	text_2: text = 83
203.98461499996483	EXP	text_2: text = 100
204.00123499997426	EXP	text_2: text = 117
204.01805999991484	EXP	text_2: text = 133
204.03489999996964	EXP	text_2: text = 150
204.0510699999286	EXP	text_2: text = 167
204.0681699999841	EXP	text_2: text = 184
204.0843299999833	EXP	text_2: text = 200
204.10160499997437	EXP	text_2: text = 217
204.1181299999589	EXP	text_2: text = 233
204.12099499988835	DATA	Keydown:  
204.1358749999199	EXP	text_2: text = 250
204.1358749999199	EXP	text_2: autoDraw = false
204.1358749999199	EXP	Feedback: text = 235
204.1358749999199	EXP	Feedback: autoDraw = true
205.13487499998882	EXP	Feedback: autoDraw = false
205.13487499998882	EXP	Feedback: autoDraw = false
205.13487499998882	EXP	text_3: autoDraw = true
213.1044699999038	EXP	text_3: autoDraw = false
213.1044699999038	EXP	text_3: autoDraw = false
213.1044699999038	EXP	text_2: autoDraw = true
213.1044699999038	EXP	text_2: text = 0
213.1198499999009	EXP	text_2: text = 17
213.13640999991912	EXP	text_2: text = 34
213.15297999989707	EXP	text_2: text = 50
213.1698449999094	EXP	text_2: text = 67
213.18693999992684	EXP	text_2: text = 83
213.20284499996342	EXP	text_2: text = 100
213.21967499994207	EXP	text_2: text = 117
213.23672999988776	EXP	text_2: text = 134
213.25320499995723	EXP	text_2: text = 150
213.27017499995418	EXP	text_2: text = 167
213.28753499989398	EXP	text_2: text = 183
213.30312499997672	EXP	text_2: text = 200
213.3195049999049	EXP	text_2: text = 217
213.33632499992382	EXP	text_2: text = 233
213.35288499994203	EXP	text_2: text = 250
213.36965499992948	EXP	text_2: text = 267
213.3868149999762	EXP	text_2: text = 284
213.403299999889	EXP	text_2: text = 300
213.41964999993797	EXP	text_2: text = 317
213.43660499993712	EXP	text_2: text = 333
213.45374999998603	EXP	text_2: text = 351
213.4645999999484	DATA	Keydown:  
213.47532999992836	EXP	text_2: text = 369
213.47532999992836	EXP	text_2: autoDraw = false
213.47532999992836	EXP	Feedback: text = 360
213.47532999992836	EXP	Feedback: autoDraw = true
214.47359499998856	EXP	Feedback: autoDraw = false
214.47359499998856	EXP	Feedback: autoDraw = false
214.47359499998856	EXP	text_3: autoDraw = true
223.3762249998981	EXP	text_3: autoDraw = false
223.3762249998981	EXP	text_3: autoDraw = false
223.3762249998981	EXP	text_2: autoDraw = true
223.3762249998981	EXP	text_2: text = 0
223.40616999997292	EXP	text_2: text = 33
223.4225349999033	EXP	text_2: text = 50
223.43996999994852	EXP	text_2: text = 67
223.4580099999439	EXP	text_2: text = 83
223.48648499988485	EXP	text_2: text = 116
223.5027649999829	EXP	text_2: text = 132
223.51951499993447	EXP	text_2: text = 149
223.53621999989264	EXP	text_2: text = 166
223.55263999989256	EXP	text_2: text = 182
223.56952499994077	EXP	text_2: text = 199
223.57498499995563	DATA	Keydown:  
223.58842499996535	EXP	text_2: text = 216
223.58842499996535	EXP	text_2: autoDraw = false
223.58842499996535	EXP	Feedback: text = 199
223.58842499996535	EXP	Feedback: autoDraw = true
224.5915049999021	EXP	Feedback: autoDraw = false
224.5915049999021	EXP	Feedback: autoDraw = false
224.5915049999021	EXP	text_3: autoDraw = true
233.38873999996576	EXP	text_3: autoDraw = false
233.38873999996576	EXP	text_3: autoDraw = false
233.38873999996576	EXP	text_2: autoDraw = true
233.38873999996576	EXP	text_2: text = 0
233.4039599999087	EXP	text_2: text = 17
233.4199699999299	EXP	text_2: text = 33
233.437099999981	EXP	text_2: text = 50
233.45360499992967	EXP	text_2: text = 67
233.4701599999098	EXP	text_2: text = 83
233.48698999988846	EXP	text_2: text = 100
233.50367499992717	EXP	text_2: text = 116
233.5198349999264	EXP	text_2: text = 133
233.53688499995042	EXP	text_2: text = 150
233.55370499996934	EXP	text_2: text = 167
233.57040499988943	EXP	text_2: text = 183
233.5869299999904	EXP	text_2: text = 200
233.60347999993246	EXP	text_2: text = 217
233.60777999996208	DATA	Keydown:  
233.62222499994095	EXP	text_2: text = 233
233.62222499994095	EXP	text_2: autoDraw = false
233.62222499994095	EXP	Feedback: text = 219
233.62222499994095	EXP	Feedback: autoDraw = true
234.62130499992054	EXP	Feedback: autoDraw = false
234.62130499992054	EXP	Feedback: autoDraw = false
234.62130499992054	EXP	text_3: autoDraw = true
238.25568999990355	EXP	text_3: autoDraw = false
238.25568999990355	EXP	text_3: autoDraw = false
238.25568999990355	EXP	text_2: autoDraw = true
238.25568999990355	EXP	text_2: text = 0
238.2701249999227	EXP	text_2: text = 16
238.28689999994822	EXP	text_2: text = 33
238.3032199998852	EXP	text_2: text = 49
238.32093999988865	EXP	text_2: text = 66
238.33703999989666	EXP	text_2: text = 83
238.35318999993615	EXP	text_2: text = 99
238.37048999988474	EXP	text_2: text = 116
238.38691499992274	EXP	text_2: text = 133
238.40322999993805	EXP	text_2: text = 149
238.42000499996357	EXP	text_2: text = 166
238.43668999988586	EXP	text_2: text = 182
238.45360499992967	EXP	text_2: text = 199
238.4707899999339	EXP	text_2: text = 216
238.48708999995142	EXP	text_2: text = 233
238.50368999992497	EXP	text_2: text = 250
238.52036499988753	EXP	text_2: text = 266
238.53581999999005	EXP	text_2: text = 282
238.5524049999658	EXP	text_2: text = 299
238.56914499995764	EXP	text_2: text = 316
238.58591999998316	EXP	text_2: text = 332
238.60244999988936	EXP	text_2: text = 349
238.6103849998908	DATA	Keydown:  
238.62208499992266	EXP	text_2: text = 366
238.62208499992266	EXP	text_2: autoDraw = false
238.62208499992266	EXP	Feedback: text = 355
238.62208499992266	EXP	Feedback: autoDraw = true
239.62303499993868	EXP	Feedback: autoDraw = false
239.62303499993868	EXP	Feedback: autoDraw = false
239.62303499993868	EXP	text_3: autoDraw = true
249.1545299999416	EXP	text_3: autoDraw = false
249.1545299999416	EXP	text_3: autoDraw = false
249.1545299999416	EXP	text_2: autoDraw = true
249.1545299999416	EXP	text_2: text = 0
249.16915999993216	EXP	text_2: text = 17
249.18576499994379	EXP	text_2: text = 33
249.20274999993853	EXP	text_2: text = 50
249.21935499995016	EXP	text_2: text = 67
249.2358349999413	EXP	text_2: text = 83
249.2526399999624	EXP	text_2: text = 100
249.26951999997254	EXP	text_2: text = 117
249.28610999998637	EXP	text_2: text = 133
249.30282499990426	EXP	text_2: text = 150
249.31954499997664	EXP	text_2: text = 166
249.33638499991503	EXP	text_2: text = 184
249.3526449999772	EXP	text_2: text = 200
249.36932499997783	EXP	text_2: text = 217
249.38620499998797	EXP	text_2: text = 233
249.40296999993734	EXP	text_2: text = 250
249.41936499997973	EXP	text_2: text = 267
249.43661499989685	EXP	text_2: text = 284
249.44266499998048	DATA	Keydown:  
249.45469499996398	EXP	text_2: text = 300
249.45469499996398	EXP	text_2: autoDraw = false
249.45469499996398	EXP	Feedback: text = 288
249.45469499996398	EXP	Feedback: autoDraw = true
250.45554499991704	EXP	Feedback: autoDraw = false
250.45554499991704	EXP	Feedback: autoDraw = false
250.45554499991704	EXP	text_3: autoDraw = true
260.173269999912	EXP	text_3: autoDraw = false
260.173269999912	EXP	text_3: autoDraw = false
260.173269999912	EXP	text_2: autoDraw = true
260.173269999912	EXP	text_2: text = 0
260.18772499996703	EXP	text_2: text = 17
260.20388499996625	EXP	text_2: text = 33
260.2206699999515	EXP	text_2: text = 49
260.2373849999858	EXP	text_2: text = 66
260.25402999995276	EXP	text_2: text = 83
260.27066499996	EXP	text_2: text = 100
260.28732499992475	EXP	text_2: text = 116
260.30406999995466	EXP	text_2: text = 133
260.32103499991354	EXP	text_2: text = 150
260.33734999992885	EXP	text_2: text = 166
260.3519849999575	EXP	text_2: text = 182
260.36867499991786	EXP	text_2: text = 199
260.3854949999368	EXP	text_2: text = 216
260.4028649999527	EXP	text_2: text = 233
260.4049549999181	DATA	Keydown:  
260.4197349998867	EXP	text_2: text = 250
260.4197349998867	EXP	text_2: autoDraw = false
260.4197349998867	EXP	Feedback: text = 232
260.4197349998867	EXP	Feedback: autoDraw = true
261.4226699999999	EXP	Feedback: autoDraw = false
261.4226699999999	EXP	Feedback: autoDraw = false
261.4226699999999	EXP	text_3: autoDraw = true
267.5767399999313	DATA	Keydown:  
269.8389549999265	DATA	Keydown:  
270.2537299999967	EXP	text_3: autoDraw = false
270.2537299999967	EXP	text_3: autoDraw = false
270.2537299999967	EXP	text_2: autoDraw = true
270.2537299999967	EXP	text_2: text = 0
270.2707749999827	EXP	text_2: text = 16
270.28804499993566	EXP	text_2: text = 33
270.3044049999444	EXP	text_2: text = 50
270.32168999989517	EXP	text_2: text = 66
270.3384499999229	EXP	text_2: text = 84
270.35515499999747	EXP	text_2: text = 101
270.3710649999557	EXP	text_2: text = 117
270.38836999994237	EXP	text_2: text = 134
270.4045449999394	EXP	text_2: text = 150
270.42163499991875	EXP	text_2: text = 166
270.4379749998916	EXP	text_2: text = 183
270.4545049999142	EXP	text_2: text = 200
270.4711649999954	EXP	text_2: text = 216
270.48914499999955	EXP	text_2: text = 234
270.50561499991454	EXP	text_2: text = 250
270.5227399999276	EXP	text_2: text = 267
270.5266099999426	DATA	Keydown:  
270.5415249998914	EXP	text_2: text = 284
270.5415249998914	EXP	text_2: autoDraw = false
270.5415249998914	EXP	Feedback: text = 273
270.5415249998914	EXP	Feedback: autoDraw = true
271.53843499999493	EXP	Feedback: autoDraw = false
271.53843499999493	EXP	Feedback: autoDraw = false
271.53843499999493	EXP	text_3: autoDraw = true
276.37188999995124	EXP	text_3: autoDraw = false
276.37188999995124	EXP	text_3: autoDraw = false
276.37188999995124	EXP	text_2: autoDraw = true
276.37188999995124	EXP	text_2: text = 0
276.38720499991905	EXP	text_2: text = 17
276.4040699999314	EXP	text_2: text = 33
276.4205849999562	EXP	text_2: text = 50
276.43942499998957	EXP	text_2: text = 67
276.45257499988656	EXP	text_2: text = 83
276.4686749998946	EXP	text_2: text = 99
276.4859049998922	EXP	text_2: text = 117
276.5024299999932	EXP	text_2: text = 133
276.5191099999938	EXP	text_2: text = 149
276.5354749999242	EXP	text_2: text = 166
276.5523449999746	EXP	text_2: text = 183
276.56930999993347	EXP	text_2: text = 200
276.5862849999685	EXP	text_2: text = 217
276.6021949999267	EXP	text_2: text = 233
276.6190199999837	EXP	text_2: text = 249
276.6358249998884	EXP	text_2: text = 266
276.6523299999535	EXP	text_2: text = 283
276.66502999991644	DATA	Keydown:  
276.67077499988955	EXP	text_2: text = 300
276.67077499988955	EXP	text_2: autoDraw = false
276.67077499988955	EXP	Feedback: text = 293
276.67077499988955	EXP	Feedback: autoDraw = true
277.67333999997936	EXP	Feedback: autoDraw = false
277.67333999997936	EXP	Feedback: autoDraw = false
277.67333999997936	EXP	text_3: autoDraw = true
280.79056499991566	EXP	text_3: autoDraw = false
280.79056499991566	EXP	text_3: autoDraw = false
280.79056499991566	EXP	text_2: autoDraw = true
280.79056499991566	EXP	text_2: text = 0
280.8052199999802	EXP	text_2: text = 17
280.8216999999713	EXP	text_2: text = 34
280.83839499996975	EXP	text_2: text = 50
280.85510999988765	EXP	text_2: text = 67
280.8730649999343	EXP	text_2: text = 83
280.88850999996066	EXP	text_2: text = 100
280.90338499995414	EXP	text_2: text = 116
280.9203999999445	EXP	text_2: text = 134
280.93708999990486	EXP	text_2: text = 150
280.9539199999999	EXP	text_2: text = 166
280.9700649998849	EXP	text_2: text = 183
280.98843499994837	EXP	text_2: text = 202
281.0035649999045	EXP	text_2: text = 217
281.0196649999125	EXP	text_2: text = 233
281.03604999999516	EXP	text_2: text = 249
281.05284499994013	EXP	text_2: text = 266
281.0695999999298	EXP	text_2: text = 283
281.08619499998167	EXP	text_2: text = 300
281.1026899999706	EXP	text_2: text = 316
281.10607499990147	DATA	Keydown:  
281.1208949999418	EXP	text_2: text = 333
281.1208949999418	EXP	text_2: autoDraw = false
281.1208949999418	EXP	Feedback: text = 316
281.1208949999418	EXP	Feedback: autoDraw = true
282.11996499996167	EXP	Feedback: autoDraw = false
282.11996499996167	EXP	Feedback: autoDraw = false
282.11996499996167	EXP	text_3: autoDraw = true
287.0897099999711	EXP	text_3: autoDraw = false
287.0897099999711	EXP	text_3: autoDraw = false
287.0897099999711	EXP	text_2: autoDraw = true
287.0897099999711	EXP	text_2: text = 0
287.1037699999288	EXP	text_2: text = 17
287.120154999895	EXP	text_2: text = 33
287.13712999993004	EXP	text_2: text = 50
287.1539899999043	EXP	text_2: text = 67
287.17046999989543	EXP	text_2: text = 83
287.18699999991804	EXP	text_2: text = 100
287.20379499997944	EXP	text_2: text = 116
287.2200499998871	EXP	text_2: text = 133
287.236819999991	EXP	text_2: text = 150
287.25423500000034	EXP	text_2: text = 167
287.2703599999659	EXP	text_2: text = 183
287.28727499989327	EXP	text_2: text = 200
287.3042049999349	EXP	text_2: text = 217
287.3205449999077	EXP	text_2: text = 233
287.3394149999367	EXP	text_2: text = 251
287.34306499990635	DATA	Keydown:  
287.3567749999929	EXP	text_2: text = 267
287.3567749999929	EXP	text_2: autoDraw = false
287.3567749999929	EXP	Feedback: text = 254
287.3567749999929	EXP	Feedback: autoDraw = true
288.35565999988467	EXP	Feedback: autoDraw = false
288.35565999988467	EXP	Feedback: autoDraw = false
288.35565999988467	EXP	text_3: autoDraw = true
293.80439499998465	EXP	text_3: autoDraw = false
293.80439499998465	EXP	text_3: autoDraw = false
293.80439499998465	EXP	text_2: autoDraw = true
293.80439499998465	EXP	text_2: text = 0
293.8200899999356	EXP	text_2: text = 16
293.83762499992736	EXP	text_2: text = 33
293.85424999997485	EXP	text_2: text = 50
293.87104499991983	EXP	text_2: text = 66
293.8875849999022	EXP	text_2: text = 83
293.9044649999123	EXP	text_2: text = 100
293.92095999990124	EXP	text_2: text = 116
293.93779499991797	EXP	text_2: text = 133
293.95455999998376	EXP	text_2: text = 150
293.97113999992143	EXP	text_2: text = 166
293.987519999966	EXP	text_2: text = 183
294.00409499998204	EXP	text_2: text = 200
294.0209449999966	EXP	text_2: text = 216
294.03762999991886	EXP	text_2: text = 233
294.05494499998167	EXP	text_2: text = 250
294.05846499989275	DATA	Keydown:  
294.073279999895	EXP	text_2: text = 266
294.073279999895	EXP	text_2: autoDraw = false
294.073279999895	EXP	Feedback: text = 255
294.073279999895	EXP	Feedback: autoDraw = true
295.07233999995515	EXP	Feedback: autoDraw = false
295.07233999995515	EXP	Feedback: autoDraw = false
295.07233999995515	EXP	text_3: autoDraw = true
301.8050149999326	EXP	text_3: autoDraw = false
301.8050149999326	EXP	text_3: autoDraw = false
301.8050149999326	EXP	text_2: autoDraw = true
301.8050149999326	EXP	text_2: text = 0
301.81980499997735	EXP	text_2: text = 17
301.83654999989085	EXP	text_2: text = 33
301.8529649999691	EXP	text_2: text = 50
301.86979499994777	EXP	text_2: text = 67
301.8866099999286	EXP	text_2: text = 83
301.9032049999805	EXP	text_2: text = 100
301.91977999999654	EXP	text_2: text = 116
301.93794999993406	EXP	text_2: text = 133
301.9520649999613	EXP	text_2: text = 149
301.9684549999656	EXP	text_2: text = 166
301.98526999994647	EXP	text_2: text = 183
302.0019199999515	EXP	text_2: text = 200
302.0100600000005	DATA	Keydown:  
302.01968999998644	EXP	text_2: text = 216
302.01968999998644	EXP	text_2: autoDraw = false
302.01968999998644	EXP	Feedback: text = 205
302.01968999998644	EXP	Feedback: autoDraw = true
303.023109999951	EXP	Feedback: autoDraw = false
303.023109999951	EXP	Feedback: autoDraw = false
303.023109999951	EXP	text_3: autoDraw = true
305.1738049999112	EXP	text_3: autoDraw = false
305.1738049999112	EXP	text_3: autoDraw = false
305.1738049999112	EXP	text_2: autoDraw = true
305.1738049999112	EXP	text_2: text = 0
305.18962499999907	EXP	text_2: text = 18
305.2057649999624	EXP	text_2: text = 33
305.220394999953	EXP	text_2: text = 51
305.2357299999567	EXP	text_2: text = 66
305.25261999992654	EXP	text_2: text = 83
305.26833499991335	EXP	text_2: text = 99
305.28566499997396	EXP	text_2: text = 116
305.3020999999717	EXP	text_2: text = 132
305.31918999995105	EXP	text_2: text = 149
305.3356499999063	EXP	text_2: text = 166
305.3525349999545	EXP	text_2: text = 183
305.3694049998885	EXP	text_2: text = 200
305.38542499998584	EXP	text_2: text = 216
305.401904999977	EXP	text_2: text = 232
305.4190149999922	EXP	text_2: text = 249
305.43578499997966	EXP	text_2: text = 266
305.45269999990705	EXP	text_2: text = 283
305.4689349998953	EXP	text_2: text = 299
305.48543000000063	EXP	text_2: text = 316
305.4891349999234	DATA	Keydown:  
305.50378999998793	EXP	text_2: text = 333
305.50378999998793	EXP	text_2: autoDraw = false
305.50378999998793	EXP	Feedback: text = 316
305.50378999998793	EXP	Feedback: autoDraw = true
306.50503000000026	EXP	Feedback: autoDraw = false
306.50503000000026	EXP	Feedback: autoDraw = false
306.50503000000026	EXP	text_3: autoDraw = true
315.3233949999558	EXP	text_3: autoDraw = false
315.3233949999558	EXP	text_3: autoDraw = false
315.3233949999558	EXP	text_2: autoDraw = true
315.3233949999558	EXP	text_2: text = 0
315.3358999999473	EXP	text_2: text = 16
315.3543199999258	EXP	text_2: text = 32
315.3690499999793	EXP	text_2: text = 49
315.3857349999016	EXP	text_2: text = 66
315.40270999993663	EXP	text_2: text = 83
315.42084999999497	EXP	text_2: text = 100
315.4378399999114	EXP	text_2: text = 116
315.4544399998849	EXP	text_2: text = 133
315.4710849999683	EXP	text_2: text = 150
315.48784999991767	EXP	text_2: text = 166
315.5045749999117	EXP	text_2: text = 183
315.5214449999621	EXP	text_2: text = 200
315.53773999994155	EXP	text_2: text = 217
315.55265999992844	EXP	text_2: text = 232
315.56938999996055	EXP	text_2: text = 249
315.5722699998878	DATA	Keydown:  
315.58773499995004	EXP	text_2: text = 266
315.58773499995004	EXP	text_2: autoDraw = false
315.58773499995004	EXP	Feedback: text = 249
315.58773499995004	EXP	Feedback: autoDraw = true
316.5876649999991	EXP	Feedback: autoDraw = false
316.5876649999991	EXP	Feedback: autoDraw = false
316.5876649999991	EXP	text_3: autoDraw = true
319.8061249998864	EXP	text_3: autoDraw = false
319.8061249998864	EXP	text_3: autoDraw = false
319.8061249998864	EXP	text_2: autoDraw = true
319.8061249998864	EXP	text_2: text = 0
319.8198399998946	EXP	text_2: text = 16
319.8376149999676	EXP	text_2: text = 33
319.853979999898	EXP	text_2: text = 50
319.8701449999353	EXP	text_2: text = 66
319.88694499991834	EXP	text_2: text = 83
319.90353999997023	EXP	text_2: text = 100
319.9207249999745	EXP	text_2: text = 116
319.93752499995753	EXP	text_2: text = 133
319.95282499992754	EXP	text_2: text = 149
319.9692749999231	EXP	text_2: text = 166
319.9858599998988	EXP	text_2: text = 183
320.00249499990605	EXP	text_2: text = 199
320.0193299999228	EXP	text_2: text = 217
320.0359799999278	EXP	text_2: text = 233
320.05282999994233	EXP	text_2: text = 249
320.06932499993127	EXP	text_2: text = 266
320.08608999999706	EXP	text_2: text = 283
320.0880799998995	DATA	Keydown:  
320.10369999997783	EXP	text_2: text = 300
320.10369999997783	EXP	text_2: autoDraw = false
320.10369999997783	EXP	Feedback: text = 282
320.10369999997783	EXP	Feedback: autoDraw = true
321.1062549999915	EXP	Feedback: autoDraw = false
321.1062549999915	EXP	Feedback: autoDraw = false
321.1062549999915	EXP	text_3: autoDraw = true
328.9902749999892	EXP	text_3: autoDraw = false
328.9902749999892	EXP	text_3: autoDraw = false
328.9902749999892	EXP	text_2: autoDraw = true
328.9902749999892	EXP	text_2: text = 0
329.0056099999929	EXP	text_2: text = 16
329.01934999995865	EXP	text_2: text = 33
329.0362399999285	EXP	text_2: text = 49
329.05280999990646	EXP	text_2: text = 66
329.06961999996565	EXP	text_2: text = 83
329.0860349999275	EXP	text_2: text = 100
329.1025699999882	EXP	text_2: text = 116
329.11961499997415	EXP	text_2: text = 133
329.1363849999616	EXP	text_2: text = 150
329.15277999988757	EXP	text_2: text = 166
329.16939499997534	EXP	text_2: text = 182
329.18619999999646	EXP	text_2: text = 200
329.2027049999451	EXP	text_2: text = 216
329.21964999998454	EXP	text_2: text = 233
329.22531999996863	DATA	Keydown:  
329.2383399999235	EXP	text_2: text = 250
329.2383399999235	EXP	text_2: autoDraw = false
329.2383399999235	EXP	Feedback: text = 235
329.2383399999235	EXP	Feedback: autoDraw = true
330.2562699998962	EXP	Feedback: autoDraw = false
330.2562699998962	EXP	Feedback: autoDraw = false
330.2562699998962	EXP	End_text: autoDraw = true
