0.19835500000044703	EXP	Created Window = Window( name=Window, fullscr=true, color=#000000, units=height, waitBlanking=true, autoLog=true, size=[1536,722] )
2.2580650000018068	DATA	Keydown: Shift
2.774585000006482	DATA	Keydown: Shift
2.8068900000071153	DATA	Keydown: Shift
2.840170000010403	DATA	Keydown: Shift
2.8731300000072224	DATA	Keydown: Shift
2.906300000002375	DATA	Keydown: Shift
2.939445000010892	DATA	Keydown: Shift
2.9724350000033155	DATA	Keydown: Shift
3.0056400000030408	DATA	Keydown: Shift
3.0387100000079954	DATA	Keydown: Shift
3.071945000003325	DATA	Keydown: Shift
3.1052250000066124	DATA	Keydown: Shift
3.1382250000024214	DATA	Keydown: Shift
3.1716050000104588	DATA	Keydown: Shift
3.2046100000006845	DATA	Keydown: Shift
3.237520000009681	DATA	Keydown: Shift
3.2706750000070315	DATA	Keydown: Shift
3.3043850000103703	DATA	Keydown: Shift
3.336815000002389	DATA	Keydown: Shift
3.370135000004666	DATA	Keydown: Shift
3.403330000001006	DATA	Keydown: Shift
3.4169350000011036	DATA	Keydown: J
3.4917500000010477	DATA	Keydown: F
7.060519999999087	DATA	Keydown: 3
7.511670000007143	DATA	Keydown: 1
7.735480000003008	DATA	Keydown: 3
7.945025000008172	DATA	Keydown: 5
8.11192999999912	DATA	Keydown: 4
9.426070000001346	DATA	Keydown: Tab
10.188065000009374	DATA	Keydown: ArrowLeft
10.595230000006268	DATA	Keydown: ArrowDown
11.472365000008722	DATA	Keydown: Tab
11.876985000009881	DATA	Keydown: Enter
11.897495000011986	EXP	Created text = TextStim( name=text, win=Window( name=Window, fullscr=true, color=#000000, ~), autoDraw=null, autoLog=true, units=height, ori=null, opacity=1, pos=[0,0], size=undefined, text=INSTRUCTIONS [EN]


A counter will appear and star~, font=Arial, color=#FFFFFF, contrast=1, height=0.03, bold=null, italic=null, alignHoriz=left, alignVert=center, wrapWidth=1, flipHoriz=null, flipVert=null )
11.898580000008224	EXP	Created text_3 = TextStim( name=text_3, win=Window( name=Window, fullscr=true, color=#000000, ~), autoDraw=null, autoLog=true, units=height, ori=null, opacity=1, pos=[0,0], size=undefined, text=null, font=Arial, color=#FFFFFF, contrast=1, height=0.1, bold=null, italic=null, alignHoriz=left, alignVert=center, wrapWidth=1, flipHoriz=null, flipVert=null )
11.899180000007618	EXP	Created text_2 = TextStim( name=text_2, win=Window( name=Window, fullscr=true, color=#000000, ~), autoDraw=null, autoLog=true, units=height, ori=null, opacity=1, pos=[0,0], size=undefined, text=default text, font=Arial, color=#ff0000, contrast=1, height=0.15, bold=null, italic=null, alignHoriz=left, alignVert=center, wrapWidth=1, flipHoriz=null, flipVert=null )
11.8998050000082	EXP	Created Feedback = TextStim( name=Feedback, win=Window( name=Window, fullscr=true, color=#000000, ~), autoDraw=null, autoLog=true, units=height, ori=null, opacity=1, pos=[0,0], size=undefined, text=default text, font=Arial, color=#ff0000, contrast=1, height=0.15, bold=null, italic=null, alignHoriz=left, alignVert=center, wrapWidth=1, flipHoriz=null, flipVert=null )
11.900275000007241	EXP	Created End_text = TextStim( name=End_text, win=Window( name=Window, fullscr=true, color=#000000, ~), autoDraw=null, autoLog=true, units=height, ori=null, opacity=1, pos=[0,0], size=undefined, text=This study aimed to look at procedural learning, i~, font=Arial, color=#FFFFFF, contrast=1, height=0.025, bold=null, italic=null, alignHoriz=left, alignVert=center, wrapWidth=1, flipHoriz=null, flipVert=null )
11.920590000008815	EXP	text: units = "height"
11.920590000008815	EXP	text: ori = 0
11.920590000008815	EXP	text: opacity = 1
11.920590000008815	EXP	text: pos = [0,0]
11.920590000008815	EXP	text: size = undefined
11.920590000008815	EXP	text: text = "INSTRUCTIONS [EN]\n\n\nA counter will appear and start counting at random times, press SPACE as fast as possible when it appears.\n\n\nPress SPACE to start\n\n-------\n\nInstruções [PT]\n\n\nUm cronómetro vai aparecer e começar a contar aleatoriamente, pressione a tecla SPACE assim que ele aparecer.\n\n\nPressiona SPACE para começar."
11.920590000008815	EXP	text: font = "Arial"
11.920590000008815	EXP	text: color = {"_hex":"#FFFFFF","_rgb":[1,1,1]}
11.920590000008815	EXP	text: contrast = 1
11.920590000008815	EXP	text: height = 0.03
11.920590000008815	EXP	text: bold = false
11.920590000008815	EXP	text: italic = false
11.920590000008815	EXP	text: alignHoriz = "left"
11.920590000008815	EXP	text: alignVert = "center"
11.920590000008815	EXP	text: wrapWidth = 1
11.920590000008815	EXP	text: flipHoriz = false
11.920590000008815	EXP	text: flipVert = false
11.920590000008815	EXP	text_3: units = "height"
11.920590000008815	EXP	text_3: ori = 0
11.920590000008815	EXP	text_3: opacity = 1
11.920590000008815	EXP	text_3: pos = [0,0]
11.920590000008815	EXP	text_3: size = undefined
11.920590000008815	EXP	text_3: text = ""
11.920590000008815	EXP	text_3: font = "Arial"
11.920590000008815	EXP	text_3: color = {"_hex":"#FFFFFF","_rgb":[1,1,1]}
11.920590000008815	EXP	text_3: contrast = 1
11.920590000008815	EXP	text_3: height = 0.1
11.920590000008815	EXP	text_3: bold = false
11.920590000008815	EXP	text_3: italic = false
11.920590000008815	EXP	text_3: alignHoriz = "left"
11.920590000008815	EXP	text_3: alignVert = "center"
11.920590000008815	EXP	text_3: wrapWidth = 1
11.920590000008815	EXP	text_3: flipHoriz = false
11.920590000008815	EXP	text_3: flipVert = false
11.920590000008815	EXP	text_2: units = "height"
11.920590000008815	EXP	text_2: ori = 0
11.920590000008815	EXP	text_2: opacity = 1
11.920590000008815	EXP	text_2: pos = [0,0]
11.920590000008815	EXP	text_2: size = undefined
11.920590000008815	EXP	text_2: text = "default text"
11.920590000008815	EXP	text_2: font = "Arial"
11.920590000008815	EXP	text_2: color = {"_rgb":[1,0,0]}
11.920590000008815	EXP	text_2: contrast = 1
11.920590000008815	EXP	text_2: height = 0.15
11.920590000008815	EXP	text_2: bold = false
11.920590000008815	EXP	text_2: italic = false
11.920590000008815	EXP	text_2: alignHoriz = "left"
11.920590000008815	EXP	text_2: alignVert = "center"
11.920590000008815	EXP	text_2: wrapWidth = 1
11.920590000008815	EXP	text_2: flipHoriz = false
11.920590000008815	EXP	text_2: flipVert = false
11.920590000008815	EXP	Feedback: units = "height"
11.920590000008815	EXP	Feedback: ori = 0
11.920590000008815	EXP	Feedback: opacity = 1
11.920590000008815	EXP	Feedback: pos = [0,0]
11.920590000008815	EXP	Feedback: size = undefined
11.920590000008815	EXP	Feedback: text = "default text"
11.920590000008815	EXP	Feedback: font = "Arial"
11.920590000008815	EXP	Feedback: color = {"_rgb":[1,0,0]}
11.920590000008815	EXP	Feedback: contrast = 1
11.920590000008815	EXP	Feedback: height = 0.15
11.920590000008815	EXP	Feedback: bold = false
11.920590000008815	EXP	Feedback: italic = false
11.920590000008815	EXP	Feedback: alignHoriz = "left"
11.920590000008815	EXP	Feedback: alignVert = "center"
11.920590000008815	EXP	Feedback: wrapWidth = 1
11.920590000008815	EXP	Feedback: flipHoriz = false
11.920590000008815	EXP	Feedback: flipVert = false
11.920590000008815	EXP	End_text: units = "height"
11.920590000008815	EXP	End_text: ori = 0
11.920590000008815	EXP	End_text: opacity = 1
11.920590000008815	EXP	End_text: pos = [0,0]
11.920590000008815	EXP	End_text: size = undefined
11.920590000008815	EXP	End_text: text = "This study aimed to look at procedural learning, i.e. our ability to extract patterns from the input that we are constantly receiving. This skill is thought to be essential for language and literacy acquisition and has been suggested as a possible underlying difficult in children with Language Impairments and Dyslexia. This study aims to improve the measures of procedural learning (the smiley face task) so that we can measure procedural learning more reliably and, in the future, analyse the performance of individuals with learning impairments.\nThank you for participating!\n\n----\n\nEste estudo tem como objectivo analisar a nossa capacidade de extrair padrões da informação que estamos constantemente a receber. Pensa-se que esta competência é essencial para a aquisição da linguagem e literacia e foi sugerido que dificuldades neste tipo de competências poderá estar relacionado com perturbações da linguagem e Dislexia. Este estudo tem como objectivo melhorar a estabilidade das medidas usadas para medir este tipo de memória (a tarefa da cara sorridente) de forma a poder medir de forma mais precisa e, no futuro, analisar a performance de indivíduos com perturbações da aprendizagem. \nMuito obrigada por ter participado!"
11.920590000008815	EXP	End_text: font = "Arial"
11.920590000008815	EXP	End_text: color = {"_hex":"#FFFFFF","_rgb":[1,1,1]}
11.920590000008815	EXP	End_text: contrast = 1
11.920590000008815	EXP	End_text: height = 0.025
11.920590000008815	EXP	End_text: bold = false
11.920590000008815	EXP	End_text: italic = false
11.920590000008815	EXP	End_text: alignHoriz = "left"
11.920590000008815	EXP	End_text: alignVert = "center"
11.920590000008815	EXP	End_text: wrapWidth = 1
11.920590000008815	EXP	End_text: flipHoriz = false
11.920590000008815	EXP	End_text: flipVert = false
11.920590000008815	EXP	text: autoDraw = true
13.116580000001704	DATA	Keydown:  
13.175045000010869	EXP	text: autoDraw = false
13.175045000010869	EXP	text_3: autoDraw = true
22.421080000000075	EXP	text_3: autoDraw = false
22.421080000000075	EXP	text_3: autoDraw = false
22.421080000000075	EXP	text_2: autoDraw = true
22.421080000000075	EXP	text_2: text = 0
22.44766000000527	EXP	text_2: text = 83
22.466095000010682	EXP	text_2: text = 99
22.48097499999858	EXP	text_2: text = 116
22.498905000000377	EXP	text_2: text = 133
22.51193000000785	EXP	text_2: text = 149
22.53098000001046	EXP	text_2: text = 166
22.545490000004065	EXP	text_2: text = 183
22.562095000001136	EXP	text_2: text = 199
22.578905000002123	EXP	text_2: text = 216
22.597575000007055	EXP	text_2: text = 233
22.61220499999763	EXP	text_2: text = 249
22.62885500000266	EXP	text_2: text = 266
22.645100000008824	EXP	text_2: text = 283
22.662315000008675	EXP	text_2: text = 299
22.66479999999865	DATA	Keydown:  
22.680670000001555	EXP	text_2: text = 316
22.680670000001555	EXP	text_2: autoDraw = false
22.680670000001555	EXP	Feedback: text = 244
22.680670000001555	EXP	Feedback: autoDraw = true
23.678180000002612	EXP	Feedback: autoDraw = false
23.678180000002612	EXP	Feedback: autoDraw = false
23.678180000002612	EXP	text_3: autoDraw = true
32.594900000010966	EXP	text_3: autoDraw = false
32.594900000010966	EXP	text_3: autoDraw = false
32.594900000010966	EXP	text_2: autoDraw = true
32.594900000010966	EXP	text_2: text = 0
32.640360000004875	EXP	text_2: text = 16
32.660094999999274	EXP	text_2: text = 66
32.67665000000852	EXP	text_2: text = 83
32.693685000005644	EXP	text_2: text = 100
32.71086500000092	EXP	text_2: text = 117
32.7287750000105	EXP	text_2: text = 133
32.743625000002794	EXP	text_2: text = 150
32.76235000000452	EXP	text_2: text = 166
32.77718000000459	EXP	text_2: text = 183
32.793685000011465	EXP	text_2: text = 200
32.81026500000735	EXP	text_2: text = 216
32.82719999999972	EXP	text_2: text = 233
32.843665000007604	EXP	text_2: text = 250
32.86097999999765	EXP	text_2: text = 266
32.863255000003846	DATA	Keydown:  
32.87778500000422	EXP	text_2: text = 283
32.87778500000422	EXP	text_2: autoDraw = false
32.87778500000422	EXP	Feedback: text = 269
32.87778500000422	EXP	Feedback: autoDraw = true
33.87519500000053	EXP	Feedback: autoDraw = false
33.87519500000053	EXP	Feedback: autoDraw = false
33.87519500000053	EXP	text_3: autoDraw = true
37.560545000000275	EXP	text_3: autoDraw = false
37.560545000000275	EXP	text_3: autoDraw = false
37.560545000000275	EXP	text_2: autoDraw = true
37.560545000000275	EXP	text_2: text = 0
37.57568999999785	EXP	text_2: text = 17
37.592994999999064	EXP	text_2: text = 33
37.609445000009146	EXP	text_2: text = 50
37.62587000000349	EXP	text_2: text = 67
37.64280500001041	EXP	text_2: text = 83
37.65919500000018	EXP	text_2: text = 100
37.67661500000395	EXP	text_2: text = 117
37.692640000008396	EXP	text_2: text = 133
37.70990000000165	EXP	text_2: text = 150
37.72620499999903	EXP	text_2: text = 167
37.742935000002035	EXP	text_2: text = 183
37.759825000001	EXP	text_2: text = 200
37.77646000000823	EXP	text_2: text = 217
37.79299000000174	EXP	text_2: text = 233
37.797360000011395	DATA	Keydown:  
37.8103650000121	EXP	text_2: text = 250
37.8103650000121	EXP	text_2: autoDraw = false
37.8103650000121	EXP	Feedback: text = 237
37.8103650000121	EXP	Feedback: autoDraw = true
38.807460000010906	EXP	Feedback: autoDraw = false
38.807460000010906	EXP	Feedback: autoDraw = false
38.807460000010906	EXP	text_3: autoDraw = true
47.49211500000092	EXP	text_3: autoDraw = false
47.49211500000092	EXP	text_3: autoDraw = false
47.49211500000092	EXP	text_2: autoDraw = true
47.49211500000092	EXP	text_2: text = 0
47.50774000000092	EXP	text_2: text = 16
47.524820000006	EXP	text_2: text = 33
47.541024999998626	EXP	text_2: text = 50
47.55818000000727	EXP	text_2: text = 66
47.574755000008736	EXP	text_2: text = 83
47.59162500000093	EXP	text_2: text = 100
47.608229999998	EXP	text_2: text = 116
47.626035000008414	EXP	text_2: text = 134
47.641795000003185	EXP	text_2: text = 150
47.65776500001084	EXP	text_2: text = 167
47.674989999999525	EXP	text_2: text = 183
47.691539999999804	EXP	text_2: text = 200
47.708540000006906	EXP	text_2: text = 217
47.71077499999956	DATA	Keydown:  
47.72604500000307	EXP	text_2: text = 233
47.72604500000307	EXP	text_2: autoDraw = false
47.72604500000307	EXP	Feedback: text = 219
47.72604500000307	EXP	Feedback: autoDraw = true
48.722930000003544	EXP	Feedback: autoDraw = false
48.722930000003544	EXP	Feedback: autoDraw = false
48.722930000003544	EXP	text_3: autoDraw = true
52.2583350000059	EXP	text_3: autoDraw = false
52.2583350000059	EXP	text_3: autoDraw = false
52.2583350000059	EXP	text_2: autoDraw = true
52.2583350000059	EXP	text_2: text = 0
52.27366500000062	EXP	text_2: text = 16
52.29086500000267	EXP	text_2: text = 33
52.30732500000158	EXP	text_2: text = 50
52.323990000004414	EXP	text_2: text = 67
52.34101499999815	EXP	text_2: text = 83
52.3572400000121	EXP	text_2: text = 100
52.374090000012075	EXP	text_2: text = 116
52.390625	EXP	text_2: text = 133
52.40782000000763	EXP	text_2: text = 150
52.42413500000839	EXP	text_2: text = 167
52.44100000000617	EXP	text_2: text = 183
52.457520000010845	EXP	text_2: text = 200
52.47425500000827	EXP	text_2: text = 217
52.49078000000736	EXP	text_2: text = 233
52.507494999998016	EXP	text_2: text = 250
52.511765000002924	DATA	Keydown:  
52.53160000000207	EXP	text_2: text = 268
52.53160000000207	EXP	text_2: autoDraw = false
52.53160000000207	EXP	Feedback: text = 254
52.53160000000207	EXP	Feedback: autoDraw = true
53.522435000006226	EXP	Feedback: autoDraw = false
53.522435000006226	EXP	Feedback: autoDraw = false
53.522435000006226	EXP	text_3: autoDraw = true
57.774050000007264	EXP	text_3: autoDraw = false
57.774050000007264	EXP	text_3: autoDraw = false
57.774050000007264	EXP	text_2: autoDraw = true
57.774050000007264	EXP	text_2: text = 0
57.78979500000423	EXP	text_2: text = 16
57.80675499999779	EXP	text_2: text = 33
57.82344500000181	EXP	text_2: text = 50
57.84009500000684	EXP	text_2: text = 66
57.8567100000073	EXP	text_2: text = 83
57.87338499999896	EXP	text_2: text = 100
57.89066499999899	EXP	text_2: text = 116
57.90705500000331	EXP	text_2: text = 133
57.92339500000526	EXP	text_2: text = 150
57.9403500000044	EXP	text_2: text = 166
57.95674500000314	EXP	text_2: text = 183
57.973729999997886	EXP	text_2: text = 200
57.990360000010696	EXP	text_2: text = 216
58.03286000000662	EXP	text_2: text = 233
58.03504500001145	DATA	Keydown:  
58.05810999999812	EXP	text_2: text = 283
58.05810999999812	EXP	text_2: autoDraw = false
58.05810999999812	EXP	Feedback: text = 261
58.05810999999812	EXP	Feedback: autoDraw = true
59.05458500000532	EXP	Feedback: autoDraw = false
59.05458500000532	EXP	Feedback: autoDraw = false
59.05458500000532	EXP	text_3: autoDraw = true
64.22466000000713	EXP	text_3: autoDraw = false
64.22466000000713	EXP	text_3: autoDraw = false
64.22466000000713	EXP	text_2: autoDraw = true
64.22466000000713	EXP	text_2: text = 0
64.2415650000039	EXP	text_2: text = 19
64.25583000000915	EXP	text_2: text = 33
64.27240500001062	EXP	text_2: text = 50
64.28892500000075	EXP	text_2: text = 67
64.30589000000327	EXP	text_2: text = 83
64.3220650000003	EXP	text_2: text = 100
64.33937500001048	EXP	text_2: text = 117
64.3558950000006	EXP	text_2: text = 133
64.37275999999838	EXP	text_2: text = 150
64.38913999999932	EXP	text_2: text = 167
64.40619500000321	EXP	text_2: text = 183
64.42268000000331	EXP	text_2: text = 200
64.43921500000579	EXP	text_2: text = 217
64.45616500001051	EXP	text_2: text = 233
64.47245500001009	EXP	text_2: text = 250
64.4891600000119	EXP	text_2: text = 267
64.50575500000559	EXP	text_2: text = 283
64.52276000000711	EXP	text_2: text = 300
64.53951000000234	EXP	text_2: text = 317
64.5418350000109	DATA	Keydown:  
64.55696000000171	EXP	text_2: text = 333
64.55696000000171	EXP	text_2: autoDraw = false
64.55696000000171	EXP	Feedback: text = 317
64.55696000000171	EXP	Feedback: autoDraw = true
65.55466999999771	EXP	Feedback: autoDraw = false
65.55466999999771	EXP	Feedback: autoDraw = false
65.55466999999771	EXP	text_3: autoDraw = true
70.97241000000213	EXP	text_3: autoDraw = false
70.97241000000213	EXP	text_3: autoDraw = false
70.97241000000213	EXP	text_2: autoDraw = true
70.97241000000213	EXP	text_2: text = 0
70.98776000000362	EXP	text_2: text = 16
71.00499000000127	EXP	text_2: text = 33
71.02159499999834	EXP	text_2: text = 50
71.03824999999779	EXP	text_2: text = 66
71.05481500001042	EXP	text_2: text = 83
71.07160000001022	EXP	text_2: text = 100
71.08852499999921	EXP	text_2: text = 116
71.1050050000049	EXP	text_2: text = 133
71.1214200000104	EXP	text_2: text = 150
71.13829500001157	EXP	text_2: text = 166
71.15526500000851	EXP	text_2: text = 183
71.17147000000114	EXP	text_2: text = 200
71.18829000000551	EXP	text_2: text = 216
71.19326500000898	DATA	Keydown:  
71.20765500000562	EXP	text_2: text = 233
71.20765500000562	EXP	text_2: autoDraw = false
71.20765500000562	EXP	Feedback: text = 221
71.20765500000562	EXP	Feedback: autoDraw = true
72.20274500000232	EXP	Feedback: autoDraw = false
72.20274500000232	EXP	Feedback: autoDraw = false
72.20274500000232	EXP	text_3: autoDraw = true
75.05509000000893	EXP	text_3: autoDraw = false
75.05509000000893	EXP	text_3: autoDraw = false
75.05509000000893	EXP	text_2: autoDraw = true
75.05509000000893	EXP	text_2: text = 0
75.07003500001156	EXP	text_2: text = 16
75.08766000000469	EXP	text_2: text = 33
75.10420500001055	EXP	text_2: text = 50
75.1211600000097	EXP	text_2: text = 66
75.13793500000611	EXP	text_2: text = 83
75.15467499999795	EXP	text_2: text = 100
75.17447500000708	EXP	text_2: text = 120
75.19223000000056	EXP	text_2: text = 133
75.20432499999879	EXP	text_2: text = 150
75.22107500000857	EXP	text_2: text = 167
75.23761999999988	EXP	text_2: text = 183
75.25430500000948	EXP	text_2: text = 200
75.27082000000519	EXP	text_2: text = 216
75.28754499999923	EXP	text_2: text = 233
75.30474000000686	EXP	text_2: text = 250
75.35435000000871	EXP	text_2: text = 266
75.35666000000492	DATA	Keydown:  
75.37228500000492	EXP	text_2: text = 317
75.37228500000492	EXP	text_2: autoDraw = false
75.37228500000492	EXP	Feedback: text = 302
75.37228500000492	EXP	Feedback: autoDraw = true
76.36892500000249	EXP	Feedback: autoDraw = false
76.36892500000249	EXP	Feedback: autoDraw = false
76.36892500000249	EXP	text_3: autoDraw = true
83.50332499999786	EXP	text_3: autoDraw = false
83.50332499999786	EXP	text_3: autoDraw = false
83.50332499999786	EXP	text_2: autoDraw = true
83.50332499999786	EXP	text_2: text = 0
83.52042000000074	EXP	text_2: text = 16
83.53637000000163	EXP	text_2: text = 33
83.55273000001034	EXP	text_2: text = 50
83.5702750000055	EXP	text_2: text = 67
83.58683000000019	EXP	text_2: text = 83
83.60307000001194	EXP	text_2: text = 100
83.62243500001205	EXP	text_2: text = 119
83.63635000000068	EXP	text_2: text = 133
83.65353500000492	EXP	text_2: text = 150
83.6694550000102	EXP	text_2: text = 167
83.68673000000126	EXP	text_2: text = 183
83.70319500000915	EXP	text_2: text = 200
83.72006500000134	EXP	text_2: text = 217
83.73634000000311	EXP	text_2: text = 233
83.7534799999994	EXP	text_2: text = 250
83.7704500000109	EXP	text_2: text = 266
83.78684500000963	EXP	text_2: text = 283
83.79575000000477	DATA	Keydown:  
83.80411000001186	EXP	text_2: text = 300
83.80411000001186	EXP	text_2: autoDraw = false
83.80411000001186	EXP	Feedback: text = 293
83.80411000001186	EXP	Feedback: autoDraw = true
84.80114000001049	EXP	Feedback: autoDraw = false
84.80114000001049	EXP	Feedback: autoDraw = false
84.80114000001049	EXP	text_3: autoDraw = true
91.63532000000123	EXP	text_3: autoDraw = false
91.63532000000123	EXP	text_3: autoDraw = false
91.63532000000123	EXP	text_2: autoDraw = true
91.63532000000123	EXP	text_2: text = 0
91.65137000000686	EXP	text_2: text = 16
91.66821499999787	EXP	text_2: text = 33
91.68518500000937	EXP	text_2: text = 50
91.70145500000217	EXP	text_2: text = 67
91.7184200000047	EXP	text_2: text = 83
91.73504500000854	EXP	text_2: text = 100
91.75201500000549	EXP	text_2: text = 116
91.76873999999953	EXP	text_2: text = 133
91.78524000001198	EXP	text_2: text = 150
91.80189000000246	EXP	text_2: text = 166
91.81846500000393	EXP	text_2: text = 183
91.83547000000544	EXP	text_2: text = 200
91.85162000000128	EXP	text_2: text = 216
91.86873000000196	EXP	text_2: text = 233
91.87082000001101	DATA	Keydown:  
91.88639500000863	EXP	text_2: text = 250
91.88639500000863	EXP	text_2: autoDraw = false
91.88639500000863	EXP	Feedback: text = 236
91.88639500000863	EXP	Feedback: autoDraw = true
92.88359500000661	EXP	Feedback: autoDraw = false
92.88359500000661	EXP	Feedback: autoDraw = false
92.88359500000661	EXP	text_3: autoDraw = true
99.90170000000217	EXP	text_3: autoDraw = false
99.90170000000217	EXP	text_3: autoDraw = false
99.90170000000217	EXP	text_2: autoDraw = true
99.90170000000217	EXP	text_2: text = 0
99.91722500001197	EXP	text_2: text = 16
99.93439500000386	EXP	text_2: text = 33
99.95068999999785	EXP	text_2: text = 50
99.96788000001106	EXP	text_2: text = 67
99.9842750000098	EXP	text_2: text = 83
100.0007750000077	EXP	text_2: text = 100
100.01789000000281	EXP	text_2: text = 117
100.03431000000273	EXP	text_2: text = 133
100.05064500001026	EXP	text_2: text = 150
100.0675850000116	EXP	text_2: text = 166
100.08427000000665	EXP	text_2: text = 183
100.10092000001168	EXP	text_2: text = 200
100.11770000000251	EXP	text_2: text = 217
100.13444999999774	EXP	text_2: text = 233
100.13655999999901	DATA	Keydown:  
100.1518950000027	EXP	text_2: text = 250
100.1518950000027	EXP	text_2: autoDraw = false
100.1518950000027	EXP	Feedback: text = 235
100.1518950000027	EXP	Feedback: autoDraw = true
101.17834500000754	EXP	Feedback: autoDraw = false
101.17834500000754	EXP	Feedback: autoDraw = false
101.17834500000754	EXP	text_3: autoDraw = true
105.81724499999837	EXP	text_3: autoDraw = false
105.81724499999837	EXP	text_3: autoDraw = false
105.81724499999837	EXP	text_2: autoDraw = true
105.81724499999837	EXP	text_2: text = 0
105.83260999999766	EXP	text_2: text = 17
105.85023000001092	EXP	text_2: text = 33
105.8676800000103	EXP	text_2: text = 50
105.88288000000466	EXP	text_2: text = 66
105.89953500000411	EXP	text_2: text = 83
105.9166050000058	EXP	text_2: text = 100
105.93358500000613	EXP	text_2: text = 116
105.94982000000891	EXP	text_2: text = 133
105.96667999999772	EXP	text_2: text = 150
105.9832150000002	EXP	text_2: text = 167
105.99996500000998	EXP	text_2: text = 183
106.01629500000854	EXP	text_2: text = 200
106.03328000000329	EXP	text_2: text = 216
106.0499700000073	EXP	text_2: text = 233
106.06644999999844	EXP	text_2: text = 250
106.08346500000334	EXP	text_2: text = 266
106.10027000000991	EXP	text_2: text = 283
106.10228500000085	DATA	Keydown:  
106.11767000000691	EXP	text_2: text = 300
106.11767000000691	EXP	text_2: autoDraw = false
106.11767000000691	EXP	Feedback: text = 285
106.11767000000691	EXP	Feedback: autoDraw = true
107.11702499999956	EXP	Feedback: autoDraw = false
107.11702499999956	EXP	Feedback: autoDraw = false
107.11702499999956	EXP	text_3: autoDraw = true
112.82650500000454	DATA	Keydown:  
115.58337500000198	EXP	text_3: autoDraw = false
115.58337500000198	EXP	text_3: autoDraw = false
115.58337500000198	EXP	text_2: autoDraw = true
115.58337500000198	EXP	text_2: text = 0
115.59856500000751	EXP	text_2: text = 16
115.61514999999781	EXP	text_2: text = 33
115.63215499999933	EXP	text_2: text = 50
115.64785000000848	EXP	text_2: text = 66
115.66513500000292	EXP	text_2: text = 83
115.68217000000004	EXP	text_2: text = 100
115.69887000000745	EXP	text_2: text = 116
115.71561500000826	EXP	text_2: text = 133
115.73214500000176	EXP	text_2: text = 150
115.74901500000851	EXP	text_2: text = 166
115.76589999999851	EXP	text_2: text = 183
115.78230500000063	EXP	text_2: text = 200
115.79843000000983	EXP	text_2: text = 216
115.81561000000511	EXP	text_2: text = 233
115.81779000000097	DATA	Keydown:  
115.83340500001214	EXP	text_2: text = 250
115.83340500001214	EXP	text_2: autoDraw = false
115.83340500001214	EXP	Feedback: text = 235
115.83340500001214	EXP	Feedback: autoDraw = true
116.83015000000887	EXP	Feedback: autoDraw = false
116.83015000000887	EXP	Feedback: autoDraw = false
116.83015000000887	EXP	text_3: autoDraw = true
124.83144000000902	EXP	text_3: autoDraw = false
124.83144000000902	EXP	text_3: autoDraw = false
124.83144000000902	EXP	text_2: autoDraw = true
124.83144000000902	EXP	text_2: text = 0
124.84641500000726	EXP	text_2: text = 16
124.86382500000764	EXP	text_2: text = 33
124.88090499999817	EXP	text_2: text = 50
124.89767000000575	EXP	text_2: text = 66
124.91521000000648	EXP	text_2: text = 83
124.93088500000886	EXP	text_2: text = 100
124.94774000000325	EXP	text_2: text = 116
124.96381500001007	EXP	text_2: text = 133
124.98084499999823	EXP	text_2: text = 150
124.9975800000102	EXP	text_2: text = 166
125.01422500000626	EXP	text_2: text = 183
125.03115999999864	EXP	text_2: text = 200
125.0479500000074	EXP	text_2: text = 217
125.0644900000043	EXP	text_2: text = 233
125.0809750000044	EXP	text_2: text = 250
125.09778500000539	EXP	text_2: text = 266
125.09995000000345	DATA	Keydown:  
125.11549999999988	EXP	text_2: text = 283
125.11549999999988	EXP	text_2: autoDraw = false
125.11549999999988	EXP	Feedback: text = 269
125.11549999999988	EXP	Feedback: autoDraw = true
126.11206500000844	EXP	Feedback: autoDraw = false
126.11206500000844	EXP	Feedback: autoDraw = false
126.11206500000844	EXP	text_3: autoDraw = true
132.83075000000827	EXP	text_3: autoDraw = false
132.83075000000827	EXP	text_3: autoDraw = false
132.83075000000827	EXP	text_2: autoDraw = true
132.83075000000827	EXP	text_2: text = 0
132.84590500000922	EXP	text_2: text = 17
132.8630300000077	EXP	text_2: text = 33
132.87969000000157	EXP	text_2: text = 50
132.89654500001052	EXP	text_2: text = 67
132.9128550000023	EXP	text_2: text = 83
132.92958999999973	EXP	text_2: text = 100
132.94653000000108	EXP	text_2: text = 116
132.9637950000033	EXP	text_2: text = 133
132.9799950000015	EXP	text_2: text = 150
132.99599500000477	EXP	text_2: text = 167
133.0132650000014	EXP	text_2: text = 183
133.02966000000015	EXP	text_2: text = 200
133.0465750000003	EXP	text_2: text = 216
133.06322500000533	EXP	text_2: text = 233
133.08027000000584	EXP	text_2: text = 250
133.0969000000041	EXP	text_2: text = 266
133.098920000004	DATA	Keydown:  
133.1157050000038	EXP	text_2: text = 283
133.1157050000038	EXP	text_2: autoDraw = false
133.1157050000038	EXP	Feedback: text = 268
133.1157050000038	EXP	Feedback: autoDraw = true
134.11302499999874	EXP	Feedback: autoDraw = false
134.11302499999874	EXP	Feedback: autoDraw = false
134.11302499999874	EXP	text_3: autoDraw = true
142.7288899999985	EXP	text_3: autoDraw = false
142.7288899999985	EXP	text_3: autoDraw = false
142.7288899999985	EXP	text_2: autoDraw = true
142.7288899999985	EXP	text_2: text = 0
142.74492000001192	EXP	text_2: text = 17
142.7617750000063	EXP	text_2: text = 33
142.7783400000044	EXP	text_2: text = 50
142.79503500000283	EXP	text_2: text = 66
142.81152000000293	EXP	text_2: text = 83
142.82829000000493	EXP	text_2: text = 100
142.84519000000728	EXP	text_2: text = 116
142.86167500000738	EXP	text_2: text = 133
142.87853000000177	EXP	text_2: text = 150
142.89510000000882	EXP	text_2: text = 166
142.9122650000063	EXP	text_2: text = 183
142.9288099999976	EXP	text_2: text = 200
142.94542499999807	EXP	text_2: text = 216
142.96155000000726	EXP	text_2: text = 233
142.97869499999797	EXP	text_2: text = 250
142.98087500000838	DATA	Keydown:  
142.99601000000257	EXP	text_2: text = 267
142.99601000000257	EXP	text_2: autoDraw = false
142.99601000000257	EXP	Feedback: text = 252
142.99601000000257	EXP	Feedback: autoDraw = true
143.99291500000982	EXP	Feedback: autoDraw = false
143.99291500000982	EXP	Feedback: autoDraw = false
143.99291500000982	EXP	text_3: autoDraw = true
151.39424500000314	EXP	text_3: autoDraw = false
151.39424500000314	EXP	text_3: autoDraw = false
151.39424500000314	EXP	text_2: autoDraw = true
151.39424500000314	EXP	text_2: text = 0
151.40998000001127	EXP	text_2: text = 17
151.42713000001095	EXP	text_2: text = 33
151.44364500000665	EXP	text_2: text = 50
151.46043000000645	EXP	text_2: text = 67
151.47699999999895	EXP	text_2: text = 83
151.4933149999997	EXP	text_2: text = 100
151.51077000000805	EXP	text_2: text = 117
151.52667000000656	EXP	text_2: text = 133
151.54416499999934	EXP	text_2: text = 150
151.56053500001144	EXP	text_2: text = 166
151.57734000000346	EXP	text_2: text = 183
151.59415000000445	EXP	text_2: text = 200
151.6104900000064	EXP	text_2: text = 217
151.6270349999977	EXP	text_2: text = 233
151.6434900000022	EXP	text_2: text = 250
151.64561500000127	DATA	Keydown:  
151.66148000000976	EXP	text_2: text = 267
151.66148000000976	EXP	text_2: autoDraw = false
151.66148000000976	EXP	Feedback: text = 251
151.66148000000976	EXP	Feedback: autoDraw = true
152.65842000000703	EXP	Feedback: autoDraw = false
152.65842000000703	EXP	Feedback: autoDraw = false
152.65842000000703	EXP	text_3: autoDraw = true
158.4935950000072	EXP	text_3: autoDraw = false
158.4935950000072	EXP	text_3: autoDraw = false
158.4935950000072	EXP	text_2: autoDraw = true
158.4935950000072	EXP	text_2: text = 0
158.50879000000714	EXP	text_2: text = 16
158.5259500000102	EXP	text_2: text = 33
158.54276000001119	EXP	text_2: text = 50
158.55930000000808	EXP	text_2: text = 66
158.5760650000011	EXP	text_2: text = 83
158.5928750000021	EXP	text_2: text = 100
158.60990999999922	EXP	text_2: text = 116
158.62636999999813	EXP	text_2: text = 133
158.64274000001024	EXP	text_2: text = 150
158.6594699999987	EXP	text_2: text = 166
158.67613500000152	EXP	text_2: text = 183
158.69319499999983	EXP	text_2: text = 200
158.70978000000468	EXP	text_2: text = 216
158.72617999999784	EXP	text_2: text = 233
158.74335000000428	EXP	text_2: text = 250
158.74543500000436	DATA	Keydown:  
158.76013000000967	EXP	text_2: text = 267
158.76013000000967	EXP	text_2: autoDraw = false
158.76013000000967	EXP	Feedback: text = 252
158.76013000000967	EXP	Feedback: autoDraw = true
159.75804000000062	EXP	Feedback: autoDraw = false
159.75804000000062	EXP	Feedback: autoDraw = false
159.75804000000062	EXP	text_3: autoDraw = true
164.59223999999813	EXP	text_3: autoDraw = false
164.59223999999813	EXP	text_3: autoDraw = false
164.59223999999813	EXP	text_2: autoDraw = true
164.59223999999813	EXP	text_2: text = 0
164.60810500000662	EXP	text_2: text = 17
164.62513000000035	EXP	text_2: text = 33
164.6416700000118	EXP	text_2: text = 50
164.65855000000738	EXP	text_2: text = 66
164.67442999999912	EXP	text_2: text = 83
164.692080000008	EXP	text_2: text = 100
164.70879000000423	EXP	text_2: text = 116
164.7253650000057	EXP	text_2: text = 133
164.74207500000193	EXP	text_2: text = 150
164.75885500000732	EXP	text_2: text = 166
164.77548000001116	EXP	text_2: text = 183
164.7919050000055	EXP	text_2: text = 200
164.80888500000583	EXP	text_2: text = 216
164.82541000000492	EXP	text_2: text = 233
164.8419150000118	EXP	text_2: text = 250
164.85844999999972	EXP	text_2: text = 266
164.87567500000296	EXP	text_2: text = 283
164.89216000000306	EXP	text_2: text = 300
164.90167000000656	DATA	Keydown:  
164.90947500000766	EXP	text_2: text = 317
164.90947500000766	EXP	text_2: autoDraw = false
164.90947500000766	EXP	Feedback: text = 310
164.90947500000766	EXP	Feedback: autoDraw = true
165.90653000000748	EXP	Feedback: autoDraw = false
165.90653000000748	EXP	Feedback: autoDraw = false
165.90653000000748	EXP	text_3: autoDraw = true
172.15492000000086	DATA	Keydown:  
173.46223000000464	EXP	text_3: autoDraw = false
173.46223000000464	EXP	text_3: autoDraw = false
173.46223000000464	EXP	text_2: autoDraw = true
173.46223000000464	EXP	text_2: text = 0
173.4735500000097	EXP	text_2: text = 12
173.49175500001002	EXP	text_2: text = 29
173.5069599999988	EXP	text_2: text = 46
173.5240300000005	EXP	text_2: text = 62
173.54063500001212	EXP	text_2: text = 79
173.55724999999802	EXP	text_2: text = 96
173.57417000000714	EXP	text_2: text = 112
173.59103500000492	EXP	text_2: text = 129
173.60771500000556	EXP	text_2: text = 145
173.62416500000108	EXP	text_2: text = 162
173.64089000000968	EXP	text_2: text = 179
173.65718999999808	EXP	text_2: text = 196
173.67429000000993	EXP	text_2: text = 212
173.69073500001105	EXP	text_2: text = 229
173.70754000000306	EXP	text_2: text = 245
173.7154450000089	DATA	Keydown:  
173.72544000000926	EXP	text_2: text = 262
173.72544000000926	EXP	text_2: autoDraw = false
173.72544000000926	EXP	Feedback: text = 253
173.72544000000926	EXP	Feedback: autoDraw = true
174.7222550000006	EXP	Feedback: autoDraw = false
174.7222550000006	EXP	Feedback: autoDraw = false
174.7222550000006	EXP	text_3: autoDraw = true
177.157355000003	EXP	text_3: autoDraw = false
177.157355000003	EXP	text_3: autoDraw = false
177.157355000003	EXP	text_2: autoDraw = true
177.157355000003	EXP	text_2: text = 0
177.1729650000052	EXP	text_2: text = 16
177.19021000000066	EXP	text_2: text = 33
177.20706000000064	EXP	text_2: text = 50
177.22346500000276	EXP	text_2: text = 66
177.24005500000203	EXP	text_2: text = 83
177.25659499999892	EXP	text_2: text = 100
177.27404000000388	EXP	text_2: text = 116
177.29039999999804	EXP	text_2: text = 133
177.3069850000029	EXP	text_2: text = 150
177.3237250000093	EXP	text_2: text = 166
177.34043999999994	EXP	text_2: text = 183
177.35706000000937	EXP	text_2: text = 200
177.37367500000983	EXP	text_2: text = 216
177.39009000000078	EXP	text_2: text = 233
177.40662999999768	EXP	text_2: text = 250
177.45406499999808	EXP	text_2: text = 266
177.47327000000223	EXP	text_2: text = 316
177.4901050000044	EXP	text_2: text = 333
177.50667500001146	EXP	text_2: text = 350
177.52354999999807	EXP	text_2: text = 366
177.54178500000853	EXP	text_2: text = 385
177.5566850000032	EXP	text_2: text = 400
177.57293500000378	EXP	text_2: text = 416
177.5899150000041	EXP	text_2: text = 433
177.59212000000116	DATA	Keydown:  
177.60777000000235	EXP	text_2: text = 450
177.60777000000235	EXP	text_2: autoDraw = false
177.60777000000235	EXP	Feedback: text = 435
177.60777000000235	EXP	Feedback: autoDraw = true
178.6041200000036	EXP	Feedback: autoDraw = false
178.6041200000036	EXP	Feedback: autoDraw = false
178.6041200000036	EXP	text_3: autoDraw = true
187.53925000000163	EXP	text_3: autoDraw = false
187.53925000000163	EXP	text_3: autoDraw = false
187.53925000000163	EXP	text_2: autoDraw = true
187.53925000000163	EXP	text_2: text = 0
187.55445000001055	EXP	text_2: text = 16
187.57120000000577	EXP	text_2: text = 33
187.58839000000444	EXP	text_2: text = 50
187.60504000000947	EXP	text_2: text = 67
187.62215000001015	EXP	text_2: text = 83
187.63842000000295	EXP	text_2: text = 100
187.65541500000108	EXP	text_2: text = 116
187.67222000000766	EXP	text_2: text = 133
187.68856999999844	EXP	text_2: text = 150
187.70543500001077	EXP	text_2: text = 166
187.7219699999987	EXP	text_2: text = 183
187.73892000000342	EXP	text_2: text = 200
187.7555100000027	EXP	text_2: text = 217
187.77220500000112	EXP	text_2: text = 233
187.7890800000023	EXP	text_2: text = 250
187.80532500000845	EXP	text_2: text = 266
187.82369499999913	EXP	text_2: text = 283
187.839135000002	EXP	text_2: text = 300
187.85538000000815	EXP	text_2: text = 316
187.87376000000222	EXP	text_2: text = 335
187.88899500000116	EXP	text_2: text = 350
187.90485000000626	EXP	text_2: text = 367
187.91245499999786	DATA	Keydown:  
187.92307000000437	EXP	text_2: text = 383
187.92307000000437	EXP	text_2: autoDraw = false
187.92307000000437	EXP	Feedback: text = 373
187.92307000000437	EXP	Feedback: autoDraw = true
188.92055999999866	EXP	Feedback: autoDraw = false
188.92055999999866	EXP	Feedback: autoDraw = false
188.92055999999866	EXP	text_3: autoDraw = true
198.08784000000742	EXP	text_3: autoDraw = false
198.08784000000742	EXP	text_3: autoDraw = false
198.08784000000742	EXP	text_2: autoDraw = true
198.08784000000742	EXP	text_2: text = 0
198.1032200000045	EXP	text_2: text = 17
198.12086999999883	EXP	text_2: text = 33
198.13766500000202	EXP	text_2: text = 50
198.15421000000788	EXP	text_2: text = 67
198.17053000000305	EXP	text_2: text = 83
198.1872399999993	EXP	text_2: text = 100
198.20384500001092	EXP	text_2: text = 117
198.22119500000554	EXP	text_2: text = 133
198.2366500000062	EXP	text_2: text = 150
198.2539950000064	EXP	text_2: text = 167
198.27051500001107	EXP	text_2: text = 183
198.2873050000053	EXP	text_2: text = 200
198.30441000001156	EXP	text_2: text = 216
198.32062500000757	EXP	text_2: text = 233
198.33750000000873	EXP	text_2: text = 250
198.35400000000664	EXP	text_2: text = 266
198.3709150000068	EXP	text_2: text = 283
198.37304500000027	DATA	Keydown:  
198.38754500000505	EXP	text_2: text = 300
198.38754500000505	EXP	text_2: autoDraw = false
198.38754500000505	EXP	Feedback: text = 285
198.38754500000505	EXP	Feedback: autoDraw = true
199.38526999999885	EXP	Feedback: autoDraw = false
199.38526999999885	EXP	Feedback: autoDraw = false
199.38526999999885	EXP	text_3: autoDraw = true
202.8867700000119	EXP	text_3: autoDraw = false
202.8867700000119	EXP	text_3: autoDraw = false
202.8867700000119	EXP	text_2: autoDraw = true
202.8867700000119	EXP	text_2: text = 0
202.90181500000472	EXP	text_2: text = 17
202.91966500000854	EXP	text_2: text = 33
202.93610000000626	EXP	text_2: text = 50
202.95292999999947	EXP	text_2: text = 67
202.96934000001056	EXP	text_2: text = 83
202.98616500000935	EXP	text_2: text = 100
203.0033650000114	EXP	text_2: text = 116
203.01950999999826	EXP	text_2: text = 133
203.03635999999824	EXP	text_2: text = 150
203.05316999999923	EXP	text_2: text = 167
203.0699350000068	EXP	text_2: text = 183
203.0865300000005	EXP	text_2: text = 200
203.10300500001176	EXP	text_2: text = 217
203.11995500000194	EXP	text_2: text = 233
203.13668999999936	EXP	text_2: text = 250
203.15373499999987	EXP	text_2: text = 266
203.16957500000717	EXP	text_2: text = 283
203.1865650000109	EXP	text_2: text = 300
203.20290000000386	EXP	text_2: text = 317
203.2198100000096	EXP	text_2: text = 333
203.23645500000566	EXP	text_2: text = 350
203.25344500000938	EXP	text_2: text = 367
203.27027000000817	EXP	text_2: text = 383
203.273675000004	DATA	Keydown:  
203.28742500000226	EXP	text_2: text = 400
203.28742500000226	EXP	text_2: autoDraw = false
203.28742500000226	EXP	Feedback: text = 387
203.28742500000226	EXP	Feedback: autoDraw = true
204.2840600000054	EXP	Feedback: autoDraw = false
204.2840600000054	EXP	Feedback: autoDraw = false
204.2840600000054	EXP	text_3: autoDraw = true
208.6695800000016	EXP	text_3: autoDraw = false
208.6695800000016	EXP	text_3: autoDraw = false
208.6695800000016	EXP	text_2: autoDraw = true
208.6695800000016	EXP	text_2: text = 0
208.68699500001094	EXP	text_2: text = 16
208.70202500000596	EXP	text_2: text = 33
208.71847000000707	EXP	text_2: text = 50
208.7357200000115	EXP	text_2: text = 67
208.75188000001071	EXP	text_2: text = 83
208.76886000001105	EXP	text_2: text = 100
208.78578000000562	EXP	text_2: text = 117
208.80243500000506	EXP	text_2: text = 133
208.81898999999976	EXP	text_2: text = 150
208.83552000000782	EXP	text_2: text = 166
208.85235500001	EXP	text_2: text = 183
208.8700700000045	EXP	text_2: text = 200
208.8859450000018	EXP	text_2: text = 216
208.90191500000947	EXP	text_2: text = 233
208.91929000000528	EXP	text_2: text = 250
208.93540000000212	EXP	text_2: text = 266
208.9520049999992	EXP	text_2: text = 283
208.96907500000088	EXP	text_2: text = 300
208.98535000000265	EXP	text_2: text = 316
209.00527000000875	EXP	text_2: text = 336
209.01919000000635	EXP	text_2: text = 350
209.03584000001138	EXP	text_2: text = 367
209.05239500000607	EXP	text_2: text = 383
209.0688999999984	EXP	text_2: text = 400
209.0859049999999	EXP	text_2: text = 416
209.08801500000118	DATA	Keydown:  
209.10321000000113	EXP	text_2: text = 433
209.10321000000113	EXP	text_2: autoDraw = false
209.10321000000113	EXP	Feedback: text = 419
209.10321000000113	EXP	Feedback: autoDraw = true
210.10028500000772	EXP	Feedback: autoDraw = false
210.10028500000772	EXP	Feedback: autoDraw = false
210.10028500000772	EXP	text_3: autoDraw = true
219.8011600000027	EXP	text_3: autoDraw = false
219.8011600000027	EXP	text_3: autoDraw = false
219.8011600000027	EXP	text_2: autoDraw = true
219.8011600000027	EXP	text_2: text = 0
219.81683000001067	EXP	text_2: text = 17
219.83377500000643	EXP	text_2: text = 33
219.85055000000284	EXP	text_2: text = 50
219.8671549999999	EXP	text_2: text = 67
219.88403500001004	EXP	text_2: text = 83
219.90061500000593	EXP	text_2: text = 100
219.91751500000828	EXP	text_2: text = 116
219.9342450000113	EXP	text_2: text = 133
219.95047000001068	EXP	text_2: text = 150
219.9707300000009	EXP	text_2: text = 167
219.98427000000083	EXP	text_2: text = 183
220.0034400000004	EXP	text_2: text = 202
220.01748999999836	EXP	text_2: text = 217
220.0340600000054	EXP	text_2: text = 233
220.05074500000046	EXP	text_2: text = 250
220.0673850000021	EXP	text_2: text = 266
220.0841400000063	EXP	text_2: text = 283
220.10053999999946	EXP	text_2: text = 300
220.11772999999812	EXP	text_2: text = 317
220.13379500000156	EXP	text_2: text = 333
220.14471500000218	DATA	Keydown:  
220.15219000000798	EXP	text_2: text = 350
220.15219000000798	EXP	text_2: autoDraw = false
220.15219000000798	EXP	Feedback: text = 344
220.15219000000798	EXP	Feedback: autoDraw = true
221.14862500000163	EXP	Feedback: autoDraw = false
221.14862500000163	EXP	Feedback: autoDraw = false
221.14862500000163	EXP	text_3: autoDraw = true
227.38330000000133	EXP	text_3: autoDraw = false
227.38330000000133	EXP	text_3: autoDraw = false
227.38330000000133	EXP	text_2: autoDraw = true
227.38330000000133	EXP	text_2: text = 0
227.3992750000034	EXP	text_2: text = 17
227.41638500000408	EXP	text_2: text = 33
227.43293999999878	EXP	text_2: text = 50
227.44973000000755	EXP	text_2: text = 67
227.46636500000022	EXP	text_2: text = 83
227.48447999999917	EXP	text_2: text = 100
227.5008000000089	EXP	text_2: text = 117
227.51665499999945	EXP	text_2: text = 133
227.53314500000852	EXP	text_2: text = 150
227.54997500000172	EXP	text_2: text = 167
227.56636000001163	EXP	text_2: text = 183
227.5832100000116	EXP	text_2: text = 200
227.6001200000028	EXP	text_2: text = 216
227.61688500001037	EXP	text_2: text = 233
227.63703500000702	EXP	text_2: text = 250
227.65286000000197	EXP	text_2: text = 269
227.6671750000096	EXP	text_2: text = 284
227.66940500000783	DATA	Keydown:  
227.68431500000588	EXP	text_2: text = 300
227.68431500000588	EXP	text_2: autoDraw = false
227.68431500000588	EXP	Feedback: text = 286
227.68431500000588	EXP	Feedback: autoDraw = true
228.6814000000013	EXP	Feedback: autoDraw = false
228.6814000000013	EXP	Feedback: autoDraw = false
228.6814000000013	EXP	text_3: autoDraw = true
233.78259000000253	EXP	text_3: autoDraw = false
233.78259000000253	EXP	text_3: autoDraw = false
233.78259000000253	EXP	text_2: autoDraw = true
233.78259000000253	EXP	text_2: text = 0
233.7982650000049	EXP	text_2: text = 16
233.81556000000273	EXP	text_2: text = 33
233.83200999999826	EXP	text_2: text = 50
233.84898500000418	EXP	text_2: text = 66
233.86555000000226	EXP	text_2: text = 83
233.88232000000426	EXP	text_2: text = 100
233.89878500001214	EXP	text_2: text = 116
233.91549500000838	EXP	text_2: text = 133
233.93231000000378	EXP	text_2: text = 150
233.94846500000858	EXP	text_2: text = 166
233.96581999999762	EXP	text_2: text = 183
233.98232000001008	EXP	text_2: text = 200
233.99916000000667	EXP	text_2: text = 216
234.01578000000154	EXP	text_2: text = 233
234.0326250000071	EXP	text_2: text = 250
234.04921000001195	EXP	text_2: text = 266
234.06556000000273	EXP	text_2: text = 283
234.08247000000847	EXP	text_2: text = 300
234.09862499999872	EXP	text_2: text = 316
234.1157349999994	EXP	text_2: text = 333
234.11868500000855	DATA	Keydown:  
234.13275499999872	EXP	text_2: text = 350
234.13275499999872	EXP	text_2: autoDraw = false
234.13275499999872	EXP	Feedback: text = 336
234.13275499999872	EXP	Feedback: autoDraw = true
235.13023500000418	EXP	Feedback: autoDraw = false
235.13023500000418	EXP	Feedback: autoDraw = false
235.13023500000418	EXP	text_3: autoDraw = true
239.53170500000124	EXP	text_3: autoDraw = false
239.53170500000124	EXP	text_3: autoDraw = false
239.53170500000124	EXP	text_2: autoDraw = true
239.53170500000124	EXP	text_2: text = 0
239.54865000001155	EXP	text_2: text = 16
239.564790000004	EXP	text_2: text = 33
239.58144500000344	EXP	text_2: text = 50
239.59796500000812	EXP	text_2: text = 67
239.61478499999794	EXP	text_2: text = 83
239.63115500001004	EXP	text_2: text = 100
239.64856000000145	EXP	text_2: text = 117
239.66473000000406	EXP	text_2: text = 133
239.68155500000285	EXP	text_2: text = 150
239.6981800000067	EXP	text_2: text = 166
239.71515000000363	EXP	text_2: text = 183
239.73136499999964	EXP	text_2: text = 200
239.7479800000001	EXP	text_2: text = 216
239.76496000000043	EXP	text_2: text = 233
239.78164000000106	EXP	text_2: text = 250
239.79833000000508	EXP	text_2: text = 266
239.81513000000268	EXP	text_2: text = 283
239.8318600000057	EXP	text_2: text = 300
239.847735000003	EXP	text_2: text = 316
239.8558200000116	DATA	Keydown:  
239.86545000001206	EXP	text_2: text = 333
239.86545000001206	EXP	text_2: autoDraw = false
239.86545000001206	EXP	Feedback: text = 324
239.86545000001206	EXP	Feedback: autoDraw = true
240.86286500000278	EXP	Feedback: autoDraw = false
240.86286500000278	EXP	Feedback: autoDraw = false
240.86286500000278	EXP	text_3: autoDraw = true
250.68004000000656	EXP	text_3: autoDraw = false
250.68004000000656	EXP	text_3: autoDraw = false
250.68004000000656	EXP	text_2: autoDraw = true
250.68004000000656	EXP	text_2: text = 0
250.69607000000542	EXP	text_2: text = 16
250.71302500000456	EXP	text_2: text = 33
250.73004500000388	EXP	text_2: text = 50
250.74662000000535	EXP	text_2: text = 66
250.76314500000444	EXP	text_2: text = 83
250.7804299999989	EXP	text_2: text = 100
250.79667000001064	EXP	text_2: text = 116
250.81340500000806	EXP	text_2: text = 133
250.82979499999783	EXP	text_2: text = 150
250.84674000000814	EXP	text_2: text = 166
250.86325500000385	EXP	text_2: text = 183
250.88005000000703	EXP	text_2: text = 200
250.896940000006	EXP	text_2: text = 216
250.91337999999814	EXP	text_2: text = 233
250.93018999999913	EXP	text_2: text = 250
250.94717500000843	EXP	text_2: text = 266
250.96360500001174	EXP	text_2: text = 283
250.96558000000368	DATA	Keydown:  
250.98044500000833	EXP	text_2: text = 300
250.98044500000833	EXP	text_2: autoDraw = false
250.98044500000833	EXP	Feedback: text = 286
250.98044500000833	EXP	Feedback: autoDraw = true
251.97785000001022	EXP	Feedback: autoDraw = false
251.97785000001022	EXP	Feedback: autoDraw = false
251.97785000001022	EXP	text_3: autoDraw = true
256.8625250000041	EXP	text_3: autoDraw = false
256.8625250000041	EXP	text_3: autoDraw = false
256.8625250000041	EXP	text_2: autoDraw = true
256.8625250000041	EXP	text_2: text = 0
256.8781549999985	EXP	text_2: text = 17
256.89615500000946	EXP	text_2: text = 33
256.91242500000226	EXP	text_2: text = 50
256.92922499999986	EXP	text_2: text = 66
256.9458650000015	EXP	text_2: text = 83
256.9623900000006	EXP	text_2: text = 100
256.97927000001073	EXP	text_2: text = 116
256.995820000011	EXP	text_2: text = 133
257.012630000012	EXP	text_2: text = 150
257.02852500000154	EXP	text_2: text = 166
257.04561500001	EXP	text_2: text = 183
257.0622399999993	EXP	text_2: text = 200
257.07974000000104	EXP	text_2: text = 216
257.095960000006	EXP	text_2: text = 233
257.1127550000092	EXP	text_2: text = 250
257.129460000011	EXP	text_2: text = 266
257.14622500000405	EXP	text_2: text = 283
257.14824500000395	DATA	Keydown:  
257.1651200000051	EXP	text_2: text = 301
257.1651200000051	EXP	text_2: autoDraw = false
257.1651200000051	EXP	Feedback: text = 286
257.1651200000051	EXP	Feedback: autoDraw = true
258.16044000000693	EXP	Feedback: autoDraw = false
258.16044000000693	EXP	Feedback: autoDraw = false
258.16044000000693	EXP	text_3: autoDraw = true
267.361069999999	EXP	text_3: autoDraw = false
267.361069999999	EXP	text_3: autoDraw = false
267.361069999999	EXP	text_2: autoDraw = true
267.361069999999	EXP	text_2: text = 0
267.37685000000056	EXP	text_2: text = 17
267.3943050000089	EXP	text_2: text = 33
267.41095000000496	EXP	text_2: text = 50
267.42725500000233	EXP	text_2: text = 67
267.44406999999774	EXP	text_2: text = 83
267.4609550000023	EXP	text_2: text = 100
267.47813000000315	EXP	text_2: text = 117
267.49438499999815	EXP	text_2: text = 133
267.511010000002	EXP	text_2: text = 150
267.5280550000025	EXP	text_2: text = 167
267.5442200000107	EXP	text_2: text = 183
267.5612150000088	EXP	text_2: text = 200
267.5772050000087	EXP	text_2: text = 216
267.5945350000111	EXP	text_2: text = 233
267.61096000000543	EXP	text_2: text = 250
267.62798000000475	EXP	text_2: text = 266
267.63001000000804	DATA	Keydown:  
267.64561500000127	EXP	text_2: text = 283
267.64561500000127	EXP	text_2: autoDraw = false
267.64561500000127	EXP	Feedback: text = 269
267.64561500000127	EXP	Feedback: autoDraw = true
268.64191000000574	EXP	Feedback: autoDraw = false
268.64191000000574	EXP	Feedback: autoDraw = false
268.64191000000574	EXP	text_3: autoDraw = true
274.99314000000595	EXP	text_3: autoDraw = false
274.99314000000595	EXP	text_3: autoDraw = false
274.99314000000595	EXP	text_2: autoDraw = true
274.99314000000595	EXP	text_2: text = 0
275.00935000000754	EXP	text_2: text = 16
275.02678000000014	EXP	text_2: text = 33
275.04293000001053	EXP	text_2: text = 50
275.05973500000255	EXP	text_2: text = 67
275.0763750000042	EXP	text_2: text = 83
275.09294500001124	EXP	text_2: text = 100
275.1098550000024	EXP	text_2: text = 116
275.1268400000117	EXP	text_2: text = 133
275.1433950000064	EXP	text_2: text = 150
275.16032000000996	EXP	text_2: text = 166
275.1767850000033	EXP	text_2: text = 183
275.19316999999864	EXP	text_2: text = 200
275.2097800000047	EXP	text_2: text = 217
275.22637000000395	EXP	text_2: text = 233
275.2429899999988	EXP	text_2: text = 250
275.2604399999982	EXP	text_2: text = 266
275.2710599999991	DATA	Keydown:  
275.2777449999994	EXP	text_2: text = 284
275.2777449999994	EXP	text_2: autoDraw = false
275.2777449999994	EXP	Feedback: text = 278
275.2777449999994	EXP	Feedback: autoDraw = true
276.277030000012	EXP	Feedback: autoDraw = false
276.277030000012	EXP	Feedback: autoDraw = false
276.277030000012	EXP	text_3: autoDraw = true
281.54235499999777	EXP	text_3: autoDraw = false
281.54235499999777	EXP	text_3: autoDraw = false
281.54235499999777	EXP	text_2: autoDraw = true
281.54235499999777	EXP	text_2: text = 0
281.5603550000087	EXP	text_2: text = 17
281.5755100000097	EXP	text_2: text = 33
281.5921650000091	EXP	text_2: text = 50
281.60921500000404	EXP	text_2: text = 66
281.6252800000075	EXP	text_2: text = 83
281.6425050000107	EXP	text_2: text = 100
281.6592650000093	EXP	text_2: text = 116
281.6755000000121	EXP	text_2: text = 133
281.6924350000045	EXP	text_2: text = 150
281.7088300000032	EXP	text_2: text = 166
281.72590499999933	EXP	text_2: text = 183
281.742385000005	EXP	text_2: text = 200
281.7592149999982	EXP	text_2: text = 216
281.77562000000034	EXP	text_2: text = 233
281.79244499999913	EXP	text_2: text = 250
281.8087550000055	EXP	text_2: text = 266
281.82561500000884	EXP	text_2: text = 283
281.84214000000793	EXP	text_2: text = 300
281.85894000000553	EXP	text_2: text = 317
281.86264000000665	DATA	Keydown:  
281.8770000000077	EXP	text_2: text = 333
281.8770000000077	EXP	text_2: autoDraw = false
281.8770000000077	EXP	Feedback: text = 320
281.8770000000077	EXP	Feedback: autoDraw = true
282.87335500000336	EXP	Feedback: autoDraw = false
282.87335500000336	EXP	Feedback: autoDraw = false
282.87335500000336	EXP	text_3: autoDraw = true
292.49082500000077	EXP	text_3: autoDraw = false
292.49082500000077	EXP	text_3: autoDraw = false
292.49082500000077	EXP	text_2: autoDraw = true
292.49082500000077	EXP	text_2: text = 0
292.50696500000777	EXP	text_2: text = 16
292.5238950000057	EXP	text_2: text = 33
292.5407100000011	EXP	text_2: text = 50
292.5575250000111	EXP	text_2: text = 67
292.5740950000036	EXP	text_2: text = 83
292.59097499999916	EXP	text_2: text = 100
292.6075800000108	EXP	text_2: text = 116
292.6242199999979	EXP	text_2: text = 133
292.6405150000064	EXP	text_2: text = 150
292.65756500000134	EXP	text_2: text = 166
292.6741949999996	EXP	text_2: text = 183
292.69026000000304	EXP	text_2: text = 200
292.70754500001203	EXP	text_2: text = 216
292.725025000007	EXP	text_2: text = 233
292.74104000000807	EXP	text_2: text = 250
292.7573950000078	EXP	text_2: text = 266
292.77438500001153	EXP	text_2: text = 283
292.79056500000297	EXP	text_2: text = 300
292.79256500001065	DATA	Keydown:  
292.8080950000003	EXP	text_2: text = 317
292.8080950000003	EXP	text_2: autoDraw = false
292.8080950000003	EXP	Feedback: text = 302
292.8080950000003	EXP	Feedback: autoDraw = true
293.8072400000092	EXP	Feedback: autoDraw = false
293.8072400000092	EXP	Feedback: autoDraw = false
293.8072400000092	EXP	text_3: autoDraw = true
299.52327000000514	EXP	text_3: autoDraw = false
299.52327000000514	EXP	text_3: autoDraw = false
299.52327000000514	EXP	text_2: autoDraw = true
299.52327000000514	EXP	text_2: text = 0
299.53948000000673	EXP	text_2: text = 16
299.5564000000013	EXP	text_2: text = 33
299.57323000000906	EXP	text_2: text = 50
299.5896150000044	EXP	text_2: text = 67
299.6061699999991	EXP	text_2: text = 83
299.62307500001043	EXP	text_2: text = 100
299.6399600000004	EXP	text_2: text = 116
299.6567350000114	EXP	text_2: text = 133
299.6733450000029	EXP	text_2: text = 150
299.6898550000042	EXP	text_2: text = 167
299.70673000000534	EXP	text_2: text = 183
299.72345000000496	EXP	text_2: text = 200
299.7400800000032	EXP	text_2: text = 216
299.7562450000114	EXP	text_2: text = 233
299.77325500000734	EXP	text_2: text = 250
299.7898700000078	EXP	text_2: text = 266
299.806620000003	EXP	text_2: text = 283
299.8229350000038	EXP	text_2: text = 300
299.8399100000097	EXP	text_2: text = 316
299.8564299999998	EXP	text_2: text = 333
299.87479000000167	EXP	text_2: text = 350
299.8900600000052	EXP	text_2: text = 367
299.9093300000095	EXP	text_2: text = 386
299.92320499999914	EXP	text_2: text = 400
299.94023500000185	EXP	text_2: text = 417
299.9564900000114	EXP	text_2: text = 433
299.97299999999814	EXP	text_2: text = 450
299.98989000001166	EXP	text_2: text = 466
299.9920700000075	DATA	Keydown:  
300.00708500000474	EXP	text_2: text = 483
300.00708500000474	EXP	text_2: autoDraw = false
300.00708500000474	EXP	Feedback: text = 469
300.00708500000474	EXP	Feedback: autoDraw = true
301.0051450000028	EXP	Feedback: autoDraw = false
301.0051450000028	EXP	Feedback: autoDraw = false
301.0051450000028	EXP	text_3: autoDraw = true
307.1559850000049	EXP	text_3: autoDraw = false
307.1559850000049	EXP	text_3: autoDraw = false
307.1559850000049	EXP	text_2: autoDraw = true
307.1559850000049	EXP	text_2: text = 0
307.17076000000816	EXP	text_2: text = 16
307.1895349999977	EXP	text_2: text = 33
307.2064900000114	EXP	text_2: text = 50
307.2242200000037	EXP	text_2: text = 68
307.23862499999814	EXP	text_2: text = 83
307.2554500000115	EXP	text_2: text = 100
307.2724200000084	EXP	text_2: text = 116
307.288235	EXP	text_2: text = 133
307.30561500000476	EXP	text_2: text = 150
307.32179500001075	EXP	text_2: text = 166
307.33897500000603	EXP	text_2: text = 183
307.3556300000055	EXP	text_2: text = 200
307.37215500000457	EXP	text_2: text = 216
307.38874999999825	EXP	text_2: text = 233
307.4057150000008	EXP	text_2: text = 250
307.4389100000117	DATA	Keydown:  
307.4577350000036	EXP	text_2: text = 301
307.4577350000036	EXP	text_2: autoDraw = false
307.4577350000036	EXP	Feedback: text = 283
307.4577350000036	EXP	Feedback: autoDraw = true
308.45322999999917	EXP	Feedback: autoDraw = false
308.45322999999917	EXP	Feedback: autoDraw = false
308.45322999999917	EXP	text_3: autoDraw = true
313.7710900000093	EXP	text_3: autoDraw = false
313.7710900000093	EXP	text_3: autoDraw = false
313.7710900000093	EXP	text_2: autoDraw = true
313.7710900000093	EXP	text_2: text = 0
313.78867999999784	EXP	text_2: text = 17
313.8046200000099	EXP	text_2: text = 33
313.82126500000595	EXP	text_2: text = 50
313.8370300000097	EXP	text_2: text = 67
313.8543550000031	EXP	text_2: text = 83
313.87107000000833	EXP	text_2: text = 100
313.88788500000373	EXP	text_2: text = 117
313.904435000004	EXP	text_2: text = 133
313.9210149999999	EXP	text_2: text = 150
313.9376650000049	EXP	text_2: text = 167
313.9539450000011	EXP	text_2: text = 183
313.9710650000052	EXP	text_2: text = 200
313.9880600000033	EXP	text_2: text = 217
314.00442000001203	EXP	text_2: text = 233
314.02117000000726	EXP	text_2: text = 250
314.0377550000121	EXP	text_2: text = 267
314.0547050000023	EXP	text_2: text = 283
314.07410500000697	EXP	text_2: text = 300
314.0762550000072	DATA	Keydown:  
314.0899849999987	EXP	text_2: text = 318
314.0899849999987	EXP	text_2: autoDraw = false
314.0899849999987	EXP	Feedback: text = 305
314.0899849999987	EXP	Feedback: autoDraw = true
315.1030150000006	EXP	Feedback: autoDraw = false
315.1030150000006	EXP	Feedback: autoDraw = false
315.1030150000006	EXP	End_text: autoDraw = true
321.333885	DATA	Keydown:  
322.56871000000683	DATA	Mouse: 0 button down, pos=(1178.4000175595284,306.4000045657158)
322.76979000000574	DATA	Mouse: 0 button down, pos=(1178.4000175595284,306.4000045657158)
325.2633550000028	DATA	Mouse: 0 button down, pos=(795.2000118494034,464.0000069141388)
325.3937050000095	DATA	Mouse: 0 button down, pos=(799.200011909008,472.800007045269)
325.95980000001146	DATA	Keydown:  
326.19134000000486	DATA	Keydown:  
326.78277000000526	DATA	Keydown: Enter
329.90780000000086	DATA	Mouse: 0 button down, pos=(583.2000086903572,278.0000041425228)
330.1092800000042	DATA	Mouse: 0 button down, pos=(583.2000086903572,278.0000041425228)
330.5302500000107	DATA	Mouse: wheel shift=(0,316.6666259765625), pos=(583.2000086903572,278.0000041425228)
330.5465050000057	DATA	Mouse: wheel shift=(0,89.58332824707031), pos=(583.2000086903572,278.0000041425228)
330.56382999999914	DATA	Mouse: wheel shift=(0,93.75), pos=(583.2000086903572,278.0000041425228)
330.57993000000715	DATA	Mouse: wheel shift=(0,45.833335876464844), pos=(583.2000086903572,278.0000041425228)
330.5965750000032	DATA	Mouse: wheel shift=(0,83.33332824707031), pos=(583.2000086903572,278.0000041425228)
330.6132750000106	DATA	Mouse: wheel shift=(0,66.66667175292969), pos=(583.2000086903572,278.0000041425228)
330.6298250000109	DATA	Mouse: wheel shift=(0,27.083330154418945), pos=(583.2000086903572,278.0000041425228)
330.64648500000476	DATA	Mouse: wheel shift=(0,31.25), pos=(583.2000086903572,278.0000041425228)
330.663160000011	DATA	Mouse: wheel shift=(0,14.583333969116211), pos=(583.2000086903572,278.0000041425228)
330.67980500000704	DATA	Mouse: wheel shift=(0,4.1666669845581055), pos=(583.2000086903572,278.0000041425228)
330.69652500000666	DATA	Mouse: wheel shift=(0,6.250000476837158), pos=(583.2000086903572,278.0000041425228)
330.7131700000027	DATA	Mouse: wheel shift=(0,4.1666669845581055), pos=(583.2000086903572,278.0000041425228)
330.7466550000099	DATA	Mouse: wheel shift=(0,2.0833334922790527), pos=(583.2000086903572,278.0000041425228)
330.7965750000003	DATA	Mouse: wheel shift=(0,2.0833334922790527), pos=(583.2000086903572,278.0000041425228)
331.6403750000027	DATA	Keydown:  
334.1350500000117	DATA	Mouse: 0 button down, pos=(604.0000090003014,362.80002982020414)
334.275375000012	DATA	Mouse: 0 button down, pos=(604.0000090003014,362.80002982020414)
